2025-01-08 22:33:18,870 [INFO] Activator:176 - 


2025-01-08 22:33:18,892 [INFO] Activator:177 - !SESSION log4j initialized
2025-01-08 22:33:41,654 [INFO] LogOutputStream:77 - [STDOUT_REDIRECT] 
2025-01-08 22:33:46,880 [INFO] ApplicationProperties:184 - Using Application install path: C:\ST\STM32CubeIDE_1.4.0\STM32CubeIDE\plugins\com.st.stm32cube.common.mx_6.9.1.202307191849
2025-01-08 22:33:46,930 [INFO] DbMcusXml:78 - Set database path to: C:\ST\STM32CubeIDE_1.4.0\STM32CubeIDE\plugins\com.st.stm32cube.common.mx_6.9.1.202307191849\\db\/mcu/
2025-01-08 22:33:46,931 [INFO] ApiDb:274 - Set plugin database path to: C:\ST\STM32CubeIDE_1.4.0\STM32CubeIDE\plugins\com.st.stm32cube.common.mx_6.9.1.202307191849\\db\/plugins/boardmanager/
2025-01-08 22:33:46,932 [WARN] ApiDb:259 - Overriding images path with different value:  => C:\ST\STM32CubeIDE_1.4.0\STM32CubeIDE\plugins\com.st.stm32cube.common.mx_6.9.1.202307191849\\db\/plugins/mcufinder/images/
2025-01-08 22:33:46,966 [INFO] ApiDb:250 - Set database path to: C:\Users\Minh\.stmcufinder\plugins\mcufinder//mcu/
2025-01-08 22:33:46,970 [INFO] DbMcusAds:125 - Set database path to: C:\Users\Minh\.stmcufinder\plugins\mcufinder//mcu/
2025-01-08 22:33:46,976 [INFO] CrossReferenceDbSqlite:203 - Set database path to: C:\Users\Minh\.stmcufinder\plugins\mcufinder//mcu/cs/
2025-01-08 22:33:47,353 [INFO] RulesReader:64 - Compatibility file has been processed (293 Rules)
2025-01-08 22:33:47,676 [INFO] DbMcusXml:78 - Set database path to: C:\ST\STM32CubeIDE_1.4.0\STM32CubeIDE\plugins\com.st.stm32cube.common.mx_6.9.1.202307191849\\db\/mcu/
2025-01-08 22:33:47,677 [INFO] ApiDb:274 - Set plugin database path to: C:\ST\STM32CubeIDE_1.4.0\STM32CubeIDE\plugins\com.st.stm32cube.common.mx_6.9.1.202307191849\\db\/plugins/boardmanager/
2025-01-08 22:33:47,677 [INFO] ApiDb:261 - Set plugin images path to: C:\ST\STM32CubeIDE_1.4.0\STM32CubeIDE\plugins\com.st.stm32cube.common.mx_6.9.1.202307191849\\db\/plugins/mcufinder/images/
2025-01-08 22:33:47,678 [WARN] DbFile:41 - Overriding database path with different value: C:\Users\Minh\.stmcufinder\plugins\mcufinder/ => C:\Users\Minh\.stmcufinder\plugins\mcufinder
2025-01-08 22:33:47,678 [INFO] ApiDb:250 - Set database path to: C:\Users\Minh\.stmcufinder\plugins\mcufinder//mcu/
2025-01-08 22:33:47,679 [WARN] DbFile:41 - Overriding database path with different value: C:\Users\Minh\.stmcufinder\plugins\mcufinder/ => C:\Users\Minh\.stmcufinder\plugins\mcufinder
2025-01-08 22:33:47,679 [INFO] DbMcusAds:125 - Set database path to: C:\Users\Minh\.stmcufinder\plugins\mcufinder//mcu/
2025-01-08 22:33:47,679 [WARN] DbFile:41 - Overriding database path with different value: C:\Users\Minh\.stmcufinder\plugins\mcufinder/ => C:\Users\Minh\.stmcufinder\plugins\mcufinder
2025-01-08 22:33:47,679 [WARN] DbFile:41 - Overriding database path with different value: C:\Users\Minh\.stmcufinder\plugins\mcufinder/ => C:\Users\Minh\.stmcufinder\plugins\mcufinder
2025-01-08 22:33:47,679 [INFO] CrossReferenceDbSqlite:203 - Set database path to: C:\Users\Minh\.stmcufinder\plugins\mcufinder//mcu/cs/
2025-01-08 22:33:47,881 [INFO] MainPanel:262 - HeapMemory: 268435456
2025-01-08 22:33:48,148 [INFO] DbMcusXml:78 - Set database path to: C:\ST\STM32CubeIDE_1.4.0\STM32CubeIDE\plugins\com.st.stm32cube.common.mx_6.9.1.202307191849\\db\/mcu/
2025-01-08 22:33:48,149 [INFO] ApiDb:274 - Set plugin database path to: C:\ST\STM32CubeIDE_1.4.0\STM32CubeIDE\plugins\com.st.stm32cube.common.mx_6.9.1.202307191849\\db\/plugins/boardmanager/
2025-01-08 22:33:48,149 [INFO] ApiDb:261 - Set plugin images path to: C:\ST\STM32CubeIDE_1.4.0\STM32CubeIDE\plugins\com.st.stm32cube.common.mx_6.9.1.202307191849\\db\/plugins/mcufinder/images/
2025-01-08 22:33:48,151 [WARN] DbFile:41 - Overriding database path with different value: C:\Users\Minh\.stmcufinder\plugins\mcufinder/ => C:\Users\Minh\.stmcufinder\plugins\mcufinder
2025-01-08 22:33:48,152 [INFO] ApiDb:250 - Set database path to: C:\Users\Minh\.stmcufinder\plugins\mcufinder//mcu/
2025-01-08 22:33:48,152 [WARN] DbFile:41 - Overriding database path with different value: C:\Users\Minh\.stmcufinder\plugins\mcufinder/ => C:\Users\Minh\.stmcufinder\plugins\mcufinder
2025-01-08 22:33:48,153 [INFO] DbMcusAds:125 - Set database path to: C:\Users\Minh\.stmcufinder\plugins\mcufinder//mcu/
2025-01-08 22:33:48,153 [WARN] DbFile:41 - Overriding database path with different value: C:\Users\Minh\.stmcufinder\plugins\mcufinder/ => C:\Users\Minh\.stmcufinder\plugins\mcufinder
2025-01-08 22:33:48,153 [WARN] DbFile:41 - Overriding database path with different value: C:\Users\Minh\.stmcufinder\plugins\mcufinder/ => C:\Users\Minh\.stmcufinder\plugins\mcufinder
2025-01-08 22:33:48,154 [INFO] CrossReferenceDbSqlite:203 - Set database path to: C:\Users\Minh\.stmcufinder\plugins\mcufinder//mcu/cs/
2025-01-08 22:33:48,214 [INFO] ApplicationProperties:184 - Using Application install path: C:\ST\STM32CubeIDE_1.4.0\STM32CubeIDE\plugins\com.st.stm32cube.common.mx_6.9.1.202307191849
2025-01-08 22:33:48,218 [INFO] PluginManage:196 - Search for loadable plugins [exclusion list=, ]
2025-01-08 22:33:48,222 [INFO] PluginManage:310 - Check plugin analytics
2025-01-08 22:33:48,760 [INFO] AnalyticsPlugin:253 - Accepted Software Licenses: STM32CubeMX.6.0.0,STM32CubeMX.5.2.0
2025-01-08 22:33:48,761 [INFO] AnalyticsPlugin:255 - Accepted CMSIS Pack Licenses: 
2025-01-08 22:33:48,761 [INFO] AnalyticsPlugin:257 - Accepted Firmware Licenses: FW.F4.1.27.0
2025-01-08 22:33:48,770 [INFO] PluginManage:359 - Loaded plugin analytics (category:tool,tabindex:-1)
2025-01-08 22:33:48,771 [INFO] PluginManage:310 - Check plugin cadmodel
2025-01-08 22:33:48,830 [INFO] CADModel:105 - Init CAD model plugin
2025-01-08 22:33:48,830 [INFO] PluginManage:359 - Loaded plugin cadmodel (category:power,tabindex:5)
2025-01-08 22:33:48,830 [INFO] PluginManage:310 - Check plugin clock
2025-01-08 22:33:48,906 [INFO] PluginManage:359 - Loaded plugin clock (category:base,tabindex:2)
2025-01-08 22:33:48,907 [INFO] PluginManage:310 - Check plugin ddr
2025-01-08 22:33:48,914 [INFO] PluginManage:359 - Loaded plugin ddr (category:tool,tabindex:6)
2025-01-08 22:33:48,915 [INFO] PluginManage:310 - Check plugin filemanager
2025-01-08 22:33:49,324 [INFO] PluginManage:359 - Loaded plugin filemanager (category:base,tabindex:10)
2025-01-08 22:33:49,325 [INFO] PluginManage:310 - Check plugin ipmanager
2025-01-08 22:33:49,346 [INFO] PluginManage:359 - Loaded plugin ipmanager (category:base,tabindex:5)
2025-01-08 22:33:49,347 [INFO] PluginManage:310 - Check plugin lpbam
2025-01-08 22:33:49,414 [INFO] PluginManage:359 - Loaded plugin lpbam (category:base,tabindex:0)
2025-01-08 22:33:49,415 [INFO] PluginManage:310 - Check plugin memorymap
2025-01-08 22:33:49,482 [INFO] PluginManage:359 - Loaded plugin memorymap (category:base,tabindex:4)
2025-01-08 22:33:49,483 [INFO] PluginManage:310 - Check plugin pinoutandconfiguration
2025-01-08 22:33:49,551 [INFO] PluginManage:359 - Loaded plugin pinoutandconfiguration (category:base,tabindex:1)
2025-01-08 22:33:49,551 [INFO] PluginManage:310 - Check plugin pinoutconfig
2025-01-08 22:33:49,875 [WARN] SupportedApi:132 - Cannot load RTOS API schema: s4s-elt-must-match.1: The content of 'definitions' must match (annotation?, (simpleType | complexType)?, (unique | key | keyref)*)). A problem was found starting at: attribute.
2025-01-08 22:33:50,312 [INFO] PluginManage:359 - Loaded plugin pinoutconfig (category:base,tabindex:0)
2025-01-08 22:33:50,312 [INFO] PluginManage:310 - Check plugin power
2025-01-08 22:33:50,384 [INFO] PluginManage:359 - Loaded plugin power (category:power,tabindex:4)
2025-01-08 22:33:50,384 [INFO] PluginManage:310 - Check plugin projectmanager
2025-01-08 22:33:50,431 [INFO] PluginManage:359 - Loaded plugin projectmanager (category:projectmanager,tabindex:3)
2025-01-08 22:33:50,432 [INFO] PluginManage:310 - Check plugin thirdparty
2025-01-08 22:33:51,298 [INFO] PluginManage:359 - Loaded plugin thirdparty (category:base,tabindex:-1)
2025-01-08 22:33:51,298 [WARN] IntegrityCheckThread:84 - waiting for thirdparty lock release [integrity check]
2025-01-08 22:33:51,299 [INFO] IntegrityCheckThread:86 - entering critical section [integrity check]
2025-01-08 22:33:51,299 [INFO] PluginManage:310 - Check plugin tools
2025-01-08 22:33:51,300 [INFO] ThirdPartyUpdaterWithRetryManager:70 - Updater plugin not ready yet. [1/15]
2025-01-08 22:33:51,440 [INFO] PluginManage:359 - Loaded plugin tools (category:base,tabindex:7)
2025-01-08 22:33:51,440 [INFO] PluginManage:310 - Check plugin tutovideos
2025-01-08 22:33:51,959 [INFO] PluginManage:359 - Loaded plugin tutovideos (category:base,tabindex:-1)
2025-01-08 22:33:51,960 [INFO] PluginManage:310 - Check plugin updater
2025-01-08 22:33:51,989 [INFO] PluginManage:359 - Loaded plugin updater (category:base,tabindex:12)
2025-01-08 22:33:51,990 [INFO] PluginManage:310 - Check plugin userauth
2025-01-08 22:33:52,004 [INFO] UserAuth:113 - Init User Auth plugin
2025-01-08 22:33:52,004 [INFO] PluginManage:359 - Loaded plugin userauth (category:base,tabindex:14)
2025-01-08 22:33:52,005 [INFO] PluginManage:283 - PluginManage : Loaded plugins [17]
2025-01-08 22:33:52,625 [INFO] PinOutPanel:1499 - setPackage(No Configuration,No Configuration)
2025-01-08 22:33:52,943 [INFO] CADModel:165 - CPN selected for project level
2025-01-08 22:33:52,944 [INFO] CADModel:114 - Register for checkConnection events
2025-01-08 22:33:53,022 [INFO] IPUIPlugin:80 - create IPUIPlugin
2025-01-08 22:33:53,023 [INFO] PluginManager:220 - loadIPPluginJar : add adc
2025-01-08 22:33:53,159 [INFO] IPUIPlugin:80 - create IPUIPlugin
2025-01-08 22:33:53,159 [INFO] PluginManager:220 - loadIPPluginJar : add aes
2025-01-08 22:33:53,305 [INFO] IPUIPlugin:80 - create IPUIPlugin
2025-01-08 22:33:53,306 [INFO] PluginManager:220 - loadIPPluginJar : add can
2025-01-08 22:33:53,388 [INFO] IPUIPlugin:80 - create IPUIPlugin
2025-01-08 22:33:53,388 [INFO] PluginManager:220 - loadIPPluginJar : add comp
2025-01-08 22:33:53,512 [INFO] IPUIPlugin:80 - create IPUIPlugin
2025-01-08 22:33:53,512 [INFO] PluginManager:220 - loadIPPluginJar : add cryp
2025-01-08 22:33:53,624 [INFO] IPUIPlugin:80 - create IPUIPlugin
2025-01-08 22:33:53,625 [INFO] PluginManager:220 - loadIPPluginJar : add dfsdm
2025-01-08 22:33:53,671 [INFO] IPUIPlugin:80 - create IPUIPlugin
2025-01-08 22:33:53,672 [INFO] PluginManager:220 - loadIPPluginJar : add dma
2025-01-08 22:33:53,826 [INFO] IPUIPlugin:80 - create IPUIPlugin
2025-01-08 22:33:53,827 [INFO] PluginManager:220 - loadIPPluginJar : add dma3
2025-01-08 22:33:53,902 [INFO] IPUIPlugin:80 - create IPUIPlugin
2025-01-08 22:33:53,903 [INFO] PluginManager:220 - loadIPPluginJar : add fatfs
2025-01-08 22:33:54,072 [INFO] IPUIPlugin:80 - create IPUIPlugin
2025-01-08 22:33:54,072 [INFO] PluginManager:220 - loadIPPluginJar : add fmc
2025-01-08 22:33:54,122 [INFO] IPUIPlugin:80 - create IPUIPlugin
2025-01-08 22:33:54,122 [INFO] PluginManager:220 - loadIPPluginJar : add freertos
2025-01-08 22:33:54,197 [INFO] IPUIPlugin:80 - create IPUIPlugin
2025-01-08 22:33:54,197 [INFO] PluginManager:220 - loadIPPluginJar : add genericplugin
2025-01-08 22:33:54,302 [INFO] ThirdPartyUpdaterWithRetryManager:70 - Updater plugin not ready yet. [2/15]
2025-01-08 22:33:54,544 [INFO] IPUIPlugin:80 - create IPUIPlugin
2025-01-08 22:33:54,544 [INFO] PluginManager:220 - loadIPPluginJar : add gfxmmu
2025-01-08 22:33:55,030 [INFO] IPUIPlugin:80 - create IPUIPlugin
2025-01-08 22:33:55,030 [INFO] PluginManager:220 - loadIPPluginJar : add gic
2025-01-08 22:33:55,072 [INFO] IPUIPlugin:80 - create IPUIPlugin
2025-01-08 22:33:55,073 [INFO] PluginManager:220 - loadIPPluginJar : add gpio
2025-01-08 22:33:55,426 [INFO] IPUIPlugin:80 - create IPUIPlugin
2025-01-08 22:33:55,426 [INFO] PluginManager:220 - loadIPPluginJar : add gtzc
2025-01-08 22:33:55,544 [INFO] IPUIPlugin:80 - create IPUIPlugin
2025-01-08 22:33:55,544 [INFO] PluginManager:220 - loadIPPluginJar : add hash
2025-01-08 22:33:55,745 [INFO] IPUIPlugin:80 - create IPUIPlugin
2025-01-08 22:33:55,745 [INFO] PluginManager:220 - loadIPPluginJar : add i2c
2025-01-08 22:33:55,886 [INFO] IPUIPlugin:80 - create IPUIPlugin
2025-01-08 22:33:55,886 [INFO] PluginManager:220 - loadIPPluginJar : add i2s
2025-01-08 22:33:56,032 [INFO] IPUIPlugin:80 - create IPUIPlugin
2025-01-08 22:33:56,033 [INFO] PluginManager:220 - loadIPPluginJar : add i3c
2025-01-08 22:33:56,426 [INFO] IPUIPlugin:80 - create IPUIPlugin
2025-01-08 22:33:56,427 [INFO] PluginManager:220 - loadIPPluginJar : add ipddr
2025-01-08 22:33:56,773 [INFO] IPUIPlugin:80 - create IPUIPlugin
2025-01-08 22:33:56,773 [INFO] PluginManager:220 - loadIPPluginJar : add linkedlist
2025-01-08 22:33:56,904 [INFO] IPUIPlugin:80 - create IPUIPlugin
2025-01-08 22:33:56,904 [INFO] PluginManager:220 - loadIPPluginJar : add lorawan
2025-01-08 22:33:57,040 [INFO] IPUIPlugin:80 - create IPUIPlugin
2025-01-08 22:33:57,041 [INFO] PluginManager:220 - loadIPPluginJar : add ltdc
2025-01-08 22:33:57,084 [INFO] IPUIPlugin:80 - create IPUIPlugin
2025-01-08 22:33:57,084 [INFO] PluginManager:220 - loadIPPluginJar : add mdma
2025-01-08 22:33:57,129 [INFO] IPUIPlugin:80 - create IPUIPlugin
2025-01-08 22:33:57,129 [INFO] PluginManager:220 - loadIPPluginJar : add nvic
2025-01-08 22:33:57,274 [INFO] IPUIPlugin:80 - create IPUIPlugin
2025-01-08 22:33:57,274 [INFO] PluginManager:220 - loadIPPluginJar : add opamp
2025-01-08 22:33:57,304 [INFO] ThirdPartyUpdaterWithRetryManager:70 - Updater plugin not ready yet. [3/15]
2025-01-08 22:33:57,513 [INFO] IPUIPlugin:80 - create IPUIPlugin
2025-01-08 22:33:57,514 [INFO] PluginManager:220 - loadIPPluginJar : add openamp
2025-01-08 22:33:57,690 [INFO] IPUIPlugin:80 - create IPUIPlugin
2025-01-08 22:33:57,690 [INFO] PluginManager:220 - loadIPPluginJar : add pdm2pcm
2025-01-08 22:33:57,741 [INFO] IPUIPlugin:80 - create IPUIPlugin
2025-01-08 22:33:57,749 [INFO] PluginManager:220 - loadIPPluginJar : add plateformsettings
2025-01-08 22:33:57,842 [INFO] IPUIPlugin:80 - create IPUIPlugin
2025-01-08 22:33:57,843 [INFO] PluginManager:220 - loadIPPluginJar : add quadspi
2025-01-08 22:33:57,889 [INFO] IPUIPlugin:80 - create IPUIPlugin
2025-01-08 22:33:57,889 [INFO] PluginManager:220 - loadIPPluginJar : add resmgrutility
2025-01-08 22:33:58,067 [INFO] IPUIPlugin:80 - create IPUIPlugin
2025-01-08 22:33:58,067 [INFO] PluginManager:220 - loadIPPluginJar : add sai
2025-01-08 22:33:58,220 [INFO] IPUIPlugin:80 - create IPUIPlugin
2025-01-08 22:33:58,221 [INFO] PluginManager:220 - loadIPPluginJar : add spi
2025-01-08 22:33:58,431 [INFO] IPUIPlugin:80 - create IPUIPlugin
2025-01-08 22:33:58,431 [INFO] PluginManager:220 - loadIPPluginJar : add stm32_wpan
2025-01-08 22:33:58,530 [INFO] IPUIPlugin:80 - create IPUIPlugin
2025-01-08 22:33:58,530 [INFO] PluginManager:220 - loadIPPluginJar : add tim
2025-01-08 22:33:58,738 [INFO] IPUIPlugin:80 - create IPUIPlugin
2025-01-08 22:33:58,738 [INFO] PluginManager:220 - loadIPPluginJar : add touchsensing
2025-01-08 22:33:58,816 [INFO] IPUIPlugin:80 - create IPUIPlugin
2025-01-08 22:33:58,817 [INFO] PluginManager:220 - loadIPPluginJar : add tracer_emb
2025-01-08 22:33:58,912 [INFO] IPUIPlugin:80 - create IPUIPlugin
2025-01-08 22:33:58,912 [INFO] PluginManager:220 - loadIPPluginJar : add ts
2025-01-08 22:33:59,004 [INFO] IPUIPlugin:80 - create IPUIPlugin
2025-01-08 22:33:59,005 [INFO] PluginManager:220 - loadIPPluginJar : add tsc
2025-01-08 22:33:59,098 [INFO] IPUIPlugin:80 - create IPUIPlugin
2025-01-08 22:33:59,098 [INFO] PluginManager:220 - loadIPPluginJar : add ucpd
2025-01-08 22:33:59,263 [INFO] IPUIPlugin:80 - create IPUIPlugin
2025-01-08 22:33:59,264 [INFO] PluginManager:220 - loadIPPluginJar : add usart
2025-01-08 22:33:59,426 [INFO] IPUIPlugin:80 - create IPUIPlugin
2025-01-08 22:33:59,426 [INFO] PluginManager:220 - loadIPPluginJar : add usbx
2025-01-08 22:33:59,648 [INFO] CADModel:165 - CPN selected for project level
2025-01-08 22:33:59,648 [INFO] CADModel:114 - Register for checkConnection events
2025-01-08 22:33:59,649 [FATAL] Updater:308 - Updater called before beeing initialized
2025-01-08 22:33:59,649 [ERROR] CADModel:125 - Updater not yet initialized, retry later 
2025-01-08 22:34:00,095 [INFO] CADModel:165 - CPN selected for project level
2025-01-08 22:34:00,096 [INFO] CADModel:114 - Register for checkConnection events
2025-01-08 22:34:00,096 [FATAL] Updater:308 - Updater called before beeing initialized
2025-01-08 22:34:00,097 [ERROR] CADModel:125 - Updater not yet initialized, retry later 
2025-01-08 22:34:00,106 [FATAL] Updater:308 - Updater called before beeing initialized
2025-01-08 22:34:00,311 [INFO] ThirdPartyUpdaterWithRetryManager:70 - Updater plugin not ready yet. [4/15]
2025-01-08 22:34:00,459 [FATAL] Updater:308 - Updater called before beeing initialized
2025-01-08 22:34:00,477 [INFO] DbMcusAds:53 - JSON generation date=Thu Sep 30 15:55:09 JST 2021 (1632984909247)
2025-01-08 22:34:00,478 [FATAL] Updater:308 - Updater called before beeing initialized
2025-01-08 22:34:00,741 [WARN] DetailPanel:346 - Failed to get advertising image, set to default
2025-01-08 22:34:01,016 [FATAL] Updater:308 - Updater called before beeing initialized
2025-01-08 22:34:01,021 [FATAL] Updater:308 - Updater called before beeing initialized
2025-01-08 22:34:01,021 [FATAL] Updater:308 - Updater called before beeing initialized
2025-01-08 22:34:01,021 [WARN] DetailPanel:346 - Failed to get advertising image, set to default
2025-01-08 22:34:01,023 [FATAL] Updater:308 - Updater called before beeing initialized
2025-01-08 22:34:01,217 [ERROR] Updater:1120 - MainUpdater not yet initialized. External WinMGr cannot be set.
2025-01-08 22:34:01,254 [INFO] Updater:1056 - Updater Version found : 6.9.1
2025-01-08 22:34:01,308 [INFO] ApplicationProperties:184 - Using Application install path: C:\ST\STM32CubeIDE_1.4.0\STM32CubeIDE\plugins\com.st.stm32cube.common.mx_6.9.1.202307191849
2025-01-08 22:34:01,721 [INFO] MainUpdater:2868 - connection check result : 10
2025-01-08 22:34:01,723 [INFO] MainUpdater:285 - Updater Check For Update Now.
2025-01-08 22:34:01,724 [INFO] MicroXplorer:498 - Change Database Version : DB.6.0.91
2025-01-08 22:34:01,774 [INFO] McuFinderGlobals:63 - Set McuFinder mode to 2 (CubeIDE integrated)
2025-01-08 22:34:01,774 [INFO] UserAuth:179 - activating auth plugin
2025-01-08 22:34:01,792 [INFO] UserAuth:393 - Internet connection configuration mode: 1
2025-01-08 22:34:01,844 [INFO] JxBrowserEngine:151 - Initiate JxBrowser Engine with user profile folder
2025-01-08 22:34:02,152 [INFO] CheckServerUpdateThread:120 - End of CheckServer Thread
2025-01-08 22:34:04,118 [INFO] WebApp:157 - Instantiating new browser for Auth
2025-01-08 22:34:04,399 [WARN] PackLoader:240 - Cannot read IP mode file for STMicroelectronics.FP-SNS-MOTENVWB1.1.4.0
2025-01-08 22:34:04,447 [WARN] PackLoader:240 - Cannot read IP mode file for STMicroelectronics.FP-ATR-ASTRA1.2.0.1
2025-01-08 22:34:04,485 [WARN] PackLoader:240 - Cannot read IP mode file for STMicroelectronics.X-CUBE-SMBUS.2.1.0
2025-01-08 22:34:04,520 [WARN] PackLoader:240 - Cannot read IP mode file for STMicroelectronics.X-CUBE-WB05N.1.1.0
2025-01-08 22:34:04,543 [WARN] PackLoader:240 - Cannot read IP mode file for STMicroelectronics.X-CUBE-TOUCHGFX.4.23.0
2025-01-08 22:34:04,556 [WARN] PackLoader:240 - Cannot read IP mode file for STMicroelectronics.X-CUBE-TOUCHGFX.4.23.2
2025-01-08 22:34:04,683 [WARN] PackLoader:240 - Cannot read IP mode file for STMicroelectronics.X-CUBE-AZRTOS-F7.1.1.0
2025-01-08 22:34:04,713 [ERROR] RealEvaluatedCondition:428 - Found unsupported composite condition: CLASS='Data Exchange' GROUP='STM32_MetaDataManager'
2025-01-08 22:34:04,714 [ERROR] RealEvaluatedCondition:428 - Found unsupported composite condition: GROUP='STM32_MetaDataManager' CLASS='Data Exchange'
2025-01-08 22:34:04,719 [WARN] PackLoader:240 - Cannot read IP mode file for STMicroelectronics.FP-SNS-MOTENV1.4.3.0
2025-01-08 22:34:04,748 [WARN] PackLoader:240 - Cannot read IP mode file for STMicroelectronics.FP-SNS-MOTENV1.4.3.2
2025-01-08 22:34:04,774 [WARN] PackLoader:240 - Cannot read IP mode file for STMicroelectronics.FP-SNS-FLIGHT1.5.0.0
2025-01-08 22:34:04,806 [ERROR] RealEvaluatedCondition:428 - Found unsupported composite condition: CLASS='Data Exchange' GROUP='STM32_MetaDataManager'
2025-01-08 22:34:04,806 [ERROR] RealEvaluatedCondition:428 - Found unsupported composite condition: GROUP='STM32_MetaDataManager' CLASS='Data Exchange'
2025-01-08 22:34:04,811 [WARN] PackLoader:240 - Cannot read IP mode file for STMicroelectronics.FP-SNS-MOTENV1.4.3.1
2025-01-08 22:34:04,830 [WARN] PackLoader:240 - Cannot read IP mode file for STMicroelectronics.FP-SNS-FLIGHT1.5.0.1
2025-01-08 22:34:05,066 [WARN] PackLoader:240 - Cannot read IP mode file for STMicroelectronics.X-CUBE-MEMS1.11.0.0
2025-01-08 22:34:05,783 [WARN] PackLoader:240 - Cannot read IP mode file for STMicroelectronics.X-CUBE-BLE1.6.2.4
2025-01-08 22:34:05,804 [WARN] PackLoader:240 - Cannot read IP mode file for STMicroelectronics.FP-SNS-FLIGHT1.5.0.2
2025-01-08 22:34:05,828 [WARN] PackLoader:240 - Cannot read IP mode file for STMicroelectronics.X-CUBE-DISPLAY.3.0.0
2025-01-08 22:34:05,861 [WARN] PackLoader:240 - Cannot read IP mode file for STMicroelectronics.X-CUBE-BLE1.7.0.0
2025-01-08 22:34:05,896 [WARN] PackLoader:240 - Cannot read IP mode file for STMicroelectronics.X-CUBE-NFC10.1.0.0
2025-01-08 22:34:05,926 [ERROR] Engine:466 - C:\Users\Minh\.stm32cubemx\thirdparties\pdsc\STMicroelectronics.X-CUBE-BLEMGR.4.0.0.pdsc: PDSC version is not supported
2025-01-08 22:34:05,937 [WARN] PackLoader:240 - Cannot read IP mode file for STMicroelectronics.X-CUBE-TOUCHGFX.4.22.0
2025-01-08 22:34:05,946 [WARN] PackLoader:240 - Cannot read IP mode file for STMicroelectronics.X-CUBE-TOUCHGFX.4.22.1
2025-01-08 22:34:05,984 [WARN] PackLoader:240 - Cannot read IP mode file for STMicroelectronics.X-CUBE-BLEMGR.3.1.0
2025-01-08 22:34:06,022 [WARN] PackLoader:240 - Cannot read IP mode file for STMicroelectronics.FP-SNS-SMARTAG2.1.2.0
2025-01-08 22:34:06,221 [WARN] PackLoader:240 - Cannot read IP mode file for STMicroelectronics.X-CUBE-MEMS1.11.1.0
2025-01-08 22:34:06,657 [INFO] LogOutputStream:77 - [STDOUT_REDIRECT] 1 : Invalid condition id : UX_CORESTACK_Condition cause : null
2025-01-08 22:34:06,662 [INFO] LogOutputStream:77 - [STDOUT_REDIRECT] 1 : Invalid condition id : UX_CORESTACK_Condition cause : null
2025-01-08 22:34:06,667 [INFO] LogOutputStream:77 - [STDOUT_REDIRECT] 1 : Invalid condition id : UX_CORESTACK_Condition cause : null
2025-01-08 22:34:06,672 [INFO] LogOutputStream:77 - [STDOUT_REDIRECT] 1 : Invalid condition id : UX_CORESTACK_Condition cause : null
2025-01-08 22:34:06,678 [INFO] LogOutputStream:77 - [STDOUT_REDIRECT] 1 : Invalid condition id : UX_CORESTACK_Condition cause : null
2025-01-08 22:34:06,687 [WARN] PackLoader:240 - Cannot read IP mode file for STMicroelectronics.X-CUBE-AZRTOS-WL.2.0.0
2025-01-08 22:34:06,701 [WARN] PackLoader:240 - Cannot read IP mode file for STMicroelectronics.FP-SNS-MOTENV1.5.0.0
2025-01-08 22:34:06,742 [WARN] PackLoader:240 - Cannot read IP mode file for wolfSSL.I-CUBE-wolfMQTT.1.19.0
2025-01-08 22:34:06,759 [WARN] PackLoader:240 - Cannot read IP mode file for WES.I-CUBE-Cesium.1.3.0
2025-01-08 22:34:06,778 [WARN] PackLoader:240 - Cannot read IP mode file for STMicroelectronics.X-CUBE-BLE2.3.3.0
2025-01-08 22:34:06,809 [WARN] PackLoader:240 - Cannot read IP mode file for STMicroelectronics.X-CUBE-TOF1.3.2.0
2025-01-08 22:34:06,837 [WARN] PackLoader:240 - Cannot read IP mode file for STMicroelectronics.X-CUBE-NFC9.1.0.0
2025-01-08 22:34:06,864 [WARN] PackLoader:240 - Cannot read IP mode file for STMicroelectronics.X-CUBE-TCPP.4.1.0
2025-01-08 22:34:06,873 [WARN] PackLoader:240 - Cannot read IP mode file for STMicroelectronics.X-CUBE-TOUCHGFX.4.21.1
2025-01-08 22:34:06,880 [WARN] PackLoader:240 - Cannot read IP mode file for STMicroelectronics.X-CUBE-TOUCHGFX.4.21.3
2025-01-08 22:34:06,887 [WARN] PackLoader:240 - Cannot read IP mode file for STMicroelectronics.X-CUBE-TOUCHGFX.4.21.4
2025-01-08 22:34:06,902 [WARN] PackLoader:240 - Cannot read IP mode file for STMicroelectronics.X-CUBE-ALGOBUILD.1.3.0
2025-01-08 22:34:06,978 [WARN] PackLoader:240 - Cannot read IP mode file for STMicroelectronics.X-CUBE-AZRTOS-G0.1.1.0
2025-01-08 22:34:07,060 [WARN] PackLoader:240 - Cannot read IP mode file for STMicroelectronics.X-CUBE-SAFEA1.1.2.2
2025-01-08 22:34:07,087 [WARN] PackLoader:240 - Cannot read IP mode file for STMicroelectronics.X-CUBE-NFC4.3.0.0
2025-01-08 22:34:07,105 [ERROR] Engine:466 - C:\Users\Minh\.stm32cubemx\thirdparties\pdsc\EmbeddedOffice.I-CUBE-FS-RTOS.1.0.1.pdsc: PDSC version is not supported
2025-01-08 22:34:07,127 [WARN] PackLoader:240 - Cannot read IP mode file for STMicroelectronics.X-CUBE-BLEMGR.3.0.0
2025-01-08 22:34:07,218 [ERROR] Engine:466 - C:\Users\Minh\.stm32cubemx\thirdparties\pdsc\STMicroelectronics.X-CUBE-TCPP.4.2.0.pdsc: PDSC version is not supported
2025-01-08 22:34:07,224 [ERROR] Engine:466 - C:\Users\Minh\.stm32cubemx\thirdparties\pdsc\RealThread.X-CUBE-RT-Thread_Nano.4.1.1.pdsc: PDSC version is not supported
2025-01-08 22:34:07,237 [WARN] PackLoader:240 - Cannot read IP mode file for STMicroelectronics.FP-ATR-SIGFOX1.3.2.0
2025-01-08 22:34:07,244 [ERROR] Engine:466 - C:\Users\Minh\.stm32cubemx\thirdparties\pdsc\quantropi.X-CUBE-qispace-sdk-base.1.9.3.pdsc: PDSC version is not supported
2025-01-08 22:34:07,260 [WARN] PackLoader:240 - Cannot read IP mode file for STMicroelectronics.X-CUBE-EEPRMA1.5.1.0
2025-01-08 22:34:07,396 [WARN] PackLoader:240 - Cannot read IP mode file for STMicroelectronics.X-CUBE-MEMS1.9.5.0
2025-01-08 22:34:07,465 [INFO] WebApp:753 - Register for checkConnection events
2025-01-08 22:34:07,466 [INFO] WebApp:390 - Apply proxy settings
2025-01-08 22:34:07,466 [INFO] WebApp:475 - Chromium requires no authentication
2025-01-08 22:34:07,499 [INFO] WebApp:418 - Direct internet connection detected
2025-01-08 22:34:07,987 [WARN] PackLoader:240 - Cannot read IP mode file for SEGGER.I-CUBE-embOS.1.3.1
2025-01-08 22:34:08,183 [WARN] PackLoader:240 - Cannot read IP mode file for STMicroelectronics.X-CUBE-ALGOBUILD.1.4.0
2025-01-08 22:34:08,200 [WARN] PackLoader:240 - Cannot read IP mode file for STMicroelectronics.X-CUBE-AI.9.1.0
2025-01-08 22:34:08,214 [WARN] PackLoader:240 - Cannot read IP mode file for STMicroelectronics.X-CUBE-GNSS1.6.0.0
2025-01-08 22:34:08,382 [WARN] PackLoader:240 - Cannot read IP mode file for STMicroelectronics.X-CUBE-AZRTOS-F4.1.1.0
2025-01-08 22:34:08,445 [WARN] PackLoader:240 - Cannot read IP mode file for STMicroelectronics.X-CUBE-ISPU.2.1.0
2025-01-08 22:34:08,515 [WARN] PackLoader:240 - Cannot read IP mode file for STMicroelectronics.X-CUBE-FREERTOS.1.2.0
2025-01-08 22:34:08,678 [WARN] PackLoader:240 - Cannot read IP mode file for STMicroelectronics.X-CUBE-AZRTOS-L5.2.0.0
2025-01-08 22:34:08,853 [WARN] PackLoader:240 - Cannot read IP mode file for STMicroelectronics.X-CUBE-MEMS1.9.6.0
2025-01-08 22:34:08,883 [INFO] WebApp:188 - Starting web application
2025-01-08 22:34:08,884 [INFO] WebApp:520 - Web application path used C:\ST\STM32CubeIDE_1.4.0\STM32CubeIDE\plugins\com.st.stm32cube.common.mx_6.9.1.202307191849\db\plugins\mcufinder\reactClient1\index.html
2025-01-08 22:34:09,369 [WARN] PackLoader:240 - Cannot read IP mode file for STMicroelectronics.X-CUBE-EEPRMA1.4.2.0
2025-01-08 22:34:09,390 [WARN] PackLoader:240 - Cannot read IP mode file for STMicroelectronics.X-CUBE-NFC6.3.1.0
2025-01-08 22:34:09,445 [WARN] PackLoader:240 - Cannot read IP mode file for ITTIA_DB.I-CUBE-ITTIADB.8.8.0
2025-01-08 22:34:09,462 [WARN] PackLoader:240 - Cannot read IP mode file for emotas.I-CUBE-CANOPEN.1.1.3
2025-01-08 22:34:09,482 [WARN] PackLoader:240 - Cannot read IP mode file for STMicroelectronics.X-CUBE-BLEMGR.2.0.0
2025-01-08 22:34:09,495 [ERROR] Engine:466 - C:\Users\Minh\.stm32cubemx\thirdparties\pdsc\STMicroelectronics.X-CUBE-DPower.1.2.0.pdsc: PDSC version is not supported
2025-01-08 22:34:09,503 [WARN] PackLoader:240 - Cannot read IP mode file for STMicroelectronics.X-CUBE-AI.9.0.0
2025-01-08 22:34:09,580 [WARN] ConditionMgr:438 - getConditionDescription Invalid condition id : UX DEVICE CLASS RTOS Condition cause : null
2025-01-08 22:34:09,580 [WARN] ConditionMgr:438 - getConditionDescription Invalid condition id : UX DEVICE CLASS RTOS Condition cause : null
2025-01-08 22:34:09,591 [WARN] PackLoader:240 - Cannot read IP mode file for STMicroelectronics.X-CUBE-AZRTOS-H7.3.1.0
2025-01-08 22:34:09,593 [WARN] ConditionMgr:1039 - genDependencies : Invalid condition id : UX DEVICE CLASS RTOS Condition cause : null
2025-01-08 22:34:09,594 [WARN] ConditionMgr:1039 - genDependencies : Invalid condition id : UX DEVICE CLASS RTOS Condition cause : null
2025-01-08 22:34:09,596 [WARN] ConditionMgr:1039 - genDependencies : Invalid condition id : UX DEVICE CLASS RTOS Condition cause : null
2025-01-08 22:34:09,598 [WARN] ConditionMgr:1039 - genDependencies : Invalid condition id : UX DEVICE CLASS RTOS Condition cause : null
2025-01-08 22:34:09,599 [WARN] ConditionMgr:1039 - genDependencies : Invalid condition id : UX DEVICE CLASS RTOS Condition cause : null
2025-01-08 22:34:09,615 [WARN] PackLoader:240 - Cannot read IP mode file for wolfSSL.I-CUBE-wolfSSL.5.5.4
2025-01-08 22:34:09,626 [WARN] PackLoader:240 - Cannot read IP mode file for STMicroelectronics.X-CUBE-FREERTOS.1.3.0
2025-01-08 22:34:09,639 [WARN] PackLoader:240 - Cannot read IP mode file for STMicroelectronics.X-CUBE-NFC7.1.0.1
2025-01-08 22:34:09,652 [WARN] PackLoader:240 - Cannot read IP mode file for STMicroelectronics.X-CUBE-NFC7.1.0.0
2025-01-08 22:34:09,695 [WARN] PackLoader:240 - Cannot read IP mode file for wolfSSL.I-CUBE-wolfTPM.3.2.0
2025-01-08 22:34:09,716 [WARN] PackLoader:240 - Cannot read IP mode file for STMicroelectronics.X-CUBE-NFC6.3.0.0
2025-01-08 22:34:09,739 [WARN] PackLoader:240 - Cannot read IP mode file for STMicroelectronics.X-CUBE-EEPRMA1.4.1.0
2025-01-08 22:34:09,756 [WARN] PackLoader:240 - Cannot read IP mode file for STMicroelectronics.X-CUBE-AI.8.1.0
2025-01-08 22:34:09,852 [WARN] ConditionMgr:438 - getConditionDescription Invalid condition id : LAN8742 Phy interface Condition cause : null
2025-01-08 22:34:09,854 [WARN] PackLoader:240 - Cannot read IP mode file for STMicroelectronics.X-CUBE-AZRTOS-L4.2.0.0
2025-01-08 22:34:09,883 [WARN] ConditionMgr:1039 - genDependencies : Invalid condition id : LAN8742 Phy interface Condition cause : null
2025-01-08 22:34:09,884 [WARN] ConditionMgr:1039 - genDependencies : Invalid condition id : LAN8742 Phy interface Condition cause : null
2025-01-08 22:34:09,887 [WARN] ConditionMgr:1039 - genDependencies : Invalid condition id : LAN8742 Phy interface Condition cause : null
2025-01-08 22:34:09,915 [WARN] PackLoader:240 - Cannot read IP mode file for STMicroelectronics.X-CUBE-SFXS2LP1.4.0.0
2025-01-08 22:34:09,995 [WARN] PackLoader:240 - Cannot read IP mode file for STMicroelectronics.X-CUBE-AZRTOS-H7.3.0.0
2025-01-08 22:34:10,018 [WARN] PackLoader:240 - Cannot read IP mode file for STMicroelectronics.X-CUBE-ISPU.1.1.0
2025-01-08 22:34:10,111 [WARN] PackLoader:240 - Cannot read IP mode file for STMicroelectronics.X-CUBE-AZRTOS-H7.3.3.0
2025-01-08 22:34:10,183 [WARN] PackLoader:240 - Cannot read IP mode file for RoweBots.I-CUBE-UNISONRTOS.5.5.0-4
2025-01-08 22:34:10,202 [WARN] PackLoader:240 - Cannot read IP mode file for STMicroelectronics.X-CUBE-AI.8.0.0
2025-01-08 22:34:10,219 [ERROR] Engine:466 - C:\Users\Minh\.stm32cubemx\thirdparties\pdsc\STMicroelectronics.X-CUBE-IPS.3.0.0.pdsc: PDSC version is not supported
2025-01-08 22:34:10,274 [WARN] ConditionMgr:438 - getConditionDescription Invalid condition id : UX DEVICE CLASS RTOS Condition cause : null
2025-01-08 22:34:10,275 [WARN] ConditionMgr:438 - getConditionDescription Invalid condition id : UX DEVICE CLASS RTOS Condition cause : null
2025-01-08 22:34:10,285 [WARN] PackLoader:240 - Cannot read IP mode file for STMicroelectronics.X-CUBE-AZRTOS-WB.2.0.0
2025-01-08 22:34:10,287 [WARN] ConditionMgr:1039 - genDependencies : Invalid condition id : UX DEVICE CLASS RTOS Condition cause : null
2025-01-08 22:34:10,287 [WARN] ConditionMgr:1039 - genDependencies : Invalid condition id : UX DEVICE CLASS RTOS Condition cause : null
2025-01-08 22:34:10,289 [WARN] ConditionMgr:1039 - genDependencies : Invalid condition id : UX DEVICE CLASS RTOS Condition cause : null
2025-01-08 22:34:10,290 [WARN] ConditionMgr:1039 - genDependencies : Invalid condition id : UX DEVICE CLASS RTOS Condition cause : null
2025-01-08 22:34:10,291 [WARN] ConditionMgr:1039 - genDependencies : Invalid condition id : UX DEVICE CLASS RTOS Condition cause : null
2025-01-08 22:34:10,308 [WARN] PackLoader:240 - Cannot read IP mode file for STMicroelectronics.X-CUBE-FREERTOS.1.0.0
2025-01-08 22:34:10,322 [WARN] PackLoader:240 - Cannot read IP mode file for STMicroelectronics.X-CUBE-FREERTOS.1.0.1
2025-01-08 22:34:10,337 [WARN] PackLoader:240 - Cannot read IP mode file for STMicroelectronics.X-CUBE-GNSS1.7.0.0
2025-01-08 22:34:10,354 [WARN] PackLoader:240 - Cannot read IP mode file for STMicroelectronics.X-CUBE-GNSS1.7.0.1
2025-01-08 22:34:10,397 [ERROR] Engine:466 - C:\Users\Minh\.stm32cubemx\thirdparties\pdsc\STMicroelectronics.FP-SNS-STBOX1.2.0.0.pdsc: PDSC version is not supported
2025-01-08 22:34:10,446 [WARN] PackLoader:240 - Cannot read IP mode file for STMicroelectronics.X-CUBE-AZRTOS-L5.1.1.0
2025-01-08 22:34:10,463 [WARN] PackLoader:240 - Cannot read IP mode file for STMicroelectronics.X-CUBE-AI.8.0.1
2025-01-08 22:34:10,496 [WARN] PackLoader:240 - Cannot read IP mode file for STMicroelectronics.X-CUBE-SUBG2.5.0.0
2025-01-08 22:34:10,525 [WARN] PackLoader:240 - Cannot read IP mode file for Cesanta.I-CUBE-Mongoose.7.13.0
2025-01-08 22:34:10,553 [WARN] PackLoader:240 - Cannot read IP mode file for STMicroelectronics.X-CUBE-TOF1.3.3.1
2025-01-08 22:34:10,648 [WARN] PackLoader:240 - Cannot read IP mode file for STMicroelectronics.X-CUBE-AZRTOS-G4.2.0.0
2025-01-08 22:34:10,684 [WARN] PackLoader:240 - Cannot read IP mode file for STMicroelectronics.X-CUBE-TOF1.3.3.0
2025-01-08 22:34:10,720 [WARN] PackLoader:240 - Cannot read IP mode file for STMicroelectronics.FP-ATR-ASTRA1.1.1.1
2025-01-08 22:34:10,793 [WARN] PackLoader:240 - Cannot read IP mode file for Infineon.AIROC-Wi-Fi-Bluetooth-STM32.1.5.1
2025-01-08 22:34:10,813 [WARN] PackLoader:240 - Cannot read IP mode file for STMicroelectronics.FP-SNS-MOTENVWB1.1.3.0
2025-01-08 22:34:10,823 [WARN] PackLoader:240 - Cannot read IP mode file for STMicroelectronics.FP-SNS-MOTENVWB1.1.3.1
2025-01-08 22:34:10,893 [WARN] PackLoader:240 - Cannot read IP mode file for STMicroelectronics.X-CUBE-AZRTOS-G4.1.0.0
2025-01-08 22:34:10,985 [WARN] PackLoader:240 - Cannot read IP mode file for STMicroelectronics.X-CUBE-AZRTOS-L4.1.0.0
2025-01-08 22:34:11,007 [WARN] PackLoader:240 - Cannot read IP mode file for STMicroelectronics.X-CUBE-ISPU.2.0.0
2025-01-08 22:34:11,046 [WARN] PackLoader:240 - Cannot read IP mode file for STMicroelectronics.X-CUBE-ALS.1.0.2
2025-01-08 22:34:11,244 [WARN] PackLoader:240 - Cannot read IP mode file for STMicroelectronics.X-CUBE-MEMS1.10.0.0
2025-01-08 22:34:11,773 [WARN] PackLoader:240 - Cannot read IP mode file for STMicroelectronics.X-CUBE-FREERTOS.1.1.0
2025-01-08 22:34:11,792 [WARN] PackLoader:240 - Cannot read IP mode file for STMicroelectronics.X-CUBE-TOUCHGFX.4.24.0
2025-01-08 22:34:11,830 [WARN] PackLoader:240 - Cannot read IP mode file for STMicroelectronics.X-CUBE-AZRTOS-WL.1.0.0
2025-01-08 22:34:11,843 [WARN] PackLoader:240 - Cannot read IP mode file for STMicroelectronics.X-CUBE-TOUCHGFX.4.24.1
2025-01-08 22:34:11,865 [WARN] PackLoader:240 - Cannot read IP mode file for portGmbH.I-Cube-SoM-uGOAL.1.1.0
2025-01-08 22:34:11,939 [WARN] PackLoader:240 - Cannot read IP mode file for STMicroelectronics.X-CUBE-ALS.1.0.1
2025-01-08 22:34:11,993 [WARN] PackLoader:240 - Cannot read IP mode file for STMicroelectronics.X-CUBE-AZRTOS-WB.1.1.0
2025-01-08 22:34:12,083 [WARN] PackLoader:240 - Cannot read IP mode file for STMicroelectronics.X-CUBE-AZRTOS-H7RS.1.0.0
2025-01-08 22:34:12,104 [WARN] PackLoader:240 - Cannot read IP mode file for STMicroelectronics.FP-ATR-ASTRA1.2.0.0
2025-01-08 22:34:12,122 [ERROR] Engine:466 - C:\Users\Minh\.stm32cubemx\thirdparties\pdsc\STMicroelectronics.X-CUBE-TOF1.3.4.2.pdsc: PDSC version is not supported
2025-01-08 22:34:12,184 [WARN] PackLoader:240 - Cannot read IP mode file for STMicroelectronics.X-CUBE-TOF1.3.4.0
2025-01-08 22:34:12,253 [WARN] PackLoader:240 - Cannot read IP mode file for STMicroelectronics.X-CUBE-TOF1.3.4.1
2025-01-08 22:34:12,377 [WARN] PackLoader:240 - Cannot read IP mode file for STMicroelectronics.X-CUBE-AZRTOS-H7.3.2.0
2025-01-08 22:34:12,398 [WARN] PackLoader:240 - Cannot read IP mode file for wolfSSL.I-CUBE-wolfSSH.1.4.17
2025-01-08 22:34:12,400 [INFO] ThirdParty:978 - Integrity check success = true
2025-01-08 22:34:12,400 [INFO] IntegrityCheckThread:100 - exiting critical section [integrity check]
2025-01-08 22:34:12,400 [INFO] IntegrityCheckThread:103 - End integrity checks thread
2025-01-08 23:14:20,108 [ERROR] LogOutputStream:75 - [STDERR_REDIRECT] SLF4J: Failed to load class "org.slf4j.impl.StaticLoggerBinder".
2025-01-08 23:14:20,110 [ERROR] LogOutputStream:75 - [STDERR_REDIRECT] SLF4J: Defaulting to no-operation (NOP) logger implementation
2025-01-08 23:14:20,115 [ERROR] LogOutputStream:75 - [STDERR_REDIRECT] SLF4J: See http://www.slf4j.org/codes.html#StaticLoggerBinder for further details.
