2025-01-04 11:30:37,414 [INFO] Activator:176 - 


2025-01-04 11:30:37,433 [INFO] Activator:177 - !SESSION log4j initialized
2025-01-04 11:30:55,246 [INFO] LogOutputStream:77 - [STDOUT_REDIRECT] 
2025-01-04 11:30:59,520 [INFO] ApplicationProperties:184 - Using Application install path: C:\ST\STM32CubeIDE_1.4.0\STM32CubeIDE\plugins\com.st.stm32cube.common.mx_6.9.1.202307191849
2025-01-04 11:30:59,568 [INFO] DbMcusXml:78 - Set database path to: C:\ST\STM32CubeIDE_1.4.0\STM32CubeIDE\plugins\com.st.stm32cube.common.mx_6.9.1.202307191849\\db\/mcu/
2025-01-04 11:30:59,569 [INFO] ApiDb:274 - Set plugin database path to: C:\ST\STM32CubeIDE_1.4.0\STM32CubeIDE\plugins\com.st.stm32cube.common.mx_6.9.1.202307191849\\db\/plugins/boardmanager/
2025-01-04 11:30:59,570 [WARN] ApiDb:259 - Overriding images path with different value:  => C:\ST\STM32CubeIDE_1.4.0\STM32CubeIDE\plugins\com.st.stm32cube.common.mx_6.9.1.202307191849\\db\/plugins/mcufinder/images/
2025-01-04 11:30:59,602 [INFO] ApiDb:250 - Set database path to: C:\Users\Minh\.stmcufinder\plugins\mcufinder//mcu/
2025-01-04 11:30:59,604 [INFO] DbMcusAds:125 - Set database path to: C:\Users\Minh\.stmcufinder\plugins\mcufinder//mcu/
2025-01-04 11:30:59,609 [INFO] CrossReferenceDbSqlite:203 - Set database path to: C:\Users\Minh\.stmcufinder\plugins\mcufinder//mcu/cs/
2025-01-04 11:31:00,053 [INFO] RulesReader:64 - Compatibility file has been processed (293 Rules)
2025-01-04 11:31:00,452 [INFO] DbMcusXml:78 - Set database path to: C:\ST\STM32CubeIDE_1.4.0\STM32CubeIDE\plugins\com.st.stm32cube.common.mx_6.9.1.202307191849\\db\/mcu/
2025-01-04 11:31:00,452 [INFO] ApiDb:274 - Set plugin database path to: C:\ST\STM32CubeIDE_1.4.0\STM32CubeIDE\plugins\com.st.stm32cube.common.mx_6.9.1.202307191849\\db\/plugins/boardmanager/
2025-01-04 11:31:00,453 [INFO] ApiDb:261 - Set plugin images path to: C:\ST\STM32CubeIDE_1.4.0\STM32CubeIDE\plugins\com.st.stm32cube.common.mx_6.9.1.202307191849\\db\/plugins/mcufinder/images/
2025-01-04 11:31:00,454 [WARN] DbFile:41 - Overriding database path with different value: C:\Users\Minh\.stmcufinder\plugins\mcufinder/ => C:\Users\Minh\.stmcufinder\plugins\mcufinder
2025-01-04 11:31:00,455 [INFO] ApiDb:250 - Set database path to: C:\Users\Minh\.stmcufinder\plugins\mcufinder//mcu/
2025-01-04 11:31:00,455 [WARN] DbFile:41 - Overriding database path with different value: C:\Users\Minh\.stmcufinder\plugins\mcufinder/ => C:\Users\Minh\.stmcufinder\plugins\mcufinder
2025-01-04 11:31:00,456 [INFO] DbMcusAds:125 - Set database path to: C:\Users\Minh\.stmcufinder\plugins\mcufinder//mcu/
2025-01-04 11:31:00,456 [WARN] DbFile:41 - Overriding database path with different value: C:\Users\Minh\.stmcufinder\plugins\mcufinder/ => C:\Users\Minh\.stmcufinder\plugins\mcufinder
2025-01-04 11:31:00,457 [WARN] DbFile:41 - Overriding database path with different value: C:\Users\Minh\.stmcufinder\plugins\mcufinder/ => C:\Users\Minh\.stmcufinder\plugins\mcufinder
2025-01-04 11:31:00,457 [INFO] CrossReferenceDbSqlite:203 - Set database path to: C:\Users\Minh\.stmcufinder\plugins\mcufinder//mcu/cs/
2025-01-04 11:31:00,707 [INFO] MainPanel:262 - HeapMemory: 268435456
2025-01-04 11:31:00,911 [INFO] DbMcusXml:78 - Set database path to: C:\ST\STM32CubeIDE_1.4.0\STM32CubeIDE\plugins\com.st.stm32cube.common.mx_6.9.1.202307191849\\db\/mcu/
2025-01-04 11:31:00,911 [INFO] ApiDb:274 - Set plugin database path to: C:\ST\STM32CubeIDE_1.4.0\STM32CubeIDE\plugins\com.st.stm32cube.common.mx_6.9.1.202307191849\\db\/plugins/boardmanager/
2025-01-04 11:31:00,911 [INFO] ApiDb:261 - Set plugin images path to: C:\ST\STM32CubeIDE_1.4.0\STM32CubeIDE\plugins\com.st.stm32cube.common.mx_6.9.1.202307191849\\db\/plugins/mcufinder/images/
2025-01-04 11:31:00,912 [WARN] DbFile:41 - Overriding database path with different value: C:\Users\Minh\.stmcufinder\plugins\mcufinder/ => C:\Users\Minh\.stmcufinder\plugins\mcufinder
2025-01-04 11:31:00,913 [INFO] ApiDb:250 - Set database path to: C:\Users\Minh\.stmcufinder\plugins\mcufinder//mcu/
2025-01-04 11:31:00,913 [WARN] DbFile:41 - Overriding database path with different value: C:\Users\Minh\.stmcufinder\plugins\mcufinder/ => C:\Users\Minh\.stmcufinder\plugins\mcufinder
2025-01-04 11:31:00,914 [INFO] DbMcusAds:125 - Set database path to: C:\Users\Minh\.stmcufinder\plugins\mcufinder//mcu/
2025-01-04 11:31:00,914 [WARN] DbFile:41 - Overriding database path with different value: C:\Users\Minh\.stmcufinder\plugins\mcufinder/ => C:\Users\Minh\.stmcufinder\plugins\mcufinder
2025-01-04 11:31:00,914 [WARN] DbFile:41 - Overriding database path with different value: C:\Users\Minh\.stmcufinder\plugins\mcufinder/ => C:\Users\Minh\.stmcufinder\plugins\mcufinder
2025-01-04 11:31:00,915 [INFO] CrossReferenceDbSqlite:203 - Set database path to: C:\Users\Minh\.stmcufinder\plugins\mcufinder//mcu/cs/
2025-01-04 11:31:00,957 [INFO] ApplicationProperties:184 - Using Application install path: C:\ST\STM32CubeIDE_1.4.0\STM32CubeIDE\plugins\com.st.stm32cube.common.mx_6.9.1.202307191849
2025-01-04 11:31:00,961 [INFO] PluginManage:196 - Search for loadable plugins [exclusion list=, ]
2025-01-04 11:31:00,965 [INFO] PluginManage:310 - Check plugin analytics
2025-01-04 11:31:01,416 [INFO] AnalyticsPlugin:253 - Accepted Software Licenses: STM32CubeMX.6.0.0,STM32CubeMX.5.2.0
2025-01-04 11:31:01,417 [INFO] AnalyticsPlugin:255 - Accepted CMSIS Pack Licenses: 
2025-01-04 11:31:01,418 [INFO] AnalyticsPlugin:257 - Accepted Firmware Licenses: FW.F4.1.27.0
2025-01-04 11:31:01,425 [INFO] PluginManage:359 - Loaded plugin analytics (category:tool,tabindex:-1)
2025-01-04 11:31:01,427 [INFO] PluginManage:310 - Check plugin cadmodel
2025-01-04 11:31:01,477 [INFO] CADModel:105 - Init CAD model plugin
2025-01-04 11:31:01,478 [INFO] PluginManage:359 - Loaded plugin cadmodel (category:power,tabindex:5)
2025-01-04 11:31:01,479 [INFO] PluginManage:310 - Check plugin clock
2025-01-04 11:31:01,546 [INFO] PluginManage:359 - Loaded plugin clock (category:base,tabindex:2)
2025-01-04 11:31:01,547 [INFO] PluginManage:310 - Check plugin ddr
2025-01-04 11:31:01,554 [INFO] PluginManage:359 - Loaded plugin ddr (category:tool,tabindex:6)
2025-01-04 11:31:01,554 [INFO] PluginManage:310 - Check plugin filemanager
2025-01-04 11:31:01,893 [INFO] PluginManage:359 - Loaded plugin filemanager (category:base,tabindex:10)
2025-01-04 11:31:01,894 [INFO] PluginManage:310 - Check plugin ipmanager
2025-01-04 11:31:01,913 [INFO] PluginManage:359 - Loaded plugin ipmanager (category:base,tabindex:5)
2025-01-04 11:31:01,913 [INFO] PluginManage:310 - Check plugin lpbam
2025-01-04 11:31:01,963 [INFO] PluginManage:359 - Loaded plugin lpbam (category:base,tabindex:0)
2025-01-04 11:31:01,964 [INFO] PluginManage:310 - Check plugin memorymap
2025-01-04 11:31:02,036 [INFO] PluginManage:359 - Loaded plugin memorymap (category:base,tabindex:4)
2025-01-04 11:31:02,036 [INFO] PluginManage:310 - Check plugin pinoutandconfiguration
2025-01-04 11:31:02,094 [INFO] PluginManage:359 - Loaded plugin pinoutandconfiguration (category:base,tabindex:1)
2025-01-04 11:31:02,095 [INFO] PluginManage:310 - Check plugin pinoutconfig
2025-01-04 11:31:02,370 [WARN] SupportedApi:132 - Cannot load RTOS API schema: s4s-elt-must-match.1: The content of 'definitions' must match (annotation?, (simpleType | complexType)?, (unique | key | keyref)*)). A problem was found starting at: attribute.
2025-01-04 11:31:02,737 [INFO] PluginManage:359 - Loaded plugin pinoutconfig (category:base,tabindex:0)
2025-01-04 11:31:02,738 [INFO] PluginManage:310 - Check plugin power
2025-01-04 11:31:02,799 [INFO] PluginManage:359 - Loaded plugin power (category:power,tabindex:4)
2025-01-04 11:31:02,799 [INFO] PluginManage:310 - Check plugin projectmanager
2025-01-04 11:31:02,836 [INFO] PluginManage:359 - Loaded plugin projectmanager (category:projectmanager,tabindex:3)
2025-01-04 11:31:02,836 [INFO] PluginManage:310 - Check plugin thirdparty
2025-01-04 11:31:03,577 [INFO] PluginManage:359 - Loaded plugin thirdparty (category:base,tabindex:-1)
2025-01-04 11:31:03,577 [WARN] IntegrityCheckThread:84 - waiting for thirdparty lock release [integrity check]
2025-01-04 11:31:03,577 [INFO] PluginManage:310 - Check plugin tools
2025-01-04 11:31:03,577 [INFO] IntegrityCheckThread:86 - entering critical section [integrity check]
2025-01-04 11:31:03,579 [INFO] ThirdPartyUpdaterWithRetryManager:70 - Updater plugin not ready yet. [1/15]
2025-01-04 11:31:03,677 [INFO] PluginManage:359 - Loaded plugin tools (category:base,tabindex:7)
2025-01-04 11:31:03,678 [INFO] PluginManage:310 - Check plugin tutovideos
2025-01-04 11:31:04,133 [INFO] PluginManage:359 - Loaded plugin tutovideos (category:base,tabindex:-1)
2025-01-04 11:31:04,133 [INFO] PluginManage:310 - Check plugin updater
2025-01-04 11:31:04,159 [INFO] PluginManage:359 - Loaded plugin updater (category:base,tabindex:12)
2025-01-04 11:31:04,159 [INFO] PluginManage:310 - Check plugin userauth
2025-01-04 11:31:04,172 [INFO] UserAuth:113 - Init User Auth plugin
2025-01-04 11:31:04,172 [INFO] PluginManage:359 - Loaded plugin userauth (category:base,tabindex:14)
2025-01-04 11:31:04,174 [INFO] PluginManage:283 - PluginManage : Loaded plugins [17]
2025-01-04 11:31:04,683 [INFO] PinOutPanel:1499 - setPackage(No Configuration,No Configuration)
2025-01-04 11:31:04,955 [INFO] CADModel:165 - CPN selected for project level
2025-01-04 11:31:04,956 [INFO] CADModel:114 - Register for checkConnection events
2025-01-04 11:31:05,027 [INFO] IPUIPlugin:80 - create IPUIPlugin
2025-01-04 11:31:05,027 [INFO] PluginManager:220 - loadIPPluginJar : add adc
2025-01-04 11:31:05,120 [INFO] IPUIPlugin:80 - create IPUIPlugin
2025-01-04 11:31:05,120 [INFO] PluginManager:220 - loadIPPluginJar : add aes
2025-01-04 11:31:05,228 [INFO] IPUIPlugin:80 - create IPUIPlugin
2025-01-04 11:31:05,229 [INFO] PluginManager:220 - loadIPPluginJar : add can
2025-01-04 11:31:05,294 [INFO] IPUIPlugin:80 - create IPUIPlugin
2025-01-04 11:31:05,294 [INFO] PluginManager:220 - loadIPPluginJar : add comp
2025-01-04 11:31:05,379 [INFO] IPUIPlugin:80 - create IPUIPlugin
2025-01-04 11:31:05,379 [INFO] PluginManager:220 - loadIPPluginJar : add cryp
2025-01-04 11:31:05,477 [INFO] IPUIPlugin:80 - create IPUIPlugin
2025-01-04 11:31:05,477 [INFO] PluginManager:220 - loadIPPluginJar : add dfsdm
2025-01-04 11:31:05,513 [INFO] IPUIPlugin:80 - create IPUIPlugin
2025-01-04 11:31:05,514 [INFO] PluginManager:220 - loadIPPluginJar : add dma
2025-01-04 11:31:05,645 [INFO] IPUIPlugin:80 - create IPUIPlugin
2025-01-04 11:31:05,645 [INFO] PluginManager:220 - loadIPPluginJar : add dma3
2025-01-04 11:31:05,703 [INFO] IPUIPlugin:80 - create IPUIPlugin
2025-01-04 11:31:05,703 [INFO] PluginManager:220 - loadIPPluginJar : add fatfs
2025-01-04 11:31:05,836 [INFO] IPUIPlugin:80 - create IPUIPlugin
2025-01-04 11:31:05,836 [INFO] PluginManager:220 - loadIPPluginJar : add fmc
2025-01-04 11:31:05,884 [INFO] IPUIPlugin:80 - create IPUIPlugin
2025-01-04 11:31:05,884 [INFO] PluginManager:220 - loadIPPluginJar : add freertos
2025-01-04 11:31:05,966 [INFO] IPUIPlugin:80 - create IPUIPlugin
2025-01-04 11:31:05,966 [INFO] PluginManager:220 - loadIPPluginJar : add genericplugin
2025-01-04 11:31:06,359 [INFO] IPUIPlugin:80 - create IPUIPlugin
2025-01-04 11:31:06,359 [INFO] PluginManager:220 - loadIPPluginJar : add gfxmmu
2025-01-04 11:31:06,580 [INFO] ThirdPartyUpdaterWithRetryManager:70 - Updater plugin not ready yet. [2/15]
2025-01-04 11:31:07,103 [INFO] IPUIPlugin:80 - create IPUIPlugin
2025-01-04 11:31:07,104 [INFO] PluginManager:220 - loadIPPluginJar : add gic
2025-01-04 11:31:07,156 [INFO] IPUIPlugin:80 - create IPUIPlugin
2025-01-04 11:31:07,157 [INFO] PluginManager:220 - loadIPPluginJar : add gpio
2025-01-04 11:31:07,466 [INFO] IPUIPlugin:80 - create IPUIPlugin
2025-01-04 11:31:07,467 [INFO] PluginManager:220 - loadIPPluginJar : add gtzc
2025-01-04 11:31:07,566 [INFO] IPUIPlugin:80 - create IPUIPlugin
2025-01-04 11:31:07,567 [INFO] PluginManager:220 - loadIPPluginJar : add hash
2025-01-04 11:31:07,741 [INFO] IPUIPlugin:80 - create IPUIPlugin
2025-01-04 11:31:07,742 [INFO] PluginManager:220 - loadIPPluginJar : add i2c
2025-01-04 11:31:07,852 [INFO] IPUIPlugin:80 - create IPUIPlugin
2025-01-04 11:31:07,852 [INFO] PluginManager:220 - loadIPPluginJar : add i2s
2025-01-04 11:31:07,954 [INFO] IPUIPlugin:80 - create IPUIPlugin
2025-01-04 11:31:07,955 [INFO] PluginManager:220 - loadIPPluginJar : add i3c
2025-01-04 11:31:08,207 [INFO] IPUIPlugin:80 - create IPUIPlugin
2025-01-04 11:31:08,207 [INFO] PluginManager:220 - loadIPPluginJar : add ipddr
2025-01-04 11:31:08,431 [INFO] IPUIPlugin:80 - create IPUIPlugin
2025-01-04 11:31:08,432 [INFO] PluginManager:220 - loadIPPluginJar : add linkedlist
2025-01-04 11:31:08,522 [INFO] IPUIPlugin:80 - create IPUIPlugin
2025-01-04 11:31:08,523 [INFO] PluginManager:220 - loadIPPluginJar : add lorawan
2025-01-04 11:31:08,603 [INFO] IPUIPlugin:80 - create IPUIPlugin
2025-01-04 11:31:08,603 [INFO] PluginManager:220 - loadIPPluginJar : add ltdc
2025-01-04 11:31:08,633 [INFO] IPUIPlugin:80 - create IPUIPlugin
2025-01-04 11:31:08,633 [INFO] PluginManager:220 - loadIPPluginJar : add mdma
2025-01-04 11:31:08,661 [INFO] IPUIPlugin:80 - create IPUIPlugin
2025-01-04 11:31:08,661 [INFO] PluginManager:220 - loadIPPluginJar : add nvic
2025-01-04 11:31:08,750 [INFO] IPUIPlugin:80 - create IPUIPlugin
2025-01-04 11:31:08,750 [INFO] PluginManager:220 - loadIPPluginJar : add opamp
2025-01-04 11:31:08,889 [INFO] IPUIPlugin:80 - create IPUIPlugin
2025-01-04 11:31:08,889 [INFO] PluginManager:220 - loadIPPluginJar : add openamp
2025-01-04 11:31:08,981 [INFO] IPUIPlugin:80 - create IPUIPlugin
2025-01-04 11:31:08,981 [INFO] PluginManager:220 - loadIPPluginJar : add pdm2pcm
2025-01-04 11:31:09,010 [INFO] IPUIPlugin:80 - create IPUIPlugin
2025-01-04 11:31:09,015 [INFO] PluginManager:220 - loadIPPluginJar : add plateformsettings
2025-01-04 11:31:09,068 [INFO] IPUIPlugin:80 - create IPUIPlugin
2025-01-04 11:31:09,068 [INFO] PluginManager:220 - loadIPPluginJar : add quadspi
2025-01-04 11:31:09,095 [INFO] IPUIPlugin:80 - create IPUIPlugin
2025-01-04 11:31:09,096 [INFO] PluginManager:220 - loadIPPluginJar : add resmgrutility
2025-01-04 11:31:09,206 [INFO] IPUIPlugin:80 - create IPUIPlugin
2025-01-04 11:31:09,206 [INFO] PluginManager:220 - loadIPPluginJar : add sai
2025-01-04 11:31:09,327 [INFO] IPUIPlugin:80 - create IPUIPlugin
2025-01-04 11:31:09,328 [INFO] PluginManager:220 - loadIPPluginJar : add spi
2025-01-04 11:31:09,538 [INFO] IPUIPlugin:80 - create IPUIPlugin
2025-01-04 11:31:09,538 [INFO] PluginManager:220 - loadIPPluginJar : add stm32_wpan
2025-01-04 11:31:09,582 [INFO] ThirdPartyUpdaterWithRetryManager:70 - Updater plugin not ready yet. [3/15]
2025-01-04 11:31:09,629 [INFO] IPUIPlugin:80 - create IPUIPlugin
2025-01-04 11:31:09,629 [INFO] PluginManager:220 - loadIPPluginJar : add tim
2025-01-04 11:31:09,854 [INFO] IPUIPlugin:80 - create IPUIPlugin
2025-01-04 11:31:09,854 [INFO] PluginManager:220 - loadIPPluginJar : add touchsensing
2025-01-04 11:31:09,952 [INFO] IPUIPlugin:80 - create IPUIPlugin
2025-01-04 11:31:09,953 [INFO] PluginManager:220 - loadIPPluginJar : add tracer_emb
2025-01-04 11:31:10,080 [INFO] IPUIPlugin:80 - create IPUIPlugin
2025-01-04 11:31:10,081 [INFO] PluginManager:220 - loadIPPluginJar : add ts
2025-01-04 11:31:10,204 [INFO] IPUIPlugin:80 - create IPUIPlugin
2025-01-04 11:31:10,204 [INFO] PluginManager:220 - loadIPPluginJar : add tsc
2025-01-04 11:31:10,285 [INFO] IPUIPlugin:80 - create IPUIPlugin
2025-01-04 11:31:10,285 [INFO] PluginManager:220 - loadIPPluginJar : add ucpd
2025-01-04 11:31:10,398 [INFO] IPUIPlugin:80 - create IPUIPlugin
2025-01-04 11:31:10,398 [INFO] PluginManager:220 - loadIPPluginJar : add usart
2025-01-04 11:31:10,518 [INFO] IPUIPlugin:80 - create IPUIPlugin
2025-01-04 11:31:10,518 [INFO] PluginManager:220 - loadIPPluginJar : add usbx
2025-01-04 11:31:10,707 [INFO] CADModel:165 - CPN selected for project level
2025-01-04 11:31:10,708 [INFO] CADModel:114 - Register for checkConnection events
2025-01-04 11:31:10,708 [FATAL] Updater:308 - Updater called before beeing initialized
2025-01-04 11:31:10,708 [ERROR] CADModel:125 - Updater not yet initialized, retry later 
2025-01-04 11:31:10,995 [INFO] CADModel:165 - CPN selected for project level
2025-01-04 11:31:10,996 [INFO] CADModel:114 - Register for checkConnection events
2025-01-04 11:31:10,996 [FATAL] Updater:308 - Updater called before beeing initialized
2025-01-04 11:31:10,996 [ERROR] CADModel:125 - Updater not yet initialized, retry later 
2025-01-04 11:31:11,004 [FATAL] Updater:308 - Updater called before beeing initialized
2025-01-04 11:31:11,245 [FATAL] Updater:308 - Updater called before beeing initialized
2025-01-04 11:31:11,264 [INFO] DbMcusAds:53 - JSON generation date=Wed Dec 18 01:01:15 JST 2024 (1734451275222)
2025-01-04 11:31:11,264 [FATAL] Updater:308 - Updater called before beeing initialized
2025-01-04 11:31:11,460 [WARN] DetailPanel:346 - Failed to get advertising image, set to default
2025-01-04 11:31:11,660 [FATAL] Updater:308 - Updater called before beeing initialized
2025-01-04 11:31:11,663 [FATAL] Updater:308 - Updater called before beeing initialized
2025-01-04 11:31:11,663 [FATAL] Updater:308 - Updater called before beeing initialized
2025-01-04 11:31:11,663 [WARN] DetailPanel:346 - Failed to get advertising image, set to default
2025-01-04 11:31:11,665 [FATAL] Updater:308 - Updater called before beeing initialized
2025-01-04 11:31:11,793 [ERROR] Updater:1120 - MainUpdater not yet initialized. External WinMGr cannot be set.
2025-01-04 11:31:11,814 [INFO] Updater:1056 - Updater Version found : 6.9.1
2025-01-04 11:31:11,849 [INFO] ApplicationProperties:184 - Using Application install path: C:\ST\STM32CubeIDE_1.4.0\STM32CubeIDE\plugins\com.st.stm32cube.common.mx_6.9.1.202307191849
2025-01-04 11:31:12,133 [INFO] MainUpdater:2868 - connection check result : 10
2025-01-04 11:31:12,135 [INFO] MainUpdater:285 - Updater Check For Update Now.
2025-01-04 11:31:12,135 [INFO] MicroXplorer:498 - Change Database Version : DB.6.0.91
2025-01-04 11:31:12,172 [INFO] McuFinderGlobals:63 - Set McuFinder mode to 2 (CubeIDE integrated)
2025-01-04 11:31:12,173 [INFO] UserAuth:179 - activating auth plugin
2025-01-04 11:31:12,179 [INFO] UserAuth:393 - Internet connection configuration mode: 1
2025-01-04 11:31:12,220 [INFO] JxBrowserEngine:151 - Initiate JxBrowser Engine with user profile folder
2025-01-04 11:31:12,530 [INFO] CheckServerUpdateThread:120 - End of CheckServer Thread
2025-01-04 11:31:13,500 [WARN] PackLoader:240 - Cannot read IP mode file for STMicroelectronics.FP-SNS-MOTENVWB1.1.4.0
2025-01-04 11:31:13,524 [WARN] PackLoader:240 - Cannot read IP mode file for STMicroelectronics.FP-ATR-ASTRA1.2.0.1
2025-01-04 11:31:13,554 [WARN] PackLoader:240 - Cannot read IP mode file for STMicroelectronics.X-CUBE-SMBUS.2.1.0
2025-01-04 11:31:13,578 [WARN] PackLoader:240 - Cannot read IP mode file for STMicroelectronics.X-CUBE-WB05N.1.1.0
2025-01-04 11:31:13,592 [WARN] PackLoader:240 - Cannot read IP mode file for STMicroelectronics.X-CUBE-TOUCHGFX.4.23.0
2025-01-04 11:31:13,599 [WARN] PackLoader:240 - Cannot read IP mode file for STMicroelectronics.X-CUBE-TOUCHGFX.4.23.2
2025-01-04 11:31:13,686 [WARN] PackLoader:240 - Cannot read IP mode file for STMicroelectronics.X-CUBE-AZRTOS-F7.1.1.0
2025-01-04 11:31:13,708 [ERROR] RealEvaluatedCondition:428 - Found unsupported composite condition: CLASS='Data Exchange' GROUP='STM32_MetaDataManager'
2025-01-04 11:31:13,708 [ERROR] RealEvaluatedCondition:428 - Found unsupported composite condition: GROUP='STM32_MetaDataManager' CLASS='Data Exchange'
2025-01-04 11:31:13,712 [WARN] PackLoader:240 - Cannot read IP mode file for STMicroelectronics.FP-SNS-MOTENV1.4.3.0
2025-01-04 11:31:13,731 [WARN] PackLoader:240 - Cannot read IP mode file for STMicroelectronics.FP-SNS-MOTENV1.4.3.2
2025-01-04 11:31:13,747 [WARN] PackLoader:240 - Cannot read IP mode file for STMicroelectronics.FP-SNS-FLIGHT1.5.0.0
2025-01-04 11:31:13,756 [ERROR] RealEvaluatedCondition:428 - Found unsupported composite condition: CLASS='Data Exchange' GROUP='STM32_MetaDataManager'
2025-01-04 11:31:13,757 [ERROR] RealEvaluatedCondition:428 - Found unsupported composite condition: GROUP='STM32_MetaDataManager' CLASS='Data Exchange'
2025-01-04 11:31:13,760 [WARN] PackLoader:240 - Cannot read IP mode file for STMicroelectronics.FP-SNS-MOTENV1.4.3.1
2025-01-04 11:31:13,774 [WARN] PackLoader:240 - Cannot read IP mode file for STMicroelectronics.FP-SNS-FLIGHT1.5.0.1
2025-01-04 11:31:13,950 [WARN] PackLoader:240 - Cannot read IP mode file for STMicroelectronics.X-CUBE-MEMS1.11.0.0
2025-01-04 11:31:14,499 [WARN] PackLoader:240 - Cannot read IP mode file for STMicroelectronics.X-CUBE-BLE1.6.2.4
2025-01-04 11:31:14,509 [WARN] PackLoader:240 - Cannot read IP mode file for STMicroelectronics.FP-SNS-FLIGHT1.5.0.2
2025-01-04 11:31:14,527 [WARN] PackLoader:240 - Cannot read IP mode file for STMicroelectronics.X-CUBE-DISPLAY.3.0.0
2025-01-04 11:31:14,544 [WARN] PackLoader:240 - Cannot read IP mode file for STMicroelectronics.X-CUBE-BLE1.7.0.0
2025-01-04 11:31:14,570 [WARN] PackLoader:240 - Cannot read IP mode file for STMicroelectronics.X-CUBE-NFC10.1.0.0
2025-01-04 11:31:14,585 [ERROR] Engine:466 - C:\Users\Minh\.stm32cubemx\thirdparties\pdsc\STMicroelectronics.X-CUBE-BLEMGR.4.0.0.pdsc: PDSC version is not supported
2025-01-04 11:31:14,591 [WARN] PackLoader:240 - Cannot read IP mode file for STMicroelectronics.X-CUBE-TOUCHGFX.4.22.0
2025-01-04 11:31:14,598 [WARN] PackLoader:240 - Cannot read IP mode file for STMicroelectronics.X-CUBE-TOUCHGFX.4.22.1
2025-01-04 11:31:14,621 [WARN] PackLoader:240 - Cannot read IP mode file for STMicroelectronics.X-CUBE-BLEMGR.3.1.0
2025-01-04 11:31:14,638 [WARN] PackLoader:240 - Cannot read IP mode file for STMicroelectronics.FP-SNS-SMARTAG2.1.2.0
2025-01-04 11:31:14,774 [INFO] WebApp:157 - Instantiating new browser for Auth
2025-01-04 11:31:14,818 [WARN] PackLoader:240 - Cannot read IP mode file for STMicroelectronics.X-CUBE-MEMS1.11.1.0
2025-01-04 11:31:15,262 [INFO] LogOutputStream:77 - [STDOUT_REDIRECT] 1 : Invalid condition id : UX_CORESTACK_Condition cause : null
2025-01-04 11:31:15,263 [INFO] LogOutputStream:77 - [STDOUT_REDIRECT] 1 : Invalid condition id : UX_CORESTACK_Condition cause : null
2025-01-04 11:31:15,268 [INFO] LogOutputStream:77 - [STDOUT_REDIRECT] 1 : Invalid condition id : UX_CORESTACK_Condition cause : null
2025-01-04 11:31:15,272 [INFO] LogOutputStream:77 - [STDOUT_REDIRECT] 1 : Invalid condition id : UX_CORESTACK_Condition cause : null
2025-01-04 11:31:15,277 [INFO] LogOutputStream:77 - [STDOUT_REDIRECT] 1 : Invalid condition id : UX_CORESTACK_Condition cause : null
2025-01-04 11:31:15,284 [WARN] PackLoader:240 - Cannot read IP mode file for STMicroelectronics.X-CUBE-AZRTOS-WL.2.0.0
2025-01-04 11:31:15,295 [WARN] PackLoader:240 - Cannot read IP mode file for STMicroelectronics.FP-SNS-MOTENV1.5.0.0
2025-01-04 11:31:15,308 [WARN] PackLoader:240 - Cannot read IP mode file for wolfSSL.I-CUBE-wolfMQTT.1.19.0
2025-01-04 11:31:15,327 [WARN] PackLoader:240 - Cannot read IP mode file for WES.I-CUBE-Cesium.1.3.0
2025-01-04 11:31:15,365 [WARN] PackLoader:240 - Cannot read IP mode file for STMicroelectronics.X-CUBE-BLE2.3.3.0
2025-01-04 11:31:15,411 [WARN] PackLoader:240 - Cannot read IP mode file for STMicroelectronics.X-CUBE-TOF1.3.2.0
2025-01-04 11:31:15,441 [WARN] PackLoader:240 - Cannot read IP mode file for STMicroelectronics.X-CUBE-NFC9.1.0.0
2025-01-04 11:31:15,459 [WARN] PackLoader:240 - Cannot read IP mode file for STMicroelectronics.X-CUBE-TCPP.4.1.0
2025-01-04 11:31:15,473 [WARN] PackLoader:240 - Cannot read IP mode file for STMicroelectronics.X-CUBE-TOUCHGFX.4.21.1
2025-01-04 11:31:15,479 [WARN] PackLoader:240 - Cannot read IP mode file for STMicroelectronics.X-CUBE-TOUCHGFX.4.21.3
2025-01-04 11:31:15,485 [WARN] PackLoader:240 - Cannot read IP mode file for STMicroelectronics.X-CUBE-TOUCHGFX.4.21.4
2025-01-04 11:31:15,543 [WARN] PackLoader:240 - Cannot read IP mode file for STMicroelectronics.X-CUBE-ALGOBUILD.1.3.0
2025-01-04 11:31:15,583 [WARN] PackLoader:240 - Cannot read IP mode file for STMicroelectronics.X-CUBE-AZRTOS-G0.1.1.0
2025-01-04 11:31:15,613 [WARN] PackLoader:240 - Cannot read IP mode file for STMicroelectronics.X-CUBE-SAFEA1.1.2.2
2025-01-04 11:31:15,657 [WARN] PackLoader:240 - Cannot read IP mode file for STMicroelectronics.X-CUBE-NFC4.3.0.0
2025-01-04 11:31:15,667 [ERROR] Engine:466 - C:\Users\Minh\.stm32cubemx\thirdparties\pdsc\EmbeddedOffice.I-CUBE-FS-RTOS.1.0.1.pdsc: PDSC version is not supported
2025-01-04 11:31:15,686 [WARN] PackLoader:240 - Cannot read IP mode file for STMicroelectronics.X-CUBE-BLEMGR.3.0.0
2025-01-04 11:31:15,700 [ERROR] Engine:466 - C:\Users\Minh\.stm32cubemx\thirdparties\pdsc\STMicroelectronics.X-CUBE-TCPP.4.2.0.pdsc: PDSC version is not supported
2025-01-04 11:31:15,705 [ERROR] Engine:466 - C:\Users\Minh\.stm32cubemx\thirdparties\pdsc\RealThread.X-CUBE-RT-Thread_Nano.4.1.1.pdsc: PDSC version is not supported
2025-01-04 11:31:15,713 [WARN] PackLoader:240 - Cannot read IP mode file for STMicroelectronics.FP-ATR-SIGFOX1.3.2.0
2025-01-04 11:31:15,718 [ERROR] Engine:466 - C:\Users\Minh\.stm32cubemx\thirdparties\pdsc\quantropi.X-CUBE-qispace-sdk-base.1.9.3.pdsc: PDSC version is not supported
2025-01-04 11:31:15,729 [WARN] PackLoader:240 - Cannot read IP mode file for STMicroelectronics.X-CUBE-EEPRMA1.5.1.0
2025-01-04 11:31:15,834 [WARN] PackLoader:240 - Cannot read IP mode file for STMicroelectronics.X-CUBE-MEMS1.9.5.0
2025-01-04 11:31:16,373 [WARN] PackLoader:240 - Cannot read IP mode file for SEGGER.I-CUBE-embOS.1.3.1
2025-01-04 11:31:16,512 [WARN] PackLoader:240 - Cannot read IP mode file for STMicroelectronics.X-CUBE-ALGOBUILD.1.4.0
2025-01-04 11:31:16,522 [WARN] PackLoader:240 - Cannot read IP mode file for STMicroelectronics.X-CUBE-AI.9.1.0
2025-01-04 11:31:16,537 [WARN] PackLoader:240 - Cannot read IP mode file for STMicroelectronics.X-CUBE-GNSS1.6.0.0
2025-01-04 11:31:16,596 [WARN] PackLoader:240 - Cannot read IP mode file for STMicroelectronics.X-CUBE-AZRTOS-F4.1.1.0
2025-01-04 11:31:16,613 [WARN] PackLoader:240 - Cannot read IP mode file for STMicroelectronics.X-CUBE-ISPU.2.1.0
2025-01-04 11:31:16,628 [WARN] PackLoader:240 - Cannot read IP mode file for STMicroelectronics.X-CUBE-FREERTOS.1.2.0
2025-01-04 11:31:16,679 [WARN] PackLoader:240 - Cannot read IP mode file for STMicroelectronics.X-CUBE-AZRTOS-L5.2.0.0
2025-01-04 11:31:16,738 [INFO] WebApp:753 - Register for checkConnection events
2025-01-04 11:31:16,739 [INFO] WebApp:390 - Apply proxy settings
2025-01-04 11:31:16,740 [INFO] WebApp:475 - Chromium requires no authentication
2025-01-04 11:31:16,762 [INFO] WebApp:418 - Direct internet connection detected
2025-01-04 11:31:16,813 [WARN] PackLoader:240 - Cannot read IP mode file for STMicroelectronics.X-CUBE-MEMS1.9.6.0
2025-01-04 11:31:17,224 [WARN] PackLoader:240 - Cannot read IP mode file for STMicroelectronics.X-CUBE-EEPRMA1.4.2.0
2025-01-04 11:31:17,245 [WARN] PackLoader:240 - Cannot read IP mode file for STMicroelectronics.X-CUBE-NFC6.3.1.0
2025-01-04 11:31:17,264 [WARN] PackLoader:240 - Cannot read IP mode file for ITTIA_DB.I-CUBE-ITTIADB.8.8.0
2025-01-04 11:31:17,295 [WARN] PackLoader:240 - Cannot read IP mode file for emotas.I-CUBE-CANOPEN.1.1.3
2025-01-04 11:31:17,314 [WARN] PackLoader:240 - Cannot read IP mode file for STMicroelectronics.X-CUBE-BLEMGR.2.0.0
2025-01-04 11:31:17,324 [ERROR] Engine:466 - C:\Users\Minh\.stm32cubemx\thirdparties\pdsc\STMicroelectronics.X-CUBE-DPower.1.2.0.pdsc: PDSC version is not supported
2025-01-04 11:31:17,331 [WARN] PackLoader:240 - Cannot read IP mode file for STMicroelectronics.X-CUBE-AI.9.0.0
2025-01-04 11:31:17,353 [INFO] WebApp:188 - Starting web application
2025-01-04 11:31:17,353 [INFO] WebApp:520 - Web application path used C:\ST\STM32CubeIDE_1.4.0\STM32CubeIDE\plugins\com.st.stm32cube.common.mx_6.9.1.202307191849\db\plugins\mcufinder\reactClient1\index.html
2025-01-04 11:31:17,375 [WARN] ConditionMgr:438 - getConditionDescription Invalid condition id : UX DEVICE CLASS RTOS Condition cause : null
2025-01-04 11:31:17,375 [WARN] ConditionMgr:438 - getConditionDescription Invalid condition id : UX DEVICE CLASS RTOS Condition cause : null
2025-01-04 11:31:17,392 [WARN] PackLoader:240 - Cannot read IP mode file for STMicroelectronics.X-CUBE-AZRTOS-H7.3.1.0
2025-01-04 11:31:17,396 [WARN] ConditionMgr:1039 - genDependencies : Invalid condition id : UX DEVICE CLASS RTOS Condition cause : null
2025-01-04 11:31:17,397 [WARN] ConditionMgr:1039 - genDependencies : Invalid condition id : UX DEVICE CLASS RTOS Condition cause : null
2025-01-04 11:31:17,399 [WARN] ConditionMgr:1039 - genDependencies : Invalid condition id : UX DEVICE CLASS RTOS Condition cause : null
2025-01-04 11:31:17,400 [WARN] ConditionMgr:1039 - genDependencies : Invalid condition id : UX DEVICE CLASS RTOS Condition cause : null
2025-01-04 11:31:17,401 [WARN] ConditionMgr:1039 - genDependencies : Invalid condition id : UX DEVICE CLASS RTOS Condition cause : null
2025-01-04 11:31:17,415 [WARN] PackLoader:240 - Cannot read IP mode file for wolfSSL.I-CUBE-wolfSSL.5.5.4
2025-01-04 11:31:17,426 [WARN] PackLoader:240 - Cannot read IP mode file for STMicroelectronics.X-CUBE-FREERTOS.1.3.0
2025-01-04 11:31:17,440 [WARN] PackLoader:240 - Cannot read IP mode file for STMicroelectronics.X-CUBE-NFC7.1.0.1
2025-01-04 11:31:17,452 [WARN] PackLoader:240 - Cannot read IP mode file for STMicroelectronics.X-CUBE-NFC7.1.0.0
2025-01-04 11:31:17,463 [WARN] PackLoader:240 - Cannot read IP mode file for wolfSSL.I-CUBE-wolfTPM.3.2.0
2025-01-04 11:31:17,478 [WARN] PackLoader:240 - Cannot read IP mode file for STMicroelectronics.X-CUBE-NFC6.3.0.0
2025-01-04 11:31:17,501 [WARN] PackLoader:240 - Cannot read IP mode file for STMicroelectronics.X-CUBE-EEPRMA1.4.1.0
2025-01-04 11:31:17,514 [WARN] PackLoader:240 - Cannot read IP mode file for STMicroelectronics.X-CUBE-AI.8.1.0
2025-01-04 11:31:17,565 [WARN] ConditionMgr:438 - getConditionDescription Invalid condition id : LAN8742 Phy interface Condition cause : null
2025-01-04 11:31:17,567 [WARN] PackLoader:240 - Cannot read IP mode file for STMicroelectronics.X-CUBE-AZRTOS-L4.2.0.0
2025-01-04 11:31:17,570 [WARN] ConditionMgr:1039 - genDependencies : Invalid condition id : LAN8742 Phy interface Condition cause : null
2025-01-04 11:31:17,571 [WARN] ConditionMgr:1039 - genDependencies : Invalid condition id : LAN8742 Phy interface Condition cause : null
2025-01-04 11:31:17,572 [WARN] ConditionMgr:1039 - genDependencies : Invalid condition id : LAN8742 Phy interface Condition cause : null
2025-01-04 11:31:17,592 [WARN] PackLoader:240 - Cannot read IP mode file for STMicroelectronics.X-CUBE-SFXS2LP1.4.0.0
2025-01-04 11:31:17,665 [WARN] PackLoader:240 - Cannot read IP mode file for STMicroelectronics.X-CUBE-AZRTOS-H7.3.0.0
2025-01-04 11:31:17,684 [WARN] PackLoader:240 - Cannot read IP mode file for STMicroelectronics.X-CUBE-ISPU.1.1.0
2025-01-04 11:31:17,762 [WARN] PackLoader:240 - Cannot read IP mode file for STMicroelectronics.X-CUBE-AZRTOS-H7.3.3.0
2025-01-04 11:31:17,787 [WARN] PackLoader:240 - Cannot read IP mode file for RoweBots.I-CUBE-UNISONRTOS.5.5.0-4
2025-01-04 11:31:17,811 [WARN] PackLoader:240 - Cannot read IP mode file for STMicroelectronics.X-CUBE-AI.8.0.0
2025-01-04 11:31:17,822 [ERROR] Engine:466 - C:\Users\Minh\.stm32cubemx\thirdparties\pdsc\STMicroelectronics.X-CUBE-IPS.3.0.0.pdsc: PDSC version is not supported
2025-01-04 11:31:17,849 [WARN] ConditionMgr:438 - getConditionDescription Invalid condition id : UX DEVICE CLASS RTOS Condition cause : null
2025-01-04 11:31:17,849 [WARN] ConditionMgr:438 - getConditionDescription Invalid condition id : UX DEVICE CLASS RTOS Condition cause : null
2025-01-04 11:31:17,857 [WARN] PackLoader:240 - Cannot read IP mode file for STMicroelectronics.X-CUBE-AZRTOS-WB.2.0.0
2025-01-04 11:31:17,858 [WARN] ConditionMgr:1039 - genDependencies : Invalid condition id : UX DEVICE CLASS RTOS Condition cause : null
2025-01-04 11:31:17,859 [WARN] ConditionMgr:1039 - genDependencies : Invalid condition id : UX DEVICE CLASS RTOS Condition cause : null
2025-01-04 11:31:17,863 [WARN] ConditionMgr:1039 - genDependencies : Invalid condition id : UX DEVICE CLASS RTOS Condition cause : null
2025-01-04 11:31:17,865 [WARN] ConditionMgr:1039 - genDependencies : Invalid condition id : UX DEVICE CLASS RTOS Condition cause : null
2025-01-04 11:31:17,866 [WARN] ConditionMgr:1039 - genDependencies : Invalid condition id : UX DEVICE CLASS RTOS Condition cause : null
2025-01-04 11:31:17,880 [WARN] PackLoader:240 - Cannot read IP mode file for STMicroelectronics.X-CUBE-FREERTOS.1.0.0
2025-01-04 11:31:17,891 [WARN] PackLoader:240 - Cannot read IP mode file for STMicroelectronics.X-CUBE-FREERTOS.1.0.1
2025-01-04 11:31:17,903 [WARN] PackLoader:240 - Cannot read IP mode file for STMicroelectronics.X-CUBE-GNSS1.7.0.0
2025-01-04 11:31:17,915 [WARN] PackLoader:240 - Cannot read IP mode file for STMicroelectronics.X-CUBE-GNSS1.7.0.1
2025-01-04 11:31:17,924 [ERROR] Engine:466 - C:\Users\Minh\.stm32cubemx\thirdparties\pdsc\STMicroelectronics.FP-SNS-STBOX1.2.0.0.pdsc: PDSC version is not supported
2025-01-04 11:31:17,956 [WARN] PackLoader:240 - Cannot read IP mode file for STMicroelectronics.X-CUBE-AZRTOS-L5.1.1.0
2025-01-04 11:31:17,968 [WARN] PackLoader:240 - Cannot read IP mode file for STMicroelectronics.X-CUBE-AI.8.0.1
2025-01-04 11:31:17,991 [WARN] PackLoader:240 - Cannot read IP mode file for STMicroelectronics.X-CUBE-SUBG2.5.0.0
2025-01-04 11:31:18,012 [WARN] PackLoader:240 - Cannot read IP mode file for Cesanta.I-CUBE-Mongoose.7.13.0
2025-01-04 11:31:18,034 [WARN] PackLoader:240 - Cannot read IP mode file for STMicroelectronics.X-CUBE-TOF1.3.3.1
2025-01-04 11:31:18,104 [WARN] PackLoader:240 - Cannot read IP mode file for STMicroelectronics.X-CUBE-AZRTOS-G4.2.0.0
2025-01-04 11:31:18,128 [WARN] PackLoader:240 - Cannot read IP mode file for STMicroelectronics.X-CUBE-TOF1.3.3.0
2025-01-04 11:31:18,153 [WARN] PackLoader:240 - Cannot read IP mode file for STMicroelectronics.FP-ATR-ASTRA1.1.1.1
2025-01-04 11:31:18,201 [WARN] PackLoader:240 - Cannot read IP mode file for Infineon.AIROC-Wi-Fi-Bluetooth-STM32.1.5.1
2025-01-04 11:31:18,227 [WARN] PackLoader:240 - Cannot read IP mode file for STMicroelectronics.FP-SNS-MOTENVWB1.1.3.0
2025-01-04 11:31:18,236 [WARN] PackLoader:240 - Cannot read IP mode file for STMicroelectronics.FP-SNS-MOTENVWB1.1.3.1
2025-01-04 11:31:18,267 [WARN] PackLoader:240 - Cannot read IP mode file for STMicroelectronics.X-CUBE-AZRTOS-G4.1.0.0
2025-01-04 11:31:18,307 [WARN] PackLoader:240 - Cannot read IP mode file for STMicroelectronics.X-CUBE-AZRTOS-L4.1.0.0
2025-01-04 11:31:18,328 [WARN] PackLoader:240 - Cannot read IP mode file for STMicroelectronics.X-CUBE-ISPU.2.0.0
2025-01-04 11:31:18,339 [WARN] PackLoader:240 - Cannot read IP mode file for STMicroelectronics.X-CUBE-ALS.1.0.2
2025-01-04 11:31:18,434 [WARN] PackLoader:240 - Cannot read IP mode file for STMicroelectronics.X-CUBE-MEMS1.10.0.0
2025-01-04 11:31:18,727 [WARN] PackLoader:240 - Cannot read IP mode file for STMicroelectronics.X-CUBE-FREERTOS.1.1.0
2025-01-04 11:31:18,734 [WARN] PackLoader:240 - Cannot read IP mode file for STMicroelectronics.X-CUBE-TOUCHGFX.4.24.0
2025-01-04 11:31:18,753 [WARN] PackLoader:240 - Cannot read IP mode file for STMicroelectronics.X-CUBE-AZRTOS-WL.1.0.0
2025-01-04 11:31:18,761 [WARN] PackLoader:240 - Cannot read IP mode file for STMicroelectronics.X-CUBE-TOUCHGFX.4.24.1
2025-01-04 11:31:18,773 [WARN] PackLoader:240 - Cannot read IP mode file for portGmbH.I-Cube-SoM-uGOAL.1.1.0
2025-01-04 11:31:18,781 [WARN] PackLoader:240 - Cannot read IP mode file for STMicroelectronics.X-CUBE-ALS.1.0.1
2025-01-04 11:31:18,807 [WARN] PackLoader:240 - Cannot read IP mode file for STMicroelectronics.X-CUBE-AZRTOS-WB.1.1.0
2025-01-04 11:31:18,850 [WARN] PackLoader:240 - Cannot read IP mode file for STMicroelectronics.X-CUBE-AZRTOS-H7RS.1.0.0
2025-01-04 11:31:18,862 [WARN] PackLoader:240 - Cannot read IP mode file for STMicroelectronics.FP-ATR-ASTRA1.2.0.0
2025-01-04 11:31:18,873 [ERROR] Engine:466 - C:\Users\Minh\.stm32cubemx\thirdparties\pdsc\STMicroelectronics.X-CUBE-TOF1.3.4.2.pdsc: PDSC version is not supported
2025-01-04 11:31:18,893 [WARN] PackLoader:240 - Cannot read IP mode file for STMicroelectronics.X-CUBE-TOF1.3.4.0
2025-01-04 11:31:18,935 [WARN] PackLoader:240 - Cannot read IP mode file for STMicroelectronics.X-CUBE-TOF1.3.4.1
2025-01-04 11:31:18,991 [WARN] PackLoader:240 - Cannot read IP mode file for STMicroelectronics.X-CUBE-AZRTOS-H7.3.2.0
2025-01-04 11:31:19,005 [WARN] PackLoader:240 - Cannot read IP mode file for wolfSSL.I-CUBE-wolfSSH.1.4.17
2025-01-04 11:31:19,006 [INFO] ThirdParty:978 - Integrity check success = true
2025-01-04 11:31:19,006 [INFO] IntegrityCheckThread:100 - exiting critical section [integrity check]
2025-01-04 11:31:19,006 [INFO] IntegrityCheckThread:103 - End integrity checks thread
2025-01-04 11:52:29,710 [ERROR] LogOutputStream:75 - [STDERR_REDIRECT] SLF4J: Failed to load class "org.slf4j.impl.StaticLoggerBinder".
2025-01-04 11:52:29,711 [ERROR] LogOutputStream:75 - [STDERR_REDIRECT] SLF4J: Defaulting to no-operation (NOP) logger implementation
2025-01-04 11:52:29,717 [ERROR] LogOutputStream:75 - [STDERR_REDIRECT] SLF4J: See http://www.slf4j.org/codes.html#StaticLoggerBinder for further details.
2025-01-04 16:56:02,069 [ERROR] LogOutputStream:75 - [STDERR_REDIRECT] 
2025-01-04 17:41:44,026 [INFO] Activator:176 - 


2025-01-04 17:41:44,032 [INFO] Activator:177 - !SESSION log4j initialized
2025-01-04 17:42:00,704 [INFO] LogOutputStream:77 - [STDOUT_REDIRECT] 
2025-01-04 17:42:10,375 [INFO] ApplicationProperties:184 - Using Application install path: C:\ST\STM32CubeIDE_1.4.0\STM32CubeIDE\plugins\com.st.stm32cube.common.mx_6.9.1.202307191849
2025-01-04 17:42:10,415 [INFO] DbMcusXml:78 - Set database path to: C:\ST\STM32CubeIDE_1.4.0\STM32CubeIDE\plugins\com.st.stm32cube.common.mx_6.9.1.202307191849\\db\/mcu/
2025-01-04 17:42:10,415 [INFO] ApiDb:274 - Set plugin database path to: C:\ST\STM32CubeIDE_1.4.0\STM32CubeIDE\plugins\com.st.stm32cube.common.mx_6.9.1.202307191849\\db\/plugins/boardmanager/
2025-01-04 17:42:10,416 [WARN] ApiDb:259 - Overriding images path with different value:  => C:\ST\STM32CubeIDE_1.4.0\STM32CubeIDE\plugins\com.st.stm32cube.common.mx_6.9.1.202307191849\\db\/plugins/mcufinder/images/
2025-01-04 17:42:10,442 [INFO] ApiDb:250 - Set database path to: C:\Users\Minh\.stmcufinder\plugins\mcufinder//mcu/
2025-01-04 17:42:10,445 [INFO] DbMcusAds:125 - Set database path to: C:\Users\Minh\.stmcufinder\plugins\mcufinder//mcu/
2025-01-04 17:42:10,449 [INFO] CrossReferenceDbSqlite:203 - Set database path to: C:\Users\Minh\.stmcufinder\plugins\mcufinder//mcu/cs/
2025-01-04 17:42:10,783 [INFO] RulesReader:64 - Compatibility file has been processed (293 Rules)
2025-01-04 17:42:11,011 [INFO] DbMcusXml:78 - Set database path to: C:\ST\STM32CubeIDE_1.4.0\STM32CubeIDE\plugins\com.st.stm32cube.common.mx_6.9.1.202307191849\\db\/mcu/
2025-01-04 17:42:11,012 [INFO] ApiDb:274 - Set plugin database path to: C:\ST\STM32CubeIDE_1.4.0\STM32CubeIDE\plugins\com.st.stm32cube.common.mx_6.9.1.202307191849\\db\/plugins/boardmanager/
2025-01-04 17:42:11,012 [INFO] ApiDb:261 - Set plugin images path to: C:\ST\STM32CubeIDE_1.4.0\STM32CubeIDE\plugins\com.st.stm32cube.common.mx_6.9.1.202307191849\\db\/plugins/mcufinder/images/
2025-01-04 17:42:11,013 [WARN] DbFile:41 - Overriding database path with different value: C:\Users\Minh\.stmcufinder\plugins\mcufinder/ => C:\Users\Minh\.stmcufinder\plugins\mcufinder
2025-01-04 17:42:11,013 [INFO] ApiDb:250 - Set database path to: C:\Users\Minh\.stmcufinder\plugins\mcufinder//mcu/
2025-01-04 17:42:11,013 [WARN] DbFile:41 - Overriding database path with different value: C:\Users\Minh\.stmcufinder\plugins\mcufinder/ => C:\Users\Minh\.stmcufinder\plugins\mcufinder
2025-01-04 17:42:11,014 [INFO] DbMcusAds:125 - Set database path to: C:\Users\Minh\.stmcufinder\plugins\mcufinder//mcu/
2025-01-04 17:42:11,014 [WARN] DbFile:41 - Overriding database path with different value: C:\Users\Minh\.stmcufinder\plugins\mcufinder/ => C:\Users\Minh\.stmcufinder\plugins\mcufinder
2025-01-04 17:42:11,014 [WARN] DbFile:41 - Overriding database path with different value: C:\Users\Minh\.stmcufinder\plugins\mcufinder/ => C:\Users\Minh\.stmcufinder\plugins\mcufinder
2025-01-04 17:42:11,015 [INFO] CrossReferenceDbSqlite:203 - Set database path to: C:\Users\Minh\.stmcufinder\plugins\mcufinder//mcu/cs/
2025-01-04 17:42:11,206 [INFO] MainPanel:262 - HeapMemory: 268435456
2025-01-04 17:42:11,414 [INFO] DbMcusXml:78 - Set database path to: C:\ST\STM32CubeIDE_1.4.0\STM32CubeIDE\plugins\com.st.stm32cube.common.mx_6.9.1.202307191849\\db\/mcu/
2025-01-04 17:42:11,414 [INFO] ApiDb:274 - Set plugin database path to: C:\ST\STM32CubeIDE_1.4.0\STM32CubeIDE\plugins\com.st.stm32cube.common.mx_6.9.1.202307191849\\db\/plugins/boardmanager/
2025-01-04 17:42:11,414 [INFO] ApiDb:261 - Set plugin images path to: C:\ST\STM32CubeIDE_1.4.0\STM32CubeIDE\plugins\com.st.stm32cube.common.mx_6.9.1.202307191849\\db\/plugins/mcufinder/images/
2025-01-04 17:42:11,415 [WARN] DbFile:41 - Overriding database path with different value: C:\Users\Minh\.stmcufinder\plugins\mcufinder/ => C:\Users\Minh\.stmcufinder\plugins\mcufinder
2025-01-04 17:42:11,416 [INFO] ApiDb:250 - Set database path to: C:\Users\Minh\.stmcufinder\plugins\mcufinder//mcu/
2025-01-04 17:42:11,416 [WARN] DbFile:41 - Overriding database path with different value: C:\Users\Minh\.stmcufinder\plugins\mcufinder/ => C:\Users\Minh\.stmcufinder\plugins\mcufinder
2025-01-04 17:42:11,416 [INFO] DbMcusAds:125 - Set database path to: C:\Users\Minh\.stmcufinder\plugins\mcufinder//mcu/
2025-01-04 17:42:11,416 [WARN] DbFile:41 - Overriding database path with different value: C:\Users\Minh\.stmcufinder\plugins\mcufinder/ => C:\Users\Minh\.stmcufinder\plugins\mcufinder
2025-01-04 17:42:11,416 [WARN] DbFile:41 - Overriding database path with different value: C:\Users\Minh\.stmcufinder\plugins\mcufinder/ => C:\Users\Minh\.stmcufinder\plugins\mcufinder
2025-01-04 17:42:11,416 [INFO] CrossReferenceDbSqlite:203 - Set database path to: C:\Users\Minh\.stmcufinder\plugins\mcufinder//mcu/cs/
2025-01-04 17:42:11,452 [INFO] ApplicationProperties:184 - Using Application install path: C:\ST\STM32CubeIDE_1.4.0\STM32CubeIDE\plugins\com.st.stm32cube.common.mx_6.9.1.202307191849
2025-01-04 17:42:11,455 [INFO] PluginManage:196 - Search for loadable plugins [exclusion list=, ]
2025-01-04 17:42:11,459 [INFO] PluginManage:310 - Check plugin analytics
2025-01-04 17:42:16,541 [INFO] AnalyticsPlugin:253 - Accepted Software Licenses: STM32CubeMX.6.0.0,STM32CubeMX.5.2.0
2025-01-04 17:42:16,542 [INFO] AnalyticsPlugin:255 - Accepted CMSIS Pack Licenses: 
2025-01-04 17:42:16,543 [INFO] AnalyticsPlugin:257 - Accepted Firmware Licenses: FW.F4.1.27.0
2025-01-04 17:42:16,552 [INFO] PluginManage:359 - Loaded plugin analytics (category:tool,tabindex:-1)
2025-01-04 17:42:16,553 [INFO] PluginManage:310 - Check plugin cadmodel
2025-01-04 17:42:16,608 [INFO] CADModel:105 - Init CAD model plugin
2025-01-04 17:42:16,609 [INFO] PluginManage:359 - Loaded plugin cadmodel (category:power,tabindex:5)
2025-01-04 17:42:16,609 [INFO] PluginManage:310 - Check plugin clock
2025-01-04 17:42:16,669 [INFO] PluginManage:359 - Loaded plugin clock (category:base,tabindex:2)
2025-01-04 17:42:16,670 [INFO] PluginManage:310 - Check plugin ddr
2025-01-04 17:42:16,675 [INFO] PluginManage:359 - Loaded plugin ddr (category:tool,tabindex:6)
2025-01-04 17:42:16,676 [INFO] PluginManage:310 - Check plugin filemanager
2025-01-04 17:42:16,990 [INFO] PluginManage:359 - Loaded plugin filemanager (category:base,tabindex:10)
2025-01-04 17:42:16,990 [INFO] PluginManage:310 - Check plugin ipmanager
2025-01-04 17:42:17,009 [INFO] PluginManage:359 - Loaded plugin ipmanager (category:base,tabindex:5)
2025-01-04 17:42:17,009 [INFO] PluginManage:310 - Check plugin lpbam
2025-01-04 17:42:17,058 [INFO] PluginManage:359 - Loaded plugin lpbam (category:base,tabindex:0)
2025-01-04 17:42:17,059 [INFO] PluginManage:310 - Check plugin memorymap
2025-01-04 17:42:17,115 [INFO] PluginManage:359 - Loaded plugin memorymap (category:base,tabindex:4)
2025-01-04 17:42:17,116 [INFO] PluginManage:310 - Check plugin pinoutandconfiguration
2025-01-04 17:42:17,163 [INFO] PluginManage:359 - Loaded plugin pinoutandconfiguration (category:base,tabindex:1)
2025-01-04 17:42:17,164 [INFO] PluginManage:310 - Check plugin pinoutconfig
2025-01-04 17:42:17,418 [WARN] SupportedApi:132 - Cannot load RTOS API schema: s4s-elt-must-match.1: The content of 'definitions' must match (annotation?, (simpleType | complexType)?, (unique | key | keyref)*)). A problem was found starting at: attribute.
2025-01-04 17:42:17,754 [INFO] PluginManage:359 - Loaded plugin pinoutconfig (category:base,tabindex:0)
2025-01-04 17:42:17,754 [INFO] PluginManage:310 - Check plugin power
2025-01-04 17:42:17,810 [INFO] PluginManage:359 - Loaded plugin power (category:power,tabindex:4)
2025-01-04 17:42:17,810 [INFO] PluginManage:310 - Check plugin projectmanager
2025-01-04 17:42:17,845 [INFO] PluginManage:359 - Loaded plugin projectmanager (category:projectmanager,tabindex:3)
2025-01-04 17:42:17,846 [INFO] PluginManage:310 - Check plugin thirdparty
2025-01-04 17:42:18,616 [INFO] PluginManage:359 - Loaded plugin thirdparty (category:base,tabindex:-1)
2025-01-04 17:42:18,616 [WARN] IntegrityCheckThread:84 - waiting for thirdparty lock release [integrity check]
2025-01-04 17:42:18,617 [INFO] PluginManage:310 - Check plugin tools
2025-01-04 17:42:18,617 [INFO] IntegrityCheckThread:86 - entering critical section [integrity check]
2025-01-04 17:42:18,618 [INFO] ThirdPartyUpdaterWithRetryManager:70 - Updater plugin not ready yet. [1/15]
2025-01-04 17:42:18,754 [INFO] PluginManage:359 - Loaded plugin tools (category:base,tabindex:7)
2025-01-04 17:42:18,755 [INFO] PluginManage:310 - Check plugin tutovideos
2025-01-04 17:42:19,320 [INFO] PluginManage:359 - Loaded plugin tutovideos (category:base,tabindex:-1)
2025-01-04 17:42:19,320 [INFO] PluginManage:310 - Check plugin updater
2025-01-04 17:42:19,349 [INFO] PluginManage:359 - Loaded plugin updater (category:base,tabindex:12)
2025-01-04 17:42:19,350 [INFO] PluginManage:310 - Check plugin userauth
2025-01-04 17:42:19,363 [INFO] UserAuth:113 - Init User Auth plugin
2025-01-04 17:42:19,364 [INFO] PluginManage:359 - Loaded plugin userauth (category:base,tabindex:14)
2025-01-04 17:42:19,365 [INFO] PluginManage:283 - PluginManage : Loaded plugins [17]
2025-01-04 17:42:20,018 [INFO] PinOutPanel:1499 - setPackage(No Configuration,No Configuration)
2025-01-04 17:42:20,320 [INFO] CADModel:165 - CPN selected for project level
2025-01-04 17:42:20,320 [INFO] CADModel:114 - Register for checkConnection events
2025-01-04 17:42:20,409 [INFO] IPUIPlugin:80 - create IPUIPlugin
2025-01-04 17:42:20,410 [INFO] PluginManager:220 - loadIPPluginJar : add adc
2025-01-04 17:42:20,570 [INFO] IPUIPlugin:80 - create IPUIPlugin
2025-01-04 17:42:20,572 [INFO] PluginManager:220 - loadIPPluginJar : add aes
2025-01-04 17:42:20,733 [INFO] IPUIPlugin:80 - create IPUIPlugin
2025-01-04 17:42:20,734 [INFO] PluginManager:220 - loadIPPluginJar : add can
2025-01-04 17:42:20,843 [INFO] IPUIPlugin:80 - create IPUIPlugin
2025-01-04 17:42:20,844 [INFO] PluginManager:220 - loadIPPluginJar : add comp
2025-01-04 17:42:21,000 [INFO] IPUIPlugin:80 - create IPUIPlugin
2025-01-04 17:42:21,000 [INFO] PluginManager:220 - loadIPPluginJar : add cryp
2025-01-04 17:42:21,117 [INFO] IPUIPlugin:80 - create IPUIPlugin
2025-01-04 17:42:21,118 [INFO] PluginManager:220 - loadIPPluginJar : add dfsdm
2025-01-04 17:42:21,165 [INFO] IPUIPlugin:80 - create IPUIPlugin
2025-01-04 17:42:21,167 [INFO] PluginManager:220 - loadIPPluginJar : add dma
2025-01-04 17:42:21,328 [INFO] IPUIPlugin:80 - create IPUIPlugin
2025-01-04 17:42:21,328 [INFO] PluginManager:220 - loadIPPluginJar : add dma3
2025-01-04 17:42:21,394 [INFO] IPUIPlugin:80 - create IPUIPlugin
2025-01-04 17:42:21,394 [INFO] PluginManager:220 - loadIPPluginJar : add fatfs
2025-01-04 17:42:21,523 [INFO] IPUIPlugin:80 - create IPUIPlugin
2025-01-04 17:42:21,524 [INFO] PluginManager:220 - loadIPPluginJar : add fmc
2025-01-04 17:42:21,566 [INFO] IPUIPlugin:80 - create IPUIPlugin
2025-01-04 17:42:21,567 [INFO] PluginManager:220 - loadIPPluginJar : add freertos
2025-01-04 17:42:21,619 [INFO] ThirdPartyUpdaterWithRetryManager:70 - Updater plugin not ready yet. [2/15]
2025-01-04 17:42:21,631 [INFO] IPUIPlugin:80 - create IPUIPlugin
2025-01-04 17:42:21,632 [INFO] PluginManager:220 - loadIPPluginJar : add genericplugin
2025-01-04 17:42:21,938 [INFO] IPUIPlugin:80 - create IPUIPlugin
2025-01-04 17:42:21,939 [INFO] PluginManager:220 - loadIPPluginJar : add gfxmmu
2025-01-04 17:42:22,346 [INFO] IPUIPlugin:80 - create IPUIPlugin
2025-01-04 17:42:22,346 [INFO] PluginManager:220 - loadIPPluginJar : add gic
2025-01-04 17:42:22,377 [INFO] IPUIPlugin:80 - create IPUIPlugin
2025-01-04 17:42:22,378 [INFO] PluginManager:220 - loadIPPluginJar : add gpio
2025-01-04 17:42:22,608 [INFO] IPUIPlugin:80 - create IPUIPlugin
2025-01-04 17:42:22,608 [INFO] PluginManager:220 - loadIPPluginJar : add gtzc
2025-01-04 17:42:22,700 [INFO] IPUIPlugin:80 - create IPUIPlugin
2025-01-04 17:42:22,700 [INFO] PluginManager:220 - loadIPPluginJar : add hash
2025-01-04 17:42:22,847 [INFO] IPUIPlugin:80 - create IPUIPlugin
2025-01-04 17:42:22,847 [INFO] PluginManager:220 - loadIPPluginJar : add i2c
2025-01-04 17:42:22,961 [INFO] IPUIPlugin:80 - create IPUIPlugin
2025-01-04 17:42:22,961 [INFO] PluginManager:220 - loadIPPluginJar : add i2s
2025-01-04 17:42:23,076 [INFO] IPUIPlugin:80 - create IPUIPlugin
2025-01-04 17:42:23,077 [INFO] PluginManager:220 - loadIPPluginJar : add i3c
2025-01-04 17:42:23,375 [INFO] IPUIPlugin:80 - create IPUIPlugin
2025-01-04 17:42:23,375 [INFO] PluginManager:220 - loadIPPluginJar : add ipddr
2025-01-04 17:42:23,641 [INFO] IPUIPlugin:80 - create IPUIPlugin
2025-01-04 17:42:23,641 [INFO] PluginManager:220 - loadIPPluginJar : add linkedlist
2025-01-04 17:42:23,780 [INFO] IPUIPlugin:80 - create IPUIPlugin
2025-01-04 17:42:23,780 [INFO] PluginManager:220 - loadIPPluginJar : add lorawan
2025-01-04 17:42:23,895 [INFO] IPUIPlugin:80 - create IPUIPlugin
2025-01-04 17:42:23,895 [INFO] PluginManager:220 - loadIPPluginJar : add ltdc
2025-01-04 17:42:23,941 [INFO] IPUIPlugin:80 - create IPUIPlugin
2025-01-04 17:42:23,942 [INFO] PluginManager:220 - loadIPPluginJar : add mdma
2025-01-04 17:42:23,980 [INFO] IPUIPlugin:80 - create IPUIPlugin
2025-01-04 17:42:23,981 [INFO] PluginManager:220 - loadIPPluginJar : add nvic
2025-01-04 17:42:24,109 [INFO] IPUIPlugin:80 - create IPUIPlugin
2025-01-04 17:42:24,109 [INFO] PluginManager:220 - loadIPPluginJar : add opamp
2025-01-04 17:42:24,302 [INFO] IPUIPlugin:80 - create IPUIPlugin
2025-01-04 17:42:24,303 [INFO] PluginManager:220 - loadIPPluginJar : add openamp
2025-01-04 17:42:24,451 [INFO] IPUIPlugin:80 - create IPUIPlugin
2025-01-04 17:42:24,451 [INFO] PluginManager:220 - loadIPPluginJar : add pdm2pcm
2025-01-04 17:42:24,491 [INFO] IPUIPlugin:80 - create IPUIPlugin
2025-01-04 17:42:24,498 [INFO] PluginManager:220 - loadIPPluginJar : add plateformsettings
2025-01-04 17:42:24,601 [INFO] IPUIPlugin:80 - create IPUIPlugin
2025-01-04 17:42:24,601 [INFO] PluginManager:220 - loadIPPluginJar : add quadspi
2025-01-04 17:42:24,620 [INFO] ThirdPartyUpdaterWithRetryManager:70 - Updater plugin not ready yet. [3/15]
2025-01-04 17:42:24,662 [INFO] IPUIPlugin:80 - create IPUIPlugin
2025-01-04 17:42:24,662 [INFO] PluginManager:220 - loadIPPluginJar : add resmgrutility
2025-01-04 17:42:24,854 [INFO] IPUIPlugin:80 - create IPUIPlugin
2025-01-04 17:42:24,855 [INFO] PluginManager:220 - loadIPPluginJar : add sai
2025-01-04 17:42:24,992 [INFO] IPUIPlugin:80 - create IPUIPlugin
2025-01-04 17:42:24,992 [INFO] PluginManager:220 - loadIPPluginJar : add spi
2025-01-04 17:42:25,195 [INFO] IPUIPlugin:80 - create IPUIPlugin
2025-01-04 17:42:25,196 [INFO] PluginManager:220 - loadIPPluginJar : add stm32_wpan
2025-01-04 17:42:25,284 [INFO] IPUIPlugin:80 - create IPUIPlugin
2025-01-04 17:42:25,285 [INFO] PluginManager:220 - loadIPPluginJar : add tim
2025-01-04 17:42:25,488 [INFO] IPUIPlugin:80 - create IPUIPlugin
2025-01-04 17:42:25,488 [INFO] PluginManager:220 - loadIPPluginJar : add touchsensing
2025-01-04 17:42:25,585 [INFO] IPUIPlugin:80 - create IPUIPlugin
2025-01-04 17:42:25,586 [INFO] PluginManager:220 - loadIPPluginJar : add tracer_emb
2025-01-04 17:42:25,687 [INFO] IPUIPlugin:80 - create IPUIPlugin
2025-01-04 17:42:25,688 [INFO] PluginManager:220 - loadIPPluginJar : add ts
2025-01-04 17:42:25,783 [INFO] IPUIPlugin:80 - create IPUIPlugin
2025-01-04 17:42:25,784 [INFO] PluginManager:220 - loadIPPluginJar : add tsc
2025-01-04 17:42:25,879 [INFO] IPUIPlugin:80 - create IPUIPlugin
2025-01-04 17:42:25,880 [INFO] PluginManager:220 - loadIPPluginJar : add ucpd
2025-01-04 17:42:26,105 [INFO] IPUIPlugin:80 - create IPUIPlugin
2025-01-04 17:42:26,106 [INFO] PluginManager:220 - loadIPPluginJar : add usart
2025-01-04 17:42:26,315 [INFO] IPUIPlugin:80 - create IPUIPlugin
2025-01-04 17:42:26,315 [INFO] PluginManager:220 - loadIPPluginJar : add usbx
2025-01-04 17:42:26,587 [INFO] CADModel:165 - CPN selected for project level
2025-01-04 17:42:26,588 [INFO] CADModel:114 - Register for checkConnection events
2025-01-04 17:42:26,589 [FATAL] Updater:308 - Updater called before beeing initialized
2025-01-04 17:42:26,590 [ERROR] CADModel:125 - Updater not yet initialized, retry later 
2025-01-04 17:42:27,062 [INFO] CADModel:165 - CPN selected for project level
2025-01-04 17:42:27,062 [INFO] CADModel:114 - Register for checkConnection events
2025-01-04 17:42:27,062 [FATAL] Updater:308 - Updater called before beeing initialized
2025-01-04 17:42:27,062 [ERROR] CADModel:125 - Updater not yet initialized, retry later 
2025-01-04 17:42:27,072 [FATAL] Updater:308 - Updater called before beeing initialized
2025-01-04 17:42:27,488 [FATAL] Updater:308 - Updater called before beeing initialized
2025-01-04 17:42:27,507 [INFO] DbMcusAds:53 - JSON generation date=Thu Sep 30 15:55:09 JST 2021 (1632984909247)
2025-01-04 17:42:27,508 [FATAL] Updater:308 - Updater called before beeing initialized
2025-01-04 17:42:27,621 [INFO] ThirdPartyUpdaterWithRetryManager:70 - Updater plugin not ready yet. [4/15]
2025-01-04 17:42:27,781 [WARN] DetailPanel:346 - Failed to get advertising image, set to default
2025-01-04 17:42:28,088 [FATAL] Updater:308 - Updater called before beeing initialized
2025-01-04 17:42:28,092 [FATAL] Updater:308 - Updater called before beeing initialized
2025-01-04 17:42:28,092 [FATAL] Updater:308 - Updater called before beeing initialized
2025-01-04 17:42:28,093 [WARN] DetailPanel:346 - Failed to get advertising image, set to default
2025-01-04 17:42:28,095 [FATAL] Updater:308 - Updater called before beeing initialized
2025-01-04 17:42:28,282 [ERROR] Updater:1120 - MainUpdater not yet initialized. External WinMGr cannot be set.
2025-01-04 17:42:28,321 [INFO] Updater:1056 - Updater Version found : 6.9.1
2025-01-04 17:42:28,374 [INFO] ApplicationProperties:184 - Using Application install path: C:\ST\STM32CubeIDE_1.4.0\STM32CubeIDE\plugins\com.st.stm32cube.common.mx_6.9.1.202307191849
2025-01-04 17:42:28,555 [INFO] MainUpdater:521 - Copy updater definitions from MX database
2025-01-04 17:42:29,481 [INFO] MainUpdater:2868 - connection check result : 10
2025-01-04 17:42:29,482 [INFO] MainUpdater:3562 - Updater definition file requires update
2025-01-04 17:42:29,485 [INFO] MainUpdater:285 - Updater Check For Update Now.
2025-01-04 17:42:29,486 [INFO] MicroXplorer:498 - Change Database Version : DB.6.0.91
2025-01-04 17:42:29,533 [INFO] McuFinderGlobals:63 - Set McuFinder mode to 2 (CubeIDE integrated)
2025-01-04 17:42:29,534 [INFO] UserAuth:179 - activating auth plugin
2025-01-04 17:42:29,537 [INFO] ServerAccessManage:473 - Download File updaters.zip
2025-01-04 17:42:29,541 [INFO] UserAuth:393 - Internet connection configuration mode: 1
2025-01-04 17:42:29,591 [INFO] JxBrowserEngine:151 - Initiate JxBrowser Engine with user profile folder
2025-01-04 17:42:29,774 [INFO] FileExtend:240 - Unzip File : updaters.zip
2025-01-04 17:42:29,774 [INFO] FileExtend:255 - Standard Zip Deflate
2025-01-04 17:42:30,623 [WARN] MainUpdater:1189 - Updater busy. Cannot search thirdparties
2025-01-04 17:42:30,624 [INFO] ThirdPartyUpdaterWithRetryManager:96 - Updater plugin is busy. [1/15]
2025-01-04 17:42:30,975 [INFO] ServerAccessManage:473 - Download File PacksControlFlags.xml
2025-01-04 17:42:31,162 [INFO] ServerAccessManage:473 - Download File cubemx.pidx
2025-01-04 17:42:31,653 [INFO] LoadServerUpdatesThread:373 - End of LoadServerUpdate Thread
2025-01-04 17:42:32,217 [INFO] CheckServerUpdateThread:120 - End of CheckServer Thread
2025-01-04 17:42:32,455 [INFO] WebApp:157 - Instantiating new browser for Auth
2025-01-04 17:42:34,250 [INFO] WebApp:753 - Register for checkConnection events
2025-01-04 17:42:34,251 [INFO] WebApp:390 - Apply proxy settings
2025-01-04 17:42:34,251 [INFO] WebApp:475 - Chromium requires no authentication
2025-01-04 17:42:34,275 [INFO] WebApp:418 - Direct internet connection detected
2025-01-04 17:42:34,578 [WARN] PackLoader:240 - Cannot read IP mode file for STMicroelectronics.FP-SNS-MOTENVWB1.1.4.0
2025-01-04 17:42:34,601 [WARN] PackLoader:240 - Cannot read IP mode file for STMicroelectronics.FP-ATR-ASTRA1.2.0.1
2025-01-04 17:42:34,628 [WARN] PackLoader:240 - Cannot read IP mode file for STMicroelectronics.X-CUBE-SMBUS.2.1.0
2025-01-04 17:42:34,683 [WARN] PackLoader:240 - Cannot read IP mode file for STMicroelectronics.X-CUBE-WB05N.1.1.0
2025-01-04 17:42:34,702 [WARN] PackLoader:240 - Cannot read IP mode file for STMicroelectronics.X-CUBE-TOUCHGFX.4.23.0
2025-01-04 17:42:34,722 [WARN] PackLoader:240 - Cannot read IP mode file for STMicroelectronics.X-CUBE-TOUCHGFX.4.23.2
2025-01-04 17:42:34,870 [WARN] PackLoader:240 - Cannot read IP mode file for STMicroelectronics.X-CUBE-AZRTOS-F7.1.1.0
2025-01-04 17:42:34,904 [ERROR] RealEvaluatedCondition:428 - Found unsupported composite condition: CLASS='Data Exchange' GROUP='STM32_MetaDataManager'
2025-01-04 17:42:34,905 [ERROR] RealEvaluatedCondition:428 - Found unsupported composite condition: CLASS='Data Exchange' GROUP='STM32_MetaDataManager'
2025-01-04 17:42:34,911 [WARN] PackLoader:240 - Cannot read IP mode file for STMicroelectronics.FP-SNS-MOTENV1.4.3.0
2025-01-04 17:42:34,943 [WARN] PackLoader:240 - Cannot read IP mode file for STMicroelectronics.FP-SNS-MOTENV1.4.3.2
2025-01-04 17:42:34,949 [INFO] WebApp:188 - Starting web application
2025-01-04 17:42:34,950 [INFO] WebApp:520 - Web application path used C:\ST\STM32CubeIDE_1.4.0\STM32CubeIDE\plugins\com.st.stm32cube.common.mx_6.9.1.202307191849\db\plugins\mcufinder\reactClient1\index.html
2025-01-04 17:42:34,969 [WARN] PackLoader:240 - Cannot read IP mode file for STMicroelectronics.FP-SNS-FLIGHT1.5.0.0
2025-01-04 17:42:34,999 [ERROR] RealEvaluatedCondition:428 - Found unsupported composite condition: CLASS='Data Exchange' GROUP='STM32_MetaDataManager'
2025-01-04 17:42:34,999 [ERROR] RealEvaluatedCondition:428 - Found unsupported composite condition: CLASS='Data Exchange' GROUP='STM32_MetaDataManager'
2025-01-04 17:42:35,004 [WARN] PackLoader:240 - Cannot read IP mode file for STMicroelectronics.FP-SNS-MOTENV1.4.3.1
2025-01-04 17:42:35,028 [WARN] PackLoader:240 - Cannot read IP mode file for STMicroelectronics.FP-SNS-FLIGHT1.5.0.1
2025-01-04 17:42:35,443 [WARN] PackLoader:240 - Cannot read IP mode file for STMicroelectronics.X-CUBE-MEMS1.11.0.0
2025-01-04 17:42:36,598 [WARN] PackLoader:240 - Cannot read IP mode file for STMicroelectronics.X-CUBE-BLE1.6.2.4
2025-01-04 17:42:36,619 [WARN] PackLoader:240 - Cannot read IP mode file for STMicroelectronics.FP-SNS-FLIGHT1.5.0.2
2025-01-04 17:42:36,646 [WARN] PackLoader:240 - Cannot read IP mode file for STMicroelectronics.X-CUBE-DISPLAY.3.0.0
2025-01-04 17:42:36,697 [WARN] PackLoader:240 - Cannot read IP mode file for STMicroelectronics.X-CUBE-BLE1.7.0.0
2025-01-04 17:42:36,726 [WARN] PackLoader:240 - Cannot read IP mode file for STMicroelectronics.X-CUBE-NFC10.1.0.0
2025-01-04 17:42:36,748 [ERROR] Engine:466 - C:\Users\Minh\.stm32cubemx\thirdparties\pdsc\STMicroelectronics.X-CUBE-BLEMGR.4.0.0.pdsc: PDSC version is not supported
2025-01-04 17:42:36,756 [WARN] PackLoader:240 - Cannot read IP mode file for STMicroelectronics.X-CUBE-TOUCHGFX.4.22.0
2025-01-04 17:42:36,763 [WARN] PackLoader:240 - Cannot read IP mode file for STMicroelectronics.X-CUBE-TOUCHGFX.4.22.1
2025-01-04 17:42:36,794 [WARN] PackLoader:240 - Cannot read IP mode file for STMicroelectronics.X-CUBE-BLEMGR.3.1.0
2025-01-04 17:42:36,827 [WARN] PackLoader:240 - Cannot read IP mode file for STMicroelectronics.FP-SNS-SMARTAG2.1.2.0
2025-01-04 17:42:37,049 [WARN] PackLoader:240 - Cannot read IP mode file for STMicroelectronics.X-CUBE-MEMS1.11.1.0
2025-01-04 17:42:37,679 [INFO] LogOutputStream:77 - [STDOUT_REDIRECT] 1 : Invalid condition id : UX_CORESTACK_Condition cause : null
2025-01-04 17:42:37,680 [INFO] LogOutputStream:77 - [STDOUT_REDIRECT] 1 : Invalid condition id : UX_CORESTACK_Condition cause : null
2025-01-04 17:42:37,685 [INFO] LogOutputStream:77 - [STDOUT_REDIRECT] 1 : Invalid condition id : UX_CORESTACK_Condition cause : null
2025-01-04 17:42:37,692 [INFO] LogOutputStream:77 - [STDOUT_REDIRECT] 1 : Invalid condition id : UX_CORESTACK_Condition cause : null
2025-01-04 17:42:37,697 [INFO] LogOutputStream:77 - [STDOUT_REDIRECT] 1 : Invalid condition id : UX_CORESTACK_Condition cause : null
2025-01-04 17:42:37,707 [WARN] PackLoader:240 - Cannot read IP mode file for STMicroelectronics.X-CUBE-AZRTOS-WL.2.0.0
2025-01-04 17:42:37,722 [WARN] PackLoader:240 - Cannot read IP mode file for STMicroelectronics.FP-SNS-MOTENV1.5.0.0
2025-01-04 17:42:37,736 [WARN] PackLoader:240 - Cannot read IP mode file for wolfSSL.I-CUBE-wolfMQTT.1.19.0
2025-01-04 17:42:37,757 [WARN] PackLoader:240 - Cannot read IP mode file for WES.I-CUBE-Cesium.1.3.0
2025-01-04 17:42:37,769 [WARN] PackLoader:240 - Cannot read IP mode file for STMicroelectronics.X-CUBE-BLE2.3.3.0
2025-01-04 17:42:37,802 [WARN] PackLoader:240 - Cannot read IP mode file for STMicroelectronics.X-CUBE-TOF1.3.2.0
2025-01-04 17:42:37,839 [WARN] PackLoader:240 - Cannot read IP mode file for STMicroelectronics.X-CUBE-NFC9.1.0.0
2025-01-04 17:42:37,867 [WARN] PackLoader:240 - Cannot read IP mode file for STMicroelectronics.X-CUBE-TCPP.4.1.0
2025-01-04 17:42:37,880 [WARN] PackLoader:240 - Cannot read IP mode file for STMicroelectronics.X-CUBE-TOUCHGFX.4.21.1
2025-01-04 17:42:37,888 [WARN] PackLoader:240 - Cannot read IP mode file for STMicroelectronics.X-CUBE-TOUCHGFX.4.21.3
2025-01-04 17:42:37,899 [WARN] PackLoader:240 - Cannot read IP mode file for STMicroelectronics.X-CUBE-TOUCHGFX.4.21.4
2025-01-04 17:42:37,917 [WARN] PackLoader:240 - Cannot read IP mode file for STMicroelectronics.X-CUBE-ALGOBUILD.1.3.0
2025-01-04 17:42:37,968 [WARN] PackLoader:240 - Cannot read IP mode file for STMicroelectronics.X-CUBE-AZRTOS-G0.1.1.0
2025-01-04 17:42:37,995 [WARN] PackLoader:240 - Cannot read IP mode file for STMicroelectronics.X-CUBE-SAFEA1.1.2.2
2025-01-04 17:42:38,012 [WARN] PackLoader:240 - Cannot read IP mode file for STMicroelectronics.X-CUBE-NFC4.3.0.0
2025-01-04 17:42:38,024 [ERROR] Engine:466 - C:\Users\Minh\.stm32cubemx\thirdparties\pdsc\EmbeddedOffice.I-CUBE-FS-RTOS.1.0.1.pdsc: PDSC version is not supported
2025-01-04 17:42:38,043 [WARN] PackLoader:240 - Cannot read IP mode file for STMicroelectronics.X-CUBE-BLEMGR.3.0.0
2025-01-04 17:42:38,056 [ERROR] Engine:466 - C:\Users\Minh\.stm32cubemx\thirdparties\pdsc\STMicroelectronics.X-CUBE-TCPP.4.2.0.pdsc: PDSC version is not supported
2025-01-04 17:42:38,061 [ERROR] Engine:466 - C:\Users\Minh\.stm32cubemx\thirdparties\pdsc\RealThread.X-CUBE-RT-Thread_Nano.4.1.1.pdsc: PDSC version is not supported
2025-01-04 17:42:38,072 [WARN] PackLoader:240 - Cannot read IP mode file for STMicroelectronics.FP-ATR-SIGFOX1.3.2.0
2025-01-04 17:42:38,079 [ERROR] Engine:466 - C:\Users\Minh\.stm32cubemx\thirdparties\pdsc\quantropi.X-CUBE-qispace-sdk-base.1.9.3.pdsc: PDSC version is not supported
2025-01-04 17:42:38,100 [WARN] PackLoader:240 - Cannot read IP mode file for STMicroelectronics.X-CUBE-EEPRMA1.5.1.0
2025-01-04 17:42:38,230 [WARN] PackLoader:240 - Cannot read IP mode file for STMicroelectronics.X-CUBE-MEMS1.9.5.0
2025-01-04 17:42:38,730 [WARN] PackLoader:240 - Cannot read IP mode file for SEGGER.I-CUBE-embOS.1.3.1
2025-01-04 17:42:38,858 [WARN] PackLoader:240 - Cannot read IP mode file for STMicroelectronics.X-CUBE-ALGOBUILD.1.4.0
2025-01-04 17:42:38,871 [WARN] PackLoader:240 - Cannot read IP mode file for STMicroelectronics.X-CUBE-AI.9.1.0
2025-01-04 17:42:38,885 [WARN] PackLoader:240 - Cannot read IP mode file for STMicroelectronics.X-CUBE-GNSS1.6.0.0
2025-01-04 17:42:38,930 [WARN] PackLoader:240 - Cannot read IP mode file for STMicroelectronics.X-CUBE-AZRTOS-F4.1.1.0
2025-01-04 17:42:38,947 [WARN] PackLoader:240 - Cannot read IP mode file for STMicroelectronics.X-CUBE-ISPU.2.1.0
2025-01-04 17:42:38,961 [WARN] PackLoader:240 - Cannot read IP mode file for STMicroelectronics.X-CUBE-FREERTOS.1.2.0
2025-01-04 17:42:39,006 [WARN] PackLoader:240 - Cannot read IP mode file for STMicroelectronics.X-CUBE-AZRTOS-L5.2.0.0
2025-01-04 17:42:39,137 [WARN] PackLoader:240 - Cannot read IP mode file for STMicroelectronics.X-CUBE-MEMS1.9.6.0
2025-01-04 17:42:39,847 [WARN] PackLoader:240 - Cannot read IP mode file for STMicroelectronics.X-CUBE-EEPRMA1.4.2.0
2025-01-04 17:42:39,883 [WARN] PackLoader:240 - Cannot read IP mode file for STMicroelectronics.X-CUBE-NFC6.3.1.0
2025-01-04 17:42:39,954 [WARN] PackLoader:240 - Cannot read IP mode file for ITTIA_DB.I-CUBE-ITTIADB.8.8.0
2025-01-04 17:42:39,976 [WARN] PackLoader:240 - Cannot read IP mode file for emotas.I-CUBE-CANOPEN.1.1.3
2025-01-04 17:42:40,029 [WARN] PackLoader:240 - Cannot read IP mode file for STMicroelectronics.X-CUBE-BLEMGR.2.0.0
2025-01-04 17:42:40,044 [ERROR] Engine:466 - C:\Users\Minh\.stm32cubemx\thirdparties\pdsc\STMicroelectronics.X-CUBE-DPower.1.2.0.pdsc: PDSC version is not supported
2025-01-04 17:42:40,059 [WARN] PackLoader:240 - Cannot read IP mode file for STMicroelectronics.X-CUBE-AI.9.0.0
2025-01-04 17:42:40,140 [WARN] ConditionMgr:438 - getConditionDescription Invalid condition id : UX DEVICE CLASS RTOS Condition cause : null
2025-01-04 17:42:40,141 [WARN] ConditionMgr:438 - getConditionDescription Invalid condition id : UX DEVICE CLASS RTOS Condition cause : null
2025-01-04 17:42:40,171 [WARN] PackLoader:240 - Cannot read IP mode file for STMicroelectronics.X-CUBE-AZRTOS-H7.3.1.0
2025-01-04 17:42:40,180 [WARN] ConditionMgr:1039 - genDependencies : Invalid condition id : UX DEVICE CLASS RTOS Condition cause : null
2025-01-04 17:42:40,181 [WARN] ConditionMgr:1039 - genDependencies : Invalid condition id : UX DEVICE CLASS RTOS Condition cause : null
2025-01-04 17:42:40,198 [WARN] ConditionMgr:1039 - genDependencies : Invalid condition id : UX DEVICE CLASS RTOS Condition cause : null
2025-01-04 17:42:40,202 [WARN] ConditionMgr:1039 - genDependencies : Invalid condition id : UX DEVICE CLASS RTOS Condition cause : null
2025-01-04 17:42:40,203 [WARN] ConditionMgr:1039 - genDependencies : Invalid condition id : UX DEVICE CLASS RTOS Condition cause : null
2025-01-04 17:42:40,289 [WARN] PackLoader:240 - Cannot read IP mode file for wolfSSL.I-CUBE-wolfSSL.5.5.4
2025-01-04 17:42:40,299 [WARN] PackLoader:240 - Cannot read IP mode file for STMicroelectronics.X-CUBE-FREERTOS.1.3.0
2025-01-04 17:42:40,319 [WARN] PackLoader:240 - Cannot read IP mode file for STMicroelectronics.X-CUBE-NFC7.1.0.1
2025-01-04 17:42:40,337 [WARN] PackLoader:240 - Cannot read IP mode file for STMicroelectronics.X-CUBE-NFC7.1.0.0
2025-01-04 17:42:40,348 [WARN] PackLoader:240 - Cannot read IP mode file for wolfSSL.I-CUBE-wolfTPM.3.2.0
2025-01-04 17:42:40,371 [WARN] PackLoader:240 - Cannot read IP mode file for STMicroelectronics.X-CUBE-NFC6.3.0.0
2025-01-04 17:42:40,421 [WARN] PackLoader:240 - Cannot read IP mode file for STMicroelectronics.X-CUBE-EEPRMA1.4.1.0
2025-01-04 17:42:40,464 [WARN] PackLoader:240 - Cannot read IP mode file for STMicroelectronics.X-CUBE-AI.8.1.0
2025-01-04 17:42:40,530 [WARN] ConditionMgr:438 - getConditionDescription Invalid condition id : LAN8742 Phy interface Condition cause : null
2025-01-04 17:42:40,532 [WARN] PackLoader:240 - Cannot read IP mode file for STMicroelectronics.X-CUBE-AZRTOS-L4.2.0.0
2025-01-04 17:42:40,538 [WARN] ConditionMgr:1039 - genDependencies : Invalid condition id : LAN8742 Phy interface Condition cause : null
2025-01-04 17:42:40,538 [WARN] ConditionMgr:1039 - genDependencies : Invalid condition id : LAN8742 Phy interface Condition cause : null
2025-01-04 17:42:40,540 [WARN] ConditionMgr:1039 - genDependencies : Invalid condition id : LAN8742 Phy interface Condition cause : null
2025-01-04 17:42:40,561 [WARN] PackLoader:240 - Cannot read IP mode file for STMicroelectronics.X-CUBE-SFXS2LP1.4.0.0
2025-01-04 17:42:40,618 [WARN] PackLoader:240 - Cannot read IP mode file for STMicroelectronics.X-CUBE-AZRTOS-H7.3.0.0
2025-01-04 17:42:40,636 [WARN] PackLoader:240 - Cannot read IP mode file for STMicroelectronics.X-CUBE-ISPU.1.1.0
2025-01-04 17:42:40,699 [WARN] PackLoader:240 - Cannot read IP mode file for STMicroelectronics.X-CUBE-AZRTOS-H7.3.3.0
2025-01-04 17:42:40,730 [WARN] PackLoader:240 - Cannot read IP mode file for RoweBots.I-CUBE-UNISONRTOS.5.5.0-4
2025-01-04 17:42:40,740 [WARN] PackLoader:240 - Cannot read IP mode file for STMicroelectronics.X-CUBE-AI.8.0.0
2025-01-04 17:42:40,752 [ERROR] Engine:466 - C:\Users\Minh\.stm32cubemx\thirdparties\pdsc\STMicroelectronics.X-CUBE-IPS.3.0.0.pdsc: PDSC version is not supported
2025-01-04 17:42:40,788 [WARN] ConditionMgr:438 - getConditionDescription Invalid condition id : UX DEVICE CLASS RTOS Condition cause : null
2025-01-04 17:42:40,789 [WARN] ConditionMgr:438 - getConditionDescription Invalid condition id : UX DEVICE CLASS RTOS Condition cause : null
2025-01-04 17:42:40,795 [WARN] PackLoader:240 - Cannot read IP mode file for STMicroelectronics.X-CUBE-AZRTOS-WB.2.0.0
2025-01-04 17:42:40,796 [WARN] ConditionMgr:1039 - genDependencies : Invalid condition id : UX DEVICE CLASS RTOS Condition cause : null
2025-01-04 17:42:40,797 [WARN] ConditionMgr:1039 - genDependencies : Invalid condition id : UX DEVICE CLASS RTOS Condition cause : null
2025-01-04 17:42:40,798 [WARN] ConditionMgr:1039 - genDependencies : Invalid condition id : UX DEVICE CLASS RTOS Condition cause : null
2025-01-04 17:42:40,800 [WARN] ConditionMgr:1039 - genDependencies : Invalid condition id : UX DEVICE CLASS RTOS Condition cause : null
2025-01-04 17:42:40,800 [WARN] ConditionMgr:1039 - genDependencies : Invalid condition id : UX DEVICE CLASS RTOS Condition cause : null
2025-01-04 17:42:40,812 [WARN] PackLoader:240 - Cannot read IP mode file for STMicroelectronics.X-CUBE-FREERTOS.1.0.0
2025-01-04 17:42:40,824 [WARN] PackLoader:240 - Cannot read IP mode file for STMicroelectronics.X-CUBE-FREERTOS.1.0.1
2025-01-04 17:42:40,837 [WARN] PackLoader:240 - Cannot read IP mode file for STMicroelectronics.X-CUBE-GNSS1.7.0.0
2025-01-04 17:42:40,851 [WARN] PackLoader:240 - Cannot read IP mode file for STMicroelectronics.X-CUBE-GNSS1.7.0.1
2025-01-04 17:42:40,861 [ERROR] Engine:466 - C:\Users\Minh\.stm32cubemx\thirdparties\pdsc\STMicroelectronics.FP-SNS-STBOX1.2.0.0.pdsc: PDSC version is not supported
2025-01-04 17:42:40,904 [WARN] PackLoader:240 - Cannot read IP mode file for STMicroelectronics.X-CUBE-AZRTOS-L5.1.1.0
2025-01-04 17:42:40,920 [WARN] PackLoader:240 - Cannot read IP mode file for STMicroelectronics.X-CUBE-AI.8.0.1
2025-01-04 17:42:40,945 [WARN] PackLoader:240 - Cannot read IP mode file for STMicroelectronics.X-CUBE-SUBG2.5.0.0
2025-01-04 17:42:40,968 [WARN] PackLoader:240 - Cannot read IP mode file for Cesanta.I-CUBE-Mongoose.7.13.0
2025-01-04 17:42:40,992 [WARN] PackLoader:240 - Cannot read IP mode file for STMicroelectronics.X-CUBE-TOF1.3.3.1
2025-01-04 17:42:41,057 [WARN] PackLoader:240 - Cannot read IP mode file for STMicroelectronics.X-CUBE-AZRTOS-G4.2.0.0
2025-01-04 17:42:41,088 [WARN] PackLoader:240 - Cannot read IP mode file for STMicroelectronics.X-CUBE-TOF1.3.3.0
2025-01-04 17:42:41,114 [WARN] PackLoader:240 - Cannot read IP mode file for STMicroelectronics.FP-ATR-ASTRA1.1.1.1
2025-01-04 17:42:41,153 [WARN] PackLoader:240 - Cannot read IP mode file for Infineon.AIROC-Wi-Fi-Bluetooth-STM32.1.5.1
2025-01-04 17:42:41,171 [WARN] PackLoader:240 - Cannot read IP mode file for STMicroelectronics.FP-SNS-MOTENVWB1.1.3.0
2025-01-04 17:42:41,180 [WARN] PackLoader:240 - Cannot read IP mode file for STMicroelectronics.FP-SNS-MOTENVWB1.1.3.1
2025-01-04 17:42:41,214 [WARN] PackLoader:240 - Cannot read IP mode file for STMicroelectronics.X-CUBE-AZRTOS-G4.1.0.0
2025-01-04 17:42:41,257 [WARN] PackLoader:240 - Cannot read IP mode file for STMicroelectronics.X-CUBE-AZRTOS-L4.1.0.0
2025-01-04 17:42:41,299 [WARN] PackLoader:240 - Cannot read IP mode file for STMicroelectronics.X-CUBE-ISPU.2.0.0
2025-01-04 17:42:41,310 [WARN] PackLoader:240 - Cannot read IP mode file for STMicroelectronics.X-CUBE-ALS.1.0.2
2025-01-04 17:42:41,455 [WARN] PackLoader:240 - Cannot read IP mode file for STMicroelectronics.X-CUBE-MEMS1.10.0.0
2025-01-04 17:42:41,787 [WARN] PackLoader:240 - Cannot read IP mode file for STMicroelectronics.X-CUBE-FREERTOS.1.1.0
2025-01-04 17:42:41,794 [WARN] PackLoader:240 - Cannot read IP mode file for STMicroelectronics.X-CUBE-TOUCHGFX.4.24.0
2025-01-04 17:42:41,820 [WARN] PackLoader:240 - Cannot read IP mode file for STMicroelectronics.X-CUBE-AZRTOS-WL.1.0.0
2025-01-04 17:42:41,830 [WARN] PackLoader:240 - Cannot read IP mode file for STMicroelectronics.X-CUBE-TOUCHGFX.4.24.1
2025-01-04 17:42:41,844 [WARN] PackLoader:240 - Cannot read IP mode file for portGmbH.I-Cube-SoM-uGOAL.1.1.0
2025-01-04 17:42:41,853 [WARN] PackLoader:240 - Cannot read IP mode file for STMicroelectronics.X-CUBE-ALS.1.0.1
2025-01-04 17:42:41,900 [WARN] PackLoader:240 - Cannot read IP mode file for STMicroelectronics.X-CUBE-AZRTOS-WB.1.1.0
2025-01-04 17:42:41,957 [WARN] PackLoader:240 - Cannot read IP mode file for STMicroelectronics.X-CUBE-AZRTOS-H7RS.1.0.0
2025-01-04 17:42:41,971 [WARN] PackLoader:240 - Cannot read IP mode file for STMicroelectronics.FP-ATR-ASTRA1.2.0.0
2025-01-04 17:42:41,984 [ERROR] Engine:466 - C:\Users\Minh\.stm32cubemx\thirdparties\pdsc\STMicroelectronics.X-CUBE-TOF1.3.4.2.pdsc: PDSC version is not supported
2025-01-04 17:42:42,007 [WARN] PackLoader:240 - Cannot read IP mode file for STMicroelectronics.X-CUBE-TOF1.3.4.0
2025-01-04 17:42:42,090 [WARN] PackLoader:240 - Cannot read IP mode file for STMicroelectronics.X-CUBE-TOF1.3.4.1
2025-01-04 17:42:42,171 [WARN] PackLoader:240 - Cannot read IP mode file for STMicroelectronics.X-CUBE-AZRTOS-H7.3.2.0
2025-01-04 17:42:42,191 [WARN] PackLoader:240 - Cannot read IP mode file for wolfSSL.I-CUBE-wolfSSH.1.4.17
2025-01-04 17:42:42,193 [INFO] ThirdParty:978 - Integrity check success = true
2025-01-04 17:42:42,193 [INFO] IntegrityCheckThread:100 - exiting critical section [integrity check]
2025-01-04 17:42:42,193 [INFO] IntegrityCheckThread:103 - End integrity checks thread
2025-01-04 17:43:00,321 [ERROR] LogOutputStream:75 - [STDERR_REDIRECT] SLF4J: Failed to load class "org.slf4j.impl.StaticLoggerBinder".
2025-01-04 17:43:00,323 [ERROR] LogOutputStream:75 - [STDERR_REDIRECT] SLF4J: Defaulting to no-operation (NOP) logger implementation
2025-01-04 17:43:00,328 [ERROR] LogOutputStream:75 - [STDERR_REDIRECT] SLF4J: See http://www.slf4j.org/codes.html#StaticLoggerBinder for further details.
2025-01-04 22:02:55,773 [ERROR] LogOutputStream:75 - [STDERR_REDIRECT] 
