2025-01-11 20:16:43,974 [INFO] Activator:176 - 


2025-01-11 20:16:43,989 [INFO] Activator:177 - !SESSION log4j initialized
2025-01-11 20:16:59,897 [INFO] LogOutputStream:77 - [STDOUT_REDIRECT] 
2025-01-11 20:17:08,082 [INFO] ApplicationProperties:184 - Using Application install path: C:\ST\STM32CubeIDE_1.4.0\STM32CubeIDE\plugins\com.st.stm32cube.common.mx_6.9.1.202307191849
2025-01-11 20:17:08,125 [INFO] DbMcusXml:78 - Set database path to: C:\ST\STM32CubeIDE_1.4.0\STM32CubeIDE\plugins\com.st.stm32cube.common.mx_6.9.1.202307191849\\db\/mcu/
2025-01-11 20:17:08,126 [INFO] ApiDb:274 - Set plugin database path to: C:\ST\STM32CubeIDE_1.4.0\STM32CubeIDE\plugins\com.st.stm32cube.common.mx_6.9.1.202307191849\\db\/plugins/boardmanager/
2025-01-11 20:17:08,127 [WARN] ApiDb:259 - Overriding images path with different value:  => C:\ST\STM32CubeIDE_1.4.0\STM32CubeIDE\plugins\com.st.stm32cube.common.mx_6.9.1.202307191849\\db\/plugins/mcufinder/images/
2025-01-11 20:17:08,153 [INFO] ApiDb:250 - Set database path to: C:\Users\Minh\.stmcufinder\plugins\mcufinder//mcu/
2025-01-11 20:17:08,156 [INFO] DbMcusAds:125 - Set database path to: C:\Users\Minh\.stmcufinder\plugins\mcufinder//mcu/
2025-01-11 20:17:08,161 [INFO] CrossReferenceDbSqlite:203 - Set database path to: C:\Users\Minh\.stmcufinder\plugins\mcufinder//mcu/cs/
2025-01-11 20:17:08,464 [INFO] RulesReader:64 - Compatibility file has been processed (293 Rules)
2025-01-11 20:17:08,700 [INFO] DbMcusXml:78 - Set database path to: C:\ST\STM32CubeIDE_1.4.0\STM32CubeIDE\plugins\com.st.stm32cube.common.mx_6.9.1.202307191849\\db\/mcu/
2025-01-11 20:17:08,701 [INFO] ApiDb:274 - Set plugin database path to: C:\ST\STM32CubeIDE_1.4.0\STM32CubeIDE\plugins\com.st.stm32cube.common.mx_6.9.1.202307191849\\db\/plugins/boardmanager/
2025-01-11 20:17:08,701 [INFO] ApiDb:261 - Set plugin images path to: C:\ST\STM32CubeIDE_1.4.0\STM32CubeIDE\plugins\com.st.stm32cube.common.mx_6.9.1.202307191849\\db\/plugins/mcufinder/images/
2025-01-11 20:17:08,701 [WARN] DbFile:41 - Overriding database path with different value: C:\Users\Minh\.stmcufinder\plugins\mcufinder/ => C:\Users\Minh\.stmcufinder\plugins\mcufinder
2025-01-11 20:17:08,701 [INFO] ApiDb:250 - Set database path to: C:\Users\Minh\.stmcufinder\plugins\mcufinder//mcu/
2025-01-11 20:17:08,702 [WARN] DbFile:41 - Overriding database path with different value: C:\Users\Minh\.stmcufinder\plugins\mcufinder/ => C:\Users\Minh\.stmcufinder\plugins\mcufinder
2025-01-11 20:17:08,702 [INFO] DbMcusAds:125 - Set database path to: C:\Users\Minh\.stmcufinder\plugins\mcufinder//mcu/
2025-01-11 20:17:08,702 [WARN] DbFile:41 - Overriding database path with different value: C:\Users\Minh\.stmcufinder\plugins\mcufinder/ => C:\Users\Minh\.stmcufinder\plugins\mcufinder
2025-01-11 20:17:08,702 [WARN] DbFile:41 - Overriding database path with different value: C:\Users\Minh\.stmcufinder\plugins\mcufinder/ => C:\Users\Minh\.stmcufinder\plugins\mcufinder
2025-01-11 20:17:08,702 [INFO] CrossReferenceDbSqlite:203 - Set database path to: C:\Users\Minh\.stmcufinder\plugins\mcufinder//mcu/cs/
2025-01-11 20:17:08,871 [INFO] MainPanel:262 - HeapMemory: 268435456
2025-01-11 20:17:09,061 [INFO] DbMcusXml:78 - Set database path to: C:\ST\STM32CubeIDE_1.4.0\STM32CubeIDE\plugins\com.st.stm32cube.common.mx_6.9.1.202307191849\\db\/mcu/
2025-01-11 20:17:09,062 [INFO] ApiDb:274 - Set plugin database path to: C:\ST\STM32CubeIDE_1.4.0\STM32CubeIDE\plugins\com.st.stm32cube.common.mx_6.9.1.202307191849\\db\/plugins/boardmanager/
2025-01-11 20:17:09,062 [INFO] ApiDb:261 - Set plugin images path to: C:\ST\STM32CubeIDE_1.4.0\STM32CubeIDE\plugins\com.st.stm32cube.common.mx_6.9.1.202307191849\\db\/plugins/mcufinder/images/
2025-01-11 20:17:09,063 [WARN] DbFile:41 - Overriding database path with different value: C:\Users\Minh\.stmcufinder\plugins\mcufinder/ => C:\Users\Minh\.stmcufinder\plugins\mcufinder
2025-01-11 20:17:09,064 [INFO] ApiDb:250 - Set database path to: C:\Users\Minh\.stmcufinder\plugins\mcufinder//mcu/
2025-01-11 20:17:09,064 [WARN] DbFile:41 - Overriding database path with different value: C:\Users\Minh\.stmcufinder\plugins\mcufinder/ => C:\Users\Minh\.stmcufinder\plugins\mcufinder
2025-01-11 20:17:09,064 [INFO] DbMcusAds:125 - Set database path to: C:\Users\Minh\.stmcufinder\plugins\mcufinder//mcu/
2025-01-11 20:17:09,064 [WARN] DbFile:41 - Overriding database path with different value: C:\Users\Minh\.stmcufinder\plugins\mcufinder/ => C:\Users\Minh\.stmcufinder\plugins\mcufinder
2025-01-11 20:17:09,065 [WARN] DbFile:41 - Overriding database path with different value: C:\Users\Minh\.stmcufinder\plugins\mcufinder/ => C:\Users\Minh\.stmcufinder\plugins\mcufinder
2025-01-11 20:17:09,065 [INFO] CrossReferenceDbSqlite:203 - Set database path to: C:\Users\Minh\.stmcufinder\plugins\mcufinder//mcu/cs/
2025-01-11 20:17:09,100 [INFO] ApplicationProperties:184 - Using Application install path: C:\ST\STM32CubeIDE_1.4.0\STM32CubeIDE\plugins\com.st.stm32cube.common.mx_6.9.1.202307191849
2025-01-11 20:17:09,103 [INFO] PluginManage:196 - Search for loadable plugins [exclusion list=, ]
2025-01-11 20:17:09,109 [INFO] PluginManage:310 - Check plugin analytics
2025-01-11 20:17:13,996 [INFO] AnalyticsPlugin:253 - Accepted Software Licenses: STM32CubeMX.6.0.0,STM32CubeMX.5.2.0
2025-01-11 20:17:13,997 [INFO] AnalyticsPlugin:255 - Accepted CMSIS Pack Licenses: 
2025-01-11 20:17:13,997 [INFO] AnalyticsPlugin:257 - Accepted Firmware Licenses: FW.F4.1.27.0
2025-01-11 20:17:14,003 [INFO] PluginManage:359 - Loaded plugin analytics (category:tool,tabindex:-1)
2025-01-11 20:17:14,004 [INFO] PluginManage:310 - Check plugin cadmodel
2025-01-11 20:17:14,038 [INFO] CADModel:105 - Init CAD model plugin
2025-01-11 20:17:14,039 [INFO] PluginManage:359 - Loaded plugin cadmodel (category:power,tabindex:5)
2025-01-11 20:17:14,039 [INFO] PluginManage:310 - Check plugin clock
2025-01-11 20:17:14,079 [INFO] PluginManage:359 - Loaded plugin clock (category:base,tabindex:2)
2025-01-11 20:17:14,079 [INFO] PluginManage:310 - Check plugin ddr
2025-01-11 20:17:14,084 [INFO] PluginManage:359 - Loaded plugin ddr (category:tool,tabindex:6)
2025-01-11 20:17:14,085 [INFO] PluginManage:310 - Check plugin filemanager
2025-01-11 20:17:14,347 [INFO] PluginManage:359 - Loaded plugin filemanager (category:base,tabindex:10)
2025-01-11 20:17:14,348 [INFO] PluginManage:310 - Check plugin ipmanager
2025-01-11 20:17:14,365 [INFO] PluginManage:359 - Loaded plugin ipmanager (category:base,tabindex:5)
2025-01-11 20:17:14,365 [INFO] PluginManage:310 - Check plugin lpbam
2025-01-11 20:17:14,411 [INFO] PluginManage:359 - Loaded plugin lpbam (category:base,tabindex:0)
2025-01-11 20:17:14,411 [INFO] PluginManage:310 - Check plugin memorymap
2025-01-11 20:17:14,470 [INFO] PluginManage:359 - Loaded plugin memorymap (category:base,tabindex:4)
2025-01-11 20:17:14,470 [INFO] PluginManage:310 - Check plugin pinoutandconfiguration
2025-01-11 20:17:14,521 [INFO] PluginManage:359 - Loaded plugin pinoutandconfiguration (category:base,tabindex:1)
2025-01-11 20:17:14,522 [INFO] PluginManage:310 - Check plugin pinoutconfig
2025-01-11 20:17:14,734 [WARN] SupportedApi:132 - Cannot load RTOS API schema: s4s-elt-must-match.1: The content of 'definitions' must match (annotation?, (simpleType | complexType)?, (unique | key | keyref)*)). A problem was found starting at: attribute.
2025-01-11 20:17:14,993 [INFO] PluginManage:359 - Loaded plugin pinoutconfig (category:base,tabindex:0)
2025-01-11 20:17:14,993 [INFO] PluginManage:310 - Check plugin power
2025-01-11 20:17:15,047 [INFO] PluginManage:359 - Loaded plugin power (category:power,tabindex:4)
2025-01-11 20:17:15,047 [INFO] PluginManage:310 - Check plugin projectmanager
2025-01-11 20:17:15,078 [INFO] PluginManage:359 - Loaded plugin projectmanager (category:projectmanager,tabindex:3)
2025-01-11 20:17:15,079 [INFO] PluginManage:310 - Check plugin thirdparty
2025-01-11 20:17:15,673 [INFO] PluginManage:359 - Loaded plugin thirdparty (category:base,tabindex:-1)
2025-01-11 20:17:15,672 [WARN] IntegrityCheckThread:84 - waiting for thirdparty lock release [integrity check]
2025-01-11 20:17:15,673 [INFO] IntegrityCheckThread:86 - entering critical section [integrity check]
2025-01-11 20:17:15,673 [INFO] PluginManage:310 - Check plugin tools
2025-01-11 20:17:15,674 [INFO] ThirdPartyUpdaterWithRetryManager:70 - Updater plugin not ready yet. [1/15]
2025-01-11 20:17:15,756 [INFO] PluginManage:359 - Loaded plugin tools (category:base,tabindex:7)
2025-01-11 20:17:15,757 [INFO] PluginManage:310 - Check plugin tutovideos
2025-01-11 20:17:16,111 [INFO] PluginManage:359 - Loaded plugin tutovideos (category:base,tabindex:-1)
2025-01-11 20:17:16,111 [INFO] PluginManage:310 - Check plugin updater
2025-01-11 20:17:16,133 [INFO] PluginManage:359 - Loaded plugin updater (category:base,tabindex:12)
2025-01-11 20:17:16,133 [INFO] PluginManage:310 - Check plugin userauth
2025-01-11 20:17:16,144 [INFO] UserAuth:113 - Init User Auth plugin
2025-01-11 20:17:16,145 [INFO] PluginManage:359 - Loaded plugin userauth (category:base,tabindex:14)
2025-01-11 20:17:16,146 [INFO] PluginManage:283 - PluginManage : Loaded plugins [17]
2025-01-11 20:17:16,558 [INFO] PinOutPanel:1499 - setPackage(No Configuration,No Configuration)
2025-01-11 20:17:16,769 [INFO] CADModel:165 - CPN selected for project level
2025-01-11 20:17:16,769 [INFO] CADModel:114 - Register for checkConnection events
2025-01-11 20:17:16,823 [INFO] IPUIPlugin:80 - create IPUIPlugin
2025-01-11 20:17:16,823 [INFO] PluginManager:220 - loadIPPluginJar : add adc
2025-01-11 20:17:16,902 [INFO] IPUIPlugin:80 - create IPUIPlugin
2025-01-11 20:17:16,902 [INFO] PluginManager:220 - loadIPPluginJar : add aes
2025-01-11 20:17:17,007 [INFO] IPUIPlugin:80 - create IPUIPlugin
2025-01-11 20:17:17,007 [INFO] PluginManager:220 - loadIPPluginJar : add can
2025-01-11 20:17:17,065 [INFO] IPUIPlugin:80 - create IPUIPlugin
2025-01-11 20:17:17,066 [INFO] PluginManager:220 - loadIPPluginJar : add comp
2025-01-11 20:17:17,141 [INFO] IPUIPlugin:80 - create IPUIPlugin
2025-01-11 20:17:17,142 [INFO] PluginManager:220 - loadIPPluginJar : add cryp
2025-01-11 20:17:17,212 [INFO] IPUIPlugin:80 - create IPUIPlugin
2025-01-11 20:17:17,212 [INFO] PluginManager:220 - loadIPPluginJar : add dfsdm
2025-01-11 20:17:17,242 [INFO] IPUIPlugin:80 - create IPUIPlugin
2025-01-11 20:17:17,243 [INFO] PluginManager:220 - loadIPPluginJar : add dma
2025-01-11 20:17:17,346 [INFO] IPUIPlugin:80 - create IPUIPlugin
2025-01-11 20:17:17,346 [INFO] PluginManager:220 - loadIPPluginJar : add dma3
2025-01-11 20:17:17,391 [INFO] IPUIPlugin:80 - create IPUIPlugin
2025-01-11 20:17:17,391 [INFO] PluginManager:220 - loadIPPluginJar : add fatfs
2025-01-11 20:17:17,491 [INFO] IPUIPlugin:80 - create IPUIPlugin
2025-01-11 20:17:17,491 [INFO] PluginManager:220 - loadIPPluginJar : add fmc
2025-01-11 20:17:17,520 [INFO] IPUIPlugin:80 - create IPUIPlugin
2025-01-11 20:17:17,520 [INFO] PluginManager:220 - loadIPPluginJar : add freertos
2025-01-11 20:17:17,566 [INFO] IPUIPlugin:80 - create IPUIPlugin
2025-01-11 20:17:17,566 [INFO] PluginManager:220 - loadIPPluginJar : add genericplugin
2025-01-11 20:17:17,781 [INFO] IPUIPlugin:80 - create IPUIPlugin
2025-01-11 20:17:17,782 [INFO] PluginManager:220 - loadIPPluginJar : add gfxmmu
2025-01-11 20:17:18,077 [INFO] IPUIPlugin:80 - create IPUIPlugin
2025-01-11 20:17:18,078 [INFO] PluginManager:220 - loadIPPluginJar : add gic
2025-01-11 20:17:18,108 [INFO] IPUIPlugin:80 - create IPUIPlugin
2025-01-11 20:17:18,108 [INFO] PluginManager:220 - loadIPPluginJar : add gpio
2025-01-11 20:17:18,307 [INFO] IPUIPlugin:80 - create IPUIPlugin
2025-01-11 20:17:18,307 [INFO] PluginManager:220 - loadIPPluginJar : add gtzc
2025-01-11 20:17:18,381 [INFO] IPUIPlugin:80 - create IPUIPlugin
2025-01-11 20:17:18,381 [INFO] PluginManager:220 - loadIPPluginJar : add hash
2025-01-11 20:17:18,499 [INFO] IPUIPlugin:80 - create IPUIPlugin
2025-01-11 20:17:18,499 [INFO] PluginManager:220 - loadIPPluginJar : add i2c
2025-01-11 20:17:18,590 [INFO] IPUIPlugin:80 - create IPUIPlugin
2025-01-11 20:17:18,590 [INFO] PluginManager:220 - loadIPPluginJar : add i2s
2025-01-11 20:17:18,675 [INFO] ThirdPartyUpdaterWithRetryManager:70 - Updater plugin not ready yet. [2/15]
2025-01-11 20:17:18,679 [INFO] IPUIPlugin:80 - create IPUIPlugin
2025-01-11 20:17:18,679 [INFO] PluginManager:220 - loadIPPluginJar : add i3c
2025-01-11 20:17:18,895 [INFO] IPUIPlugin:80 - create IPUIPlugin
2025-01-11 20:17:18,895 [INFO] PluginManager:220 - loadIPPluginJar : add ipddr
2025-01-11 20:17:19,112 [INFO] IPUIPlugin:80 - create IPUIPlugin
2025-01-11 20:17:19,112 [INFO] PluginManager:220 - loadIPPluginJar : add linkedlist
2025-01-11 20:17:19,199 [INFO] IPUIPlugin:80 - create IPUIPlugin
2025-01-11 20:17:19,199 [INFO] PluginManager:220 - loadIPPluginJar : add lorawan
2025-01-11 20:17:19,282 [INFO] IPUIPlugin:80 - create IPUIPlugin
2025-01-11 20:17:19,283 [INFO] PluginManager:220 - loadIPPluginJar : add ltdc
2025-01-11 20:17:19,311 [INFO] IPUIPlugin:80 - create IPUIPlugin
2025-01-11 20:17:19,312 [INFO] PluginManager:220 - loadIPPluginJar : add mdma
2025-01-11 20:17:19,337 [INFO] IPUIPlugin:80 - create IPUIPlugin
2025-01-11 20:17:19,337 [INFO] PluginManager:220 - loadIPPluginJar : add nvic
2025-01-11 20:17:19,416 [INFO] IPUIPlugin:80 - create IPUIPlugin
2025-01-11 20:17:19,416 [INFO] PluginManager:220 - loadIPPluginJar : add opamp
2025-01-11 20:17:19,558 [INFO] IPUIPlugin:80 - create IPUIPlugin
2025-01-11 20:17:19,558 [INFO] PluginManager:220 - loadIPPluginJar : add openamp
2025-01-11 20:17:19,658 [INFO] IPUIPlugin:80 - create IPUIPlugin
2025-01-11 20:17:19,658 [INFO] PluginManager:220 - loadIPPluginJar : add pdm2pcm
2025-01-11 20:17:19,690 [INFO] IPUIPlugin:80 - create IPUIPlugin
2025-01-11 20:17:19,695 [INFO] PluginManager:220 - loadIPPluginJar : add plateformsettings
2025-01-11 20:17:19,747 [INFO] IPUIPlugin:80 - create IPUIPlugin
2025-01-11 20:17:19,747 [INFO] PluginManager:220 - loadIPPluginJar : add quadspi
2025-01-11 20:17:19,774 [INFO] IPUIPlugin:80 - create IPUIPlugin
2025-01-11 20:17:19,774 [INFO] PluginManager:220 - loadIPPluginJar : add resmgrutility
2025-01-11 20:17:19,880 [INFO] IPUIPlugin:80 - create IPUIPlugin
2025-01-11 20:17:19,880 [INFO] PluginManager:220 - loadIPPluginJar : add sai
2025-01-11 20:17:19,973 [INFO] IPUIPlugin:80 - create IPUIPlugin
2025-01-11 20:17:19,973 [INFO] PluginManager:220 - loadIPPluginJar : add spi
2025-01-11 20:17:20,092 [INFO] IPUIPlugin:80 - create IPUIPlugin
2025-01-11 20:17:20,093 [INFO] PluginManager:220 - loadIPPluginJar : add stm32_wpan
2025-01-11 20:17:20,153 [INFO] IPUIPlugin:80 - create IPUIPlugin
2025-01-11 20:17:20,153 [INFO] PluginManager:220 - loadIPPluginJar : add tim
2025-01-11 20:17:20,271 [INFO] IPUIPlugin:80 - create IPUIPlugin
2025-01-11 20:17:20,271 [INFO] PluginManager:220 - loadIPPluginJar : add touchsensing
2025-01-11 20:17:20,324 [INFO] IPUIPlugin:80 - create IPUIPlugin
2025-01-11 20:17:20,325 [INFO] PluginManager:220 - loadIPPluginJar : add tracer_emb
2025-01-11 20:17:20,376 [INFO] IPUIPlugin:80 - create IPUIPlugin
2025-01-11 20:17:20,376 [INFO] PluginManager:220 - loadIPPluginJar : add ts
2025-01-11 20:17:20,434 [INFO] IPUIPlugin:80 - create IPUIPlugin
2025-01-11 20:17:20,435 [INFO] PluginManager:220 - loadIPPluginJar : add tsc
2025-01-11 20:17:20,482 [INFO] IPUIPlugin:80 - create IPUIPlugin
2025-01-11 20:17:20,482 [INFO] PluginManager:220 - loadIPPluginJar : add ucpd
2025-01-11 20:17:20,588 [INFO] IPUIPlugin:80 - create IPUIPlugin
2025-01-11 20:17:20,588 [INFO] PluginManager:220 - loadIPPluginJar : add usart
2025-01-11 20:17:20,679 [INFO] IPUIPlugin:80 - create IPUIPlugin
2025-01-11 20:17:20,679 [INFO] PluginManager:220 - loadIPPluginJar : add usbx
2025-01-11 20:17:20,851 [INFO] CADModel:165 - CPN selected for project level
2025-01-11 20:17:20,852 [INFO] CADModel:114 - Register for checkConnection events
2025-01-11 20:17:20,852 [FATAL] Updater:308 - Updater called before beeing initialized
2025-01-11 20:17:20,852 [ERROR] CADModel:125 - Updater not yet initialized, retry later 
2025-01-11 20:17:21,154 [INFO] CADModel:165 - CPN selected for project level
2025-01-11 20:17:21,154 [INFO] CADModel:114 - Register for checkConnection events
2025-01-11 20:17:21,155 [FATAL] Updater:308 - Updater called before beeing initialized
2025-01-11 20:17:21,155 [ERROR] CADModel:125 - Updater not yet initialized, retry later 
2025-01-11 20:17:21,162 [FATAL] Updater:308 - Updater called before beeing initialized
2025-01-11 20:17:21,388 [FATAL] Updater:308 - Updater called before beeing initialized
2025-01-11 20:17:21,399 [INFO] DbMcusAds:53 - JSON generation date=Thu Sep 30 15:55:09 JST 2021 (1632984909247)
2025-01-11 20:17:21,399 [FATAL] Updater:308 - Updater called before beeing initialized
2025-01-11 20:17:21,563 [WARN] DetailPanel:346 - Failed to get advertising image, set to default
2025-01-11 20:17:21,676 [INFO] ThirdPartyUpdaterWithRetryManager:70 - Updater plugin not ready yet. [3/15]
2025-01-11 20:17:21,754 [FATAL] Updater:308 - Updater called before beeing initialized
2025-01-11 20:17:21,757 [FATAL] Updater:308 - Updater called before beeing initialized
2025-01-11 20:17:21,758 [FATAL] Updater:308 - Updater called before beeing initialized
2025-01-11 20:17:21,758 [WARN] DetailPanel:346 - Failed to get advertising image, set to default
2025-01-11 20:17:21,759 [FATAL] Updater:308 - Updater called before beeing initialized
2025-01-11 20:17:21,881 [ERROR] Updater:1120 - MainUpdater not yet initialized. External WinMGr cannot be set.
2025-01-11 20:17:21,902 [INFO] Updater:1056 - Updater Version found : 6.9.1
2025-01-11 20:17:21,943 [INFO] ApplicationProperties:184 - Using Application install path: C:\ST\STM32CubeIDE_1.4.0\STM32CubeIDE\plugins\com.st.stm32cube.common.mx_6.9.1.202307191849
2025-01-11 20:17:22,231 [INFO] MainUpdater:2868 - connection check result : 10
2025-01-11 20:17:22,232 [INFO] MainUpdater:3562 - Updater definition file requires update
2025-01-11 20:17:22,234 [INFO] MainUpdater:285 - Updater Check For Update Now.
2025-01-11 20:17:22,234 [INFO] MicroXplorer:498 - Change Database Version : DB.6.0.91
2025-01-11 20:17:22,270 [INFO] ServerAccessManage:473 - Download File updaters.zip
2025-01-11 20:17:22,273 [INFO] McuFinderGlobals:63 - Set McuFinder mode to 2 (CubeIDE integrated)
2025-01-11 20:17:22,273 [INFO] UserAuth:179 - activating auth plugin
2025-01-11 20:17:22,320 [INFO] UserAuth:393 - Internet connection configuration mode: 1
2025-01-11 20:17:22,360 [INFO] JxBrowserEngine:151 - Initiate JxBrowser Engine with user profile folder
2025-01-11 20:17:22,452 [INFO] FileExtend:240 - Unzip File : updaters.zip
2025-01-11 20:17:22,453 [INFO] FileExtend:255 - Standard Zip Deflate
2025-01-11 20:17:23,281 [INFO] ServerAccessManage:473 - Download File PacksControlFlags.xml
2025-01-11 20:17:23,423 [INFO] ServerAccessManage:473 - Download File cubemx.pidx
2025-01-11 20:17:24,524 [INFO] WebApp:157 - Instantiating new browser for Auth
2025-01-11 20:17:24,677 [WARN] MainUpdater:1189 - Updater busy. Cannot search thirdparties
2025-01-11 20:17:24,678 [INFO] ThirdPartyUpdaterWithRetryManager:96 - Updater plugin is busy. [1/15]
2025-01-11 20:17:24,793 [INFO] ServerAccessManage:473 - Download File STMicroelectronics.X-CUBE-IPS.pdsc
2025-01-11 20:17:26,011 [INFO] ServerAccessManage:473 - Download File STMicroelectronics.X-CUBE-TOUCHGFX.pdsc
2025-01-11 20:17:26,240 [INFO] WebApp:753 - Register for checkConnection events
2025-01-11 20:17:26,241 [INFO] WebApp:390 - Apply proxy settings
2025-01-11 20:17:26,241 [INFO] WebApp:475 - Chromium requires no authentication
2025-01-11 20:17:26,273 [INFO] WebApp:418 - Direct internet connection detected
2025-01-11 20:17:26,796 [INFO] WebApp:188 - Starting web application
2025-01-11 20:17:26,796 [INFO] WebApp:520 - Web application path used C:\ST\STM32CubeIDE_1.4.0\STM32CubeIDE\plugins\com.st.stm32cube.common.mx_6.9.1.202307191849\db\plugins\mcufinder\reactClient1\index.html
2025-01-11 20:17:27,679 [WARN] MainUpdater:1189 - Updater busy. Cannot search thirdparties
2025-01-11 20:17:27,679 [INFO] ThirdPartyUpdaterWithRetryManager:96 - Updater plugin is busy. [2/15]
2025-01-11 20:17:28,402 [WARN] PopulateThirdPartyThread:106 - Error when creating pack: C:/Users/Minh/.stm32cubemx/thirdparties/pdsc/STMicroelectronics.X-CUBE-IPS.pdsc
2025-01-11 20:17:28,481 [WARN] PackLoader:240 - Cannot read IP mode file for STMicroelectronics.X-CUBE-TOUCHGFX.4.24.2
2025-01-11 20:17:28,483 [INFO] PopulateThirdPartyThread:66 - Ending populate Thread
2025-01-11 20:17:28,486 [INFO] ThirdParty:1030 - CMSIS Pack Vendor :STMicroelectronics X-CUBE-TOUCHGFX 4.24.2
2025-01-11 20:17:28,486 [INFO] LoadServerUpdatesThread:373 - End of LoadServerUpdate Thread
2025-01-11 20:17:28,663 [INFO] CheckServerUpdateThread:120 - End of CheckServer Thread
2025-01-11 20:17:31,239 [WARN] PackLoader:240 - Cannot read IP mode file for STMicroelectronics.FP-SNS-MOTENVWB1.1.4.0
2025-01-11 20:17:31,253 [WARN] PackLoader:240 - Cannot read IP mode file for STMicroelectronics.FP-ATR-ASTRA1.2.0.1
2025-01-11 20:17:31,269 [WARN] PackLoader:240 - Cannot read IP mode file for STMicroelectronics.X-CUBE-SMBUS.2.1.0
2025-01-11 20:17:31,288 [WARN] PackLoader:240 - Cannot read IP mode file for STMicroelectronics.X-CUBE-WB05N.1.1.0
2025-01-11 20:17:31,298 [WARN] PackLoader:240 - Cannot read IP mode file for STMicroelectronics.X-CUBE-TOUCHGFX.4.23.0
2025-01-11 20:17:31,305 [WARN] PackLoader:240 - Cannot read IP mode file for STMicroelectronics.X-CUBE-TOUCHGFX.4.23.2
2025-01-11 20:17:31,374 [WARN] PackLoader:240 - Cannot read IP mode file for STMicroelectronics.X-CUBE-AZRTOS-F7.1.1.0
2025-01-11 20:17:31,396 [ERROR] RealEvaluatedCondition:428 - Found unsupported composite condition: CLASS='Data Exchange' GROUP='STM32_MetaDataManager'
2025-01-11 20:17:31,397 [ERROR] RealEvaluatedCondition:428 - Found unsupported composite condition: GROUP='STM32_MetaDataManager' CLASS='Data Exchange'
2025-01-11 20:17:31,400 [WARN] PackLoader:240 - Cannot read IP mode file for STMicroelectronics.FP-SNS-MOTENV1.4.3.0
2025-01-11 20:17:31,421 [WARN] PackLoader:240 - Cannot read IP mode file for STMicroelectronics.FP-SNS-MOTENV1.4.3.2
2025-01-11 20:17:31,439 [WARN] PackLoader:240 - Cannot read IP mode file for STMicroelectronics.FP-SNS-FLIGHT1.5.0.0
2025-01-11 20:17:31,448 [ERROR] RealEvaluatedCondition:428 - Found unsupported composite condition: CLASS='Data Exchange' GROUP='STM32_MetaDataManager'
2025-01-11 20:17:31,449 [ERROR] RealEvaluatedCondition:428 - Found unsupported composite condition: CLASS='Data Exchange' GROUP='STM32_MetaDataManager'
2025-01-11 20:17:31,452 [WARN] PackLoader:240 - Cannot read IP mode file for STMicroelectronics.FP-SNS-MOTENV1.4.3.1
2025-01-11 20:17:31,467 [WARN] PackLoader:240 - Cannot read IP mode file for STMicroelectronics.FP-SNS-FLIGHT1.5.0.1
2025-01-11 20:17:31,623 [WARN] PackLoader:240 - Cannot read IP mode file for STMicroelectronics.X-CUBE-MEMS1.11.0.0
2025-01-11 20:17:32,090 [WARN] PackLoader:240 - Cannot read IP mode file for STMicroelectronics.X-CUBE-BLE1.6.2.4
2025-01-11 20:17:32,101 [WARN] PackLoader:240 - Cannot read IP mode file for STMicroelectronics.FP-SNS-FLIGHT1.5.0.2
2025-01-11 20:17:32,118 [WARN] PackLoader:240 - Cannot read IP mode file for STMicroelectronics.X-CUBE-DISPLAY.3.0.0
2025-01-11 20:17:32,138 [WARN] PackLoader:240 - Cannot read IP mode file for STMicroelectronics.X-CUBE-BLE1.7.0.0
2025-01-11 20:17:32,154 [WARN] PackLoader:240 - Cannot read IP mode file for STMicroelectronics.X-CUBE-NFC10.1.0.0
2025-01-11 20:17:32,186 [ERROR] Engine:466 - C:\Users\Minh\.stm32cubemx\thirdparties\pdsc\STMicroelectronics.X-CUBE-BLEMGR.4.0.0.pdsc: PDSC version is not supported
2025-01-11 20:17:32,194 [WARN] PackLoader:240 - Cannot read IP mode file for STMicroelectronics.X-CUBE-TOUCHGFX.4.22.0
2025-01-11 20:17:32,201 [WARN] PackLoader:240 - Cannot read IP mode file for STMicroelectronics.X-CUBE-TOUCHGFX.4.22.1
2025-01-11 20:17:32,226 [WARN] PackLoader:240 - Cannot read IP mode file for STMicroelectronics.X-CUBE-BLEMGR.3.1.0
2025-01-11 20:17:32,244 [WARN] PackLoader:240 - Cannot read IP mode file for STMicroelectronics.FP-SNS-SMARTAG2.1.2.0
2025-01-11 20:17:32,381 [WARN] PackLoader:240 - Cannot read IP mode file for STMicroelectronics.X-CUBE-MEMS1.11.1.0
2025-01-11 20:17:32,765 [INFO] LogOutputStream:77 - [STDOUT_REDIRECT] 1 : Invalid condition id : UX_CORESTACK_Condition cause : null
2025-01-11 20:17:32,767 [INFO] LogOutputStream:77 - [STDOUT_REDIRECT] 1 : Invalid condition id : UX_CORESTACK_Condition cause : null
2025-01-11 20:17:32,771 [INFO] LogOutputStream:77 - [STDOUT_REDIRECT] 1 : Invalid condition id : UX_CORESTACK_Condition cause : null
2025-01-11 20:17:32,776 [INFO] LogOutputStream:77 - [STDOUT_REDIRECT] 1 : Invalid condition id : UX_CORESTACK_Condition cause : null
2025-01-11 20:17:32,781 [INFO] LogOutputStream:77 - [STDOUT_REDIRECT] 1 : Invalid condition id : UX_CORESTACK_Condition cause : null
2025-01-11 20:17:32,788 [WARN] PackLoader:240 - Cannot read IP mode file for STMicroelectronics.X-CUBE-AZRTOS-WL.2.0.0
2025-01-11 20:17:32,798 [WARN] PackLoader:240 - Cannot read IP mode file for STMicroelectronics.FP-SNS-MOTENV1.5.0.0
2025-01-11 20:17:32,810 [WARN] PackLoader:240 - Cannot read IP mode file for wolfSSL.I-CUBE-wolfMQTT.1.19.0
2025-01-11 20:17:32,825 [WARN] PackLoader:240 - Cannot read IP mode file for WES.I-CUBE-Cesium.1.3.0
2025-01-11 20:17:32,836 [WARN] PackLoader:240 - Cannot read IP mode file for STMicroelectronics.X-CUBE-BLE2.3.3.0
2025-01-11 20:17:32,862 [WARN] PackLoader:240 - Cannot read IP mode file for STMicroelectronics.X-CUBE-TOF1.3.2.0
2025-01-11 20:17:32,910 [WARN] PackLoader:240 - Cannot read IP mode file for STMicroelectronics.X-CUBE-NFC9.1.0.0
2025-01-11 20:17:32,926 [WARN] PackLoader:240 - Cannot read IP mode file for STMicroelectronics.X-CUBE-TCPP.4.1.0
2025-01-11 20:17:32,937 [WARN] PackLoader:240 - Cannot read IP mode file for STMicroelectronics.X-CUBE-TOUCHGFX.4.21.1
2025-01-11 20:17:32,944 [WARN] PackLoader:240 - Cannot read IP mode file for STMicroelectronics.X-CUBE-TOUCHGFX.4.21.3
2025-01-11 20:17:32,951 [WARN] PackLoader:240 - Cannot read IP mode file for STMicroelectronics.X-CUBE-TOUCHGFX.4.21.4
2025-01-11 20:17:32,965 [WARN] PackLoader:240 - Cannot read IP mode file for STMicroelectronics.X-CUBE-ALGOBUILD.1.3.0
2025-01-11 20:17:33,005 [WARN] PackLoader:240 - Cannot read IP mode file for STMicroelectronics.X-CUBE-AZRTOS-G0.1.1.0
2025-01-11 20:17:33,026 [WARN] PackLoader:240 - Cannot read IP mode file for STMicroelectronics.X-CUBE-SAFEA1.1.2.2
2025-01-11 20:17:33,042 [WARN] PackLoader:240 - Cannot read IP mode file for STMicroelectronics.X-CUBE-NFC4.3.0.0
2025-01-11 20:17:33,052 [ERROR] Engine:466 - C:\Users\Minh\.stm32cubemx\thirdparties\pdsc\EmbeddedOffice.I-CUBE-FS-RTOS.1.0.1.pdsc: PDSC version is not supported
2025-01-11 20:17:33,073 [WARN] PackLoader:240 - Cannot read IP mode file for STMicroelectronics.X-CUBE-BLEMGR.3.0.0
2025-01-11 20:17:33,086 [ERROR] Engine:466 - C:\Users\Minh\.stm32cubemx\thirdparties\pdsc\STMicroelectronics.X-CUBE-TCPP.4.2.0.pdsc: PDSC version is not supported
2025-01-11 20:17:33,091 [ERROR] Engine:466 - C:\Users\Minh\.stm32cubemx\thirdparties\pdsc\RealThread.X-CUBE-RT-Thread_Nano.4.1.1.pdsc: PDSC version is not supported
2025-01-11 20:17:33,099 [WARN] PackLoader:240 - Cannot read IP mode file for STMicroelectronics.FP-ATR-SIGFOX1.3.2.0
2025-01-11 20:17:33,105 [ERROR] Engine:466 - C:\Users\Minh\.stm32cubemx\thirdparties\pdsc\quantropi.X-CUBE-qispace-sdk-base.1.9.3.pdsc: PDSC version is not supported
2025-01-11 20:17:33,120 [WARN] PackLoader:240 - Cannot read IP mode file for STMicroelectronics.X-CUBE-EEPRMA1.5.1.0
2025-01-11 20:17:33,212 [WARN] PackLoader:240 - Cannot read IP mode file for STMicroelectronics.X-CUBE-MEMS1.9.5.0
2025-01-11 20:17:33,637 [WARN] PackLoader:240 - Cannot read IP mode file for SEGGER.I-CUBE-embOS.1.3.1
2025-01-11 20:17:33,748 [WARN] PackLoader:240 - Cannot read IP mode file for STMicroelectronics.X-CUBE-ALGOBUILD.1.4.0
2025-01-11 20:17:33,759 [WARN] PackLoader:240 - Cannot read IP mode file for STMicroelectronics.X-CUBE-AI.9.1.0
2025-01-11 20:17:33,772 [WARN] PackLoader:240 - Cannot read IP mode file for STMicroelectronics.X-CUBE-GNSS1.6.0.0
2025-01-11 20:17:33,820 [WARN] PackLoader:240 - Cannot read IP mode file for STMicroelectronics.X-CUBE-AZRTOS-F4.1.1.0
2025-01-11 20:17:33,839 [WARN] PackLoader:240 - Cannot read IP mode file for STMicroelectronics.X-CUBE-ISPU.2.1.0
2025-01-11 20:17:33,852 [WARN] PackLoader:240 - Cannot read IP mode file for STMicroelectronics.X-CUBE-FREERTOS.1.2.0
2025-01-11 20:17:33,899 [WARN] PackLoader:240 - Cannot read IP mode file for STMicroelectronics.X-CUBE-AZRTOS-L5.2.0.0
2025-01-11 20:17:34,019 [WARN] PackLoader:240 - Cannot read IP mode file for STMicroelectronics.X-CUBE-MEMS1.9.6.0
2025-01-11 20:17:34,404 [WARN] PackLoader:240 - Cannot read IP mode file for STMicroelectronics.X-CUBE-EEPRMA1.4.2.0
2025-01-11 20:17:34,420 [WARN] PackLoader:240 - Cannot read IP mode file for STMicroelectronics.X-CUBE-NFC6.3.1.0
2025-01-11 20:17:34,434 [WARN] PackLoader:240 - Cannot read IP mode file for ITTIA_DB.I-CUBE-ITTIADB.8.8.0
2025-01-11 20:17:34,449 [WARN] PackLoader:240 - Cannot read IP mode file for emotas.I-CUBE-CANOPEN.1.1.3
2025-01-11 20:17:34,465 [WARN] PackLoader:240 - Cannot read IP mode file for STMicroelectronics.X-CUBE-BLEMGR.2.0.0
2025-01-11 20:17:34,476 [ERROR] Engine:466 - C:\Users\Minh\.stm32cubemx\thirdparties\pdsc\STMicroelectronics.X-CUBE-DPower.1.2.0.pdsc: PDSC version is not supported
2025-01-11 20:17:34,483 [WARN] PackLoader:240 - Cannot read IP mode file for STMicroelectronics.X-CUBE-AI.9.0.0
2025-01-11 20:17:34,530 [WARN] ConditionMgr:438 - getConditionDescription Invalid condition id : UX DEVICE CLASS RTOS Condition cause : null
2025-01-11 20:17:34,531 [WARN] ConditionMgr:438 - getConditionDescription Invalid condition id : UX DEVICE CLASS RTOS Condition cause : null
2025-01-11 20:17:34,540 [WARN] PackLoader:240 - Cannot read IP mode file for STMicroelectronics.X-CUBE-AZRTOS-H7.3.1.0
2025-01-11 20:17:34,543 [WARN] ConditionMgr:1039 - genDependencies : Invalid condition id : UX DEVICE CLASS RTOS Condition cause : null
2025-01-11 20:17:34,544 [WARN] ConditionMgr:1039 - genDependencies : Invalid condition id : UX DEVICE CLASS RTOS Condition cause : null
2025-01-11 20:17:34,545 [WARN] ConditionMgr:1039 - genDependencies : Invalid condition id : UX DEVICE CLASS RTOS Condition cause : null
2025-01-11 20:17:34,546 [WARN] ConditionMgr:1039 - genDependencies : Invalid condition id : UX DEVICE CLASS RTOS Condition cause : null
2025-01-11 20:17:34,547 [WARN] ConditionMgr:1039 - genDependencies : Invalid condition id : UX DEVICE CLASS RTOS Condition cause : null
2025-01-11 20:17:34,560 [WARN] PackLoader:240 - Cannot read IP mode file for wolfSSL.I-CUBE-wolfSSL.5.5.4
2025-01-11 20:17:34,572 [WARN] PackLoader:240 - Cannot read IP mode file for STMicroelectronics.X-CUBE-FREERTOS.1.3.0
2025-01-11 20:17:34,583 [WARN] PackLoader:240 - Cannot read IP mode file for STMicroelectronics.X-CUBE-NFC7.1.0.1
2025-01-11 20:17:34,594 [WARN] PackLoader:240 - Cannot read IP mode file for STMicroelectronics.X-CUBE-NFC7.1.0.0
2025-01-11 20:17:34,604 [WARN] PackLoader:240 - Cannot read IP mode file for wolfSSL.I-CUBE-wolfTPM.3.2.0
2025-01-11 20:17:34,620 [WARN] PackLoader:240 - Cannot read IP mode file for STMicroelectronics.X-CUBE-NFC6.3.0.0
2025-01-11 20:17:34,636 [WARN] PackLoader:240 - Cannot read IP mode file for STMicroelectronics.X-CUBE-EEPRMA1.4.1.0
2025-01-11 20:17:34,646 [WARN] PackLoader:240 - Cannot read IP mode file for STMicroelectronics.X-CUBE-AI.8.1.0
2025-01-11 20:17:34,693 [WARN] ConditionMgr:438 - getConditionDescription Invalid condition id : LAN8742 Phy interface Condition cause : null
2025-01-11 20:17:34,695 [WARN] PackLoader:240 - Cannot read IP mode file for STMicroelectronics.X-CUBE-AZRTOS-L4.2.0.0
2025-01-11 20:17:34,698 [WARN] ConditionMgr:1039 - genDependencies : Invalid condition id : LAN8742 Phy interface Condition cause : null
2025-01-11 20:17:34,699 [WARN] ConditionMgr:1039 - genDependencies : Invalid condition id : LAN8742 Phy interface Condition cause : null
2025-01-11 20:17:34,700 [WARN] ConditionMgr:1039 - genDependencies : Invalid condition id : LAN8742 Phy interface Condition cause : null
2025-01-11 20:17:34,717 [WARN] PackLoader:240 - Cannot read IP mode file for STMicroelectronics.X-CUBE-SFXS2LP1.4.0.0
2025-01-11 20:17:34,767 [WARN] PackLoader:240 - Cannot read IP mode file for STMicroelectronics.X-CUBE-AZRTOS-H7.3.0.0
2025-01-11 20:17:34,779 [WARN] PackLoader:240 - Cannot read IP mode file for STMicroelectronics.X-CUBE-ISPU.1.1.0
2025-01-11 20:17:34,830 [WARN] PackLoader:240 - Cannot read IP mode file for STMicroelectronics.X-CUBE-AZRTOS-H7.3.3.0
2025-01-11 20:17:34,858 [WARN] PackLoader:240 - Cannot read IP mode file for RoweBots.I-CUBE-UNISONRTOS.5.5.0-4
2025-01-11 20:17:34,868 [WARN] PackLoader:240 - Cannot read IP mode file for STMicroelectronics.X-CUBE-AI.8.0.0
2025-01-11 20:17:34,879 [ERROR] Engine:466 - C:\Users\Minh\.stm32cubemx\thirdparties\pdsc\STMicroelectronics.X-CUBE-IPS.3.0.0.pdsc: PDSC version is not supported
2025-01-11 20:17:34,911 [WARN] ConditionMgr:438 - getConditionDescription Invalid condition id : UX DEVICE CLASS RTOS Condition cause : null
2025-01-11 20:17:34,912 [WARN] ConditionMgr:438 - getConditionDescription Invalid condition id : UX DEVICE CLASS RTOS Condition cause : null
2025-01-11 20:17:34,918 [WARN] PackLoader:240 - Cannot read IP mode file for STMicroelectronics.X-CUBE-AZRTOS-WB.2.0.0
2025-01-11 20:17:34,920 [WARN] ConditionMgr:1039 - genDependencies : Invalid condition id : UX DEVICE CLASS RTOS Condition cause : null
2025-01-11 20:17:34,921 [WARN] ConditionMgr:1039 - genDependencies : Invalid condition id : UX DEVICE CLASS RTOS Condition cause : null
2025-01-11 20:17:34,922 [WARN] ConditionMgr:1039 - genDependencies : Invalid condition id : UX DEVICE CLASS RTOS Condition cause : null
2025-01-11 20:17:34,923 [WARN] ConditionMgr:1039 - genDependencies : Invalid condition id : UX DEVICE CLASS RTOS Condition cause : null
2025-01-11 20:17:34,923 [WARN] ConditionMgr:1039 - genDependencies : Invalid condition id : UX DEVICE CLASS RTOS Condition cause : null
2025-01-11 20:17:34,936 [WARN] PackLoader:240 - Cannot read IP mode file for STMicroelectronics.X-CUBE-FREERTOS.1.0.0
2025-01-11 20:17:34,946 [WARN] PackLoader:240 - Cannot read IP mode file for STMicroelectronics.X-CUBE-FREERTOS.1.0.1
2025-01-11 20:17:34,959 [WARN] PackLoader:240 - Cannot read IP mode file for STMicroelectronics.X-CUBE-GNSS1.7.0.0
2025-01-11 20:17:34,974 [WARN] PackLoader:240 - Cannot read IP mode file for STMicroelectronics.X-CUBE-GNSS1.7.0.1
2025-01-11 20:17:34,984 [ERROR] Engine:466 - C:\Users\Minh\.stm32cubemx\thirdparties\pdsc\STMicroelectronics.FP-SNS-STBOX1.2.0.0.pdsc: PDSC version is not supported
2025-01-11 20:17:35,019 [WARN] PackLoader:240 - Cannot read IP mode file for STMicroelectronics.X-CUBE-AZRTOS-L5.1.1.0
2025-01-11 20:17:35,034 [WARN] PackLoader:240 - Cannot read IP mode file for STMicroelectronics.X-CUBE-AI.8.0.1
2025-01-11 20:17:35,061 [WARN] PackLoader:240 - Cannot read IP mode file for STMicroelectronics.X-CUBE-SUBG2.5.0.0
2025-01-11 20:17:35,081 [WARN] PackLoader:240 - Cannot read IP mode file for Cesanta.I-CUBE-Mongoose.7.13.0
2025-01-11 20:17:35,102 [WARN] PackLoader:240 - Cannot read IP mode file for STMicroelectronics.X-CUBE-TOF1.3.3.1
2025-01-11 20:17:35,164 [WARN] PackLoader:240 - Cannot read IP mode file for STMicroelectronics.X-CUBE-AZRTOS-G4.2.0.0
2025-01-11 20:17:35,190 [WARN] PackLoader:240 - Cannot read IP mode file for STMicroelectronics.X-CUBE-TOF1.3.3.0
2025-01-11 20:17:35,218 [WARN] PackLoader:240 - Cannot read IP mode file for STMicroelectronics.FP-ATR-ASTRA1.1.1.1
2025-01-11 20:17:35,247 [WARN] PackLoader:240 - Cannot read IP mode file for Infineon.AIROC-Wi-Fi-Bluetooth-STM32.1.5.1
2025-01-11 20:17:35,261 [WARN] PackLoader:240 - Cannot read IP mode file for STMicroelectronics.FP-SNS-MOTENVWB1.1.3.0
2025-01-11 20:17:35,268 [WARN] PackLoader:240 - Cannot read IP mode file for STMicroelectronics.FP-SNS-MOTENVWB1.1.3.1
2025-01-11 20:17:35,297 [WARN] PackLoader:240 - Cannot read IP mode file for STMicroelectronics.X-CUBE-AZRTOS-G4.1.0.0
2025-01-11 20:17:35,337 [WARN] PackLoader:240 - Cannot read IP mode file for STMicroelectronics.X-CUBE-AZRTOS-L4.1.0.0
2025-01-11 20:17:35,351 [WARN] PackLoader:240 - Cannot read IP mode file for STMicroelectronics.X-CUBE-ISPU.2.0.0
2025-01-11 20:17:35,362 [ERROR] Engine:466 - C:\Users\Minh\.stm32cubemx\thirdparties\pdsc\STMicroelectronics.X-CUBE-IPS.3.1.0.pdsc: PDSC version is not supported
2025-01-11 20:17:35,371 [WARN] PackLoader:240 - Cannot read IP mode file for STMicroelectronics.X-CUBE-ALS.1.0.2
2025-01-11 20:17:35,493 [WARN] PackLoader:240 - Cannot read IP mode file for STMicroelectronics.X-CUBE-MEMS1.10.0.0
2025-01-11 20:17:35,798 [WARN] PackLoader:240 - Cannot read IP mode file for STMicroelectronics.X-CUBE-FREERTOS.1.1.0
2025-01-11 20:17:35,806 [WARN] PackLoader:240 - Cannot read IP mode file for STMicroelectronics.X-CUBE-TOUCHGFX.4.24.0
2025-01-11 20:17:35,811 [WARN] PackLoader:240 - Cannot read IP mode file for STMicroelectronics.X-CUBE-TOUCHGFX.4.24.2
2025-01-11 20:17:35,835 [WARN] PackLoader:240 - Cannot read IP mode file for STMicroelectronics.X-CUBE-AZRTOS-WL.1.0.0
2025-01-11 20:17:35,844 [WARN] PackLoader:240 - Cannot read IP mode file for STMicroelectronics.X-CUBE-TOUCHGFX.4.24.1
2025-01-11 20:17:35,856 [WARN] PackLoader:240 - Cannot read IP mode file for portGmbH.I-Cube-SoM-uGOAL.1.1.0
2025-01-11 20:17:35,864 [WARN] PackLoader:240 - Cannot read IP mode file for STMicroelectronics.X-CUBE-ALS.1.0.1
2025-01-11 20:17:35,894 [WARN] PackLoader:240 - Cannot read IP mode file for STMicroelectronics.X-CUBE-AZRTOS-WB.1.1.0
2025-01-11 20:17:35,944 [WARN] PackLoader:240 - Cannot read IP mode file for STMicroelectronics.X-CUBE-AZRTOS-H7RS.1.0.0
2025-01-11 20:17:35,957 [WARN] PackLoader:240 - Cannot read IP mode file for STMicroelectronics.FP-ATR-ASTRA1.2.0.0
2025-01-11 20:17:35,969 [ERROR] Engine:466 - C:\Users\Minh\.stm32cubemx\thirdparties\pdsc\STMicroelectronics.X-CUBE-TOF1.3.4.2.pdsc: PDSC version is not supported
2025-01-11 20:17:35,991 [WARN] PackLoader:240 - Cannot read IP mode file for STMicroelectronics.X-CUBE-TOF1.3.4.0
2025-01-11 20:17:36,041 [WARN] PackLoader:240 - Cannot read IP mode file for STMicroelectronics.X-CUBE-TOF1.3.4.1
2025-01-11 20:17:36,113 [WARN] PackLoader:240 - Cannot read IP mode file for STMicroelectronics.X-CUBE-AZRTOS-H7.3.2.0
2025-01-11 20:17:36,125 [WARN] PackLoader:240 - Cannot read IP mode file for wolfSSL.I-CUBE-wolfSSH.1.4.17
2025-01-11 20:17:36,126 [INFO] ThirdParty:978 - Integrity check success = true
2025-01-11 20:17:36,126 [INFO] IntegrityCheckThread:100 - exiting critical section [integrity check]
2025-01-11 20:17:36,126 [INFO] IntegrityCheckThread:103 - End integrity checks thread
2025-01-11 20:58:53,635 [ERROR] LogOutputStream:75 - [STDERR_REDIRECT] SLF4J: Failed to load class "org.slf4j.impl.StaticLoggerBinder".
2025-01-11 20:58:53,636 [ERROR] LogOutputStream:75 - [STDERR_REDIRECT] SLF4J: Defaulting to no-operation (NOP) logger implementation
2025-01-11 20:58:53,640 [ERROR] LogOutputStream:75 - [STDERR_REDIRECT] SLF4J: See http://www.slf4j.org/codes.html#StaticLoggerBinder for further details.
2025-01-11 21:56:54,352 [INFO] McuFinderGlobals:63 - Set McuFinder mode to 2 (CubeIDE integrated)
2025-01-11 21:56:54,411 [INFO] MainUpdater:2868 - connection check result : 10
2025-01-11 21:56:54,429 [INFO] MainUpdater:2868 - connection check result : 10
2025-01-11 21:56:54,763 [INFO] MicroXplorer:468 - Change Database Path : 
2025-01-11 21:56:54,763 [INFO] MicroXplorer:498 - Change Database Version : DB.6.0.91
2025-01-11 21:56:54,771 [WARN] ThirdParty:871 - waiting for thirdparty lock release [close project]
2025-01-11 21:56:54,771 [INFO] ThirdParty:873 - entering critical section [close project]
2025-01-11 21:56:54,775 [INFO] ThirdParty:883 - exiting critical section [close project]
2025-01-11 21:56:54,780 [INFO] PinOutPanel:1499 - setPackage(No Configuration,No Configuration)
2025-01-11 21:56:54,801 [INFO] UtilMem:75 - Begin LoadConfig() Used Memory: 896966256 Bytes (1073741824)
2025-01-11 21:57:04,832 [INFO] ServerAccessManage:473 - Download File stm32cube_db_v5020.zip
2025-01-11 21:57:09,280 [INFO] FileExtend:240 - Unzip File : stm32cube_db_v5020.zip
2025-01-11 21:57:09,282 [INFO] FileExtend:255 - Standard Zip Deflate
2025-01-11 21:57:15,441 [INFO] LoadServerPackagesThread:196 - End of LoadServerPackages Thread
2025-01-11 21:57:15,663 [INFO] CheckServerUpdateThread:120 - End of CheckServer Thread
2025-01-11 21:57:23,356 [INFO] McuFinderGlobals:63 - Set McuFinder mode to 2 (CubeIDE integrated)
2025-01-11 21:57:23,357 [INFO] UserAuth:179 - activating auth plugin
2025-01-11 21:57:23,362 [INFO] UserAuth:393 - Internet connection configuration mode: 1
2025-01-11 21:58:01,111 [INFO] WebApp:586 - userauth.ini created with success
2025-01-11 21:58:43,107 [INFO] MainUpdater:2868 - connection check result : 10
2025-01-11 21:58:43,107 [INFO] MainUpdater:2868 - connection check result : 10
2025-01-11 21:58:43,125 [INFO] MicroXplorer:468 - Change Database Path : 
2025-01-11 21:58:43,126 [INFO] MicroXplorer:498 - Change Database Version : DB.6.0.91
2025-01-11 21:58:43,126 [WARN] ThirdParty:871 - waiting for thirdparty lock release [close project]
2025-01-11 21:58:43,127 [INFO] ThirdParty:873 - entering critical section [close project]
2025-01-11 21:58:43,127 [INFO] ThirdParty:883 - exiting critical section [close project]
2025-01-11 21:58:43,129 [INFO] PinOutPanel:1499 - setPackage(No Configuration,No Configuration)
2025-01-11 21:58:43,131 [INFO] UtilMem:75 - Begin LoadConfig() Used Memory: 893462088 Bytes (1073741824)
2025-01-11 21:58:43,148 [INFO] MicroXplorer:468 - Change Database Path : C:/Users/Minh/.stm32cubemx/databases/DB.5.0.20/db/
2025-01-11 21:58:43,149 [INFO] MicroXplorer:498 - Change Database Version : DB.5.0.20
2025-01-11 21:58:45,656 [INFO] OpenFileManager:308 - Change cursor
2025-01-11 21:58:46,066 [INFO] ApiDb:581 - Connected to CubeFinder SQLite database (C:\Users\Minh\.stmcufinder\plugins\mcufinder\mcu\cube-finder-db.db)
2025-01-11 21:58:46,282 [INFO] ApiDb:668 - CubeFinder database Data Model version=2.1
2025-01-11 21:58:46,282 [INFO] ApiDb:669 - CubeFinder database Configuration version=3.0.39
2025-01-11 21:58:46,285 [INFO] ApiDb:670 - CubeFinder database generation date=2024-12-10 (1733817889)
2025-01-11 21:58:46,285 [INFO] ApiDb:671 - CubeFinder database FW Pack versions=[FP-ATR-ASTRA1_V2.0.0, FP-SNS-FLIGHT1_V5.0.2, FP-SNS-MOTENV1_V5.0.0, FP-SNS-MOTENVWB1_V1.4.0, FP-SNS-SMARTAG2_V1.2.0, FP-SNS-STBOX1_V2.0.0, STM32Cube_FW_C0_V1.3.0, STM32Cube_FW_F4_V1.28.1, STM32Cube_FW_F7_V1.17.2, STM32Cube_FW_G0_V1.6.2, STM32Cube_FW_G4_V1.6.1, STM32Cube_FW_H5_V1.4.0, STM32Cube_FW_H7RS_V1.1.0, STM32Cube_FW_H7_V1.12.0, STM32Cube_FW_L0_V1.12.2, STM32Cube_FW_L4_V1.18.1, STM32Cube_FW_L5_V1.5.1, STM32Cube_FW_N6_V1.0.0, STM32Cube_FW_U0_V1.2.0, STM32Cube_FW_U3_V1.0.0, STM32Cube_FW_U5_V1.7.0, STM32Cube_FW_WB0_V1.1.0, STM32Cube_FW_WBA_V1.5.0, STM32Cube_FW_WB_V1.21.0, STM32Cube_FW_WL3_V1.0.0, STM32Cube_FW_WL_V1.3.0, X-CUBE-ALGOBUILD_V1.4.0, X-CUBE-ALS_V1.0.2, X-CUBE-AZRTOS-F4_V1.1.0, X-CUBE-AZRTOS-F7_V1.1.0, X-CUBE-AZRTOS-G0_V1.1.0, X-CUBE-AZRTOS-G4_V2.0.0, X-CUBE-AZRTOS-H7RS_V1.0.0, X-CUBE-AZRTOS-H7_V3.3.0, X-CUBE-AZRTOS-L4_V2.0.0, X-CUBE-AZRTOS-L5_V2.0.0, X-CUBE-AZRTOS-WB_V2.0.0, X-CUBE-AZRTOS-WL_V2.0.0, X-CUBE-BLE1_V7.0.0, X-CUBE-BLE2_V3.3.0, X-CUBE-BLEMGR_V3.1.0, X-CUBE-EEPRMA1_V5.1.0, X-CUBE-FREERTOS_V1.2.0, X-CUBE-GNSS1_V6.0.0, X-CUBE-MEMS1_V11.0.0, X-CUBE-NFC4_V3.0.0, X-CUBE-NFC7_V1.0.1, X-CUBE-SFXS2LP1_V4.0.0, X-CUBE-SUBG2_V5.0.0, X-CUBE-TOF1_V3.4.2]
2025-01-11 21:58:46,549 [INFO] DbBoardsSqlite:226 - include board P-NUCLEO-WB55-NUCLEO as a kit item of type 'Nucleo-64'
2025-01-11 21:58:46,550 [INFO] DbBoardsSqlite:226 - include board P-NUCLEO-WB55-USBDONGLE as a kit item of type 'Nucleo USB Dongle'
2025-01-11 21:58:46,552 [INFO] DbBoardsSqlite:226 - include board STEVAL-IDP005V1 as a kit item of type 'Evaluation Board'
2025-01-11 21:58:46,554 [INFO] DbBoardsSqlite:226 - include board STEVAL-IDP005V2 as a kit item of type 'Evaluation Board'
2025-01-11 21:58:47,364 [INFO] ApiDb:240 - Found 323 in-development CPN: [B-G473E-ZEST1S, B-WB1M-WPAN1, B-WL5M-SUBG1, NUCLEO-C031C6, NUCLEO-H503RB, NUCLEO-H563ZI, NUCLEO-U545RE-Q, NUCLEO-U5A5ZJ-Q, NUCLEO-WBA52CG, STEVAL-PROTEUS1, STEVAL-SMARTAG2, STEVAL-STWINBX1, STM320518-EVAL, STM32C0116-DK, STM32C011D6Y3TR, STM32C011D6Y6TR, STM32C011F4P3, STM32C011F4P6, STM32C011F4U3, STM32C011F4U6TR, STM32C011F6P3, STM32C011F6P6, STM32C011F6U3, STM32C011F6U6TR, STM32C011J4M3, STM32C011J4M6, STM32C011J6M3, STM32C011J6M6, STM32C0316-DK, STM32C031C4T3, STM32C031C4T6, STM32C031C4U3, STM32C031C4U6, STM32C031C6T3, STM32C031C6T6, STM32C031C6U3, STM32C031C6U6, STM32C031F4P3, STM32C031F4P6, STM32C031F6P3, STM32C031F6P6, STM32C031G4U3, STM32C031G4U6, STM32C031G6U3, STM32C031G6U6, STM32C031K4T3, STM32C031K4T6, STM32C031K4U3, STM32C031K4U6, STM32C031K6T3, STM32C031K6T6, STM32C031K6U3, STM32C031K6U6, STM32G071K8TXN, STM32G071K8UXN, STM32G081GBU6N, STM32G081KBT6N, STM32G081KBUXN, STM32G0B1CCT6N, STM32G0B1KCT6, STM32G0B1NEY6TR, STM32G0B1RCT6N, STM32G0C1CCT6, STM32G0C1CCT6N, STM32G0C1CCU6N, STM32G0C1CET6N, STM32G0C1CEU6N, STM32G0C1KCT6, STM32G0C1NEY6TR, STM32G0C1RCI6N, STM32G0C1RCT6N, STM32G0C1REI6N, STM32G0C1RET6N, STM32G0C1VCI6, STM32G0C1VEI6, STM32G471CCT6, STM32G471CCU6, STM32G471CET3, STM32G471CET6, STM32G471CEU3, STM32G471CEU6, STM32G471MCT6, STM32G471MET3, STM32G471MET6, STM32G471MEY6TR, STM32G471QCT6, STM32G471QET3, STM32G471RCT6, STM32G471RET3, STM32G471RET6, STM32G471VCH6, STM32G471VCI6, STM32G471VCT6, STM32G471VEH3, STM32G471VEH6, STM32G471VEI3, STM32G471VEI6, STM32G471VET3, STM32G471VET6, STM32G474CCT6, STM32H503CBT6, STM32H503CBU6, STM32H503EBY6TR, STM32H503KBU6, STM32H503RBT6, STM32H562AGI6, STM32H562AII6, STM32H562IGK6, STM32H562IGT6, STM32H562IIK6, STM32H562IIT6, STM32H562RGT6, STM32H562RGV6, STM32H562RIT6, STM32H562RIV6, STM32H562VGT6, STM32H562VIT6, STM32H562ZGT6, STM32H562ZIT6, STM32H563AGI6, STM32H563AII3Q, STM32H563AII6, STM32H563IGK6, STM32H563IGT6, STM32H563IIK3Q, STM32H563IIK6, STM32H563IIT3Q, STM32H563IIT6, STM32H563MIY3QTR, STM32H563RGT6, STM32H563RGV6, STM32H563RIT6, STM32H563RIV6, STM32H563VGT6, STM32H563VIT3Q, STM32H563VIT6, STM32H563ZGT6, STM32H563ZIT3Q, STM32H563ZIT6, STM32H573AII3Q, STM32H573AII6, STM32H573I-DK, STM32H573IIK3Q, STM32H573IIK6, STM32H573IIT3Q, STM32H573IIT6, STM32H573MIY3QTR, STM32H573RIT6, STM32H573RIV6, STM32H573VIT3Q, STM32H573VIT6, STM32H573ZIT3Q, STM32H573ZIT6, STM32L4R5QGI6STR, STM32MP131AAE3, STM32MP131AAF3, STM32MP131AAG3, STM32MP131CAE3, STM32MP131CAF3, STM32MP131CAG3, STM32MP131DAE7, STM32MP131DAF7, STM32MP131DAG7, STM32MP131FAE7, STM32MP131FAF7, STM32MP131FAG7, STM32MP133AAE3, STM32MP133AAF3, STM32MP133AAG3, STM32MP133CAE3, STM32MP133CAF3, STM32MP133CAG3, STM32MP133DAE7, STM32MP133DAF7, STM32MP133DAG7, STM32MP133FAE7, STM32MP133FAF7, STM32MP133FAG7, STM32MP135AAE3, STM32MP135AAF3, STM32MP135AAG3, STM32MP135CAE3, STM32MP135CAF3, STM32MP135CAG3, STM32MP135DAE7, STM32MP135DAF7, STM32MP135DAG7, STM32MP135F-DK, STM32MP135FAE7, STM32MP135FAF7, STM32MP135FAF7T, STM32MP135FAF7U, STM32MP135FAG7, STM32U535CBT6, STM32U535CBT6Q, STM32U535CBU6, STM32U535CBU6Q, STM32U535CCT6, STM32U535CCT6Q, STM32U535CCU6, STM32U535CCU6Q, STM32U535CET6, STM32U535CET6Q, STM32U535CEU6, STM32U535CEU6Q, STM32U535JEY6QTR, STM32U535NCY6QTR, STM32U535NEY6QTR, STM32U535RBI6, STM32U535RBI6Q, STM32U535RBT6, STM32U535RBT6Q, STM32U535RCI6, STM32U535RCI6Q, STM32U535RCT6, STM32U535RCT6Q, STM32U535REI6, STM32U535REI6Q, STM32U535RET6, STM32U535RET6Q, STM32U535VCI6, STM32U535VCI6Q, STM32U535VCT6, STM32U535VCT6Q, STM32U535VEI6, STM32U535VEI6Q, STM32U535VET6, STM32U535VET6Q, STM32U545CET6, STM32U545CET6Q, STM32U545CEU6, STM32U545CEU6Q, STM32U545JEY6QTR, STM32U545NEY6QTR, STM32U545REI6, STM32U545REI6Q, STM32U545RET6, STM32U545RET6Q, STM32U545VEI6, STM32U545VEI6Q, STM32U545VET6, STM32U545VET6Q, STM32U595AIH6, STM32U595AIH6Q, STM32U595AJH6, STM32U595AJH6Q, STM32U595QII6, STM32U595QII6Q, STM32U595QJI6, STM32U595QJI6Q, STM32U595RIT6, STM32U595RIT6Q, STM32U595RJT6, STM32U595RJT6Q, STM32U595VIT6, STM32U595VIT6Q, STM32U595VJT6, STM32U595VJT6Q, STM32U595ZIT6, STM32U595ZIT6Q, STM32U595ZIY6QTR, STM32U595ZJT6, STM32U595ZJT6Q, STM32U595ZJY6QTR, STM32U599BJY6QTR, STM32U599NIH6Q, STM32U599NJH6Q, STM32U599VIT6Q, STM32U599VJT6, STM32U599VJT6Q, STM32U599ZIT6Q, STM32U599ZIY6QTR, STM32U599ZJT6Q, STM32U599ZJY6QTR, STM32U5A5AJH6, STM32U5A5AJH6Q, STM32U5A5QJI6, STM32U5A5QJI6Q, STM32U5A5RJT6, STM32U5A5RJT6Q, STM32U5A5VJT6, STM32U5A5VJT6Q, STM32U5A5ZJT6, STM32U5A5ZJT6Q, STM32U5A5ZJY6QTR, STM32U5A9BJY6QTR, STM32U5A9J-DK, STM32U5A9NJH6Q, STM32U5A9VJT6Q, STM32U5A9ZJT6Q, STM32U5A9ZJY6QTR, STM32U5F7VIT6, STM32U5F7VIT6Q, STM32U5F7VJT6, STM32U5F7VJT6Q, STM32U5F9BJY6QTR, STM32U5F9NJH6Q, STM32U5F9VIT6Q, STM32U5F9VJT6Q, STM32U5F9ZIJ6QTR, STM32U5F9ZIT6Q, STM32U5F9ZJJ6QTR, STM32U5F9ZJT6Q, STM32U5G7VJT6, STM32U5G7VJT6Q, STM32U5G9BJY6QTR, STM32U5G9J-DK1, STM32U5G9J-DK2, STM32U5G9NJH6Q, STM32U5G9VJT6Q, STM32U5G9ZJJ6QTR, STM32U5G9ZJT6Q, STM32WB1MMCH6, STM32WBA52CEU6, STM32WBA52CEU6T, STM32WBA52CGU6, STM32WBA52CGU6T, STM32WBA52KEU6, STM32WBA52KEU6T, STM32WBA52KGU6, STM32WBA52KGU6T, STM32WL5MOCH6, STM32WL5MOCH6TR]
2025-01-11 21:58:47,372 [INFO] ApiDb:668 - CubeFinder database Data Model version=2.1
2025-01-11 21:58:47,372 [INFO] ApiDb:669 - CubeFinder database Configuration version=3.0.39
2025-01-11 21:58:47,373 [INFO] ApiDb:670 - CubeFinder database generation date=2024-12-10 (1733817889)
2025-01-11 21:58:47,373 [INFO] ApiDb:671 - CubeFinder database FW Pack versions=[FP-ATR-ASTRA1_V2.0.0, FP-SNS-FLIGHT1_V5.0.2, FP-SNS-MOTENV1_V5.0.0, FP-SNS-MOTENVWB1_V1.4.0, FP-SNS-SMARTAG2_V1.2.0, FP-SNS-STBOX1_V2.0.0, STM32Cube_FW_C0_V1.3.0, STM32Cube_FW_F4_V1.28.1, STM32Cube_FW_F7_V1.17.2, STM32Cube_FW_G0_V1.6.2, STM32Cube_FW_G4_V1.6.1, STM32Cube_FW_H5_V1.4.0, STM32Cube_FW_H7RS_V1.1.0, STM32Cube_FW_H7_V1.12.0, STM32Cube_FW_L0_V1.12.2, STM32Cube_FW_L4_V1.18.1, STM32Cube_FW_L5_V1.5.1, STM32Cube_FW_N6_V1.0.0, STM32Cube_FW_U0_V1.2.0, STM32Cube_FW_U3_V1.0.0, STM32Cube_FW_U5_V1.7.0, STM32Cube_FW_WB0_V1.1.0, STM32Cube_FW_WBA_V1.5.0, STM32Cube_FW_WB_V1.21.0, STM32Cube_FW_WL3_V1.0.0, STM32Cube_FW_WL_V1.3.0, X-CUBE-ALGOBUILD_V1.4.0, X-CUBE-ALS_V1.0.2, X-CUBE-AZRTOS-F4_V1.1.0, X-CUBE-AZRTOS-F7_V1.1.0, X-CUBE-AZRTOS-G0_V1.1.0, X-CUBE-AZRTOS-G4_V2.0.0, X-CUBE-AZRTOS-H7RS_V1.0.0, X-CUBE-AZRTOS-H7_V3.3.0, X-CUBE-AZRTOS-L4_V2.0.0, X-CUBE-AZRTOS-L5_V2.0.0, X-CUBE-AZRTOS-WB_V2.0.0, X-CUBE-AZRTOS-WL_V2.0.0, X-CUBE-BLE1_V7.0.0, X-CUBE-BLE2_V3.3.0, X-CUBE-BLEMGR_V3.1.0, X-CUBE-EEPRMA1_V5.1.0, X-CUBE-FREERTOS_V1.2.0, X-CUBE-GNSS1_V6.0.0, X-CUBE-MEMS1_V11.0.0, X-CUBE-NFC4_V3.0.0, X-CUBE-NFC7_V1.0.1, X-CUBE-SFXS2LP1_V4.0.0, X-CUBE-SUBG2_V5.0.0, X-CUBE-TOF1_V3.4.2]
2025-01-11 21:58:52,958 [INFO] ApiDb:240 - Found 323 in-development CPN: [B-G473E-ZEST1S, B-WB1M-WPAN1, B-WL5M-SUBG1, NUCLEO-C031C6, NUCLEO-H503RB, NUCLEO-H563ZI, NUCLEO-U545RE-Q, NUCLEO-U5A5ZJ-Q, NUCLEO-WBA52CG, STEVAL-PROTEUS1, STEVAL-SMARTAG2, STEVAL-STWINBX1, STM320518-EVAL, STM32C0116-DK, STM32C011D6Y3TR, STM32C011D6Y6TR, STM32C011F4P3, STM32C011F4P6, STM32C011F4U3, STM32C011F4U6TR, STM32C011F6P3, STM32C011F6P6, STM32C011F6U3, STM32C011F6U6TR, STM32C011J4M3, STM32C011J4M6, STM32C011J6M3, STM32C011J6M6, STM32C0316-DK, STM32C031C4T3, STM32C031C4T6, STM32C031C4U3, STM32C031C4U6, STM32C031C6T3, STM32C031C6T6, STM32C031C6U3, STM32C031C6U6, STM32C031F4P3, STM32C031F4P6, STM32C031F6P3, STM32C031F6P6, STM32C031G4U3, STM32C031G4U6, STM32C031G6U3, STM32C031G6U6, STM32C031K4T3, STM32C031K4T6, STM32C031K4U3, STM32C031K4U6, STM32C031K6T3, STM32C031K6T6, STM32C031K6U3, STM32C031K6U6, STM32G071K8TXN, STM32G071K8UXN, STM32G081GBU6N, STM32G081KBT6N, STM32G081KBUXN, STM32G0B1CCT6N, STM32G0B1KCT6, STM32G0B1NEY6TR, STM32G0B1RCT6N, STM32G0C1CCT6, STM32G0C1CCT6N, STM32G0C1CCU6N, STM32G0C1CET6N, STM32G0C1CEU6N, STM32G0C1KCT6, STM32G0C1NEY6TR, STM32G0C1RCI6N, STM32G0C1RCT6N, STM32G0C1REI6N, STM32G0C1RET6N, STM32G0C1VCI6, STM32G0C1VEI6, STM32G471CCT6, STM32G471CCU6, STM32G471CET3, STM32G471CET6, STM32G471CEU3, STM32G471CEU6, STM32G471MCT6, STM32G471MET3, STM32G471MET6, STM32G471MEY6TR, STM32G471QCT6, STM32G471QET3, STM32G471RCT6, STM32G471RET3, STM32G471RET6, STM32G471VCH6, STM32G471VCI6, STM32G471VCT6, STM32G471VEH3, STM32G471VEH6, STM32G471VEI3, STM32G471VEI6, STM32G471VET3, STM32G471VET6, STM32G474CCT6, STM32H503CBT6, STM32H503CBU6, STM32H503EBY6TR, STM32H503KBU6, STM32H503RBT6, STM32H562AGI6, STM32H562AII6, STM32H562IGK6, STM32H562IGT6, STM32H562IIK6, STM32H562IIT6, STM32H562RGT6, STM32H562RGV6, STM32H562RIT6, STM32H562RIV6, STM32H562VGT6, STM32H562VIT6, STM32H562ZGT6, STM32H562ZIT6, STM32H563AGI6, STM32H563AII3Q, STM32H563AII6, STM32H563IGK6, STM32H563IGT6, STM32H563IIK3Q, STM32H563IIK6, STM32H563IIT3Q, STM32H563IIT6, STM32H563MIY3QTR, STM32H563RGT6, STM32H563RGV6, STM32H563RIT6, STM32H563RIV6, STM32H563VGT6, STM32H563VIT3Q, STM32H563VIT6, STM32H563ZGT6, STM32H563ZIT3Q, STM32H563ZIT6, STM32H573AII3Q, STM32H573AII6, STM32H573I-DK, STM32H573IIK3Q, STM32H573IIK6, STM32H573IIT3Q, STM32H573IIT6, STM32H573MIY3QTR, STM32H573RIT6, STM32H573RIV6, STM32H573VIT3Q, STM32H573VIT6, STM32H573ZIT3Q, STM32H573ZIT6, STM32L4R5QGI6STR, STM32MP131AAE3, STM32MP131AAF3, STM32MP131AAG3, STM32MP131CAE3, STM32MP131CAF3, STM32MP131CAG3, STM32MP131DAE7, STM32MP131DAF7, STM32MP131DAG7, STM32MP131FAE7, STM32MP131FAF7, STM32MP131FAG7, STM32MP133AAE3, STM32MP133AAF3, STM32MP133AAG3, STM32MP133CAE3, STM32MP133CAF3, STM32MP133CAG3, STM32MP133DAE7, STM32MP133DAF7, STM32MP133DAG7, STM32MP133FAE7, STM32MP133FAF7, STM32MP133FAG7, STM32MP135AAE3, STM32MP135AAF3, STM32MP135AAG3, STM32MP135CAE3, STM32MP135CAF3, STM32MP135CAG3, STM32MP135DAE7, STM32MP135DAF7, STM32MP135DAG7, STM32MP135F-DK, STM32MP135FAE7, STM32MP135FAF7, STM32MP135FAF7T, STM32MP135FAF7U, STM32MP135FAG7, STM32U535CBT6, STM32U535CBT6Q, STM32U535CBU6, STM32U535CBU6Q, STM32U535CCT6, STM32U535CCT6Q, STM32U535CCU6, STM32U535CCU6Q, STM32U535CET6, STM32U535CET6Q, STM32U535CEU6, STM32U535CEU6Q, STM32U535JEY6QTR, STM32U535NCY6QTR, STM32U535NEY6QTR, STM32U535RBI6, STM32U535RBI6Q, STM32U535RBT6, STM32U535RBT6Q, STM32U535RCI6, STM32U535RCI6Q, STM32U535RCT6, STM32U535RCT6Q, STM32U535REI6, STM32U535REI6Q, STM32U535RET6, STM32U535RET6Q, STM32U535VCI6, STM32U535VCI6Q, STM32U535VCT6, STM32U535VCT6Q, STM32U535VEI6, STM32U535VEI6Q, STM32U535VET6, STM32U535VET6Q, STM32U545CET6, STM32U545CET6Q, STM32U545CEU6, STM32U545CEU6Q, STM32U545JEY6QTR, STM32U545NEY6QTR, STM32U545REI6, STM32U545REI6Q, STM32U545RET6, STM32U545RET6Q, STM32U545VEI6, STM32U545VEI6Q, STM32U545VET6, STM32U545VET6Q, STM32U595AIH6, STM32U595AIH6Q, STM32U595AJH6, STM32U595AJH6Q, STM32U595QII6, STM32U595QII6Q, STM32U595QJI6, STM32U595QJI6Q, STM32U595RIT6, STM32U595RIT6Q, STM32U595RJT6, STM32U595RJT6Q, STM32U595VIT6, STM32U595VIT6Q, STM32U595VJT6, STM32U595VJT6Q, STM32U595ZIT6, STM32U595ZIT6Q, STM32U595ZIY6QTR, STM32U595ZJT6, STM32U595ZJT6Q, STM32U595ZJY6QTR, STM32U599BJY6QTR, STM32U599NIH6Q, STM32U599NJH6Q, STM32U599VIT6Q, STM32U599VJT6, STM32U599VJT6Q, STM32U599ZIT6Q, STM32U599ZIY6QTR, STM32U599ZJT6Q, STM32U599ZJY6QTR, STM32U5A5AJH6, STM32U5A5AJH6Q, STM32U5A5QJI6, STM32U5A5QJI6Q, STM32U5A5RJT6, STM32U5A5RJT6Q, STM32U5A5VJT6, STM32U5A5VJT6Q, STM32U5A5ZJT6, STM32U5A5ZJT6Q, STM32U5A5ZJY6QTR, STM32U5A9BJY6QTR, STM32U5A9J-DK, STM32U5A9NJH6Q, STM32U5A9VJT6Q, STM32U5A9ZJT6Q, STM32U5A9ZJY6QTR, STM32U5F7VIT6, STM32U5F7VIT6Q, STM32U5F7VJT6, STM32U5F7VJT6Q, STM32U5F9BJY6QTR, STM32U5F9NJH6Q, STM32U5F9VIT6Q, STM32U5F9VJT6Q, STM32U5F9ZIJ6QTR, STM32U5F9ZIT6Q, STM32U5F9ZJJ6QTR, STM32U5F9ZJT6Q, STM32U5G7VJT6, STM32U5G7VJT6Q, STM32U5G9BJY6QTR, STM32U5G9J-DK1, STM32U5G9J-DK2, STM32U5G9NJH6Q, STM32U5G9VJT6Q, STM32U5G9ZJJ6QTR, STM32U5G9ZJT6Q, STM32WB1MMCH6, STM32WBA52CEU6, STM32WBA52CEU6T, STM32WBA52CGU6, STM32WBA52CGU6T, STM32WBA52KEU6, STM32WBA52KEU6T, STM32WBA52KGU6, STM32WBA52KGU6T, STM32WL5MOCH6, STM32WL5MOCH6TR]
2025-01-11 21:58:52,966 [INFO] DbMcus:217 - Found 4388 MCUs, 4388 are supported
2025-01-11 21:58:52,968 [INFO] ApiDb:423 - Load user favorites file C:\Users\Minh/.stm32cubeide/favorites.mcus.txt: 0 item(s)
2025-01-11 21:58:52,968 [INFO] ApiDb:427 - User favorites MCUs=[]
2025-01-11 21:58:52,969 [INFO] DbMcus:223 - Set 0 / 0 favorites MCUs
2025-01-11 21:58:54,454 [INFO] BoardInfo:880 - No configuration file found for board NUCLEO-C071RB
2025-01-11 21:58:54,454 [INFO] DbBoards:157 - Board is not supported: NUCLEO-C071RB
2025-01-11 21:58:54,588 [INFO] BoardInfo:880 - No configuration file found for board NUCLEO-H533RE
2025-01-11 21:58:54,588 [INFO] DbBoards:157 - Board is not supported: NUCLEO-H533RE
2025-01-11 21:58:54,618 [INFO] BoardInfo:880 - No configuration file found for board NUCLEO-H7S3L8
2025-01-11 21:58:54,619 [INFO] DbBoards:157 - Board is not supported: NUCLEO-H7S3L8
2025-01-11 21:58:54,721 [INFO] BoardInfo:880 - No configuration file found for board NUCLEO-N657X0-Q
2025-01-11 21:58:54,721 [INFO] DbBoards:157 - Board is not supported: NUCLEO-N657X0-Q
2025-01-11 21:58:54,725 [INFO] BoardInfo:880 - No configuration file found for board NUCLEO-U031R8
2025-01-11 21:58:54,726 [INFO] DbBoards:157 - Board is not supported: NUCLEO-U031R8
2025-01-11 21:58:54,730 [INFO] BoardInfo:880 - No configuration file found for board NUCLEO-U083RC
2025-01-11 21:58:54,730 [INFO] DbBoards:157 - Board is not supported: NUCLEO-U083RC
2025-01-11 21:58:54,744 [INFO] BoardInfo:880 - No configuration file found for board NUCLEO-WB05KZ
2025-01-11 21:58:54,744 [INFO] DbBoards:157 - Board is not supported: NUCLEO-WB05KZ
2025-01-11 21:58:54,751 [INFO] BoardInfo:880 - No configuration file found for board NUCLEO-WB07CC
2025-01-11 21:58:54,751 [INFO] DbBoards:157 - Board is not supported: NUCLEO-WB07CC
2025-01-11 21:58:54,754 [INFO] BoardInfo:880 - No configuration file found for board NUCLEO-WB09KE
2025-01-11 21:58:54,755 [INFO] DbBoards:157 - Board is not supported: NUCLEO-WB09KE
2025-01-11 21:58:54,768 [INFO] BoardInfo:880 - No configuration file found for board NUCLEO-WBA55CG
2025-01-11 21:58:54,768 [INFO] DbBoards:157 - Board is not supported: NUCLEO-WBA55CG
2025-01-11 21:58:54,784 [INFO] BoardInfo:880 - No configuration file found for board P-NUCLEO-WB55
2025-01-11 21:58:54,784 [INFO] DbBoards:157 - Kit is not supported: P-NUCLEO-WB55
2025-01-11 21:58:54,795 [INFO] BoardInfo:880 - No configuration file found for board STEVAL-BFA001V1B
2025-01-11 21:58:54,795 [INFO] DbBoards:157 - Kit is not supported: STEVAL-BFA001V1B
2025-01-11 21:58:54,800 [INFO] BoardInfo:880 - No configuration file found for board STEVAL-BFA001V2B
2025-01-11 21:58:54,800 [INFO] DbBoards:157 - Kit is not supported: STEVAL-BFA001V2B
2025-01-11 21:58:54,809 [INFO] BoardInfo:880 - No configuration file found for board STEVAL-MKBOXPRO
2025-01-11 21:58:54,809 [INFO] DbBoards:157 - Board is not supported: STEVAL-MKBOXPRO
2025-01-11 21:58:55,078 [INFO] BoardInfo:880 - No configuration file found for board STM32H7S78-DK
2025-01-11 21:58:55,078 [INFO] DbBoards:157 - Board is not supported: STM32H7S78-DK
2025-01-11 21:58:55,142 [INFO] BoardInfo:880 - No configuration file found for board STM32MP257F-DK
2025-01-11 21:58:55,143 [INFO] DbBoards:157 - Board is not supported: STM32MP257F-DK
2025-01-11 21:58:55,147 [INFO] BoardInfo:880 - No configuration file found for board STM32MP257F-EV1
2025-01-11 21:58:55,147 [INFO] DbBoards:157 - Board is not supported: STM32MP257F-EV1
2025-01-11 21:58:55,150 [INFO] BoardInfo:880 - No configuration file found for board STM32N6570-DK
2025-01-11 21:58:55,150 [INFO] DbBoards:157 - Board is not supported: STM32N6570-DK
2025-01-11 21:58:55,152 [INFO] BoardInfo:880 - No configuration file found for board STM32U083C-DK
2025-01-11 21:58:55,152 [INFO] DbBoards:157 - Board is not supported: STM32U083C-DK
2025-01-11 21:58:55,176 [INFO] BoardInfo:880 - No configuration file found for board STM32WBA55G-DK1
2025-01-11 21:58:55,176 [INFO] DbBoards:157 - Board is not supported: STM32WBA55G-DK1
2025-01-11 21:58:55,176 [INFO] DbBoards:161 - Found 203 boards, 183 are supported
2025-01-11 21:58:55,192 [INFO] ApiDb:423 - Load user favorites file C:\Users\Minh/.stm32cubeide/favorites.boards.txt: 1 item(s)
2025-01-11 21:58:55,192 [INFO] ApiDb:427 - User favorites Boards=[STM32F407G-DISC1]
2025-01-11 21:58:55,192 [INFO] DbBoards:190 - Set 1 / 1 favorites Boards
2025-01-11 21:58:55,192 [INFO] ProjectFactory:402 - No CPN specified for board NUCLEO-F446RE => set CPN to STM32F446RET6
2025-01-11 21:58:55,193 [INFO] Mcu:1946 - Initializing MCU STM32F446R(C-E)Tx STM32F446RETx STM32F446RET6
2025-01-11 21:59:01,475 [INFO] Context:659 - Trying to add GPIOservice into a context  which must be forbidden
2025-01-11 21:59:05,090 [INFO] RtosManager:555 - Registered RTOS mode: class=CMSIS, group=RTOS, mode=CMSIS_V1, owner=FREERTOS
2025-01-11 21:59:05,091 [INFO] RtosManager:555 - Registered RTOS mode: class=CMSIS, group=RTOS2, mode=CMSIS_V2, owner=FREERTOS
2025-01-11 21:59:05,092 [INFO] RtosManager:555 - Registered RTOS mode: class=RTOS, group=Core, mode=CMSIS_V1, owner=FREERTOS
2025-01-11 21:59:05,092 [INFO] RtosManager:555 - Registered RTOS mode: class=RTOS, group=Core, mode=CMSIS_V2, owner=FREERTOS
2025-01-11 21:59:05,095 [WARN] ModelIntegratedComponent:184 - Missing modes for component STMicroelectronics:FreeRTOS:0.0.1:STMicroelectronics:RTOS:FreeRTOS:Core:::10.2.0:
2025-01-11 21:59:05,113 [WARN] ModelIntegratedComponent:63 - No mode defined for component null
2025-01-11 21:59:05,114 [WARN] ModelIntegratedComponent:63 - No mode defined for component null
2025-01-11 21:59:05,114 [WARN] ModelIntegratedComponent:63 - No mode defined for component null
2025-01-11 21:59:05,114 [WARN] ModelIntegratedComponent:63 - No mode defined for component null
2025-01-11 21:59:05,114 [WARN] ModelIntegratedComponent:63 - No mode defined for component null
2025-01-11 21:59:05,114 [WARN] ModelIntegratedComponent:63 - No mode defined for component null
2025-01-11 21:59:05,114 [WARN] ModelIntegratedComponent:63 - No mode defined for component null
2025-01-11 21:59:05,115 [WARN] ModelIntegratedComponent:63 - No mode defined for component null
2025-01-11 21:59:05,115 [WARN] ModelIntegratedComponent:63 - No mode defined for component null
2025-01-11 21:59:05,115 [WARN] ModelIntegratedComponent:63 - No mode defined for component null
2025-01-11 21:59:05,115 [WARN] ModelIntegratedComponent:63 - No mode defined for component null
2025-01-11 21:59:05,115 [WARN] ModelIntegratedComponent:63 - No mode defined for component null
2025-01-11 21:59:05,115 [WARN] ModelIntegratedComponent:63 - No mode defined for component null
2025-01-11 21:59:05,115 [WARN] ModelIntegratedComponent:63 - No mode defined for component null
2025-01-11 21:59:05,116 [WARN] ModelIntegratedComponent:63 - No mode defined for component null
2025-01-11 21:59:05,116 [WARN] ModelIntegratedComponent:63 - No mode defined for component null
2025-01-11 21:59:05,116 [WARN] ModelIntegratedComponent:63 - No mode defined for component null
2025-01-11 21:59:05,116 [WARN] ModelIntegratedComponent:63 - No mode defined for component null
2025-01-11 21:59:05,116 [WARN] ModelIntegratedComponent:63 - No mode defined for component null
2025-01-11 21:59:05,117 [WARN] ModelIntegratedComponent:63 - No mode defined for component null
2025-01-11 21:59:05,117 [WARN] ModelIntegratedComponent:63 - No mode defined for component null
2025-01-11 21:59:05,118 [WARN] ModelIntegratedComponent:63 - No mode defined for component null
2025-01-11 21:59:05,118 [WARN] ModelIntegratedComponent:63 - No mode defined for component null
2025-01-11 21:59:05,118 [WARN] ModelIntegratedComponent:63 - No mode defined for component null
2025-01-11 21:59:05,118 [WARN] ModelIntegratedComponent:63 - No mode defined for component null
2025-01-11 21:59:05,120 [WARN] ModelIntegratedComponent:63 - No mode defined for component null
2025-01-11 21:59:05,120 [WARN] ModelIntegratedComponent:63 - No mode defined for component null
2025-01-11 21:59:05,120 [WARN] ModelIntegratedComponent:63 - No mode defined for component null
2025-01-11 21:59:05,120 [WARN] ModelIntegratedComponent:63 - No mode defined for component null
2025-01-11 21:59:05,120 [WARN] ModelIntegratedComponent:63 - No mode defined for component null
2025-01-11 21:59:05,121 [WARN] ModelIntegratedComponent:63 - No mode defined for component null
2025-01-11 21:59:05,121 [WARN] ModelIntegratedComponent:63 - No mode defined for component null
2025-01-11 21:59:05,121 [WARN] ModelIntegratedComponent:63 - No mode defined for component null
2025-01-11 21:59:07,611 [INFO] ThirdPartyModel:298 - Start build external matchings
2025-01-11 21:59:25,375 [INFO] ThirdPartyModel:316 - End build external matchings
2025-01-11 21:59:25,616 [INFO] ImportTextPane:194 - (OptionalMessage_ERROR) IP (RCC) : Invalid parameter (48MHZClocksFreq_Value)
2025-01-11 21:59:25,617 [INFO] ImportTextPane:194 - (OptionalMessage_ERROR) IP (RCC) : Invalid parameter (EthernetFreq_Value)
2025-01-11 21:59:25,622 [INFO] ImportTextPane:194 - (OptionalMessage_ERROR) IP (RCC) : Parameter (FLatency) has Id (AdvancedSettings) currently not set
2025-01-11 21:59:25,622 [INFO] ImportTextPane:194 - (OptionalMessage_ERROR) IP (RCC) : Invalid parameter (FamilyName)
2025-01-11 21:59:25,623 [INFO] ImportTextPane:194 - (OptionalMessage_ERROR) IP (RCC) : Invalid parameter (I2SClocksFreq_Value)
2025-01-11 21:59:25,628 [INFO] ImportTextPane:194 - (OptionalMessage_ERROR) IP (RCC) : Parameter (SDIOFreq_Value) has invalid value (168000000)
2025-01-11 21:59:25,628 [INFO] ImportTextPane:194 - (OptionalMessage_ERROR) IP (RCC) : Parameter (USBFreq_Value) has invalid value (168000000)
2025-01-11 21:59:25,630 [INFO] ImportTextPane:194 - (OptionalMessage_ERROR) IP (RCC) : Invalid parameter (VCOInputMFreq_Value)
2025-01-11 21:59:25,631 [INFO] ImportTextPane:194 - (OptionalMessage_ERROR) IP (RCC) : Invalid parameter (VcooutputI2S)
2025-01-11 21:59:26,587 [INFO] UtilMem:75 - End LoadConfig() Used Memory: 962489360 Bytes (1073741824)
2025-01-11 21:59:27,295 [WARN] ThirdParty:833 - waiting for thirdparty lock release [change project]
2025-01-11 21:59:27,296 [INFO] ThirdParty:835 - entering critical section [change project]
2025-01-11 21:59:27,296 [INFO] ThirdParty:1030 - CMSIS Pack Vendor :STMicroelectronics USBPD 4.1
2025-01-11 21:59:27,298 [INFO] ThirdParty:1030 - CMSIS Pack Vendor :STMicroelectronics X-CUBE-GNSS1 6.0.0
2025-01-11 21:59:27,298 [INFO] ThirdParty:1030 - CMSIS Pack Vendor :STMicroelectronics USB_HOST 2.0.0
2025-01-11 21:59:27,299 [INFO] ThirdParty:1030 - CMSIS Pack Vendor :STMicroelectronics FP-SNS-MOTENVWB1 1.4.0
2025-01-11 21:59:27,299 [INFO] ThirdParty:1030 - CMSIS Pack Vendor :STMicroelectronics X-CUBE-AZRTOS-F4 1.1.0
2025-01-11 21:59:27,299 [INFO] ThirdParty:1030 - CMSIS Pack Vendor :STMicroelectronics LIBJPEG 8.0.0
2025-01-11 21:59:27,300 [INFO] ThirdParty:1030 - CMSIS Pack Vendor :STMicroelectronics FP-ATR-ASTRA1 2.0.1
2025-01-11 21:59:27,300 [INFO] ThirdParty:1030 - CMSIS Pack Vendor :STMicroelectronics X-CUBE-SMBUS 2.1.0
2025-01-11 21:59:27,300 [INFO] ThirdParty:1030 - CMSIS Pack Vendor :STMicroelectronics X-CUBE-WB05N 1.1.0
2025-01-11 21:59:27,300 [INFO] ThirdParty:1030 - CMSIS Pack Vendor :STMicroelectronics X-CUBE-ISPU 2.1.0
2025-01-11 21:59:27,300 [INFO] ThirdParty:1030 - CMSIS Pack Vendor :STMicroelectronics X-CUBE-FREERTOS 1.2.0
2025-01-11 21:59:27,300 [INFO] ThirdParty:1030 - CMSIS Pack Vendor :STMicroelectronics X-CUBE-TOUCHGFX 4.23.0
2025-01-11 21:59:27,300 [INFO] ThirdParty:1030 - CMSIS Pack Vendor :STMicroelectronics X-CUBE-TOUCHGFX 4.23.2
2025-01-11 21:59:27,300 [INFO] ThirdParty:1030 - CMSIS Pack Vendor :STMicroelectronics X-CUBE-AZRTOS-F7 1.1.0
2025-01-11 21:59:27,301 [INFO] ThirdParty:1030 - CMSIS Pack Vendor :STMicroelectronics X-CUBE-AZRTOS-L5 2.0.0
2025-01-11 21:59:27,301 [INFO] ThirdParty:1030 - CMSIS Pack Vendor :STMicroelectronics USB_DEVICE 2.0.0
2025-01-11 21:59:27,301 [INFO] ThirdParty:1030 - CMSIS Pack Vendor :STMicroelectronics X-CUBE-MEMS1 9.6.0
2025-01-11 21:59:27,301 [INFO] ThirdParty:1030 - CMSIS Pack Vendor :STMicroelectronics X-CUBE-EEPRMA1 4.2.0
2025-01-11 21:59:27,301 [INFO] ThirdParty:1030 - CMSIS Pack Vendor :STMicroelectronics X-CUBE-NFC6 3.1.0
2025-01-11 21:59:27,301 [INFO] ThirdParty:1030 - CMSIS Pack Vendor :ITTIA_DB I-CUBE-ITTIADB 8.8.0
2025-01-11 21:59:27,301 [INFO] ThirdParty:1030 - CMSIS Pack Vendor :STMicroelectronics FP-SNS-MOTENV1 4.3.0
2025-01-11 21:59:27,302 [INFO] ThirdParty:1030 - CMSIS Pack Vendor :STMicroelectronics FP-SNS-MOTENV1 4.3.2
2025-01-11 21:59:27,302 [INFO] ThirdParty:1030 - CMSIS Pack Vendor :STMicroelectronics FP-SNS-FLIGHT1 5.0.0
2025-01-11 21:59:27,302 [INFO] ThirdParty:1030 - CMSIS Pack Vendor :STMicroelectronics FP-SNS-MOTENV1 4.3.1
2025-01-11 21:59:27,302 [INFO] ThirdParty:1030 - CMSIS Pack Vendor :STMicroelectronics FP-SNS-FLIGHT1 5.0.1
2025-01-11 21:59:27,302 [INFO] ThirdParty:1030 - CMSIS Pack Vendor :STMicroelectronics X-CUBE-MEMS1 11.0.0
2025-01-11 21:59:27,302 [INFO] ThirdParty:1030 - CMSIS Pack Vendor :STMicroelectronics X-CUBE-BLE1 6.2.4
2025-01-11 21:59:27,302 [INFO] ThirdParty:1030 - CMSIS Pack Vendor :STMicroelectronics FreeRTOS 0.0.1
2025-01-11 21:59:27,302 [INFO] ThirdParty:1030 - CMSIS Pack Vendor :emotas I-CUBE-CANOPEN 1.1.3
2025-01-11 21:59:27,303 [INFO] ThirdParty:1030 - CMSIS Pack Vendor :STMicroelectronics X-CUBE-BLEMGR 2.0.0
2025-01-11 21:59:27,303 [INFO] ThirdParty:1030 - CMSIS Pack Vendor :STMicroelectronics FP-SNS-FLIGHT1 5.0.2
2025-01-11 21:59:27,303 [INFO] ThirdParty:1030 - CMSIS Pack Vendor :STMicroelectronics X-CUBE-AI 9.0.0
2025-01-11 21:59:27,303 [INFO] ThirdParty:1030 - CMSIS Pack Vendor :STMicroelectronics X-CUBE-AZRTOS-H7 3.1.0
2025-01-11 21:59:27,303 [INFO] ThirdParty:1030 - CMSIS Pack Vendor :STMicroelectronics PDM2PCM 3.3.0
2025-01-11 21:59:27,303 [INFO] ThirdParty:1030 - CMSIS Pack Vendor :STMicroelectronics X-CUBE-DISPLAY 3.0.0
2025-01-11 21:59:27,303 [INFO] ThirdParty:1030 - CMSIS Pack Vendor :STMicroelectronics X-CUBE-BLE1 7.0.0
2025-01-11 21:59:27,304 [INFO] ThirdParty:1030 - CMSIS Pack Vendor :STMicroelectronics X-CUBE-NFC10 1.0.0
2025-01-11 21:59:27,304 [INFO] ThirdParty:1030 - CMSIS Pack Vendor :wolfSSL I-CUBE-wolfSSL 5.5.4
2025-01-11 21:59:27,304 [INFO] ThirdParty:1030 - CMSIS Pack Vendor :STMicroelectronics HAL Drivers 0.0.0
2025-01-11 21:59:27,307 [INFO] ThirdParty:1030 - CMSIS Pack Vendor :STMicroelectronics X-CUBE-FREERTOS 1.3.0
2025-01-11 21:59:27,307 [INFO] ThirdParty:1030 - CMSIS Pack Vendor :STMicroelectronics X-CUBE-TOUCHGFX 4.22.0
2025-01-11 21:59:27,307 [INFO] ThirdParty:1030 - CMSIS Pack Vendor :STMicroelectronics X-CUBE-NFC7 1.0.1
2025-01-11 21:59:27,308 [INFO] ThirdParty:1030 - CMSIS Pack Vendor :STMicroelectronics MBEDTLS 2.14.1
2025-01-11 21:59:27,309 [INFO] ThirdParty:1030 - CMSIS Pack Vendor :STMicroelectronics X-CUBE-NFC7 1.0.0
2025-01-11 21:59:27,309 [INFO] ThirdParty:1030 - CMSIS Pack Vendor :STMicroelectronics X-CUBE-TOUCHGFX 4.22.1
2025-01-11 21:59:27,309 [INFO] ThirdParty:1030 - CMSIS Pack Vendor :wolfSSL I-CUBE-wolfTPM 3.2.0
2025-01-11 21:59:27,309 [INFO] ThirdParty:1030 - CMSIS Pack Vendor :STMicroelectronics X-CUBE-NFC6 3.0.0
2025-01-11 21:59:27,309 [INFO] ThirdParty:1030 - CMSIS Pack Vendor :STMicroelectronics X-CUBE-EEPRMA1 4.1.0
2025-01-11 21:59:27,309 [INFO] ThirdParty:1030 - CMSIS Pack Vendor :STMicroelectronics X-CUBE-BLEMGR 3.1.0
2025-01-11 21:59:27,310 [INFO] ThirdParty:1030 - CMSIS Pack Vendor :STMicroelectronics FP-SNS-SMARTAG2 1.2.0
2025-01-11 21:59:27,310 [INFO] ThirdParty:1030 - CMSIS Pack Vendor :STMicroelectronics X-CUBE-MEMS1 11.1.0
2025-01-11 21:59:27,310 [INFO] ThirdParty:1030 - CMSIS Pack Vendor :STMicroelectronics X-CUBE-AZRTOS-WL 2.0.0
2025-01-11 21:59:27,311 [INFO] ThirdParty:1030 - CMSIS Pack Vendor :STMicroelectronics FP-SNS-MOTENV1 5.0.0
2025-01-11 21:59:27,312 [INFO] ThirdParty:1030 - CMSIS Pack Vendor :STMicroelectronics USB_DEVICE 1.0.0
2025-01-11 21:59:27,312 [INFO] ThirdParty:1030 - CMSIS Pack Vendor :STMicroelectronics X-CUBE-AI 8.1.0
2025-01-11 21:59:27,312 [INFO] ThirdParty:1030 - CMSIS Pack Vendor :wolfSSL I-CUBE-wolfMQTT 1.19.0
2025-01-11 21:59:27,312 [INFO] ThirdParty:1030 - CMSIS Pack Vendor :STMicroelectronics X-CUBE-AZRTOS-L4 2.0.0
2025-01-11 21:59:27,312 [INFO] ThirdParty:1030 - CMSIS Pack Vendor :STMicroelectronics ThreadX 0.0.2
2025-01-11 21:59:27,312 [INFO] ThirdParty:1030 - CMSIS Pack Vendor :WES I-CUBE-Cesium 1.3.0
2025-01-11 21:59:27,312 [INFO] ThirdParty:1030 - CMSIS Pack Vendor :STMicroelectronics lwIP 2.1.2
2025-01-11 21:59:27,312 [INFO] ThirdParty:1030 - CMSIS Pack Vendor :STMicroelectronics X-CUBE-SFXS2LP1 4.0.0
2025-01-11 21:59:27,312 [INFO] ThirdParty:1030 - CMSIS Pack Vendor :STMicroelectronics X-CUBE-BLE2 3.3.0
2025-01-11 21:59:27,312 [INFO] ThirdParty:1030 - CMSIS Pack Vendor :STMicroelectronics X-CUBE-TOF1 3.2.0
2025-01-11 21:59:27,313 [INFO] ThirdParty:1030 - CMSIS Pack Vendor :STMicroelectronics PDM2PCM 3.2.0
2025-01-11 21:59:27,313 [INFO] ThirdParty:1030 - CMSIS Pack Vendor :STMicroelectronics X-CUBE-AZRTOS-H7 3.0.0
2025-01-11 21:59:27,313 [INFO] ThirdParty:1030 - CMSIS Pack Vendor :STMicroelectronics X-CUBE-ISPU 1.1.0
2025-01-11 21:59:27,313 [INFO] ThirdParty:1030 - CMSIS Pack Vendor :STMicroelectronics X-CUBE-AZRTOS-H7 3.3.0
2025-01-11 21:59:27,313 [INFO] ThirdParty:1030 - CMSIS Pack Vendor :RoweBots I-CUBE-UNISONRTOS 5.5.0-4
2025-01-11 21:59:27,314 [INFO] ThirdParty:1030 - CMSIS Pack Vendor :STMicroelectronics X-CUBE-NFC9 1.0.0
2025-01-11 21:59:27,314 [INFO] ThirdParty:1030 - CMSIS Pack Vendor :STMicroelectronics USB_DEVICE 3.0.0
2025-01-11 21:59:27,314 [INFO] ThirdParty:1030 - CMSIS Pack Vendor :STMicroelectronics X-CUBE-TCPP 4.1.0
2025-01-11 21:59:27,314 [INFO] ThirdParty:1030 - CMSIS Pack Vendor :STMicroelectronics X-CUBE-AI 8.0.0
2025-01-11 21:59:27,314 [INFO] ThirdParty:1030 - CMSIS Pack Vendor :STMicroelectronics X-CUBE-AZRTOS-WB 2.0.0
2025-01-11 21:59:27,314 [INFO] ThirdParty:1030 - CMSIS Pack Vendor :STMicroelectronics X-CUBE-FREERTOS 1.0.0
2025-01-11 21:59:27,314 [INFO] ThirdParty:1030 - CMSIS Pack Vendor :STMicroelectronics X-CUBE-FREERTOS 1.0.1
2025-01-11 21:59:27,315 [INFO] ThirdParty:1030 - CMSIS Pack Vendor :STMicroelectronics X-CUBE-TOUCHGFX 4.21.1
2025-01-11 21:59:27,315 [INFO] ThirdParty:1030 - CMSIS Pack Vendor :STMicroelectronics X-CUBE-GNSS1 7.0.0
2025-01-11 21:59:27,315 [INFO] ThirdParty:1030 - CMSIS Pack Vendor :STMicroelectronics X-CUBE-GNSS1 7.0.1
2025-01-11 21:59:27,315 [INFO] ThirdParty:1030 - CMSIS Pack Vendor :STMicroelectronics X-CUBE-TOUCHGFX 4.21.3
2025-01-11 21:59:27,315 [INFO] ThirdParty:1030 - CMSIS Pack Vendor :STMicroelectronics X-CUBE-TOUCHGFX 4.21.4
2025-01-11 21:59:27,315 [INFO] ThirdParty:1030 - CMSIS Pack Vendor :STMicroelectronics X-CUBE-ALGOBUILD 1.3.0
2025-01-11 21:59:27,315 [INFO] ThirdParty:1030 - CMSIS Pack Vendor :STMicroelectronics X-CUBE-AZRTOS-L5 1.1.0
2025-01-11 21:59:27,315 [INFO] ThirdParty:1030 - CMSIS Pack Vendor :STMicroelectronics X-CUBE-AZRTOS-G0 1.1.0
2025-01-11 21:59:27,315 [INFO] ThirdParty:1030 - CMSIS Pack Vendor :STMicroelectronics X-CUBE-AI 8.0.1
2025-01-11 21:59:27,316 [INFO] ThirdParty:1030 - CMSIS Pack Vendor :STMicroelectronics X-CUBE-SAFEA1 1.2.2
2025-01-11 21:59:27,316 [INFO] ThirdParty:1030 - CMSIS Pack Vendor :STMicroelectronics X-CUBE-NFC4 3.0.0
2025-01-11 21:59:27,316 [INFO] ThirdParty:1030 - CMSIS Pack Vendor :STMicroelectronics X-CUBE-SUBG2 5.0.0
2025-01-11 21:59:27,316 [INFO] ThirdParty:1030 - CMSIS Pack Vendor :STMicroelectronics STM32_WPAN 1.0.0
2025-01-11 21:59:27,316 [INFO] ThirdParty:1030 - CMSIS Pack Vendor :STMicroelectronics lwIP 2.0.3
2025-01-11 21:59:27,316 [INFO] ThirdParty:1030 - CMSIS Pack Vendor :Cesanta I-CUBE-Mongoose 7.13.0
2025-01-11 21:59:27,316 [INFO] ThirdParty:1030 - CMSIS Pack Vendor :STMicroelectronics USB_HOST 1.0.0
2025-01-11 21:59:27,316 [INFO] ThirdParty:1030 - CMSIS Pack Vendor :STMicroelectronics X-CUBE-TOF1 3.3.1
2025-01-11 21:59:27,317 [INFO] ThirdParty:1030 - CMSIS Pack Vendor :STMicroelectronics X-CUBE-AZRTOS-G4 2.0.0
2025-01-11 21:59:27,317 [INFO] ThirdParty:1030 - CMSIS Pack Vendor :STMicroelectronics PDM2PCM 3.1.0
2025-01-11 21:59:27,317 [INFO] ThirdParty:1030 - CMSIS Pack Vendor :STMicroelectronics X-CUBE-TOF1 3.3.0
2025-01-11 21:59:27,317 [INFO] ThirdParty:1030 - CMSIS Pack Vendor :STMicroelectronics FP-ATR-ASTRA1 1.1.1
2025-01-11 21:59:27,317 [INFO] ThirdParty:1030 - CMSIS Pack Vendor :Infineon AIROC-Wi-Fi-Bluetooth-STM32 1.5.1
2025-01-11 21:59:27,317 [INFO] ThirdParty:1030 - CMSIS Pack Vendor :STMicroelectronics X-CUBE-BLEMGR 3.0.0
2025-01-11 21:59:27,317 [INFO] ThirdParty:1030 - CMSIS Pack Vendor :STMicroelectronics FP-SNS-MOTENVWB1 1.3.0
2025-01-11 21:59:27,317 [INFO] ThirdParty:1030 - CMSIS Pack Vendor :STMicroelectronics FP-SNS-MOTENVWB1 1.3.1
2025-01-11 21:59:27,318 [INFO] ThirdParty:1030 - CMSIS Pack Vendor :STMicroelectronics FP-ATR-SIGFOX1 3.2.0
2025-01-11 21:59:27,318 [INFO] ThirdParty:1030 - CMSIS Pack Vendor :STMicroelectronics X-CUBE-AZRTOS-G4 1.0.0
2025-01-11 21:59:27,318 [INFO] ThirdParty:1030 - CMSIS Pack Vendor :STMicroelectronics X-CUBE-AZRTOS-L4 1.0.0
2025-01-11 21:59:27,318 [INFO] ThirdParty:1030 - CMSIS Pack Vendor :STMicroelectronics X-CUBE-ISPU 2.0.0
2025-01-11 21:59:27,318 [INFO] ThirdParty:1030 - CMSIS Pack Vendor :STMicroelectronics X-CUBE-EEPRMA1 5.1.0
2025-01-11 21:59:27,318 [INFO] ThirdParty:1030 - CMSIS Pack Vendor :STMicroelectronics MBEDTLS 2.16.2
2025-01-11 21:59:27,318 [INFO] ThirdParty:1030 - CMSIS Pack Vendor :STMicroelectronics X-CUBE-ALS 1.0.2
2025-01-11 21:59:27,318 [INFO] ThirdParty:1030 - CMSIS Pack Vendor :STMicroelectronics X-CUBE-MEMS1 10.0.0
2025-01-11 21:59:27,319 [INFO] ThirdParty:1030 - CMSIS Pack Vendor :STMicroelectronics X-CUBE-FREERTOS 1.1.0
2025-01-11 21:59:27,319 [INFO] ThirdParty:1030 - CMSIS Pack Vendor :STMicroelectronics X-CUBE-TOUCHGFX 4.24.0
2025-01-11 21:59:27,319 [INFO] ThirdParty:1030 - CMSIS Pack Vendor :STMicroelectronics X-CUBE-TOUCHGFX 4.24.2
2025-01-11 21:59:27,319 [INFO] ThirdParty:1030 - CMSIS Pack Vendor :STMicroelectronics X-CUBE-AZRTOS-WL 1.0.0
2025-01-11 21:59:27,319 [INFO] ThirdParty:1030 - CMSIS Pack Vendor :STMicroelectronics X-CUBE-TOUCHGFX 4.24.1
2025-01-11 21:59:27,319 [INFO] ThirdParty:1030 - CMSIS Pack Vendor :portGmbH I-Cube-SoM-uGOAL 1.1.0
2025-01-11 21:59:27,320 [INFO] ThirdParty:1030 - CMSIS Pack Vendor :STMicroelectronics X-CUBE-ALS 1.0.1
2025-01-11 21:59:27,320 [INFO] ThirdParty:1030 - CMSIS Pack Vendor :STMicroelectronics X-CUBE-MEMS1 9.5.0
2025-01-11 21:59:27,320 [INFO] ThirdParty:1030 - CMSIS Pack Vendor :STMicroelectronics ThreadX 1.0.0
2025-01-11 21:59:27,320 [INFO] ThirdParty:1030 - CMSIS Pack Vendor :STMicroelectronics X-CUBE-AZRTOS-WB 1.1.0
2025-01-11 21:59:27,321 [INFO] ThirdParty:1030 - CMSIS Pack Vendor :SEGGER I-CUBE-embOS 1.3.1
2025-01-11 21:59:27,326 [INFO] ThirdParty:1030 - CMSIS Pack Vendor :STMicroelectronics X-CUBE-ALGOBUILD 1.4.0
2025-01-11 21:59:27,327 [INFO] ThirdParty:1030 - CMSIS Pack Vendor :STMicroelectronics X-CUBE-AZRTOS-H7RS 1.0.0
2025-01-11 21:59:27,327 [INFO] ThirdParty:1030 - CMSIS Pack Vendor :STMicroelectronics FP-ATR-ASTRA1 2.0.0
2025-01-11 21:59:27,327 [INFO] ThirdParty:1030 - CMSIS Pack Vendor :STMicroelectronics X-CUBE-AI 9.1.0
2025-01-11 21:59:27,327 [INFO] ThirdParty:1030 - CMSIS Pack Vendor :STMicroelectronics X-CUBE-TOF1 3.4.0
2025-01-11 21:59:27,327 [INFO] ThirdParty:1030 - CMSIS Pack Vendor :STMicroelectronics X-CUBE-TOF1 3.4.1
2025-01-11 21:59:27,327 [INFO] ThirdParty:1030 - CMSIS Pack Vendor :STMicroelectronics X-CUBE-AZRTOS-H7 3.2.0
2025-01-11 21:59:27,327 [INFO] ThirdParty:1030 - CMSIS Pack Vendor :wolfSSL I-CUBE-wolfSSH 1.4.17
2025-01-11 21:59:27,328 [INFO] ThirdParty:841 - exiting critical section [change project]
2025-01-11 21:59:29,689 [INFO] PinOutPanel:1499 - setPackage(No Configuration,No Configuration)
2025-01-11 21:59:29,694 [INFO] PinOutPanel:1499 - setPackage(STM32F446RETx,LQFP64)
2025-01-11 21:59:32,462 [INFO] UtilMem:75 - Before build in PCC Used Memory: 972133168 Bytes (1073741824)
2025-01-11 21:59:36,125 [INFO] UtilMem:75 - After build in PCC Used Memory: 966919360 Bytes (1073741824)
2025-01-11 21:59:36,274 [INFO] IPUIPlugin:80 - create IPUIPlugin
2025-01-11 21:59:36,276 [INFO] IPUIPlugin:80 - create IPUIPlugin
2025-01-11 21:59:36,279 [INFO] IPUIPlugin:80 - create IPUIPlugin
2025-01-11 21:59:36,280 [INFO] IPUIPlugin:80 - create IPUIPlugin
2025-01-11 21:59:36,280 [INFO] IPUIPlugin:80 - create IPUIPlugin
2025-01-11 21:59:36,285 [INFO] IPUIPlugin:80 - create IPUIPlugin
2025-01-11 21:59:36,287 [INFO] IPUIPlugin:80 - create IPUIPlugin
2025-01-11 21:59:36,288 [INFO] IPUIPlugin:80 - create IPUIPlugin
2025-01-11 21:59:36,288 [INFO] IPUIPlugin:80 - create IPUIPlugin
2025-01-11 21:59:36,288 [INFO] IPUIPlugin:80 - create IPUIPlugin
2025-01-11 21:59:36,289 [INFO] IPUIPlugin:80 - create IPUIPlugin
2025-01-11 21:59:36,290 [INFO] IPUIPlugin:80 - create IPUIPlugin
2025-01-11 21:59:36,291 [INFO] IPUIPlugin:80 - create IPUIPlugin
2025-01-11 21:59:36,291 [INFO] IPUIPlugin:80 - create IPUIPlugin
2025-01-11 21:59:36,297 [INFO] IPUIPlugin:80 - create IPUIPlugin
2025-01-11 21:59:36,298 [INFO] IPUIPlugin:80 - create IPUIPlugin
2025-01-11 21:59:36,298 [INFO] IPUIPlugin:80 - create IPUIPlugin
2025-01-11 21:59:36,299 [INFO] IPUIPlugin:80 - create IPUIPlugin
2025-01-11 21:59:36,299 [INFO] IPUIPlugin:80 - create IPUIPlugin
2025-01-11 21:59:36,300 [INFO] IPUIPlugin:80 - create IPUIPlugin
2025-01-11 21:59:36,301 [INFO] IPUIPlugin:80 - create IPUIPlugin
2025-01-11 21:59:36,302 [INFO] IPUIPlugin:80 - create IPUIPlugin
2025-01-11 21:59:36,303 [INFO] IPUIPlugin:80 - create IPUIPlugin
2025-01-11 21:59:36,304 [INFO] IPUIPlugin:80 - create IPUIPlugin
2025-01-11 21:59:36,305 [INFO] IPUIPlugin:80 - create IPUIPlugin
2025-01-11 21:59:36,306 [INFO] IPUIPlugin:80 - create IPUIPlugin
2025-01-11 21:59:36,307 [INFO] IPUIPlugin:80 - create IPUIPlugin
2025-01-11 21:59:36,312 [INFO] IPUIPlugin:80 - create IPUIPlugin
2025-01-11 21:59:36,314 [INFO] IPUIPlugin:80 - create IPUIPlugin
2025-01-11 21:59:36,315 [INFO] IPUIPlugin:80 - create IPUIPlugin
2025-01-11 21:59:36,316 [INFO] IPUIPlugin:80 - create IPUIPlugin
2025-01-11 21:59:36,317 [INFO] IPUIPlugin:80 - create IPUIPlugin
2025-01-11 21:59:36,318 [INFO] IPUIPlugin:80 - create IPUIPlugin
2025-01-11 21:59:36,320 [INFO] IPUIPlugin:80 - create IPUIPlugin
2025-01-11 21:59:36,321 [INFO] IPUIPlugin:80 - create IPUIPlugin
2025-01-11 21:59:36,322 [INFO] IPUIPlugin:80 - create IPUIPlugin
2025-01-11 21:59:36,322 [INFO] IPUIPlugin:80 - create IPUIPlugin
2025-01-11 21:59:36,323 [INFO] IPUIPlugin:80 - create IPUIPlugin
2025-01-11 21:59:36,326 [INFO] IPUIPlugin:80 - create IPUIPlugin
2025-01-11 21:59:36,329 [INFO] IPUIPlugin:80 - create IPUIPlugin
2025-01-11 21:59:36,330 [INFO] IPUIPlugin:80 - create IPUIPlugin
2025-01-11 21:59:36,332 [INFO] IPUIPlugin:80 - create IPUIPlugin
2025-01-11 21:59:36,332 [INFO] IPUIPlugin:80 - create IPUIPlugin
2025-01-11 21:59:36,334 [INFO] IPUIPlugin:80 - create IPUIPlugin
2025-01-11 21:59:36,335 [INFO] IPUIPlugin:80 - create IPUIPlugin
2025-01-11 21:59:36,336 [INFO] IPUIPlugin:80 - create IPUIPlugin
2025-01-11 21:59:36,337 [INFO] IPUIPlugin:80 - create IPUIPlugin
2025-01-11 21:59:36,338 [INFO] IPUIPlugin:80 - create IPUIPlugin
2025-01-11 21:59:36,339 [INFO] IPUIPlugin:80 - create IPUIPlugin
2025-01-11 21:59:36,341 [INFO] IPUIPlugin:80 - create IPUIPlugin
2025-01-11 21:59:36,342 [INFO] IPUIPlugin:80 - create IPUIPlugin
2025-01-11 21:59:36,379 [INFO] IPUIPlugin:80 - create IPUIPlugin
2025-01-11 21:59:36,380 [INFO] IPUIPlugin:80 - create IPUIPlugin
2025-01-11 21:59:36,382 [INFO] IPUIPlugin:80 - create IPUIPlugin
2025-01-11 21:59:36,383 [INFO] IPUIPlugin:80 - create IPUIPlugin
2025-01-11 21:59:36,384 [INFO] IPUIPlugin:80 - create IPUIPlugin
2025-01-11 21:59:36,386 [INFO] IPUIPlugin:80 - create IPUIPlugin
2025-01-11 21:59:36,387 [INFO] IPUIPlugin:80 - create IPUIPlugin
2025-01-11 21:59:36,389 [INFO] IPUIPlugin:80 - create IPUIPlugin
2025-01-11 21:59:36,392 [INFO] IPUIPlugin:80 - create IPUIPlugin
2025-01-11 21:59:36,645 [INFO] ApiDbMcu:507 - Load IP Config File for PDM2PCM
2025-01-11 21:59:37,617 [INFO] CADModel:165 - CPN selected for project levelSTM32F446RET6
2025-01-11 21:59:37,617 [INFO] CADModel:114 - Register for checkConnection events
2025-01-11 21:59:37,665 [INFO] OpenFileManager:328 - Restore cursor
2025-01-11 22:00:32,774 [INFO] UtilMem:75 - End SaveConfig() Used Memory: 986388832 Bytes (1073741824)
2025-01-11 23:44:59,975 [ERROR] LogOutputStream:75 - [STDERR_REDIRECT] 
