2025-01-03 11:30:18,321 [INFO] Activator:176 - 


2025-01-03 11:30:18,336 [INFO] Activator:177 - !SESSION log4j initialized
2025-01-03 11:30:31,832 [INFO] LogOutputStream:77 - [STDOUT_REDIRECT] 
2025-01-03 11:30:39,531 [INFO] ApplicationProperties:184 - Using Application install path: C:\ST\STM32CubeIDE_1.4.0\STM32CubeIDE\plugins\com.st.stm32cube.common.mx_6.9.1.202307191849
2025-01-03 11:30:39,579 [INFO] DbMcusXml:78 - Set database path to: C:\ST\STM32CubeIDE_1.4.0\STM32CubeIDE\plugins\com.st.stm32cube.common.mx_6.9.1.202307191849\\db\/mcu/
2025-01-03 11:30:39,580 [INFO] ApiDb:274 - Set plugin database path to: C:\ST\STM32CubeIDE_1.4.0\STM32CubeIDE\plugins\com.st.stm32cube.common.mx_6.9.1.202307191849\\db\/plugins/boardmanager/
2025-01-03 11:30:39,582 [WARN] ApiDb:259 - Overriding images path with different value:  => C:\ST\STM32CubeIDE_1.4.0\STM32CubeIDE\plugins\com.st.stm32cube.common.mx_6.9.1.202307191849\\db\/plugins/mcufinder/images/
2025-01-03 11:30:39,615 [INFO] ApiDb:250 - Set database path to: C:\Users\Minh\.stmcufinder\plugins\mcufinder//mcu/
2025-01-03 11:30:39,624 [INFO] DbMcusAds:125 - Set database path to: C:\Users\Minh\.stmcufinder\plugins\mcufinder//mcu/
2025-01-03 11:30:39,631 [INFO] CrossReferenceDbSqlite:203 - Set database path to: C:\Users\Minh\.stmcufinder\plugins\mcufinder//mcu/cs/
2025-01-03 11:30:40,023 [INFO] RulesReader:64 - Compatibility file has been processed (293 Rules)
2025-01-03 11:30:40,269 [INFO] DbMcusXml:78 - Set database path to: C:\ST\STM32CubeIDE_1.4.0\STM32CubeIDE\plugins\com.st.stm32cube.common.mx_6.9.1.202307191849\\db\/mcu/
2025-01-03 11:30:40,269 [INFO] ApiDb:274 - Set plugin database path to: C:\ST\STM32CubeIDE_1.4.0\STM32CubeIDE\plugins\com.st.stm32cube.common.mx_6.9.1.202307191849\\db\/plugins/boardmanager/
2025-01-03 11:30:40,270 [INFO] ApiDb:261 - Set plugin images path to: C:\ST\STM32CubeIDE_1.4.0\STM32CubeIDE\plugins\com.st.stm32cube.common.mx_6.9.1.202307191849\\db\/plugins/mcufinder/images/
2025-01-03 11:30:40,270 [WARN] DbFile:41 - Overriding database path with different value: C:\Users\Minh\.stmcufinder\plugins\mcufinder/ => C:\Users\Minh\.stmcufinder\plugins\mcufinder
2025-01-03 11:30:40,270 [INFO] ApiDb:250 - Set database path to: C:\Users\Minh\.stmcufinder\plugins\mcufinder//mcu/
2025-01-03 11:30:40,271 [WARN] DbFile:41 - Overriding database path with different value: C:\Users\Minh\.stmcufinder\plugins\mcufinder/ => C:\Users\Minh\.stmcufinder\plugins\mcufinder
2025-01-03 11:30:40,271 [INFO] DbMcusAds:125 - Set database path to: C:\Users\Minh\.stmcufinder\plugins\mcufinder//mcu/
2025-01-03 11:30:40,271 [WARN] DbFile:41 - Overriding database path with different value: C:\Users\Minh\.stmcufinder\plugins\mcufinder/ => C:\Users\Minh\.stmcufinder\plugins\mcufinder
2025-01-03 11:30:40,272 [WARN] DbFile:41 - Overriding database path with different value: C:\Users\Minh\.stmcufinder\plugins\mcufinder/ => C:\Users\Minh\.stmcufinder\plugins\mcufinder
2025-01-03 11:30:40,272 [INFO] CrossReferenceDbSqlite:203 - Set database path to: C:\Users\Minh\.stmcufinder\plugins\mcufinder//mcu/cs/
2025-01-03 11:30:40,472 [INFO] MainPanel:262 - HeapMemory: 268435456
2025-01-03 11:30:40,690 [INFO] DbMcusXml:78 - Set database path to: C:\ST\STM32CubeIDE_1.4.0\STM32CubeIDE\plugins\com.st.stm32cube.common.mx_6.9.1.202307191849\\db\/mcu/
2025-01-03 11:30:40,690 [INFO] ApiDb:274 - Set plugin database path to: C:\ST\STM32CubeIDE_1.4.0\STM32CubeIDE\plugins\com.st.stm32cube.common.mx_6.9.1.202307191849\\db\/plugins/boardmanager/
2025-01-03 11:30:40,690 [INFO] ApiDb:261 - Set plugin images path to: C:\ST\STM32CubeIDE_1.4.0\STM32CubeIDE\plugins\com.st.stm32cube.common.mx_6.9.1.202307191849\\db\/plugins/mcufinder/images/
2025-01-03 11:30:40,691 [WARN] DbFile:41 - Overriding database path with different value: C:\Users\Minh\.stmcufinder\plugins\mcufinder/ => C:\Users\Minh\.stmcufinder\plugins\mcufinder
2025-01-03 11:30:40,692 [INFO] ApiDb:250 - Set database path to: C:\Users\Minh\.stmcufinder\plugins\mcufinder//mcu/
2025-01-03 11:30:40,692 [WARN] DbFile:41 - Overriding database path with different value: C:\Users\Minh\.stmcufinder\plugins\mcufinder/ => C:\Users\Minh\.stmcufinder\plugins\mcufinder
2025-01-03 11:30:40,692 [INFO] DbMcusAds:125 - Set database path to: C:\Users\Minh\.stmcufinder\plugins\mcufinder//mcu/
2025-01-03 11:30:40,692 [WARN] DbFile:41 - Overriding database path with different value: C:\Users\Minh\.stmcufinder\plugins\mcufinder/ => C:\Users\Minh\.stmcufinder\plugins\mcufinder
2025-01-03 11:30:40,692 [WARN] DbFile:41 - Overriding database path with different value: C:\Users\Minh\.stmcufinder\plugins\mcufinder/ => C:\Users\Minh\.stmcufinder\plugins\mcufinder
2025-01-03 11:30:40,693 [INFO] CrossReferenceDbSqlite:203 - Set database path to: C:\Users\Minh\.stmcufinder\plugins\mcufinder//mcu/cs/
2025-01-03 11:30:40,734 [INFO] ApplicationProperties:184 - Using Application install path: C:\ST\STM32CubeIDE_1.4.0\STM32CubeIDE\plugins\com.st.stm32cube.common.mx_6.9.1.202307191849
2025-01-03 11:30:40,737 [INFO] PluginManage:196 - Search for loadable plugins [exclusion list=, ]
2025-01-03 11:30:40,739 [INFO] PluginManage:310 - Check plugin analytics
2025-01-03 11:30:45,700 [INFO] AnalyticsPlugin:253 - Accepted Software Licenses: STM32CubeMX.6.0.0,STM32CubeMX.5.2.0
2025-01-03 11:30:45,701 [INFO] AnalyticsPlugin:255 - Accepted CMSIS Pack Licenses: 
2025-01-03 11:30:45,701 [INFO] AnalyticsPlugin:257 - Accepted Firmware Licenses: FW.F4.1.27.0
2025-01-03 11:30:45,709 [INFO] PluginManage:359 - Loaded plugin analytics (category:tool,tabindex:-1)
2025-01-03 11:30:45,710 [INFO] PluginManage:310 - Check plugin cadmodel
2025-01-03 11:30:45,721 [INFO] CADModel:105 - Init CAD model plugin
2025-01-03 11:30:45,723 [INFO] PluginManage:359 - Loaded plugin cadmodel (category:power,tabindex:5)
2025-01-03 11:30:45,723 [INFO] PluginManage:310 - Check plugin clock
2025-01-03 11:30:45,749 [INFO] PluginManage:359 - Loaded plugin clock (category:base,tabindex:2)
2025-01-03 11:30:45,749 [INFO] PluginManage:310 - Check plugin ddr
2025-01-03 11:30:45,755 [INFO] PluginManage:359 - Loaded plugin ddr (category:tool,tabindex:6)
2025-01-03 11:30:45,755 [INFO] PluginManage:310 - Check plugin filemanager
2025-01-03 11:30:46,053 [INFO] PluginManage:359 - Loaded plugin filemanager (category:base,tabindex:10)
2025-01-03 11:30:46,053 [INFO] PluginManage:310 - Check plugin ipmanager
2025-01-03 11:30:46,071 [INFO] PluginManage:359 - Loaded plugin ipmanager (category:base,tabindex:5)
2025-01-03 11:30:46,071 [INFO] PluginManage:310 - Check plugin lpbam
2025-01-03 11:30:46,092 [INFO] PluginManage:359 - Loaded plugin lpbam (category:base,tabindex:0)
2025-01-03 11:30:46,093 [INFO] PluginManage:310 - Check plugin memorymap
2025-01-03 11:30:46,128 [INFO] PluginManage:359 - Loaded plugin memorymap (category:base,tabindex:4)
2025-01-03 11:30:46,129 [INFO] PluginManage:310 - Check plugin pinoutandconfiguration
2025-01-03 11:30:46,148 [INFO] PluginManage:359 - Loaded plugin pinoutandconfiguration (category:base,tabindex:1)
2025-01-03 11:30:46,148 [INFO] PluginManage:310 - Check plugin pinoutconfig
2025-01-03 11:30:46,376 [WARN] SupportedApi:132 - Cannot load RTOS API schema: s4s-elt-must-match.1: The content of 'definitions' must match (annotation?, (simpleType | complexType)?, (unique | key | keyref)*)). A problem was found starting at: attribute.
2025-01-03 11:30:46,730 [INFO] PluginManage:359 - Loaded plugin pinoutconfig (category:base,tabindex:0)
2025-01-03 11:30:46,731 [INFO] PluginManage:310 - Check plugin power
2025-01-03 11:30:46,762 [INFO] PluginManage:359 - Loaded plugin power (category:power,tabindex:4)
2025-01-03 11:30:46,762 [INFO] PluginManage:310 - Check plugin projectmanager
2025-01-03 11:30:46,800 [INFO] PluginManage:359 - Loaded plugin projectmanager (category:projectmanager,tabindex:3)
2025-01-03 11:30:46,800 [INFO] PluginManage:310 - Check plugin thirdparty
2025-01-03 11:30:47,128 [INFO] PluginManage:359 - Loaded plugin thirdparty (category:base,tabindex:-1)
2025-01-03 11:30:47,127 [WARN] IntegrityCheckThread:84 - waiting for thirdparty lock release [integrity check]
2025-01-03 11:30:47,128 [INFO] IntegrityCheckThread:86 - entering critical section [integrity check]
2025-01-03 11:30:47,128 [INFO] PluginManage:310 - Check plugin tools
2025-01-03 11:30:47,130 [INFO] ThirdPartyUpdaterWithRetryManager:70 - Updater plugin not ready yet. [1/15]
2025-01-03 11:30:47,135 [INFO] PluginManage:359 - Loaded plugin tools (category:base,tabindex:7)
2025-01-03 11:30:47,135 [INFO] PluginManage:310 - Check plugin tutovideos
2025-01-03 11:30:47,627 [INFO] PluginManage:359 - Loaded plugin tutovideos (category:base,tabindex:-1)
2025-01-03 11:30:47,627 [INFO] PluginManage:310 - Check plugin updater
2025-01-03 11:30:47,653 [INFO] PluginManage:359 - Loaded plugin updater (category:base,tabindex:12)
2025-01-03 11:30:47,654 [INFO] PluginManage:310 - Check plugin userauth
2025-01-03 11:30:47,665 [INFO] UserAuth:113 - Init User Auth plugin
2025-01-03 11:30:47,665 [INFO] PluginManage:359 - Loaded plugin userauth (category:base,tabindex:14)
2025-01-03 11:30:47,667 [INFO] PluginManage:283 - PluginManage : Loaded plugins [17]
2025-01-03 11:30:48,152 [INFO] PinOutPanel:1499 - setPackage(No Configuration,No Configuration)
2025-01-03 11:30:48,388 [INFO] CADModel:165 - CPN selected for project level
2025-01-03 11:30:48,388 [INFO] CADModel:114 - Register for checkConnection events
2025-01-03 11:30:48,422 [INFO] IPUIPlugin:80 - create IPUIPlugin
2025-01-03 11:30:48,422 [INFO] PluginManager:220 - loadIPPluginJar : add adc
2025-01-03 11:30:48,429 [INFO] IPUIPlugin:80 - create IPUIPlugin
2025-01-03 11:30:48,429 [INFO] PluginManager:220 - loadIPPluginJar : add aes
2025-01-03 11:30:48,435 [INFO] IPUIPlugin:80 - create IPUIPlugin
2025-01-03 11:30:48,436 [INFO] PluginManager:220 - loadIPPluginJar : add can
2025-01-03 11:30:48,440 [INFO] IPUIPlugin:80 - create IPUIPlugin
2025-01-03 11:30:48,440 [INFO] PluginManager:220 - loadIPPluginJar : add comp
2025-01-03 11:30:48,445 [INFO] IPUIPlugin:80 - create IPUIPlugin
2025-01-03 11:30:48,446 [INFO] PluginManager:220 - loadIPPluginJar : add cryp
2025-01-03 11:30:48,450 [INFO] IPUIPlugin:80 - create IPUIPlugin
2025-01-03 11:30:48,450 [INFO] PluginManager:220 - loadIPPluginJar : add dfsdm
2025-01-03 11:30:48,462 [INFO] IPUIPlugin:80 - create IPUIPlugin
2025-01-03 11:30:48,463 [INFO] PluginManager:220 - loadIPPluginJar : add dma
2025-01-03 11:30:48,469 [INFO] IPUIPlugin:80 - create IPUIPlugin
2025-01-03 11:30:48,470 [INFO] PluginManager:220 - loadIPPluginJar : add dma3
2025-01-03 11:30:48,473 [INFO] IPUIPlugin:80 - create IPUIPlugin
2025-01-03 11:30:48,473 [INFO] PluginManager:220 - loadIPPluginJar : add fatfs
2025-01-03 11:30:48,480 [INFO] IPUIPlugin:80 - create IPUIPlugin
2025-01-03 11:30:48,480 [INFO] PluginManager:220 - loadIPPluginJar : add fmc
2025-01-03 11:30:48,491 [INFO] IPUIPlugin:80 - create IPUIPlugin
2025-01-03 11:30:48,492 [INFO] PluginManager:220 - loadIPPluginJar : add freertos
2025-01-03 11:30:48,495 [INFO] IPUIPlugin:80 - create IPUIPlugin
2025-01-03 11:30:48,496 [INFO] PluginManager:220 - loadIPPluginJar : add genericplugin
2025-01-03 11:30:48,500 [INFO] IPUIPlugin:80 - create IPUIPlugin
2025-01-03 11:30:48,500 [INFO] PluginManager:220 - loadIPPluginJar : add gfxmmu
2025-01-03 11:30:48,509 [INFO] IPUIPlugin:80 - create IPUIPlugin
2025-01-03 11:30:48,509 [INFO] PluginManager:220 - loadIPPluginJar : add gic
2025-01-03 11:30:48,517 [INFO] IPUIPlugin:80 - create IPUIPlugin
2025-01-03 11:30:48,517 [INFO] PluginManager:220 - loadIPPluginJar : add gpio
2025-01-03 11:30:48,523 [INFO] IPUIPlugin:80 - create IPUIPlugin
2025-01-03 11:30:48,523 [INFO] PluginManager:220 - loadIPPluginJar : add gtzc
2025-01-03 11:30:48,528 [INFO] IPUIPlugin:80 - create IPUIPlugin
2025-01-03 11:30:48,528 [INFO] PluginManager:220 - loadIPPluginJar : add hash
2025-01-03 11:30:48,534 [INFO] IPUIPlugin:80 - create IPUIPlugin
2025-01-03 11:30:48,534 [INFO] PluginManager:220 - loadIPPluginJar : add i2c
2025-01-03 11:30:48,540 [INFO] IPUIPlugin:80 - create IPUIPlugin
2025-01-03 11:30:48,540 [INFO] PluginManager:220 - loadIPPluginJar : add i2s
2025-01-03 11:30:48,546 [INFO] IPUIPlugin:80 - create IPUIPlugin
2025-01-03 11:30:48,547 [INFO] PluginManager:220 - loadIPPluginJar : add i3c
2025-01-03 11:30:48,554 [INFO] IPUIPlugin:80 - create IPUIPlugin
2025-01-03 11:30:48,554 [INFO] PluginManager:220 - loadIPPluginJar : add ipddr
2025-01-03 11:30:48,569 [INFO] IPUIPlugin:80 - create IPUIPlugin
2025-01-03 11:30:48,569 [INFO] PluginManager:220 - loadIPPluginJar : add linkedlist
2025-01-03 11:30:48,575 [INFO] IPUIPlugin:80 - create IPUIPlugin
2025-01-03 11:30:48,576 [INFO] PluginManager:220 - loadIPPluginJar : add lorawan
2025-01-03 11:30:48,579 [INFO] IPUIPlugin:80 - create IPUIPlugin
2025-01-03 11:30:48,579 [INFO] PluginManager:220 - loadIPPluginJar : add ltdc
2025-01-03 11:30:48,590 [INFO] IPUIPlugin:80 - create IPUIPlugin
2025-01-03 11:30:48,590 [INFO] PluginManager:220 - loadIPPluginJar : add mdma
2025-01-03 11:30:48,598 [INFO] IPUIPlugin:80 - create IPUIPlugin
2025-01-03 11:30:48,599 [INFO] PluginManager:220 - loadIPPluginJar : add nvic
2025-01-03 11:30:48,604 [INFO] IPUIPlugin:80 - create IPUIPlugin
2025-01-03 11:30:48,604 [INFO] PluginManager:220 - loadIPPluginJar : add opamp
2025-01-03 11:30:48,610 [INFO] IPUIPlugin:80 - create IPUIPlugin
2025-01-03 11:30:48,610 [INFO] PluginManager:220 - loadIPPluginJar : add openamp
2025-01-03 11:30:48,617 [INFO] IPUIPlugin:80 - create IPUIPlugin
2025-01-03 11:30:48,617 [INFO] PluginManager:220 - loadIPPluginJar : add pdm2pcm
2025-01-03 11:30:48,628 [INFO] IPUIPlugin:80 - create IPUIPlugin
2025-01-03 11:30:48,632 [INFO] PluginManager:220 - loadIPPluginJar : add plateformsettings
2025-01-03 11:30:48,636 [INFO] IPUIPlugin:80 - create IPUIPlugin
2025-01-03 11:30:48,636 [INFO] PluginManager:220 - loadIPPluginJar : add quadspi
2025-01-03 11:30:48,644 [INFO] IPUIPlugin:80 - create IPUIPlugin
2025-01-03 11:30:48,645 [INFO] PluginManager:220 - loadIPPluginJar : add resmgrutility
2025-01-03 11:30:48,650 [INFO] IPUIPlugin:80 - create IPUIPlugin
2025-01-03 11:30:48,650 [INFO] PluginManager:220 - loadIPPluginJar : add sai
2025-01-03 11:30:48,655 [INFO] IPUIPlugin:80 - create IPUIPlugin
2025-01-03 11:30:48,655 [INFO] PluginManager:220 - loadIPPluginJar : add spi
2025-01-03 11:30:48,664 [INFO] IPUIPlugin:80 - create IPUIPlugin
2025-01-03 11:30:48,664 [INFO] PluginManager:220 - loadIPPluginJar : add stm32_wpan
2025-01-03 11:30:48,667 [INFO] IPUIPlugin:80 - create IPUIPlugin
2025-01-03 11:30:48,668 [INFO] PluginManager:220 - loadIPPluginJar : add tim
2025-01-03 11:30:48,675 [INFO] IPUIPlugin:80 - create IPUIPlugin
2025-01-03 11:30:48,675 [INFO] PluginManager:220 - loadIPPluginJar : add touchsensing
2025-01-03 11:30:48,680 [INFO] IPUIPlugin:80 - create IPUIPlugin
2025-01-03 11:30:48,681 [INFO] PluginManager:220 - loadIPPluginJar : add tracer_emb
2025-01-03 11:30:48,685 [INFO] IPUIPlugin:80 - create IPUIPlugin
2025-01-03 11:30:48,686 [INFO] PluginManager:220 - loadIPPluginJar : add ts
2025-01-03 11:30:48,689 [INFO] IPUIPlugin:80 - create IPUIPlugin
2025-01-03 11:30:48,690 [INFO] PluginManager:220 - loadIPPluginJar : add tsc
2025-01-03 11:30:48,694 [INFO] IPUIPlugin:80 - create IPUIPlugin
2025-01-03 11:30:48,694 [INFO] PluginManager:220 - loadIPPluginJar : add ucpd
2025-01-03 11:30:48,700 [INFO] IPUIPlugin:80 - create IPUIPlugin
2025-01-03 11:30:48,701 [INFO] PluginManager:220 - loadIPPluginJar : add usart
2025-01-03 11:30:48,707 [INFO] IPUIPlugin:80 - create IPUIPlugin
2025-01-03 11:30:48,707 [INFO] PluginManager:220 - loadIPPluginJar : add usbx
2025-01-03 11:30:48,883 [INFO] CADModel:165 - CPN selected for project level
2025-01-03 11:30:48,883 [INFO] CADModel:114 - Register for checkConnection events
2025-01-03 11:30:48,884 [FATAL] Updater:308 - Updater called before beeing initialized
2025-01-03 11:30:48,884 [ERROR] CADModel:125 - Updater not yet initialized, retry later 
2025-01-03 11:30:49,168 [INFO] CADModel:165 - CPN selected for project level
2025-01-03 11:30:49,168 [INFO] CADModel:114 - Register for checkConnection events
2025-01-03 11:30:49,169 [FATAL] Updater:308 - Updater called before beeing initialized
2025-01-03 11:30:49,169 [ERROR] CADModel:125 - Updater not yet initialized, retry later 
2025-01-03 11:30:49,176 [FATAL] Updater:308 - Updater called before beeing initialized
2025-01-03 11:30:49,402 [FATAL] Updater:308 - Updater called before beeing initialized
2025-01-03 11:30:49,413 [INFO] DbMcusAds:53 - JSON generation date=Wed Dec 18 01:01:15 JST 2024 (1734451275222)
2025-01-03 11:30:49,413 [FATAL] Updater:308 - Updater called before beeing initialized
2025-01-03 11:30:49,493 [WARN] DetailPanel:346 - Failed to get advertising image, set to default
2025-01-03 11:30:49,681 [FATAL] Updater:308 - Updater called before beeing initialized
2025-01-03 11:30:49,684 [FATAL] Updater:308 - Updater called before beeing initialized
2025-01-03 11:30:49,685 [FATAL] Updater:308 - Updater called before beeing initialized
2025-01-03 11:30:49,685 [WARN] DetailPanel:346 - Failed to get advertising image, set to default
2025-01-03 11:30:49,687 [FATAL] Updater:308 - Updater called before beeing initialized
2025-01-03 11:30:49,780 [ERROR] Updater:1120 - MainUpdater not yet initialized. External WinMGr cannot be set.
2025-01-03 11:30:49,784 [INFO] Updater:1056 - Updater Version found : 6.9.1
2025-01-03 11:30:49,825 [INFO] ApplicationProperties:184 - Using Application install path: C:\ST\STM32CubeIDE_1.4.0\STM32CubeIDE\plugins\com.st.stm32cube.common.mx_6.9.1.202307191849
2025-01-03 11:30:50,082 [INFO] MainUpdater:2868 - connection check result : 10
2025-01-03 11:30:50,083 [INFO] MainUpdater:285 - Updater Check For Update Now.
2025-01-03 11:30:50,084 [INFO] MicroXplorer:498 - Change Database Version : DB.6.0.91
2025-01-03 11:30:50,097 [INFO] McuFinderGlobals:63 - Set McuFinder mode to 2 (CubeIDE integrated)
2025-01-03 11:30:50,098 [INFO] UserAuth:179 - activating auth plugin
2025-01-03 11:30:50,104 [INFO] UserAuth:393 - Internet connection configuration mode: 1
2025-01-03 11:30:50,131 [WARN] MainUpdater:1189 - Updater busy. Cannot search thirdparties
2025-01-03 11:30:50,132 [INFO] ThirdPartyUpdaterWithRetryManager:96 - Updater plugin is busy. [1/15]
2025-01-03 11:30:50,143 [INFO] JxBrowserEngine:151 - Initiate JxBrowser Engine with user profile folder
2025-01-03 11:30:50,423 [INFO] CheckServerUpdateThread:120 - End of CheckServer Thread
2025-01-03 11:30:51,796 [INFO] WebApp:157 - Instantiating new browser for Auth
2025-01-03 11:30:53,068 [INFO] WebApp:753 - Register for checkConnection events
2025-01-03 11:30:53,068 [INFO] WebApp:390 - Apply proxy settings
2025-01-03 11:30:53,069 [INFO] WebApp:475 - Chromium requires no authentication
2025-01-03 11:30:53,085 [INFO] WebApp:418 - Direct internet connection detected
2025-01-03 11:30:53,587 [INFO] WebApp:188 - Starting web application
2025-01-03 11:30:53,588 [INFO] WebApp:520 - Web application path used C:\ST\STM32CubeIDE_1.4.0\STM32CubeIDE\plugins\com.st.stm32cube.common.mx_6.9.1.202307191849\db\plugins\mcufinder\reactClient1\index.html
2025-01-03 11:30:53,763 [WARN] PackLoader:240 - Cannot read IP mode file for STMicroelectronics.FP-SNS-MOTENVWB1.1.4.0
2025-01-03 11:30:53,784 [WARN] PackLoader:240 - Cannot read IP mode file for STMicroelectronics.FP-ATR-ASTRA1.2.0.1
2025-01-03 11:30:53,803 [WARN] PackLoader:240 - Cannot read IP mode file for STMicroelectronics.X-CUBE-SMBUS.2.1.0
2025-01-03 11:30:53,827 [WARN] PackLoader:240 - Cannot read IP mode file for STMicroelectronics.X-CUBE-WB05N.1.1.0
2025-01-03 11:30:53,850 [WARN] PackLoader:240 - Cannot read IP mode file for STMicroelectronics.X-CUBE-TOUCHGFX.4.23.0
2025-01-03 11:30:53,856 [WARN] PackLoader:240 - Cannot read IP mode file for STMicroelectronics.X-CUBE-TOUCHGFX.4.23.2
2025-01-03 11:30:53,964 [WARN] PackLoader:240 - Cannot read IP mode file for STMicroelectronics.X-CUBE-AZRTOS-F7.1.1.0
2025-01-03 11:30:53,988 [ERROR] RealEvaluatedCondition:428 - Found unsupported composite condition: GROUP='STM32_MetaDataManager' CLASS='Data Exchange'
2025-01-03 11:30:53,989 [ERROR] RealEvaluatedCondition:428 - Found unsupported composite condition: CLASS='Data Exchange' GROUP='STM32_MetaDataManager'
2025-01-03 11:30:53,994 [WARN] PackLoader:240 - Cannot read IP mode file for STMicroelectronics.FP-SNS-MOTENV1.4.3.0
2025-01-03 11:30:54,013 [WARN] PackLoader:240 - Cannot read IP mode file for STMicroelectronics.FP-SNS-MOTENV1.4.3.2
2025-01-03 11:30:54,027 [WARN] PackLoader:240 - Cannot read IP mode file for STMicroelectronics.FP-SNS-FLIGHT1.5.0.0
2025-01-03 11:30:54,035 [ERROR] RealEvaluatedCondition:428 - Found unsupported composite condition: GROUP='STM32_MetaDataManager' CLASS='Data Exchange'
2025-01-03 11:30:54,036 [ERROR] RealEvaluatedCondition:428 - Found unsupported composite condition: CLASS='Data Exchange' GROUP='STM32_MetaDataManager'
2025-01-03 11:30:54,039 [WARN] PackLoader:240 - Cannot read IP mode file for STMicroelectronics.FP-SNS-MOTENV1.4.3.1
2025-01-03 11:30:54,102 [WARN] PackLoader:240 - Cannot read IP mode file for STMicroelectronics.FP-SNS-FLIGHT1.5.0.1
2025-01-03 11:30:54,285 [WARN] PackLoader:240 - Cannot read IP mode file for STMicroelectronics.X-CUBE-MEMS1.11.0.0
2025-01-03 11:30:54,653 [WARN] PackLoader:240 - Cannot read IP mode file for STMicroelectronics.X-CUBE-BLE1.6.2.4
2025-01-03 11:30:54,663 [WARN] PackLoader:240 - Cannot read IP mode file for STMicroelectronics.FP-SNS-FLIGHT1.5.0.2
2025-01-03 11:30:54,679 [WARN] PackLoader:240 - Cannot read IP mode file for STMicroelectronics.X-CUBE-DISPLAY.3.0.0
2025-01-03 11:30:54,697 [WARN] PackLoader:240 - Cannot read IP mode file for STMicroelectronics.X-CUBE-BLE1.7.0.0
2025-01-03 11:30:54,731 [WARN] PackLoader:240 - Cannot read IP mode file for STMicroelectronics.X-CUBE-NFC10.1.0.0
2025-01-03 11:30:54,753 [ERROR] Engine:466 - C:\Users\Minh\.stm32cubemx\thirdparties\pdsc\STMicroelectronics.X-CUBE-BLEMGR.4.0.0.pdsc: PDSC version is not supported
2025-01-03 11:30:54,797 [WARN] PackLoader:240 - Cannot read IP mode file for STMicroelectronics.X-CUBE-TOUCHGFX.4.22.0
2025-01-03 11:30:54,803 [WARN] PackLoader:240 - Cannot read IP mode file for STMicroelectronics.X-CUBE-TOUCHGFX.4.22.1
2025-01-03 11:30:54,823 [WARN] PackLoader:240 - Cannot read IP mode file for STMicroelectronics.X-CUBE-BLEMGR.3.1.0
2025-01-03 11:30:54,851 [WARN] PackLoader:240 - Cannot read IP mode file for STMicroelectronics.FP-SNS-SMARTAG2.1.2.0
2025-01-03 11:30:55,015 [WARN] PackLoader:240 - Cannot read IP mode file for STMicroelectronics.X-CUBE-MEMS1.11.1.0
2025-01-03 11:30:55,415 [INFO] LogOutputStream:77 - [STDOUT_REDIRECT] 1 : Invalid condition id : UX_CORESTACK_Condition cause : null
2025-01-03 11:30:55,416 [INFO] LogOutputStream:77 - [STDOUT_REDIRECT] 1 : Invalid condition id : UX_CORESTACK_Condition cause : null
2025-01-03 11:30:55,420 [INFO] LogOutputStream:77 - [STDOUT_REDIRECT] 1 : Invalid condition id : UX_CORESTACK_Condition cause : null
2025-01-03 11:30:55,424 [INFO] LogOutputStream:77 - [STDOUT_REDIRECT] 1 : Invalid condition id : UX_CORESTACK_Condition cause : null
2025-01-03 11:30:55,429 [INFO] LogOutputStream:77 - [STDOUT_REDIRECT] 1 : Invalid condition id : UX_CORESTACK_Condition cause : null
2025-01-03 11:30:55,437 [WARN] PackLoader:240 - Cannot read IP mode file for STMicroelectronics.X-CUBE-AZRTOS-WL.2.0.0
2025-01-03 11:30:55,449 [WARN] PackLoader:240 - Cannot read IP mode file for STMicroelectronics.FP-SNS-MOTENV1.5.0.0
2025-01-03 11:30:55,460 [WARN] PackLoader:240 - Cannot read IP mode file for wolfSSL.I-CUBE-wolfMQTT.1.19.0
2025-01-03 11:30:55,476 [WARN] PackLoader:240 - Cannot read IP mode file for WES.I-CUBE-Cesium.1.3.0
2025-01-03 11:30:55,485 [WARN] PackLoader:240 - Cannot read IP mode file for STMicroelectronics.X-CUBE-BLE2.3.3.0
2025-01-03 11:30:55,506 [WARN] PackLoader:240 - Cannot read IP mode file for STMicroelectronics.X-CUBE-TOF1.3.2.0
2025-01-03 11:30:55,531 [WARN] PackLoader:240 - Cannot read IP mode file for STMicroelectronics.X-CUBE-NFC9.1.0.0
2025-01-03 11:30:55,549 [WARN] PackLoader:240 - Cannot read IP mode file for STMicroelectronics.X-CUBE-TCPP.4.1.0
2025-01-03 11:30:55,559 [WARN] PackLoader:240 - Cannot read IP mode file for STMicroelectronics.X-CUBE-TOUCHGFX.4.21.1
2025-01-03 11:30:55,565 [WARN] PackLoader:240 - Cannot read IP mode file for STMicroelectronics.X-CUBE-TOUCHGFX.4.21.3
2025-01-03 11:30:55,570 [WARN] PackLoader:240 - Cannot read IP mode file for STMicroelectronics.X-CUBE-TOUCHGFX.4.21.4
2025-01-03 11:30:55,582 [WARN] PackLoader:240 - Cannot read IP mode file for STMicroelectronics.X-CUBE-ALGOBUILD.1.3.0
2025-01-03 11:30:55,616 [WARN] PackLoader:240 - Cannot read IP mode file for STMicroelectronics.X-CUBE-AZRTOS-G0.1.1.0
2025-01-03 11:30:55,633 [WARN] PackLoader:240 - Cannot read IP mode file for STMicroelectronics.X-CUBE-SAFEA1.1.2.2
2025-01-03 11:30:55,646 [WARN] PackLoader:240 - Cannot read IP mode file for STMicroelectronics.X-CUBE-NFC4.3.0.0
2025-01-03 11:30:55,653 [ERROR] Engine:466 - C:\Users\Minh\.stm32cubemx\thirdparties\pdsc\EmbeddedOffice.I-CUBE-FS-RTOS.1.0.1.pdsc: PDSC version is not supported
2025-01-03 11:30:55,670 [WARN] PackLoader:240 - Cannot read IP mode file for STMicroelectronics.X-CUBE-BLEMGR.3.0.0
2025-01-03 11:30:55,681 [ERROR] Engine:466 - C:\Users\Minh\.stm32cubemx\thirdparties\pdsc\STMicroelectronics.X-CUBE-TCPP.4.2.0.pdsc: PDSC version is not supported
2025-01-03 11:30:55,685 [ERROR] Engine:466 - C:\Users\Minh\.stm32cubemx\thirdparties\pdsc\RealThread.X-CUBE-RT-Thread_Nano.4.1.1.pdsc: PDSC version is not supported
2025-01-03 11:30:55,693 [WARN] PackLoader:240 - Cannot read IP mode file for STMicroelectronics.FP-ATR-SIGFOX1.3.2.0
2025-01-03 11:30:55,697 [ERROR] Engine:466 - C:\Users\Minh\.stm32cubemx\thirdparties\pdsc\quantropi.X-CUBE-qispace-sdk-base.1.9.3.pdsc: PDSC version is not supported
2025-01-03 11:30:55,707 [WARN] PackLoader:240 - Cannot read IP mode file for STMicroelectronics.X-CUBE-EEPRMA1.5.1.0
2025-01-03 11:30:55,811 [WARN] PackLoader:240 - Cannot read IP mode file for STMicroelectronics.X-CUBE-MEMS1.9.5.0
2025-01-03 11:30:56,277 [WARN] PackLoader:240 - Cannot read IP mode file for SEGGER.I-CUBE-embOS.1.3.1
2025-01-03 11:30:56,403 [WARN] PackLoader:240 - Cannot read IP mode file for STMicroelectronics.X-CUBE-ALGOBUILD.1.4.0
2025-01-03 11:30:56,414 [WARN] PackLoader:240 - Cannot read IP mode file for STMicroelectronics.X-CUBE-AI.9.1.0
2025-01-03 11:30:56,426 [WARN] PackLoader:240 - Cannot read IP mode file for STMicroelectronics.X-CUBE-GNSS1.6.0.0
2025-01-03 11:30:56,475 [WARN] PackLoader:240 - Cannot read IP mode file for STMicroelectronics.X-CUBE-AZRTOS-F4.1.1.0
2025-01-03 11:30:56,493 [WARN] PackLoader:240 - Cannot read IP mode file for STMicroelectronics.X-CUBE-ISPU.2.1.0
2025-01-03 11:30:56,507 [WARN] PackLoader:240 - Cannot read IP mode file for STMicroelectronics.X-CUBE-FREERTOS.1.2.0
2025-01-03 11:30:56,550 [WARN] PackLoader:240 - Cannot read IP mode file for STMicroelectronics.X-CUBE-AZRTOS-L5.2.0.0
2025-01-03 11:30:56,678 [WARN] PackLoader:240 - Cannot read IP mode file for STMicroelectronics.X-CUBE-MEMS1.9.6.0
2025-01-03 11:30:57,092 [WARN] PackLoader:240 - Cannot read IP mode file for STMicroelectronics.X-CUBE-EEPRMA1.4.2.0
2025-01-03 11:30:57,114 [WARN] PackLoader:240 - Cannot read IP mode file for STMicroelectronics.X-CUBE-NFC6.3.1.0
2025-01-03 11:30:57,132 [WARN] PackLoader:240 - Cannot read IP mode file for ITTIA_DB.I-CUBE-ITTIADB.8.8.0
2025-01-03 11:30:57,150 [WARN] PackLoader:240 - Cannot read IP mode file for emotas.I-CUBE-CANOPEN.1.1.3
2025-01-03 11:30:57,168 [WARN] PackLoader:240 - Cannot read IP mode file for STMicroelectronics.X-CUBE-BLEMGR.2.0.0
2025-01-03 11:30:57,179 [ERROR] Engine:466 - C:\Users\Minh\.stm32cubemx\thirdparties\pdsc\STMicroelectronics.X-CUBE-DPower.1.2.0.pdsc: PDSC version is not supported
2025-01-03 11:30:57,185 [WARN] PackLoader:240 - Cannot read IP mode file for STMicroelectronics.X-CUBE-AI.9.0.0
2025-01-03 11:30:57,224 [WARN] ConditionMgr:438 - getConditionDescription Invalid condition id : UX DEVICE CLASS RTOS Condition cause : null
2025-01-03 11:30:57,225 [WARN] ConditionMgr:438 - getConditionDescription Invalid condition id : UX DEVICE CLASS RTOS Condition cause : null
2025-01-03 11:30:57,234 [WARN] PackLoader:240 - Cannot read IP mode file for STMicroelectronics.X-CUBE-AZRTOS-H7.3.1.0
2025-01-03 11:30:57,236 [WARN] ConditionMgr:1039 - genDependencies : Invalid condition id : UX DEVICE CLASS RTOS Condition cause : null
2025-01-03 11:30:57,237 [WARN] ConditionMgr:1039 - genDependencies : Invalid condition id : UX DEVICE CLASS RTOS Condition cause : null
2025-01-03 11:30:57,238 [WARN] ConditionMgr:1039 - genDependencies : Invalid condition id : UX DEVICE CLASS RTOS Condition cause : null
2025-01-03 11:30:57,239 [WARN] ConditionMgr:1039 - genDependencies : Invalid condition id : UX DEVICE CLASS RTOS Condition cause : null
2025-01-03 11:30:57,239 [WARN] ConditionMgr:1039 - genDependencies : Invalid condition id : UX DEVICE CLASS RTOS Condition cause : null
2025-01-03 11:30:57,250 [WARN] PackLoader:240 - Cannot read IP mode file for wolfSSL.I-CUBE-wolfSSL.5.5.4
2025-01-03 11:30:57,259 [WARN] PackLoader:240 - Cannot read IP mode file for STMicroelectronics.X-CUBE-FREERTOS.1.3.0
2025-01-03 11:30:57,271 [WARN] PackLoader:240 - Cannot read IP mode file for STMicroelectronics.X-CUBE-NFC7.1.0.1
2025-01-03 11:30:57,282 [WARN] PackLoader:240 - Cannot read IP mode file for STMicroelectronics.X-CUBE-NFC7.1.0.0
2025-01-03 11:30:57,292 [WARN] PackLoader:240 - Cannot read IP mode file for wolfSSL.I-CUBE-wolfTPM.3.2.0
2025-01-03 11:30:57,307 [WARN] PackLoader:240 - Cannot read IP mode file for STMicroelectronics.X-CUBE-NFC6.3.0.0
2025-01-03 11:30:57,322 [WARN] PackLoader:240 - Cannot read IP mode file for STMicroelectronics.X-CUBE-EEPRMA1.4.1.0
2025-01-03 11:30:57,331 [WARN] PackLoader:240 - Cannot read IP mode file for STMicroelectronics.X-CUBE-AI.8.1.0
2025-01-03 11:30:57,382 [WARN] ConditionMgr:438 - getConditionDescription Invalid condition id : LAN8742 Phy interface Condition cause : null
2025-01-03 11:30:57,384 [WARN] PackLoader:240 - Cannot read IP mode file for STMicroelectronics.X-CUBE-AZRTOS-L4.2.0.0
2025-01-03 11:30:57,387 [WARN] ConditionMgr:1039 - genDependencies : Invalid condition id : LAN8742 Phy interface Condition cause : null
2025-01-03 11:30:57,388 [WARN] ConditionMgr:1039 - genDependencies : Invalid condition id : LAN8742 Phy interface Condition cause : null
2025-01-03 11:30:57,390 [WARN] ConditionMgr:1039 - genDependencies : Invalid condition id : LAN8742 Phy interface Condition cause : null
2025-01-03 11:30:57,409 [WARN] PackLoader:240 - Cannot read IP mode file for STMicroelectronics.X-CUBE-SFXS2LP1.4.0.0
2025-01-03 11:30:57,465 [WARN] PackLoader:240 - Cannot read IP mode file for STMicroelectronics.X-CUBE-AZRTOS-H7.3.0.0
2025-01-03 11:30:57,481 [WARN] PackLoader:240 - Cannot read IP mode file for STMicroelectronics.X-CUBE-ISPU.1.1.0
2025-01-03 11:30:57,544 [WARN] PackLoader:240 - Cannot read IP mode file for STMicroelectronics.X-CUBE-AZRTOS-H7.3.3.0
2025-01-03 11:30:57,569 [WARN] PackLoader:240 - Cannot read IP mode file for RoweBots.I-CUBE-UNISONRTOS.5.5.0-4
2025-01-03 11:30:57,578 [WARN] PackLoader:240 - Cannot read IP mode file for STMicroelectronics.X-CUBE-AI.8.0.0
2025-01-03 11:30:57,589 [ERROR] Engine:466 - C:\Users\Minh\.stm32cubemx\thirdparties\pdsc\STMicroelectronics.X-CUBE-IPS.3.0.0.pdsc: PDSC version is not supported
2025-01-03 11:30:57,618 [WARN] ConditionMgr:438 - getConditionDescription Invalid condition id : UX DEVICE CLASS RTOS Condition cause : null
2025-01-03 11:30:57,619 [WARN] ConditionMgr:438 - getConditionDescription Invalid condition id : UX DEVICE CLASS RTOS Condition cause : null
2025-01-03 11:30:57,625 [WARN] PackLoader:240 - Cannot read IP mode file for STMicroelectronics.X-CUBE-AZRTOS-WB.2.0.0
2025-01-03 11:30:57,627 [WARN] ConditionMgr:1039 - genDependencies : Invalid condition id : UX DEVICE CLASS RTOS Condition cause : null
2025-01-03 11:30:57,627 [WARN] ConditionMgr:1039 - genDependencies : Invalid condition id : UX DEVICE CLASS RTOS Condition cause : null
2025-01-03 11:30:57,628 [WARN] ConditionMgr:1039 - genDependencies : Invalid condition id : UX DEVICE CLASS RTOS Condition cause : null
2025-01-03 11:30:57,629 [WARN] ConditionMgr:1039 - genDependencies : Invalid condition id : UX DEVICE CLASS RTOS Condition cause : null
2025-01-03 11:30:57,629 [WARN] ConditionMgr:1039 - genDependencies : Invalid condition id : UX DEVICE CLASS RTOS Condition cause : null
2025-01-03 11:30:57,642 [WARN] PackLoader:240 - Cannot read IP mode file for STMicroelectronics.X-CUBE-FREERTOS.1.0.0
2025-01-03 11:30:57,652 [WARN] PackLoader:240 - Cannot read IP mode file for STMicroelectronics.X-CUBE-FREERTOS.1.0.1
2025-01-03 11:30:57,662 [WARN] PackLoader:240 - Cannot read IP mode file for STMicroelectronics.X-CUBE-GNSS1.7.0.0
2025-01-03 11:30:57,673 [WARN] PackLoader:240 - Cannot read IP mode file for STMicroelectronics.X-CUBE-GNSS1.7.0.1
2025-01-03 11:30:57,683 [ERROR] Engine:466 - C:\Users\Minh\.stm32cubemx\thirdparties\pdsc\STMicroelectronics.FP-SNS-STBOX1.2.0.0.pdsc: PDSC version is not supported
2025-01-03 11:30:57,718 [WARN] PackLoader:240 - Cannot read IP mode file for STMicroelectronics.X-CUBE-AZRTOS-L5.1.1.0
2025-01-03 11:30:57,731 [WARN] PackLoader:240 - Cannot read IP mode file for STMicroelectronics.X-CUBE-AI.8.0.1
2025-01-03 11:30:57,757 [WARN] PackLoader:240 - Cannot read IP mode file for STMicroelectronics.X-CUBE-SUBG2.5.0.0
2025-01-03 11:30:57,778 [WARN] PackLoader:240 - Cannot read IP mode file for Cesanta.I-CUBE-Mongoose.7.13.0
2025-01-03 11:30:57,800 [WARN] PackLoader:240 - Cannot read IP mode file for STMicroelectronics.X-CUBE-TOF1.3.3.1
2025-01-03 11:30:57,862 [WARN] PackLoader:240 - Cannot read IP mode file for STMicroelectronics.X-CUBE-AZRTOS-G4.2.0.0
2025-01-03 11:30:57,891 [WARN] PackLoader:240 - Cannot read IP mode file for STMicroelectronics.X-CUBE-TOF1.3.3.0
2025-01-03 11:30:57,923 [WARN] PackLoader:240 - Cannot read IP mode file for STMicroelectronics.FP-ATR-ASTRA1.1.1.1
2025-01-03 11:30:57,952 [WARN] PackLoader:240 - Cannot read IP mode file for Infineon.AIROC-Wi-Fi-Bluetooth-STM32.1.5.1
2025-01-03 11:30:57,963 [WARN] PackLoader:240 - Cannot read IP mode file for STMicroelectronics.FP-SNS-MOTENVWB1.1.3.0
2025-01-03 11:30:57,970 [WARN] PackLoader:240 - Cannot read IP mode file for STMicroelectronics.FP-SNS-MOTENVWB1.1.3.1
2025-01-03 11:30:57,997 [WARN] PackLoader:240 - Cannot read IP mode file for STMicroelectronics.X-CUBE-AZRTOS-G4.1.0.0
2025-01-03 11:30:58,040 [WARN] PackLoader:240 - Cannot read IP mode file for STMicroelectronics.X-CUBE-AZRTOS-L4.1.0.0
2025-01-03 11:30:58,056 [WARN] PackLoader:240 - Cannot read IP mode file for STMicroelectronics.X-CUBE-ISPU.2.0.0
2025-01-03 11:30:58,066 [WARN] PackLoader:240 - Cannot read IP mode file for STMicroelectronics.X-CUBE-ALS.1.0.2
2025-01-03 11:30:58,167 [WARN] PackLoader:240 - Cannot read IP mode file for STMicroelectronics.X-CUBE-MEMS1.10.0.0
2025-01-03 11:30:58,455 [WARN] PackLoader:240 - Cannot read IP mode file for STMicroelectronics.X-CUBE-FREERTOS.1.1.0
2025-01-03 11:30:58,461 [WARN] PackLoader:240 - Cannot read IP mode file for STMicroelectronics.X-CUBE-TOUCHGFX.4.24.0
2025-01-03 11:30:58,480 [WARN] PackLoader:240 - Cannot read IP mode file for STMicroelectronics.X-CUBE-AZRTOS-WL.1.0.0
2025-01-03 11:30:58,488 [WARN] PackLoader:240 - Cannot read IP mode file for STMicroelectronics.X-CUBE-TOUCHGFX.4.24.1
2025-01-03 11:30:58,500 [WARN] PackLoader:240 - Cannot read IP mode file for portGmbH.I-Cube-SoM-uGOAL.1.1.0
2025-01-03 11:30:58,508 [WARN] PackLoader:240 - Cannot read IP mode file for STMicroelectronics.X-CUBE-ALS.1.0.1
2025-01-03 11:30:58,533 [WARN] PackLoader:240 - Cannot read IP mode file for STMicroelectronics.X-CUBE-AZRTOS-WB.1.1.0
2025-01-03 11:30:58,579 [WARN] PackLoader:240 - Cannot read IP mode file for STMicroelectronics.X-CUBE-AZRTOS-H7RS.1.0.0
2025-01-03 11:30:58,588 [WARN] PackLoader:240 - Cannot read IP mode file for STMicroelectronics.FP-ATR-ASTRA1.2.0.0
2025-01-03 11:30:58,599 [ERROR] Engine:466 - C:\Users\Minh\.stm32cubemx\thirdparties\pdsc\STMicroelectronics.X-CUBE-TOF1.3.4.2.pdsc: PDSC version is not supported
2025-01-03 11:30:58,619 [WARN] PackLoader:240 - Cannot read IP mode file for STMicroelectronics.X-CUBE-TOF1.3.4.0
2025-01-03 11:30:58,665 [WARN] PackLoader:240 - Cannot read IP mode file for STMicroelectronics.X-CUBE-TOF1.3.4.1
2025-01-03 11:30:58,727 [WARN] PackLoader:240 - Cannot read IP mode file for STMicroelectronics.X-CUBE-AZRTOS-H7.3.2.0
2025-01-03 11:30:58,740 [WARN] PackLoader:240 - Cannot read IP mode file for wolfSSL.I-CUBE-wolfSSH.1.4.17
2025-01-03 11:30:58,742 [INFO] ThirdParty:978 - Integrity check success = true
2025-01-03 11:30:58,742 [INFO] IntegrityCheckThread:100 - exiting critical section [integrity check]
2025-01-03 11:30:58,742 [INFO] IntegrityCheckThread:103 - End integrity checks thread
2025-01-03 11:36:04,964 [ERROR] LogOutputStream:75 - [STDERR_REDIRECT] SLF4J: Failed to load class "org.slf4j.impl.StaticLoggerBinder".
2025-01-03 11:36:04,965 [ERROR] LogOutputStream:75 - [STDERR_REDIRECT] SLF4J: Defaulting to no-operation (NOP) logger implementation
2025-01-03 11:36:04,969 [ERROR] LogOutputStream:75 - [STDERR_REDIRECT] SLF4J: See http://www.slf4j.org/codes.html#StaticLoggerBinder for further details.
2025-01-03 23:08:55,521 [ERROR] LogOutputStream:75 - [STDERR_REDIRECT] 
