2025-01-05 10:08:46,813 [INFO] Activator:176 - 


2025-01-05 10:08:46,833 [INFO] Activator:177 - !SESSION log4j initialized
2025-01-05 10:09:04,751 [INFO] LogOutputStream:77 - [STDOUT_REDIRECT] 
2025-01-05 10:09:09,646 [INFO] ApplicationProperties:184 - Using Application install path: C:\ST\STM32CubeIDE_1.4.0\STM32CubeIDE\plugins\com.st.stm32cube.common.mx_6.9.1.202307191849
2025-01-05 10:09:09,701 [INFO] DbMcusXml:78 - Set database path to: C:\ST\STM32CubeIDE_1.4.0\STM32CubeIDE\plugins\com.st.stm32cube.common.mx_6.9.1.202307191849\\db\/mcu/
2025-01-05 10:09:09,702 [INFO] ApiDb:274 - Set plugin database path to: C:\ST\STM32CubeIDE_1.4.0\STM32CubeIDE\plugins\com.st.stm32cube.common.mx_6.9.1.202307191849\\db\/plugins/boardmanager/
2025-01-05 10:09:09,703 [WARN] ApiDb:259 - Overriding images path with different value:  => C:\ST\STM32CubeIDE_1.4.0\STM32CubeIDE\plugins\com.st.stm32cube.common.mx_6.9.1.202307191849\\db\/plugins/mcufinder/images/
2025-01-05 10:09:09,738 [INFO] ApiDb:250 - Set database path to: C:\Users\Minh\.stmcufinder\plugins\mcufinder//mcu/
2025-01-05 10:09:09,741 [INFO] DbMcusAds:125 - Set database path to: C:\Users\Minh\.stmcufinder\plugins\mcufinder//mcu/
2025-01-05 10:09:09,747 [INFO] CrossReferenceDbSqlite:203 - Set database path to: C:\Users\Minh\.stmcufinder\plugins\mcufinder//mcu/cs/
2025-01-05 10:09:10,183 [INFO] RulesReader:64 - Compatibility file has been processed (293 Rules)
2025-01-05 10:09:10,468 [INFO] DbMcusXml:78 - Set database path to: C:\ST\STM32CubeIDE_1.4.0\STM32CubeIDE\plugins\com.st.stm32cube.common.mx_6.9.1.202307191849\\db\/mcu/
2025-01-05 10:09:10,468 [INFO] ApiDb:274 - Set plugin database path to: C:\ST\STM32CubeIDE_1.4.0\STM32CubeIDE\plugins\com.st.stm32cube.common.mx_6.9.1.202307191849\\db\/plugins/boardmanager/
2025-01-05 10:09:10,469 [INFO] ApiDb:261 - Set plugin images path to: C:\ST\STM32CubeIDE_1.4.0\STM32CubeIDE\plugins\com.st.stm32cube.common.mx_6.9.1.202307191849\\db\/plugins/mcufinder/images/
2025-01-05 10:09:10,469 [WARN] DbFile:41 - Overriding database path with different value: C:\Users\Minh\.stmcufinder\plugins\mcufinder/ => C:\Users\Minh\.stmcufinder\plugins\mcufinder
2025-01-05 10:09:10,470 [INFO] ApiDb:250 - Set database path to: C:\Users\Minh\.stmcufinder\plugins\mcufinder//mcu/
2025-01-05 10:09:10,470 [WARN] DbFile:41 - Overriding database path with different value: C:\Users\Minh\.stmcufinder\plugins\mcufinder/ => C:\Users\Minh\.stmcufinder\plugins\mcufinder
2025-01-05 10:09:10,471 [INFO] DbMcusAds:125 - Set database path to: C:\Users\Minh\.stmcufinder\plugins\mcufinder//mcu/
2025-01-05 10:09:10,471 [WARN] DbFile:41 - Overriding database path with different value: C:\Users\Minh\.stmcufinder\plugins\mcufinder/ => C:\Users\Minh\.stmcufinder\plugins\mcufinder
2025-01-05 10:09:10,471 [WARN] DbFile:41 - Overriding database path with different value: C:\Users\Minh\.stmcufinder\plugins\mcufinder/ => C:\Users\Minh\.stmcufinder\plugins\mcufinder
2025-01-05 10:09:10,472 [INFO] CrossReferenceDbSqlite:203 - Set database path to: C:\Users\Minh\.stmcufinder\plugins\mcufinder//mcu/cs/
2025-01-05 10:09:10,782 [INFO] MainPanel:262 - HeapMemory: 268435456
2025-01-05 10:09:11,056 [INFO] DbMcusXml:78 - Set database path to: C:\ST\STM32CubeIDE_1.4.0\STM32CubeIDE\plugins\com.st.stm32cube.common.mx_6.9.1.202307191849\\db\/mcu/
2025-01-05 10:09:11,056 [INFO] ApiDb:274 - Set plugin database path to: C:\ST\STM32CubeIDE_1.4.0\STM32CubeIDE\plugins\com.st.stm32cube.common.mx_6.9.1.202307191849\\db\/plugins/boardmanager/
2025-01-05 10:09:11,056 [INFO] ApiDb:261 - Set plugin images path to: C:\ST\STM32CubeIDE_1.4.0\STM32CubeIDE\plugins\com.st.stm32cube.common.mx_6.9.1.202307191849\\db\/plugins/mcufinder/images/
2025-01-05 10:09:11,058 [WARN] DbFile:41 - Overriding database path with different value: C:\Users\Minh\.stmcufinder\plugins\mcufinder/ => C:\Users\Minh\.stmcufinder\plugins\mcufinder
2025-01-05 10:09:11,058 [INFO] ApiDb:250 - Set database path to: C:\Users\Minh\.stmcufinder\plugins\mcufinder//mcu/
2025-01-05 10:09:11,059 [WARN] DbFile:41 - Overriding database path with different value: C:\Users\Minh\.stmcufinder\plugins\mcufinder/ => C:\Users\Minh\.stmcufinder\plugins\mcufinder
2025-01-05 10:09:11,059 [INFO] DbMcusAds:125 - Set database path to: C:\Users\Minh\.stmcufinder\plugins\mcufinder//mcu/
2025-01-05 10:09:11,059 [WARN] DbFile:41 - Overriding database path with different value: C:\Users\Minh\.stmcufinder\plugins\mcufinder/ => C:\Users\Minh\.stmcufinder\plugins\mcufinder
2025-01-05 10:09:11,060 [WARN] DbFile:41 - Overriding database path with different value: C:\Users\Minh\.stmcufinder\plugins\mcufinder/ => C:\Users\Minh\.stmcufinder\plugins\mcufinder
2025-01-05 10:09:11,060 [INFO] CrossReferenceDbSqlite:203 - Set database path to: C:\Users\Minh\.stmcufinder\plugins\mcufinder//mcu/cs/
2025-01-05 10:09:11,120 [INFO] ApplicationProperties:184 - Using Application install path: C:\ST\STM32CubeIDE_1.4.0\STM32CubeIDE\plugins\com.st.stm32cube.common.mx_6.9.1.202307191849
2025-01-05 10:09:11,124 [INFO] PluginManage:196 - Search for loadable plugins [exclusion list=, ]
2025-01-05 10:09:11,129 [INFO] PluginManage:310 - Check plugin analytics
2025-01-05 10:09:11,680 [INFO] AnalyticsPlugin:253 - Accepted Software Licenses: STM32CubeMX.6.0.0,STM32CubeMX.5.2.0
2025-01-05 10:09:11,681 [INFO] AnalyticsPlugin:255 - Accepted CMSIS Pack Licenses: 
2025-01-05 10:09:11,681 [INFO] AnalyticsPlugin:257 - Accepted Firmware Licenses: FW.F4.1.27.0
2025-01-05 10:09:11,690 [INFO] PluginManage:359 - Loaded plugin analytics (category:tool,tabindex:-1)
2025-01-05 10:09:11,692 [INFO] PluginManage:310 - Check plugin cadmodel
2025-01-05 10:09:11,758 [INFO] CADModel:105 - Init CAD model plugin
2025-01-05 10:09:11,758 [INFO] PluginManage:359 - Loaded plugin cadmodel (category:power,tabindex:5)
2025-01-05 10:09:11,759 [INFO] PluginManage:310 - Check plugin clock
2025-01-05 10:09:11,828 [INFO] PluginManage:359 - Loaded plugin clock (category:base,tabindex:2)
2025-01-05 10:09:11,829 [INFO] PluginManage:310 - Check plugin ddr
2025-01-05 10:09:11,835 [INFO] PluginManage:359 - Loaded plugin ddr (category:tool,tabindex:6)
2025-01-05 10:09:11,836 [INFO] PluginManage:310 - Check plugin filemanager
2025-01-05 10:09:12,251 [INFO] PluginManage:359 - Loaded plugin filemanager (category:base,tabindex:10)
2025-01-05 10:09:12,252 [INFO] PluginManage:310 - Check plugin ipmanager
2025-01-05 10:09:12,277 [INFO] PluginManage:359 - Loaded plugin ipmanager (category:base,tabindex:5)
2025-01-05 10:09:12,277 [INFO] PluginManage:310 - Check plugin lpbam
2025-01-05 10:09:12,345 [INFO] PluginManage:359 - Loaded plugin lpbam (category:base,tabindex:0)
2025-01-05 10:09:12,346 [INFO] PluginManage:310 - Check plugin memorymap
2025-01-05 10:09:12,439 [INFO] PluginManage:359 - Loaded plugin memorymap (category:base,tabindex:4)
2025-01-05 10:09:12,439 [INFO] PluginManage:310 - Check plugin pinoutandconfiguration
2025-01-05 10:09:12,509 [INFO] PluginManage:359 - Loaded plugin pinoutandconfiguration (category:base,tabindex:1)
2025-01-05 10:09:12,510 [INFO] PluginManage:310 - Check plugin pinoutconfig
2025-01-05 10:09:12,830 [WARN] SupportedApi:132 - Cannot load RTOS API schema: s4s-elt-must-match.1: The content of 'definitions' must match (annotation?, (simpleType | complexType)?, (unique | key | keyref)*)). A problem was found starting at: attribute.
2025-01-05 10:09:13,264 [INFO] PluginManage:359 - Loaded plugin pinoutconfig (category:base,tabindex:0)
2025-01-05 10:09:13,265 [INFO] PluginManage:310 - Check plugin power
2025-01-05 10:09:13,333 [INFO] PluginManage:359 - Loaded plugin power (category:power,tabindex:4)
2025-01-05 10:09:13,333 [INFO] PluginManage:310 - Check plugin projectmanager
2025-01-05 10:09:13,378 [INFO] PluginManage:359 - Loaded plugin projectmanager (category:projectmanager,tabindex:3)
2025-01-05 10:09:13,379 [INFO] PluginManage:310 - Check plugin thirdparty
2025-01-05 10:09:14,221 [INFO] PluginManage:359 - Loaded plugin thirdparty (category:base,tabindex:-1)
2025-01-05 10:09:14,221 [WARN] IntegrityCheckThread:84 - waiting for thirdparty lock release [integrity check]
2025-01-05 10:09:14,221 [INFO] PluginManage:310 - Check plugin tools
2025-01-05 10:09:14,222 [INFO] IntegrityCheckThread:86 - entering critical section [integrity check]
2025-01-05 10:09:14,223 [INFO] ThirdPartyUpdaterWithRetryManager:70 - Updater plugin not ready yet. [1/15]
2025-01-05 10:09:14,361 [INFO] PluginManage:359 - Loaded plugin tools (category:base,tabindex:7)
2025-01-05 10:09:14,362 [INFO] PluginManage:310 - Check plugin tutovideos
2025-01-05 10:09:14,989 [INFO] PluginManage:359 - Loaded plugin tutovideos (category:base,tabindex:-1)
2025-01-05 10:09:14,990 [INFO] PluginManage:310 - Check plugin updater
2025-01-05 10:09:15,021 [INFO] PluginManage:359 - Loaded plugin updater (category:base,tabindex:12)
2025-01-05 10:09:15,022 [INFO] PluginManage:310 - Check plugin userauth
2025-01-05 10:09:15,037 [INFO] UserAuth:113 - Init User Auth plugin
2025-01-05 10:09:15,038 [INFO] PluginManage:359 - Loaded plugin userauth (category:base,tabindex:14)
2025-01-05 10:09:15,039 [INFO] PluginManage:283 - PluginManage : Loaded plugins [17]
2025-01-05 10:09:15,700 [INFO] PinOutPanel:1499 - setPackage(No Configuration,No Configuration)
2025-01-05 10:09:16,013 [INFO] CADModel:165 - CPN selected for project level
2025-01-05 10:09:16,013 [INFO] CADModel:114 - Register for checkConnection events
2025-01-05 10:09:16,093 [INFO] IPUIPlugin:80 - create IPUIPlugin
2025-01-05 10:09:16,094 [INFO] PluginManager:220 - loadIPPluginJar : add adc
2025-01-05 10:09:16,216 [INFO] IPUIPlugin:80 - create IPUIPlugin
2025-01-05 10:09:16,217 [INFO] PluginManager:220 - loadIPPluginJar : add aes
2025-01-05 10:09:16,356 [INFO] IPUIPlugin:80 - create IPUIPlugin
2025-01-05 10:09:16,357 [INFO] PluginManager:220 - loadIPPluginJar : add can
2025-01-05 10:09:16,450 [INFO] IPUIPlugin:80 - create IPUIPlugin
2025-01-05 10:09:16,451 [INFO] PluginManager:220 - loadIPPluginJar : add comp
2025-01-05 10:09:16,573 [INFO] IPUIPlugin:80 - create IPUIPlugin
2025-01-05 10:09:16,573 [INFO] PluginManager:220 - loadIPPluginJar : add cryp
2025-01-05 10:09:16,677 [INFO] IPUIPlugin:80 - create IPUIPlugin
2025-01-05 10:09:16,677 [INFO] PluginManager:220 - loadIPPluginJar : add dfsdm
2025-01-05 10:09:16,720 [INFO] IPUIPlugin:80 - create IPUIPlugin
2025-01-05 10:09:16,721 [INFO] PluginManager:220 - loadIPPluginJar : add dma
2025-01-05 10:09:16,884 [INFO] IPUIPlugin:80 - create IPUIPlugin
2025-01-05 10:09:16,884 [INFO] PluginManager:220 - loadIPPluginJar : add dma3
2025-01-05 10:09:16,954 [INFO] IPUIPlugin:80 - create IPUIPlugin
2025-01-05 10:09:16,954 [INFO] PluginManager:220 - loadIPPluginJar : add fatfs
2025-01-05 10:09:17,130 [INFO] IPUIPlugin:80 - create IPUIPlugin
2025-01-05 10:09:17,131 [INFO] PluginManager:220 - loadIPPluginJar : add fmc
2025-01-05 10:09:17,174 [INFO] IPUIPlugin:80 - create IPUIPlugin
2025-01-05 10:09:17,175 [INFO] PluginManager:220 - loadIPPluginJar : add freertos
2025-01-05 10:09:17,224 [INFO] ThirdPartyUpdaterWithRetryManager:70 - Updater plugin not ready yet. [2/15]
2025-01-05 10:09:17,251 [INFO] IPUIPlugin:80 - create IPUIPlugin
2025-01-05 10:09:17,252 [INFO] PluginManager:220 - loadIPPluginJar : add genericplugin
2025-01-05 10:09:17,593 [INFO] IPUIPlugin:80 - create IPUIPlugin
2025-01-05 10:09:17,593 [INFO] PluginManager:220 - loadIPPluginJar : add gfxmmu
2025-01-05 10:09:18,071 [INFO] IPUIPlugin:80 - create IPUIPlugin
2025-01-05 10:09:18,071 [INFO] PluginManager:220 - loadIPPluginJar : add gic
2025-01-05 10:09:18,110 [INFO] IPUIPlugin:80 - create IPUIPlugin
2025-01-05 10:09:18,110 [INFO] PluginManager:220 - loadIPPluginJar : add gpio
2025-01-05 10:09:18,426 [INFO] IPUIPlugin:80 - create IPUIPlugin
2025-01-05 10:09:18,426 [INFO] PluginManager:220 - loadIPPluginJar : add gtzc
2025-01-05 10:09:18,540 [INFO] IPUIPlugin:80 - create IPUIPlugin
2025-01-05 10:09:18,540 [INFO] PluginManager:220 - loadIPPluginJar : add hash
2025-01-05 10:09:18,733 [INFO] IPUIPlugin:80 - create IPUIPlugin
2025-01-05 10:09:18,734 [INFO] PluginManager:220 - loadIPPluginJar : add i2c
2025-01-05 10:09:18,867 [INFO] IPUIPlugin:80 - create IPUIPlugin
2025-01-05 10:09:18,867 [INFO] PluginManager:220 - loadIPPluginJar : add i2s
2025-01-05 10:09:19,004 [INFO] IPUIPlugin:80 - create IPUIPlugin
2025-01-05 10:09:19,004 [INFO] PluginManager:220 - loadIPPluginJar : add i3c
2025-01-05 10:09:19,351 [INFO] IPUIPlugin:80 - create IPUIPlugin
2025-01-05 10:09:19,351 [INFO] PluginManager:220 - loadIPPluginJar : add ipddr
2025-01-05 10:09:19,677 [INFO] IPUIPlugin:80 - create IPUIPlugin
2025-01-05 10:09:19,677 [INFO] PluginManager:220 - loadIPPluginJar : add linkedlist
2025-01-05 10:09:19,806 [INFO] IPUIPlugin:80 - create IPUIPlugin
2025-01-05 10:09:19,807 [INFO] PluginManager:220 - loadIPPluginJar : add lorawan
2025-01-05 10:09:19,940 [INFO] IPUIPlugin:80 - create IPUIPlugin
2025-01-05 10:09:19,940 [INFO] PluginManager:220 - loadIPPluginJar : add ltdc
2025-01-05 10:09:19,985 [INFO] IPUIPlugin:80 - create IPUIPlugin
2025-01-05 10:09:19,986 [INFO] PluginManager:220 - loadIPPluginJar : add mdma
2025-01-05 10:09:20,020 [INFO] IPUIPlugin:80 - create IPUIPlugin
2025-01-05 10:09:20,020 [INFO] PluginManager:220 - loadIPPluginJar : add nvic
2025-01-05 10:09:20,140 [INFO] IPUIPlugin:80 - create IPUIPlugin
2025-01-05 10:09:20,141 [INFO] PluginManager:220 - loadIPPluginJar : add opamp
2025-01-05 10:09:20,224 [INFO] ThirdPartyUpdaterWithRetryManager:70 - Updater plugin not ready yet. [3/15]
2025-01-05 10:09:20,371 [INFO] IPUIPlugin:80 - create IPUIPlugin
2025-01-05 10:09:20,371 [INFO] PluginManager:220 - loadIPPluginJar : add openamp
2025-01-05 10:09:20,537 [INFO] IPUIPlugin:80 - create IPUIPlugin
2025-01-05 10:09:20,537 [INFO] PluginManager:220 - loadIPPluginJar : add pdm2pcm
2025-01-05 10:09:20,582 [INFO] IPUIPlugin:80 - create IPUIPlugin
2025-01-05 10:09:20,587 [INFO] PluginManager:220 - loadIPPluginJar : add plateformsettings
2025-01-05 10:09:20,662 [INFO] IPUIPlugin:80 - create IPUIPlugin
2025-01-05 10:09:20,663 [INFO] PluginManager:220 - loadIPPluginJar : add quadspi
2025-01-05 10:09:20,708 [INFO] IPUIPlugin:80 - create IPUIPlugin
2025-01-05 10:09:20,708 [INFO] PluginManager:220 - loadIPPluginJar : add resmgrutility
2025-01-05 10:09:20,883 [INFO] IPUIPlugin:80 - create IPUIPlugin
2025-01-05 10:09:20,883 [INFO] PluginManager:220 - loadIPPluginJar : add sai
2025-01-05 10:09:21,021 [INFO] IPUIPlugin:80 - create IPUIPlugin
2025-01-05 10:09:21,021 [INFO] PluginManager:220 - loadIPPluginJar : add spi
2025-01-05 10:09:21,266 [INFO] IPUIPlugin:80 - create IPUIPlugin
2025-01-05 10:09:21,266 [INFO] PluginManager:220 - loadIPPluginJar : add stm32_wpan
2025-01-05 10:09:21,367 [INFO] IPUIPlugin:80 - create IPUIPlugin
2025-01-05 10:09:21,367 [INFO] PluginManager:220 - loadIPPluginJar : add tim
2025-01-05 10:09:21,602 [INFO] IPUIPlugin:80 - create IPUIPlugin
2025-01-05 10:09:21,602 [INFO] PluginManager:220 - loadIPPluginJar : add touchsensing
2025-01-05 10:09:21,686 [INFO] IPUIPlugin:80 - create IPUIPlugin
2025-01-05 10:09:21,686 [INFO] PluginManager:220 - loadIPPluginJar : add tracer_emb
2025-01-05 10:09:21,775 [INFO] IPUIPlugin:80 - create IPUIPlugin
2025-01-05 10:09:21,776 [INFO] PluginManager:220 - loadIPPluginJar : add ts
2025-01-05 10:09:21,855 [INFO] IPUIPlugin:80 - create IPUIPlugin
2025-01-05 10:09:21,855 [INFO] PluginManager:220 - loadIPPluginJar : add tsc
2025-01-05 10:09:21,932 [INFO] IPUIPlugin:80 - create IPUIPlugin
2025-01-05 10:09:21,933 [INFO] PluginManager:220 - loadIPPluginJar : add ucpd
2025-01-05 10:09:22,093 [INFO] IPUIPlugin:80 - create IPUIPlugin
2025-01-05 10:09:22,093 [INFO] PluginManager:220 - loadIPPluginJar : add usart
2025-01-05 10:09:22,252 [INFO] IPUIPlugin:80 - create IPUIPlugin
2025-01-05 10:09:22,252 [INFO] PluginManager:220 - loadIPPluginJar : add usbx
2025-01-05 10:09:22,479 [INFO] CADModel:165 - CPN selected for project level
2025-01-05 10:09:22,479 [INFO] CADModel:114 - Register for checkConnection events
2025-01-05 10:09:22,480 [FATAL] Updater:308 - Updater called before beeing initialized
2025-01-05 10:09:22,480 [ERROR] CADModel:125 - Updater not yet initialized, retry later 
2025-01-05 10:09:22,954 [INFO] CADModel:165 - CPN selected for project level
2025-01-05 10:09:22,955 [INFO] CADModel:114 - Register for checkConnection events
2025-01-05 10:09:22,955 [FATAL] Updater:308 - Updater called before beeing initialized
2025-01-05 10:09:22,955 [ERROR] CADModel:125 - Updater not yet initialized, retry later 
2025-01-05 10:09:22,967 [FATAL] Updater:308 - Updater called before beeing initialized
2025-01-05 10:09:23,259 [INFO] ThirdPartyUpdaterWithRetryManager:70 - Updater plugin not ready yet. [4/15]
2025-01-05 10:09:23,336 [FATAL] Updater:308 - Updater called before beeing initialized
2025-01-05 10:09:23,359 [INFO] DbMcusAds:53 - JSON generation date=Thu Sep 30 15:55:09 JST 2021 (1632984909247)
2025-01-05 10:09:23,360 [FATAL] Updater:308 - Updater called before beeing initialized
2025-01-05 10:09:23,639 [WARN] DetailPanel:346 - Failed to get advertising image, set to default
2025-01-05 10:09:23,990 [FATAL] Updater:308 - Updater called before beeing initialized
2025-01-05 10:09:23,995 [FATAL] Updater:308 - Updater called before beeing initialized
2025-01-05 10:09:23,996 [FATAL] Updater:308 - Updater called before beeing initialized
2025-01-05 10:09:23,996 [WARN] DetailPanel:346 - Failed to get advertising image, set to default
2025-01-05 10:09:23,998 [FATAL] Updater:308 - Updater called before beeing initialized
2025-01-05 10:09:24,220 [ERROR] Updater:1120 - MainUpdater not yet initialized. External WinMGr cannot be set.
2025-01-05 10:09:24,265 [INFO] Updater:1056 - Updater Version found : 6.9.1
2025-01-05 10:09:24,333 [INFO] ApplicationProperties:184 - Using Application install path: C:\ST\STM32CubeIDE_1.4.0\STM32CubeIDE\plugins\com.st.stm32cube.common.mx_6.9.1.202307191849
2025-01-05 10:09:24,798 [INFO] MainUpdater:2868 - connection check result : 10
2025-01-05 10:09:24,799 [INFO] MainUpdater:285 - Updater Check For Update Now.
2025-01-05 10:09:24,800 [INFO] MicroXplorer:498 - Change Database Version : DB.6.0.91
2025-01-05 10:09:24,850 [INFO] McuFinderGlobals:63 - Set McuFinder mode to 2 (CubeIDE integrated)
2025-01-05 10:09:24,851 [INFO] UserAuth:179 - activating auth plugin
2025-01-05 10:09:24,859 [INFO] UserAuth:393 - Internet connection configuration mode: 1
2025-01-05 10:09:24,914 [INFO] JxBrowserEngine:151 - Initiate JxBrowser Engine with user profile folder
2025-01-05 10:09:25,225 [INFO] CheckServerUpdateThread:120 - End of CheckServer Thread
2025-01-05 10:09:27,467 [WARN] PackLoader:240 - Cannot read IP mode file for STMicroelectronics.FP-SNS-MOTENVWB1.1.4.0
2025-01-05 10:09:27,509 [WARN] PackLoader:240 - Cannot read IP mode file for STMicroelectronics.FP-ATR-ASTRA1.2.0.1
2025-01-05 10:09:27,552 [WARN] PackLoader:240 - Cannot read IP mode file for STMicroelectronics.X-CUBE-SMBUS.2.1.0
2025-01-05 10:09:27,608 [INFO] WebApp:157 - Instantiating new browser for Auth
2025-01-05 10:09:27,644 [WARN] PackLoader:240 - Cannot read IP mode file for STMicroelectronics.X-CUBE-WB05N.1.1.0
2025-01-05 10:09:27,794 [WARN] PackLoader:240 - Cannot read IP mode file for STMicroelectronics.X-CUBE-TOUCHGFX.4.23.0
2025-01-05 10:09:27,804 [WARN] PackLoader:240 - Cannot read IP mode file for STMicroelectronics.X-CUBE-TOUCHGFX.4.23.2
2025-01-05 10:09:28,091 [WARN] PackLoader:240 - Cannot read IP mode file for STMicroelectronics.X-CUBE-AZRTOS-F7.1.1.0
2025-01-05 10:09:28,237 [ERROR] RealEvaluatedCondition:428 - Found unsupported composite condition: CLASS='Data Exchange' GROUP='STM32_MetaDataManager'
2025-01-05 10:09:28,243 [ERROR] RealEvaluatedCondition:428 - Found unsupported composite condition: CLASS='Data Exchange' GROUP='STM32_MetaDataManager'
2025-01-05 10:09:28,253 [WARN] PackLoader:240 - Cannot read IP mode file for STMicroelectronics.FP-SNS-MOTENV1.4.3.0
2025-01-05 10:09:28,322 [WARN] PackLoader:240 - Cannot read IP mode file for STMicroelectronics.FP-SNS-MOTENV1.4.3.2
2025-01-05 10:09:28,352 [WARN] PackLoader:240 - Cannot read IP mode file for STMicroelectronics.FP-SNS-FLIGHT1.5.0.0
2025-01-05 10:09:28,363 [ERROR] RealEvaluatedCondition:428 - Found unsupported composite condition: CLASS='Data Exchange' GROUP='STM32_MetaDataManager'
2025-01-05 10:09:28,363 [ERROR] RealEvaluatedCondition:428 - Found unsupported composite condition: GROUP='STM32_MetaDataManager' CLASS='Data Exchange'
2025-01-05 10:09:28,370 [WARN] PackLoader:240 - Cannot read IP mode file for STMicroelectronics.FP-SNS-MOTENV1.4.3.1
2025-01-05 10:09:28,397 [WARN] PackLoader:240 - Cannot read IP mode file for STMicroelectronics.FP-SNS-FLIGHT1.5.0.1
2025-01-05 10:09:28,778 [WARN] PackLoader:240 - Cannot read IP mode file for STMicroelectronics.X-CUBE-MEMS1.11.0.0
2025-01-05 10:09:29,570 [WARN] PackLoader:240 - Cannot read IP mode file for STMicroelectronics.X-CUBE-BLE1.6.2.4
2025-01-05 10:09:29,693 [WARN] PackLoader:240 - Cannot read IP mode file for STMicroelectronics.FP-SNS-FLIGHT1.5.0.2
2025-01-05 10:09:29,723 [WARN] PackLoader:240 - Cannot read IP mode file for STMicroelectronics.X-CUBE-DISPLAY.3.0.0
2025-01-05 10:09:29,806 [WARN] PackLoader:240 - Cannot read IP mode file for STMicroelectronics.X-CUBE-BLE1.7.0.0
2025-01-05 10:09:29,827 [WARN] PackLoader:240 - Cannot read IP mode file for STMicroelectronics.X-CUBE-NFC10.1.0.0
2025-01-05 10:09:30,019 [ERROR] Engine:466 - C:\Users\Minh\.stm32cubemx\thirdparties\pdsc\STMicroelectronics.X-CUBE-BLEMGR.4.0.0.pdsc: PDSC version is not supported
2025-01-05 10:09:30,027 [WARN] PackLoader:240 - Cannot read IP mode file for STMicroelectronics.X-CUBE-TOUCHGFX.4.22.0
2025-01-05 10:09:30,037 [WARN] PackLoader:240 - Cannot read IP mode file for STMicroelectronics.X-CUBE-TOUCHGFX.4.22.1
2025-01-05 10:09:30,243 [WARN] PackLoader:240 - Cannot read IP mode file for STMicroelectronics.X-CUBE-BLEMGR.3.1.0
2025-01-05 10:09:30,364 [WARN] PackLoader:240 - Cannot read IP mode file for STMicroelectronics.FP-SNS-SMARTAG2.1.2.0
2025-01-05 10:09:30,610 [WARN] PackLoader:240 - Cannot read IP mode file for STMicroelectronics.X-CUBE-MEMS1.11.1.0
2025-01-05 10:09:31,426 [INFO] LogOutputStream:77 - [STDOUT_REDIRECT] 1 : Invalid condition id : UX_CORESTACK_Condition cause : null
2025-01-05 10:09:31,428 [INFO] LogOutputStream:77 - [STDOUT_REDIRECT] 1 : Invalid condition id : UX_CORESTACK_Condition cause : null
2025-01-05 10:09:31,433 [INFO] LogOutputStream:77 - [STDOUT_REDIRECT] 1 : Invalid condition id : UX_CORESTACK_Condition cause : null
2025-01-05 10:09:31,438 [INFO] LogOutputStream:77 - [STDOUT_REDIRECT] 1 : Invalid condition id : UX_CORESTACK_Condition cause : null
2025-01-05 10:09:31,443 [INFO] LogOutputStream:77 - [STDOUT_REDIRECT] 1 : Invalid condition id : UX_CORESTACK_Condition cause : null
2025-01-05 10:09:31,453 [WARN] PackLoader:240 - Cannot read IP mode file for STMicroelectronics.X-CUBE-AZRTOS-WL.2.0.0
2025-01-05 10:09:31,488 [WARN] PackLoader:240 - Cannot read IP mode file for STMicroelectronics.FP-SNS-MOTENV1.5.0.0
2025-01-05 10:09:31,529 [WARN] PackLoader:240 - Cannot read IP mode file for wolfSSL.I-CUBE-wolfMQTT.1.19.0
2025-01-05 10:09:31,552 [WARN] PackLoader:240 - Cannot read IP mode file for WES.I-CUBE-Cesium.1.3.0
2025-01-05 10:09:31,577 [WARN] PackLoader:240 - Cannot read IP mode file for STMicroelectronics.X-CUBE-BLE2.3.3.0
2025-01-05 10:09:31,605 [WARN] PackLoader:240 - Cannot read IP mode file for STMicroelectronics.X-CUBE-TOF1.3.2.0
2025-01-05 10:09:31,638 [WARN] PackLoader:240 - Cannot read IP mode file for STMicroelectronics.X-CUBE-NFC9.1.0.0
2025-01-05 10:09:31,839 [WARN] PackLoader:240 - Cannot read IP mode file for STMicroelectronics.X-CUBE-TCPP.4.1.0
2025-01-05 10:09:31,857 [WARN] PackLoader:240 - Cannot read IP mode file for STMicroelectronics.X-CUBE-TOUCHGFX.4.21.1
2025-01-05 10:09:31,882 [WARN] PackLoader:240 - Cannot read IP mode file for STMicroelectronics.X-CUBE-TOUCHGFX.4.21.3
2025-01-05 10:09:31,953 [WARN] PackLoader:240 - Cannot read IP mode file for STMicroelectronics.X-CUBE-TOUCHGFX.4.21.4
2025-01-05 10:09:31,986 [WARN] PackLoader:240 - Cannot read IP mode file for STMicroelectronics.X-CUBE-ALGOBUILD.1.3.0
2025-01-05 10:09:32,056 [WARN] PackLoader:240 - Cannot read IP mode file for STMicroelectronics.X-CUBE-AZRTOS-G0.1.1.0
2025-01-05 10:09:32,085 [INFO] WebApp:753 - Register for checkConnection events
2025-01-05 10:09:32,086 [INFO] WebApp:390 - Apply proxy settings
2025-01-05 10:09:32,086 [INFO] WebApp:475 - Chromium requires no authentication
2025-01-05 10:09:32,126 [INFO] WebApp:418 - Direct internet connection detected
2025-01-05 10:09:32,126 [WARN] PackLoader:240 - Cannot read IP mode file for STMicroelectronics.X-CUBE-SAFEA1.1.2.2
2025-01-05 10:09:32,157 [WARN] PackLoader:240 - Cannot read IP mode file for STMicroelectronics.X-CUBE-NFC4.3.0.0
2025-01-05 10:09:32,178 [ERROR] Engine:466 - C:\Users\Minh\.stm32cubemx\thirdparties\pdsc\EmbeddedOffice.I-CUBE-FS-RTOS.1.0.1.pdsc: PDSC version is not supported
2025-01-05 10:09:32,206 [WARN] PackLoader:240 - Cannot read IP mode file for STMicroelectronics.X-CUBE-BLEMGR.3.0.0
2025-01-05 10:09:32,224 [ERROR] Engine:466 - C:\Users\Minh\.stm32cubemx\thirdparties\pdsc\STMicroelectronics.X-CUBE-TCPP.4.2.0.pdsc: PDSC version is not supported
2025-01-05 10:09:32,234 [ERROR] Engine:466 - C:\Users\Minh\.stm32cubemx\thirdparties\pdsc\RealThread.X-CUBE-RT-Thread_Nano.4.1.1.pdsc: PDSC version is not supported
2025-01-05 10:09:32,246 [WARN] PackLoader:240 - Cannot read IP mode file for STMicroelectronics.FP-ATR-SIGFOX1.3.2.0
2025-01-05 10:09:32,257 [ERROR] Engine:466 - C:\Users\Minh\.stm32cubemx\thirdparties\pdsc\quantropi.X-CUBE-qispace-sdk-base.1.9.3.pdsc: PDSC version is not supported
2025-01-05 10:09:32,284 [WARN] PackLoader:240 - Cannot read IP mode file for STMicroelectronics.X-CUBE-EEPRMA1.5.1.0
2025-01-05 10:09:32,501 [WARN] PackLoader:240 - Cannot read IP mode file for STMicroelectronics.X-CUBE-MEMS1.9.5.0
2025-01-05 10:09:32,920 [INFO] WebApp:188 - Starting web application
2025-01-05 10:09:32,921 [INFO] WebApp:520 - Web application path used C:\ST\STM32CubeIDE_1.4.0\STM32CubeIDE\plugins\com.st.stm32cube.common.mx_6.9.1.202307191849\db\plugins\mcufinder\reactClient1\index.html
2025-01-05 10:09:33,448 [WARN] PackLoader:240 - Cannot read IP mode file for SEGGER.I-CUBE-embOS.1.3.1
2025-01-05 10:09:33,697 [WARN] PackLoader:240 - Cannot read IP mode file for STMicroelectronics.X-CUBE-ALGOBUILD.1.4.0
2025-01-05 10:09:33,712 [WARN] PackLoader:240 - Cannot read IP mode file for STMicroelectronics.X-CUBE-AI.9.1.0
2025-01-05 10:09:33,724 [WARN] PackLoader:240 - Cannot read IP mode file for STMicroelectronics.X-CUBE-GNSS1.6.0.0
2025-01-05 10:09:33,779 [WARN] PackLoader:240 - Cannot read IP mode file for STMicroelectronics.X-CUBE-AZRTOS-F4.1.1.0
2025-01-05 10:09:33,904 [WARN] PackLoader:240 - Cannot read IP mode file for STMicroelectronics.X-CUBE-ISPU.2.1.0
2025-01-05 10:09:33,946 [WARN] PackLoader:240 - Cannot read IP mode file for STMicroelectronics.X-CUBE-FREERTOS.1.2.0
2025-01-05 10:09:34,053 [WARN] PackLoader:240 - Cannot read IP mode file for STMicroelectronics.X-CUBE-AZRTOS-L5.2.0.0
2025-01-05 10:09:34,243 [WARN] PackLoader:240 - Cannot read IP mode file for STMicroelectronics.X-CUBE-MEMS1.9.6.0
2025-01-05 10:09:35,118 [WARN] PackLoader:240 - Cannot read IP mode file for STMicroelectronics.X-CUBE-EEPRMA1.4.2.0
2025-01-05 10:09:35,162 [WARN] PackLoader:240 - Cannot read IP mode file for STMicroelectronics.X-CUBE-NFC6.3.1.0
2025-01-05 10:09:35,220 [WARN] PackLoader:240 - Cannot read IP mode file for ITTIA_DB.I-CUBE-ITTIADB.8.8.0
2025-01-05 10:09:35,241 [WARN] PackLoader:240 - Cannot read IP mode file for emotas.I-CUBE-CANOPEN.1.1.3
2025-01-05 10:09:35,316 [WARN] PackLoader:240 - Cannot read IP mode file for STMicroelectronics.X-CUBE-BLEMGR.2.0.0
2025-01-05 10:09:35,574 [ERROR] Engine:466 - C:\Users\Minh\.stm32cubemx\thirdparties\pdsc\STMicroelectronics.X-CUBE-DPower.1.2.0.pdsc: PDSC version is not supported
2025-01-05 10:09:35,608 [WARN] PackLoader:240 - Cannot read IP mode file for STMicroelectronics.X-CUBE-AI.9.0.0
2025-01-05 10:09:35,709 [WARN] ConditionMgr:438 - getConditionDescription Invalid condition id : UX DEVICE CLASS RTOS Condition cause : null
2025-01-05 10:09:35,709 [WARN] ConditionMgr:438 - getConditionDescription Invalid condition id : UX DEVICE CLASS RTOS Condition cause : null
2025-01-05 10:09:35,716 [WARN] PackLoader:240 - Cannot read IP mode file for STMicroelectronics.X-CUBE-AZRTOS-H7.3.1.0
2025-01-05 10:09:35,719 [WARN] ConditionMgr:1039 - genDependencies : Invalid condition id : UX DEVICE CLASS RTOS Condition cause : null
2025-01-05 10:09:35,719 [WARN] ConditionMgr:1039 - genDependencies : Invalid condition id : UX DEVICE CLASS RTOS Condition cause : null
2025-01-05 10:09:35,722 [WARN] ConditionMgr:1039 - genDependencies : Invalid condition id : UX DEVICE CLASS RTOS Condition cause : null
2025-01-05 10:09:35,727 [WARN] ConditionMgr:1039 - genDependencies : Invalid condition id : UX DEVICE CLASS RTOS Condition cause : null
2025-01-05 10:09:35,728 [WARN] ConditionMgr:1039 - genDependencies : Invalid condition id : UX DEVICE CLASS RTOS Condition cause : null
2025-01-05 10:09:35,742 [WARN] PackLoader:240 - Cannot read IP mode file for wolfSSL.I-CUBE-wolfSSL.5.5.4
2025-01-05 10:09:35,751 [WARN] PackLoader:240 - Cannot read IP mode file for STMicroelectronics.X-CUBE-FREERTOS.1.3.0
2025-01-05 10:09:35,795 [WARN] PackLoader:240 - Cannot read IP mode file for STMicroelectronics.X-CUBE-NFC7.1.0.1
2025-01-05 10:09:35,837 [WARN] PackLoader:240 - Cannot read IP mode file for STMicroelectronics.X-CUBE-NFC7.1.0.0
2025-01-05 10:09:35,849 [WARN] PackLoader:240 - Cannot read IP mode file for wolfSSL.I-CUBE-wolfTPM.3.2.0
2025-01-05 10:09:35,871 [WARN] PackLoader:240 - Cannot read IP mode file for STMicroelectronics.X-CUBE-NFC6.3.0.0
2025-01-05 10:09:35,926 [WARN] PackLoader:240 - Cannot read IP mode file for STMicroelectronics.X-CUBE-EEPRMA1.4.1.0
2025-01-05 10:09:35,936 [WARN] PackLoader:240 - Cannot read IP mode file for STMicroelectronics.X-CUBE-AI.8.1.0
2025-01-05 10:09:36,012 [WARN] ConditionMgr:438 - getConditionDescription Invalid condition id : LAN8742 Phy interface Condition cause : null
2025-01-05 10:09:36,014 [WARN] PackLoader:240 - Cannot read IP mode file for STMicroelectronics.X-CUBE-AZRTOS-L4.2.0.0
2025-01-05 10:09:36,016 [WARN] ConditionMgr:1039 - genDependencies : Invalid condition id : LAN8742 Phy interface Condition cause : null
2025-01-05 10:09:36,017 [WARN] ConditionMgr:1039 - genDependencies : Invalid condition id : LAN8742 Phy interface Condition cause : null
2025-01-05 10:09:36,019 [WARN] ConditionMgr:1039 - genDependencies : Invalid condition id : LAN8742 Phy interface Condition cause : null
2025-01-05 10:09:36,077 [WARN] PackLoader:240 - Cannot read IP mode file for STMicroelectronics.X-CUBE-SFXS2LP1.4.0.0
2025-01-05 10:09:36,137 [WARN] PackLoader:240 - Cannot read IP mode file for STMicroelectronics.X-CUBE-AZRTOS-H7.3.0.0
2025-01-05 10:09:36,163 [WARN] PackLoader:240 - Cannot read IP mode file for STMicroelectronics.X-CUBE-ISPU.1.1.0
2025-01-05 10:09:36,236 [WARN] PackLoader:240 - Cannot read IP mode file for STMicroelectronics.X-CUBE-AZRTOS-H7.3.3.0
2025-01-05 10:09:36,266 [WARN] PackLoader:240 - Cannot read IP mode file for RoweBots.I-CUBE-UNISONRTOS.5.5.0-4
2025-01-05 10:09:36,278 [WARN] PackLoader:240 - Cannot read IP mode file for STMicroelectronics.X-CUBE-AI.8.0.0
2025-01-05 10:09:36,289 [ERROR] Engine:466 - C:\Users\Minh\.stm32cubemx\thirdparties\pdsc\STMicroelectronics.X-CUBE-IPS.3.0.0.pdsc: PDSC version is not supported
2025-01-05 10:09:36,325 [WARN] ConditionMgr:438 - getConditionDescription Invalid condition id : UX DEVICE CLASS RTOS Condition cause : null
2025-01-05 10:09:36,325 [WARN] ConditionMgr:438 - getConditionDescription Invalid condition id : UX DEVICE CLASS RTOS Condition cause : null
2025-01-05 10:09:36,330 [WARN] PackLoader:240 - Cannot read IP mode file for STMicroelectronics.X-CUBE-AZRTOS-WB.2.0.0
2025-01-05 10:09:36,332 [WARN] ConditionMgr:1039 - genDependencies : Invalid condition id : UX DEVICE CLASS RTOS Condition cause : null
2025-01-05 10:09:36,332 [WARN] ConditionMgr:1039 - genDependencies : Invalid condition id : UX DEVICE CLASS RTOS Condition cause : null
2025-01-05 10:09:36,333 [WARN] ConditionMgr:1039 - genDependencies : Invalid condition id : UX DEVICE CLASS RTOS Condition cause : null
2025-01-05 10:09:36,334 [WARN] ConditionMgr:1039 - genDependencies : Invalid condition id : UX DEVICE CLASS RTOS Condition cause : null
2025-01-05 10:09:36,334 [WARN] ConditionMgr:1039 - genDependencies : Invalid condition id : UX DEVICE CLASS RTOS Condition cause : null
2025-01-05 10:09:36,350 [WARN] PackLoader:240 - Cannot read IP mode file for STMicroelectronics.X-CUBE-FREERTOS.1.0.0
2025-01-05 10:09:36,362 [WARN] PackLoader:240 - Cannot read IP mode file for STMicroelectronics.X-CUBE-FREERTOS.1.0.1
2025-01-05 10:09:36,373 [WARN] PackLoader:240 - Cannot read IP mode file for STMicroelectronics.X-CUBE-GNSS1.7.0.0
2025-01-05 10:09:36,392 [WARN] PackLoader:240 - Cannot read IP mode file for STMicroelectronics.X-CUBE-GNSS1.7.0.1
2025-01-05 10:09:36,403 [ERROR] Engine:466 - C:\Users\Minh\.stm32cubemx\thirdparties\pdsc\STMicroelectronics.FP-SNS-STBOX1.2.0.0.pdsc: PDSC version is not supported
2025-01-05 10:09:36,445 [WARN] PackLoader:240 - Cannot read IP mode file for STMicroelectronics.X-CUBE-AZRTOS-L5.1.1.0
2025-01-05 10:09:36,461 [WARN] PackLoader:240 - Cannot read IP mode file for STMicroelectronics.X-CUBE-AI.8.0.1
2025-01-05 10:09:36,486 [WARN] PackLoader:240 - Cannot read IP mode file for STMicroelectronics.X-CUBE-SUBG2.5.0.0
2025-01-05 10:09:36,511 [WARN] PackLoader:240 - Cannot read IP mode file for Cesanta.I-CUBE-Mongoose.7.13.0
2025-01-05 10:09:36,534 [WARN] PackLoader:240 - Cannot read IP mode file for STMicroelectronics.X-CUBE-TOF1.3.3.1
2025-01-05 10:09:36,591 [WARN] PackLoader:240 - Cannot read IP mode file for STMicroelectronics.X-CUBE-AZRTOS-G4.2.0.0
2025-01-05 10:09:36,618 [WARN] PackLoader:240 - Cannot read IP mode file for STMicroelectronics.X-CUBE-TOF1.3.3.0
2025-01-05 10:09:36,643 [WARN] PackLoader:240 - Cannot read IP mode file for STMicroelectronics.FP-ATR-ASTRA1.1.1.1
2025-01-05 10:09:36,676 [WARN] PackLoader:240 - Cannot read IP mode file for Infineon.AIROC-Wi-Fi-Bluetooth-STM32.1.5.1
2025-01-05 10:09:36,694 [WARN] PackLoader:240 - Cannot read IP mode file for STMicroelectronics.FP-SNS-MOTENVWB1.1.3.0
2025-01-05 10:09:36,704 [WARN] PackLoader:240 - Cannot read IP mode file for STMicroelectronics.FP-SNS-MOTENVWB1.1.3.1
2025-01-05 10:09:36,735 [WARN] PackLoader:240 - Cannot read IP mode file for STMicroelectronics.X-CUBE-AZRTOS-G4.1.0.0
2025-01-05 10:09:36,780 [WARN] PackLoader:240 - Cannot read IP mode file for STMicroelectronics.X-CUBE-AZRTOS-L4.1.0.0
2025-01-05 10:09:36,802 [WARN] PackLoader:240 - Cannot read IP mode file for STMicroelectronics.X-CUBE-ISPU.2.0.0
2025-01-05 10:09:36,813 [WARN] PackLoader:240 - Cannot read IP mode file for STMicroelectronics.X-CUBE-ALS.1.0.2
2025-01-05 10:09:36,967 [WARN] PackLoader:240 - Cannot read IP mode file for STMicroelectronics.X-CUBE-MEMS1.10.0.0
2025-01-05 10:09:37,373 [WARN] PackLoader:240 - Cannot read IP mode file for STMicroelectronics.X-CUBE-FREERTOS.1.1.0
2025-01-05 10:09:37,382 [WARN] PackLoader:240 - Cannot read IP mode file for STMicroelectronics.X-CUBE-TOUCHGFX.4.24.0
2025-01-05 10:09:37,407 [WARN] PackLoader:240 - Cannot read IP mode file for STMicroelectronics.X-CUBE-AZRTOS-WL.1.0.0
2025-01-05 10:09:37,416 [WARN] PackLoader:240 - Cannot read IP mode file for STMicroelectronics.X-CUBE-TOUCHGFX.4.24.1
2025-01-05 10:09:37,433 [WARN] PackLoader:240 - Cannot read IP mode file for portGmbH.I-Cube-SoM-uGOAL.1.1.0
2025-01-05 10:09:37,444 [WARN] PackLoader:240 - Cannot read IP mode file for STMicroelectronics.X-CUBE-ALS.1.0.1
2025-01-05 10:09:37,483 [WARN] PackLoader:240 - Cannot read IP mode file for STMicroelectronics.X-CUBE-AZRTOS-WB.1.1.0
2025-01-05 10:09:37,545 [WARN] PackLoader:240 - Cannot read IP mode file for STMicroelectronics.X-CUBE-AZRTOS-H7RS.1.0.0
2025-01-05 10:09:37,559 [WARN] PackLoader:240 - Cannot read IP mode file for STMicroelectronics.FP-ATR-ASTRA1.2.0.0
2025-01-05 10:09:37,571 [ERROR] Engine:466 - C:\Users\Minh\.stm32cubemx\thirdparties\pdsc\STMicroelectronics.X-CUBE-TOF1.3.4.2.pdsc: PDSC version is not supported
2025-01-05 10:09:37,591 [WARN] PackLoader:240 - Cannot read IP mode file for STMicroelectronics.X-CUBE-TOF1.3.4.0
2025-01-05 10:09:37,629 [WARN] PackLoader:240 - Cannot read IP mode file for STMicroelectronics.X-CUBE-TOF1.3.4.1
2025-01-05 10:09:37,747 [WARN] PackLoader:240 - Cannot read IP mode file for STMicroelectronics.X-CUBE-AZRTOS-H7.3.2.0
2025-01-05 10:09:37,817 [WARN] PackLoader:240 - Cannot read IP mode file for wolfSSL.I-CUBE-wolfSSH.1.4.17
2025-01-05 10:09:37,822 [INFO] ThirdParty:978 - Integrity check success = true
2025-01-05 10:09:37,822 [INFO] IntegrityCheckThread:100 - exiting critical section [integrity check]
2025-01-05 10:09:37,822 [INFO] IntegrityCheckThread:103 - End integrity checks thread
2025-01-05 10:39:24,277 [ERROR] LogOutputStream:75 - [STDERR_REDIRECT] SLF4J: Failed to load class "org.slf4j.impl.StaticLoggerBinder".
2025-01-05 10:39:24,279 [ERROR] LogOutputStream:75 - [STDERR_REDIRECT] SLF4J: Defaulting to no-operation (NOP) logger implementation
2025-01-05 10:39:24,282 [ERROR] LogOutputStream:75 - [STDERR_REDIRECT] SLF4J: See http://www.slf4j.org/codes.html#StaticLoggerBinder for further details.
