2025-01-07 19:36:02,440 [INFO] Activator:176 - 


2025-01-07 19:36:02,449 [INFO] Activator:177 - !SESSION log4j initialized
2025-01-07 19:36:11,276 [INFO] LogOutputStream:77 - [STDOUT_REDIRECT] 
2025-01-07 19:36:18,352 [INFO] ApplicationProperties:184 - Using Application install path: C:\ST\STM32CubeIDE_1.4.0\STM32CubeIDE\plugins\com.st.stm32cube.common.mx_6.9.1.202307191849
2025-01-07 19:36:18,381 [INFO] DbMcusXml:78 - Set database path to: C:\ST\STM32CubeIDE_1.4.0\STM32CubeIDE\plugins\com.st.stm32cube.common.mx_6.9.1.202307191849\\db\/mcu/
2025-01-07 19:36:18,381 [INFO] ApiDb:274 - Set plugin database path to: C:\ST\STM32CubeIDE_1.4.0\STM32CubeIDE\plugins\com.st.stm32cube.common.mx_6.9.1.202307191849\\db\/plugins/boardmanager/
2025-01-07 19:36:18,382 [WARN] ApiDb:259 - Overriding images path with different value:  => C:\ST\STM32CubeIDE_1.4.0\STM32CubeIDE\plugins\com.st.stm32cube.common.mx_6.9.1.202307191849\\db\/plugins/mcufinder/images/
2025-01-07 19:36:18,404 [INFO] ApiDb:250 - Set database path to: C:\Users\Minh\.stmcufinder\plugins\mcufinder//mcu/
2025-01-07 19:36:18,406 [INFO] DbMcusAds:125 - Set database path to: C:\Users\Minh\.stmcufinder\plugins\mcufinder//mcu/
2025-01-07 19:36:18,408 [INFO] CrossReferenceDbSqlite:203 - Set database path to: C:\Users\Minh\.stmcufinder\plugins\mcufinder//mcu/cs/
2025-01-07 19:36:18,681 [INFO] RulesReader:64 - Compatibility file has been processed (293 Rules)
2025-01-07 19:36:19,000 [INFO] DbMcusXml:78 - Set database path to: C:\ST\STM32CubeIDE_1.4.0\STM32CubeIDE\plugins\com.st.stm32cube.common.mx_6.9.1.202307191849\\db\/mcu/
2025-01-07 19:36:19,000 [INFO] ApiDb:274 - Set plugin database path to: C:\ST\STM32CubeIDE_1.4.0\STM32CubeIDE\plugins\com.st.stm32cube.common.mx_6.9.1.202307191849\\db\/plugins/boardmanager/
2025-01-07 19:36:19,000 [INFO] ApiDb:261 - Set plugin images path to: C:\ST\STM32CubeIDE_1.4.0\STM32CubeIDE\plugins\com.st.stm32cube.common.mx_6.9.1.202307191849\\db\/plugins/mcufinder/images/
2025-01-07 19:36:19,000 [WARN] DbFile:41 - Overriding database path with different value: C:\Users\Minh\.stmcufinder\plugins\mcufinder/ => C:\Users\Minh\.stmcufinder\plugins\mcufinder
2025-01-07 19:36:19,001 [INFO] ApiDb:250 - Set database path to: C:\Users\Minh\.stmcufinder\plugins\mcufinder//mcu/
2025-01-07 19:36:19,001 [WARN] DbFile:41 - Overriding database path with different value: C:\Users\Minh\.stmcufinder\plugins\mcufinder/ => C:\Users\Minh\.stmcufinder\plugins\mcufinder
2025-01-07 19:36:19,001 [INFO] DbMcusAds:125 - Set database path to: C:\Users\Minh\.stmcufinder\plugins\mcufinder//mcu/
2025-01-07 19:36:19,001 [WARN] DbFile:41 - Overriding database path with different value: C:\Users\Minh\.stmcufinder\plugins\mcufinder/ => C:\Users\Minh\.stmcufinder\plugins\mcufinder
2025-01-07 19:36:19,001 [WARN] DbFile:41 - Overriding database path with different value: C:\Users\Minh\.stmcufinder\plugins\mcufinder/ => C:\Users\Minh\.stmcufinder\plugins\mcufinder
2025-01-07 19:36:19,001 [INFO] CrossReferenceDbSqlite:203 - Set database path to: C:\Users\Minh\.stmcufinder\plugins\mcufinder//mcu/cs/
2025-01-07 19:36:19,113 [INFO] MainPanel:262 - HeapMemory: 268435456
2025-01-07 19:36:19,252 [INFO] DbMcusXml:78 - Set database path to: C:\ST\STM32CubeIDE_1.4.0\STM32CubeIDE\plugins\com.st.stm32cube.common.mx_6.9.1.202307191849\\db\/mcu/
2025-01-07 19:36:19,252 [INFO] ApiDb:274 - Set plugin database path to: C:\ST\STM32CubeIDE_1.4.0\STM32CubeIDE\plugins\com.st.stm32cube.common.mx_6.9.1.202307191849\\db\/plugins/boardmanager/
2025-01-07 19:36:19,253 [INFO] ApiDb:261 - Set plugin images path to: C:\ST\STM32CubeIDE_1.4.0\STM32CubeIDE\plugins\com.st.stm32cube.common.mx_6.9.1.202307191849\\db\/plugins/mcufinder/images/
2025-01-07 19:36:19,254 [WARN] DbFile:41 - Overriding database path with different value: C:\Users\Minh\.stmcufinder\plugins\mcufinder/ => C:\Users\Minh\.stmcufinder\plugins\mcufinder
2025-01-07 19:36:19,254 [INFO] ApiDb:250 - Set database path to: C:\Users\Minh\.stmcufinder\plugins\mcufinder//mcu/
2025-01-07 19:36:19,254 [WARN] DbFile:41 - Overriding database path with different value: C:\Users\Minh\.stmcufinder\plugins\mcufinder/ => C:\Users\Minh\.stmcufinder\plugins\mcufinder
2025-01-07 19:36:19,254 [INFO] DbMcusAds:125 - Set database path to: C:\Users\Minh\.stmcufinder\plugins\mcufinder//mcu/
2025-01-07 19:36:19,254 [WARN] DbFile:41 - Overriding database path with different value: C:\Users\Minh\.stmcufinder\plugins\mcufinder/ => C:\Users\Minh\.stmcufinder\plugins\mcufinder
2025-01-07 19:36:19,254 [WARN] DbFile:41 - Overriding database path with different value: C:\Users\Minh\.stmcufinder\plugins\mcufinder/ => C:\Users\Minh\.stmcufinder\plugins\mcufinder
2025-01-07 19:36:19,254 [INFO] CrossReferenceDbSqlite:203 - Set database path to: C:\Users\Minh\.stmcufinder\plugins\mcufinder//mcu/cs/
2025-01-07 19:36:19,278 [INFO] ApplicationProperties:184 - Using Application install path: C:\ST\STM32CubeIDE_1.4.0\STM32CubeIDE\plugins\com.st.stm32cube.common.mx_6.9.1.202307191849
2025-01-07 19:36:19,281 [INFO] PluginManage:196 - Search for loadable plugins [exclusion list=, ]
2025-01-07 19:36:19,284 [INFO] PluginManage:310 - Check plugin analytics
2025-01-07 19:36:24,135 [INFO] AnalyticsPlugin:253 - Accepted Software Licenses: STM32CubeMX.6.0.0,STM32CubeMX.5.2.0
2025-01-07 19:36:24,136 [INFO] AnalyticsPlugin:255 - Accepted CMSIS Pack Licenses: 
2025-01-07 19:36:24,136 [INFO] AnalyticsPlugin:257 - Accepted Firmware Licenses: FW.F4.1.27.0
2025-01-07 19:36:24,140 [INFO] PluginManage:359 - Loaded plugin analytics (category:tool,tabindex:-1)
2025-01-07 19:36:24,140 [INFO] PluginManage:310 - Check plugin cadmodel
2025-01-07 19:36:24,170 [INFO] CADModel:105 - Init CAD model plugin
2025-01-07 19:36:24,170 [INFO] PluginManage:359 - Loaded plugin cadmodel (category:power,tabindex:5)
2025-01-07 19:36:24,170 [INFO] PluginManage:310 - Check plugin clock
2025-01-07 19:36:24,202 [INFO] PluginManage:359 - Loaded plugin clock (category:base,tabindex:2)
2025-01-07 19:36:24,202 [INFO] PluginManage:310 - Check plugin ddr
2025-01-07 19:36:24,206 [INFO] PluginManage:359 - Loaded plugin ddr (category:tool,tabindex:6)
2025-01-07 19:36:24,206 [INFO] PluginManage:310 - Check plugin filemanager
2025-01-07 19:36:24,385 [INFO] PluginManage:359 - Loaded plugin filemanager (category:base,tabindex:10)
2025-01-07 19:36:24,385 [INFO] PluginManage:310 - Check plugin ipmanager
2025-01-07 19:36:24,395 [INFO] PluginManage:359 - Loaded plugin ipmanager (category:base,tabindex:5)
2025-01-07 19:36:24,395 [INFO] PluginManage:310 - Check plugin lpbam
2025-01-07 19:36:24,418 [INFO] PluginManage:359 - Loaded plugin lpbam (category:base,tabindex:0)
2025-01-07 19:36:24,418 [INFO] PluginManage:310 - Check plugin memorymap
2025-01-07 19:36:24,446 [INFO] PluginManage:359 - Loaded plugin memorymap (category:base,tabindex:4)
2025-01-07 19:36:24,447 [INFO] PluginManage:310 - Check plugin pinoutandconfiguration
2025-01-07 19:36:24,467 [INFO] PluginManage:359 - Loaded plugin pinoutandconfiguration (category:base,tabindex:1)
2025-01-07 19:36:24,467 [INFO] PluginManage:310 - Check plugin pinoutconfig
2025-01-07 19:36:24,626 [WARN] SupportedApi:132 - Cannot load RTOS API schema: s4s-elt-must-match.1: The content of 'definitions' must match (annotation?, (simpleType | complexType)?, (unique | key | keyref)*)). A problem was found starting at: attribute.
2025-01-07 19:36:24,771 [INFO] PluginManage:359 - Loaded plugin pinoutconfig (category:base,tabindex:0)
2025-01-07 19:36:24,771 [INFO] PluginManage:310 - Check plugin power
2025-01-07 19:36:24,798 [INFO] PluginManage:359 - Loaded plugin power (category:power,tabindex:4)
2025-01-07 19:36:24,798 [INFO] PluginManage:310 - Check plugin projectmanager
2025-01-07 19:36:24,814 [INFO] PluginManage:359 - Loaded plugin projectmanager (category:projectmanager,tabindex:3)
2025-01-07 19:36:24,814 [INFO] PluginManage:310 - Check plugin thirdparty
2025-01-07 19:36:25,163 [INFO] PluginManage:359 - Loaded plugin thirdparty (category:base,tabindex:-1)
2025-01-07 19:36:25,165 [INFO] PluginManage:310 - Check plugin tools
2025-01-07 19:36:25,163 [WARN] IntegrityCheckThread:84 - waiting for thirdparty lock release [integrity check]
2025-01-07 19:36:25,165 [INFO] IntegrityCheckThread:86 - entering critical section [integrity check]
2025-01-07 19:36:25,165 [INFO] ThirdPartyUpdaterWithRetryManager:70 - Updater plugin not ready yet. [1/15]
2025-01-07 19:36:25,219 [INFO] PluginManage:359 - Loaded plugin tools (category:base,tabindex:7)
2025-01-07 19:36:25,219 [INFO] PluginManage:310 - Check plugin tutovideos
2025-01-07 19:36:25,450 [INFO] PluginManage:359 - Loaded plugin tutovideos (category:base,tabindex:-1)
2025-01-07 19:36:25,451 [INFO] PluginManage:310 - Check plugin updater
2025-01-07 19:36:25,465 [INFO] PluginManage:359 - Loaded plugin updater (category:base,tabindex:12)
2025-01-07 19:36:25,465 [INFO] PluginManage:310 - Check plugin userauth
2025-01-07 19:36:25,472 [INFO] UserAuth:113 - Init User Auth plugin
2025-01-07 19:36:25,472 [INFO] PluginManage:359 - Loaded plugin userauth (category:base,tabindex:14)
2025-01-07 19:36:25,472 [INFO] PluginManage:283 - PluginManage : Loaded plugins [17]
2025-01-07 19:36:25,732 [INFO] PinOutPanel:1499 - setPackage(No Configuration,No Configuration)
2025-01-07 19:36:25,866 [INFO] CADModel:165 - CPN selected for project level
2025-01-07 19:36:25,866 [INFO] CADModel:114 - Register for checkConnection events
2025-01-07 19:36:25,896 [INFO] IPUIPlugin:80 - create IPUIPlugin
2025-01-07 19:36:25,896 [INFO] PluginManager:220 - loadIPPluginJar : add adc
2025-01-07 19:36:25,939 [INFO] IPUIPlugin:80 - create IPUIPlugin
2025-01-07 19:36:25,940 [INFO] PluginManager:220 - loadIPPluginJar : add aes
2025-01-07 19:36:25,992 [INFO] IPUIPlugin:80 - create IPUIPlugin
2025-01-07 19:36:25,992 [INFO] PluginManager:220 - loadIPPluginJar : add can
2025-01-07 19:36:26,022 [INFO] IPUIPlugin:80 - create IPUIPlugin
2025-01-07 19:36:26,023 [INFO] PluginManager:220 - loadIPPluginJar : add comp
2025-01-07 19:36:26,068 [INFO] IPUIPlugin:80 - create IPUIPlugin
2025-01-07 19:36:26,068 [INFO] PluginManager:220 - loadIPPluginJar : add cryp
2025-01-07 19:36:26,107 [INFO] IPUIPlugin:80 - create IPUIPlugin
2025-01-07 19:36:26,107 [INFO] PluginManager:220 - loadIPPluginJar : add dfsdm
2025-01-07 19:36:26,125 [INFO] IPUIPlugin:80 - create IPUIPlugin
2025-01-07 19:36:26,126 [INFO] PluginManager:220 - loadIPPluginJar : add dma
2025-01-07 19:36:26,186 [INFO] IPUIPlugin:80 - create IPUIPlugin
2025-01-07 19:36:26,186 [INFO] PluginManager:220 - loadIPPluginJar : add dma3
2025-01-07 19:36:26,213 [INFO] IPUIPlugin:80 - create IPUIPlugin
2025-01-07 19:36:26,213 [INFO] PluginManager:220 - loadIPPluginJar : add fatfs
2025-01-07 19:36:26,272 [INFO] IPUIPlugin:80 - create IPUIPlugin
2025-01-07 19:36:26,272 [INFO] PluginManager:220 - loadIPPluginJar : add fmc
2025-01-07 19:36:26,289 [INFO] IPUIPlugin:80 - create IPUIPlugin
2025-01-07 19:36:26,290 [INFO] PluginManager:220 - loadIPPluginJar : add freertos
2025-01-07 19:36:26,316 [INFO] IPUIPlugin:80 - create IPUIPlugin
2025-01-07 19:36:26,316 [INFO] PluginManager:220 - loadIPPluginJar : add genericplugin
2025-01-07 19:36:26,437 [INFO] IPUIPlugin:80 - create IPUIPlugin
2025-01-07 19:36:26,437 [INFO] PluginManager:220 - loadIPPluginJar : add gfxmmu
2025-01-07 19:36:26,609 [INFO] IPUIPlugin:80 - create IPUIPlugin
2025-01-07 19:36:26,609 [INFO] PluginManager:220 - loadIPPluginJar : add gic
2025-01-07 19:36:26,627 [INFO] IPUIPlugin:80 - create IPUIPlugin
2025-01-07 19:36:26,627 [INFO] PluginManager:220 - loadIPPluginJar : add gpio
2025-01-07 19:36:26,742 [INFO] IPUIPlugin:80 - create IPUIPlugin
2025-01-07 19:36:26,742 [INFO] PluginManager:220 - loadIPPluginJar : add gtzc
2025-01-07 19:36:26,785 [INFO] IPUIPlugin:80 - create IPUIPlugin
2025-01-07 19:36:26,785 [INFO] PluginManager:220 - loadIPPluginJar : add hash
2025-01-07 19:36:26,855 [INFO] IPUIPlugin:80 - create IPUIPlugin
2025-01-07 19:36:26,855 [INFO] PluginManager:220 - loadIPPluginJar : add i2c
2025-01-07 19:36:26,905 [INFO] IPUIPlugin:80 - create IPUIPlugin
2025-01-07 19:36:26,905 [INFO] PluginManager:220 - loadIPPluginJar : add i2s
2025-01-07 19:36:26,957 [INFO] IPUIPlugin:80 - create IPUIPlugin
2025-01-07 19:36:26,957 [INFO] PluginManager:220 - loadIPPluginJar : add i3c
2025-01-07 19:36:27,085 [INFO] IPUIPlugin:80 - create IPUIPlugin
2025-01-07 19:36:27,085 [INFO] PluginManager:220 - loadIPPluginJar : add ipddr
2025-01-07 19:36:27,212 [INFO] IPUIPlugin:80 - create IPUIPlugin
2025-01-07 19:36:27,212 [INFO] PluginManager:220 - loadIPPluginJar : add linkedlist
2025-01-07 19:36:27,257 [INFO] IPUIPlugin:80 - create IPUIPlugin
2025-01-07 19:36:27,258 [INFO] PluginManager:220 - loadIPPluginJar : add lorawan
2025-01-07 19:36:27,306 [INFO] IPUIPlugin:80 - create IPUIPlugin
2025-01-07 19:36:27,306 [INFO] PluginManager:220 - loadIPPluginJar : add ltdc
2025-01-07 19:36:27,324 [INFO] IPUIPlugin:80 - create IPUIPlugin
2025-01-07 19:36:27,324 [INFO] PluginManager:220 - loadIPPluginJar : add mdma
2025-01-07 19:36:27,340 [INFO] IPUIPlugin:80 - create IPUIPlugin
2025-01-07 19:36:27,340 [INFO] PluginManager:220 - loadIPPluginJar : add nvic
2025-01-07 19:36:27,385 [INFO] IPUIPlugin:80 - create IPUIPlugin
2025-01-07 19:36:27,386 [INFO] PluginManager:220 - loadIPPluginJar : add opamp
2025-01-07 19:36:27,461 [INFO] IPUIPlugin:80 - create IPUIPlugin
2025-01-07 19:36:27,462 [INFO] PluginManager:220 - loadIPPluginJar : add openamp
2025-01-07 19:36:27,517 [INFO] IPUIPlugin:80 - create IPUIPlugin
2025-01-07 19:36:27,517 [INFO] PluginManager:220 - loadIPPluginJar : add pdm2pcm
2025-01-07 19:36:27,536 [INFO] IPUIPlugin:80 - create IPUIPlugin
2025-01-07 19:36:27,538 [INFO] PluginManager:220 - loadIPPluginJar : add plateformsettings
2025-01-07 19:36:27,566 [INFO] IPUIPlugin:80 - create IPUIPlugin
2025-01-07 19:36:27,566 [INFO] PluginManager:220 - loadIPPluginJar : add quadspi
2025-01-07 19:36:27,584 [INFO] IPUIPlugin:80 - create IPUIPlugin
2025-01-07 19:36:27,584 [INFO] PluginManager:220 - loadIPPluginJar : add resmgrutility
2025-01-07 19:36:27,646 [INFO] IPUIPlugin:80 - create IPUIPlugin
2025-01-07 19:36:27,646 [INFO] PluginManager:220 - loadIPPluginJar : add sai
2025-01-07 19:36:27,694 [INFO] IPUIPlugin:80 - create IPUIPlugin
2025-01-07 19:36:27,694 [INFO] PluginManager:220 - loadIPPluginJar : add spi
2025-01-07 19:36:27,766 [INFO] IPUIPlugin:80 - create IPUIPlugin
2025-01-07 19:36:27,767 [INFO] PluginManager:220 - loadIPPluginJar : add stm32_wpan
2025-01-07 19:36:27,796 [INFO] IPUIPlugin:80 - create IPUIPlugin
2025-01-07 19:36:27,796 [INFO] PluginManager:220 - loadIPPluginJar : add tim
2025-01-07 19:36:27,864 [INFO] IPUIPlugin:80 - create IPUIPlugin
2025-01-07 19:36:27,864 [INFO] PluginManager:220 - loadIPPluginJar : add touchsensing
2025-01-07 19:36:27,894 [INFO] IPUIPlugin:80 - create IPUIPlugin
2025-01-07 19:36:27,894 [INFO] PluginManager:220 - loadIPPluginJar : add tracer_emb
2025-01-07 19:36:27,923 [INFO] IPUIPlugin:80 - create IPUIPlugin
2025-01-07 19:36:27,923 [INFO] PluginManager:220 - loadIPPluginJar : add ts
2025-01-07 19:36:27,952 [INFO] IPUIPlugin:80 - create IPUIPlugin
2025-01-07 19:36:27,952 [INFO] PluginManager:220 - loadIPPluginJar : add tsc
2025-01-07 19:36:27,982 [INFO] IPUIPlugin:80 - create IPUIPlugin
2025-01-07 19:36:27,982 [INFO] PluginManager:220 - loadIPPluginJar : add ucpd
2025-01-07 19:36:28,046 [INFO] IPUIPlugin:80 - create IPUIPlugin
2025-01-07 19:36:28,046 [INFO] PluginManager:220 - loadIPPluginJar : add usart
2025-01-07 19:36:28,109 [INFO] IPUIPlugin:80 - create IPUIPlugin
2025-01-07 19:36:28,109 [INFO] PluginManager:220 - loadIPPluginJar : add usbx
2025-01-07 19:36:28,168 [INFO] ThirdPartyUpdaterWithRetryManager:70 - Updater plugin not ready yet. [2/15]
2025-01-07 19:36:28,249 [INFO] CADModel:165 - CPN selected for project level
2025-01-07 19:36:28,250 [INFO] CADModel:114 - Register for checkConnection events
2025-01-07 19:36:28,250 [FATAL] Updater:308 - Updater called before beeing initialized
2025-01-07 19:36:28,251 [ERROR] CADModel:125 - Updater not yet initialized, retry later 
2025-01-07 19:36:28,477 [INFO] CADModel:165 - CPN selected for project level
2025-01-07 19:36:28,477 [INFO] CADModel:114 - Register for checkConnection events
2025-01-07 19:36:28,477 [FATAL] Updater:308 - Updater called before beeing initialized
2025-01-07 19:36:28,477 [ERROR] CADModel:125 - Updater not yet initialized, retry later 
2025-01-07 19:36:28,480 [FATAL] Updater:308 - Updater called before beeing initialized
2025-01-07 19:36:28,617 [FATAL] Updater:308 - Updater called before beeing initialized
2025-01-07 19:36:28,625 [INFO] DbMcusAds:53 - JSON generation date=Thu Sep 30 15:55:09 JST 2021 (1632984909247)
2025-01-07 19:36:28,625 [FATAL] Updater:308 - Updater called before beeing initialized
2025-01-07 19:36:28,725 [WARN] DetailPanel:346 - Failed to get advertising image, set to default
2025-01-07 19:36:28,823 [FATAL] Updater:308 - Updater called before beeing initialized
2025-01-07 19:36:28,826 [FATAL] Updater:308 - Updater called before beeing initialized
2025-01-07 19:36:28,826 [FATAL] Updater:308 - Updater called before beeing initialized
2025-01-07 19:36:28,826 [WARN] DetailPanel:346 - Failed to get advertising image, set to default
2025-01-07 19:36:28,827 [FATAL] Updater:308 - Updater called before beeing initialized
2025-01-07 19:36:28,908 [ERROR] Updater:1120 - MainUpdater not yet initialized. External WinMGr cannot be set.
2025-01-07 19:36:28,922 [INFO] Updater:1056 - Updater Version found : 6.9.1
2025-01-07 19:36:28,947 [INFO] ApplicationProperties:184 - Using Application install path: C:\ST\STM32CubeIDE_1.4.0\STM32CubeIDE\plugins\com.st.stm32cube.common.mx_6.9.1.202307191849
2025-01-07 19:36:29,106 [INFO] MainUpdater:2868 - connection check result : 10
2025-01-07 19:36:29,107 [INFO] MainUpdater:285 - Updater Check For Update Now.
2025-01-07 19:36:29,107 [INFO] MicroXplorer:498 - Change Database Version : DB.6.0.91
2025-01-07 19:36:29,134 [INFO] McuFinderGlobals:63 - Set McuFinder mode to 2 (CubeIDE integrated)
2025-01-07 19:36:29,134 [INFO] UserAuth:179 - activating auth plugin
2025-01-07 19:36:29,139 [INFO] UserAuth:393 - Internet connection configuration mode: 1
2025-01-07 19:36:29,167 [INFO] JxBrowserEngine:151 - Initiate JxBrowser Engine with user profile folder
2025-01-07 19:36:29,338 [INFO] CheckServerUpdateThread:120 - End of CheckServer Thread
2025-01-07 19:36:30,223 [INFO] WebApp:157 - Instantiating new browser for Auth
2025-01-07 19:36:31,125 [INFO] WebApp:753 - Register for checkConnection events
2025-01-07 19:36:31,125 [INFO] WebApp:390 - Apply proxy settings
2025-01-07 19:36:31,126 [INFO] WebApp:475 - Chromium requires no authentication
2025-01-07 19:36:31,135 [INFO] WebApp:418 - Direct internet connection detected
2025-01-07 19:36:31,432 [INFO] WebApp:188 - Starting web application
2025-01-07 19:36:31,432 [INFO] WebApp:520 - Web application path used C:\ST\STM32CubeIDE_1.4.0\STM32CubeIDE\plugins\com.st.stm32cube.common.mx_6.9.1.202307191849\db\plugins\mcufinder\reactClient1\index.html
2025-01-07 19:36:31,547 [WARN] PackLoader:240 - Cannot read IP mode file for STMicroelectronics.FP-SNS-MOTENVWB1.1.4.0
2025-01-07 19:36:31,564 [WARN] PackLoader:240 - Cannot read IP mode file for STMicroelectronics.FP-ATR-ASTRA1.2.0.1
2025-01-07 19:36:31,579 [WARN] PackLoader:240 - Cannot read IP mode file for STMicroelectronics.X-CUBE-SMBUS.2.1.0
2025-01-07 19:36:31,595 [WARN] PackLoader:240 - Cannot read IP mode file for STMicroelectronics.X-CUBE-WB05N.1.1.0
2025-01-07 19:36:31,605 [WARN] PackLoader:240 - Cannot read IP mode file for STMicroelectronics.X-CUBE-TOUCHGFX.4.23.0
2025-01-07 19:36:31,610 [WARN] PackLoader:240 - Cannot read IP mode file for STMicroelectronics.X-CUBE-TOUCHGFX.4.23.2
2025-01-07 19:36:31,666 [WARN] PackLoader:240 - Cannot read IP mode file for STMicroelectronics.X-CUBE-AZRTOS-F7.1.1.0
2025-01-07 19:36:31,683 [ERROR] RealEvaluatedCondition:428 - Found unsupported composite condition: CLASS='Data Exchange' GROUP='STM32_MetaDataManager'
2025-01-07 19:36:31,683 [ERROR] RealEvaluatedCondition:428 - Found unsupported composite condition: GROUP='STM32_MetaDataManager' CLASS='Data Exchange'
2025-01-07 19:36:31,687 [WARN] PackLoader:240 - Cannot read IP mode file for STMicroelectronics.FP-SNS-MOTENV1.4.3.0
2025-01-07 19:36:31,700 [WARN] PackLoader:240 - Cannot read IP mode file for STMicroelectronics.FP-SNS-MOTENV1.4.3.2
2025-01-07 19:36:31,712 [WARN] PackLoader:240 - Cannot read IP mode file for STMicroelectronics.FP-SNS-FLIGHT1.5.0.0
2025-01-07 19:36:31,717 [ERROR] RealEvaluatedCondition:428 - Found unsupported composite condition: CLASS='Data Exchange' GROUP='STM32_MetaDataManager'
2025-01-07 19:36:31,717 [ERROR] RealEvaluatedCondition:428 - Found unsupported composite condition: CLASS='Data Exchange' GROUP='STM32_MetaDataManager'
2025-01-07 19:36:31,719 [WARN] PackLoader:240 - Cannot read IP mode file for STMicroelectronics.FP-SNS-MOTENV1.4.3.1
2025-01-07 19:36:31,732 [WARN] PackLoader:240 - Cannot read IP mode file for STMicroelectronics.FP-SNS-FLIGHT1.5.0.1
2025-01-07 19:36:31,870 [WARN] PackLoader:240 - Cannot read IP mode file for STMicroelectronics.X-CUBE-MEMS1.11.0.0
2025-01-07 19:36:32,225 [WARN] PackLoader:240 - Cannot read IP mode file for STMicroelectronics.X-CUBE-BLE1.6.2.4
2025-01-07 19:36:32,231 [WARN] PackLoader:240 - Cannot read IP mode file for STMicroelectronics.FP-SNS-FLIGHT1.5.0.2
2025-01-07 19:36:32,240 [WARN] PackLoader:240 - Cannot read IP mode file for STMicroelectronics.X-CUBE-DISPLAY.3.0.0
2025-01-07 19:36:32,250 [WARN] PackLoader:240 - Cannot read IP mode file for STMicroelectronics.X-CUBE-BLE1.7.0.0
2025-01-07 19:36:32,259 [WARN] PackLoader:240 - Cannot read IP mode file for STMicroelectronics.X-CUBE-NFC10.1.0.0
2025-01-07 19:36:32,268 [ERROR] Engine:466 - C:\Users\Minh\.stm32cubemx\thirdparties\pdsc\STMicroelectronics.X-CUBE-BLEMGR.4.0.0.pdsc: PDSC version is not supported
2025-01-07 19:36:32,272 [WARN] PackLoader:240 - Cannot read IP mode file for STMicroelectronics.X-CUBE-TOUCHGFX.4.22.0
2025-01-07 19:36:32,276 [WARN] PackLoader:240 - Cannot read IP mode file for STMicroelectronics.X-CUBE-TOUCHGFX.4.22.1
2025-01-07 19:36:32,287 [WARN] PackLoader:240 - Cannot read IP mode file for STMicroelectronics.X-CUBE-BLEMGR.3.1.0
2025-01-07 19:36:32,295 [WARN] PackLoader:240 - Cannot read IP mode file for STMicroelectronics.FP-SNS-SMARTAG2.1.2.0
2025-01-07 19:36:32,371 [WARN] PackLoader:240 - Cannot read IP mode file for STMicroelectronics.X-CUBE-MEMS1.11.1.0
2025-01-07 19:36:32,652 [INFO] LogOutputStream:77 - [STDOUT_REDIRECT] 1 : Invalid condition id : UX_CORESTACK_Condition cause : null
2025-01-07 19:36:32,653 [INFO] LogOutputStream:77 - [STDOUT_REDIRECT] 1 : Invalid condition id : UX_CORESTACK_Condition cause : null
2025-01-07 19:36:32,655 [INFO] LogOutputStream:77 - [STDOUT_REDIRECT] 1 : Invalid condition id : UX_CORESTACK_Condition cause : null
2025-01-07 19:36:32,658 [INFO] LogOutputStream:77 - [STDOUT_REDIRECT] 1 : Invalid condition id : UX_CORESTACK_Condition cause : null
2025-01-07 19:36:32,659 [INFO] LogOutputStream:77 - [STDOUT_REDIRECT] 1 : Invalid condition id : UX_CORESTACK_Condition cause : null
2025-01-07 19:36:32,662 [WARN] PackLoader:240 - Cannot read IP mode file for STMicroelectronics.X-CUBE-AZRTOS-WL.2.0.0
2025-01-07 19:36:32,670 [WARN] PackLoader:240 - Cannot read IP mode file for STMicroelectronics.FP-SNS-MOTENV1.5.0.0
2025-01-07 19:36:32,676 [WARN] PackLoader:240 - Cannot read IP mode file for wolfSSL.I-CUBE-wolfMQTT.1.19.0
2025-01-07 19:36:32,685 [WARN] PackLoader:240 - Cannot read IP mode file for WES.I-CUBE-Cesium.1.3.0
2025-01-07 19:36:32,690 [WARN] PackLoader:240 - Cannot read IP mode file for STMicroelectronics.X-CUBE-BLE2.3.3.0
2025-01-07 19:36:32,701 [WARN] PackLoader:240 - Cannot read IP mode file for STMicroelectronics.X-CUBE-TOF1.3.2.0
2025-01-07 19:36:32,718 [WARN] PackLoader:240 - Cannot read IP mode file for STMicroelectronics.X-CUBE-NFC9.1.0.0
2025-01-07 19:36:32,729 [WARN] PackLoader:240 - Cannot read IP mode file for STMicroelectronics.X-CUBE-TCPP.4.1.0
2025-01-07 19:36:32,735 [WARN] PackLoader:240 - Cannot read IP mode file for STMicroelectronics.X-CUBE-TOUCHGFX.4.21.1
2025-01-07 19:36:32,739 [WARN] PackLoader:240 - Cannot read IP mode file for STMicroelectronics.X-CUBE-TOUCHGFX.4.21.3
2025-01-07 19:36:32,743 [WARN] PackLoader:240 - Cannot read IP mode file for STMicroelectronics.X-CUBE-TOUCHGFX.4.21.4
2025-01-07 19:36:32,750 [WARN] PackLoader:240 - Cannot read IP mode file for STMicroelectronics.X-CUBE-ALGOBUILD.1.3.0
2025-01-07 19:36:32,770 [WARN] PackLoader:240 - Cannot read IP mode file for STMicroelectronics.X-CUBE-AZRTOS-G0.1.1.0
2025-01-07 19:36:32,778 [WARN] PackLoader:240 - Cannot read IP mode file for STMicroelectronics.X-CUBE-SAFEA1.1.2.2
2025-01-07 19:36:32,786 [WARN] PackLoader:240 - Cannot read IP mode file for STMicroelectronics.X-CUBE-NFC4.3.0.0
2025-01-07 19:36:32,790 [ERROR] Engine:466 - C:\Users\Minh\.stm32cubemx\thirdparties\pdsc\EmbeddedOffice.I-CUBE-FS-RTOS.1.0.1.pdsc: PDSC version is not supported
2025-01-07 19:36:32,798 [WARN] PackLoader:240 - Cannot read IP mode file for STMicroelectronics.X-CUBE-BLEMGR.3.0.0
2025-01-07 19:36:32,804 [ERROR] Engine:466 - C:\Users\Minh\.stm32cubemx\thirdparties\pdsc\STMicroelectronics.X-CUBE-TCPP.4.2.0.pdsc: PDSC version is not supported
2025-01-07 19:36:32,807 [ERROR] Engine:466 - C:\Users\Minh\.stm32cubemx\thirdparties\pdsc\RealThread.X-CUBE-RT-Thread_Nano.4.1.1.pdsc: PDSC version is not supported
2025-01-07 19:36:32,813 [WARN] PackLoader:240 - Cannot read IP mode file for STMicroelectronics.FP-ATR-SIGFOX1.3.2.0
2025-01-07 19:36:32,816 [ERROR] Engine:466 - C:\Users\Minh\.stm32cubemx\thirdparties\pdsc\quantropi.X-CUBE-qispace-sdk-base.1.9.3.pdsc: PDSC version is not supported
2025-01-07 19:36:32,823 [WARN] PackLoader:240 - Cannot read IP mode file for STMicroelectronics.X-CUBE-EEPRMA1.5.1.0
2025-01-07 19:36:32,865 [WARN] PackLoader:240 - Cannot read IP mode file for STMicroelectronics.X-CUBE-MEMS1.9.5.0
2025-01-07 19:36:33,084 [WARN] PackLoader:240 - Cannot read IP mode file for SEGGER.I-CUBE-embOS.1.3.1
2025-01-07 19:36:33,160 [WARN] PackLoader:240 - Cannot read IP mode file for STMicroelectronics.X-CUBE-ALGOBUILD.1.4.0
2025-01-07 19:36:33,179 [WARN] PackLoader:240 - Cannot read IP mode file for STMicroelectronics.X-CUBE-AI.9.1.0
2025-01-07 19:36:33,188 [WARN] PackLoader:240 - Cannot read IP mode file for STMicroelectronics.X-CUBE-GNSS1.6.0.0
2025-01-07 19:36:33,220 [WARN] PackLoader:240 - Cannot read IP mode file for STMicroelectronics.X-CUBE-AZRTOS-F4.1.1.0
2025-01-07 19:36:33,232 [WARN] PackLoader:240 - Cannot read IP mode file for STMicroelectronics.X-CUBE-ISPU.2.1.0
2025-01-07 19:36:33,240 [WARN] PackLoader:240 - Cannot read IP mode file for STMicroelectronics.X-CUBE-FREERTOS.1.2.0
2025-01-07 19:36:33,268 [WARN] PackLoader:240 - Cannot read IP mode file for STMicroelectronics.X-CUBE-AZRTOS-L5.2.0.0
2025-01-07 19:36:33,318 [WARN] PackLoader:240 - Cannot read IP mode file for STMicroelectronics.X-CUBE-MEMS1.9.6.0
2025-01-07 19:36:33,513 [WARN] PackLoader:240 - Cannot read IP mode file for STMicroelectronics.X-CUBE-EEPRMA1.4.2.0
2025-01-07 19:36:33,521 [WARN] PackLoader:240 - Cannot read IP mode file for STMicroelectronics.X-CUBE-NFC6.3.1.0
2025-01-07 19:36:33,529 [WARN] PackLoader:240 - Cannot read IP mode file for ITTIA_DB.I-CUBE-ITTIADB.8.8.0
2025-01-07 19:36:33,536 [WARN] PackLoader:240 - Cannot read IP mode file for emotas.I-CUBE-CANOPEN.1.1.3
2025-01-07 19:36:33,544 [WARN] PackLoader:240 - Cannot read IP mode file for STMicroelectronics.X-CUBE-BLEMGR.2.0.0
2025-01-07 19:36:33,549 [ERROR] Engine:466 - C:\Users\Minh\.stm32cubemx\thirdparties\pdsc\STMicroelectronics.X-CUBE-DPower.1.2.0.pdsc: PDSC version is not supported
2025-01-07 19:36:33,553 [WARN] PackLoader:240 - Cannot read IP mode file for STMicroelectronics.X-CUBE-AI.9.0.0
2025-01-07 19:36:33,573 [WARN] ConditionMgr:438 - getConditionDescription Invalid condition id : UX DEVICE CLASS RTOS Condition cause : null
2025-01-07 19:36:33,574 [WARN] ConditionMgr:438 - getConditionDescription Invalid condition id : UX DEVICE CLASS RTOS Condition cause : null
2025-01-07 19:36:33,576 [WARN] PackLoader:240 - Cannot read IP mode file for STMicroelectronics.X-CUBE-AZRTOS-H7.3.1.0
2025-01-07 19:36:33,577 [WARN] ConditionMgr:1039 - genDependencies : Invalid condition id : UX DEVICE CLASS RTOS Condition cause : null
2025-01-07 19:36:33,578 [WARN] ConditionMgr:1039 - genDependencies : Invalid condition id : UX DEVICE CLASS RTOS Condition cause : null
2025-01-07 19:36:33,578 [WARN] ConditionMgr:1039 - genDependencies : Invalid condition id : UX DEVICE CLASS RTOS Condition cause : null
2025-01-07 19:36:33,579 [WARN] ConditionMgr:1039 - genDependencies : Invalid condition id : UX DEVICE CLASS RTOS Condition cause : null
2025-01-07 19:36:33,579 [WARN] ConditionMgr:1039 - genDependencies : Invalid condition id : UX DEVICE CLASS RTOS Condition cause : null
2025-01-07 19:36:33,586 [WARN] PackLoader:240 - Cannot read IP mode file for wolfSSL.I-CUBE-wolfSSL.5.5.4
2025-01-07 19:36:33,592 [WARN] PackLoader:240 - Cannot read IP mode file for STMicroelectronics.X-CUBE-FREERTOS.1.3.0
2025-01-07 19:36:33,598 [WARN] PackLoader:240 - Cannot read IP mode file for STMicroelectronics.X-CUBE-NFC7.1.0.1
2025-01-07 19:36:33,604 [WARN] PackLoader:240 - Cannot read IP mode file for STMicroelectronics.X-CUBE-NFC7.1.0.0
2025-01-07 19:36:33,608 [WARN] PackLoader:240 - Cannot read IP mode file for wolfSSL.I-CUBE-wolfTPM.3.2.0
2025-01-07 19:36:33,615 [WARN] PackLoader:240 - Cannot read IP mode file for STMicroelectronics.X-CUBE-NFC6.3.0.0
2025-01-07 19:36:33,624 [WARN] PackLoader:240 - Cannot read IP mode file for STMicroelectronics.X-CUBE-EEPRMA1.4.1.0
2025-01-07 19:36:33,630 [WARN] PackLoader:240 - Cannot read IP mode file for STMicroelectronics.X-CUBE-AI.8.1.0
2025-01-07 19:36:33,651 [WARN] ConditionMgr:438 - getConditionDescription Invalid condition id : LAN8742 Phy interface Condition cause : null
2025-01-07 19:36:33,652 [WARN] PackLoader:240 - Cannot read IP mode file for STMicroelectronics.X-CUBE-AZRTOS-L4.2.0.0
2025-01-07 19:36:33,653 [WARN] ConditionMgr:1039 - genDependencies : Invalid condition id : LAN8742 Phy interface Condition cause : null
2025-01-07 19:36:33,653 [WARN] ConditionMgr:1039 - genDependencies : Invalid condition id : LAN8742 Phy interface Condition cause : null
2025-01-07 19:36:33,654 [WARN] ConditionMgr:1039 - genDependencies : Invalid condition id : LAN8742 Phy interface Condition cause : null
2025-01-07 19:36:33,664 [WARN] PackLoader:240 - Cannot read IP mode file for STMicroelectronics.X-CUBE-SFXS2LP1.4.0.0
2025-01-07 19:36:33,692 [WARN] PackLoader:240 - Cannot read IP mode file for STMicroelectronics.X-CUBE-AZRTOS-H7.3.0.0
2025-01-07 19:36:33,705 [WARN] PackLoader:240 - Cannot read IP mode file for STMicroelectronics.X-CUBE-ISPU.1.1.0
2025-01-07 19:36:33,738 [WARN] PackLoader:240 - Cannot read IP mode file for STMicroelectronics.X-CUBE-AZRTOS-H7.3.3.0
2025-01-07 19:36:33,753 [WARN] PackLoader:240 - Cannot read IP mode file for RoweBots.I-CUBE-UNISONRTOS.5.5.0-4
2025-01-07 19:36:33,758 [WARN] PackLoader:240 - Cannot read IP mode file for STMicroelectronics.X-CUBE-AI.8.0.0
2025-01-07 19:36:33,763 [ERROR] Engine:466 - C:\Users\Minh\.stm32cubemx\thirdparties\pdsc\STMicroelectronics.X-CUBE-IPS.3.0.0.pdsc: PDSC version is not supported
2025-01-07 19:36:33,783 [WARN] ConditionMgr:438 - getConditionDescription Invalid condition id : UX DEVICE CLASS RTOS Condition cause : null
2025-01-07 19:36:33,784 [WARN] ConditionMgr:438 - getConditionDescription Invalid condition id : UX DEVICE CLASS RTOS Condition cause : null
2025-01-07 19:36:33,787 [WARN] PackLoader:240 - Cannot read IP mode file for STMicroelectronics.X-CUBE-AZRTOS-WB.2.0.0
2025-01-07 19:36:33,788 [WARN] ConditionMgr:1039 - genDependencies : Invalid condition id : UX DEVICE CLASS RTOS Condition cause : null
2025-01-07 19:36:33,788 [WARN] ConditionMgr:1039 - genDependencies : Invalid condition id : UX DEVICE CLASS RTOS Condition cause : null
2025-01-07 19:36:33,789 [WARN] ConditionMgr:1039 - genDependencies : Invalid condition id : UX DEVICE CLASS RTOS Condition cause : null
2025-01-07 19:36:33,789 [WARN] ConditionMgr:1039 - genDependencies : Invalid condition id : UX DEVICE CLASS RTOS Condition cause : null
2025-01-07 19:36:33,789 [WARN] ConditionMgr:1039 - genDependencies : Invalid condition id : UX DEVICE CLASS RTOS Condition cause : null
2025-01-07 19:36:33,796 [WARN] PackLoader:240 - Cannot read IP mode file for STMicroelectronics.X-CUBE-FREERTOS.1.0.0
2025-01-07 19:36:33,803 [WARN] PackLoader:240 - Cannot read IP mode file for STMicroelectronics.X-CUBE-FREERTOS.1.0.1
2025-01-07 19:36:33,810 [WARN] PackLoader:240 - Cannot read IP mode file for STMicroelectronics.X-CUBE-GNSS1.7.0.0
2025-01-07 19:36:33,820 [WARN] PackLoader:240 - Cannot read IP mode file for STMicroelectronics.X-CUBE-GNSS1.7.0.1
2025-01-07 19:36:33,827 [ERROR] Engine:466 - C:\Users\Minh\.stm32cubemx\thirdparties\pdsc\STMicroelectronics.FP-SNS-STBOX1.2.0.0.pdsc: PDSC version is not supported
2025-01-07 19:36:33,844 [WARN] PackLoader:240 - Cannot read IP mode file for STMicroelectronics.X-CUBE-AZRTOS-L5.1.1.0
2025-01-07 19:36:33,852 [WARN] PackLoader:240 - Cannot read IP mode file for STMicroelectronics.X-CUBE-AI.8.0.1
2025-01-07 19:36:33,867 [WARN] PackLoader:240 - Cannot read IP mode file for STMicroelectronics.X-CUBE-SUBG2.5.0.0
2025-01-07 19:36:33,878 [WARN] PackLoader:240 - Cannot read IP mode file for Cesanta.I-CUBE-Mongoose.7.13.0
2025-01-07 19:36:33,890 [WARN] PackLoader:240 - Cannot read IP mode file for STMicroelectronics.X-CUBE-TOF1.3.3.1
2025-01-07 19:36:33,916 [WARN] PackLoader:240 - Cannot read IP mode file for STMicroelectronics.X-CUBE-AZRTOS-G4.2.0.0
2025-01-07 19:36:33,929 [WARN] PackLoader:240 - Cannot read IP mode file for STMicroelectronics.X-CUBE-TOF1.3.3.0
2025-01-07 19:36:33,946 [WARN] PackLoader:240 - Cannot read IP mode file for STMicroelectronics.FP-ATR-ASTRA1.1.1.1
2025-01-07 19:36:33,961 [WARN] PackLoader:240 - Cannot read IP mode file for Infineon.AIROC-Wi-Fi-Bluetooth-STM32.1.5.1
2025-01-07 19:36:33,972 [WARN] PackLoader:240 - Cannot read IP mode file for STMicroelectronics.FP-SNS-MOTENVWB1.1.3.0
2025-01-07 19:36:33,977 [WARN] PackLoader:240 - Cannot read IP mode file for STMicroelectronics.FP-SNS-MOTENVWB1.1.3.1
2025-01-07 19:36:33,991 [WARN] PackLoader:240 - Cannot read IP mode file for STMicroelectronics.X-CUBE-AZRTOS-G4.1.0.0
2025-01-07 19:36:34,014 [WARN] PackLoader:240 - Cannot read IP mode file for STMicroelectronics.X-CUBE-AZRTOS-L4.1.0.0
2025-01-07 19:36:34,022 [WARN] PackLoader:240 - Cannot read IP mode file for STMicroelectronics.X-CUBE-ISPU.2.0.0
2025-01-07 19:36:34,028 [WARN] PackLoader:240 - Cannot read IP mode file for STMicroelectronics.X-CUBE-ALS.1.0.2
2025-01-07 19:36:34,085 [WARN] PackLoader:240 - Cannot read IP mode file for STMicroelectronics.X-CUBE-MEMS1.10.0.0
2025-01-07 19:36:34,235 [WARN] PackLoader:240 - Cannot read IP mode file for STMicroelectronics.X-CUBE-FREERTOS.1.1.0
2025-01-07 19:36:34,239 [WARN] PackLoader:240 - Cannot read IP mode file for STMicroelectronics.X-CUBE-TOUCHGFX.4.24.0
2025-01-07 19:36:34,249 [WARN] PackLoader:240 - Cannot read IP mode file for STMicroelectronics.X-CUBE-AZRTOS-WL.1.0.0
2025-01-07 19:36:34,255 [WARN] PackLoader:240 - Cannot read IP mode file for STMicroelectronics.X-CUBE-TOUCHGFX.4.24.1
2025-01-07 19:36:34,261 [WARN] PackLoader:240 - Cannot read IP mode file for portGmbH.I-Cube-SoM-uGOAL.1.1.0
2025-01-07 19:36:34,265 [WARN] PackLoader:240 - Cannot read IP mode file for STMicroelectronics.X-CUBE-ALS.1.0.1
2025-01-07 19:36:34,278 [WARN] PackLoader:240 - Cannot read IP mode file for STMicroelectronics.X-CUBE-AZRTOS-WB.1.1.0
2025-01-07 19:36:34,300 [WARN] PackLoader:240 - Cannot read IP mode file for STMicroelectronics.X-CUBE-AZRTOS-H7RS.1.0.0
2025-01-07 19:36:34,306 [WARN] PackLoader:240 - Cannot read IP mode file for STMicroelectronics.FP-ATR-ASTRA1.2.0.0
2025-01-07 19:36:34,311 [ERROR] Engine:466 - C:\Users\Minh\.stm32cubemx\thirdparties\pdsc\STMicroelectronics.X-CUBE-TOF1.3.4.2.pdsc: PDSC version is not supported
2025-01-07 19:36:34,320 [WARN] PackLoader:240 - Cannot read IP mode file for STMicroelectronics.X-CUBE-TOF1.3.4.0
2025-01-07 19:36:34,342 [WARN] PackLoader:240 - Cannot read IP mode file for STMicroelectronics.X-CUBE-TOF1.3.4.1
2025-01-07 19:36:34,370 [WARN] PackLoader:240 - Cannot read IP mode file for STMicroelectronics.X-CUBE-AZRTOS-H7.3.2.0
2025-01-07 19:36:34,379 [WARN] PackLoader:240 - Cannot read IP mode file for wolfSSL.I-CUBE-wolfSSH.1.4.17
2025-01-07 19:36:34,381 [INFO] ThirdParty:978 - Integrity check success = true
2025-01-07 19:36:34,381 [INFO] IntegrityCheckThread:100 - exiting critical section [integrity check]
2025-01-07 19:36:34,381 [INFO] IntegrityCheckThread:103 - End integrity checks thread
2025-01-07 20:28:03,642 [ERROR] LogOutputStream:75 - [STDERR_REDIRECT] SLF4J: Failed to load class "org.slf4j.impl.StaticLoggerBinder".
2025-01-07 20:28:03,647 [ERROR] LogOutputStream:75 - [STDERR_REDIRECT] SLF4J: Defaulting to no-operation (NOP) logger implementation
2025-01-07 20:28:03,651 [ERROR] LogOutputStream:75 - [STDERR_REDIRECT] SLF4J: See http://www.slf4j.org/codes.html#StaticLoggerBinder for further details.
2025-01-07 21:48:13,992 [ERROR] LogOutputStream:75 - [STDERR_REDIRECT] 
