2023-11-11 22:18:06,982 [INFO] Activator:176 - 


2023-11-11 22:18:06,995 [INFO] Activator:177 - !SESSION log4j initialized
2023-11-11 22:18:20,773 [INFO] LogOutputStream:77 - [STDOUT_REDIRECT] 
2023-11-11 22:18:28,843 [INFO] ApplicationProperties:184 - Using Application install path: C:\ST\STM32CubeIDE_1.4.0\STM32CubeIDE\plugins\com.st.stm32cube.common.mx_6.9.1.202307191849
2023-11-11 22:18:28,883 [INFO] DbMcusXml:78 - Set database path to: C:\ST\STM32CubeIDE_1.4.0\STM32CubeIDE\plugins\com.st.stm32cube.common.mx_6.9.1.202307191849\\db\/mcu/
2023-11-11 22:18:28,884 [INFO] ApiDb:274 - Set plugin database path to: C:\ST\STM32CubeIDE_1.4.0\STM32CubeIDE\plugins\com.st.stm32cube.common.mx_6.9.1.202307191849\\db\/plugins/boardmanager/
2023-11-11 22:18:28,885 [WARN] ApiDb:259 - Overriding images path with different value:  => C:\ST\STM32CubeIDE_1.4.0\STM32CubeIDE\plugins\com.st.stm32cube.common.mx_6.9.1.202307191849\\db\/plugins/mcufinder/images/
2023-11-11 22:18:28,910 [INFO] ApiDb:250 - Set database path to: C:\Users\Minh\.stmcufinder\plugins\mcufinder//mcu/
2023-11-11 22:18:28,912 [INFO] DbMcusAds:125 - Set database path to: C:\Users\Minh\.stmcufinder\plugins\mcufinder//mcu/
2023-11-11 22:18:28,916 [INFO] CrossReferenceDbSqlite:203 - Set database path to: C:\Users\Minh\.stmcufinder\plugins\mcufinder//mcu/cs/
2023-11-11 22:18:29,168 [INFO] RulesReader:64 - Compatibility file has been processed (293 Rules)
2023-11-11 22:18:29,330 [INFO] DbMcusXml:78 - Set database path to: C:\ST\STM32CubeIDE_1.4.0\STM32CubeIDE\plugins\com.st.stm32cube.common.mx_6.9.1.202307191849\\db\/mcu/
2023-11-11 22:18:29,331 [INFO] ApiDb:274 - Set plugin database path to: C:\ST\STM32CubeIDE_1.4.0\STM32CubeIDE\plugins\com.st.stm32cube.common.mx_6.9.1.202307191849\\db\/plugins/boardmanager/
2023-11-11 22:18:29,331 [INFO] ApiDb:261 - Set plugin images path to: C:\ST\STM32CubeIDE_1.4.0\STM32CubeIDE\plugins\com.st.stm32cube.common.mx_6.9.1.202307191849\\db\/plugins/mcufinder/images/
2023-11-11 22:18:29,331 [WARN] DbFile:41 - Overriding database path with different value: C:\Users\Minh\.stmcufinder\plugins\mcufinder/ => C:\Users\Minh\.stmcufinder\plugins\mcufinder
2023-11-11 22:18:29,332 [INFO] ApiDb:250 - Set database path to: C:\Users\Minh\.stmcufinder\plugins\mcufinder//mcu/
2023-11-11 22:18:29,332 [WARN] DbFile:41 - Overriding database path with different value: C:\Users\Minh\.stmcufinder\plugins\mcufinder/ => C:\Users\Minh\.stmcufinder\plugins\mcufinder
2023-11-11 22:18:29,332 [INFO] DbMcusAds:125 - Set database path to: C:\Users\Minh\.stmcufinder\plugins\mcufinder//mcu/
2023-11-11 22:18:29,332 [WARN] DbFile:41 - Overriding database path with different value: C:\Users\Minh\.stmcufinder\plugins\mcufinder/ => C:\Users\Minh\.stmcufinder\plugins\mcufinder
2023-11-11 22:18:29,332 [WARN] DbFile:41 - Overriding database path with different value: C:\Users\Minh\.stmcufinder\plugins\mcufinder/ => C:\Users\Minh\.stmcufinder\plugins\mcufinder
2023-11-11 22:18:29,333 [INFO] CrossReferenceDbSqlite:203 - Set database path to: C:\Users\Minh\.stmcufinder\plugins\mcufinder//mcu/cs/
2023-11-11 22:18:29,477 [INFO] MainPanel:262 - HeapMemory: 268435456
2023-11-11 22:18:29,670 [INFO] DbMcusXml:78 - Set database path to: C:\ST\STM32CubeIDE_1.4.0\STM32CubeIDE\plugins\com.st.stm32cube.common.mx_6.9.1.202307191849\\db\/mcu/
2023-11-11 22:18:29,670 [INFO] ApiDb:274 - Set plugin database path to: C:\ST\STM32CubeIDE_1.4.0\STM32CubeIDE\plugins\com.st.stm32cube.common.mx_6.9.1.202307191849\\db\/plugins/boardmanager/
2023-11-11 22:18:29,670 [INFO] ApiDb:261 - Set plugin images path to: C:\ST\STM32CubeIDE_1.4.0\STM32CubeIDE\plugins\com.st.stm32cube.common.mx_6.9.1.202307191849\\db\/plugins/mcufinder/images/
2023-11-11 22:18:29,671 [WARN] DbFile:41 - Overriding database path with different value: C:\Users\Minh\.stmcufinder\plugins\mcufinder/ => C:\Users\Minh\.stmcufinder\plugins\mcufinder
2023-11-11 22:18:29,671 [INFO] ApiDb:250 - Set database path to: C:\Users\Minh\.stmcufinder\plugins\mcufinder//mcu/
2023-11-11 22:18:29,672 [WARN] DbFile:41 - Overriding database path with different value: C:\Users\Minh\.stmcufinder\plugins\mcufinder/ => C:\Users\Minh\.stmcufinder\plugins\mcufinder
2023-11-11 22:18:29,672 [INFO] DbMcusAds:125 - Set database path to: C:\Users\Minh\.stmcufinder\plugins\mcufinder//mcu/
2023-11-11 22:18:29,672 [WARN] DbFile:41 - Overriding database path with different value: C:\Users\Minh\.stmcufinder\plugins\mcufinder/ => C:\Users\Minh\.stmcufinder\plugins\mcufinder
2023-11-11 22:18:29,672 [WARN] DbFile:41 - Overriding database path with different value: C:\Users\Minh\.stmcufinder\plugins\mcufinder/ => C:\Users\Minh\.stmcufinder\plugins\mcufinder
2023-11-11 22:18:29,672 [INFO] CrossReferenceDbSqlite:203 - Set database path to: C:\Users\Minh\.stmcufinder\plugins\mcufinder//mcu/cs/
2023-11-11 22:18:29,711 [INFO] ApplicationProperties:184 - Using Application install path: C:\ST\STM32CubeIDE_1.4.0\STM32CubeIDE\plugins\com.st.stm32cube.common.mx_6.9.1.202307191849
2023-11-11 22:18:29,714 [INFO] PluginManage:196 - Search for loadable plugins [exclusion list=, ]
2023-11-11 22:18:29,717 [INFO] PluginManage:310 - Check plugin analytics
2023-11-11 22:18:34,649 [INFO] AnalyticsPlugin:253 - Accepted Software Licenses: STM32CubeMX.6.0.0,STM32CubeMX.5.2.0
2023-11-11 22:18:34,650 [INFO] AnalyticsPlugin:255 - Accepted CMSIS Pack Licenses: 
2023-11-11 22:18:34,650 [INFO] AnalyticsPlugin:257 - Accepted Firmware Licenses: 
2023-11-11 22:18:34,654 [INFO] PluginManage:359 - Loaded plugin analytics (category:tool,tabindex:-1)
2023-11-11 22:18:34,655 [INFO] PluginManage:310 - Check plugin cadmodel
2023-11-11 22:18:34,689 [INFO] CADModel:105 - Init CAD model plugin
2023-11-11 22:18:34,690 [INFO] PluginManage:359 - Loaded plugin cadmodel (category:power,tabindex:5)
2023-11-11 22:18:34,690 [INFO] PluginManage:310 - Check plugin clock
2023-11-11 22:18:34,726 [INFO] PluginManage:359 - Loaded plugin clock (category:base,tabindex:2)
2023-11-11 22:18:34,726 [INFO] PluginManage:310 - Check plugin ddr
2023-11-11 22:18:34,729 [INFO] PluginManage:359 - Loaded plugin ddr (category:tool,tabindex:6)
2023-11-11 22:18:34,730 [INFO] PluginManage:310 - Check plugin filemanager
2023-11-11 22:18:34,967 [INFO] PluginManage:359 - Loaded plugin filemanager (category:base,tabindex:10)
2023-11-11 22:18:34,968 [INFO] PluginManage:310 - Check plugin ipmanager
2023-11-11 22:18:34,984 [INFO] PluginManage:359 - Loaded plugin ipmanager (category:base,tabindex:5)
2023-11-11 22:18:34,984 [INFO] PluginManage:310 - Check plugin lpbam
2023-11-11 22:18:35,013 [INFO] PluginManage:359 - Loaded plugin lpbam (category:base,tabindex:0)
2023-11-11 22:18:35,014 [INFO] PluginManage:310 - Check plugin memorymap
2023-11-11 22:18:35,052 [INFO] PluginManage:359 - Loaded plugin memorymap (category:base,tabindex:4)
2023-11-11 22:18:35,052 [INFO] PluginManage:310 - Check plugin pinoutandconfiguration
2023-11-11 22:18:35,078 [INFO] PluginManage:359 - Loaded plugin pinoutandconfiguration (category:base,tabindex:1)
2023-11-11 22:18:35,079 [INFO] PluginManage:310 - Check plugin pinoutconfig
2023-11-11 22:18:35,279 [WARN] SupportedApi:132 - Cannot load RTOS API schema: s4s-elt-must-match.1: The content of 'definitions' must match (annotation?, (simpleType | complexType)?, (unique | key | keyref)*)). A problem was found starting at: attribute.
2023-11-11 22:18:35,580 [INFO] PluginManage:359 - Loaded plugin pinoutconfig (category:base,tabindex:0)
2023-11-11 22:18:35,581 [INFO] PluginManage:310 - Check plugin power
2023-11-11 22:18:35,642 [INFO] PluginManage:359 - Loaded plugin power (category:power,tabindex:4)
2023-11-11 22:18:35,643 [INFO] PluginManage:310 - Check plugin projectmanager
2023-11-11 22:18:35,686 [INFO] PluginManage:359 - Loaded plugin projectmanager (category:projectmanager,tabindex:3)
2023-11-11 22:18:35,687 [INFO] PluginManage:310 - Check plugin thirdparty
2023-11-11 22:18:36,217 [INFO] PluginManage:359 - Loaded plugin thirdparty (category:base,tabindex:-1)
2023-11-11 22:18:36,218 [INFO] PluginManage:310 - Check plugin tools
2023-11-11 22:18:36,217 [WARN] IntegrityCheckThread:84 - waiting for thirdparty lock release [integrity check]
2023-11-11 22:18:36,218 [INFO] IntegrityCheckThread:86 - entering critical section [integrity check]
2023-11-11 22:18:36,219 [INFO] ThirdPartyUpdaterWithRetryManager:70 - Updater plugin not ready yet. [1/15]
2023-11-11 22:18:36,284 [INFO] PluginManage:359 - Loaded plugin tools (category:base,tabindex:7)
2023-11-11 22:18:36,285 [INFO] PluginManage:310 - Check plugin tutovideos
2023-11-11 22:18:36,635 [INFO] PluginManage:359 - Loaded plugin tutovideos (category:base,tabindex:-1)
2023-11-11 22:18:36,635 [INFO] PluginManage:310 - Check plugin updater
2023-11-11 22:18:36,655 [INFO] PluginManage:359 - Loaded plugin updater (category:base,tabindex:12)
2023-11-11 22:18:36,656 [INFO] PluginManage:310 - Check plugin userauth
2023-11-11 22:18:36,668 [INFO] UserAuth:113 - Init User Auth plugin
2023-11-11 22:18:36,668 [INFO] PluginManage:359 - Loaded plugin userauth (category:base,tabindex:14)
2023-11-11 22:18:36,669 [INFO] PluginManage:283 - PluginManage : Loaded plugins [17]
2023-11-11 22:18:37,070 [INFO] PinOutPanel:1499 - setPackage(No Configuration,No Configuration)
2023-11-11 22:18:37,346 [INFO] CADModel:165 - CPN selected for project level
2023-11-11 22:18:37,346 [INFO] CADModel:114 - Register for checkConnection events
2023-11-11 22:18:37,399 [INFO] IPUIPlugin:80 - create IPUIPlugin
2023-11-11 22:18:37,399 [INFO] PluginManager:220 - loadIPPluginJar : add adc
2023-11-11 22:18:37,468 [INFO] IPUIPlugin:80 - create IPUIPlugin
2023-11-11 22:18:37,469 [INFO] PluginManager:220 - loadIPPluginJar : add aes
2023-11-11 22:18:37,552 [INFO] IPUIPlugin:80 - create IPUIPlugin
2023-11-11 22:18:37,552 [INFO] PluginManager:220 - loadIPPluginJar : add can
2023-11-11 22:18:37,590 [INFO] IPUIPlugin:80 - create IPUIPlugin
2023-11-11 22:18:37,590 [INFO] PluginManager:220 - loadIPPluginJar : add comp
2023-11-11 22:18:37,658 [INFO] IPUIPlugin:80 - create IPUIPlugin
2023-11-11 22:18:37,659 [INFO] PluginManager:220 - loadIPPluginJar : add cryp
2023-11-11 22:18:37,724 [INFO] IPUIPlugin:80 - create IPUIPlugin
2023-11-11 22:18:37,724 [INFO] PluginManager:220 - loadIPPluginJar : add dfsdm
2023-11-11 22:18:37,747 [INFO] IPUIPlugin:80 - create IPUIPlugin
2023-11-11 22:18:37,749 [INFO] PluginManager:220 - loadIPPluginJar : add dma
2023-11-11 22:18:37,835 [INFO] IPUIPlugin:80 - create IPUIPlugin
2023-11-11 22:18:37,835 [INFO] PluginManager:220 - loadIPPluginJar : add dma3
2023-11-11 22:18:37,878 [INFO] IPUIPlugin:80 - create IPUIPlugin
2023-11-11 22:18:37,879 [INFO] PluginManager:220 - loadIPPluginJar : add fatfs
2023-11-11 22:18:37,979 [INFO] IPUIPlugin:80 - create IPUIPlugin
2023-11-11 22:18:37,980 [INFO] PluginManager:220 - loadIPPluginJar : add fmc
2023-11-11 22:18:38,007 [INFO] IPUIPlugin:80 - create IPUIPlugin
2023-11-11 22:18:38,007 [INFO] PluginManager:220 - loadIPPluginJar : add freertos
2023-11-11 22:18:38,047 [INFO] IPUIPlugin:80 - create IPUIPlugin
2023-11-11 22:18:38,047 [INFO] PluginManager:220 - loadIPPluginJar : add genericplugin
2023-11-11 22:18:38,201 [INFO] IPUIPlugin:80 - create IPUIPlugin
2023-11-11 22:18:38,201 [INFO] PluginManager:220 - loadIPPluginJar : add gfxmmu
2023-11-11 22:18:38,439 [INFO] IPUIPlugin:80 - create IPUIPlugin
2023-11-11 22:18:38,439 [INFO] PluginManager:220 - loadIPPluginJar : add gic
2023-11-11 22:18:38,466 [INFO] IPUIPlugin:80 - create IPUIPlugin
2023-11-11 22:18:38,466 [INFO] PluginManager:220 - loadIPPluginJar : add gpio
2023-11-11 22:18:38,621 [INFO] IPUIPlugin:80 - create IPUIPlugin
2023-11-11 22:18:38,621 [INFO] PluginManager:220 - loadIPPluginJar : add gtzc
2023-11-11 22:18:38,673 [INFO] IPUIPlugin:80 - create IPUIPlugin
2023-11-11 22:18:38,673 [INFO] PluginManager:220 - loadIPPluginJar : add hash
2023-11-11 22:18:38,772 [INFO] IPUIPlugin:80 - create IPUIPlugin
2023-11-11 22:18:38,772 [INFO] PluginManager:220 - loadIPPluginJar : add i2c
2023-11-11 22:18:38,851 [INFO] IPUIPlugin:80 - create IPUIPlugin
2023-11-11 22:18:38,851 [INFO] PluginManager:220 - loadIPPluginJar : add i2s
2023-11-11 22:18:38,919 [INFO] IPUIPlugin:80 - create IPUIPlugin
2023-11-11 22:18:38,919 [INFO] PluginManager:220 - loadIPPluginJar : add i3c
2023-11-11 22:18:39,118 [INFO] IPUIPlugin:80 - create IPUIPlugin
2023-11-11 22:18:39,118 [INFO] PluginManager:220 - loadIPPluginJar : add ipddr
2023-11-11 22:18:39,221 [INFO] ThirdPartyUpdaterWithRetryManager:70 - Updater plugin not ready yet. [2/15]
2023-11-11 22:18:39,271 [INFO] IPUIPlugin:80 - create IPUIPlugin
2023-11-11 22:18:39,272 [INFO] PluginManager:220 - loadIPPluginJar : add linkedlist
2023-11-11 22:18:39,330 [INFO] IPUIPlugin:80 - create IPUIPlugin
2023-11-11 22:18:39,331 [INFO] PluginManager:220 - loadIPPluginJar : add lorawan
2023-11-11 22:18:39,390 [INFO] IPUIPlugin:80 - create IPUIPlugin
2023-11-11 22:18:39,391 [INFO] PluginManager:220 - loadIPPluginJar : add ltdc
2023-11-11 22:18:39,414 [INFO] IPUIPlugin:80 - create IPUIPlugin
2023-11-11 22:18:39,414 [INFO] PluginManager:220 - loadIPPluginJar : add mdma
2023-11-11 22:18:39,433 [INFO] IPUIPlugin:80 - create IPUIPlugin
2023-11-11 22:18:39,433 [INFO] PluginManager:220 - loadIPPluginJar : add nvic
2023-11-11 22:18:39,491 [INFO] IPUIPlugin:80 - create IPUIPlugin
2023-11-11 22:18:39,492 [INFO] PluginManager:220 - loadIPPluginJar : add opamp
2023-11-11 22:18:39,590 [INFO] IPUIPlugin:80 - create IPUIPlugin
2023-11-11 22:18:39,590 [INFO] PluginManager:220 - loadIPPluginJar : add openamp
2023-11-11 22:18:39,666 [INFO] IPUIPlugin:80 - create IPUIPlugin
2023-11-11 22:18:39,666 [INFO] PluginManager:220 - loadIPPluginJar : add pdm2pcm
2023-11-11 22:18:39,691 [INFO] IPUIPlugin:80 - create IPUIPlugin
2023-11-11 22:18:39,695 [INFO] PluginManager:220 - loadIPPluginJar : add plateformsettings
2023-11-11 22:18:39,732 [INFO] IPUIPlugin:80 - create IPUIPlugin
2023-11-11 22:18:39,733 [INFO] PluginManager:220 - loadIPPluginJar : add quadspi
2023-11-11 22:18:39,753 [INFO] IPUIPlugin:80 - create IPUIPlugin
2023-11-11 22:18:39,754 [INFO] PluginManager:220 - loadIPPluginJar : add resmgrutility
2023-11-11 22:18:39,828 [INFO] IPUIPlugin:80 - create IPUIPlugin
2023-11-11 22:18:39,829 [INFO] PluginManager:220 - loadIPPluginJar : add sai
2023-11-11 22:18:39,894 [INFO] IPUIPlugin:80 - create IPUIPlugin
2023-11-11 22:18:39,895 [INFO] PluginManager:220 - loadIPPluginJar : add spi
2023-11-11 22:18:39,989 [INFO] IPUIPlugin:80 - create IPUIPlugin
2023-11-11 22:18:39,990 [INFO] PluginManager:220 - loadIPPluginJar : add stm32_wpan
2023-11-11 22:18:40,027 [INFO] IPUIPlugin:80 - create IPUIPlugin
2023-11-11 22:18:40,027 [INFO] PluginManager:220 - loadIPPluginJar : add tim
2023-11-11 22:18:40,122 [INFO] IPUIPlugin:80 - create IPUIPlugin
2023-11-11 22:18:40,122 [INFO] PluginManager:220 - loadIPPluginJar : add touchsensing
2023-11-11 22:18:40,157 [INFO] IPUIPlugin:80 - create IPUIPlugin
2023-11-11 22:18:40,157 [INFO] PluginManager:220 - loadIPPluginJar : add tracer_emb
2023-11-11 22:18:40,193 [INFO] IPUIPlugin:80 - create IPUIPlugin
2023-11-11 22:18:40,193 [INFO] PluginManager:220 - loadIPPluginJar : add ts
2023-11-11 22:18:40,229 [INFO] IPUIPlugin:80 - create IPUIPlugin
2023-11-11 22:18:40,229 [INFO] PluginManager:220 - loadIPPluginJar : add tsc
2023-11-11 22:18:40,270 [INFO] IPUIPlugin:80 - create IPUIPlugin
2023-11-11 22:18:40,270 [INFO] PluginManager:220 - loadIPPluginJar : add ucpd
2023-11-11 22:18:40,341 [INFO] IPUIPlugin:80 - create IPUIPlugin
2023-11-11 22:18:40,341 [INFO] PluginManager:220 - loadIPPluginJar : add usart
2023-11-11 22:18:40,414 [INFO] IPUIPlugin:80 - create IPUIPlugin
2023-11-11 22:18:40,414 [INFO] PluginManager:220 - loadIPPluginJar : add usbx
2023-11-11 22:18:40,585 [INFO] CADModel:165 - CPN selected for project level
2023-11-11 22:18:40,585 [INFO] CADModel:114 - Register for checkConnection events
2023-11-11 22:18:40,585 [FATAL] Updater:308 - Updater called before beeing initialized
2023-11-11 22:18:40,585 [ERROR] CADModel:125 - Updater not yet initialized, retry later 
2023-11-11 22:18:40,835 [INFO] CADModel:165 - CPN selected for project level
2023-11-11 22:18:40,835 [INFO] CADModel:114 - Register for checkConnection events
2023-11-11 22:18:40,836 [FATAL] Updater:308 - Updater called before beeing initialized
2023-11-11 22:18:40,836 [ERROR] CADModel:125 - Updater not yet initialized, retry later 
2023-11-11 22:18:40,842 [FATAL] Updater:308 - Updater called before beeing initialized
2023-11-11 22:18:41,042 [FATAL] Updater:308 - Updater called before beeing initialized
2023-11-11 22:18:41,052 [INFO] DbMcusAds:53 - JSON generation date=Tue Mar 07 17:50:55 JST 2023 (1678179055335)
2023-11-11 22:18:41,052 [FATAL] Updater:308 - Updater called before beeing initialized
2023-11-11 22:18:41,189 [WARN] DetailPanel:346 - Failed to get advertising image, set to default
2023-11-11 22:18:41,359 [FATAL] Updater:308 - Updater called before beeing initialized
2023-11-11 22:18:41,362 [FATAL] Updater:308 - Updater called before beeing initialized
2023-11-11 22:18:41,363 [FATAL] Updater:308 - Updater called before beeing initialized
2023-11-11 22:18:41,363 [WARN] DetailPanel:346 - Failed to get advertising image, set to default
2023-11-11 22:18:41,364 [FATAL] Updater:308 - Updater called before beeing initialized
2023-11-11 22:18:41,479 [ERROR] Updater:1120 - MainUpdater not yet initialized. External WinMGr cannot be set.
2023-11-11 22:18:41,495 [INFO] Updater:1056 - Updater Version found : 6.9.1
2023-11-11 22:18:41,531 [INFO] ApplicationProperties:184 - Using Application install path: C:\ST\STM32CubeIDE_1.4.0\STM32CubeIDE\plugins\com.st.stm32cube.common.mx_6.9.1.202307191849
2023-11-11 22:18:41,844 [INFO] MainUpdater:2868 - connection check result : 10
2023-11-11 22:18:41,845 [INFO] MainUpdater:285 - Updater Check For Update Now.
2023-11-11 22:18:41,846 [INFO] MicroXplorer:498 - Change Database Version : DB.6.0.91
2023-11-11 22:18:41,876 [INFO] McuFinderGlobals:63 - Set McuFinder mode to 2 (CubeIDE integrated)
2023-11-11 22:18:41,877 [INFO] UserAuth:179 - activating auth plugin
2023-11-11 22:18:41,882 [INFO] UserAuth:393 - Internet connection configuration mode: 1
2023-11-11 22:18:41,927 [INFO] JxBrowserEngine:151 - Initiate JxBrowser Engine with user profile folder
2023-11-11 22:18:42,127 [INFO] CheckServerUpdateThread:120 - End of CheckServer Thread
2023-11-11 22:18:42,664 [WARN] PackLoader:240 - Cannot read IP mode file for STMicroelectronics.X-CUBE-SMBUS.2.1.0
2023-11-11 22:18:42,753 [WARN] PackLoader:240 - Cannot read IP mode file for STMicroelectronics.X-CUBE-AZRTOS-F7.1.1.0
2023-11-11 22:18:42,773 [ERROR] RealEvaluatedCondition:428 - Found unsupported composite condition: CLASS='Data Exchange' GROUP='STM32_MetaDataManager'
2023-11-11 22:18:42,774 [ERROR] RealEvaluatedCondition:428 - Found unsupported composite condition: CLASS='Data Exchange' GROUP='STM32_MetaDataManager'
2023-11-11 22:18:42,777 [WARN] PackLoader:240 - Cannot read IP mode file for STMicroelectronics.FP-SNS-MOTENV1.4.3.0
2023-11-11 22:18:42,796 [WARN] PackLoader:240 - Cannot read IP mode file for STMicroelectronics.FP-SNS-MOTENV1.4.3.2
2023-11-11 22:18:42,811 [WARN] PackLoader:240 - Cannot read IP mode file for STMicroelectronics.FP-SNS-FLIGHT1.5.0.0
2023-11-11 22:18:42,822 [ERROR] RealEvaluatedCondition:428 - Found unsupported composite condition: CLASS='Data Exchange' GROUP='STM32_MetaDataManager'
2023-11-11 22:18:42,822 [ERROR] RealEvaluatedCondition:428 - Found unsupported composite condition: GROUP='STM32_MetaDataManager' CLASS='Data Exchange'
2023-11-11 22:18:42,826 [WARN] PackLoader:240 - Cannot read IP mode file for STMicroelectronics.FP-SNS-MOTENV1.4.3.1
2023-11-11 22:18:42,840 [WARN] PackLoader:240 - Cannot read IP mode file for STMicroelectronics.FP-SNS-FLIGHT1.5.0.1
2023-11-11 22:18:42,856 [WARN] PackLoader:240 - Cannot read IP mode file for STMicroelectronics.X-CUBE-BLE1.6.2.4
2023-11-11 22:18:42,867 [WARN] PackLoader:240 - Cannot read IP mode file for STMicroelectronics.FP-SNS-FLIGHT1.5.0.2
2023-11-11 22:18:42,887 [WARN] PackLoader:240 - Cannot read IP mode file for STMicroelectronics.X-CUBE-DISPLAY.3.0.0
2023-11-11 22:18:42,912 [WARN] PackLoader:240 - Cannot read IP mode file for STMicroelectronics.X-CUBE-BLE1.7.0.0
2023-11-11 22:18:42,926 [WARN] PackLoader:240 - Cannot read IP mode file for STMicroelectronics.X-CUBE-TOUCHGFX.4.22.0
2023-11-11 22:18:42,933 [WARN] PackLoader:240 - Cannot read IP mode file for STMicroelectronics.X-CUBE-TOUCHGFX.4.22.1
2023-11-11 22:18:42,945 [WARN] PackLoader:240 - Cannot read IP mode file for STMicroelectronics.FP-SNS-SMARTAG2.1.2.0
2023-11-11 22:18:42,978 [INFO] LogOutputStream:77 - [STDOUT_REDIRECT] 1 : Invalid condition id : UX_CORESTACK_Condition cause : null
2023-11-11 22:18:42,979 [INFO] LogOutputStream:77 - [STDOUT_REDIRECT] 1 : Invalid condition id : UX_CORESTACK_Condition cause : null
2023-11-11 22:18:42,983 [INFO] LogOutputStream:77 - [STDOUT_REDIRECT] 1 : Invalid condition id : UX_CORESTACK_Condition cause : null
2023-11-11 22:18:42,987 [INFO] LogOutputStream:77 - [STDOUT_REDIRECT] 1 : Invalid condition id : UX_CORESTACK_Condition cause : null
2023-11-11 22:18:42,991 [INFO] LogOutputStream:77 - [STDOUT_REDIRECT] 1 : Invalid condition id : UX_CORESTACK_Condition cause : null
2023-11-11 22:18:43,000 [WARN] PackLoader:240 - Cannot read IP mode file for STMicroelectronics.X-CUBE-AZRTOS-WL.2.0.0
2023-11-11 22:18:43,023 [WARN] PackLoader:240 - Cannot read IP mode file for WES.I-CUBE-Cesium.1.3.0
2023-11-11 22:18:43,036 [WARN] PackLoader:240 - Cannot read IP mode file for STMicroelectronics.X-CUBE-BLE2.3.3.0
2023-11-11 22:18:43,069 [WARN] PackLoader:240 - Cannot read IP mode file for STMicroelectronics.X-CUBE-TOF1.3.2.0
2023-11-11 22:18:43,098 [WARN] PackLoader:240 - Cannot read IP mode file for STMicroelectronics.X-CUBE-TOUCHGFX.4.21.1
2023-11-11 22:18:43,105 [WARN] PackLoader:240 - Cannot read IP mode file for STMicroelectronics.X-CUBE-TOUCHGFX.4.21.3
2023-11-11 22:18:43,111 [WARN] PackLoader:240 - Cannot read IP mode file for STMicroelectronics.X-CUBE-TOUCHGFX.4.21.4
2023-11-11 22:18:43,125 [WARN] PackLoader:240 - Cannot read IP mode file for STMicroelectronics.X-CUBE-ALGOBUILD.1.3.0
2023-11-11 22:18:43,175 [WARN] PackLoader:240 - Cannot read IP mode file for STMicroelectronics.X-CUBE-AZRTOS-G0.1.1.0
2023-11-11 22:18:43,193 [WARN] PackLoader:240 - Cannot read IP mode file for STMicroelectronics.X-CUBE-NFC4.3.0.0
2023-11-11 22:18:43,217 [WARN] PackLoader:240 - Cannot read IP mode file for STMicroelectronics.X-CUBE-BLEMGR.3.0.0
2023-11-11 22:18:43,230 [WARN] PackLoader:240 - Cannot read IP mode file for STMicroelectronics.FP-ATR-SIGFOX1.3.2.0
2023-11-11 22:18:43,339 [WARN] PackLoader:240 - Cannot read IP mode file for STMicroelectronics.X-CUBE-MEMS1.9.5.0
2023-11-11 22:18:44,033 [WARN] PackLoader:240 - Cannot read IP mode file for SEGGER.I-CUBE-embOS.1.3.1
2023-11-11 22:18:44,142 [WARN] PackLoader:240 - Cannot read IP mode file for STMicroelectronics.X-CUBE-GNSS1.6.0.0
2023-11-11 22:18:44,184 [WARN] PackLoader:240 - Cannot read IP mode file for STMicroelectronics.X-CUBE-AZRTOS-F4.1.1.0
2023-11-11 22:18:44,234 [WARN] PackLoader:240 - Cannot read IP mode file for STMicroelectronics.X-CUBE-AZRTOS-L5.2.0.0
2023-11-11 22:18:44,331 [WARN] PackLoader:240 - Cannot read IP mode file for STMicroelectronics.X-CUBE-MEMS1.9.6.0
2023-11-11 22:18:44,464 [INFO] WebApp:157 - Instantiating new browser for Auth
2023-11-11 22:18:44,714 [WARN] PackLoader:240 - Cannot read IP mode file for STMicroelectronics.X-CUBE-EEPRMA1.4.2.0
2023-11-11 22:18:44,728 [WARN] PackLoader:240 - Cannot read IP mode file for ITTIA_DB.I-CUBE-ITTIADB.8.8.0
2023-11-11 22:18:44,743 [WARN] PackLoader:240 - Cannot read IP mode file for emotas.I-CUBE-CANOPEN.1.1.3
2023-11-11 22:18:44,758 [WARN] PackLoader:240 - Cannot read IP mode file for STMicroelectronics.X-CUBE-BLEMGR.2.0.0
2023-11-11 22:18:44,799 [WARN] ConditionMgr:438 - getConditionDescription Invalid condition id : UX DEVICE CLASS RTOS Condition cause : null
2023-11-11 22:18:44,799 [WARN] ConditionMgr:438 - getConditionDescription Invalid condition id : UX DEVICE CLASS RTOS Condition cause : null
2023-11-11 22:18:44,808 [WARN] PackLoader:240 - Cannot read IP mode file for STMicroelectronics.X-CUBE-AZRTOS-H7.3.1.0
2023-11-11 22:18:44,811 [WARN] ConditionMgr:1039 - genDependencies : Invalid condition id : UX DEVICE CLASS RTOS Condition cause : null
2023-11-11 22:18:44,811 [WARN] ConditionMgr:1039 - genDependencies : Invalid condition id : UX DEVICE CLASS RTOS Condition cause : null
2023-11-11 22:18:44,813 [WARN] ConditionMgr:1039 - genDependencies : Invalid condition id : UX DEVICE CLASS RTOS Condition cause : null
2023-11-11 22:18:44,814 [WARN] ConditionMgr:1039 - genDependencies : Invalid condition id : UX DEVICE CLASS RTOS Condition cause : null
2023-11-11 22:18:44,814 [WARN] ConditionMgr:1039 - genDependencies : Invalid condition id : UX DEVICE CLASS RTOS Condition cause : null
2023-11-11 22:18:44,826 [WARN] PackLoader:240 - Cannot read IP mode file for wolfSSL.I-CUBE-wolfSSL.5.5.4
2023-11-11 22:18:44,843 [WARN] PackLoader:240 - Cannot read IP mode file for STMicroelectronics.X-CUBE-NFC7.1.0.1
2023-11-11 22:18:44,853 [WARN] PackLoader:240 - Cannot read IP mode file for STMicroelectronics.X-CUBE-NFC7.1.0.0
2023-11-11 22:18:44,871 [WARN] PackLoader:240 - Cannot read IP mode file for STMicroelectronics.X-CUBE-NFC6.3.0.0
2023-11-11 22:18:44,886 [WARN] PackLoader:240 - Cannot read IP mode file for STMicroelectronics.X-CUBE-EEPRMA1.4.1.0
2023-11-11 22:18:44,896 [WARN] PackLoader:240 - Cannot read IP mode file for STMicroelectronics.X-CUBE-AI.8.1.0
2023-11-11 22:18:44,971 [WARN] ConditionMgr:438 - getConditionDescription Invalid condition id : LAN8742 Phy interface Condition cause : null
2023-11-11 22:18:44,972 [WARN] PackLoader:240 - Cannot read IP mode file for STMicroelectronics.X-CUBE-AZRTOS-L4.2.0.0
2023-11-11 22:18:44,976 [WARN] ConditionMgr:1039 - genDependencies : Invalid condition id : LAN8742 Phy interface Condition cause : null
2023-11-11 22:18:44,976 [WARN] ConditionMgr:1039 - genDependencies : Invalid condition id : LAN8742 Phy interface Condition cause : null
2023-11-11 22:18:44,978 [WARN] ConditionMgr:1039 - genDependencies : Invalid condition id : LAN8742 Phy interface Condition cause : null
2023-11-11 22:18:44,998 [WARN] PackLoader:240 - Cannot read IP mode file for STMicroelectronics.X-CUBE-SFXS2LP1.4.0.0
2023-11-11 22:18:45,050 [WARN] PackLoader:240 - Cannot read IP mode file for STMicroelectronics.X-CUBE-AZRTOS-H7.3.0.0
2023-11-11 22:18:45,068 [WARN] PackLoader:240 - Cannot read IP mode file for STMicroelectronics.X-CUBE-ISPU.1.1.0
2023-11-11 22:18:45,087 [WARN] PackLoader:240 - Cannot read IP mode file for RoweBots.I-CUBE-UNISONRTOS.5.5.0-4
2023-11-11 22:18:45,099 [WARN] PackLoader:240 - Cannot read IP mode file for STMicroelectronics.X-CUBE-AI.8.0.0
2023-11-11 22:18:45,130 [WARN] ConditionMgr:438 - getConditionDescription Invalid condition id : UX DEVICE CLASS RTOS Condition cause : null
2023-11-11 22:18:45,131 [WARN] ConditionMgr:438 - getConditionDescription Invalid condition id : UX DEVICE CLASS RTOS Condition cause : null
2023-11-11 22:18:45,137 [WARN] PackLoader:240 - Cannot read IP mode file for STMicroelectronics.X-CUBE-AZRTOS-WB.2.0.0
2023-11-11 22:18:45,138 [WARN] ConditionMgr:1039 - genDependencies : Invalid condition id : UX DEVICE CLASS RTOS Condition cause : null
2023-11-11 22:18:45,139 [WARN] ConditionMgr:1039 - genDependencies : Invalid condition id : UX DEVICE CLASS RTOS Condition cause : null
2023-11-11 22:18:45,139 [WARN] ConditionMgr:1039 - genDependencies : Invalid condition id : UX DEVICE CLASS RTOS Condition cause : null
2023-11-11 22:18:45,140 [WARN] ConditionMgr:1039 - genDependencies : Invalid condition id : UX DEVICE CLASS RTOS Condition cause : null
2023-11-11 22:18:45,140 [WARN] ConditionMgr:1039 - genDependencies : Invalid condition id : UX DEVICE CLASS RTOS Condition cause : null
2023-11-11 22:18:45,150 [WARN] PackLoader:240 - Cannot read IP mode file for STMicroelectronics.X-CUBE-FREERTOS.1.0.0
2023-11-11 22:18:45,158 [WARN] PackLoader:240 - Cannot read IP mode file for STMicroelectronics.X-CUBE-FREERTOS.1.0.1
2023-11-11 22:18:45,188 [WARN] PackLoader:240 - Cannot read IP mode file for STMicroelectronics.X-CUBE-AZRTOS-L5.1.1.0
2023-11-11 22:18:45,199 [WARN] PackLoader:240 - Cannot read IP mode file for STMicroelectronics.X-CUBE-AI.8.0.1
2023-11-11 22:18:45,219 [WARN] PackLoader:240 - Cannot read IP mode file for STMicroelectronics.X-CUBE-SUBG2.5.0.0
2023-11-11 22:18:45,246 [WARN] PackLoader:240 - Cannot read IP mode file for STMicroelectronics.X-CUBE-TOF1.3.3.1
2023-11-11 22:18:45,297 [WARN] PackLoader:240 - Cannot read IP mode file for STMicroelectronics.X-CUBE-AZRTOS-G4.2.0.0
2023-11-11 22:18:45,323 [WARN] PackLoader:240 - Cannot read IP mode file for STMicroelectronics.X-CUBE-TOF1.3.3.0
2023-11-11 22:18:45,349 [WARN] PackLoader:240 - Cannot read IP mode file for STMicroelectronics.FP-ATR-ASTRA1.1.1.1
2023-11-11 22:18:45,376 [WARN] PackLoader:240 - Cannot read IP mode file for Infineon.AIROC-Wi-Fi-Bluetooth-STM32.1.5.1
2023-11-11 22:18:45,416 [WARN] PackLoader:240 - Cannot read IP mode file for STMicroelectronics.X-CUBE-AZRTOS-G4.1.0.0
2023-11-11 22:18:45,461 [WARN] PackLoader:240 - Cannot read IP mode file for STMicroelectronics.X-CUBE-AZRTOS-L4.1.0.0
2023-11-11 22:18:45,552 [WARN] PackLoader:240 - Cannot read IP mode file for STMicroelectronics.X-CUBE-MEMS1.10.0.0
2023-11-11 22:18:45,830 [WARN] PackLoader:240 - Cannot read IP mode file for STMicroelectronics.X-CUBE-FREERTOS.1.1.0
2023-11-11 22:18:45,851 [WARN] PackLoader:240 - Cannot read IP mode file for STMicroelectronics.X-CUBE-AZRTOS-WL.1.0.0
2023-11-11 22:18:45,865 [WARN] PackLoader:240 - Cannot read IP mode file for portGmbH.I-Cube-SoM-uGOAL.1.1.0
2023-11-11 22:18:45,875 [WARN] PackLoader:240 - Cannot read IP mode file for STMicroelectronics.X-CUBE-ALS.1.0.1
2023-11-11 22:18:45,903 [WARN] PackLoader:240 - Cannot read IP mode file for STMicroelectronics.X-CUBE-AZRTOS-WB.1.1.0
2023-11-11 22:18:45,913 [WARN] PackLoader:240 - Cannot read IP mode file for STMicroelectronics.FP-ATR-ASTRA1.2.0.0
2023-11-11 22:18:45,915 [INFO] ThirdParty:978 - Integrity check success = true
2023-11-11 22:18:45,915 [INFO] IntegrityCheckThread:100 - exiting critical section [integrity check]
2023-11-11 22:18:45,915 [INFO] IntegrityCheckThread:103 - End integrity checks thread
2023-11-11 22:18:46,478 [INFO] WebApp:753 - Register for checkConnection events
2023-11-11 22:18:46,478 [INFO] WebApp:390 - Apply proxy settings
2023-11-11 22:18:46,478 [INFO] WebApp:475 - Chromium requires no authentication
2023-11-11 22:18:46,498 [INFO] WebApp:418 - Direct internet connection detected
2023-11-11 22:18:47,027 [INFO] WebApp:188 - Starting web application
2023-11-11 22:18:47,027 [INFO] WebApp:520 - Web application path used C:\ST\STM32CubeIDE_1.4.0\STM32CubeIDE\plugins\com.st.stm32cube.common.mx_6.9.1.202307191849\db\plugins\mcufinder\reactClient1\index.html
2023-11-11 22:58:18,336 [ERROR] LogOutputStream:75 - [STDERR_REDIRECT] SLF4J: Failed to load class "org.slf4j.impl.StaticLoggerBinder".
2023-11-11 22:58:18,337 [ERROR] LogOutputStream:75 - [STDERR_REDIRECT] SLF4J: Defaulting to no-operation (NOP) logger implementation
2023-11-11 22:58:18,341 [ERROR] LogOutputStream:75 - [STDERR_REDIRECT] SLF4J: See http://www.slf4j.org/codes.html#StaticLoggerBinder for further details.
