2024-01-27 10:57:25,978 [INFO] Activator:176 - 


2024-01-27 10:57:25,996 [INFO] Activator:177 - !SESSION log4j initialized
2024-01-27 10:57:46,723 [INFO] LogOutputStream:77 - [STDOUT_REDIRECT] 
2024-01-27 10:57:51,946 [INFO] ApplicationProperties:184 - Using Application install path: C:\ST\STM32CubeIDE_1.4.0\STM32CubeIDE\plugins\com.st.stm32cube.common.mx_6.9.1.202307191849
2024-01-27 10:57:51,993 [INFO] DbMcusXml:78 - Set database path to: C:\ST\STM32CubeIDE_1.4.0\STM32CubeIDE\plugins\com.st.stm32cube.common.mx_6.9.1.202307191849\\db\/mcu/
2024-01-27 10:57:51,994 [INFO] ApiDb:274 - Set plugin database path to: C:\ST\STM32CubeIDE_1.4.0\STM32CubeIDE\plugins\com.st.stm32cube.common.mx_6.9.1.202307191849\\db\/plugins/boardmanager/
2024-01-27 10:57:51,995 [WARN] ApiDb:259 - Overriding images path with different value:  => C:\ST\STM32CubeIDE_1.4.0\STM32CubeIDE\plugins\com.st.stm32cube.common.mx_6.9.1.202307191849\\db\/plugins/mcufinder/images/
2024-01-27 10:57:52,027 [INFO] ApiDb:250 - Set database path to: C:\Users\Minh\.stmcufinder\plugins\mcufinder//mcu/
2024-01-27 10:57:52,030 [INFO] DbMcusAds:125 - Set database path to: C:\Users\Minh\.stmcufinder\plugins\mcufinder//mcu/
2024-01-27 10:57:52,037 [INFO] CrossReferenceDbSqlite:203 - Set database path to: C:\Users\Minh\.stmcufinder\plugins\mcufinder//mcu/cs/
2024-01-27 10:57:52,424 [INFO] RulesReader:64 - Compatibility file has been processed (293 Rules)
2024-01-27 10:57:52,686 [INFO] DbMcusXml:78 - Set database path to: C:\ST\STM32CubeIDE_1.4.0\STM32CubeIDE\plugins\com.st.stm32cube.common.mx_6.9.1.202307191849\\db\/mcu/
2024-01-27 10:57:52,687 [INFO] ApiDb:274 - Set plugin database path to: C:\ST\STM32CubeIDE_1.4.0\STM32CubeIDE\plugins\com.st.stm32cube.common.mx_6.9.1.202307191849\\db\/plugins/boardmanager/
2024-01-27 10:57:52,687 [INFO] ApiDb:261 - Set plugin images path to: C:\ST\STM32CubeIDE_1.4.0\STM32CubeIDE\plugins\com.st.stm32cube.common.mx_6.9.1.202307191849\\db\/plugins/mcufinder/images/
2024-01-27 10:57:52,687 [WARN] DbFile:41 - Overriding database path with different value: C:\Users\Minh\.stmcufinder\plugins\mcufinder/ => C:\Users\Minh\.stmcufinder\plugins\mcufinder
2024-01-27 10:57:52,688 [INFO] ApiDb:250 - Set database path to: C:\Users\Minh\.stmcufinder\plugins\mcufinder//mcu/
2024-01-27 10:57:52,688 [WARN] DbFile:41 - Overriding database path with different value: C:\Users\Minh\.stmcufinder\plugins\mcufinder/ => C:\Users\Minh\.stmcufinder\plugins\mcufinder
2024-01-27 10:57:52,688 [INFO] DbMcusAds:125 - Set database path to: C:\Users\Minh\.stmcufinder\plugins\mcufinder//mcu/
2024-01-27 10:57:52,688 [WARN] DbFile:41 - Overriding database path with different value: C:\Users\Minh\.stmcufinder\plugins\mcufinder/ => C:\Users\Minh\.stmcufinder\plugins\mcufinder
2024-01-27 10:57:52,688 [WARN] DbFile:41 - Overriding database path with different value: C:\Users\Minh\.stmcufinder\plugins\mcufinder/ => C:\Users\Minh\.stmcufinder\plugins\mcufinder
2024-01-27 10:57:52,689 [INFO] CrossReferenceDbSqlite:203 - Set database path to: C:\Users\Minh\.stmcufinder\plugins\mcufinder//mcu/cs/
2024-01-27 10:57:52,907 [INFO] MainPanel:262 - HeapMemory: 268435456
2024-01-27 10:57:53,150 [INFO] DbMcusXml:78 - Set database path to: C:\ST\STM32CubeIDE_1.4.0\STM32CubeIDE\plugins\com.st.stm32cube.common.mx_6.9.1.202307191849\\db\/mcu/
2024-01-27 10:57:53,150 [INFO] ApiDb:274 - Set plugin database path to: C:\ST\STM32CubeIDE_1.4.0\STM32CubeIDE\plugins\com.st.stm32cube.common.mx_6.9.1.202307191849\\db\/plugins/boardmanager/
2024-01-27 10:57:53,151 [INFO] ApiDb:261 - Set plugin images path to: C:\ST\STM32CubeIDE_1.4.0\STM32CubeIDE\plugins\com.st.stm32cube.common.mx_6.9.1.202307191849\\db\/plugins/mcufinder/images/
2024-01-27 10:57:53,152 [WARN] DbFile:41 - Overriding database path with different value: C:\Users\Minh\.stmcufinder\plugins\mcufinder/ => C:\Users\Minh\.stmcufinder\plugins\mcufinder
2024-01-27 10:57:53,152 [INFO] ApiDb:250 - Set database path to: C:\Users\Minh\.stmcufinder\plugins\mcufinder//mcu/
2024-01-27 10:57:53,153 [WARN] DbFile:41 - Overriding database path with different value: C:\Users\Minh\.stmcufinder\plugins\mcufinder/ => C:\Users\Minh\.stmcufinder\plugins\mcufinder
2024-01-27 10:57:53,153 [INFO] DbMcusAds:125 - Set database path to: C:\Users\Minh\.stmcufinder\plugins\mcufinder//mcu/
2024-01-27 10:57:53,153 [WARN] DbFile:41 - Overriding database path with different value: C:\Users\Minh\.stmcufinder\plugins\mcufinder/ => C:\Users\Minh\.stmcufinder\plugins\mcufinder
2024-01-27 10:57:53,153 [WARN] DbFile:41 - Overriding database path with different value: C:\Users\Minh\.stmcufinder\plugins\mcufinder/ => C:\Users\Minh\.stmcufinder\plugins\mcufinder
2024-01-27 10:57:53,153 [INFO] CrossReferenceDbSqlite:203 - Set database path to: C:\Users\Minh\.stmcufinder\plugins\mcufinder//mcu/cs/
2024-01-27 10:57:53,197 [INFO] ApplicationProperties:184 - Using Application install path: C:\ST\STM32CubeIDE_1.4.0\STM32CubeIDE\plugins\com.st.stm32cube.common.mx_6.9.1.202307191849
2024-01-27 10:57:53,201 [INFO] PluginManage:196 - Search for loadable plugins [exclusion list=, ]
2024-01-27 10:57:53,205 [INFO] PluginManage:310 - Check plugin analytics
2024-01-27 10:57:53,670 [INFO] AnalyticsPlugin:253 - Accepted Software Licenses: STM32CubeMX.6.0.0,STM32CubeMX.5.2.0
2024-01-27 10:57:53,671 [INFO] AnalyticsPlugin:255 - Accepted CMSIS Pack Licenses: 
2024-01-27 10:57:53,671 [INFO] AnalyticsPlugin:257 - Accepted Firmware Licenses: 
2024-01-27 10:57:53,679 [INFO] PluginManage:359 - Loaded plugin analytics (category:tool,tabindex:-1)
2024-01-27 10:57:53,680 [INFO] PluginManage:310 - Check plugin cadmodel
2024-01-27 10:57:53,726 [INFO] CADModel:105 - Init CAD model plugin
2024-01-27 10:57:53,727 [INFO] PluginManage:359 - Loaded plugin cadmodel (category:power,tabindex:5)
2024-01-27 10:57:53,727 [INFO] PluginManage:310 - Check plugin clock
2024-01-27 10:57:53,791 [INFO] PluginManage:359 - Loaded plugin clock (category:base,tabindex:2)
2024-01-27 10:57:53,792 [INFO] PluginManage:310 - Check plugin ddr
2024-01-27 10:57:53,799 [INFO] PluginManage:359 - Loaded plugin ddr (category:tool,tabindex:6)
2024-01-27 10:57:53,800 [INFO] PluginManage:310 - Check plugin filemanager
2024-01-27 10:57:54,200 [INFO] PluginManage:359 - Loaded plugin filemanager (category:base,tabindex:10)
2024-01-27 10:57:54,200 [INFO] PluginManage:310 - Check plugin ipmanager
2024-01-27 10:57:54,221 [INFO] PluginManage:359 - Loaded plugin ipmanager (category:base,tabindex:5)
2024-01-27 10:57:54,221 [INFO] PluginManage:310 - Check plugin lpbam
2024-01-27 10:57:54,274 [INFO] PluginManage:359 - Loaded plugin lpbam (category:base,tabindex:0)
2024-01-27 10:57:54,275 [INFO] PluginManage:310 - Check plugin memorymap
2024-01-27 10:57:54,335 [INFO] PluginManage:359 - Loaded plugin memorymap (category:base,tabindex:4)
2024-01-27 10:57:54,335 [INFO] PluginManage:310 - Check plugin pinoutandconfiguration
2024-01-27 10:57:54,376 [INFO] PluginManage:359 - Loaded plugin pinoutandconfiguration (category:base,tabindex:1)
2024-01-27 10:57:54,376 [INFO] PluginManage:310 - Check plugin pinoutconfig
2024-01-27 10:57:54,673 [WARN] SupportedApi:132 - Cannot load RTOS API schema: s4s-elt-must-match.1: The content of 'definitions' must match (annotation?, (simpleType | complexType)?, (unique | key | keyref)*)). A problem was found starting at: attribute.
2024-01-27 10:57:55,052 [INFO] PluginManage:359 - Loaded plugin pinoutconfig (category:base,tabindex:0)
2024-01-27 10:57:55,053 [INFO] PluginManage:310 - Check plugin power
2024-01-27 10:57:55,106 [INFO] PluginManage:359 - Loaded plugin power (category:power,tabindex:4)
2024-01-27 10:57:55,107 [INFO] PluginManage:310 - Check plugin projectmanager
2024-01-27 10:57:55,146 [INFO] PluginManage:359 - Loaded plugin projectmanager (category:projectmanager,tabindex:3)
2024-01-27 10:57:55,147 [INFO] PluginManage:310 - Check plugin thirdparty
2024-01-27 10:57:55,894 [INFO] PluginManage:359 - Loaded plugin thirdparty (category:base,tabindex:-1)
2024-01-27 10:57:55,894 [WARN] IntegrityCheckThread:84 - waiting for thirdparty lock release [integrity check]
2024-01-27 10:57:55,895 [INFO] PluginManage:310 - Check plugin tools
2024-01-27 10:57:55,895 [INFO] IntegrityCheckThread:86 - entering critical section [integrity check]
2024-01-27 10:57:55,897 [INFO] ThirdPartyUpdaterWithRetryManager:70 - Updater plugin not ready yet. [1/15]
2024-01-27 10:57:55,993 [INFO] PluginManage:359 - Loaded plugin tools (category:base,tabindex:7)
2024-01-27 10:57:55,994 [INFO] PluginManage:310 - Check plugin tutovideos
2024-01-27 10:57:56,482 [INFO] PluginManage:359 - Loaded plugin tutovideos (category:base,tabindex:-1)
2024-01-27 10:57:56,482 [INFO] PluginManage:310 - Check plugin updater
2024-01-27 10:57:56,508 [INFO] PluginManage:359 - Loaded plugin updater (category:base,tabindex:12)
2024-01-27 10:57:56,508 [INFO] PluginManage:310 - Check plugin userauth
2024-01-27 10:57:56,520 [INFO] UserAuth:113 - Init User Auth plugin
2024-01-27 10:57:56,520 [INFO] PluginManage:359 - Loaded plugin userauth (category:base,tabindex:14)
2024-01-27 10:57:56,521 [INFO] PluginManage:283 - PluginManage : Loaded plugins [17]
2024-01-27 10:57:57,049 [INFO] PinOutPanel:1499 - setPackage(No Configuration,No Configuration)
2024-01-27 10:57:57,314 [INFO] CADModel:165 - CPN selected for project level
2024-01-27 10:57:57,315 [INFO] CADModel:114 - Register for checkConnection events
2024-01-27 10:57:57,379 [INFO] IPUIPlugin:80 - create IPUIPlugin
2024-01-27 10:57:57,380 [INFO] PluginManager:220 - loadIPPluginJar : add adc
2024-01-27 10:57:57,476 [INFO] IPUIPlugin:80 - create IPUIPlugin
2024-01-27 10:57:57,477 [INFO] PluginManager:220 - loadIPPluginJar : add aes
2024-01-27 10:57:57,597 [INFO] IPUIPlugin:80 - create IPUIPlugin
2024-01-27 10:57:57,597 [INFO] PluginManager:220 - loadIPPluginJar : add can
2024-01-27 10:57:57,652 [INFO] IPUIPlugin:80 - create IPUIPlugin
2024-01-27 10:57:57,652 [INFO] PluginManager:220 - loadIPPluginJar : add comp
2024-01-27 10:57:57,742 [INFO] IPUIPlugin:80 - create IPUIPlugin
2024-01-27 10:57:57,743 [INFO] PluginManager:220 - loadIPPluginJar : add cryp
2024-01-27 10:57:57,824 [INFO] IPUIPlugin:80 - create IPUIPlugin
2024-01-27 10:57:57,824 [INFO] PluginManager:220 - loadIPPluginJar : add dfsdm
2024-01-27 10:57:57,856 [INFO] IPUIPlugin:80 - create IPUIPlugin
2024-01-27 10:57:57,858 [INFO] PluginManager:220 - loadIPPluginJar : add dma
2024-01-27 10:57:57,982 [INFO] IPUIPlugin:80 - create IPUIPlugin
2024-01-27 10:57:57,982 [INFO] PluginManager:220 - loadIPPluginJar : add dma3
2024-01-27 10:57:58,034 [INFO] IPUIPlugin:80 - create IPUIPlugin
2024-01-27 10:57:58,034 [INFO] PluginManager:220 - loadIPPluginJar : add fatfs
2024-01-27 10:57:58,158 [INFO] IPUIPlugin:80 - create IPUIPlugin
2024-01-27 10:57:58,158 [INFO] PluginManager:220 - loadIPPluginJar : add fmc
2024-01-27 10:57:58,194 [INFO] IPUIPlugin:80 - create IPUIPlugin
2024-01-27 10:57:58,195 [INFO] PluginManager:220 - loadIPPluginJar : add freertos
2024-01-27 10:57:58,247 [INFO] IPUIPlugin:80 - create IPUIPlugin
2024-01-27 10:57:58,247 [INFO] PluginManager:220 - loadIPPluginJar : add genericplugin
2024-01-27 10:57:58,512 [INFO] IPUIPlugin:80 - create IPUIPlugin
2024-01-27 10:57:58,513 [INFO] PluginManager:220 - loadIPPluginJar : add gfxmmu
2024-01-27 10:57:58,856 [INFO] IPUIPlugin:80 - create IPUIPlugin
2024-01-27 10:57:58,857 [INFO] PluginManager:220 - loadIPPluginJar : add gic
2024-01-27 10:57:58,884 [INFO] IPUIPlugin:80 - create IPUIPlugin
2024-01-27 10:57:58,884 [INFO] PluginManager:220 - loadIPPluginJar : add gpio
2024-01-27 10:57:58,898 [INFO] ThirdPartyUpdaterWithRetryManager:70 - Updater plugin not ready yet. [2/15]
2024-01-27 10:57:59,095 [INFO] IPUIPlugin:80 - create IPUIPlugin
2024-01-27 10:57:59,096 [INFO] PluginManager:220 - loadIPPluginJar : add gtzc
2024-01-27 10:57:59,188 [INFO] IPUIPlugin:80 - create IPUIPlugin
2024-01-27 10:57:59,188 [INFO] PluginManager:220 - loadIPPluginJar : add hash
2024-01-27 10:57:59,337 [INFO] IPUIPlugin:80 - create IPUIPlugin
2024-01-27 10:57:59,337 [INFO] PluginManager:220 - loadIPPluginJar : add i2c
2024-01-27 10:57:59,444 [INFO] IPUIPlugin:80 - create IPUIPlugin
2024-01-27 10:57:59,444 [INFO] PluginManager:220 - loadIPPluginJar : add i2s
2024-01-27 10:57:59,568 [INFO] IPUIPlugin:80 - create IPUIPlugin
2024-01-27 10:57:59,568 [INFO] PluginManager:220 - loadIPPluginJar : add i3c
2024-01-27 10:57:59,840 [INFO] IPUIPlugin:80 - create IPUIPlugin
2024-01-27 10:57:59,841 [INFO] PluginManager:220 - loadIPPluginJar : add ipddr
2024-01-27 10:58:00,093 [INFO] IPUIPlugin:80 - create IPUIPlugin
2024-01-27 10:58:00,093 [INFO] PluginManager:220 - loadIPPluginJar : add linkedlist
2024-01-27 10:58:00,190 [INFO] IPUIPlugin:80 - create IPUIPlugin
2024-01-27 10:58:00,190 [INFO] PluginManager:220 - loadIPPluginJar : add lorawan
2024-01-27 10:58:00,288 [INFO] IPUIPlugin:80 - create IPUIPlugin
2024-01-27 10:58:00,288 [INFO] PluginManager:220 - loadIPPluginJar : add ltdc
2024-01-27 10:58:00,329 [INFO] IPUIPlugin:80 - create IPUIPlugin
2024-01-27 10:58:00,330 [INFO] PluginManager:220 - loadIPPluginJar : add mdma
2024-01-27 10:58:00,366 [INFO] IPUIPlugin:80 - create IPUIPlugin
2024-01-27 10:58:00,366 [INFO] PluginManager:220 - loadIPPluginJar : add nvic
2024-01-27 10:58:00,469 [INFO] IPUIPlugin:80 - create IPUIPlugin
2024-01-27 10:58:00,469 [INFO] PluginManager:220 - loadIPPluginJar : add opamp
2024-01-27 10:58:00,629 [INFO] IPUIPlugin:80 - create IPUIPlugin
2024-01-27 10:58:00,629 [INFO] PluginManager:220 - loadIPPluginJar : add openamp
2024-01-27 10:58:00,742 [INFO] IPUIPlugin:80 - create IPUIPlugin
2024-01-27 10:58:00,742 [INFO] PluginManager:220 - loadIPPluginJar : add pdm2pcm
2024-01-27 10:58:00,776 [INFO] IPUIPlugin:80 - create IPUIPlugin
2024-01-27 10:58:00,783 [INFO] PluginManager:220 - loadIPPluginJar : add plateformsettings
2024-01-27 10:58:00,845 [INFO] IPUIPlugin:80 - create IPUIPlugin
2024-01-27 10:58:00,845 [INFO] PluginManager:220 - loadIPPluginJar : add quadspi
2024-01-27 10:58:00,880 [INFO] IPUIPlugin:80 - create IPUIPlugin
2024-01-27 10:58:00,880 [INFO] PluginManager:220 - loadIPPluginJar : add resmgrutility
2024-01-27 10:58:01,001 [INFO] IPUIPlugin:80 - create IPUIPlugin
2024-01-27 10:58:01,001 [INFO] PluginManager:220 - loadIPPluginJar : add sai
2024-01-27 10:58:01,104 [INFO] IPUIPlugin:80 - create IPUIPlugin
2024-01-27 10:58:01,105 [INFO] PluginManager:220 - loadIPPluginJar : add spi
2024-01-27 10:58:01,250 [INFO] IPUIPlugin:80 - create IPUIPlugin
2024-01-27 10:58:01,250 [INFO] PluginManager:220 - loadIPPluginJar : add stm32_wpan
2024-01-27 10:58:01,302 [INFO] IPUIPlugin:80 - create IPUIPlugin
2024-01-27 10:58:01,302 [INFO] PluginManager:220 - loadIPPluginJar : add tim
2024-01-27 10:58:01,442 [INFO] IPUIPlugin:80 - create IPUIPlugin
2024-01-27 10:58:01,442 [INFO] PluginManager:220 - loadIPPluginJar : add touchsensing
2024-01-27 10:58:01,502 [INFO] IPUIPlugin:80 - create IPUIPlugin
2024-01-27 10:58:01,503 [INFO] PluginManager:220 - loadIPPluginJar : add tracer_emb
2024-01-27 10:58:01,562 [INFO] IPUIPlugin:80 - create IPUIPlugin
2024-01-27 10:58:01,563 [INFO] PluginManager:220 - loadIPPluginJar : add ts
2024-01-27 10:58:01,621 [INFO] IPUIPlugin:80 - create IPUIPlugin
2024-01-27 10:58:01,621 [INFO] PluginManager:220 - loadIPPluginJar : add tsc
2024-01-27 10:58:01,677 [INFO] IPUIPlugin:80 - create IPUIPlugin
2024-01-27 10:58:01,678 [INFO] PluginManager:220 - loadIPPluginJar : add ucpd
2024-01-27 10:58:01,787 [INFO] IPUIPlugin:80 - create IPUIPlugin
2024-01-27 10:58:01,788 [INFO] PluginManager:220 - loadIPPluginJar : add usart
2024-01-27 10:58:01,901 [INFO] ThirdPartyUpdaterWithRetryManager:70 - Updater plugin not ready yet. [3/15]
2024-01-27 10:58:01,901 [INFO] IPUIPlugin:80 - create IPUIPlugin
2024-01-27 10:58:01,901 [INFO] PluginManager:220 - loadIPPluginJar : add usbx
2024-01-27 10:58:02,097 [INFO] CADModel:165 - CPN selected for project level
2024-01-27 10:58:02,097 [INFO] CADModel:114 - Register for checkConnection events
2024-01-27 10:58:02,098 [FATAL] Updater:308 - Updater called before beeing initialized
2024-01-27 10:58:02,098 [ERROR] CADModel:125 - Updater not yet initialized, retry later 
2024-01-27 10:58:02,487 [INFO] CADModel:165 - CPN selected for project level
2024-01-27 10:58:02,489 [INFO] CADModel:114 - Register for checkConnection events
2024-01-27 10:58:02,489 [FATAL] Updater:308 - Updater called before beeing initialized
2024-01-27 10:58:02,489 [ERROR] CADModel:125 - Updater not yet initialized, retry later 
2024-01-27 10:58:02,499 [FATAL] Updater:308 - Updater called before beeing initialized
2024-01-27 10:58:02,776 [FATAL] Updater:308 - Updater called before beeing initialized
2024-01-27 10:58:02,793 [INFO] DbMcusAds:53 - JSON generation date=Wed Nov 29 19:52:27 JST 2023 (1701255147200)
2024-01-27 10:58:02,793 [FATAL] Updater:308 - Updater called before beeing initialized
2024-01-27 10:58:03,019 [WARN] DetailPanel:346 - Failed to get advertising image, set to default
2024-01-27 10:58:03,260 [FATAL] Updater:308 - Updater called before beeing initialized
2024-01-27 10:58:03,264 [FATAL] Updater:308 - Updater called before beeing initialized
2024-01-27 10:58:03,264 [FATAL] Updater:308 - Updater called before beeing initialized
2024-01-27 10:58:03,264 [WARN] DetailPanel:346 - Failed to get advertising image, set to default
2024-01-27 10:58:03,265 [FATAL] Updater:308 - Updater called before beeing initialized
2024-01-27 10:58:03,416 [ERROR] Updater:1120 - MainUpdater not yet initialized. External WinMGr cannot be set.
2024-01-27 10:58:03,443 [INFO] Updater:1056 - Updater Version found : 6.9.1
2024-01-27 10:58:03,490 [INFO] ApplicationProperties:184 - Using Application install path: C:\ST\STM32CubeIDE_1.4.0\STM32CubeIDE\plugins\com.st.stm32cube.common.mx_6.9.1.202307191849
2024-01-27 10:58:04,851 [INFO] MainUpdater:2868 - connection check result : 10
2024-01-27 10:58:04,852 [INFO] MainUpdater:285 - Updater Check For Update Now.
2024-01-27 10:58:04,852 [INFO] MicroXplorer:498 - Change Database Version : DB.6.0.91
2024-01-27 10:58:04,892 [INFO] McuFinderGlobals:63 - Set McuFinder mode to 2 (CubeIDE integrated)
2024-01-27 10:58:04,892 [INFO] UserAuth:179 - activating auth plugin
2024-01-27 10:58:04,902 [INFO] UserAuth:393 - Internet connection configuration mode: 1
2024-01-27 10:58:04,902 [WARN] MainUpdater:1189 - Updater busy. Cannot search thirdparties
2024-01-27 10:58:04,902 [INFO] ThirdPartyUpdaterWithRetryManager:96 - Updater plugin is busy. [1/15]
2024-01-27 10:58:05,011 [INFO] JxBrowserEngine:151 - Initiate JxBrowser Engine with user profile folder
2024-01-27 10:58:05,188 [INFO] CheckServerUpdateThread:120 - End of CheckServer Thread
2024-01-27 10:58:07,164 [INFO] WebApp:157 - Instantiating new browser for Auth
2024-01-27 10:58:08,759 [WARN] PackLoader:240 - Cannot read IP mode file for STMicroelectronics.X-CUBE-SMBUS.2.1.0
2024-01-27 10:58:08,786 [WARN] PackLoader:240 - Cannot read IP mode file for STMicroelectronics.X-CUBE-TOUCHGFX.4.23.0
2024-01-27 10:58:08,959 [WARN] PackLoader:240 - Cannot read IP mode file for STMicroelectronics.X-CUBE-AZRTOS-F7.1.1.0
2024-01-27 10:58:09,007 [ERROR] RealEvaluatedCondition:428 - Found unsupported composite condition: CLASS='Data Exchange' GROUP='STM32_MetaDataManager'
2024-01-27 10:58:09,008 [ERROR] RealEvaluatedCondition:428 - Found unsupported composite condition: CLASS='Data Exchange' GROUP='STM32_MetaDataManager'
2024-01-27 10:58:09,015 [WARN] PackLoader:240 - Cannot read IP mode file for STMicroelectronics.FP-SNS-MOTENV1.4.3.0
2024-01-27 10:58:09,042 [WARN] PackLoader:240 - Cannot read IP mode file for STMicroelectronics.FP-SNS-MOTENV1.4.3.2
2024-01-27 10:58:09,065 [WARN] PackLoader:240 - Cannot read IP mode file for STMicroelectronics.FP-SNS-FLIGHT1.5.0.0
2024-01-27 10:58:09,076 [ERROR] RealEvaluatedCondition:428 - Found unsupported composite condition: CLASS='Data Exchange' GROUP='STM32_MetaDataManager'
2024-01-27 10:58:09,078 [ERROR] RealEvaluatedCondition:428 - Found unsupported composite condition: GROUP='STM32_MetaDataManager' CLASS='Data Exchange'
2024-01-27 10:58:09,085 [WARN] PackLoader:240 - Cannot read IP mode file for STMicroelectronics.FP-SNS-MOTENV1.4.3.1
2024-01-27 10:58:09,113 [WARN] PackLoader:240 - Cannot read IP mode file for STMicroelectronics.FP-SNS-FLIGHT1.5.0.1
2024-01-27 10:58:09,143 [WARN] PackLoader:240 - Cannot read IP mode file for STMicroelectronics.X-CUBE-BLE1.6.2.4
2024-01-27 10:58:09,158 [WARN] PackLoader:240 - Cannot read IP mode file for STMicroelectronics.FP-SNS-FLIGHT1.5.0.2
2024-01-27 10:58:09,352 [WARN] PackLoader:240 - Cannot read IP mode file for STMicroelectronics.X-CUBE-DISPLAY.3.0.0
2024-01-27 10:58:09,415 [WARN] PackLoader:240 - Cannot read IP mode file for STMicroelectronics.X-CUBE-BLE1.7.0.0
2024-01-27 10:58:09,435 [WARN] PackLoader:240 - Cannot read IP mode file for STMicroelectronics.X-CUBE-TOUCHGFX.4.22.0
2024-01-27 10:58:09,444 [WARN] PackLoader:240 - Cannot read IP mode file for STMicroelectronics.X-CUBE-TOUCHGFX.4.22.1
2024-01-27 10:58:09,466 [WARN] PackLoader:240 - Cannot read IP mode file for STMicroelectronics.FP-SNS-SMARTAG2.1.2.0
2024-01-27 10:58:09,515 [INFO] LogOutputStream:77 - [STDOUT_REDIRECT] 1 : Invalid condition id : UX_CORESTACK_Condition cause : null
2024-01-27 10:58:09,518 [INFO] LogOutputStream:77 - [STDOUT_REDIRECT] 1 : Invalid condition id : UX_CORESTACK_Condition cause : null
2024-01-27 10:58:09,522 [INFO] WebApp:753 - Register for checkConnection events
2024-01-27 10:58:09,522 [INFO] WebApp:390 - Apply proxy settings
2024-01-27 10:58:09,523 [INFO] WebApp:475 - Chromium requires no authentication
2024-01-27 10:58:09,526 [INFO] LogOutputStream:77 - [STDOUT_REDIRECT] 1 : Invalid condition id : UX_CORESTACK_Condition cause : null
2024-01-27 10:58:09,535 [INFO] LogOutputStream:77 - [STDOUT_REDIRECT] 1 : Invalid condition id : UX_CORESTACK_Condition cause : null
2024-01-27 10:58:09,541 [INFO] LogOutputStream:77 - [STDOUT_REDIRECT] 1 : Invalid condition id : UX_CORESTACK_Condition cause : null
2024-01-27 10:58:09,557 [WARN] PackLoader:240 - Cannot read IP mode file for STMicroelectronics.X-CUBE-AZRTOS-WL.2.0.0
2024-01-27 10:58:09,566 [INFO] WebApp:418 - Direct internet connection detected
2024-01-27 10:58:09,633 [WARN] PackLoader:240 - Cannot read IP mode file for WES.I-CUBE-Cesium.1.3.0
2024-01-27 10:58:09,649 [WARN] PackLoader:240 - Cannot read IP mode file for STMicroelectronics.X-CUBE-BLE2.3.3.0
2024-01-27 10:58:09,712 [WARN] PackLoader:240 - Cannot read IP mode file for STMicroelectronics.X-CUBE-TOF1.3.2.0
2024-01-27 10:58:09,763 [WARN] PackLoader:240 - Cannot read IP mode file for STMicroelectronics.X-CUBE-TOUCHGFX.4.21.1
2024-01-27 10:58:09,775 [WARN] PackLoader:240 - Cannot read IP mode file for STMicroelectronics.X-CUBE-TOUCHGFX.4.21.3
2024-01-27 10:58:09,786 [WARN] PackLoader:240 - Cannot read IP mode file for STMicroelectronics.X-CUBE-TOUCHGFX.4.21.4
2024-01-27 10:58:09,804 [WARN] PackLoader:240 - Cannot read IP mode file for STMicroelectronics.X-CUBE-ALGOBUILD.1.3.0
2024-01-27 10:58:09,863 [WARN] PackLoader:240 - Cannot read IP mode file for STMicroelectronics.X-CUBE-AZRTOS-G0.1.1.0
2024-01-27 10:58:09,893 [WARN] PackLoader:240 - Cannot read IP mode file for STMicroelectronics.X-CUBE-NFC4.3.0.0
2024-01-27 10:58:09,932 [WARN] PackLoader:240 - Cannot read IP mode file for STMicroelectronics.X-CUBE-BLEMGR.3.0.0
2024-01-27 10:58:09,954 [WARN] PackLoader:240 - Cannot read IP mode file for STMicroelectronics.FP-ATR-SIGFOX1.3.2.0
2024-01-27 10:58:10,107 [WARN] PackLoader:240 - Cannot read IP mode file for STMicroelectronics.X-CUBE-MEMS1.9.5.0
2024-01-27 10:58:10,556 [INFO] WebApp:188 - Starting web application
2024-01-27 10:58:10,556 [INFO] WebApp:520 - Web application path used C:\ST\STM32CubeIDE_1.4.0\STM32CubeIDE\plugins\com.st.stm32cube.common.mx_6.9.1.202307191849\db\plugins\mcufinder\reactClient1\index.html
2024-01-27 10:58:10,968 [WARN] PackLoader:240 - Cannot read IP mode file for SEGGER.I-CUBE-embOS.1.3.1
2024-01-27 10:58:11,194 [WARN] PackLoader:240 - Cannot read IP mode file for STMicroelectronics.X-CUBE-GNSS1.6.0.0
2024-01-27 10:58:11,258 [WARN] PackLoader:240 - Cannot read IP mode file for STMicroelectronics.X-CUBE-AZRTOS-F4.1.1.0
2024-01-27 10:58:11,354 [WARN] PackLoader:240 - Cannot read IP mode file for STMicroelectronics.X-CUBE-AZRTOS-L5.2.0.0
2024-01-27 10:58:11,643 [WARN] PackLoader:240 - Cannot read IP mode file for STMicroelectronics.X-CUBE-MEMS1.9.6.0
2024-01-27 10:58:12,205 [WARN] PackLoader:240 - Cannot read IP mode file for STMicroelectronics.X-CUBE-EEPRMA1.4.2.0
2024-01-27 10:58:12,223 [WARN] PackLoader:240 - Cannot read IP mode file for ITTIA_DB.I-CUBE-ITTIADB.8.8.0
2024-01-27 10:58:12,242 [WARN] PackLoader:240 - Cannot read IP mode file for emotas.I-CUBE-CANOPEN.1.1.3
2024-01-27 10:58:12,264 [WARN] PackLoader:240 - Cannot read IP mode file for STMicroelectronics.X-CUBE-BLEMGR.2.0.0
2024-01-27 10:58:12,334 [WARN] ConditionMgr:438 - getConditionDescription Invalid condition id : UX DEVICE CLASS RTOS Condition cause : null
2024-01-27 10:58:12,335 [WARN] ConditionMgr:438 - getConditionDescription Invalid condition id : UX DEVICE CLASS RTOS Condition cause : null
2024-01-27 10:58:12,347 [WARN] PackLoader:240 - Cannot read IP mode file for STMicroelectronics.X-CUBE-AZRTOS-H7.3.1.0
2024-01-27 10:58:12,350 [WARN] ConditionMgr:1039 - genDependencies : Invalid condition id : UX DEVICE CLASS RTOS Condition cause : null
2024-01-27 10:58:12,351 [WARN] ConditionMgr:1039 - genDependencies : Invalid condition id : UX DEVICE CLASS RTOS Condition cause : null
2024-01-27 10:58:12,354 [WARN] ConditionMgr:1039 - genDependencies : Invalid condition id : UX DEVICE CLASS RTOS Condition cause : null
2024-01-27 10:58:12,355 [WARN] ConditionMgr:1039 - genDependencies : Invalid condition id : UX DEVICE CLASS RTOS Condition cause : null
2024-01-27 10:58:12,356 [WARN] ConditionMgr:1039 - genDependencies : Invalid condition id : UX DEVICE CLASS RTOS Condition cause : null
2024-01-27 10:58:12,382 [WARN] PackLoader:240 - Cannot read IP mode file for wolfSSL.I-CUBE-wolfSSL.5.5.4
2024-01-27 10:58:12,401 [WARN] PackLoader:240 - Cannot read IP mode file for STMicroelectronics.X-CUBE-NFC7.1.0.1
2024-01-27 10:58:12,418 [WARN] PackLoader:240 - Cannot read IP mode file for STMicroelectronics.X-CUBE-NFC7.1.0.0
2024-01-27 10:58:12,445 [WARN] PackLoader:240 - Cannot read IP mode file for STMicroelectronics.X-CUBE-NFC6.3.0.0
2024-01-27 10:58:12,465 [WARN] PackLoader:240 - Cannot read IP mode file for STMicroelectronics.X-CUBE-EEPRMA1.4.1.0
2024-01-27 10:58:12,477 [WARN] PackLoader:240 - Cannot read IP mode file for STMicroelectronics.X-CUBE-AI.8.1.0
2024-01-27 10:58:12,536 [WARN] ConditionMgr:438 - getConditionDescription Invalid condition id : LAN8742 Phy interface Condition cause : null
2024-01-27 10:58:12,538 [WARN] PackLoader:240 - Cannot read IP mode file for STMicroelectronics.X-CUBE-AZRTOS-L4.2.0.0
2024-01-27 10:58:12,542 [WARN] ConditionMgr:1039 - genDependencies : Invalid condition id : LAN8742 Phy interface Condition cause : null
2024-01-27 10:58:12,543 [WARN] ConditionMgr:1039 - genDependencies : Invalid condition id : LAN8742 Phy interface Condition cause : null
2024-01-27 10:58:12,544 [WARN] ConditionMgr:1039 - genDependencies : Invalid condition id : LAN8742 Phy interface Condition cause : null
2024-01-27 10:58:12,603 [WARN] PackLoader:240 - Cannot read IP mode file for STMicroelectronics.X-CUBE-SFXS2LP1.4.0.0
2024-01-27 10:58:12,704 [WARN] PackLoader:240 - Cannot read IP mode file for STMicroelectronics.X-CUBE-AZRTOS-H7.3.0.0
2024-01-27 10:58:12,755 [WARN] PackLoader:240 - Cannot read IP mode file for STMicroelectronics.X-CUBE-ISPU.1.1.0
2024-01-27 10:58:12,776 [WARN] PackLoader:240 - Cannot read IP mode file for RoweBots.I-CUBE-UNISONRTOS.5.5.0-4
2024-01-27 10:58:12,786 [WARN] PackLoader:240 - Cannot read IP mode file for STMicroelectronics.X-CUBE-AI.8.0.0
2024-01-27 10:58:12,822 [WARN] ConditionMgr:438 - getConditionDescription Invalid condition id : UX DEVICE CLASS RTOS Condition cause : null
2024-01-27 10:58:12,822 [WARN] ConditionMgr:438 - getConditionDescription Invalid condition id : UX DEVICE CLASS RTOS Condition cause : null
2024-01-27 10:58:12,832 [WARN] PackLoader:240 - Cannot read IP mode file for STMicroelectronics.X-CUBE-AZRTOS-WB.2.0.0
2024-01-27 10:58:12,833 [WARN] ConditionMgr:1039 - genDependencies : Invalid condition id : UX DEVICE CLASS RTOS Condition cause : null
2024-01-27 10:58:12,834 [WARN] ConditionMgr:1039 - genDependencies : Invalid condition id : UX DEVICE CLASS RTOS Condition cause : null
2024-01-27 10:58:12,835 [WARN] ConditionMgr:1039 - genDependencies : Invalid condition id : UX DEVICE CLASS RTOS Condition cause : null
2024-01-27 10:58:12,836 [WARN] ConditionMgr:1039 - genDependencies : Invalid condition id : UX DEVICE CLASS RTOS Condition cause : null
2024-01-27 10:58:12,836 [WARN] ConditionMgr:1039 - genDependencies : Invalid condition id : UX DEVICE CLASS RTOS Condition cause : null
2024-01-27 10:58:12,851 [WARN] PackLoader:240 - Cannot read IP mode file for STMicroelectronics.X-CUBE-FREERTOS.1.0.0
2024-01-27 10:58:12,862 [WARN] PackLoader:240 - Cannot read IP mode file for STMicroelectronics.X-CUBE-FREERTOS.1.0.1
2024-01-27 10:58:12,901 [WARN] PackLoader:240 - Cannot read IP mode file for STMicroelectronics.X-CUBE-AZRTOS-L5.1.1.0
2024-01-27 10:58:12,918 [WARN] PackLoader:240 - Cannot read IP mode file for STMicroelectronics.X-CUBE-AI.8.0.1
2024-01-27 10:58:12,941 [WARN] PackLoader:240 - Cannot read IP mode file for STMicroelectronics.X-CUBE-SUBG2.5.0.0
2024-01-27 10:58:12,980 [WARN] PackLoader:240 - Cannot read IP mode file for STMicroelectronics.X-CUBE-TOF1.3.3.1
2024-01-27 10:58:13,044 [WARN] PackLoader:240 - Cannot read IP mode file for STMicroelectronics.X-CUBE-AZRTOS-G4.2.0.0
2024-01-27 10:58:13,073 [WARN] PackLoader:240 - Cannot read IP mode file for STMicroelectronics.X-CUBE-TOF1.3.3.0
2024-01-27 10:58:13,103 [WARN] PackLoader:240 - Cannot read IP mode file for STMicroelectronics.FP-ATR-ASTRA1.1.1.1
2024-01-27 10:58:13,147 [WARN] PackLoader:240 - Cannot read IP mode file for Infineon.AIROC-Wi-Fi-Bluetooth-STM32.1.5.1
2024-01-27 10:58:13,163 [WARN] PackLoader:240 - Cannot read IP mode file for STMicroelectronics.FP-SNS-MOTENVWB1.1.3.0
2024-01-27 10:58:13,182 [WARN] PackLoader:240 - Cannot read IP mode file for STMicroelectronics.FP-SNS-MOTENVWB1.1.3.1
2024-01-27 10:58:13,221 [WARN] PackLoader:240 - Cannot read IP mode file for STMicroelectronics.X-CUBE-AZRTOS-G4.1.0.0
2024-01-27 10:58:13,268 [WARN] PackLoader:240 - Cannot read IP mode file for STMicroelectronics.X-CUBE-AZRTOS-L4.1.0.0
2024-01-27 10:58:13,292 [WARN] PackLoader:240 - Cannot read IP mode file for STMicroelectronics.X-CUBE-ISPU.2.0.0
2024-01-27 10:58:13,419 [WARN] PackLoader:240 - Cannot read IP mode file for STMicroelectronics.X-CUBE-MEMS1.10.0.0
2024-01-27 10:58:13,774 [WARN] PackLoader:240 - Cannot read IP mode file for STMicroelectronics.X-CUBE-FREERTOS.1.1.0
2024-01-27 10:58:13,801 [WARN] PackLoader:240 - Cannot read IP mode file for STMicroelectronics.X-CUBE-AZRTOS-WL.1.0.0
2024-01-27 10:58:13,815 [WARN] PackLoader:240 - Cannot read IP mode file for portGmbH.I-Cube-SoM-uGOAL.1.1.0
2024-01-27 10:58:13,827 [WARN] PackLoader:240 - Cannot read IP mode file for STMicroelectronics.X-CUBE-ALS.1.0.1
2024-01-27 10:58:13,870 [WARN] PackLoader:240 - Cannot read IP mode file for STMicroelectronics.X-CUBE-AZRTOS-WB.1.1.0
2024-01-27 10:58:13,884 [WARN] PackLoader:240 - Cannot read IP mode file for STMicroelectronics.FP-ATR-ASTRA1.2.0.0
2024-01-27 10:58:13,918 [WARN] PackLoader:240 - Cannot read IP mode file for STMicroelectronics.X-CUBE-TOF1.3.4.0
2024-01-27 10:58:14,019 [WARN] PackLoader:240 - Cannot read IP mode file for STMicroelectronics.X-CUBE-AZRTOS-H7.3.2.0
2024-01-27 10:58:14,033 [INFO] ThirdParty:978 - Integrity check success = true
2024-01-27 10:58:14,033 [INFO] IntegrityCheckThread:100 - exiting critical section [integrity check]
2024-01-27 10:58:14,033 [INFO] IntegrityCheckThread:103 - End integrity checks thread
2024-01-27 11:44:56,645 [ERROR] LogOutputStream:75 - [STDERR_REDIRECT] SLF4J: Failed to load class "org.slf4j.impl.StaticLoggerBinder".
2024-01-27 11:44:56,647 [ERROR] LogOutputStream:75 - [STDERR_REDIRECT] SLF4J: Defaulting to no-operation (NOP) logger implementation
2024-01-27 11:44:56,652 [ERROR] LogOutputStream:75 - [STDERR_REDIRECT] SLF4J: See http://www.slf4j.org/codes.html#StaticLoggerBinder for further details.
2024-01-27 13:33:58,936 [ERROR] ConfigurationRetriever:142 - IOException on connection: Read timed out
2024-01-27 20:57:18,720 [INFO] McuFinderGlobals:63 - Set McuFinder mode to 2 (CubeIDE integrated)
2024-01-27 20:57:18,907 [INFO] MainUpdater:2868 - connection check result : 10
2024-01-27 20:57:18,958 [INFO] McuFinderGlobals:76 - Set McuFinderConnectedMode to true
2024-01-27 20:57:19,569 [INFO] ServerAccessManage:473 - Download File mcusAds.json._tmp_
2024-01-27 20:57:19,682 [INFO] LoadUrlFilesThread:156 - End of LoadUrlFiles Thread
2024-01-27 20:57:21,306 [INFO] ServerAccessManage:473 - Download File cube-finder-db.zip
2024-01-27 20:57:34,288 [INFO] FileExtend:240 - Unzip File : cube-finder-db.zip
2024-01-27 20:57:34,289 [INFO] FileExtend:255 - Standard Zip Deflate
2024-01-27 20:57:38,284 [INFO] LoadUrlFilesThread:156 - End of LoadUrlFiles Thread
2024-01-27 20:57:39,406 [INFO] ServerAccessManage:473 - Download File crdb.zip
2024-01-27 20:57:41,829 [INFO] FileExtend:240 - Unzip File : crdb.zip
2024-01-27 20:57:41,829 [INFO] FileExtend:255 - Standard Zip Deflate
2024-01-27 20:57:41,962 [INFO] LoadUrlFilesThread:156 - End of LoadUrlFiles Thread
2024-01-27 20:57:44,956 [INFO] ServerAccessManage:473 - Download File tutoVideoDB.zip
2024-01-27 20:57:45,010 [INFO] FileExtend:240 - Unzip File : tutoVideoDB.zip
2024-01-27 20:57:45,011 [INFO] FileExtend:255 - Standard Zip Deflate
2024-01-27 20:57:45,131 [INFO] LoadUrlFilesThread:156 - End of LoadUrlFiles Thread
2024-01-27 20:57:45,136 [WARN] DbFile:41 - Overriding database path with different value: C:\Users\Minh\.stmcufinder\plugins\mcufinder/ => C:\Users\Minh\.stmcufinder\plugins\mcufinder
2024-01-27 20:57:46,602 [INFO] ServerAccessManage:473 - Download File api_config.json
2024-01-27 20:57:46,710 [INFO] LoadUrlFilesThread:156 - End of LoadUrlFiles Thread
2024-01-27 20:57:46,714 [INFO] DbMcusAds:53 - JSON generation date=Wed Nov 29 19:52:27 JST 2023 (1701255147349)
2024-01-27 20:57:46,781 [INFO] LoadUrlFilesThread:185 - End of LoadServerUrlFiles without Thread
2024-01-27 20:57:46,782 [INFO] TargetSelectorAdapter:259 - Refresh data is successful
2024-01-27 20:57:47,160 [INFO] ApiDb:581 - Connected to CubeFinder SQLite database (C:\Users\Minh\.stmcufinder\plugins\mcufinder\mcu\cube-finder-db.db)
2024-01-27 20:57:47,322 [INFO] ApiDb:668 - CubeFinder database Data Model version=2.1
2024-01-27 20:57:47,323 [INFO] ApiDb:669 - CubeFinder database Configuration version=3.0.39
2024-01-27 20:57:47,328 [INFO] ApiDb:670 - CubeFinder database generation date=2024-01-11 (1704964531)
2024-01-27 20:57:47,328 [INFO] ApiDb:671 - CubeFinder database FW Pack versions=[FP-ATR-ASTRA1_V2.0.0, FP-SNS-FLIGHT1_V5.0.1, FP-SNS-FLIGHT1_V5.0.2, FP-SNS-MOTENV1_V4.3.1, FP-SNS-MOTENV1_V4.3.2, FP-SNS-MOTENVWB1_V1.3.1, FP-SNS-SMARTAG2_V1.2.0, STM32Cube_FW_C0_V1.1.0, STM32Cube_FW_F4_V1.28.0, STM32Cube_FW_F7_V1.17.0, STM32Cube_FW_G0_V1.6.2, STM32Cube_FW_G4_V1.5.2, STM32Cube_FW_H5_V0.5.1, STM32Cube_FW_H5_V1.1.1, STM32Cube_FW_H5_V1.2.0RC2, STM32Cube_FW_H7_V1.11.0, STM32Cube_FW_L0_V1.12.2, STM32Cube_FW_L5_V1.5.0, STM32Cube_FW_U5_V1.3.0RC4, STM32Cube_FW_U5_V1.4.0, STM32Cube_FW_WBA_V1.0.0RC1, STM32Cube_FW_WBA_V1.1.0RC1, STM32Cube_FW_WBA_V1.2.0, STM32Cube_FW_WBA_V1.2.0RC2, STM32Cube_FW_WB_V1.15.0RC1, STM32Cube_FW_WB_V1.16.0, STM32Cube_FW_WB_V1.16.0RC2, STM32Cube_FW_WB_V1.18.0, STM32Cube_FW_WL_V1.3.0, X-CUBE-ALGOBUILD_V1.3.0, X-CUBE-ALS_V1.0.1, X-CUBE-AZRTOS-F4_V1.1.0, X-CUBE-AZRTOS-F7_V1.1.0, X-CUBE-AZRTOS-G0_V1.1.0, X-CUBE-AZRTOS-G4_V2.0.0, X-CUBE-AZRTOS-H7_V3.2.0, X-CUBE-AZRTOS-L4_V1.0.0, X-CUBE-AZRTOS-L4_V2.0.0, X-CUBE-AZRTOS-L5_V1.1.0, X-CUBE-AZRTOS-WB_V2.0.0, X-CUBE-AZRTOS-WL_V2.0.0, X-CUBE-BLE1_V7.0.0, X-CUBE-BLE2_V3.3.0, X-CUBE-BLEMGR_V3.0.0, X-CUBE-EEPRMA1_V4.1.0, X-CUBE-EEPRMA1_V4.2.0, X-CUBE-FREERTOS_V1.1.0, X-CUBE-GNSS1_V6.0.0, X-CUBE-MEMS1_V10.0.0, X-CUBE-MEMS1_V9.1.0, X-CUBE-MEMS1_V9.4.0, X-CUBE-MEMS1_V9.6.0, X-CUBE-NFC4_V3.0.0, X-CUBE-NFC7_V1.0.1, X-CUBE-SFXS2LP1_V4.0.0, X-CUBE-SUBG2_V5.0.0, X-CUBE-TOF1_V3.4.0]
2024-01-27 20:57:52,212 [INFO] ApiDb:240 - Found 323 in-development CPN: [B-G473E-ZEST1S, B-WB1M-WPAN1, B-WL5M-SUBG1, NUCLEO-C031C6, NUCLEO-H503RB, NUCLEO-H563ZI, NUCLEO-U545RE-Q, NUCLEO-U5A5ZJ-Q, NUCLEO-WBA52CG, STEVAL-PROTEUS1, STEVAL-SMARTAG2, STEVAL-STWINBX1, STM320518-EVAL, STM32C0116-DK, STM32C011D6Y3TR, STM32C011D6Y6TR, STM32C011F4P3, STM32C011F4P6, STM32C011F4U3, STM32C011F4U6TR, STM32C011F6P3, STM32C011F6P6, STM32C011F6U3, STM32C011F6U6TR, STM32C011J4M3, STM32C011J4M6, STM32C011J6M3, STM32C011J6M6, STM32C0316-DK, STM32C031C4T3, STM32C031C4T6, STM32C031C4U3, STM32C031C4U6, STM32C031C6T3, STM32C031C6T6, STM32C031C6U3, STM32C031C6U6, STM32C031F4P3, STM32C031F4P6, STM32C031F6P3, STM32C031F6P6, STM32C031G4U3, STM32C031G4U6, STM32C031G6U3, STM32C031G6U6, STM32C031K4T3, STM32C031K4T6, STM32C031K4U3, STM32C031K4U6, STM32C031K6T3, STM32C031K6T6, STM32C031K6U3, STM32C031K6U6, STM32G071K8TXN, STM32G071K8UXN, STM32G081GBU6N, STM32G081KBT6N, STM32G081KBUXN, STM32G0B1CCT6N, STM32G0B1KCT6, STM32G0B1NEY6TR, STM32G0B1RCT6N, STM32G0C1CCT6, STM32G0C1CCT6N, STM32G0C1CCU6N, STM32G0C1CET6N, STM32G0C1CEU6N, STM32G0C1KCT6, STM32G0C1NEY6TR, STM32G0C1RCI6N, STM32G0C1RCT6N, STM32G0C1REI6N, STM32G0C1RET6N, STM32G0C1VCI6, STM32G0C1VEI6, STM32G471CCT6, STM32G471CCU6, STM32G471CET3, STM32G471CET6, STM32G471CEU3, STM32G471CEU6, STM32G471MCT6, STM32G471MET3, STM32G471MET6, STM32G471MEY6TR, STM32G471QCT6, STM32G471QET3, STM32G471RCT6, STM32G471RET3, STM32G471RET6, STM32G471VCH6, STM32G471VCI6, STM32G471VCT6, STM32G471VEH3, STM32G471VEH6, STM32G471VEI3, STM32G471VEI6, STM32G471VET3, STM32G471VET6, STM32G474CCT6, STM32H503CBT6, STM32H503CBU6, STM32H503EBY6TR, STM32H503KBU6, STM32H503RBT6, STM32H562AGI6, STM32H562AII6, STM32H562IGK6, STM32H562IGT6, STM32H562IIK6, STM32H562IIT6, STM32H562RGT6, STM32H562RGV6, STM32H562RIT6, STM32H562RIV6, STM32H562VGT6, STM32H562VIT6, STM32H562ZGT6, STM32H562ZIT6, STM32H563AGI6, STM32H563AII3Q, STM32H563AII6, STM32H563IGK6, STM32H563IGT6, STM32H563IIK3Q, STM32H563IIK6, STM32H563IIT3Q, STM32H563IIT6, STM32H563MIY3QTR, STM32H563RGT6, STM32H563RGV6, STM32H563RIT6, STM32H563RIV6, STM32H563VGT6, STM32H563VIT3Q, STM32H563VIT6, STM32H563ZGT6, STM32H563ZIT3Q, STM32H563ZIT6, STM32H573AII3Q, STM32H573AII6, STM32H573I-DK, STM32H573IIK3Q, STM32H573IIK6, STM32H573IIT3Q, STM32H573IIT6, STM32H573MIY3QTR, STM32H573RIT6, STM32H573RIV6, STM32H573VIT3Q, STM32H573VIT6, STM32H573ZIT3Q, STM32H573ZIT6, STM32L4R5QGI6STR, STM32MP131AAE3, STM32MP131AAF3, STM32MP131AAG3, STM32MP131CAE3, STM32MP131CAF3, STM32MP131CAG3, STM32MP131DAE7, STM32MP131DAF7, STM32MP131DAG7, STM32MP131FAE7, STM32MP131FAF7, STM32MP131FAG7, STM32MP133AAE3, STM32MP133AAF3, STM32MP133AAG3, STM32MP133CAE3, STM32MP133CAF3, STM32MP133CAG3, STM32MP133DAE7, STM32MP133DAF7, STM32MP133DAG7, STM32MP133FAE7, STM32MP133FAF7, STM32MP133FAG7, STM32MP135AAE3, STM32MP135AAF3, STM32MP135AAG3, STM32MP135CAE3, STM32MP135CAF3, STM32MP135CAG3, STM32MP135DAE7, STM32MP135DAF7, STM32MP135DAG7, STM32MP135F-DK, STM32MP135FAE7, STM32MP135FAF7, STM32MP135FAF7T, STM32MP135FAF7U, STM32MP135FAG7, STM32U535CBT6, STM32U535CBT6Q, STM32U535CBU6, STM32U535CBU6Q, STM32U535CCT6, STM32U535CCT6Q, STM32U535CCU6, STM32U535CCU6Q, STM32U535CET6, STM32U535CET6Q, STM32U535CEU6, STM32U535CEU6Q, STM32U535JEY6QTR, STM32U535NCY6QTR, STM32U535NEY6QTR, STM32U535RBI6, STM32U535RBI6Q, STM32U535RBT6, STM32U535RBT6Q, STM32U535RCI6, STM32U535RCI6Q, STM32U535RCT6, STM32U535RCT6Q, STM32U535REI6, STM32U535REI6Q, STM32U535RET6, STM32U535RET6Q, STM32U535VCI6, STM32U535VCI6Q, STM32U535VCT6, STM32U535VCT6Q, STM32U535VEI6, STM32U535VEI6Q, STM32U535VET6, STM32U535VET6Q, STM32U545CET6, STM32U545CET6Q, STM32U545CEU6, STM32U545CEU6Q, STM32U545JEY6QTR, STM32U545NEY6QTR, STM32U545REI6, STM32U545REI6Q, STM32U545RET6, STM32U545RET6Q, STM32U545VEI6, STM32U545VEI6Q, STM32U545VET6, STM32U545VET6Q, STM32U595AIH6, STM32U595AIH6Q, STM32U595AJH6, STM32U595AJH6Q, STM32U595QII6, STM32U595QII6Q, STM32U595QJI6, STM32U595QJI6Q, STM32U595RIT6, STM32U595RIT6Q, STM32U595RJT6, STM32U595RJT6Q, STM32U595VIT6, STM32U595VIT6Q, STM32U595VJT6, STM32U595VJT6Q, STM32U595ZIT6, STM32U595ZIT6Q, STM32U595ZIY6QTR, STM32U595ZJT6, STM32U595ZJT6Q, STM32U595ZJY6QTR, STM32U599BJY6QTR, STM32U599NIH6Q, STM32U599NJH6Q, STM32U599VIT6Q, STM32U599VJT6, STM32U599VJT6Q, STM32U599ZIT6Q, STM32U599ZIY6QTR, STM32U599ZJT6Q, STM32U599ZJY6QTR, STM32U5A5AJH6, STM32U5A5AJH6Q, STM32U5A5QJI6, STM32U5A5QJI6Q, STM32U5A5RJT6, STM32U5A5RJT6Q, STM32U5A5VJT6, STM32U5A5VJT6Q, STM32U5A5ZJT6, STM32U5A5ZJT6Q, STM32U5A5ZJY6QTR, STM32U5A9BJY6QTR, STM32U5A9J-DK, STM32U5A9NJH6Q, STM32U5A9VJT6Q, STM32U5A9ZJT6Q, STM32U5A9ZJY6QTR, STM32U5F7VIT6, STM32U5F7VIT6Q, STM32U5F7VJT6, STM32U5F7VJT6Q, STM32U5F9BJY6QTR, STM32U5F9NJH6Q, STM32U5F9VIT6Q, STM32U5F9VJT6Q, STM32U5F9ZIJ6QTR, STM32U5F9ZIT6Q, STM32U5F9ZJJ6QTR, STM32U5F9ZJT6Q, STM32U5G7VJT6, STM32U5G7VJT6Q, STM32U5G9BJY6QTR, STM32U5G9J-DK1, STM32U5G9J-DK2, STM32U5G9NJH6Q, STM32U5G9VJT6Q, STM32U5G9ZJJ6QTR, STM32U5G9ZJT6Q, STM32WB1MMCH6, STM32WBA52CEU6, STM32WBA52CEU6T, STM32WBA52CGU6, STM32WBA52CGU6T, STM32WBA52KEU6, STM32WBA52KEU6T, STM32WBA52KGU6, STM32WBA52KGU6T, STM32WL5MOCH6, STM32WL5MOCH6TR]
2024-01-27 20:57:52,233 [INFO] DbMcus:217 - Found 3882 MCUs, 3882 are supported
2024-01-27 20:57:52,239 [INFO] ApiDb:423 - Load user favorites file C:\Users\Minh/.stm32cubeide/favorites.mcus.txt: 0 item(s)
2024-01-27 20:57:52,239 [INFO] ApiDb:427 - User favorites MCUs=[]
2024-01-27 20:57:52,240 [INFO] DbMcus:223 - Set 0 / 0 favorites MCUs
2024-01-27 20:57:53,072 [INFO] ApiDb:668 - CubeFinder database Data Model version=2.1
2024-01-27 20:57:53,072 [INFO] ApiDb:669 - CubeFinder database Configuration version=3.0.39
2024-01-27 20:57:53,072 [INFO] ApiDb:670 - CubeFinder database generation date=2024-01-11 (1704964531)
2024-01-27 20:57:53,073 [INFO] ApiDb:671 - CubeFinder database FW Pack versions=[FP-ATR-ASTRA1_V2.0.0, FP-SNS-FLIGHT1_V5.0.1, FP-SNS-FLIGHT1_V5.0.2, FP-SNS-MOTENV1_V4.3.1, FP-SNS-MOTENV1_V4.3.2, FP-SNS-MOTENVWB1_V1.3.1, FP-SNS-SMARTAG2_V1.2.0, STM32Cube_FW_C0_V1.1.0, STM32Cube_FW_F4_V1.28.0, STM32Cube_FW_F7_V1.17.0, STM32Cube_FW_G0_V1.6.2, STM32Cube_FW_G4_V1.5.2, STM32Cube_FW_H5_V0.5.1, STM32Cube_FW_H5_V1.1.1, STM32Cube_FW_H5_V1.2.0RC2, STM32Cube_FW_H7_V1.11.0, STM32Cube_FW_L0_V1.12.2, STM32Cube_FW_L5_V1.5.0, STM32Cube_FW_U5_V1.3.0RC4, STM32Cube_FW_U5_V1.4.0, STM32Cube_FW_WBA_V1.0.0RC1, STM32Cube_FW_WBA_V1.1.0RC1, STM32Cube_FW_WBA_V1.2.0, STM32Cube_FW_WBA_V1.2.0RC2, STM32Cube_FW_WB_V1.15.0RC1, STM32Cube_FW_WB_V1.16.0, STM32Cube_FW_WB_V1.16.0RC2, STM32Cube_FW_WB_V1.18.0, STM32Cube_FW_WL_V1.3.0, X-CUBE-ALGOBUILD_V1.3.0, X-CUBE-ALS_V1.0.1, X-CUBE-AZRTOS-F4_V1.1.0, X-CUBE-AZRTOS-F7_V1.1.0, X-CUBE-AZRTOS-G0_V1.1.0, X-CUBE-AZRTOS-G4_V2.0.0, X-CUBE-AZRTOS-H7_V3.2.0, X-CUBE-AZRTOS-L4_V1.0.0, X-CUBE-AZRTOS-L4_V2.0.0, X-CUBE-AZRTOS-L5_V1.1.0, X-CUBE-AZRTOS-WB_V2.0.0, X-CUBE-AZRTOS-WL_V2.0.0, X-CUBE-BLE1_V7.0.0, X-CUBE-BLE2_V3.3.0, X-CUBE-BLEMGR_V3.0.0, X-CUBE-EEPRMA1_V4.1.0, X-CUBE-EEPRMA1_V4.2.0, X-CUBE-FREERTOS_V1.1.0, X-CUBE-GNSS1_V6.0.0, X-CUBE-MEMS1_V10.0.0, X-CUBE-MEMS1_V9.1.0, X-CUBE-MEMS1_V9.4.0, X-CUBE-MEMS1_V9.6.0, X-CUBE-NFC4_V3.0.0, X-CUBE-NFC7_V1.0.1, X-CUBE-SFXS2LP1_V4.0.0, X-CUBE-SUBG2_V5.0.0, X-CUBE-TOF1_V3.4.0]
2024-01-27 20:57:53,225 [INFO] DbBoardsSqlite:226 - include board P-NUCLEO-WB55-NUCLEO as a kit item of type 'Nucleo-64'
2024-01-27 20:57:53,226 [INFO] DbBoardsSqlite:226 - include board P-NUCLEO-WB55-USBDONGLE as a kit item of type 'Nucleo USB Dongle'
2024-01-27 20:57:53,226 [INFO] DbBoardsSqlite:226 - include board STEVAL-IDP005V1 as a kit item of type 'Evaluation Board'
2024-01-27 20:57:53,227 [INFO] DbBoardsSqlite:226 - include board STEVAL-IDP005V2 as a kit item of type 'Evaluation Board'
2024-01-27 20:57:53,386 [INFO] ApiDb:240 - Found 323 in-development CPN: [B-G473E-ZEST1S, B-WB1M-WPAN1, B-WL5M-SUBG1, NUCLEO-C031C6, NUCLEO-H503RB, NUCLEO-H563ZI, NUCLEO-U545RE-Q, NUCLEO-U5A5ZJ-Q, NUCLEO-WBA52CG, STEVAL-PROTEUS1, STEVAL-SMARTAG2, STEVAL-STWINBX1, STM320518-EVAL, STM32C0116-DK, STM32C011D6Y3TR, STM32C011D6Y6TR, STM32C011F4P3, STM32C011F4P6, STM32C011F4U3, STM32C011F4U6TR, STM32C011F6P3, STM32C011F6P6, STM32C011F6U3, STM32C011F6U6TR, STM32C011J4M3, STM32C011J4M6, STM32C011J6M3, STM32C011J6M6, STM32C0316-DK, STM32C031C4T3, STM32C031C4T6, STM32C031C4U3, STM32C031C4U6, STM32C031C6T3, STM32C031C6T6, STM32C031C6U3, STM32C031C6U6, STM32C031F4P3, STM32C031F4P6, STM32C031F6P3, STM32C031F6P6, STM32C031G4U3, STM32C031G4U6, STM32C031G6U3, STM32C031G6U6, STM32C031K4T3, STM32C031K4T6, STM32C031K4U3, STM32C031K4U6, STM32C031K6T3, STM32C031K6T6, STM32C031K6U3, STM32C031K6U6, STM32G071K8TXN, STM32G071K8UXN, STM32G081GBU6N, STM32G081KBT6N, STM32G081KBUXN, STM32G0B1CCT6N, STM32G0B1KCT6, STM32G0B1NEY6TR, STM32G0B1RCT6N, STM32G0C1CCT6, STM32G0C1CCT6N, STM32G0C1CCU6N, STM32G0C1CET6N, STM32G0C1CEU6N, STM32G0C1KCT6, STM32G0C1NEY6TR, STM32G0C1RCI6N, STM32G0C1RCT6N, STM32G0C1REI6N, STM32G0C1RET6N, STM32G0C1VCI6, STM32G0C1VEI6, STM32G471CCT6, STM32G471CCU6, STM32G471CET3, STM32G471CET6, STM32G471CEU3, STM32G471CEU6, STM32G471MCT6, STM32G471MET3, STM32G471MET6, STM32G471MEY6TR, STM32G471QCT6, STM32G471QET3, STM32G471RCT6, STM32G471RET3, STM32G471RET6, STM32G471VCH6, STM32G471VCI6, STM32G471VCT6, STM32G471VEH3, STM32G471VEH6, STM32G471VEI3, STM32G471VEI6, STM32G471VET3, STM32G471VET6, STM32G474CCT6, STM32H503CBT6, STM32H503CBU6, STM32H503EBY6TR, STM32H503KBU6, STM32H503RBT6, STM32H562AGI6, STM32H562AII6, STM32H562IGK6, STM32H562IGT6, STM32H562IIK6, STM32H562IIT6, STM32H562RGT6, STM32H562RGV6, STM32H562RIT6, STM32H562RIV6, STM32H562VGT6, STM32H562VIT6, STM32H562ZGT6, STM32H562ZIT6, STM32H563AGI6, STM32H563AII3Q, STM32H563AII6, STM32H563IGK6, STM32H563IGT6, STM32H563IIK3Q, STM32H563IIK6, STM32H563IIT3Q, STM32H563IIT6, STM32H563MIY3QTR, STM32H563RGT6, STM32H563RGV6, STM32H563RIT6, STM32H563RIV6, STM32H563VGT6, STM32H563VIT3Q, STM32H563VIT6, STM32H563ZGT6, STM32H563ZIT3Q, STM32H563ZIT6, STM32H573AII3Q, STM32H573AII6, STM32H573I-DK, STM32H573IIK3Q, STM32H573IIK6, STM32H573IIT3Q, STM32H573IIT6, STM32H573MIY3QTR, STM32H573RIT6, STM32H573RIV6, STM32H573VIT3Q, STM32H573VIT6, STM32H573ZIT3Q, STM32H573ZIT6, STM32L4R5QGI6STR, STM32MP131AAE3, STM32MP131AAF3, STM32MP131AAG3, STM32MP131CAE3, STM32MP131CAF3, STM32MP131CAG3, STM32MP131DAE7, STM32MP131DAF7, STM32MP131DAG7, STM32MP131FAE7, STM32MP131FAF7, STM32MP131FAG7, STM32MP133AAE3, STM32MP133AAF3, STM32MP133AAG3, STM32MP133CAE3, STM32MP133CAF3, STM32MP133CAG3, STM32MP133DAE7, STM32MP133DAF7, STM32MP133DAG7, STM32MP133FAE7, STM32MP133FAF7, STM32MP133FAG7, STM32MP135AAE3, STM32MP135AAF3, STM32MP135AAG3, STM32MP135CAE3, STM32MP135CAF3, STM32MP135CAG3, STM32MP135DAE7, STM32MP135DAF7, STM32MP135DAG7, STM32MP135F-DK, STM32MP135FAE7, STM32MP135FAF7, STM32MP135FAF7T, STM32MP135FAF7U, STM32MP135FAG7, STM32U535CBT6, STM32U535CBT6Q, STM32U535CBU6, STM32U535CBU6Q, STM32U535CCT6, STM32U535CCT6Q, STM32U535CCU6, STM32U535CCU6Q, STM32U535CET6, STM32U535CET6Q, STM32U535CEU6, STM32U535CEU6Q, STM32U535JEY6QTR, STM32U535NCY6QTR, STM32U535NEY6QTR, STM32U535RBI6, STM32U535RBI6Q, STM32U535RBT6, STM32U535RBT6Q, STM32U535RCI6, STM32U535RCI6Q, STM32U535RCT6, STM32U535RCT6Q, STM32U535REI6, STM32U535REI6Q, STM32U535RET6, STM32U535RET6Q, STM32U535VCI6, STM32U535VCI6Q, STM32U535VCT6, STM32U535VCT6Q, STM32U535VEI6, STM32U535VEI6Q, STM32U535VET6, STM32U535VET6Q, STM32U545CET6, STM32U545CET6Q, STM32U545CEU6, STM32U545CEU6Q, STM32U545JEY6QTR, STM32U545NEY6QTR, STM32U545REI6, STM32U545REI6Q, STM32U545RET6, STM32U545RET6Q, STM32U545VEI6, STM32U545VEI6Q, STM32U545VET6, STM32U545VET6Q, STM32U595AIH6, STM32U595AIH6Q, STM32U595AJH6, STM32U595AJH6Q, STM32U595QII6, STM32U595QII6Q, STM32U595QJI6, STM32U595QJI6Q, STM32U595RIT6, STM32U595RIT6Q, STM32U595RJT6, STM32U595RJT6Q, STM32U595VIT6, STM32U595VIT6Q, STM32U595VJT6, STM32U595VJT6Q, STM32U595ZIT6, STM32U595ZIT6Q, STM32U595ZIY6QTR, STM32U595ZJT6, STM32U595ZJT6Q, STM32U595ZJY6QTR, STM32U599BJY6QTR, STM32U599NIH6Q, STM32U599NJH6Q, STM32U599VIT6Q, STM32U599VJT6, STM32U599VJT6Q, STM32U599ZIT6Q, STM32U599ZIY6QTR, STM32U599ZJT6Q, STM32U599ZJY6QTR, STM32U5A5AJH6, STM32U5A5AJH6Q, STM32U5A5QJI6, STM32U5A5QJI6Q, STM32U5A5RJT6, STM32U5A5RJT6Q, STM32U5A5VJT6, STM32U5A5VJT6Q, STM32U5A5ZJT6, STM32U5A5ZJT6Q, STM32U5A5ZJY6QTR, STM32U5A9BJY6QTR, STM32U5A9J-DK, STM32U5A9NJH6Q, STM32U5A9VJT6Q, STM32U5A9ZJT6Q, STM32U5A9ZJY6QTR, STM32U5F7VIT6, STM32U5F7VIT6Q, STM32U5F7VJT6, STM32U5F7VJT6Q, STM32U5F9BJY6QTR, STM32U5F9NJH6Q, STM32U5F9VIT6Q, STM32U5F9VJT6Q, STM32U5F9ZIJ6QTR, STM32U5F9ZIT6Q, STM32U5F9ZJJ6QTR, STM32U5F9ZJT6Q, STM32U5G7VJT6, STM32U5G7VJT6Q, STM32U5G9BJY6QTR, STM32U5G9J-DK1, STM32U5G9J-DK2, STM32U5G9NJH6Q, STM32U5G9VJT6Q, STM32U5G9ZJJ6QTR, STM32U5G9ZJT6Q, STM32WB1MMCH6, STM32WBA52CEU6, STM32WBA52CEU6T, STM32WBA52CGU6, STM32WBA52CGU6T, STM32WBA52KEU6, STM32WBA52KEU6T, STM32WBA52KGU6, STM32WBA52KGU6T, STM32WL5MOCH6, STM32WL5MOCH6TR]
2024-01-27 20:57:53,772 [INFO] BoardInfo:880 - No configuration file found for board P-NUCLEO-WB55
2024-01-27 20:57:53,773 [INFO] DbBoards:157 - Kit is not supported: P-NUCLEO-WB55
2024-01-27 20:57:53,792 [INFO] BoardInfo:880 - No configuration file found for board STEVAL-BFA001V1B
2024-01-27 20:57:53,793 [INFO] DbBoards:157 - Kit is not supported: STEVAL-BFA001V1B
2024-01-27 20:57:53,799 [INFO] BoardInfo:880 - No configuration file found for board STEVAL-BFA001V2B
2024-01-27 20:57:53,799 [INFO] DbBoards:157 - Kit is not supported: STEVAL-BFA001V2B
2024-01-27 20:57:53,816 [INFO] BoardInfo:880 - No configuration file found for board STEVAL-MKBOXPRO
2024-01-27 20:57:53,816 [INFO] DbBoards:157 - Board is not supported: STEVAL-MKBOXPRO
2024-01-27 20:57:54,306 [INFO] DbBoards:161 - Found 191 boards, 187 are supported
2024-01-27 20:57:54,314 [INFO] ApiDb:423 - Load user favorites file C:\Users\Minh/.stm32cubeide/favorites.boards.txt: 1 item(s)
2024-01-27 20:57:54,314 [INFO] ApiDb:427 - User favorites Boards=[STM32F407G-DISC1]
2024-01-27 20:57:54,315 [INFO] DbBoards:190 - Set 1 / 1 favorites Boards
2024-01-27 20:57:54,322 [INFO] ApiDb:668 - CubeFinder database Data Model version=2.1
2024-01-27 20:57:54,322 [INFO] ApiDb:669 - CubeFinder database Configuration version=3.0.39
2024-01-27 20:57:54,322 [INFO] ApiDb:670 - CubeFinder database generation date=2024-01-11 (1704964531)
2024-01-27 20:57:54,322 [INFO] ApiDb:671 - CubeFinder database FW Pack versions=[FP-ATR-ASTRA1_V2.0.0, FP-SNS-FLIGHT1_V5.0.1, FP-SNS-FLIGHT1_V5.0.2, FP-SNS-MOTENV1_V4.3.1, FP-SNS-MOTENV1_V4.3.2, FP-SNS-MOTENVWB1_V1.3.1, FP-SNS-SMARTAG2_V1.2.0, STM32Cube_FW_C0_V1.1.0, STM32Cube_FW_F4_V1.28.0, STM32Cube_FW_F7_V1.17.0, STM32Cube_FW_G0_V1.6.2, STM32Cube_FW_G4_V1.5.2, STM32Cube_FW_H5_V0.5.1, STM32Cube_FW_H5_V1.1.1, STM32Cube_FW_H5_V1.2.0RC2, STM32Cube_FW_H7_V1.11.0, STM32Cube_FW_L0_V1.12.2, STM32Cube_FW_L5_V1.5.0, STM32Cube_FW_U5_V1.3.0RC4, STM32Cube_FW_U5_V1.4.0, STM32Cube_FW_WBA_V1.0.0RC1, STM32Cube_FW_WBA_V1.1.0RC1, STM32Cube_FW_WBA_V1.2.0, STM32Cube_FW_WBA_V1.2.0RC2, STM32Cube_FW_WB_V1.15.0RC1, STM32Cube_FW_WB_V1.16.0, STM32Cube_FW_WB_V1.16.0RC2, STM32Cube_FW_WB_V1.18.0, STM32Cube_FW_WL_V1.3.0, X-CUBE-ALGOBUILD_V1.3.0, X-CUBE-ALS_V1.0.1, X-CUBE-AZRTOS-F4_V1.1.0, X-CUBE-AZRTOS-F7_V1.1.0, X-CUBE-AZRTOS-G0_V1.1.0, X-CUBE-AZRTOS-G4_V2.0.0, X-CUBE-AZRTOS-H7_V3.2.0, X-CUBE-AZRTOS-L4_V1.0.0, X-CUBE-AZRTOS-L4_V2.0.0, X-CUBE-AZRTOS-L5_V1.1.0, X-CUBE-AZRTOS-WB_V2.0.0, X-CUBE-AZRTOS-WL_V2.0.0, X-CUBE-BLE1_V7.0.0, X-CUBE-BLE2_V3.3.0, X-CUBE-BLEMGR_V3.0.0, X-CUBE-EEPRMA1_V4.1.0, X-CUBE-EEPRMA1_V4.2.0, X-CUBE-FREERTOS_V1.1.0, X-CUBE-GNSS1_V6.0.0, X-CUBE-MEMS1_V10.0.0, X-CUBE-MEMS1_V9.1.0, X-CUBE-MEMS1_V9.4.0, X-CUBE-MEMS1_V9.6.0, X-CUBE-NFC4_V3.0.0, X-CUBE-NFC7_V1.0.1, X-CUBE-SFXS2LP1_V4.0.0, X-CUBE-SUBG2_V5.0.0, X-CUBE-TOF1_V3.4.0]
2024-01-27 20:57:57,103 [ERROR] DbExamplesSqlite:437 - Missing JSON key: board_cpn
2024-01-27 20:57:57,104 [ERROR] DbExamplesSqlite:437 - Missing JSON key: board_cpn
2024-01-27 20:57:57,104 [ERROR] DbExamplesSqlite:437 - Missing JSON key: board_cpn
2024-01-27 20:57:57,105 [ERROR] DbExamplesSqlite:437 - Missing JSON key: board_cpn
2024-01-27 20:57:57,269 [INFO] DbExamplesSqlite:395 - Ignored 55 examples not supported by CubeIDE
2024-01-27 20:57:57,270 [INFO] DbExamplesSqlite:396 - Found 7560 examples active
2024-01-27 20:57:57,270 [INFO] DbExamplesSqlite:397 - Found 844 examples obsolete
2024-01-27 20:57:57,271 [INFO] DbExamplesSqlite:398 - Found 0 examples under development
2024-01-27 20:57:57,271 [INFO] DbExamplesSqlite:399 - Found 8 examples not building
2024-01-27 20:57:57,276 [INFO] DbExamples:125 - Found 7513 examples
2024-01-27 20:57:57,758 [ERROR] DbExamples:208 - Found 247 examples with invalid data (board or MCU)
2024-01-27 20:57:57,759 [INFO] DbExamples:222 - Found 93 boards with related examples
2024-01-27 20:57:57,762 [INFO] DbExamples:235 - Found 79 MCUs with related examples
2024-01-27 20:57:57,808 [INFO] ApiDb:423 - Load user favorites file C:\Users\Minh/.stm32cubeide/favorites.examples.txt: 0 item(s)
2024-01-27 20:57:57,808 [INFO] ApiDb:427 - User favorites Examples=[]
2024-01-27 20:57:57,809 [INFO] DbExamples:250 - Set 0 / 0 favorites Examples
2024-01-27 20:57:58,661 [INFO] McuFinderGlobals:76 - Set McuFinderConnectedMode to true
2024-01-27 20:57:58,684 [INFO] MultiScanPanel:200 - Auto-refresh data requested => check proxy status ongoing
2024-01-27 20:57:58,694 [INFO] FinderPluginLoader:95 - Searching for filters in installed packs
2024-01-27 20:58:03,025 [INFO] LoadUrlFilesThread:185 - End of LoadServerUrlFiles without Thread
2024-01-27 20:58:03,090 [INFO] DetailPanel:341 - Set advertising image to C:/Users/Minh/STM32Cube/Repository/\en.prom-stm32wl3-mcu-finder.jpg
2024-01-27 20:59:23,068 [INFO] MultiScanPanel:200 - Auto-refresh data requested => check proxy status ongoing
2024-01-27 20:59:23,349 [INFO] LoadUrlFilesThread:185 - End of LoadServerUrlFiles without Thread
2024-01-27 20:59:23,349 [INFO] DetailPanel:341 - Set advertising image to C:/Users/Minh/STM32Cube/Repository/\en.prom-stm32wl3-mcu-finder.jpg
2024-01-27 20:59:23,379 [INFO] DbBoards:634 - Loading board mini-images...
2024-01-27 20:59:30,303 [INFO] DbBoards:657 - Loaded 191 board mini-images
2024-01-27 21:00:36,599 [INFO] McuFinderGlobals:76 - Set McuFinderConnectedMode to true
2024-01-27 21:00:36,610 [INFO] ApiDb:448 - Save user favorites file C:\Users\Minh/.stm32cubeide/favorites.mcus.txt: 0 item(s)
2024-01-27 21:00:36,611 [INFO] ApiDb:452 - User favorites MCUs=[]
2024-01-27 21:00:36,614 [INFO] ApiDb:448 - Save user favorites file C:\Users\Minh/.stm32cubeide/favorites.boards.txt: 1 item(s)
2024-01-27 21:00:36,615 [INFO] ApiDb:452 - User favorites Boards=[STM32F407G-DISC1]
