2024-11-09 13:43:19,817 [INFO] Activator:176 - 


2024-11-09 13:43:19,833 [INFO] Activator:177 - !SESSION log4j initialized
2024-11-09 13:43:36,904 [INFO] LogOutputStream:77 - [STDOUT_REDIRECT] 
2024-11-09 13:43:46,292 [INFO] ApplicationProperties:184 - Using Application install path: C:\ST\STM32CubeIDE_1.4.0\STM32CubeIDE\plugins\com.st.stm32cube.common.mx_6.9.1.202307191849
2024-11-09 13:43:46,336 [INFO] DbMcusXml:78 - Set database path to: C:\ST\STM32CubeIDE_1.4.0\STM32CubeIDE\plugins\com.st.stm32cube.common.mx_6.9.1.202307191849\\db\/mcu/
2024-11-09 13:43:46,337 [INFO] ApiDb:274 - Set plugin database path to: C:\ST\STM32CubeIDE_1.4.0\STM32CubeIDE\plugins\com.st.stm32cube.common.mx_6.9.1.202307191849\\db\/plugins/boardmanager/
2024-11-09 13:43:46,338 [WARN] ApiDb:259 - Overriding images path with different value:  => C:\ST\STM32CubeIDE_1.4.0\STM32CubeIDE\plugins\com.st.stm32cube.common.mx_6.9.1.202307191849\\db\/plugins/mcufinder/images/
2024-11-09 13:43:46,368 [INFO] ApiDb:250 - Set database path to: C:\Users\Minh\.stmcufinder\plugins\mcufinder//mcu/
2024-11-09 13:43:46,370 [INFO] DbMcusAds:125 - Set database path to: C:\Users\Minh\.stmcufinder\plugins\mcufinder//mcu/
2024-11-09 13:43:46,375 [INFO] CrossReferenceDbSqlite:203 - Set database path to: C:\Users\Minh\.stmcufinder\plugins\mcufinder//mcu/cs/
2024-11-09 13:43:46,654 [INFO] RulesReader:64 - Compatibility file has been processed (293 Rules)
2024-11-09 13:43:46,859 [INFO] DbMcusXml:78 - Set database path to: C:\ST\STM32CubeIDE_1.4.0\STM32CubeIDE\plugins\com.st.stm32cube.common.mx_6.9.1.202307191849\\db\/mcu/
2024-11-09 13:43:46,859 [INFO] ApiDb:274 - Set plugin database path to: C:\ST\STM32CubeIDE_1.4.0\STM32CubeIDE\plugins\com.st.stm32cube.common.mx_6.9.1.202307191849\\db\/plugins/boardmanager/
2024-11-09 13:43:46,859 [INFO] ApiDb:261 - Set plugin images path to: C:\ST\STM32CubeIDE_1.4.0\STM32CubeIDE\plugins\com.st.stm32cube.common.mx_6.9.1.202307191849\\db\/plugins/mcufinder/images/
2024-11-09 13:43:46,860 [WARN] DbFile:41 - Overriding database path with different value: C:\Users\Minh\.stmcufinder\plugins\mcufinder/ => C:\Users\Minh\.stmcufinder\plugins\mcufinder
2024-11-09 13:43:46,860 [INFO] ApiDb:250 - Set database path to: C:\Users\Minh\.stmcufinder\plugins\mcufinder//mcu/
2024-11-09 13:43:46,861 [WARN] DbFile:41 - Overriding database path with different value: C:\Users\Minh\.stmcufinder\plugins\mcufinder/ => C:\Users\Minh\.stmcufinder\plugins\mcufinder
2024-11-09 13:43:46,862 [INFO] DbMcusAds:125 - Set database path to: C:\Users\Minh\.stmcufinder\plugins\mcufinder//mcu/
2024-11-09 13:43:46,862 [WARN] DbFile:41 - Overriding database path with different value: C:\Users\Minh\.stmcufinder\plugins\mcufinder/ => C:\Users\Minh\.stmcufinder\plugins\mcufinder
2024-11-09 13:43:46,862 [WARN] DbFile:41 - Overriding database path with different value: C:\Users\Minh\.stmcufinder\plugins\mcufinder/ => C:\Users\Minh\.stmcufinder\plugins\mcufinder
2024-11-09 13:43:46,862 [INFO] CrossReferenceDbSqlite:203 - Set database path to: C:\Users\Minh\.stmcufinder\plugins\mcufinder//mcu/cs/
2024-11-09 13:43:47,051 [INFO] MainPanel:262 - HeapMemory: 268435456
2024-11-09 13:43:47,272 [INFO] DbMcusXml:78 - Set database path to: C:\ST\STM32CubeIDE_1.4.0\STM32CubeIDE\plugins\com.st.stm32cube.common.mx_6.9.1.202307191849\\db\/mcu/
2024-11-09 13:43:47,272 [INFO] ApiDb:274 - Set plugin database path to: C:\ST\STM32CubeIDE_1.4.0\STM32CubeIDE\plugins\com.st.stm32cube.common.mx_6.9.1.202307191849\\db\/plugins/boardmanager/
2024-11-09 13:43:47,273 [INFO] ApiDb:261 - Set plugin images path to: C:\ST\STM32CubeIDE_1.4.0\STM32CubeIDE\plugins\com.st.stm32cube.common.mx_6.9.1.202307191849\\db\/plugins/mcufinder/images/
2024-11-09 13:43:47,273 [WARN] DbFile:41 - Overriding database path with different value: C:\Users\Minh\.stmcufinder\plugins\mcufinder/ => C:\Users\Minh\.stmcufinder\plugins\mcufinder
2024-11-09 13:43:47,274 [INFO] ApiDb:250 - Set database path to: C:\Users\Minh\.stmcufinder\plugins\mcufinder//mcu/
2024-11-09 13:43:47,274 [WARN] DbFile:41 - Overriding database path with different value: C:\Users\Minh\.stmcufinder\plugins\mcufinder/ => C:\Users\Minh\.stmcufinder\plugins\mcufinder
2024-11-09 13:43:47,274 [INFO] DbMcusAds:125 - Set database path to: C:\Users\Minh\.stmcufinder\plugins\mcufinder//mcu/
2024-11-09 13:43:47,274 [WARN] DbFile:41 - Overriding database path with different value: C:\Users\Minh\.stmcufinder\plugins\mcufinder/ => C:\Users\Minh\.stmcufinder\plugins\mcufinder
2024-11-09 13:43:47,274 [WARN] DbFile:41 - Overriding database path with different value: C:\Users\Minh\.stmcufinder\plugins\mcufinder/ => C:\Users\Minh\.stmcufinder\plugins\mcufinder
2024-11-09 13:43:47,274 [INFO] CrossReferenceDbSqlite:203 - Set database path to: C:\Users\Minh\.stmcufinder\plugins\mcufinder//mcu/cs/
2024-11-09 13:43:47,314 [INFO] ApplicationProperties:184 - Using Application install path: C:\ST\STM32CubeIDE_1.4.0\STM32CubeIDE\plugins\com.st.stm32cube.common.mx_6.9.1.202307191849
2024-11-09 13:43:47,317 [INFO] PluginManage:196 - Search for loadable plugins [exclusion list=, ]
2024-11-09 13:43:47,320 [INFO] PluginManage:310 - Check plugin analytics
2024-11-09 13:43:52,433 [INFO] AnalyticsPlugin:253 - Accepted Software Licenses: STM32CubeMX.6.0.0,STM32CubeMX.5.2.0
2024-11-09 13:43:52,434 [INFO] AnalyticsPlugin:255 - Accepted CMSIS Pack Licenses: 
2024-11-09 13:43:52,435 [INFO] AnalyticsPlugin:257 - Accepted Firmware Licenses: 
2024-11-09 13:43:52,444 [INFO] PluginManage:359 - Loaded plugin analytics (category:tool,tabindex:-1)
2024-11-09 13:43:52,445 [INFO] PluginManage:310 - Check plugin cadmodel
2024-11-09 13:43:52,507 [INFO] CADModel:105 - Init CAD model plugin
2024-11-09 13:43:52,508 [INFO] PluginManage:359 - Loaded plugin cadmodel (category:power,tabindex:5)
2024-11-09 13:43:52,509 [INFO] PluginManage:310 - Check plugin clock
2024-11-09 13:43:52,597 [INFO] PluginManage:359 - Loaded plugin clock (category:base,tabindex:2)
2024-11-09 13:43:52,597 [INFO] PluginManage:310 - Check plugin ddr
2024-11-09 13:43:52,605 [INFO] PluginManage:359 - Loaded plugin ddr (category:tool,tabindex:6)
2024-11-09 13:43:52,606 [INFO] PluginManage:310 - Check plugin filemanager
2024-11-09 13:43:53,056 [INFO] PluginManage:359 - Loaded plugin filemanager (category:base,tabindex:10)
2024-11-09 13:43:53,057 [INFO] PluginManage:310 - Check plugin ipmanager
2024-11-09 13:43:53,102 [INFO] PluginManage:359 - Loaded plugin ipmanager (category:base,tabindex:5)
2024-11-09 13:43:53,103 [INFO] PluginManage:310 - Check plugin lpbam
2024-11-09 13:43:53,194 [INFO] PluginManage:359 - Loaded plugin lpbam (category:base,tabindex:0)
2024-11-09 13:43:53,194 [INFO] PluginManage:310 - Check plugin memorymap
2024-11-09 13:43:53,297 [INFO] PluginManage:359 - Loaded plugin memorymap (category:base,tabindex:4)
2024-11-09 13:43:53,297 [INFO] PluginManage:310 - Check plugin pinoutandconfiguration
2024-11-09 13:43:53,380 [INFO] PluginManage:359 - Loaded plugin pinoutandconfiguration (category:base,tabindex:1)
2024-11-09 13:43:53,381 [INFO] PluginManage:310 - Check plugin pinoutconfig
2024-11-09 13:43:53,752 [WARN] SupportedApi:132 - Cannot load RTOS API schema: s4s-elt-must-match.1: The content of 'definitions' must match (annotation?, (simpleType | complexType)?, (unique | key | keyref)*)). A problem was found starting at: attribute.
2024-11-09 13:43:54,316 [INFO] PluginManage:359 - Loaded plugin pinoutconfig (category:base,tabindex:0)
2024-11-09 13:43:54,317 [INFO] PluginManage:310 - Check plugin power
2024-11-09 13:43:54,399 [INFO] PluginManage:359 - Loaded plugin power (category:power,tabindex:4)
2024-11-09 13:43:54,399 [INFO] PluginManage:310 - Check plugin projectmanager
2024-11-09 13:43:54,456 [INFO] PluginManage:359 - Loaded plugin projectmanager (category:projectmanager,tabindex:3)
2024-11-09 13:43:54,457 [INFO] PluginManage:310 - Check plugin thirdparty
2024-11-09 13:43:55,577 [WARN] IntegrityCheckThread:84 - waiting for thirdparty lock release [integrity check]
2024-11-09 13:43:55,577 [INFO] PluginManage:359 - Loaded plugin thirdparty (category:base,tabindex:-1)
2024-11-09 13:43:55,577 [INFO] IntegrityCheckThread:86 - entering critical section [integrity check]
2024-11-09 13:43:55,578 [INFO] PluginManage:310 - Check plugin tools
2024-11-09 13:43:55,579 [INFO] ThirdPartyUpdaterWithRetryManager:70 - Updater plugin not ready yet. [1/15]
2024-11-09 13:43:55,707 [INFO] PluginManage:359 - Loaded plugin tools (category:base,tabindex:7)
2024-11-09 13:43:55,707 [INFO] PluginManage:310 - Check plugin tutovideos
2024-11-09 13:43:56,422 [INFO] PluginManage:359 - Loaded plugin tutovideos (category:base,tabindex:-1)
2024-11-09 13:43:56,422 [INFO] PluginManage:310 - Check plugin updater
2024-11-09 13:43:56,453 [INFO] PluginManage:359 - Loaded plugin updater (category:base,tabindex:12)
2024-11-09 13:43:56,453 [INFO] PluginManage:310 - Check plugin userauth
2024-11-09 13:43:56,468 [INFO] UserAuth:113 - Init User Auth plugin
2024-11-09 13:43:56,468 [INFO] PluginManage:359 - Loaded plugin userauth (category:base,tabindex:14)
2024-11-09 13:43:56,470 [INFO] PluginManage:283 - PluginManage : Loaded plugins [17]
2024-11-09 13:43:57,180 [INFO] PinOutPanel:1499 - setPackage(No Configuration,No Configuration)
2024-11-09 13:43:57,546 [INFO] CADModel:165 - CPN selected for project level
2024-11-09 13:43:57,546 [INFO] CADModel:114 - Register for checkConnection events
2024-11-09 13:43:57,622 [INFO] IPUIPlugin:80 - create IPUIPlugin
2024-11-09 13:43:57,623 [INFO] PluginManager:220 - loadIPPluginJar : add adc
2024-11-09 13:43:57,745 [INFO] IPUIPlugin:80 - create IPUIPlugin
2024-11-09 13:43:57,745 [INFO] PluginManager:220 - loadIPPluginJar : add aes
2024-11-09 13:43:57,864 [INFO] IPUIPlugin:80 - create IPUIPlugin
2024-11-09 13:43:57,865 [INFO] PluginManager:220 - loadIPPluginJar : add can
2024-11-09 13:43:57,929 [INFO] IPUIPlugin:80 - create IPUIPlugin
2024-11-09 13:43:57,929 [INFO] PluginManager:220 - loadIPPluginJar : add comp
2024-11-09 13:43:58,026 [INFO] IPUIPlugin:80 - create IPUIPlugin
2024-11-09 13:43:58,027 [INFO] PluginManager:220 - loadIPPluginJar : add cryp
2024-11-09 13:43:58,111 [INFO] IPUIPlugin:80 - create IPUIPlugin
2024-11-09 13:43:58,112 [INFO] PluginManager:220 - loadIPPluginJar : add dfsdm
2024-11-09 13:43:58,154 [INFO] IPUIPlugin:80 - create IPUIPlugin
2024-11-09 13:43:58,155 [INFO] PluginManager:220 - loadIPPluginJar : add dma
2024-11-09 13:43:58,292 [INFO] IPUIPlugin:80 - create IPUIPlugin
2024-11-09 13:43:58,292 [INFO] PluginManager:220 - loadIPPluginJar : add dma3
2024-11-09 13:43:58,354 [INFO] IPUIPlugin:80 - create IPUIPlugin
2024-11-09 13:43:58,354 [INFO] PluginManager:220 - loadIPPluginJar : add fatfs
2024-11-09 13:43:58,500 [INFO] IPUIPlugin:80 - create IPUIPlugin
2024-11-09 13:43:58,501 [INFO] PluginManager:220 - loadIPPluginJar : add fmc
2024-11-09 13:43:58,571 [INFO] IPUIPlugin:80 - create IPUIPlugin
2024-11-09 13:43:58,571 [INFO] PluginManager:220 - loadIPPluginJar : add freertos
2024-11-09 13:43:58,582 [INFO] ThirdPartyUpdaterWithRetryManager:70 - Updater plugin not ready yet. [2/15]
2024-11-09 13:43:58,634 [INFO] IPUIPlugin:80 - create IPUIPlugin
2024-11-09 13:43:58,634 [INFO] PluginManager:220 - loadIPPluginJar : add genericplugin
2024-11-09 13:43:58,909 [INFO] IPUIPlugin:80 - create IPUIPlugin
2024-11-09 13:43:58,909 [INFO] PluginManager:220 - loadIPPluginJar : add gfxmmu
2024-11-09 13:43:59,330 [INFO] IPUIPlugin:80 - create IPUIPlugin
2024-11-09 13:43:59,331 [INFO] PluginManager:220 - loadIPPluginJar : add gic
2024-11-09 13:43:59,367 [INFO] IPUIPlugin:80 - create IPUIPlugin
2024-11-09 13:43:59,367 [INFO] PluginManager:220 - loadIPPluginJar : add gpio
2024-11-09 13:43:59,656 [INFO] IPUIPlugin:80 - create IPUIPlugin
2024-11-09 13:43:59,656 [INFO] PluginManager:220 - loadIPPluginJar : add gtzc
2024-11-09 13:43:59,772 [INFO] IPUIPlugin:80 - create IPUIPlugin
2024-11-09 13:43:59,772 [INFO] PluginManager:220 - loadIPPluginJar : add hash
2024-11-09 13:43:59,931 [INFO] IPUIPlugin:80 - create IPUIPlugin
2024-11-09 13:43:59,933 [INFO] PluginManager:220 - loadIPPluginJar : add i2c
2024-11-09 13:44:00,051 [INFO] IPUIPlugin:80 - create IPUIPlugin
2024-11-09 13:44:00,052 [INFO] PluginManager:220 - loadIPPluginJar : add i2s
2024-11-09 13:44:00,189 [INFO] IPUIPlugin:80 - create IPUIPlugin
2024-11-09 13:44:00,190 [INFO] PluginManager:220 - loadIPPluginJar : add i3c
2024-11-09 13:44:00,538 [INFO] IPUIPlugin:80 - create IPUIPlugin
2024-11-09 13:44:00,538 [INFO] PluginManager:220 - loadIPPluginJar : add ipddr
2024-11-09 13:44:00,827 [INFO] IPUIPlugin:80 - create IPUIPlugin
2024-11-09 13:44:00,828 [INFO] PluginManager:220 - loadIPPluginJar : add linkedlist
2024-11-09 13:44:00,938 [INFO] IPUIPlugin:80 - create IPUIPlugin
2024-11-09 13:44:00,938 [INFO] PluginManager:220 - loadIPPluginJar : add lorawan
2024-11-09 13:44:01,047 [INFO] IPUIPlugin:80 - create IPUIPlugin
2024-11-09 13:44:01,048 [INFO] PluginManager:220 - loadIPPluginJar : add ltdc
2024-11-09 13:44:01,091 [INFO] IPUIPlugin:80 - create IPUIPlugin
2024-11-09 13:44:01,092 [INFO] PluginManager:220 - loadIPPluginJar : add mdma
2024-11-09 13:44:01,131 [INFO] IPUIPlugin:80 - create IPUIPlugin
2024-11-09 13:44:01,134 [INFO] PluginManager:220 - loadIPPluginJar : add nvic
2024-11-09 13:44:01,290 [INFO] IPUIPlugin:80 - create IPUIPlugin
2024-11-09 13:44:01,290 [INFO] PluginManager:220 - loadIPPluginJar : add opamp
2024-11-09 13:44:01,482 [INFO] IPUIPlugin:80 - create IPUIPlugin
2024-11-09 13:44:01,482 [INFO] PluginManager:220 - loadIPPluginJar : add openamp
2024-11-09 13:44:01,582 [INFO] ThirdPartyUpdaterWithRetryManager:70 - Updater plugin not ready yet. [3/15]
2024-11-09 13:44:01,621 [INFO] IPUIPlugin:80 - create IPUIPlugin
2024-11-09 13:44:01,621 [INFO] PluginManager:220 - loadIPPluginJar : add pdm2pcm
2024-11-09 13:44:01,665 [INFO] IPUIPlugin:80 - create IPUIPlugin
2024-11-09 13:44:01,673 [INFO] PluginManager:220 - loadIPPluginJar : add plateformsettings
2024-11-09 13:44:01,732 [INFO] IPUIPlugin:80 - create IPUIPlugin
2024-11-09 13:44:01,732 [INFO] PluginManager:220 - loadIPPluginJar : add quadspi
2024-11-09 13:44:01,779 [INFO] IPUIPlugin:80 - create IPUIPlugin
2024-11-09 13:44:01,780 [INFO] PluginManager:220 - loadIPPluginJar : add resmgrutility
2024-11-09 13:44:01,923 [INFO] IPUIPlugin:80 - create IPUIPlugin
2024-11-09 13:44:01,923 [INFO] PluginManager:220 - loadIPPluginJar : add sai
2024-11-09 13:44:02,030 [INFO] IPUIPlugin:80 - create IPUIPlugin
2024-11-09 13:44:02,030 [INFO] PluginManager:220 - loadIPPluginJar : add spi
2024-11-09 13:44:02,206 [INFO] IPUIPlugin:80 - create IPUIPlugin
2024-11-09 13:44:02,206 [INFO] PluginManager:220 - loadIPPluginJar : add stm32_wpan
2024-11-09 13:44:02,282 [INFO] IPUIPlugin:80 - create IPUIPlugin
2024-11-09 13:44:02,283 [INFO] PluginManager:220 - loadIPPluginJar : add tim
2024-11-09 13:44:02,441 [INFO] IPUIPlugin:80 - create IPUIPlugin
2024-11-09 13:44:02,442 [INFO] PluginManager:220 - loadIPPluginJar : add touchsensing
2024-11-09 13:44:02,517 [INFO] IPUIPlugin:80 - create IPUIPlugin
2024-11-09 13:44:02,517 [INFO] PluginManager:220 - loadIPPluginJar : add tracer_emb
2024-11-09 13:44:02,590 [INFO] IPUIPlugin:80 - create IPUIPlugin
2024-11-09 13:44:02,590 [INFO] PluginManager:220 - loadIPPluginJar : add ts
2024-11-09 13:44:02,655 [INFO] IPUIPlugin:80 - create IPUIPlugin
2024-11-09 13:44:02,655 [INFO] PluginManager:220 - loadIPPluginJar : add tsc
2024-11-09 13:44:02,715 [INFO] IPUIPlugin:80 - create IPUIPlugin
2024-11-09 13:44:02,715 [INFO] PluginManager:220 - loadIPPluginJar : add ucpd
2024-11-09 13:44:02,847 [INFO] IPUIPlugin:80 - create IPUIPlugin
2024-11-09 13:44:02,847 [INFO] PluginManager:220 - loadIPPluginJar : add usart
2024-11-09 13:44:02,984 [INFO] IPUIPlugin:80 - create IPUIPlugin
2024-11-09 13:44:02,985 [INFO] PluginManager:220 - loadIPPluginJar : add usbx
2024-11-09 13:44:03,237 [INFO] CADModel:165 - CPN selected for project level
2024-11-09 13:44:03,237 [INFO] CADModel:114 - Register for checkConnection events
2024-11-09 13:44:03,238 [FATAL] Updater:308 - Updater called before beeing initialized
2024-11-09 13:44:03,238 [ERROR] CADModel:125 - Updater not yet initialized, retry later 
2024-11-09 13:44:03,640 [INFO] CADModel:165 - CPN selected for project level
2024-11-09 13:44:03,641 [INFO] CADModel:114 - Register for checkConnection events
2024-11-09 13:44:03,641 [FATAL] Updater:308 - Updater called before beeing initialized
2024-11-09 13:44:03,641 [ERROR] CADModel:125 - Updater not yet initialized, retry later 
2024-11-09 13:44:03,649 [FATAL] Updater:308 - Updater called before beeing initialized
2024-11-09 13:44:03,975 [FATAL] Updater:308 - Updater called before beeing initialized
2024-11-09 13:44:03,989 [INFO] DbMcusAds:53 - JSON generation date=Wed Nov 29 19:52:27 JST 2023 (1701255147200)
2024-11-09 13:44:03,990 [FATAL] Updater:308 - Updater called before beeing initialized
2024-11-09 13:44:04,233 [WARN] DetailPanel:346 - Failed to get advertising image, set to default
2024-11-09 13:44:04,522 [FATAL] Updater:308 - Updater called before beeing initialized
2024-11-09 13:44:04,526 [FATAL] Updater:308 - Updater called before beeing initialized
2024-11-09 13:44:04,527 [FATAL] Updater:308 - Updater called before beeing initialized
2024-11-09 13:44:04,528 [WARN] DetailPanel:346 - Failed to get advertising image, set to default
2024-11-09 13:44:04,530 [FATAL] Updater:308 - Updater called before beeing initialized
2024-11-09 13:44:04,585 [INFO] ThirdPartyUpdaterWithRetryManager:70 - Updater plugin not ready yet. [4/15]
2024-11-09 13:44:04,758 [ERROR] Updater:1120 - MainUpdater not yet initialized. External WinMGr cannot be set.
2024-11-09 13:44:04,785 [INFO] Updater:1056 - Updater Version found : 6.9.1
2024-11-09 13:44:04,837 [INFO] ApplicationProperties:184 - Using Application install path: C:\ST\STM32CubeIDE_1.4.0\STM32CubeIDE\plugins\com.st.stm32cube.common.mx_6.9.1.202307191849
2024-11-09 13:44:05,247 [INFO] MainUpdater:2868 - connection check result : 10
2024-11-09 13:44:05,249 [INFO] MainUpdater:285 - Updater Check For Update Now.
2024-11-09 13:44:05,249 [INFO] MicroXplorer:498 - Change Database Version : DB.6.0.91
2024-11-09 13:44:05,290 [INFO] McuFinderGlobals:63 - Set McuFinder mode to 2 (CubeIDE integrated)
2024-11-09 13:44:05,291 [INFO] UserAuth:179 - activating auth plugin
2024-11-09 13:44:05,300 [INFO] UserAuth:393 - Internet connection configuration mode: 1
2024-11-09 13:44:05,440 [INFO] JxBrowserEngine:151 - Initiate JxBrowser Engine with user profile folder
2024-11-09 13:44:05,846 [INFO] CheckServerUpdateThread:120 - End of CheckServer Thread
2024-11-09 13:44:07,928 [INFO] WebApp:157 - Instantiating new browser for Auth
2024-11-09 13:44:08,886 [WARN] PackLoader:240 - Cannot read IP mode file for STMicroelectronics.FP-SNS-MOTENVWB1.1.4.0
2024-11-09 13:44:08,927 [WARN] PackLoader:240 - Cannot read IP mode file for STMicroelectronics.X-CUBE-SMBUS.2.1.0
2024-11-09 13:44:08,960 [WARN] PackLoader:240 - Cannot read IP mode file for STMicroelectronics.X-CUBE-WB05N.1.1.0
2024-11-09 13:44:09,027 [WARN] PackLoader:240 - Cannot read IP mode file for STMicroelectronics.X-CUBE-TOUCHGFX.4.23.0
2024-11-09 13:44:09,037 [WARN] PackLoader:240 - Cannot read IP mode file for STMicroelectronics.X-CUBE-TOUCHGFX.4.23.2
2024-11-09 13:44:09,168 [WARN] PackLoader:240 - Cannot read IP mode file for STMicroelectronics.X-CUBE-AZRTOS-F7.1.1.0
2024-11-09 13:44:09,225 [ERROR] RealEvaluatedCondition:428 - Found unsupported composite condition: CLASS='Data Exchange' GROUP='STM32_MetaDataManager'
2024-11-09 13:44:09,226 [ERROR] RealEvaluatedCondition:428 - Found unsupported composite condition: GROUP='STM32_MetaDataManager' CLASS='Data Exchange'
2024-11-09 13:44:09,230 [WARN] PackLoader:240 - Cannot read IP mode file for STMicroelectronics.FP-SNS-MOTENV1.4.3.0
2024-11-09 13:44:09,258 [WARN] PackLoader:240 - Cannot read IP mode file for STMicroelectronics.FP-SNS-MOTENV1.4.3.2
2024-11-09 13:44:09,284 [WARN] PackLoader:240 - Cannot read IP mode file for STMicroelectronics.FP-SNS-FLIGHT1.5.0.0
2024-11-09 13:44:09,298 [ERROR] RealEvaluatedCondition:428 - Found unsupported composite condition: GROUP='STM32_MetaDataManager' CLASS='Data Exchange'
2024-11-09 13:44:09,300 [ERROR] RealEvaluatedCondition:428 - Found unsupported composite condition: CLASS='Data Exchange' GROUP='STM32_MetaDataManager'
2024-11-09 13:44:09,305 [WARN] PackLoader:240 - Cannot read IP mode file for STMicroelectronics.FP-SNS-MOTENV1.4.3.1
2024-11-09 13:44:09,321 [WARN] PackLoader:240 - Cannot read IP mode file for STMicroelectronics.FP-SNS-FLIGHT1.5.0.1
2024-11-09 13:44:09,662 [WARN] PackLoader:240 - Cannot read IP mode file for STMicroelectronics.X-CUBE-MEMS1.11.0.0
2024-11-09 13:44:10,462 [WARN] PackLoader:240 - Cannot read IP mode file for STMicroelectronics.X-CUBE-BLE1.6.2.4
2024-11-09 13:44:10,480 [WARN] PackLoader:240 - Cannot read IP mode file for STMicroelectronics.FP-SNS-FLIGHT1.5.0.2
2024-11-09 13:44:10,496 [WARN] PackLoader:240 - Cannot read IP mode file for STMicroelectronics.X-CUBE-DISPLAY.3.0.0
2024-11-09 13:44:10,542 [WARN] PackLoader:240 - Cannot read IP mode file for STMicroelectronics.X-CUBE-BLE1.7.0.0
2024-11-09 13:44:10,559 [WARN] PackLoader:240 - Cannot read IP mode file for STMicroelectronics.X-CUBE-NFC10.1.0.0
2024-11-09 13:44:10,573 [WARN] PackLoader:240 - Cannot read IP mode file for STMicroelectronics.X-CUBE-TOUCHGFX.4.22.0
2024-11-09 13:44:10,584 [WARN] PackLoader:240 - Cannot read IP mode file for STMicroelectronics.X-CUBE-TOUCHGFX.4.22.1
2024-11-09 13:44:10,615 [WARN] PackLoader:240 - Cannot read IP mode file for STMicroelectronics.X-CUBE-BLEMGR.3.1.0
2024-11-09 13:44:10,632 [WARN] PackLoader:240 - Cannot read IP mode file for STMicroelectronics.FP-SNS-SMARTAG2.1.2.0
2024-11-09 13:44:10,666 [INFO] LogOutputStream:77 - [STDOUT_REDIRECT] 1 : Invalid condition id : UX_CORESTACK_Condition cause : null
2024-11-09 13:44:10,667 [INFO] LogOutputStream:77 - [STDOUT_REDIRECT] 1 : Invalid condition id : UX_CORESTACK_Condition cause : null
2024-11-09 13:44:10,672 [INFO] LogOutputStream:77 - [STDOUT_REDIRECT] 1 : Invalid condition id : UX_CORESTACK_Condition cause : null
2024-11-09 13:44:10,677 [INFO] LogOutputStream:77 - [STDOUT_REDIRECT] 1 : Invalid condition id : UX_CORESTACK_Condition cause : null
2024-11-09 13:44:10,685 [INFO] LogOutputStream:77 - [STDOUT_REDIRECT] 1 : Invalid condition id : UX_CORESTACK_Condition cause : null
2024-11-09 13:44:10,692 [WARN] PackLoader:240 - Cannot read IP mode file for STMicroelectronics.X-CUBE-AZRTOS-WL.2.0.0
2024-11-09 13:44:10,708 [WARN] PackLoader:240 - Cannot read IP mode file for STMicroelectronics.FP-SNS-MOTENV1.5.0.0
2024-11-09 13:44:10,723 [WARN] PackLoader:240 - Cannot read IP mode file for wolfSSL.I-CUBE-wolfMQTT.1.19.0
2024-11-09 13:44:10,743 [WARN] PackLoader:240 - Cannot read IP mode file for WES.I-CUBE-Cesium.1.3.0
2024-11-09 13:44:10,884 [WARN] PackLoader:240 - Cannot read IP mode file for STMicroelectronics.X-CUBE-BLE2.3.3.0
2024-11-09 13:44:10,939 [WARN] PackLoader:240 - Cannot read IP mode file for STMicroelectronics.X-CUBE-TOF1.3.2.0
2024-11-09 13:44:10,977 [WARN] PackLoader:240 - Cannot read IP mode file for STMicroelectronics.X-CUBE-NFC9.1.0.0
2024-11-09 13:44:10,998 [WARN] PackLoader:240 - Cannot read IP mode file for STMicroelectronics.X-CUBE-TCPP.4.1.0
2024-11-09 13:44:11,009 [WARN] PackLoader:240 - Cannot read IP mode file for STMicroelectronics.X-CUBE-TOUCHGFX.4.21.1
2024-11-09 13:44:11,035 [INFO] WebApp:753 - Register for checkConnection events
2024-11-09 13:44:11,035 [INFO] WebApp:390 - Apply proxy settings
2024-11-09 13:44:11,035 [INFO] WebApp:475 - Chromium requires no authentication
2024-11-09 13:44:11,054 [WARN] PackLoader:240 - Cannot read IP mode file for STMicroelectronics.X-CUBE-TOUCHGFX.4.21.3
2024-11-09 13:44:11,061 [WARN] PackLoader:240 - Cannot read IP mode file for STMicroelectronics.X-CUBE-TOUCHGFX.4.21.4
2024-11-09 13:44:11,071 [INFO] WebApp:418 - Direct internet connection detected
2024-11-09 13:44:11,084 [WARN] PackLoader:240 - Cannot read IP mode file for STMicroelectronics.X-CUBE-ALGOBUILD.1.3.0
2024-11-09 13:44:11,142 [WARN] PackLoader:240 - Cannot read IP mode file for STMicroelectronics.X-CUBE-AZRTOS-G0.1.1.0
2024-11-09 13:44:11,167 [WARN] PackLoader:240 - Cannot read IP mode file for STMicroelectronics.X-CUBE-SAFEA1.1.2.2
2024-11-09 13:44:11,187 [WARN] PackLoader:240 - Cannot read IP mode file for STMicroelectronics.X-CUBE-NFC4.3.0.0
2024-11-09 13:44:11,369 [ERROR] Engine:466 - C:\Users\Minh\.stm32cubemx\thirdparties\pdsc\EmbeddedOffice.I-CUBE-FS-RTOS.1.0.1.pdsc: PDSC version is not supported
2024-11-09 13:44:11,388 [WARN] PackLoader:240 - Cannot read IP mode file for STMicroelectronics.X-CUBE-BLEMGR.3.0.0
2024-11-09 13:44:11,400 [ERROR] Engine:466 - C:\Users\Minh\.stm32cubemx\thirdparties\pdsc\RealThread.X-CUBE-RT-Thread_Nano.4.1.1.pdsc: PDSC version is not supported
2024-11-09 13:44:11,415 [WARN] PackLoader:240 - Cannot read IP mode file for STMicroelectronics.FP-ATR-SIGFOX1.3.2.0
2024-11-09 13:44:11,431 [WARN] PackLoader:240 - Cannot read IP mode file for STMicroelectronics.X-CUBE-EEPRMA1.5.1.0
2024-11-09 13:44:11,744 [WARN] PackLoader:240 - Cannot read IP mode file for STMicroelectronics.X-CUBE-MEMS1.9.5.0
2024-11-09 13:44:12,353 [WARN] PackLoader:240 - Cannot read IP mode file for SEGGER.I-CUBE-embOS.1.3.1
2024-11-09 13:44:12,477 [WARN] PackLoader:240 - Cannot read IP mode file for STMicroelectronics.X-CUBE-ALGOBUILD.1.4.0
2024-11-09 13:44:12,492 [WARN] PackLoader:240 - Cannot read IP mode file for STMicroelectronics.X-CUBE-AI.9.1.0
2024-11-09 13:44:12,506 [WARN] PackLoader:240 - Cannot read IP mode file for STMicroelectronics.X-CUBE-GNSS1.6.0.0
2024-11-09 13:44:12,548 [WARN] PackLoader:240 - Cannot read IP mode file for STMicroelectronics.X-CUBE-AZRTOS-F4.1.1.0
2024-11-09 13:44:12,564 [WARN] PackLoader:240 - Cannot read IP mode file for STMicroelectronics.X-CUBE-ISPU.2.1.0
2024-11-09 13:44:12,581 [WARN] PackLoader:240 - Cannot read IP mode file for STMicroelectronics.X-CUBE-FREERTOS.1.2.0
2024-11-09 13:44:12,676 [WARN] PackLoader:240 - Cannot read IP mode file for STMicroelectronics.X-CUBE-AZRTOS-L5.2.0.0
2024-11-09 13:44:12,710 [INFO] WebApp:188 - Starting web application
2024-11-09 13:44:12,711 [INFO] WebApp:520 - Web application path used C:\ST\STM32CubeIDE_1.4.0\STM32CubeIDE\plugins\com.st.stm32cube.common.mx_6.9.1.202307191849\db\plugins\mcufinder\reactClient1\index.html
2024-11-09 13:44:12,973 [WARN] PackLoader:240 - Cannot read IP mode file for STMicroelectronics.X-CUBE-MEMS1.9.6.0
2024-11-09 13:44:13,733 [WARN] PackLoader:240 - Cannot read IP mode file for STMicroelectronics.X-CUBE-EEPRMA1.4.2.0
2024-11-09 13:44:13,772 [WARN] PackLoader:240 - Cannot read IP mode file for STMicroelectronics.X-CUBE-NFC6.3.1.0
2024-11-09 13:44:13,815 [WARN] PackLoader:240 - Cannot read IP mode file for ITTIA_DB.I-CUBE-ITTIADB.8.8.0
2024-11-09 13:44:13,836 [WARN] PackLoader:240 - Cannot read IP mode file for emotas.I-CUBE-CANOPEN.1.1.3
2024-11-09 13:44:13,863 [WARN] PackLoader:240 - Cannot read IP mode file for STMicroelectronics.X-CUBE-BLEMGR.2.0.0
2024-11-09 13:44:13,888 [ERROR] Engine:466 - C:\Users\Minh\.stm32cubemx\thirdparties\pdsc\STMicroelectronics.X-CUBE-DPower.1.2.0.pdsc: PDSC version is not supported
2024-11-09 13:44:13,907 [WARN] PackLoader:240 - Cannot read IP mode file for STMicroelectronics.X-CUBE-AI.9.0.0
2024-11-09 13:44:13,982 [WARN] ConditionMgr:438 - getConditionDescription Invalid condition id : UX DEVICE CLASS RTOS Condition cause : null
2024-11-09 13:44:13,982 [WARN] ConditionMgr:438 - getConditionDescription Invalid condition id : UX DEVICE CLASS RTOS Condition cause : null
2024-11-09 13:44:13,992 [WARN] PackLoader:240 - Cannot read IP mode file for STMicroelectronics.X-CUBE-AZRTOS-H7.3.1.0
2024-11-09 13:44:13,996 [WARN] ConditionMgr:1039 - genDependencies : Invalid condition id : UX DEVICE CLASS RTOS Condition cause : null
2024-11-09 13:44:13,996 [WARN] ConditionMgr:1039 - genDependencies : Invalid condition id : UX DEVICE CLASS RTOS Condition cause : null
2024-11-09 13:44:13,998 [WARN] ConditionMgr:1039 - genDependencies : Invalid condition id : UX DEVICE CLASS RTOS Condition cause : null
2024-11-09 13:44:13,999 [WARN] ConditionMgr:1039 - genDependencies : Invalid condition id : UX DEVICE CLASS RTOS Condition cause : null
2024-11-09 13:44:13,999 [WARN] ConditionMgr:1039 - genDependencies : Invalid condition id : UX DEVICE CLASS RTOS Condition cause : null
2024-11-09 13:44:14,097 [WARN] PackLoader:240 - Cannot read IP mode file for wolfSSL.I-CUBE-wolfSSL.5.5.4
2024-11-09 13:44:14,112 [WARN] PackLoader:240 - Cannot read IP mode file for STMicroelectronics.X-CUBE-NFC7.1.0.1
2024-11-09 13:44:14,125 [WARN] PackLoader:240 - Cannot read IP mode file for STMicroelectronics.X-CUBE-NFC7.1.0.0
2024-11-09 13:44:14,150 [WARN] PackLoader:240 - Cannot read IP mode file for wolfSSL.I-CUBE-wolfTPM.3.2.0
2024-11-09 13:44:14,167 [WARN] PackLoader:240 - Cannot read IP mode file for STMicroelectronics.X-CUBE-NFC6.3.0.0
2024-11-09 13:44:14,191 [WARN] PackLoader:240 - Cannot read IP mode file for STMicroelectronics.X-CUBE-EEPRMA1.4.1.0
2024-11-09 13:44:14,207 [WARN] PackLoader:240 - Cannot read IP mode file for STMicroelectronics.X-CUBE-AI.8.1.0
2024-11-09 13:44:14,258 [WARN] ConditionMgr:438 - getConditionDescription Invalid condition id : LAN8742 Phy interface Condition cause : null
2024-11-09 13:44:14,261 [WARN] PackLoader:240 - Cannot read IP mode file for STMicroelectronics.X-CUBE-AZRTOS-L4.2.0.0
2024-11-09 13:44:14,264 [WARN] ConditionMgr:1039 - genDependencies : Invalid condition id : LAN8742 Phy interface Condition cause : null
2024-11-09 13:44:14,265 [WARN] ConditionMgr:1039 - genDependencies : Invalid condition id : LAN8742 Phy interface Condition cause : null
2024-11-09 13:44:14,266 [WARN] ConditionMgr:1039 - genDependencies : Invalid condition id : LAN8742 Phy interface Condition cause : null
2024-11-09 13:44:14,316 [WARN] PackLoader:240 - Cannot read IP mode file for STMicroelectronics.X-CUBE-SFXS2LP1.4.0.0
2024-11-09 13:44:14,373 [WARN] PackLoader:240 - Cannot read IP mode file for STMicroelectronics.X-CUBE-AZRTOS-H7.3.0.0
2024-11-09 13:44:14,395 [WARN] PackLoader:240 - Cannot read IP mode file for STMicroelectronics.X-CUBE-ISPU.1.1.0
2024-11-09 13:44:14,472 [WARN] PackLoader:240 - Cannot read IP mode file for STMicroelectronics.X-CUBE-AZRTOS-H7.3.3.0
2024-11-09 13:44:14,497 [WARN] PackLoader:240 - Cannot read IP mode file for RoweBots.I-CUBE-UNISONRTOS.5.5.0-4
2024-11-09 13:44:14,514 [WARN] PackLoader:240 - Cannot read IP mode file for STMicroelectronics.X-CUBE-AI.8.0.0
2024-11-09 13:44:14,535 [ERROR] Engine:466 - C:\Users\Minh\.stm32cubemx\thirdparties\pdsc\STMicroelectronics.X-CUBE-IPS.3.0.0.pdsc: PDSC version is not supported
2024-11-09 13:44:14,584 [WARN] ConditionMgr:438 - getConditionDescription Invalid condition id : UX DEVICE CLASS RTOS Condition cause : null
2024-11-09 13:44:14,585 [WARN] ConditionMgr:438 - getConditionDescription Invalid condition id : UX DEVICE CLASS RTOS Condition cause : null
2024-11-09 13:44:14,590 [WARN] PackLoader:240 - Cannot read IP mode file for STMicroelectronics.X-CUBE-AZRTOS-WB.2.0.0
2024-11-09 13:44:14,593 [WARN] ConditionMgr:1039 - genDependencies : Invalid condition id : UX DEVICE CLASS RTOS Condition cause : null
2024-11-09 13:44:14,594 [WARN] ConditionMgr:1039 - genDependencies : Invalid condition id : UX DEVICE CLASS RTOS Condition cause : null
2024-11-09 13:44:14,595 [WARN] ConditionMgr:1039 - genDependencies : Invalid condition id : UX DEVICE CLASS RTOS Condition cause : null
2024-11-09 13:44:14,596 [WARN] ConditionMgr:1039 - genDependencies : Invalid condition id : UX DEVICE CLASS RTOS Condition cause : null
2024-11-09 13:44:14,596 [WARN] ConditionMgr:1039 - genDependencies : Invalid condition id : UX DEVICE CLASS RTOS Condition cause : null
2024-11-09 13:44:14,612 [WARN] PackLoader:240 - Cannot read IP mode file for STMicroelectronics.X-CUBE-FREERTOS.1.0.0
2024-11-09 13:44:14,623 [WARN] PackLoader:240 - Cannot read IP mode file for STMicroelectronics.X-CUBE-FREERTOS.1.0.1
2024-11-09 13:44:14,646 [WARN] PackLoader:240 - Cannot read IP mode file for STMicroelectronics.X-CUBE-GNSS1.7.0.0
2024-11-09 13:44:14,661 [ERROR] Engine:466 - C:\Users\Minh\.stm32cubemx\thirdparties\pdsc\STMicroelectronics.FP-SNS-STBOX1.2.0.0.pdsc: PDSC version is not supported
2024-11-09 13:44:14,696 [WARN] PackLoader:240 - Cannot read IP mode file for STMicroelectronics.X-CUBE-AZRTOS-L5.1.1.0
2024-11-09 13:44:14,717 [WARN] PackLoader:240 - Cannot read IP mode file for STMicroelectronics.X-CUBE-AI.8.0.1
2024-11-09 13:44:14,750 [WARN] PackLoader:240 - Cannot read IP mode file for STMicroelectronics.X-CUBE-SUBG2.5.0.0
2024-11-09 13:44:14,778 [WARN] PackLoader:240 - Cannot read IP mode file for Cesanta.I-CUBE-Mongoose.7.13.0
2024-11-09 13:44:14,811 [WARN] PackLoader:240 - Cannot read IP mode file for STMicroelectronics.X-CUBE-TOF1.3.3.1
2024-11-09 13:44:14,950 [WARN] PackLoader:240 - Cannot read IP mode file for STMicroelectronics.X-CUBE-AZRTOS-G4.2.0.0
2024-11-09 13:44:15,002 [WARN] PackLoader:240 - Cannot read IP mode file for STMicroelectronics.X-CUBE-TOF1.3.3.0
2024-11-09 13:44:15,207 [WARN] PackLoader:240 - Cannot read IP mode file for STMicroelectronics.FP-ATR-ASTRA1.1.1.1
2024-11-09 13:44:15,246 [WARN] PackLoader:240 - Cannot read IP mode file for Infineon.AIROC-Wi-Fi-Bluetooth-STM32.1.5.1
2024-11-09 13:44:15,265 [WARN] PackLoader:240 - Cannot read IP mode file for STMicroelectronics.FP-SNS-MOTENVWB1.1.3.0
2024-11-09 13:44:15,277 [WARN] PackLoader:240 - Cannot read IP mode file for STMicroelectronics.FP-SNS-MOTENVWB1.1.3.1
2024-11-09 13:44:15,307 [WARN] PackLoader:240 - Cannot read IP mode file for STMicroelectronics.X-CUBE-AZRTOS-G4.1.0.0
2024-11-09 13:44:15,369 [WARN] PackLoader:240 - Cannot read IP mode file for STMicroelectronics.X-CUBE-AZRTOS-L4.1.0.0
2024-11-09 13:44:15,383 [WARN] PackLoader:240 - Cannot read IP mode file for STMicroelectronics.X-CUBE-ISPU.2.0.0
2024-11-09 13:44:15,397 [WARN] PackLoader:240 - Cannot read IP mode file for STMicroelectronics.X-CUBE-ALS.1.0.2
2024-11-09 13:44:15,514 [WARN] PackLoader:240 - Cannot read IP mode file for STMicroelectronics.X-CUBE-MEMS1.10.0.0
2024-11-09 13:44:16,033 [WARN] PackLoader:240 - Cannot read IP mode file for STMicroelectronics.X-CUBE-FREERTOS.1.1.0
2024-11-09 13:44:16,059 [WARN] PackLoader:240 - Cannot read IP mode file for STMicroelectronics.X-CUBE-TOUCHGFX.4.24.0
2024-11-09 13:44:16,093 [WARN] PackLoader:240 - Cannot read IP mode file for STMicroelectronics.X-CUBE-AZRTOS-WL.1.0.0
2024-11-09 13:44:16,150 [WARN] PackLoader:240 - Cannot read IP mode file for STMicroelectronics.X-CUBE-TOUCHGFX.4.24.1
2024-11-09 13:44:16,216 [WARN] PackLoader:240 - Cannot read IP mode file for portGmbH.I-Cube-SoM-uGOAL.1.1.0
2024-11-09 13:44:16,236 [WARN] PackLoader:240 - Cannot read IP mode file for STMicroelectronics.X-CUBE-ALS.1.0.1
2024-11-09 13:44:16,311 [WARN] PackLoader:240 - Cannot read IP mode file for STMicroelectronics.X-CUBE-AZRTOS-WB.1.1.0
2024-11-09 13:44:16,355 [WARN] PackLoader:240 - Cannot read IP mode file for STMicroelectronics.X-CUBE-AZRTOS-H7RS.1.0.0
2024-11-09 13:44:16,373 [WARN] PackLoader:240 - Cannot read IP mode file for STMicroelectronics.FP-ATR-ASTRA1.2.0.0
2024-11-09 13:44:16,385 [ERROR] Engine:466 - C:\Users\Minh\.stm32cubemx\thirdparties\pdsc\STMicroelectronics.X-CUBE-TOF1.3.4.2.pdsc: PDSC version is not supported
2024-11-09 13:44:16,434 [WARN] PackLoader:240 - Cannot read IP mode file for STMicroelectronics.X-CUBE-TOF1.3.4.0
2024-11-09 13:44:16,486 [WARN] PackLoader:240 - Cannot read IP mode file for STMicroelectronics.X-CUBE-TOF1.3.4.1
2024-11-09 13:44:16,557 [WARN] PackLoader:240 - Cannot read IP mode file for STMicroelectronics.X-CUBE-AZRTOS-H7.3.2.0
2024-11-09 13:44:16,601 [WARN] PackLoader:240 - Cannot read IP mode file for wolfSSL.I-CUBE-wolfSSH.1.4.17
2024-11-09 13:44:16,621 [INFO] ThirdParty:978 - Integrity check success = true
2024-11-09 13:44:16,621 [INFO] IntegrityCheckThread:100 - exiting critical section [integrity check]
2024-11-09 13:44:16,621 [INFO] IntegrityCheckThread:103 - End integrity checks thread
2024-11-09 14:12:08,524 [ERROR] LogOutputStream:75 - [STDERR_REDIRECT] SLF4J: Failed to load class "org.slf4j.impl.StaticLoggerBinder".
2024-11-09 14:12:08,525 [ERROR] LogOutputStream:75 - [STDERR_REDIRECT] SLF4J: Defaulting to no-operation (NOP) logger implementation
2024-11-09 14:12:08,530 [ERROR] LogOutputStream:75 - [STDERR_REDIRECT] SLF4J: See http://www.slf4j.org/codes.html#StaticLoggerBinder for further details.
2024-11-09 23:13:55,615 [ERROR] LogOutputStream:75 - [STDERR_REDIRECT] 
