2023-11-22 12:58:39,972 [INFO] Activator:176 - 


2023-11-22 12:58:39,979 [INFO] Activator:177 - !SESSION log4j initialized
2023-11-22 12:58:48,859 [INFO] LogOutputStream:77 - [STDOUT_REDIRECT] 
2023-11-22 12:58:55,535 [INFO] ApplicationProperties:184 - Using Application install path: C:\ST\STM32CubeIDE_1.4.0\STM32CubeIDE\plugins\com.st.stm32cube.common.mx_6.9.1.202307191849
2023-11-22 12:58:55,558 [INFO] DbMcusXml:78 - Set database path to: C:\ST\STM32CubeIDE_1.4.0\STM32CubeIDE\plugins\com.st.stm32cube.common.mx_6.9.1.202307191849\\db\/mcu/
2023-11-22 12:58:55,558 [INFO] ApiDb:274 - Set plugin database path to: C:\ST\STM32CubeIDE_1.4.0\STM32CubeIDE\plugins\com.st.stm32cube.common.mx_6.9.1.202307191849\\db\/plugins/boardmanager/
2023-11-22 12:58:55,559 [WARN] ApiDb:259 - Overriding images path with different value:  => C:\ST\STM32CubeIDE_1.4.0\STM32CubeIDE\plugins\com.st.stm32cube.common.mx_6.9.1.202307191849\\db\/plugins/mcufinder/images/
2023-11-22 12:58:55,575 [INFO] ApiDb:250 - Set database path to: C:\Users\Minh\.stmcufinder\plugins\mcufinder//mcu/
2023-11-22 12:58:55,577 [INFO] DbMcusAds:125 - Set database path to: C:\Users\Minh\.stmcufinder\plugins\mcufinder//mcu/
2023-11-22 12:58:55,580 [INFO] CrossReferenceDbSqlite:203 - Set database path to: C:\Users\Minh\.stmcufinder\plugins\mcufinder//mcu/cs/
2023-11-22 12:58:55,743 [INFO] RulesReader:64 - Compatibility file has been processed (293 Rules)
2023-11-22 12:58:55,854 [INFO] DbMcusXml:78 - Set database path to: C:\ST\STM32CubeIDE_1.4.0\STM32CubeIDE\plugins\com.st.stm32cube.common.mx_6.9.1.202307191849\\db\/mcu/
2023-11-22 12:58:55,854 [INFO] ApiDb:274 - Set plugin database path to: C:\ST\STM32CubeIDE_1.4.0\STM32CubeIDE\plugins\com.st.stm32cube.common.mx_6.9.1.202307191849\\db\/plugins/boardmanager/
2023-11-22 12:58:55,854 [INFO] ApiDb:261 - Set plugin images path to: C:\ST\STM32CubeIDE_1.4.0\STM32CubeIDE\plugins\com.st.stm32cube.common.mx_6.9.1.202307191849\\db\/plugins/mcufinder/images/
2023-11-22 12:58:55,854 [WARN] DbFile:41 - Overriding database path with different value: C:\Users\Minh\.stmcufinder\plugins\mcufinder/ => C:\Users\Minh\.stmcufinder\plugins\mcufinder
2023-11-22 12:58:55,854 [INFO] ApiDb:250 - Set database path to: C:\Users\Minh\.stmcufinder\plugins\mcufinder//mcu/
2023-11-22 12:58:55,854 [WARN] DbFile:41 - Overriding database path with different value: C:\Users\Minh\.stmcufinder\plugins\mcufinder/ => C:\Users\Minh\.stmcufinder\plugins\mcufinder
2023-11-22 12:58:55,854 [INFO] DbMcusAds:125 - Set database path to: C:\Users\Minh\.stmcufinder\plugins\mcufinder//mcu/
2023-11-22 12:58:55,855 [WARN] DbFile:41 - Overriding database path with different value: C:\Users\Minh\.stmcufinder\plugins\mcufinder/ => C:\Users\Minh\.stmcufinder\plugins\mcufinder
2023-11-22 12:58:55,855 [WARN] DbFile:41 - Overriding database path with different value: C:\Users\Minh\.stmcufinder\plugins\mcufinder/ => C:\Users\Minh\.stmcufinder\plugins\mcufinder
2023-11-22 12:58:55,855 [INFO] CrossReferenceDbSqlite:203 - Set database path to: C:\Users\Minh\.stmcufinder\plugins\mcufinder//mcu/cs/
2023-11-22 12:58:55,947 [INFO] MainPanel:262 - HeapMemory: 268435456
2023-11-22 12:58:56,075 [INFO] DbMcusXml:78 - Set database path to: C:\ST\STM32CubeIDE_1.4.0\STM32CubeIDE\plugins\com.st.stm32cube.common.mx_6.9.1.202307191849\\db\/mcu/
2023-11-22 12:58:56,075 [INFO] ApiDb:274 - Set plugin database path to: C:\ST\STM32CubeIDE_1.4.0\STM32CubeIDE\plugins\com.st.stm32cube.common.mx_6.9.1.202307191849\\db\/plugins/boardmanager/
2023-11-22 12:58:56,075 [INFO] ApiDb:261 - Set plugin images path to: C:\ST\STM32CubeIDE_1.4.0\STM32CubeIDE\plugins\com.st.stm32cube.common.mx_6.9.1.202307191849\\db\/plugins/mcufinder/images/
2023-11-22 12:58:56,076 [WARN] DbFile:41 - Overriding database path with different value: C:\Users\Minh\.stmcufinder\plugins\mcufinder/ => C:\Users\Minh\.stmcufinder\plugins\mcufinder
2023-11-22 12:58:56,076 [INFO] ApiDb:250 - Set database path to: C:\Users\Minh\.stmcufinder\plugins\mcufinder//mcu/
2023-11-22 12:58:56,076 [WARN] DbFile:41 - Overriding database path with different value: C:\Users\Minh\.stmcufinder\plugins\mcufinder/ => C:\Users\Minh\.stmcufinder\plugins\mcufinder
2023-11-22 12:58:56,076 [INFO] DbMcusAds:125 - Set database path to: C:\Users\Minh\.stmcufinder\plugins\mcufinder//mcu/
2023-11-22 12:58:56,076 [WARN] DbFile:41 - Overriding database path with different value: C:\Users\Minh\.stmcufinder\plugins\mcufinder/ => C:\Users\Minh\.stmcufinder\plugins\mcufinder
2023-11-22 12:58:56,076 [WARN] DbFile:41 - Overriding database path with different value: C:\Users\Minh\.stmcufinder\plugins\mcufinder/ => C:\Users\Minh\.stmcufinder\plugins\mcufinder
2023-11-22 12:58:56,076 [INFO] CrossReferenceDbSqlite:203 - Set database path to: C:\Users\Minh\.stmcufinder\plugins\mcufinder//mcu/cs/
2023-11-22 12:58:56,096 [INFO] ApplicationProperties:184 - Using Application install path: C:\ST\STM32CubeIDE_1.4.0\STM32CubeIDE\plugins\com.st.stm32cube.common.mx_6.9.1.202307191849
2023-11-22 12:58:56,098 [INFO] PluginManage:196 - Search for loadable plugins [exclusion list=, ]
2023-11-22 12:58:56,099 [INFO] PluginManage:310 - Check plugin analytics
2023-11-22 12:59:00,887 [INFO] AnalyticsPlugin:253 - Accepted Software Licenses: STM32CubeMX.6.0.0,STM32CubeMX.5.2.0
2023-11-22 12:59:00,887 [INFO] AnalyticsPlugin:255 - Accepted CMSIS Pack Licenses: 
2023-11-22 12:59:00,888 [INFO] AnalyticsPlugin:257 - Accepted Firmware Licenses: 
2023-11-22 12:59:00,891 [INFO] PluginManage:359 - Loaded plugin analytics (category:tool,tabindex:-1)
2023-11-22 12:59:00,891 [INFO] PluginManage:310 - Check plugin cadmodel
2023-11-22 12:59:00,910 [INFO] CADModel:105 - Init CAD model plugin
2023-11-22 12:59:00,910 [INFO] PluginManage:359 - Loaded plugin cadmodel (category:power,tabindex:5)
2023-11-22 12:59:00,911 [INFO] PluginManage:310 - Check plugin clock
2023-11-22 12:59:00,938 [INFO] PluginManage:359 - Loaded plugin clock (category:base,tabindex:2)
2023-11-22 12:59:00,938 [INFO] PluginManage:310 - Check plugin ddr
2023-11-22 12:59:00,941 [INFO] PluginManage:359 - Loaded plugin ddr (category:tool,tabindex:6)
2023-11-22 12:59:00,941 [INFO] PluginManage:310 - Check plugin filemanager
2023-11-22 12:59:01,098 [INFO] PluginManage:359 - Loaded plugin filemanager (category:base,tabindex:10)
2023-11-22 12:59:01,098 [INFO] PluginManage:310 - Check plugin ipmanager
2023-11-22 12:59:01,107 [INFO] PluginManage:359 - Loaded plugin ipmanager (category:base,tabindex:5)
2023-11-22 12:59:01,107 [INFO] PluginManage:310 - Check plugin lpbam
2023-11-22 12:59:01,125 [INFO] PluginManage:359 - Loaded plugin lpbam (category:base,tabindex:0)
2023-11-22 12:59:01,126 [INFO] PluginManage:310 - Check plugin memorymap
2023-11-22 12:59:01,149 [INFO] PluginManage:359 - Loaded plugin memorymap (category:base,tabindex:4)
2023-11-22 12:59:01,150 [INFO] PluginManage:310 - Check plugin pinoutandconfiguration
2023-11-22 12:59:01,167 [INFO] PluginManage:359 - Loaded plugin pinoutandconfiguration (category:base,tabindex:1)
2023-11-22 12:59:01,167 [INFO] PluginManage:310 - Check plugin pinoutconfig
2023-11-22 12:59:01,306 [WARN] SupportedApi:132 - Cannot load RTOS API schema: s4s-elt-must-match.1: The content of 'definitions' must match (annotation?, (simpleType | complexType)?, (unique | key | keyref)*)). A problem was found starting at: attribute.
2023-11-22 12:59:01,489 [INFO] PluginManage:359 - Loaded plugin pinoutconfig (category:base,tabindex:0)
2023-11-22 12:59:01,489 [INFO] PluginManage:310 - Check plugin power
2023-11-22 12:59:01,523 [INFO] PluginManage:359 - Loaded plugin power (category:power,tabindex:4)
2023-11-22 12:59:01,523 [INFO] PluginManage:310 - Check plugin projectmanager
2023-11-22 12:59:01,545 [INFO] PluginManage:359 - Loaded plugin projectmanager (category:projectmanager,tabindex:3)
2023-11-22 12:59:01,546 [INFO] PluginManage:310 - Check plugin thirdparty
2023-11-22 12:59:01,913 [INFO] PluginManage:359 - Loaded plugin thirdparty (category:base,tabindex:-1)
2023-11-22 12:59:01,913 [INFO] PluginManage:310 - Check plugin tools
2023-11-22 12:59:01,913 [WARN] IntegrityCheckThread:84 - waiting for thirdparty lock release [integrity check]
2023-11-22 12:59:01,914 [INFO] IntegrityCheckThread:86 - entering critical section [integrity check]
2023-11-22 12:59:01,914 [INFO] ThirdPartyUpdaterWithRetryManager:70 - Updater plugin not ready yet. [1/15]
2023-11-22 12:59:01,958 [INFO] PluginManage:359 - Loaded plugin tools (category:base,tabindex:7)
2023-11-22 12:59:01,958 [INFO] PluginManage:310 - Check plugin tutovideos
2023-11-22 12:59:02,202 [INFO] PluginManage:359 - Loaded plugin tutovideos (category:base,tabindex:-1)
2023-11-22 12:59:02,202 [INFO] PluginManage:310 - Check plugin updater
2023-11-22 12:59:02,223 [INFO] PluginManage:359 - Loaded plugin updater (category:base,tabindex:12)
2023-11-22 12:59:02,224 [INFO] PluginManage:310 - Check plugin userauth
2023-11-22 12:59:02,234 [INFO] UserAuth:113 - Init User Auth plugin
2023-11-22 12:59:02,234 [INFO] PluginManage:359 - Loaded plugin userauth (category:base,tabindex:14)
2023-11-22 12:59:02,234 [INFO] PluginManage:283 - PluginManage : Loaded plugins [17]
2023-11-22 12:59:02,537 [INFO] PinOutPanel:1499 - setPackage(No Configuration,No Configuration)
2023-11-22 12:59:02,705 [INFO] CADModel:165 - CPN selected for project level
2023-11-22 12:59:02,705 [INFO] CADModel:114 - Register for checkConnection events
2023-11-22 12:59:02,737 [INFO] IPUIPlugin:80 - create IPUIPlugin
2023-11-22 12:59:02,737 [INFO] PluginManager:220 - loadIPPluginJar : add adc
2023-11-22 12:59:02,775 [INFO] IPUIPlugin:80 - create IPUIPlugin
2023-11-22 12:59:02,775 [INFO] PluginManager:220 - loadIPPluginJar : add aes
2023-11-22 12:59:02,817 [INFO] IPUIPlugin:80 - create IPUIPlugin
2023-11-22 12:59:02,817 [INFO] PluginManager:220 - loadIPPluginJar : add can
2023-11-22 12:59:02,840 [INFO] IPUIPlugin:80 - create IPUIPlugin
2023-11-22 12:59:02,840 [INFO] PluginManager:220 - loadIPPluginJar : add comp
2023-11-22 12:59:02,877 [INFO] IPUIPlugin:80 - create IPUIPlugin
2023-11-22 12:59:02,877 [INFO] PluginManager:220 - loadIPPluginJar : add cryp
2023-11-22 12:59:02,910 [INFO] IPUIPlugin:80 - create IPUIPlugin
2023-11-22 12:59:02,910 [INFO] PluginManager:220 - loadIPPluginJar : add dfsdm
2023-11-22 12:59:02,925 [INFO] IPUIPlugin:80 - create IPUIPlugin
2023-11-22 12:59:02,926 [INFO] PluginManager:220 - loadIPPluginJar : add dma
2023-11-22 12:59:02,977 [INFO] IPUIPlugin:80 - create IPUIPlugin
2023-11-22 12:59:02,977 [INFO] PluginManager:220 - loadIPPluginJar : add dma3
2023-11-22 12:59:03,018 [INFO] IPUIPlugin:80 - create IPUIPlugin
2023-11-22 12:59:03,018 [INFO] PluginManager:220 - loadIPPluginJar : add fatfs
2023-11-22 12:59:03,082 [INFO] IPUIPlugin:80 - create IPUIPlugin
2023-11-22 12:59:03,082 [INFO] PluginManager:220 - loadIPPluginJar : add fmc
2023-11-22 12:59:03,106 [INFO] IPUIPlugin:80 - create IPUIPlugin
2023-11-22 12:59:03,106 [INFO] PluginManager:220 - loadIPPluginJar : add freertos
2023-11-22 12:59:03,130 [INFO] IPUIPlugin:80 - create IPUIPlugin
2023-11-22 12:59:03,130 [INFO] PluginManager:220 - loadIPPluginJar : add genericplugin
2023-11-22 12:59:03,220 [INFO] IPUIPlugin:80 - create IPUIPlugin
2023-11-22 12:59:03,220 [INFO] PluginManager:220 - loadIPPluginJar : add gfxmmu
2023-11-22 12:59:03,342 [INFO] IPUIPlugin:80 - create IPUIPlugin
2023-11-22 12:59:03,343 [INFO] PluginManager:220 - loadIPPluginJar : add gic
2023-11-22 12:59:03,356 [INFO] IPUIPlugin:80 - create IPUIPlugin
2023-11-22 12:59:03,356 [INFO] PluginManager:220 - loadIPPluginJar : add gpio
2023-11-22 12:59:03,447 [INFO] IPUIPlugin:80 - create IPUIPlugin
2023-11-22 12:59:03,447 [INFO] PluginManager:220 - loadIPPluginJar : add gtzc
2023-11-22 12:59:03,493 [INFO] IPUIPlugin:80 - create IPUIPlugin
2023-11-22 12:59:03,494 [INFO] PluginManager:220 - loadIPPluginJar : add hash
2023-11-22 12:59:03,564 [INFO] IPUIPlugin:80 - create IPUIPlugin
2023-11-22 12:59:03,564 [INFO] PluginManager:220 - loadIPPluginJar : add i2c
2023-11-22 12:59:03,620 [INFO] IPUIPlugin:80 - create IPUIPlugin
2023-11-22 12:59:03,620 [INFO] PluginManager:220 - loadIPPluginJar : add i2s
2023-11-22 12:59:03,660 [INFO] IPUIPlugin:80 - create IPUIPlugin
2023-11-22 12:59:03,660 [INFO] PluginManager:220 - loadIPPluginJar : add i3c
2023-11-22 12:59:03,761 [INFO] IPUIPlugin:80 - create IPUIPlugin
2023-11-22 12:59:03,761 [INFO] PluginManager:220 - loadIPPluginJar : add ipddr
2023-11-22 12:59:03,852 [INFO] IPUIPlugin:80 - create IPUIPlugin
2023-11-22 12:59:03,853 [INFO] PluginManager:220 - loadIPPluginJar : add linkedlist
2023-11-22 12:59:03,887 [INFO] IPUIPlugin:80 - create IPUIPlugin
2023-11-22 12:59:03,887 [INFO] PluginManager:220 - loadIPPluginJar : add lorawan
2023-11-22 12:59:03,922 [INFO] IPUIPlugin:80 - create IPUIPlugin
2023-11-22 12:59:03,922 [INFO] PluginManager:220 - loadIPPluginJar : add ltdc
2023-11-22 12:59:03,937 [INFO] IPUIPlugin:80 - create IPUIPlugin
2023-11-22 12:59:03,937 [INFO] PluginManager:220 - loadIPPluginJar : add mdma
2023-11-22 12:59:03,954 [INFO] IPUIPlugin:80 - create IPUIPlugin
2023-11-22 12:59:03,954 [INFO] PluginManager:220 - loadIPPluginJar : add nvic
2023-11-22 12:59:04,008 [INFO] IPUIPlugin:80 - create IPUIPlugin
2023-11-22 12:59:04,008 [INFO] PluginManager:220 - loadIPPluginJar : add opamp
2023-11-22 12:59:04,115 [INFO] IPUIPlugin:80 - create IPUIPlugin
2023-11-22 12:59:04,115 [INFO] PluginManager:220 - loadIPPluginJar : add openamp
2023-11-22 12:59:04,165 [INFO] IPUIPlugin:80 - create IPUIPlugin
2023-11-22 12:59:04,165 [INFO] PluginManager:220 - loadIPPluginJar : add pdm2pcm
2023-11-22 12:59:04,182 [INFO] IPUIPlugin:80 - create IPUIPlugin
2023-11-22 12:59:04,185 [INFO] PluginManager:220 - loadIPPluginJar : add plateformsettings
2023-11-22 12:59:04,207 [INFO] IPUIPlugin:80 - create IPUIPlugin
2023-11-22 12:59:04,207 [INFO] PluginManager:220 - loadIPPluginJar : add quadspi
2023-11-22 12:59:04,221 [INFO] IPUIPlugin:80 - create IPUIPlugin
2023-11-22 12:59:04,221 [INFO] PluginManager:220 - loadIPPluginJar : add resmgrutility
2023-11-22 12:59:04,269 [INFO] IPUIPlugin:80 - create IPUIPlugin
2023-11-22 12:59:04,269 [INFO] PluginManager:220 - loadIPPluginJar : add sai
2023-11-22 12:59:04,305 [INFO] IPUIPlugin:80 - create IPUIPlugin
2023-11-22 12:59:04,305 [INFO] PluginManager:220 - loadIPPluginJar : add spi
2023-11-22 12:59:04,360 [INFO] IPUIPlugin:80 - create IPUIPlugin
2023-11-22 12:59:04,360 [INFO] PluginManager:220 - loadIPPluginJar : add stm32_wpan
2023-11-22 12:59:04,383 [INFO] IPUIPlugin:80 - create IPUIPlugin
2023-11-22 12:59:04,383 [INFO] PluginManager:220 - loadIPPluginJar : add tim
2023-11-22 12:59:04,442 [INFO] IPUIPlugin:80 - create IPUIPlugin
2023-11-22 12:59:04,442 [INFO] PluginManager:220 - loadIPPluginJar : add touchsensing
2023-11-22 12:59:04,465 [INFO] IPUIPlugin:80 - create IPUIPlugin
2023-11-22 12:59:04,465 [INFO] PluginManager:220 - loadIPPluginJar : add tracer_emb
2023-11-22 12:59:04,487 [INFO] IPUIPlugin:80 - create IPUIPlugin
2023-11-22 12:59:04,487 [INFO] PluginManager:220 - loadIPPluginJar : add ts
2023-11-22 12:59:04,509 [INFO] IPUIPlugin:80 - create IPUIPlugin
2023-11-22 12:59:04,509 [INFO] PluginManager:220 - loadIPPluginJar : add tsc
2023-11-22 12:59:04,530 [INFO] IPUIPlugin:80 - create IPUIPlugin
2023-11-22 12:59:04,530 [INFO] PluginManager:220 - loadIPPluginJar : add ucpd
2023-11-22 12:59:04,595 [INFO] IPUIPlugin:80 - create IPUIPlugin
2023-11-22 12:59:04,596 [INFO] PluginManager:220 - loadIPPluginJar : add usart
2023-11-22 12:59:04,656 [INFO] IPUIPlugin:80 - create IPUIPlugin
2023-11-22 12:59:04,657 [INFO] PluginManager:220 - loadIPPluginJar : add usbx
2023-11-22 12:59:04,807 [INFO] CADModel:165 - CPN selected for project level
2023-11-22 12:59:04,807 [INFO] CADModel:114 - Register for checkConnection events
2023-11-22 12:59:04,808 [FATAL] Updater:308 - Updater called before beeing initialized
2023-11-22 12:59:04,809 [ERROR] CADModel:125 - Updater not yet initialized, retry later 
2023-11-22 12:59:04,915 [INFO] ThirdPartyUpdaterWithRetryManager:70 - Updater plugin not ready yet. [2/15]
2023-11-22 12:59:05,022 [INFO] CADModel:165 - CPN selected for project level
2023-11-22 12:59:05,022 [INFO] CADModel:114 - Register for checkConnection events
2023-11-22 12:59:05,022 [FATAL] Updater:308 - Updater called before beeing initialized
2023-11-22 12:59:05,022 [ERROR] CADModel:125 - Updater not yet initialized, retry later 
2023-11-22 12:59:05,027 [FATAL] Updater:308 - Updater called before beeing initialized
2023-11-22 12:59:05,162 [FATAL] Updater:308 - Updater called before beeing initialized
2023-11-22 12:59:05,171 [INFO] DbMcusAds:53 - JSON generation date=Tue Mar 07 17:50:55 JST 2023 (1678179055335)
2023-11-22 12:59:05,171 [FATAL] Updater:308 - Updater called before beeing initialized
2023-11-22 12:59:05,272 [WARN] DetailPanel:346 - Failed to get advertising image, set to default
2023-11-22 12:59:05,405 [FATAL] Updater:308 - Updater called before beeing initialized
2023-11-22 12:59:05,408 [FATAL] Updater:308 - Updater called before beeing initialized
2023-11-22 12:59:05,408 [FATAL] Updater:308 - Updater called before beeing initialized
2023-11-22 12:59:05,408 [WARN] DetailPanel:346 - Failed to get advertising image, set to default
2023-11-22 12:59:05,409 [FATAL] Updater:308 - Updater called before beeing initialized
2023-11-22 12:59:05,483 [ERROR] Updater:1120 - MainUpdater not yet initialized. External WinMGr cannot be set.
2023-11-22 12:59:05,494 [INFO] Updater:1056 - Updater Version found : 6.9.1
2023-11-22 12:59:05,514 [INFO] ApplicationProperties:184 - Using Application install path: C:\ST\STM32CubeIDE_1.4.0\STM32CubeIDE\plugins\com.st.stm32cube.common.mx_6.9.1.202307191849
2023-11-22 12:59:05,640 [INFO] MainUpdater:2868 - connection check result : 10
2023-11-22 12:59:05,641 [INFO] MainUpdater:285 - Updater Check For Update Now.
2023-11-22 12:59:05,641 [INFO] MicroXplorer:498 - Change Database Version : DB.6.0.91
2023-11-22 12:59:05,665 [INFO] McuFinderGlobals:63 - Set McuFinder mode to 2 (CubeIDE integrated)
2023-11-22 12:59:05,666 [INFO] UserAuth:179 - activating auth plugin
2023-11-22 12:59:05,671 [INFO] UserAuth:393 - Internet connection configuration mode: 1
2023-11-22 12:59:05,701 [INFO] JxBrowserEngine:151 - Initiate JxBrowser Engine with user profile folder
2023-11-22 12:59:05,859 [INFO] CheckServerUpdateThread:120 - End of CheckServer Thread
2023-11-22 12:59:07,085 [INFO] WebApp:157 - Instantiating new browser for Auth
2023-11-22 12:59:08,191 [WARN] PackLoader:240 - Cannot read IP mode file for STMicroelectronics.X-CUBE-SMBUS.2.1.0
2023-11-22 12:59:08,230 [INFO] WebApp:753 - Register for checkConnection events
2023-11-22 12:59:08,231 [INFO] WebApp:390 - Apply proxy settings
2023-11-22 12:59:08,231 [INFO] WebApp:475 - Chromium requires no authentication
2023-11-22 12:59:08,237 [WARN] PackLoader:240 - Cannot read IP mode file for STMicroelectronics.X-CUBE-AZRTOS-F7.1.1.0
2023-11-22 12:59:08,245 [INFO] WebApp:418 - Direct internet connection detected
2023-11-22 12:59:08,251 [ERROR] RealEvaluatedCondition:428 - Found unsupported composite condition: CLASS='Data Exchange' GROUP='STM32_MetaDataManager'
2023-11-22 12:59:08,251 [ERROR] RealEvaluatedCondition:428 - Found unsupported composite condition: CLASS='Data Exchange' GROUP='STM32_MetaDataManager'
2023-11-22 12:59:08,253 [WARN] PackLoader:240 - Cannot read IP mode file for STMicroelectronics.FP-SNS-MOTENV1.4.3.0
2023-11-22 12:59:08,267 [WARN] PackLoader:240 - Cannot read IP mode file for STMicroelectronics.FP-SNS-MOTENV1.4.3.2
2023-11-22 12:59:08,278 [WARN] PackLoader:240 - Cannot read IP mode file for STMicroelectronics.FP-SNS-FLIGHT1.5.0.0
2023-11-22 12:59:08,285 [ERROR] RealEvaluatedCondition:428 - Found unsupported composite condition: GROUP='STM32_MetaDataManager' CLASS='Data Exchange'
2023-11-22 12:59:08,285 [ERROR] RealEvaluatedCondition:428 - Found unsupported composite condition: GROUP='STM32_MetaDataManager' CLASS='Data Exchange'
2023-11-22 12:59:08,287 [WARN] PackLoader:240 - Cannot read IP mode file for STMicroelectronics.FP-SNS-MOTENV1.4.3.1
2023-11-22 12:59:08,296 [WARN] PackLoader:240 - Cannot read IP mode file for STMicroelectronics.FP-SNS-FLIGHT1.5.0.1
2023-11-22 12:59:08,308 [WARN] PackLoader:240 - Cannot read IP mode file for STMicroelectronics.X-CUBE-BLE1.6.2.4
2023-11-22 12:59:08,316 [WARN] PackLoader:240 - Cannot read IP mode file for STMicroelectronics.FP-SNS-FLIGHT1.5.0.2
2023-11-22 12:59:08,330 [WARN] PackLoader:240 - Cannot read IP mode file for STMicroelectronics.X-CUBE-DISPLAY.3.0.0
2023-11-22 12:59:08,345 [WARN] PackLoader:240 - Cannot read IP mode file for STMicroelectronics.X-CUBE-BLE1.7.0.0
2023-11-22 12:59:08,354 [WARN] PackLoader:240 - Cannot read IP mode file for STMicroelectronics.X-CUBE-TOUCHGFX.4.22.0
2023-11-22 12:59:08,359 [WARN] PackLoader:240 - Cannot read IP mode file for STMicroelectronics.X-CUBE-TOUCHGFX.4.22.1
2023-11-22 12:59:08,367 [WARN] PackLoader:240 - Cannot read IP mode file for STMicroelectronics.FP-SNS-SMARTAG2.1.2.0
2023-11-22 12:59:08,388 [INFO] LogOutputStream:77 - [STDOUT_REDIRECT] 1 : Invalid condition id : UX_CORESTACK_Condition cause : null
2023-11-22 12:59:08,389 [INFO] LogOutputStream:77 - [STDOUT_REDIRECT] 1 : Invalid condition id : UX_CORESTACK_Condition cause : null
2023-11-22 12:59:08,392 [INFO] LogOutputStream:77 - [STDOUT_REDIRECT] 1 : Invalid condition id : UX_CORESTACK_Condition cause : null
2023-11-22 12:59:08,395 [INFO] LogOutputStream:77 - [STDOUT_REDIRECT] 1 : Invalid condition id : UX_CORESTACK_Condition cause : null
2023-11-22 12:59:08,397 [INFO] LogOutputStream:77 - [STDOUT_REDIRECT] 1 : Invalid condition id : UX_CORESTACK_Condition cause : null
2023-11-22 12:59:08,405 [WARN] PackLoader:240 - Cannot read IP mode file for STMicroelectronics.X-CUBE-AZRTOS-WL.2.0.0
2023-11-22 12:59:08,422 [WARN] PackLoader:240 - Cannot read IP mode file for WES.I-CUBE-Cesium.1.3.0
2023-11-22 12:59:08,431 [WARN] PackLoader:240 - Cannot read IP mode file for STMicroelectronics.X-CUBE-BLE2.3.3.0
2023-11-22 12:59:08,448 [WARN] PackLoader:240 - Cannot read IP mode file for STMicroelectronics.X-CUBE-TOF1.3.2.0
2023-11-22 12:59:08,461 [WARN] PackLoader:240 - Cannot read IP mode file for STMicroelectronics.X-CUBE-TOUCHGFX.4.21.1
2023-11-22 12:59:08,465 [WARN] PackLoader:240 - Cannot read IP mode file for STMicroelectronics.X-CUBE-TOUCHGFX.4.21.3
2023-11-22 12:59:08,469 [WARN] PackLoader:240 - Cannot read IP mode file for STMicroelectronics.X-CUBE-TOUCHGFX.4.21.4
2023-11-22 12:59:08,478 [WARN] PackLoader:240 - Cannot read IP mode file for STMicroelectronics.X-CUBE-ALGOBUILD.1.3.0
2023-11-22 12:59:08,503 [WARN] PackLoader:240 - Cannot read IP mode file for STMicroelectronics.X-CUBE-AZRTOS-G0.1.1.0
2023-11-22 12:59:08,516 [WARN] PackLoader:240 - Cannot read IP mode file for STMicroelectronics.X-CUBE-NFC4.3.0.0
2023-11-22 12:59:08,532 [WARN] PackLoader:240 - Cannot read IP mode file for STMicroelectronics.X-CUBE-BLEMGR.3.0.0
2023-11-22 12:59:08,542 [WARN] PackLoader:240 - Cannot read IP mode file for STMicroelectronics.FP-ATR-SIGFOX1.3.2.0
2023-11-22 12:59:08,615 [WARN] PackLoader:240 - Cannot read IP mode file for STMicroelectronics.X-CUBE-MEMS1.9.5.0
2023-11-22 12:59:08,675 [INFO] WebApp:188 - Starting web application
2023-11-22 12:59:08,675 [INFO] WebApp:520 - Web application path used C:\ST\STM32CubeIDE_1.4.0\STM32CubeIDE\plugins\com.st.stm32cube.common.mx_6.9.1.202307191849\db\plugins\mcufinder\reactClient1\index.html
2023-11-22 12:59:08,904 [WARN] PackLoader:240 - Cannot read IP mode file for SEGGER.I-CUBE-embOS.1.3.1
2023-11-22 12:59:08,977 [WARN] PackLoader:240 - Cannot read IP mode file for STMicroelectronics.X-CUBE-GNSS1.6.0.0
2023-11-22 12:59:09,010 [WARN] PackLoader:240 - Cannot read IP mode file for STMicroelectronics.X-CUBE-AZRTOS-F4.1.1.0
2023-11-22 12:59:09,040 [WARN] PackLoader:240 - Cannot read IP mode file for STMicroelectronics.X-CUBE-AZRTOS-L5.2.0.0
2023-11-22 12:59:09,104 [WARN] PackLoader:240 - Cannot read IP mode file for STMicroelectronics.X-CUBE-MEMS1.9.6.0
2023-11-22 12:59:09,389 [WARN] PackLoader:240 - Cannot read IP mode file for STMicroelectronics.X-CUBE-EEPRMA1.4.2.0
2023-11-22 12:59:09,396 [WARN] PackLoader:240 - Cannot read IP mode file for ITTIA_DB.I-CUBE-ITTIADB.8.8.0
2023-11-22 12:59:09,405 [WARN] PackLoader:240 - Cannot read IP mode file for emotas.I-CUBE-CANOPEN.1.1.3
2023-11-22 12:59:09,414 [WARN] PackLoader:240 - Cannot read IP mode file for STMicroelectronics.X-CUBE-BLEMGR.2.0.0
2023-11-22 12:59:09,442 [WARN] ConditionMgr:438 - getConditionDescription Invalid condition id : UX DEVICE CLASS RTOS Condition cause : null
2023-11-22 12:59:09,442 [WARN] ConditionMgr:438 - getConditionDescription Invalid condition id : UX DEVICE CLASS RTOS Condition cause : null
2023-11-22 12:59:09,447 [WARN] PackLoader:240 - Cannot read IP mode file for STMicroelectronics.X-CUBE-AZRTOS-H7.3.1.0
2023-11-22 12:59:09,449 [WARN] ConditionMgr:1039 - genDependencies : Invalid condition id : UX DEVICE CLASS RTOS Condition cause : null
2023-11-22 12:59:09,449 [WARN] ConditionMgr:1039 - genDependencies : Invalid condition id : UX DEVICE CLASS RTOS Condition cause : null
2023-11-22 12:59:09,451 [WARN] ConditionMgr:1039 - genDependencies : Invalid condition id : UX DEVICE CLASS RTOS Condition cause : null
2023-11-22 12:59:09,451 [WARN] ConditionMgr:1039 - genDependencies : Invalid condition id : UX DEVICE CLASS RTOS Condition cause : null
2023-11-22 12:59:09,452 [WARN] ConditionMgr:1039 - genDependencies : Invalid condition id : UX DEVICE CLASS RTOS Condition cause : null
2023-11-22 12:59:09,459 [WARN] PackLoader:240 - Cannot read IP mode file for wolfSSL.I-CUBE-wolfSSL.5.5.4
2023-11-22 12:59:09,465 [WARN] PackLoader:240 - Cannot read IP mode file for STMicroelectronics.X-CUBE-NFC7.1.0.1
2023-11-22 12:59:09,470 [WARN] PackLoader:240 - Cannot read IP mode file for STMicroelectronics.X-CUBE-NFC7.1.0.0
2023-11-22 12:59:09,479 [WARN] PackLoader:240 - Cannot read IP mode file for STMicroelectronics.X-CUBE-NFC6.3.0.0
2023-11-22 12:59:09,485 [WARN] PackLoader:240 - Cannot read IP mode file for STMicroelectronics.X-CUBE-EEPRMA1.4.1.0
2023-11-22 12:59:09,490 [WARN] PackLoader:240 - Cannot read IP mode file for STMicroelectronics.X-CUBE-AI.8.1.0
2023-11-22 12:59:09,522 [WARN] ConditionMgr:438 - getConditionDescription Invalid condition id : LAN8742 Phy interface Condition cause : null
2023-11-22 12:59:09,524 [WARN] PackLoader:240 - Cannot read IP mode file for STMicroelectronics.X-CUBE-AZRTOS-L4.2.0.0
2023-11-22 12:59:09,526 [WARN] ConditionMgr:1039 - genDependencies : Invalid condition id : LAN8742 Phy interface Condition cause : null
2023-11-22 12:59:09,527 [WARN] ConditionMgr:1039 - genDependencies : Invalid condition id : LAN8742 Phy interface Condition cause : null
2023-11-22 12:59:09,528 [WARN] ConditionMgr:1039 - genDependencies : Invalid condition id : LAN8742 Phy interface Condition cause : null
2023-11-22 12:59:09,544 [WARN] PackLoader:240 - Cannot read IP mode file for STMicroelectronics.X-CUBE-SFXS2LP1.4.0.0
2023-11-22 12:59:09,575 [WARN] PackLoader:240 - Cannot read IP mode file for STMicroelectronics.X-CUBE-AZRTOS-H7.3.0.0
2023-11-22 12:59:09,586 [WARN] PackLoader:240 - Cannot read IP mode file for STMicroelectronics.X-CUBE-ISPU.1.1.0
2023-11-22 12:59:09,598 [WARN] PackLoader:240 - Cannot read IP mode file for RoweBots.I-CUBE-UNISONRTOS.5.5.0-4
2023-11-22 12:59:09,604 [WARN] PackLoader:240 - Cannot read IP mode file for STMicroelectronics.X-CUBE-AI.8.0.0
2023-11-22 12:59:09,620 [WARN] ConditionMgr:438 - getConditionDescription Invalid condition id : UX DEVICE CLASS RTOS Condition cause : null
2023-11-22 12:59:09,621 [WARN] ConditionMgr:438 - getConditionDescription Invalid condition id : UX DEVICE CLASS RTOS Condition cause : null
2023-11-22 12:59:09,624 [WARN] PackLoader:240 - Cannot read IP mode file for STMicroelectronics.X-CUBE-AZRTOS-WB.2.0.0
2023-11-22 12:59:09,625 [WARN] ConditionMgr:1039 - genDependencies : Invalid condition id : UX DEVICE CLASS RTOS Condition cause : null
2023-11-22 12:59:09,625 [WARN] ConditionMgr:1039 - genDependencies : Invalid condition id : UX DEVICE CLASS RTOS Condition cause : null
2023-11-22 12:59:09,625 [WARN] ConditionMgr:1039 - genDependencies : Invalid condition id : UX DEVICE CLASS RTOS Condition cause : null
2023-11-22 12:59:09,626 [WARN] ConditionMgr:1039 - genDependencies : Invalid condition id : UX DEVICE CLASS RTOS Condition cause : null
2023-11-22 12:59:09,626 [WARN] ConditionMgr:1039 - genDependencies : Invalid condition id : UX DEVICE CLASS RTOS Condition cause : null
2023-11-22 12:59:09,651 [WARN] PackLoader:240 - Cannot read IP mode file for STMicroelectronics.X-CUBE-FREERTOS.1.0.0
2023-11-22 12:59:09,658 [WARN] PackLoader:240 - Cannot read IP mode file for STMicroelectronics.X-CUBE-FREERTOS.1.0.1
2023-11-22 12:59:09,686 [WARN] PackLoader:240 - Cannot read IP mode file for STMicroelectronics.X-CUBE-AZRTOS-L5.1.1.0
2023-11-22 12:59:09,697 [WARN] PackLoader:240 - Cannot read IP mode file for STMicroelectronics.X-CUBE-AI.8.0.1
2023-11-22 12:59:09,717 [WARN] PackLoader:240 - Cannot read IP mode file for STMicroelectronics.X-CUBE-SUBG2.5.0.0
2023-11-22 12:59:09,750 [WARN] PackLoader:240 - Cannot read IP mode file for STMicroelectronics.X-CUBE-TOF1.3.3.1
2023-11-22 12:59:09,783 [WARN] PackLoader:240 - Cannot read IP mode file for STMicroelectronics.X-CUBE-AZRTOS-G4.2.0.0
2023-11-22 12:59:09,796 [WARN] PackLoader:240 - Cannot read IP mode file for STMicroelectronics.X-CUBE-TOF1.3.3.0
2023-11-22 12:59:09,809 [WARN] PackLoader:240 - Cannot read IP mode file for STMicroelectronics.FP-ATR-ASTRA1.1.1.1
2023-11-22 12:59:09,821 [WARN] PackLoader:240 - Cannot read IP mode file for Infineon.AIROC-Wi-Fi-Bluetooth-STM32.1.5.1
2023-11-22 12:59:09,828 [WARN] PackLoader:240 - Cannot read IP mode file for STMicroelectronics.FP-SNS-MOTENVWB1.1.3.0
2023-11-22 12:59:09,844 [WARN] PackLoader:240 - Cannot read IP mode file for STMicroelectronics.X-CUBE-AZRTOS-G4.1.0.0
2023-11-22 12:59:09,866 [WARN] PackLoader:240 - Cannot read IP mode file for STMicroelectronics.X-CUBE-AZRTOS-L4.1.0.0
2023-11-22 12:59:09,910 [WARN] PackLoader:240 - Cannot read IP mode file for STMicroelectronics.X-CUBE-MEMS1.10.0.0
2023-11-22 12:59:10,025 [WARN] PackLoader:240 - Cannot read IP mode file for STMicroelectronics.X-CUBE-FREERTOS.1.1.0
2023-11-22 12:59:10,035 [WARN] PackLoader:240 - Cannot read IP mode file for STMicroelectronics.X-CUBE-AZRTOS-WL.1.0.0
2023-11-22 12:59:10,043 [WARN] PackLoader:240 - Cannot read IP mode file for portGmbH.I-Cube-SoM-uGOAL.1.1.0
2023-11-22 12:59:10,048 [WARN] PackLoader:240 - Cannot read IP mode file for STMicroelectronics.X-CUBE-ALS.1.0.1
2023-11-22 12:59:10,060 [WARN] PackLoader:240 - Cannot read IP mode file for STMicroelectronics.X-CUBE-AZRTOS-WB.1.1.0
2023-11-22 12:59:10,066 [WARN] PackLoader:240 - Cannot read IP mode file for STMicroelectronics.FP-ATR-ASTRA1.2.0.0
2023-11-22 12:59:10,067 [INFO] ThirdParty:978 - Integrity check success = true
2023-11-22 12:59:10,067 [INFO] IntegrityCheckThread:100 - exiting critical section [integrity check]
2023-11-22 12:59:10,067 [INFO] IntegrityCheckThread:103 - End integrity checks thread
2023-11-22 13:03:46,617 [ERROR] LogOutputStream:75 - [STDERR_REDIRECT] SLF4J: Failed to load class "org.slf4j.impl.StaticLoggerBinder".
2023-11-22 13:03:46,618 [ERROR] LogOutputStream:75 - [STDERR_REDIRECT] SLF4J: Defaulting to no-operation (NOP) logger implementation
2023-11-22 13:03:46,619 [ERROR] LogOutputStream:75 - [STDERR_REDIRECT] SLF4J: See http://www.slf4j.org/codes.html#StaticLoggerBinder for further details.
2023-11-22 15:44:41,428 [ERROR] LogOutputStream:75 - [STDERR_REDIRECT] 
