2024-11-24 10:48:32,214 [INFO] Activator:176 - 


2024-11-24 10:48:32,226 [INFO] Activator:177 - !SESSION log4j initialized
2024-11-24 10:48:46,493 [INFO] LogOutputStream:77 - [STDOUT_REDIRECT] 
2024-11-24 10:48:50,943 [INFO] ApplicationProperties:184 - Using Application install path: C:\ST\STM32CubeIDE_1.4.0\STM32CubeIDE\plugins\com.st.stm32cube.common.mx_6.9.1.202307191849
2024-11-24 10:48:50,974 [INFO] DbMcusXml:78 - Set database path to: C:\ST\STM32CubeIDE_1.4.0\STM32CubeIDE\plugins\com.st.stm32cube.common.mx_6.9.1.202307191849\\db\/mcu/
2024-11-24 10:48:50,975 [INFO] ApiDb:274 - Set plugin database path to: C:\ST\STM32CubeIDE_1.4.0\STM32CubeIDE\plugins\com.st.stm32cube.common.mx_6.9.1.202307191849\\db\/plugins/boardmanager/
2024-11-24 10:48:50,975 [WARN] ApiDb:259 - Overriding images path with different value:  => C:\ST\STM32CubeIDE_1.4.0\STM32CubeIDE\plugins\com.st.stm32cube.common.mx_6.9.1.202307191849\\db\/plugins/mcufinder/images/
2024-11-24 10:48:50,996 [INFO] ApiDb:250 - Set database path to: C:\Users\Minh\.stmcufinder\plugins\mcufinder//mcu/
2024-11-24 10:48:50,999 [INFO] DbMcusAds:125 - Set database path to: C:\Users\Minh\.stmcufinder\plugins\mcufinder//mcu/
2024-11-24 10:48:51,003 [INFO] CrossReferenceDbSqlite:203 - Set database path to: C:\Users\Minh\.stmcufinder\plugins\mcufinder//mcu/cs/
2024-11-24 10:48:51,288 [INFO] RulesReader:64 - Compatibility file has been processed (293 Rules)
2024-11-24 10:48:51,562 [INFO] DbMcusXml:78 - Set database path to: C:\ST\STM32CubeIDE_1.4.0\STM32CubeIDE\plugins\com.st.stm32cube.common.mx_6.9.1.202307191849\\db\/mcu/
2024-11-24 10:48:51,563 [INFO] ApiDb:274 - Set plugin database path to: C:\ST\STM32CubeIDE_1.4.0\STM32CubeIDE\plugins\com.st.stm32cube.common.mx_6.9.1.202307191849\\db\/plugins/boardmanager/
2024-11-24 10:48:51,563 [INFO] ApiDb:261 - Set plugin images path to: C:\ST\STM32CubeIDE_1.4.0\STM32CubeIDE\plugins\com.st.stm32cube.common.mx_6.9.1.202307191849\\db\/plugins/mcufinder/images/
2024-11-24 10:48:51,564 [WARN] DbFile:41 - Overriding database path with different value: C:\Users\Minh\.stmcufinder\plugins\mcufinder/ => C:\Users\Minh\.stmcufinder\plugins\mcufinder
2024-11-24 10:48:51,564 [INFO] ApiDb:250 - Set database path to: C:\Users\Minh\.stmcufinder\plugins\mcufinder//mcu/
2024-11-24 10:48:51,564 [WARN] DbFile:41 - Overriding database path with different value: C:\Users\Minh\.stmcufinder\plugins\mcufinder/ => C:\Users\Minh\.stmcufinder\plugins\mcufinder
2024-11-24 10:48:51,564 [INFO] DbMcusAds:125 - Set database path to: C:\Users\Minh\.stmcufinder\plugins\mcufinder//mcu/
2024-11-24 10:48:51,564 [WARN] DbFile:41 - Overriding database path with different value: C:\Users\Minh\.stmcufinder\plugins\mcufinder/ => C:\Users\Minh\.stmcufinder\plugins\mcufinder
2024-11-24 10:48:51,565 [WARN] DbFile:41 - Overriding database path with different value: C:\Users\Minh\.stmcufinder\plugins\mcufinder/ => C:\Users\Minh\.stmcufinder\plugins\mcufinder
2024-11-24 10:48:51,565 [INFO] CrossReferenceDbSqlite:203 - Set database path to: C:\Users\Minh\.stmcufinder\plugins\mcufinder//mcu/cs/
2024-11-24 10:48:51,737 [INFO] MainPanel:262 - HeapMemory: 268435456
2024-11-24 10:48:51,921 [INFO] DbMcusXml:78 - Set database path to: C:\ST\STM32CubeIDE_1.4.0\STM32CubeIDE\plugins\com.st.stm32cube.common.mx_6.9.1.202307191849\\db\/mcu/
2024-11-24 10:48:51,921 [INFO] ApiDb:274 - Set plugin database path to: C:\ST\STM32CubeIDE_1.4.0\STM32CubeIDE\plugins\com.st.stm32cube.common.mx_6.9.1.202307191849\\db\/plugins/boardmanager/
2024-11-24 10:48:51,921 [INFO] ApiDb:261 - Set plugin images path to: C:\ST\STM32CubeIDE_1.4.0\STM32CubeIDE\plugins\com.st.stm32cube.common.mx_6.9.1.202307191849\\db\/plugins/mcufinder/images/
2024-11-24 10:48:51,922 [WARN] DbFile:41 - Overriding database path with different value: C:\Users\Minh\.stmcufinder\plugins\mcufinder/ => C:\Users\Minh\.stmcufinder\plugins\mcufinder
2024-11-24 10:48:51,922 [INFO] ApiDb:250 - Set database path to: C:\Users\Minh\.stmcufinder\plugins\mcufinder//mcu/
2024-11-24 10:48:51,923 [WARN] DbFile:41 - Overriding database path with different value: C:\Users\Minh\.stmcufinder\plugins\mcufinder/ => C:\Users\Minh\.stmcufinder\plugins\mcufinder
2024-11-24 10:48:51,923 [INFO] DbMcusAds:125 - Set database path to: C:\Users\Minh\.stmcufinder\plugins\mcufinder//mcu/
2024-11-24 10:48:51,923 [WARN] DbFile:41 - Overriding database path with different value: C:\Users\Minh\.stmcufinder\plugins\mcufinder/ => C:\Users\Minh\.stmcufinder\plugins\mcufinder
2024-11-24 10:48:51,923 [WARN] DbFile:41 - Overriding database path with different value: C:\Users\Minh\.stmcufinder\plugins\mcufinder/ => C:\Users\Minh\.stmcufinder\plugins\mcufinder
2024-11-24 10:48:51,924 [INFO] CrossReferenceDbSqlite:203 - Set database path to: C:\Users\Minh\.stmcufinder\plugins\mcufinder//mcu/cs/
2024-11-24 10:48:51,958 [INFO] ApplicationProperties:184 - Using Application install path: C:\ST\STM32CubeIDE_1.4.0\STM32CubeIDE\plugins\com.st.stm32cube.common.mx_6.9.1.202307191849
2024-11-24 10:48:51,961 [INFO] PluginManage:196 - Search for loadable plugins [exclusion list=, ]
2024-11-24 10:48:51,965 [INFO] PluginManage:310 - Check plugin analytics
2024-11-24 10:48:52,373 [INFO] AnalyticsPlugin:253 - Accepted Software Licenses: STM32CubeMX.6.0.0,STM32CubeMX.5.2.0
2024-11-24 10:48:52,374 [INFO] AnalyticsPlugin:255 - Accepted CMSIS Pack Licenses: 
2024-11-24 10:48:52,375 [INFO] AnalyticsPlugin:257 - Accepted Firmware Licenses: 
2024-11-24 10:48:52,380 [INFO] PluginManage:359 - Loaded plugin analytics (category:tool,tabindex:-1)
2024-11-24 10:48:52,381 [INFO] PluginManage:310 - Check plugin cadmodel
2024-11-24 10:48:52,424 [INFO] CADModel:105 - Init CAD model plugin
2024-11-24 10:48:52,425 [INFO] PluginManage:359 - Loaded plugin cadmodel (category:power,tabindex:5)
2024-11-24 10:48:52,425 [INFO] PluginManage:310 - Check plugin clock
2024-11-24 10:48:52,470 [INFO] PluginManage:359 - Loaded plugin clock (category:base,tabindex:2)
2024-11-24 10:48:52,470 [INFO] PluginManage:310 - Check plugin ddr
2024-11-24 10:48:52,475 [INFO] PluginManage:359 - Loaded plugin ddr (category:tool,tabindex:6)
2024-11-24 10:48:52,476 [INFO] PluginManage:310 - Check plugin filemanager
2024-11-24 10:48:52,716 [INFO] PluginManage:359 - Loaded plugin filemanager (category:base,tabindex:10)
2024-11-24 10:48:52,717 [INFO] PluginManage:310 - Check plugin ipmanager
2024-11-24 10:48:52,730 [INFO] PluginManage:359 - Loaded plugin ipmanager (category:base,tabindex:5)
2024-11-24 10:48:52,730 [INFO] PluginManage:310 - Check plugin lpbam
2024-11-24 10:48:52,761 [INFO] PluginManage:359 - Loaded plugin lpbam (category:base,tabindex:0)
2024-11-24 10:48:52,761 [INFO] PluginManage:310 - Check plugin memorymap
2024-11-24 10:48:52,799 [INFO] PluginManage:359 - Loaded plugin memorymap (category:base,tabindex:4)
2024-11-24 10:48:52,800 [INFO] PluginManage:310 - Check plugin pinoutandconfiguration
2024-11-24 10:48:52,829 [INFO] PluginManage:359 - Loaded plugin pinoutandconfiguration (category:base,tabindex:1)
2024-11-24 10:48:52,829 [INFO] PluginManage:310 - Check plugin pinoutconfig
2024-11-24 10:48:53,017 [WARN] SupportedApi:132 - Cannot load RTOS API schema: s4s-elt-must-match.1: The content of 'definitions' must match (annotation?, (simpleType | complexType)?, (unique | key | keyref)*)). A problem was found starting at: attribute.
2024-11-24 10:48:53,275 [INFO] PluginManage:359 - Loaded plugin pinoutconfig (category:base,tabindex:0)
2024-11-24 10:48:53,275 [INFO] PluginManage:310 - Check plugin power
2024-11-24 10:48:53,314 [INFO] PluginManage:359 - Loaded plugin power (category:power,tabindex:4)
2024-11-24 10:48:53,315 [INFO] PluginManage:310 - Check plugin projectmanager
2024-11-24 10:48:53,341 [INFO] PluginManage:359 - Loaded plugin projectmanager (category:projectmanager,tabindex:3)
2024-11-24 10:48:53,342 [INFO] PluginManage:310 - Check plugin thirdparty
2024-11-24 10:48:53,908 [INFO] PluginManage:359 - Loaded plugin thirdparty (category:base,tabindex:-1)
2024-11-24 10:48:53,907 [WARN] IntegrityCheckThread:84 - waiting for thirdparty lock release [integrity check]
2024-11-24 10:48:53,908 [INFO] IntegrityCheckThread:86 - entering critical section [integrity check]
2024-11-24 10:48:53,908 [INFO] PluginManage:310 - Check plugin tools
2024-11-24 10:48:53,909 [INFO] ThirdPartyUpdaterWithRetryManager:70 - Updater plugin not ready yet. [1/15]
2024-11-24 10:48:53,914 [INFO] PluginManage:359 - Loaded plugin tools (category:base,tabindex:7)
2024-11-24 10:48:53,914 [INFO] PluginManage:310 - Check plugin tutovideos
2024-11-24 10:48:54,255 [INFO] PluginManage:359 - Loaded plugin tutovideos (category:base,tabindex:-1)
2024-11-24 10:48:54,256 [INFO] PluginManage:310 - Check plugin updater
2024-11-24 10:48:54,277 [INFO] PluginManage:359 - Loaded plugin updater (category:base,tabindex:12)
2024-11-24 10:48:54,277 [INFO] PluginManage:310 - Check plugin userauth
2024-11-24 10:48:54,288 [INFO] UserAuth:113 - Init User Auth plugin
2024-11-24 10:48:54,288 [INFO] PluginManage:359 - Loaded plugin userauth (category:base,tabindex:14)
2024-11-24 10:48:54,289 [INFO] PluginManage:283 - PluginManage : Loaded plugins [17]
2024-11-24 10:48:54,672 [INFO] PinOutPanel:1499 - setPackage(No Configuration,No Configuration)
2024-11-24 10:48:54,860 [INFO] CADModel:165 - CPN selected for project level
2024-11-24 10:48:54,860 [INFO] CADModel:114 - Register for checkConnection events
2024-11-24 10:48:54,907 [INFO] IPUIPlugin:80 - create IPUIPlugin
2024-11-24 10:48:54,907 [INFO] PluginManager:220 - loadIPPluginJar : add adc
2024-11-24 10:48:54,982 [INFO] IPUIPlugin:80 - create IPUIPlugin
2024-11-24 10:48:54,982 [INFO] PluginManager:220 - loadIPPluginJar : add aes
2024-11-24 10:48:55,057 [INFO] IPUIPlugin:80 - create IPUIPlugin
2024-11-24 10:48:55,058 [INFO] PluginManager:220 - loadIPPluginJar : add can
2024-11-24 10:48:55,063 [INFO] IPUIPlugin:80 - create IPUIPlugin
2024-11-24 10:48:55,064 [INFO] PluginManager:220 - loadIPPluginJar : add comp
2024-11-24 10:48:55,128 [INFO] IPUIPlugin:80 - create IPUIPlugin
2024-11-24 10:48:55,128 [INFO] PluginManager:220 - loadIPPluginJar : add cryp
2024-11-24 10:48:55,134 [INFO] IPUIPlugin:80 - create IPUIPlugin
2024-11-24 10:48:55,134 [INFO] PluginManager:220 - loadIPPluginJar : add dfsdm
2024-11-24 10:48:55,157 [INFO] IPUIPlugin:80 - create IPUIPlugin
2024-11-24 10:48:55,159 [INFO] PluginManager:220 - loadIPPluginJar : add dma
2024-11-24 10:48:55,245 [INFO] IPUIPlugin:80 - create IPUIPlugin
2024-11-24 10:48:55,245 [INFO] PluginManager:220 - loadIPPluginJar : add dma3
2024-11-24 10:48:55,289 [INFO] IPUIPlugin:80 - create IPUIPlugin
2024-11-24 10:48:55,289 [INFO] PluginManager:220 - loadIPPluginJar : add fatfs
2024-11-24 10:48:55,380 [INFO] IPUIPlugin:80 - create IPUIPlugin
2024-11-24 10:48:55,380 [INFO] PluginManager:220 - loadIPPluginJar : add fmc
2024-11-24 10:48:55,409 [INFO] IPUIPlugin:80 - create IPUIPlugin
2024-11-24 10:48:55,410 [INFO] PluginManager:220 - loadIPPluginJar : add freertos
2024-11-24 10:48:55,452 [INFO] IPUIPlugin:80 - create IPUIPlugin
2024-11-24 10:48:55,452 [INFO] PluginManager:220 - loadIPPluginJar : add genericplugin
2024-11-24 10:48:55,644 [INFO] IPUIPlugin:80 - create IPUIPlugin
2024-11-24 10:48:55,644 [INFO] PluginManager:220 - loadIPPluginJar : add gfxmmu
2024-11-24 10:48:55,893 [INFO] IPUIPlugin:80 - create IPUIPlugin
2024-11-24 10:48:55,893 [INFO] PluginManager:220 - loadIPPluginJar : add gic
2024-11-24 10:48:55,916 [INFO] IPUIPlugin:80 - create IPUIPlugin
2024-11-24 10:48:55,916 [INFO] PluginManager:220 - loadIPPluginJar : add gpio
2024-11-24 10:48:56,089 [INFO] IPUIPlugin:80 - create IPUIPlugin
2024-11-24 10:48:56,090 [INFO] PluginManager:220 - loadIPPluginJar : add gtzc
2024-11-24 10:48:56,153 [INFO] IPUIPlugin:80 - create IPUIPlugin
2024-11-24 10:48:56,153 [INFO] PluginManager:220 - loadIPPluginJar : add hash
2024-11-24 10:48:56,253 [INFO] IPUIPlugin:80 - create IPUIPlugin
2024-11-24 10:48:56,253 [INFO] PluginManager:220 - loadIPPluginJar : add i2c
2024-11-24 10:48:56,326 [INFO] IPUIPlugin:80 - create IPUIPlugin
2024-11-24 10:48:56,326 [INFO] PluginManager:220 - loadIPPluginJar : add i2s
2024-11-24 10:48:56,400 [INFO] IPUIPlugin:80 - create IPUIPlugin
2024-11-24 10:48:56,400 [INFO] PluginManager:220 - loadIPPluginJar : add i3c
2024-11-24 10:48:56,600 [INFO] IPUIPlugin:80 - create IPUIPlugin
2024-11-24 10:48:56,601 [INFO] PluginManager:220 - loadIPPluginJar : add ipddr
2024-11-24 10:48:56,784 [INFO] IPUIPlugin:80 - create IPUIPlugin
2024-11-24 10:48:56,785 [INFO] PluginManager:220 - loadIPPluginJar : add linkedlist
2024-11-24 10:48:56,848 [INFO] IPUIPlugin:80 - create IPUIPlugin
2024-11-24 10:48:56,848 [INFO] PluginManager:220 - loadIPPluginJar : add lorawan
2024-11-24 10:48:56,911 [INFO] ThirdPartyUpdaterWithRetryManager:70 - Updater plugin not ready yet. [2/15]
2024-11-24 10:48:56,915 [INFO] IPUIPlugin:80 - create IPUIPlugin
2024-11-24 10:48:56,915 [INFO] PluginManager:220 - loadIPPluginJar : add ltdc
2024-11-24 10:48:56,939 [INFO] IPUIPlugin:80 - create IPUIPlugin
2024-11-24 10:48:56,939 [INFO] PluginManager:220 - loadIPPluginJar : add mdma
2024-11-24 10:48:56,959 [INFO] IPUIPlugin:80 - create IPUIPlugin
2024-11-24 10:48:56,959 [INFO] PluginManager:220 - loadIPPluginJar : add nvic
2024-11-24 10:48:57,029 [INFO] IPUIPlugin:80 - create IPUIPlugin
2024-11-24 10:48:57,029 [INFO] PluginManager:220 - loadIPPluginJar : add opamp
2024-11-24 10:48:57,145 [INFO] IPUIPlugin:80 - create IPUIPlugin
2024-11-24 10:48:57,146 [INFO] PluginManager:220 - loadIPPluginJar : add openamp
2024-11-24 10:48:57,226 [INFO] IPUIPlugin:80 - create IPUIPlugin
2024-11-24 10:48:57,226 [INFO] PluginManager:220 - loadIPPluginJar : add pdm2pcm
2024-11-24 10:48:57,250 [INFO] IPUIPlugin:80 - create IPUIPlugin
2024-11-24 10:48:57,254 [INFO] PluginManager:220 - loadIPPluginJar : add plateformsettings
2024-11-24 10:48:57,300 [INFO] IPUIPlugin:80 - create IPUIPlugin
2024-11-24 10:48:57,300 [INFO] PluginManager:220 - loadIPPluginJar : add quadspi
2024-11-24 10:48:57,323 [INFO] IPUIPlugin:80 - create IPUIPlugin
2024-11-24 10:48:57,324 [INFO] PluginManager:220 - loadIPPluginJar : add resmgrutility
2024-11-24 10:48:57,406 [INFO] IPUIPlugin:80 - create IPUIPlugin
2024-11-24 10:48:57,406 [INFO] PluginManager:220 - loadIPPluginJar : add sai
2024-11-24 10:48:57,472 [INFO] IPUIPlugin:80 - create IPUIPlugin
2024-11-24 10:48:57,472 [INFO] PluginManager:220 - loadIPPluginJar : add spi
2024-11-24 10:48:57,575 [INFO] IPUIPlugin:80 - create IPUIPlugin
2024-11-24 10:48:57,575 [INFO] PluginManager:220 - loadIPPluginJar : add stm32_wpan
2024-11-24 10:48:57,621 [INFO] IPUIPlugin:80 - create IPUIPlugin
2024-11-24 10:48:57,622 [INFO] PluginManager:220 - loadIPPluginJar : add tim
2024-11-24 10:48:57,728 [INFO] IPUIPlugin:80 - create IPUIPlugin
2024-11-24 10:48:57,728 [INFO] PluginManager:220 - loadIPPluginJar : add touchsensing
2024-11-24 10:48:57,772 [INFO] IPUIPlugin:80 - create IPUIPlugin
2024-11-24 10:48:57,773 [INFO] PluginManager:220 - loadIPPluginJar : add tracer_emb
2024-11-24 10:48:57,817 [INFO] IPUIPlugin:80 - create IPUIPlugin
2024-11-24 10:48:57,817 [INFO] PluginManager:220 - loadIPPluginJar : add ts
2024-11-24 10:48:57,857 [INFO] IPUIPlugin:80 - create IPUIPlugin
2024-11-24 10:48:57,857 [INFO] PluginManager:220 - loadIPPluginJar : add tsc
2024-11-24 10:48:57,898 [INFO] IPUIPlugin:80 - create IPUIPlugin
2024-11-24 10:48:57,898 [INFO] PluginManager:220 - loadIPPluginJar : add ucpd
2024-11-24 10:48:57,979 [INFO] IPUIPlugin:80 - create IPUIPlugin
2024-11-24 10:48:57,979 [INFO] PluginManager:220 - loadIPPluginJar : add usart
2024-11-24 10:48:58,058 [INFO] IPUIPlugin:80 - create IPUIPlugin
2024-11-24 10:48:58,059 [INFO] PluginManager:220 - loadIPPluginJar : add usbx
2024-11-24 10:48:58,272 [INFO] CADModel:165 - CPN selected for project level
2024-11-24 10:48:58,272 [INFO] CADModel:114 - Register for checkConnection events
2024-11-24 10:48:58,272 [FATAL] Updater:308 - Updater called before beeing initialized
2024-11-24 10:48:58,273 [ERROR] CADModel:125 - Updater not yet initialized, retry later 
2024-11-24 10:48:58,513 [INFO] CADModel:165 - CPN selected for project level
2024-11-24 10:48:58,513 [INFO] CADModel:114 - Register for checkConnection events
2024-11-24 10:48:58,513 [FATAL] Updater:308 - Updater called before beeing initialized
2024-11-24 10:48:58,513 [ERROR] CADModel:125 - Updater not yet initialized, retry later 
2024-11-24 10:48:58,520 [FATAL] Updater:308 - Updater called before beeing initialized
2024-11-24 10:48:58,713 [FATAL] Updater:308 - Updater called before beeing initialized
2024-11-24 10:48:58,723 [INFO] DbMcusAds:53 - JSON generation date=Fri Sep 20 22:04:38 JST 2024 (1726837478367)
2024-11-24 10:48:58,723 [FATAL] Updater:308 - Updater called before beeing initialized
2024-11-24 10:48:58,862 [WARN] DetailPanel:346 - Failed to get advertising image, set to default
2024-11-24 10:48:59,030 [FATAL] Updater:308 - Updater called before beeing initialized
2024-11-24 10:48:59,033 [FATAL] Updater:308 - Updater called before beeing initialized
2024-11-24 10:48:59,033 [FATAL] Updater:308 - Updater called before beeing initialized
2024-11-24 10:48:59,033 [WARN] DetailPanel:346 - Failed to get advertising image, set to default
2024-11-24 10:48:59,035 [FATAL] Updater:308 - Updater called before beeing initialized
2024-11-24 10:48:59,156 [ERROR] Updater:1120 - MainUpdater not yet initialized. External WinMGr cannot be set.
2024-11-24 10:48:59,182 [INFO] Updater:1056 - Updater Version found : 6.9.1
2024-11-24 10:48:59,216 [INFO] ApplicationProperties:184 - Using Application install path: C:\ST\STM32CubeIDE_1.4.0\STM32CubeIDE\plugins\com.st.stm32cube.common.mx_6.9.1.202307191849
2024-11-24 10:48:59,476 [INFO] MainUpdater:2868 - connection check result : 10
2024-11-24 10:48:59,478 [INFO] MainUpdater:285 - Updater Check For Update Now.
2024-11-24 10:48:59,479 [INFO] MicroXplorer:498 - Change Database Version : DB.6.0.91
2024-11-24 10:48:59,514 [INFO] McuFinderGlobals:63 - Set McuFinder mode to 2 (CubeIDE integrated)
2024-11-24 10:48:59,515 [INFO] UserAuth:179 - activating auth plugin
2024-11-24 10:48:59,520 [INFO] UserAuth:393 - Internet connection configuration mode: 1
2024-11-24 10:48:59,560 [INFO] JxBrowserEngine:151 - Initiate JxBrowser Engine with user profile folder
2024-11-24 10:48:59,792 [INFO] CheckServerUpdateThread:120 - End of CheckServer Thread
2024-11-24 10:49:00,555 [WARN] PackLoader:240 - Cannot read IP mode file for STMicroelectronics.FP-SNS-MOTENVWB1.1.4.0
2024-11-24 10:49:00,575 [WARN] PackLoader:240 - Cannot read IP mode file for STMicroelectronics.FP-ATR-ASTRA1.2.0.1
2024-11-24 10:49:00,592 [WARN] PackLoader:240 - Cannot read IP mode file for STMicroelectronics.X-CUBE-SMBUS.2.1.0
2024-11-24 10:49:00,616 [WARN] PackLoader:240 - Cannot read IP mode file for STMicroelectronics.X-CUBE-WB05N.1.1.0
2024-11-24 10:49:00,630 [WARN] PackLoader:240 - Cannot read IP mode file for STMicroelectronics.X-CUBE-TOUCHGFX.4.23.0
2024-11-24 10:49:00,638 [WARN] PackLoader:240 - Cannot read IP mode file for STMicroelectronics.X-CUBE-TOUCHGFX.4.23.2
2024-11-24 10:49:00,732 [WARN] PackLoader:240 - Cannot read IP mode file for STMicroelectronics.X-CUBE-AZRTOS-F7.1.1.0
2024-11-24 10:49:00,771 [ERROR] RealEvaluatedCondition:428 - Found unsupported composite condition: CLASS='Data Exchange' GROUP='STM32_MetaDataManager'
2024-11-24 10:49:00,772 [ERROR] RealEvaluatedCondition:428 - Found unsupported composite condition: GROUP='STM32_MetaDataManager' CLASS='Data Exchange'
2024-11-24 10:49:00,776 [WARN] PackLoader:240 - Cannot read IP mode file for STMicroelectronics.FP-SNS-MOTENV1.4.3.0
2024-11-24 10:49:00,798 [WARN] PackLoader:240 - Cannot read IP mode file for STMicroelectronics.FP-SNS-MOTENV1.4.3.2
2024-11-24 10:49:00,899 [WARN] PackLoader:240 - Cannot read IP mode file for STMicroelectronics.FP-SNS-FLIGHT1.5.0.0
2024-11-24 10:49:00,914 [ERROR] RealEvaluatedCondition:428 - Found unsupported composite condition: GROUP='STM32_MetaDataManager' CLASS='Data Exchange'
2024-11-24 10:49:00,914 [ERROR] RealEvaluatedCondition:428 - Found unsupported composite condition: CLASS='Data Exchange' GROUP='STM32_MetaDataManager'
2024-11-24 10:49:00,917 [WARN] PackLoader:240 - Cannot read IP mode file for STMicroelectronics.FP-SNS-MOTENV1.4.3.1
2024-11-24 10:49:00,961 [WARN] PackLoader:240 - Cannot read IP mode file for STMicroelectronics.FP-SNS-FLIGHT1.5.0.1
2024-11-24 10:49:01,288 [WARN] PackLoader:240 - Cannot read IP mode file for STMicroelectronics.X-CUBE-MEMS1.11.0.0
2024-11-24 10:49:01,466 [INFO] WebApp:157 - Instantiating new browser for Auth
2024-11-24 10:49:01,965 [WARN] PackLoader:240 - Cannot read IP mode file for STMicroelectronics.X-CUBE-BLE1.6.2.4
2024-11-24 10:49:01,975 [WARN] PackLoader:240 - Cannot read IP mode file for STMicroelectronics.FP-SNS-FLIGHT1.5.0.2
2024-11-24 10:49:01,993 [WARN] PackLoader:240 - Cannot read IP mode file for STMicroelectronics.X-CUBE-DISPLAY.3.0.0
2024-11-24 10:49:02,018 [WARN] PackLoader:240 - Cannot read IP mode file for STMicroelectronics.X-CUBE-BLE1.7.0.0
2024-11-24 10:49:02,035 [WARN] PackLoader:240 - Cannot read IP mode file for STMicroelectronics.X-CUBE-NFC10.1.0.0
2024-11-24 10:49:02,048 [WARN] PackLoader:240 - Cannot read IP mode file for STMicroelectronics.X-CUBE-TOUCHGFX.4.22.0
2024-11-24 10:49:02,054 [WARN] PackLoader:240 - Cannot read IP mode file for STMicroelectronics.X-CUBE-TOUCHGFX.4.22.1
2024-11-24 10:49:02,076 [WARN] PackLoader:240 - Cannot read IP mode file for STMicroelectronics.X-CUBE-BLEMGR.3.1.0
2024-11-24 10:49:02,091 [WARN] PackLoader:240 - Cannot read IP mode file for STMicroelectronics.FP-SNS-SMARTAG2.1.2.0
2024-11-24 10:49:02,115 [INFO] LogOutputStream:77 - [STDOUT_REDIRECT] 1 : Invalid condition id : UX_CORESTACK_Condition cause : null
2024-11-24 10:49:02,117 [INFO] LogOutputStream:77 - [STDOUT_REDIRECT] 1 : Invalid condition id : UX_CORESTACK_Condition cause : null
2024-11-24 10:49:02,122 [INFO] LogOutputStream:77 - [STDOUT_REDIRECT] 1 : Invalid condition id : UX_CORESTACK_Condition cause : null
2024-11-24 10:49:02,128 [INFO] LogOutputStream:77 - [STDOUT_REDIRECT] 1 : Invalid condition id : UX_CORESTACK_Condition cause : null
2024-11-24 10:49:02,132 [INFO] LogOutputStream:77 - [STDOUT_REDIRECT] 1 : Invalid condition id : UX_CORESTACK_Condition cause : null
2024-11-24 10:49:02,140 [WARN] PackLoader:240 - Cannot read IP mode file for STMicroelectronics.X-CUBE-AZRTOS-WL.2.0.0
2024-11-24 10:49:02,151 [WARN] PackLoader:240 - Cannot read IP mode file for STMicroelectronics.FP-SNS-MOTENV1.5.0.0
2024-11-24 10:49:02,163 [WARN] PackLoader:240 - Cannot read IP mode file for wolfSSL.I-CUBE-wolfMQTT.1.19.0
2024-11-24 10:49:02,185 [WARN] PackLoader:240 - Cannot read IP mode file for WES.I-CUBE-Cesium.1.3.0
2024-11-24 10:49:02,196 [WARN] PackLoader:240 - Cannot read IP mode file for STMicroelectronics.X-CUBE-BLE2.3.3.0
2024-11-24 10:49:02,220 [WARN] PackLoader:240 - Cannot read IP mode file for STMicroelectronics.X-CUBE-TOF1.3.2.0
2024-11-24 10:49:02,257 [WARN] PackLoader:240 - Cannot read IP mode file for STMicroelectronics.X-CUBE-NFC9.1.0.0
2024-11-24 10:49:02,272 [WARN] PackLoader:240 - Cannot read IP mode file for STMicroelectronics.X-CUBE-TCPP.4.1.0
2024-11-24 10:49:02,281 [WARN] PackLoader:240 - Cannot read IP mode file for STMicroelectronics.X-CUBE-TOUCHGFX.4.21.1
2024-11-24 10:49:02,295 [WARN] PackLoader:240 - Cannot read IP mode file for STMicroelectronics.X-CUBE-TOUCHGFX.4.21.3
2024-11-24 10:49:02,303 [WARN] PackLoader:240 - Cannot read IP mode file for STMicroelectronics.X-CUBE-TOUCHGFX.4.21.4
2024-11-24 10:49:02,316 [WARN] PackLoader:240 - Cannot read IP mode file for STMicroelectronics.X-CUBE-ALGOBUILD.1.3.0
2024-11-24 10:49:02,352 [WARN] PackLoader:240 - Cannot read IP mode file for STMicroelectronics.X-CUBE-AZRTOS-G0.1.1.0
2024-11-24 10:49:02,368 [WARN] PackLoader:240 - Cannot read IP mode file for STMicroelectronics.X-CUBE-SAFEA1.1.2.2
2024-11-24 10:49:02,381 [WARN] PackLoader:240 - Cannot read IP mode file for STMicroelectronics.X-CUBE-NFC4.3.0.0
2024-11-24 10:49:02,390 [ERROR] Engine:466 - C:\Users\Minh\.stm32cubemx\thirdparties\pdsc\EmbeddedOffice.I-CUBE-FS-RTOS.1.0.1.pdsc: PDSC version is not supported
2024-11-24 10:49:02,407 [WARN] PackLoader:240 - Cannot read IP mode file for STMicroelectronics.X-CUBE-BLEMGR.3.0.0
2024-11-24 10:49:02,417 [ERROR] Engine:466 - C:\Users\Minh\.stm32cubemx\thirdparties\pdsc\RealThread.X-CUBE-RT-Thread_Nano.4.1.1.pdsc: PDSC version is not supported
2024-11-24 10:49:02,425 [WARN] PackLoader:240 - Cannot read IP mode file for STMicroelectronics.FP-ATR-SIGFOX1.3.2.0
2024-11-24 10:49:02,431 [ERROR] Engine:466 - C:\Users\Minh\.stm32cubemx\thirdparties\pdsc\quantropi.X-CUBE-qispace-sdk-base.1.9.3.pdsc: PDSC version is not supported
2024-11-24 10:49:02,444 [WARN] PackLoader:240 - Cannot read IP mode file for STMicroelectronics.X-CUBE-EEPRMA1.5.1.0
2024-11-24 10:49:02,538 [WARN] PackLoader:240 - Cannot read IP mode file for STMicroelectronics.X-CUBE-MEMS1.9.5.0
2024-11-24 10:49:03,013 [WARN] PackLoader:240 - Cannot read IP mode file for SEGGER.I-CUBE-embOS.1.3.1
2024-11-24 10:49:03,125 [WARN] PackLoader:240 - Cannot read IP mode file for STMicroelectronics.X-CUBE-ALGOBUILD.1.4.0
2024-11-24 10:49:03,138 [WARN] PackLoader:240 - Cannot read IP mode file for STMicroelectronics.X-CUBE-AI.9.1.0
2024-11-24 10:49:03,154 [WARN] PackLoader:240 - Cannot read IP mode file for STMicroelectronics.X-CUBE-GNSS1.6.0.0
2024-11-24 10:49:03,197 [WARN] PackLoader:240 - Cannot read IP mode file for STMicroelectronics.X-CUBE-AZRTOS-F4.1.1.0
2024-11-24 10:49:03,211 [WARN] PackLoader:240 - Cannot read IP mode file for STMicroelectronics.X-CUBE-ISPU.2.1.0
2024-11-24 10:49:03,216 [INFO] WebApp:753 - Register for checkConnection events
2024-11-24 10:49:03,216 [INFO] WebApp:390 - Apply proxy settings
2024-11-24 10:49:03,217 [INFO] WebApp:475 - Chromium requires no authentication
2024-11-24 10:49:03,222 [WARN] PackLoader:240 - Cannot read IP mode file for STMicroelectronics.X-CUBE-FREERTOS.1.2.0
2024-11-24 10:49:03,241 [INFO] WebApp:418 - Direct internet connection detected
2024-11-24 10:49:03,270 [WARN] PackLoader:240 - Cannot read IP mode file for STMicroelectronics.X-CUBE-AZRTOS-L5.2.0.0
2024-11-24 10:49:03,383 [WARN] PackLoader:240 - Cannot read IP mode file for STMicroelectronics.X-CUBE-MEMS1.9.6.0
2024-11-24 10:49:03,927 [WARN] PackLoader:240 - Cannot read IP mode file for STMicroelectronics.X-CUBE-EEPRMA1.4.2.0
2024-11-24 10:49:03,945 [WARN] PackLoader:240 - Cannot read IP mode file for STMicroelectronics.X-CUBE-NFC6.3.1.0
2024-11-24 10:49:03,959 [WARN] PackLoader:240 - Cannot read IP mode file for ITTIA_DB.I-CUBE-ITTIADB.8.8.0
2024-11-24 10:49:03,963 [INFO] WebApp:188 - Starting web application
2024-11-24 10:49:03,964 [INFO] WebApp:520 - Web application path used C:\ST\STM32CubeIDE_1.4.0\STM32CubeIDE\plugins\com.st.stm32cube.common.mx_6.9.1.202307191849\db\plugins\mcufinder\reactClient1\index.html
2024-11-24 10:49:03,973 [WARN] PackLoader:240 - Cannot read IP mode file for emotas.I-CUBE-CANOPEN.1.1.3
2024-11-24 10:49:03,993 [WARN] PackLoader:240 - Cannot read IP mode file for STMicroelectronics.X-CUBE-BLEMGR.2.0.0
2024-11-24 10:49:04,003 [ERROR] Engine:466 - C:\Users\Minh\.stm32cubemx\thirdparties\pdsc\STMicroelectronics.X-CUBE-DPower.1.2.0.pdsc: PDSC version is not supported
2024-11-24 10:49:04,013 [WARN] PackLoader:240 - Cannot read IP mode file for STMicroelectronics.X-CUBE-AI.9.0.0
2024-11-24 10:49:04,054 [WARN] ConditionMgr:438 - getConditionDescription Invalid condition id : UX DEVICE CLASS RTOS Condition cause : null
2024-11-24 10:49:04,055 [WARN] ConditionMgr:438 - getConditionDescription Invalid condition id : UX DEVICE CLASS RTOS Condition cause : null
2024-11-24 10:49:04,062 [WARN] PackLoader:240 - Cannot read IP mode file for STMicroelectronics.X-CUBE-AZRTOS-H7.3.1.0
2024-11-24 10:49:04,064 [WARN] ConditionMgr:1039 - genDependencies : Invalid condition id : UX DEVICE CLASS RTOS Condition cause : null
2024-11-24 10:49:04,064 [WARN] ConditionMgr:1039 - genDependencies : Invalid condition id : UX DEVICE CLASS RTOS Condition cause : null
2024-11-24 10:49:04,066 [WARN] ConditionMgr:1039 - genDependencies : Invalid condition id : UX DEVICE CLASS RTOS Condition cause : null
2024-11-24 10:49:04,067 [WARN] ConditionMgr:1039 - genDependencies : Invalid condition id : UX DEVICE CLASS RTOS Condition cause : null
2024-11-24 10:49:04,067 [WARN] ConditionMgr:1039 - genDependencies : Invalid condition id : UX DEVICE CLASS RTOS Condition cause : null
2024-11-24 10:49:04,078 [WARN] PackLoader:240 - Cannot read IP mode file for wolfSSL.I-CUBE-wolfSSL.5.5.4
2024-11-24 10:49:04,090 [WARN] PackLoader:240 - Cannot read IP mode file for STMicroelectronics.X-CUBE-NFC7.1.0.1
2024-11-24 10:49:04,101 [WARN] PackLoader:240 - Cannot read IP mode file for STMicroelectronics.X-CUBE-NFC7.1.0.0
2024-11-24 10:49:04,110 [WARN] PackLoader:240 - Cannot read IP mode file for wolfSSL.I-CUBE-wolfTPM.3.2.0
2024-11-24 10:49:04,121 [WARN] PackLoader:240 - Cannot read IP mode file for STMicroelectronics.X-CUBE-NFC6.3.0.0
2024-11-24 10:49:04,134 [WARN] PackLoader:240 - Cannot read IP mode file for STMicroelectronics.X-CUBE-EEPRMA1.4.1.0
2024-11-24 10:49:04,142 [WARN] PackLoader:240 - Cannot read IP mode file for STMicroelectronics.X-CUBE-AI.8.1.0
2024-11-24 10:49:04,179 [WARN] ConditionMgr:438 - getConditionDescription Invalid condition id : LAN8742 Phy interface Condition cause : null
2024-11-24 10:49:04,181 [WARN] PackLoader:240 - Cannot read IP mode file for STMicroelectronics.X-CUBE-AZRTOS-L4.2.0.0
2024-11-24 10:49:04,183 [WARN] ConditionMgr:1039 - genDependencies : Invalid condition id : LAN8742 Phy interface Condition cause : null
2024-11-24 10:49:04,184 [WARN] ConditionMgr:1039 - genDependencies : Invalid condition id : LAN8742 Phy interface Condition cause : null
2024-11-24 10:49:04,185 [WARN] ConditionMgr:1039 - genDependencies : Invalid condition id : LAN8742 Phy interface Condition cause : null
2024-11-24 10:49:04,201 [WARN] PackLoader:240 - Cannot read IP mode file for STMicroelectronics.X-CUBE-SFXS2LP1.4.0.0
2024-11-24 10:49:04,242 [WARN] PackLoader:240 - Cannot read IP mode file for STMicroelectronics.X-CUBE-AZRTOS-H7.3.0.0
2024-11-24 10:49:04,254 [WARN] PackLoader:240 - Cannot read IP mode file for STMicroelectronics.X-CUBE-ISPU.1.1.0
2024-11-24 10:49:04,299 [WARN] PackLoader:240 - Cannot read IP mode file for STMicroelectronics.X-CUBE-AZRTOS-H7.3.3.0
2024-11-24 10:49:04,325 [WARN] PackLoader:240 - Cannot read IP mode file for RoweBots.I-CUBE-UNISONRTOS.5.5.0-4
2024-11-24 10:49:04,335 [WARN] PackLoader:240 - Cannot read IP mode file for STMicroelectronics.X-CUBE-AI.8.0.0
2024-11-24 10:49:04,344 [ERROR] Engine:466 - C:\Users\Minh\.stm32cubemx\thirdparties\pdsc\STMicroelectronics.X-CUBE-IPS.3.0.0.pdsc: PDSC version is not supported
2024-11-24 10:49:04,375 [WARN] ConditionMgr:438 - getConditionDescription Invalid condition id : UX DEVICE CLASS RTOS Condition cause : null
2024-11-24 10:49:04,376 [WARN] ConditionMgr:438 - getConditionDescription Invalid condition id : UX DEVICE CLASS RTOS Condition cause : null
2024-11-24 10:49:04,381 [WARN] PackLoader:240 - Cannot read IP mode file for STMicroelectronics.X-CUBE-AZRTOS-WB.2.0.0
2024-11-24 10:49:04,388 [WARN] ConditionMgr:1039 - genDependencies : Invalid condition id : UX DEVICE CLASS RTOS Condition cause : null
2024-11-24 10:49:04,389 [WARN] ConditionMgr:1039 - genDependencies : Invalid condition id : UX DEVICE CLASS RTOS Condition cause : null
2024-11-24 10:49:04,390 [WARN] ConditionMgr:1039 - genDependencies : Invalid condition id : UX DEVICE CLASS RTOS Condition cause : null
2024-11-24 10:49:04,391 [WARN] ConditionMgr:1039 - genDependencies : Invalid condition id : UX DEVICE CLASS RTOS Condition cause : null
2024-11-24 10:49:04,391 [WARN] ConditionMgr:1039 - genDependencies : Invalid condition id : UX DEVICE CLASS RTOS Condition cause : null
2024-11-24 10:49:04,406 [WARN] PackLoader:240 - Cannot read IP mode file for STMicroelectronics.X-CUBE-FREERTOS.1.0.0
2024-11-24 10:49:04,420 [WARN] PackLoader:240 - Cannot read IP mode file for STMicroelectronics.X-CUBE-FREERTOS.1.0.1
2024-11-24 10:49:04,430 [WARN] PackLoader:240 - Cannot read IP mode file for STMicroelectronics.X-CUBE-GNSS1.7.0.0
2024-11-24 10:49:04,451 [ERROR] Engine:466 - C:\Users\Minh\.stm32cubemx\thirdparties\pdsc\STMicroelectronics.FP-SNS-STBOX1.2.0.0.pdsc: PDSC version is not supported
2024-11-24 10:49:04,529 [WARN] PackLoader:240 - Cannot read IP mode file for STMicroelectronics.X-CUBE-AZRTOS-L5.1.1.0
2024-11-24 10:49:04,628 [WARN] PackLoader:240 - Cannot read IP mode file for STMicroelectronics.X-CUBE-AI.8.0.1
2024-11-24 10:49:04,702 [WARN] PackLoader:240 - Cannot read IP mode file for STMicroelectronics.X-CUBE-SUBG2.5.0.0
2024-11-24 10:49:04,723 [WARN] PackLoader:240 - Cannot read IP mode file for Cesanta.I-CUBE-Mongoose.7.13.0
2024-11-24 10:49:04,740 [WARN] PackLoader:240 - Cannot read IP mode file for STMicroelectronics.X-CUBE-TOF1.3.3.1
2024-11-24 10:49:04,788 [WARN] PackLoader:240 - Cannot read IP mode file for STMicroelectronics.X-CUBE-AZRTOS-G4.2.0.0
2024-11-24 10:49:04,813 [WARN] PackLoader:240 - Cannot read IP mode file for STMicroelectronics.X-CUBE-TOF1.3.3.0
2024-11-24 10:49:04,843 [WARN] PackLoader:240 - Cannot read IP mode file for STMicroelectronics.FP-ATR-ASTRA1.1.1.1
2024-11-24 10:49:04,871 [WARN] PackLoader:240 - Cannot read IP mode file for Infineon.AIROC-Wi-Fi-Bluetooth-STM32.1.5.1
2024-11-24 10:49:04,886 [WARN] PackLoader:240 - Cannot read IP mode file for STMicroelectronics.FP-SNS-MOTENVWB1.1.3.0
2024-11-24 10:49:04,895 [WARN] PackLoader:240 - Cannot read IP mode file for STMicroelectronics.FP-SNS-MOTENVWB1.1.3.1
2024-11-24 10:49:04,921 [WARN] PackLoader:240 - Cannot read IP mode file for STMicroelectronics.X-CUBE-AZRTOS-G4.1.0.0
2024-11-24 10:49:04,954 [WARN] PackLoader:240 - Cannot read IP mode file for STMicroelectronics.X-CUBE-AZRTOS-L4.1.0.0
2024-11-24 10:49:04,967 [WARN] PackLoader:240 - Cannot read IP mode file for STMicroelectronics.X-CUBE-ISPU.2.0.0
2024-11-24 10:49:04,976 [WARN] PackLoader:240 - Cannot read IP mode file for STMicroelectronics.X-CUBE-ALS.1.0.2
2024-11-24 10:49:05,075 [WARN] PackLoader:240 - Cannot read IP mode file for STMicroelectronics.X-CUBE-MEMS1.10.0.0
2024-11-24 10:49:05,439 [WARN] PackLoader:240 - Cannot read IP mode file for STMicroelectronics.X-CUBE-FREERTOS.1.1.0
2024-11-24 10:49:05,446 [WARN] PackLoader:240 - Cannot read IP mode file for STMicroelectronics.X-CUBE-TOUCHGFX.4.24.0
2024-11-24 10:49:05,465 [WARN] PackLoader:240 - Cannot read IP mode file for STMicroelectronics.X-CUBE-AZRTOS-WL.1.0.0
2024-11-24 10:49:05,473 [WARN] PackLoader:240 - Cannot read IP mode file for STMicroelectronics.X-CUBE-TOUCHGFX.4.24.1
2024-11-24 10:49:05,485 [WARN] PackLoader:240 - Cannot read IP mode file for portGmbH.I-Cube-SoM-uGOAL.1.1.0
2024-11-24 10:49:05,493 [WARN] PackLoader:240 - Cannot read IP mode file for STMicroelectronics.X-CUBE-ALS.1.0.1
2024-11-24 10:49:05,519 [WARN] PackLoader:240 - Cannot read IP mode file for STMicroelectronics.X-CUBE-AZRTOS-WB.1.1.0
2024-11-24 10:49:05,560 [WARN] PackLoader:240 - Cannot read IP mode file for STMicroelectronics.X-CUBE-AZRTOS-H7RS.1.0.0
2024-11-24 10:49:05,572 [WARN] PackLoader:240 - Cannot read IP mode file for STMicroelectronics.FP-ATR-ASTRA1.2.0.0
2024-11-24 10:49:05,585 [ERROR] Engine:466 - C:\Users\Minh\.stm32cubemx\thirdparties\pdsc\STMicroelectronics.X-CUBE-TOF1.3.4.2.pdsc: PDSC version is not supported
2024-11-24 10:49:05,603 [WARN] PackLoader:240 - Cannot read IP mode file for STMicroelectronics.X-CUBE-TOF1.3.4.0
2024-11-24 10:49:05,678 [WARN] PackLoader:240 - Cannot read IP mode file for STMicroelectronics.X-CUBE-TOF1.3.4.1
2024-11-24 10:49:05,759 [WARN] PackLoader:240 - Cannot read IP mode file for STMicroelectronics.X-CUBE-AZRTOS-H7.3.2.0
2024-11-24 10:49:05,784 [WARN] PackLoader:240 - Cannot read IP mode file for wolfSSL.I-CUBE-wolfSSH.1.4.17
2024-11-24 10:49:05,785 [INFO] ThirdParty:978 - Integrity check success = true
2024-11-24 10:49:05,786 [INFO] IntegrityCheckThread:100 - exiting critical section [integrity check]
2024-11-24 10:49:05,786 [INFO] IntegrityCheckThread:103 - End integrity checks thread
2024-11-24 11:20:04,046 [ERROR] LogOutputStream:75 - [STDERR_REDIRECT] SLF4J: Failed to load class "org.slf4j.impl.StaticLoggerBinder".
2024-11-24 11:20:04,047 [ERROR] LogOutputStream:75 - [STDERR_REDIRECT] SLF4J: Defaulting to no-operation (NOP) logger implementation
2024-11-24 11:20:04,051 [ERROR] LogOutputStream:75 - [STDERR_REDIRECT] SLF4J: See http://www.slf4j.org/codes.html#StaticLoggerBinder for further details.
2024-11-24 16:21:18,162 [ERROR] LogOutputStream:75 - [STDERR_REDIRECT] 
