2024-11-27 21:05:07,035 [INFO] Activator:176 - 


2024-11-27 21:05:07,047 [INFO] Activator:177 - !SESSION log4j initialized
2024-11-27 21:05:20,626 [INFO] LogOutputStream:77 - [STDOUT_REDIRECT] 
2024-11-27 21:05:29,065 [INFO] ApplicationProperties:184 - Using Application install path: C:\ST\STM32CubeIDE_1.4.0\STM32CubeIDE\plugins\com.st.stm32cube.common.mx_6.9.1.202307191849
2024-11-27 21:05:29,099 [INFO] DbMcusXml:78 - Set database path to: C:\ST\STM32CubeIDE_1.4.0\STM32CubeIDE\plugins\com.st.stm32cube.common.mx_6.9.1.202307191849\\db\/mcu/
2024-11-27 21:05:29,099 [INFO] ApiDb:274 - Set plugin database path to: C:\ST\STM32CubeIDE_1.4.0\STM32CubeIDE\plugins\com.st.stm32cube.common.mx_6.9.1.202307191849\\db\/plugins/boardmanager/
2024-11-27 21:05:29,100 [WARN] ApiDb:259 - Overriding images path with different value:  => C:\ST\STM32CubeIDE_1.4.0\STM32CubeIDE\plugins\com.st.stm32cube.common.mx_6.9.1.202307191849\\db\/plugins/mcufinder/images/
2024-11-27 21:05:29,121 [INFO] ApiDb:250 - Set database path to: C:\Users\Minh\.stmcufinder\plugins\mcufinder//mcu/
2024-11-27 21:05:29,123 [INFO] DbMcusAds:125 - Set database path to: C:\Users\Minh\.stmcufinder\plugins\mcufinder//mcu/
2024-11-27 21:05:29,127 [INFO] CrossReferenceDbSqlite:203 - Set database path to: C:\Users\Minh\.stmcufinder\plugins\mcufinder//mcu/cs/
2024-11-27 21:05:29,381 [INFO] RulesReader:64 - Compatibility file has been processed (293 Rules)
2024-11-27 21:05:29,587 [INFO] DbMcusXml:78 - Set database path to: C:\ST\STM32CubeIDE_1.4.0\STM32CubeIDE\plugins\com.st.stm32cube.common.mx_6.9.1.202307191849\\db\/mcu/
2024-11-27 21:05:29,588 [INFO] ApiDb:274 - Set plugin database path to: C:\ST\STM32CubeIDE_1.4.0\STM32CubeIDE\plugins\com.st.stm32cube.common.mx_6.9.1.202307191849\\db\/plugins/boardmanager/
2024-11-27 21:05:29,588 [INFO] ApiDb:261 - Set plugin images path to: C:\ST\STM32CubeIDE_1.4.0\STM32CubeIDE\plugins\com.st.stm32cube.common.mx_6.9.1.202307191849\\db\/plugins/mcufinder/images/
2024-11-27 21:05:29,588 [WARN] DbFile:41 - Overriding database path with different value: C:\Users\Minh\.stmcufinder\plugins\mcufinder/ => C:\Users\Minh\.stmcufinder\plugins\mcufinder
2024-11-27 21:05:29,588 [INFO] ApiDb:250 - Set database path to: C:\Users\Minh\.stmcufinder\plugins\mcufinder//mcu/
2024-11-27 21:05:29,588 [WARN] DbFile:41 - Overriding database path with different value: C:\Users\Minh\.stmcufinder\plugins\mcufinder/ => C:\Users\Minh\.stmcufinder\plugins\mcufinder
2024-11-27 21:05:29,589 [INFO] DbMcusAds:125 - Set database path to: C:\Users\Minh\.stmcufinder\plugins\mcufinder//mcu/
2024-11-27 21:05:29,589 [WARN] DbFile:41 - Overriding database path with different value: C:\Users\Minh\.stmcufinder\plugins\mcufinder/ => C:\Users\Minh\.stmcufinder\plugins\mcufinder
2024-11-27 21:05:29,589 [WARN] DbFile:41 - Overriding database path with different value: C:\Users\Minh\.stmcufinder\plugins\mcufinder/ => C:\Users\Minh\.stmcufinder\plugins\mcufinder
2024-11-27 21:05:29,589 [INFO] CrossReferenceDbSqlite:203 - Set database path to: C:\Users\Minh\.stmcufinder\plugins\mcufinder//mcu/cs/
2024-11-27 21:05:29,741 [INFO] MainPanel:262 - HeapMemory: 268435456
2024-11-27 21:05:29,910 [INFO] DbMcusXml:78 - Set database path to: C:\ST\STM32CubeIDE_1.4.0\STM32CubeIDE\plugins\com.st.stm32cube.common.mx_6.9.1.202307191849\\db\/mcu/
2024-11-27 21:05:29,910 [INFO] ApiDb:274 - Set plugin database path to: C:\ST\STM32CubeIDE_1.4.0\STM32CubeIDE\plugins\com.st.stm32cube.common.mx_6.9.1.202307191849\\db\/plugins/boardmanager/
2024-11-27 21:05:29,910 [INFO] ApiDb:261 - Set plugin images path to: C:\ST\STM32CubeIDE_1.4.0\STM32CubeIDE\plugins\com.st.stm32cube.common.mx_6.9.1.202307191849\\db\/plugins/mcufinder/images/
2024-11-27 21:05:29,912 [WARN] DbFile:41 - Overriding database path with different value: C:\Users\Minh\.stmcufinder\plugins\mcufinder/ => C:\Users\Minh\.stmcufinder\plugins\mcufinder
2024-11-27 21:05:29,912 [INFO] ApiDb:250 - Set database path to: C:\Users\Minh\.stmcufinder\plugins\mcufinder//mcu/
2024-11-27 21:05:29,912 [WARN] DbFile:41 - Overriding database path with different value: C:\Users\Minh\.stmcufinder\plugins\mcufinder/ => C:\Users\Minh\.stmcufinder\plugins\mcufinder
2024-11-27 21:05:29,912 [INFO] DbMcusAds:125 - Set database path to: C:\Users\Minh\.stmcufinder\plugins\mcufinder//mcu/
2024-11-27 21:05:29,913 [WARN] DbFile:41 - Overriding database path with different value: C:\Users\Minh\.stmcufinder\plugins\mcufinder/ => C:\Users\Minh\.stmcufinder\plugins\mcufinder
2024-11-27 21:05:29,913 [WARN] DbFile:41 - Overriding database path with different value: C:\Users\Minh\.stmcufinder\plugins\mcufinder/ => C:\Users\Minh\.stmcufinder\plugins\mcufinder
2024-11-27 21:05:29,913 [INFO] CrossReferenceDbSqlite:203 - Set database path to: C:\Users\Minh\.stmcufinder\plugins\mcufinder//mcu/cs/
2024-11-27 21:05:29,951 [INFO] ApplicationProperties:184 - Using Application install path: C:\ST\STM32CubeIDE_1.4.0\STM32CubeIDE\plugins\com.st.stm32cube.common.mx_6.9.1.202307191849
2024-11-27 21:05:29,954 [INFO] PluginManage:196 - Search for loadable plugins [exclusion list=, ]
2024-11-27 21:05:29,958 [INFO] PluginManage:310 - Check plugin analytics
2024-11-27 21:05:34,854 [INFO] AnalyticsPlugin:253 - Accepted Software Licenses: STM32CubeMX.6.0.0,STM32CubeMX.5.2.0
2024-11-27 21:05:34,855 [INFO] AnalyticsPlugin:255 - Accepted CMSIS Pack Licenses: 
2024-11-27 21:05:34,855 [INFO] AnalyticsPlugin:257 - Accepted Firmware Licenses: 
2024-11-27 21:05:34,860 [INFO] PluginManage:359 - Loaded plugin analytics (category:tool,tabindex:-1)
2024-11-27 21:05:34,860 [INFO] PluginManage:310 - Check plugin cadmodel
2024-11-27 21:05:34,894 [INFO] CADModel:105 - Init CAD model plugin
2024-11-27 21:05:34,894 [INFO] PluginManage:359 - Loaded plugin cadmodel (category:power,tabindex:5)
2024-11-27 21:05:34,895 [INFO] PluginManage:310 - Check plugin clock
2024-11-27 21:05:34,935 [INFO] PluginManage:359 - Loaded plugin clock (category:base,tabindex:2)
2024-11-27 21:05:34,935 [INFO] PluginManage:310 - Check plugin ddr
2024-11-27 21:05:34,940 [INFO] PluginManage:359 - Loaded plugin ddr (category:tool,tabindex:6)
2024-11-27 21:05:34,941 [INFO] PluginManage:310 - Check plugin filemanager
2024-11-27 21:05:35,200 [INFO] PluginManage:359 - Loaded plugin filemanager (category:base,tabindex:10)
2024-11-27 21:05:35,200 [INFO] PluginManage:310 - Check plugin ipmanager
2024-11-27 21:05:35,213 [INFO] PluginManage:359 - Loaded plugin ipmanager (category:base,tabindex:5)
2024-11-27 21:05:35,214 [INFO] PluginManage:310 - Check plugin lpbam
2024-11-27 21:05:35,245 [INFO] PluginManage:359 - Loaded plugin lpbam (category:base,tabindex:0)
2024-11-27 21:05:35,245 [INFO] PluginManage:310 - Check plugin memorymap
2024-11-27 21:05:35,280 [INFO] PluginManage:359 - Loaded plugin memorymap (category:base,tabindex:4)
2024-11-27 21:05:35,281 [INFO] PluginManage:310 - Check plugin pinoutandconfiguration
2024-11-27 21:05:35,321 [INFO] PluginManage:359 - Loaded plugin pinoutandconfiguration (category:base,tabindex:1)
2024-11-27 21:05:35,321 [INFO] PluginManage:310 - Check plugin pinoutconfig
2024-11-27 21:05:35,509 [WARN] SupportedApi:132 - Cannot load RTOS API schema: s4s-elt-must-match.1: The content of 'definitions' must match (annotation?, (simpleType | complexType)?, (unique | key | keyref)*)). A problem was found starting at: attribute.
2024-11-27 21:05:35,746 [INFO] PluginManage:359 - Loaded plugin pinoutconfig (category:base,tabindex:0)
2024-11-27 21:05:35,746 [INFO] PluginManage:310 - Check plugin power
2024-11-27 21:05:35,790 [INFO] PluginManage:359 - Loaded plugin power (category:power,tabindex:4)
2024-11-27 21:05:35,791 [INFO] PluginManage:310 - Check plugin projectmanager
2024-11-27 21:05:35,818 [INFO] PluginManage:359 - Loaded plugin projectmanager (category:projectmanager,tabindex:3)
2024-11-27 21:05:35,819 [INFO] PluginManage:310 - Check plugin thirdparty
2024-11-27 21:05:36,370 [INFO] PluginManage:359 - Loaded plugin thirdparty (category:base,tabindex:-1)
2024-11-27 21:05:36,369 [WARN] IntegrityCheckThread:84 - waiting for thirdparty lock release [integrity check]
2024-11-27 21:05:36,370 [INFO] IntegrityCheckThread:86 - entering critical section [integrity check]
2024-11-27 21:05:36,370 [INFO] PluginManage:310 - Check plugin tools
2024-11-27 21:05:36,371 [INFO] ThirdPartyUpdaterWithRetryManager:70 - Updater plugin not ready yet. [1/15]
2024-11-27 21:05:36,449 [INFO] PluginManage:359 - Loaded plugin tools (category:base,tabindex:7)
2024-11-27 21:05:36,450 [INFO] PluginManage:310 - Check plugin tutovideos
2024-11-27 21:05:36,851 [INFO] PluginManage:359 - Loaded plugin tutovideos (category:base,tabindex:-1)
2024-11-27 21:05:36,851 [INFO] PluginManage:310 - Check plugin updater
2024-11-27 21:05:36,873 [INFO] PluginManage:359 - Loaded plugin updater (category:base,tabindex:12)
2024-11-27 21:05:36,874 [INFO] PluginManage:310 - Check plugin userauth
2024-11-27 21:05:36,883 [INFO] UserAuth:113 - Init User Auth plugin
2024-11-27 21:05:36,883 [INFO] PluginManage:359 - Loaded plugin userauth (category:base,tabindex:14)
2024-11-27 21:05:36,884 [INFO] PluginManage:283 - PluginManage : Loaded plugins [17]
2024-11-27 21:05:37,378 [INFO] PinOutPanel:1499 - setPackage(No Configuration,No Configuration)
2024-11-27 21:05:37,617 [INFO] CADModel:165 - CPN selected for project level
2024-11-27 21:05:37,617 [INFO] CADModel:114 - Register for checkConnection events
2024-11-27 21:05:37,673 [INFO] IPUIPlugin:80 - create IPUIPlugin
2024-11-27 21:05:37,673 [INFO] PluginManager:220 - loadIPPluginJar : add adc
2024-11-27 21:05:37,764 [INFO] IPUIPlugin:80 - create IPUIPlugin
2024-11-27 21:05:37,765 [INFO] PluginManager:220 - loadIPPluginJar : add aes
2024-11-27 21:05:37,873 [INFO] IPUIPlugin:80 - create IPUIPlugin
2024-11-27 21:05:37,873 [INFO] PluginManager:220 - loadIPPluginJar : add can
2024-11-27 21:05:37,919 [INFO] IPUIPlugin:80 - create IPUIPlugin
2024-11-27 21:05:37,920 [INFO] PluginManager:220 - loadIPPluginJar : add comp
2024-11-27 21:05:38,001 [INFO] IPUIPlugin:80 - create IPUIPlugin
2024-11-27 21:05:38,001 [INFO] PluginManager:220 - loadIPPluginJar : add cryp
2024-11-27 21:05:38,063 [INFO] IPUIPlugin:80 - create IPUIPlugin
2024-11-27 21:05:38,064 [INFO] PluginManager:220 - loadIPPluginJar : add dfsdm
2024-11-27 21:05:38,089 [INFO] IPUIPlugin:80 - create IPUIPlugin
2024-11-27 21:05:38,090 [INFO] PluginManager:220 - loadIPPluginJar : add dma
2024-11-27 21:05:38,183 [INFO] IPUIPlugin:80 - create IPUIPlugin
2024-11-27 21:05:38,183 [INFO] PluginManager:220 - loadIPPluginJar : add dma3
2024-11-27 21:05:38,240 [INFO] IPUIPlugin:80 - create IPUIPlugin
2024-11-27 21:05:38,240 [INFO] PluginManager:220 - loadIPPluginJar : add fatfs
2024-11-27 21:05:38,399 [INFO] IPUIPlugin:80 - create IPUIPlugin
2024-11-27 21:05:38,399 [INFO] PluginManager:220 - loadIPPluginJar : add fmc
2024-11-27 21:05:38,439 [INFO] IPUIPlugin:80 - create IPUIPlugin
2024-11-27 21:05:38,439 [INFO] PluginManager:220 - loadIPPluginJar : add freertos
2024-11-27 21:05:38,499 [INFO] IPUIPlugin:80 - create IPUIPlugin
2024-11-27 21:05:38,500 [INFO] PluginManager:220 - loadIPPluginJar : add genericplugin
2024-11-27 21:05:38,711 [INFO] IPUIPlugin:80 - create IPUIPlugin
2024-11-27 21:05:38,711 [INFO] PluginManager:220 - loadIPPluginJar : add gfxmmu
2024-11-27 21:05:39,023 [INFO] IPUIPlugin:80 - create IPUIPlugin
2024-11-27 21:05:39,024 [INFO] PluginManager:220 - loadIPPluginJar : add gic
2024-11-27 21:05:39,053 [INFO] IPUIPlugin:80 - create IPUIPlugin
2024-11-27 21:05:39,053 [INFO] PluginManager:220 - loadIPPluginJar : add gpio
2024-11-27 21:05:39,261 [INFO] IPUIPlugin:80 - create IPUIPlugin
2024-11-27 21:05:39,261 [INFO] PluginManager:220 - loadIPPluginJar : add gtzc
2024-11-27 21:05:39,336 [INFO] IPUIPlugin:80 - create IPUIPlugin
2024-11-27 21:05:39,336 [INFO] PluginManager:220 - loadIPPluginJar : add hash
2024-11-27 21:05:39,372 [INFO] ThirdPartyUpdaterWithRetryManager:70 - Updater plugin not ready yet. [2/15]
2024-11-27 21:05:39,426 [INFO] IPUIPlugin:80 - create IPUIPlugin
2024-11-27 21:05:39,427 [INFO] PluginManager:220 - loadIPPluginJar : add i2c
2024-11-27 21:05:39,495 [INFO] IPUIPlugin:80 - create IPUIPlugin
2024-11-27 21:05:39,495 [INFO] PluginManager:220 - loadIPPluginJar : add i2s
2024-11-27 21:05:39,567 [INFO] IPUIPlugin:80 - create IPUIPlugin
2024-11-27 21:05:39,567 [INFO] PluginManager:220 - loadIPPluginJar : add i3c
2024-11-27 21:05:39,752 [INFO] IPUIPlugin:80 - create IPUIPlugin
2024-11-27 21:05:39,753 [INFO] PluginManager:220 - loadIPPluginJar : add ipddr
2024-11-27 21:05:39,913 [INFO] IPUIPlugin:80 - create IPUIPlugin
2024-11-27 21:05:39,913 [INFO] PluginManager:220 - loadIPPluginJar : add linkedlist
2024-11-27 21:05:39,973 [INFO] IPUIPlugin:80 - create IPUIPlugin
2024-11-27 21:05:39,973 [INFO] PluginManager:220 - loadIPPluginJar : add lorawan
2024-11-27 21:05:40,036 [INFO] IPUIPlugin:80 - create IPUIPlugin
2024-11-27 21:05:40,036 [INFO] PluginManager:220 - loadIPPluginJar : add ltdc
2024-11-27 21:05:40,061 [INFO] IPUIPlugin:80 - create IPUIPlugin
2024-11-27 21:05:40,061 [INFO] PluginManager:220 - loadIPPluginJar : add mdma
2024-11-27 21:05:40,082 [INFO] IPUIPlugin:80 - create IPUIPlugin
2024-11-27 21:05:40,083 [INFO] PluginManager:220 - loadIPPluginJar : add nvic
2024-11-27 21:05:40,146 [INFO] IPUIPlugin:80 - create IPUIPlugin
2024-11-27 21:05:40,146 [INFO] PluginManager:220 - loadIPPluginJar : add opamp
2024-11-27 21:05:40,250 [INFO] IPUIPlugin:80 - create IPUIPlugin
2024-11-27 21:05:40,250 [INFO] PluginManager:220 - loadIPPluginJar : add openamp
2024-11-27 21:05:40,338 [INFO] IPUIPlugin:80 - create IPUIPlugin
2024-11-27 21:05:40,338 [INFO] PluginManager:220 - loadIPPluginJar : add pdm2pcm
2024-11-27 21:05:40,375 [INFO] IPUIPlugin:80 - create IPUIPlugin
2024-11-27 21:05:40,380 [INFO] PluginManager:220 - loadIPPluginJar : add plateformsettings
2024-11-27 21:05:40,444 [INFO] IPUIPlugin:80 - create IPUIPlugin
2024-11-27 21:05:40,444 [INFO] PluginManager:220 - loadIPPluginJar : add quadspi
2024-11-27 21:05:40,478 [INFO] IPUIPlugin:80 - create IPUIPlugin
2024-11-27 21:05:40,478 [INFO] PluginManager:220 - loadIPPluginJar : add resmgrutility
2024-11-27 21:05:40,599 [INFO] IPUIPlugin:80 - create IPUIPlugin
2024-11-27 21:05:40,599 [INFO] PluginManager:220 - loadIPPluginJar : add sai
2024-11-27 21:05:40,672 [INFO] IPUIPlugin:80 - create IPUIPlugin
2024-11-27 21:05:40,672 [INFO] PluginManager:220 - loadIPPluginJar : add spi
2024-11-27 21:05:40,770 [INFO] IPUIPlugin:80 - create IPUIPlugin
2024-11-27 21:05:40,770 [INFO] PluginManager:220 - loadIPPluginJar : add stm32_wpan
2024-11-27 21:05:40,814 [INFO] IPUIPlugin:80 - create IPUIPlugin
2024-11-27 21:05:40,814 [INFO] PluginManager:220 - loadIPPluginJar : add tim
2024-11-27 21:05:40,907 [INFO] IPUIPlugin:80 - create IPUIPlugin
2024-11-27 21:05:40,907 [INFO] PluginManager:220 - loadIPPluginJar : add touchsensing
2024-11-27 21:05:40,951 [INFO] IPUIPlugin:80 - create IPUIPlugin
2024-11-27 21:05:40,952 [INFO] PluginManager:220 - loadIPPluginJar : add tracer_emb
2024-11-27 21:05:41,000 [INFO] IPUIPlugin:80 - create IPUIPlugin
2024-11-27 21:05:41,000 [INFO] PluginManager:220 - loadIPPluginJar : add ts
2024-11-27 21:05:41,049 [INFO] IPUIPlugin:80 - create IPUIPlugin
2024-11-27 21:05:41,049 [INFO] PluginManager:220 - loadIPPluginJar : add tsc
2024-11-27 21:05:41,086 [INFO] IPUIPlugin:80 - create IPUIPlugin
2024-11-27 21:05:41,087 [INFO] PluginManager:220 - loadIPPluginJar : add ucpd
2024-11-27 21:05:41,174 [INFO] IPUIPlugin:80 - create IPUIPlugin
2024-11-27 21:05:41,175 [INFO] PluginManager:220 - loadIPPluginJar : add usart
2024-11-27 21:05:41,248 [INFO] IPUIPlugin:80 - create IPUIPlugin
2024-11-27 21:05:41,248 [INFO] PluginManager:220 - loadIPPluginJar : add usbx
2024-11-27 21:05:41,399 [INFO] CADModel:165 - CPN selected for project level
2024-11-27 21:05:41,400 [INFO] CADModel:114 - Register for checkConnection events
2024-11-27 21:05:41,400 [FATAL] Updater:308 - Updater called before beeing initialized
2024-11-27 21:05:41,400 [ERROR] CADModel:125 - Updater not yet initialized, retry later 
2024-11-27 21:05:41,640 [INFO] CADModel:165 - CPN selected for project level
2024-11-27 21:05:41,640 [INFO] CADModel:114 - Register for checkConnection events
2024-11-27 21:05:41,640 [FATAL] Updater:308 - Updater called before beeing initialized
2024-11-27 21:05:41,640 [ERROR] CADModel:125 - Updater not yet initialized, retry later 
2024-11-27 21:05:41,645 [FATAL] Updater:308 - Updater called before beeing initialized
2024-11-27 21:05:41,820 [FATAL] Updater:308 - Updater called before beeing initialized
2024-11-27 21:05:41,831 [INFO] DbMcusAds:53 - JSON generation date=Fri Sep 20 22:04:38 JST 2024 (1726837478367)
2024-11-27 21:05:41,831 [FATAL] Updater:308 - Updater called before beeing initialized
2024-11-27 21:05:41,978 [WARN] DetailPanel:346 - Failed to get advertising image, set to default
2024-11-27 21:05:42,133 [FATAL] Updater:308 - Updater called before beeing initialized
2024-11-27 21:05:42,136 [FATAL] Updater:308 - Updater called before beeing initialized
2024-11-27 21:05:42,136 [FATAL] Updater:308 - Updater called before beeing initialized
2024-11-27 21:05:42,136 [WARN] DetailPanel:346 - Failed to get advertising image, set to default
2024-11-27 21:05:42,138 [FATAL] Updater:308 - Updater called before beeing initialized
2024-11-27 21:05:42,248 [ERROR] Updater:1120 - MainUpdater not yet initialized. External WinMGr cannot be set.
2024-11-27 21:05:42,267 [INFO] Updater:1056 - Updater Version found : 6.9.1
2024-11-27 21:05:42,298 [INFO] ApplicationProperties:184 - Using Application install path: C:\ST\STM32CubeIDE_1.4.0\STM32CubeIDE\plugins\com.st.stm32cube.common.mx_6.9.1.202307191849
2024-11-27 21:05:42,373 [INFO] ThirdPartyUpdaterWithRetryManager:70 - Updater plugin not ready yet. [3/15]
2024-11-27 21:05:42,518 [INFO] MainUpdater:2868 - connection check result : 10
2024-11-27 21:05:42,520 [INFO] MainUpdater:285 - Updater Check For Update Now.
2024-11-27 21:05:42,520 [INFO] MicroXplorer:498 - Change Database Version : DB.6.0.91
2024-11-27 21:05:42,553 [INFO] McuFinderGlobals:63 - Set McuFinder mode to 2 (CubeIDE integrated)
2024-11-27 21:05:42,554 [INFO] UserAuth:179 - activating auth plugin
2024-11-27 21:05:42,559 [INFO] UserAuth:393 - Internet connection configuration mode: 1
2024-11-27 21:05:42,592 [INFO] JxBrowserEngine:151 - Initiate JxBrowser Engine with user profile folder
2024-11-27 21:05:42,807 [INFO] CheckServerUpdateThread:120 - End of CheckServer Thread
2024-11-27 21:05:44,283 [INFO] WebApp:157 - Instantiating new browser for Auth
2024-11-27 21:05:46,026 [INFO] WebApp:753 - Register for checkConnection events
2024-11-27 21:05:46,027 [INFO] WebApp:390 - Apply proxy settings
2024-11-27 21:05:46,027 [INFO] WebApp:475 - Chromium requires no authentication
2024-11-27 21:05:46,034 [WARN] PackLoader:240 - Cannot read IP mode file for STMicroelectronics.FP-SNS-MOTENVWB1.1.4.0
2024-11-27 21:05:46,060 [WARN] PackLoader:240 - Cannot read IP mode file for STMicroelectronics.FP-ATR-ASTRA1.2.0.1
2024-11-27 21:05:46,062 [INFO] WebApp:418 - Direct internet connection detected
2024-11-27 21:05:46,079 [WARN] PackLoader:240 - Cannot read IP mode file for STMicroelectronics.X-CUBE-SMBUS.2.1.0
2024-11-27 21:05:46,108 [WARN] PackLoader:240 - Cannot read IP mode file for STMicroelectronics.X-CUBE-WB05N.1.1.0
2024-11-27 21:05:46,165 [WARN] PackLoader:240 - Cannot read IP mode file for STMicroelectronics.X-CUBE-TOUCHGFX.4.23.0
2024-11-27 21:05:46,170 [WARN] PackLoader:240 - Cannot read IP mode file for STMicroelectronics.X-CUBE-TOUCHGFX.4.23.2
2024-11-27 21:05:46,239 [WARN] PackLoader:240 - Cannot read IP mode file for STMicroelectronics.X-CUBE-AZRTOS-F7.1.1.0
2024-11-27 21:05:46,256 [ERROR] RealEvaluatedCondition:428 - Found unsupported composite condition: CLASS='Data Exchange' GROUP='STM32_MetaDataManager'
2024-11-27 21:05:46,260 [ERROR] RealEvaluatedCondition:428 - Found unsupported composite condition: GROUP='STM32_MetaDataManager' CLASS='Data Exchange'
2024-11-27 21:05:46,274 [WARN] PackLoader:240 - Cannot read IP mode file for STMicroelectronics.FP-SNS-MOTENV1.4.3.0
2024-11-27 21:05:46,299 [WARN] PackLoader:240 - Cannot read IP mode file for STMicroelectronics.FP-SNS-MOTENV1.4.3.2
2024-11-27 21:05:46,314 [WARN] PackLoader:240 - Cannot read IP mode file for STMicroelectronics.FP-SNS-FLIGHT1.5.0.0
2024-11-27 21:05:46,323 [ERROR] RealEvaluatedCondition:428 - Found unsupported composite condition: CLASS='Data Exchange' GROUP='STM32_MetaDataManager'
2024-11-27 21:05:46,323 [ERROR] RealEvaluatedCondition:428 - Found unsupported composite condition: CLASS='Data Exchange' GROUP='STM32_MetaDataManager'
2024-11-27 21:05:46,326 [WARN] PackLoader:240 - Cannot read IP mode file for STMicroelectronics.FP-SNS-MOTENV1.4.3.1
2024-11-27 21:05:46,345 [WARN] PackLoader:240 - Cannot read IP mode file for STMicroelectronics.FP-SNS-FLIGHT1.5.0.1
2024-11-27 21:05:46,496 [WARN] PackLoader:240 - Cannot read IP mode file for STMicroelectronics.X-CUBE-MEMS1.11.0.0
2024-11-27 21:05:46,758 [INFO] WebApp:188 - Starting web application
2024-11-27 21:05:46,759 [INFO] WebApp:520 - Web application path used C:\ST\STM32CubeIDE_1.4.0\STM32CubeIDE\plugins\com.st.stm32cube.common.mx_6.9.1.202307191849\db\plugins\mcufinder\reactClient1\index.html
2024-11-27 21:05:46,905 [WARN] PackLoader:240 - Cannot read IP mode file for STMicroelectronics.X-CUBE-BLE1.6.2.4
2024-11-27 21:05:46,913 [WARN] PackLoader:240 - Cannot read IP mode file for STMicroelectronics.FP-SNS-FLIGHT1.5.0.2
2024-11-27 21:05:46,927 [WARN] PackLoader:240 - Cannot read IP mode file for STMicroelectronics.X-CUBE-DISPLAY.3.0.0
2024-11-27 21:05:46,941 [WARN] PackLoader:240 - Cannot read IP mode file for STMicroelectronics.X-CUBE-BLE1.7.0.0
2024-11-27 21:05:46,953 [WARN] PackLoader:240 - Cannot read IP mode file for STMicroelectronics.X-CUBE-NFC10.1.0.0
2024-11-27 21:05:46,964 [WARN] PackLoader:240 - Cannot read IP mode file for STMicroelectronics.X-CUBE-TOUCHGFX.4.22.0
2024-11-27 21:05:46,970 [WARN] PackLoader:240 - Cannot read IP mode file for STMicroelectronics.X-CUBE-TOUCHGFX.4.22.1
2024-11-27 21:05:47,094 [WARN] PackLoader:240 - Cannot read IP mode file for STMicroelectronics.X-CUBE-BLEMGR.3.1.0
2024-11-27 21:05:47,116 [WARN] PackLoader:240 - Cannot read IP mode file for STMicroelectronics.FP-SNS-SMARTAG2.1.2.0
2024-11-27 21:05:47,240 [INFO] LogOutputStream:77 - [STDOUT_REDIRECT] 1 : Invalid condition id : UX_CORESTACK_Condition cause : null
2024-11-27 21:05:47,241 [INFO] LogOutputStream:77 - [STDOUT_REDIRECT] 1 : Invalid condition id : UX_CORESTACK_Condition cause : null
2024-11-27 21:05:47,245 [INFO] LogOutputStream:77 - [STDOUT_REDIRECT] 1 : Invalid condition id : UX_CORESTACK_Condition cause : null
2024-11-27 21:05:47,253 [INFO] LogOutputStream:77 - [STDOUT_REDIRECT] 1 : Invalid condition id : UX_CORESTACK_Condition cause : null
2024-11-27 21:05:47,257 [INFO] LogOutputStream:77 - [STDOUT_REDIRECT] 1 : Invalid condition id : UX_CORESTACK_Condition cause : null
2024-11-27 21:05:47,284 [WARN] PackLoader:240 - Cannot read IP mode file for STMicroelectronics.X-CUBE-AZRTOS-WL.2.0.0
2024-11-27 21:05:47,293 [WARN] PackLoader:240 - Cannot read IP mode file for STMicroelectronics.FP-SNS-MOTENV1.5.0.0
2024-11-27 21:05:47,303 [WARN] PackLoader:240 - Cannot read IP mode file for wolfSSL.I-CUBE-wolfMQTT.1.19.0
2024-11-27 21:05:47,316 [WARN] PackLoader:240 - Cannot read IP mode file for WES.I-CUBE-Cesium.1.3.0
2024-11-27 21:05:47,324 [WARN] PackLoader:240 - Cannot read IP mode file for STMicroelectronics.X-CUBE-BLE2.3.3.0
2024-11-27 21:05:47,366 [WARN] PackLoader:240 - Cannot read IP mode file for STMicroelectronics.X-CUBE-TOF1.3.2.0
2024-11-27 21:05:47,387 [WARN] PackLoader:240 - Cannot read IP mode file for STMicroelectronics.X-CUBE-NFC9.1.0.0
2024-11-27 21:05:47,403 [WARN] PackLoader:240 - Cannot read IP mode file for STMicroelectronics.X-CUBE-TCPP.4.1.0
2024-11-27 21:05:47,412 [WARN] PackLoader:240 - Cannot read IP mode file for STMicroelectronics.X-CUBE-TOUCHGFX.4.21.1
2024-11-27 21:05:47,420 [WARN] PackLoader:240 - Cannot read IP mode file for STMicroelectronics.X-CUBE-TOUCHGFX.4.21.3
2024-11-27 21:05:47,432 [WARN] PackLoader:240 - Cannot read IP mode file for STMicroelectronics.X-CUBE-TOUCHGFX.4.21.4
2024-11-27 21:05:47,444 [WARN] PackLoader:240 - Cannot read IP mode file for STMicroelectronics.X-CUBE-ALGOBUILD.1.3.0
2024-11-27 21:05:47,489 [WARN] PackLoader:240 - Cannot read IP mode file for STMicroelectronics.X-CUBE-AZRTOS-G0.1.1.0
2024-11-27 21:05:47,505 [WARN] PackLoader:240 - Cannot read IP mode file for STMicroelectronics.X-CUBE-SAFEA1.1.2.2
2024-11-27 21:05:47,517 [WARN] PackLoader:240 - Cannot read IP mode file for STMicroelectronics.X-CUBE-NFC4.3.0.0
2024-11-27 21:05:47,525 [ERROR] Engine:466 - C:\Users\Minh\.stm32cubemx\thirdparties\pdsc\EmbeddedOffice.I-CUBE-FS-RTOS.1.0.1.pdsc: PDSC version is not supported
2024-11-27 21:05:47,541 [WARN] PackLoader:240 - Cannot read IP mode file for STMicroelectronics.X-CUBE-BLEMGR.3.0.0
2024-11-27 21:05:47,550 [ERROR] Engine:466 - C:\Users\Minh\.stm32cubemx\thirdparties\pdsc\RealThread.X-CUBE-RT-Thread_Nano.4.1.1.pdsc: PDSC version is not supported
2024-11-27 21:05:47,559 [WARN] PackLoader:240 - Cannot read IP mode file for STMicroelectronics.FP-ATR-SIGFOX1.3.2.0
2024-11-27 21:05:47,563 [ERROR] Engine:466 - C:\Users\Minh\.stm32cubemx\thirdparties\pdsc\quantropi.X-CUBE-qispace-sdk-base.1.9.3.pdsc: PDSC version is not supported
2024-11-27 21:05:47,576 [WARN] PackLoader:240 - Cannot read IP mode file for STMicroelectronics.X-CUBE-EEPRMA1.5.1.0
2024-11-27 21:05:47,677 [WARN] PackLoader:240 - Cannot read IP mode file for STMicroelectronics.X-CUBE-MEMS1.9.5.0
2024-11-27 21:05:48,031 [WARN] PackLoader:240 - Cannot read IP mode file for SEGGER.I-CUBE-embOS.1.3.1
2024-11-27 21:05:48,117 [WARN] PackLoader:240 - Cannot read IP mode file for STMicroelectronics.X-CUBE-ALGOBUILD.1.4.0
2024-11-27 21:05:48,125 [WARN] PackLoader:240 - Cannot read IP mode file for STMicroelectronics.X-CUBE-AI.9.1.0
2024-11-27 21:05:48,135 [WARN] PackLoader:240 - Cannot read IP mode file for STMicroelectronics.X-CUBE-GNSS1.6.0.0
2024-11-27 21:05:48,168 [WARN] PackLoader:240 - Cannot read IP mode file for STMicroelectronics.X-CUBE-AZRTOS-F4.1.1.0
2024-11-27 21:05:48,181 [WARN] PackLoader:240 - Cannot read IP mode file for STMicroelectronics.X-CUBE-ISPU.2.1.0
2024-11-27 21:05:48,214 [WARN] PackLoader:240 - Cannot read IP mode file for STMicroelectronics.X-CUBE-FREERTOS.1.2.0
2024-11-27 21:05:48,251 [WARN] PackLoader:240 - Cannot read IP mode file for STMicroelectronics.X-CUBE-AZRTOS-L5.2.0.0
2024-11-27 21:05:48,383 [WARN] PackLoader:240 - Cannot read IP mode file for STMicroelectronics.X-CUBE-MEMS1.9.6.0
2024-11-27 21:05:48,676 [WARN] PackLoader:240 - Cannot read IP mode file for STMicroelectronics.X-CUBE-EEPRMA1.4.2.0
2024-11-27 21:05:48,692 [WARN] PackLoader:240 - Cannot read IP mode file for STMicroelectronics.X-CUBE-NFC6.3.1.0
2024-11-27 21:05:48,709 [WARN] PackLoader:240 - Cannot read IP mode file for ITTIA_DB.I-CUBE-ITTIADB.8.8.0
2024-11-27 21:05:48,721 [WARN] PackLoader:240 - Cannot read IP mode file for emotas.I-CUBE-CANOPEN.1.1.3
2024-11-27 21:05:48,734 [WARN] PackLoader:240 - Cannot read IP mode file for STMicroelectronics.X-CUBE-BLEMGR.2.0.0
2024-11-27 21:05:48,744 [ERROR] Engine:466 - C:\Users\Minh\.stm32cubemx\thirdparties\pdsc\STMicroelectronics.X-CUBE-DPower.1.2.0.pdsc: PDSC version is not supported
2024-11-27 21:05:48,749 [WARN] PackLoader:240 - Cannot read IP mode file for STMicroelectronics.X-CUBE-AI.9.0.0
2024-11-27 21:05:48,798 [WARN] ConditionMgr:438 - getConditionDescription Invalid condition id : UX DEVICE CLASS RTOS Condition cause : null
2024-11-27 21:05:48,808 [WARN] ConditionMgr:438 - getConditionDescription Invalid condition id : UX DEVICE CLASS RTOS Condition cause : null
2024-11-27 21:05:48,814 [WARN] PackLoader:240 - Cannot read IP mode file for STMicroelectronics.X-CUBE-AZRTOS-H7.3.1.0
2024-11-27 21:05:48,816 [WARN] ConditionMgr:1039 - genDependencies : Invalid condition id : UX DEVICE CLASS RTOS Condition cause : null
2024-11-27 21:05:48,817 [WARN] ConditionMgr:1039 - genDependencies : Invalid condition id : UX DEVICE CLASS RTOS Condition cause : null
2024-11-27 21:05:48,818 [WARN] ConditionMgr:1039 - genDependencies : Invalid condition id : UX DEVICE CLASS RTOS Condition cause : null
2024-11-27 21:05:48,818 [WARN] ConditionMgr:1039 - genDependencies : Invalid condition id : UX DEVICE CLASS RTOS Condition cause : null
2024-11-27 21:05:48,819 [WARN] ConditionMgr:1039 - genDependencies : Invalid condition id : UX DEVICE CLASS RTOS Condition cause : null
2024-11-27 21:05:48,830 [WARN] PackLoader:240 - Cannot read IP mode file for wolfSSL.I-CUBE-wolfSSL.5.5.4
2024-11-27 21:05:48,841 [WARN] PackLoader:240 - Cannot read IP mode file for STMicroelectronics.X-CUBE-NFC7.1.0.1
2024-11-27 21:05:48,850 [WARN] PackLoader:240 - Cannot read IP mode file for STMicroelectronics.X-CUBE-NFC7.1.0.0
2024-11-27 21:05:48,858 [WARN] PackLoader:240 - Cannot read IP mode file for wolfSSL.I-CUBE-wolfTPM.3.2.0
2024-11-27 21:05:48,868 [WARN] PackLoader:240 - Cannot read IP mode file for STMicroelectronics.X-CUBE-NFC6.3.0.0
2024-11-27 21:05:48,879 [WARN] PackLoader:240 - Cannot read IP mode file for STMicroelectronics.X-CUBE-EEPRMA1.4.1.0
2024-11-27 21:05:48,886 [WARN] PackLoader:240 - Cannot read IP mode file for STMicroelectronics.X-CUBE-AI.8.1.0
2024-11-27 21:05:48,944 [WARN] ConditionMgr:438 - getConditionDescription Invalid condition id : LAN8742 Phy interface Condition cause : null
2024-11-27 21:05:48,945 [WARN] PackLoader:240 - Cannot read IP mode file for STMicroelectronics.X-CUBE-AZRTOS-L4.2.0.0
2024-11-27 21:05:48,948 [WARN] ConditionMgr:1039 - genDependencies : Invalid condition id : LAN8742 Phy interface Condition cause : null
2024-11-27 21:05:48,949 [WARN] ConditionMgr:1039 - genDependencies : Invalid condition id : LAN8742 Phy interface Condition cause : null
2024-11-27 21:05:48,950 [WARN] ConditionMgr:1039 - genDependencies : Invalid condition id : LAN8742 Phy interface Condition cause : null
2024-11-27 21:05:48,965 [WARN] PackLoader:240 - Cannot read IP mode file for STMicroelectronics.X-CUBE-SFXS2LP1.4.0.0
2024-11-27 21:05:49,008 [WARN] PackLoader:240 - Cannot read IP mode file for STMicroelectronics.X-CUBE-AZRTOS-H7.3.0.0
2024-11-27 21:05:49,024 [WARN] PackLoader:240 - Cannot read IP mode file for STMicroelectronics.X-CUBE-ISPU.1.1.0
2024-11-27 21:05:49,069 [WARN] PackLoader:240 - Cannot read IP mode file for STMicroelectronics.X-CUBE-AZRTOS-H7.3.3.0
2024-11-27 21:05:49,090 [WARN] PackLoader:240 - Cannot read IP mode file for RoweBots.I-CUBE-UNISONRTOS.5.5.0-4
2024-11-27 21:05:49,132 [WARN] PackLoader:240 - Cannot read IP mode file for STMicroelectronics.X-CUBE-AI.8.0.0
2024-11-27 21:05:49,151 [ERROR] Engine:466 - C:\Users\Minh\.stm32cubemx\thirdparties\pdsc\STMicroelectronics.X-CUBE-IPS.3.0.0.pdsc: PDSC version is not supported
2024-11-27 21:05:49,181 [WARN] ConditionMgr:438 - getConditionDescription Invalid condition id : UX DEVICE CLASS RTOS Condition cause : null
2024-11-27 21:05:49,181 [WARN] ConditionMgr:438 - getConditionDescription Invalid condition id : UX DEVICE CLASS RTOS Condition cause : null
2024-11-27 21:05:49,187 [WARN] PackLoader:240 - Cannot read IP mode file for STMicroelectronics.X-CUBE-AZRTOS-WB.2.0.0
2024-11-27 21:05:49,188 [WARN] ConditionMgr:1039 - genDependencies : Invalid condition id : UX DEVICE CLASS RTOS Condition cause : null
2024-11-27 21:05:49,189 [WARN] ConditionMgr:1039 - genDependencies : Invalid condition id : UX DEVICE CLASS RTOS Condition cause : null
2024-11-27 21:05:49,189 [WARN] ConditionMgr:1039 - genDependencies : Invalid condition id : UX DEVICE CLASS RTOS Condition cause : null
2024-11-27 21:05:49,190 [WARN] ConditionMgr:1039 - genDependencies : Invalid condition id : UX DEVICE CLASS RTOS Condition cause : null
2024-11-27 21:05:49,190 [WARN] ConditionMgr:1039 - genDependencies : Invalid condition id : UX DEVICE CLASS RTOS Condition cause : null
2024-11-27 21:05:49,210 [WARN] PackLoader:240 - Cannot read IP mode file for STMicroelectronics.X-CUBE-FREERTOS.1.0.0
2024-11-27 21:05:49,218 [WARN] PackLoader:240 - Cannot read IP mode file for STMicroelectronics.X-CUBE-FREERTOS.1.0.1
2024-11-27 21:05:49,228 [WARN] PackLoader:240 - Cannot read IP mode file for STMicroelectronics.X-CUBE-GNSS1.7.0.0
2024-11-27 21:05:49,236 [ERROR] Engine:466 - C:\Users\Minh\.stm32cubemx\thirdparties\pdsc\STMicroelectronics.FP-SNS-STBOX1.2.0.0.pdsc: PDSC version is not supported
2024-11-27 21:05:49,268 [WARN] PackLoader:240 - Cannot read IP mode file for STMicroelectronics.X-CUBE-AZRTOS-L5.1.1.0
2024-11-27 21:05:49,283 [WARN] PackLoader:240 - Cannot read IP mode file for STMicroelectronics.X-CUBE-AI.8.0.1
2024-11-27 21:05:49,306 [WARN] PackLoader:240 - Cannot read IP mode file for STMicroelectronics.X-CUBE-SUBG2.5.0.0
2024-11-27 21:05:49,326 [WARN] PackLoader:240 - Cannot read IP mode file for Cesanta.I-CUBE-Mongoose.7.13.0
2024-11-27 21:05:49,345 [WARN] PackLoader:240 - Cannot read IP mode file for STMicroelectronics.X-CUBE-TOF1.3.3.1
2024-11-27 21:05:49,411 [WARN] PackLoader:240 - Cannot read IP mode file for STMicroelectronics.X-CUBE-AZRTOS-G4.2.0.0
2024-11-27 21:05:49,435 [WARN] PackLoader:240 - Cannot read IP mode file for STMicroelectronics.X-CUBE-TOF1.3.3.0
2024-11-27 21:05:49,461 [WARN] PackLoader:240 - Cannot read IP mode file for STMicroelectronics.FP-ATR-ASTRA1.1.1.1
2024-11-27 21:05:49,484 [WARN] PackLoader:240 - Cannot read IP mode file for Infineon.AIROC-Wi-Fi-Bluetooth-STM32.1.5.1
2024-11-27 21:05:49,499 [WARN] PackLoader:240 - Cannot read IP mode file for STMicroelectronics.FP-SNS-MOTENVWB1.1.3.0
2024-11-27 21:05:49,507 [WARN] PackLoader:240 - Cannot read IP mode file for STMicroelectronics.FP-SNS-MOTENVWB1.1.3.1
2024-11-27 21:05:49,532 [WARN] PackLoader:240 - Cannot read IP mode file for STMicroelectronics.X-CUBE-AZRTOS-G4.1.0.0
2024-11-27 21:05:49,566 [WARN] PackLoader:240 - Cannot read IP mode file for STMicroelectronics.X-CUBE-AZRTOS-L4.1.0.0
2024-11-27 21:05:49,579 [WARN] PackLoader:240 - Cannot read IP mode file for STMicroelectronics.X-CUBE-ISPU.2.0.0
2024-11-27 21:05:49,587 [WARN] PackLoader:240 - Cannot read IP mode file for STMicroelectronics.X-CUBE-ALS.1.0.2
2024-11-27 21:05:49,672 [WARN] PackLoader:240 - Cannot read IP mode file for STMicroelectronics.X-CUBE-MEMS1.10.0.0
2024-11-27 21:05:49,926 [WARN] PackLoader:240 - Cannot read IP mode file for STMicroelectronics.X-CUBE-FREERTOS.1.1.0
2024-11-27 21:05:49,932 [WARN] PackLoader:240 - Cannot read IP mode file for STMicroelectronics.X-CUBE-TOUCHGFX.4.24.0
2024-11-27 21:05:49,952 [WARN] PackLoader:240 - Cannot read IP mode file for STMicroelectronics.X-CUBE-AZRTOS-WL.1.0.0
2024-11-27 21:05:49,959 [WARN] PackLoader:240 - Cannot read IP mode file for STMicroelectronics.X-CUBE-TOUCHGFX.4.24.1
2024-11-27 21:05:49,968 [WARN] PackLoader:240 - Cannot read IP mode file for portGmbH.I-Cube-SoM-uGOAL.1.1.0
2024-11-27 21:05:49,975 [WARN] PackLoader:240 - Cannot read IP mode file for STMicroelectronics.X-CUBE-ALS.1.0.1
2024-11-27 21:05:50,000 [WARN] PackLoader:240 - Cannot read IP mode file for STMicroelectronics.X-CUBE-AZRTOS-WB.1.1.0
2024-11-27 21:05:50,039 [WARN] PackLoader:240 - Cannot read IP mode file for STMicroelectronics.X-CUBE-AZRTOS-H7RS.1.0.0
2024-11-27 21:05:50,051 [WARN] PackLoader:240 - Cannot read IP mode file for STMicroelectronics.FP-ATR-ASTRA1.2.0.0
2024-11-27 21:05:50,061 [ERROR] Engine:466 - C:\Users\Minh\.stm32cubemx\thirdparties\pdsc\STMicroelectronics.X-CUBE-TOF1.3.4.2.pdsc: PDSC version is not supported
2024-11-27 21:05:50,079 [WARN] PackLoader:240 - Cannot read IP mode file for STMicroelectronics.X-CUBE-TOF1.3.4.0
2024-11-27 21:05:50,121 [WARN] PackLoader:240 - Cannot read IP mode file for STMicroelectronics.X-CUBE-TOF1.3.4.1
2024-11-27 21:05:50,181 [WARN] PackLoader:240 - Cannot read IP mode file for STMicroelectronics.X-CUBE-AZRTOS-H7.3.2.0
2024-11-27 21:05:50,195 [WARN] PackLoader:240 - Cannot read IP mode file for wolfSSL.I-CUBE-wolfSSH.1.4.17
2024-11-27 21:05:50,196 [INFO] ThirdParty:978 - Integrity check success = true
2024-11-27 21:05:50,196 [INFO] IntegrityCheckThread:100 - exiting critical section [integrity check]
2024-11-27 21:05:50,196 [INFO] IntegrityCheckThread:103 - End integrity checks thread
2024-11-27 21:10:38,613 [ERROR] LogOutputStream:75 - [STDERR_REDIRECT] SLF4J: Failed to load class "org.slf4j.impl.StaticLoggerBinder".
2024-11-27 21:10:38,613 [ERROR] LogOutputStream:75 - [STDERR_REDIRECT] SLF4J: Defaulting to no-operation (NOP) logger implementation
2024-11-27 21:10:38,615 [ERROR] LogOutputStream:75 - [STDERR_REDIRECT] SLF4J: See http://www.slf4j.org/codes.html#StaticLoggerBinder for further details.
2024-11-27 22:20:37,720 [ERROR] LogOutputStream:75 - [STDERR_REDIRECT] 
