2023-11-07 14:30:14,334 [INFO] Activator:176 - 


2023-11-07 14:30:14,345 [INFO] Activator:177 - !SESSION log4j initialized
2023-11-07 14:30:27,664 [INFO] LogOutputStream:77 - [STDOUT_REDIRECT] 
2023-11-07 14:30:35,746 [INFO] ApplicationProperties:184 - Using Application install path: C:\ST\STM32CubeIDE_1.4.0\STM32CubeIDE\plugins\com.st.stm32cube.common.mx_6.9.1.202307191849
2023-11-07 14:30:35,785 [INFO] DbMcusXml:78 - Set database path to: C:\ST\STM32CubeIDE_1.4.0\STM32CubeIDE\plugins\com.st.stm32cube.common.mx_6.9.1.202307191849\\db\/mcu/
2023-11-07 14:30:35,786 [INFO] ApiDb:274 - Set plugin database path to: C:\ST\STM32CubeIDE_1.4.0\STM32CubeIDE\plugins\com.st.stm32cube.common.mx_6.9.1.202307191849\\db\/plugins/boardmanager/
2023-11-07 14:30:35,787 [WARN] ApiDb:259 - Overriding images path with different value:  => C:\ST\STM32CubeIDE_1.4.0\STM32CubeIDE\plugins\com.st.stm32cube.common.mx_6.9.1.202307191849\\db\/plugins/mcufinder/images/
2023-11-07 14:30:35,810 [INFO] ApiDb:250 - Set database path to: C:\Users\Minh\.stmcufinder\plugins\mcufinder//mcu/
2023-11-07 14:30:35,811 [INFO] DbMcusAds:125 - Set database path to: C:\Users\Minh\.stmcufinder\plugins\mcufinder//mcu/
2023-11-07 14:30:35,815 [INFO] CrossReferenceDbSqlite:203 - Set database path to: C:\Users\Minh\.stmcufinder\plugins\mcufinder//mcu/cs/
2023-11-07 14:30:36,071 [INFO] RulesReader:64 - Compatibility file has been processed (293 Rules)
2023-11-07 14:30:36,249 [INFO] DbMcusXml:78 - Set database path to: C:\ST\STM32CubeIDE_1.4.0\STM32CubeIDE\plugins\com.st.stm32cube.common.mx_6.9.1.202307191849\\db\/mcu/
2023-11-07 14:30:36,250 [INFO] ApiDb:274 - Set plugin database path to: C:\ST\STM32CubeIDE_1.4.0\STM32CubeIDE\plugins\com.st.stm32cube.common.mx_6.9.1.202307191849\\db\/plugins/boardmanager/
2023-11-07 14:30:36,250 [INFO] ApiDb:261 - Set plugin images path to: C:\ST\STM32CubeIDE_1.4.0\STM32CubeIDE\plugins\com.st.stm32cube.common.mx_6.9.1.202307191849\\db\/plugins/mcufinder/images/
2023-11-07 14:30:36,250 [WARN] DbFile:41 - Overriding database path with different value: C:\Users\Minh\.stmcufinder\plugins\mcufinder/ => C:\Users\Minh\.stmcufinder\plugins\mcufinder
2023-11-07 14:30:36,251 [INFO] ApiDb:250 - Set database path to: C:\Users\Minh\.stmcufinder\plugins\mcufinder//mcu/
2023-11-07 14:30:36,251 [WARN] DbFile:41 - Overriding database path with different value: C:\Users\Minh\.stmcufinder\plugins\mcufinder/ => C:\Users\Minh\.stmcufinder\plugins\mcufinder
2023-11-07 14:30:36,251 [INFO] DbMcusAds:125 - Set database path to: C:\Users\Minh\.stmcufinder\plugins\mcufinder//mcu/
2023-11-07 14:30:36,251 [WARN] DbFile:41 - Overriding database path with different value: C:\Users\Minh\.stmcufinder\plugins\mcufinder/ => C:\Users\Minh\.stmcufinder\plugins\mcufinder
2023-11-07 14:30:36,251 [WARN] DbFile:41 - Overriding database path with different value: C:\Users\Minh\.stmcufinder\plugins\mcufinder/ => C:\Users\Minh\.stmcufinder\plugins\mcufinder
2023-11-07 14:30:36,251 [INFO] CrossReferenceDbSqlite:203 - Set database path to: C:\Users\Minh\.stmcufinder\plugins\mcufinder//mcu/cs/
2023-11-07 14:30:36,378 [INFO] MainPanel:262 - HeapMemory: 268435456
2023-11-07 14:30:36,532 [INFO] DbMcusXml:78 - Set database path to: C:\ST\STM32CubeIDE_1.4.0\STM32CubeIDE\plugins\com.st.stm32cube.common.mx_6.9.1.202307191849\\db\/mcu/
2023-11-07 14:30:36,532 [INFO] ApiDb:274 - Set plugin database path to: C:\ST\STM32CubeIDE_1.4.0\STM32CubeIDE\plugins\com.st.stm32cube.common.mx_6.9.1.202307191849\\db\/plugins/boardmanager/
2023-11-07 14:30:36,532 [INFO] ApiDb:261 - Set plugin images path to: C:\ST\STM32CubeIDE_1.4.0\STM32CubeIDE\plugins\com.st.stm32cube.common.mx_6.9.1.202307191849\\db\/plugins/mcufinder/images/
2023-11-07 14:30:36,533 [WARN] DbFile:41 - Overriding database path with different value: C:\Users\Minh\.stmcufinder\plugins\mcufinder/ => C:\Users\Minh\.stmcufinder\plugins\mcufinder
2023-11-07 14:30:36,534 [INFO] ApiDb:250 - Set database path to: C:\Users\Minh\.stmcufinder\plugins\mcufinder//mcu/
2023-11-07 14:30:36,534 [WARN] DbFile:41 - Overriding database path with different value: C:\Users\Minh\.stmcufinder\plugins\mcufinder/ => C:\Users\Minh\.stmcufinder\plugins\mcufinder
2023-11-07 14:30:36,534 [INFO] DbMcusAds:125 - Set database path to: C:\Users\Minh\.stmcufinder\plugins\mcufinder//mcu/
2023-11-07 14:30:36,534 [WARN] DbFile:41 - Overriding database path with different value: C:\Users\Minh\.stmcufinder\plugins\mcufinder/ => C:\Users\Minh\.stmcufinder\plugins\mcufinder
2023-11-07 14:30:36,534 [WARN] DbFile:41 - Overriding database path with different value: C:\Users\Minh\.stmcufinder\plugins\mcufinder/ => C:\Users\Minh\.stmcufinder\plugins\mcufinder
2023-11-07 14:30:36,535 [INFO] CrossReferenceDbSqlite:203 - Set database path to: C:\Users\Minh\.stmcufinder\plugins\mcufinder//mcu/cs/
2023-11-07 14:30:36,570 [INFO] ApplicationProperties:184 - Using Application install path: C:\ST\STM32CubeIDE_1.4.0\STM32CubeIDE\plugins\com.st.stm32cube.common.mx_6.9.1.202307191849
2023-11-07 14:30:36,572 [INFO] PluginManage:196 - Search for loadable plugins [exclusion list=, ]
2023-11-07 14:30:36,574 [INFO] PluginManage:310 - Check plugin analytics
2023-11-07 14:30:41,436 [INFO] AnalyticsPlugin:253 - Accepted Software Licenses: STM32CubeMX.6.0.0,STM32CubeMX.5.2.0
2023-11-07 14:30:41,436 [INFO] AnalyticsPlugin:255 - Accepted CMSIS Pack Licenses: 
2023-11-07 14:30:41,437 [INFO] AnalyticsPlugin:257 - Accepted Firmware Licenses: 
2023-11-07 14:30:41,441 [INFO] PluginManage:359 - Loaded plugin analytics (category:tool,tabindex:-1)
2023-11-07 14:30:41,443 [INFO] PluginManage:310 - Check plugin cadmodel
2023-11-07 14:30:41,470 [INFO] CADModel:105 - Init CAD model plugin
2023-11-07 14:30:41,471 [INFO] PluginManage:359 - Loaded plugin cadmodel (category:power,tabindex:5)
2023-11-07 14:30:41,471 [INFO] PluginManage:310 - Check plugin clock
2023-11-07 14:30:41,504 [INFO] PluginManage:359 - Loaded plugin clock (category:base,tabindex:2)
2023-11-07 14:30:41,505 [INFO] PluginManage:310 - Check plugin ddr
2023-11-07 14:30:41,509 [INFO] PluginManage:359 - Loaded plugin ddr (category:tool,tabindex:6)
2023-11-07 14:30:41,509 [INFO] PluginManage:310 - Check plugin filemanager
2023-11-07 14:30:41,745 [INFO] PluginManage:359 - Loaded plugin filemanager (category:base,tabindex:10)
2023-11-07 14:30:41,745 [INFO] PluginManage:310 - Check plugin ipmanager
2023-11-07 14:30:41,759 [INFO] PluginManage:359 - Loaded plugin ipmanager (category:base,tabindex:5)
2023-11-07 14:30:41,759 [INFO] PluginManage:310 - Check plugin lpbam
2023-11-07 14:30:41,791 [INFO] PluginManage:359 - Loaded plugin lpbam (category:base,tabindex:0)
2023-11-07 14:30:41,791 [INFO] PluginManage:310 - Check plugin memorymap
2023-11-07 14:30:41,833 [INFO] PluginManage:359 - Loaded plugin memorymap (category:base,tabindex:4)
2023-11-07 14:30:41,833 [INFO] PluginManage:310 - Check plugin pinoutandconfiguration
2023-11-07 14:30:41,866 [INFO] PluginManage:359 - Loaded plugin pinoutandconfiguration (category:base,tabindex:1)
2023-11-07 14:30:41,867 [INFO] PluginManage:310 - Check plugin pinoutconfig
2023-11-07 14:30:42,075 [WARN] SupportedApi:132 - Cannot load RTOS API schema: s4s-elt-must-match.1: The content of 'definitions' must match (annotation?, (simpleType | complexType)?, (unique | key | keyref)*)). A problem was found starting at: attribute.
2023-11-07 14:30:42,314 [INFO] PluginManage:359 - Loaded plugin pinoutconfig (category:base,tabindex:0)
2023-11-07 14:30:42,315 [INFO] PluginManage:310 - Check plugin power
2023-11-07 14:30:42,352 [INFO] PluginManage:359 - Loaded plugin power (category:power,tabindex:4)
2023-11-07 14:30:42,352 [INFO] PluginManage:310 - Check plugin projectmanager
2023-11-07 14:30:42,379 [INFO] PluginManage:359 - Loaded plugin projectmanager (category:projectmanager,tabindex:3)
2023-11-07 14:30:42,379 [INFO] PluginManage:310 - Check plugin thirdparty
2023-11-07 14:30:42,826 [WARN] IntegrityCheckThread:84 - waiting for thirdparty lock release [integrity check]
2023-11-07 14:30:42,827 [INFO] PluginManage:359 - Loaded plugin thirdparty (category:base,tabindex:-1)
2023-11-07 14:30:42,827 [INFO] IntegrityCheckThread:86 - entering critical section [integrity check]
2023-11-07 14:30:42,827 [INFO] PluginManage:310 - Check plugin tools
2023-11-07 14:30:42,828 [INFO] ThirdPartyUpdaterWithRetryManager:70 - Updater plugin not ready yet. [1/15]
2023-11-07 14:30:42,881 [INFO] PluginManage:359 - Loaded plugin tools (category:base,tabindex:7)
2023-11-07 14:30:42,881 [INFO] PluginManage:310 - Check plugin tutovideos
2023-11-07 14:30:43,196 [INFO] PluginManage:359 - Loaded plugin tutovideos (category:base,tabindex:-1)
2023-11-07 14:30:43,196 [INFO] PluginManage:310 - Check plugin updater
2023-11-07 14:30:43,215 [INFO] PluginManage:359 - Loaded plugin updater (category:base,tabindex:12)
2023-11-07 14:30:43,216 [INFO] PluginManage:310 - Check plugin userauth
2023-11-07 14:30:43,223 [INFO] UserAuth:113 - Init User Auth plugin
2023-11-07 14:30:43,224 [INFO] PluginManage:359 - Loaded plugin userauth (category:base,tabindex:14)
2023-11-07 14:30:43,225 [INFO] PluginManage:283 - PluginManage : Loaded plugins [17]
2023-11-07 14:30:43,598 [INFO] PinOutPanel:1499 - setPackage(No Configuration,No Configuration)
2023-11-07 14:30:43,787 [INFO] CADModel:165 - CPN selected for project level
2023-11-07 14:30:43,787 [INFO] CADModel:114 - Register for checkConnection events
2023-11-07 14:30:43,824 [INFO] IPUIPlugin:80 - create IPUIPlugin
2023-11-07 14:30:43,825 [INFO] PluginManager:220 - loadIPPluginJar : add adc
2023-11-07 14:30:43,879 [INFO] IPUIPlugin:80 - create IPUIPlugin
2023-11-07 14:30:43,879 [INFO] PluginManager:220 - loadIPPluginJar : add aes
2023-11-07 14:30:43,956 [INFO] IPUIPlugin:80 - create IPUIPlugin
2023-11-07 14:30:43,956 [INFO] PluginManager:220 - loadIPPluginJar : add can
2023-11-07 14:30:43,993 [INFO] IPUIPlugin:80 - create IPUIPlugin
2023-11-07 14:30:43,994 [INFO] PluginManager:220 - loadIPPluginJar : add comp
2023-11-07 14:30:44,058 [INFO] IPUIPlugin:80 - create IPUIPlugin
2023-11-07 14:30:44,058 [INFO] PluginManager:220 - loadIPPluginJar : add cryp
2023-11-07 14:30:44,109 [INFO] IPUIPlugin:80 - create IPUIPlugin
2023-11-07 14:30:44,109 [INFO] PluginManager:220 - loadIPPluginJar : add dfsdm
2023-11-07 14:30:44,129 [INFO] IPUIPlugin:80 - create IPUIPlugin
2023-11-07 14:30:44,130 [INFO] PluginManager:220 - loadIPPluginJar : add dma
2023-11-07 14:30:44,202 [INFO] IPUIPlugin:80 - create IPUIPlugin
2023-11-07 14:30:44,202 [INFO] PluginManager:220 - loadIPPluginJar : add dma3
2023-11-07 14:30:44,234 [INFO] IPUIPlugin:80 - create IPUIPlugin
2023-11-07 14:30:44,234 [INFO] PluginManager:220 - loadIPPluginJar : add fatfs
2023-11-07 14:30:44,304 [INFO] IPUIPlugin:80 - create IPUIPlugin
2023-11-07 14:30:44,304 [INFO] PluginManager:220 - loadIPPluginJar : add fmc
2023-11-07 14:30:44,326 [INFO] IPUIPlugin:80 - create IPUIPlugin
2023-11-07 14:30:44,326 [INFO] PluginManager:220 - loadIPPluginJar : add freertos
2023-11-07 14:30:44,355 [INFO] IPUIPlugin:80 - create IPUIPlugin
2023-11-07 14:30:44,355 [INFO] PluginManager:220 - loadIPPluginJar : add genericplugin
2023-11-07 14:30:44,497 [INFO] IPUIPlugin:80 - create IPUIPlugin
2023-11-07 14:30:44,498 [INFO] PluginManager:220 - loadIPPluginJar : add gfxmmu
2023-11-07 14:30:44,695 [INFO] IPUIPlugin:80 - create IPUIPlugin
2023-11-07 14:30:44,695 [INFO] PluginManager:220 - loadIPPluginJar : add gic
2023-11-07 14:30:44,715 [INFO] IPUIPlugin:80 - create IPUIPlugin
2023-11-07 14:30:44,716 [INFO] PluginManager:220 - loadIPPluginJar : add gpio
2023-11-07 14:30:44,849 [INFO] IPUIPlugin:80 - create IPUIPlugin
2023-11-07 14:30:44,849 [INFO] PluginManager:220 - loadIPPluginJar : add gtzc
2023-11-07 14:30:44,901 [INFO] IPUIPlugin:80 - create IPUIPlugin
2023-11-07 14:30:44,901 [INFO] PluginManager:220 - loadIPPluginJar : add hash
2023-11-07 14:30:44,974 [INFO] IPUIPlugin:80 - create IPUIPlugin
2023-11-07 14:30:44,974 [INFO] PluginManager:220 - loadIPPluginJar : add i2c
2023-11-07 14:30:45,040 [INFO] IPUIPlugin:80 - create IPUIPlugin
2023-11-07 14:30:45,040 [INFO] PluginManager:220 - loadIPPluginJar : add i2s
2023-11-07 14:30:45,109 [INFO] IPUIPlugin:80 - create IPUIPlugin
2023-11-07 14:30:45,109 [INFO] PluginManager:220 - loadIPPluginJar : add i3c
2023-11-07 14:30:45,287 [INFO] IPUIPlugin:80 - create IPUIPlugin
2023-11-07 14:30:45,287 [INFO] PluginManager:220 - loadIPPluginJar : add ipddr
2023-11-07 14:30:45,451 [INFO] IPUIPlugin:80 - create IPUIPlugin
2023-11-07 14:30:45,451 [INFO] PluginManager:220 - loadIPPluginJar : add linkedlist
2023-11-07 14:30:45,504 [INFO] IPUIPlugin:80 - create IPUIPlugin
2023-11-07 14:30:45,505 [INFO] PluginManager:220 - loadIPPluginJar : add lorawan
2023-11-07 14:30:45,566 [INFO] IPUIPlugin:80 - create IPUIPlugin
2023-11-07 14:30:45,567 [INFO] PluginManager:220 - loadIPPluginJar : add ltdc
2023-11-07 14:30:45,588 [INFO] IPUIPlugin:80 - create IPUIPlugin
2023-11-07 14:30:45,588 [INFO] PluginManager:220 - loadIPPluginJar : add mdma
2023-11-07 14:30:45,608 [INFO] IPUIPlugin:80 - create IPUIPlugin
2023-11-07 14:30:45,609 [INFO] PluginManager:220 - loadIPPluginJar : add nvic
2023-11-07 14:30:45,657 [INFO] IPUIPlugin:80 - create IPUIPlugin
2023-11-07 14:30:45,657 [INFO] PluginManager:220 - loadIPPluginJar : add opamp
2023-11-07 14:30:45,741 [INFO] IPUIPlugin:80 - create IPUIPlugin
2023-11-07 14:30:45,741 [INFO] PluginManager:220 - loadIPPluginJar : add openamp
2023-11-07 14:30:45,805 [INFO] IPUIPlugin:80 - create IPUIPlugin
2023-11-07 14:30:45,805 [INFO] PluginManager:220 - loadIPPluginJar : add pdm2pcm
2023-11-07 14:30:45,825 [INFO] IPUIPlugin:80 - create IPUIPlugin
2023-11-07 14:30:45,828 [INFO] PluginManager:220 - loadIPPluginJar : add plateformsettings
2023-11-07 14:30:45,829 [INFO] ThirdPartyUpdaterWithRetryManager:70 - Updater plugin not ready yet. [2/15]
2023-11-07 14:30:45,862 [INFO] IPUIPlugin:80 - create IPUIPlugin
2023-11-07 14:30:45,862 [INFO] PluginManager:220 - loadIPPluginJar : add quadspi
2023-11-07 14:30:45,883 [INFO] IPUIPlugin:80 - create IPUIPlugin
2023-11-07 14:30:45,883 [INFO] PluginManager:220 - loadIPPluginJar : add resmgrutility
2023-11-07 14:30:45,958 [INFO] IPUIPlugin:80 - create IPUIPlugin
2023-11-07 14:30:45,959 [INFO] PluginManager:220 - loadIPPluginJar : add sai
2023-11-07 14:30:46,013 [INFO] IPUIPlugin:80 - create IPUIPlugin
2023-11-07 14:30:46,013 [INFO] PluginManager:220 - loadIPPluginJar : add spi
2023-11-07 14:30:46,103 [INFO] IPUIPlugin:80 - create IPUIPlugin
2023-11-07 14:30:46,103 [INFO] PluginManager:220 - loadIPPluginJar : add stm32_wpan
2023-11-07 14:30:46,139 [INFO] IPUIPlugin:80 - create IPUIPlugin
2023-11-07 14:30:46,140 [INFO] PluginManager:220 - loadIPPluginJar : add tim
2023-11-07 14:30:46,234 [INFO] IPUIPlugin:80 - create IPUIPlugin
2023-11-07 14:30:46,234 [INFO] PluginManager:220 - loadIPPluginJar : add touchsensing
2023-11-07 14:30:46,275 [INFO] IPUIPlugin:80 - create IPUIPlugin
2023-11-07 14:30:46,275 [INFO] PluginManager:220 - loadIPPluginJar : add tracer_emb
2023-11-07 14:30:46,316 [INFO] IPUIPlugin:80 - create IPUIPlugin
2023-11-07 14:30:46,316 [INFO] PluginManager:220 - loadIPPluginJar : add ts
2023-11-07 14:30:46,346 [INFO] IPUIPlugin:80 - create IPUIPlugin
2023-11-07 14:30:46,346 [INFO] PluginManager:220 - loadIPPluginJar : add tsc
2023-11-07 14:30:46,393 [INFO] IPUIPlugin:80 - create IPUIPlugin
2023-11-07 14:30:46,393 [INFO] PluginManager:220 - loadIPPluginJar : add ucpd
2023-11-07 14:30:46,471 [INFO] IPUIPlugin:80 - create IPUIPlugin
2023-11-07 14:30:46,471 [INFO] PluginManager:220 - loadIPPluginJar : add usart
2023-11-07 14:30:46,532 [INFO] IPUIPlugin:80 - create IPUIPlugin
2023-11-07 14:30:46,532 [INFO] PluginManager:220 - loadIPPluginJar : add usbx
2023-11-07 14:30:46,704 [INFO] CADModel:165 - CPN selected for project level
2023-11-07 14:30:46,704 [INFO] CADModel:114 - Register for checkConnection events
2023-11-07 14:30:46,705 [FATAL] Updater:308 - Updater called before beeing initialized
2023-11-07 14:30:46,705 [ERROR] CADModel:125 - Updater not yet initialized, retry later 
2023-11-07 14:30:46,947 [INFO] CADModel:165 - CPN selected for project level
2023-11-07 14:30:46,947 [INFO] CADModel:114 - Register for checkConnection events
2023-11-07 14:30:46,948 [FATAL] Updater:308 - Updater called before beeing initialized
2023-11-07 14:30:46,948 [ERROR] CADModel:125 - Updater not yet initialized, retry later 
2023-11-07 14:30:46,954 [FATAL] Updater:308 - Updater called before beeing initialized
2023-11-07 14:30:47,183 [FATAL] Updater:308 - Updater called before beeing initialized
2023-11-07 14:30:47,196 [INFO] DbMcusAds:53 - JSON generation date=Tue Mar 07 17:50:55 JST 2023 (1678179055114)
2023-11-07 14:30:47,197 [FATAL] Updater:308 - Updater called before beeing initialized
2023-11-07 14:30:47,334 [WARN] DetailPanel:346 - Failed to get advertising image, set to default
2023-11-07 14:30:47,501 [FATAL] Updater:308 - Updater called before beeing initialized
2023-11-07 14:30:47,504 [FATAL] Updater:308 - Updater called before beeing initialized
2023-11-07 14:30:47,504 [FATAL] Updater:308 - Updater called before beeing initialized
2023-11-07 14:30:47,505 [WARN] DetailPanel:346 - Failed to get advertising image, set to default
2023-11-07 14:30:47,506 [FATAL] Updater:308 - Updater called before beeing initialized
2023-11-07 14:30:47,650 [ERROR] Updater:1120 - MainUpdater not yet initialized. External WinMGr cannot be set.
2023-11-07 14:30:47,678 [INFO] Updater:1056 - Updater Version found : 6.9.1
2023-11-07 14:30:47,729 [INFO] ApplicationProperties:184 - Using Application install path: C:\ST\STM32CubeIDE_1.4.0\STM32CubeIDE\plugins\com.st.stm32cube.common.mx_6.9.1.202307191849
2023-11-07 14:30:47,996 [INFO] MainUpdater:2868 - connection check result : 10
2023-11-07 14:30:47,996 [INFO] MainUpdater:3562 - Updater definition file requires update
2023-11-07 14:30:47,998 [INFO] MainUpdater:285 - Updater Check For Update Now.
2023-11-07 14:30:47,999 [INFO] MicroXplorer:498 - Change Database Version : DB.6.0.91
2023-11-07 14:30:48,022 [INFO] ServerAccessManage:473 - Download File updaters.zip
2023-11-07 14:30:48,031 [INFO] McuFinderGlobals:63 - Set McuFinder mode to 2 (CubeIDE integrated)
2023-11-07 14:30:48,031 [INFO] UserAuth:179 - activating auth plugin
2023-11-07 14:30:48,037 [INFO] UserAuth:393 - Internet connection configuration mode: 1
2023-11-07 14:30:48,071 [INFO] JxBrowserEngine:151 - Initiate JxBrowser Engine with user profile folder
2023-11-07 14:30:48,166 [INFO] FileExtend:240 - Unzip File : updaters.zip
2023-11-07 14:30:48,166 [INFO] FileExtend:255 - Standard Zip Deflate
2023-11-07 14:30:48,821 [INFO] ServerAccessManage:473 - Download File PacksControlFlags.xml
2023-11-07 14:30:48,833 [WARN] MainUpdater:1189 - Updater busy. Cannot search thirdparties
2023-11-07 14:30:48,834 [INFO] ThirdPartyUpdaterWithRetryManager:96 - Updater plugin is busy. [1/15]
2023-11-07 14:30:48,971 [INFO] ServerAccessManage:473 - Download File cubemx.pidx
2023-11-07 14:30:49,859 [INFO] ServerAccessManage:473 - Download File STMicroelectronics.X-CUBE-BLEMGR.pdsc
2023-11-07 14:30:51,120 [INFO] WebApp:157 - Instantiating new browser for Auth
2023-11-07 14:30:51,624 [WARN] PackLoader:240 - Cannot read IP mode file for STMicroelectronics.X-CUBE-BLEMGR.3.0.0
2023-11-07 14:30:51,635 [INFO] PopulateThirdPartyThread:66 - Ending populate Thread
2023-11-07 14:30:51,639 [INFO] ThirdParty:1030 - CMSIS Pack Vendor :STMicroelectronics X-CUBE-BLEMGR 3.0.0
2023-11-07 14:30:51,639 [INFO] LoadServerUpdatesThread:373 - End of LoadServerUpdate Thread
2023-11-07 14:30:51,758 [INFO] CheckServerUpdateThread:120 - End of CheckServer Thread
2023-11-07 14:30:52,281 [WARN] PackLoader:240 - Cannot read IP mode file for STMicroelectronics.X-CUBE-SMBUS.2.1.0
2023-11-07 14:30:52,345 [WARN] PackLoader:240 - Cannot read IP mode file for STMicroelectronics.X-CUBE-AZRTOS-F7.1.1.0
2023-11-07 14:30:52,366 [ERROR] RealEvaluatedCondition:428 - Found unsupported composite condition: GROUP='STM32_MetaDataManager' CLASS='Data Exchange'
2023-11-07 14:30:52,366 [ERROR] RealEvaluatedCondition:428 - Found unsupported composite condition: GROUP='STM32_MetaDataManager' CLASS='Data Exchange'
2023-11-07 14:30:52,370 [WARN] PackLoader:240 - Cannot read IP mode file for STMicroelectronics.FP-SNS-MOTENV1.4.3.0
2023-11-07 14:30:52,389 [WARN] PackLoader:240 - Cannot read IP mode file for STMicroelectronics.FP-SNS-MOTENV1.4.3.2
2023-11-07 14:30:52,414 [WARN] PackLoader:240 - Cannot read IP mode file for STMicroelectronics.FP-SNS-FLIGHT1.5.0.0
2023-11-07 14:30:52,423 [ERROR] RealEvaluatedCondition:428 - Found unsupported composite condition: GROUP='STM32_MetaDataManager' CLASS='Data Exchange'
2023-11-07 14:30:52,424 [ERROR] RealEvaluatedCondition:428 - Found unsupported composite condition: CLASS='Data Exchange' GROUP='STM32_MetaDataManager'
2023-11-07 14:30:52,427 [WARN] PackLoader:240 - Cannot read IP mode file for STMicroelectronics.FP-SNS-MOTENV1.4.3.1
2023-11-07 14:30:52,439 [WARN] PackLoader:240 - Cannot read IP mode file for STMicroelectronics.FP-SNS-FLIGHT1.5.0.1
2023-11-07 14:30:52,455 [WARN] PackLoader:240 - Cannot read IP mode file for STMicroelectronics.X-CUBE-BLE1.6.2.4
2023-11-07 14:30:52,475 [WARN] PackLoader:240 - Cannot read IP mode file for STMicroelectronics.FP-SNS-FLIGHT1.5.0.2
2023-11-07 14:30:52,495 [WARN] PackLoader:240 - Cannot read IP mode file for STMicroelectronics.X-CUBE-DISPLAY.3.0.0
2023-11-07 14:30:52,519 [WARN] PackLoader:240 - Cannot read IP mode file for STMicroelectronics.X-CUBE-BLE1.7.0.0
2023-11-07 14:30:52,529 [WARN] PackLoader:240 - Cannot read IP mode file for STMicroelectronics.X-CUBE-TOUCHGFX.4.22.0
2023-11-07 14:30:52,536 [WARN] PackLoader:240 - Cannot read IP mode file for STMicroelectronics.X-CUBE-TOUCHGFX.4.22.1
2023-11-07 14:30:52,546 [WARN] PackLoader:240 - Cannot read IP mode file for STMicroelectronics.FP-SNS-SMARTAG2.1.2.0
2023-11-07 14:30:52,568 [INFO] LogOutputStream:77 - [STDOUT_REDIRECT] 1 : Invalid condition id : UX_CORESTACK_Condition cause : null
2023-11-07 14:30:52,569 [INFO] LogOutputStream:77 - [STDOUT_REDIRECT] 1 : Invalid condition id : UX_CORESTACK_Condition cause : null
2023-11-07 14:30:52,573 [INFO] LogOutputStream:77 - [STDOUT_REDIRECT] 1 : Invalid condition id : UX_CORESTACK_Condition cause : null
2023-11-07 14:30:52,577 [INFO] LogOutputStream:77 - [STDOUT_REDIRECT] 1 : Invalid condition id : UX_CORESTACK_Condition cause : null
2023-11-07 14:30:52,581 [INFO] LogOutputStream:77 - [STDOUT_REDIRECT] 1 : Invalid condition id : UX_CORESTACK_Condition cause : null
2023-11-07 14:30:52,591 [WARN] PackLoader:240 - Cannot read IP mode file for STMicroelectronics.X-CUBE-AZRTOS-WL.2.0.0
2023-11-07 14:30:52,612 [WARN] PackLoader:240 - Cannot read IP mode file for WES.I-CUBE-Cesium.1.3.0
2023-11-07 14:30:52,627 [WARN] PackLoader:240 - Cannot read IP mode file for STMicroelectronics.X-CUBE-BLE2.3.3.0
2023-11-07 14:30:52,653 [WARN] PackLoader:240 - Cannot read IP mode file for STMicroelectronics.X-CUBE-TOF1.3.2.0
2023-11-07 14:30:52,682 [WARN] PackLoader:240 - Cannot read IP mode file for STMicroelectronics.X-CUBE-TOUCHGFX.4.21.1
2023-11-07 14:30:52,688 [WARN] PackLoader:240 - Cannot read IP mode file for STMicroelectronics.X-CUBE-TOUCHGFX.4.21.3
2023-11-07 14:30:52,695 [WARN] PackLoader:240 - Cannot read IP mode file for STMicroelectronics.X-CUBE-TOUCHGFX.4.21.4
2023-11-07 14:30:52,709 [WARN] PackLoader:240 - Cannot read IP mode file for STMicroelectronics.X-CUBE-ALGOBUILD.1.3.0
2023-11-07 14:30:52,751 [WARN] PackLoader:240 - Cannot read IP mode file for STMicroelectronics.X-CUBE-AZRTOS-G0.1.1.0
2023-11-07 14:30:52,769 [WARN] PackLoader:240 - Cannot read IP mode file for STMicroelectronics.X-CUBE-NFC4.3.0.0
2023-11-07 14:30:52,800 [WARN] PackLoader:240 - Cannot read IP mode file for STMicroelectronics.X-CUBE-BLEMGR.3.0.0
2023-11-07 14:30:52,818 [WARN] PackLoader:240 - Cannot read IP mode file for STMicroelectronics.FP-ATR-SIGFOX1.3.2.0
2023-11-07 14:30:52,914 [WARN] PackLoader:240 - Cannot read IP mode file for STMicroelectronics.X-CUBE-MEMS1.9.5.0
2023-11-07 14:30:53,387 [WARN] PackLoader:240 - Cannot read IP mode file for SEGGER.I-CUBE-embOS.1.3.1
2023-11-07 14:30:53,508 [WARN] PackLoader:240 - Cannot read IP mode file for STMicroelectronics.X-CUBE-GNSS1.6.0.0
2023-11-07 14:30:53,551 [WARN] PackLoader:240 - Cannot read IP mode file for STMicroelectronics.X-CUBE-AZRTOS-F4.1.1.0
2023-11-07 14:30:53,574 [INFO] WebApp:753 - Register for checkConnection events
2023-11-07 14:30:53,574 [INFO] WebApp:390 - Apply proxy settings
2023-11-07 14:30:53,575 [INFO] WebApp:475 - Chromium requires no authentication
2023-11-07 14:30:53,594 [INFO] WebApp:418 - Direct internet connection detected
2023-11-07 14:30:53,601 [WARN] PackLoader:240 - Cannot read IP mode file for STMicroelectronics.X-CUBE-AZRTOS-L5.2.0.0
2023-11-07 14:30:53,696 [WARN] PackLoader:240 - Cannot read IP mode file for STMicroelectronics.X-CUBE-MEMS1.9.6.0
2023-11-07 14:30:54,075 [WARN] PackLoader:240 - Cannot read IP mode file for STMicroelectronics.X-CUBE-EEPRMA1.4.2.0
2023-11-07 14:30:54,087 [WARN] PackLoader:240 - Cannot read IP mode file for ITTIA_DB.I-CUBE-ITTIADB.8.8.0
2023-11-07 14:30:54,100 [WARN] PackLoader:240 - Cannot read IP mode file for emotas.I-CUBE-CANOPEN.1.1.3
2023-11-07 14:30:54,116 [WARN] PackLoader:240 - Cannot read IP mode file for STMicroelectronics.X-CUBE-BLEMGR.2.0.0
2023-11-07 14:30:54,117 [INFO] WebApp:188 - Starting web application
2023-11-07 14:30:54,118 [INFO] WebApp:520 - Web application path used C:\ST\STM32CubeIDE_1.4.0\STM32CubeIDE\plugins\com.st.stm32cube.common.mx_6.9.1.202307191849\db\plugins\mcufinder\reactClient1\index.html
2023-11-07 14:30:54,158 [WARN] ConditionMgr:438 - getConditionDescription Invalid condition id : UX DEVICE CLASS RTOS Condition cause : null
2023-11-07 14:30:54,159 [WARN] ConditionMgr:438 - getConditionDescription Invalid condition id : UX DEVICE CLASS RTOS Condition cause : null
2023-11-07 14:30:54,166 [WARN] PackLoader:240 - Cannot read IP mode file for STMicroelectronics.X-CUBE-AZRTOS-H7.3.1.0
2023-11-07 14:30:54,169 [WARN] ConditionMgr:1039 - genDependencies : Invalid condition id : UX DEVICE CLASS RTOS Condition cause : null
2023-11-07 14:30:54,169 [WARN] ConditionMgr:1039 - genDependencies : Invalid condition id : UX DEVICE CLASS RTOS Condition cause : null
2023-11-07 14:30:54,172 [WARN] ConditionMgr:1039 - genDependencies : Invalid condition id : UX DEVICE CLASS RTOS Condition cause : null
2023-11-07 14:30:54,173 [WARN] ConditionMgr:1039 - genDependencies : Invalid condition id : UX DEVICE CLASS RTOS Condition cause : null
2023-11-07 14:30:54,173 [WARN] ConditionMgr:1039 - genDependencies : Invalid condition id : UX DEVICE CLASS RTOS Condition cause : null
2023-11-07 14:30:54,188 [WARN] PackLoader:240 - Cannot read IP mode file for wolfSSL.I-CUBE-wolfSSL.5.5.4
2023-11-07 14:30:54,199 [WARN] PackLoader:240 - Cannot read IP mode file for STMicroelectronics.X-CUBE-NFC7.1.0.1
2023-11-07 14:30:54,209 [WARN] PackLoader:240 - Cannot read IP mode file for STMicroelectronics.X-CUBE-NFC7.1.0.0
2023-11-07 14:30:54,225 [WARN] PackLoader:240 - Cannot read IP mode file for STMicroelectronics.X-CUBE-NFC6.3.0.0
2023-11-07 14:30:54,238 [WARN] PackLoader:240 - Cannot read IP mode file for STMicroelectronics.X-CUBE-EEPRMA1.4.1.0
2023-11-07 14:30:54,249 [WARN] PackLoader:240 - Cannot read IP mode file for STMicroelectronics.X-CUBE-AI.8.1.0
2023-11-07 14:30:54,286 [WARN] ConditionMgr:438 - getConditionDescription Invalid condition id : LAN8742 Phy interface Condition cause : null
2023-11-07 14:30:54,287 [WARN] PackLoader:240 - Cannot read IP mode file for STMicroelectronics.X-CUBE-AZRTOS-L4.2.0.0
2023-11-07 14:30:54,289 [WARN] ConditionMgr:1039 - genDependencies : Invalid condition id : LAN8742 Phy interface Condition cause : null
2023-11-07 14:30:54,290 [WARN] ConditionMgr:1039 - genDependencies : Invalid condition id : LAN8742 Phy interface Condition cause : null
2023-11-07 14:30:54,291 [WARN] ConditionMgr:1039 - genDependencies : Invalid condition id : LAN8742 Phy interface Condition cause : null
2023-11-07 14:30:54,307 [WARN] PackLoader:240 - Cannot read IP mode file for STMicroelectronics.X-CUBE-SFXS2LP1.4.0.0
2023-11-07 14:30:54,349 [WARN] PackLoader:240 - Cannot read IP mode file for STMicroelectronics.X-CUBE-AZRTOS-H7.3.0.0
2023-11-07 14:30:54,366 [WARN] PackLoader:240 - Cannot read IP mode file for STMicroelectronics.X-CUBE-ISPU.1.1.0
2023-11-07 14:30:54,382 [WARN] PackLoader:240 - Cannot read IP mode file for RoweBots.I-CUBE-UNISONRTOS.5.5.0-4
2023-11-07 14:30:54,389 [WARN] PackLoader:240 - Cannot read IP mode file for STMicroelectronics.X-CUBE-AI.8.0.0
2023-11-07 14:30:54,415 [WARN] ConditionMgr:438 - getConditionDescription Invalid condition id : UX DEVICE CLASS RTOS Condition cause : null
2023-11-07 14:30:54,416 [WARN] ConditionMgr:438 - getConditionDescription Invalid condition id : UX DEVICE CLASS RTOS Condition cause : null
2023-11-07 14:30:54,421 [WARN] PackLoader:240 - Cannot read IP mode file for STMicroelectronics.X-CUBE-AZRTOS-WB.2.0.0
2023-11-07 14:30:54,422 [WARN] ConditionMgr:1039 - genDependencies : Invalid condition id : UX DEVICE CLASS RTOS Condition cause : null
2023-11-07 14:30:54,422 [WARN] ConditionMgr:1039 - genDependencies : Invalid condition id : UX DEVICE CLASS RTOS Condition cause : null
2023-11-07 14:30:54,423 [WARN] ConditionMgr:1039 - genDependencies : Invalid condition id : UX DEVICE CLASS RTOS Condition cause : null
2023-11-07 14:30:54,424 [WARN] ConditionMgr:1039 - genDependencies : Invalid condition id : UX DEVICE CLASS RTOS Condition cause : null
2023-11-07 14:30:54,424 [WARN] ConditionMgr:1039 - genDependencies : Invalid condition id : UX DEVICE CLASS RTOS Condition cause : null
2023-11-07 14:30:54,435 [WARN] PackLoader:240 - Cannot read IP mode file for STMicroelectronics.X-CUBE-FREERTOS.1.0.0
2023-11-07 14:30:54,443 [WARN] PackLoader:240 - Cannot read IP mode file for STMicroelectronics.X-CUBE-FREERTOS.1.0.1
2023-11-07 14:30:54,474 [WARN] PackLoader:240 - Cannot read IP mode file for STMicroelectronics.X-CUBE-AZRTOS-L5.1.1.0
2023-11-07 14:30:54,488 [WARN] PackLoader:240 - Cannot read IP mode file for STMicroelectronics.X-CUBE-AI.8.0.1
2023-11-07 14:30:54,528 [WARN] PackLoader:240 - Cannot read IP mode file for STMicroelectronics.X-CUBE-SUBG2.5.0.0
2023-11-07 14:30:54,559 [WARN] PackLoader:240 - Cannot read IP mode file for STMicroelectronics.X-CUBE-TOF1.3.3.1
2023-11-07 14:30:54,608 [WARN] PackLoader:240 - Cannot read IP mode file for STMicroelectronics.X-CUBE-AZRTOS-G4.2.0.0
2023-11-07 14:30:54,630 [WARN] PackLoader:240 - Cannot read IP mode file for STMicroelectronics.X-CUBE-TOF1.3.3.0
2023-11-07 14:30:54,658 [WARN] PackLoader:240 - Cannot read IP mode file for STMicroelectronics.FP-ATR-ASTRA1.1.1.1
2023-11-07 14:30:54,688 [WARN] PackLoader:240 - Cannot read IP mode file for Infineon.AIROC-Wi-Fi-Bluetooth-STM32.1.5.1
2023-11-07 14:30:54,721 [WARN] PackLoader:240 - Cannot read IP mode file for STMicroelectronics.X-CUBE-AZRTOS-G4.1.0.0
2023-11-07 14:30:54,756 [WARN] PackLoader:240 - Cannot read IP mode file for STMicroelectronics.X-CUBE-AZRTOS-L4.1.0.0
2023-11-07 14:30:54,858 [WARN] PackLoader:240 - Cannot read IP mode file for STMicroelectronics.X-CUBE-MEMS1.10.0.0
2023-11-07 14:30:55,104 [WARN] PackLoader:240 - Cannot read IP mode file for STMicroelectronics.X-CUBE-FREERTOS.1.1.0
2023-11-07 14:30:55,125 [WARN] PackLoader:240 - Cannot read IP mode file for STMicroelectronics.X-CUBE-AZRTOS-WL.1.0.0
2023-11-07 14:30:55,138 [WARN] PackLoader:240 - Cannot read IP mode file for portGmbH.I-Cube-SoM-uGOAL.1.1.0
2023-11-07 14:30:55,148 [WARN] PackLoader:240 - Cannot read IP mode file for STMicroelectronics.X-CUBE-ALS.1.0.1
2023-11-07 14:30:55,172 [WARN] PackLoader:240 - Cannot read IP mode file for STMicroelectronics.X-CUBE-AZRTOS-WB.1.1.0
2023-11-07 14:30:55,181 [WARN] PackLoader:240 - Cannot read IP mode file for STMicroelectronics.FP-ATR-ASTRA1.2.0.0
2023-11-07 14:30:55,182 [INFO] ThirdParty:978 - Integrity check success = true
2023-11-07 14:30:55,182 [INFO] IntegrityCheckThread:100 - exiting critical section [integrity check]
2023-11-07 14:30:55,182 [INFO] IntegrityCheckThread:103 - End integrity checks thread
2023-11-07 14:51:51,617 [ERROR] LogOutputStream:75 - [STDERR_REDIRECT] SLF4J: Failed to load class "org.slf4j.impl.StaticLoggerBinder".
2023-11-07 14:51:51,618 [ERROR] LogOutputStream:75 - [STDERR_REDIRECT] SLF4J: Defaulting to no-operation (NOP) logger implementation
2023-11-07 14:51:51,623 [ERROR] LogOutputStream:75 - [STDERR_REDIRECT] SLF4J: See http://www.slf4j.org/codes.html#StaticLoggerBinder for further details.
