2023-11-29 20:56:22,290 [INFO] Activator:176 - 


2023-11-29 20:56:22,302 [INFO] Activator:177 - !SESSION log4j initialized
2023-11-29 20:56:35,595 [INFO] LogOutputStream:77 - [STDOUT_REDIRECT] 
2023-11-29 20:56:43,277 [INFO] ApplicationProperties:184 - Using Application install path: C:\ST\STM32CubeIDE_1.4.0\STM32CubeIDE\plugins\com.st.stm32cube.common.mx_6.9.1.202307191849
2023-11-29 20:56:43,310 [INFO] DbMcusXml:78 - Set database path to: C:\ST\STM32CubeIDE_1.4.0\STM32CubeIDE\plugins\com.st.stm32cube.common.mx_6.9.1.202307191849\\db\/mcu/
2023-11-29 20:56:43,311 [INFO] ApiDb:274 - Set plugin database path to: C:\ST\STM32CubeIDE_1.4.0\STM32CubeIDE\plugins\com.st.stm32cube.common.mx_6.9.1.202307191849\\db\/plugins/boardmanager/
2023-11-29 20:56:43,312 [WARN] ApiDb:259 - Overriding images path with different value:  => C:\ST\STM32CubeIDE_1.4.0\STM32CubeIDE\plugins\com.st.stm32cube.common.mx_6.9.1.202307191849\\db\/plugins/mcufinder/images/
2023-11-29 20:56:43,336 [INFO] ApiDb:250 - Set database path to: C:\Users\Minh\.stmcufinder\plugins\mcufinder//mcu/
2023-11-29 20:56:43,339 [INFO] DbMcusAds:125 - Set database path to: C:\Users\Minh\.stmcufinder\plugins\mcufinder//mcu/
2023-11-29 20:56:43,344 [INFO] CrossReferenceDbSqlite:203 - Set database path to: C:\Users\Minh\.stmcufinder\plugins\mcufinder//mcu/cs/
2023-11-29 20:56:43,629 [INFO] RulesReader:64 - Compatibility file has been processed (293 Rules)
2023-11-29 20:56:43,805 [INFO] DbMcusXml:78 - Set database path to: C:\ST\STM32CubeIDE_1.4.0\STM32CubeIDE\plugins\com.st.stm32cube.common.mx_6.9.1.202307191849\\db\/mcu/
2023-11-29 20:56:43,806 [INFO] ApiDb:274 - Set plugin database path to: C:\ST\STM32CubeIDE_1.4.0\STM32CubeIDE\plugins\com.st.stm32cube.common.mx_6.9.1.202307191849\\db\/plugins/boardmanager/
2023-11-29 20:56:43,806 [INFO] ApiDb:261 - Set plugin images path to: C:\ST\STM32CubeIDE_1.4.0\STM32CubeIDE\plugins\com.st.stm32cube.common.mx_6.9.1.202307191849\\db\/plugins/mcufinder/images/
2023-11-29 20:56:43,807 [WARN] DbFile:41 - Overriding database path with different value: C:\Users\Minh\.stmcufinder\plugins\mcufinder/ => C:\Users\Minh\.stmcufinder\plugins\mcufinder
2023-11-29 20:56:43,807 [INFO] ApiDb:250 - Set database path to: C:\Users\Minh\.stmcufinder\plugins\mcufinder//mcu/
2023-11-29 20:56:43,807 [WARN] DbFile:41 - Overriding database path with different value: C:\Users\Minh\.stmcufinder\plugins\mcufinder/ => C:\Users\Minh\.stmcufinder\plugins\mcufinder
2023-11-29 20:56:43,807 [INFO] DbMcusAds:125 - Set database path to: C:\Users\Minh\.stmcufinder\plugins\mcufinder//mcu/
2023-11-29 20:56:43,807 [WARN] DbFile:41 - Overriding database path with different value: C:\Users\Minh\.stmcufinder\plugins\mcufinder/ => C:\Users\Minh\.stmcufinder\plugins\mcufinder
2023-11-29 20:56:43,807 [WARN] DbFile:41 - Overriding database path with different value: C:\Users\Minh\.stmcufinder\plugins\mcufinder/ => C:\Users\Minh\.stmcufinder\plugins\mcufinder
2023-11-29 20:56:43,807 [INFO] CrossReferenceDbSqlite:203 - Set database path to: C:\Users\Minh\.stmcufinder\plugins\mcufinder//mcu/cs/
2023-11-29 20:56:43,951 [INFO] MainPanel:262 - HeapMemory: 268435456
2023-11-29 20:56:44,120 [INFO] DbMcusXml:78 - Set database path to: C:\ST\STM32CubeIDE_1.4.0\STM32CubeIDE\plugins\com.st.stm32cube.common.mx_6.9.1.202307191849\\db\/mcu/
2023-11-29 20:56:44,120 [INFO] ApiDb:274 - Set plugin database path to: C:\ST\STM32CubeIDE_1.4.0\STM32CubeIDE\plugins\com.st.stm32cube.common.mx_6.9.1.202307191849\\db\/plugins/boardmanager/
2023-11-29 20:56:44,120 [INFO] ApiDb:261 - Set plugin images path to: C:\ST\STM32CubeIDE_1.4.0\STM32CubeIDE\plugins\com.st.stm32cube.common.mx_6.9.1.202307191849\\db\/plugins/mcufinder/images/
2023-11-29 20:56:44,121 [WARN] DbFile:41 - Overriding database path with different value: C:\Users\Minh\.stmcufinder\plugins\mcufinder/ => C:\Users\Minh\.stmcufinder\plugins\mcufinder
2023-11-29 20:56:44,121 [INFO] ApiDb:250 - Set database path to: C:\Users\Minh\.stmcufinder\plugins\mcufinder//mcu/
2023-11-29 20:56:44,121 [WARN] DbFile:41 - Overriding database path with different value: C:\Users\Minh\.stmcufinder\plugins\mcufinder/ => C:\Users\Minh\.stmcufinder\plugins\mcufinder
2023-11-29 20:56:44,122 [INFO] DbMcusAds:125 - Set database path to: C:\Users\Minh\.stmcufinder\plugins\mcufinder//mcu/
2023-11-29 20:56:44,122 [WARN] DbFile:41 - Overriding database path with different value: C:\Users\Minh\.stmcufinder\plugins\mcufinder/ => C:\Users\Minh\.stmcufinder\plugins\mcufinder
2023-11-29 20:56:44,122 [WARN] DbFile:41 - Overriding database path with different value: C:\Users\Minh\.stmcufinder\plugins\mcufinder/ => C:\Users\Minh\.stmcufinder\plugins\mcufinder
2023-11-29 20:56:44,122 [INFO] CrossReferenceDbSqlite:203 - Set database path to: C:\Users\Minh\.stmcufinder\plugins\mcufinder//mcu/cs/
2023-11-29 20:56:44,152 [INFO] ApplicationProperties:184 - Using Application install path: C:\ST\STM32CubeIDE_1.4.0\STM32CubeIDE\plugins\com.st.stm32cube.common.mx_6.9.1.202307191849
2023-11-29 20:56:44,155 [INFO] PluginManage:196 - Search for loadable plugins [exclusion list=, ]
2023-11-29 20:56:44,157 [INFO] PluginManage:310 - Check plugin analytics
2023-11-29 20:56:49,029 [INFO] AnalyticsPlugin:253 - Accepted Software Licenses: STM32CubeMX.6.0.0,STM32CubeMX.5.2.0
2023-11-29 20:56:49,030 [INFO] AnalyticsPlugin:255 - Accepted CMSIS Pack Licenses: 
2023-11-29 20:56:49,030 [INFO] AnalyticsPlugin:257 - Accepted Firmware Licenses: 
2023-11-29 20:56:49,035 [INFO] PluginManage:359 - Loaded plugin analytics (category:tool,tabindex:-1)
2023-11-29 20:56:49,036 [INFO] PluginManage:310 - Check plugin cadmodel
2023-11-29 20:56:49,064 [INFO] CADModel:105 - Init CAD model plugin
2023-11-29 20:56:49,065 [INFO] PluginManage:359 - Loaded plugin cadmodel (category:power,tabindex:5)
2023-11-29 20:56:49,065 [INFO] PluginManage:310 - Check plugin clock
2023-11-29 20:56:49,099 [INFO] PluginManage:359 - Loaded plugin clock (category:base,tabindex:2)
2023-11-29 20:56:49,100 [INFO] PluginManage:310 - Check plugin ddr
2023-11-29 20:56:49,103 [INFO] PluginManage:359 - Loaded plugin ddr (category:tool,tabindex:6)
2023-11-29 20:56:49,103 [INFO] PluginManage:310 - Check plugin filemanager
2023-11-29 20:56:49,319 [INFO] PluginManage:359 - Loaded plugin filemanager (category:base,tabindex:10)
2023-11-29 20:56:49,319 [INFO] PluginManage:310 - Check plugin ipmanager
2023-11-29 20:56:49,333 [INFO] PluginManage:359 - Loaded plugin ipmanager (category:base,tabindex:5)
2023-11-29 20:56:49,333 [INFO] PluginManage:310 - Check plugin lpbam
2023-11-29 20:56:49,367 [INFO] PluginManage:359 - Loaded plugin lpbam (category:base,tabindex:0)
2023-11-29 20:56:49,367 [INFO] PluginManage:310 - Check plugin memorymap
2023-11-29 20:56:49,405 [INFO] PluginManage:359 - Loaded plugin memorymap (category:base,tabindex:4)
2023-11-29 20:56:49,405 [INFO] PluginManage:310 - Check plugin pinoutandconfiguration
2023-11-29 20:56:49,437 [INFO] PluginManage:359 - Loaded plugin pinoutandconfiguration (category:base,tabindex:1)
2023-11-29 20:56:49,437 [INFO] PluginManage:310 - Check plugin pinoutconfig
2023-11-29 20:56:49,608 [WARN] SupportedApi:132 - Cannot load RTOS API schema: s4s-elt-must-match.1: The content of 'definitions' must match (annotation?, (simpleType | complexType)?, (unique | key | keyref)*)). A problem was found starting at: attribute.
2023-11-29 20:56:49,844 [INFO] PluginManage:359 - Loaded plugin pinoutconfig (category:base,tabindex:0)
2023-11-29 20:56:49,845 [INFO] PluginManage:310 - Check plugin power
2023-11-29 20:56:49,888 [INFO] PluginManage:359 - Loaded plugin power (category:power,tabindex:4)
2023-11-29 20:56:49,888 [INFO] PluginManage:310 - Check plugin projectmanager
2023-11-29 20:56:49,916 [INFO] PluginManage:359 - Loaded plugin projectmanager (category:projectmanager,tabindex:3)
2023-11-29 20:56:49,917 [INFO] PluginManage:310 - Check plugin thirdparty
2023-11-29 20:56:50,318 [INFO] PluginManage:359 - Loaded plugin thirdparty (category:base,tabindex:-1)
2023-11-29 20:56:50,318 [INFO] PluginManage:310 - Check plugin tools
2023-11-29 20:56:50,318 [WARN] IntegrityCheckThread:84 - waiting for thirdparty lock release [integrity check]
2023-11-29 20:56:50,319 [INFO] IntegrityCheckThread:86 - entering critical section [integrity check]
2023-11-29 20:56:50,319 [INFO] ThirdPartyUpdaterWithRetryManager:70 - Updater plugin not ready yet. [1/15]
2023-11-29 20:56:50,374 [INFO] PluginManage:359 - Loaded plugin tools (category:base,tabindex:7)
2023-11-29 20:56:50,374 [INFO] PluginManage:310 - Check plugin tutovideos
2023-11-29 20:56:50,695 [INFO] PluginManage:359 - Loaded plugin tutovideos (category:base,tabindex:-1)
2023-11-29 20:56:50,696 [INFO] PluginManage:310 - Check plugin updater
2023-11-29 20:56:50,715 [INFO] PluginManage:359 - Loaded plugin updater (category:base,tabindex:12)
2023-11-29 20:56:50,716 [INFO] PluginManage:310 - Check plugin userauth
2023-11-29 20:56:50,726 [INFO] UserAuth:113 - Init User Auth plugin
2023-11-29 20:56:50,726 [INFO] PluginManage:359 - Loaded plugin userauth (category:base,tabindex:14)
2023-11-29 20:56:50,727 [INFO] PluginManage:283 - PluginManage : Loaded plugins [17]
2023-11-29 20:56:51,100 [INFO] PinOutPanel:1499 - setPackage(No Configuration,No Configuration)
2023-11-29 20:56:51,290 [INFO] CADModel:165 - CPN selected for project level
2023-11-29 20:56:51,291 [INFO] CADModel:114 - Register for checkConnection events
2023-11-29 20:56:51,342 [INFO] IPUIPlugin:80 - create IPUIPlugin
2023-11-29 20:56:51,342 [INFO] PluginManager:220 - loadIPPluginJar : add adc
2023-11-29 20:56:51,398 [INFO] IPUIPlugin:80 - create IPUIPlugin
2023-11-29 20:56:51,399 [INFO] PluginManager:220 - loadIPPluginJar : add aes
2023-11-29 20:56:51,469 [INFO] IPUIPlugin:80 - create IPUIPlugin
2023-11-29 20:56:51,469 [INFO] PluginManager:220 - loadIPPluginJar : add can
2023-11-29 20:56:51,508 [INFO] IPUIPlugin:80 - create IPUIPlugin
2023-11-29 20:56:51,508 [INFO] PluginManager:220 - loadIPPluginJar : add comp
2023-11-29 20:56:51,570 [INFO] IPUIPlugin:80 - create IPUIPlugin
2023-11-29 20:56:51,570 [INFO] PluginManager:220 - loadIPPluginJar : add cryp
2023-11-29 20:56:51,577 [INFO] IPUIPlugin:80 - create IPUIPlugin
2023-11-29 20:56:51,577 [INFO] PluginManager:220 - loadIPPluginJar : add dfsdm
2023-11-29 20:56:51,600 [INFO] IPUIPlugin:80 - create IPUIPlugin
2023-11-29 20:56:51,602 [INFO] PluginManager:220 - loadIPPluginJar : add dma
2023-11-29 20:56:51,677 [INFO] IPUIPlugin:80 - create IPUIPlugin
2023-11-29 20:56:51,677 [INFO] PluginManager:220 - loadIPPluginJar : add dma3
2023-11-29 20:56:51,720 [INFO] IPUIPlugin:80 - create IPUIPlugin
2023-11-29 20:56:51,720 [INFO] PluginManager:220 - loadIPPluginJar : add fatfs
2023-11-29 20:56:51,808 [INFO] IPUIPlugin:80 - create IPUIPlugin
2023-11-29 20:56:51,808 [INFO] PluginManager:220 - loadIPPluginJar : add fmc
2023-11-29 20:56:51,830 [INFO] IPUIPlugin:80 - create IPUIPlugin
2023-11-29 20:56:51,830 [INFO] PluginManager:220 - loadIPPluginJar : add freertos
2023-11-29 20:56:51,860 [INFO] IPUIPlugin:80 - create IPUIPlugin
2023-11-29 20:56:51,861 [INFO] PluginManager:220 - loadIPPluginJar : add genericplugin
2023-11-29 20:56:52,013 [INFO] IPUIPlugin:80 - create IPUIPlugin
2023-11-29 20:56:52,013 [INFO] PluginManager:220 - loadIPPluginJar : add gfxmmu
2023-11-29 20:56:52,215 [INFO] IPUIPlugin:80 - create IPUIPlugin
2023-11-29 20:56:52,215 [INFO] PluginManager:220 - loadIPPluginJar : add gic
2023-11-29 20:56:52,236 [INFO] IPUIPlugin:80 - create IPUIPlugin
2023-11-29 20:56:52,237 [INFO] PluginManager:220 - loadIPPluginJar : add gpio
2023-11-29 20:56:52,433 [INFO] IPUIPlugin:80 - create IPUIPlugin
2023-11-29 20:56:52,433 [INFO] PluginManager:220 - loadIPPluginJar : add gtzc
2023-11-29 20:56:52,461 [INFO] IPUIPlugin:80 - create IPUIPlugin
2023-11-29 20:56:52,461 [INFO] PluginManager:220 - loadIPPluginJar : add hash
2023-11-29 20:56:52,551 [INFO] IPUIPlugin:80 - create IPUIPlugin
2023-11-29 20:56:52,552 [INFO] PluginManager:220 - loadIPPluginJar : add i2c
2023-11-29 20:56:52,616 [INFO] IPUIPlugin:80 - create IPUIPlugin
2023-11-29 20:56:52,616 [INFO] PluginManager:220 - loadIPPluginJar : add i2s
2023-11-29 20:56:52,689 [INFO] IPUIPlugin:80 - create IPUIPlugin
2023-11-29 20:56:52,689 [INFO] PluginManager:220 - loadIPPluginJar : add i3c
2023-11-29 20:56:52,854 [INFO] IPUIPlugin:80 - create IPUIPlugin
2023-11-29 20:56:52,854 [INFO] PluginManager:220 - loadIPPluginJar : add ipddr
2023-11-29 20:56:53,002 [INFO] IPUIPlugin:80 - create IPUIPlugin
2023-11-29 20:56:53,002 [INFO] PluginManager:220 - loadIPPluginJar : add linkedlist
2023-11-29 20:56:53,060 [INFO] IPUIPlugin:80 - create IPUIPlugin
2023-11-29 20:56:53,060 [INFO] PluginManager:220 - loadIPPluginJar : add lorawan
2023-11-29 20:56:53,116 [INFO] IPUIPlugin:80 - create IPUIPlugin
2023-11-29 20:56:53,116 [INFO] PluginManager:220 - loadIPPluginJar : add ltdc
2023-11-29 20:56:53,142 [INFO] IPUIPlugin:80 - create IPUIPlugin
2023-11-29 20:56:53,142 [INFO] PluginManager:220 - loadIPPluginJar : add mdma
2023-11-29 20:56:53,160 [INFO] IPUIPlugin:80 - create IPUIPlugin
2023-11-29 20:56:53,160 [INFO] PluginManager:220 - loadIPPluginJar : add nvic
2023-11-29 20:56:53,215 [INFO] IPUIPlugin:80 - create IPUIPlugin
2023-11-29 20:56:53,216 [INFO] PluginManager:220 - loadIPPluginJar : add opamp
2023-11-29 20:56:53,315 [INFO] IPUIPlugin:80 - create IPUIPlugin
2023-11-29 20:56:53,315 [INFO] PluginManager:220 - loadIPPluginJar : add openamp
2023-11-29 20:56:53,320 [INFO] ThirdPartyUpdaterWithRetryManager:70 - Updater plugin not ready yet. [2/15]
2023-11-29 20:56:53,391 [INFO] IPUIPlugin:80 - create IPUIPlugin
2023-11-29 20:56:53,392 [INFO] PluginManager:220 - loadIPPluginJar : add pdm2pcm
2023-11-29 20:56:53,412 [INFO] IPUIPlugin:80 - create IPUIPlugin
2023-11-29 20:56:53,415 [INFO] PluginManager:220 - loadIPPluginJar : add plateformsettings
2023-11-29 20:56:53,419 [INFO] IPUIPlugin:80 - create IPUIPlugin
2023-11-29 20:56:53,419 [INFO] PluginManager:220 - loadIPPluginJar : add quadspi
2023-11-29 20:56:53,439 [INFO] IPUIPlugin:80 - create IPUIPlugin
2023-11-29 20:56:53,439 [INFO] PluginManager:220 - loadIPPluginJar : add resmgrutility
2023-11-29 20:56:53,512 [INFO] IPUIPlugin:80 - create IPUIPlugin
2023-11-29 20:56:53,512 [INFO] PluginManager:220 - loadIPPluginJar : add sai
2023-11-29 20:56:53,574 [INFO] IPUIPlugin:80 - create IPUIPlugin
2023-11-29 20:56:53,574 [INFO] PluginManager:220 - loadIPPluginJar : add spi
2023-11-29 20:56:53,662 [INFO] IPUIPlugin:80 - create IPUIPlugin
2023-11-29 20:56:53,662 [INFO] PluginManager:220 - loadIPPluginJar : add stm32_wpan
2023-11-29 20:56:53,699 [INFO] IPUIPlugin:80 - create IPUIPlugin
2023-11-29 20:56:53,699 [INFO] PluginManager:220 - loadIPPluginJar : add tim
2023-11-29 20:56:53,787 [INFO] IPUIPlugin:80 - create IPUIPlugin
2023-11-29 20:56:53,787 [INFO] PluginManager:220 - loadIPPluginJar : add touchsensing
2023-11-29 20:56:53,827 [INFO] IPUIPlugin:80 - create IPUIPlugin
2023-11-29 20:56:53,828 [INFO] PluginManager:220 - loadIPPluginJar : add tracer_emb
2023-11-29 20:56:53,862 [INFO] IPUIPlugin:80 - create IPUIPlugin
2023-11-29 20:56:53,862 [INFO] PluginManager:220 - loadIPPluginJar : add ts
2023-11-29 20:56:53,895 [INFO] IPUIPlugin:80 - create IPUIPlugin
2023-11-29 20:56:53,895 [INFO] PluginManager:220 - loadIPPluginJar : add tsc
2023-11-29 20:56:53,935 [INFO] IPUIPlugin:80 - create IPUIPlugin
2023-11-29 20:56:53,936 [INFO] PluginManager:220 - loadIPPluginJar : add ucpd
2023-11-29 20:56:54,000 [INFO] IPUIPlugin:80 - create IPUIPlugin
2023-11-29 20:56:54,000 [INFO] PluginManager:220 - loadIPPluginJar : add usart
2023-11-29 20:56:54,077 [INFO] IPUIPlugin:80 - create IPUIPlugin
2023-11-29 20:56:54,077 [INFO] PluginManager:220 - loadIPPluginJar : add usbx
2023-11-29 20:56:54,235 [INFO] CADModel:165 - CPN selected for project level
2023-11-29 20:56:54,235 [INFO] CADModel:114 - Register for checkConnection events
2023-11-29 20:56:54,237 [FATAL] Updater:308 - Updater called before beeing initialized
2023-11-29 20:56:54,237 [ERROR] CADModel:125 - Updater not yet initialized, retry later 
2023-11-29 20:56:54,456 [INFO] CADModel:165 - CPN selected for project level
2023-11-29 20:56:54,456 [INFO] CADModel:114 - Register for checkConnection events
2023-11-29 20:56:54,457 [FATAL] Updater:308 - Updater called before beeing initialized
2023-11-29 20:56:54,457 [ERROR] CADModel:125 - Updater not yet initialized, retry later 
2023-11-29 20:56:54,463 [FATAL] Updater:308 - Updater called before beeing initialized
2023-11-29 20:56:54,649 [FATAL] Updater:308 - Updater called before beeing initialized
2023-11-29 20:56:54,660 [INFO] DbMcusAds:53 - JSON generation date=Tue Mar 07 17:50:55 JST 2023 (1678179055114)
2023-11-29 20:56:54,660 [FATAL] Updater:308 - Updater called before beeing initialized
2023-11-29 20:56:54,790 [WARN] DetailPanel:346 - Failed to get advertising image, set to default
2023-11-29 20:56:55,004 [FATAL] Updater:308 - Updater called before beeing initialized
2023-11-29 20:56:55,008 [FATAL] Updater:308 - Updater called before beeing initialized
2023-11-29 20:56:55,008 [FATAL] Updater:308 - Updater called before beeing initialized
2023-11-29 20:56:55,009 [WARN] DetailPanel:346 - Failed to get advertising image, set to default
2023-11-29 20:56:55,010 [FATAL] Updater:308 - Updater called before beeing initialized
2023-11-29 20:56:55,096 [ERROR] Updater:1120 - MainUpdater not yet initialized. External WinMGr cannot be set.
2023-11-29 20:56:55,114 [INFO] Updater:1056 - Updater Version found : 6.9.1
2023-11-29 20:56:55,150 [INFO] ApplicationProperties:184 - Using Application install path: C:\ST\STM32CubeIDE_1.4.0\STM32CubeIDE\plugins\com.st.stm32cube.common.mx_6.9.1.202307191849
2023-11-29 20:56:55,390 [INFO] MainUpdater:2868 - connection check result : 10
2023-11-29 20:56:55,391 [INFO] MainUpdater:285 - Updater Check For Update Now.
2023-11-29 20:56:55,391 [INFO] MicroXplorer:498 - Change Database Version : DB.6.0.91
2023-11-29 20:56:55,418 [INFO] McuFinderGlobals:63 - Set McuFinder mode to 2 (CubeIDE integrated)
2023-11-29 20:56:55,418 [INFO] UserAuth:179 - activating auth plugin
2023-11-29 20:56:55,424 [INFO] UserAuth:393 - Internet connection configuration mode: 1
2023-11-29 20:56:55,458 [INFO] JxBrowserEngine:151 - Initiate JxBrowser Engine with user profile folder
2023-11-29 20:56:55,665 [INFO] CheckServerUpdateThread:120 - End of CheckServer Thread
2023-11-29 20:56:56,865 [WARN] PackLoader:240 - Cannot read IP mode file for STMicroelectronics.X-CUBE-SMBUS.2.1.0
2023-11-29 20:56:56,933 [INFO] WebApp:157 - Instantiating new browser for Auth
2023-11-29 20:56:56,940 [WARN] PackLoader:240 - Cannot read IP mode file for STMicroelectronics.X-CUBE-AZRTOS-F7.1.1.0
2023-11-29 20:56:56,978 [ERROR] RealEvaluatedCondition:428 - Found unsupported composite condition: CLASS='Data Exchange' GROUP='STM32_MetaDataManager'
2023-11-29 20:56:56,979 [ERROR] RealEvaluatedCondition:428 - Found unsupported composite condition: CLASS='Data Exchange' GROUP='STM32_MetaDataManager'
2023-11-29 20:56:56,989 [WARN] PackLoader:240 - Cannot read IP mode file for STMicroelectronics.FP-SNS-MOTENV1.4.3.0
2023-11-29 20:56:57,015 [WARN] PackLoader:240 - Cannot read IP mode file for STMicroelectronics.FP-SNS-MOTENV1.4.3.2
2023-11-29 20:56:57,029 [WARN] PackLoader:240 - Cannot read IP mode file for STMicroelectronics.FP-SNS-FLIGHT1.5.0.0
2023-11-29 20:56:57,043 [ERROR] RealEvaluatedCondition:428 - Found unsupported composite condition: CLASS='Data Exchange' GROUP='STM32_MetaDataManager'
2023-11-29 20:56:57,043 [ERROR] RealEvaluatedCondition:428 - Found unsupported composite condition: GROUP='STM32_MetaDataManager' CLASS='Data Exchange'
2023-11-29 20:56:57,046 [WARN] PackLoader:240 - Cannot read IP mode file for STMicroelectronics.FP-SNS-MOTENV1.4.3.1
2023-11-29 20:56:57,061 [WARN] PackLoader:240 - Cannot read IP mode file for STMicroelectronics.FP-SNS-FLIGHT1.5.0.1
2023-11-29 20:56:57,079 [WARN] PackLoader:240 - Cannot read IP mode file for STMicroelectronics.X-CUBE-BLE1.6.2.4
2023-11-29 20:56:57,091 [WARN] PackLoader:240 - Cannot read IP mode file for STMicroelectronics.FP-SNS-FLIGHT1.5.0.2
2023-11-29 20:56:57,111 [WARN] PackLoader:240 - Cannot read IP mode file for STMicroelectronics.X-CUBE-DISPLAY.3.0.0
2023-11-29 20:56:57,130 [WARN] PackLoader:240 - Cannot read IP mode file for STMicroelectronics.X-CUBE-BLE1.7.0.0
2023-11-29 20:56:57,143 [WARN] PackLoader:240 - Cannot read IP mode file for STMicroelectronics.X-CUBE-TOUCHGFX.4.22.0
2023-11-29 20:56:57,152 [WARN] PackLoader:240 - Cannot read IP mode file for STMicroelectronics.X-CUBE-TOUCHGFX.4.22.1
2023-11-29 20:56:57,162 [WARN] PackLoader:240 - Cannot read IP mode file for STMicroelectronics.FP-SNS-SMARTAG2.1.2.0
2023-11-29 20:56:57,192 [INFO] LogOutputStream:77 - [STDOUT_REDIRECT] 1 : Invalid condition id : UX_CORESTACK_Condition cause : null
2023-11-29 20:56:57,194 [INFO] LogOutputStream:77 - [STDOUT_REDIRECT] 1 : Invalid condition id : UX_CORESTACK_Condition cause : null
2023-11-29 20:56:57,198 [INFO] LogOutputStream:77 - [STDOUT_REDIRECT] 1 : Invalid condition id : UX_CORESTACK_Condition cause : null
2023-11-29 20:56:57,202 [INFO] LogOutputStream:77 - [STDOUT_REDIRECT] 1 : Invalid condition id : UX_CORESTACK_Condition cause : null
2023-11-29 20:56:57,205 [INFO] LogOutputStream:77 - [STDOUT_REDIRECT] 1 : Invalid condition id : UX_CORESTACK_Condition cause : null
2023-11-29 20:56:57,212 [WARN] PackLoader:240 - Cannot read IP mode file for STMicroelectronics.X-CUBE-AZRTOS-WL.2.0.0
2023-11-29 20:56:57,234 [WARN] PackLoader:240 - Cannot read IP mode file for WES.I-CUBE-Cesium.1.3.0
2023-11-29 20:56:57,245 [WARN] PackLoader:240 - Cannot read IP mode file for STMicroelectronics.X-CUBE-BLE2.3.3.0
2023-11-29 20:56:57,282 [WARN] PackLoader:240 - Cannot read IP mode file for STMicroelectronics.X-CUBE-TOF1.3.2.0
2023-11-29 20:56:57,309 [WARN] PackLoader:240 - Cannot read IP mode file for STMicroelectronics.X-CUBE-TOUCHGFX.4.21.1
2023-11-29 20:56:57,317 [WARN] PackLoader:240 - Cannot read IP mode file for STMicroelectronics.X-CUBE-TOUCHGFX.4.21.3
2023-11-29 20:56:57,323 [WARN] PackLoader:240 - Cannot read IP mode file for STMicroelectronics.X-CUBE-TOUCHGFX.4.21.4
2023-11-29 20:56:57,337 [WARN] PackLoader:240 - Cannot read IP mode file for STMicroelectronics.X-CUBE-ALGOBUILD.1.3.0
2023-11-29 20:56:57,379 [WARN] PackLoader:240 - Cannot read IP mode file for STMicroelectronics.X-CUBE-AZRTOS-G0.1.1.0
2023-11-29 20:56:57,400 [WARN] PackLoader:240 - Cannot read IP mode file for STMicroelectronics.X-CUBE-NFC4.3.0.0
2023-11-29 20:56:57,423 [WARN] PackLoader:240 - Cannot read IP mode file for STMicroelectronics.X-CUBE-BLEMGR.3.0.0
2023-11-29 20:56:57,442 [WARN] PackLoader:240 - Cannot read IP mode file for STMicroelectronics.FP-ATR-SIGFOX1.3.2.0
2023-11-29 20:56:57,576 [WARN] PackLoader:240 - Cannot read IP mode file for STMicroelectronics.X-CUBE-MEMS1.9.5.0
2023-11-29 20:56:57,977 [WARN] PackLoader:240 - Cannot read IP mode file for SEGGER.I-CUBE-embOS.1.3.1
2023-11-29 20:56:58,077 [WARN] PackLoader:240 - Cannot read IP mode file for STMicroelectronics.X-CUBE-GNSS1.6.0.0
2023-11-29 20:56:58,112 [WARN] PackLoader:240 - Cannot read IP mode file for STMicroelectronics.X-CUBE-AZRTOS-F4.1.1.0
2023-11-29 20:56:58,147 [WARN] PackLoader:240 - Cannot read IP mode file for STMicroelectronics.X-CUBE-AZRTOS-L5.2.0.0
2023-11-29 20:56:58,278 [WARN] PackLoader:240 - Cannot read IP mode file for STMicroelectronics.X-CUBE-MEMS1.9.6.0
2023-11-29 20:56:58,564 [WARN] PackLoader:240 - Cannot read IP mode file for STMicroelectronics.X-CUBE-EEPRMA1.4.2.0
2023-11-29 20:56:58,575 [WARN] PackLoader:240 - Cannot read IP mode file for ITTIA_DB.I-CUBE-ITTIADB.8.8.0
2023-11-29 20:56:58,588 [WARN] PackLoader:240 - Cannot read IP mode file for emotas.I-CUBE-CANOPEN.1.1.3
2023-11-29 20:56:58,604 [WARN] PackLoader:240 - Cannot read IP mode file for STMicroelectronics.X-CUBE-BLEMGR.2.0.0
2023-11-29 20:56:58,637 [WARN] ConditionMgr:438 - getConditionDescription Invalid condition id : UX DEVICE CLASS RTOS Condition cause : null
2023-11-29 20:56:58,637 [WARN] ConditionMgr:438 - getConditionDescription Invalid condition id : UX DEVICE CLASS RTOS Condition cause : null
2023-11-29 20:56:58,642 [WARN] PackLoader:240 - Cannot read IP mode file for STMicroelectronics.X-CUBE-AZRTOS-H7.3.1.0
2023-11-29 20:56:58,644 [WARN] ConditionMgr:1039 - genDependencies : Invalid condition id : UX DEVICE CLASS RTOS Condition cause : null
2023-11-29 20:56:58,645 [WARN] ConditionMgr:1039 - genDependencies : Invalid condition id : UX DEVICE CLASS RTOS Condition cause : null
2023-11-29 20:56:58,648 [WARN] ConditionMgr:1039 - genDependencies : Invalid condition id : UX DEVICE CLASS RTOS Condition cause : null
2023-11-29 20:56:58,649 [WARN] ConditionMgr:1039 - genDependencies : Invalid condition id : UX DEVICE CLASS RTOS Condition cause : null
2023-11-29 20:56:58,650 [WARN] ConditionMgr:1039 - genDependencies : Invalid condition id : UX DEVICE CLASS RTOS Condition cause : null
2023-11-29 20:56:58,660 [WARN] PackLoader:240 - Cannot read IP mode file for wolfSSL.I-CUBE-wolfSSL.5.5.4
2023-11-29 20:56:58,669 [WARN] PackLoader:240 - Cannot read IP mode file for STMicroelectronics.X-CUBE-NFC7.1.0.1
2023-11-29 20:56:58,677 [WARN] PackLoader:240 - Cannot read IP mode file for STMicroelectronics.X-CUBE-NFC7.1.0.0
2023-11-29 20:56:58,692 [WARN] PackLoader:240 - Cannot read IP mode file for STMicroelectronics.X-CUBE-NFC6.3.0.0
2023-11-29 20:56:58,704 [WARN] PackLoader:240 - Cannot read IP mode file for STMicroelectronics.X-CUBE-EEPRMA1.4.1.0
2023-11-29 20:56:58,713 [WARN] PackLoader:240 - Cannot read IP mode file for STMicroelectronics.X-CUBE-AI.8.1.0
2023-11-29 20:56:58,746 [WARN] ConditionMgr:438 - getConditionDescription Invalid condition id : LAN8742 Phy interface Condition cause : null
2023-11-29 20:56:58,749 [WARN] PackLoader:240 - Cannot read IP mode file for STMicroelectronics.X-CUBE-AZRTOS-L4.2.0.0
2023-11-29 20:56:58,751 [WARN] ConditionMgr:1039 - genDependencies : Invalid condition id : LAN8742 Phy interface Condition cause : null
2023-11-29 20:56:58,751 [WARN] ConditionMgr:1039 - genDependencies : Invalid condition id : LAN8742 Phy interface Condition cause : null
2023-11-29 20:56:58,752 [WARN] ConditionMgr:1039 - genDependencies : Invalid condition id : LAN8742 Phy interface Condition cause : null
2023-11-29 20:56:58,767 [WARN] PackLoader:240 - Cannot read IP mode file for STMicroelectronics.X-CUBE-SFXS2LP1.4.0.0
2023-11-29 20:56:58,806 [WARN] PackLoader:240 - Cannot read IP mode file for STMicroelectronics.X-CUBE-AZRTOS-H7.3.0.0
2023-11-29 20:56:58,819 [WARN] PackLoader:240 - Cannot read IP mode file for STMicroelectronics.X-CUBE-ISPU.1.1.0
2023-11-29 20:56:58,835 [WARN] PackLoader:240 - Cannot read IP mode file for RoweBots.I-CUBE-UNISONRTOS.5.5.0-4
2023-11-29 20:56:58,843 [WARN] PackLoader:240 - Cannot read IP mode file for STMicroelectronics.X-CUBE-AI.8.0.0
2023-11-29 20:56:58,866 [WARN] ConditionMgr:438 - getConditionDescription Invalid condition id : UX DEVICE CLASS RTOS Condition cause : null
2023-11-29 20:56:58,867 [WARN] ConditionMgr:438 - getConditionDescription Invalid condition id : UX DEVICE CLASS RTOS Condition cause : null
2023-11-29 20:56:58,871 [WARN] PackLoader:240 - Cannot read IP mode file for STMicroelectronics.X-CUBE-AZRTOS-WB.2.0.0
2023-11-29 20:56:58,872 [WARN] ConditionMgr:1039 - genDependencies : Invalid condition id : UX DEVICE CLASS RTOS Condition cause : null
2023-11-29 20:56:58,872 [WARN] ConditionMgr:1039 - genDependencies : Invalid condition id : UX DEVICE CLASS RTOS Condition cause : null
2023-11-29 20:56:58,873 [WARN] ConditionMgr:1039 - genDependencies : Invalid condition id : UX DEVICE CLASS RTOS Condition cause : null
2023-11-29 20:56:58,874 [WARN] ConditionMgr:1039 - genDependencies : Invalid condition id : UX DEVICE CLASS RTOS Condition cause : null
2023-11-29 20:56:58,874 [WARN] ConditionMgr:1039 - genDependencies : Invalid condition id : UX DEVICE CLASS RTOS Condition cause : null
2023-11-29 20:56:58,886 [WARN] PackLoader:240 - Cannot read IP mode file for STMicroelectronics.X-CUBE-FREERTOS.1.0.0
2023-11-29 20:56:58,901 [WARN] PackLoader:240 - Cannot read IP mode file for STMicroelectronics.X-CUBE-FREERTOS.1.0.1
2023-11-29 20:56:58,929 [WARN] PackLoader:240 - Cannot read IP mode file for STMicroelectronics.X-CUBE-AZRTOS-L5.1.1.0
2023-11-29 20:56:58,941 [WARN] PackLoader:240 - Cannot read IP mode file for STMicroelectronics.X-CUBE-AI.8.0.1
2023-11-29 20:56:58,960 [WARN] PackLoader:240 - Cannot read IP mode file for STMicroelectronics.X-CUBE-SUBG2.5.0.0
2023-11-29 20:56:58,989 [WARN] PackLoader:240 - Cannot read IP mode file for STMicroelectronics.X-CUBE-TOF1.3.3.1
2023-11-29 20:56:59,036 [WARN] PackLoader:240 - Cannot read IP mode file for STMicroelectronics.X-CUBE-AZRTOS-G4.2.0.0
2023-11-29 20:56:59,056 [WARN] PackLoader:240 - Cannot read IP mode file for STMicroelectronics.X-CUBE-TOF1.3.3.0
2023-11-29 20:56:59,076 [WARN] PackLoader:240 - Cannot read IP mode file for STMicroelectronics.FP-ATR-ASTRA1.1.1.1
2023-11-29 20:56:59,084 [INFO] WebApp:753 - Register for checkConnection events
2023-11-29 20:56:59,085 [INFO] WebApp:390 - Apply proxy settings
2023-11-29 20:56:59,085 [INFO] WebApp:475 - Chromium requires no authentication
2023-11-29 20:56:59,098 [WARN] PackLoader:240 - Cannot read IP mode file for Infineon.AIROC-Wi-Fi-Bluetooth-STM32.1.5.1
2023-11-29 20:56:59,104 [INFO] WebApp:418 - Direct internet connection detected
2023-11-29 20:56:59,111 [WARN] PackLoader:240 - Cannot read IP mode file for STMicroelectronics.FP-SNS-MOTENVWB1.1.3.0
2023-11-29 20:56:59,137 [WARN] PackLoader:240 - Cannot read IP mode file for STMicroelectronics.X-CUBE-AZRTOS-G4.1.0.0
2023-11-29 20:56:59,169 [WARN] PackLoader:240 - Cannot read IP mode file for STMicroelectronics.X-CUBE-AZRTOS-L4.1.0.0
2023-11-29 20:56:59,247 [WARN] PackLoader:240 - Cannot read IP mode file for STMicroelectronics.X-CUBE-MEMS1.10.0.0
2023-11-29 20:56:59,489 [WARN] PackLoader:240 - Cannot read IP mode file for STMicroelectronics.X-CUBE-FREERTOS.1.1.0
2023-11-29 20:56:59,507 [WARN] PackLoader:240 - Cannot read IP mode file for STMicroelectronics.X-CUBE-AZRTOS-WL.1.0.0
2023-11-29 20:56:59,523 [WARN] PackLoader:240 - Cannot read IP mode file for portGmbH.I-Cube-SoM-uGOAL.1.1.0
2023-11-29 20:56:59,532 [WARN] PackLoader:240 - Cannot read IP mode file for STMicroelectronics.X-CUBE-ALS.1.0.1
2023-11-29 20:56:59,556 [WARN] PackLoader:240 - Cannot read IP mode file for STMicroelectronics.X-CUBE-AZRTOS-WB.1.1.0
2023-11-29 20:56:59,565 [WARN] PackLoader:240 - Cannot read IP mode file for STMicroelectronics.FP-ATR-ASTRA1.2.0.0
2023-11-29 20:56:59,582 [WARN] PackLoader:240 - Cannot read IP mode file for STMicroelectronics.X-CUBE-TOF1.3.4.0
2023-11-29 20:56:59,604 [INFO] ThirdParty:978 - Integrity check success = true
2023-11-29 20:56:59,604 [INFO] IntegrityCheckThread:100 - exiting critical section [integrity check]
2023-11-29 20:56:59,604 [INFO] IntegrityCheckThread:103 - End integrity checks thread
2023-11-29 20:56:59,613 [INFO] WebApp:188 - Starting web application
2023-11-29 20:56:59,613 [INFO] WebApp:520 - Web application path used C:\ST\STM32CubeIDE_1.4.0\STM32CubeIDE\plugins\com.st.stm32cube.common.mx_6.9.1.202307191849\db\plugins\mcufinder\reactClient1\index.html
2023-11-29 21:38:32,504 [ERROR] LogOutputStream:75 - [STDERR_REDIRECT] SLF4J: Failed to load class "org.slf4j.impl.StaticLoggerBinder".
2023-11-29 21:38:32,505 [ERROR] LogOutputStream:75 - [STDERR_REDIRECT] SLF4J: Defaulting to no-operation (NOP) logger implementation
2023-11-29 21:38:32,511 [ERROR] LogOutputStream:75 - [STDERR_REDIRECT] SLF4J: See http://www.slf4j.org/codes.html#StaticLoggerBinder for further details.
2023-11-29 23:06:39,659 [ERROR] LogOutputStream:75 - [STDERR_REDIRECT] 
