2024-12-09 17:56:10,834 [INFO] Activator:176 - 


2024-12-09 17:56:10,872 [INFO] Activator:177 - !SESSION log4j initialized
2024-12-09 17:56:29,753 [INFO] LogOutputStream:77 - [STDOUT_REDIRECT] 
2024-12-09 17:56:39,214 [INFO] ApplicationProperties:184 - Using Application install path: C:\ST\STM32CubeIDE_1.4.0\STM32CubeIDE\plugins\com.st.stm32cube.common.mx_6.9.1.202307191849
2024-12-09 17:56:39,252 [INFO] DbMcusXml:78 - Set database path to: C:\ST\STM32CubeIDE_1.4.0\STM32CubeIDE\plugins\com.st.stm32cube.common.mx_6.9.1.202307191849\\db\/mcu/
2024-12-09 17:56:39,252 [INFO] ApiDb:274 - Set plugin database path to: C:\ST\STM32CubeIDE_1.4.0\STM32CubeIDE\plugins\com.st.stm32cube.common.mx_6.9.1.202307191849\\db\/plugins/boardmanager/
2024-12-09 17:56:39,253 [WARN] ApiDb:259 - Overriding images path with different value:  => C:\ST\STM32CubeIDE_1.4.0\STM32CubeIDE\plugins\com.st.stm32cube.common.mx_6.9.1.202307191849\\db\/plugins/mcufinder/images/
2024-12-09 17:56:39,274 [INFO] ApiDb:250 - Set database path to: C:\Users\Minh\.stmcufinder\plugins\mcufinder//mcu/
2024-12-09 17:56:39,276 [INFO] DbMcusAds:125 - Set database path to: C:\Users\Minh\.stmcufinder\plugins\mcufinder//mcu/
2024-12-09 17:56:39,279 [INFO] CrossReferenceDbSqlite:203 - Set database path to: C:\Users\Minh\.stmcufinder\plugins\mcufinder//mcu/cs/
2024-12-09 17:56:39,563 [INFO] RulesReader:64 - Compatibility file has been processed (293 Rules)
2024-12-09 17:56:39,764 [INFO] DbMcusXml:78 - Set database path to: C:\ST\STM32CubeIDE_1.4.0\STM32CubeIDE\plugins\com.st.stm32cube.common.mx_6.9.1.202307191849\\db\/mcu/
2024-12-09 17:56:39,764 [INFO] ApiDb:274 - Set plugin database path to: C:\ST\STM32CubeIDE_1.4.0\STM32CubeIDE\plugins\com.st.stm32cube.common.mx_6.9.1.202307191849\\db\/plugins/boardmanager/
2024-12-09 17:56:39,764 [INFO] ApiDb:261 - Set plugin images path to: C:\ST\STM32CubeIDE_1.4.0\STM32CubeIDE\plugins\com.st.stm32cube.common.mx_6.9.1.202307191849\\db\/plugins/mcufinder/images/
2024-12-09 17:56:39,765 [WARN] DbFile:41 - Overriding database path with different value: C:\Users\Minh\.stmcufinder\plugins\mcufinder/ => C:\Users\Minh\.stmcufinder\plugins\mcufinder
2024-12-09 17:56:39,765 [INFO] ApiDb:250 - Set database path to: C:\Users\Minh\.stmcufinder\plugins\mcufinder//mcu/
2024-12-09 17:56:39,766 [WARN] DbFile:41 - Overriding database path with different value: C:\Users\Minh\.stmcufinder\plugins\mcufinder/ => C:\Users\Minh\.stmcufinder\plugins\mcufinder
2024-12-09 17:56:39,766 [INFO] DbMcusAds:125 - Set database path to: C:\Users\Minh\.stmcufinder\plugins\mcufinder//mcu/
2024-12-09 17:56:39,766 [WARN] DbFile:41 - Overriding database path with different value: C:\Users\Minh\.stmcufinder\plugins\mcufinder/ => C:\Users\Minh\.stmcufinder\plugins\mcufinder
2024-12-09 17:56:39,766 [WARN] DbFile:41 - Overriding database path with different value: C:\Users\Minh\.stmcufinder\plugins\mcufinder/ => C:\Users\Minh\.stmcufinder\plugins\mcufinder
2024-12-09 17:56:39,766 [INFO] CrossReferenceDbSqlite:203 - Set database path to: C:\Users\Minh\.stmcufinder\plugins\mcufinder//mcu/cs/
2024-12-09 17:56:39,929 [INFO] MainPanel:262 - HeapMemory: 268435456
2024-12-09 17:56:40,112 [INFO] DbMcusXml:78 - Set database path to: C:\ST\STM32CubeIDE_1.4.0\STM32CubeIDE\plugins\com.st.stm32cube.common.mx_6.9.1.202307191849\\db\/mcu/
2024-12-09 17:56:40,113 [INFO] ApiDb:274 - Set plugin database path to: C:\ST\STM32CubeIDE_1.4.0\STM32CubeIDE\plugins\com.st.stm32cube.common.mx_6.9.1.202307191849\\db\/plugins/boardmanager/
2024-12-09 17:56:40,113 [INFO] ApiDb:261 - Set plugin images path to: C:\ST\STM32CubeIDE_1.4.0\STM32CubeIDE\plugins\com.st.stm32cube.common.mx_6.9.1.202307191849\\db\/plugins/mcufinder/images/
2024-12-09 17:56:40,114 [WARN] DbFile:41 - Overriding database path with different value: C:\Users\Minh\.stmcufinder\plugins\mcufinder/ => C:\Users\Minh\.stmcufinder\plugins\mcufinder
2024-12-09 17:56:40,114 [INFO] ApiDb:250 - Set database path to: C:\Users\Minh\.stmcufinder\plugins\mcufinder//mcu/
2024-12-09 17:56:40,114 [WARN] DbFile:41 - Overriding database path with different value: C:\Users\Minh\.stmcufinder\plugins\mcufinder/ => C:\Users\Minh\.stmcufinder\plugins\mcufinder
2024-12-09 17:56:40,115 [INFO] DbMcusAds:125 - Set database path to: C:\Users\Minh\.stmcufinder\plugins\mcufinder//mcu/
2024-12-09 17:56:40,115 [WARN] DbFile:41 - Overriding database path with different value: C:\Users\Minh\.stmcufinder\plugins\mcufinder/ => C:\Users\Minh\.stmcufinder\plugins\mcufinder
2024-12-09 17:56:40,115 [WARN] DbFile:41 - Overriding database path with different value: C:\Users\Minh\.stmcufinder\plugins\mcufinder/ => C:\Users\Minh\.stmcufinder\plugins\mcufinder
2024-12-09 17:56:40,115 [INFO] CrossReferenceDbSqlite:203 - Set database path to: C:\Users\Minh\.stmcufinder\plugins\mcufinder//mcu/cs/
2024-12-09 17:56:40,152 [INFO] ApplicationProperties:184 - Using Application install path: C:\ST\STM32CubeIDE_1.4.0\STM32CubeIDE\plugins\com.st.stm32cube.common.mx_6.9.1.202307191849
2024-12-09 17:56:40,155 [INFO] PluginManage:196 - Search for loadable plugins [exclusion list=, ]
2024-12-09 17:56:40,159 [INFO] PluginManage:310 - Check plugin analytics
2024-12-09 17:56:45,068 [INFO] AnalyticsPlugin:253 - Accepted Software Licenses: STM32CubeMX.6.0.0,STM32CubeMX.5.2.0
2024-12-09 17:56:45,069 [INFO] AnalyticsPlugin:255 - Accepted CMSIS Pack Licenses: 
2024-12-09 17:56:45,069 [INFO] AnalyticsPlugin:257 - Accepted Firmware Licenses: 
2024-12-09 17:56:45,074 [INFO] PluginManage:359 - Loaded plugin analytics (category:tool,tabindex:-1)
2024-12-09 17:56:45,075 [INFO] PluginManage:310 - Check plugin cadmodel
2024-12-09 17:56:45,085 [INFO] CADModel:105 - Init CAD model plugin
2024-12-09 17:56:45,085 [INFO] PluginManage:359 - Loaded plugin cadmodel (category:power,tabindex:5)
2024-12-09 17:56:45,086 [INFO] PluginManage:310 - Check plugin clock
2024-12-09 17:56:45,107 [INFO] PluginManage:359 - Loaded plugin clock (category:base,tabindex:2)
2024-12-09 17:56:45,107 [INFO] PluginManage:310 - Check plugin ddr
2024-12-09 17:56:45,113 [INFO] PluginManage:359 - Loaded plugin ddr (category:tool,tabindex:6)
2024-12-09 17:56:45,113 [INFO] PluginManage:310 - Check plugin filemanager
2024-12-09 17:56:45,355 [INFO] PluginManage:359 - Loaded plugin filemanager (category:base,tabindex:10)
2024-12-09 17:56:45,356 [INFO] PluginManage:310 - Check plugin ipmanager
2024-12-09 17:56:45,370 [INFO] PluginManage:359 - Loaded plugin ipmanager (category:base,tabindex:5)
2024-12-09 17:56:45,370 [INFO] PluginManage:310 - Check plugin lpbam
2024-12-09 17:56:45,385 [INFO] PluginManage:359 - Loaded plugin lpbam (category:base,tabindex:0)
2024-12-09 17:56:45,386 [INFO] PluginManage:310 - Check plugin memorymap
2024-12-09 17:56:45,411 [INFO] PluginManage:359 - Loaded plugin memorymap (category:base,tabindex:4)
2024-12-09 17:56:45,411 [INFO] PluginManage:310 - Check plugin pinoutandconfiguration
2024-12-09 17:56:45,425 [INFO] PluginManage:359 - Loaded plugin pinoutandconfiguration (category:base,tabindex:1)
2024-12-09 17:56:45,425 [INFO] PluginManage:310 - Check plugin pinoutconfig
2024-12-09 17:56:45,591 [WARN] SupportedApi:132 - Cannot load RTOS API schema: s4s-elt-must-match.1: The content of 'definitions' must match (annotation?, (simpleType | complexType)?, (unique | key | keyref)*)). A problem was found starting at: attribute.
2024-12-09 17:56:45,840 [INFO] PluginManage:359 - Loaded plugin pinoutconfig (category:base,tabindex:0)
2024-12-09 17:56:45,840 [INFO] PluginManage:310 - Check plugin power
2024-12-09 17:56:45,862 [INFO] PluginManage:359 - Loaded plugin power (category:power,tabindex:4)
2024-12-09 17:56:45,862 [INFO] PluginManage:310 - Check plugin projectmanager
2024-12-09 17:56:45,891 [INFO] PluginManage:359 - Loaded plugin projectmanager (category:projectmanager,tabindex:3)
2024-12-09 17:56:45,892 [INFO] PluginManage:310 - Check plugin thirdparty
2024-12-09 17:56:46,388 [INFO] PluginManage:359 - Loaded plugin thirdparty (category:base,tabindex:-1)
2024-12-09 17:56:46,388 [WARN] IntegrityCheckThread:84 - waiting for thirdparty lock release [integrity check]
2024-12-09 17:56:46,389 [INFO] IntegrityCheckThread:86 - entering critical section [integrity check]
2024-12-09 17:56:46,389 [INFO] PluginManage:310 - Check plugin tools
2024-12-09 17:56:46,390 [INFO] ThirdPartyUpdaterWithRetryManager:70 - Updater plugin not ready yet. [1/15]
2024-12-09 17:56:46,394 [INFO] PluginManage:359 - Loaded plugin tools (category:base,tabindex:7)
2024-12-09 17:56:46,394 [INFO] PluginManage:310 - Check plugin tutovideos
2024-12-09 17:56:46,731 [INFO] PluginManage:359 - Loaded plugin tutovideos (category:base,tabindex:-1)
2024-12-09 17:56:46,732 [INFO] PluginManage:310 - Check plugin updater
2024-12-09 17:56:46,754 [INFO] PluginManage:359 - Loaded plugin updater (category:base,tabindex:12)
2024-12-09 17:56:46,755 [INFO] PluginManage:310 - Check plugin userauth
2024-12-09 17:56:46,766 [INFO] UserAuth:113 - Init User Auth plugin
2024-12-09 17:56:46,766 [INFO] PluginManage:359 - Loaded plugin userauth (category:base,tabindex:14)
2024-12-09 17:56:46,767 [INFO] PluginManage:283 - PluginManage : Loaded plugins [17]
2024-12-09 17:56:47,197 [INFO] PinOutPanel:1499 - setPackage(No Configuration,No Configuration)
2024-12-09 17:56:47,442 [INFO] CADModel:165 - CPN selected for project level
2024-12-09 17:56:47,443 [INFO] CADModel:114 - Register for checkConnection events
2024-12-09 17:56:47,478 [INFO] IPUIPlugin:80 - create IPUIPlugin
2024-12-09 17:56:47,478 [INFO] PluginManager:220 - loadIPPluginJar : add adc
2024-12-09 17:56:47,485 [INFO] IPUIPlugin:80 - create IPUIPlugin
2024-12-09 17:56:47,485 [INFO] PluginManager:220 - loadIPPluginJar : add aes
2024-12-09 17:56:47,491 [INFO] IPUIPlugin:80 - create IPUIPlugin
2024-12-09 17:56:47,491 [INFO] PluginManager:220 - loadIPPluginJar : add can
2024-12-09 17:56:47,495 [INFO] IPUIPlugin:80 - create IPUIPlugin
2024-12-09 17:56:47,495 [INFO] PluginManager:220 - loadIPPluginJar : add comp
2024-12-09 17:56:47,501 [INFO] IPUIPlugin:80 - create IPUIPlugin
2024-12-09 17:56:47,501 [INFO] PluginManager:220 - loadIPPluginJar : add cryp
2024-12-09 17:56:47,506 [INFO] IPUIPlugin:80 - create IPUIPlugin
2024-12-09 17:56:47,506 [INFO] PluginManager:220 - loadIPPluginJar : add dfsdm
2024-12-09 17:56:47,519 [INFO] IPUIPlugin:80 - create IPUIPlugin
2024-12-09 17:56:47,521 [INFO] PluginManager:220 - loadIPPluginJar : add dma
2024-12-09 17:56:47,528 [INFO] IPUIPlugin:80 - create IPUIPlugin
2024-12-09 17:56:47,528 [INFO] PluginManager:220 - loadIPPluginJar : add dma3
2024-12-09 17:56:47,532 [INFO] IPUIPlugin:80 - create IPUIPlugin
2024-12-09 17:56:47,532 [INFO] PluginManager:220 - loadIPPluginJar : add fatfs
2024-12-09 17:56:47,569 [INFO] IPUIPlugin:80 - create IPUIPlugin
2024-12-09 17:56:47,569 [INFO] PluginManager:220 - loadIPPluginJar : add fmc
2024-12-09 17:56:47,583 [INFO] IPUIPlugin:80 - create IPUIPlugin
2024-12-09 17:56:47,584 [INFO] PluginManager:220 - loadIPPluginJar : add freertos
2024-12-09 17:56:47,587 [INFO] IPUIPlugin:80 - create IPUIPlugin
2024-12-09 17:56:47,588 [INFO] PluginManager:220 - loadIPPluginJar : add genericplugin
2024-12-09 17:56:47,593 [INFO] IPUIPlugin:80 - create IPUIPlugin
2024-12-09 17:56:47,593 [INFO] PluginManager:220 - loadIPPluginJar : add gfxmmu
2024-12-09 17:56:47,604 [INFO] IPUIPlugin:80 - create IPUIPlugin
2024-12-09 17:56:47,605 [INFO] PluginManager:220 - loadIPPluginJar : add gic
2024-12-09 17:56:47,625 [INFO] IPUIPlugin:80 - create IPUIPlugin
2024-12-09 17:56:47,626 [INFO] PluginManager:220 - loadIPPluginJar : add gpio
2024-12-09 17:56:47,633 [INFO] IPUIPlugin:80 - create IPUIPlugin
2024-12-09 17:56:47,634 [INFO] PluginManager:220 - loadIPPluginJar : add gtzc
2024-12-09 17:56:47,639 [INFO] IPUIPlugin:80 - create IPUIPlugin
2024-12-09 17:56:47,640 [INFO] PluginManager:220 - loadIPPluginJar : add hash
2024-12-09 17:56:47,647 [INFO] IPUIPlugin:80 - create IPUIPlugin
2024-12-09 17:56:47,647 [INFO] PluginManager:220 - loadIPPluginJar : add i2c
2024-12-09 17:56:47,653 [INFO] IPUIPlugin:80 - create IPUIPlugin
2024-12-09 17:56:47,653 [INFO] PluginManager:220 - loadIPPluginJar : add i2s
2024-12-09 17:56:47,660 [INFO] IPUIPlugin:80 - create IPUIPlugin
2024-12-09 17:56:47,660 [INFO] PluginManager:220 - loadIPPluginJar : add i3c
2024-12-09 17:56:47,911 [INFO] IPUIPlugin:80 - create IPUIPlugin
2024-12-09 17:56:47,911 [INFO] PluginManager:220 - loadIPPluginJar : add ipddr
2024-12-09 17:56:47,927 [INFO] IPUIPlugin:80 - create IPUIPlugin
2024-12-09 17:56:47,927 [INFO] PluginManager:220 - loadIPPluginJar : add linkedlist
2024-12-09 17:56:47,933 [INFO] IPUIPlugin:80 - create IPUIPlugin
2024-12-09 17:56:47,934 [INFO] PluginManager:220 - loadIPPluginJar : add lorawan
2024-12-09 17:56:47,937 [INFO] IPUIPlugin:80 - create IPUIPlugin
2024-12-09 17:56:47,937 [INFO] PluginManager:220 - loadIPPluginJar : add ltdc
2024-12-09 17:56:47,949 [INFO] IPUIPlugin:80 - create IPUIPlugin
2024-12-09 17:56:47,949 [INFO] PluginManager:220 - loadIPPluginJar : add mdma
2024-12-09 17:56:47,956 [INFO] IPUIPlugin:80 - create IPUIPlugin
2024-12-09 17:56:47,956 [INFO] PluginManager:220 - loadIPPluginJar : add nvic
2024-12-09 17:56:47,962 [INFO] IPUIPlugin:80 - create IPUIPlugin
2024-12-09 17:56:47,962 [INFO] PluginManager:220 - loadIPPluginJar : add opamp
2024-12-09 17:56:47,969 [INFO] IPUIPlugin:80 - create IPUIPlugin
2024-12-09 17:56:47,970 [INFO] PluginManager:220 - loadIPPluginJar : add openamp
2024-12-09 17:56:47,977 [INFO] IPUIPlugin:80 - create IPUIPlugin
2024-12-09 17:56:47,977 [INFO] PluginManager:220 - loadIPPluginJar : add pdm2pcm
2024-12-09 17:56:47,991 [INFO] IPUIPlugin:80 - create IPUIPlugin
2024-12-09 17:56:47,995 [INFO] PluginManager:220 - loadIPPluginJar : add plateformsettings
2024-12-09 17:56:47,998 [INFO] IPUIPlugin:80 - create IPUIPlugin
2024-12-09 17:56:47,998 [INFO] PluginManager:220 - loadIPPluginJar : add quadspi
2024-12-09 17:56:48,006 [INFO] IPUIPlugin:80 - create IPUIPlugin
2024-12-09 17:56:48,006 [INFO] PluginManager:220 - loadIPPluginJar : add resmgrutility
2024-12-09 17:56:48,012 [INFO] IPUIPlugin:80 - create IPUIPlugin
2024-12-09 17:56:48,012 [INFO] PluginManager:220 - loadIPPluginJar : add sai
2024-12-09 17:56:48,018 [INFO] IPUIPlugin:80 - create IPUIPlugin
2024-12-09 17:56:48,018 [INFO] PluginManager:220 - loadIPPluginJar : add spi
2024-12-09 17:56:48,028 [INFO] IPUIPlugin:80 - create IPUIPlugin
2024-12-09 17:56:48,028 [INFO] PluginManager:220 - loadIPPluginJar : add stm32_wpan
2024-12-09 17:56:48,032 [INFO] IPUIPlugin:80 - create IPUIPlugin
2024-12-09 17:56:48,032 [INFO] PluginManager:220 - loadIPPluginJar : add tim
2024-12-09 17:56:48,038 [INFO] IPUIPlugin:80 - create IPUIPlugin
2024-12-09 17:56:48,038 [INFO] PluginManager:220 - loadIPPluginJar : add touchsensing
2024-12-09 17:56:48,042 [INFO] IPUIPlugin:80 - create IPUIPlugin
2024-12-09 17:56:48,042 [INFO] PluginManager:220 - loadIPPluginJar : add tracer_emb
2024-12-09 17:56:48,045 [INFO] IPUIPlugin:80 - create IPUIPlugin
2024-12-09 17:56:48,045 [INFO] PluginManager:220 - loadIPPluginJar : add ts
2024-12-09 17:56:48,049 [INFO] IPUIPlugin:80 - create IPUIPlugin
2024-12-09 17:56:48,049 [INFO] PluginManager:220 - loadIPPluginJar : add tsc
2024-12-09 17:56:48,052 [INFO] IPUIPlugin:80 - create IPUIPlugin
2024-12-09 17:56:48,052 [INFO] PluginManager:220 - loadIPPluginJar : add ucpd
2024-12-09 17:56:48,058 [INFO] IPUIPlugin:80 - create IPUIPlugin
2024-12-09 17:56:48,058 [INFO] PluginManager:220 - loadIPPluginJar : add usart
2024-12-09 17:56:48,065 [INFO] IPUIPlugin:80 - create IPUIPlugin
2024-12-09 17:56:48,065 [INFO] PluginManager:220 - loadIPPluginJar : add usbx
2024-12-09 17:56:48,238 [INFO] CADModel:165 - CPN selected for project level
2024-12-09 17:56:48,238 [INFO] CADModel:114 - Register for checkConnection events
2024-12-09 17:56:48,239 [FATAL] Updater:308 - Updater called before beeing initialized
2024-12-09 17:56:48,239 [ERROR] CADModel:125 - Updater not yet initialized, retry later 
2024-12-09 17:56:48,502 [INFO] CADModel:165 - CPN selected for project level
2024-12-09 17:56:48,503 [INFO] CADModel:114 - Register for checkConnection events
2024-12-09 17:56:48,503 [FATAL] Updater:308 - Updater called before beeing initialized
2024-12-09 17:56:48,503 [ERROR] CADModel:125 - Updater not yet initialized, retry later 
2024-12-09 17:56:48,510 [FATAL] Updater:308 - Updater called before beeing initialized
2024-12-09 17:56:48,724 [FATAL] Updater:308 - Updater called before beeing initialized
2024-12-09 17:56:48,740 [INFO] DbMcusAds:53 - JSON generation date=Fri Sep 20 22:04:23 JST 2024 (1726837463113)
2024-12-09 17:56:48,740 [FATAL] Updater:308 - Updater called before beeing initialized
2024-12-09 17:56:48,813 [WARN] DetailPanel:346 - Failed to get advertising image, set to default
2024-12-09 17:56:49,002 [FATAL] Updater:308 - Updater called before beeing initialized
2024-12-09 17:56:49,005 [FATAL] Updater:308 - Updater called before beeing initialized
2024-12-09 17:56:49,006 [FATAL] Updater:308 - Updater called before beeing initialized
2024-12-09 17:56:49,006 [WARN] DetailPanel:346 - Failed to get advertising image, set to default
2024-12-09 17:56:49,007 [FATAL] Updater:308 - Updater called before beeing initialized
2024-12-09 17:56:49,130 [ERROR] Updater:1120 - MainUpdater not yet initialized. External WinMGr cannot be set.
2024-12-09 17:56:49,154 [INFO] Updater:1056 - Updater Version found : 6.9.1
2024-12-09 17:56:49,192 [INFO] ApplicationProperties:184 - Using Application install path: C:\ST\STM32CubeIDE_1.4.0\STM32CubeIDE\plugins\com.st.stm32cube.common.mx_6.9.1.202307191849
2024-12-09 17:56:49,391 [INFO] ThirdPartyUpdaterWithRetryManager:70 - Updater plugin not ready yet. [2/15]
2024-12-09 17:56:49,455 [INFO] MainUpdater:2868 - connection check result : 10
2024-12-09 17:56:49,457 [INFO] MainUpdater:285 - Updater Check For Update Now.
2024-12-09 17:56:49,457 [INFO] MicroXplorer:498 - Change Database Version : DB.6.0.91
2024-12-09 17:56:49,472 [INFO] McuFinderGlobals:63 - Set McuFinder mode to 2 (CubeIDE integrated)
2024-12-09 17:56:49,473 [INFO] UserAuth:179 - activating auth plugin
2024-12-09 17:56:49,479 [INFO] UserAuth:393 - Internet connection configuration mode: 1
2024-12-09 17:56:49,537 [INFO] JxBrowserEngine:151 - Initiate JxBrowser Engine with user profile folder
2024-12-09 17:56:49,783 [INFO] CheckServerUpdateThread:120 - End of CheckServer Thread
2024-12-09 17:56:51,149 [INFO] WebApp:157 - Instantiating new browser for Auth
2024-12-09 17:56:52,370 [INFO] WebApp:753 - Register for checkConnection events
2024-12-09 17:56:52,370 [INFO] WebApp:390 - Apply proxy settings
2024-12-09 17:56:52,370 [INFO] WebApp:475 - Chromium requires no authentication
2024-12-09 17:56:52,385 [INFO] WebApp:418 - Direct internet connection detected
2024-12-09 17:56:52,841 [INFO] WebApp:188 - Starting web application
2024-12-09 17:56:52,841 [INFO] WebApp:520 - Web application path used C:\ST\STM32CubeIDE_1.4.0\STM32CubeIDE\plugins\com.st.stm32cube.common.mx_6.9.1.202307191849\db\plugins\mcufinder\reactClient1\index.html
2024-12-09 17:56:53,021 [WARN] PackLoader:240 - Cannot read IP mode file for STMicroelectronics.FP-SNS-MOTENVWB1.1.4.0
2024-12-09 17:56:53,037 [WARN] PackLoader:240 - Cannot read IP mode file for STMicroelectronics.FP-ATR-ASTRA1.2.0.1
2024-12-09 17:56:53,061 [WARN] PackLoader:240 - Cannot read IP mode file for STMicroelectronics.X-CUBE-SMBUS.2.1.0
2024-12-09 17:56:53,083 [WARN] PackLoader:240 - Cannot read IP mode file for STMicroelectronics.X-CUBE-WB05N.1.1.0
2024-12-09 17:56:53,096 [WARN] PackLoader:240 - Cannot read IP mode file for STMicroelectronics.X-CUBE-TOUCHGFX.4.23.0
2024-12-09 17:56:53,103 [WARN] PackLoader:240 - Cannot read IP mode file for STMicroelectronics.X-CUBE-TOUCHGFX.4.23.2
2024-12-09 17:56:53,208 [WARN] PackLoader:240 - Cannot read IP mode file for STMicroelectronics.X-CUBE-AZRTOS-F7.1.1.0
2024-12-09 17:56:53,241 [ERROR] RealEvaluatedCondition:428 - Found unsupported composite condition: CLASS='Data Exchange' GROUP='STM32_MetaDataManager'
2024-12-09 17:56:53,241 [ERROR] RealEvaluatedCondition:428 - Found unsupported composite condition: GROUP='STM32_MetaDataManager' CLASS='Data Exchange'
2024-12-09 17:56:53,245 [WARN] PackLoader:240 - Cannot read IP mode file for STMicroelectronics.FP-SNS-MOTENV1.4.3.0
2024-12-09 17:56:53,266 [WARN] PackLoader:240 - Cannot read IP mode file for STMicroelectronics.FP-SNS-MOTENV1.4.3.2
2024-12-09 17:56:53,289 [WARN] PackLoader:240 - Cannot read IP mode file for STMicroelectronics.FP-SNS-FLIGHT1.5.0.0
2024-12-09 17:56:53,300 [ERROR] RealEvaluatedCondition:428 - Found unsupported composite condition: GROUP='STM32_MetaDataManager' CLASS='Data Exchange'
2024-12-09 17:56:53,300 [ERROR] RealEvaluatedCondition:428 - Found unsupported composite condition: GROUP='STM32_MetaDataManager' CLASS='Data Exchange'
2024-12-09 17:56:53,304 [WARN] PackLoader:240 - Cannot read IP mode file for STMicroelectronics.FP-SNS-MOTENV1.4.3.1
2024-12-09 17:56:53,321 [WARN] PackLoader:240 - Cannot read IP mode file for STMicroelectronics.FP-SNS-FLIGHT1.5.0.1
2024-12-09 17:56:53,585 [WARN] PackLoader:240 - Cannot read IP mode file for STMicroelectronics.X-CUBE-MEMS1.11.0.0
2024-12-09 17:56:54,051 [WARN] PackLoader:240 - Cannot read IP mode file for STMicroelectronics.X-CUBE-BLE1.6.2.4
2024-12-09 17:56:54,062 [WARN] PackLoader:240 - Cannot read IP mode file for STMicroelectronics.FP-SNS-FLIGHT1.5.0.2
2024-12-09 17:56:54,086 [WARN] PackLoader:240 - Cannot read IP mode file for STMicroelectronics.X-CUBE-DISPLAY.3.0.0
2024-12-09 17:56:54,112 [WARN] PackLoader:240 - Cannot read IP mode file for STMicroelectronics.X-CUBE-BLE1.7.0.0
2024-12-09 17:56:54,129 [WARN] PackLoader:240 - Cannot read IP mode file for STMicroelectronics.X-CUBE-NFC10.1.0.0
2024-12-09 17:56:54,149 [ERROR] Engine:466 - C:\Users\Minh\.stm32cubemx\thirdparties\pdsc\STMicroelectronics.X-CUBE-BLEMGR.4.0.0.pdsc: PDSC version is not supported
2024-12-09 17:56:54,155 [WARN] PackLoader:240 - Cannot read IP mode file for STMicroelectronics.X-CUBE-TOUCHGFX.4.22.0
2024-12-09 17:56:54,164 [WARN] PackLoader:240 - Cannot read IP mode file for STMicroelectronics.X-CUBE-TOUCHGFX.4.22.1
2024-12-09 17:56:54,189 [WARN] PackLoader:240 - Cannot read IP mode file for STMicroelectronics.X-CUBE-BLEMGR.3.1.0
2024-12-09 17:56:54,211 [WARN] PackLoader:240 - Cannot read IP mode file for STMicroelectronics.FP-SNS-SMARTAG2.1.2.0
2024-12-09 17:56:54,237 [INFO] LogOutputStream:77 - [STDOUT_REDIRECT] 1 : Invalid condition id : UX_CORESTACK_Condition cause : null
2024-12-09 17:56:54,239 [INFO] LogOutputStream:77 - [STDOUT_REDIRECT] 1 : Invalid condition id : UX_CORESTACK_Condition cause : null
2024-12-09 17:56:54,246 [INFO] LogOutputStream:77 - [STDOUT_REDIRECT] 1 : Invalid condition id : UX_CORESTACK_Condition cause : null
2024-12-09 17:56:54,252 [INFO] LogOutputStream:77 - [STDOUT_REDIRECT] 1 : Invalid condition id : UX_CORESTACK_Condition cause : null
2024-12-09 17:56:54,256 [INFO] LogOutputStream:77 - [STDOUT_REDIRECT] 1 : Invalid condition id : UX_CORESTACK_Condition cause : null
2024-12-09 17:56:54,267 [WARN] PackLoader:240 - Cannot read IP mode file for STMicroelectronics.X-CUBE-AZRTOS-WL.2.0.0
2024-12-09 17:56:54,283 [WARN] PackLoader:240 - Cannot read IP mode file for STMicroelectronics.FP-SNS-MOTENV1.5.0.0
2024-12-09 17:56:54,296 [WARN] PackLoader:240 - Cannot read IP mode file for wolfSSL.I-CUBE-wolfMQTT.1.19.0
2024-12-09 17:56:54,317 [WARN] PackLoader:240 - Cannot read IP mode file for WES.I-CUBE-Cesium.1.3.0
2024-12-09 17:56:54,330 [WARN] PackLoader:240 - Cannot read IP mode file for STMicroelectronics.X-CUBE-BLE2.3.3.0
2024-12-09 17:56:54,356 [WARN] PackLoader:240 - Cannot read IP mode file for STMicroelectronics.X-CUBE-TOF1.3.2.0
2024-12-09 17:56:54,389 [WARN] PackLoader:240 - Cannot read IP mode file for STMicroelectronics.X-CUBE-NFC9.1.0.0
2024-12-09 17:56:54,418 [WARN] PackLoader:240 - Cannot read IP mode file for STMicroelectronics.X-CUBE-TCPP.4.1.0
2024-12-09 17:56:54,428 [WARN] PackLoader:240 - Cannot read IP mode file for STMicroelectronics.X-CUBE-TOUCHGFX.4.21.1
2024-12-09 17:56:54,436 [WARN] PackLoader:240 - Cannot read IP mode file for STMicroelectronics.X-CUBE-TOUCHGFX.4.21.3
2024-12-09 17:56:54,450 [WARN] PackLoader:240 - Cannot read IP mode file for STMicroelectronics.X-CUBE-TOUCHGFX.4.21.4
2024-12-09 17:56:54,468 [WARN] PackLoader:240 - Cannot read IP mode file for STMicroelectronics.X-CUBE-ALGOBUILD.1.3.0
2024-12-09 17:56:54,514 [WARN] PackLoader:240 - Cannot read IP mode file for STMicroelectronics.X-CUBE-AZRTOS-G0.1.1.0
2024-12-09 17:56:54,537 [WARN] PackLoader:240 - Cannot read IP mode file for STMicroelectronics.X-CUBE-SAFEA1.1.2.2
2024-12-09 17:56:54,550 [WARN] PackLoader:240 - Cannot read IP mode file for STMicroelectronics.X-CUBE-NFC4.3.0.0
2024-12-09 17:56:54,558 [ERROR] Engine:466 - C:\Users\Minh\.stm32cubemx\thirdparties\pdsc\EmbeddedOffice.I-CUBE-FS-RTOS.1.0.1.pdsc: PDSC version is not supported
2024-12-09 17:56:54,600 [WARN] PackLoader:240 - Cannot read IP mode file for STMicroelectronics.X-CUBE-BLEMGR.3.0.0
2024-12-09 17:56:54,610 [ERROR] Engine:466 - C:\Users\Minh\.stm32cubemx\thirdparties\pdsc\RealThread.X-CUBE-RT-Thread_Nano.4.1.1.pdsc: PDSC version is not supported
2024-12-09 17:56:54,620 [WARN] PackLoader:240 - Cannot read IP mode file for STMicroelectronics.FP-ATR-SIGFOX1.3.2.0
2024-12-09 17:56:54,624 [ERROR] Engine:466 - C:\Users\Minh\.stm32cubemx\thirdparties\pdsc\quantropi.X-CUBE-qispace-sdk-base.1.9.3.pdsc: PDSC version is not supported
2024-12-09 17:56:54,636 [WARN] PackLoader:240 - Cannot read IP mode file for STMicroelectronics.X-CUBE-EEPRMA1.5.1.0
2024-12-09 17:56:54,742 [WARN] PackLoader:240 - Cannot read IP mode file for STMicroelectronics.X-CUBE-MEMS1.9.5.0
2024-12-09 17:56:55,147 [WARN] PackLoader:240 - Cannot read IP mode file for SEGGER.I-CUBE-embOS.1.3.1
2024-12-09 17:56:55,260 [WARN] PackLoader:240 - Cannot read IP mode file for STMicroelectronics.X-CUBE-ALGOBUILD.1.4.0
2024-12-09 17:56:55,272 [WARN] PackLoader:240 - Cannot read IP mode file for STMicroelectronics.X-CUBE-AI.9.1.0
2024-12-09 17:56:55,282 [WARN] PackLoader:240 - Cannot read IP mode file for STMicroelectronics.X-CUBE-GNSS1.6.0.0
2024-12-09 17:56:55,322 [WARN] PackLoader:240 - Cannot read IP mode file for STMicroelectronics.X-CUBE-AZRTOS-F4.1.1.0
2024-12-09 17:56:55,336 [WARN] PackLoader:240 - Cannot read IP mode file for STMicroelectronics.X-CUBE-ISPU.2.1.0
2024-12-09 17:56:55,348 [WARN] PackLoader:240 - Cannot read IP mode file for STMicroelectronics.X-CUBE-FREERTOS.1.2.0
2024-12-09 17:56:55,410 [WARN] PackLoader:240 - Cannot read IP mode file for STMicroelectronics.X-CUBE-AZRTOS-L5.2.0.0
2024-12-09 17:56:55,517 [WARN] PackLoader:240 - Cannot read IP mode file for STMicroelectronics.X-CUBE-MEMS1.9.6.0
2024-12-09 17:56:55,906 [WARN] PackLoader:240 - Cannot read IP mode file for STMicroelectronics.X-CUBE-EEPRMA1.4.2.0
2024-12-09 17:56:55,924 [WARN] PackLoader:240 - Cannot read IP mode file for STMicroelectronics.X-CUBE-NFC6.3.1.0
2024-12-09 17:56:55,942 [WARN] PackLoader:240 - Cannot read IP mode file for ITTIA_DB.I-CUBE-ITTIADB.8.8.0
2024-12-09 17:56:55,962 [WARN] PackLoader:240 - Cannot read IP mode file for emotas.I-CUBE-CANOPEN.1.1.3
2024-12-09 17:56:55,982 [WARN] PackLoader:240 - Cannot read IP mode file for STMicroelectronics.X-CUBE-BLEMGR.2.0.0
2024-12-09 17:56:55,991 [ERROR] Engine:466 - C:\Users\Minh\.stm32cubemx\thirdparties\pdsc\STMicroelectronics.X-CUBE-DPower.1.2.0.pdsc: PDSC version is not supported
2024-12-09 17:56:55,998 [WARN] PackLoader:240 - Cannot read IP mode file for STMicroelectronics.X-CUBE-AI.9.0.0
2024-12-09 17:56:56,057 [WARN] ConditionMgr:438 - getConditionDescription Invalid condition id : UX DEVICE CLASS RTOS Condition cause : null
2024-12-09 17:56:56,057 [WARN] ConditionMgr:438 - getConditionDescription Invalid condition id : UX DEVICE CLASS RTOS Condition cause : null
2024-12-09 17:56:56,073 [WARN] PackLoader:240 - Cannot read IP mode file for STMicroelectronics.X-CUBE-AZRTOS-H7.3.1.0
2024-12-09 17:56:56,075 [WARN] ConditionMgr:1039 - genDependencies : Invalid condition id : UX DEVICE CLASS RTOS Condition cause : null
2024-12-09 17:56:56,076 [WARN] ConditionMgr:1039 - genDependencies : Invalid condition id : UX DEVICE CLASS RTOS Condition cause : null
2024-12-09 17:56:56,085 [WARN] ConditionMgr:1039 - genDependencies : Invalid condition id : UX DEVICE CLASS RTOS Condition cause : null
2024-12-09 17:56:56,086 [WARN] ConditionMgr:1039 - genDependencies : Invalid condition id : UX DEVICE CLASS RTOS Condition cause : null
2024-12-09 17:56:56,087 [WARN] ConditionMgr:1039 - genDependencies : Invalid condition id : UX DEVICE CLASS RTOS Condition cause : null
2024-12-09 17:56:56,108 [WARN] PackLoader:240 - Cannot read IP mode file for wolfSSL.I-CUBE-wolfSSL.5.5.4
2024-12-09 17:56:56,133 [WARN] PackLoader:240 - Cannot read IP mode file for STMicroelectronics.X-CUBE-NFC7.1.0.1
2024-12-09 17:56:56,147 [WARN] PackLoader:240 - Cannot read IP mode file for STMicroelectronics.X-CUBE-NFC7.1.0.0
2024-12-09 17:56:56,159 [WARN] PackLoader:240 - Cannot read IP mode file for wolfSSL.I-CUBE-wolfTPM.3.2.0
2024-12-09 17:56:56,175 [WARN] PackLoader:240 - Cannot read IP mode file for STMicroelectronics.X-CUBE-NFC6.3.0.0
2024-12-09 17:56:56,193 [WARN] PackLoader:240 - Cannot read IP mode file for STMicroelectronics.X-CUBE-EEPRMA1.4.1.0
2024-12-09 17:56:56,204 [WARN] PackLoader:240 - Cannot read IP mode file for STMicroelectronics.X-CUBE-AI.8.1.0
2024-12-09 17:56:56,268 [WARN] ConditionMgr:438 - getConditionDescription Invalid condition id : LAN8742 Phy interface Condition cause : null
2024-12-09 17:56:56,272 [WARN] PackLoader:240 - Cannot read IP mode file for STMicroelectronics.X-CUBE-AZRTOS-L4.2.0.0
2024-12-09 17:56:56,275 [WARN] ConditionMgr:1039 - genDependencies : Invalid condition id : LAN8742 Phy interface Condition cause : null
2024-12-09 17:56:56,276 [WARN] ConditionMgr:1039 - genDependencies : Invalid condition id : LAN8742 Phy interface Condition cause : null
2024-12-09 17:56:56,277 [WARN] ConditionMgr:1039 - genDependencies : Invalid condition id : LAN8742 Phy interface Condition cause : null
2024-12-09 17:56:56,294 [WARN] PackLoader:240 - Cannot read IP mode file for STMicroelectronics.X-CUBE-SFXS2LP1.4.0.0
2024-12-09 17:56:56,359 [WARN] PackLoader:240 - Cannot read IP mode file for STMicroelectronics.X-CUBE-AZRTOS-H7.3.0.0
2024-12-09 17:56:56,377 [WARN] PackLoader:240 - Cannot read IP mode file for STMicroelectronics.X-CUBE-ISPU.1.1.0
2024-12-09 17:56:56,440 [WARN] PackLoader:240 - Cannot read IP mode file for STMicroelectronics.X-CUBE-AZRTOS-H7.3.3.0
2024-12-09 17:56:56,465 [WARN] PackLoader:240 - Cannot read IP mode file for RoweBots.I-CUBE-UNISONRTOS.5.5.0-4
2024-12-09 17:56:56,473 [WARN] PackLoader:240 - Cannot read IP mode file for STMicroelectronics.X-CUBE-AI.8.0.0
2024-12-09 17:56:56,485 [ERROR] Engine:466 - C:\Users\Minh\.stm32cubemx\thirdparties\pdsc\STMicroelectronics.X-CUBE-IPS.3.0.0.pdsc: PDSC version is not supported
2024-12-09 17:56:56,516 [WARN] ConditionMgr:438 - getConditionDescription Invalid condition id : UX DEVICE CLASS RTOS Condition cause : null
2024-12-09 17:56:56,516 [WARN] ConditionMgr:438 - getConditionDescription Invalid condition id : UX DEVICE CLASS RTOS Condition cause : null
2024-12-09 17:56:56,522 [WARN] PackLoader:240 - Cannot read IP mode file for STMicroelectronics.X-CUBE-AZRTOS-WB.2.0.0
2024-12-09 17:56:56,524 [WARN] ConditionMgr:1039 - genDependencies : Invalid condition id : UX DEVICE CLASS RTOS Condition cause : null
2024-12-09 17:56:56,524 [WARN] ConditionMgr:1039 - genDependencies : Invalid condition id : UX DEVICE CLASS RTOS Condition cause : null
2024-12-09 17:56:56,526 [WARN] ConditionMgr:1039 - genDependencies : Invalid condition id : UX DEVICE CLASS RTOS Condition cause : null
2024-12-09 17:56:56,527 [WARN] ConditionMgr:1039 - genDependencies : Invalid condition id : UX DEVICE CLASS RTOS Condition cause : null
2024-12-09 17:56:56,527 [WARN] ConditionMgr:1039 - genDependencies : Invalid condition id : UX DEVICE CLASS RTOS Condition cause : null
2024-12-09 17:56:56,538 [WARN] PackLoader:240 - Cannot read IP mode file for STMicroelectronics.X-CUBE-FREERTOS.1.0.0
2024-12-09 17:56:56,548 [WARN] PackLoader:240 - Cannot read IP mode file for STMicroelectronics.X-CUBE-FREERTOS.1.0.1
2024-12-09 17:56:56,562 [WARN] PackLoader:240 - Cannot read IP mode file for STMicroelectronics.X-CUBE-GNSS1.7.0.0
2024-12-09 17:56:56,592 [ERROR] Engine:466 - C:\Users\Minh\.stm32cubemx\thirdparties\pdsc\STMicroelectronics.FP-SNS-STBOX1.2.0.0.pdsc: PDSC version is not supported
2024-12-09 17:56:56,627 [WARN] PackLoader:240 - Cannot read IP mode file for STMicroelectronics.X-CUBE-AZRTOS-L5.1.1.0
2024-12-09 17:56:56,641 [WARN] PackLoader:240 - Cannot read IP mode file for STMicroelectronics.X-CUBE-AI.8.0.1
2024-12-09 17:56:56,667 [WARN] PackLoader:240 - Cannot read IP mode file for STMicroelectronics.X-CUBE-SUBG2.5.0.0
2024-12-09 17:56:56,689 [WARN] PackLoader:240 - Cannot read IP mode file for Cesanta.I-CUBE-Mongoose.7.13.0
2024-12-09 17:56:56,710 [WARN] PackLoader:240 - Cannot read IP mode file for STMicroelectronics.X-CUBE-TOF1.3.3.1
2024-12-09 17:56:56,762 [WARN] PackLoader:240 - Cannot read IP mode file for STMicroelectronics.X-CUBE-AZRTOS-G4.2.0.0
2024-12-09 17:56:56,789 [WARN] PackLoader:240 - Cannot read IP mode file for STMicroelectronics.X-CUBE-TOF1.3.3.0
2024-12-09 17:56:56,821 [WARN] PackLoader:240 - Cannot read IP mode file for STMicroelectronics.FP-ATR-ASTRA1.1.1.1
2024-12-09 17:56:56,856 [WARN] PackLoader:240 - Cannot read IP mode file for Infineon.AIROC-Wi-Fi-Bluetooth-STM32.1.5.1
2024-12-09 17:56:56,873 [WARN] PackLoader:240 - Cannot read IP mode file for STMicroelectronics.FP-SNS-MOTENVWB1.1.3.0
2024-12-09 17:56:56,885 [WARN] PackLoader:240 - Cannot read IP mode file for STMicroelectronics.FP-SNS-MOTENVWB1.1.3.1
2024-12-09 17:56:56,920 [WARN] PackLoader:240 - Cannot read IP mode file for STMicroelectronics.X-CUBE-AZRTOS-G4.1.0.0
2024-12-09 17:56:56,971 [WARN] PackLoader:240 - Cannot read IP mode file for STMicroelectronics.X-CUBE-AZRTOS-L4.1.0.0
2024-12-09 17:56:56,986 [WARN] PackLoader:240 - Cannot read IP mode file for STMicroelectronics.X-CUBE-ISPU.2.0.0
2024-12-09 17:56:56,996 [WARN] PackLoader:240 - Cannot read IP mode file for STMicroelectronics.X-CUBE-ALS.1.0.2
2024-12-09 17:56:57,100 [WARN] PackLoader:240 - Cannot read IP mode file for STMicroelectronics.X-CUBE-MEMS1.10.0.0
2024-12-09 17:56:57,396 [WARN] PackLoader:240 - Cannot read IP mode file for STMicroelectronics.X-CUBE-FREERTOS.1.1.0
2024-12-09 17:56:57,403 [WARN] PackLoader:240 - Cannot read IP mode file for STMicroelectronics.X-CUBE-TOUCHGFX.4.24.0
2024-12-09 17:56:57,425 [WARN] PackLoader:240 - Cannot read IP mode file for STMicroelectronics.X-CUBE-AZRTOS-WL.1.0.0
2024-12-09 17:56:57,433 [WARN] PackLoader:240 - Cannot read IP mode file for STMicroelectronics.X-CUBE-TOUCHGFX.4.24.1
2024-12-09 17:56:57,445 [WARN] PackLoader:240 - Cannot read IP mode file for portGmbH.I-Cube-SoM-uGOAL.1.1.0
2024-12-09 17:56:57,454 [WARN] PackLoader:240 - Cannot read IP mode file for STMicroelectronics.X-CUBE-ALS.1.0.1
2024-12-09 17:56:57,481 [WARN] PackLoader:240 - Cannot read IP mode file for STMicroelectronics.X-CUBE-AZRTOS-WB.1.1.0
2024-12-09 17:56:57,527 [WARN] PackLoader:240 - Cannot read IP mode file for STMicroelectronics.X-CUBE-AZRTOS-H7RS.1.0.0
2024-12-09 17:56:57,543 [WARN] PackLoader:240 - Cannot read IP mode file for STMicroelectronics.FP-ATR-ASTRA1.2.0.0
2024-12-09 17:56:57,556 [ERROR] Engine:466 - C:\Users\Minh\.stm32cubemx\thirdparties\pdsc\STMicroelectronics.X-CUBE-TOF1.3.4.2.pdsc: PDSC version is not supported
2024-12-09 17:56:57,577 [WARN] PackLoader:240 - Cannot read IP mode file for STMicroelectronics.X-CUBE-TOF1.3.4.0
2024-12-09 17:56:57,619 [WARN] PackLoader:240 - Cannot read IP mode file for STMicroelectronics.X-CUBE-TOF1.3.4.1
2024-12-09 17:56:57,681 [WARN] PackLoader:240 - Cannot read IP mode file for STMicroelectronics.X-CUBE-AZRTOS-H7.3.2.0
2024-12-09 17:56:57,695 [WARN] PackLoader:240 - Cannot read IP mode file for wolfSSL.I-CUBE-wolfSSH.1.4.17
2024-12-09 17:56:57,696 [INFO] ThirdParty:978 - Integrity check success = true
2024-12-09 17:56:57,697 [INFO] IntegrityCheckThread:100 - exiting critical section [integrity check]
2024-12-09 17:56:57,697 [INFO] IntegrityCheckThread:103 - End integrity checks thread
