2024-01-24 11:21:37,574 [INFO] Activator:176 - 


2024-01-24 11:21:37,592 [INFO] Activator:177 - !SESSION log4j initialized
2024-01-24 11:21:56,359 [INFO] LogOutputStream:77 - [STDOUT_REDIRECT] 
2024-01-24 11:22:06,623 [INFO] ApplicationProperties:184 - Using Application install path: C:\ST\STM32CubeIDE_1.4.0\STM32CubeIDE\plugins\com.st.stm32cube.common.mx_6.9.1.202307191849
2024-01-24 11:22:06,667 [INFO] DbMcusXml:78 - Set database path to: C:\ST\STM32CubeIDE_1.4.0\STM32CubeIDE\plugins\com.st.stm32cube.common.mx_6.9.1.202307191849\\db\/mcu/
2024-01-24 11:22:06,667 [INFO] ApiDb:274 - Set plugin database path to: C:\ST\STM32CubeIDE_1.4.0\STM32CubeIDE\plugins\com.st.stm32cube.common.mx_6.9.1.202307191849\\db\/plugins/boardmanager/
2024-01-24 11:22:06,668 [WARN] ApiDb:259 - Overriding images path with different value:  => C:\ST\STM32CubeIDE_1.4.0\STM32CubeIDE\plugins\com.st.stm32cube.common.mx_6.9.1.202307191849\\db\/plugins/mcufinder/images/
2024-01-24 11:22:06,691 [INFO] ApiDb:250 - Set database path to: C:\Users\Minh\.stmcufinder\plugins\mcufinder//mcu/
2024-01-24 11:22:06,694 [INFO] DbMcusAds:125 - Set database path to: C:\Users\Minh\.stmcufinder\plugins\mcufinder//mcu/
2024-01-24 11:22:06,699 [INFO] CrossReferenceDbSqlite:203 - Set database path to: C:\Users\Minh\.stmcufinder\plugins\mcufinder//mcu/cs/
2024-01-24 11:22:07,052 [INFO] RulesReader:64 - Compatibility file has been processed (293 Rules)
2024-01-24 11:22:07,318 [INFO] DbMcusXml:78 - Set database path to: C:\ST\STM32CubeIDE_1.4.0\STM32CubeIDE\plugins\com.st.stm32cube.common.mx_6.9.1.202307191849\\db\/mcu/
2024-01-24 11:22:07,318 [INFO] ApiDb:274 - Set plugin database path to: C:\ST\STM32CubeIDE_1.4.0\STM32CubeIDE\plugins\com.st.stm32cube.common.mx_6.9.1.202307191849\\db\/plugins/boardmanager/
2024-01-24 11:22:07,319 [INFO] ApiDb:261 - Set plugin images path to: C:\ST\STM32CubeIDE_1.4.0\STM32CubeIDE\plugins\com.st.stm32cube.common.mx_6.9.1.202307191849\\db\/plugins/mcufinder/images/
2024-01-24 11:22:07,320 [WARN] DbFile:41 - Overriding database path with different value: C:\Users\Minh\.stmcufinder\plugins\mcufinder/ => C:\Users\Minh\.stmcufinder\plugins\mcufinder
2024-01-24 11:22:07,321 [INFO] ApiDb:250 - Set database path to: C:\Users\Minh\.stmcufinder\plugins\mcufinder//mcu/
2024-01-24 11:22:07,321 [WARN] DbFile:41 - Overriding database path with different value: C:\Users\Minh\.stmcufinder\plugins\mcufinder/ => C:\Users\Minh\.stmcufinder\plugins\mcufinder
2024-01-24 11:22:07,321 [INFO] DbMcusAds:125 - Set database path to: C:\Users\Minh\.stmcufinder\plugins\mcufinder//mcu/
2024-01-24 11:22:07,322 [WARN] DbFile:41 - Overriding database path with different value: C:\Users\Minh\.stmcufinder\plugins\mcufinder/ => C:\Users\Minh\.stmcufinder\plugins\mcufinder
2024-01-24 11:22:07,322 [WARN] DbFile:41 - Overriding database path with different value: C:\Users\Minh\.stmcufinder\plugins\mcufinder/ => C:\Users\Minh\.stmcufinder\plugins\mcufinder
2024-01-24 11:22:07,356 [INFO] CrossReferenceDbSqlite:203 - Set database path to: C:\Users\Minh\.stmcufinder\plugins\mcufinder//mcu/cs/
2024-01-24 11:22:07,709 [INFO] MainPanel:262 - HeapMemory: 268435456
2024-01-24 11:22:08,029 [INFO] DbMcusXml:78 - Set database path to: C:\ST\STM32CubeIDE_1.4.0\STM32CubeIDE\plugins\com.st.stm32cube.common.mx_6.9.1.202307191849\\db\/mcu/
2024-01-24 11:22:08,030 [INFO] ApiDb:274 - Set plugin database path to: C:\ST\STM32CubeIDE_1.4.0\STM32CubeIDE\plugins\com.st.stm32cube.common.mx_6.9.1.202307191849\\db\/plugins/boardmanager/
2024-01-24 11:22:08,030 [INFO] ApiDb:261 - Set plugin images path to: C:\ST\STM32CubeIDE_1.4.0\STM32CubeIDE\plugins\com.st.stm32cube.common.mx_6.9.1.202307191849\\db\/plugins/mcufinder/images/
2024-01-24 11:22:08,032 [WARN] DbFile:41 - Overriding database path with different value: C:\Users\Minh\.stmcufinder\plugins\mcufinder/ => C:\Users\Minh\.stmcufinder\plugins\mcufinder
2024-01-24 11:22:08,033 [INFO] ApiDb:250 - Set database path to: C:\Users\Minh\.stmcufinder\plugins\mcufinder//mcu/
2024-01-24 11:22:08,034 [WARN] DbFile:41 - Overriding database path with different value: C:\Users\Minh\.stmcufinder\plugins\mcufinder/ => C:\Users\Minh\.stmcufinder\plugins\mcufinder
2024-01-24 11:22:08,034 [INFO] DbMcusAds:125 - Set database path to: C:\Users\Minh\.stmcufinder\plugins\mcufinder//mcu/
2024-01-24 11:22:08,035 [WARN] DbFile:41 - Overriding database path with different value: C:\Users\Minh\.stmcufinder\plugins\mcufinder/ => C:\Users\Minh\.stmcufinder\plugins\mcufinder
2024-01-24 11:22:08,035 [WARN] DbFile:41 - Overriding database path with different value: C:\Users\Minh\.stmcufinder\plugins\mcufinder/ => C:\Users\Minh\.stmcufinder\plugins\mcufinder
2024-01-24 11:22:08,035 [INFO] CrossReferenceDbSqlite:203 - Set database path to: C:\Users\Minh\.stmcufinder\plugins\mcufinder//mcu/cs/
2024-01-24 11:22:08,098 [INFO] ApplicationProperties:184 - Using Application install path: C:\ST\STM32CubeIDE_1.4.0\STM32CubeIDE\plugins\com.st.stm32cube.common.mx_6.9.1.202307191849
2024-01-24 11:22:08,102 [INFO] PluginManage:196 - Search for loadable plugins [exclusion list=, ]
2024-01-24 11:22:08,105 [INFO] PluginManage:310 - Check plugin analytics
2024-01-24 11:22:13,161 [INFO] AnalyticsPlugin:253 - Accepted Software Licenses: STM32CubeMX.6.0.0,STM32CubeMX.5.2.0
2024-01-24 11:22:13,162 [INFO] AnalyticsPlugin:255 - Accepted CMSIS Pack Licenses: 
2024-01-24 11:22:13,162 [INFO] AnalyticsPlugin:257 - Accepted Firmware Licenses: 
2024-01-24 11:22:13,168 [INFO] PluginManage:359 - Loaded plugin analytics (category:tool,tabindex:-1)
2024-01-24 11:22:13,169 [INFO] PluginManage:310 - Check plugin cadmodel
2024-01-24 11:22:13,205 [INFO] CADModel:105 - Init CAD model plugin
2024-01-24 11:22:13,206 [INFO] PluginManage:359 - Loaded plugin cadmodel (category:power,tabindex:5)
2024-01-24 11:22:13,206 [INFO] PluginManage:310 - Check plugin clock
2024-01-24 11:22:13,250 [INFO] PluginManage:359 - Loaded plugin clock (category:base,tabindex:2)
2024-01-24 11:22:13,251 [INFO] PluginManage:310 - Check plugin ddr
2024-01-24 11:22:13,257 [INFO] PluginManage:359 - Loaded plugin ddr (category:tool,tabindex:6)
2024-01-24 11:22:13,257 [INFO] PluginManage:310 - Check plugin filemanager
2024-01-24 11:22:13,548 [INFO] PluginManage:359 - Loaded plugin filemanager (category:base,tabindex:10)
2024-01-24 11:22:13,549 [INFO] PluginManage:310 - Check plugin ipmanager
2024-01-24 11:22:13,574 [INFO] PluginManage:359 - Loaded plugin ipmanager (category:base,tabindex:5)
2024-01-24 11:22:13,574 [INFO] PluginManage:310 - Check plugin lpbam
2024-01-24 11:22:13,610 [INFO] PluginManage:359 - Loaded plugin lpbam (category:base,tabindex:0)
2024-01-24 11:22:13,610 [INFO] PluginManage:310 - Check plugin memorymap
2024-01-24 11:22:13,661 [INFO] PluginManage:359 - Loaded plugin memorymap (category:base,tabindex:4)
2024-01-24 11:22:13,662 [INFO] PluginManage:310 - Check plugin pinoutandconfiguration
2024-01-24 11:22:13,699 [INFO] PluginManage:359 - Loaded plugin pinoutandconfiguration (category:base,tabindex:1)
2024-01-24 11:22:13,699 [INFO] PluginManage:310 - Check plugin pinoutconfig
2024-01-24 11:22:13,951 [WARN] SupportedApi:132 - Cannot load RTOS API schema: s4s-elt-must-match.1: The content of 'definitions' must match (annotation?, (simpleType | complexType)?, (unique | key | keyref)*)). A problem was found starting at: attribute.
2024-01-24 11:22:14,320 [INFO] PluginManage:359 - Loaded plugin pinoutconfig (category:base,tabindex:0)
2024-01-24 11:22:14,321 [INFO] PluginManage:310 - Check plugin power
2024-01-24 11:22:14,395 [INFO] PluginManage:359 - Loaded plugin power (category:power,tabindex:4)
2024-01-24 11:22:14,396 [INFO] PluginManage:310 - Check plugin projectmanager
2024-01-24 11:22:14,447 [INFO] PluginManage:359 - Loaded plugin projectmanager (category:projectmanager,tabindex:3)
2024-01-24 11:22:14,448 [INFO] PluginManage:310 - Check plugin thirdparty
2024-01-24 11:22:15,141 [INFO] PluginManage:359 - Loaded plugin thirdparty (category:base,tabindex:-1)
2024-01-24 11:22:15,142 [INFO] PluginManage:310 - Check plugin tools
2024-01-24 11:22:15,141 [WARN] IntegrityCheckThread:84 - waiting for thirdparty lock release [integrity check]
2024-01-24 11:22:15,142 [INFO] IntegrityCheckThread:86 - entering critical section [integrity check]
2024-01-24 11:22:15,143 [INFO] ThirdPartyUpdaterWithRetryManager:70 - Updater plugin not ready yet. [1/15]
2024-01-24 11:22:15,230 [INFO] PluginManage:359 - Loaded plugin tools (category:base,tabindex:7)
2024-01-24 11:22:15,230 [INFO] PluginManage:310 - Check plugin tutovideos
2024-01-24 11:22:15,649 [INFO] PluginManage:359 - Loaded plugin tutovideos (category:base,tabindex:-1)
2024-01-24 11:22:15,650 [INFO] PluginManage:310 - Check plugin updater
2024-01-24 11:22:15,674 [INFO] PluginManage:359 - Loaded plugin updater (category:base,tabindex:12)
2024-01-24 11:22:15,675 [INFO] PluginManage:310 - Check plugin userauth
2024-01-24 11:22:15,688 [INFO] UserAuth:113 - Init User Auth plugin
2024-01-24 11:22:15,689 [INFO] PluginManage:359 - Loaded plugin userauth (category:base,tabindex:14)
2024-01-24 11:22:15,690 [INFO] PluginManage:283 - PluginManage : Loaded plugins [17]
2024-01-24 11:22:16,255 [INFO] PinOutPanel:1499 - setPackage(No Configuration,No Configuration)
2024-01-24 11:22:16,535 [INFO] CADModel:165 - CPN selected for project level
2024-01-24 11:22:16,535 [INFO] CADModel:114 - Register for checkConnection events
2024-01-24 11:22:16,616 [INFO] IPUIPlugin:80 - create IPUIPlugin
2024-01-24 11:22:16,616 [INFO] PluginManager:220 - loadIPPluginJar : add adc
2024-01-24 11:22:16,722 [INFO] IPUIPlugin:80 - create IPUIPlugin
2024-01-24 11:22:16,722 [INFO] PluginManager:220 - loadIPPluginJar : add aes
2024-01-24 11:22:16,822 [INFO] IPUIPlugin:80 - create IPUIPlugin
2024-01-24 11:22:16,822 [INFO] PluginManager:220 - loadIPPluginJar : add can
2024-01-24 11:22:16,880 [INFO] IPUIPlugin:80 - create IPUIPlugin
2024-01-24 11:22:16,880 [INFO] PluginManager:220 - loadIPPluginJar : add comp
2024-01-24 11:22:16,965 [INFO] IPUIPlugin:80 - create IPUIPlugin
2024-01-24 11:22:16,965 [INFO] PluginManager:220 - loadIPPluginJar : add cryp
2024-01-24 11:22:17,035 [INFO] IPUIPlugin:80 - create IPUIPlugin
2024-01-24 11:22:17,036 [INFO] PluginManager:220 - loadIPPluginJar : add dfsdm
2024-01-24 11:22:17,070 [INFO] IPUIPlugin:80 - create IPUIPlugin
2024-01-24 11:22:17,072 [INFO] PluginManager:220 - loadIPPluginJar : add dma
2024-01-24 11:22:17,183 [INFO] IPUIPlugin:80 - create IPUIPlugin
2024-01-24 11:22:17,183 [INFO] PluginManager:220 - loadIPPluginJar : add dma3
2024-01-24 11:22:17,231 [INFO] IPUIPlugin:80 - create IPUIPlugin
2024-01-24 11:22:17,231 [INFO] PluginManager:220 - loadIPPluginJar : add fatfs
2024-01-24 11:22:17,328 [INFO] IPUIPlugin:80 - create IPUIPlugin
2024-01-24 11:22:17,329 [INFO] PluginManager:220 - loadIPPluginJar : add fmc
2024-01-24 11:22:17,359 [INFO] IPUIPlugin:80 - create IPUIPlugin
2024-01-24 11:22:17,360 [INFO] PluginManager:220 - loadIPPluginJar : add freertos
2024-01-24 11:22:17,412 [INFO] IPUIPlugin:80 - create IPUIPlugin
2024-01-24 11:22:17,412 [INFO] PluginManager:220 - loadIPPluginJar : add genericplugin
2024-01-24 11:22:17,621 [INFO] IPUIPlugin:80 - create IPUIPlugin
2024-01-24 11:22:17,621 [INFO] PluginManager:220 - loadIPPluginJar : add gfxmmu
2024-01-24 11:22:17,920 [INFO] IPUIPlugin:80 - create IPUIPlugin
2024-01-24 11:22:17,920 [INFO] PluginManager:220 - loadIPPluginJar : add gic
2024-01-24 11:22:17,943 [INFO] IPUIPlugin:80 - create IPUIPlugin
2024-01-24 11:22:17,944 [INFO] PluginManager:220 - loadIPPluginJar : add gpio
2024-01-24 11:22:18,144 [INFO] ThirdPartyUpdaterWithRetryManager:70 - Updater plugin not ready yet. [2/15]
2024-01-24 11:22:18,233 [INFO] IPUIPlugin:80 - create IPUIPlugin
2024-01-24 11:22:18,234 [INFO] PluginManager:220 - loadIPPluginJar : add gtzc
2024-01-24 11:22:18,333 [INFO] IPUIPlugin:80 - create IPUIPlugin
2024-01-24 11:22:18,333 [INFO] PluginManager:220 - loadIPPluginJar : add hash
2024-01-24 11:22:18,458 [INFO] IPUIPlugin:80 - create IPUIPlugin
2024-01-24 11:22:18,458 [INFO] PluginManager:220 - loadIPPluginJar : add i2c
2024-01-24 11:22:18,577 [INFO] IPUIPlugin:80 - create IPUIPlugin
2024-01-24 11:22:18,577 [INFO] PluginManager:220 - loadIPPluginJar : add i2s
2024-01-24 11:22:18,722 [INFO] IPUIPlugin:80 - create IPUIPlugin
2024-01-24 11:22:18,723 [INFO] PluginManager:220 - loadIPPluginJar : add i3c
2024-01-24 11:22:19,010 [INFO] IPUIPlugin:80 - create IPUIPlugin
2024-01-24 11:22:19,010 [INFO] PluginManager:220 - loadIPPluginJar : add ipddr
2024-01-24 11:22:19,230 [INFO] IPUIPlugin:80 - create IPUIPlugin
2024-01-24 11:22:19,230 [INFO] PluginManager:220 - loadIPPluginJar : add linkedlist
2024-01-24 11:22:19,309 [INFO] IPUIPlugin:80 - create IPUIPlugin
2024-01-24 11:22:19,309 [INFO] PluginManager:220 - loadIPPluginJar : add lorawan
2024-01-24 11:22:19,393 [INFO] IPUIPlugin:80 - create IPUIPlugin
2024-01-24 11:22:19,394 [INFO] PluginManager:220 - loadIPPluginJar : add ltdc
2024-01-24 11:22:19,424 [INFO] IPUIPlugin:80 - create IPUIPlugin
2024-01-24 11:22:19,424 [INFO] PluginManager:220 - loadIPPluginJar : add mdma
2024-01-24 11:22:19,446 [INFO] IPUIPlugin:80 - create IPUIPlugin
2024-01-24 11:22:19,447 [INFO] PluginManager:220 - loadIPPluginJar : add nvic
2024-01-24 11:22:19,524 [INFO] IPUIPlugin:80 - create IPUIPlugin
2024-01-24 11:22:19,525 [INFO] PluginManager:220 - loadIPPluginJar : add opamp
2024-01-24 11:22:19,657 [INFO] IPUIPlugin:80 - create IPUIPlugin
2024-01-24 11:22:19,658 [INFO] PluginManager:220 - loadIPPluginJar : add openamp
2024-01-24 11:22:19,789 [INFO] IPUIPlugin:80 - create IPUIPlugin
2024-01-24 11:22:19,789 [INFO] PluginManager:220 - loadIPPluginJar : add pdm2pcm
2024-01-24 11:22:19,832 [INFO] IPUIPlugin:80 - create IPUIPlugin
2024-01-24 11:22:19,841 [INFO] PluginManager:220 - loadIPPluginJar : add plateformsettings
2024-01-24 11:22:19,923 [INFO] IPUIPlugin:80 - create IPUIPlugin
2024-01-24 11:22:19,923 [INFO] PluginManager:220 - loadIPPluginJar : add quadspi
2024-01-24 11:22:19,950 [INFO] IPUIPlugin:80 - create IPUIPlugin
2024-01-24 11:22:19,950 [INFO] PluginManager:220 - loadIPPluginJar : add resmgrutility
2024-01-24 11:22:20,074 [INFO] IPUIPlugin:80 - create IPUIPlugin
2024-01-24 11:22:20,074 [INFO] PluginManager:220 - loadIPPluginJar : add sai
2024-01-24 11:22:20,184 [INFO] IPUIPlugin:80 - create IPUIPlugin
2024-01-24 11:22:20,184 [INFO] PluginManager:220 - loadIPPluginJar : add spi
2024-01-24 11:22:20,340 [INFO] IPUIPlugin:80 - create IPUIPlugin
2024-01-24 11:22:20,340 [INFO] PluginManager:220 - loadIPPluginJar : add stm32_wpan
2024-01-24 11:22:20,427 [INFO] IPUIPlugin:80 - create IPUIPlugin
2024-01-24 11:22:20,427 [INFO] PluginManager:220 - loadIPPluginJar : add tim
2024-01-24 11:22:20,622 [INFO] IPUIPlugin:80 - create IPUIPlugin
2024-01-24 11:22:20,622 [INFO] PluginManager:220 - loadIPPluginJar : add touchsensing
2024-01-24 11:22:20,673 [INFO] IPUIPlugin:80 - create IPUIPlugin
2024-01-24 11:22:20,674 [INFO] PluginManager:220 - loadIPPluginJar : add tracer_emb
2024-01-24 11:22:20,723 [INFO] IPUIPlugin:80 - create IPUIPlugin
2024-01-24 11:22:20,723 [INFO] PluginManager:220 - loadIPPluginJar : add ts
2024-01-24 11:22:20,769 [INFO] IPUIPlugin:80 - create IPUIPlugin
2024-01-24 11:22:20,769 [INFO] PluginManager:220 - loadIPPluginJar : add tsc
2024-01-24 11:22:20,828 [INFO] IPUIPlugin:80 - create IPUIPlugin
2024-01-24 11:22:20,829 [INFO] PluginManager:220 - loadIPPluginJar : add ucpd
2024-01-24 11:22:20,923 [INFO] IPUIPlugin:80 - create IPUIPlugin
2024-01-24 11:22:20,923 [INFO] PluginManager:220 - loadIPPluginJar : add usart
2024-01-24 11:22:21,015 [INFO] IPUIPlugin:80 - create IPUIPlugin
2024-01-24 11:22:21,015 [INFO] PluginManager:220 - loadIPPluginJar : add usbx
2024-01-24 11:22:21,145 [INFO] ThirdPartyUpdaterWithRetryManager:70 - Updater plugin not ready yet. [3/15]
2024-01-24 11:22:21,233 [INFO] CADModel:165 - CPN selected for project level
2024-01-24 11:22:21,234 [INFO] CADModel:114 - Register for checkConnection events
2024-01-24 11:22:21,234 [FATAL] Updater:308 - Updater called before beeing initialized
2024-01-24 11:22:21,235 [ERROR] CADModel:125 - Updater not yet initialized, retry later 
2024-01-24 11:22:21,565 [INFO] CADModel:165 - CPN selected for project level
2024-01-24 11:22:21,566 [INFO] CADModel:114 - Register for checkConnection events
2024-01-24 11:22:21,566 [FATAL] Updater:308 - Updater called before beeing initialized
2024-01-24 11:22:21,566 [ERROR] CADModel:125 - Updater not yet initialized, retry later 
2024-01-24 11:22:21,575 [FATAL] Updater:308 - Updater called before beeing initialized
2024-01-24 11:22:21,822 [FATAL] Updater:308 - Updater called before beeing initialized
2024-01-24 11:22:21,838 [INFO] DbMcusAds:53 - JSON generation date=Wed Nov 29 19:52:27 JST 2023 (1701255147200)
2024-01-24 11:22:21,839 [FATAL] Updater:308 - Updater called before beeing initialized
2024-01-24 11:22:22,054 [WARN] DetailPanel:346 - Failed to get advertising image, set to default
2024-01-24 11:22:22,281 [FATAL] Updater:308 - Updater called before beeing initialized
2024-01-24 11:22:22,284 [FATAL] Updater:308 - Updater called before beeing initialized
2024-01-24 11:22:22,285 [FATAL] Updater:308 - Updater called before beeing initialized
2024-01-24 11:22:22,285 [WARN] DetailPanel:346 - Failed to get advertising image, set to default
2024-01-24 11:22:22,287 [FATAL] Updater:308 - Updater called before beeing initialized
2024-01-24 11:22:22,437 [ERROR] Updater:1120 - MainUpdater not yet initialized. External WinMGr cannot be set.
2024-01-24 11:22:22,464 [INFO] Updater:1056 - Updater Version found : 6.9.1
2024-01-24 11:22:22,505 [INFO] ApplicationProperties:184 - Using Application install path: C:\ST\STM32CubeIDE_1.4.0\STM32CubeIDE\plugins\com.st.stm32cube.common.mx_6.9.1.202307191849
2024-01-24 11:22:22,819 [INFO] MainUpdater:2868 - connection check result : 10
2024-01-24 11:22:22,820 [INFO] MainUpdater:285 - Updater Check For Update Now.
2024-01-24 11:22:22,821 [INFO] MicroXplorer:498 - Change Database Version : DB.6.0.91
2024-01-24 11:22:22,862 [INFO] McuFinderGlobals:63 - Set McuFinder mode to 2 (CubeIDE integrated)
2024-01-24 11:22:22,863 [INFO] UserAuth:179 - activating auth plugin
2024-01-24 11:22:22,869 [INFO] UserAuth:393 - Internet connection configuration mode: 1
2024-01-24 11:22:22,912 [INFO] JxBrowserEngine:151 - Initiate JxBrowser Engine with user profile folder
2024-01-24 11:22:23,158 [INFO] CheckServerUpdateThread:120 - End of CheckServer Thread
2024-01-24 11:22:24,813 [WARN] PackLoader:240 - Cannot read IP mode file for STMicroelectronics.X-CUBE-SMBUS.2.1.0
2024-01-24 11:22:24,835 [WARN] PackLoader:240 - Cannot read IP mode file for STMicroelectronics.X-CUBE-TOUCHGFX.4.23.0
2024-01-24 11:22:24,962 [WARN] PackLoader:240 - Cannot read IP mode file for STMicroelectronics.X-CUBE-AZRTOS-F7.1.1.0
2024-01-24 11:22:25,002 [ERROR] RealEvaluatedCondition:428 - Found unsupported composite condition: GROUP='STM32_MetaDataManager' CLASS='Data Exchange'
2024-01-24 11:22:25,003 [ERROR] RealEvaluatedCondition:428 - Found unsupported composite condition: GROUP='STM32_MetaDataManager' CLASS='Data Exchange'
2024-01-24 11:22:25,008 [WARN] PackLoader:240 - Cannot read IP mode file for STMicroelectronics.FP-SNS-MOTENV1.4.3.0
2024-01-24 11:22:25,042 [WARN] PackLoader:240 - Cannot read IP mode file for STMicroelectronics.FP-SNS-MOTENV1.4.3.2
2024-01-24 11:22:25,074 [WARN] PackLoader:240 - Cannot read IP mode file for STMicroelectronics.FP-SNS-FLIGHT1.5.0.0
2024-01-24 11:22:25,089 [ERROR] RealEvaluatedCondition:428 - Found unsupported composite condition: GROUP='STM32_MetaDataManager' CLASS='Data Exchange'
2024-01-24 11:22:25,090 [ERROR] RealEvaluatedCondition:428 - Found unsupported composite condition: GROUP='STM32_MetaDataManager' CLASS='Data Exchange'
2024-01-24 11:22:25,096 [WARN] PackLoader:240 - Cannot read IP mode file for STMicroelectronics.FP-SNS-MOTENV1.4.3.1
2024-01-24 11:22:25,117 [WARN] PackLoader:240 - Cannot read IP mode file for STMicroelectronics.FP-SNS-FLIGHT1.5.0.1
2024-01-24 11:22:25,144 [WARN] PackLoader:240 - Cannot read IP mode file for STMicroelectronics.X-CUBE-BLE1.6.2.4
2024-01-24 11:22:25,161 [WARN] PackLoader:240 - Cannot read IP mode file for STMicroelectronics.FP-SNS-FLIGHT1.5.0.2
2024-01-24 11:22:25,199 [WARN] PackLoader:240 - Cannot read IP mode file for STMicroelectronics.X-CUBE-DISPLAY.3.0.0
2024-01-24 11:22:25,245 [WARN] PackLoader:240 - Cannot read IP mode file for STMicroelectronics.X-CUBE-BLE1.7.0.0
2024-01-24 11:22:25,271 [WARN] PackLoader:240 - Cannot read IP mode file for STMicroelectronics.X-CUBE-TOUCHGFX.4.22.0
2024-01-24 11:22:25,283 [WARN] PackLoader:240 - Cannot read IP mode file for STMicroelectronics.X-CUBE-TOUCHGFX.4.22.1
2024-01-24 11:22:25,304 [WARN] PackLoader:240 - Cannot read IP mode file for STMicroelectronics.FP-SNS-SMARTAG2.1.2.0
2024-01-24 11:22:25,342 [INFO] LogOutputStream:77 - [STDOUT_REDIRECT] 1 : Invalid condition id : UX_CORESTACK_Condition cause : null
2024-01-24 11:22:25,345 [INFO] LogOutputStream:77 - [STDOUT_REDIRECT] 1 : Invalid condition id : UX_CORESTACK_Condition cause : null
2024-01-24 11:22:25,349 [INFO] LogOutputStream:77 - [STDOUT_REDIRECT] 1 : Invalid condition id : UX_CORESTACK_Condition cause : null
2024-01-24 11:22:25,354 [INFO] LogOutputStream:77 - [STDOUT_REDIRECT] 1 : Invalid condition id : UX_CORESTACK_Condition cause : null
2024-01-24 11:22:25,358 [INFO] LogOutputStream:77 - [STDOUT_REDIRECT] 1 : Invalid condition id : UX_CORESTACK_Condition cause : null
2024-01-24 11:22:25,374 [WARN] PackLoader:240 - Cannot read IP mode file for STMicroelectronics.X-CUBE-AZRTOS-WL.2.0.0
2024-01-24 11:22:25,412 [WARN] PackLoader:240 - Cannot read IP mode file for WES.I-CUBE-Cesium.1.3.0
2024-01-24 11:22:25,427 [WARN] PackLoader:240 - Cannot read IP mode file for STMicroelectronics.X-CUBE-BLE2.3.3.0
2024-01-24 11:22:25,451 [INFO] WebApp:157 - Instantiating new browser for Auth
2024-01-24 11:22:25,466 [WARN] PackLoader:240 - Cannot read IP mode file for STMicroelectronics.X-CUBE-TOF1.3.2.0
2024-01-24 11:22:25,555 [WARN] PackLoader:240 - Cannot read IP mode file for STMicroelectronics.X-CUBE-TOUCHGFX.4.21.1
2024-01-24 11:22:25,571 [WARN] PackLoader:240 - Cannot read IP mode file for STMicroelectronics.X-CUBE-TOUCHGFX.4.21.3
2024-01-24 11:22:25,585 [WARN] PackLoader:240 - Cannot read IP mode file for STMicroelectronics.X-CUBE-TOUCHGFX.4.21.4
2024-01-24 11:22:25,609 [WARN] PackLoader:240 - Cannot read IP mode file for STMicroelectronics.X-CUBE-ALGOBUILD.1.3.0
2024-01-24 11:22:25,666 [WARN] PackLoader:240 - Cannot read IP mode file for STMicroelectronics.X-CUBE-AZRTOS-G0.1.1.0
2024-01-24 11:22:25,688 [WARN] PackLoader:240 - Cannot read IP mode file for STMicroelectronics.X-CUBE-NFC4.3.0.0
2024-01-24 11:22:25,736 [WARN] PackLoader:240 - Cannot read IP mode file for STMicroelectronics.X-CUBE-BLEMGR.3.0.0
2024-01-24 11:22:25,756 [WARN] PackLoader:240 - Cannot read IP mode file for STMicroelectronics.FP-ATR-SIGFOX1.3.2.0
2024-01-24 11:22:25,910 [WARN] PackLoader:240 - Cannot read IP mode file for STMicroelectronics.X-CUBE-MEMS1.9.5.0
2024-01-24 11:22:26,599 [WARN] PackLoader:240 - Cannot read IP mode file for SEGGER.I-CUBE-embOS.1.3.1
2024-01-24 11:22:26,761 [WARN] PackLoader:240 - Cannot read IP mode file for STMicroelectronics.X-CUBE-GNSS1.6.0.0
2024-01-24 11:22:26,815 [WARN] PackLoader:240 - Cannot read IP mode file for STMicroelectronics.X-CUBE-AZRTOS-F4.1.1.0
2024-01-24 11:22:26,871 [WARN] PackLoader:240 - Cannot read IP mode file for STMicroelectronics.X-CUBE-AZRTOS-L5.2.0.0
2024-01-24 11:22:27,038 [WARN] PackLoader:240 - Cannot read IP mode file for STMicroelectronics.X-CUBE-MEMS1.9.6.0
2024-01-24 11:22:27,563 [WARN] PackLoader:240 - Cannot read IP mode file for STMicroelectronics.X-CUBE-EEPRMA1.4.2.0
2024-01-24 11:22:27,580 [WARN] PackLoader:240 - Cannot read IP mode file for ITTIA_DB.I-CUBE-ITTIADB.8.8.0
2024-01-24 11:22:27,599 [WARN] PackLoader:240 - Cannot read IP mode file for emotas.I-CUBE-CANOPEN.1.1.3
2024-01-24 11:22:27,620 [WARN] PackLoader:240 - Cannot read IP mode file for STMicroelectronics.X-CUBE-BLEMGR.2.0.0
2024-01-24 11:22:27,669 [WARN] ConditionMgr:438 - getConditionDescription Invalid condition id : UX DEVICE CLASS RTOS Condition cause : null
2024-01-24 11:22:27,669 [WARN] ConditionMgr:438 - getConditionDescription Invalid condition id : UX DEVICE CLASS RTOS Condition cause : null
2024-01-24 11:22:27,679 [WARN] PackLoader:240 - Cannot read IP mode file for STMicroelectronics.X-CUBE-AZRTOS-H7.3.1.0
2024-01-24 11:22:27,682 [WARN] ConditionMgr:1039 - genDependencies : Invalid condition id : UX DEVICE CLASS RTOS Condition cause : null
2024-01-24 11:22:27,682 [WARN] ConditionMgr:1039 - genDependencies : Invalid condition id : UX DEVICE CLASS RTOS Condition cause : null
2024-01-24 11:22:27,684 [WARN] ConditionMgr:1039 - genDependencies : Invalid condition id : UX DEVICE CLASS RTOS Condition cause : null
2024-01-24 11:22:27,685 [WARN] ConditionMgr:1039 - genDependencies : Invalid condition id : UX DEVICE CLASS RTOS Condition cause : null
2024-01-24 11:22:27,686 [WARN] ConditionMgr:1039 - genDependencies : Invalid condition id : UX DEVICE CLASS RTOS Condition cause : null
2024-01-24 11:22:27,701 [WARN] PackLoader:240 - Cannot read IP mode file for wolfSSL.I-CUBE-wolfSSL.5.5.4
2024-01-24 11:22:27,716 [WARN] PackLoader:240 - Cannot read IP mode file for STMicroelectronics.X-CUBE-NFC7.1.0.1
2024-01-24 11:22:27,728 [WARN] PackLoader:240 - Cannot read IP mode file for STMicroelectronics.X-CUBE-NFC7.1.0.0
2024-01-24 11:22:27,752 [WARN] PackLoader:240 - Cannot read IP mode file for STMicroelectronics.X-CUBE-NFC6.3.0.0
2024-01-24 11:22:27,771 [WARN] PackLoader:240 - Cannot read IP mode file for STMicroelectronics.X-CUBE-EEPRMA1.4.1.0
2024-01-24 11:22:27,785 [WARN] PackLoader:240 - Cannot read IP mode file for STMicroelectronics.X-CUBE-AI.8.1.0
2024-01-24 11:22:27,835 [WARN] ConditionMgr:438 - getConditionDescription Invalid condition id : LAN8742 Phy interface Condition cause : null
2024-01-24 11:22:27,837 [WARN] PackLoader:240 - Cannot read IP mode file for STMicroelectronics.X-CUBE-AZRTOS-L4.2.0.0
2024-01-24 11:22:27,841 [WARN] ConditionMgr:1039 - genDependencies : Invalid condition id : LAN8742 Phy interface Condition cause : null
2024-01-24 11:22:27,842 [WARN] ConditionMgr:1039 - genDependencies : Invalid condition id : LAN8742 Phy interface Condition cause : null
2024-01-24 11:22:27,844 [WARN] ConditionMgr:1039 - genDependencies : Invalid condition id : LAN8742 Phy interface Condition cause : null
2024-01-24 11:22:27,868 [WARN] PackLoader:240 - Cannot read IP mode file for STMicroelectronics.X-CUBE-SFXS2LP1.4.0.0
2024-01-24 11:22:27,942 [WARN] PackLoader:240 - Cannot read IP mode file for STMicroelectronics.X-CUBE-AZRTOS-H7.3.0.0
2024-01-24 11:22:27,948 [INFO] WebApp:753 - Register for checkConnection events
2024-01-24 11:22:27,949 [INFO] WebApp:390 - Apply proxy settings
2024-01-24 11:22:27,949 [INFO] WebApp:475 - Chromium requires no authentication
2024-01-24 11:22:27,963 [WARN] PackLoader:240 - Cannot read IP mode file for STMicroelectronics.X-CUBE-ISPU.1.1.0
2024-01-24 11:22:27,984 [WARN] PackLoader:240 - Cannot read IP mode file for RoweBots.I-CUBE-UNISONRTOS.5.5.0-4
2024-01-24 11:22:27,994 [INFO] WebApp:418 - Direct internet connection detected
2024-01-24 11:22:28,003 [WARN] PackLoader:240 - Cannot read IP mode file for STMicroelectronics.X-CUBE-AI.8.0.0
2024-01-24 11:22:28,045 [WARN] ConditionMgr:438 - getConditionDescription Invalid condition id : UX DEVICE CLASS RTOS Condition cause : null
2024-01-24 11:22:28,045 [WARN] ConditionMgr:438 - getConditionDescription Invalid condition id : UX DEVICE CLASS RTOS Condition cause : null
2024-01-24 11:22:28,053 [WARN] PackLoader:240 - Cannot read IP mode file for STMicroelectronics.X-CUBE-AZRTOS-WB.2.0.0
2024-01-24 11:22:28,055 [WARN] ConditionMgr:1039 - genDependencies : Invalid condition id : UX DEVICE CLASS RTOS Condition cause : null
2024-01-24 11:22:28,055 [WARN] ConditionMgr:1039 - genDependencies : Invalid condition id : UX DEVICE CLASS RTOS Condition cause : null
2024-01-24 11:22:28,057 [WARN] ConditionMgr:1039 - genDependencies : Invalid condition id : UX DEVICE CLASS RTOS Condition cause : null
2024-01-24 11:22:28,058 [WARN] ConditionMgr:1039 - genDependencies : Invalid condition id : UX DEVICE CLASS RTOS Condition cause : null
2024-01-24 11:22:28,059 [WARN] ConditionMgr:1039 - genDependencies : Invalid condition id : UX DEVICE CLASS RTOS Condition cause : null
2024-01-24 11:22:28,074 [WARN] PackLoader:240 - Cannot read IP mode file for STMicroelectronics.X-CUBE-FREERTOS.1.0.0
2024-01-24 11:22:28,086 [WARN] PackLoader:240 - Cannot read IP mode file for STMicroelectronics.X-CUBE-FREERTOS.1.0.1
2024-01-24 11:22:28,133 [WARN] PackLoader:240 - Cannot read IP mode file for STMicroelectronics.X-CUBE-AZRTOS-L5.1.1.0
2024-01-24 11:22:28,152 [WARN] PackLoader:240 - Cannot read IP mode file for STMicroelectronics.X-CUBE-AI.8.0.1
2024-01-24 11:22:28,283 [WARN] PackLoader:240 - Cannot read IP mode file for STMicroelectronics.X-CUBE-SUBG2.5.0.0
2024-01-24 11:22:28,332 [WARN] PackLoader:240 - Cannot read IP mode file for STMicroelectronics.X-CUBE-TOF1.3.3.1
2024-01-24 11:22:28,390 [WARN] PackLoader:240 - Cannot read IP mode file for STMicroelectronics.X-CUBE-AZRTOS-G4.2.0.0
2024-01-24 11:22:28,421 [WARN] PackLoader:240 - Cannot read IP mode file for STMicroelectronics.X-CUBE-TOF1.3.3.0
2024-01-24 11:22:28,454 [WARN] PackLoader:240 - Cannot read IP mode file for STMicroelectronics.FP-ATR-ASTRA1.1.1.1
2024-01-24 11:22:28,485 [WARN] PackLoader:240 - Cannot read IP mode file for Infineon.AIROC-Wi-Fi-Bluetooth-STM32.1.5.1
2024-01-24 11:22:28,504 [WARN] PackLoader:240 - Cannot read IP mode file for STMicroelectronics.FP-SNS-MOTENVWB1.1.3.0
2024-01-24 11:22:28,515 [WARN] PackLoader:240 - Cannot read IP mode file for STMicroelectronics.FP-SNS-MOTENVWB1.1.3.1
2024-01-24 11:22:28,549 [WARN] PackLoader:240 - Cannot read IP mode file for STMicroelectronics.X-CUBE-AZRTOS-G4.1.0.0
2024-01-24 11:22:28,595 [WARN] PackLoader:240 - Cannot read IP mode file for STMicroelectronics.X-CUBE-AZRTOS-L4.1.0.0
2024-01-24 11:22:28,612 [WARN] PackLoader:240 - Cannot read IP mode file for STMicroelectronics.X-CUBE-ISPU.2.0.0
2024-01-24 11:22:28,750 [WARN] PackLoader:240 - Cannot read IP mode file for STMicroelectronics.X-CUBE-MEMS1.10.0.0
2024-01-24 11:22:28,785 [INFO] WebApp:188 - Starting web application
2024-01-24 11:22:28,785 [INFO] WebApp:520 - Web application path used C:\ST\STM32CubeIDE_1.4.0\STM32CubeIDE\plugins\com.st.stm32cube.common.mx_6.9.1.202307191849\db\plugins\mcufinder\reactClient1\index.html
2024-01-24 11:22:29,189 [WARN] PackLoader:240 - Cannot read IP mode file for STMicroelectronics.X-CUBE-FREERTOS.1.1.0
2024-01-24 11:22:29,215 [WARN] PackLoader:240 - Cannot read IP mode file for STMicroelectronics.X-CUBE-AZRTOS-WL.1.0.0
2024-01-24 11:22:29,232 [WARN] PackLoader:240 - Cannot read IP mode file for portGmbH.I-Cube-SoM-uGOAL.1.1.0
2024-01-24 11:22:29,245 [WARN] PackLoader:240 - Cannot read IP mode file for STMicroelectronics.X-CUBE-ALS.1.0.1
2024-01-24 11:22:29,279 [WARN] PackLoader:240 - Cannot read IP mode file for STMicroelectronics.X-CUBE-AZRTOS-WB.1.1.0
2024-01-24 11:22:29,293 [WARN] PackLoader:240 - Cannot read IP mode file for STMicroelectronics.FP-ATR-ASTRA1.2.0.0
2024-01-24 11:22:29,317 [WARN] PackLoader:240 - Cannot read IP mode file for STMicroelectronics.X-CUBE-TOF1.3.4.0
2024-01-24 11:22:29,447 [WARN] PackLoader:240 - Cannot read IP mode file for STMicroelectronics.X-CUBE-AZRTOS-H7.3.2.0
2024-01-24 11:22:29,460 [INFO] ThirdParty:978 - Integrity check success = true
2024-01-24 11:22:29,460 [INFO] IntegrityCheckThread:100 - exiting critical section [integrity check]
2024-01-24 11:22:29,460 [INFO] IntegrityCheckThread:103 - End integrity checks thread
2024-01-24 12:00:21,793 [ERROR] LogOutputStream:75 - [STDERR_REDIRECT] SLF4J: Failed to load class "org.slf4j.impl.StaticLoggerBinder".
2024-01-24 12:00:21,794 [ERROR] LogOutputStream:75 - [STDERR_REDIRECT] SLF4J: Defaulting to no-operation (NOP) logger implementation
2024-01-24 12:00:21,796 [ERROR] LogOutputStream:75 - [STDERR_REDIRECT] SLF4J: See http://www.slf4j.org/codes.html#StaticLoggerBinder for further details.
2024-01-24 16:12:43,262 [ERROR] LogOutputStream:75 - [STDERR_REDIRECT] 
