2023-12-04 09:24:51,954 [INFO] Activator:176 - 


2023-12-04 09:24:51,966 [INFO] Activator:177 - !SESSION log4j initialized
2023-12-04 09:25:06,287 [INFO] LogOutputStream:77 - [STDOUT_REDIRECT] 
2023-12-04 09:25:14,343 [INFO] ApplicationProperties:184 - Using Application install path: C:\ST\STM32CubeIDE_1.4.0\STM32CubeIDE\plugins\com.st.stm32cube.common.mx_6.9.1.202307191849
2023-12-04 09:25:14,375 [INFO] DbMcusXml:78 - Set database path to: C:\ST\STM32CubeIDE_1.4.0\STM32CubeIDE\plugins\com.st.stm32cube.common.mx_6.9.1.202307191849\\db\/mcu/
2023-12-04 09:25:14,376 [INFO] ApiDb:274 - Set plugin database path to: C:\ST\STM32CubeIDE_1.4.0\STM32CubeIDE\plugins\com.st.stm32cube.common.mx_6.9.1.202307191849\\db\/plugins/boardmanager/
2023-12-04 09:25:14,377 [WARN] ApiDb:259 - Overriding images path with different value:  => C:\ST\STM32CubeIDE_1.4.0\STM32CubeIDE\plugins\com.st.stm32cube.common.mx_6.9.1.202307191849\\db\/plugins/mcufinder/images/
2023-12-04 09:25:14,399 [INFO] ApiDb:250 - Set database path to: C:\Users\Minh\.stmcufinder\plugins\mcufinder//mcu/
2023-12-04 09:25:14,401 [INFO] DbMcusAds:125 - Set database path to: C:\Users\Minh\.stmcufinder\plugins\mcufinder//mcu/
2023-12-04 09:25:14,405 [INFO] CrossReferenceDbSqlite:203 - Set database path to: C:\Users\Minh\.stmcufinder\plugins\mcufinder//mcu/cs/
2023-12-04 09:25:14,648 [INFO] RulesReader:64 - Compatibility file has been processed (293 Rules)
2023-12-04 09:25:14,799 [INFO] DbMcusXml:78 - Set database path to: C:\ST\STM32CubeIDE_1.4.0\STM32CubeIDE\plugins\com.st.stm32cube.common.mx_6.9.1.202307191849\\db\/mcu/
2023-12-04 09:25:14,799 [INFO] ApiDb:274 - Set plugin database path to: C:\ST\STM32CubeIDE_1.4.0\STM32CubeIDE\plugins\com.st.stm32cube.common.mx_6.9.1.202307191849\\db\/plugins/boardmanager/
2023-12-04 09:25:14,799 [INFO] ApiDb:261 - Set plugin images path to: C:\ST\STM32CubeIDE_1.4.0\STM32CubeIDE\plugins\com.st.stm32cube.common.mx_6.9.1.202307191849\\db\/plugins/mcufinder/images/
2023-12-04 09:25:14,800 [WARN] DbFile:41 - Overriding database path with different value: C:\Users\Minh\.stmcufinder\plugins\mcufinder/ => C:\Users\Minh\.stmcufinder\plugins\mcufinder
2023-12-04 09:25:14,800 [INFO] ApiDb:250 - Set database path to: C:\Users\Minh\.stmcufinder\plugins\mcufinder//mcu/
2023-12-04 09:25:14,800 [WARN] DbFile:41 - Overriding database path with different value: C:\Users\Minh\.stmcufinder\plugins\mcufinder/ => C:\Users\Minh\.stmcufinder\plugins\mcufinder
2023-12-04 09:25:14,801 [INFO] DbMcusAds:125 - Set database path to: C:\Users\Minh\.stmcufinder\plugins\mcufinder//mcu/
2023-12-04 09:25:14,801 [WARN] DbFile:41 - Overriding database path with different value: C:\Users\Minh\.stmcufinder\plugins\mcufinder/ => C:\Users\Minh\.stmcufinder\plugins\mcufinder
2023-12-04 09:25:14,801 [WARN] DbFile:41 - Overriding database path with different value: C:\Users\Minh\.stmcufinder\plugins\mcufinder/ => C:\Users\Minh\.stmcufinder\plugins\mcufinder
2023-12-04 09:25:14,801 [INFO] CrossReferenceDbSqlite:203 - Set database path to: C:\Users\Minh\.stmcufinder\plugins\mcufinder//mcu/cs/
2023-12-04 09:25:14,964 [INFO] MainPanel:262 - HeapMemory: 268435456
2023-12-04 09:25:15,136 [INFO] DbMcusXml:78 - Set database path to: C:\ST\STM32CubeIDE_1.4.0\STM32CubeIDE\plugins\com.st.stm32cube.common.mx_6.9.1.202307191849\\db\/mcu/
2023-12-04 09:25:15,137 [INFO] ApiDb:274 - Set plugin database path to: C:\ST\STM32CubeIDE_1.4.0\STM32CubeIDE\plugins\com.st.stm32cube.common.mx_6.9.1.202307191849\\db\/plugins/boardmanager/
2023-12-04 09:25:15,137 [INFO] ApiDb:261 - Set plugin images path to: C:\ST\STM32CubeIDE_1.4.0\STM32CubeIDE\plugins\com.st.stm32cube.common.mx_6.9.1.202307191849\\db\/plugins/mcufinder/images/
2023-12-04 09:25:15,138 [WARN] DbFile:41 - Overriding database path with different value: C:\Users\Minh\.stmcufinder\plugins\mcufinder/ => C:\Users\Minh\.stmcufinder\plugins\mcufinder
2023-12-04 09:25:15,138 [INFO] ApiDb:250 - Set database path to: C:\Users\Minh\.stmcufinder\plugins\mcufinder//mcu/
2023-12-04 09:25:15,138 [WARN] DbFile:41 - Overriding database path with different value: C:\Users\Minh\.stmcufinder\plugins\mcufinder/ => C:\Users\Minh\.stmcufinder\plugins\mcufinder
2023-12-04 09:25:15,139 [INFO] DbMcusAds:125 - Set database path to: C:\Users\Minh\.stmcufinder\plugins\mcufinder//mcu/
2023-12-04 09:25:15,139 [WARN] DbFile:41 - Overriding database path with different value: C:\Users\Minh\.stmcufinder\plugins\mcufinder/ => C:\Users\Minh\.stmcufinder\plugins\mcufinder
2023-12-04 09:25:15,139 [WARN] DbFile:41 - Overriding database path with different value: C:\Users\Minh\.stmcufinder\plugins\mcufinder/ => C:\Users\Minh\.stmcufinder\plugins\mcufinder
2023-12-04 09:25:15,139 [INFO] CrossReferenceDbSqlite:203 - Set database path to: C:\Users\Minh\.stmcufinder\plugins\mcufinder//mcu/cs/
2023-12-04 09:25:15,177 [INFO] ApplicationProperties:184 - Using Application install path: C:\ST\STM32CubeIDE_1.4.0\STM32CubeIDE\plugins\com.st.stm32cube.common.mx_6.9.1.202307191849
2023-12-04 09:25:15,180 [INFO] PluginManage:196 - Search for loadable plugins [exclusion list=, ]
2023-12-04 09:25:15,183 [INFO] PluginManage:310 - Check plugin analytics
2023-12-04 09:25:20,122 [INFO] AnalyticsPlugin:253 - Accepted Software Licenses: STM32CubeMX.6.0.0,STM32CubeMX.5.2.0
2023-12-04 09:25:20,123 [INFO] AnalyticsPlugin:255 - Accepted CMSIS Pack Licenses: 
2023-12-04 09:25:20,123 [INFO] AnalyticsPlugin:257 - Accepted Firmware Licenses: 
2023-12-04 09:25:20,128 [INFO] PluginManage:359 - Loaded plugin analytics (category:tool,tabindex:-1)
2023-12-04 09:25:20,129 [INFO] PluginManage:310 - Check plugin cadmodel
2023-12-04 09:25:20,164 [INFO] CADModel:105 - Init CAD model plugin
2023-12-04 09:25:20,165 [INFO] PluginManage:359 - Loaded plugin cadmodel (category:power,tabindex:5)
2023-12-04 09:25:20,166 [INFO] PluginManage:310 - Check plugin clock
2023-12-04 09:25:20,213 [INFO] PluginManage:359 - Loaded plugin clock (category:base,tabindex:2)
2023-12-04 09:25:20,214 [INFO] PluginManage:310 - Check plugin ddr
2023-12-04 09:25:20,221 [INFO] PluginManage:359 - Loaded plugin ddr (category:tool,tabindex:6)
2023-12-04 09:25:20,221 [INFO] PluginManage:310 - Check plugin filemanager
2023-12-04 09:25:20,552 [INFO] PluginManage:359 - Loaded plugin filemanager (category:base,tabindex:10)
2023-12-04 09:25:20,552 [INFO] PluginManage:310 - Check plugin ipmanager
2023-12-04 09:25:20,572 [INFO] PluginManage:359 - Loaded plugin ipmanager (category:base,tabindex:5)
2023-12-04 09:25:20,572 [INFO] PluginManage:310 - Check plugin lpbam
2023-12-04 09:25:20,616 [INFO] PluginManage:359 - Loaded plugin lpbam (category:base,tabindex:0)
2023-12-04 09:25:20,616 [INFO] PluginManage:310 - Check plugin memorymap
2023-12-04 09:25:20,665 [INFO] PluginManage:359 - Loaded plugin memorymap (category:base,tabindex:4)
2023-12-04 09:25:20,666 [INFO] PluginManage:310 - Check plugin pinoutandconfiguration
2023-12-04 09:25:20,703 [INFO] PluginManage:359 - Loaded plugin pinoutandconfiguration (category:base,tabindex:1)
2023-12-04 09:25:20,704 [INFO] PluginManage:310 - Check plugin pinoutconfig
2023-12-04 09:25:20,961 [WARN] SupportedApi:132 - Cannot load RTOS API schema: s4s-elt-must-match.1: The content of 'definitions' must match (annotation?, (simpleType | complexType)?, (unique | key | keyref)*)). A problem was found starting at: attribute.
2023-12-04 09:25:21,308 [INFO] PluginManage:359 - Loaded plugin pinoutconfig (category:base,tabindex:0)
2023-12-04 09:25:21,308 [INFO] PluginManage:310 - Check plugin power
2023-12-04 09:25:21,358 [INFO] PluginManage:359 - Loaded plugin power (category:power,tabindex:4)
2023-12-04 09:25:21,358 [INFO] PluginManage:310 - Check plugin projectmanager
2023-12-04 09:25:21,392 [INFO] PluginManage:359 - Loaded plugin projectmanager (category:projectmanager,tabindex:3)
2023-12-04 09:25:21,393 [INFO] PluginManage:310 - Check plugin thirdparty
2023-12-04 09:25:22,064 [INFO] PluginManage:359 - Loaded plugin thirdparty (category:base,tabindex:-1)
2023-12-04 09:25:22,064 [WARN] IntegrityCheckThread:84 - waiting for thirdparty lock release [integrity check]
2023-12-04 09:25:22,065 [INFO] IntegrityCheckThread:86 - entering critical section [integrity check]
2023-12-04 09:25:22,065 [INFO] PluginManage:310 - Check plugin tools
2023-12-04 09:25:22,066 [INFO] ThirdPartyUpdaterWithRetryManager:70 - Updater plugin not ready yet. [1/15]
2023-12-04 09:25:22,155 [INFO] PluginManage:359 - Loaded plugin tools (category:base,tabindex:7)
2023-12-04 09:25:22,155 [INFO] PluginManage:310 - Check plugin tutovideos
2023-12-04 09:25:22,654 [INFO] PluginManage:359 - Loaded plugin tutovideos (category:base,tabindex:-1)
2023-12-04 09:25:22,655 [INFO] PluginManage:310 - Check plugin updater
2023-12-04 09:25:22,679 [INFO] PluginManage:359 - Loaded plugin updater (category:base,tabindex:12)
2023-12-04 09:25:22,680 [INFO] PluginManage:310 - Check plugin userauth
2023-12-04 09:25:22,692 [INFO] UserAuth:113 - Init User Auth plugin
2023-12-04 09:25:22,692 [INFO] PluginManage:359 - Loaded plugin userauth (category:base,tabindex:14)
2023-12-04 09:25:22,693 [INFO] PluginManage:283 - PluginManage : Loaded plugins [17]
2023-12-04 09:25:23,230 [INFO] PinOutPanel:1499 - setPackage(No Configuration,No Configuration)
2023-12-04 09:25:23,484 [INFO] CADModel:165 - CPN selected for project level
2023-12-04 09:25:23,484 [INFO] CADModel:114 - Register for checkConnection events
2023-12-04 09:25:23,541 [INFO] IPUIPlugin:80 - create IPUIPlugin
2023-12-04 09:25:23,541 [INFO] PluginManager:220 - loadIPPluginJar : add adc
2023-12-04 09:25:23,606 [INFO] IPUIPlugin:80 - create IPUIPlugin
2023-12-04 09:25:23,606 [INFO] PluginManager:220 - loadIPPluginJar : add aes
2023-12-04 09:25:23,702 [INFO] IPUIPlugin:80 - create IPUIPlugin
2023-12-04 09:25:23,703 [INFO] PluginManager:220 - loadIPPluginJar : add can
2023-12-04 09:25:23,755 [INFO] IPUIPlugin:80 - create IPUIPlugin
2023-12-04 09:25:23,755 [INFO] PluginManager:220 - loadIPPluginJar : add comp
2023-12-04 09:25:23,835 [INFO] IPUIPlugin:80 - create IPUIPlugin
2023-12-04 09:25:23,836 [INFO] PluginManager:220 - loadIPPluginJar : add cryp
2023-12-04 09:25:23,910 [INFO] IPUIPlugin:80 - create IPUIPlugin
2023-12-04 09:25:23,910 [INFO] PluginManager:220 - loadIPPluginJar : add dfsdm
2023-12-04 09:25:23,952 [INFO] IPUIPlugin:80 - create IPUIPlugin
2023-12-04 09:25:23,954 [INFO] PluginManager:220 - loadIPPluginJar : add dma
2023-12-04 09:25:24,058 [INFO] IPUIPlugin:80 - create IPUIPlugin
2023-12-04 09:25:24,058 [INFO] PluginManager:220 - loadIPPluginJar : add dma3
2023-12-04 09:25:24,105 [INFO] IPUIPlugin:80 - create IPUIPlugin
2023-12-04 09:25:24,106 [INFO] PluginManager:220 - loadIPPluginJar : add fatfs
2023-12-04 09:25:24,220 [INFO] IPUIPlugin:80 - create IPUIPlugin
2023-12-04 09:25:24,220 [INFO] PluginManager:220 - loadIPPluginJar : add fmc
2023-12-04 09:25:24,252 [INFO] IPUIPlugin:80 - create IPUIPlugin
2023-12-04 09:25:24,252 [INFO] PluginManager:220 - loadIPPluginJar : add freertos
2023-12-04 09:25:24,294 [INFO] IPUIPlugin:80 - create IPUIPlugin
2023-12-04 09:25:24,294 [INFO] PluginManager:220 - loadIPPluginJar : add genericplugin
2023-12-04 09:25:24,507 [INFO] IPUIPlugin:80 - create IPUIPlugin
2023-12-04 09:25:24,507 [INFO] PluginManager:220 - loadIPPluginJar : add gfxmmu
2023-12-04 09:25:24,813 [INFO] IPUIPlugin:80 - create IPUIPlugin
2023-12-04 09:25:24,813 [INFO] PluginManager:220 - loadIPPluginJar : add gic
2023-12-04 09:25:24,841 [INFO] IPUIPlugin:80 - create IPUIPlugin
2023-12-04 09:25:24,841 [INFO] PluginManager:220 - loadIPPluginJar : add gpio
2023-12-04 09:25:25,032 [INFO] IPUIPlugin:80 - create IPUIPlugin
2023-12-04 09:25:25,032 [INFO] PluginManager:220 - loadIPPluginJar : add gtzc
2023-12-04 09:25:25,067 [INFO] ThirdPartyUpdaterWithRetryManager:70 - Updater plugin not ready yet. [2/15]
2023-12-04 09:25:25,100 [INFO] IPUIPlugin:80 - create IPUIPlugin
2023-12-04 09:25:25,100 [INFO] PluginManager:220 - loadIPPluginJar : add hash
2023-12-04 09:25:25,190 [INFO] IPUIPlugin:80 - create IPUIPlugin
2023-12-04 09:25:25,190 [INFO] PluginManager:220 - loadIPPluginJar : add i2c
2023-12-04 09:25:25,259 [INFO] IPUIPlugin:80 - create IPUIPlugin
2023-12-04 09:25:25,259 [INFO] PluginManager:220 - loadIPPluginJar : add i2s
2023-12-04 09:25:25,338 [INFO] IPUIPlugin:80 - create IPUIPlugin
2023-12-04 09:25:25,338 [INFO] PluginManager:220 - loadIPPluginJar : add i3c
2023-12-04 09:25:25,557 [INFO] IPUIPlugin:80 - create IPUIPlugin
2023-12-04 09:25:25,557 [INFO] PluginManager:220 - loadIPPluginJar : add ipddr
2023-12-04 09:25:25,762 [INFO] IPUIPlugin:80 - create IPUIPlugin
2023-12-04 09:25:25,762 [INFO] PluginManager:220 - loadIPPluginJar : add linkedlist
2023-12-04 09:25:25,845 [INFO] IPUIPlugin:80 - create IPUIPlugin
2023-12-04 09:25:25,845 [INFO] PluginManager:220 - loadIPPluginJar : add lorawan
2023-12-04 09:25:25,931 [INFO] IPUIPlugin:80 - create IPUIPlugin
2023-12-04 09:25:25,932 [INFO] PluginManager:220 - loadIPPluginJar : add ltdc
2023-12-04 09:25:25,958 [INFO] IPUIPlugin:80 - create IPUIPlugin
2023-12-04 09:25:25,958 [INFO] PluginManager:220 - loadIPPluginJar : add mdma
2023-12-04 09:25:25,979 [INFO] IPUIPlugin:80 - create IPUIPlugin
2023-12-04 09:25:25,979 [INFO] PluginManager:220 - loadIPPluginJar : add nvic
2023-12-04 09:25:26,043 [INFO] IPUIPlugin:80 - create IPUIPlugin
2023-12-04 09:25:26,044 [INFO] PluginManager:220 - loadIPPluginJar : add opamp
2023-12-04 09:25:26,150 [INFO] IPUIPlugin:80 - create IPUIPlugin
2023-12-04 09:25:26,151 [INFO] PluginManager:220 - loadIPPluginJar : add openamp
2023-12-04 09:25:26,246 [INFO] IPUIPlugin:80 - create IPUIPlugin
2023-12-04 09:25:26,246 [INFO] PluginManager:220 - loadIPPluginJar : add pdm2pcm
2023-12-04 09:25:26,277 [INFO] IPUIPlugin:80 - create IPUIPlugin
2023-12-04 09:25:26,282 [INFO] PluginManager:220 - loadIPPluginJar : add plateformsettings
2023-12-04 09:25:26,316 [INFO] IPUIPlugin:80 - create IPUIPlugin
2023-12-04 09:25:26,316 [INFO] PluginManager:220 - loadIPPluginJar : add quadspi
2023-12-04 09:25:26,337 [INFO] IPUIPlugin:80 - create IPUIPlugin
2023-12-04 09:25:26,337 [INFO] PluginManager:220 - loadIPPluginJar : add resmgrutility
2023-12-04 09:25:26,449 [INFO] IPUIPlugin:80 - create IPUIPlugin
2023-12-04 09:25:26,450 [INFO] PluginManager:220 - loadIPPluginJar : add sai
2023-12-04 09:25:26,530 [INFO] IPUIPlugin:80 - create IPUIPlugin
2023-12-04 09:25:26,530 [INFO] PluginManager:220 - loadIPPluginJar : add spi
2023-12-04 09:25:26,645 [INFO] IPUIPlugin:80 - create IPUIPlugin
2023-12-04 09:25:26,645 [INFO] PluginManager:220 - loadIPPluginJar : add stm32_wpan
2023-12-04 09:25:26,699 [INFO] IPUIPlugin:80 - create IPUIPlugin
2023-12-04 09:25:26,699 [INFO] PluginManager:220 - loadIPPluginJar : add tim
2023-12-04 09:25:26,792 [INFO] IPUIPlugin:80 - create IPUIPlugin
2023-12-04 09:25:26,793 [INFO] PluginManager:220 - loadIPPluginJar : add touchsensing
2023-12-04 09:25:26,845 [INFO] IPUIPlugin:80 - create IPUIPlugin
2023-12-04 09:25:26,845 [INFO] PluginManager:220 - loadIPPluginJar : add tracer_emb
2023-12-04 09:25:26,899 [INFO] IPUIPlugin:80 - create IPUIPlugin
2023-12-04 09:25:26,899 [INFO] PluginManager:220 - loadIPPluginJar : add ts
2023-12-04 09:25:26,944 [INFO] IPUIPlugin:80 - create IPUIPlugin
2023-12-04 09:25:26,944 [INFO] PluginManager:220 - loadIPPluginJar : add tsc
2023-12-04 09:25:26,994 [INFO] IPUIPlugin:80 - create IPUIPlugin
2023-12-04 09:25:26,994 [INFO] PluginManager:220 - loadIPPluginJar : add ucpd
2023-12-04 09:25:27,081 [INFO] IPUIPlugin:80 - create IPUIPlugin
2023-12-04 09:25:27,081 [INFO] PluginManager:220 - loadIPPluginJar : add usart
2023-12-04 09:25:27,198 [INFO] IPUIPlugin:80 - create IPUIPlugin
2023-12-04 09:25:27,198 [INFO] PluginManager:220 - loadIPPluginJar : add usbx
2023-12-04 09:25:27,425 [INFO] CADModel:165 - CPN selected for project level
2023-12-04 09:25:27,426 [INFO] CADModel:114 - Register for checkConnection events
2023-12-04 09:25:27,426 [FATAL] Updater:308 - Updater called before beeing initialized
2023-12-04 09:25:27,426 [ERROR] CADModel:125 - Updater not yet initialized, retry later 
2023-12-04 09:25:27,756 [INFO] CADModel:165 - CPN selected for project level
2023-12-04 09:25:27,756 [INFO] CADModel:114 - Register for checkConnection events
2023-12-04 09:25:27,757 [FATAL] Updater:308 - Updater called before beeing initialized
2023-12-04 09:25:27,757 [ERROR] CADModel:125 - Updater not yet initialized, retry later 
2023-12-04 09:25:27,763 [FATAL] Updater:308 - Updater called before beeing initialized
2023-12-04 09:25:27,992 [FATAL] Updater:308 - Updater called before beeing initialized
2023-12-04 09:25:28,006 [INFO] DbMcusAds:53 - JSON generation date=Wed Nov 29 19:52:38 JST 2023 (1701255158764)
2023-12-04 09:25:28,006 [FATAL] Updater:308 - Updater called before beeing initialized
2023-12-04 09:25:28,068 [INFO] ThirdPartyUpdaterWithRetryManager:70 - Updater plugin not ready yet. [3/15]
2023-12-04 09:25:28,177 [WARN] DetailPanel:346 - Failed to get advertising image, set to default
2023-12-04 09:25:28,398 [FATAL] Updater:308 - Updater called before beeing initialized
2023-12-04 09:25:28,402 [FATAL] Updater:308 - Updater called before beeing initialized
2023-12-04 09:25:28,402 [FATAL] Updater:308 - Updater called before beeing initialized
2023-12-04 09:25:28,403 [WARN] DetailPanel:346 - Failed to get advertising image, set to default
2023-12-04 09:25:28,405 [FATAL] Updater:308 - Updater called before beeing initialized
2023-12-04 09:25:28,552 [ERROR] Updater:1120 - MainUpdater not yet initialized. External WinMGr cannot be set.
2023-12-04 09:25:28,575 [INFO] Updater:1056 - Updater Version found : 6.9.1
2023-12-04 09:25:28,615 [INFO] ApplicationProperties:184 - Using Application install path: C:\ST\STM32CubeIDE_1.4.0\STM32CubeIDE\plugins\com.st.stm32cube.common.mx_6.9.1.202307191849
2023-12-04 09:25:28,873 [INFO] MainUpdater:2868 - connection check result : 10
2023-12-04 09:25:28,875 [INFO] MainUpdater:285 - Updater Check For Update Now.
2023-12-04 09:25:28,875 [INFO] MicroXplorer:498 - Change Database Version : DB.6.0.91
2023-12-04 09:25:28,909 [INFO] McuFinderGlobals:63 - Set McuFinder mode to 2 (CubeIDE integrated)
2023-12-04 09:25:28,910 [INFO] UserAuth:179 - activating auth plugin
2023-12-04 09:25:28,915 [INFO] UserAuth:393 - Internet connection configuration mode: 1
2023-12-04 09:25:28,951 [INFO] JxBrowserEngine:151 - Initiate JxBrowser Engine with user profile folder
2023-12-04 09:25:29,166 [INFO] CheckServerUpdateThread:120 - End of CheckServer Thread
2023-12-04 09:25:30,747 [INFO] WebApp:157 - Instantiating new browser for Auth
2023-12-04 09:25:31,599 [WARN] PackLoader:240 - Cannot read IP mode file for STMicroelectronics.X-CUBE-SMBUS.2.1.0
2023-12-04 09:25:31,700 [WARN] PackLoader:240 - Cannot read IP mode file for STMicroelectronics.X-CUBE-AZRTOS-F7.1.1.0
2023-12-04 09:25:31,724 [ERROR] RealEvaluatedCondition:428 - Found unsupported composite condition: GROUP='STM32_MetaDataManager' CLASS='Data Exchange'
2023-12-04 09:25:31,725 [ERROR] RealEvaluatedCondition:428 - Found unsupported composite condition: CLASS='Data Exchange' GROUP='STM32_MetaDataManager'
2023-12-04 09:25:31,728 [WARN] PackLoader:240 - Cannot read IP mode file for STMicroelectronics.FP-SNS-MOTENV1.4.3.0
2023-12-04 09:25:31,749 [WARN] PackLoader:240 - Cannot read IP mode file for STMicroelectronics.FP-SNS-MOTENV1.4.3.2
2023-12-04 09:25:31,766 [WARN] PackLoader:240 - Cannot read IP mode file for STMicroelectronics.FP-SNS-FLIGHT1.5.0.0
2023-12-04 09:25:31,776 [ERROR] RealEvaluatedCondition:428 - Found unsupported composite condition: CLASS='Data Exchange' GROUP='STM32_MetaDataManager'
2023-12-04 09:25:31,776 [ERROR] RealEvaluatedCondition:428 - Found unsupported composite condition: CLASS='Data Exchange' GROUP='STM32_MetaDataManager'
2023-12-04 09:25:31,780 [WARN] PackLoader:240 - Cannot read IP mode file for STMicroelectronics.FP-SNS-MOTENV1.4.3.1
2023-12-04 09:25:31,796 [WARN] PackLoader:240 - Cannot read IP mode file for STMicroelectronics.FP-SNS-FLIGHT1.5.0.1
2023-12-04 09:25:31,827 [WARN] PackLoader:240 - Cannot read IP mode file for STMicroelectronics.X-CUBE-BLE1.6.2.4
2023-12-04 09:25:31,844 [WARN] PackLoader:240 - Cannot read IP mode file for STMicroelectronics.FP-SNS-FLIGHT1.5.0.2
2023-12-04 09:25:31,869 [WARN] PackLoader:240 - Cannot read IP mode file for STMicroelectronics.X-CUBE-DISPLAY.3.0.0
2023-12-04 09:25:32,037 [WARN] PackLoader:240 - Cannot read IP mode file for STMicroelectronics.X-CUBE-BLE1.7.0.0
2023-12-04 09:25:32,087 [WARN] PackLoader:240 - Cannot read IP mode file for STMicroelectronics.X-CUBE-TOUCHGFX.4.22.0
2023-12-04 09:25:32,094 [WARN] PackLoader:240 - Cannot read IP mode file for STMicroelectronics.X-CUBE-TOUCHGFX.4.22.1
2023-12-04 09:25:32,114 [WARN] PackLoader:240 - Cannot read IP mode file for STMicroelectronics.FP-SNS-SMARTAG2.1.2.0
2023-12-04 09:25:32,152 [INFO] LogOutputStream:77 - [STDOUT_REDIRECT] 1 : Invalid condition id : UX_CORESTACK_Condition cause : null
2023-12-04 09:25:32,155 [INFO] LogOutputStream:77 - [STDOUT_REDIRECT] 1 : Invalid condition id : UX_CORESTACK_Condition cause : null
2023-12-04 09:25:32,158 [INFO] LogOutputStream:77 - [STDOUT_REDIRECT] 1 : Invalid condition id : UX_CORESTACK_Condition cause : null
2023-12-04 09:25:32,163 [INFO] LogOutputStream:77 - [STDOUT_REDIRECT] 1 : Invalid condition id : UX_CORESTACK_Condition cause : null
2023-12-04 09:25:32,168 [INFO] LogOutputStream:77 - [STDOUT_REDIRECT] 1 : Invalid condition id : UX_CORESTACK_Condition cause : null
2023-12-04 09:25:32,182 [WARN] PackLoader:240 - Cannot read IP mode file for STMicroelectronics.X-CUBE-AZRTOS-WL.2.0.0
2023-12-04 09:25:32,207 [WARN] PackLoader:240 - Cannot read IP mode file for WES.I-CUBE-Cesium.1.3.0
2023-12-04 09:25:32,220 [WARN] PackLoader:240 - Cannot read IP mode file for STMicroelectronics.X-CUBE-BLE2.3.3.0
2023-12-04 09:25:32,248 [WARN] PackLoader:240 - Cannot read IP mode file for STMicroelectronics.X-CUBE-TOF1.3.2.0
2023-12-04 09:25:32,276 [WARN] PackLoader:240 - Cannot read IP mode file for STMicroelectronics.X-CUBE-TOUCHGFX.4.21.1
2023-12-04 09:25:32,292 [WARN] PackLoader:240 - Cannot read IP mode file for STMicroelectronics.X-CUBE-TOUCHGFX.4.21.3
2023-12-04 09:25:32,308 [WARN] PackLoader:240 - Cannot read IP mode file for STMicroelectronics.X-CUBE-TOUCHGFX.4.21.4
2023-12-04 09:25:32,325 [WARN] PackLoader:240 - Cannot read IP mode file for STMicroelectronics.X-CUBE-ALGOBUILD.1.3.0
2023-12-04 09:25:32,374 [WARN] PackLoader:240 - Cannot read IP mode file for STMicroelectronics.X-CUBE-AZRTOS-G0.1.1.0
2023-12-04 09:25:32,394 [WARN] PackLoader:240 - Cannot read IP mode file for STMicroelectronics.X-CUBE-NFC4.3.0.0
2023-12-04 09:25:32,419 [WARN] PackLoader:240 - Cannot read IP mode file for STMicroelectronics.X-CUBE-BLEMGR.3.0.0
2023-12-04 09:25:32,434 [WARN] PackLoader:240 - Cannot read IP mode file for STMicroelectronics.FP-ATR-SIGFOX1.3.2.0
2023-12-04 09:25:32,539 [WARN] PackLoader:240 - Cannot read IP mode file for STMicroelectronics.X-CUBE-MEMS1.9.5.0
2023-12-04 09:25:33,064 [WARN] PackLoader:240 - Cannot read IP mode file for SEGGER.I-CUBE-embOS.1.3.1
2023-12-04 09:25:33,074 [INFO] WebApp:753 - Register for checkConnection events
2023-12-04 09:25:33,074 [INFO] WebApp:390 - Apply proxy settings
2023-12-04 09:25:33,075 [INFO] WebApp:475 - Chromium requires no authentication
2023-12-04 09:25:33,102 [INFO] WebApp:418 - Direct internet connection detected
2023-12-04 09:25:33,170 [WARN] PackLoader:240 - Cannot read IP mode file for STMicroelectronics.X-CUBE-GNSS1.6.0.0
2023-12-04 09:25:33,211 [WARN] PackLoader:240 - Cannot read IP mode file for STMicroelectronics.X-CUBE-AZRTOS-F4.1.1.0
2023-12-04 09:25:33,254 [WARN] PackLoader:240 - Cannot read IP mode file for STMicroelectronics.X-CUBE-AZRTOS-L5.2.0.0
2023-12-04 09:25:33,356 [WARN] PackLoader:240 - Cannot read IP mode file for STMicroelectronics.X-CUBE-MEMS1.9.6.0
2023-12-04 09:25:33,663 [INFO] WebApp:188 - Starting web application
2023-12-04 09:25:33,664 [INFO] WebApp:520 - Web application path used C:\ST\STM32CubeIDE_1.4.0\STM32CubeIDE\plugins\com.st.stm32cube.common.mx_6.9.1.202307191849\db\plugins\mcufinder\reactClient1\index.html
2023-12-04 09:25:33,755 [WARN] PackLoader:240 - Cannot read IP mode file for STMicroelectronics.X-CUBE-EEPRMA1.4.2.0
2023-12-04 09:25:33,767 [WARN] PackLoader:240 - Cannot read IP mode file for ITTIA_DB.I-CUBE-ITTIADB.8.8.0
2023-12-04 09:25:33,784 [WARN] PackLoader:240 - Cannot read IP mode file for emotas.I-CUBE-CANOPEN.1.1.3
2023-12-04 09:25:33,803 [WARN] PackLoader:240 - Cannot read IP mode file for STMicroelectronics.X-CUBE-BLEMGR.2.0.0
2023-12-04 09:25:33,860 [WARN] ConditionMgr:438 - getConditionDescription Invalid condition id : UX DEVICE CLASS RTOS Condition cause : null
2023-12-04 09:25:33,861 [WARN] ConditionMgr:438 - getConditionDescription Invalid condition id : UX DEVICE CLASS RTOS Condition cause : null
2023-12-04 09:25:33,869 [WARN] PackLoader:240 - Cannot read IP mode file for STMicroelectronics.X-CUBE-AZRTOS-H7.3.1.0
2023-12-04 09:25:33,871 [WARN] ConditionMgr:1039 - genDependencies : Invalid condition id : UX DEVICE CLASS RTOS Condition cause : null
2023-12-04 09:25:33,871 [WARN] ConditionMgr:1039 - genDependencies : Invalid condition id : UX DEVICE CLASS RTOS Condition cause : null
2023-12-04 09:25:33,873 [WARN] ConditionMgr:1039 - genDependencies : Invalid condition id : UX DEVICE CLASS RTOS Condition cause : null
2023-12-04 09:25:33,874 [WARN] ConditionMgr:1039 - genDependencies : Invalid condition id : UX DEVICE CLASS RTOS Condition cause : null
2023-12-04 09:25:33,875 [WARN] ConditionMgr:1039 - genDependencies : Invalid condition id : UX DEVICE CLASS RTOS Condition cause : null
2023-12-04 09:25:33,888 [WARN] PackLoader:240 - Cannot read IP mode file for wolfSSL.I-CUBE-wolfSSL.5.5.4
2023-12-04 09:25:33,901 [WARN] PackLoader:240 - Cannot read IP mode file for STMicroelectronics.X-CUBE-NFC7.1.0.1
2023-12-04 09:25:33,914 [WARN] PackLoader:240 - Cannot read IP mode file for STMicroelectronics.X-CUBE-NFC7.1.0.0
2023-12-04 09:25:33,933 [WARN] PackLoader:240 - Cannot read IP mode file for STMicroelectronics.X-CUBE-NFC6.3.0.0
2023-12-04 09:25:33,949 [WARN] PackLoader:240 - Cannot read IP mode file for STMicroelectronics.X-CUBE-EEPRMA1.4.1.0
2023-12-04 09:25:33,959 [WARN] PackLoader:240 - Cannot read IP mode file for STMicroelectronics.X-CUBE-AI.8.1.0
2023-12-04 09:25:34,001 [WARN] ConditionMgr:438 - getConditionDescription Invalid condition id : LAN8742 Phy interface Condition cause : null
2023-12-04 09:25:34,002 [WARN] PackLoader:240 - Cannot read IP mode file for STMicroelectronics.X-CUBE-AZRTOS-L4.2.0.0
2023-12-04 09:25:34,005 [WARN] ConditionMgr:1039 - genDependencies : Invalid condition id : LAN8742 Phy interface Condition cause : null
2023-12-04 09:25:34,006 [WARN] ConditionMgr:1039 - genDependencies : Invalid condition id : LAN8742 Phy interface Condition cause : null
2023-12-04 09:25:34,008 [WARN] ConditionMgr:1039 - genDependencies : Invalid condition id : LAN8742 Phy interface Condition cause : null
2023-12-04 09:25:34,036 [WARN] PackLoader:240 - Cannot read IP mode file for STMicroelectronics.X-CUBE-SFXS2LP1.4.0.0
2023-12-04 09:25:34,083 [WARN] PackLoader:240 - Cannot read IP mode file for STMicroelectronics.X-CUBE-AZRTOS-H7.3.0.0
2023-12-04 09:25:34,098 [WARN] PackLoader:240 - Cannot read IP mode file for STMicroelectronics.X-CUBE-ISPU.1.1.0
2023-12-04 09:25:34,115 [WARN] PackLoader:240 - Cannot read IP mode file for RoweBots.I-CUBE-UNISONRTOS.5.5.0-4
2023-12-04 09:25:34,122 [WARN] PackLoader:240 - Cannot read IP mode file for STMicroelectronics.X-CUBE-AI.8.0.0
2023-12-04 09:25:34,147 [WARN] ConditionMgr:438 - getConditionDescription Invalid condition id : UX DEVICE CLASS RTOS Condition cause : null
2023-12-04 09:25:34,148 [WARN] ConditionMgr:438 - getConditionDescription Invalid condition id : UX DEVICE CLASS RTOS Condition cause : null
2023-12-04 09:25:34,153 [WARN] PackLoader:240 - Cannot read IP mode file for STMicroelectronics.X-CUBE-AZRTOS-WB.2.0.0
2023-12-04 09:25:34,154 [WARN] ConditionMgr:1039 - genDependencies : Invalid condition id : UX DEVICE CLASS RTOS Condition cause : null
2023-12-04 09:25:34,154 [WARN] ConditionMgr:1039 - genDependencies : Invalid condition id : UX DEVICE CLASS RTOS Condition cause : null
2023-12-04 09:25:34,155 [WARN] ConditionMgr:1039 - genDependencies : Invalid condition id : UX DEVICE CLASS RTOS Condition cause : null
2023-12-04 09:25:34,156 [WARN] ConditionMgr:1039 - genDependencies : Invalid condition id : UX DEVICE CLASS RTOS Condition cause : null
2023-12-04 09:25:34,156 [WARN] ConditionMgr:1039 - genDependencies : Invalid condition id : UX DEVICE CLASS RTOS Condition cause : null
2023-12-04 09:25:34,172 [WARN] PackLoader:240 - Cannot read IP mode file for STMicroelectronics.X-CUBE-FREERTOS.1.0.0
2023-12-04 09:25:34,182 [WARN] PackLoader:240 - Cannot read IP mode file for STMicroelectronics.X-CUBE-FREERTOS.1.0.1
2023-12-04 09:25:34,217 [WARN] PackLoader:240 - Cannot read IP mode file for STMicroelectronics.X-CUBE-AZRTOS-L5.1.1.0
2023-12-04 09:25:34,229 [WARN] PackLoader:240 - Cannot read IP mode file for STMicroelectronics.X-CUBE-AI.8.0.1
2023-12-04 09:25:34,254 [WARN] PackLoader:240 - Cannot read IP mode file for STMicroelectronics.X-CUBE-SUBG2.5.0.0
2023-12-04 09:25:34,317 [WARN] PackLoader:240 - Cannot read IP mode file for STMicroelectronics.X-CUBE-TOF1.3.3.1
2023-12-04 09:25:34,387 [WARN] PackLoader:240 - Cannot read IP mode file for STMicroelectronics.X-CUBE-AZRTOS-G4.2.0.0
2023-12-04 09:25:34,423 [WARN] PackLoader:240 - Cannot read IP mode file for STMicroelectronics.X-CUBE-TOF1.3.3.0
2023-12-04 09:25:34,465 [WARN] PackLoader:240 - Cannot read IP mode file for STMicroelectronics.FP-ATR-ASTRA1.1.1.1
2023-12-04 09:25:34,494 [WARN] PackLoader:240 - Cannot read IP mode file for Infineon.AIROC-Wi-Fi-Bluetooth-STM32.1.5.1
2023-12-04 09:25:34,510 [WARN] PackLoader:240 - Cannot read IP mode file for STMicroelectronics.FP-SNS-MOTENVWB1.1.3.0
2023-12-04 09:25:34,519 [WARN] PackLoader:240 - Cannot read IP mode file for STMicroelectronics.FP-SNS-MOTENVWB1.1.3.1
2023-12-04 09:25:34,548 [WARN] PackLoader:240 - Cannot read IP mode file for STMicroelectronics.X-CUBE-AZRTOS-G4.1.0.0
2023-12-04 09:25:34,596 [WARN] PackLoader:240 - Cannot read IP mode file for STMicroelectronics.X-CUBE-AZRTOS-L4.1.0.0
2023-12-04 09:25:34,754 [WARN] PackLoader:240 - Cannot read IP mode file for STMicroelectronics.X-CUBE-MEMS1.10.0.0
2023-12-04 09:25:35,075 [WARN] PackLoader:240 - Cannot read IP mode file for STMicroelectronics.X-CUBE-FREERTOS.1.1.0
2023-12-04 09:25:35,097 [WARN] PackLoader:240 - Cannot read IP mode file for STMicroelectronics.X-CUBE-AZRTOS-WL.1.0.0
2023-12-04 09:25:35,110 [WARN] PackLoader:240 - Cannot read IP mode file for portGmbH.I-Cube-SoM-uGOAL.1.1.0
2023-12-04 09:25:35,119 [WARN] PackLoader:240 - Cannot read IP mode file for STMicroelectronics.X-CUBE-ALS.1.0.1
2023-12-04 09:25:35,144 [WARN] PackLoader:240 - Cannot read IP mode file for STMicroelectronics.X-CUBE-AZRTOS-WB.1.1.0
2023-12-04 09:25:35,154 [WARN] PackLoader:240 - Cannot read IP mode file for STMicroelectronics.FP-ATR-ASTRA1.2.0.0
2023-12-04 09:25:35,181 [WARN] PackLoader:240 - Cannot read IP mode file for STMicroelectronics.X-CUBE-TOF1.3.4.0
2023-12-04 09:25:35,214 [INFO] ThirdParty:978 - Integrity check success = true
2023-12-04 09:25:35,214 [INFO] IntegrityCheckThread:100 - exiting critical section [integrity check]
2023-12-04 09:25:35,214 [INFO] IntegrityCheckThread:103 - End integrity checks thread
2023-12-04 10:13:21,549 [ERROR] LogOutputStream:75 - [STDERR_REDIRECT] SLF4J: Failed to load class "org.slf4j.impl.StaticLoggerBinder".
2023-12-04 10:13:21,554 [ERROR] LogOutputStream:75 - [STDERR_REDIRECT] SLF4J: Defaulting to no-operation (NOP) logger implementation
2023-12-04 10:13:21,557 [ERROR] LogOutputStream:75 - [STDERR_REDIRECT] SLF4J: See http://www.slf4j.org/codes.html#StaticLoggerBinder for further details.
