2024-11-20 18:47:35,825 [INFO] Activator:176 - 


2024-11-20 18:47:35,843 [INFO] Activator:177 - !SESSION log4j initialized
2024-11-20 18:47:53,024 [INFO] LogOutputStream:77 - [STDOUT_REDIRECT] 
2024-11-20 18:48:02,389 [INFO] ApplicationProperties:184 - Using Application install path: C:\ST\STM32CubeIDE_1.4.0\STM32CubeIDE\plugins\com.st.stm32cube.common.mx_6.9.1.202307191849
2024-11-20 18:48:02,433 [INFO] DbMcusXml:78 - Set database path to: C:\ST\STM32CubeIDE_1.4.0\STM32CubeIDE\plugins\com.st.stm32cube.common.mx_6.9.1.202307191849\\db\/mcu/
2024-11-20 18:48:02,434 [INFO] ApiDb:274 - Set plugin database path to: C:\ST\STM32CubeIDE_1.4.0\STM32CubeIDE\plugins\com.st.stm32cube.common.mx_6.9.1.202307191849\\db\/plugins/boardmanager/
2024-11-20 18:48:02,436 [WARN] ApiDb:259 - Overriding images path with different value:  => C:\ST\STM32CubeIDE_1.4.0\STM32CubeIDE\plugins\com.st.stm32cube.common.mx_6.9.1.202307191849\\db\/plugins/mcufinder/images/
2024-11-20 18:48:02,463 [INFO] ApiDb:250 - Set database path to: C:\Users\Minh\.stmcufinder\plugins\mcufinder//mcu/
2024-11-20 18:48:02,466 [INFO] DbMcusAds:125 - Set database path to: C:\Users\Minh\.stmcufinder\plugins\mcufinder//mcu/
2024-11-20 18:48:02,470 [INFO] CrossReferenceDbSqlite:203 - Set database path to: C:\Users\Minh\.stmcufinder\plugins\mcufinder//mcu/cs/
2024-11-20 18:48:02,807 [INFO] RulesReader:64 - Compatibility file has been processed (293 Rules)
2024-11-20 18:48:03,032 [INFO] DbMcusXml:78 - Set database path to: C:\ST\STM32CubeIDE_1.4.0\STM32CubeIDE\plugins\com.st.stm32cube.common.mx_6.9.1.202307191849\\db\/mcu/
2024-11-20 18:48:03,033 [INFO] ApiDb:274 - Set plugin database path to: C:\ST\STM32CubeIDE_1.4.0\STM32CubeIDE\plugins\com.st.stm32cube.common.mx_6.9.1.202307191849\\db\/plugins/boardmanager/
2024-11-20 18:48:03,033 [INFO] ApiDb:261 - Set plugin images path to: C:\ST\STM32CubeIDE_1.4.0\STM32CubeIDE\plugins\com.st.stm32cube.common.mx_6.9.1.202307191849\\db\/plugins/mcufinder/images/
2024-11-20 18:48:03,034 [WARN] DbFile:41 - Overriding database path with different value: C:\Users\Minh\.stmcufinder\plugins\mcufinder/ => C:\Users\Minh\.stmcufinder\plugins\mcufinder
2024-11-20 18:48:03,034 [INFO] ApiDb:250 - Set database path to: C:\Users\Minh\.stmcufinder\plugins\mcufinder//mcu/
2024-11-20 18:48:03,034 [WARN] DbFile:41 - Overriding database path with different value: C:\Users\Minh\.stmcufinder\plugins\mcufinder/ => C:\Users\Minh\.stmcufinder\plugins\mcufinder
2024-11-20 18:48:03,034 [INFO] DbMcusAds:125 - Set database path to: C:\Users\Minh\.stmcufinder\plugins\mcufinder//mcu/
2024-11-20 18:48:03,035 [WARN] DbFile:41 - Overriding database path with different value: C:\Users\Minh\.stmcufinder\plugins\mcufinder/ => C:\Users\Minh\.stmcufinder\plugins\mcufinder
2024-11-20 18:48:03,035 [WARN] DbFile:41 - Overriding database path with different value: C:\Users\Minh\.stmcufinder\plugins\mcufinder/ => C:\Users\Minh\.stmcufinder\plugins\mcufinder
2024-11-20 18:48:03,035 [INFO] CrossReferenceDbSqlite:203 - Set database path to: C:\Users\Minh\.stmcufinder\plugins\mcufinder//mcu/cs/
2024-11-20 18:48:03,218 [INFO] MainPanel:262 - HeapMemory: 268435456
2024-11-20 18:48:03,422 [INFO] DbMcusXml:78 - Set database path to: C:\ST\STM32CubeIDE_1.4.0\STM32CubeIDE\plugins\com.st.stm32cube.common.mx_6.9.1.202307191849\\db\/mcu/
2024-11-20 18:48:03,422 [INFO] ApiDb:274 - Set plugin database path to: C:\ST\STM32CubeIDE_1.4.0\STM32CubeIDE\plugins\com.st.stm32cube.common.mx_6.9.1.202307191849\\db\/plugins/boardmanager/
2024-11-20 18:48:03,422 [INFO] ApiDb:261 - Set plugin images path to: C:\ST\STM32CubeIDE_1.4.0\STM32CubeIDE\plugins\com.st.stm32cube.common.mx_6.9.1.202307191849\\db\/plugins/mcufinder/images/
2024-11-20 18:48:03,424 [WARN] DbFile:41 - Overriding database path with different value: C:\Users\Minh\.stmcufinder\plugins\mcufinder/ => C:\Users\Minh\.stmcufinder\plugins\mcufinder
2024-11-20 18:48:03,424 [INFO] ApiDb:250 - Set database path to: C:\Users\Minh\.stmcufinder\plugins\mcufinder//mcu/
2024-11-20 18:48:03,424 [WARN] DbFile:41 - Overriding database path with different value: C:\Users\Minh\.stmcufinder\plugins\mcufinder/ => C:\Users\Minh\.stmcufinder\plugins\mcufinder
2024-11-20 18:48:03,425 [INFO] DbMcusAds:125 - Set database path to: C:\Users\Minh\.stmcufinder\plugins\mcufinder//mcu/
2024-11-20 18:48:03,425 [WARN] DbFile:41 - Overriding database path with different value: C:\Users\Minh\.stmcufinder\plugins\mcufinder/ => C:\Users\Minh\.stmcufinder\plugins\mcufinder
2024-11-20 18:48:03,425 [WARN] DbFile:41 - Overriding database path with different value: C:\Users\Minh\.stmcufinder\plugins\mcufinder/ => C:\Users\Minh\.stmcufinder\plugins\mcufinder
2024-11-20 18:48:03,425 [INFO] CrossReferenceDbSqlite:203 - Set database path to: C:\Users\Minh\.stmcufinder\plugins\mcufinder//mcu/cs/
2024-11-20 18:48:03,480 [INFO] ApplicationProperties:184 - Using Application install path: C:\ST\STM32CubeIDE_1.4.0\STM32CubeIDE\plugins\com.st.stm32cube.common.mx_6.9.1.202307191849
2024-11-20 18:48:03,484 [INFO] PluginManage:196 - Search for loadable plugins [exclusion list=, ]
2024-11-20 18:48:03,488 [INFO] PluginManage:310 - Check plugin analytics
2024-11-20 18:48:08,470 [INFO] AnalyticsPlugin:253 - Accepted Software Licenses: STM32CubeMX.6.0.0,STM32CubeMX.5.2.0
2024-11-20 18:48:08,471 [INFO] AnalyticsPlugin:255 - Accepted CMSIS Pack Licenses: 
2024-11-20 18:48:08,471 [INFO] AnalyticsPlugin:257 - Accepted Firmware Licenses: 
2024-11-20 18:48:08,481 [INFO] PluginManage:359 - Loaded plugin analytics (category:tool,tabindex:-1)
2024-11-20 18:48:08,482 [INFO] PluginManage:310 - Check plugin cadmodel
2024-11-20 18:48:08,515 [INFO] CADModel:105 - Init CAD model plugin
2024-11-20 18:48:08,516 [INFO] PluginManage:359 - Loaded plugin cadmodel (category:power,tabindex:5)
2024-11-20 18:48:08,517 [INFO] PluginManage:310 - Check plugin clock
2024-11-20 18:48:08,556 [INFO] PluginManage:359 - Loaded plugin clock (category:base,tabindex:2)
2024-11-20 18:48:08,557 [INFO] PluginManage:310 - Check plugin ddr
2024-11-20 18:48:08,561 [INFO] PluginManage:359 - Loaded plugin ddr (category:tool,tabindex:6)
2024-11-20 18:48:08,562 [INFO] PluginManage:310 - Check plugin filemanager
2024-11-20 18:48:08,841 [INFO] PluginManage:359 - Loaded plugin filemanager (category:base,tabindex:10)
2024-11-20 18:48:08,841 [INFO] PluginManage:310 - Check plugin ipmanager
2024-11-20 18:48:08,855 [INFO] PluginManage:359 - Loaded plugin ipmanager (category:base,tabindex:5)
2024-11-20 18:48:08,856 [INFO] PluginManage:310 - Check plugin lpbam
2024-11-20 18:48:08,892 [INFO] PluginManage:359 - Loaded plugin lpbam (category:base,tabindex:0)
2024-11-20 18:48:08,892 [INFO] PluginManage:310 - Check plugin memorymap
2024-11-20 18:48:08,936 [INFO] PluginManage:359 - Loaded plugin memorymap (category:base,tabindex:4)
2024-11-20 18:48:08,937 [INFO] PluginManage:310 - Check plugin pinoutandconfiguration
2024-11-20 18:48:08,981 [INFO] PluginManage:359 - Loaded plugin pinoutandconfiguration (category:base,tabindex:1)
2024-11-20 18:48:08,981 [INFO] PluginManage:310 - Check plugin pinoutconfig
2024-11-20 18:48:09,201 [WARN] SupportedApi:132 - Cannot load RTOS API schema: s4s-elt-must-match.1: The content of 'definitions' must match (annotation?, (simpleType | complexType)?, (unique | key | keyref)*)). A problem was found starting at: attribute.
2024-11-20 18:48:09,596 [INFO] PluginManage:359 - Loaded plugin pinoutconfig (category:base,tabindex:0)
2024-11-20 18:48:09,596 [INFO] PluginManage:310 - Check plugin power
2024-11-20 18:48:09,649 [INFO] PluginManage:359 - Loaded plugin power (category:power,tabindex:4)
2024-11-20 18:48:09,649 [INFO] PluginManage:310 - Check plugin projectmanager
2024-11-20 18:48:09,682 [INFO] PluginManage:359 - Loaded plugin projectmanager (category:projectmanager,tabindex:3)
2024-11-20 18:48:09,683 [INFO] PluginManage:310 - Check plugin thirdparty
2024-11-20 18:48:10,321 [INFO] PluginManage:359 - Loaded plugin thirdparty (category:base,tabindex:-1)
2024-11-20 18:48:10,321 [INFO] PluginManage:310 - Check plugin tools
2024-11-20 18:48:10,321 [WARN] IntegrityCheckThread:84 - waiting for thirdparty lock release [integrity check]
2024-11-20 18:48:10,322 [INFO] IntegrityCheckThread:86 - entering critical section [integrity check]
2024-11-20 18:48:10,323 [INFO] ThirdPartyUpdaterWithRetryManager:70 - Updater plugin not ready yet. [1/15]
2024-11-20 18:48:10,402 [INFO] PluginManage:359 - Loaded plugin tools (category:base,tabindex:7)
2024-11-20 18:48:10,403 [INFO] PluginManage:310 - Check plugin tutovideos
2024-11-20 18:48:10,809 [INFO] PluginManage:359 - Loaded plugin tutovideos (category:base,tabindex:-1)
2024-11-20 18:48:10,810 [INFO] PluginManage:310 - Check plugin updater
2024-11-20 18:48:10,835 [INFO] PluginManage:359 - Loaded plugin updater (category:base,tabindex:12)
2024-11-20 18:48:10,835 [INFO] PluginManage:310 - Check plugin userauth
2024-11-20 18:48:10,847 [INFO] UserAuth:113 - Init User Auth plugin
2024-11-20 18:48:10,848 [INFO] PluginManage:359 - Loaded plugin userauth (category:base,tabindex:14)
2024-11-20 18:48:10,849 [INFO] PluginManage:283 - PluginManage : Loaded plugins [17]
2024-11-20 18:48:11,336 [INFO] PinOutPanel:1499 - setPackage(No Configuration,No Configuration)
2024-11-20 18:48:11,595 [INFO] CADModel:165 - CPN selected for project level
2024-11-20 18:48:11,595 [INFO] CADModel:114 - Register for checkConnection events
2024-11-20 18:48:11,658 [INFO] IPUIPlugin:80 - create IPUIPlugin
2024-11-20 18:48:11,658 [INFO] PluginManager:220 - loadIPPluginJar : add adc
2024-11-20 18:48:11,755 [INFO] IPUIPlugin:80 - create IPUIPlugin
2024-11-20 18:48:11,755 [INFO] PluginManager:220 - loadIPPluginJar : add aes
2024-11-20 18:48:11,847 [INFO] IPUIPlugin:80 - create IPUIPlugin
2024-11-20 18:48:11,847 [INFO] PluginManager:220 - loadIPPluginJar : add can
2024-11-20 18:48:11,902 [INFO] IPUIPlugin:80 - create IPUIPlugin
2024-11-20 18:48:11,902 [INFO] PluginManager:220 - loadIPPluginJar : add comp
2024-11-20 18:48:11,977 [INFO] IPUIPlugin:80 - create IPUIPlugin
2024-11-20 18:48:11,978 [INFO] PluginManager:220 - loadIPPluginJar : add cryp
2024-11-20 18:48:12,043 [INFO] IPUIPlugin:80 - create IPUIPlugin
2024-11-20 18:48:12,043 [INFO] PluginManager:220 - loadIPPluginJar : add dfsdm
2024-11-20 18:48:12,077 [INFO] IPUIPlugin:80 - create IPUIPlugin
2024-11-20 18:48:12,078 [INFO] PluginManager:220 - loadIPPluginJar : add dma
2024-11-20 18:48:12,173 [INFO] IPUIPlugin:80 - create IPUIPlugin
2024-11-20 18:48:12,173 [INFO] PluginManager:220 - loadIPPluginJar : add dma3
2024-11-20 18:48:12,220 [INFO] IPUIPlugin:80 - create IPUIPlugin
2024-11-20 18:48:12,220 [INFO] PluginManager:220 - loadIPPluginJar : add fatfs
2024-11-20 18:48:12,321 [INFO] IPUIPlugin:80 - create IPUIPlugin
2024-11-20 18:48:12,322 [INFO] PluginManager:220 - loadIPPluginJar : add fmc
2024-11-20 18:48:12,352 [INFO] IPUIPlugin:80 - create IPUIPlugin
2024-11-20 18:48:12,352 [INFO] PluginManager:220 - loadIPPluginJar : add freertos
2024-11-20 18:48:12,406 [INFO] IPUIPlugin:80 - create IPUIPlugin
2024-11-20 18:48:12,406 [INFO] PluginManager:220 - loadIPPluginJar : add genericplugin
2024-11-20 18:48:12,610 [INFO] IPUIPlugin:80 - create IPUIPlugin
2024-11-20 18:48:12,610 [INFO] PluginManager:220 - loadIPPluginJar : add gfxmmu
2024-11-20 18:48:12,912 [INFO] IPUIPlugin:80 - create IPUIPlugin
2024-11-20 18:48:12,912 [INFO] PluginManager:220 - loadIPPluginJar : add gic
2024-11-20 18:48:12,939 [INFO] IPUIPlugin:80 - create IPUIPlugin
2024-11-20 18:48:12,939 [INFO] PluginManager:220 - loadIPPluginJar : add gpio
2024-11-20 18:48:13,141 [INFO] IPUIPlugin:80 - create IPUIPlugin
2024-11-20 18:48:13,142 [INFO] PluginManager:220 - loadIPPluginJar : add gtzc
2024-11-20 18:48:13,225 [INFO] IPUIPlugin:80 - create IPUIPlugin
2024-11-20 18:48:13,226 [INFO] PluginManager:220 - loadIPPluginJar : add hash
2024-11-20 18:48:13,325 [INFO] ThirdPartyUpdaterWithRetryManager:70 - Updater plugin not ready yet. [2/15]
2024-11-20 18:48:13,344 [INFO] IPUIPlugin:80 - create IPUIPlugin
2024-11-20 18:48:13,344 [INFO] PluginManager:220 - loadIPPluginJar : add i2c
2024-11-20 18:48:13,437 [INFO] IPUIPlugin:80 - create IPUIPlugin
2024-11-20 18:48:13,437 [INFO] PluginManager:220 - loadIPPluginJar : add i2s
2024-11-20 18:48:13,521 [INFO] IPUIPlugin:80 - create IPUIPlugin
2024-11-20 18:48:13,522 [INFO] PluginManager:220 - loadIPPluginJar : add i3c
2024-11-20 18:48:13,755 [INFO] IPUIPlugin:80 - create IPUIPlugin
2024-11-20 18:48:13,755 [INFO] PluginManager:220 - loadIPPluginJar : add ipddr
2024-11-20 18:48:13,957 [INFO] IPUIPlugin:80 - create IPUIPlugin
2024-11-20 18:48:13,957 [INFO] PluginManager:220 - loadIPPluginJar : add linkedlist
2024-11-20 18:48:14,034 [INFO] IPUIPlugin:80 - create IPUIPlugin
2024-11-20 18:48:14,034 [INFO] PluginManager:220 - loadIPPluginJar : add lorawan
2024-11-20 18:48:14,117 [INFO] IPUIPlugin:80 - create IPUIPlugin
2024-11-20 18:48:14,118 [INFO] PluginManager:220 - loadIPPluginJar : add ltdc
2024-11-20 18:48:14,148 [INFO] IPUIPlugin:80 - create IPUIPlugin
2024-11-20 18:48:14,149 [INFO] PluginManager:220 - loadIPPluginJar : add mdma
2024-11-20 18:48:14,176 [INFO] IPUIPlugin:80 - create IPUIPlugin
2024-11-20 18:48:14,177 [INFO] PluginManager:220 - loadIPPluginJar : add nvic
2024-11-20 18:48:14,258 [INFO] IPUIPlugin:80 - create IPUIPlugin
2024-11-20 18:48:14,258 [INFO] PluginManager:220 - loadIPPluginJar : add opamp
2024-11-20 18:48:14,396 [INFO] IPUIPlugin:80 - create IPUIPlugin
2024-11-20 18:48:14,397 [INFO] PluginManager:220 - loadIPPluginJar : add openamp
2024-11-20 18:48:14,503 [INFO] IPUIPlugin:80 - create IPUIPlugin
2024-11-20 18:48:14,503 [INFO] PluginManager:220 - loadIPPluginJar : add pdm2pcm
2024-11-20 18:48:14,532 [INFO] IPUIPlugin:80 - create IPUIPlugin
2024-11-20 18:48:14,536 [INFO] PluginManager:220 - loadIPPluginJar : add plateformsettings
2024-11-20 18:48:14,590 [INFO] IPUIPlugin:80 - create IPUIPlugin
2024-11-20 18:48:14,590 [INFO] PluginManager:220 - loadIPPluginJar : add quadspi
2024-11-20 18:48:14,617 [INFO] IPUIPlugin:80 - create IPUIPlugin
2024-11-20 18:48:14,617 [INFO] PluginManager:220 - loadIPPluginJar : add resmgrutility
2024-11-20 18:48:14,721 [INFO] IPUIPlugin:80 - create IPUIPlugin
2024-11-20 18:48:14,721 [INFO] PluginManager:220 - loadIPPluginJar : add sai
2024-11-20 18:48:14,804 [INFO] IPUIPlugin:80 - create IPUIPlugin
2024-11-20 18:48:14,804 [INFO] PluginManager:220 - loadIPPluginJar : add spi
2024-11-20 18:48:14,929 [INFO] IPUIPlugin:80 - create IPUIPlugin
2024-11-20 18:48:14,929 [INFO] PluginManager:220 - loadIPPluginJar : add stm32_wpan
2024-11-20 18:48:14,984 [INFO] IPUIPlugin:80 - create IPUIPlugin
2024-11-20 18:48:14,984 [INFO] PluginManager:220 - loadIPPluginJar : add tim
2024-11-20 18:48:15,107 [INFO] IPUIPlugin:80 - create IPUIPlugin
2024-11-20 18:48:15,107 [INFO] PluginManager:220 - loadIPPluginJar : add touchsensing
2024-11-20 18:48:15,160 [INFO] IPUIPlugin:80 - create IPUIPlugin
2024-11-20 18:48:15,161 [INFO] PluginManager:220 - loadIPPluginJar : add tracer_emb
2024-11-20 18:48:15,217 [INFO] IPUIPlugin:80 - create IPUIPlugin
2024-11-20 18:48:15,217 [INFO] PluginManager:220 - loadIPPluginJar : add ts
2024-11-20 18:48:15,264 [INFO] IPUIPlugin:80 - create IPUIPlugin
2024-11-20 18:48:15,264 [INFO] PluginManager:220 - loadIPPluginJar : add tsc
2024-11-20 18:48:15,310 [INFO] IPUIPlugin:80 - create IPUIPlugin
2024-11-20 18:48:15,310 [INFO] PluginManager:220 - loadIPPluginJar : add ucpd
2024-11-20 18:48:15,402 [INFO] IPUIPlugin:80 - create IPUIPlugin
2024-11-20 18:48:15,402 [INFO] PluginManager:220 - loadIPPluginJar : add usart
2024-11-20 18:48:15,500 [INFO] IPUIPlugin:80 - create IPUIPlugin
2024-11-20 18:48:15,500 [INFO] PluginManager:220 - loadIPPluginJar : add usbx
2024-11-20 18:48:15,677 [INFO] CADModel:165 - CPN selected for project level
2024-11-20 18:48:15,677 [INFO] CADModel:114 - Register for checkConnection events
2024-11-20 18:48:15,678 [FATAL] Updater:308 - Updater called before beeing initialized
2024-11-20 18:48:15,678 [ERROR] CADModel:125 - Updater not yet initialized, retry later 
2024-11-20 18:48:15,973 [INFO] CADModel:165 - CPN selected for project level
2024-11-20 18:48:15,973 [INFO] CADModel:114 - Register for checkConnection events
2024-11-20 18:48:15,973 [FATAL] Updater:308 - Updater called before beeing initialized
2024-11-20 18:48:15,974 [ERROR] CADModel:125 - Updater not yet initialized, retry later 
2024-11-20 18:48:15,980 [FATAL] Updater:308 - Updater called before beeing initialized
2024-11-20 18:48:16,222 [FATAL] Updater:308 - Updater called before beeing initialized
2024-11-20 18:48:16,234 [INFO] DbMcusAds:53 - JSON generation date=Wed Nov 29 19:52:27 JST 2023 (1701255147200)
2024-11-20 18:48:16,234 [FATAL] Updater:308 - Updater called before beeing initialized
2024-11-20 18:48:16,326 [INFO] ThirdPartyUpdaterWithRetryManager:70 - Updater plugin not ready yet. [3/15]
2024-11-20 18:48:16,399 [WARN] DetailPanel:346 - Failed to get advertising image, set to default
2024-11-20 18:48:16,616 [FATAL] Updater:308 - Updater called before beeing initialized
2024-11-20 18:48:16,620 [FATAL] Updater:308 - Updater called before beeing initialized
2024-11-20 18:48:16,620 [FATAL] Updater:308 - Updater called before beeing initialized
2024-11-20 18:48:16,620 [WARN] DetailPanel:346 - Failed to get advertising image, set to default
2024-11-20 18:48:16,622 [FATAL] Updater:308 - Updater called before beeing initialized
2024-11-20 18:48:16,771 [ERROR] Updater:1120 - MainUpdater not yet initialized. External WinMGr cannot be set.
2024-11-20 18:48:16,800 [INFO] Updater:1056 - Updater Version found : 6.9.1
2024-11-20 18:48:16,840 [INFO] ApplicationProperties:184 - Using Application install path: C:\ST\STM32CubeIDE_1.4.0\STM32CubeIDE\plugins\com.st.stm32cube.common.mx_6.9.1.202307191849
2024-11-20 18:48:17,158 [INFO] MainUpdater:2868 - connection check result : 10
2024-11-20 18:48:17,160 [INFO] MainUpdater:285 - Updater Check For Update Now.
2024-11-20 18:48:17,160 [INFO] MicroXplorer:498 - Change Database Version : DB.6.0.91
2024-11-20 18:48:17,201 [INFO] McuFinderGlobals:63 - Set McuFinder mode to 2 (CubeIDE integrated)
2024-11-20 18:48:17,203 [INFO] UserAuth:179 - activating auth plugin
2024-11-20 18:48:17,217 [INFO] UserAuth:393 - Internet connection configuration mode: 1
2024-11-20 18:48:17,313 [INFO] JxBrowserEngine:151 - Initiate JxBrowser Engine with user profile folder
2024-11-20 18:48:17,522 [INFO] CheckServerUpdateThread:120 - End of CheckServer Thread
2024-11-20 18:48:19,459 [INFO] WebApp:157 - Instantiating new browser for Auth
2024-11-20 18:48:20,527 [WARN] PackLoader:240 - Cannot read IP mode file for STMicroelectronics.FP-SNS-MOTENVWB1.1.4.0
2024-11-20 18:48:20,552 [WARN] PackLoader:240 - Cannot read IP mode file for STMicroelectronics.FP-ATR-ASTRA1.2.0.1
2024-11-20 18:48:20,585 [WARN] PackLoader:240 - Cannot read IP mode file for STMicroelectronics.X-CUBE-SMBUS.2.1.0
2024-11-20 18:48:20,611 [WARN] PackLoader:240 - Cannot read IP mode file for STMicroelectronics.X-CUBE-WB05N.1.1.0
2024-11-20 18:48:20,628 [WARN] PackLoader:240 - Cannot read IP mode file for STMicroelectronics.X-CUBE-TOUCHGFX.4.23.0
2024-11-20 18:48:20,636 [WARN] PackLoader:240 - Cannot read IP mode file for STMicroelectronics.X-CUBE-TOUCHGFX.4.23.2
2024-11-20 18:48:20,741 [WARN] PackLoader:240 - Cannot read IP mode file for STMicroelectronics.X-CUBE-AZRTOS-F7.1.1.0
2024-11-20 18:48:20,769 [ERROR] RealEvaluatedCondition:428 - Found unsupported composite condition: CLASS='Data Exchange' GROUP='STM32_MetaDataManager'
2024-11-20 18:48:20,770 [ERROR] RealEvaluatedCondition:428 - Found unsupported composite condition: CLASS='Data Exchange' GROUP='STM32_MetaDataManager'
2024-11-20 18:48:20,774 [WARN] PackLoader:240 - Cannot read IP mode file for STMicroelectronics.FP-SNS-MOTENV1.4.3.0
2024-11-20 18:48:20,802 [WARN] PackLoader:240 - Cannot read IP mode file for STMicroelectronics.FP-SNS-MOTENV1.4.3.2
2024-11-20 18:48:20,825 [WARN] PackLoader:240 - Cannot read IP mode file for STMicroelectronics.FP-SNS-FLIGHT1.5.0.0
2024-11-20 18:48:20,848 [ERROR] RealEvaluatedCondition:428 - Found unsupported composite condition: GROUP='STM32_MetaDataManager' CLASS='Data Exchange'
2024-11-20 18:48:20,848 [ERROR] RealEvaluatedCondition:428 - Found unsupported composite condition: CLASS='Data Exchange' GROUP='STM32_MetaDataManager'
2024-11-20 18:48:20,852 [WARN] PackLoader:240 - Cannot read IP mode file for STMicroelectronics.FP-SNS-MOTENV1.4.3.1
2024-11-20 18:48:20,871 [WARN] PackLoader:240 - Cannot read IP mode file for STMicroelectronics.FP-SNS-FLIGHT1.5.0.1
2024-11-20 18:48:21,105 [WARN] PackLoader:240 - Cannot read IP mode file for STMicroelectronics.X-CUBE-MEMS1.11.0.0
2024-11-20 18:48:21,695 [WARN] PackLoader:240 - Cannot read IP mode file for STMicroelectronics.X-CUBE-BLE1.6.2.4
2024-11-20 18:48:21,707 [INFO] WebApp:753 - Register for checkConnection events
2024-11-20 18:48:21,707 [WARN] PackLoader:240 - Cannot read IP mode file for STMicroelectronics.FP-SNS-FLIGHT1.5.0.2
2024-11-20 18:48:21,708 [INFO] WebApp:390 - Apply proxy settings
2024-11-20 18:48:21,709 [INFO] WebApp:475 - Chromium requires no authentication
2024-11-20 18:48:21,736 [WARN] PackLoader:240 - Cannot read IP mode file for STMicroelectronics.X-CUBE-DISPLAY.3.0.0
2024-11-20 18:48:21,749 [INFO] WebApp:418 - Direct internet connection detected
2024-11-20 18:48:21,774 [WARN] PackLoader:240 - Cannot read IP mode file for STMicroelectronics.X-CUBE-BLE1.7.0.0
2024-11-20 18:48:21,818 [WARN] PackLoader:240 - Cannot read IP mode file for STMicroelectronics.X-CUBE-NFC10.1.0.0
2024-11-20 18:48:21,834 [WARN] PackLoader:240 - Cannot read IP mode file for STMicroelectronics.X-CUBE-TOUCHGFX.4.22.0
2024-11-20 18:48:21,842 [WARN] PackLoader:240 - Cannot read IP mode file for STMicroelectronics.X-CUBE-TOUCHGFX.4.22.1
2024-11-20 18:48:21,868 [WARN] PackLoader:240 - Cannot read IP mode file for STMicroelectronics.X-CUBE-BLEMGR.3.1.0
2024-11-20 18:48:21,885 [WARN] PackLoader:240 - Cannot read IP mode file for STMicroelectronics.FP-SNS-SMARTAG2.1.2.0
2024-11-20 18:48:21,911 [INFO] LogOutputStream:77 - [STDOUT_REDIRECT] 1 : Invalid condition id : UX_CORESTACK_Condition cause : null
2024-11-20 18:48:21,913 [INFO] LogOutputStream:77 - [STDOUT_REDIRECT] 1 : Invalid condition id : UX_CORESTACK_Condition cause : null
2024-11-20 18:48:21,917 [INFO] LogOutputStream:77 - [STDOUT_REDIRECT] 1 : Invalid condition id : UX_CORESTACK_Condition cause : null
2024-11-20 18:48:21,922 [INFO] LogOutputStream:77 - [STDOUT_REDIRECT] 1 : Invalid condition id : UX_CORESTACK_Condition cause : null
2024-11-20 18:48:21,926 [INFO] LogOutputStream:77 - [STDOUT_REDIRECT] 1 : Invalid condition id : UX_CORESTACK_Condition cause : null
2024-11-20 18:48:21,935 [WARN] PackLoader:240 - Cannot read IP mode file for STMicroelectronics.X-CUBE-AZRTOS-WL.2.0.0
2024-11-20 18:48:21,948 [WARN] PackLoader:240 - Cannot read IP mode file for STMicroelectronics.FP-SNS-MOTENV1.5.0.0
2024-11-20 18:48:21,965 [WARN] PackLoader:240 - Cannot read IP mode file for wolfSSL.I-CUBE-wolfMQTT.1.19.0
2024-11-20 18:48:21,984 [WARN] PackLoader:240 - Cannot read IP mode file for WES.I-CUBE-Cesium.1.3.0
2024-11-20 18:48:21,995 [WARN] PackLoader:240 - Cannot read IP mode file for STMicroelectronics.X-CUBE-BLE2.3.3.0
2024-11-20 18:48:22,024 [WARN] PackLoader:240 - Cannot read IP mode file for STMicroelectronics.X-CUBE-TOF1.3.2.0
2024-11-20 18:48:22,078 [WARN] PackLoader:240 - Cannot read IP mode file for STMicroelectronics.X-CUBE-NFC9.1.0.0
2024-11-20 18:48:22,098 [WARN] PackLoader:240 - Cannot read IP mode file for STMicroelectronics.X-CUBE-TCPP.4.1.0
2024-11-20 18:48:22,111 [WARN] PackLoader:240 - Cannot read IP mode file for STMicroelectronics.X-CUBE-TOUCHGFX.4.21.1
2024-11-20 18:48:22,118 [WARN] PackLoader:240 - Cannot read IP mode file for STMicroelectronics.X-CUBE-TOUCHGFX.4.21.3
2024-11-20 18:48:22,127 [WARN] PackLoader:240 - Cannot read IP mode file for STMicroelectronics.X-CUBE-TOUCHGFX.4.21.4
2024-11-20 18:48:22,143 [WARN] PackLoader:240 - Cannot read IP mode file for STMicroelectronics.X-CUBE-ALGOBUILD.1.3.0
2024-11-20 18:48:22,184 [WARN] PackLoader:240 - Cannot read IP mode file for STMicroelectronics.X-CUBE-AZRTOS-G0.1.1.0
2024-11-20 18:48:22,228 [WARN] PackLoader:240 - Cannot read IP mode file for STMicroelectronics.X-CUBE-SAFEA1.1.2.2
2024-11-20 18:48:22,247 [WARN] PackLoader:240 - Cannot read IP mode file for STMicroelectronics.X-CUBE-NFC4.3.0.0
2024-11-20 18:48:22,280 [ERROR] Engine:466 - C:\Users\Minh\.stm32cubemx\thirdparties\pdsc\EmbeddedOffice.I-CUBE-FS-RTOS.1.0.1.pdsc: PDSC version is not supported
2024-11-20 18:48:22,339 [WARN] PackLoader:240 - Cannot read IP mode file for STMicroelectronics.X-CUBE-BLEMGR.3.0.0
2024-11-20 18:48:22,376 [ERROR] Engine:466 - C:\Users\Minh\.stm32cubemx\thirdparties\pdsc\RealThread.X-CUBE-RT-Thread_Nano.4.1.1.pdsc: PDSC version is not supported
2024-11-20 18:48:22,583 [WARN] PackLoader:240 - Cannot read IP mode file for STMicroelectronics.FP-ATR-SIGFOX1.3.2.0
2024-11-20 18:48:22,588 [ERROR] Engine:466 - C:\Users\Minh\.stm32cubemx\thirdparties\pdsc\quantropi.X-CUBE-qispace-sdk-base.1.9.3.pdsc: PDSC version is not supported
2024-11-20 18:48:22,603 [WARN] PackLoader:240 - Cannot read IP mode file for STMicroelectronics.X-CUBE-EEPRMA1.5.1.0
2024-11-20 18:48:22,725 [WARN] PackLoader:240 - Cannot read IP mode file for STMicroelectronics.X-CUBE-MEMS1.9.5.0
2024-11-20 18:48:22,862 [INFO] WebApp:188 - Starting web application
2024-11-20 18:48:22,862 [INFO] WebApp:520 - Web application path used C:\ST\STM32CubeIDE_1.4.0\STM32CubeIDE\plugins\com.st.stm32cube.common.mx_6.9.1.202307191849\db\plugins\mcufinder\reactClient1\index.html
2024-11-20 18:48:23,260 [WARN] PackLoader:240 - Cannot read IP mode file for SEGGER.I-CUBE-embOS.1.3.1
2024-11-20 18:48:23,380 [WARN] PackLoader:240 - Cannot read IP mode file for STMicroelectronics.X-CUBE-ALGOBUILD.1.4.0
2024-11-20 18:48:23,391 [WARN] PackLoader:240 - Cannot read IP mode file for STMicroelectronics.X-CUBE-AI.9.1.0
2024-11-20 18:48:23,404 [WARN] PackLoader:240 - Cannot read IP mode file for STMicroelectronics.X-CUBE-GNSS1.6.0.0
2024-11-20 18:48:23,452 [WARN] PackLoader:240 - Cannot read IP mode file for STMicroelectronics.X-CUBE-AZRTOS-F4.1.1.0
2024-11-20 18:48:23,483 [WARN] PackLoader:240 - Cannot read IP mode file for STMicroelectronics.X-CUBE-ISPU.2.1.0
2024-11-20 18:48:23,496 [WARN] PackLoader:240 - Cannot read IP mode file for STMicroelectronics.X-CUBE-FREERTOS.1.2.0
2024-11-20 18:48:23,562 [WARN] PackLoader:240 - Cannot read IP mode file for STMicroelectronics.X-CUBE-AZRTOS-L5.2.0.0
2024-11-20 18:48:23,784 [WARN] PackLoader:240 - Cannot read IP mode file for STMicroelectronics.X-CUBE-MEMS1.9.6.0
2024-11-20 18:48:24,290 [WARN] PackLoader:240 - Cannot read IP mode file for STMicroelectronics.X-CUBE-EEPRMA1.4.2.0
2024-11-20 18:48:24,307 [WARN] PackLoader:240 - Cannot read IP mode file for STMicroelectronics.X-CUBE-NFC6.3.1.0
2024-11-20 18:48:24,322 [WARN] PackLoader:240 - Cannot read IP mode file for ITTIA_DB.I-CUBE-ITTIADB.8.8.0
2024-11-20 18:48:24,338 [WARN] PackLoader:240 - Cannot read IP mode file for emotas.I-CUBE-CANOPEN.1.1.3
2024-11-20 18:48:24,356 [WARN] PackLoader:240 - Cannot read IP mode file for STMicroelectronics.X-CUBE-BLEMGR.2.0.0
2024-11-20 18:48:24,368 [ERROR] Engine:466 - C:\Users\Minh\.stm32cubemx\thirdparties\pdsc\STMicroelectronics.X-CUBE-DPower.1.2.0.pdsc: PDSC version is not supported
2024-11-20 18:48:24,376 [WARN] PackLoader:240 - Cannot read IP mode file for STMicroelectronics.X-CUBE-AI.9.0.0
2024-11-20 18:48:24,420 [WARN] ConditionMgr:438 - getConditionDescription Invalid condition id : UX DEVICE CLASS RTOS Condition cause : null
2024-11-20 18:48:24,421 [WARN] ConditionMgr:438 - getConditionDescription Invalid condition id : UX DEVICE CLASS RTOS Condition cause : null
2024-11-20 18:48:24,432 [WARN] PackLoader:240 - Cannot read IP mode file for STMicroelectronics.X-CUBE-AZRTOS-H7.3.1.0
2024-11-20 18:48:24,435 [WARN] ConditionMgr:1039 - genDependencies : Invalid condition id : UX DEVICE CLASS RTOS Condition cause : null
2024-11-20 18:48:24,436 [WARN] ConditionMgr:1039 - genDependencies : Invalid condition id : UX DEVICE CLASS RTOS Condition cause : null
2024-11-20 18:48:24,438 [WARN] ConditionMgr:1039 - genDependencies : Invalid condition id : UX DEVICE CLASS RTOS Condition cause : null
2024-11-20 18:48:24,439 [WARN] ConditionMgr:1039 - genDependencies : Invalid condition id : UX DEVICE CLASS RTOS Condition cause : null
2024-11-20 18:48:24,439 [WARN] ConditionMgr:1039 - genDependencies : Invalid condition id : UX DEVICE CLASS RTOS Condition cause : null
2024-11-20 18:48:24,453 [WARN] PackLoader:240 - Cannot read IP mode file for wolfSSL.I-CUBE-wolfSSL.5.5.4
2024-11-20 18:48:24,466 [WARN] PackLoader:240 - Cannot read IP mode file for STMicroelectronics.X-CUBE-NFC7.1.0.1
2024-11-20 18:48:24,479 [WARN] PackLoader:240 - Cannot read IP mode file for STMicroelectronics.X-CUBE-NFC7.1.0.0
2024-11-20 18:48:24,490 [WARN] PackLoader:240 - Cannot read IP mode file for wolfSSL.I-CUBE-wolfTPM.3.2.0
2024-11-20 18:48:24,506 [WARN] PackLoader:240 - Cannot read IP mode file for STMicroelectronics.X-CUBE-NFC6.3.0.0
2024-11-20 18:48:24,524 [WARN] PackLoader:240 - Cannot read IP mode file for STMicroelectronics.X-CUBE-EEPRMA1.4.1.0
2024-11-20 18:48:24,535 [WARN] PackLoader:240 - Cannot read IP mode file for STMicroelectronics.X-CUBE-AI.8.1.0
2024-11-20 18:48:24,583 [WARN] ConditionMgr:438 - getConditionDescription Invalid condition id : LAN8742 Phy interface Condition cause : null
2024-11-20 18:48:24,585 [WARN] PackLoader:240 - Cannot read IP mode file for STMicroelectronics.X-CUBE-AZRTOS-L4.2.0.0
2024-11-20 18:48:24,588 [WARN] ConditionMgr:1039 - genDependencies : Invalid condition id : LAN8742 Phy interface Condition cause : null
2024-11-20 18:48:24,588 [WARN] ConditionMgr:1039 - genDependencies : Invalid condition id : LAN8742 Phy interface Condition cause : null
2024-11-20 18:48:24,589 [WARN] ConditionMgr:1039 - genDependencies : Invalid condition id : LAN8742 Phy interface Condition cause : null
2024-11-20 18:48:24,606 [WARN] PackLoader:240 - Cannot read IP mode file for STMicroelectronics.X-CUBE-SFXS2LP1.4.0.0
2024-11-20 18:48:24,652 [WARN] PackLoader:240 - Cannot read IP mode file for STMicroelectronics.X-CUBE-AZRTOS-H7.3.0.0
2024-11-20 18:48:24,681 [WARN] PackLoader:240 - Cannot read IP mode file for STMicroelectronics.X-CUBE-ISPU.1.1.0
2024-11-20 18:48:24,750 [WARN] PackLoader:240 - Cannot read IP mode file for STMicroelectronics.X-CUBE-AZRTOS-H7.3.3.0
2024-11-20 18:48:24,777 [WARN] PackLoader:240 - Cannot read IP mode file for RoweBots.I-CUBE-UNISONRTOS.5.5.0-4
2024-11-20 18:48:24,801 [WARN] PackLoader:240 - Cannot read IP mode file for STMicroelectronics.X-CUBE-AI.8.0.0
2024-11-20 18:48:24,813 [ERROR] Engine:466 - C:\Users\Minh\.stm32cubemx\thirdparties\pdsc\STMicroelectronics.X-CUBE-IPS.3.0.0.pdsc: PDSC version is not supported
2024-11-20 18:48:24,861 [WARN] ConditionMgr:438 - getConditionDescription Invalid condition id : UX DEVICE CLASS RTOS Condition cause : null
2024-11-20 18:48:24,862 [WARN] ConditionMgr:438 - getConditionDescription Invalid condition id : UX DEVICE CLASS RTOS Condition cause : null
2024-11-20 18:48:24,872 [WARN] PackLoader:240 - Cannot read IP mode file for STMicroelectronics.X-CUBE-AZRTOS-WB.2.0.0
2024-11-20 18:48:24,874 [WARN] ConditionMgr:1039 - genDependencies : Invalid condition id : UX DEVICE CLASS RTOS Condition cause : null
2024-11-20 18:48:24,875 [WARN] ConditionMgr:1039 - genDependencies : Invalid condition id : UX DEVICE CLASS RTOS Condition cause : null
2024-11-20 18:48:24,876 [WARN] ConditionMgr:1039 - genDependencies : Invalid condition id : UX DEVICE CLASS RTOS Condition cause : null
2024-11-20 18:48:24,877 [WARN] ConditionMgr:1039 - genDependencies : Invalid condition id : UX DEVICE CLASS RTOS Condition cause : null
2024-11-20 18:48:24,877 [WARN] ConditionMgr:1039 - genDependencies : Invalid condition id : UX DEVICE CLASS RTOS Condition cause : null
2024-11-20 18:48:24,892 [WARN] PackLoader:240 - Cannot read IP mode file for STMicroelectronics.X-CUBE-FREERTOS.1.0.0
2024-11-20 18:48:24,904 [WARN] PackLoader:240 - Cannot read IP mode file for STMicroelectronics.X-CUBE-FREERTOS.1.0.1
2024-11-20 18:48:24,922 [WARN] PackLoader:240 - Cannot read IP mode file for STMicroelectronics.X-CUBE-GNSS1.7.0.0
2024-11-20 18:48:24,948 [ERROR] Engine:466 - C:\Users\Minh\.stm32cubemx\thirdparties\pdsc\STMicroelectronics.FP-SNS-STBOX1.2.0.0.pdsc: PDSC version is not supported
2024-11-20 18:48:25,015 [WARN] PackLoader:240 - Cannot read IP mode file for STMicroelectronics.X-CUBE-AZRTOS-L5.1.1.0
2024-11-20 18:48:25,066 [WARN] PackLoader:240 - Cannot read IP mode file for STMicroelectronics.X-CUBE-AI.8.0.1
2024-11-20 18:48:25,094 [WARN] PackLoader:240 - Cannot read IP mode file for STMicroelectronics.X-CUBE-SUBG2.5.0.0
2024-11-20 18:48:25,123 [WARN] PackLoader:240 - Cannot read IP mode file for Cesanta.I-CUBE-Mongoose.7.13.0
2024-11-20 18:48:25,151 [WARN] PackLoader:240 - Cannot read IP mode file for STMicroelectronics.X-CUBE-TOF1.3.3.1
2024-11-20 18:48:25,224 [WARN] PackLoader:240 - Cannot read IP mode file for STMicroelectronics.X-CUBE-AZRTOS-G4.2.0.0
2024-11-20 18:48:25,255 [WARN] PackLoader:240 - Cannot read IP mode file for STMicroelectronics.X-CUBE-TOF1.3.3.0
2024-11-20 18:48:25,289 [WARN] PackLoader:240 - Cannot read IP mode file for STMicroelectronics.FP-ATR-ASTRA1.1.1.1
2024-11-20 18:48:25,324 [WARN] PackLoader:240 - Cannot read IP mode file for Infineon.AIROC-Wi-Fi-Bluetooth-STM32.1.5.1
2024-11-20 18:48:25,343 [WARN] PackLoader:240 - Cannot read IP mode file for STMicroelectronics.FP-SNS-MOTENVWB1.1.3.0
2024-11-20 18:48:25,352 [WARN] PackLoader:240 - Cannot read IP mode file for STMicroelectronics.FP-SNS-MOTENVWB1.1.3.1
2024-11-20 18:48:25,398 [WARN] PackLoader:240 - Cannot read IP mode file for STMicroelectronics.X-CUBE-AZRTOS-G4.1.0.0
2024-11-20 18:48:25,445 [WARN] PackLoader:240 - Cannot read IP mode file for STMicroelectronics.X-CUBE-AZRTOS-L4.1.0.0
2024-11-20 18:48:25,462 [WARN] PackLoader:240 - Cannot read IP mode file for STMicroelectronics.X-CUBE-ISPU.2.0.0
2024-11-20 18:48:25,475 [WARN] PackLoader:240 - Cannot read IP mode file for STMicroelectronics.X-CUBE-ALS.1.0.2
2024-11-20 18:48:25,601 [WARN] PackLoader:240 - Cannot read IP mode file for STMicroelectronics.X-CUBE-MEMS1.10.0.0
2024-11-20 18:48:25,986 [WARN] PackLoader:240 - Cannot read IP mode file for STMicroelectronics.X-CUBE-FREERTOS.1.1.0
2024-11-20 18:48:25,993 [WARN] PackLoader:240 - Cannot read IP mode file for STMicroelectronics.X-CUBE-TOUCHGFX.4.24.0
2024-11-20 18:48:26,021 [WARN] PackLoader:240 - Cannot read IP mode file for STMicroelectronics.X-CUBE-AZRTOS-WL.1.0.0
2024-11-20 18:48:26,031 [WARN] PackLoader:240 - Cannot read IP mode file for STMicroelectronics.X-CUBE-TOUCHGFX.4.24.1
2024-11-20 18:48:26,044 [WARN] PackLoader:240 - Cannot read IP mode file for portGmbH.I-Cube-SoM-uGOAL.1.1.0
2024-11-20 18:48:26,053 [WARN] PackLoader:240 - Cannot read IP mode file for STMicroelectronics.X-CUBE-ALS.1.0.1
2024-11-20 18:48:26,086 [WARN] PackLoader:240 - Cannot read IP mode file for STMicroelectronics.X-CUBE-AZRTOS-WB.1.1.0
2024-11-20 18:48:26,140 [WARN] PackLoader:240 - Cannot read IP mode file for STMicroelectronics.X-CUBE-AZRTOS-H7RS.1.0.0
2024-11-20 18:48:26,156 [WARN] PackLoader:240 - Cannot read IP mode file for STMicroelectronics.FP-ATR-ASTRA1.2.0.0
2024-11-20 18:48:26,172 [ERROR] Engine:466 - C:\Users\Minh\.stm32cubemx\thirdparties\pdsc\STMicroelectronics.X-CUBE-TOF1.3.4.2.pdsc: PDSC version is not supported
2024-11-20 18:48:26,199 [WARN] PackLoader:240 - Cannot read IP mode file for STMicroelectronics.X-CUBE-TOF1.3.4.0
2024-11-20 18:48:26,263 [WARN] PackLoader:240 - Cannot read IP mode file for STMicroelectronics.X-CUBE-TOF1.3.4.1
2024-11-20 18:48:26,356 [WARN] PackLoader:240 - Cannot read IP mode file for STMicroelectronics.X-CUBE-AZRTOS-H7.3.2.0
2024-11-20 18:48:26,375 [WARN] PackLoader:240 - Cannot read IP mode file for wolfSSL.I-CUBE-wolfSSH.1.4.17
2024-11-20 18:48:26,376 [INFO] ThirdParty:978 - Integrity check success = true
2024-11-20 18:48:26,376 [INFO] IntegrityCheckThread:100 - exiting critical section [integrity check]
2024-11-20 18:48:26,376 [INFO] IntegrityCheckThread:103 - End integrity checks thread
2024-11-20 18:49:04,927 [INFO] McuFinderGlobals:63 - Set McuFinder mode to 2 (CubeIDE integrated)
2024-11-20 18:49:04,976 [INFO] MainUpdater:2868 - connection check result : 10
2024-11-20 18:49:05,018 [INFO] McuFinderGlobals:76 - Set McuFinderConnectedMode to true
2024-11-20 18:49:05,374 [INFO] ServerAccessManage:473 - Download File mcusAds.json._tmp_
2024-11-20 18:49:05,493 [INFO] LoadUrlFilesThread:156 - End of LoadUrlFiles Thread
2024-11-20 18:49:05,632 [INFO] ServerAccessManage:473 - Download File cube-finder-db.zip
2024-11-20 18:49:09,126 [INFO] FileExtend:240 - Unzip File : cube-finder-db.zip
2024-11-20 18:49:09,127 [INFO] FileExtend:255 - Standard Zip Deflate
2024-11-20 18:49:10,565 [INFO] LoadUrlFilesThread:156 - End of LoadUrlFiles Thread
2024-11-20 18:49:11,876 [INFO] ServerAccessManage:473 - Download File crdb.zip
2024-11-20 18:49:14,000 [INFO] FileExtend:240 - Unzip File : crdb.zip
2024-11-20 18:49:14,001 [INFO] FileExtend:255 - Standard Zip Deflate
2024-11-20 18:49:14,135 [INFO] LoadUrlFilesThread:156 - End of LoadUrlFiles Thread
2024-11-20 18:49:14,219 [INFO] ServerAccessManage:473 - Download File tutoVideoDB.zip
2024-11-20 18:49:14,248 [INFO] FileExtend:240 - Unzip File : tutoVideoDB.zip
2024-11-20 18:49:14,248 [INFO] FileExtend:255 - Standard Zip Deflate
2024-11-20 18:49:14,362 [INFO] LoadUrlFilesThread:156 - End of LoadUrlFiles Thread
2024-11-20 18:49:14,366 [WARN] DbFile:41 - Overriding database path with different value: C:\Users\Minh\.stmcufinder\plugins\mcufinder/ => C:\Users\Minh\.stmcufinder\plugins\mcufinder
2024-11-20 18:49:14,491 [INFO] ServerAccessManage:473 - Download File api_config.json
2024-11-20 18:49:14,612 [INFO] LoadUrlFilesThread:156 - End of LoadUrlFiles Thread
2024-11-20 18:49:14,615 [INFO] DbMcusAds:53 - JSON generation date=Fri Sep 20 22:04:38 JST 2024 (1726837478367)
2024-11-20 18:49:14,729 [INFO] ServerAccessManage:473 - Download File 
2024-11-20 18:49:14,742 [INFO] LoadUrlFilesThread:185 - End of LoadServerUrlFiles without Thread
2024-11-20 18:49:14,742 [INFO] TargetSelectorAdapter:259 - Refresh data is successful
2024-11-20 18:49:15,138 [INFO] ApiDb:581 - Connected to CubeFinder SQLite database (C:\Users\Minh\.stmcufinder\plugins\mcufinder\mcu\cube-finder-db.db)
2024-11-20 18:49:15,334 [INFO] ApiDb:668 - CubeFinder database Data Model version=2.1
2024-11-20 18:49:15,334 [INFO] ApiDb:669 - CubeFinder database Configuration version=3.0.39
2024-11-20 18:49:15,335 [INFO] ApiDb:670 - CubeFinder database generation date=2024-10-16 (1729006872)
2024-11-20 18:49:15,335 [INFO] ApiDb:671 - CubeFinder database FW Pack versions=[FP-ATR-ASTRA1_V2.0.0, FP-SNS-FLIGHT1_V5.0.2, FP-SNS-MOTENV1_V5.0.0, FP-SNS-MOTENVWB1_V1.4.0, FP-SNS-SMARTAG2_V1.2.0, FP-SNS-STBOX1_V2.0.0, STM32Cube_FW_C0_V1.2.0, STM32Cube_FW_F4_V1.28.1, STM32Cube_FW_F7_V1.17.2, STM32Cube_FW_G0_V1.6.2, STM32Cube_FW_G4_V1.6.0, STM32Cube_FW_H5_V1.3.0, STM32Cube_FW_H7RS_V1.1.0, STM32Cube_FW_H7_V1.11.2, STM32Cube_FW_L0_V1.12.2, STM32Cube_FW_L5_V1.5.1, STM32Cube_FW_U0_V1.1.0, STM32Cube_FW_U5_V1.6.0, STM32Cube_FW_WB0_V1.0.0, STM32Cube_FW_WBA_V1.4.1, STM32Cube_FW_WB_V1.20.0, STM32Cube_FW_WL_V1.3.0, X-CUBE-ALGOBUILD_V1.4.0, X-CUBE-ALS_V1.0.2, X-CUBE-AZRTOS-F4_V1.1.0, X-CUBE-AZRTOS-F7_V1.1.0, X-CUBE-AZRTOS-G0_V1.1.0, X-CUBE-AZRTOS-G4_V2.0.0, X-CUBE-AZRTOS-H7RS_V1.0.0, X-CUBE-AZRTOS-H7_V3.3.0, X-CUBE-AZRTOS-L4_V2.0.0, X-CUBE-AZRTOS-L5_V2.0.0, X-CUBE-AZRTOS-WB_V2.0.0, X-CUBE-AZRTOS-WL_V2.0.0, X-CUBE-BLE1_V7.0.0, X-CUBE-BLE2_V3.3.0, X-CUBE-BLEMGR_V3.1.0, X-CUBE-EEPRMA1_V5.1.0, X-CUBE-FREERTOS_V1.2.0, X-CUBE-GNSS1_V6.0.0, X-CUBE-MEMS1_V11.0.0, X-CUBE-NFC4_V3.0.0, X-CUBE-NFC7_V1.0.1, X-CUBE-SFXS2LP1_V4.0.0, X-CUBE-SUBG2_V5.0.0, X-CUBE-TOF1_V3.4.2]
2024-11-20 18:49:20,320 [INFO] ApiDb:240 - Found 323 in-development CPN: [B-G473E-ZEST1S, B-WB1M-WPAN1, B-WL5M-SUBG1, NUCLEO-C031C6, NUCLEO-H503RB, NUCLEO-H563ZI, NUCLEO-U545RE-Q, NUCLEO-U5A5ZJ-Q, NUCLEO-WBA52CG, STEVAL-PROTEUS1, STEVAL-SMARTAG2, STEVAL-STWINBX1, STM320518-EVAL, STM32C0116-DK, STM32C011D6Y3TR, STM32C011D6Y6TR, STM32C011F4P3, STM32C011F4P6, STM32C011F4U3, STM32C011F4U6TR, STM32C011F6P3, STM32C011F6P6, STM32C011F6U3, STM32C011F6U6TR, STM32C011J4M3, STM32C011J4M6, STM32C011J6M3, STM32C011J6M6, STM32C0316-DK, STM32C031C4T3, STM32C031C4T6, STM32C031C4U3, STM32C031C4U6, STM32C031C6T3, STM32C031C6T6, STM32C031C6U3, STM32C031C6U6, STM32C031F4P3, STM32C031F4P6, STM32C031F6P3, STM32C031F6P6, STM32C031G4U3, STM32C031G4U6, STM32C031G6U3, STM32C031G6U6, STM32C031K4T3, STM32C031K4T6, STM32C031K4U3, STM32C031K4U6, STM32C031K6T3, STM32C031K6T6, STM32C031K6U3, STM32C031K6U6, STM32G071K8TXN, STM32G071K8UXN, STM32G081GBU6N, STM32G081KBT6N, STM32G081KBUXN, STM32G0B1CCT6N, STM32G0B1KCT6, STM32G0B1NEY6TR, STM32G0B1RCT6N, STM32G0C1CCT6, STM32G0C1CCT6N, STM32G0C1CCU6N, STM32G0C1CET6N, STM32G0C1CEU6N, STM32G0C1KCT6, STM32G0C1NEY6TR, STM32G0C1RCI6N, STM32G0C1RCT6N, STM32G0C1REI6N, STM32G0C1RET6N, STM32G0C1VCI6, STM32G0C1VEI6, STM32G471CCT6, STM32G471CCU6, STM32G471CET3, STM32G471CET6, STM32G471CEU3, STM32G471CEU6, STM32G471MCT6, STM32G471MET3, STM32G471MET6, STM32G471MEY6TR, STM32G471QCT6, STM32G471QET3, STM32G471RCT6, STM32G471RET3, STM32G471RET6, STM32G471VCH6, STM32G471VCI6, STM32G471VCT6, STM32G471VEH3, STM32G471VEH6, STM32G471VEI3, STM32G471VEI6, STM32G471VET3, STM32G471VET6, STM32G474CCT6, STM32H503CBT6, STM32H503CBU6, STM32H503EBY6TR, STM32H503KBU6, STM32H503RBT6, STM32H562AGI6, STM32H562AII6, STM32H562IGK6, STM32H562IGT6, STM32H562IIK6, STM32H562IIT6, STM32H562RGT6, STM32H562RGV6, STM32H562RIT6, STM32H562RIV6, STM32H562VGT6, STM32H562VIT6, STM32H562ZGT6, STM32H562ZIT6, STM32H563AGI6, STM32H563AII3Q, STM32H563AII6, STM32H563IGK6, STM32H563IGT6, STM32H563IIK3Q, STM32H563IIK6, STM32H563IIT3Q, STM32H563IIT6, STM32H563MIY3QTR, STM32H563RGT6, STM32H563RGV6, STM32H563RIT6, STM32H563RIV6, STM32H563VGT6, STM32H563VIT3Q, STM32H563VIT6, STM32H563ZGT6, STM32H563ZIT3Q, STM32H563ZIT6, STM32H573AII3Q, STM32H573AII6, STM32H573I-DK, STM32H573IIK3Q, STM32H573IIK6, STM32H573IIT3Q, STM32H573IIT6, STM32H573MIY3QTR, STM32H573RIT6, STM32H573RIV6, STM32H573VIT3Q, STM32H573VIT6, STM32H573ZIT3Q, STM32H573ZIT6, STM32L4R5QGI6STR, STM32MP131AAE3, STM32MP131AAF3, STM32MP131AAG3, STM32MP131CAE3, STM32MP131CAF3, STM32MP131CAG3, STM32MP131DAE7, STM32MP131DAF7, STM32MP131DAG7, STM32MP131FAE7, STM32MP131FAF7, STM32MP131FAG7, STM32MP133AAE3, STM32MP133AAF3, STM32MP133AAG3, STM32MP133CAE3, STM32MP133CAF3, STM32MP133CAG3, STM32MP133DAE7, STM32MP133DAF7, STM32MP133DAG7, STM32MP133FAE7, STM32MP133FAF7, STM32MP133FAG7, STM32MP135AAE3, STM32MP135AAF3, STM32MP135AAG3, STM32MP135CAE3, STM32MP135CAF3, STM32MP135CAG3, STM32MP135DAE7, STM32MP135DAF7, STM32MP135DAG7, STM32MP135F-DK, STM32MP135FAE7, STM32MP135FAF7, STM32MP135FAF7T, STM32MP135FAF7U, STM32MP135FAG7, STM32U535CBT6, STM32U535CBT6Q, STM32U535CBU6, STM32U535CBU6Q, STM32U535CCT6, STM32U535CCT6Q, STM32U535CCU6, STM32U535CCU6Q, STM32U535CET6, STM32U535CET6Q, STM32U535CEU6, STM32U535CEU6Q, STM32U535JEY6QTR, STM32U535NCY6QTR, STM32U535NEY6QTR, STM32U535RBI6, STM32U535RBI6Q, STM32U535RBT6, STM32U535RBT6Q, STM32U535RCI6, STM32U535RCI6Q, STM32U535RCT6, STM32U535RCT6Q, STM32U535REI6, STM32U535REI6Q, STM32U535RET6, STM32U535RET6Q, STM32U535VCI6, STM32U535VCI6Q, STM32U535VCT6, STM32U535VCT6Q, STM32U535VEI6, STM32U535VEI6Q, STM32U535VET6, STM32U535VET6Q, STM32U545CET6, STM32U545CET6Q, STM32U545CEU6, STM32U545CEU6Q, STM32U545JEY6QTR, STM32U545NEY6QTR, STM32U545REI6, STM32U545REI6Q, STM32U545RET6, STM32U545RET6Q, STM32U545VEI6, STM32U545VEI6Q, STM32U545VET6, STM32U545VET6Q, STM32U595AIH6, STM32U595AIH6Q, STM32U595AJH6, STM32U595AJH6Q, STM32U595QII6, STM32U595QII6Q, STM32U595QJI6, STM32U595QJI6Q, STM32U595RIT6, STM32U595RIT6Q, STM32U595RJT6, STM32U595RJT6Q, STM32U595VIT6, STM32U595VIT6Q, STM32U595VJT6, STM32U595VJT6Q, STM32U595ZIT6, STM32U595ZIT6Q, STM32U595ZIY6QTR, STM32U595ZJT6, STM32U595ZJT6Q, STM32U595ZJY6QTR, STM32U599BJY6QTR, STM32U599NIH6Q, STM32U599NJH6Q, STM32U599VIT6Q, STM32U599VJT6, STM32U599VJT6Q, STM32U599ZIT6Q, STM32U599ZIY6QTR, STM32U599ZJT6Q, STM32U599ZJY6QTR, STM32U5A5AJH6, STM32U5A5AJH6Q, STM32U5A5QJI6, STM32U5A5QJI6Q, STM32U5A5RJT6, STM32U5A5RJT6Q, STM32U5A5VJT6, STM32U5A5VJT6Q, STM32U5A5ZJT6, STM32U5A5ZJT6Q, STM32U5A5ZJY6QTR, STM32U5A9BJY6QTR, STM32U5A9J-DK, STM32U5A9NJH6Q, STM32U5A9VJT6Q, STM32U5A9ZJT6Q, STM32U5A9ZJY6QTR, STM32U5F7VIT6, STM32U5F7VIT6Q, STM32U5F7VJT6, STM32U5F7VJT6Q, STM32U5F9BJY6QTR, STM32U5F9NJH6Q, STM32U5F9VIT6Q, STM32U5F9VJT6Q, STM32U5F9ZIJ6QTR, STM32U5F9ZIT6Q, STM32U5F9ZJJ6QTR, STM32U5F9ZJT6Q, STM32U5G7VJT6, STM32U5G7VJT6Q, STM32U5G9BJY6QTR, STM32U5G9J-DK1, STM32U5G9J-DK2, STM32U5G9NJH6Q, STM32U5G9VJT6Q, STM32U5G9ZJJ6QTR, STM32U5G9ZJT6Q, STM32WB1MMCH6, STM32WBA52CEU6, STM32WBA52CEU6T, STM32WBA52CGU6, STM32WBA52CGU6T, STM32WBA52KEU6, STM32WBA52KEU6T, STM32WBA52KGU6, STM32WBA52KGU6T, STM32WL5MOCH6, STM32WL5MOCH6TR]
2024-11-20 18:49:20,335 [INFO] DbMcus:217 - Found 4187 MCUs, 4187 are supported
2024-11-20 18:49:20,339 [INFO] ApiDb:423 - Load user favorites file C:\Users\Minh/.stm32cubeide/favorites.mcus.txt: 0 item(s)
2024-11-20 18:49:20,339 [INFO] ApiDb:427 - User favorites MCUs=[]
2024-11-20 18:49:20,339 [INFO] DbMcus:223 - Set 0 / 0 favorites MCUs
2024-11-20 18:49:21,346 [INFO] ApiDb:668 - CubeFinder database Data Model version=2.1
2024-11-20 18:49:21,346 [INFO] ApiDb:669 - CubeFinder database Configuration version=3.0.39
2024-11-20 18:49:21,346 [INFO] ApiDb:670 - CubeFinder database generation date=2024-10-16 (1729006872)
2024-11-20 18:49:21,346 [INFO] ApiDb:671 - CubeFinder database FW Pack versions=[FP-ATR-ASTRA1_V2.0.0, FP-SNS-FLIGHT1_V5.0.2, FP-SNS-MOTENV1_V5.0.0, FP-SNS-MOTENVWB1_V1.4.0, FP-SNS-SMARTAG2_V1.2.0, FP-SNS-STBOX1_V2.0.0, STM32Cube_FW_C0_V1.2.0, STM32Cube_FW_F4_V1.28.1, STM32Cube_FW_F7_V1.17.2, STM32Cube_FW_G0_V1.6.2, STM32Cube_FW_G4_V1.6.0, STM32Cube_FW_H5_V1.3.0, STM32Cube_FW_H7RS_V1.1.0, STM32Cube_FW_H7_V1.11.2, STM32Cube_FW_L0_V1.12.2, STM32Cube_FW_L5_V1.5.1, STM32Cube_FW_U0_V1.1.0, STM32Cube_FW_U5_V1.6.0, STM32Cube_FW_WB0_V1.0.0, STM32Cube_FW_WBA_V1.4.1, STM32Cube_FW_WB_V1.20.0, STM32Cube_FW_WL_V1.3.0, X-CUBE-ALGOBUILD_V1.4.0, X-CUBE-ALS_V1.0.2, X-CUBE-AZRTOS-F4_V1.1.0, X-CUBE-AZRTOS-F7_V1.1.0, X-CUBE-AZRTOS-G0_V1.1.0, X-CUBE-AZRTOS-G4_V2.0.0, X-CUBE-AZRTOS-H7RS_V1.0.0, X-CUBE-AZRTOS-H7_V3.3.0, X-CUBE-AZRTOS-L4_V2.0.0, X-CUBE-AZRTOS-L5_V2.0.0, X-CUBE-AZRTOS-WB_V2.0.0, X-CUBE-AZRTOS-WL_V2.0.0, X-CUBE-BLE1_V7.0.0, X-CUBE-BLE2_V3.3.0, X-CUBE-BLEMGR_V3.1.0, X-CUBE-EEPRMA1_V5.1.0, X-CUBE-FREERTOS_V1.2.0, X-CUBE-GNSS1_V6.0.0, X-CUBE-MEMS1_V11.0.0, X-CUBE-NFC4_V3.0.0, X-CUBE-NFC7_V1.0.1, X-CUBE-SFXS2LP1_V4.0.0, X-CUBE-SUBG2_V5.0.0, X-CUBE-TOF1_V3.4.2]
2024-11-20 18:49:21,475 [INFO] DbBoardsSqlite:226 - include board P-NUCLEO-WB55-NUCLEO as a kit item of type 'Nucleo-64'
2024-11-20 18:49:21,475 [INFO] DbBoardsSqlite:226 - include board P-NUCLEO-WB55-USBDONGLE as a kit item of type 'Nucleo USB Dongle'
2024-11-20 18:49:21,475 [INFO] DbBoardsSqlite:226 - include board STEVAL-IDP005V1 as a kit item of type 'Evaluation Board'
2024-11-20 18:49:21,476 [INFO] DbBoardsSqlite:226 - include board STEVAL-IDP005V2 as a kit item of type 'Evaluation Board'
2024-11-20 18:49:21,596 [INFO] ApiDb:240 - Found 323 in-development CPN: [B-G473E-ZEST1S, B-WB1M-WPAN1, B-WL5M-SUBG1, NUCLEO-C031C6, NUCLEO-H503RB, NUCLEO-H563ZI, NUCLEO-U545RE-Q, NUCLEO-U5A5ZJ-Q, NUCLEO-WBA52CG, STEVAL-PROTEUS1, STEVAL-SMARTAG2, STEVAL-STWINBX1, STM320518-EVAL, STM32C0116-DK, STM32C011D6Y3TR, STM32C011D6Y6TR, STM32C011F4P3, STM32C011F4P6, STM32C011F4U3, STM32C011F4U6TR, STM32C011F6P3, STM32C011F6P6, STM32C011F6U3, STM32C011F6U6TR, STM32C011J4M3, STM32C011J4M6, STM32C011J6M3, STM32C011J6M6, STM32C0316-DK, STM32C031C4T3, STM32C031C4T6, STM32C031C4U3, STM32C031C4U6, STM32C031C6T3, STM32C031C6T6, STM32C031C6U3, STM32C031C6U6, STM32C031F4P3, STM32C031F4P6, STM32C031F6P3, STM32C031F6P6, STM32C031G4U3, STM32C031G4U6, STM32C031G6U3, STM32C031G6U6, STM32C031K4T3, STM32C031K4T6, STM32C031K4U3, STM32C031K4U6, STM32C031K6T3, STM32C031K6T6, STM32C031K6U3, STM32C031K6U6, STM32G071K8TXN, STM32G071K8UXN, STM32G081GBU6N, STM32G081KBT6N, STM32G081KBUXN, STM32G0B1CCT6N, STM32G0B1KCT6, STM32G0B1NEY6TR, STM32G0B1RCT6N, STM32G0C1CCT6, STM32G0C1CCT6N, STM32G0C1CCU6N, STM32G0C1CET6N, STM32G0C1CEU6N, STM32G0C1KCT6, STM32G0C1NEY6TR, STM32G0C1RCI6N, STM32G0C1RCT6N, STM32G0C1REI6N, STM32G0C1RET6N, STM32G0C1VCI6, STM32G0C1VEI6, STM32G471CCT6, STM32G471CCU6, STM32G471CET3, STM32G471CET6, STM32G471CEU3, STM32G471CEU6, STM32G471MCT6, STM32G471MET3, STM32G471MET6, STM32G471MEY6TR, STM32G471QCT6, STM32G471QET3, STM32G471RCT6, STM32G471RET3, STM32G471RET6, STM32G471VCH6, STM32G471VCI6, STM32G471VCT6, STM32G471VEH3, STM32G471VEH6, STM32G471VEI3, STM32G471VEI6, STM32G471VET3, STM32G471VET6, STM32G474CCT6, STM32H503CBT6, STM32H503CBU6, STM32H503EBY6TR, STM32H503KBU6, STM32H503RBT6, STM32H562AGI6, STM32H562AII6, STM32H562IGK6, STM32H562IGT6, STM32H562IIK6, STM32H562IIT6, STM32H562RGT6, STM32H562RGV6, STM32H562RIT6, STM32H562RIV6, STM32H562VGT6, STM32H562VIT6, STM32H562ZGT6, STM32H562ZIT6, STM32H563AGI6, STM32H563AII3Q, STM32H563AII6, STM32H563IGK6, STM32H563IGT6, STM32H563IIK3Q, STM32H563IIK6, STM32H563IIT3Q, STM32H563IIT6, STM32H563MIY3QTR, STM32H563RGT6, STM32H563RGV6, STM32H563RIT6, STM32H563RIV6, STM32H563VGT6, STM32H563VIT3Q, STM32H563VIT6, STM32H563ZGT6, STM32H563ZIT3Q, STM32H563ZIT6, STM32H573AII3Q, STM32H573AII6, STM32H573I-DK, STM32H573IIK3Q, STM32H573IIK6, STM32H573IIT3Q, STM32H573IIT6, STM32H573MIY3QTR, STM32H573RIT6, STM32H573RIV6, STM32H573VIT3Q, STM32H573VIT6, STM32H573ZIT3Q, STM32H573ZIT6, STM32L4R5QGI6STR, STM32MP131AAE3, STM32MP131AAF3, STM32MP131AAG3, STM32MP131CAE3, STM32MP131CAF3, STM32MP131CAG3, STM32MP131DAE7, STM32MP131DAF7, STM32MP131DAG7, STM32MP131FAE7, STM32MP131FAF7, STM32MP131FAG7, STM32MP133AAE3, STM32MP133AAF3, STM32MP133AAG3, STM32MP133CAE3, STM32MP133CAF3, STM32MP133CAG3, STM32MP133DAE7, STM32MP133DAF7, STM32MP133DAG7, STM32MP133FAE7, STM32MP133FAF7, STM32MP133FAG7, STM32MP135AAE3, STM32MP135AAF3, STM32MP135AAG3, STM32MP135CAE3, STM32MP135CAF3, STM32MP135CAG3, STM32MP135DAE7, STM32MP135DAF7, STM32MP135DAG7, STM32MP135F-DK, STM32MP135FAE7, STM32MP135FAF7, STM32MP135FAF7T, STM32MP135FAF7U, STM32MP135FAG7, STM32U535CBT6, STM32U535CBT6Q, STM32U535CBU6, STM32U535CBU6Q, STM32U535CCT6, STM32U535CCT6Q, STM32U535CCU6, STM32U535CCU6Q, STM32U535CET6, STM32U535CET6Q, STM32U535CEU6, STM32U535CEU6Q, STM32U535JEY6QTR, STM32U535NCY6QTR, STM32U535NEY6QTR, STM32U535RBI6, STM32U535RBI6Q, STM32U535RBT6, STM32U535RBT6Q, STM32U535RCI6, STM32U535RCI6Q, STM32U535RCT6, STM32U535RCT6Q, STM32U535REI6, STM32U535REI6Q, STM32U535RET6, STM32U535RET6Q, STM32U535VCI6, STM32U535VCI6Q, STM32U535VCT6, STM32U535VCT6Q, STM32U535VEI6, STM32U535VEI6Q, STM32U535VET6, STM32U535VET6Q, STM32U545CET6, STM32U545CET6Q, STM32U545CEU6, STM32U545CEU6Q, STM32U545JEY6QTR, STM32U545NEY6QTR, STM32U545REI6, STM32U545REI6Q, STM32U545RET6, STM32U545RET6Q, STM32U545VEI6, STM32U545VEI6Q, STM32U545VET6, STM32U545VET6Q, STM32U595AIH6, STM32U595AIH6Q, STM32U595AJH6, STM32U595AJH6Q, STM32U595QII6, STM32U595QII6Q, STM32U595QJI6, STM32U595QJI6Q, STM32U595RIT6, STM32U595RIT6Q, STM32U595RJT6, STM32U595RJT6Q, STM32U595VIT6, STM32U595VIT6Q, STM32U595VJT6, STM32U595VJT6Q, STM32U595ZIT6, STM32U595ZIT6Q, STM32U595ZIY6QTR, STM32U595ZJT6, STM32U595ZJT6Q, STM32U595ZJY6QTR, STM32U599BJY6QTR, STM32U599NIH6Q, STM32U599NJH6Q, STM32U599VIT6Q, STM32U599VJT6, STM32U599VJT6Q, STM32U599ZIT6Q, STM32U599ZIY6QTR, STM32U599ZJT6Q, STM32U599ZJY6QTR, STM32U5A5AJH6, STM32U5A5AJH6Q, STM32U5A5QJI6, STM32U5A5QJI6Q, STM32U5A5RJT6, STM32U5A5RJT6Q, STM32U5A5VJT6, STM32U5A5VJT6Q, STM32U5A5ZJT6, STM32U5A5ZJT6Q, STM32U5A5ZJY6QTR, STM32U5A9BJY6QTR, STM32U5A9J-DK, STM32U5A9NJH6Q, STM32U5A9VJT6Q, STM32U5A9ZJT6Q, STM32U5A9ZJY6QTR, STM32U5F7VIT6, STM32U5F7VIT6Q, STM32U5F7VJT6, STM32U5F7VJT6Q, STM32U5F9BJY6QTR, STM32U5F9NJH6Q, STM32U5F9VIT6Q, STM32U5F9VJT6Q, STM32U5F9ZIJ6QTR, STM32U5F9ZIT6Q, STM32U5F9ZJJ6QTR, STM32U5F9ZJT6Q, STM32U5G7VJT6, STM32U5G7VJT6Q, STM32U5G9BJY6QTR, STM32U5G9J-DK1, STM32U5G9J-DK2, STM32U5G9NJH6Q, STM32U5G9VJT6Q, STM32U5G9ZJJ6QTR, STM32U5G9ZJT6Q, STM32WB1MMCH6, STM32WBA52CEU6, STM32WBA52CEU6T, STM32WBA52CGU6, STM32WBA52CGU6T, STM32WBA52KEU6, STM32WBA52KEU6T, STM32WBA52KGU6, STM32WBA52KGU6T, STM32WL5MOCH6, STM32WL5MOCH6TR]
2024-11-20 18:49:21,657 [INFO] BoardInfo:880 - No configuration file found for board NUCLEO-C071RB
2024-11-20 18:49:21,658 [INFO] DbBoards:157 - Board is not supported: NUCLEO-C071RB
2024-11-20 18:49:21,767 [INFO] BoardInfo:880 - No configuration file found for board NUCLEO-H533RE
2024-11-20 18:49:21,767 [INFO] DbBoards:157 - Board is not supported: NUCLEO-H533RE
2024-11-20 18:49:21,789 [INFO] BoardInfo:880 - No configuration file found for board NUCLEO-H7S3L8
2024-11-20 18:49:21,789 [INFO] DbBoards:157 - Board is not supported: NUCLEO-H7S3L8
2024-11-20 18:49:21,834 [INFO] BoardInfo:880 - No configuration file found for board NUCLEO-U031R8
2024-11-20 18:49:21,834 [INFO] DbBoards:157 - Board is not supported: NUCLEO-U031R8
2024-11-20 18:49:21,837 [INFO] BoardInfo:880 - No configuration file found for board NUCLEO-U083RC
2024-11-20 18:49:21,838 [INFO] DbBoards:157 - Board is not supported: NUCLEO-U083RC
2024-11-20 18:49:21,851 [INFO] BoardInfo:880 - No configuration file found for board NUCLEO-WB05KZ
2024-11-20 18:49:21,851 [INFO] DbBoards:157 - Board is not supported: NUCLEO-WB05KZ
2024-11-20 18:49:21,854 [INFO] BoardInfo:880 - No configuration file found for board NUCLEO-WB07CC
2024-11-20 18:49:21,855 [INFO] DbBoards:157 - Board is not supported: NUCLEO-WB07CC
2024-11-20 18:49:21,858 [INFO] BoardInfo:880 - No configuration file found for board NUCLEO-WB09KE
2024-11-20 18:49:21,859 [INFO] DbBoards:157 - Board is not supported: NUCLEO-WB09KE
2024-11-20 18:49:21,871 [INFO] BoardInfo:880 - No configuration file found for board NUCLEO-WBA55CG
2024-11-20 18:49:21,871 [INFO] DbBoards:157 - Board is not supported: NUCLEO-WBA55CG
2024-11-20 18:49:21,890 [INFO] BoardInfo:880 - No configuration file found for board P-NUCLEO-WB55
2024-11-20 18:49:21,890 [INFO] DbBoards:157 - Kit is not supported: P-NUCLEO-WB55
2024-11-20 18:49:21,902 [INFO] BoardInfo:880 - No configuration file found for board STEVAL-BFA001V1B
2024-11-20 18:49:21,903 [INFO] DbBoards:157 - Kit is not supported: STEVAL-BFA001V1B
2024-11-20 18:49:21,907 [INFO] BoardInfo:880 - No configuration file found for board STEVAL-BFA001V2B
2024-11-20 18:49:21,907 [INFO] DbBoards:157 - Kit is not supported: STEVAL-BFA001V2B
2024-11-20 18:49:21,919 [INFO] BoardInfo:880 - No configuration file found for board STEVAL-MKBOXPRO
2024-11-20 18:49:21,920 [INFO] DbBoards:157 - Board is not supported: STEVAL-MKBOXPRO
2024-11-20 18:49:22,099 [INFO] BoardInfo:880 - No configuration file found for board STM32H7S78-DK
2024-11-20 18:49:22,099 [INFO] DbBoards:157 - Board is not supported: STM32H7S78-DK
2024-11-20 18:49:22,160 [INFO] BoardInfo:880 - No configuration file found for board STM32MP257F-DK
2024-11-20 18:49:22,160 [INFO] DbBoards:157 - Board is not supported: STM32MP257F-DK
2024-11-20 18:49:22,162 [INFO] BoardInfo:880 - No configuration file found for board STM32MP257F-EV1
2024-11-20 18:49:22,163 [INFO] DbBoards:157 - Board is not supported: STM32MP257F-EV1
2024-11-20 18:49:22,165 [INFO] BoardInfo:880 - No configuration file found for board STM32U083C-DK
2024-11-20 18:49:22,165 [INFO] DbBoards:157 - Board is not supported: STM32U083C-DK
2024-11-20 18:49:22,180 [INFO] BoardInfo:880 - No configuration file found for board STM32WBA55G-DK1
2024-11-20 18:49:22,181 [INFO] DbBoards:157 - Board is not supported: STM32WBA55G-DK1
2024-11-20 18:49:22,181 [INFO] DbBoards:161 - Found 201 boards, 183 are supported
2024-11-20 18:49:22,189 [INFO] ApiDb:423 - Load user favorites file C:\Users\Minh/.stm32cubeide/favorites.boards.txt: 1 item(s)
2024-11-20 18:49:22,190 [INFO] ApiDb:427 - User favorites Boards=[STM32F407G-DISC1]
2024-11-20 18:49:22,190 [INFO] DbBoards:190 - Set 1 / 1 favorites Boards
2024-11-20 18:49:22,196 [INFO] ApiDb:668 - CubeFinder database Data Model version=2.1
2024-11-20 18:49:22,197 [INFO] ApiDb:669 - CubeFinder database Configuration version=3.0.39
2024-11-20 18:49:22,197 [INFO] ApiDb:670 - CubeFinder database generation date=2024-10-16 (1729006872)
2024-11-20 18:49:22,197 [INFO] ApiDb:671 - CubeFinder database FW Pack versions=[FP-ATR-ASTRA1_V2.0.0, FP-SNS-FLIGHT1_V5.0.2, FP-SNS-MOTENV1_V5.0.0, FP-SNS-MOTENVWB1_V1.4.0, FP-SNS-SMARTAG2_V1.2.0, FP-SNS-STBOX1_V2.0.0, STM32Cube_FW_C0_V1.2.0, STM32Cube_FW_F4_V1.28.1, STM32Cube_FW_F7_V1.17.2, STM32Cube_FW_G0_V1.6.2, STM32Cube_FW_G4_V1.6.0, STM32Cube_FW_H5_V1.3.0, STM32Cube_FW_H7RS_V1.1.0, STM32Cube_FW_H7_V1.11.2, STM32Cube_FW_L0_V1.12.2, STM32Cube_FW_L5_V1.5.1, STM32Cube_FW_U0_V1.1.0, STM32Cube_FW_U5_V1.6.0, STM32Cube_FW_WB0_V1.0.0, STM32Cube_FW_WBA_V1.4.1, STM32Cube_FW_WB_V1.20.0, STM32Cube_FW_WL_V1.3.0, X-CUBE-ALGOBUILD_V1.4.0, X-CUBE-ALS_V1.0.2, X-CUBE-AZRTOS-F4_V1.1.0, X-CUBE-AZRTOS-F7_V1.1.0, X-CUBE-AZRTOS-G0_V1.1.0, X-CUBE-AZRTOS-G4_V2.0.0, X-CUBE-AZRTOS-H7RS_V1.0.0, X-CUBE-AZRTOS-H7_V3.3.0, X-CUBE-AZRTOS-L4_V2.0.0, X-CUBE-AZRTOS-L5_V2.0.0, X-CUBE-AZRTOS-WB_V2.0.0, X-CUBE-AZRTOS-WL_V2.0.0, X-CUBE-BLE1_V7.0.0, X-CUBE-BLE2_V3.3.0, X-CUBE-BLEMGR_V3.1.0, X-CUBE-EEPRMA1_V5.1.0, X-CUBE-FREERTOS_V1.2.0, X-CUBE-GNSS1_V6.0.0, X-CUBE-MEMS1_V11.0.0, X-CUBE-NFC4_V3.0.0, X-CUBE-NFC7_V1.0.1, X-CUBE-SFXS2LP1_V4.0.0, X-CUBE-SUBG2_V5.0.0, X-CUBE-TOF1_V3.4.2]
2024-11-20 18:49:23,877 [ERROR] DbExamplesSqlite:437 - Missing JSON key: board_cpn
2024-11-20 18:49:23,878 [ERROR] DbExamplesSqlite:437 - Missing JSON key: board_cpn
2024-11-20 18:49:23,878 [ERROR] DbExamplesSqlite:437 - Missing JSON key: board_cpn
2024-11-20 18:49:23,878 [ERROR] DbExamplesSqlite:437 - Missing JSON key: board_cpn
2024-11-20 18:49:24,349 [ERROR] DbExamplesSqlite:437 - Missing JSON key: board_cpn
2024-11-20 18:49:24,350 [ERROR] DbExamplesSqlite:437 - Missing JSON key: board_cpn
2024-11-20 18:49:24,351 [ERROR] DbExamplesSqlite:437 - Missing JSON key: board_cpn
2024-11-20 18:49:24,352 [ERROR] DbExamplesSqlite:437 - Missing JSON key: board_cpn
2024-11-20 18:49:24,352 [ERROR] DbExamplesSqlite:437 - Missing JSON key: board_cpn
2024-11-20 18:49:24,353 [ERROR] DbExamplesSqlite:437 - Missing JSON key: board_cpn
2024-11-20 18:49:24,353 [ERROR] DbExamplesSqlite:437 - Missing JSON key: board_cpn
2024-11-20 18:49:24,354 [ERROR] DbExamplesSqlite:437 - Missing JSON key: board_cpn
2024-11-20 18:49:24,354 [ERROR] DbExamplesSqlite:437 - Missing JSON key: board_cpn
2024-11-20 18:49:24,358 [INFO] DbExamplesSqlite:395 - Ignored 28 examples not supported by CubeIDE
2024-11-20 18:49:24,358 [INFO] DbExamplesSqlite:396 - Found 8617 examples active
2024-11-20 18:49:24,359 [INFO] DbExamplesSqlite:397 - Found 0 examples obsolete
2024-11-20 18:49:24,359 [INFO] DbExamplesSqlite:398 - Found 0 examples under development
2024-11-20 18:49:24,360 [INFO] DbExamplesSqlite:399 - Found 10 examples not building
2024-11-20 18:49:24,364 [INFO] DbExamples:125 - Found 8599 examples
2024-11-20 18:49:24,634 [ERROR] DbExamples:208 - Found 206 examples with invalid data (board or MCU)
2024-11-20 18:49:24,634 [INFO] DbExamples:222 - Found 108 boards with related examples
2024-11-20 18:49:24,637 [INFO] DbExamples:235 - Found 87 MCUs with related examples
2024-11-20 18:49:24,698 [INFO] ApiDb:423 - Load user favorites file C:\Users\Minh/.stm32cubeide/favorites.examples.txt: 0 item(s)
2024-11-20 18:49:24,698 [INFO] ApiDb:427 - User favorites Examples=[]
2024-11-20 18:49:24,699 [INFO] DbExamples:250 - Set 0 / 0 favorites Examples
2024-11-20 18:49:25,438 [INFO] McuFinderGlobals:76 - Set McuFinderConnectedMode to true
2024-11-20 18:49:25,455 [INFO] MultiScanPanel:200 - Auto-refresh data requested => check proxy status ongoing
2024-11-20 18:49:25,463 [INFO] FinderPluginLoader:95 - Searching for filters in installed packs
2024-11-20 18:49:29,072 [INFO] LoadUrlFilesThread:185 - End of LoadServerUrlFiles without Thread
2024-11-20 18:49:29,260 [INFO] DetailPanel:341 - Set advertising image to C:/Users/Minh/STM32Cube/Repository/\en.prom-stm32c071-usb-memories-mcu-finder.png
2024-11-20 18:49:46,427 [INFO] MultiScanPanel:200 - Auto-refresh data requested => check proxy status ongoing
2024-11-20 18:49:46,741 [INFO] LoadUrlFilesThread:185 - End of LoadServerUrlFiles without Thread
2024-11-20 18:49:46,741 [INFO] DetailPanel:341 - Set advertising image to C:/Users/Minh/STM32Cube/Repository/\en.prom-stm32c071-usb-memories-mcu-finder.png
2024-11-20 18:49:46,770 [INFO] DbBoards:634 - Loading board mini-images...
2024-11-20 18:49:49,661 [ERROR] DbBoards:651 - Image file not found for board NUCLEO-WB05KZ: C:\Users\Minh\.stmcufinder\plugins\mcufinder//mcu//boards_images/NUCLEO-WB05KZ.jpg
2024-11-20 18:49:52,400 [INFO] DbBoards:657 - Loaded 200 board mini-images
2024-11-20 18:52:27,968 [INFO] McuFinderGlobals:76 - Set McuFinderConnectedMode to true
2024-11-20 18:52:27,978 [INFO] ApiDb:448 - Save user favorites file C:\Users\Minh/.stm32cubeide/favorites.mcus.txt: 0 item(s)
2024-11-20 18:52:27,979 [INFO] ApiDb:452 - User favorites MCUs=[]
2024-11-20 18:52:27,982 [INFO] ApiDb:448 - Save user favorites file C:\Users\Minh/.stm32cubeide/favorites.boards.txt: 1 item(s)
2024-11-20 18:52:27,983 [INFO] ApiDb:452 - User favorites Boards=[STM32F407G-DISC1]
2024-11-20 19:36:04,289 [ERROR] LogOutputStream:75 - [STDERR_REDIRECT] SLF4J: Failed to load class "org.slf4j.impl.StaticLoggerBinder".
2024-11-20 19:36:04,293 [ERROR] LogOutputStream:75 - [STDERR_REDIRECT] SLF4J: Defaulting to no-operation (NOP) logger implementation
2024-11-20 19:36:04,296 [ERROR] LogOutputStream:75 - [STDERR_REDIRECT] SLF4J: See http://www.slf4j.org/codes.html#StaticLoggerBinder for further details.
2024-11-20 21:24:24,305 [ERROR] LogOutputStream:75 - [STDERR_REDIRECT] 
