2024-11-16 15:28:34,819 [INFO] Activator:176 - 


2024-11-16 15:28:34,828 [INFO] Activator:177 - !SESSION log4j initialized
2024-11-16 15:28:44,433 [INFO] LogOutputStream:77 - [STDOUT_REDIRECT] 
2024-11-16 15:28:51,713 [INFO] ApplicationProperties:184 - Using Application install path: C:\ST\STM32CubeIDE_1.4.0\STM32CubeIDE\plugins\com.st.stm32cube.common.mx_6.9.1.202307191849
2024-11-16 15:28:51,738 [INFO] DbMcusXml:78 - Set database path to: C:\ST\STM32CubeIDE_1.4.0\STM32CubeIDE\plugins\com.st.stm32cube.common.mx_6.9.1.202307191849\\db\/mcu/
2024-11-16 15:28:51,739 [INFO] ApiDb:274 - Set plugin database path to: C:\ST\STM32CubeIDE_1.4.0\STM32CubeIDE\plugins\com.st.stm32cube.common.mx_6.9.1.202307191849\\db\/plugins/boardmanager/
2024-11-16 15:28:51,739 [WARN] ApiDb:259 - Overriding images path with different value:  => C:\ST\STM32CubeIDE_1.4.0\STM32CubeIDE\plugins\com.st.stm32cube.common.mx_6.9.1.202307191849\\db\/plugins/mcufinder/images/
2024-11-16 15:28:51,756 [INFO] ApiDb:250 - Set database path to: C:\Users\Minh\.stmcufinder\plugins\mcufinder//mcu/
2024-11-16 15:28:51,758 [INFO] DbMcusAds:125 - Set database path to: C:\Users\Minh\.stmcufinder\plugins\mcufinder//mcu/
2024-11-16 15:28:51,760 [INFO] CrossReferenceDbSqlite:203 - Set database path to: C:\Users\Minh\.stmcufinder\plugins\mcufinder//mcu/cs/
2024-11-16 15:28:51,954 [INFO] RulesReader:64 - Compatibility file has been processed (293 Rules)
2024-11-16 15:28:52,201 [INFO] DbMcusXml:78 - Set database path to: C:\ST\STM32CubeIDE_1.4.0\STM32CubeIDE\plugins\com.st.stm32cube.common.mx_6.9.1.202307191849\\db\/mcu/
2024-11-16 15:28:52,201 [INFO] ApiDb:274 - Set plugin database path to: C:\ST\STM32CubeIDE_1.4.0\STM32CubeIDE\plugins\com.st.stm32cube.common.mx_6.9.1.202307191849\\db\/plugins/boardmanager/
2024-11-16 15:28:52,201 [INFO] ApiDb:261 - Set plugin images path to: C:\ST\STM32CubeIDE_1.4.0\STM32CubeIDE\plugins\com.st.stm32cube.common.mx_6.9.1.202307191849\\db\/plugins/mcufinder/images/
2024-11-16 15:28:52,201 [WARN] DbFile:41 - Overriding database path with different value: C:\Users\Minh\.stmcufinder\plugins\mcufinder/ => C:\Users\Minh\.stmcufinder\plugins\mcufinder
2024-11-16 15:28:52,202 [INFO] ApiDb:250 - Set database path to: C:\Users\Minh\.stmcufinder\plugins\mcufinder//mcu/
2024-11-16 15:28:52,202 [WARN] DbFile:41 - Overriding database path with different value: C:\Users\Minh\.stmcufinder\plugins\mcufinder/ => C:\Users\Minh\.stmcufinder\plugins\mcufinder
2024-11-16 15:28:52,202 [INFO] DbMcusAds:125 - Set database path to: C:\Users\Minh\.stmcufinder\plugins\mcufinder//mcu/
2024-11-16 15:28:52,202 [WARN] DbFile:41 - Overriding database path with different value: C:\Users\Minh\.stmcufinder\plugins\mcufinder/ => C:\Users\Minh\.stmcufinder\plugins\mcufinder
2024-11-16 15:28:52,202 [WARN] DbFile:41 - Overriding database path with different value: C:\Users\Minh\.stmcufinder\plugins\mcufinder/ => C:\Users\Minh\.stmcufinder\plugins\mcufinder
2024-11-16 15:28:52,202 [INFO] CrossReferenceDbSqlite:203 - Set database path to: C:\Users\Minh\.stmcufinder\plugins\mcufinder//mcu/cs/
2024-11-16 15:28:52,300 [INFO] MainPanel:262 - HeapMemory: 268435456
2024-11-16 15:28:52,435 [INFO] DbMcusXml:78 - Set database path to: C:\ST\STM32CubeIDE_1.4.0\STM32CubeIDE\plugins\com.st.stm32cube.common.mx_6.9.1.202307191849\\db\/mcu/
2024-11-16 15:28:52,435 [INFO] ApiDb:274 - Set plugin database path to: C:\ST\STM32CubeIDE_1.4.0\STM32CubeIDE\plugins\com.st.stm32cube.common.mx_6.9.1.202307191849\\db\/plugins/boardmanager/
2024-11-16 15:28:52,436 [INFO] ApiDb:261 - Set plugin images path to: C:\ST\STM32CubeIDE_1.4.0\STM32CubeIDE\plugins\com.st.stm32cube.common.mx_6.9.1.202307191849\\db\/plugins/mcufinder/images/
2024-11-16 15:28:52,437 [WARN] DbFile:41 - Overriding database path with different value: C:\Users\Minh\.stmcufinder\plugins\mcufinder/ => C:\Users\Minh\.stmcufinder\plugins\mcufinder
2024-11-16 15:28:52,437 [INFO] ApiDb:250 - Set database path to: C:\Users\Minh\.stmcufinder\plugins\mcufinder//mcu/
2024-11-16 15:28:52,437 [WARN] DbFile:41 - Overriding database path with different value: C:\Users\Minh\.stmcufinder\plugins\mcufinder/ => C:\Users\Minh\.stmcufinder\plugins\mcufinder
2024-11-16 15:28:52,437 [INFO] DbMcusAds:125 - Set database path to: C:\Users\Minh\.stmcufinder\plugins\mcufinder//mcu/
2024-11-16 15:28:52,437 [WARN] DbFile:41 - Overriding database path with different value: C:\Users\Minh\.stmcufinder\plugins\mcufinder/ => C:\Users\Minh\.stmcufinder\plugins\mcufinder
2024-11-16 15:28:52,438 [WARN] DbFile:41 - Overriding database path with different value: C:\Users\Minh\.stmcufinder\plugins\mcufinder/ => C:\Users\Minh\.stmcufinder\plugins\mcufinder
2024-11-16 15:28:52,438 [INFO] CrossReferenceDbSqlite:203 - Set database path to: C:\Users\Minh\.stmcufinder\plugins\mcufinder//mcu/cs/
2024-11-16 15:28:52,467 [INFO] ApplicationProperties:184 - Using Application install path: C:\ST\STM32CubeIDE_1.4.0\STM32CubeIDE\plugins\com.st.stm32cube.common.mx_6.9.1.202307191849
2024-11-16 15:28:52,470 [INFO] PluginManage:196 - Search for loadable plugins [exclusion list=, ]
2024-11-16 15:28:52,473 [INFO] PluginManage:310 - Check plugin analytics
2024-11-16 15:28:57,288 [INFO] AnalyticsPlugin:253 - Accepted Software Licenses: STM32CubeMX.6.0.0,STM32CubeMX.5.2.0
2024-11-16 15:28:57,289 [INFO] AnalyticsPlugin:255 - Accepted CMSIS Pack Licenses: 
2024-11-16 15:28:57,289 [INFO] AnalyticsPlugin:257 - Accepted Firmware Licenses: 
2024-11-16 15:28:57,292 [INFO] PluginManage:359 - Loaded plugin analytics (category:tool,tabindex:-1)
2024-11-16 15:28:57,293 [INFO] PluginManage:310 - Check plugin cadmodel
2024-11-16 15:28:57,320 [INFO] CADModel:105 - Init CAD model plugin
2024-11-16 15:28:57,321 [INFO] PluginManage:359 - Loaded plugin cadmodel (category:power,tabindex:5)
2024-11-16 15:28:57,321 [INFO] PluginManage:310 - Check plugin clock
2024-11-16 15:28:57,351 [INFO] PluginManage:359 - Loaded plugin clock (category:base,tabindex:2)
2024-11-16 15:28:57,351 [INFO] PluginManage:310 - Check plugin ddr
2024-11-16 15:28:57,355 [INFO] PluginManage:359 - Loaded plugin ddr (category:tool,tabindex:6)
2024-11-16 15:28:57,355 [INFO] PluginManage:310 - Check plugin filemanager
2024-11-16 15:28:57,521 [INFO] PluginManage:359 - Loaded plugin filemanager (category:base,tabindex:10)
2024-11-16 15:28:57,522 [INFO] PluginManage:310 - Check plugin ipmanager
2024-11-16 15:28:57,530 [INFO] PluginManage:359 - Loaded plugin ipmanager (category:base,tabindex:5)
2024-11-16 15:28:57,531 [INFO] PluginManage:310 - Check plugin lpbam
2024-11-16 15:28:57,550 [INFO] PluginManage:359 - Loaded plugin lpbam (category:base,tabindex:0)
2024-11-16 15:28:57,550 [INFO] PluginManage:310 - Check plugin memorymap
2024-11-16 15:28:57,576 [INFO] PluginManage:359 - Loaded plugin memorymap (category:base,tabindex:4)
2024-11-16 15:28:57,576 [INFO] PluginManage:310 - Check plugin pinoutandconfiguration
2024-11-16 15:28:57,596 [INFO] PluginManage:359 - Loaded plugin pinoutandconfiguration (category:base,tabindex:1)
2024-11-16 15:28:57,596 [INFO] PluginManage:310 - Check plugin pinoutconfig
2024-11-16 15:28:57,717 [WARN] SupportedApi:132 - Cannot load RTOS API schema: s4s-elt-must-match.1: The content of 'definitions' must match (annotation?, (simpleType | complexType)?, (unique | key | keyref)*)). A problem was found starting at: attribute.
2024-11-16 15:28:57,933 [INFO] PluginManage:359 - Loaded plugin pinoutconfig (category:base,tabindex:0)
2024-11-16 15:28:57,934 [INFO] PluginManage:310 - Check plugin power
2024-11-16 15:28:57,969 [INFO] PluginManage:359 - Loaded plugin power (category:power,tabindex:4)
2024-11-16 15:28:57,969 [INFO] PluginManage:310 - Check plugin projectmanager
2024-11-16 15:28:57,987 [INFO] PluginManage:359 - Loaded plugin projectmanager (category:projectmanager,tabindex:3)
2024-11-16 15:28:57,987 [INFO] PluginManage:310 - Check plugin thirdparty
2024-11-16 15:28:58,333 [INFO] PluginManage:359 - Loaded plugin thirdparty (category:base,tabindex:-1)
2024-11-16 15:28:58,333 [WARN] IntegrityCheckThread:84 - waiting for thirdparty lock release [integrity check]
2024-11-16 15:28:58,333 [INFO] PluginManage:310 - Check plugin tools
2024-11-16 15:28:58,333 [INFO] IntegrityCheckThread:86 - entering critical section [integrity check]
2024-11-16 15:28:58,333 [INFO] ThirdPartyUpdaterWithRetryManager:70 - Updater plugin not ready yet. [1/15]
2024-11-16 15:28:58,374 [INFO] PluginManage:359 - Loaded plugin tools (category:base,tabindex:7)
2024-11-16 15:28:58,374 [INFO] PluginManage:310 - Check plugin tutovideos
2024-11-16 15:28:58,590 [INFO] PluginManage:359 - Loaded plugin tutovideos (category:base,tabindex:-1)
2024-11-16 15:28:58,590 [INFO] PluginManage:310 - Check plugin updater
2024-11-16 15:28:58,606 [INFO] PluginManage:359 - Loaded plugin updater (category:base,tabindex:12)
2024-11-16 15:28:58,606 [INFO] PluginManage:310 - Check plugin userauth
2024-11-16 15:28:58,613 [INFO] UserAuth:113 - Init User Auth plugin
2024-11-16 15:28:58,613 [INFO] PluginManage:359 - Loaded plugin userauth (category:base,tabindex:14)
2024-11-16 15:28:58,614 [INFO] PluginManage:283 - PluginManage : Loaded plugins [17]
2024-11-16 15:28:58,864 [INFO] PinOutPanel:1499 - setPackage(No Configuration,No Configuration)
2024-11-16 15:28:58,999 [INFO] CADModel:165 - CPN selected for project level
2024-11-16 15:28:58,999 [INFO] CADModel:114 - Register for checkConnection events
2024-11-16 15:28:59,032 [INFO] IPUIPlugin:80 - create IPUIPlugin
2024-11-16 15:28:59,032 [INFO] PluginManager:220 - loadIPPluginJar : add adc
2024-11-16 15:28:59,074 [INFO] IPUIPlugin:80 - create IPUIPlugin
2024-11-16 15:28:59,074 [INFO] PluginManager:220 - loadIPPluginJar : add aes
2024-11-16 15:28:59,128 [INFO] IPUIPlugin:80 - create IPUIPlugin
2024-11-16 15:28:59,129 [INFO] PluginManager:220 - loadIPPluginJar : add can
2024-11-16 15:28:59,155 [INFO] IPUIPlugin:80 - create IPUIPlugin
2024-11-16 15:28:59,155 [INFO] PluginManager:220 - loadIPPluginJar : add comp
2024-11-16 15:28:59,192 [INFO] IPUIPlugin:80 - create IPUIPlugin
2024-11-16 15:28:59,192 [INFO] PluginManager:220 - loadIPPluginJar : add cryp
2024-11-16 15:28:59,231 [INFO] IPUIPlugin:80 - create IPUIPlugin
2024-11-16 15:28:59,231 [INFO] PluginManager:220 - loadIPPluginJar : add dfsdm
2024-11-16 15:28:59,247 [INFO] IPUIPlugin:80 - create IPUIPlugin
2024-11-16 15:28:59,248 [INFO] PluginManager:220 - loadIPPluginJar : add dma
2024-11-16 15:28:59,298 [INFO] IPUIPlugin:80 - create IPUIPlugin
2024-11-16 15:28:59,298 [INFO] PluginManager:220 - loadIPPluginJar : add dma3
2024-11-16 15:28:59,322 [INFO] IPUIPlugin:80 - create IPUIPlugin
2024-11-16 15:28:59,322 [INFO] PluginManager:220 - loadIPPluginJar : add fatfs
2024-11-16 15:28:59,378 [INFO] IPUIPlugin:80 - create IPUIPlugin
2024-11-16 15:28:59,378 [INFO] PluginManager:220 - loadIPPluginJar : add fmc
2024-11-16 15:28:59,397 [INFO] IPUIPlugin:80 - create IPUIPlugin
2024-11-16 15:28:59,397 [INFO] PluginManager:220 - loadIPPluginJar : add freertos
2024-11-16 15:28:59,423 [INFO] IPUIPlugin:80 - create IPUIPlugin
2024-11-16 15:28:59,423 [INFO] PluginManager:220 - loadIPPluginJar : add genericplugin
2024-11-16 15:28:59,525 [INFO] IPUIPlugin:80 - create IPUIPlugin
2024-11-16 15:28:59,525 [INFO] PluginManager:220 - loadIPPluginJar : add gfxmmu
2024-11-16 15:28:59,673 [INFO] IPUIPlugin:80 - create IPUIPlugin
2024-11-16 15:28:59,673 [INFO] PluginManager:220 - loadIPPluginJar : add gic
2024-11-16 15:28:59,688 [INFO] IPUIPlugin:80 - create IPUIPlugin
2024-11-16 15:28:59,688 [INFO] PluginManager:220 - loadIPPluginJar : add gpio
2024-11-16 15:28:59,789 [INFO] IPUIPlugin:80 - create IPUIPlugin
2024-11-16 15:28:59,789 [INFO] PluginManager:220 - loadIPPluginJar : add gtzc
2024-11-16 15:28:59,827 [INFO] IPUIPlugin:80 - create IPUIPlugin
2024-11-16 15:28:59,828 [INFO] PluginManager:220 - loadIPPluginJar : add hash
2024-11-16 15:28:59,885 [INFO] IPUIPlugin:80 - create IPUIPlugin
2024-11-16 15:28:59,885 [INFO] PluginManager:220 - loadIPPluginJar : add i2c
2024-11-16 15:28:59,928 [INFO] IPUIPlugin:80 - create IPUIPlugin
2024-11-16 15:28:59,928 [INFO] PluginManager:220 - loadIPPluginJar : add i2s
2024-11-16 15:28:59,978 [INFO] IPUIPlugin:80 - create IPUIPlugin
2024-11-16 15:28:59,978 [INFO] PluginManager:220 - loadIPPluginJar : add i3c
2024-11-16 15:29:00,104 [INFO] IPUIPlugin:80 - create IPUIPlugin
2024-11-16 15:29:00,104 [INFO] PluginManager:220 - loadIPPluginJar : add ipddr
2024-11-16 15:29:00,209 [INFO] IPUIPlugin:80 - create IPUIPlugin
2024-11-16 15:29:00,209 [INFO] PluginManager:220 - loadIPPluginJar : add linkedlist
2024-11-16 15:29:00,252 [INFO] IPUIPlugin:80 - create IPUIPlugin
2024-11-16 15:29:00,252 [INFO] PluginManager:220 - loadIPPluginJar : add lorawan
2024-11-16 15:29:00,293 [INFO] IPUIPlugin:80 - create IPUIPlugin
2024-11-16 15:29:00,293 [INFO] PluginManager:220 - loadIPPluginJar : add ltdc
2024-11-16 15:29:00,310 [INFO] IPUIPlugin:80 - create IPUIPlugin
2024-11-16 15:29:00,310 [INFO] PluginManager:220 - loadIPPluginJar : add mdma
2024-11-16 15:29:00,323 [INFO] IPUIPlugin:80 - create IPUIPlugin
2024-11-16 15:29:00,324 [INFO] PluginManager:220 - loadIPPluginJar : add nvic
2024-11-16 15:29:00,365 [INFO] IPUIPlugin:80 - create IPUIPlugin
2024-11-16 15:29:00,365 [INFO] PluginManager:220 - loadIPPluginJar : add opamp
2024-11-16 15:29:00,433 [INFO] IPUIPlugin:80 - create IPUIPlugin
2024-11-16 15:29:00,433 [INFO] PluginManager:220 - loadIPPluginJar : add openamp
2024-11-16 15:29:00,482 [INFO] IPUIPlugin:80 - create IPUIPlugin
2024-11-16 15:29:00,482 [INFO] PluginManager:220 - loadIPPluginJar : add pdm2pcm
2024-11-16 15:29:00,498 [INFO] IPUIPlugin:80 - create IPUIPlugin
2024-11-16 15:29:00,500 [INFO] PluginManager:220 - loadIPPluginJar : add plateformsettings
2024-11-16 15:29:00,531 [INFO] IPUIPlugin:80 - create IPUIPlugin
2024-11-16 15:29:00,531 [INFO] PluginManager:220 - loadIPPluginJar : add quadspi
2024-11-16 15:29:00,546 [INFO] IPUIPlugin:80 - create IPUIPlugin
2024-11-16 15:29:00,547 [INFO] PluginManager:220 - loadIPPluginJar : add resmgrutility
2024-11-16 15:29:00,603 [INFO] IPUIPlugin:80 - create IPUIPlugin
2024-11-16 15:29:00,603 [INFO] PluginManager:220 - loadIPPluginJar : add sai
2024-11-16 15:29:00,645 [INFO] IPUIPlugin:80 - create IPUIPlugin
2024-11-16 15:29:00,645 [INFO] PluginManager:220 - loadIPPluginJar : add spi
2024-11-16 15:29:00,711 [INFO] IPUIPlugin:80 - create IPUIPlugin
2024-11-16 15:29:00,711 [INFO] PluginManager:220 - loadIPPluginJar : add stm32_wpan
2024-11-16 15:29:00,737 [INFO] IPUIPlugin:80 - create IPUIPlugin
2024-11-16 15:29:00,738 [INFO] PluginManager:220 - loadIPPluginJar : add tim
2024-11-16 15:29:00,797 [INFO] IPUIPlugin:80 - create IPUIPlugin
2024-11-16 15:29:00,797 [INFO] PluginManager:220 - loadIPPluginJar : add touchsensing
2024-11-16 15:29:00,823 [INFO] IPUIPlugin:80 - create IPUIPlugin
2024-11-16 15:29:00,823 [INFO] PluginManager:220 - loadIPPluginJar : add tracer_emb
2024-11-16 15:29:00,850 [INFO] IPUIPlugin:80 - create IPUIPlugin
2024-11-16 15:29:00,850 [INFO] PluginManager:220 - loadIPPluginJar : add ts
2024-11-16 15:29:00,874 [INFO] IPUIPlugin:80 - create IPUIPlugin
2024-11-16 15:29:00,875 [INFO] PluginManager:220 - loadIPPluginJar : add tsc
2024-11-16 15:29:00,900 [INFO] IPUIPlugin:80 - create IPUIPlugin
2024-11-16 15:29:00,900 [INFO] PluginManager:220 - loadIPPluginJar : add ucpd
2024-11-16 15:29:00,948 [INFO] IPUIPlugin:80 - create IPUIPlugin
2024-11-16 15:29:00,948 [INFO] PluginManager:220 - loadIPPluginJar : add usart
2024-11-16 15:29:00,995 [INFO] IPUIPlugin:80 - create IPUIPlugin
2024-11-16 15:29:00,996 [INFO] PluginManager:220 - loadIPPluginJar : add usbx
2024-11-16 15:29:01,126 [INFO] CADModel:165 - CPN selected for project level
2024-11-16 15:29:01,126 [INFO] CADModel:114 - Register for checkConnection events
2024-11-16 15:29:01,126 [FATAL] Updater:308 - Updater called before beeing initialized
2024-11-16 15:29:01,126 [ERROR] CADModel:125 - Updater not yet initialized, retry later 
2024-11-16 15:29:01,320 [INFO] CADModel:165 - CPN selected for project level
2024-11-16 15:29:01,320 [INFO] CADModel:114 - Register for checkConnection events
2024-11-16 15:29:01,320 [FATAL] Updater:308 - Updater called before beeing initialized
2024-11-16 15:29:01,320 [ERROR] CADModel:125 - Updater not yet initialized, retry later 
2024-11-16 15:29:01,323 [FATAL] Updater:308 - Updater called before beeing initialized
2024-11-16 15:29:01,334 [INFO] ThirdPartyUpdaterWithRetryManager:70 - Updater plugin not ready yet. [2/15]
2024-11-16 15:29:01,457 [FATAL] Updater:308 - Updater called before beeing initialized
2024-11-16 15:29:01,464 [INFO] DbMcusAds:53 - JSON generation date=Wed Nov 29 19:52:27 JST 2023 (1701255147200)
2024-11-16 15:29:01,464 [FATAL] Updater:308 - Updater called before beeing initialized
2024-11-16 15:29:01,565 [WARN] DetailPanel:346 - Failed to get advertising image, set to default
2024-11-16 15:29:01,701 [FATAL] Updater:308 - Updater called before beeing initialized
2024-11-16 15:29:01,704 [FATAL] Updater:308 - Updater called before beeing initialized
2024-11-16 15:29:01,704 [FATAL] Updater:308 - Updater called before beeing initialized
2024-11-16 15:29:01,704 [WARN] DetailPanel:346 - Failed to get advertising image, set to default
2024-11-16 15:29:01,705 [FATAL] Updater:308 - Updater called before beeing initialized
2024-11-16 15:29:01,783 [ERROR] Updater:1120 - MainUpdater not yet initialized. External WinMGr cannot be set.
2024-11-16 15:29:01,797 [INFO] Updater:1056 - Updater Version found : 6.9.1
2024-11-16 15:29:01,818 [INFO] ApplicationProperties:184 - Using Application install path: C:\ST\STM32CubeIDE_1.4.0\STM32CubeIDE\plugins\com.st.stm32cube.common.mx_6.9.1.202307191849
2024-11-16 15:29:01,976 [INFO] MainUpdater:2868 - connection check result : 10
2024-11-16 15:29:01,977 [INFO] MainUpdater:3562 - Updater definition file requires update
2024-11-16 15:29:01,978 [INFO] MainUpdater:285 - Updater Check For Update Now.
2024-11-16 15:29:01,978 [INFO] MicroXplorer:498 - Change Database Version : DB.6.0.91
2024-11-16 15:29:02,002 [INFO] McuFinderGlobals:63 - Set McuFinder mode to 2 (CubeIDE integrated)
2024-11-16 15:29:02,002 [INFO] ServerAccessManage:473 - Download File updaters.zip
2024-11-16 15:29:02,003 [INFO] UserAuth:179 - activating auth plugin
2024-11-16 15:29:02,007 [INFO] UserAuth:393 - Internet connection configuration mode: 1
2024-11-16 15:29:02,035 [INFO] JxBrowserEngine:151 - Initiate JxBrowser Engine with user profile folder
2024-11-16 15:29:02,139 [INFO] FileExtend:240 - Unzip File : updaters.zip
2024-11-16 15:29:02,139 [INFO] FileExtend:255 - Standard Zip Deflate
2024-11-16 15:29:02,556 [INFO] ServerAccessManage:473 - Download File PacksControlFlags.xml
2024-11-16 15:29:02,760 [INFO] ServerAccessManage:473 - Download File cubemx.pidx
2024-11-16 15:29:03,066 [INFO] ServerAccessManage:473 - Download File STMicroelectronics.FP-ATR-ASTRA1.pdsc
2024-11-16 15:29:03,778 [INFO] WebApp:157 - Instantiating new browser for Auth
2024-11-16 15:29:04,335 [WARN] MainUpdater:1189 - Updater busy. Cannot search thirdparties
2024-11-16 15:29:04,335 [INFO] ThirdPartyUpdaterWithRetryManager:96 - Updater plugin is busy. [1/15]
2024-11-16 15:29:05,317 [INFO] WebApp:753 - Register for checkConnection events
2024-11-16 15:29:05,317 [INFO] WebApp:390 - Apply proxy settings
2024-11-16 15:29:05,318 [INFO] WebApp:475 - Chromium requires no authentication
2024-11-16 15:29:05,329 [INFO] WebApp:418 - Direct internet connection detected
2024-11-16 15:29:05,657 [INFO] WebApp:188 - Starting web application
2024-11-16 15:29:05,657 [INFO] WebApp:520 - Web application path used C:\ST\STM32CubeIDE_1.4.0\STM32CubeIDE\plugins\com.st.stm32cube.common.mx_6.9.1.202307191849\db\plugins\mcufinder\reactClient1\index.html
2024-11-16 15:29:06,164 [INFO] ServerAccessManage:473 - Download File quantropi.X-CUBE-qispace-sdk-base.pdsc
2024-11-16 15:29:06,646 [WARN] PackLoader:240 - Cannot read IP mode file for STMicroelectronics.FP-ATR-ASTRA1.2.0.1
2024-11-16 15:29:06,657 [WARN] PopulateThirdPartyThread:106 - Error when creating pack: C:/Users/Minh/.stm32cubemx/thirdparties/pdsc/quantropi.X-CUBE-qispace-sdk-base.pdsc
2024-11-16 15:29:06,657 [INFO] PopulateThirdPartyThread:66 - Ending populate Thread
2024-11-16 15:29:06,662 [INFO] ThirdParty:1030 - CMSIS Pack Vendor :STMicroelectronics FP-ATR-ASTRA1 2.0.1
2024-11-16 15:29:06,663 [INFO] LoadServerUpdatesThread:373 - End of LoadServerUpdate Thread
2024-11-16 15:29:06,846 [INFO] CheckServerUpdateThread:120 - End of CheckServer Thread
2024-11-16 15:29:07,699 [WARN] PackLoader:240 - Cannot read IP mode file for STMicroelectronics.FP-SNS-MOTENVWB1.1.4.0
2024-11-16 15:29:07,708 [WARN] PackLoader:240 - Cannot read IP mode file for STMicroelectronics.FP-ATR-ASTRA1.2.0.1
2024-11-16 15:29:07,722 [WARN] PackLoader:240 - Cannot read IP mode file for STMicroelectronics.X-CUBE-SMBUS.2.1.0
2024-11-16 15:29:07,736 [WARN] PackLoader:240 - Cannot read IP mode file for STMicroelectronics.X-CUBE-WB05N.1.1.0
2024-11-16 15:29:07,745 [WARN] PackLoader:240 - Cannot read IP mode file for STMicroelectronics.X-CUBE-TOUCHGFX.4.23.0
2024-11-16 15:29:07,749 [WARN] PackLoader:240 - Cannot read IP mode file for STMicroelectronics.X-CUBE-TOUCHGFX.4.23.2
2024-11-16 15:29:07,787 [WARN] PackLoader:240 - Cannot read IP mode file for STMicroelectronics.X-CUBE-AZRTOS-F7.1.1.0
2024-11-16 15:29:07,805 [ERROR] RealEvaluatedCondition:428 - Found unsupported composite condition: GROUP='STM32_MetaDataManager' CLASS='Data Exchange'
2024-11-16 15:29:07,805 [ERROR] RealEvaluatedCondition:428 - Found unsupported composite condition: CLASS='Data Exchange' GROUP='STM32_MetaDataManager'
2024-11-16 15:29:07,809 [WARN] PackLoader:240 - Cannot read IP mode file for STMicroelectronics.FP-SNS-MOTENV1.4.3.0
2024-11-16 15:29:07,827 [WARN] PackLoader:240 - Cannot read IP mode file for STMicroelectronics.FP-SNS-MOTENV1.4.3.2
2024-11-16 15:29:07,839 [WARN] PackLoader:240 - Cannot read IP mode file for STMicroelectronics.FP-SNS-FLIGHT1.5.0.0
2024-11-16 15:29:07,844 [ERROR] RealEvaluatedCondition:428 - Found unsupported composite condition: CLASS='Data Exchange' GROUP='STM32_MetaDataManager'
2024-11-16 15:29:07,845 [ERROR] RealEvaluatedCondition:428 - Found unsupported composite condition: GROUP='STM32_MetaDataManager' CLASS='Data Exchange'
2024-11-16 15:29:07,847 [WARN] PackLoader:240 - Cannot read IP mode file for STMicroelectronics.FP-SNS-MOTENV1.4.3.1
2024-11-16 15:29:07,860 [WARN] PackLoader:240 - Cannot read IP mode file for STMicroelectronics.FP-SNS-FLIGHT1.5.0.1
2024-11-16 15:29:07,952 [WARN] PackLoader:240 - Cannot read IP mode file for STMicroelectronics.X-CUBE-MEMS1.11.0.0
2024-11-16 15:29:08,161 [WARN] PackLoader:240 - Cannot read IP mode file for STMicroelectronics.X-CUBE-BLE1.6.2.4
2024-11-16 15:29:08,167 [WARN] PackLoader:240 - Cannot read IP mode file for STMicroelectronics.FP-SNS-FLIGHT1.5.0.2
2024-11-16 15:29:08,176 [WARN] PackLoader:240 - Cannot read IP mode file for STMicroelectronics.X-CUBE-DISPLAY.3.0.0
2024-11-16 15:29:08,184 [WARN] PackLoader:240 - Cannot read IP mode file for STMicroelectronics.X-CUBE-BLE1.7.0.0
2024-11-16 15:29:08,191 [WARN] PackLoader:240 - Cannot read IP mode file for STMicroelectronics.X-CUBE-NFC10.1.0.0
2024-11-16 15:29:08,196 [WARN] PackLoader:240 - Cannot read IP mode file for STMicroelectronics.X-CUBE-TOUCHGFX.4.22.0
2024-11-16 15:29:08,199 [WARN] PackLoader:240 - Cannot read IP mode file for STMicroelectronics.X-CUBE-TOUCHGFX.4.22.1
2024-11-16 15:29:08,209 [WARN] PackLoader:240 - Cannot read IP mode file for STMicroelectronics.X-CUBE-BLEMGR.3.1.0
2024-11-16 15:29:08,216 [WARN] PackLoader:240 - Cannot read IP mode file for STMicroelectronics.FP-SNS-SMARTAG2.1.2.0
2024-11-16 15:29:08,227 [INFO] LogOutputStream:77 - [STDOUT_REDIRECT] 1 : Invalid condition id : UX_CORESTACK_Condition cause : null
2024-11-16 15:29:08,228 [INFO] LogOutputStream:77 - [STDOUT_REDIRECT] 1 : Invalid condition id : UX_CORESTACK_Condition cause : null
2024-11-16 15:29:08,230 [INFO] LogOutputStream:77 - [STDOUT_REDIRECT] 1 : Invalid condition id : UX_CORESTACK_Condition cause : null
2024-11-16 15:29:08,233 [INFO] LogOutputStream:77 - [STDOUT_REDIRECT] 1 : Invalid condition id : UX_CORESTACK_Condition cause : null
2024-11-16 15:29:08,235 [INFO] LogOutputStream:77 - [STDOUT_REDIRECT] 1 : Invalid condition id : UX_CORESTACK_Condition cause : null
2024-11-16 15:29:08,238 [WARN] PackLoader:240 - Cannot read IP mode file for STMicroelectronics.X-CUBE-AZRTOS-WL.2.0.0
2024-11-16 15:29:08,245 [WARN] PackLoader:240 - Cannot read IP mode file for STMicroelectronics.FP-SNS-MOTENV1.5.0.0
2024-11-16 15:29:08,252 [WARN] PackLoader:240 - Cannot read IP mode file for wolfSSL.I-CUBE-wolfMQTT.1.19.0
2024-11-16 15:29:08,260 [WARN] PackLoader:240 - Cannot read IP mode file for WES.I-CUBE-Cesium.1.3.0
2024-11-16 15:29:08,267 [WARN] PackLoader:240 - Cannot read IP mode file for STMicroelectronics.X-CUBE-BLE2.3.3.0
2024-11-16 15:29:08,277 [WARN] PackLoader:240 - Cannot read IP mode file for STMicroelectronics.X-CUBE-TOF1.3.2.0
2024-11-16 15:29:08,293 [WARN] PackLoader:240 - Cannot read IP mode file for STMicroelectronics.X-CUBE-NFC9.1.0.0
2024-11-16 15:29:08,300 [WARN] PackLoader:240 - Cannot read IP mode file for STMicroelectronics.X-CUBE-TCPP.4.1.0
2024-11-16 15:29:08,305 [WARN] PackLoader:240 - Cannot read IP mode file for STMicroelectronics.X-CUBE-TOUCHGFX.4.21.1
2024-11-16 15:29:08,309 [WARN] PackLoader:240 - Cannot read IP mode file for STMicroelectronics.X-CUBE-TOUCHGFX.4.21.3
2024-11-16 15:29:08,313 [WARN] PackLoader:240 - Cannot read IP mode file for STMicroelectronics.X-CUBE-TOUCHGFX.4.21.4
2024-11-16 15:29:08,319 [WARN] PackLoader:240 - Cannot read IP mode file for STMicroelectronics.X-CUBE-ALGOBUILD.1.3.0
2024-11-16 15:29:08,338 [WARN] PackLoader:240 - Cannot read IP mode file for STMicroelectronics.X-CUBE-AZRTOS-G0.1.1.0
2024-11-16 15:29:08,348 [WARN] PackLoader:240 - Cannot read IP mode file for STMicroelectronics.X-CUBE-SAFEA1.1.2.2
2024-11-16 15:29:08,355 [WARN] PackLoader:240 - Cannot read IP mode file for STMicroelectronics.X-CUBE-NFC4.3.0.0
2024-11-16 15:29:08,360 [ERROR] Engine:466 - C:\Users\Minh\.stm32cubemx\thirdparties\pdsc\EmbeddedOffice.I-CUBE-FS-RTOS.1.0.1.pdsc: PDSC version is not supported
2024-11-16 15:29:08,368 [WARN] PackLoader:240 - Cannot read IP mode file for STMicroelectronics.X-CUBE-BLEMGR.3.0.0
2024-11-16 15:29:08,372 [ERROR] Engine:466 - C:\Users\Minh\.stm32cubemx\thirdparties\pdsc\RealThread.X-CUBE-RT-Thread_Nano.4.1.1.pdsc: PDSC version is not supported
2024-11-16 15:29:08,378 [WARN] PackLoader:240 - Cannot read IP mode file for STMicroelectronics.FP-ATR-SIGFOX1.3.2.0
2024-11-16 15:29:08,381 [ERROR] Engine:466 - C:\Users\Minh\.stm32cubemx\thirdparties\pdsc\quantropi.X-CUBE-qispace-sdk-base.1.9.3.pdsc: PDSC version is not supported
2024-11-16 15:29:08,389 [WARN] PackLoader:240 - Cannot read IP mode file for STMicroelectronics.X-CUBE-EEPRMA1.5.1.0
2024-11-16 15:29:08,432 [WARN] PackLoader:240 - Cannot read IP mode file for STMicroelectronics.X-CUBE-MEMS1.9.5.0
2024-11-16 15:29:08,574 [WARN] PackLoader:240 - Cannot read IP mode file for SEGGER.I-CUBE-embOS.1.3.1
2024-11-16 15:29:08,627 [WARN] PackLoader:240 - Cannot read IP mode file for STMicroelectronics.X-CUBE-ALGOBUILD.1.4.0
2024-11-16 15:29:08,634 [WARN] PackLoader:240 - Cannot read IP mode file for STMicroelectronics.X-CUBE-AI.9.1.0
2024-11-16 15:29:08,644 [WARN] PackLoader:240 - Cannot read IP mode file for STMicroelectronics.X-CUBE-GNSS1.6.0.0
2024-11-16 15:29:08,673 [WARN] PackLoader:240 - Cannot read IP mode file for STMicroelectronics.X-CUBE-AZRTOS-F4.1.1.0
2024-11-16 15:29:08,680 [WARN] PackLoader:240 - Cannot read IP mode file for STMicroelectronics.X-CUBE-ISPU.2.1.0
2024-11-16 15:29:08,691 [WARN] PackLoader:240 - Cannot read IP mode file for STMicroelectronics.X-CUBE-FREERTOS.1.2.0
2024-11-16 15:29:08,725 [WARN] PackLoader:240 - Cannot read IP mode file for STMicroelectronics.X-CUBE-AZRTOS-L5.2.0.0
2024-11-16 15:29:08,795 [WARN] PackLoader:240 - Cannot read IP mode file for STMicroelectronics.X-CUBE-MEMS1.9.6.0
2024-11-16 15:29:08,991 [WARN] PackLoader:240 - Cannot read IP mode file for STMicroelectronics.X-CUBE-EEPRMA1.4.2.0
2024-11-16 15:29:09,003 [WARN] PackLoader:240 - Cannot read IP mode file for STMicroelectronics.X-CUBE-NFC6.3.1.0
2024-11-16 15:29:09,013 [WARN] PackLoader:240 - Cannot read IP mode file for ITTIA_DB.I-CUBE-ITTIADB.8.8.0
2024-11-16 15:29:09,022 [WARN] PackLoader:240 - Cannot read IP mode file for emotas.I-CUBE-CANOPEN.1.1.3
2024-11-16 15:29:09,031 [WARN] PackLoader:240 - Cannot read IP mode file for STMicroelectronics.X-CUBE-BLEMGR.2.0.0
2024-11-16 15:29:09,037 [ERROR] Engine:466 - C:\Users\Minh\.stm32cubemx\thirdparties\pdsc\STMicroelectronics.X-CUBE-DPower.1.2.0.pdsc: PDSC version is not supported
2024-11-16 15:29:09,041 [WARN] PackLoader:240 - Cannot read IP mode file for STMicroelectronics.X-CUBE-AI.9.0.0
2024-11-16 15:29:09,057 [WARN] ConditionMgr:438 - getConditionDescription Invalid condition id : UX DEVICE CLASS RTOS Condition cause : null
2024-11-16 15:29:09,058 [WARN] ConditionMgr:438 - getConditionDescription Invalid condition id : UX DEVICE CLASS RTOS Condition cause : null
2024-11-16 15:29:09,060 [WARN] PackLoader:240 - Cannot read IP mode file for STMicroelectronics.X-CUBE-AZRTOS-H7.3.1.0
2024-11-16 15:29:09,062 [WARN] ConditionMgr:1039 - genDependencies : Invalid condition id : UX DEVICE CLASS RTOS Condition cause : null
2024-11-16 15:29:09,062 [WARN] ConditionMgr:1039 - genDependencies : Invalid condition id : UX DEVICE CLASS RTOS Condition cause : null
2024-11-16 15:29:09,062 [WARN] ConditionMgr:1039 - genDependencies : Invalid condition id : UX DEVICE CLASS RTOS Condition cause : null
2024-11-16 15:29:09,063 [WARN] ConditionMgr:1039 - genDependencies : Invalid condition id : UX DEVICE CLASS RTOS Condition cause : null
2024-11-16 15:29:09,063 [WARN] ConditionMgr:1039 - genDependencies : Invalid condition id : UX DEVICE CLASS RTOS Condition cause : null
2024-11-16 15:29:09,070 [WARN] PackLoader:240 - Cannot read IP mode file for wolfSSL.I-CUBE-wolfSSL.5.5.4
2024-11-16 15:29:09,076 [WARN] PackLoader:240 - Cannot read IP mode file for STMicroelectronics.X-CUBE-NFC7.1.0.1
2024-11-16 15:29:09,083 [WARN] PackLoader:240 - Cannot read IP mode file for STMicroelectronics.X-CUBE-NFC7.1.0.0
2024-11-16 15:29:09,088 [WARN] PackLoader:240 - Cannot read IP mode file for wolfSSL.I-CUBE-wolfTPM.3.2.0
2024-11-16 15:29:09,096 [WARN] PackLoader:240 - Cannot read IP mode file for STMicroelectronics.X-CUBE-NFC6.3.0.0
2024-11-16 15:29:09,102 [WARN] PackLoader:240 - Cannot read IP mode file for STMicroelectronics.X-CUBE-EEPRMA1.4.1.0
2024-11-16 15:29:09,107 [WARN] PackLoader:240 - Cannot read IP mode file for STMicroelectronics.X-CUBE-AI.8.1.0
2024-11-16 15:29:09,124 [WARN] ConditionMgr:438 - getConditionDescription Invalid condition id : LAN8742 Phy interface Condition cause : null
2024-11-16 15:29:09,125 [WARN] PackLoader:240 - Cannot read IP mode file for STMicroelectronics.X-CUBE-AZRTOS-L4.2.0.0
2024-11-16 15:29:09,126 [WARN] ConditionMgr:1039 - genDependencies : Invalid condition id : LAN8742 Phy interface Condition cause : null
2024-11-16 15:29:09,126 [WARN] ConditionMgr:1039 - genDependencies : Invalid condition id : LAN8742 Phy interface Condition cause : null
2024-11-16 15:29:09,127 [WARN] ConditionMgr:1039 - genDependencies : Invalid condition id : LAN8742 Phy interface Condition cause : null
2024-11-16 15:29:09,146 [WARN] PackLoader:240 - Cannot read IP mode file for STMicroelectronics.X-CUBE-SFXS2LP1.4.0.0
2024-11-16 15:29:09,167 [WARN] PackLoader:240 - Cannot read IP mode file for STMicroelectronics.X-CUBE-AZRTOS-H7.3.0.0
2024-11-16 15:29:09,174 [WARN] PackLoader:240 - Cannot read IP mode file for STMicroelectronics.X-CUBE-ISPU.1.1.0
2024-11-16 15:29:09,204 [WARN] PackLoader:240 - Cannot read IP mode file for STMicroelectronics.X-CUBE-AZRTOS-H7.3.3.0
2024-11-16 15:29:09,219 [WARN] PackLoader:240 - Cannot read IP mode file for RoweBots.I-CUBE-UNISONRTOS.5.5.0-4
2024-11-16 15:29:09,224 [WARN] PackLoader:240 - Cannot read IP mode file for STMicroelectronics.X-CUBE-AI.8.0.0
2024-11-16 15:29:09,231 [ERROR] Engine:466 - C:\Users\Minh\.stm32cubemx\thirdparties\pdsc\STMicroelectronics.X-CUBE-IPS.3.0.0.pdsc: PDSC version is not supported
2024-11-16 15:29:09,242 [WARN] ConditionMgr:438 - getConditionDescription Invalid condition id : UX DEVICE CLASS RTOS Condition cause : null
2024-11-16 15:29:09,242 [WARN] ConditionMgr:438 - getConditionDescription Invalid condition id : UX DEVICE CLASS RTOS Condition cause : null
2024-11-16 15:29:09,245 [WARN] PackLoader:240 - Cannot read IP mode file for STMicroelectronics.X-CUBE-AZRTOS-WB.2.0.0
2024-11-16 15:29:09,246 [WARN] ConditionMgr:1039 - genDependencies : Invalid condition id : UX DEVICE CLASS RTOS Condition cause : null
2024-11-16 15:29:09,246 [WARN] ConditionMgr:1039 - genDependencies : Invalid condition id : UX DEVICE CLASS RTOS Condition cause : null
2024-11-16 15:29:09,247 [WARN] ConditionMgr:1039 - genDependencies : Invalid condition id : UX DEVICE CLASS RTOS Condition cause : null
2024-11-16 15:29:09,247 [WARN] ConditionMgr:1039 - genDependencies : Invalid condition id : UX DEVICE CLASS RTOS Condition cause : null
2024-11-16 15:29:09,247 [WARN] ConditionMgr:1039 - genDependencies : Invalid condition id : UX DEVICE CLASS RTOS Condition cause : null
2024-11-16 15:29:09,254 [WARN] PackLoader:240 - Cannot read IP mode file for STMicroelectronics.X-CUBE-FREERTOS.1.0.0
2024-11-16 15:29:09,258 [WARN] PackLoader:240 - Cannot read IP mode file for STMicroelectronics.X-CUBE-FREERTOS.1.0.1
2024-11-16 15:29:09,265 [WARN] PackLoader:240 - Cannot read IP mode file for STMicroelectronics.X-CUBE-GNSS1.7.0.0
2024-11-16 15:29:09,270 [ERROR] Engine:466 - C:\Users\Minh\.stm32cubemx\thirdparties\pdsc\STMicroelectronics.FP-SNS-STBOX1.2.0.0.pdsc: PDSC version is not supported
2024-11-16 15:29:09,286 [WARN] PackLoader:240 - Cannot read IP mode file for STMicroelectronics.X-CUBE-AZRTOS-L5.1.1.0
2024-11-16 15:29:09,294 [WARN] PackLoader:240 - Cannot read IP mode file for STMicroelectronics.X-CUBE-AI.8.0.1
2024-11-16 15:29:09,304 [WARN] PackLoader:240 - Cannot read IP mode file for STMicroelectronics.X-CUBE-SUBG2.5.0.0
2024-11-16 15:29:09,313 [WARN] PackLoader:240 - Cannot read IP mode file for Cesanta.I-CUBE-Mongoose.7.13.0
2024-11-16 15:29:09,322 [WARN] PackLoader:240 - Cannot read IP mode file for STMicroelectronics.X-CUBE-TOF1.3.3.1
2024-11-16 15:29:09,351 [WARN] PackLoader:240 - Cannot read IP mode file for STMicroelectronics.X-CUBE-AZRTOS-G4.2.0.0
2024-11-16 15:29:09,363 [WARN] PackLoader:240 - Cannot read IP mode file for STMicroelectronics.X-CUBE-TOF1.3.3.0
2024-11-16 15:29:09,373 [WARN] PackLoader:240 - Cannot read IP mode file for STMicroelectronics.FP-ATR-ASTRA1.1.1.1
2024-11-16 15:29:09,385 [WARN] PackLoader:240 - Cannot read IP mode file for Infineon.AIROC-Wi-Fi-Bluetooth-STM32.1.5.1
2024-11-16 15:29:09,392 [WARN] PackLoader:240 - Cannot read IP mode file for STMicroelectronics.FP-SNS-MOTENVWB1.1.3.0
2024-11-16 15:29:09,397 [WARN] PackLoader:240 - Cannot read IP mode file for STMicroelectronics.FP-SNS-MOTENVWB1.1.3.1
2024-11-16 15:29:09,414 [WARN] PackLoader:240 - Cannot read IP mode file for STMicroelectronics.X-CUBE-AZRTOS-G4.1.0.0
2024-11-16 15:29:09,429 [WARN] PackLoader:240 - Cannot read IP mode file for STMicroelectronics.X-CUBE-AZRTOS-L4.1.0.0
2024-11-16 15:29:09,436 [WARN] PackLoader:240 - Cannot read IP mode file for STMicroelectronics.X-CUBE-ISPU.2.0.0
2024-11-16 15:29:09,442 [WARN] PackLoader:240 - Cannot read IP mode file for STMicroelectronics.X-CUBE-ALS.1.0.2
2024-11-16 15:29:09,483 [WARN] PackLoader:240 - Cannot read IP mode file for STMicroelectronics.X-CUBE-MEMS1.10.0.0
2024-11-16 15:29:09,602 [WARN] PackLoader:240 - Cannot read IP mode file for STMicroelectronics.X-CUBE-FREERTOS.1.1.0
2024-11-16 15:29:09,606 [WARN] PackLoader:240 - Cannot read IP mode file for STMicroelectronics.X-CUBE-TOUCHGFX.4.24.0
2024-11-16 15:29:09,619 [WARN] PackLoader:240 - Cannot read IP mode file for STMicroelectronics.X-CUBE-AZRTOS-WL.1.0.0
2024-11-16 15:29:09,624 [WARN] PackLoader:240 - Cannot read IP mode file for STMicroelectronics.X-CUBE-TOUCHGFX.4.24.1
2024-11-16 15:29:09,632 [WARN] PackLoader:240 - Cannot read IP mode file for portGmbH.I-Cube-SoM-uGOAL.1.1.0
2024-11-16 15:29:09,636 [WARN] PackLoader:240 - Cannot read IP mode file for STMicroelectronics.X-CUBE-ALS.1.0.1
2024-11-16 15:29:09,650 [WARN] PackLoader:240 - Cannot read IP mode file for STMicroelectronics.X-CUBE-AZRTOS-WB.1.1.0
2024-11-16 15:29:09,670 [WARN] PackLoader:240 - Cannot read IP mode file for STMicroelectronics.X-CUBE-AZRTOS-H7RS.1.0.0
2024-11-16 15:29:09,677 [WARN] PackLoader:240 - Cannot read IP mode file for STMicroelectronics.FP-ATR-ASTRA1.2.0.0
2024-11-16 15:29:09,683 [ERROR] Engine:466 - C:\Users\Minh\.stm32cubemx\thirdparties\pdsc\STMicroelectronics.X-CUBE-TOF1.3.4.2.pdsc: PDSC version is not supported
2024-11-16 15:29:09,696 [WARN] PackLoader:240 - Cannot read IP mode file for STMicroelectronics.X-CUBE-TOF1.3.4.0
2024-11-16 15:29:09,719 [WARN] PackLoader:240 - Cannot read IP mode file for STMicroelectronics.X-CUBE-TOF1.3.4.1
2024-11-16 15:29:09,748 [WARN] PackLoader:240 - Cannot read IP mode file for STMicroelectronics.X-CUBE-AZRTOS-H7.3.2.0
2024-11-16 15:29:09,758 [WARN] PackLoader:240 - Cannot read IP mode file for wolfSSL.I-CUBE-wolfSSH.1.4.17
2024-11-16 15:29:09,759 [INFO] ThirdParty:978 - Integrity check success = true
2024-11-16 15:29:09,759 [INFO] IntegrityCheckThread:100 - exiting critical section [integrity check]
2024-11-16 15:29:09,759 [INFO] IntegrityCheckThread:103 - End integrity checks thread
2024-11-16 15:51:52,893 [ERROR] LogOutputStream:75 - [STDERR_REDIRECT] SLF4J: Failed to load class "org.slf4j.impl.StaticLoggerBinder".
2024-11-16 15:51:52,894 [ERROR] LogOutputStream:75 - [STDERR_REDIRECT] SLF4J: Defaulting to no-operation (NOP) logger implementation
2024-11-16 15:51:52,896 [ERROR] LogOutputStream:75 - [STDERR_REDIRECT] SLF4J: See http://www.slf4j.org/codes.html#StaticLoggerBinder for further details.
2024-11-16 21:50:01,541 [ERROR] LogOutputStream:75 - [STDERR_REDIRECT] 
