2024-11-26 21:39:16,583 [INFO] Activator:176 - 


2024-11-26 21:39:16,600 [INFO] Activator:177 - !SESSION log4j initialized
2024-11-26 21:39:30,640 [INFO] LogOutputStream:77 - [STDOUT_REDIRECT] 
2024-11-26 21:39:38,482 [INFO] ApplicationProperties:184 - Using Application install path: C:\ST\STM32CubeIDE_1.4.0\STM32CubeIDE\plugins\com.st.stm32cube.common.mx_6.9.1.202307191849
2024-11-26 21:39:38,512 [INFO] DbMcusXml:78 - Set database path to: C:\ST\STM32CubeIDE_1.4.0\STM32CubeIDE\plugins\com.st.stm32cube.common.mx_6.9.1.202307191849\\db\/mcu/
2024-11-26 21:39:38,513 [INFO] ApiDb:274 - Set plugin database path to: C:\ST\STM32CubeIDE_1.4.0\STM32CubeIDE\plugins\com.st.stm32cube.common.mx_6.9.1.202307191849\\db\/plugins/boardmanager/
2024-11-26 21:39:38,514 [WARN] ApiDb:259 - Overriding images path with different value:  => C:\ST\STM32CubeIDE_1.4.0\STM32CubeIDE\plugins\com.st.stm32cube.common.mx_6.9.1.202307191849\\db\/plugins/mcufinder/images/
2024-11-26 21:39:38,534 [INFO] ApiDb:250 - Set database path to: C:\Users\Minh\.stmcufinder\plugins\mcufinder//mcu/
2024-11-26 21:39:38,535 [INFO] DbMcusAds:125 - Set database path to: C:\Users\Minh\.stmcufinder\plugins\mcufinder//mcu/
2024-11-26 21:39:38,539 [INFO] CrossReferenceDbSqlite:203 - Set database path to: C:\Users\Minh\.stmcufinder\plugins\mcufinder//mcu/cs/
2024-11-26 21:39:38,761 [INFO] RulesReader:64 - Compatibility file has been processed (293 Rules)
2024-11-26 21:39:38,920 [INFO] DbMcusXml:78 - Set database path to: C:\ST\STM32CubeIDE_1.4.0\STM32CubeIDE\plugins\com.st.stm32cube.common.mx_6.9.1.202307191849\\db\/mcu/
2024-11-26 21:39:38,920 [INFO] ApiDb:274 - Set plugin database path to: C:\ST\STM32CubeIDE_1.4.0\STM32CubeIDE\plugins\com.st.stm32cube.common.mx_6.9.1.202307191849\\db\/plugins/boardmanager/
2024-11-26 21:39:38,921 [INFO] ApiDb:261 - Set plugin images path to: C:\ST\STM32CubeIDE_1.4.0\STM32CubeIDE\plugins\com.st.stm32cube.common.mx_6.9.1.202307191849\\db\/plugins/mcufinder/images/
2024-11-26 21:39:38,921 [WARN] DbFile:41 - Overriding database path with different value: C:\Users\Minh\.stmcufinder\plugins\mcufinder/ => C:\Users\Minh\.stmcufinder\plugins\mcufinder
2024-11-26 21:39:38,922 [INFO] ApiDb:250 - Set database path to: C:\Users\Minh\.stmcufinder\plugins\mcufinder//mcu/
2024-11-26 21:39:38,922 [WARN] DbFile:41 - Overriding database path with different value: C:\Users\Minh\.stmcufinder\plugins\mcufinder/ => C:\Users\Minh\.stmcufinder\plugins\mcufinder
2024-11-26 21:39:38,922 [INFO] DbMcusAds:125 - Set database path to: C:\Users\Minh\.stmcufinder\plugins\mcufinder//mcu/
2024-11-26 21:39:38,922 [WARN] DbFile:41 - Overriding database path with different value: C:\Users\Minh\.stmcufinder\plugins\mcufinder/ => C:\Users\Minh\.stmcufinder\plugins\mcufinder
2024-11-26 21:39:38,923 [WARN] DbFile:41 - Overriding database path with different value: C:\Users\Minh\.stmcufinder\plugins\mcufinder/ => C:\Users\Minh\.stmcufinder\plugins\mcufinder
2024-11-26 21:39:38,923 [INFO] CrossReferenceDbSqlite:203 - Set database path to: C:\Users\Minh\.stmcufinder\plugins\mcufinder//mcu/cs/
2024-11-26 21:39:39,071 [INFO] MainPanel:262 - HeapMemory: 268435456
2024-11-26 21:39:39,234 [INFO] DbMcusXml:78 - Set database path to: C:\ST\STM32CubeIDE_1.4.0\STM32CubeIDE\plugins\com.st.stm32cube.common.mx_6.9.1.202307191849\\db\/mcu/
2024-11-26 21:39:39,234 [INFO] ApiDb:274 - Set plugin database path to: C:\ST\STM32CubeIDE_1.4.0\STM32CubeIDE\plugins\com.st.stm32cube.common.mx_6.9.1.202307191849\\db\/plugins/boardmanager/
2024-11-26 21:39:39,234 [INFO] ApiDb:261 - Set plugin images path to: C:\ST\STM32CubeIDE_1.4.0\STM32CubeIDE\plugins\com.st.stm32cube.common.mx_6.9.1.202307191849\\db\/plugins/mcufinder/images/
2024-11-26 21:39:39,235 [WARN] DbFile:41 - Overriding database path with different value: C:\Users\Minh\.stmcufinder\plugins\mcufinder/ => C:\Users\Minh\.stmcufinder\plugins\mcufinder
2024-11-26 21:39:39,236 [INFO] ApiDb:250 - Set database path to: C:\Users\Minh\.stmcufinder\plugins\mcufinder//mcu/
2024-11-26 21:39:39,236 [WARN] DbFile:41 - Overriding database path with different value: C:\Users\Minh\.stmcufinder\plugins\mcufinder/ => C:\Users\Minh\.stmcufinder\plugins\mcufinder
2024-11-26 21:39:39,236 [INFO] DbMcusAds:125 - Set database path to: C:\Users\Minh\.stmcufinder\plugins\mcufinder//mcu/
2024-11-26 21:39:39,236 [WARN] DbFile:41 - Overriding database path with different value: C:\Users\Minh\.stmcufinder\plugins\mcufinder/ => C:\Users\Minh\.stmcufinder\plugins\mcufinder
2024-11-26 21:39:39,236 [WARN] DbFile:41 - Overriding database path with different value: C:\Users\Minh\.stmcufinder\plugins\mcufinder/ => C:\Users\Minh\.stmcufinder\plugins\mcufinder
2024-11-26 21:39:39,237 [INFO] CrossReferenceDbSqlite:203 - Set database path to: C:\Users\Minh\.stmcufinder\plugins\mcufinder//mcu/cs/
2024-11-26 21:39:39,273 [INFO] ApplicationProperties:184 - Using Application install path: C:\ST\STM32CubeIDE_1.4.0\STM32CubeIDE\plugins\com.st.stm32cube.common.mx_6.9.1.202307191849
2024-11-26 21:39:39,276 [INFO] PluginManage:196 - Search for loadable plugins [exclusion list=, ]
2024-11-26 21:39:39,278 [INFO] PluginManage:310 - Check plugin analytics
2024-11-26 21:39:44,148 [INFO] AnalyticsPlugin:253 - Accepted Software Licenses: STM32CubeMX.6.0.0,STM32CubeMX.5.2.0
2024-11-26 21:39:44,149 [INFO] AnalyticsPlugin:255 - Accepted CMSIS Pack Licenses: 
2024-11-26 21:39:44,149 [INFO] AnalyticsPlugin:257 - Accepted Firmware Licenses: 
2024-11-26 21:39:44,153 [INFO] PluginManage:359 - Loaded plugin analytics (category:tool,tabindex:-1)
2024-11-26 21:39:44,154 [INFO] PluginManage:310 - Check plugin cadmodel
2024-11-26 21:39:44,165 [INFO] CADModel:105 - Init CAD model plugin
2024-11-26 21:39:44,165 [INFO] PluginManage:359 - Loaded plugin cadmodel (category:power,tabindex:5)
2024-11-26 21:39:44,165 [INFO] PluginManage:310 - Check plugin clock
2024-11-26 21:39:44,186 [INFO] PluginManage:359 - Loaded plugin clock (category:base,tabindex:2)
2024-11-26 21:39:44,186 [INFO] PluginManage:310 - Check plugin ddr
2024-11-26 21:39:44,192 [INFO] PluginManage:359 - Loaded plugin ddr (category:tool,tabindex:6)
2024-11-26 21:39:44,192 [INFO] PluginManage:310 - Check plugin filemanager
2024-11-26 21:39:44,490 [INFO] PluginManage:359 - Loaded plugin filemanager (category:base,tabindex:10)
2024-11-26 21:39:44,491 [INFO] PluginManage:310 - Check plugin ipmanager
2024-11-26 21:39:44,507 [INFO] PluginManage:359 - Loaded plugin ipmanager (category:base,tabindex:5)
2024-11-26 21:39:44,508 [INFO] PluginManage:310 - Check plugin lpbam
2024-11-26 21:39:44,524 [INFO] PluginManage:359 - Loaded plugin lpbam (category:base,tabindex:0)
2024-11-26 21:39:44,525 [INFO] PluginManage:310 - Check plugin memorymap
2024-11-26 21:39:44,558 [INFO] PluginManage:359 - Loaded plugin memorymap (category:base,tabindex:4)
2024-11-26 21:39:44,559 [INFO] PluginManage:310 - Check plugin pinoutandconfiguration
2024-11-26 21:39:44,576 [INFO] PluginManage:359 - Loaded plugin pinoutandconfiguration (category:base,tabindex:1)
2024-11-26 21:39:44,576 [INFO] PluginManage:310 - Check plugin pinoutconfig
2024-11-26 21:39:44,777 [WARN] SupportedApi:132 - Cannot load RTOS API schema: s4s-elt-must-match.1: The content of 'definitions' must match (annotation?, (simpleType | complexType)?, (unique | key | keyref)*)). A problem was found starting at: attribute.
2024-11-26 21:39:45,079 [INFO] PluginManage:359 - Loaded plugin pinoutconfig (category:base,tabindex:0)
2024-11-26 21:39:45,079 [INFO] PluginManage:310 - Check plugin power
2024-11-26 21:39:45,103 [INFO] PluginManage:359 - Loaded plugin power (category:power,tabindex:4)
2024-11-26 21:39:45,103 [INFO] PluginManage:310 - Check plugin projectmanager
2024-11-26 21:39:45,136 [INFO] PluginManage:359 - Loaded plugin projectmanager (category:projectmanager,tabindex:3)
2024-11-26 21:39:45,136 [INFO] PluginManage:310 - Check plugin thirdparty
2024-11-26 21:39:45,463 [INFO] PluginManage:359 - Loaded plugin thirdparty (category:base,tabindex:-1)
2024-11-26 21:39:45,463 [WARN] IntegrityCheckThread:84 - waiting for thirdparty lock release [integrity check]
2024-11-26 21:39:45,463 [INFO] PluginManage:310 - Check plugin tools
2024-11-26 21:39:45,464 [INFO] IntegrityCheckThread:86 - entering critical section [integrity check]
2024-11-26 21:39:45,465 [INFO] ThirdPartyUpdaterWithRetryManager:70 - Updater plugin not ready yet. [1/15]
2024-11-26 21:39:45,470 [INFO] PluginManage:359 - Loaded plugin tools (category:base,tabindex:7)
2024-11-26 21:39:45,471 [INFO] PluginManage:310 - Check plugin tutovideos
2024-11-26 21:39:45,941 [INFO] PluginManage:359 - Loaded plugin tutovideos (category:base,tabindex:-1)
2024-11-26 21:39:45,941 [INFO] PluginManage:310 - Check plugin updater
2024-11-26 21:39:45,967 [INFO] PluginManage:359 - Loaded plugin updater (category:base,tabindex:12)
2024-11-26 21:39:45,968 [INFO] PluginManage:310 - Check plugin userauth
2024-11-26 21:39:45,980 [INFO] UserAuth:113 - Init User Auth plugin
2024-11-26 21:39:45,980 [INFO] PluginManage:359 - Loaded plugin userauth (category:base,tabindex:14)
2024-11-26 21:39:45,982 [INFO] PluginManage:283 - PluginManage : Loaded plugins [17]
2024-11-26 21:39:46,514 [INFO] PinOutPanel:1499 - setPackage(No Configuration,No Configuration)
2024-11-26 21:39:46,847 [INFO] CADModel:165 - CPN selected for project level
2024-11-26 21:39:46,847 [INFO] CADModel:114 - Register for checkConnection events
2024-11-26 21:39:46,884 [INFO] IPUIPlugin:80 - create IPUIPlugin
2024-11-26 21:39:46,884 [INFO] PluginManager:220 - loadIPPluginJar : add adc
2024-11-26 21:39:46,891 [INFO] IPUIPlugin:80 - create IPUIPlugin
2024-11-26 21:39:46,891 [INFO] PluginManager:220 - loadIPPluginJar : add aes
2024-11-26 21:39:46,897 [INFO] IPUIPlugin:80 - create IPUIPlugin
2024-11-26 21:39:46,898 [INFO] PluginManager:220 - loadIPPluginJar : add can
2024-11-26 21:39:46,902 [INFO] IPUIPlugin:80 - create IPUIPlugin
2024-11-26 21:39:46,902 [INFO] PluginManager:220 - loadIPPluginJar : add comp
2024-11-26 21:39:46,908 [INFO] IPUIPlugin:80 - create IPUIPlugin
2024-11-26 21:39:46,908 [INFO] PluginManager:220 - loadIPPluginJar : add cryp
2024-11-26 21:39:46,914 [INFO] IPUIPlugin:80 - create IPUIPlugin
2024-11-26 21:39:46,915 [INFO] PluginManager:220 - loadIPPluginJar : add dfsdm
2024-11-26 21:39:46,927 [INFO] IPUIPlugin:80 - create IPUIPlugin
2024-11-26 21:39:46,928 [INFO] PluginManager:220 - loadIPPluginJar : add dma
2024-11-26 21:39:46,933 [INFO] IPUIPlugin:80 - create IPUIPlugin
2024-11-26 21:39:46,933 [INFO] PluginManager:220 - loadIPPluginJar : add dma3
2024-11-26 21:39:46,936 [INFO] IPUIPlugin:80 - create IPUIPlugin
2024-11-26 21:39:46,936 [INFO] PluginManager:220 - loadIPPluginJar : add fatfs
2024-11-26 21:39:46,947 [INFO] IPUIPlugin:80 - create IPUIPlugin
2024-11-26 21:39:46,947 [INFO] PluginManager:220 - loadIPPluginJar : add fmc
2024-11-26 21:39:46,959 [INFO] IPUIPlugin:80 - create IPUIPlugin
2024-11-26 21:39:46,959 [INFO] PluginManager:220 - loadIPPluginJar : add freertos
2024-11-26 21:39:46,963 [INFO] IPUIPlugin:80 - create IPUIPlugin
2024-11-26 21:39:46,964 [INFO] PluginManager:220 - loadIPPluginJar : add genericplugin
2024-11-26 21:39:46,968 [INFO] IPUIPlugin:80 - create IPUIPlugin
2024-11-26 21:39:46,969 [INFO] PluginManager:220 - loadIPPluginJar : add gfxmmu
2024-11-26 21:39:46,980 [INFO] IPUIPlugin:80 - create IPUIPlugin
2024-11-26 21:39:46,980 [INFO] PluginManager:220 - loadIPPluginJar : add gic
2024-11-26 21:39:46,988 [INFO] IPUIPlugin:80 - create IPUIPlugin
2024-11-26 21:39:46,989 [INFO] PluginManager:220 - loadIPPluginJar : add gpio
2024-11-26 21:39:46,995 [INFO] IPUIPlugin:80 - create IPUIPlugin
2024-11-26 21:39:46,995 [INFO] PluginManager:220 - loadIPPluginJar : add gtzc
2024-11-26 21:39:47,000 [INFO] IPUIPlugin:80 - create IPUIPlugin
2024-11-26 21:39:47,001 [INFO] PluginManager:220 - loadIPPluginJar : add hash
2024-11-26 21:39:47,005 [INFO] IPUIPlugin:80 - create IPUIPlugin
2024-11-26 21:39:47,006 [INFO] PluginManager:220 - loadIPPluginJar : add i2c
2024-11-26 21:39:47,012 [INFO] IPUIPlugin:80 - create IPUIPlugin
2024-11-26 21:39:47,012 [INFO] PluginManager:220 - loadIPPluginJar : add i2s
2024-11-26 21:39:47,018 [INFO] IPUIPlugin:80 - create IPUIPlugin
2024-11-26 21:39:47,019 [INFO] PluginManager:220 - loadIPPluginJar : add i3c
2024-11-26 21:39:47,026 [INFO] IPUIPlugin:80 - create IPUIPlugin
2024-11-26 21:39:47,026 [INFO] PluginManager:220 - loadIPPluginJar : add ipddr
2024-11-26 21:39:47,042 [INFO] IPUIPlugin:80 - create IPUIPlugin
2024-11-26 21:39:47,043 [INFO] PluginManager:220 - loadIPPluginJar : add linkedlist
2024-11-26 21:39:47,051 [INFO] IPUIPlugin:80 - create IPUIPlugin
2024-11-26 21:39:47,051 [INFO] PluginManager:220 - loadIPPluginJar : add lorawan
2024-11-26 21:39:47,054 [INFO] IPUIPlugin:80 - create IPUIPlugin
2024-11-26 21:39:47,055 [INFO] PluginManager:220 - loadIPPluginJar : add ltdc
2024-11-26 21:39:47,068 [INFO] IPUIPlugin:80 - create IPUIPlugin
2024-11-26 21:39:47,069 [INFO] PluginManager:220 - loadIPPluginJar : add mdma
2024-11-26 21:39:47,077 [INFO] IPUIPlugin:80 - create IPUIPlugin
2024-11-26 21:39:47,078 [INFO] PluginManager:220 - loadIPPluginJar : add nvic
2024-11-26 21:39:47,087 [INFO] IPUIPlugin:80 - create IPUIPlugin
2024-11-26 21:39:47,087 [INFO] PluginManager:220 - loadIPPluginJar : add opamp
2024-11-26 21:39:47,109 [INFO] IPUIPlugin:80 - create IPUIPlugin
2024-11-26 21:39:47,110 [INFO] PluginManager:220 - loadIPPluginJar : add openamp
2024-11-26 21:39:47,118 [INFO] IPUIPlugin:80 - create IPUIPlugin
2024-11-26 21:39:47,119 [INFO] PluginManager:220 - loadIPPluginJar : add pdm2pcm
2024-11-26 21:39:47,134 [INFO] IPUIPlugin:80 - create IPUIPlugin
2024-11-26 21:39:47,139 [INFO] PluginManager:220 - loadIPPluginJar : add plateformsettings
2024-11-26 21:39:47,144 [INFO] IPUIPlugin:80 - create IPUIPlugin
2024-11-26 21:39:47,145 [INFO] PluginManager:220 - loadIPPluginJar : add quadspi
2024-11-26 21:39:47,156 [INFO] IPUIPlugin:80 - create IPUIPlugin
2024-11-26 21:39:47,157 [INFO] PluginManager:220 - loadIPPluginJar : add resmgrutility
2024-11-26 21:39:47,168 [INFO] IPUIPlugin:80 - create IPUIPlugin
2024-11-26 21:39:47,169 [INFO] PluginManager:220 - loadIPPluginJar : add sai
2024-11-26 21:39:47,179 [INFO] IPUIPlugin:80 - create IPUIPlugin
2024-11-26 21:39:47,179 [INFO] PluginManager:220 - loadIPPluginJar : add spi
2024-11-26 21:39:47,197 [INFO] IPUIPlugin:80 - create IPUIPlugin
2024-11-26 21:39:47,198 [INFO] PluginManager:220 - loadIPPluginJar : add stm32_wpan
2024-11-26 21:39:47,202 [INFO] IPUIPlugin:80 - create IPUIPlugin
2024-11-26 21:39:47,202 [INFO] PluginManager:220 - loadIPPluginJar : add tim
2024-11-26 21:39:47,209 [INFO] IPUIPlugin:80 - create IPUIPlugin
2024-11-26 21:39:47,214 [INFO] PluginManager:220 - loadIPPluginJar : add touchsensing
2024-11-26 21:39:47,222 [INFO] IPUIPlugin:80 - create IPUIPlugin
2024-11-26 21:39:47,222 [INFO] PluginManager:220 - loadIPPluginJar : add tracer_emb
2024-11-26 21:39:47,228 [INFO] IPUIPlugin:80 - create IPUIPlugin
2024-11-26 21:39:47,228 [INFO] PluginManager:220 - loadIPPluginJar : add ts
2024-11-26 21:39:47,232 [INFO] IPUIPlugin:80 - create IPUIPlugin
2024-11-26 21:39:47,232 [INFO] PluginManager:220 - loadIPPluginJar : add tsc
2024-11-26 21:39:47,237 [INFO] IPUIPlugin:80 - create IPUIPlugin
2024-11-26 21:39:47,237 [INFO] PluginManager:220 - loadIPPluginJar : add ucpd
2024-11-26 21:39:47,245 [INFO] IPUIPlugin:80 - create IPUIPlugin
2024-11-26 21:39:47,245 [INFO] PluginManager:220 - loadIPPluginJar : add usart
2024-11-26 21:39:47,254 [INFO] IPUIPlugin:80 - create IPUIPlugin
2024-11-26 21:39:47,254 [INFO] PluginManager:220 - loadIPPluginJar : add usbx
2024-11-26 21:39:47,471 [INFO] CADModel:165 - CPN selected for project level
2024-11-26 21:39:47,472 [INFO] CADModel:114 - Register for checkConnection events
2024-11-26 21:39:47,472 [FATAL] Updater:308 - Updater called before beeing initialized
2024-11-26 21:39:47,473 [ERROR] CADModel:125 - Updater not yet initialized, retry later 
2024-11-26 21:39:48,049 [INFO] CADModel:165 - CPN selected for project level
2024-11-26 21:39:48,049 [INFO] CADModel:114 - Register for checkConnection events
2024-11-26 21:39:48,050 [FATAL] Updater:308 - Updater called before beeing initialized
2024-11-26 21:39:48,050 [ERROR] CADModel:125 - Updater not yet initialized, retry later 
2024-11-26 21:39:48,059 [FATAL] Updater:308 - Updater called before beeing initialized
2024-11-26 21:39:48,450 [FATAL] Updater:308 - Updater called before beeing initialized
2024-11-26 21:39:48,466 [INFO] DbMcusAds:53 - JSON generation date=Fri Sep 20 22:04:38 JST 2024 (1726837478367)
2024-11-26 21:39:48,466 [INFO] ThirdPartyUpdaterWithRetryManager:70 - Updater plugin not ready yet. [2/15]
2024-11-26 21:39:48,466 [FATAL] Updater:308 - Updater called before beeing initialized
2024-11-26 21:39:48,567 [WARN] DetailPanel:346 - Failed to get advertising image, set to default
2024-11-26 21:39:48,821 [FATAL] Updater:308 - Updater called before beeing initialized
2024-11-26 21:39:48,825 [FATAL] Updater:308 - Updater called before beeing initialized
2024-11-26 21:39:48,826 [FATAL] Updater:308 - Updater called before beeing initialized
2024-11-26 21:39:48,826 [WARN] DetailPanel:346 - Failed to get advertising image, set to default
2024-11-26 21:39:48,828 [FATAL] Updater:308 - Updater called before beeing initialized
2024-11-26 21:39:48,935 [ERROR] Updater:1120 - MainUpdater not yet initialized. External WinMGr cannot be set.
2024-11-26 21:39:48,939 [INFO] Updater:1056 - Updater Version found : 6.9.1
2024-11-26 21:39:48,987 [INFO] ApplicationProperties:184 - Using Application install path: C:\ST\STM32CubeIDE_1.4.0\STM32CubeIDE\plugins\com.st.stm32cube.common.mx_6.9.1.202307191849
2024-11-26 21:39:49,438 [INFO] MainUpdater:2868 - connection check result : 10
2024-11-26 21:39:49,439 [INFO] MainUpdater:3562 - Updater definition file requires update
2024-11-26 21:39:49,442 [INFO] MainUpdater:285 - Updater Check For Update Now.
2024-11-26 21:39:49,443 [INFO] MicroXplorer:498 - Change Database Version : DB.6.0.91
2024-11-26 21:39:49,461 [INFO] McuFinderGlobals:63 - Set McuFinder mode to 2 (CubeIDE integrated)
2024-11-26 21:39:49,462 [INFO] UserAuth:179 - activating auth plugin
2024-11-26 21:39:49,467 [INFO] ServerAccessManage:473 - Download File updaters.zip
2024-11-26 21:39:49,469 [INFO] UserAuth:393 - Internet connection configuration mode: 1
2024-11-26 21:39:49,517 [INFO] JxBrowserEngine:151 - Initiate JxBrowser Engine with user profile folder
2024-11-26 21:39:49,619 [INFO] FileExtend:240 - Unzip File : updaters.zip
2024-11-26 21:39:49,620 [INFO] FileExtend:255 - Standard Zip Deflate
2024-11-26 21:39:50,431 [INFO] ServerAccessManage:473 - Download File PacksControlFlags.xml
2024-11-26 21:39:50,700 [INFO] ServerAccessManage:473 - Download File cubemx.pidx
2024-11-26 21:39:50,999 [INFO] LoadServerUpdatesThread:373 - End of LoadServerUpdate Thread
2024-11-26 21:39:51,433 [INFO] CheckServerUpdateThread:120 - End of CheckServer Thread
2024-11-26 21:39:51,758 [INFO] WebApp:157 - Instantiating new browser for Auth
2024-11-26 21:39:52,473 [WARN] PackLoader:240 - Cannot read IP mode file for STMicroelectronics.FP-SNS-MOTENVWB1.1.4.0
2024-11-26 21:39:52,490 [WARN] PackLoader:240 - Cannot read IP mode file for STMicroelectronics.FP-ATR-ASTRA1.2.0.1
2024-11-26 21:39:52,508 [WARN] PackLoader:240 - Cannot read IP mode file for STMicroelectronics.X-CUBE-SMBUS.2.1.0
2024-11-26 21:39:52,527 [WARN] PackLoader:240 - Cannot read IP mode file for STMicroelectronics.X-CUBE-WB05N.1.1.0
2024-11-26 21:39:52,545 [WARN] PackLoader:240 - Cannot read IP mode file for STMicroelectronics.X-CUBE-TOUCHGFX.4.23.0
2024-11-26 21:39:52,551 [WARN] PackLoader:240 - Cannot read IP mode file for STMicroelectronics.X-CUBE-TOUCHGFX.4.23.2
2024-11-26 21:39:52,628 [WARN] PackLoader:240 - Cannot read IP mode file for STMicroelectronics.X-CUBE-AZRTOS-F7.1.1.0
2024-11-26 21:39:52,649 [ERROR] RealEvaluatedCondition:428 - Found unsupported composite condition: GROUP='STM32_MetaDataManager' CLASS='Data Exchange'
2024-11-26 21:39:52,650 [ERROR] RealEvaluatedCondition:428 - Found unsupported composite condition: CLASS='Data Exchange' GROUP='STM32_MetaDataManager'
2024-11-26 21:39:52,653 [WARN] PackLoader:240 - Cannot read IP mode file for STMicroelectronics.FP-SNS-MOTENV1.4.3.0
2024-11-26 21:39:52,671 [WARN] PackLoader:240 - Cannot read IP mode file for STMicroelectronics.FP-SNS-MOTENV1.4.3.2
2024-11-26 21:39:52,684 [WARN] PackLoader:240 - Cannot read IP mode file for STMicroelectronics.FP-SNS-FLIGHT1.5.0.0
2024-11-26 21:39:52,692 [ERROR] RealEvaluatedCondition:428 - Found unsupported composite condition: CLASS='Data Exchange' GROUP='STM32_MetaDataManager'
2024-11-26 21:39:52,693 [ERROR] RealEvaluatedCondition:428 - Found unsupported composite condition: CLASS='Data Exchange' GROUP='STM32_MetaDataManager'
2024-11-26 21:39:52,696 [WARN] PackLoader:240 - Cannot read IP mode file for STMicroelectronics.FP-SNS-MOTENV1.4.3.1
2024-11-26 21:39:52,725 [WARN] PackLoader:240 - Cannot read IP mode file for STMicroelectronics.FP-SNS-FLIGHT1.5.0.1
2024-11-26 21:39:52,908 [WARN] PackLoader:240 - Cannot read IP mode file for STMicroelectronics.X-CUBE-MEMS1.11.0.0
2024-11-26 21:39:53,665 [WARN] PackLoader:240 - Cannot read IP mode file for STMicroelectronics.X-CUBE-BLE1.6.2.4
2024-11-26 21:39:53,673 [WARN] PackLoader:240 - Cannot read IP mode file for STMicroelectronics.FP-SNS-FLIGHT1.5.0.2
2024-11-26 21:39:53,688 [WARN] PackLoader:240 - Cannot read IP mode file for STMicroelectronics.X-CUBE-DISPLAY.3.0.0
2024-11-26 21:39:53,745 [WARN] PackLoader:240 - Cannot read IP mode file for STMicroelectronics.X-CUBE-BLE1.7.0.0
2024-11-26 21:39:53,766 [WARN] PackLoader:240 - Cannot read IP mode file for STMicroelectronics.X-CUBE-NFC10.1.0.0
2024-11-26 21:39:53,838 [WARN] PackLoader:240 - Cannot read IP mode file for STMicroelectronics.X-CUBE-TOUCHGFX.4.22.0
2024-11-26 21:39:53,843 [WARN] PackLoader:240 - Cannot read IP mode file for STMicroelectronics.X-CUBE-TOUCHGFX.4.22.1
2024-11-26 21:39:53,878 [INFO] WebApp:753 - Register for checkConnection events
2024-11-26 21:39:53,878 [INFO] WebApp:390 - Apply proxy settings
2024-11-26 21:39:53,879 [INFO] WebApp:475 - Chromium requires no authentication
2024-11-26 21:39:53,900 [WARN] PackLoader:240 - Cannot read IP mode file for STMicroelectronics.X-CUBE-BLEMGR.3.1.0
2024-11-26 21:39:53,923 [INFO] WebApp:418 - Direct internet connection detected
2024-11-26 21:39:53,923 [WARN] PackLoader:240 - Cannot read IP mode file for STMicroelectronics.FP-SNS-SMARTAG2.1.2.0
2024-11-26 21:39:53,949 [INFO] LogOutputStream:77 - [STDOUT_REDIRECT] 1 : Invalid condition id : UX_CORESTACK_Condition cause : null
2024-11-26 21:39:53,950 [INFO] LogOutputStream:77 - [STDOUT_REDIRECT] 1 : Invalid condition id : UX_CORESTACK_Condition cause : null
2024-11-26 21:39:53,957 [INFO] LogOutputStream:77 - [STDOUT_REDIRECT] 1 : Invalid condition id : UX_CORESTACK_Condition cause : null
2024-11-26 21:39:53,960 [INFO] LogOutputStream:77 - [STDOUT_REDIRECT] 1 : Invalid condition id : UX_CORESTACK_Condition cause : null
2024-11-26 21:39:53,965 [INFO] LogOutputStream:77 - [STDOUT_REDIRECT] 1 : Invalid condition id : UX_CORESTACK_Condition cause : null
2024-11-26 21:39:53,973 [WARN] PackLoader:240 - Cannot read IP mode file for STMicroelectronics.X-CUBE-AZRTOS-WL.2.0.0
2024-11-26 21:39:53,991 [WARN] PackLoader:240 - Cannot read IP mode file for STMicroelectronics.FP-SNS-MOTENV1.5.0.0
2024-11-26 21:39:54,008 [WARN] PackLoader:240 - Cannot read IP mode file for wolfSSL.I-CUBE-wolfMQTT.1.19.0
2024-11-26 21:39:54,027 [WARN] PackLoader:240 - Cannot read IP mode file for WES.I-CUBE-Cesium.1.3.0
2024-11-26 21:39:54,042 [WARN] PackLoader:240 - Cannot read IP mode file for STMicroelectronics.X-CUBE-BLE2.3.3.0
2024-11-26 21:39:54,064 [WARN] PackLoader:240 - Cannot read IP mode file for STMicroelectronics.X-CUBE-TOF1.3.2.0
2024-11-26 21:39:54,088 [WARN] PackLoader:240 - Cannot read IP mode file for STMicroelectronics.X-CUBE-NFC9.1.0.0
2024-11-26 21:39:54,103 [WARN] PackLoader:240 - Cannot read IP mode file for STMicroelectronics.X-CUBE-TCPP.4.1.0
2024-11-26 21:39:54,112 [WARN] PackLoader:240 - Cannot read IP mode file for STMicroelectronics.X-CUBE-TOUCHGFX.4.21.1
2024-11-26 21:39:54,117 [WARN] PackLoader:240 - Cannot read IP mode file for STMicroelectronics.X-CUBE-TOUCHGFX.4.21.3
2024-11-26 21:39:54,122 [WARN] PackLoader:240 - Cannot read IP mode file for STMicroelectronics.X-CUBE-TOUCHGFX.4.21.4
2024-11-26 21:39:54,135 [WARN] PackLoader:240 - Cannot read IP mode file for STMicroelectronics.X-CUBE-ALGOBUILD.1.3.0
2024-11-26 21:39:54,177 [WARN] PackLoader:240 - Cannot read IP mode file for STMicroelectronics.X-CUBE-AZRTOS-G0.1.1.0
2024-11-26 21:39:54,197 [WARN] PackLoader:240 - Cannot read IP mode file for STMicroelectronics.X-CUBE-SAFEA1.1.2.2
2024-11-26 21:39:54,210 [WARN] PackLoader:240 - Cannot read IP mode file for STMicroelectronics.X-CUBE-NFC4.3.0.0
2024-11-26 21:39:54,220 [ERROR] Engine:466 - C:\Users\Minh\.stm32cubemx\thirdparties\pdsc\EmbeddedOffice.I-CUBE-FS-RTOS.1.0.1.pdsc: PDSC version is not supported
2024-11-26 21:39:54,235 [WARN] PackLoader:240 - Cannot read IP mode file for STMicroelectronics.X-CUBE-BLEMGR.3.0.0
2024-11-26 21:39:54,253 [ERROR] Engine:466 - C:\Users\Minh\.stm32cubemx\thirdparties\pdsc\RealThread.X-CUBE-RT-Thread_Nano.4.1.1.pdsc: PDSC version is not supported
2024-11-26 21:39:54,262 [WARN] PackLoader:240 - Cannot read IP mode file for STMicroelectronics.FP-ATR-SIGFOX1.3.2.0
2024-11-26 21:39:54,266 [ERROR] Engine:466 - C:\Users\Minh\.stm32cubemx\thirdparties\pdsc\quantropi.X-CUBE-qispace-sdk-base.1.9.3.pdsc: PDSC version is not supported
2024-11-26 21:39:54,282 [WARN] PackLoader:240 - Cannot read IP mode file for STMicroelectronics.X-CUBE-EEPRMA1.5.1.0
2024-11-26 21:39:54,370 [WARN] PackLoader:240 - Cannot read IP mode file for STMicroelectronics.X-CUBE-MEMS1.9.5.0
2024-11-26 21:39:54,469 [INFO] WebApp:188 - Starting web application
2024-11-26 21:39:54,470 [INFO] WebApp:520 - Web application path used C:\ST\STM32CubeIDE_1.4.0\STM32CubeIDE\plugins\com.st.stm32cube.common.mx_6.9.1.202307191849\db\plugins\mcufinder\reactClient1\index.html
2024-11-26 21:39:54,688 [WARN] PackLoader:240 - Cannot read IP mode file for SEGGER.I-CUBE-embOS.1.3.1
2024-11-26 21:39:54,813 [WARN] PackLoader:240 - Cannot read IP mode file for STMicroelectronics.X-CUBE-ALGOBUILD.1.4.0
2024-11-26 21:39:54,827 [WARN] PackLoader:240 - Cannot read IP mode file for STMicroelectronics.X-CUBE-AI.9.1.0
2024-11-26 21:39:54,840 [WARN] PackLoader:240 - Cannot read IP mode file for STMicroelectronics.X-CUBE-GNSS1.6.0.0
2024-11-26 21:39:54,876 [WARN] PackLoader:240 - Cannot read IP mode file for STMicroelectronics.X-CUBE-AZRTOS-F4.1.1.0
2024-11-26 21:39:54,889 [WARN] PackLoader:240 - Cannot read IP mode file for STMicroelectronics.X-CUBE-ISPU.2.1.0
2024-11-26 21:39:54,901 [WARN] PackLoader:240 - Cannot read IP mode file for STMicroelectronics.X-CUBE-FREERTOS.1.2.0
2024-11-26 21:39:54,931 [WARN] PackLoader:240 - Cannot read IP mode file for STMicroelectronics.X-CUBE-AZRTOS-L5.2.0.0
2024-11-26 21:39:55,021 [WARN] PackLoader:240 - Cannot read IP mode file for STMicroelectronics.X-CUBE-MEMS1.9.6.0
2024-11-26 21:39:55,326 [WARN] PackLoader:240 - Cannot read IP mode file for STMicroelectronics.X-CUBE-EEPRMA1.4.2.0
2024-11-26 21:39:55,339 [WARN] PackLoader:240 - Cannot read IP mode file for STMicroelectronics.X-CUBE-NFC6.3.1.0
2024-11-26 21:39:55,351 [WARN] PackLoader:240 - Cannot read IP mode file for ITTIA_DB.I-CUBE-ITTIADB.8.8.0
2024-11-26 21:39:55,362 [WARN] PackLoader:240 - Cannot read IP mode file for emotas.I-CUBE-CANOPEN.1.1.3
2024-11-26 21:39:55,376 [WARN] PackLoader:240 - Cannot read IP mode file for STMicroelectronics.X-CUBE-BLEMGR.2.0.0
2024-11-26 21:39:55,383 [ERROR] Engine:466 - C:\Users\Minh\.stm32cubemx\thirdparties\pdsc\STMicroelectronics.X-CUBE-DPower.1.2.0.pdsc: PDSC version is not supported
2024-11-26 21:39:55,388 [WARN] PackLoader:240 - Cannot read IP mode file for STMicroelectronics.X-CUBE-AI.9.0.0
2024-11-26 21:39:55,418 [WARN] ConditionMgr:438 - getConditionDescription Invalid condition id : UX DEVICE CLASS RTOS Condition cause : null
2024-11-26 21:39:55,418 [WARN] ConditionMgr:438 - getConditionDescription Invalid condition id : UX DEVICE CLASS RTOS Condition cause : null
2024-11-26 21:39:55,424 [WARN] PackLoader:240 - Cannot read IP mode file for STMicroelectronics.X-CUBE-AZRTOS-H7.3.1.0
2024-11-26 21:39:55,427 [WARN] ConditionMgr:1039 - genDependencies : Invalid condition id : UX DEVICE CLASS RTOS Condition cause : null
2024-11-26 21:39:55,427 [WARN] ConditionMgr:1039 - genDependencies : Invalid condition id : UX DEVICE CLASS RTOS Condition cause : null
2024-11-26 21:39:55,428 [WARN] ConditionMgr:1039 - genDependencies : Invalid condition id : UX DEVICE CLASS RTOS Condition cause : null
2024-11-26 21:39:55,429 [WARN] ConditionMgr:1039 - genDependencies : Invalid condition id : UX DEVICE CLASS RTOS Condition cause : null
2024-11-26 21:39:55,430 [WARN] ConditionMgr:1039 - genDependencies : Invalid condition id : UX DEVICE CLASS RTOS Condition cause : null
2024-11-26 21:39:55,439 [WARN] PackLoader:240 - Cannot read IP mode file for wolfSSL.I-CUBE-wolfSSL.5.5.4
2024-11-26 21:39:55,447 [WARN] PackLoader:240 - Cannot read IP mode file for STMicroelectronics.X-CUBE-NFC7.1.0.1
2024-11-26 21:39:55,455 [WARN] PackLoader:240 - Cannot read IP mode file for STMicroelectronics.X-CUBE-NFC7.1.0.0
2024-11-26 21:39:55,462 [WARN] PackLoader:240 - Cannot read IP mode file for wolfSSL.I-CUBE-wolfTPM.3.2.0
2024-11-26 21:39:55,473 [WARN] PackLoader:240 - Cannot read IP mode file for STMicroelectronics.X-CUBE-NFC6.3.0.0
2024-11-26 21:39:55,484 [WARN] PackLoader:240 - Cannot read IP mode file for STMicroelectronics.X-CUBE-EEPRMA1.4.1.0
2024-11-26 21:39:55,491 [WARN] PackLoader:240 - Cannot read IP mode file for STMicroelectronics.X-CUBE-AI.8.1.0
2024-11-26 21:39:55,526 [WARN] ConditionMgr:438 - getConditionDescription Invalid condition id : LAN8742 Phy interface Condition cause : null
2024-11-26 21:39:55,528 [WARN] PackLoader:240 - Cannot read IP mode file for STMicroelectronics.X-CUBE-AZRTOS-L4.2.0.0
2024-11-26 21:39:55,530 [WARN] ConditionMgr:1039 - genDependencies : Invalid condition id : LAN8742 Phy interface Condition cause : null
2024-11-26 21:39:55,530 [WARN] ConditionMgr:1039 - genDependencies : Invalid condition id : LAN8742 Phy interface Condition cause : null
2024-11-26 21:39:55,531 [WARN] ConditionMgr:1039 - genDependencies : Invalid condition id : LAN8742 Phy interface Condition cause : null
2024-11-26 21:39:55,544 [WARN] PackLoader:240 - Cannot read IP mode file for STMicroelectronics.X-CUBE-SFXS2LP1.4.0.0
2024-11-26 21:39:55,579 [WARN] PackLoader:240 - Cannot read IP mode file for STMicroelectronics.X-CUBE-AZRTOS-H7.3.0.0
2024-11-26 21:39:55,589 [WARN] PackLoader:240 - Cannot read IP mode file for STMicroelectronics.X-CUBE-ISPU.1.1.0
2024-11-26 21:39:55,626 [WARN] PackLoader:240 - Cannot read IP mode file for STMicroelectronics.X-CUBE-AZRTOS-H7.3.3.0
2024-11-26 21:39:55,642 [WARN] PackLoader:240 - Cannot read IP mode file for RoweBots.I-CUBE-UNISONRTOS.5.5.0-4
2024-11-26 21:39:55,650 [WARN] PackLoader:240 - Cannot read IP mode file for STMicroelectronics.X-CUBE-AI.8.0.0
2024-11-26 21:39:55,657 [ERROR] Engine:466 - C:\Users\Minh\.stm32cubemx\thirdparties\pdsc\STMicroelectronics.X-CUBE-IPS.3.0.0.pdsc: PDSC version is not supported
2024-11-26 21:39:55,678 [WARN] ConditionMgr:438 - getConditionDescription Invalid condition id : UX DEVICE CLASS RTOS Condition cause : null
2024-11-26 21:39:55,678 [WARN] ConditionMgr:438 - getConditionDescription Invalid condition id : UX DEVICE CLASS RTOS Condition cause : null
2024-11-26 21:39:55,682 [WARN] PackLoader:240 - Cannot read IP mode file for STMicroelectronics.X-CUBE-AZRTOS-WB.2.0.0
2024-11-26 21:39:55,683 [WARN] ConditionMgr:1039 - genDependencies : Invalid condition id : UX DEVICE CLASS RTOS Condition cause : null
2024-11-26 21:39:55,683 [WARN] ConditionMgr:1039 - genDependencies : Invalid condition id : UX DEVICE CLASS RTOS Condition cause : null
2024-11-26 21:39:55,684 [WARN] ConditionMgr:1039 - genDependencies : Invalid condition id : UX DEVICE CLASS RTOS Condition cause : null
2024-11-26 21:39:55,685 [WARN] ConditionMgr:1039 - genDependencies : Invalid condition id : UX DEVICE CLASS RTOS Condition cause : null
2024-11-26 21:39:55,685 [WARN] ConditionMgr:1039 - genDependencies : Invalid condition id : UX DEVICE CLASS RTOS Condition cause : null
2024-11-26 21:39:55,692 [WARN] PackLoader:240 - Cannot read IP mode file for STMicroelectronics.X-CUBE-FREERTOS.1.0.0
2024-11-26 21:39:55,699 [WARN] PackLoader:240 - Cannot read IP mode file for STMicroelectronics.X-CUBE-FREERTOS.1.0.1
2024-11-26 21:39:55,706 [WARN] PackLoader:240 - Cannot read IP mode file for STMicroelectronics.X-CUBE-GNSS1.7.0.0
2024-11-26 21:39:55,713 [ERROR] Engine:466 - C:\Users\Minh\.stm32cubemx\thirdparties\pdsc\STMicroelectronics.FP-SNS-STBOX1.2.0.0.pdsc: PDSC version is not supported
2024-11-26 21:39:55,749 [WARN] PackLoader:240 - Cannot read IP mode file for STMicroelectronics.X-CUBE-AZRTOS-L5.1.1.0
2024-11-26 21:39:55,758 [WARN] PackLoader:240 - Cannot read IP mode file for STMicroelectronics.X-CUBE-AI.8.0.1
2024-11-26 21:39:55,775 [WARN] PackLoader:240 - Cannot read IP mode file for STMicroelectronics.X-CUBE-SUBG2.5.0.0
2024-11-26 21:39:55,790 [WARN] PackLoader:240 - Cannot read IP mode file for Cesanta.I-CUBE-Mongoose.7.13.0
2024-11-26 21:39:55,803 [WARN] PackLoader:240 - Cannot read IP mode file for STMicroelectronics.X-CUBE-TOF1.3.3.1
2024-11-26 21:39:55,841 [WARN] PackLoader:240 - Cannot read IP mode file for STMicroelectronics.X-CUBE-AZRTOS-G4.2.0.0
2024-11-26 21:39:55,862 [WARN] PackLoader:240 - Cannot read IP mode file for STMicroelectronics.X-CUBE-TOF1.3.3.0
2024-11-26 21:39:55,909 [WARN] PackLoader:240 - Cannot read IP mode file for STMicroelectronics.FP-ATR-ASTRA1.1.1.1
2024-11-26 21:39:55,929 [WARN] PackLoader:240 - Cannot read IP mode file for Infineon.AIROC-Wi-Fi-Bluetooth-STM32.1.5.1
2024-11-26 21:39:55,940 [WARN] PackLoader:240 - Cannot read IP mode file for STMicroelectronics.FP-SNS-MOTENVWB1.1.3.0
2024-11-26 21:39:55,947 [WARN] PackLoader:240 - Cannot read IP mode file for STMicroelectronics.FP-SNS-MOTENVWB1.1.3.1
2024-11-26 21:39:55,997 [WARN] PackLoader:240 - Cannot read IP mode file for STMicroelectronics.X-CUBE-AZRTOS-G4.1.0.0
2024-11-26 21:39:56,046 [WARN] PackLoader:240 - Cannot read IP mode file for STMicroelectronics.X-CUBE-AZRTOS-L4.1.0.0
2024-11-26 21:39:56,074 [WARN] PackLoader:240 - Cannot read IP mode file for STMicroelectronics.X-CUBE-ISPU.2.0.0
2024-11-26 21:39:56,083 [WARN] PackLoader:240 - Cannot read IP mode file for STMicroelectronics.X-CUBE-ALS.1.0.2
2024-11-26 21:39:56,244 [WARN] PackLoader:240 - Cannot read IP mode file for STMicroelectronics.X-CUBE-MEMS1.10.0.0
2024-11-26 21:39:56,563 [WARN] PackLoader:240 - Cannot read IP mode file for STMicroelectronics.X-CUBE-FREERTOS.1.1.0
2024-11-26 21:39:56,571 [WARN] PackLoader:240 - Cannot read IP mode file for STMicroelectronics.X-CUBE-TOUCHGFX.4.24.0
2024-11-26 21:39:56,587 [WARN] PackLoader:240 - Cannot read IP mode file for STMicroelectronics.X-CUBE-AZRTOS-WL.1.0.0
2024-11-26 21:39:56,593 [WARN] PackLoader:240 - Cannot read IP mode file for STMicroelectronics.X-CUBE-TOUCHGFX.4.24.1
2024-11-26 21:39:56,604 [WARN] PackLoader:240 - Cannot read IP mode file for portGmbH.I-Cube-SoM-uGOAL.1.1.0
2024-11-26 21:39:56,613 [WARN] PackLoader:240 - Cannot read IP mode file for STMicroelectronics.X-CUBE-ALS.1.0.1
2024-11-26 21:39:56,637 [WARN] PackLoader:240 - Cannot read IP mode file for STMicroelectronics.X-CUBE-AZRTOS-WB.1.1.0
2024-11-26 21:39:56,670 [WARN] PackLoader:240 - Cannot read IP mode file for STMicroelectronics.X-CUBE-AZRTOS-H7RS.1.0.0
2024-11-26 21:39:56,679 [WARN] PackLoader:240 - Cannot read IP mode file for STMicroelectronics.FP-ATR-ASTRA1.2.0.0
2024-11-26 21:39:56,689 [ERROR] Engine:466 - C:\Users\Minh\.stm32cubemx\thirdparties\pdsc\STMicroelectronics.X-CUBE-TOF1.3.4.2.pdsc: PDSC version is not supported
2024-11-26 21:39:56,706 [WARN] PackLoader:240 - Cannot read IP mode file for STMicroelectronics.X-CUBE-TOF1.3.4.0
2024-11-26 21:39:56,741 [WARN] PackLoader:240 - Cannot read IP mode file for STMicroelectronics.X-CUBE-TOF1.3.4.1
2024-11-26 21:39:56,787 [WARN] PackLoader:240 - Cannot read IP mode file for STMicroelectronics.X-CUBE-AZRTOS-H7.3.2.0
2024-11-26 21:39:56,799 [WARN] PackLoader:240 - Cannot read IP mode file for wolfSSL.I-CUBE-wolfSSH.1.4.17
2024-11-26 21:39:56,800 [INFO] ThirdParty:978 - Integrity check success = true
2024-11-26 21:39:56,800 [INFO] IntegrityCheckThread:100 - exiting critical section [integrity check]
2024-11-26 21:39:56,801 [INFO] IntegrityCheckThread:103 - End integrity checks thread
2024-11-26 22:25:33,887 [ERROR] LogOutputStream:75 - [STDERR_REDIRECT] SLF4J: Failed to load class "org.slf4j.impl.StaticLoggerBinder".
2024-11-26 22:25:33,889 [ERROR] LogOutputStream:75 - [STDERR_REDIRECT] SLF4J: Defaulting to no-operation (NOP) logger implementation
2024-11-26 22:25:33,892 [ERROR] LogOutputStream:75 - [STDERR_REDIRECT] SLF4J: See http://www.slf4j.org/codes.html#StaticLoggerBinder for further details.
2024-11-26 23:40:44,966 [ERROR] LogOutputStream:75 - [STDERR_REDIRECT] 
