2023-12-03 01:04:34,488 [ERROR] LogOutputStream:75 - [STDERR_REDIRECT] 
2023-12-03 11:07:28,904 [INFO] Activator:176 - 


2023-12-03 11:07:28,914 [INFO] Activator:177 - !SESSION log4j initialized
2023-12-03 11:07:47,497 [INFO] LogOutputStream:77 - [STDOUT_REDIRECT] 
2023-12-03 11:07:57,201 [INFO] ApplicationProperties:184 - Using Application install path: C:\ST\STM32CubeIDE_1.4.0\STM32CubeIDE\plugins\com.st.stm32cube.common.mx_6.9.1.202307191849
2023-12-03 11:07:57,244 [INFO] DbMcusXml:78 - Set database path to: C:\ST\STM32CubeIDE_1.4.0\STM32CubeIDE\plugins\com.st.stm32cube.common.mx_6.9.1.202307191849\\db\/mcu/
2023-12-03 11:07:57,245 [INFO] ApiDb:274 - Set plugin database path to: C:\ST\STM32CubeIDE_1.4.0\STM32CubeIDE\plugins\com.st.stm32cube.common.mx_6.9.1.202307191849\\db\/plugins/boardmanager/
2023-12-03 11:07:57,246 [WARN] ApiDb:259 - Overriding images path with different value:  => C:\ST\STM32CubeIDE_1.4.0\STM32CubeIDE\plugins\com.st.stm32cube.common.mx_6.9.1.202307191849\\db\/plugins/mcufinder/images/
2023-12-03 11:07:57,274 [INFO] ApiDb:250 - Set database path to: C:\Users\Minh\.stmcufinder\plugins\mcufinder//mcu/
2023-12-03 11:07:57,277 [INFO] DbMcusAds:125 - Set database path to: C:\Users\Minh\.stmcufinder\plugins\mcufinder//mcu/
2023-12-03 11:07:57,283 [INFO] CrossReferenceDbSqlite:203 - Set database path to: C:\Users\Minh\.stmcufinder\plugins\mcufinder//mcu/cs/
2023-12-03 11:07:57,599 [INFO] RulesReader:64 - Compatibility file has been processed (293 Rules)
2023-12-03 11:07:57,818 [INFO] DbMcusXml:78 - Set database path to: C:\ST\STM32CubeIDE_1.4.0\STM32CubeIDE\plugins\com.st.stm32cube.common.mx_6.9.1.202307191849\\db\/mcu/
2023-12-03 11:07:57,818 [INFO] ApiDb:274 - Set plugin database path to: C:\ST\STM32CubeIDE_1.4.0\STM32CubeIDE\plugins\com.st.stm32cube.common.mx_6.9.1.202307191849\\db\/plugins/boardmanager/
2023-12-03 11:07:57,818 [INFO] ApiDb:261 - Set plugin images path to: C:\ST\STM32CubeIDE_1.4.0\STM32CubeIDE\plugins\com.st.stm32cube.common.mx_6.9.1.202307191849\\db\/plugins/mcufinder/images/
2023-12-03 11:07:57,820 [WARN] DbFile:41 - Overriding database path with different value: C:\Users\Minh\.stmcufinder\plugins\mcufinder/ => C:\Users\Minh\.stmcufinder\plugins\mcufinder
2023-12-03 11:07:57,821 [INFO] ApiDb:250 - Set database path to: C:\Users\Minh\.stmcufinder\plugins\mcufinder//mcu/
2023-12-03 11:07:57,822 [WARN] DbFile:41 - Overriding database path with different value: C:\Users\Minh\.stmcufinder\plugins\mcufinder/ => C:\Users\Minh\.stmcufinder\plugins\mcufinder
2023-12-03 11:07:57,822 [INFO] DbMcusAds:125 - Set database path to: C:\Users\Minh\.stmcufinder\plugins\mcufinder//mcu/
2023-12-03 11:07:57,822 [WARN] DbFile:41 - Overriding database path with different value: C:\Users\Minh\.stmcufinder\plugins\mcufinder/ => C:\Users\Minh\.stmcufinder\plugins\mcufinder
2023-12-03 11:07:57,822 [WARN] DbFile:41 - Overriding database path with different value: C:\Users\Minh\.stmcufinder\plugins\mcufinder/ => C:\Users\Minh\.stmcufinder\plugins\mcufinder
2023-12-03 11:07:57,823 [INFO] CrossReferenceDbSqlite:203 - Set database path to: C:\Users\Minh\.stmcufinder\plugins\mcufinder//mcu/cs/
2023-12-03 11:07:58,020 [INFO] MainPanel:262 - HeapMemory: 268435456
2023-12-03 11:07:58,229 [INFO] DbMcusXml:78 - Set database path to: C:\ST\STM32CubeIDE_1.4.0\STM32CubeIDE\plugins\com.st.stm32cube.common.mx_6.9.1.202307191849\\db\/mcu/
2023-12-03 11:07:58,229 [INFO] ApiDb:274 - Set plugin database path to: C:\ST\STM32CubeIDE_1.4.0\STM32CubeIDE\plugins\com.st.stm32cube.common.mx_6.9.1.202307191849\\db\/plugins/boardmanager/
2023-12-03 11:07:58,230 [INFO] ApiDb:261 - Set plugin images path to: C:\ST\STM32CubeIDE_1.4.0\STM32CubeIDE\plugins\com.st.stm32cube.common.mx_6.9.1.202307191849\\db\/plugins/mcufinder/images/
2023-12-03 11:07:58,231 [WARN] DbFile:41 - Overriding database path with different value: C:\Users\Minh\.stmcufinder\plugins\mcufinder/ => C:\Users\Minh\.stmcufinder\plugins\mcufinder
2023-12-03 11:07:58,231 [INFO] ApiDb:250 - Set database path to: C:\Users\Minh\.stmcufinder\plugins\mcufinder//mcu/
2023-12-03 11:07:58,231 [WARN] DbFile:41 - Overriding database path with different value: C:\Users\Minh\.stmcufinder\plugins\mcufinder/ => C:\Users\Minh\.stmcufinder\plugins\mcufinder
2023-12-03 11:07:58,231 [INFO] DbMcusAds:125 - Set database path to: C:\Users\Minh\.stmcufinder\plugins\mcufinder//mcu/
2023-12-03 11:07:58,231 [WARN] DbFile:41 - Overriding database path with different value: C:\Users\Minh\.stmcufinder\plugins\mcufinder/ => C:\Users\Minh\.stmcufinder\plugins\mcufinder
2023-12-03 11:07:58,232 [WARN] DbFile:41 - Overriding database path with different value: C:\Users\Minh\.stmcufinder\plugins\mcufinder/ => C:\Users\Minh\.stmcufinder\plugins\mcufinder
2023-12-03 11:07:58,232 [INFO] CrossReferenceDbSqlite:203 - Set database path to: C:\Users\Minh\.stmcufinder\plugins\mcufinder//mcu/cs/
2023-12-03 11:07:58,275 [INFO] ApplicationProperties:184 - Using Application install path: C:\ST\STM32CubeIDE_1.4.0\STM32CubeIDE\plugins\com.st.stm32cube.common.mx_6.9.1.202307191849
2023-12-03 11:07:58,278 [INFO] PluginManage:196 - Search for loadable plugins [exclusion list=, ]
2023-12-03 11:07:58,282 [INFO] PluginManage:310 - Check plugin analytics
2023-12-03 11:08:03,333 [INFO] AnalyticsPlugin:253 - Accepted Software Licenses: STM32CubeMX.6.0.0,STM32CubeMX.5.2.0
2023-12-03 11:08:03,334 [INFO] AnalyticsPlugin:255 - Accepted CMSIS Pack Licenses: 
2023-12-03 11:08:03,335 [INFO] AnalyticsPlugin:257 - Accepted Firmware Licenses: 
2023-12-03 11:08:03,340 [INFO] PluginManage:359 - Loaded plugin analytics (category:tool,tabindex:-1)
2023-12-03 11:08:03,341 [INFO] PluginManage:310 - Check plugin cadmodel
2023-12-03 11:08:03,357 [INFO] CADModel:105 - Init CAD model plugin
2023-12-03 11:08:03,358 [INFO] PluginManage:359 - Loaded plugin cadmodel (category:power,tabindex:5)
2023-12-03 11:08:03,358 [INFO] PluginManage:310 - Check plugin clock
2023-12-03 11:08:03,391 [INFO] PluginManage:359 - Loaded plugin clock (category:base,tabindex:2)
2023-12-03 11:08:03,391 [INFO] PluginManage:310 - Check plugin ddr
2023-12-03 11:08:03,399 [INFO] PluginManage:359 - Loaded plugin ddr (category:tool,tabindex:6)
2023-12-03 11:08:03,399 [INFO] PluginManage:310 - Check plugin filemanager
2023-12-03 11:08:03,784 [INFO] PluginManage:359 - Loaded plugin filemanager (category:base,tabindex:10)
2023-12-03 11:08:03,784 [INFO] PluginManage:310 - Check plugin ipmanager
2023-12-03 11:08:03,813 [INFO] PluginManage:359 - Loaded plugin ipmanager (category:base,tabindex:5)
2023-12-03 11:08:03,814 [INFO] PluginManage:310 - Check plugin lpbam
2023-12-03 11:08:03,837 [INFO] PluginManage:359 - Loaded plugin lpbam (category:base,tabindex:0)
2023-12-03 11:08:03,837 [INFO] PluginManage:310 - Check plugin memorymap
2023-12-03 11:08:03,878 [INFO] PluginManage:359 - Loaded plugin memorymap (category:base,tabindex:4)
2023-12-03 11:08:03,879 [INFO] PluginManage:310 - Check plugin pinoutandconfiguration
2023-12-03 11:08:03,899 [INFO] PluginManage:359 - Loaded plugin pinoutandconfiguration (category:base,tabindex:1)
2023-12-03 11:08:03,900 [INFO] PluginManage:310 - Check plugin pinoutconfig
2023-12-03 11:08:04,163 [WARN] SupportedApi:132 - Cannot load RTOS API schema: s4s-elt-must-match.1: The content of 'definitions' must match (annotation?, (simpleType | complexType)?, (unique | key | keyref)*)). A problem was found starting at: attribute.
2023-12-03 11:08:04,609 [INFO] PluginManage:359 - Loaded plugin pinoutconfig (category:base,tabindex:0)
2023-12-03 11:08:04,609 [INFO] PluginManage:310 - Check plugin power
2023-12-03 11:08:04,640 [INFO] PluginManage:359 - Loaded plugin power (category:power,tabindex:4)
2023-12-03 11:08:04,640 [INFO] PluginManage:310 - Check plugin projectmanager
2023-12-03 11:08:04,685 [INFO] PluginManage:359 - Loaded plugin projectmanager (category:projectmanager,tabindex:3)
2023-12-03 11:08:04,686 [INFO] PluginManage:310 - Check plugin thirdparty
2023-12-03 11:08:05,357 [INFO] PluginManage:359 - Loaded plugin thirdparty (category:base,tabindex:-1)
2023-12-03 11:08:05,357 [INFO] PluginManage:310 - Check plugin tools
2023-12-03 11:08:05,364 [WARN] IntegrityCheckThread:84 - waiting for thirdparty lock release [integrity check]
2023-12-03 11:08:05,365 [INFO] IntegrityCheckThread:86 - entering critical section [integrity check]
2023-12-03 11:08:05,366 [INFO] ThirdPartyUpdaterWithRetryManager:70 - Updater plugin not ready yet. [1/15]
2023-12-03 11:08:05,367 [INFO] PluginManage:359 - Loaded plugin tools (category:base,tabindex:7)
2023-12-03 11:08:05,367 [INFO] PluginManage:310 - Check plugin tutovideos
2023-12-03 11:08:05,997 [INFO] PluginManage:359 - Loaded plugin tutovideos (category:base,tabindex:-1)
2023-12-03 11:08:05,998 [INFO] PluginManage:310 - Check plugin updater
2023-12-03 11:08:06,031 [INFO] PluginManage:359 - Loaded plugin updater (category:base,tabindex:12)
2023-12-03 11:08:06,031 [INFO] PluginManage:310 - Check plugin userauth
2023-12-03 11:08:06,045 [INFO] UserAuth:113 - Init User Auth plugin
2023-12-03 11:08:06,046 [INFO] PluginManage:359 - Loaded plugin userauth (category:base,tabindex:14)
2023-12-03 11:08:06,047 [INFO] PluginManage:283 - PluginManage : Loaded plugins [17]
2023-12-03 11:08:06,696 [INFO] PinOutPanel:1499 - setPackage(No Configuration,No Configuration)
2023-12-03 11:08:06,995 [INFO] CADModel:165 - CPN selected for project level
2023-12-03 11:08:06,996 [INFO] CADModel:114 - Register for checkConnection events
2023-12-03 11:08:07,043 [INFO] IPUIPlugin:80 - create IPUIPlugin
2023-12-03 11:08:07,044 [INFO] PluginManager:220 - loadIPPluginJar : add adc
2023-12-03 11:08:07,050 [INFO] IPUIPlugin:80 - create IPUIPlugin
2023-12-03 11:08:07,050 [INFO] PluginManager:220 - loadIPPluginJar : add aes
2023-12-03 11:08:07,059 [INFO] IPUIPlugin:80 - create IPUIPlugin
2023-12-03 11:08:07,060 [INFO] PluginManager:220 - loadIPPluginJar : add can
2023-12-03 11:08:07,064 [INFO] IPUIPlugin:80 - create IPUIPlugin
2023-12-03 11:08:07,064 [INFO] PluginManager:220 - loadIPPluginJar : add comp
2023-12-03 11:08:07,070 [INFO] IPUIPlugin:80 - create IPUIPlugin
2023-12-03 11:08:07,071 [INFO] PluginManager:220 - loadIPPluginJar : add cryp
2023-12-03 11:08:07,078 [INFO] IPUIPlugin:80 - create IPUIPlugin
2023-12-03 11:08:07,079 [INFO] PluginManager:220 - loadIPPluginJar : add dfsdm
2023-12-03 11:08:07,098 [INFO] IPUIPlugin:80 - create IPUIPlugin
2023-12-03 11:08:07,115 [INFO] PluginManager:220 - loadIPPluginJar : add dma
2023-12-03 11:08:07,121 [INFO] IPUIPlugin:80 - create IPUIPlugin
2023-12-03 11:08:07,122 [INFO] PluginManager:220 - loadIPPluginJar : add dma3
2023-12-03 11:08:07,127 [INFO] IPUIPlugin:80 - create IPUIPlugin
2023-12-03 11:08:07,128 [INFO] PluginManager:220 - loadIPPluginJar : add fatfs
2023-12-03 11:08:07,159 [INFO] IPUIPlugin:80 - create IPUIPlugin
2023-12-03 11:08:07,159 [INFO] PluginManager:220 - loadIPPluginJar : add fmc
2023-12-03 11:08:07,174 [INFO] IPUIPlugin:80 - create IPUIPlugin
2023-12-03 11:08:07,174 [INFO] PluginManager:220 - loadIPPluginJar : add freertos
2023-12-03 11:08:07,178 [INFO] IPUIPlugin:80 - create IPUIPlugin
2023-12-03 11:08:07,179 [INFO] PluginManager:220 - loadIPPluginJar : add genericplugin
2023-12-03 11:08:07,185 [INFO] IPUIPlugin:80 - create IPUIPlugin
2023-12-03 11:08:07,185 [INFO] PluginManager:220 - loadIPPluginJar : add gfxmmu
2023-12-03 11:08:07,216 [INFO] IPUIPlugin:80 - create IPUIPlugin
2023-12-03 11:08:07,217 [INFO] PluginManager:220 - loadIPPluginJar : add gic
2023-12-03 11:08:07,231 [INFO] IPUIPlugin:80 - create IPUIPlugin
2023-12-03 11:08:07,231 [INFO] PluginManager:220 - loadIPPluginJar : add gpio
2023-12-03 11:08:07,267 [INFO] IPUIPlugin:80 - create IPUIPlugin
2023-12-03 11:08:07,267 [INFO] PluginManager:220 - loadIPPluginJar : add gtzc
2023-12-03 11:08:07,283 [INFO] IPUIPlugin:80 - create IPUIPlugin
2023-12-03 11:08:07,283 [INFO] PluginManager:220 - loadIPPluginJar : add hash
2023-12-03 11:08:07,291 [INFO] IPUIPlugin:80 - create IPUIPlugin
2023-12-03 11:08:07,292 [INFO] PluginManager:220 - loadIPPluginJar : add i2c
2023-12-03 11:08:07,302 [INFO] IPUIPlugin:80 - create IPUIPlugin
2023-12-03 11:08:07,303 [INFO] PluginManager:220 - loadIPPluginJar : add i2s
2023-12-03 11:08:07,317 [INFO] IPUIPlugin:80 - create IPUIPlugin
2023-12-03 11:08:07,318 [INFO] PluginManager:220 - loadIPPluginJar : add i3c
2023-12-03 11:08:07,649 [INFO] IPUIPlugin:80 - create IPUIPlugin
2023-12-03 11:08:07,650 [INFO] PluginManager:220 - loadIPPluginJar : add ipddr
2023-12-03 11:08:07,666 [INFO] IPUIPlugin:80 - create IPUIPlugin
2023-12-03 11:08:07,666 [INFO] PluginManager:220 - loadIPPluginJar : add linkedlist
2023-12-03 11:08:07,679 [INFO] IPUIPlugin:80 - create IPUIPlugin
2023-12-03 11:08:07,680 [INFO] PluginManager:220 - loadIPPluginJar : add lorawan
2023-12-03 11:08:07,685 [INFO] IPUIPlugin:80 - create IPUIPlugin
2023-12-03 11:08:07,685 [INFO] PluginManager:220 - loadIPPluginJar : add ltdc
2023-12-03 11:08:07,701 [INFO] IPUIPlugin:80 - create IPUIPlugin
2023-12-03 11:08:07,701 [INFO] PluginManager:220 - loadIPPluginJar : add mdma
2023-12-03 11:08:07,712 [INFO] IPUIPlugin:80 - create IPUIPlugin
2023-12-03 11:08:07,713 [INFO] PluginManager:220 - loadIPPluginJar : add nvic
2023-12-03 11:08:07,720 [INFO] IPUIPlugin:80 - create IPUIPlugin
2023-12-03 11:08:07,720 [INFO] PluginManager:220 - loadIPPluginJar : add opamp
2023-12-03 11:08:07,730 [INFO] IPUIPlugin:80 - create IPUIPlugin
2023-12-03 11:08:07,730 [INFO] PluginManager:220 - loadIPPluginJar : add openamp
2023-12-03 11:08:07,738 [INFO] IPUIPlugin:80 - create IPUIPlugin
2023-12-03 11:08:07,738 [INFO] PluginManager:220 - loadIPPluginJar : add pdm2pcm
2023-12-03 11:08:07,756 [INFO] IPUIPlugin:80 - create IPUIPlugin
2023-12-03 11:08:07,763 [INFO] PluginManager:220 - loadIPPluginJar : add plateformsettings
2023-12-03 11:08:07,768 [INFO] IPUIPlugin:80 - create IPUIPlugin
2023-12-03 11:08:07,768 [INFO] PluginManager:220 - loadIPPluginJar : add quadspi
2023-12-03 11:08:07,780 [INFO] IPUIPlugin:80 - create IPUIPlugin
2023-12-03 11:08:07,780 [INFO] PluginManager:220 - loadIPPluginJar : add resmgrutility
2023-12-03 11:08:07,788 [INFO] IPUIPlugin:80 - create IPUIPlugin
2023-12-03 11:08:07,789 [INFO] PluginManager:220 - loadIPPluginJar : add sai
2023-12-03 11:08:07,797 [INFO] IPUIPlugin:80 - create IPUIPlugin
2023-12-03 11:08:07,797 [INFO] PluginManager:220 - loadIPPluginJar : add spi
2023-12-03 11:08:07,810 [INFO] IPUIPlugin:80 - create IPUIPlugin
2023-12-03 11:08:07,810 [INFO] PluginManager:220 - loadIPPluginJar : add stm32_wpan
2023-12-03 11:08:07,815 [INFO] IPUIPlugin:80 - create IPUIPlugin
2023-12-03 11:08:07,815 [INFO] PluginManager:220 - loadIPPluginJar : add tim
2023-12-03 11:08:07,825 [INFO] IPUIPlugin:80 - create IPUIPlugin
2023-12-03 11:08:07,826 [INFO] PluginManager:220 - loadIPPluginJar : add touchsensing
2023-12-03 11:08:07,831 [INFO] IPUIPlugin:80 - create IPUIPlugin
2023-12-03 11:08:07,831 [INFO] PluginManager:220 - loadIPPluginJar : add tracer_emb
2023-12-03 11:08:07,836 [INFO] IPUIPlugin:80 - create IPUIPlugin
2023-12-03 11:08:07,836 [INFO] PluginManager:220 - loadIPPluginJar : add ts
2023-12-03 11:08:07,844 [INFO] IPUIPlugin:80 - create IPUIPlugin
2023-12-03 11:08:07,844 [INFO] PluginManager:220 - loadIPPluginJar : add tsc
2023-12-03 11:08:07,848 [INFO] IPUIPlugin:80 - create IPUIPlugin
2023-12-03 11:08:07,849 [INFO] PluginManager:220 - loadIPPluginJar : add ucpd
2023-12-03 11:08:07,854 [INFO] IPUIPlugin:80 - create IPUIPlugin
2023-12-03 11:08:07,855 [INFO] PluginManager:220 - loadIPPluginJar : add usart
2023-12-03 11:08:07,862 [INFO] IPUIPlugin:80 - create IPUIPlugin
2023-12-03 11:08:07,863 [INFO] PluginManager:220 - loadIPPluginJar : add usbx
2023-12-03 11:08:08,080 [INFO] CADModel:165 - CPN selected for project level
2023-12-03 11:08:08,081 [INFO] CADModel:114 - Register for checkConnection events
2023-12-03 11:08:08,081 [FATAL] Updater:308 - Updater called before beeing initialized
2023-12-03 11:08:08,081 [ERROR] CADModel:125 - Updater not yet initialized, retry later 
2023-12-03 11:08:08,369 [INFO] ThirdPartyUpdaterWithRetryManager:70 - Updater plugin not ready yet. [2/15]
2023-12-03 11:08:08,491 [INFO] CADModel:165 - CPN selected for project level
2023-12-03 11:08:08,492 [INFO] CADModel:114 - Register for checkConnection events
2023-12-03 11:08:08,492 [FATAL] Updater:308 - Updater called before beeing initialized
2023-12-03 11:08:08,493 [ERROR] CADModel:125 - Updater not yet initialized, retry later 
2023-12-03 11:08:08,507 [FATAL] Updater:308 - Updater called before beeing initialized
2023-12-03 11:08:08,826 [FATAL] Updater:308 - Updater called before beeing initialized
2023-12-03 11:08:08,843 [INFO] DbMcusAds:53 - JSON generation date=Tue Mar 07 17:50:55 JST 2023 (1678179055114)
2023-12-03 11:08:08,843 [FATAL] Updater:308 - Updater called before beeing initialized
2023-12-03 11:08:08,959 [WARN] DetailPanel:346 - Failed to get advertising image, set to default
2023-12-03 11:08:09,209 [FATAL] Updater:308 - Updater called before beeing initialized
2023-12-03 11:08:09,215 [FATAL] Updater:308 - Updater called before beeing initialized
2023-12-03 11:08:09,216 [FATAL] Updater:308 - Updater called before beeing initialized
2023-12-03 11:08:09,216 [WARN] DetailPanel:346 - Failed to get advertising image, set to default
2023-12-03 11:08:09,221 [FATAL] Updater:308 - Updater called before beeing initialized
2023-12-03 11:08:09,594 [ERROR] Updater:1120 - MainUpdater not yet initialized. External WinMGr cannot be set.
2023-12-03 11:08:09,650 [INFO] Updater:1056 - Updater Version found : 6.9.1
2023-12-03 11:08:09,711 [INFO] ApplicationProperties:184 - Using Application install path: C:\ST\STM32CubeIDE_1.4.0\STM32CubeIDE\plugins\com.st.stm32cube.common.mx_6.9.1.202307191849
2023-12-03 11:08:10,103 [INFO] MainUpdater:2868 - connection check result : 10
2023-12-03 11:08:10,108 [INFO] MainUpdater:285 - Updater Check For Update Now.
2023-12-03 11:08:10,108 [INFO] MicroXplorer:498 - Change Database Version : DB.6.0.91
2023-12-03 11:08:10,160 [INFO] McuFinderGlobals:63 - Set McuFinder mode to 2 (CubeIDE integrated)
2023-12-03 11:08:10,161 [INFO] UserAuth:179 - activating auth plugin
2023-12-03 11:08:10,167 [INFO] UserAuth:393 - Internet connection configuration mode: 1
2023-12-03 11:08:10,239 [INFO] JxBrowserEngine:151 - Initiate JxBrowser Engine with user profile folder
2023-12-03 11:08:10,482 [INFO] CheckServerUpdateThread:120 - End of CheckServer Thread
2023-12-03 11:08:12,083 [WARN] PackLoader:240 - Cannot read IP mode file for STMicroelectronics.X-CUBE-SMBUS.2.1.0
2023-12-03 11:08:12,308 [WARN] PackLoader:240 - Cannot read IP mode file for STMicroelectronics.X-CUBE-AZRTOS-F7.1.1.0
2023-12-03 11:08:12,420 [ERROR] RealEvaluatedCondition:428 - Found unsupported composite condition: CLASS='Data Exchange' GROUP='STM32_MetaDataManager'
2023-12-03 11:08:12,421 [ERROR] RealEvaluatedCondition:428 - Found unsupported composite condition: GROUP='STM32_MetaDataManager' CLASS='Data Exchange'
2023-12-03 11:08:12,427 [WARN] PackLoader:240 - Cannot read IP mode file for STMicroelectronics.FP-SNS-MOTENV1.4.3.0
2023-12-03 11:08:12,478 [WARN] PackLoader:240 - Cannot read IP mode file for STMicroelectronics.FP-SNS-MOTENV1.4.3.2
2023-12-03 11:08:12,524 [WARN] PackLoader:240 - Cannot read IP mode file for STMicroelectronics.FP-SNS-FLIGHT1.5.0.0
2023-12-03 11:08:12,548 [ERROR] RealEvaluatedCondition:428 - Found unsupported composite condition: GROUP='STM32_MetaDataManager' CLASS='Data Exchange'
2023-12-03 11:08:12,548 [ERROR] RealEvaluatedCondition:428 - Found unsupported composite condition: CLASS='Data Exchange' GROUP='STM32_MetaDataManager'
2023-12-03 11:08:12,560 [WARN] PackLoader:240 - Cannot read IP mode file for STMicroelectronics.FP-SNS-MOTENV1.4.3.1
2023-12-03 11:08:12,580 [WARN] PackLoader:240 - Cannot read IP mode file for STMicroelectronics.FP-SNS-FLIGHT1.5.0.1
2023-12-03 11:08:12,630 [WARN] PackLoader:240 - Cannot read IP mode file for STMicroelectronics.X-CUBE-BLE1.6.2.4
2023-12-03 11:08:12,648 [WARN] PackLoader:240 - Cannot read IP mode file for STMicroelectronics.FP-SNS-FLIGHT1.5.0.2
2023-12-03 11:08:12,676 [WARN] PackLoader:240 - Cannot read IP mode file for STMicroelectronics.X-CUBE-DISPLAY.3.0.0
2023-12-03 11:08:12,760 [WARN] PackLoader:240 - Cannot read IP mode file for STMicroelectronics.X-CUBE-BLE1.7.0.0
2023-12-03 11:08:12,784 [WARN] PackLoader:240 - Cannot read IP mode file for STMicroelectronics.X-CUBE-TOUCHGFX.4.22.0
2023-12-03 11:08:12,808 [WARN] PackLoader:240 - Cannot read IP mode file for STMicroelectronics.X-CUBE-TOUCHGFX.4.22.1
2023-12-03 11:08:12,852 [WARN] PackLoader:240 - Cannot read IP mode file for STMicroelectronics.FP-SNS-SMARTAG2.1.2.0
2023-12-03 11:08:12,891 [INFO] LogOutputStream:77 - [STDOUT_REDIRECT] 1 : Invalid condition id : UX_CORESTACK_Condition cause : null
2023-12-03 11:08:12,893 [INFO] LogOutputStream:77 - [STDOUT_REDIRECT] 1 : Invalid condition id : UX_CORESTACK_Condition cause : null
2023-12-03 11:08:12,898 [INFO] LogOutputStream:77 - [STDOUT_REDIRECT] 1 : Invalid condition id : UX_CORESTACK_Condition cause : null
2023-12-03 11:08:12,903 [INFO] LogOutputStream:77 - [STDOUT_REDIRECT] 1 : Invalid condition id : UX_CORESTACK_Condition cause : null
2023-12-03 11:08:12,908 [INFO] LogOutputStream:77 - [STDOUT_REDIRECT] 1 : Invalid condition id : UX_CORESTACK_Condition cause : null
2023-12-03 11:08:12,922 [WARN] PackLoader:240 - Cannot read IP mode file for STMicroelectronics.X-CUBE-AZRTOS-WL.2.0.0
2023-12-03 11:08:12,945 [WARN] PackLoader:240 - Cannot read IP mode file for WES.I-CUBE-Cesium.1.3.0
2023-12-03 11:08:12,962 [WARN] PackLoader:240 - Cannot read IP mode file for STMicroelectronics.X-CUBE-BLE2.3.3.0
2023-12-03 11:08:13,000 [WARN] PackLoader:240 - Cannot read IP mode file for STMicroelectronics.X-CUBE-TOF1.3.2.0
2023-12-03 11:08:13,041 [WARN] PackLoader:240 - Cannot read IP mode file for STMicroelectronics.X-CUBE-TOUCHGFX.4.21.1
2023-12-03 11:08:13,049 [WARN] PackLoader:240 - Cannot read IP mode file for STMicroelectronics.X-CUBE-TOUCHGFX.4.21.3
2023-12-03 11:08:13,056 [WARN] PackLoader:240 - Cannot read IP mode file for STMicroelectronics.X-CUBE-TOUCHGFX.4.21.4
2023-12-03 11:08:13,083 [WARN] PackLoader:240 - Cannot read IP mode file for STMicroelectronics.X-CUBE-ALGOBUILD.1.3.0
2023-12-03 11:08:13,138 [WARN] PackLoader:240 - Cannot read IP mode file for STMicroelectronics.X-CUBE-AZRTOS-G0.1.1.0
2023-12-03 11:08:13,159 [WARN] PackLoader:240 - Cannot read IP mode file for STMicroelectronics.X-CUBE-NFC4.3.0.0
2023-12-03 11:08:13,186 [WARN] PackLoader:240 - Cannot read IP mode file for STMicroelectronics.X-CUBE-BLEMGR.3.0.0
2023-12-03 11:08:13,203 [WARN] PackLoader:240 - Cannot read IP mode file for STMicroelectronics.FP-ATR-SIGFOX1.3.2.0
2023-12-03 11:08:13,399 [INFO] WebApp:157 - Instantiating new browser for Auth
2023-12-03 11:08:13,537 [WARN] PackLoader:240 - Cannot read IP mode file for STMicroelectronics.X-CUBE-MEMS1.9.5.0
2023-12-03 11:08:14,972 [WARN] PackLoader:240 - Cannot read IP mode file for SEGGER.I-CUBE-embOS.1.3.1
2023-12-03 11:08:15,207 [WARN] PackLoader:240 - Cannot read IP mode file for STMicroelectronics.X-CUBE-GNSS1.6.0.0
2023-12-03 11:08:15,392 [WARN] PackLoader:240 - Cannot read IP mode file for STMicroelectronics.X-CUBE-AZRTOS-F4.1.1.0
2023-12-03 11:08:15,500 [WARN] PackLoader:240 - Cannot read IP mode file for STMicroelectronics.X-CUBE-AZRTOS-L5.2.0.0
2023-12-03 11:08:15,687 [WARN] PackLoader:240 - Cannot read IP mode file for STMicroelectronics.X-CUBE-MEMS1.9.6.0
2023-12-03 11:08:16,116 [WARN] PackLoader:240 - Cannot read IP mode file for STMicroelectronics.X-CUBE-EEPRMA1.4.2.0
2023-12-03 11:08:16,145 [WARN] PackLoader:240 - Cannot read IP mode file for ITTIA_DB.I-CUBE-ITTIADB.8.8.0
2023-12-03 11:08:16,171 [WARN] PackLoader:240 - Cannot read IP mode file for emotas.I-CUBE-CANOPEN.1.1.3
2023-12-03 11:08:16,211 [WARN] PackLoader:240 - Cannot read IP mode file for STMicroelectronics.X-CUBE-BLEMGR.2.0.0
2023-12-03 11:08:16,281 [WARN] ConditionMgr:438 - getConditionDescription Invalid condition id : UX DEVICE CLASS RTOS Condition cause : null
2023-12-03 11:08:16,282 [WARN] ConditionMgr:438 - getConditionDescription Invalid condition id : UX DEVICE CLASS RTOS Condition cause : null
2023-12-03 11:08:16,304 [WARN] PackLoader:240 - Cannot read IP mode file for STMicroelectronics.X-CUBE-AZRTOS-H7.3.1.0
2023-12-03 11:08:16,307 [WARN] ConditionMgr:1039 - genDependencies : Invalid condition id : UX DEVICE CLASS RTOS Condition cause : null
2023-12-03 11:08:16,307 [WARN] ConditionMgr:1039 - genDependencies : Invalid condition id : UX DEVICE CLASS RTOS Condition cause : null
2023-12-03 11:08:16,309 [WARN] ConditionMgr:1039 - genDependencies : Invalid condition id : UX DEVICE CLASS RTOS Condition cause : null
2023-12-03 11:08:16,311 [WARN] ConditionMgr:1039 - genDependencies : Invalid condition id : UX DEVICE CLASS RTOS Condition cause : null
2023-12-03 11:08:16,312 [WARN] ConditionMgr:1039 - genDependencies : Invalid condition id : UX DEVICE CLASS RTOS Condition cause : null
2023-12-03 11:08:16,327 [WARN] PackLoader:240 - Cannot read IP mode file for wolfSSL.I-CUBE-wolfSSL.5.5.4
2023-12-03 11:08:16,339 [WARN] PackLoader:240 - Cannot read IP mode file for STMicroelectronics.X-CUBE-NFC7.1.0.1
2023-12-03 11:08:16,351 [WARN] PackLoader:240 - Cannot read IP mode file for STMicroelectronics.X-CUBE-NFC7.1.0.0
2023-12-03 11:08:16,374 [WARN] PackLoader:240 - Cannot read IP mode file for STMicroelectronics.X-CUBE-NFC6.3.0.0
2023-12-03 11:08:16,400 [WARN] PackLoader:240 - Cannot read IP mode file for STMicroelectronics.X-CUBE-EEPRMA1.4.1.0
2023-12-03 11:08:16,419 [WARN] PackLoader:240 - Cannot read IP mode file for STMicroelectronics.X-CUBE-AI.8.1.0
2023-12-03 11:08:16,493 [WARN] ConditionMgr:438 - getConditionDescription Invalid condition id : LAN8742 Phy interface Condition cause : null
2023-12-03 11:08:16,495 [WARN] PackLoader:240 - Cannot read IP mode file for STMicroelectronics.X-CUBE-AZRTOS-L4.2.0.0
2023-12-03 11:08:16,498 [WARN] ConditionMgr:1039 - genDependencies : Invalid condition id : LAN8742 Phy interface Condition cause : null
2023-12-03 11:08:16,499 [WARN] ConditionMgr:1039 - genDependencies : Invalid condition id : LAN8742 Phy interface Condition cause : null
2023-12-03 11:08:16,500 [WARN] ConditionMgr:1039 - genDependencies : Invalid condition id : LAN8742 Phy interface Condition cause : null
2023-12-03 11:08:16,521 [WARN] PackLoader:240 - Cannot read IP mode file for STMicroelectronics.X-CUBE-SFXS2LP1.4.0.0
2023-12-03 11:08:16,593 [WARN] PackLoader:240 - Cannot read IP mode file for STMicroelectronics.X-CUBE-AZRTOS-H7.3.0.0
2023-12-03 11:08:16,618 [WARN] PackLoader:240 - Cannot read IP mode file for STMicroelectronics.X-CUBE-ISPU.1.1.0
2023-12-03 11:08:16,638 [WARN] PackLoader:240 - Cannot read IP mode file for RoweBots.I-CUBE-UNISONRTOS.5.5.0-4
2023-12-03 11:08:16,649 [WARN] PackLoader:240 - Cannot read IP mode file for STMicroelectronics.X-CUBE-AI.8.0.0
2023-12-03 11:08:16,705 [WARN] ConditionMgr:438 - getConditionDescription Invalid condition id : UX DEVICE CLASS RTOS Condition cause : null
2023-12-03 11:08:16,706 [WARN] ConditionMgr:438 - getConditionDescription Invalid condition id : UX DEVICE CLASS RTOS Condition cause : null
2023-12-03 11:08:16,712 [WARN] PackLoader:240 - Cannot read IP mode file for STMicroelectronics.X-CUBE-AZRTOS-WB.2.0.0
2023-12-03 11:08:16,714 [WARN] ConditionMgr:1039 - genDependencies : Invalid condition id : UX DEVICE CLASS RTOS Condition cause : null
2023-12-03 11:08:16,714 [WARN] ConditionMgr:1039 - genDependencies : Invalid condition id : UX DEVICE CLASS RTOS Condition cause : null
2023-12-03 11:08:16,716 [WARN] ConditionMgr:1039 - genDependencies : Invalid condition id : UX DEVICE CLASS RTOS Condition cause : null
2023-12-03 11:08:16,718 [WARN] ConditionMgr:1039 - genDependencies : Invalid condition id : UX DEVICE CLASS RTOS Condition cause : null
2023-12-03 11:08:16,718 [WARN] ConditionMgr:1039 - genDependencies : Invalid condition id : UX DEVICE CLASS RTOS Condition cause : null
2023-12-03 11:08:16,770 [WARN] PackLoader:240 - Cannot read IP mode file for STMicroelectronics.X-CUBE-FREERTOS.1.0.0
2023-12-03 11:08:16,787 [WARN] PackLoader:240 - Cannot read IP mode file for STMicroelectronics.X-CUBE-FREERTOS.1.0.1
2023-12-03 11:08:16,827 [WARN] PackLoader:240 - Cannot read IP mode file for STMicroelectronics.X-CUBE-AZRTOS-L5.1.1.0
2023-12-03 11:08:16,846 [WARN] PackLoader:240 - Cannot read IP mode file for STMicroelectronics.X-CUBE-AI.8.0.1
2023-12-03 11:08:16,871 [WARN] PackLoader:240 - Cannot read IP mode file for STMicroelectronics.X-CUBE-SUBG2.5.0.0
2023-12-03 11:08:17,019 [WARN] PackLoader:240 - Cannot read IP mode file for STMicroelectronics.X-CUBE-TOF1.3.3.1
2023-12-03 11:08:17,091 [WARN] PackLoader:240 - Cannot read IP mode file for STMicroelectronics.X-CUBE-AZRTOS-G4.2.0.0
2023-12-03 11:08:17,143 [WARN] PackLoader:240 - Cannot read IP mode file for STMicroelectronics.X-CUBE-TOF1.3.3.0
2023-12-03 11:08:17,171 [WARN] PackLoader:240 - Cannot read IP mode file for STMicroelectronics.FP-ATR-ASTRA1.1.1.1
2023-12-03 11:08:17,198 [WARN] PackLoader:240 - Cannot read IP mode file for Infineon.AIROC-Wi-Fi-Bluetooth-STM32.1.5.1
2023-12-03 11:08:17,324 [WARN] PackLoader:240 - Cannot read IP mode file for STMicroelectronics.FP-SNS-MOTENVWB1.1.3.0
2023-12-03 11:08:17,339 [WARN] PackLoader:240 - Cannot read IP mode file for STMicroelectronics.FP-SNS-MOTENVWB1.1.3.1
2023-12-03 11:08:17,458 [WARN] PackLoader:240 - Cannot read IP mode file for STMicroelectronics.X-CUBE-AZRTOS-G4.1.0.0
2023-12-03 11:08:17,534 [WARN] PackLoader:240 - Cannot read IP mode file for STMicroelectronics.X-CUBE-AZRTOS-L4.1.0.0
2023-12-03 11:08:17,791 [INFO] WebApp:753 - Register for checkConnection events
2023-12-03 11:08:17,792 [INFO] WebApp:390 - Apply proxy settings
2023-12-03 11:08:17,793 [INFO] WebApp:475 - Chromium requires no authentication
2023-12-03 11:08:17,936 [WARN] PackLoader:240 - Cannot read IP mode file for STMicroelectronics.X-CUBE-MEMS1.10.0.0
2023-12-03 11:08:17,963 [INFO] WebApp:418 - Direct internet connection detected
2023-12-03 11:08:18,439 [WARN] PackLoader:240 - Cannot read IP mode file for STMicroelectronics.X-CUBE-FREERTOS.1.1.0
2023-12-03 11:08:18,484 [WARN] PackLoader:240 - Cannot read IP mode file for STMicroelectronics.X-CUBE-AZRTOS-WL.1.0.0
2023-12-03 11:08:18,502 [WARN] PackLoader:240 - Cannot read IP mode file for portGmbH.I-Cube-SoM-uGOAL.1.1.0
2023-12-03 11:08:18,513 [WARN] PackLoader:240 - Cannot read IP mode file for STMicroelectronics.X-CUBE-ALS.1.0.1
2023-12-03 11:08:18,545 [WARN] PackLoader:240 - Cannot read IP mode file for STMicroelectronics.X-CUBE-AZRTOS-WB.1.1.0
2023-12-03 11:08:18,556 [WARN] PackLoader:240 - Cannot read IP mode file for STMicroelectronics.FP-ATR-ASTRA1.2.0.0
2023-12-03 11:08:18,577 [WARN] PackLoader:240 - Cannot read IP mode file for STMicroelectronics.X-CUBE-TOF1.3.4.0
2023-12-03 11:08:18,614 [INFO] ThirdParty:978 - Integrity check success = true
2023-12-03 11:08:18,615 [INFO] IntegrityCheckThread:100 - exiting critical section [integrity check]
2023-12-03 11:08:18,615 [INFO] IntegrityCheckThread:103 - End integrity checks thread
2023-12-03 11:08:18,675 [INFO] WebApp:188 - Starting web application
2023-12-03 11:08:18,675 [INFO] WebApp:520 - Web application path used C:\ST\STM32CubeIDE_1.4.0\STM32CubeIDE\plugins\com.st.stm32cube.common.mx_6.9.1.202307191849\db\plugins\mcufinder\reactClient1\index.html
2023-12-03 11:20:13,559 [ERROR] LogOutputStream:75 - [STDERR_REDIRECT] SLF4J: Failed to load class "org.slf4j.impl.StaticLoggerBinder".
2023-12-03 11:20:13,561 [ERROR] LogOutputStream:75 - [STDERR_REDIRECT] SLF4J: Defaulting to no-operation (NOP) logger implementation
2023-12-03 11:20:13,566 [ERROR] LogOutputStream:75 - [STDERR_REDIRECT] SLF4J: See http://www.slf4j.org/codes.html#StaticLoggerBinder for further details.
2023-12-03 11:45:35,340 [INFO] McuFinderGlobals:63 - Set McuFinder mode to 2 (CubeIDE integrated)
2023-12-03 11:45:35,383 [INFO] MainUpdater:2868 - connection check result : 10
2023-12-03 11:45:35,420 [INFO] McuFinderGlobals:76 - Set McuFinderConnectedMode to true
2023-12-03 11:45:36,387 [INFO] ServerAccessManage:473 - Download File mcusAds.json._tmp_
2023-12-03 11:45:36,505 [INFO] LoadUrlFilesThread:156 - End of LoadUrlFiles Thread
2023-12-03 11:45:38,222 [INFO] ServerAccessManage:473 - Download File cube-finder-db.zip
2023-12-03 11:45:41,585 [INFO] FileExtend:240 - Unzip File : cube-finder-db.zip
2023-12-03 11:45:41,586 [INFO] FileExtend:255 - Standard Zip Deflate
2023-12-03 11:45:43,021 [INFO] LoadUrlFilesThread:156 - End of LoadUrlFiles Thread
2023-12-03 11:45:44,364 [INFO] ServerAccessManage:473 - Download File crdb.zip
2023-12-03 11:45:46,391 [INFO] FileExtend:240 - Unzip File : crdb.zip
2023-12-03 11:45:46,392 [INFO] FileExtend:255 - Standard Zip Deflate
2023-12-03 11:45:46,531 [INFO] LoadUrlFilesThread:156 - End of LoadUrlFiles Thread
2023-12-03 11:45:49,847 [INFO] ServerAccessManage:473 - Download File tutoVideoDB.zip
2023-12-03 11:45:49,861 [INFO] FileExtend:240 - Unzip File : tutoVideoDB.zip
2023-12-03 11:45:49,861 [INFO] FileExtend:255 - Standard Zip Deflate
2023-12-03 11:45:49,969 [INFO] LoadUrlFilesThread:156 - End of LoadUrlFiles Thread
2023-12-03 11:45:49,972 [WARN] DbFile:41 - Overriding database path with different value: C:\Users\Minh\.stmcufinder\plugins\mcufinder/ => C:\Users\Minh\.stmcufinder\plugins\mcufinder
2023-12-03 11:45:51,430 [INFO] ServerAccessManage:473 - Download File api_config.json
2023-12-03 11:45:51,540 [INFO] LoadUrlFilesThread:156 - End of LoadUrlFiles Thread
2023-12-03 11:45:51,543 [INFO] DbMcusAds:53 - JSON generation date=Wed Nov 29 19:52:38 JST 2023 (1701255158764)
2023-12-03 11:45:51,632 [INFO] ServerAccessManage:473 - Download File 
2023-12-03 11:45:51,639 [INFO] LoadUrlFilesThread:185 - End of LoadServerUrlFiles without Thread
2023-12-03 11:45:51,640 [INFO] TargetSelectorAdapter:259 - Refresh data is successful
2023-12-03 11:45:51,976 [INFO] ApiDb:581 - Connected to CubeFinder SQLite database (C:\Users\Minh\.stmcufinder\plugins\mcufinder\mcu\cube-finder-db.db)
2023-12-03 11:45:52,125 [INFO] ApiDb:668 - CubeFinder database Data Model version=2.1
2023-12-03 11:45:52,125 [INFO] ApiDb:669 - CubeFinder database Configuration version=3.0.39
2023-12-03 11:45:52,127 [INFO] ApiDb:670 - CubeFinder database generation date=2023-11-06 (1699269565)
2023-12-03 11:45:52,127 [INFO] ApiDb:671 - CubeFinder database FW Pack versions=[FP-ATR-ASTRA1_V2.0.0, FP-SNS-FLIGHT1_V5.0.1, FP-SNS-FLIGHT1_V5.0.2, FP-SNS-MOTENV1_V4.3.1, FP-SNS-MOTENV1_V4.3.2, FP-SNS-MOTENVWB1_V1.3.0, FP-SNS-SMARTAG2_V1.2.0, STM32Cube_FW_C0_V1.1.0, STM32Cube_FW_F4_V1.28.0, STM32Cube_FW_F7_V1.17.0, STM32Cube_FW_G0_V1.6.1, STM32Cube_FW_G4_V1.5.1, STM32Cube_FW_H5_V0.5.1, STM32Cube_FW_H5_V1.1.1, STM32Cube_FW_H5_V1.2.0RC2, STM32Cube_FW_H7_V1.11.0, STM32Cube_FW_L0_V1.12.2, STM32Cube_FW_L5_V1.5.0, STM32Cube_FW_U5_V1.3.0RC4, STM32Cube_FW_U5_V1.4.0, STM32Cube_FW_WBA_V1.0.0RC1, STM32Cube_FW_WBA_V1.1.0RC1, STM32Cube_FW_WBA_V1.2.0, STM32Cube_FW_WBA_V1.2.0RC2, STM32Cube_FW_WB_V1.15.0RC1, STM32Cube_FW_WB_V1.16.0, STM32Cube_FW_WB_V1.16.0RC2, STM32Cube_FW_WB_V1.18.0, STM32Cube_FW_WL_V1.3.0, X-CUBE-ALGOBUILD_V1.3.0, X-CUBE-ALS_V1.0.1, X-CUBE-AZRTOS-F4_V1.1.0, X-CUBE-AZRTOS-F7_V1.1.0, X-CUBE-AZRTOS-G0_V1.1.0, X-CUBE-AZRTOS-G4_V2.0.0, X-CUBE-AZRTOS-H7_V3.1.0, X-CUBE-AZRTOS-L4_V1.0.0, X-CUBE-AZRTOS-L4_V2.0.0, X-CUBE-AZRTOS-L5_V1.1.0, X-CUBE-AZRTOS-WB_V2.0.0, X-CUBE-AZRTOS-WL_V2.0.0, X-CUBE-BLE1_V7.0.0, X-CUBE-BLE2_V3.3.0, X-CUBE-BLEMGR_V2.0.0, X-CUBE-EEPRMA1_V4.1.0, X-CUBE-EEPRMA1_V4.2.0, X-CUBE-FREERTOS_V1.1.0, X-CUBE-GNSS1_V6.0.0, X-CUBE-MEMS1_V10.0.0, X-CUBE-MEMS1_V9.1.0, X-CUBE-MEMS1_V9.4.0, X-CUBE-MEMS1_V9.6.0, X-CUBE-NFC4_V3.0.0, X-CUBE-NFC7_V1.0.1, X-CUBE-SFXS2LP1_V4.0.0, X-CUBE-SUBG2_V5.0.0, X-CUBE-TOF1_V3.3.1]
2023-12-03 11:45:56,097 [INFO] ApiDb:240 - Found 323 in-development CPN: [B-G473E-ZEST1S, B-WB1M-WPAN1, B-WL5M-SUBG1, NUCLEO-C031C6, NUCLEO-H503RB, NUCLEO-H563ZI, NUCLEO-U545RE-Q, NUCLEO-U5A5ZJ-Q, NUCLEO-WBA52CG, STEVAL-PROTEUS1, STEVAL-SMARTAG2, STEVAL-STWINBX1, STM320518-EVAL, STM32C0116-DK, STM32C011D6Y3TR, STM32C011D6Y6TR, STM32C011F4P3, STM32C011F4P6, STM32C011F4U3, STM32C011F4U6TR, STM32C011F6P3, STM32C011F6P6, STM32C011F6U3, STM32C011F6U6TR, STM32C011J4M3, STM32C011J4M6, STM32C011J6M3, STM32C011J6M6, STM32C0316-DK, STM32C031C4T3, STM32C031C4T6, STM32C031C4U3, STM32C031C4U6, STM32C031C6T3, STM32C031C6T6, STM32C031C6U3, STM32C031C6U6, STM32C031F4P3, STM32C031F4P6, STM32C031F6P3, STM32C031F6P6, STM32C031G4U3, STM32C031G4U6, STM32C031G6U3, STM32C031G6U6, STM32C031K4T3, STM32C031K4T6, STM32C031K4U3, STM32C031K4U6, STM32C031K6T3, STM32C031K6T6, STM32C031K6U3, STM32C031K6U6, STM32G071K8TXN, STM32G071K8UXN, STM32G081GBU6N, STM32G081KBT6N, STM32G081KBUXN, STM32G0B1CCT6N, STM32G0B1KCT6, STM32G0B1NEY6TR, STM32G0B1RCT6N, STM32G0C1CCT6, STM32G0C1CCT6N, STM32G0C1CCU6N, STM32G0C1CET6N, STM32G0C1CEU6N, STM32G0C1KCT6, STM32G0C1NEY6TR, STM32G0C1RCI6N, STM32G0C1RCT6N, STM32G0C1REI6N, STM32G0C1RET6N, STM32G0C1VCI6, STM32G0C1VEI6, STM32G471CCT6, STM32G471CCU6, STM32G471CET3, STM32G471CET6, STM32G471CEU3, STM32G471CEU6, STM32G471MCT6, STM32G471MET3, STM32G471MET6, STM32G471MEY6TR, STM32G471QCT6, STM32G471QET3, STM32G471RCT6, STM32G471RET3, STM32G471RET6, STM32G471VCH6, STM32G471VCI6, STM32G471VCT6, STM32G471VEH3, STM32G471VEH6, STM32G471VEI3, STM32G471VEI6, STM32G471VET3, STM32G471VET6, STM32G474CCT6, STM32H503CBT6, STM32H503CBU6, STM32H503EBY6TR, STM32H503KBU6, STM32H503RBT6, STM32H562AGI6, STM32H562AII6, STM32H562IGK6, STM32H562IGT6, STM32H562IIK6, STM32H562IIT6, STM32H562RGT6, STM32H562RGV6, STM32H562RIT6, STM32H562RIV6, STM32H562VGT6, STM32H562VIT6, STM32H562ZGT6, STM32H562ZIT6, STM32H563AGI6, STM32H563AII3Q, STM32H563AII6, STM32H563IGK6, STM32H563IGT6, STM32H563IIK3Q, STM32H563IIK6, STM32H563IIT3Q, STM32H563IIT6, STM32H563MIY3QTR, STM32H563RGT6, STM32H563RGV6, STM32H563RIT6, STM32H563RIV6, STM32H563VGT6, STM32H563VIT3Q, STM32H563VIT6, STM32H563ZGT6, STM32H563ZIT3Q, STM32H563ZIT6, STM32H573AII3Q, STM32H573AII6, STM32H573I-DK, STM32H573IIK3Q, STM32H573IIK6, STM32H573IIT3Q, STM32H573IIT6, STM32H573MIY3QTR, STM32H573RIT6, STM32H573RIV6, STM32H573VIT3Q, STM32H573VIT6, STM32H573ZIT3Q, STM32H573ZIT6, STM32L4R5QGI6STR, STM32MP131AAE3, STM32MP131AAF3, STM32MP131AAG3, STM32MP131CAE3, STM32MP131CAF3, STM32MP131CAG3, STM32MP131DAE7, STM32MP131DAF7, STM32MP131DAG7, STM32MP131FAE7, STM32MP131FAF7, STM32MP131FAG7, STM32MP133AAE3, STM32MP133AAF3, STM32MP133AAG3, STM32MP133CAE3, STM32MP133CAF3, STM32MP133CAG3, STM32MP133DAE7, STM32MP133DAF7, STM32MP133DAG7, STM32MP133FAE7, STM32MP133FAF7, STM32MP133FAG7, STM32MP135AAE3, STM32MP135AAF3, STM32MP135AAG3, STM32MP135CAE3, STM32MP135CAF3, STM32MP135CAG3, STM32MP135DAE7, STM32MP135DAF7, STM32MP135DAG7, STM32MP135F-DK, STM32MP135FAE7, STM32MP135FAF7, STM32MP135FAF7T, STM32MP135FAF7U, STM32MP135FAG7, STM32U535CBT6, STM32U535CBT6Q, STM32U535CBU6, STM32U535CBU6Q, STM32U535CCT6, STM32U535CCT6Q, STM32U535CCU6, STM32U535CCU6Q, STM32U535CET6, STM32U535CET6Q, STM32U535CEU6, STM32U535CEU6Q, STM32U535JEY6QTR, STM32U535NCY6QTR, STM32U535NEY6QTR, STM32U535RBI6, STM32U535RBI6Q, STM32U535RBT6, STM32U535RBT6Q, STM32U535RCI6, STM32U535RCI6Q, STM32U535RCT6, STM32U535RCT6Q, STM32U535REI6, STM32U535REI6Q, STM32U535RET6, STM32U535RET6Q, STM32U535VCI6, STM32U535VCI6Q, STM32U535VCT6, STM32U535VCT6Q, STM32U535VEI6, STM32U535VEI6Q, STM32U535VET6, STM32U535VET6Q, STM32U545CET6, STM32U545CET6Q, STM32U545CEU6, STM32U545CEU6Q, STM32U545JEY6QTR, STM32U545NEY6QTR, STM32U545REI6, STM32U545REI6Q, STM32U545RET6, STM32U545RET6Q, STM32U545VEI6, STM32U545VEI6Q, STM32U545VET6, STM32U545VET6Q, STM32U595AIH6, STM32U595AIH6Q, STM32U595AJH6, STM32U595AJH6Q, STM32U595QII6, STM32U595QII6Q, STM32U595QJI6, STM32U595QJI6Q, STM32U595RIT6, STM32U595RIT6Q, STM32U595RJT6, STM32U595RJT6Q, STM32U595VIT6, STM32U595VIT6Q, STM32U595VJT6, STM32U595VJT6Q, STM32U595ZIT6, STM32U595ZIT6Q, STM32U595ZIY6QTR, STM32U595ZJT6, STM32U595ZJT6Q, STM32U595ZJY6QTR, STM32U599BJY6QTR, STM32U599NIH6Q, STM32U599NJH6Q, STM32U599VIT6Q, STM32U599VJT6, STM32U599VJT6Q, STM32U599ZIT6Q, STM32U599ZIY6QTR, STM32U599ZJT6Q, STM32U599ZJY6QTR, STM32U5A5AJH6, STM32U5A5AJH6Q, STM32U5A5QJI6, STM32U5A5QJI6Q, STM32U5A5RJT6, STM32U5A5RJT6Q, STM32U5A5VJT6, STM32U5A5VJT6Q, STM32U5A5ZJT6, STM32U5A5ZJT6Q, STM32U5A5ZJY6QTR, STM32U5A9BJY6QTR, STM32U5A9J-DK, STM32U5A9NJH6Q, STM32U5A9VJT6Q, STM32U5A9ZJT6Q, STM32U5A9ZJY6QTR, STM32U5F7VIT6, STM32U5F7VIT6Q, STM32U5F7VJT6, STM32U5F7VJT6Q, STM32U5F9BJY6QTR, STM32U5F9NJH6Q, STM32U5F9VIT6Q, STM32U5F9VJT6Q, STM32U5F9ZIJ6QTR, STM32U5F9ZIT6Q, STM32U5F9ZJJ6QTR, STM32U5F9ZJT6Q, STM32U5G7VJT6, STM32U5G7VJT6Q, STM32U5G9BJY6QTR, STM32U5G9J-DK1, STM32U5G9J-DK2, STM32U5G9NJH6Q, STM32U5G9VJT6Q, STM32U5G9ZJJ6QTR, STM32U5G9ZJT6Q, STM32WB1MMCH6, STM32WBA52CEU6, STM32WBA52CEU6T, STM32WBA52CGU6, STM32WBA52CGU6T, STM32WBA52KEU6, STM32WBA52KEU6T, STM32WBA52KGU6, STM32WBA52KGU6T, STM32WL5MOCH6, STM32WL5MOCH6TR]
2023-12-03 11:45:56,109 [INFO] DbMcus:217 - Found 3882 MCUs, 3882 are supported
2023-12-03 11:45:56,114 [INFO] ApiDb:423 - Load user favorites file C:\Users\Minh/.stm32cubeide/favorites.mcus.txt: 0 item(s)
2023-12-03 11:45:56,114 [INFO] ApiDb:427 - User favorites MCUs=[]
2023-12-03 11:45:56,115 [INFO] DbMcus:223 - Set 0 / 0 favorites MCUs
2023-12-03 11:45:56,608 [INFO] ApiDb:668 - CubeFinder database Data Model version=2.1
2023-12-03 11:45:56,608 [INFO] ApiDb:669 - CubeFinder database Configuration version=3.0.39
2023-12-03 11:45:56,609 [INFO] ApiDb:670 - CubeFinder database generation date=2023-11-06 (1699269565)
2023-12-03 11:45:56,609 [INFO] ApiDb:671 - CubeFinder database FW Pack versions=[FP-ATR-ASTRA1_V2.0.0, FP-SNS-FLIGHT1_V5.0.1, FP-SNS-FLIGHT1_V5.0.2, FP-SNS-MOTENV1_V4.3.1, FP-SNS-MOTENV1_V4.3.2, FP-SNS-MOTENVWB1_V1.3.0, FP-SNS-SMARTAG2_V1.2.0, STM32Cube_FW_C0_V1.1.0, STM32Cube_FW_F4_V1.28.0, STM32Cube_FW_F7_V1.17.0, STM32Cube_FW_G0_V1.6.1, STM32Cube_FW_G4_V1.5.1, STM32Cube_FW_H5_V0.5.1, STM32Cube_FW_H5_V1.1.1, STM32Cube_FW_H5_V1.2.0RC2, STM32Cube_FW_H7_V1.11.0, STM32Cube_FW_L0_V1.12.2, STM32Cube_FW_L5_V1.5.0, STM32Cube_FW_U5_V1.3.0RC4, STM32Cube_FW_U5_V1.4.0, STM32Cube_FW_WBA_V1.0.0RC1, STM32Cube_FW_WBA_V1.1.0RC1, STM32Cube_FW_WBA_V1.2.0, STM32Cube_FW_WBA_V1.2.0RC2, STM32Cube_FW_WB_V1.15.0RC1, STM32Cube_FW_WB_V1.16.0, STM32Cube_FW_WB_V1.16.0RC2, STM32Cube_FW_WB_V1.18.0, STM32Cube_FW_WL_V1.3.0, X-CUBE-ALGOBUILD_V1.3.0, X-CUBE-ALS_V1.0.1, X-CUBE-AZRTOS-F4_V1.1.0, X-CUBE-AZRTOS-F7_V1.1.0, X-CUBE-AZRTOS-G0_V1.1.0, X-CUBE-AZRTOS-G4_V2.0.0, X-CUBE-AZRTOS-H7_V3.1.0, X-CUBE-AZRTOS-L4_V1.0.0, X-CUBE-AZRTOS-L4_V2.0.0, X-CUBE-AZRTOS-L5_V1.1.0, X-CUBE-AZRTOS-WB_V2.0.0, X-CUBE-AZRTOS-WL_V2.0.0, X-CUBE-BLE1_V7.0.0, X-CUBE-BLE2_V3.3.0, X-CUBE-BLEMGR_V2.0.0, X-CUBE-EEPRMA1_V4.1.0, X-CUBE-EEPRMA1_V4.2.0, X-CUBE-FREERTOS_V1.1.0, X-CUBE-GNSS1_V6.0.0, X-CUBE-MEMS1_V10.0.0, X-CUBE-MEMS1_V9.1.0, X-CUBE-MEMS1_V9.4.0, X-CUBE-MEMS1_V9.6.0, X-CUBE-NFC4_V3.0.0, X-CUBE-NFC7_V1.0.1, X-CUBE-SFXS2LP1_V4.0.0, X-CUBE-SUBG2_V5.0.0, X-CUBE-TOF1_V3.3.1]
2023-12-03 11:45:56,722 [INFO] DbBoardsSqlite:226 - include board P-NUCLEO-WB55-NUCLEO as a kit item of type 'Nucleo-64'
2023-12-03 11:45:56,722 [INFO] DbBoardsSqlite:226 - include board P-NUCLEO-WB55-USBDONGLE as a kit item of type 'Nucleo USB Dongle'
2023-12-03 11:45:56,723 [INFO] DbBoardsSqlite:226 - include board STEVAL-IDP005V1 as a kit item of type 'Evaluation Board'
2023-12-03 11:45:56,723 [INFO] DbBoardsSqlite:226 - include board STEVAL-IDP005V2 as a kit item of type 'Evaluation Board'
2023-12-03 11:45:56,836 [INFO] ApiDb:240 - Found 323 in-development CPN: [B-G473E-ZEST1S, B-WB1M-WPAN1, B-WL5M-SUBG1, NUCLEO-C031C6, NUCLEO-H503RB, NUCLEO-H563ZI, NUCLEO-U545RE-Q, NUCLEO-U5A5ZJ-Q, NUCLEO-WBA52CG, STEVAL-PROTEUS1, STEVAL-SMARTAG2, STEVAL-STWINBX1, STM320518-EVAL, STM32C0116-DK, STM32C011D6Y3TR, STM32C011D6Y6TR, STM32C011F4P3, STM32C011F4P6, STM32C011F4U3, STM32C011F4U6TR, STM32C011F6P3, STM32C011F6P6, STM32C011F6U3, STM32C011F6U6TR, STM32C011J4M3, STM32C011J4M6, STM32C011J6M3, STM32C011J6M6, STM32C0316-DK, STM32C031C4T3, STM32C031C4T6, STM32C031C4U3, STM32C031C4U6, STM32C031C6T3, STM32C031C6T6, STM32C031C6U3, STM32C031C6U6, STM32C031F4P3, STM32C031F4P6, STM32C031F6P3, STM32C031F6P6, STM32C031G4U3, STM32C031G4U6, STM32C031G6U3, STM32C031G6U6, STM32C031K4T3, STM32C031K4T6, STM32C031K4U3, STM32C031K4U6, STM32C031K6T3, STM32C031K6T6, STM32C031K6U3, STM32C031K6U6, STM32G071K8TXN, STM32G071K8UXN, STM32G081GBU6N, STM32G081KBT6N, STM32G081KBUXN, STM32G0B1CCT6N, STM32G0B1KCT6, STM32G0B1NEY6TR, STM32G0B1RCT6N, STM32G0C1CCT6, STM32G0C1CCT6N, STM32G0C1CCU6N, STM32G0C1CET6N, STM32G0C1CEU6N, STM32G0C1KCT6, STM32G0C1NEY6TR, STM32G0C1RCI6N, STM32G0C1RCT6N, STM32G0C1REI6N, STM32G0C1RET6N, STM32G0C1VCI6, STM32G0C1VEI6, STM32G471CCT6, STM32G471CCU6, STM32G471CET3, STM32G471CET6, STM32G471CEU3, STM32G471CEU6, STM32G471MCT6, STM32G471MET3, STM32G471MET6, STM32G471MEY6TR, STM32G471QCT6, STM32G471QET3, STM32G471RCT6, STM32G471RET3, STM32G471RET6, STM32G471VCH6, STM32G471VCI6, STM32G471VCT6, STM32G471VEH3, STM32G471VEH6, STM32G471VEI3, STM32G471VEI6, STM32G471VET3, STM32G471VET6, STM32G474CCT6, STM32H503CBT6, STM32H503CBU6, STM32H503EBY6TR, STM32H503KBU6, STM32H503RBT6, STM32H562AGI6, STM32H562AII6, STM32H562IGK6, STM32H562IGT6, STM32H562IIK6, STM32H562IIT6, STM32H562RGT6, STM32H562RGV6, STM32H562RIT6, STM32H562RIV6, STM32H562VGT6, STM32H562VIT6, STM32H562ZGT6, STM32H562ZIT6, STM32H563AGI6, STM32H563AII3Q, STM32H563AII6, STM32H563IGK6, STM32H563IGT6, STM32H563IIK3Q, STM32H563IIK6, STM32H563IIT3Q, STM32H563IIT6, STM32H563MIY3QTR, STM32H563RGT6, STM32H563RGV6, STM32H563RIT6, STM32H563RIV6, STM32H563VGT6, STM32H563VIT3Q, STM32H563VIT6, STM32H563ZGT6, STM32H563ZIT3Q, STM32H563ZIT6, STM32H573AII3Q, STM32H573AII6, STM32H573I-DK, STM32H573IIK3Q, STM32H573IIK6, STM32H573IIT3Q, STM32H573IIT6, STM32H573MIY3QTR, STM32H573RIT6, STM32H573RIV6, STM32H573VIT3Q, STM32H573VIT6, STM32H573ZIT3Q, STM32H573ZIT6, STM32L4R5QGI6STR, STM32MP131AAE3, STM32MP131AAF3, STM32MP131AAG3, STM32MP131CAE3, STM32MP131CAF3, STM32MP131CAG3, STM32MP131DAE7, STM32MP131DAF7, STM32MP131DAG7, STM32MP131FAE7, STM32MP131FAF7, STM32MP131FAG7, STM32MP133AAE3, STM32MP133AAF3, STM32MP133AAG3, STM32MP133CAE3, STM32MP133CAF3, STM32MP133CAG3, STM32MP133DAE7, STM32MP133DAF7, STM32MP133DAG7, STM32MP133FAE7, STM32MP133FAF7, STM32MP133FAG7, STM32MP135AAE3, STM32MP135AAF3, STM32MP135AAG3, STM32MP135CAE3, STM32MP135CAF3, STM32MP135CAG3, STM32MP135DAE7, STM32MP135DAF7, STM32MP135DAG7, STM32MP135F-DK, STM32MP135FAE7, STM32MP135FAF7, STM32MP135FAF7T, STM32MP135FAF7U, STM32MP135FAG7, STM32U535CBT6, STM32U535CBT6Q, STM32U535CBU6, STM32U535CBU6Q, STM32U535CCT6, STM32U535CCT6Q, STM32U535CCU6, STM32U535CCU6Q, STM32U535CET6, STM32U535CET6Q, STM32U535CEU6, STM32U535CEU6Q, STM32U535JEY6QTR, STM32U535NCY6QTR, STM32U535NEY6QTR, STM32U535RBI6, STM32U535RBI6Q, STM32U535RBT6, STM32U535RBT6Q, STM32U535RCI6, STM32U535RCI6Q, STM32U535RCT6, STM32U535RCT6Q, STM32U535REI6, STM32U535REI6Q, STM32U535RET6, STM32U535RET6Q, STM32U535VCI6, STM32U535VCI6Q, STM32U535VCT6, STM32U535VCT6Q, STM32U535VEI6, STM32U535VEI6Q, STM32U535VET6, STM32U535VET6Q, STM32U545CET6, STM32U545CET6Q, STM32U545CEU6, STM32U545CEU6Q, STM32U545JEY6QTR, STM32U545NEY6QTR, STM32U545REI6, STM32U545REI6Q, STM32U545RET6, STM32U545RET6Q, STM32U545VEI6, STM32U545VEI6Q, STM32U545VET6, STM32U545VET6Q, STM32U595AIH6, STM32U595AIH6Q, STM32U595AJH6, STM32U595AJH6Q, STM32U595QII6, STM32U595QII6Q, STM32U595QJI6, STM32U595QJI6Q, STM32U595RIT6, STM32U595RIT6Q, STM32U595RJT6, STM32U595RJT6Q, STM32U595VIT6, STM32U595VIT6Q, STM32U595VJT6, STM32U595VJT6Q, STM32U595ZIT6, STM32U595ZIT6Q, STM32U595ZIY6QTR, STM32U595ZJT6, STM32U595ZJT6Q, STM32U595ZJY6QTR, STM32U599BJY6QTR, STM32U599NIH6Q, STM32U599NJH6Q, STM32U599VIT6Q, STM32U599VJT6, STM32U599VJT6Q, STM32U599ZIT6Q, STM32U599ZIY6QTR, STM32U599ZJT6Q, STM32U599ZJY6QTR, STM32U5A5AJH6, STM32U5A5AJH6Q, STM32U5A5QJI6, STM32U5A5QJI6Q, STM32U5A5RJT6, STM32U5A5RJT6Q, STM32U5A5VJT6, STM32U5A5VJT6Q, STM32U5A5ZJT6, STM32U5A5ZJT6Q, STM32U5A5ZJY6QTR, STM32U5A9BJY6QTR, STM32U5A9J-DK, STM32U5A9NJH6Q, STM32U5A9VJT6Q, STM32U5A9ZJT6Q, STM32U5A9ZJY6QTR, STM32U5F7VIT6, STM32U5F7VIT6Q, STM32U5F7VJT6, STM32U5F7VJT6Q, STM32U5F9BJY6QTR, STM32U5F9NJH6Q, STM32U5F9VIT6Q, STM32U5F9VJT6Q, STM32U5F9ZIJ6QTR, STM32U5F9ZIT6Q, STM32U5F9ZJJ6QTR, STM32U5F9ZJT6Q, STM32U5G7VJT6, STM32U5G7VJT6Q, STM32U5G9BJY6QTR, STM32U5G9J-DK1, STM32U5G9J-DK2, STM32U5G9NJH6Q, STM32U5G9VJT6Q, STM32U5G9ZJJ6QTR, STM32U5G9ZJT6Q, STM32WB1MMCH6, STM32WBA52CEU6, STM32WBA52CEU6T, STM32WBA52CGU6, STM32WBA52CGU6T, STM32WBA52KEU6, STM32WBA52KEU6T, STM32WBA52KGU6, STM32WBA52KGU6T, STM32WL5MOCH6, STM32WL5MOCH6TR]
2023-12-03 11:45:57,096 [INFO] BoardInfo:880 - No configuration file found for board P-NUCLEO-WB55
2023-12-03 11:45:57,096 [INFO] DbBoards:157 - Kit is not supported: P-NUCLEO-WB55
2023-12-03 11:45:57,107 [INFO] BoardInfo:880 - No configuration file found for board STEVAL-BFA001V1B
2023-12-03 11:45:57,107 [INFO] DbBoards:157 - Kit is not supported: STEVAL-BFA001V1B
2023-12-03 11:45:57,111 [INFO] BoardInfo:880 - No configuration file found for board STEVAL-BFA001V2B
2023-12-03 11:45:57,111 [INFO] DbBoards:157 - Kit is not supported: STEVAL-BFA001V2B
2023-12-03 11:45:57,117 [INFO] BoardInfo:880 - No configuration file found for board STEVAL-MKBOXPRO
2023-12-03 11:45:57,117 [INFO] DbBoards:157 - Board is not supported: STEVAL-MKBOXPRO
2023-12-03 11:45:57,371 [INFO] DbBoards:161 - Found 191 boards, 187 are supported
2023-12-03 11:45:57,379 [INFO] ApiDb:423 - Load user favorites file C:\Users\Minh/.stm32cubeide/favorites.boards.txt: 1 item(s)
2023-12-03 11:45:57,379 [INFO] ApiDb:427 - User favorites Boards=[STM32F407G-DISC1]
2023-12-03 11:45:57,380 [INFO] DbBoards:190 - Set 1 / 1 favorites Boards
2023-12-03 11:45:57,384 [INFO] ApiDb:668 - CubeFinder database Data Model version=2.1
2023-12-03 11:45:57,384 [INFO] ApiDb:669 - CubeFinder database Configuration version=3.0.39
2023-12-03 11:45:57,384 [INFO] ApiDb:670 - CubeFinder database generation date=2023-11-06 (1699269565)
2023-12-03 11:45:57,384 [INFO] ApiDb:671 - CubeFinder database FW Pack versions=[FP-ATR-ASTRA1_V2.0.0, FP-SNS-FLIGHT1_V5.0.1, FP-SNS-FLIGHT1_V5.0.2, FP-SNS-MOTENV1_V4.3.1, FP-SNS-MOTENV1_V4.3.2, FP-SNS-MOTENVWB1_V1.3.0, FP-SNS-SMARTAG2_V1.2.0, STM32Cube_FW_C0_V1.1.0, STM32Cube_FW_F4_V1.28.0, STM32Cube_FW_F7_V1.17.0, STM32Cube_FW_G0_V1.6.1, STM32Cube_FW_G4_V1.5.1, STM32Cube_FW_H5_V0.5.1, STM32Cube_FW_H5_V1.1.1, STM32Cube_FW_H5_V1.2.0RC2, STM32Cube_FW_H7_V1.11.0, STM32Cube_FW_L0_V1.12.2, STM32Cube_FW_L5_V1.5.0, STM32Cube_FW_U5_V1.3.0RC4, STM32Cube_FW_U5_V1.4.0, STM32Cube_FW_WBA_V1.0.0RC1, STM32Cube_FW_WBA_V1.1.0RC1, STM32Cube_FW_WBA_V1.2.0, STM32Cube_FW_WBA_V1.2.0RC2, STM32Cube_FW_WB_V1.15.0RC1, STM32Cube_FW_WB_V1.16.0, STM32Cube_FW_WB_V1.16.0RC2, STM32Cube_FW_WB_V1.18.0, STM32Cube_FW_WL_V1.3.0, X-CUBE-ALGOBUILD_V1.3.0, X-CUBE-ALS_V1.0.1, X-CUBE-AZRTOS-F4_V1.1.0, X-CUBE-AZRTOS-F7_V1.1.0, X-CUBE-AZRTOS-G0_V1.1.0, X-CUBE-AZRTOS-G4_V2.0.0, X-CUBE-AZRTOS-H7_V3.1.0, X-CUBE-AZRTOS-L4_V1.0.0, X-CUBE-AZRTOS-L4_V2.0.0, X-CUBE-AZRTOS-L5_V1.1.0, X-CUBE-AZRTOS-WB_V2.0.0, X-CUBE-AZRTOS-WL_V2.0.0, X-CUBE-BLE1_V7.0.0, X-CUBE-BLE2_V3.3.0, X-CUBE-BLEMGR_V2.0.0, X-CUBE-EEPRMA1_V4.1.0, X-CUBE-EEPRMA1_V4.2.0, X-CUBE-FREERTOS_V1.1.0, X-CUBE-GNSS1_V6.0.0, X-CUBE-MEMS1_V10.0.0, X-CUBE-MEMS1_V9.1.0, X-CUBE-MEMS1_V9.4.0, X-CUBE-MEMS1_V9.6.0, X-CUBE-NFC4_V3.0.0, X-CUBE-NFC7_V1.0.1, X-CUBE-SFXS2LP1_V4.0.0, X-CUBE-SUBG2_V5.0.0, X-CUBE-TOF1_V3.3.1]
2023-12-03 11:45:59,597 [ERROR] DbExamplesSqlite:437 - Missing JSON key: board_cpn
2023-12-03 11:45:59,598 [ERROR] DbExamplesSqlite:437 - Missing JSON key: board_cpn
2023-12-03 11:45:59,598 [ERROR] DbExamplesSqlite:437 - Missing JSON key: board_cpn
2023-12-03 11:45:59,599 [ERROR] DbExamplesSqlite:437 - Missing JSON key: board_cpn
2023-12-03 11:45:59,725 [INFO] DbExamplesSqlite:395 - Ignored 55 examples not supported by CubeIDE
2023-12-03 11:45:59,727 [INFO] DbExamplesSqlite:396 - Found 7548 examples active
2023-12-03 11:45:59,728 [INFO] DbExamplesSqlite:397 - Found 848 examples obsolete
2023-12-03 11:45:59,728 [INFO] DbExamplesSqlite:398 - Found 0 examples under development
2023-12-03 11:45:59,728 [INFO] DbExamplesSqlite:399 - Found 8 examples not building
2023-12-03 11:45:59,732 [INFO] DbExamples:125 - Found 7501 examples
2023-12-03 11:46:00,025 [ERROR] DbExamples:208 - Found 247 examples with invalid data (board or MCU)
2023-12-03 11:46:00,025 [INFO] DbExamples:222 - Found 93 boards with related examples
2023-12-03 11:46:00,027 [INFO] DbExamples:235 - Found 79 MCUs with related examples
2023-12-03 11:46:00,076 [INFO] ApiDb:423 - Load user favorites file C:\Users\Minh/.stm32cubeide/favorites.examples.txt: 0 item(s)
2023-12-03 11:46:00,077 [INFO] ApiDb:427 - User favorites Examples=[]
2023-12-03 11:46:00,077 [INFO] DbExamples:250 - Set 0 / 0 favorites Examples
2023-12-03 11:46:00,930 [INFO] McuFinderGlobals:76 - Set McuFinderConnectedMode to true
2023-12-03 11:46:00,947 [INFO] MultiScanPanel:200 - Auto-refresh data requested => check proxy status ongoing
2023-12-03 11:46:00,956 [INFO] FinderPluginLoader:95 - Searching for filters in installed packs
2023-12-03 11:46:04,449 [INFO] LoadUrlFilesThread:185 - End of LoadServerUrlFiles without Thread
2023-12-03 11:46:04,501 [INFO] DetailPanel:341 - Set advertising image to C:/Users/Minh/STM32Cube/Repository/\en.prom-stm32wl3-mcu-finder.jpg
2023-12-03 11:47:10,973 [INFO] MultiScanPanel:200 - Auto-refresh data requested => check proxy status ongoing
2023-12-03 11:47:11,227 [INFO] LoadUrlFilesThread:185 - End of LoadServerUrlFiles without Thread
2023-12-03 11:47:11,227 [INFO] DetailPanel:341 - Set advertising image to C:/Users/Minh/STM32Cube/Repository/\en.prom-stm32wl3-mcu-finder.jpg
2023-12-03 11:47:11,249 [INFO] DbBoards:634 - Loading board mini-images...
2023-12-03 11:47:16,024 [INFO] DbBoards:657 - Loaded 191 board mini-images
2023-12-03 11:48:51,249 [INFO] McuFinderGlobals:76 - Set McuFinderConnectedMode to true
2023-12-03 11:48:51,259 [INFO] ApiDb:448 - Save user favorites file C:\Users\Minh/.stm32cubeide/favorites.mcus.txt: 0 item(s)
2023-12-03 11:48:51,260 [INFO] ApiDb:452 - User favorites MCUs=[]
2023-12-03 11:48:51,264 [INFO] ApiDb:448 - Save user favorites file C:\Users\Minh/.stm32cubeide/favorites.boards.txt: 1 item(s)
2023-12-03 11:48:51,264 [INFO] ApiDb:452 - User favorites Boards=[STM32F407G-DISC1]
2023-12-03 23:56:00,496 [ERROR] LogOutputStream:75 - [STDERR_REDIRECT] 
