2023-12-07 11:02:52,659 [INFO] Activator:176 - 


2023-12-07 11:02:52,676 [INFO] Activator:177 - !SESSION log4j initialized
2023-12-07 11:03:10,423 [INFO] LogOutputStream:77 - [STDOUT_REDIRECT] 
2023-12-07 11:03:19,491 [INFO] ApplicationProperties:184 - Using Application install path: C:\ST\STM32CubeIDE_1.4.0\STM32CubeIDE\plugins\com.st.stm32cube.common.mx_6.9.1.202307191849
2023-12-07 11:03:19,534 [INFO] DbMcusXml:78 - Set database path to: C:\ST\STM32CubeIDE_1.4.0\STM32CubeIDE\plugins\com.st.stm32cube.common.mx_6.9.1.202307191849\\db\/mcu/
2023-12-07 11:03:19,534 [INFO] ApiDb:274 - Set plugin database path to: C:\ST\STM32CubeIDE_1.4.0\STM32CubeIDE\plugins\com.st.stm32cube.common.mx_6.9.1.202307191849\\db\/plugins/boardmanager/
2023-12-07 11:03:19,536 [WARN] ApiDb:259 - Overriding images path with different value:  => C:\ST\STM32CubeIDE_1.4.0\STM32CubeIDE\plugins\com.st.stm32cube.common.mx_6.9.1.202307191849\\db\/plugins/mcufinder/images/
2023-12-07 11:03:19,566 [INFO] ApiDb:250 - Set database path to: C:\Users\Minh\.stmcufinder\plugins\mcufinder//mcu/
2023-12-07 11:03:19,569 [INFO] DbMcusAds:125 - Set database path to: C:\Users\Minh\.stmcufinder\plugins\mcufinder//mcu/
2023-12-07 11:03:19,573 [INFO] CrossReferenceDbSqlite:203 - Set database path to: C:\Users\Minh\.stmcufinder\plugins\mcufinder//mcu/cs/
2023-12-07 11:03:19,895 [INFO] RulesReader:64 - Compatibility file has been processed (293 Rules)
2023-12-07 11:03:20,106 [INFO] DbMcusXml:78 - Set database path to: C:\ST\STM32CubeIDE_1.4.0\STM32CubeIDE\plugins\com.st.stm32cube.common.mx_6.9.1.202307191849\\db\/mcu/
2023-12-07 11:03:20,106 [INFO] ApiDb:274 - Set plugin database path to: C:\ST\STM32CubeIDE_1.4.0\STM32CubeIDE\plugins\com.st.stm32cube.common.mx_6.9.1.202307191849\\db\/plugins/boardmanager/
2023-12-07 11:03:20,106 [INFO] ApiDb:261 - Set plugin images path to: C:\ST\STM32CubeIDE_1.4.0\STM32CubeIDE\plugins\com.st.stm32cube.common.mx_6.9.1.202307191849\\db\/plugins/mcufinder/images/
2023-12-07 11:03:20,107 [WARN] DbFile:41 - Overriding database path with different value: C:\Users\Minh\.stmcufinder\plugins\mcufinder/ => C:\Users\Minh\.stmcufinder\plugins\mcufinder
2023-12-07 11:03:20,108 [INFO] ApiDb:250 - Set database path to: C:\Users\Minh\.stmcufinder\plugins\mcufinder//mcu/
2023-12-07 11:03:20,108 [WARN] DbFile:41 - Overriding database path with different value: C:\Users\Minh\.stmcufinder\plugins\mcufinder/ => C:\Users\Minh\.stmcufinder\plugins\mcufinder
2023-12-07 11:03:20,108 [INFO] DbMcusAds:125 - Set database path to: C:\Users\Minh\.stmcufinder\plugins\mcufinder//mcu/
2023-12-07 11:03:20,108 [WARN] DbFile:41 - Overriding database path with different value: C:\Users\Minh\.stmcufinder\plugins\mcufinder/ => C:\Users\Minh\.stmcufinder\plugins\mcufinder
2023-12-07 11:03:20,109 [WARN] DbFile:41 - Overriding database path with different value: C:\Users\Minh\.stmcufinder\plugins\mcufinder/ => C:\Users\Minh\.stmcufinder\plugins\mcufinder
2023-12-07 11:03:20,109 [INFO] CrossReferenceDbSqlite:203 - Set database path to: C:\Users\Minh\.stmcufinder\plugins\mcufinder//mcu/cs/
2023-12-07 11:03:20,294 [INFO] MainPanel:262 - HeapMemory: 268435456
2023-12-07 11:03:20,517 [INFO] DbMcusXml:78 - Set database path to: C:\ST\STM32CubeIDE_1.4.0\STM32CubeIDE\plugins\com.st.stm32cube.common.mx_6.9.1.202307191849\\db\/mcu/
2023-12-07 11:03:20,517 [INFO] ApiDb:274 - Set plugin database path to: C:\ST\STM32CubeIDE_1.4.0\STM32CubeIDE\plugins\com.st.stm32cube.common.mx_6.9.1.202307191849\\db\/plugins/boardmanager/
2023-12-07 11:03:20,518 [INFO] ApiDb:261 - Set plugin images path to: C:\ST\STM32CubeIDE_1.4.0\STM32CubeIDE\plugins\com.st.stm32cube.common.mx_6.9.1.202307191849\\db\/plugins/mcufinder/images/
2023-12-07 11:03:20,519 [WARN] DbFile:41 - Overriding database path with different value: C:\Users\Minh\.stmcufinder\plugins\mcufinder/ => C:\Users\Minh\.stmcufinder\plugins\mcufinder
2023-12-07 11:03:20,519 [INFO] ApiDb:250 - Set database path to: C:\Users\Minh\.stmcufinder\plugins\mcufinder//mcu/
2023-12-07 11:03:20,519 [WARN] DbFile:41 - Overriding database path with different value: C:\Users\Minh\.stmcufinder\plugins\mcufinder/ => C:\Users\Minh\.stmcufinder\plugins\mcufinder
2023-12-07 11:03:20,520 [INFO] DbMcusAds:125 - Set database path to: C:\Users\Minh\.stmcufinder\plugins\mcufinder//mcu/
2023-12-07 11:03:20,520 [WARN] DbFile:41 - Overriding database path with different value: C:\Users\Minh\.stmcufinder\plugins\mcufinder/ => C:\Users\Minh\.stmcufinder\plugins\mcufinder
2023-12-07 11:03:20,520 [WARN] DbFile:41 - Overriding database path with different value: C:\Users\Minh\.stmcufinder\plugins\mcufinder/ => C:\Users\Minh\.stmcufinder\plugins\mcufinder
2023-12-07 11:03:20,520 [INFO] CrossReferenceDbSqlite:203 - Set database path to: C:\Users\Minh\.stmcufinder\plugins\mcufinder//mcu/cs/
2023-12-07 11:03:20,568 [INFO] ApplicationProperties:184 - Using Application install path: C:\ST\STM32CubeIDE_1.4.0\STM32CubeIDE\plugins\com.st.stm32cube.common.mx_6.9.1.202307191849
2023-12-07 11:03:20,572 [INFO] PluginManage:196 - Search for loadable plugins [exclusion list=, ]
2023-12-07 11:03:20,576 [INFO] PluginManage:310 - Check plugin analytics
2023-12-07 11:03:25,587 [INFO] AnalyticsPlugin:253 - Accepted Software Licenses: STM32CubeMX.6.0.0,STM32CubeMX.5.2.0
2023-12-07 11:03:25,589 [INFO] AnalyticsPlugin:255 - Accepted CMSIS Pack Licenses: 
2023-12-07 11:03:25,590 [INFO] AnalyticsPlugin:257 - Accepted Firmware Licenses: 
2023-12-07 11:03:25,602 [INFO] PluginManage:359 - Loaded plugin analytics (category:tool,tabindex:-1)
2023-12-07 11:03:25,603 [INFO] PluginManage:310 - Check plugin cadmodel
2023-12-07 11:03:25,639 [INFO] CADModel:105 - Init CAD model plugin
2023-12-07 11:03:25,639 [INFO] PluginManage:359 - Loaded plugin cadmodel (category:power,tabindex:5)
2023-12-07 11:03:25,639 [INFO] PluginManage:310 - Check plugin clock
2023-12-07 11:03:25,682 [INFO] PluginManage:359 - Loaded plugin clock (category:base,tabindex:2)
2023-12-07 11:03:25,683 [INFO] PluginManage:310 - Check plugin ddr
2023-12-07 11:03:25,688 [INFO] PluginManage:359 - Loaded plugin ddr (category:tool,tabindex:6)
2023-12-07 11:03:25,689 [INFO] PluginManage:310 - Check plugin filemanager
2023-12-07 11:03:25,996 [INFO] PluginManage:359 - Loaded plugin filemanager (category:base,tabindex:10)
2023-12-07 11:03:25,997 [INFO] PluginManage:310 - Check plugin ipmanager
2023-12-07 11:03:26,014 [INFO] PluginManage:359 - Loaded plugin ipmanager (category:base,tabindex:5)
2023-12-07 11:03:26,015 [INFO] PluginManage:310 - Check plugin lpbam
2023-12-07 11:03:26,053 [INFO] PluginManage:359 - Loaded plugin lpbam (category:base,tabindex:0)
2023-12-07 11:03:26,053 [INFO] PluginManage:310 - Check plugin memorymap
2023-12-07 11:03:26,103 [INFO] PluginManage:359 - Loaded plugin memorymap (category:base,tabindex:4)
2023-12-07 11:03:26,103 [INFO] PluginManage:310 - Check plugin pinoutandconfiguration
2023-12-07 11:03:26,138 [INFO] PluginManage:359 - Loaded plugin pinoutandconfiguration (category:base,tabindex:1)
2023-12-07 11:03:26,139 [INFO] PluginManage:310 - Check plugin pinoutconfig
2023-12-07 11:03:26,387 [WARN] SupportedApi:132 - Cannot load RTOS API schema: s4s-elt-must-match.1: The content of 'definitions' must match (annotation?, (simpleType | complexType)?, (unique | key | keyref)*)). A problem was found starting at: attribute.
2023-12-07 11:03:26,705 [INFO] PluginManage:359 - Loaded plugin pinoutconfig (category:base,tabindex:0)
2023-12-07 11:03:26,705 [INFO] PluginManage:310 - Check plugin power
2023-12-07 11:03:26,757 [INFO] PluginManage:359 - Loaded plugin power (category:power,tabindex:4)
2023-12-07 11:03:26,757 [INFO] PluginManage:310 - Check plugin projectmanager
2023-12-07 11:03:26,793 [INFO] PluginManage:359 - Loaded plugin projectmanager (category:projectmanager,tabindex:3)
2023-12-07 11:03:26,794 [INFO] PluginManage:310 - Check plugin thirdparty
2023-12-07 11:03:27,385 [INFO] PluginManage:359 - Loaded plugin thirdparty (category:base,tabindex:-1)
2023-12-07 11:03:27,385 [INFO] PluginManage:310 - Check plugin tools
2023-12-07 11:03:27,385 [WARN] IntegrityCheckThread:84 - waiting for thirdparty lock release [integrity check]
2023-12-07 11:03:27,386 [INFO] IntegrityCheckThread:86 - entering critical section [integrity check]
2023-12-07 11:03:27,387 [INFO] ThirdPartyUpdaterWithRetryManager:70 - Updater plugin not ready yet. [1/15]
2023-12-07 11:03:27,457 [INFO] PluginManage:359 - Loaded plugin tools (category:base,tabindex:7)
2023-12-07 11:03:27,458 [INFO] PluginManage:310 - Check plugin tutovideos
2023-12-07 11:03:27,921 [INFO] PluginManage:359 - Loaded plugin tutovideos (category:base,tabindex:-1)
2023-12-07 11:03:27,922 [INFO] PluginManage:310 - Check plugin updater
2023-12-07 11:03:27,951 [INFO] PluginManage:359 - Loaded plugin updater (category:base,tabindex:12)
2023-12-07 11:03:27,951 [INFO] PluginManage:310 - Check plugin userauth
2023-12-07 11:03:27,964 [INFO] UserAuth:113 - Init User Auth plugin
2023-12-07 11:03:27,965 [INFO] PluginManage:359 - Loaded plugin userauth (category:base,tabindex:14)
2023-12-07 11:03:27,966 [INFO] PluginManage:283 - PluginManage : Loaded plugins [17]
2023-12-07 11:03:28,670 [INFO] PinOutPanel:1499 - setPackage(No Configuration,No Configuration)
2023-12-07 11:03:29,073 [INFO] CADModel:165 - CPN selected for project level
2023-12-07 11:03:29,074 [INFO] CADModel:114 - Register for checkConnection events
2023-12-07 11:03:29,165 [INFO] IPUIPlugin:80 - create IPUIPlugin
2023-12-07 11:03:29,166 [INFO] PluginManager:220 - loadIPPluginJar : add adc
2023-12-07 11:03:29,291 [INFO] IPUIPlugin:80 - create IPUIPlugin
2023-12-07 11:03:29,292 [INFO] PluginManager:220 - loadIPPluginJar : add aes
2023-12-07 11:03:29,419 [INFO] IPUIPlugin:80 - create IPUIPlugin
2023-12-07 11:03:29,420 [INFO] PluginManager:220 - loadIPPluginJar : add can
2023-12-07 11:03:29,468 [INFO] IPUIPlugin:80 - create IPUIPlugin
2023-12-07 11:03:29,469 [INFO] PluginManager:220 - loadIPPluginJar : add comp
2023-12-07 11:03:29,556 [INFO] IPUIPlugin:80 - create IPUIPlugin
2023-12-07 11:03:29,556 [INFO] PluginManager:220 - loadIPPluginJar : add cryp
2023-12-07 11:03:29,642 [INFO] IPUIPlugin:80 - create IPUIPlugin
2023-12-07 11:03:29,642 [INFO] PluginManager:220 - loadIPPluginJar : add dfsdm
2023-12-07 11:03:29,685 [INFO] IPUIPlugin:80 - create IPUIPlugin
2023-12-07 11:03:29,687 [INFO] PluginManager:220 - loadIPPluginJar : add dma
2023-12-07 11:03:29,795 [INFO] IPUIPlugin:80 - create IPUIPlugin
2023-12-07 11:03:29,795 [INFO] PluginManager:220 - loadIPPluginJar : add dma3
2023-12-07 11:03:29,842 [INFO] IPUIPlugin:80 - create IPUIPlugin
2023-12-07 11:03:29,842 [INFO] PluginManager:220 - loadIPPluginJar : add fatfs
2023-12-07 11:03:29,966 [INFO] IPUIPlugin:80 - create IPUIPlugin
2023-12-07 11:03:29,966 [INFO] PluginManager:220 - loadIPPluginJar : add fmc
2023-12-07 11:03:29,998 [INFO] IPUIPlugin:80 - create IPUIPlugin
2023-12-07 11:03:29,999 [INFO] PluginManager:220 - loadIPPluginJar : add freertos
2023-12-07 11:03:30,042 [INFO] IPUIPlugin:80 - create IPUIPlugin
2023-12-07 11:03:30,043 [INFO] PluginManager:220 - loadIPPluginJar : add genericplugin
2023-12-07 11:03:30,260 [INFO] IPUIPlugin:80 - create IPUIPlugin
2023-12-07 11:03:30,260 [INFO] PluginManager:220 - loadIPPluginJar : add gfxmmu
2023-12-07 11:03:30,388 [INFO] ThirdPartyUpdaterWithRetryManager:70 - Updater plugin not ready yet. [2/15]
2023-12-07 11:03:30,550 [INFO] IPUIPlugin:80 - create IPUIPlugin
2023-12-07 11:03:30,551 [INFO] PluginManager:220 - loadIPPluginJar : add gic
2023-12-07 11:03:30,574 [INFO] IPUIPlugin:80 - create IPUIPlugin
2023-12-07 11:03:30,575 [INFO] PluginManager:220 - loadIPPluginJar : add gpio
2023-12-07 11:03:30,777 [INFO] IPUIPlugin:80 - create IPUIPlugin
2023-12-07 11:03:30,777 [INFO] PluginManager:220 - loadIPPluginJar : add gtzc
2023-12-07 11:03:30,843 [INFO] IPUIPlugin:80 - create IPUIPlugin
2023-12-07 11:03:30,843 [INFO] PluginManager:220 - loadIPPluginJar : add hash
2023-12-07 11:03:30,972 [INFO] IPUIPlugin:80 - create IPUIPlugin
2023-12-07 11:03:30,972 [INFO] PluginManager:220 - loadIPPluginJar : add i2c
2023-12-07 11:03:31,043 [INFO] IPUIPlugin:80 - create IPUIPlugin
2023-12-07 11:03:31,044 [INFO] PluginManager:220 - loadIPPluginJar : add i2s
2023-12-07 11:03:31,117 [INFO] IPUIPlugin:80 - create IPUIPlugin
2023-12-07 11:03:31,117 [INFO] PluginManager:220 - loadIPPluginJar : add i3c
2023-12-07 11:03:31,349 [INFO] IPUIPlugin:80 - create IPUIPlugin
2023-12-07 11:03:31,350 [INFO] PluginManager:220 - loadIPPluginJar : add ipddr
2023-12-07 11:03:31,521 [INFO] IPUIPlugin:80 - create IPUIPlugin
2023-12-07 11:03:31,521 [INFO] PluginManager:220 - loadIPPluginJar : add linkedlist
2023-12-07 11:03:31,597 [INFO] IPUIPlugin:80 - create IPUIPlugin
2023-12-07 11:03:31,597 [INFO] PluginManager:220 - loadIPPluginJar : add lorawan
2023-12-07 11:03:31,692 [INFO] IPUIPlugin:80 - create IPUIPlugin
2023-12-07 11:03:31,692 [INFO] PluginManager:220 - loadIPPluginJar : add ltdc
2023-12-07 11:03:31,723 [INFO] IPUIPlugin:80 - create IPUIPlugin
2023-12-07 11:03:31,723 [INFO] PluginManager:220 - loadIPPluginJar : add mdma
2023-12-07 11:03:31,745 [INFO] IPUIPlugin:80 - create IPUIPlugin
2023-12-07 11:03:31,745 [INFO] PluginManager:220 - loadIPPluginJar : add nvic
2023-12-07 11:03:31,831 [INFO] IPUIPlugin:80 - create IPUIPlugin
2023-12-07 11:03:31,832 [INFO] PluginManager:220 - loadIPPluginJar : add opamp
2023-12-07 11:03:31,943 [INFO] IPUIPlugin:80 - create IPUIPlugin
2023-12-07 11:03:31,943 [INFO] PluginManager:220 - loadIPPluginJar : add openamp
2023-12-07 11:03:32,034 [INFO] IPUIPlugin:80 - create IPUIPlugin
2023-12-07 11:03:32,034 [INFO] PluginManager:220 - loadIPPluginJar : add pdm2pcm
2023-12-07 11:03:32,059 [INFO] IPUIPlugin:80 - create IPUIPlugin
2023-12-07 11:03:32,064 [INFO] PluginManager:220 - loadIPPluginJar : add plateformsettings
2023-12-07 11:03:32,101 [INFO] IPUIPlugin:80 - create IPUIPlugin
2023-12-07 11:03:32,102 [INFO] PluginManager:220 - loadIPPluginJar : add quadspi
2023-12-07 11:03:32,126 [INFO] IPUIPlugin:80 - create IPUIPlugin
2023-12-07 11:03:32,127 [INFO] PluginManager:220 - loadIPPluginJar : add resmgrutility
2023-12-07 11:03:32,214 [INFO] IPUIPlugin:80 - create IPUIPlugin
2023-12-07 11:03:32,214 [INFO] PluginManager:220 - loadIPPluginJar : add sai
2023-12-07 11:03:32,294 [INFO] IPUIPlugin:80 - create IPUIPlugin
2023-12-07 11:03:32,294 [INFO] PluginManager:220 - loadIPPluginJar : add spi
2023-12-07 11:03:32,418 [INFO] IPUIPlugin:80 - create IPUIPlugin
2023-12-07 11:03:32,418 [INFO] PluginManager:220 - loadIPPluginJar : add stm32_wpan
2023-12-07 11:03:32,469 [INFO] IPUIPlugin:80 - create IPUIPlugin
2023-12-07 11:03:32,469 [INFO] PluginManager:220 - loadIPPluginJar : add tim
2023-12-07 11:03:32,600 [INFO] IPUIPlugin:80 - create IPUIPlugin
2023-12-07 11:03:32,601 [INFO] PluginManager:220 - loadIPPluginJar : add touchsensing
2023-12-07 11:03:32,650 [INFO] IPUIPlugin:80 - create IPUIPlugin
2023-12-07 11:03:32,651 [INFO] PluginManager:220 - loadIPPluginJar : add tracer_emb
2023-12-07 11:03:32,695 [INFO] IPUIPlugin:80 - create IPUIPlugin
2023-12-07 11:03:32,695 [INFO] PluginManager:220 - loadIPPluginJar : add ts
2023-12-07 11:03:32,734 [INFO] IPUIPlugin:80 - create IPUIPlugin
2023-12-07 11:03:32,734 [INFO] PluginManager:220 - loadIPPluginJar : add tsc
2023-12-07 11:03:32,773 [INFO] IPUIPlugin:80 - create IPUIPlugin
2023-12-07 11:03:32,773 [INFO] PluginManager:220 - loadIPPluginJar : add ucpd
2023-12-07 11:03:32,852 [INFO] IPUIPlugin:80 - create IPUIPlugin
2023-12-07 11:03:32,852 [INFO] PluginManager:220 - loadIPPluginJar : add usart
2023-12-07 11:03:32,951 [INFO] IPUIPlugin:80 - create IPUIPlugin
2023-12-07 11:03:32,952 [INFO] PluginManager:220 - loadIPPluginJar : add usbx
2023-12-07 11:03:33,134 [INFO] CADModel:165 - CPN selected for project level
2023-12-07 11:03:33,134 [INFO] CADModel:114 - Register for checkConnection events
2023-12-07 11:03:33,135 [FATAL] Updater:308 - Updater called before beeing initialized
2023-12-07 11:03:33,135 [ERROR] CADModel:125 - Updater not yet initialized, retry later 
2023-12-07 11:03:33,389 [INFO] ThirdPartyUpdaterWithRetryManager:70 - Updater plugin not ready yet. [3/15]
2023-12-07 11:03:33,540 [INFO] CADModel:165 - CPN selected for project level
2023-12-07 11:03:33,541 [INFO] CADModel:114 - Register for checkConnection events
2023-12-07 11:03:33,541 [FATAL] Updater:308 - Updater called before beeing initialized
2023-12-07 11:03:33,542 [ERROR] CADModel:125 - Updater not yet initialized, retry later 
2023-12-07 11:03:33,551 [FATAL] Updater:308 - Updater called before beeing initialized
2023-12-07 11:03:33,857 [FATAL] Updater:308 - Updater called before beeing initialized
2023-12-07 11:03:33,877 [INFO] DbMcusAds:53 - JSON generation date=Wed Nov 29 19:52:38 JST 2023 (1701255158764)
2023-12-07 11:03:33,878 [FATAL] Updater:308 - Updater called before beeing initialized
2023-12-07 11:03:34,088 [WARN] DetailPanel:346 - Failed to get advertising image, set to default
2023-12-07 11:03:34,377 [FATAL] Updater:308 - Updater called before beeing initialized
2023-12-07 11:03:34,381 [FATAL] Updater:308 - Updater called before beeing initialized
2023-12-07 11:03:34,381 [FATAL] Updater:308 - Updater called before beeing initialized
2023-12-07 11:03:34,382 [WARN] DetailPanel:346 - Failed to get advertising image, set to default
2023-12-07 11:03:34,384 [FATAL] Updater:308 - Updater called before beeing initialized
2023-12-07 11:03:34,570 [ERROR] Updater:1120 - MainUpdater not yet initialized. External WinMGr cannot be set.
2023-12-07 11:03:34,598 [INFO] Updater:1056 - Updater Version found : 6.9.1
2023-12-07 11:03:34,652 [INFO] ApplicationProperties:184 - Using Application install path: C:\ST\STM32CubeIDE_1.4.0\STM32CubeIDE\plugins\com.st.stm32cube.common.mx_6.9.1.202307191849
2023-12-07 11:03:35,121 [INFO] MainUpdater:2868 - connection check result : 10
2023-12-07 11:03:35,122 [INFO] MainUpdater:3562 - Updater definition file requires update
2023-12-07 11:03:35,125 [INFO] MainUpdater:285 - Updater Check For Update Now.
2023-12-07 11:03:35,126 [INFO] MicroXplorer:498 - Change Database Version : DB.6.0.91
2023-12-07 11:03:35,170 [INFO] ServerAccessManage:473 - Download File updaters.zip
2023-12-07 11:03:35,192 [INFO] McuFinderGlobals:63 - Set McuFinder mode to 2 (CubeIDE integrated)
2023-12-07 11:03:35,194 [INFO] UserAuth:179 - activating auth plugin
2023-12-07 11:03:35,225 [INFO] UserAuth:393 - Internet connection configuration mode: 1
2023-12-07 11:03:35,282 [INFO] JxBrowserEngine:151 - Initiate JxBrowser Engine with user profile folder
2023-12-07 11:03:35,396 [INFO] FileExtend:240 - Unzip File : updaters.zip
2023-12-07 11:03:35,396 [INFO] FileExtend:255 - Standard Zip Deflate
2023-12-07 11:03:36,169 [INFO] ServerAccessManage:473 - Download File PacksControlFlags.xml
2023-12-07 11:03:36,333 [INFO] ServerAccessManage:473 - Download File cubemx.pidx
2023-12-07 11:03:36,390 [WARN] MainUpdater:1189 - Updater busy. Cannot search thirdparties
2023-12-07 11:03:36,391 [INFO] ThirdPartyUpdaterWithRetryManager:96 - Updater plugin is busy. [1/15]
2023-12-07 11:03:37,846 [INFO] ServerAccessManage:473 - Download File STMicroelectronics.X-CUBE-ISPU.pdsc
2023-12-07 11:03:38,969 [INFO] ServerAccessManage:473 - Download File STMicroelectronics.X-CUBE-AZRTOS-H7.pdsc
2023-12-07 11:03:39,392 [WARN] MainUpdater:1189 - Updater busy. Cannot search thirdparties
2023-12-07 11:03:39,392 [INFO] ThirdPartyUpdaterWithRetryManager:96 - Updater plugin is busy. [2/15]
2023-12-07 11:03:39,440 [INFO] WebApp:157 - Instantiating new browser for Auth
2023-12-07 11:03:40,308 [WARN] PackLoader:240 - Cannot read IP mode file for STMicroelectronics.X-CUBE-ISPU.2.0.0
2023-12-07 11:03:40,430 [WARN] PackLoader:240 - Cannot read IP mode file for STMicroelectronics.X-CUBE-AZRTOS-H7.3.2.0
2023-12-07 11:03:40,451 [INFO] PopulateThirdPartyThread:66 - Ending populate Thread
2023-12-07 11:03:40,454 [INFO] ThirdParty:1030 - CMSIS Pack Vendor :STMicroelectronics X-CUBE-AZRTOS-H7 3.2.0
2023-12-07 11:03:40,454 [INFO] ThirdParty:1030 - CMSIS Pack Vendor :STMicroelectronics X-CUBE-ISPU 2.0.0
2023-12-07 11:03:40,454 [INFO] LoadServerUpdatesThread:373 - End of LoadServerUpdate Thread
2023-12-07 11:03:40,523 [INFO] CheckServerUpdateThread:120 - End of CheckServer Thread
2023-12-07 11:03:42,017 [INFO] WebApp:753 - Register for checkConnection events
2023-12-07 11:03:42,017 [INFO] WebApp:390 - Apply proxy settings
2023-12-07 11:03:42,018 [INFO] WebApp:475 - Chromium requires no authentication
2023-12-07 11:03:42,038 [INFO] WebApp:418 - Direct internet connection detected
2023-12-07 11:03:42,511 [INFO] WebApp:188 - Starting web application
2023-12-07 11:03:42,511 [INFO] WebApp:520 - Web application path used C:\ST\STM32CubeIDE_1.4.0\STM32CubeIDE\plugins\com.st.stm32cube.common.mx_6.9.1.202307191849\db\plugins\mcufinder\reactClient1\index.html
2023-12-07 11:03:42,912 [WARN] PackLoader:240 - Cannot read IP mode file for STMicroelectronics.X-CUBE-SMBUS.2.1.0
2023-12-07 11:03:42,972 [WARN] PackLoader:240 - Cannot read IP mode file for STMicroelectronics.X-CUBE-AZRTOS-F7.1.1.0
2023-12-07 11:03:43,002 [ERROR] RealEvaluatedCondition:428 - Found unsupported composite condition: GROUP='STM32_MetaDataManager' CLASS='Data Exchange'
2023-12-07 11:03:43,003 [ERROR] RealEvaluatedCondition:428 - Found unsupported composite condition: CLASS='Data Exchange' GROUP='STM32_MetaDataManager'
2023-12-07 11:03:43,010 [WARN] PackLoader:240 - Cannot read IP mode file for STMicroelectronics.FP-SNS-MOTENV1.4.3.0
2023-12-07 11:03:43,087 [WARN] PackLoader:240 - Cannot read IP mode file for STMicroelectronics.FP-SNS-MOTENV1.4.3.2
2023-12-07 11:03:43,147 [WARN] PackLoader:240 - Cannot read IP mode file for STMicroelectronics.FP-SNS-FLIGHT1.5.0.0
2023-12-07 11:03:43,165 [ERROR] RealEvaluatedCondition:428 - Found unsupported composite condition: CLASS='Data Exchange' GROUP='STM32_MetaDataManager'
2023-12-07 11:03:43,165 [ERROR] RealEvaluatedCondition:428 - Found unsupported composite condition: GROUP='STM32_MetaDataManager' CLASS='Data Exchange'
2023-12-07 11:03:43,169 [WARN] PackLoader:240 - Cannot read IP mode file for STMicroelectronics.FP-SNS-MOTENV1.4.3.1
2023-12-07 11:03:43,209 [WARN] PackLoader:240 - Cannot read IP mode file for STMicroelectronics.FP-SNS-FLIGHT1.5.0.1
2023-12-07 11:03:43,253 [WARN] PackLoader:240 - Cannot read IP mode file for STMicroelectronics.X-CUBE-BLE1.6.2.4
2023-12-07 11:03:43,304 [WARN] PackLoader:240 - Cannot read IP mode file for STMicroelectronics.FP-SNS-FLIGHT1.5.0.2
2023-12-07 11:03:43,353 [WARN] PackLoader:240 - Cannot read IP mode file for STMicroelectronics.X-CUBE-DISPLAY.3.0.0
2023-12-07 11:03:43,441 [WARN] PackLoader:240 - Cannot read IP mode file for STMicroelectronics.X-CUBE-BLE1.7.0.0
2023-12-07 11:03:43,454 [WARN] PackLoader:240 - Cannot read IP mode file for STMicroelectronics.X-CUBE-TOUCHGFX.4.22.0
2023-12-07 11:03:43,463 [WARN] PackLoader:240 - Cannot read IP mode file for STMicroelectronics.X-CUBE-TOUCHGFX.4.22.1
2023-12-07 11:03:43,478 [WARN] PackLoader:240 - Cannot read IP mode file for STMicroelectronics.FP-SNS-SMARTAG2.1.2.0
2023-12-07 11:03:43,512 [INFO] LogOutputStream:77 - [STDOUT_REDIRECT] 1 : Invalid condition id : UX_CORESTACK_Condition cause : null
2023-12-07 11:03:43,513 [INFO] LogOutputStream:77 - [STDOUT_REDIRECT] 1 : Invalid condition id : UX_CORESTACK_Condition cause : null
2023-12-07 11:03:43,518 [INFO] LogOutputStream:77 - [STDOUT_REDIRECT] 1 : Invalid condition id : UX_CORESTACK_Condition cause : null
2023-12-07 11:03:43,532 [INFO] LogOutputStream:77 - [STDOUT_REDIRECT] 1 : Invalid condition id : UX_CORESTACK_Condition cause : null
2023-12-07 11:03:43,542 [INFO] LogOutputStream:77 - [STDOUT_REDIRECT] 1 : Invalid condition id : UX_CORESTACK_Condition cause : null
2023-12-07 11:03:43,573 [WARN] PackLoader:240 - Cannot read IP mode file for STMicroelectronics.X-CUBE-AZRTOS-WL.2.0.0
2023-12-07 11:03:43,600 [WARN] PackLoader:240 - Cannot read IP mode file for WES.I-CUBE-Cesium.1.3.0
2023-12-07 11:03:43,671 [WARN] PackLoader:240 - Cannot read IP mode file for STMicroelectronics.X-CUBE-BLE2.3.3.0
2023-12-07 11:03:43,716 [WARN] PackLoader:240 - Cannot read IP mode file for STMicroelectronics.X-CUBE-TOF1.3.2.0
2023-12-07 11:03:43,756 [WARN] PackLoader:240 - Cannot read IP mode file for STMicroelectronics.X-CUBE-TOUCHGFX.4.21.1
2023-12-07 11:03:43,765 [WARN] PackLoader:240 - Cannot read IP mode file for STMicroelectronics.X-CUBE-TOUCHGFX.4.21.3
2023-12-07 11:03:43,773 [WARN] PackLoader:240 - Cannot read IP mode file for STMicroelectronics.X-CUBE-TOUCHGFX.4.21.4
2023-12-07 11:03:43,813 [WARN] PackLoader:240 - Cannot read IP mode file for STMicroelectronics.X-CUBE-ALGOBUILD.1.3.0
2023-12-07 11:03:43,884 [WARN] PackLoader:240 - Cannot read IP mode file for STMicroelectronics.X-CUBE-AZRTOS-G0.1.1.0
2023-12-07 11:03:43,917 [WARN] PackLoader:240 - Cannot read IP mode file for STMicroelectronics.X-CUBE-NFC4.3.0.0
2023-12-07 11:03:43,961 [WARN] PackLoader:240 - Cannot read IP mode file for STMicroelectronics.X-CUBE-BLEMGR.3.0.0
2023-12-07 11:03:43,985 [WARN] PackLoader:240 - Cannot read IP mode file for STMicroelectronics.FP-ATR-SIGFOX1.3.2.0
2023-12-07 11:03:44,130 [WARN] PackLoader:240 - Cannot read IP mode file for STMicroelectronics.X-CUBE-MEMS1.9.5.0
2023-12-07 11:03:44,765 [WARN] PackLoader:240 - Cannot read IP mode file for SEGGER.I-CUBE-embOS.1.3.1
2023-12-07 11:03:44,908 [WARN] PackLoader:240 - Cannot read IP mode file for STMicroelectronics.X-CUBE-GNSS1.6.0.0
2023-12-07 11:03:44,961 [WARN] PackLoader:240 - Cannot read IP mode file for STMicroelectronics.X-CUBE-AZRTOS-F4.1.1.0
2023-12-07 11:03:45,026 [WARN] PackLoader:240 - Cannot read IP mode file for STMicroelectronics.X-CUBE-AZRTOS-L5.2.0.0
2023-12-07 11:03:45,153 [WARN] PackLoader:240 - Cannot read IP mode file for STMicroelectronics.X-CUBE-MEMS1.9.6.0
2023-12-07 11:03:45,631 [WARN] PackLoader:240 - Cannot read IP mode file for STMicroelectronics.X-CUBE-EEPRMA1.4.2.0
2023-12-07 11:03:45,648 [WARN] PackLoader:240 - Cannot read IP mode file for ITTIA_DB.I-CUBE-ITTIADB.8.8.0
2023-12-07 11:03:45,665 [WARN] PackLoader:240 - Cannot read IP mode file for emotas.I-CUBE-CANOPEN.1.1.3
2023-12-07 11:03:45,683 [WARN] PackLoader:240 - Cannot read IP mode file for STMicroelectronics.X-CUBE-BLEMGR.2.0.0
2023-12-07 11:03:45,739 [WARN] ConditionMgr:438 - getConditionDescription Invalid condition id : UX DEVICE CLASS RTOS Condition cause : null
2023-12-07 11:03:45,740 [WARN] ConditionMgr:438 - getConditionDescription Invalid condition id : UX DEVICE CLASS RTOS Condition cause : null
2023-12-07 11:03:45,750 [WARN] PackLoader:240 - Cannot read IP mode file for STMicroelectronics.X-CUBE-AZRTOS-H7.3.1.0
2023-12-07 11:03:45,753 [WARN] ConditionMgr:1039 - genDependencies : Invalid condition id : UX DEVICE CLASS RTOS Condition cause : null
2023-12-07 11:03:45,753 [WARN] ConditionMgr:1039 - genDependencies : Invalid condition id : UX DEVICE CLASS RTOS Condition cause : null
2023-12-07 11:03:45,755 [WARN] ConditionMgr:1039 - genDependencies : Invalid condition id : UX DEVICE CLASS RTOS Condition cause : null
2023-12-07 11:03:45,757 [WARN] ConditionMgr:1039 - genDependencies : Invalid condition id : UX DEVICE CLASS RTOS Condition cause : null
2023-12-07 11:03:45,757 [WARN] ConditionMgr:1039 - genDependencies : Invalid condition id : UX DEVICE CLASS RTOS Condition cause : null
2023-12-07 11:03:45,774 [WARN] PackLoader:240 - Cannot read IP mode file for wolfSSL.I-CUBE-wolfSSL.5.5.4
2023-12-07 11:03:45,787 [WARN] PackLoader:240 - Cannot read IP mode file for STMicroelectronics.X-CUBE-NFC7.1.0.1
2023-12-07 11:03:45,800 [WARN] PackLoader:240 - Cannot read IP mode file for STMicroelectronics.X-CUBE-NFC7.1.0.0
2023-12-07 11:03:45,823 [WARN] PackLoader:240 - Cannot read IP mode file for STMicroelectronics.X-CUBE-NFC6.3.0.0
2023-12-07 11:03:45,841 [WARN] PackLoader:240 - Cannot read IP mode file for STMicroelectronics.X-CUBE-EEPRMA1.4.1.0
2023-12-07 11:03:45,854 [WARN] PackLoader:240 - Cannot read IP mode file for STMicroelectronics.X-CUBE-AI.8.1.0
2023-12-07 11:03:45,911 [WARN] ConditionMgr:438 - getConditionDescription Invalid condition id : LAN8742 Phy interface Condition cause : null
2023-12-07 11:03:45,913 [WARN] PackLoader:240 - Cannot read IP mode file for STMicroelectronics.X-CUBE-AZRTOS-L4.2.0.0
2023-12-07 11:03:45,917 [WARN] ConditionMgr:1039 - genDependencies : Invalid condition id : LAN8742 Phy interface Condition cause : null
2023-12-07 11:03:45,917 [WARN] ConditionMgr:1039 - genDependencies : Invalid condition id : LAN8742 Phy interface Condition cause : null
2023-12-07 11:03:45,919 [WARN] ConditionMgr:1039 - genDependencies : Invalid condition id : LAN8742 Phy interface Condition cause : null
2023-12-07 11:03:45,941 [WARN] PackLoader:240 - Cannot read IP mode file for STMicroelectronics.X-CUBE-SFXS2LP1.4.0.0
2023-12-07 11:03:45,997 [WARN] PackLoader:240 - Cannot read IP mode file for STMicroelectronics.X-CUBE-AZRTOS-H7.3.0.0
2023-12-07 11:03:46,016 [WARN] PackLoader:240 - Cannot read IP mode file for STMicroelectronics.X-CUBE-ISPU.1.1.0
2023-12-07 11:03:46,036 [WARN] PackLoader:240 - Cannot read IP mode file for RoweBots.I-CUBE-UNISONRTOS.5.5.0-4
2023-12-07 11:03:46,047 [WARN] PackLoader:240 - Cannot read IP mode file for STMicroelectronics.X-CUBE-AI.8.0.0
2023-12-07 11:03:46,082 [WARN] ConditionMgr:438 - getConditionDescription Invalid condition id : UX DEVICE CLASS RTOS Condition cause : null
2023-12-07 11:03:46,083 [WARN] ConditionMgr:438 - getConditionDescription Invalid condition id : UX DEVICE CLASS RTOS Condition cause : null
2023-12-07 11:03:46,089 [WARN] PackLoader:240 - Cannot read IP mode file for STMicroelectronics.X-CUBE-AZRTOS-WB.2.0.0
2023-12-07 11:03:46,091 [WARN] ConditionMgr:1039 - genDependencies : Invalid condition id : UX DEVICE CLASS RTOS Condition cause : null
2023-12-07 11:03:46,092 [WARN] ConditionMgr:1039 - genDependencies : Invalid condition id : UX DEVICE CLASS RTOS Condition cause : null
2023-12-07 11:03:46,093 [WARN] ConditionMgr:1039 - genDependencies : Invalid condition id : UX DEVICE CLASS RTOS Condition cause : null
2023-12-07 11:03:46,094 [WARN] ConditionMgr:1039 - genDependencies : Invalid condition id : UX DEVICE CLASS RTOS Condition cause : null
2023-12-07 11:03:46,094 [WARN] ConditionMgr:1039 - genDependencies : Invalid condition id : UX DEVICE CLASS RTOS Condition cause : null
2023-12-07 11:03:46,108 [WARN] PackLoader:240 - Cannot read IP mode file for STMicroelectronics.X-CUBE-FREERTOS.1.0.0
2023-12-07 11:03:46,117 [WARN] PackLoader:240 - Cannot read IP mode file for STMicroelectronics.X-CUBE-FREERTOS.1.0.1
2023-12-07 11:03:46,152 [WARN] PackLoader:240 - Cannot read IP mode file for STMicroelectronics.X-CUBE-AZRTOS-L5.1.1.0
2023-12-07 11:03:46,167 [WARN] PackLoader:240 - Cannot read IP mode file for STMicroelectronics.X-CUBE-AI.8.0.1
2023-12-07 11:03:46,191 [WARN] PackLoader:240 - Cannot read IP mode file for STMicroelectronics.X-CUBE-SUBG2.5.0.0
2023-12-07 11:03:46,245 [WARN] PackLoader:240 - Cannot read IP mode file for STMicroelectronics.X-CUBE-TOF1.3.3.1
2023-12-07 11:03:46,307 [WARN] PackLoader:240 - Cannot read IP mode file for STMicroelectronics.X-CUBE-AZRTOS-G4.2.0.0
2023-12-07 11:03:46,335 [WARN] PackLoader:240 - Cannot read IP mode file for STMicroelectronics.X-CUBE-TOF1.3.3.0
2023-12-07 11:03:46,365 [WARN] PackLoader:240 - Cannot read IP mode file for STMicroelectronics.FP-ATR-ASTRA1.1.1.1
2023-12-07 11:03:46,398 [WARN] PackLoader:240 - Cannot read IP mode file for Infineon.AIROC-Wi-Fi-Bluetooth-STM32.1.5.1
2023-12-07 11:03:46,419 [WARN] PackLoader:240 - Cannot read IP mode file for STMicroelectronics.FP-SNS-MOTENVWB1.1.3.0
2023-12-07 11:03:46,428 [WARN] PackLoader:240 - Cannot read IP mode file for STMicroelectronics.FP-SNS-MOTENVWB1.1.3.1
2023-12-07 11:03:46,459 [WARN] PackLoader:240 - Cannot read IP mode file for STMicroelectronics.X-CUBE-AZRTOS-G4.1.0.0
2023-12-07 11:03:46,504 [WARN] PackLoader:240 - Cannot read IP mode file for STMicroelectronics.X-CUBE-AZRTOS-L4.1.0.0
2023-12-07 11:03:46,518 [WARN] PackLoader:240 - Cannot read IP mode file for STMicroelectronics.X-CUBE-ISPU.2.0.0
2023-12-07 11:03:46,622 [WARN] PackLoader:240 - Cannot read IP mode file for STMicroelectronics.X-CUBE-MEMS1.10.0.0
2023-12-07 11:03:46,934 [WARN] PackLoader:240 - Cannot read IP mode file for STMicroelectronics.X-CUBE-FREERTOS.1.1.0
2023-12-07 11:03:46,960 [WARN] PackLoader:240 - Cannot read IP mode file for STMicroelectronics.X-CUBE-AZRTOS-WL.1.0.0
2023-12-07 11:03:46,977 [WARN] PackLoader:240 - Cannot read IP mode file for portGmbH.I-Cube-SoM-uGOAL.1.1.0
2023-12-07 11:03:46,988 [WARN] PackLoader:240 - Cannot read IP mode file for STMicroelectronics.X-CUBE-ALS.1.0.1
2023-12-07 11:03:47,018 [WARN] PackLoader:240 - Cannot read IP mode file for STMicroelectronics.X-CUBE-AZRTOS-WB.1.1.0
2023-12-07 11:03:47,030 [WARN] PackLoader:240 - Cannot read IP mode file for STMicroelectronics.FP-ATR-ASTRA1.2.0.0
2023-12-07 11:03:47,053 [WARN] PackLoader:240 - Cannot read IP mode file for STMicroelectronics.X-CUBE-TOF1.3.4.0
2023-12-07 11:03:47,130 [WARN] PackLoader:240 - Cannot read IP mode file for STMicroelectronics.X-CUBE-AZRTOS-H7.3.2.0
2023-12-07 11:03:47,140 [INFO] ThirdParty:978 - Integrity check success = true
2023-12-07 11:03:47,141 [INFO] IntegrityCheckThread:100 - exiting critical section [integrity check]
2023-12-07 11:03:47,141 [INFO] IntegrityCheckThread:103 - End integrity checks thread
2023-12-07 11:50:10,716 [ERROR] LogOutputStream:75 - [STDERR_REDIRECT] SLF4J: Failed to load class "org.slf4j.impl.StaticLoggerBinder".
2023-12-07 11:50:10,725 [ERROR] LogOutputStream:75 - [STDERR_REDIRECT] SLF4J: Defaulting to no-operation (NOP) logger implementation
2023-12-07 11:50:10,730 [ERROR] LogOutputStream:75 - [STDERR_REDIRECT] SLF4J: See http://www.slf4j.org/codes.html#StaticLoggerBinder for further details.
2023-12-07 14:19:53,197 [ERROR] LogOutputStream:75 - [STDERR_REDIRECT] 
