2023-12-27 10:38:25,966 [INFO] Activator:176 - 


2023-12-27 10:38:25,983 [INFO] Activator:177 - !SESSION log4j initialized
2023-12-27 10:38:46,360 [INFO] LogOutputStream:77 - [STDOUT_REDIRECT] 
2023-12-27 10:38:55,546 [INFO] ApplicationProperties:184 - Using Application install path: C:\ST\STM32CubeIDE_1.4.0\STM32CubeIDE\plugins\com.st.stm32cube.common.mx_6.9.1.202307191849
2023-12-27 10:38:55,586 [INFO] DbMcusXml:78 - Set database path to: C:\ST\STM32CubeIDE_1.4.0\STM32CubeIDE\plugins\com.st.stm32cube.common.mx_6.9.1.202307191849\\db\/mcu/
2023-12-27 10:38:55,587 [INFO] ApiDb:274 - Set plugin database path to: C:\ST\STM32CubeIDE_1.4.0\STM32CubeIDE\plugins\com.st.stm32cube.common.mx_6.9.1.202307191849\\db\/plugins/boardmanager/
2023-12-27 10:38:55,588 [WARN] ApiDb:259 - Overriding images path with different value:  => C:\ST\STM32CubeIDE_1.4.0\STM32CubeIDE\plugins\com.st.stm32cube.common.mx_6.9.1.202307191849\\db\/plugins/mcufinder/images/
2023-12-27 10:38:55,614 [INFO] ApiDb:250 - Set database path to: C:\Users\Minh\.stmcufinder\plugins\mcufinder//mcu/
2023-12-27 10:38:55,617 [INFO] DbMcusAds:125 - Set database path to: C:\Users\Minh\.stmcufinder\plugins\mcufinder//mcu/
2023-12-27 10:38:55,623 [INFO] CrossReferenceDbSqlite:203 - Set database path to: C:\Users\Minh\.stmcufinder\plugins\mcufinder//mcu/cs/
2023-12-27 10:38:55,966 [INFO] RulesReader:64 - Compatibility file has been processed (293 Rules)
2023-12-27 10:38:56,177 [INFO] DbMcusXml:78 - Set database path to: C:\ST\STM32CubeIDE_1.4.0\STM32CubeIDE\plugins\com.st.stm32cube.common.mx_6.9.1.202307191849\\db\/mcu/
2023-12-27 10:38:56,178 [INFO] ApiDb:274 - Set plugin database path to: C:\ST\STM32CubeIDE_1.4.0\STM32CubeIDE\plugins\com.st.stm32cube.common.mx_6.9.1.202307191849\\db\/plugins/boardmanager/
2023-12-27 10:38:56,178 [INFO] ApiDb:261 - Set plugin images path to: C:\ST\STM32CubeIDE_1.4.0\STM32CubeIDE\plugins\com.st.stm32cube.common.mx_6.9.1.202307191849\\db\/plugins/mcufinder/images/
2023-12-27 10:38:56,179 [WARN] DbFile:41 - Overriding database path with different value: C:\Users\Minh\.stmcufinder\plugins\mcufinder/ => C:\Users\Minh\.stmcufinder\plugins\mcufinder
2023-12-27 10:38:56,179 [INFO] ApiDb:250 - Set database path to: C:\Users\Minh\.stmcufinder\plugins\mcufinder//mcu/
2023-12-27 10:38:56,179 [WARN] DbFile:41 - Overriding database path with different value: C:\Users\Minh\.stmcufinder\plugins\mcufinder/ => C:\Users\Minh\.stmcufinder\plugins\mcufinder
2023-12-27 10:38:56,179 [INFO] DbMcusAds:125 - Set database path to: C:\Users\Minh\.stmcufinder\plugins\mcufinder//mcu/
2023-12-27 10:38:56,180 [WARN] DbFile:41 - Overriding database path with different value: C:\Users\Minh\.stmcufinder\plugins\mcufinder/ => C:\Users\Minh\.stmcufinder\plugins\mcufinder
2023-12-27 10:38:56,180 [WARN] DbFile:41 - Overriding database path with different value: C:\Users\Minh\.stmcufinder\plugins\mcufinder/ => C:\Users\Minh\.stmcufinder\plugins\mcufinder
2023-12-27 10:38:56,180 [INFO] CrossReferenceDbSqlite:203 - Set database path to: C:\Users\Minh\.stmcufinder\plugins\mcufinder//mcu/cs/
2023-12-27 10:38:56,346 [INFO] MainPanel:262 - HeapMemory: 268435456
2023-12-27 10:38:56,543 [INFO] DbMcusXml:78 - Set database path to: C:\ST\STM32CubeIDE_1.4.0\STM32CubeIDE\plugins\com.st.stm32cube.common.mx_6.9.1.202307191849\\db\/mcu/
2023-12-27 10:38:56,543 [INFO] ApiDb:274 - Set plugin database path to: C:\ST\STM32CubeIDE_1.4.0\STM32CubeIDE\plugins\com.st.stm32cube.common.mx_6.9.1.202307191849\\db\/plugins/boardmanager/
2023-12-27 10:38:56,543 [INFO] ApiDb:261 - Set plugin images path to: C:\ST\STM32CubeIDE_1.4.0\STM32CubeIDE\plugins\com.st.stm32cube.common.mx_6.9.1.202307191849\\db\/plugins/mcufinder/images/
2023-12-27 10:38:56,544 [WARN] DbFile:41 - Overriding database path with different value: C:\Users\Minh\.stmcufinder\plugins\mcufinder/ => C:\Users\Minh\.stmcufinder\plugins\mcufinder
2023-12-27 10:38:56,544 [INFO] ApiDb:250 - Set database path to: C:\Users\Minh\.stmcufinder\plugins\mcufinder//mcu/
2023-12-27 10:38:56,545 [WARN] DbFile:41 - Overriding database path with different value: C:\Users\Minh\.stmcufinder\plugins\mcufinder/ => C:\Users\Minh\.stmcufinder\plugins\mcufinder
2023-12-27 10:38:56,545 [INFO] DbMcusAds:125 - Set database path to: C:\Users\Minh\.stmcufinder\plugins\mcufinder//mcu/
2023-12-27 10:38:56,545 [WARN] DbFile:41 - Overriding database path with different value: C:\Users\Minh\.stmcufinder\plugins\mcufinder/ => C:\Users\Minh\.stmcufinder\plugins\mcufinder
2023-12-27 10:38:56,545 [WARN] DbFile:41 - Overriding database path with different value: C:\Users\Minh\.stmcufinder\plugins\mcufinder/ => C:\Users\Minh\.stmcufinder\plugins\mcufinder
2023-12-27 10:38:56,545 [INFO] CrossReferenceDbSqlite:203 - Set database path to: C:\Users\Minh\.stmcufinder\plugins\mcufinder//mcu/cs/
2023-12-27 10:38:56,594 [INFO] ApplicationProperties:184 - Using Application install path: C:\ST\STM32CubeIDE_1.4.0\STM32CubeIDE\plugins\com.st.stm32cube.common.mx_6.9.1.202307191849
2023-12-27 10:38:56,598 [INFO] PluginManage:196 - Search for loadable plugins [exclusion list=, ]
2023-12-27 10:38:56,602 [INFO] PluginManage:310 - Check plugin analytics
2023-12-27 10:39:01,533 [INFO] AnalyticsPlugin:253 - Accepted Software Licenses: STM32CubeMX.6.0.0,STM32CubeMX.5.2.0
2023-12-27 10:39:01,533 [INFO] AnalyticsPlugin:255 - Accepted CMSIS Pack Licenses: 
2023-12-27 10:39:01,534 [INFO] AnalyticsPlugin:257 - Accepted Firmware Licenses: 
2023-12-27 10:39:01,539 [INFO] PluginManage:359 - Loaded plugin analytics (category:tool,tabindex:-1)
2023-12-27 10:39:01,541 [INFO] PluginManage:310 - Check plugin cadmodel
2023-12-27 10:39:01,571 [INFO] CADModel:105 - Init CAD model plugin
2023-12-27 10:39:01,572 [INFO] PluginManage:359 - Loaded plugin cadmodel (category:power,tabindex:5)
2023-12-27 10:39:01,572 [INFO] PluginManage:310 - Check plugin clock
2023-12-27 10:39:01,607 [INFO] PluginManage:359 - Loaded plugin clock (category:base,tabindex:2)
2023-12-27 10:39:01,607 [INFO] PluginManage:310 - Check plugin ddr
2023-12-27 10:39:01,611 [INFO] PluginManage:359 - Loaded plugin ddr (category:tool,tabindex:6)
2023-12-27 10:39:01,611 [INFO] PluginManage:310 - Check plugin filemanager
2023-12-27 10:39:01,873 [INFO] PluginManage:359 - Loaded plugin filemanager (category:base,tabindex:10)
2023-12-27 10:39:01,873 [INFO] PluginManage:310 - Check plugin ipmanager
2023-12-27 10:39:01,885 [INFO] PluginManage:359 - Loaded plugin ipmanager (category:base,tabindex:5)
2023-12-27 10:39:01,886 [INFO] PluginManage:310 - Check plugin lpbam
2023-12-27 10:39:01,918 [INFO] PluginManage:359 - Loaded plugin lpbam (category:base,tabindex:0)
2023-12-27 10:39:01,918 [INFO] PluginManage:310 - Check plugin memorymap
2023-12-27 10:39:01,957 [INFO] PluginManage:359 - Loaded plugin memorymap (category:base,tabindex:4)
2023-12-27 10:39:01,957 [INFO] PluginManage:310 - Check plugin pinoutandconfiguration
2023-12-27 10:39:01,986 [INFO] PluginManage:359 - Loaded plugin pinoutandconfiguration (category:base,tabindex:1)
2023-12-27 10:39:01,986 [INFO] PluginManage:310 - Check plugin pinoutconfig
2023-12-27 10:39:02,168 [WARN] SupportedApi:132 - Cannot load RTOS API schema: s4s-elt-must-match.1: The content of 'definitions' must match (annotation?, (simpleType | complexType)?, (unique | key | keyref)*)). A problem was found starting at: attribute.
2023-12-27 10:39:02,473 [INFO] PluginManage:359 - Loaded plugin pinoutconfig (category:base,tabindex:0)
2023-12-27 10:39:02,474 [INFO] PluginManage:310 - Check plugin power
2023-12-27 10:39:02,512 [INFO] PluginManage:359 - Loaded plugin power (category:power,tabindex:4)
2023-12-27 10:39:02,513 [INFO] PluginManage:310 - Check plugin projectmanager
2023-12-27 10:39:02,538 [INFO] PluginManage:359 - Loaded plugin projectmanager (category:projectmanager,tabindex:3)
2023-12-27 10:39:02,538 [INFO] PluginManage:310 - Check plugin thirdparty
2023-12-27 10:39:03,097 [INFO] PluginManage:359 - Loaded plugin thirdparty (category:base,tabindex:-1)
2023-12-27 10:39:03,097 [WARN] IntegrityCheckThread:84 - waiting for thirdparty lock release [integrity check]
2023-12-27 10:39:03,097 [INFO] PluginManage:310 - Check plugin tools
2023-12-27 10:39:03,097 [INFO] IntegrityCheckThread:86 - entering critical section [integrity check]
2023-12-27 10:39:03,098 [INFO] ThirdPartyUpdaterWithRetryManager:70 - Updater plugin not ready yet. [1/15]
2023-12-27 10:39:03,190 [INFO] PluginManage:359 - Loaded plugin tools (category:base,tabindex:7)
2023-12-27 10:39:03,190 [INFO] PluginManage:310 - Check plugin tutovideos
2023-12-27 10:39:03,645 [INFO] PluginManage:359 - Loaded plugin tutovideos (category:base,tabindex:-1)
2023-12-27 10:39:03,645 [INFO] PluginManage:310 - Check plugin updater
2023-12-27 10:39:03,670 [INFO] PluginManage:359 - Loaded plugin updater (category:base,tabindex:12)
2023-12-27 10:39:03,671 [INFO] PluginManage:310 - Check plugin userauth
2023-12-27 10:39:03,684 [INFO] UserAuth:113 - Init User Auth plugin
2023-12-27 10:39:03,684 [INFO] PluginManage:359 - Loaded plugin userauth (category:base,tabindex:14)
2023-12-27 10:39:03,685 [INFO] PluginManage:283 - PluginManage : Loaded plugins [17]
2023-12-27 10:39:04,224 [INFO] PinOutPanel:1499 - setPackage(No Configuration,No Configuration)
2023-12-27 10:39:04,483 [INFO] CADModel:165 - CPN selected for project level
2023-12-27 10:39:04,484 [INFO] CADModel:114 - Register for checkConnection events
2023-12-27 10:39:04,534 [INFO] IPUIPlugin:80 - create IPUIPlugin
2023-12-27 10:39:04,535 [INFO] PluginManager:220 - loadIPPluginJar : add adc
2023-12-27 10:39:04,608 [INFO] IPUIPlugin:80 - create IPUIPlugin
2023-12-27 10:39:04,609 [INFO] PluginManager:220 - loadIPPluginJar : add aes
2023-12-27 10:39:04,689 [INFO] IPUIPlugin:80 - create IPUIPlugin
2023-12-27 10:39:04,689 [INFO] PluginManager:220 - loadIPPluginJar : add can
2023-12-27 10:39:04,743 [INFO] IPUIPlugin:80 - create IPUIPlugin
2023-12-27 10:39:04,744 [INFO] PluginManager:220 - loadIPPluginJar : add comp
2023-12-27 10:39:04,823 [INFO] IPUIPlugin:80 - create IPUIPlugin
2023-12-27 10:39:04,824 [INFO] PluginManager:220 - loadIPPluginJar : add cryp
2023-12-27 10:39:04,918 [INFO] IPUIPlugin:80 - create IPUIPlugin
2023-12-27 10:39:04,919 [INFO] PluginManager:220 - loadIPPluginJar : add dfsdm
2023-12-27 10:39:04,956 [INFO] IPUIPlugin:80 - create IPUIPlugin
2023-12-27 10:39:04,958 [INFO] PluginManager:220 - loadIPPluginJar : add dma
2023-12-27 10:39:05,044 [INFO] IPUIPlugin:80 - create IPUIPlugin
2023-12-27 10:39:05,045 [INFO] PluginManager:220 - loadIPPluginJar : add dma3
2023-12-27 10:39:05,050 [INFO] IPUIPlugin:80 - create IPUIPlugin
2023-12-27 10:39:05,050 [INFO] PluginManager:220 - loadIPPluginJar : add fatfs
2023-12-27 10:39:05,149 [INFO] IPUIPlugin:80 - create IPUIPlugin
2023-12-27 10:39:05,149 [INFO] PluginManager:220 - loadIPPluginJar : add fmc
2023-12-27 10:39:05,183 [INFO] IPUIPlugin:80 - create IPUIPlugin
2023-12-27 10:39:05,183 [INFO] PluginManager:220 - loadIPPluginJar : add freertos
2023-12-27 10:39:05,247 [INFO] IPUIPlugin:80 - create IPUIPlugin
2023-12-27 10:39:05,248 [INFO] PluginManager:220 - loadIPPluginJar : add genericplugin
2023-12-27 10:39:05,533 [INFO] IPUIPlugin:80 - create IPUIPlugin
2023-12-27 10:39:05,533 [INFO] PluginManager:220 - loadIPPluginJar : add gfxmmu
2023-12-27 10:39:05,968 [INFO] IPUIPlugin:80 - create IPUIPlugin
2023-12-27 10:39:05,969 [INFO] PluginManager:220 - loadIPPluginJar : add gic
2023-12-27 10:39:05,997 [INFO] IPUIPlugin:80 - create IPUIPlugin
2023-12-27 10:39:05,997 [INFO] PluginManager:220 - loadIPPluginJar : add gpio
2023-12-27 10:39:06,100 [INFO] ThirdPartyUpdaterWithRetryManager:70 - Updater plugin not ready yet. [2/15]
2023-12-27 10:39:06,202 [INFO] IPUIPlugin:80 - create IPUIPlugin
2023-12-27 10:39:06,202 [INFO] PluginManager:220 - loadIPPluginJar : add gtzc
2023-12-27 10:39:06,296 [INFO] IPUIPlugin:80 - create IPUIPlugin
2023-12-27 10:39:06,297 [INFO] PluginManager:220 - loadIPPluginJar : add hash
2023-12-27 10:39:06,412 [INFO] IPUIPlugin:80 - create IPUIPlugin
2023-12-27 10:39:06,412 [INFO] PluginManager:220 - loadIPPluginJar : add i2c
2023-12-27 10:39:06,492 [INFO] IPUIPlugin:80 - create IPUIPlugin
2023-12-27 10:39:06,493 [INFO] PluginManager:220 - loadIPPluginJar : add i2s
2023-12-27 10:39:06,593 [INFO] IPUIPlugin:80 - create IPUIPlugin
2023-12-27 10:39:06,593 [INFO] PluginManager:220 - loadIPPluginJar : add i3c
2023-12-27 10:39:06,880 [INFO] IPUIPlugin:80 - create IPUIPlugin
2023-12-27 10:39:06,880 [INFO] PluginManager:220 - loadIPPluginJar : add ipddr
2023-12-27 10:39:07,083 [INFO] IPUIPlugin:80 - create IPUIPlugin
2023-12-27 10:39:07,083 [INFO] PluginManager:220 - loadIPPluginJar : add linkedlist
2023-12-27 10:39:07,147 [INFO] IPUIPlugin:80 - create IPUIPlugin
2023-12-27 10:39:07,147 [INFO] PluginManager:220 - loadIPPluginJar : add lorawan
2023-12-27 10:39:07,216 [INFO] IPUIPlugin:80 - create IPUIPlugin
2023-12-27 10:39:07,217 [INFO] PluginManager:220 - loadIPPluginJar : add ltdc
2023-12-27 10:39:07,244 [INFO] IPUIPlugin:80 - create IPUIPlugin
2023-12-27 10:39:07,245 [INFO] PluginManager:220 - loadIPPluginJar : add mdma
2023-12-27 10:39:07,274 [INFO] IPUIPlugin:80 - create IPUIPlugin
2023-12-27 10:39:07,275 [INFO] PluginManager:220 - loadIPPluginJar : add nvic
2023-12-27 10:39:07,369 [INFO] IPUIPlugin:80 - create IPUIPlugin
2023-12-27 10:39:07,369 [INFO] PluginManager:220 - loadIPPluginJar : add opamp
2023-12-27 10:39:07,542 [INFO] IPUIPlugin:80 - create IPUIPlugin
2023-12-27 10:39:07,543 [INFO] PluginManager:220 - loadIPPluginJar : add openamp
2023-12-27 10:39:07,631 [INFO] IPUIPlugin:80 - create IPUIPlugin
2023-12-27 10:39:07,631 [INFO] PluginManager:220 - loadIPPluginJar : add pdm2pcm
2023-12-27 10:39:07,666 [INFO] IPUIPlugin:80 - create IPUIPlugin
2023-12-27 10:39:07,672 [INFO] PluginManager:220 - loadIPPluginJar : add plateformsettings
2023-12-27 10:39:07,726 [INFO] IPUIPlugin:80 - create IPUIPlugin
2023-12-27 10:39:07,726 [INFO] PluginManager:220 - loadIPPluginJar : add quadspi
2023-12-27 10:39:07,756 [INFO] IPUIPlugin:80 - create IPUIPlugin
2023-12-27 10:39:07,756 [INFO] PluginManager:220 - loadIPPluginJar : add resmgrutility
2023-12-27 10:39:07,895 [INFO] IPUIPlugin:80 - create IPUIPlugin
2023-12-27 10:39:07,896 [INFO] PluginManager:220 - loadIPPluginJar : add sai
2023-12-27 10:39:07,996 [INFO] IPUIPlugin:80 - create IPUIPlugin
2023-12-27 10:39:07,996 [INFO] PluginManager:220 - loadIPPluginJar : add spi
2023-12-27 10:39:08,113 [INFO] IPUIPlugin:80 - create IPUIPlugin
2023-12-27 10:39:08,113 [INFO] PluginManager:220 - loadIPPluginJar : add stm32_wpan
2023-12-27 10:39:08,165 [INFO] IPUIPlugin:80 - create IPUIPlugin
2023-12-27 10:39:08,166 [INFO] PluginManager:220 - loadIPPluginJar : add tim
2023-12-27 10:39:08,280 [INFO] IPUIPlugin:80 - create IPUIPlugin
2023-12-27 10:39:08,280 [INFO] PluginManager:220 - loadIPPluginJar : add touchsensing
2023-12-27 10:39:08,328 [INFO] IPUIPlugin:80 - create IPUIPlugin
2023-12-27 10:39:08,329 [INFO] PluginManager:220 - loadIPPluginJar : add tracer_emb
2023-12-27 10:39:08,370 [INFO] IPUIPlugin:80 - create IPUIPlugin
2023-12-27 10:39:08,371 [INFO] PluginManager:220 - loadIPPluginJar : add ts
2023-12-27 10:39:08,409 [INFO] IPUIPlugin:80 - create IPUIPlugin
2023-12-27 10:39:08,409 [INFO] PluginManager:220 - loadIPPluginJar : add tsc
2023-12-27 10:39:08,450 [INFO] IPUIPlugin:80 - create IPUIPlugin
2023-12-27 10:39:08,451 [INFO] PluginManager:220 - loadIPPluginJar : add ucpd
2023-12-27 10:39:08,532 [INFO] IPUIPlugin:80 - create IPUIPlugin
2023-12-27 10:39:08,532 [INFO] PluginManager:220 - loadIPPluginJar : add usart
2023-12-27 10:39:08,612 [INFO] IPUIPlugin:80 - create IPUIPlugin
2023-12-27 10:39:08,612 [INFO] PluginManager:220 - loadIPPluginJar : add usbx
2023-12-27 10:39:08,795 [INFO] CADModel:165 - CPN selected for project level
2023-12-27 10:39:08,795 [INFO] CADModel:114 - Register for checkConnection events
2023-12-27 10:39:08,795 [FATAL] Updater:308 - Updater called before beeing initialized
2023-12-27 10:39:08,796 [ERROR] CADModel:125 - Updater not yet initialized, retry later 
2023-12-27 10:39:09,084 [INFO] CADModel:165 - CPN selected for project level
2023-12-27 10:39:09,084 [INFO] CADModel:114 - Register for checkConnection events
2023-12-27 10:39:09,085 [FATAL] Updater:308 - Updater called before beeing initialized
2023-12-27 10:39:09,085 [ERROR] CADModel:125 - Updater not yet initialized, retry later 
2023-12-27 10:39:09,091 [FATAL] Updater:308 - Updater called before beeing initialized
2023-12-27 10:39:09,101 [INFO] ThirdPartyUpdaterWithRetryManager:70 - Updater plugin not ready yet. [3/15]
2023-12-27 10:39:09,338 [FATAL] Updater:308 - Updater called before beeing initialized
2023-12-27 10:39:09,349 [INFO] DbMcusAds:53 - JSON generation date=Wed Nov 29 19:52:38 JST 2023 (1701255158764)
2023-12-27 10:39:09,349 [FATAL] Updater:308 - Updater called before beeing initialized
2023-12-27 10:39:09,494 [WARN] DetailPanel:346 - Failed to get advertising image, set to default
2023-12-27 10:39:09,684 [FATAL] Updater:308 - Updater called before beeing initialized
2023-12-27 10:39:09,688 [FATAL] Updater:308 - Updater called before beeing initialized
2023-12-27 10:39:09,688 [FATAL] Updater:308 - Updater called before beeing initialized
2023-12-27 10:39:09,688 [WARN] DetailPanel:346 - Failed to get advertising image, set to default
2023-12-27 10:39:09,690 [FATAL] Updater:308 - Updater called before beeing initialized
2023-12-27 10:39:09,793 [ERROR] Updater:1120 - MainUpdater not yet initialized. External WinMGr cannot be set.
2023-12-27 10:39:09,814 [INFO] Updater:1056 - Updater Version found : 6.9.1
2023-12-27 10:39:09,851 [INFO] ApplicationProperties:184 - Using Application install path: C:\ST\STM32CubeIDE_1.4.0\STM32CubeIDE\plugins\com.st.stm32cube.common.mx_6.9.1.202307191849
2023-12-27 10:39:10,134 [INFO] MainUpdater:2868 - connection check result : 10
2023-12-27 10:39:10,136 [INFO] MainUpdater:285 - Updater Check For Update Now.
2023-12-27 10:39:10,136 [INFO] MicroXplorer:498 - Change Database Version : DB.6.0.91
2023-12-27 10:39:10,172 [INFO] McuFinderGlobals:63 - Set McuFinder mode to 2 (CubeIDE integrated)
2023-12-27 10:39:10,172 [INFO] UserAuth:179 - activating auth plugin
2023-12-27 10:39:10,178 [INFO] UserAuth:393 - Internet connection configuration mode: 1
2023-12-27 10:39:10,227 [INFO] JxBrowserEngine:151 - Initiate JxBrowser Engine with user profile folder
2023-12-27 10:39:10,470 [INFO] CheckServerUpdateThread:120 - End of CheckServer Thread
2023-12-27 10:39:12,396 [INFO] WebApp:157 - Instantiating new browser for Auth
2023-12-27 10:39:12,752 [WARN] PackLoader:240 - Cannot read IP mode file for STMicroelectronics.X-CUBE-SMBUS.2.1.0
2023-12-27 10:39:12,768 [WARN] PackLoader:240 - Cannot read IP mode file for STMicroelectronics.X-CUBE-TOUCHGFX.4.23.0
2023-12-27 10:39:12,861 [WARN] PackLoader:240 - Cannot read IP mode file for STMicroelectronics.X-CUBE-AZRTOS-F7.1.1.0
2023-12-27 10:39:12,906 [ERROR] RealEvaluatedCondition:428 - Found unsupported composite condition: GROUP='STM32_MetaDataManager' CLASS='Data Exchange'
2023-12-27 10:39:12,906 [ERROR] RealEvaluatedCondition:428 - Found unsupported composite condition: CLASS='Data Exchange' GROUP='STM32_MetaDataManager'
2023-12-27 10:39:12,912 [WARN] PackLoader:240 - Cannot read IP mode file for STMicroelectronics.FP-SNS-MOTENV1.4.3.0
2023-12-27 10:39:12,937 [WARN] PackLoader:240 - Cannot read IP mode file for STMicroelectronics.FP-SNS-MOTENV1.4.3.2
2023-12-27 10:39:12,957 [WARN] PackLoader:240 - Cannot read IP mode file for STMicroelectronics.FP-SNS-FLIGHT1.5.0.0
2023-12-27 10:39:12,969 [ERROR] RealEvaluatedCondition:428 - Found unsupported composite condition: GROUP='STM32_MetaDataManager' CLASS='Data Exchange'
2023-12-27 10:39:12,970 [ERROR] RealEvaluatedCondition:428 - Found unsupported composite condition: CLASS='Data Exchange' GROUP='STM32_MetaDataManager'
2023-12-27 10:39:12,975 [WARN] PackLoader:240 - Cannot read IP mode file for STMicroelectronics.FP-SNS-MOTENV1.4.3.1
2023-12-27 10:39:12,992 [WARN] PackLoader:240 - Cannot read IP mode file for STMicroelectronics.FP-SNS-FLIGHT1.5.0.1
2023-12-27 10:39:13,014 [WARN] PackLoader:240 - Cannot read IP mode file for STMicroelectronics.X-CUBE-BLE1.6.2.4
2023-12-27 10:39:13,027 [WARN] PackLoader:240 - Cannot read IP mode file for STMicroelectronics.FP-SNS-FLIGHT1.5.0.2
2023-12-27 10:39:13,050 [WARN] PackLoader:240 - Cannot read IP mode file for STMicroelectronics.X-CUBE-DISPLAY.3.0.0
2023-12-27 10:39:13,077 [WARN] PackLoader:240 - Cannot read IP mode file for STMicroelectronics.X-CUBE-BLE1.7.0.0
2023-12-27 10:39:13,086 [WARN] PackLoader:240 - Cannot read IP mode file for STMicroelectronics.X-CUBE-TOUCHGFX.4.22.0
2023-12-27 10:39:13,103 [WARN] PackLoader:240 - Cannot read IP mode file for STMicroelectronics.X-CUBE-TOUCHGFX.4.22.1
2023-12-27 10:39:13,118 [WARN] PackLoader:240 - Cannot read IP mode file for STMicroelectronics.FP-SNS-SMARTAG2.1.2.0
2023-12-27 10:39:13,156 [INFO] LogOutputStream:77 - [STDOUT_REDIRECT] 1 : Invalid condition id : UX_CORESTACK_Condition cause : null
2023-12-27 10:39:13,157 [INFO] LogOutputStream:77 - [STDOUT_REDIRECT] 1 : Invalid condition id : UX_CORESTACK_Condition cause : null
2023-12-27 10:39:13,163 [INFO] LogOutputStream:77 - [STDOUT_REDIRECT] 1 : Invalid condition id : UX_CORESTACK_Condition cause : null
2023-12-27 10:39:13,167 [INFO] LogOutputStream:77 - [STDOUT_REDIRECT] 1 : Invalid condition id : UX_CORESTACK_Condition cause : null
2023-12-27 10:39:13,171 [INFO] LogOutputStream:77 - [STDOUT_REDIRECT] 1 : Invalid condition id : UX_CORESTACK_Condition cause : null
2023-12-27 10:39:13,182 [WARN] PackLoader:240 - Cannot read IP mode file for STMicroelectronics.X-CUBE-AZRTOS-WL.2.0.0
2023-12-27 10:39:13,209 [WARN] PackLoader:240 - Cannot read IP mode file for WES.I-CUBE-Cesium.1.3.0
2023-12-27 10:39:13,223 [WARN] PackLoader:240 - Cannot read IP mode file for STMicroelectronics.X-CUBE-BLE2.3.3.0
2023-12-27 10:39:13,252 [WARN] PackLoader:240 - Cannot read IP mode file for STMicroelectronics.X-CUBE-TOF1.3.2.0
2023-12-27 10:39:13,281 [WARN] PackLoader:240 - Cannot read IP mode file for STMicroelectronics.X-CUBE-TOUCHGFX.4.21.1
2023-12-27 10:39:13,290 [WARN] PackLoader:240 - Cannot read IP mode file for STMicroelectronics.X-CUBE-TOUCHGFX.4.21.3
2023-12-27 10:39:13,297 [WARN] PackLoader:240 - Cannot read IP mode file for STMicroelectronics.X-CUBE-TOUCHGFX.4.21.4
2023-12-27 10:39:13,316 [WARN] PackLoader:240 - Cannot read IP mode file for STMicroelectronics.X-CUBE-ALGOBUILD.1.3.0
2023-12-27 10:39:13,364 [WARN] PackLoader:240 - Cannot read IP mode file for STMicroelectronics.X-CUBE-AZRTOS-G0.1.1.0
2023-12-27 10:39:13,400 [WARN] PackLoader:240 - Cannot read IP mode file for STMicroelectronics.X-CUBE-NFC4.3.0.0
2023-12-27 10:39:13,438 [WARN] PackLoader:240 - Cannot read IP mode file for STMicroelectronics.X-CUBE-BLEMGR.3.0.0
2023-12-27 10:39:13,487 [WARN] PackLoader:240 - Cannot read IP mode file for STMicroelectronics.FP-ATR-SIGFOX1.3.2.0
2023-12-27 10:39:13,742 [WARN] PackLoader:240 - Cannot read IP mode file for STMicroelectronics.X-CUBE-MEMS1.9.5.0
2023-12-27 10:39:14,515 [WARN] PackLoader:240 - Cannot read IP mode file for SEGGER.I-CUBE-embOS.1.3.1
2023-12-27 10:39:14,649 [WARN] PackLoader:240 - Cannot read IP mode file for STMicroelectronics.X-CUBE-GNSS1.6.0.0
2023-12-27 10:39:14,695 [WARN] PackLoader:240 - Cannot read IP mode file for STMicroelectronics.X-CUBE-AZRTOS-F4.1.1.0
2023-12-27 10:39:14,749 [WARN] PackLoader:240 - Cannot read IP mode file for STMicroelectronics.X-CUBE-AZRTOS-L5.2.0.0
2023-12-27 10:39:14,998 [WARN] PackLoader:240 - Cannot read IP mode file for STMicroelectronics.X-CUBE-MEMS1.9.6.0
2023-12-27 10:39:15,121 [INFO] WebApp:753 - Register for checkConnection events
2023-12-27 10:39:15,122 [INFO] WebApp:390 - Apply proxy settings
2023-12-27 10:39:15,122 [INFO] WebApp:475 - Chromium requires no authentication
2023-12-27 10:39:15,143 [INFO] WebApp:418 - Direct internet connection detected
2023-12-27 10:39:15,464 [WARN] PackLoader:240 - Cannot read IP mode file for STMicroelectronics.X-CUBE-EEPRMA1.4.2.0
2023-12-27 10:39:15,480 [WARN] PackLoader:240 - Cannot read IP mode file for ITTIA_DB.I-CUBE-ITTIADB.8.8.0
2023-12-27 10:39:15,496 [WARN] PackLoader:240 - Cannot read IP mode file for emotas.I-CUBE-CANOPEN.1.1.3
2023-12-27 10:39:15,512 [WARN] PackLoader:240 - Cannot read IP mode file for STMicroelectronics.X-CUBE-BLEMGR.2.0.0
2023-12-27 10:39:15,557 [WARN] ConditionMgr:438 - getConditionDescription Invalid condition id : UX DEVICE CLASS RTOS Condition cause : null
2023-12-27 10:39:15,558 [WARN] ConditionMgr:438 - getConditionDescription Invalid condition id : UX DEVICE CLASS RTOS Condition cause : null
2023-12-27 10:39:15,565 [WARN] PackLoader:240 - Cannot read IP mode file for STMicroelectronics.X-CUBE-AZRTOS-H7.3.1.0
2023-12-27 10:39:15,569 [WARN] ConditionMgr:1039 - genDependencies : Invalid condition id : UX DEVICE CLASS RTOS Condition cause : null
2023-12-27 10:39:15,569 [WARN] ConditionMgr:1039 - genDependencies : Invalid condition id : UX DEVICE CLASS RTOS Condition cause : null
2023-12-27 10:39:15,571 [WARN] ConditionMgr:1039 - genDependencies : Invalid condition id : UX DEVICE CLASS RTOS Condition cause : null
2023-12-27 10:39:15,573 [WARN] ConditionMgr:1039 - genDependencies : Invalid condition id : UX DEVICE CLASS RTOS Condition cause : null
2023-12-27 10:39:15,573 [WARN] ConditionMgr:1039 - genDependencies : Invalid condition id : UX DEVICE CLASS RTOS Condition cause : null
2023-12-27 10:39:15,586 [WARN] PackLoader:240 - Cannot read IP mode file for wolfSSL.I-CUBE-wolfSSL.5.5.4
2023-12-27 10:39:15,684 [WARN] PackLoader:240 - Cannot read IP mode file for STMicroelectronics.X-CUBE-NFC7.1.0.1
2023-12-27 10:39:15,697 [WARN] PackLoader:240 - Cannot read IP mode file for STMicroelectronics.X-CUBE-NFC7.1.0.0
2023-12-27 10:39:15,722 [WARN] PackLoader:240 - Cannot read IP mode file for STMicroelectronics.X-CUBE-NFC6.3.0.0
2023-12-27 10:39:15,760 [WARN] PackLoader:240 - Cannot read IP mode file for STMicroelectronics.X-CUBE-EEPRMA1.4.1.0
2023-12-27 10:39:15,772 [WARN] PackLoader:240 - Cannot read IP mode file for STMicroelectronics.X-CUBE-AI.8.1.0
2023-12-27 10:39:15,787 [INFO] WebApp:188 - Starting web application
2023-12-27 10:39:15,788 [INFO] WebApp:520 - Web application path used C:\ST\STM32CubeIDE_1.4.0\STM32CubeIDE\plugins\com.st.stm32cube.common.mx_6.9.1.202307191849\db\plugins\mcufinder\reactClient1\index.html
2023-12-27 10:39:15,817 [WARN] ConditionMgr:438 - getConditionDescription Invalid condition id : LAN8742 Phy interface Condition cause : null
2023-12-27 10:39:15,819 [WARN] PackLoader:240 - Cannot read IP mode file for STMicroelectronics.X-CUBE-AZRTOS-L4.2.0.0
2023-12-27 10:39:15,822 [WARN] ConditionMgr:1039 - genDependencies : Invalid condition id : LAN8742 Phy interface Condition cause : null
2023-12-27 10:39:15,822 [WARN] ConditionMgr:1039 - genDependencies : Invalid condition id : LAN8742 Phy interface Condition cause : null
2023-12-27 10:39:15,824 [WARN] ConditionMgr:1039 - genDependencies : Invalid condition id : LAN8742 Phy interface Condition cause : null
2023-12-27 10:39:15,844 [WARN] PackLoader:240 - Cannot read IP mode file for STMicroelectronics.X-CUBE-SFXS2LP1.4.0.0
2023-12-27 10:39:15,933 [WARN] PackLoader:240 - Cannot read IP mode file for STMicroelectronics.X-CUBE-AZRTOS-H7.3.0.0
2023-12-27 10:39:15,961 [WARN] PackLoader:240 - Cannot read IP mode file for STMicroelectronics.X-CUBE-ISPU.1.1.0
2023-12-27 10:39:15,979 [WARN] PackLoader:240 - Cannot read IP mode file for RoweBots.I-CUBE-UNISONRTOS.5.5.0-4
2023-12-27 10:39:15,989 [WARN] PackLoader:240 - Cannot read IP mode file for STMicroelectronics.X-CUBE-AI.8.0.0
2023-12-27 10:39:16,031 [WARN] ConditionMgr:438 - getConditionDescription Invalid condition id : UX DEVICE CLASS RTOS Condition cause : null
2023-12-27 10:39:16,031 [WARN] ConditionMgr:438 - getConditionDescription Invalid condition id : UX DEVICE CLASS RTOS Condition cause : null
2023-12-27 10:39:16,038 [WARN] PackLoader:240 - Cannot read IP mode file for STMicroelectronics.X-CUBE-AZRTOS-WB.2.0.0
2023-12-27 10:39:16,039 [WARN] ConditionMgr:1039 - genDependencies : Invalid condition id : UX DEVICE CLASS RTOS Condition cause : null
2023-12-27 10:39:16,040 [WARN] ConditionMgr:1039 - genDependencies : Invalid condition id : UX DEVICE CLASS RTOS Condition cause : null
2023-12-27 10:39:16,041 [WARN] ConditionMgr:1039 - genDependencies : Invalid condition id : UX DEVICE CLASS RTOS Condition cause : null
2023-12-27 10:39:16,041 [WARN] ConditionMgr:1039 - genDependencies : Invalid condition id : UX DEVICE CLASS RTOS Condition cause : null
2023-12-27 10:39:16,042 [WARN] ConditionMgr:1039 - genDependencies : Invalid condition id : UX DEVICE CLASS RTOS Condition cause : null
2023-12-27 10:39:16,083 [WARN] PackLoader:240 - Cannot read IP mode file for STMicroelectronics.X-CUBE-FREERTOS.1.0.0
2023-12-27 10:39:16,092 [WARN] PackLoader:240 - Cannot read IP mode file for STMicroelectronics.X-CUBE-FREERTOS.1.0.1
2023-12-27 10:39:16,150 [WARN] PackLoader:240 - Cannot read IP mode file for STMicroelectronics.X-CUBE-AZRTOS-L5.1.1.0
2023-12-27 10:39:16,180 [WARN] PackLoader:240 - Cannot read IP mode file for STMicroelectronics.X-CUBE-AI.8.0.1
2023-12-27 10:39:16,206 [WARN] PackLoader:240 - Cannot read IP mode file for STMicroelectronics.X-CUBE-SUBG2.5.0.0
2023-12-27 10:39:16,247 [WARN] PackLoader:240 - Cannot read IP mode file for STMicroelectronics.X-CUBE-TOF1.3.3.1
2023-12-27 10:39:16,304 [WARN] PackLoader:240 - Cannot read IP mode file for STMicroelectronics.X-CUBE-AZRTOS-G4.2.0.0
2023-12-27 10:39:16,331 [WARN] PackLoader:240 - Cannot read IP mode file for STMicroelectronics.X-CUBE-TOF1.3.3.0
2023-12-27 10:39:16,360 [WARN] PackLoader:240 - Cannot read IP mode file for STMicroelectronics.FP-ATR-ASTRA1.1.1.1
2023-12-27 10:39:16,392 [WARN] PackLoader:240 - Cannot read IP mode file for Infineon.AIROC-Wi-Fi-Bluetooth-STM32.1.5.1
2023-12-27 10:39:16,411 [WARN] PackLoader:240 - Cannot read IP mode file for STMicroelectronics.FP-SNS-MOTENVWB1.1.3.0
2023-12-27 10:39:16,421 [WARN] PackLoader:240 - Cannot read IP mode file for STMicroelectronics.FP-SNS-MOTENVWB1.1.3.1
2023-12-27 10:39:16,452 [WARN] PackLoader:240 - Cannot read IP mode file for STMicroelectronics.X-CUBE-AZRTOS-G4.1.0.0
2023-12-27 10:39:16,523 [WARN] PackLoader:240 - Cannot read IP mode file for STMicroelectronics.X-CUBE-AZRTOS-L4.1.0.0
2023-12-27 10:39:16,545 [WARN] PackLoader:240 - Cannot read IP mode file for STMicroelectronics.X-CUBE-ISPU.2.0.0
2023-12-27 10:39:16,664 [WARN] PackLoader:240 - Cannot read IP mode file for STMicroelectronics.X-CUBE-MEMS1.10.0.0
2023-12-27 10:39:17,022 [WARN] PackLoader:240 - Cannot read IP mode file for STMicroelectronics.X-CUBE-FREERTOS.1.1.0
2023-12-27 10:39:17,050 [WARN] PackLoader:240 - Cannot read IP mode file for STMicroelectronics.X-CUBE-AZRTOS-WL.1.0.0
2023-12-27 10:39:17,066 [WARN] PackLoader:240 - Cannot read IP mode file for portGmbH.I-Cube-SoM-uGOAL.1.1.0
2023-12-27 10:39:17,078 [WARN] PackLoader:240 - Cannot read IP mode file for STMicroelectronics.X-CUBE-ALS.1.0.1
2023-12-27 10:39:17,110 [WARN] PackLoader:240 - Cannot read IP mode file for STMicroelectronics.X-CUBE-AZRTOS-WB.1.1.0
2023-12-27 10:39:17,121 [WARN] PackLoader:240 - Cannot read IP mode file for STMicroelectronics.FP-ATR-ASTRA1.2.0.0
2023-12-27 10:39:17,185 [WARN] PackLoader:240 - Cannot read IP mode file for STMicroelectronics.X-CUBE-TOF1.3.4.0
2023-12-27 10:39:17,293 [WARN] PackLoader:240 - Cannot read IP mode file for STMicroelectronics.X-CUBE-AZRTOS-H7.3.2.0
2023-12-27 10:39:17,306 [INFO] ThirdParty:978 - Integrity check success = true
2023-12-27 10:39:17,306 [INFO] IntegrityCheckThread:100 - exiting critical section [integrity check]
2023-12-27 10:39:17,307 [INFO] IntegrityCheckThread:103 - End integrity checks thread
2023-12-27 11:01:39,352 [INFO] McuFinderGlobals:63 - Set McuFinder mode to 2 (CubeIDE integrated)
2023-12-27 11:01:39,410 [INFO] MainUpdater:2868 - connection check result : 10
2023-12-27 11:01:39,461 [INFO] McuFinderGlobals:76 - Set McuFinderConnectedMode to true
2023-12-27 11:01:40,065 [INFO] ServerAccessManage:473 - Download File mcusAds.json._tmp_
2023-12-27 11:01:40,184 [INFO] LoadUrlFilesThread:156 - End of LoadUrlFiles Thread
2023-12-27 11:01:40,307 [INFO] ServerAccessManage:473 - Download File cube-finder-db.zip
2023-12-27 11:01:44,756 [INFO] FileExtend:240 - Unzip File : cube-finder-db.zip
2023-12-27 11:01:44,757 [INFO] FileExtend:255 - Standard Zip Deflate
2023-12-27 11:01:46,661 [INFO] LoadUrlFilesThread:156 - End of LoadUrlFiles Thread
2023-12-27 11:01:47,878 [INFO] ServerAccessManage:473 - Download File crdb.zip
2023-12-27 11:01:49,797 [INFO] FileExtend:240 - Unzip File : crdb.zip
2023-12-27 11:01:49,798 [INFO] FileExtend:255 - Standard Zip Deflate
2023-12-27 11:01:49,945 [INFO] LoadUrlFilesThread:156 - End of LoadUrlFiles Thread
2023-12-27 11:01:50,105 [INFO] ServerAccessManage:473 - Download File tutoVideoDB.zip
2023-12-27 11:01:50,132 [INFO] FileExtend:240 - Unzip File : tutoVideoDB.zip
2023-12-27 11:01:50,132 [INFO] FileExtend:255 - Standard Zip Deflate
2023-12-27 11:01:50,244 [INFO] LoadUrlFilesThread:156 - End of LoadUrlFiles Thread
2023-12-27 11:01:50,246 [WARN] DbFile:41 - Overriding database path with different value: C:\Users\Minh\.stmcufinder\plugins\mcufinder/ => C:\Users\Minh\.stmcufinder\plugins\mcufinder
2023-12-27 11:01:50,369 [INFO] ServerAccessManage:473 - Download File api_config.json
2023-12-27 11:01:50,480 [INFO] LoadUrlFilesThread:156 - End of LoadUrlFiles Thread
2023-12-27 11:01:50,483 [INFO] DbMcusAds:53 - JSON generation date=Wed Nov 29 19:52:27 JST 2023 (1701255147349)
2023-12-27 11:01:50,552 [INFO] LoadUrlFilesThread:185 - End of LoadServerUrlFiles without Thread
2023-12-27 11:01:50,556 [INFO] TargetSelectorAdapter:259 - Refresh data is successful
2023-12-27 11:01:50,979 [INFO] ApiDb:581 - Connected to CubeFinder SQLite database (C:\Users\Minh\.stmcufinder\plugins\mcufinder\mcu\cube-finder-db.db)
2023-12-27 11:01:51,231 [INFO] ApiDb:668 - CubeFinder database Data Model version=2.1
2023-12-27 11:01:51,232 [INFO] ApiDb:669 - CubeFinder database Configuration version=3.0.39
2023-12-27 11:01:51,236 [INFO] ApiDb:670 - CubeFinder database generation date=2023-12-08 (1702028721)
2023-12-27 11:01:51,236 [INFO] ApiDb:671 - CubeFinder database FW Pack versions=[FP-ATR-ASTRA1_V2.0.0, FP-SNS-FLIGHT1_V5.0.1, FP-SNS-FLIGHT1_V5.0.2, FP-SNS-MOTENV1_V4.3.1, FP-SNS-MOTENV1_V4.3.2, FP-SNS-MOTENVWB1_V1.3.1, FP-SNS-SMARTAG2_V1.2.0, STM32Cube_FW_C0_V1.1.0, STM32Cube_FW_F4_V1.28.0, STM32Cube_FW_F7_V1.17.0, STM32Cube_FW_G0_V1.6.1, STM32Cube_FW_G4_V1.5.1, STM32Cube_FW_H5_V0.5.1, STM32Cube_FW_H5_V1.1.1, STM32Cube_FW_H5_V1.2.0RC2, STM32Cube_FW_H7_V1.11.0, STM32Cube_FW_L0_V1.12.2, STM32Cube_FW_L5_V1.5.0, STM32Cube_FW_U5_V1.3.0RC4, STM32Cube_FW_U5_V1.4.0, STM32Cube_FW_WBA_V1.0.0RC1, STM32Cube_FW_WBA_V1.1.0RC1, STM32Cube_FW_WBA_V1.2.0, STM32Cube_FW_WBA_V1.2.0RC2, STM32Cube_FW_WB_V1.15.0RC1, STM32Cube_FW_WB_V1.16.0, STM32Cube_FW_WB_V1.16.0RC2, STM32Cube_FW_WB_V1.18.0, STM32Cube_FW_WL_V1.3.0, X-CUBE-ALGOBUILD_V1.3.0, X-CUBE-ALS_V1.0.1, X-CUBE-AZRTOS-F4_V1.1.0, X-CUBE-AZRTOS-F7_V1.1.0, X-CUBE-AZRTOS-G0_V1.1.0, X-CUBE-AZRTOS-G4_V2.0.0, X-CUBE-AZRTOS-H7_V3.1.0, X-CUBE-AZRTOS-L4_V1.0.0, X-CUBE-AZRTOS-L4_V2.0.0, X-CUBE-AZRTOS-L5_V1.1.0, X-CUBE-AZRTOS-WB_V2.0.0, X-CUBE-AZRTOS-WL_V2.0.0, X-CUBE-BLE1_V7.0.0, X-CUBE-BLE2_V3.3.0, X-CUBE-BLEMGR_V3.0.0, X-CUBE-EEPRMA1_V4.1.0, X-CUBE-EEPRMA1_V4.2.0, X-CUBE-FREERTOS_V1.1.0, X-CUBE-GNSS1_V6.0.0, X-CUBE-MEMS1_V10.0.0, X-CUBE-MEMS1_V9.1.0, X-CUBE-MEMS1_V9.4.0, X-CUBE-MEMS1_V9.6.0, X-CUBE-NFC4_V3.0.0, X-CUBE-NFC7_V1.0.1, X-CUBE-SFXS2LP1_V4.0.0, X-CUBE-SUBG2_V5.0.0, X-CUBE-TOF1_V3.4.0]
2023-12-27 11:01:58,517 [INFO] ApiDb:240 - Found 323 in-development CPN: [B-G473E-ZEST1S, B-WB1M-WPAN1, B-WL5M-SUBG1, NUCLEO-C031C6, NUCLEO-H503RB, NUCLEO-H563ZI, NUCLEO-U545RE-Q, NUCLEO-U5A5ZJ-Q, NUCLEO-WBA52CG, STEVAL-PROTEUS1, STEVAL-SMARTAG2, STEVAL-STWINBX1, STM320518-EVAL, STM32C0116-DK, STM32C011D6Y3TR, STM32C011D6Y6TR, STM32C011F4P3, STM32C011F4P6, STM32C011F4U3, STM32C011F4U6TR, STM32C011F6P3, STM32C011F6P6, STM32C011F6U3, STM32C011F6U6TR, STM32C011J4M3, STM32C011J4M6, STM32C011J6M3, STM32C011J6M6, STM32C0316-DK, STM32C031C4T3, STM32C031C4T6, STM32C031C4U3, STM32C031C4U6, STM32C031C6T3, STM32C031C6T6, STM32C031C6U3, STM32C031C6U6, STM32C031F4P3, STM32C031F4P6, STM32C031F6P3, STM32C031F6P6, STM32C031G4U3, STM32C031G4U6, STM32C031G6U3, STM32C031G6U6, STM32C031K4T3, STM32C031K4T6, STM32C031K4U3, STM32C031K4U6, STM32C031K6T3, STM32C031K6T6, STM32C031K6U3, STM32C031K6U6, STM32G071K8TXN, STM32G071K8UXN, STM32G081GBU6N, STM32G081KBT6N, STM32G081KBUXN, STM32G0B1CCT6N, STM32G0B1KCT6, STM32G0B1NEY6TR, STM32G0B1RCT6N, STM32G0C1CCT6, STM32G0C1CCT6N, STM32G0C1CCU6N, STM32G0C1CET6N, STM32G0C1CEU6N, STM32G0C1KCT6, STM32G0C1NEY6TR, STM32G0C1RCI6N, STM32G0C1RCT6N, STM32G0C1REI6N, STM32G0C1RET6N, STM32G0C1VCI6, STM32G0C1VEI6, STM32G471CCT6, STM32G471CCU6, STM32G471CET3, STM32G471CET6, STM32G471CEU3, STM32G471CEU6, STM32G471MCT6, STM32G471MET3, STM32G471MET6, STM32G471MEY6TR, STM32G471QCT6, STM32G471QET3, STM32G471RCT6, STM32G471RET3, STM32G471RET6, STM32G471VCH6, STM32G471VCI6, STM32G471VCT6, STM32G471VEH3, STM32G471VEH6, STM32G471VEI3, STM32G471VEI6, STM32G471VET3, STM32G471VET6, STM32G474CCT6, STM32H503CBT6, STM32H503CBU6, STM32H503EBY6TR, STM32H503KBU6, STM32H503RBT6, STM32H562AGI6, STM32H562AII6, STM32H562IGK6, STM32H562IGT6, STM32H562IIK6, STM32H562IIT6, STM32H562RGT6, STM32H562RGV6, STM32H562RIT6, STM32H562RIV6, STM32H562VGT6, STM32H562VIT6, STM32H562ZGT6, STM32H562ZIT6, STM32H563AGI6, STM32H563AII3Q, STM32H563AII6, STM32H563IGK6, STM32H563IGT6, STM32H563IIK3Q, STM32H563IIK6, STM32H563IIT3Q, STM32H563IIT6, STM32H563MIY3QTR, STM32H563RGT6, STM32H563RGV6, STM32H563RIT6, STM32H563RIV6, STM32H563VGT6, STM32H563VIT3Q, STM32H563VIT6, STM32H563ZGT6, STM32H563ZIT3Q, STM32H563ZIT6, STM32H573AII3Q, STM32H573AII6, STM32H573I-DK, STM32H573IIK3Q, STM32H573IIK6, STM32H573IIT3Q, STM32H573IIT6, STM32H573MIY3QTR, STM32H573RIT6, STM32H573RIV6, STM32H573VIT3Q, STM32H573VIT6, STM32H573ZIT3Q, STM32H573ZIT6, STM32L4R5QGI6STR, STM32MP131AAE3, STM32MP131AAF3, STM32MP131AAG3, STM32MP131CAE3, STM32MP131CAF3, STM32MP131CAG3, STM32MP131DAE7, STM32MP131DAF7, STM32MP131DAG7, STM32MP131FAE7, STM32MP131FAF7, STM32MP131FAG7, STM32MP133AAE3, STM32MP133AAF3, STM32MP133AAG3, STM32MP133CAE3, STM32MP133CAF3, STM32MP133CAG3, STM32MP133DAE7, STM32MP133DAF7, STM32MP133DAG7, STM32MP133FAE7, STM32MP133FAF7, STM32MP133FAG7, STM32MP135AAE3, STM32MP135AAF3, STM32MP135AAG3, STM32MP135CAE3, STM32MP135CAF3, STM32MP135CAG3, STM32MP135DAE7, STM32MP135DAF7, STM32MP135DAG7, STM32MP135F-DK, STM32MP135FAE7, STM32MP135FAF7, STM32MP135FAF7T, STM32MP135FAF7U, STM32MP135FAG7, STM32U535CBT6, STM32U535CBT6Q, STM32U535CBU6, STM32U535CBU6Q, STM32U535CCT6, STM32U535CCT6Q, STM32U535CCU6, STM32U535CCU6Q, STM32U535CET6, STM32U535CET6Q, STM32U535CEU6, STM32U535CEU6Q, STM32U535JEY6QTR, STM32U535NCY6QTR, STM32U535NEY6QTR, STM32U535RBI6, STM32U535RBI6Q, STM32U535RBT6, STM32U535RBT6Q, STM32U535RCI6, STM32U535RCI6Q, STM32U535RCT6, STM32U535RCT6Q, STM32U535REI6, STM32U535REI6Q, STM32U535RET6, STM32U535RET6Q, STM32U535VCI6, STM32U535VCI6Q, STM32U535VCT6, STM32U535VCT6Q, STM32U535VEI6, STM32U535VEI6Q, STM32U535VET6, STM32U535VET6Q, STM32U545CET6, STM32U545CET6Q, STM32U545CEU6, STM32U545CEU6Q, STM32U545JEY6QTR, STM32U545NEY6QTR, STM32U545REI6, STM32U545REI6Q, STM32U545RET6, STM32U545RET6Q, STM32U545VEI6, STM32U545VEI6Q, STM32U545VET6, STM32U545VET6Q, STM32U595AIH6, STM32U595AIH6Q, STM32U595AJH6, STM32U595AJH6Q, STM32U595QII6, STM32U595QII6Q, STM32U595QJI6, STM32U595QJI6Q, STM32U595RIT6, STM32U595RIT6Q, STM32U595RJT6, STM32U595RJT6Q, STM32U595VIT6, STM32U595VIT6Q, STM32U595VJT6, STM32U595VJT6Q, STM32U595ZIT6, STM32U595ZIT6Q, STM32U595ZIY6QTR, STM32U595ZJT6, STM32U595ZJT6Q, STM32U595ZJY6QTR, STM32U599BJY6QTR, STM32U599NIH6Q, STM32U599NJH6Q, STM32U599VIT6Q, STM32U599VJT6, STM32U599VJT6Q, STM32U599ZIT6Q, STM32U599ZIY6QTR, STM32U599ZJT6Q, STM32U599ZJY6QTR, STM32U5A5AJH6, STM32U5A5AJH6Q, STM32U5A5QJI6, STM32U5A5QJI6Q, STM32U5A5RJT6, STM32U5A5RJT6Q, STM32U5A5VJT6, STM32U5A5VJT6Q, STM32U5A5ZJT6, STM32U5A5ZJT6Q, STM32U5A5ZJY6QTR, STM32U5A9BJY6QTR, STM32U5A9J-DK, STM32U5A9NJH6Q, STM32U5A9VJT6Q, STM32U5A9ZJT6Q, STM32U5A9ZJY6QTR, STM32U5F7VIT6, STM32U5F7VIT6Q, STM32U5F7VJT6, STM32U5F7VJT6Q, STM32U5F9BJY6QTR, STM32U5F9NJH6Q, STM32U5F9VIT6Q, STM32U5F9VJT6Q, STM32U5F9ZIJ6QTR, STM32U5F9ZIT6Q, STM32U5F9ZJJ6QTR, STM32U5F9ZJT6Q, STM32U5G7VJT6, STM32U5G7VJT6Q, STM32U5G9BJY6QTR, STM32U5G9J-DK1, STM32U5G9J-DK2, STM32U5G9NJH6Q, STM32U5G9VJT6Q, STM32U5G9ZJJ6QTR, STM32U5G9ZJT6Q, STM32WB1MMCH6, STM32WBA52CEU6, STM32WBA52CEU6T, STM32WBA52CGU6, STM32WBA52CGU6T, STM32WBA52KEU6, STM32WBA52KEU6T, STM32WBA52KGU6, STM32WBA52KGU6T, STM32WL5MOCH6, STM32WL5MOCH6TR]
2023-12-27 11:01:58,542 [INFO] DbMcus:217 - Found 3882 MCUs, 3882 are supported
2023-12-27 11:01:58,549 [INFO] ApiDb:423 - Load user favorites file C:\Users\Minh/.stm32cubeide/favorites.mcus.txt: 0 item(s)
2023-12-27 11:01:58,550 [INFO] ApiDb:427 - User favorites MCUs=[]
2023-12-27 11:01:58,551 [INFO] DbMcus:223 - Set 0 / 0 favorites MCUs
2023-12-27 11:02:00,144 [INFO] ApiDb:668 - CubeFinder database Data Model version=2.1
2023-12-27 11:02:00,144 [INFO] ApiDb:669 - CubeFinder database Configuration version=3.0.39
2023-12-27 11:02:00,144 [INFO] ApiDb:670 - CubeFinder database generation date=2023-12-08 (1702028721)
2023-12-27 11:02:00,144 [INFO] ApiDb:671 - CubeFinder database FW Pack versions=[FP-ATR-ASTRA1_V2.0.0, FP-SNS-FLIGHT1_V5.0.1, FP-SNS-FLIGHT1_V5.0.2, FP-SNS-MOTENV1_V4.3.1, FP-SNS-MOTENV1_V4.3.2, FP-SNS-MOTENVWB1_V1.3.1, FP-SNS-SMARTAG2_V1.2.0, STM32Cube_FW_C0_V1.1.0, STM32Cube_FW_F4_V1.28.0, STM32Cube_FW_F7_V1.17.0, STM32Cube_FW_G0_V1.6.1, STM32Cube_FW_G4_V1.5.1, STM32Cube_FW_H5_V0.5.1, STM32Cube_FW_H5_V1.1.1, STM32Cube_FW_H5_V1.2.0RC2, STM32Cube_FW_H7_V1.11.0, STM32Cube_FW_L0_V1.12.2, STM32Cube_FW_L5_V1.5.0, STM32Cube_FW_U5_V1.3.0RC4, STM32Cube_FW_U5_V1.4.0, STM32Cube_FW_WBA_V1.0.0RC1, STM32Cube_FW_WBA_V1.1.0RC1, STM32Cube_FW_WBA_V1.2.0, STM32Cube_FW_WBA_V1.2.0RC2, STM32Cube_FW_WB_V1.15.0RC1, STM32Cube_FW_WB_V1.16.0, STM32Cube_FW_WB_V1.16.0RC2, STM32Cube_FW_WB_V1.18.0, STM32Cube_FW_WL_V1.3.0, X-CUBE-ALGOBUILD_V1.3.0, X-CUBE-ALS_V1.0.1, X-CUBE-AZRTOS-F4_V1.1.0, X-CUBE-AZRTOS-F7_V1.1.0, X-CUBE-AZRTOS-G0_V1.1.0, X-CUBE-AZRTOS-G4_V2.0.0, X-CUBE-AZRTOS-H7_V3.1.0, X-CUBE-AZRTOS-L4_V1.0.0, X-CUBE-AZRTOS-L4_V2.0.0, X-CUBE-AZRTOS-L5_V1.1.0, X-CUBE-AZRTOS-WB_V2.0.0, X-CUBE-AZRTOS-WL_V2.0.0, X-CUBE-BLE1_V7.0.0, X-CUBE-BLE2_V3.3.0, X-CUBE-BLEMGR_V3.0.0, X-CUBE-EEPRMA1_V4.1.0, X-CUBE-EEPRMA1_V4.2.0, X-CUBE-FREERTOS_V1.1.0, X-CUBE-GNSS1_V6.0.0, X-CUBE-MEMS1_V10.0.0, X-CUBE-MEMS1_V9.1.0, X-CUBE-MEMS1_V9.4.0, X-CUBE-MEMS1_V9.6.0, X-CUBE-NFC4_V3.0.0, X-CUBE-NFC7_V1.0.1, X-CUBE-SFXS2LP1_V4.0.0, X-CUBE-SUBG2_V5.0.0, X-CUBE-TOF1_V3.4.0]
2023-12-27 11:02:00,390 [INFO] DbBoardsSqlite:226 - include board P-NUCLEO-WB55-NUCLEO as a kit item of type 'Nucleo-64'
2023-12-27 11:02:00,391 [INFO] DbBoardsSqlite:226 - include board P-NUCLEO-WB55-USBDONGLE as a kit item of type 'Nucleo USB Dongle'
2023-12-27 11:02:00,391 [INFO] DbBoardsSqlite:226 - include board STEVAL-IDP005V1 as a kit item of type 'Evaluation Board'
2023-12-27 11:02:00,392 [INFO] DbBoardsSqlite:226 - include board STEVAL-IDP005V2 as a kit item of type 'Evaluation Board'
2023-12-27 11:02:00,579 [INFO] ApiDb:240 - Found 323 in-development CPN: [B-G473E-ZEST1S, B-WB1M-WPAN1, B-WL5M-SUBG1, NUCLEO-C031C6, NUCLEO-H503RB, NUCLEO-H563ZI, NUCLEO-U545RE-Q, NUCLEO-U5A5ZJ-Q, NUCLEO-WBA52CG, STEVAL-PROTEUS1, STEVAL-SMARTAG2, STEVAL-STWINBX1, STM320518-EVAL, STM32C0116-DK, STM32C011D6Y3TR, STM32C011D6Y6TR, STM32C011F4P3, STM32C011F4P6, STM32C011F4U3, STM32C011F4U6TR, STM32C011F6P3, STM32C011F6P6, STM32C011F6U3, STM32C011F6U6TR, STM32C011J4M3, STM32C011J4M6, STM32C011J6M3, STM32C011J6M6, STM32C0316-DK, STM32C031C4T3, STM32C031C4T6, STM32C031C4U3, STM32C031C4U6, STM32C031C6T3, STM32C031C6T6, STM32C031C6U3, STM32C031C6U6, STM32C031F4P3, STM32C031F4P6, STM32C031F6P3, STM32C031F6P6, STM32C031G4U3, STM32C031G4U6, STM32C031G6U3, STM32C031G6U6, STM32C031K4T3, STM32C031K4T6, STM32C031K4U3, STM32C031K4U6, STM32C031K6T3, STM32C031K6T6, STM32C031K6U3, STM32C031K6U6, STM32G071K8TXN, STM32G071K8UXN, STM32G081GBU6N, STM32G081KBT6N, STM32G081KBUXN, STM32G0B1CCT6N, STM32G0B1KCT6, STM32G0B1NEY6TR, STM32G0B1RCT6N, STM32G0C1CCT6, STM32G0C1CCT6N, STM32G0C1CCU6N, STM32G0C1CET6N, STM32G0C1CEU6N, STM32G0C1KCT6, STM32G0C1NEY6TR, STM32G0C1RCI6N, STM32G0C1RCT6N, STM32G0C1REI6N, STM32G0C1RET6N, STM32G0C1VCI6, STM32G0C1VEI6, STM32G471CCT6, STM32G471CCU6, STM32G471CET3, STM32G471CET6, STM32G471CEU3, STM32G471CEU6, STM32G471MCT6, STM32G471MET3, STM32G471MET6, STM32G471MEY6TR, STM32G471QCT6, STM32G471QET3, STM32G471RCT6, STM32G471RET3, STM32G471RET6, STM32G471VCH6, STM32G471VCI6, STM32G471VCT6, STM32G471VEH3, STM32G471VEH6, STM32G471VEI3, STM32G471VEI6, STM32G471VET3, STM32G471VET6, STM32G474CCT6, STM32H503CBT6, STM32H503CBU6, STM32H503EBY6TR, STM32H503KBU6, STM32H503RBT6, STM32H562AGI6, STM32H562AII6, STM32H562IGK6, STM32H562IGT6, STM32H562IIK6, STM32H562IIT6, STM32H562RGT6, STM32H562RGV6, STM32H562RIT6, STM32H562RIV6, STM32H562VGT6, STM32H562VIT6, STM32H562ZGT6, STM32H562ZIT6, STM32H563AGI6, STM32H563AII3Q, STM32H563AII6, STM32H563IGK6, STM32H563IGT6, STM32H563IIK3Q, STM32H563IIK6, STM32H563IIT3Q, STM32H563IIT6, STM32H563MIY3QTR, STM32H563RGT6, STM32H563RGV6, STM32H563RIT6, STM32H563RIV6, STM32H563VGT6, STM32H563VIT3Q, STM32H563VIT6, STM32H563ZGT6, STM32H563ZIT3Q, STM32H563ZIT6, STM32H573AII3Q, STM32H573AII6, STM32H573I-DK, STM32H573IIK3Q, STM32H573IIK6, STM32H573IIT3Q, STM32H573IIT6, STM32H573MIY3QTR, STM32H573RIT6, STM32H573RIV6, STM32H573VIT3Q, STM32H573VIT6, STM32H573ZIT3Q, STM32H573ZIT6, STM32L4R5QGI6STR, STM32MP131AAE3, STM32MP131AAF3, STM32MP131AAG3, STM32MP131CAE3, STM32MP131CAF3, STM32MP131CAG3, STM32MP131DAE7, STM32MP131DAF7, STM32MP131DAG7, STM32MP131FAE7, STM32MP131FAF7, STM32MP131FAG7, STM32MP133AAE3, STM32MP133AAF3, STM32MP133AAG3, STM32MP133CAE3, STM32MP133CAF3, STM32MP133CAG3, STM32MP133DAE7, STM32MP133DAF7, STM32MP133DAG7, STM32MP133FAE7, STM32MP133FAF7, STM32MP133FAG7, STM32MP135AAE3, STM32MP135AAF3, STM32MP135AAG3, STM32MP135CAE3, STM32MP135CAF3, STM32MP135CAG3, STM32MP135DAE7, STM32MP135DAF7, STM32MP135DAG7, STM32MP135F-DK, STM32MP135FAE7, STM32MP135FAF7, STM32MP135FAF7T, STM32MP135FAF7U, STM32MP135FAG7, STM32U535CBT6, STM32U535CBT6Q, STM32U535CBU6, STM32U535CBU6Q, STM32U535CCT6, STM32U535CCT6Q, STM32U535CCU6, STM32U535CCU6Q, STM32U535CET6, STM32U535CET6Q, STM32U535CEU6, STM32U535CEU6Q, STM32U535JEY6QTR, STM32U535NCY6QTR, STM32U535NEY6QTR, STM32U535RBI6, STM32U535RBI6Q, STM32U535RBT6, STM32U535RBT6Q, STM32U535RCI6, STM32U535RCI6Q, STM32U535RCT6, STM32U535RCT6Q, STM32U535REI6, STM32U535REI6Q, STM32U535RET6, STM32U535RET6Q, STM32U535VCI6, STM32U535VCI6Q, STM32U535VCT6, STM32U535VCT6Q, STM32U535VEI6, STM32U535VEI6Q, STM32U535VET6, STM32U535VET6Q, STM32U545CET6, STM32U545CET6Q, STM32U545CEU6, STM32U545CEU6Q, STM32U545JEY6QTR, STM32U545NEY6QTR, STM32U545REI6, STM32U545REI6Q, STM32U545RET6, STM32U545RET6Q, STM32U545VEI6, STM32U545VEI6Q, STM32U545VET6, STM32U545VET6Q, STM32U595AIH6, STM32U595AIH6Q, STM32U595AJH6, STM32U595AJH6Q, STM32U595QII6, STM32U595QII6Q, STM32U595QJI6, STM32U595QJI6Q, STM32U595RIT6, STM32U595RIT6Q, STM32U595RJT6, STM32U595RJT6Q, STM32U595VIT6, STM32U595VIT6Q, STM32U595VJT6, STM32U595VJT6Q, STM32U595ZIT6, STM32U595ZIT6Q, STM32U595ZIY6QTR, STM32U595ZJT6, STM32U595ZJT6Q, STM32U595ZJY6QTR, STM32U599BJY6QTR, STM32U599NIH6Q, STM32U599NJH6Q, STM32U599VIT6Q, STM32U599VJT6, STM32U599VJT6Q, STM32U599ZIT6Q, STM32U599ZIY6QTR, STM32U599ZJT6Q, STM32U599ZJY6QTR, STM32U5A5AJH6, STM32U5A5AJH6Q, STM32U5A5QJI6, STM32U5A5QJI6Q, STM32U5A5RJT6, STM32U5A5RJT6Q, STM32U5A5VJT6, STM32U5A5VJT6Q, STM32U5A5ZJT6, STM32U5A5ZJT6Q, STM32U5A5ZJY6QTR, STM32U5A9BJY6QTR, STM32U5A9J-DK, STM32U5A9NJH6Q, STM32U5A9VJT6Q, STM32U5A9ZJT6Q, STM32U5A9ZJY6QTR, STM32U5F7VIT6, STM32U5F7VIT6Q, STM32U5F7VJT6, STM32U5F7VJT6Q, STM32U5F9BJY6QTR, STM32U5F9NJH6Q, STM32U5F9VIT6Q, STM32U5F9VJT6Q, STM32U5F9ZIJ6QTR, STM32U5F9ZIT6Q, STM32U5F9ZJJ6QTR, STM32U5F9ZJT6Q, STM32U5G7VJT6, STM32U5G7VJT6Q, STM32U5G9BJY6QTR, STM32U5G9J-DK1, STM32U5G9J-DK2, STM32U5G9NJH6Q, STM32U5G9VJT6Q, STM32U5G9ZJJ6QTR, STM32U5G9ZJT6Q, STM32WB1MMCH6, STM32WBA52CEU6, STM32WBA52CEU6T, STM32WBA52CGU6, STM32WBA52CGU6T, STM32WBA52KEU6, STM32WBA52KEU6T, STM32WBA52KGU6, STM32WBA52KGU6T, STM32WL5MOCH6, STM32WL5MOCH6TR]
2023-12-27 11:02:00,977 [INFO] BoardInfo:880 - No configuration file found for board P-NUCLEO-WB55
2023-12-27 11:02:00,978 [INFO] DbBoards:157 - Kit is not supported: P-NUCLEO-WB55
2023-12-27 11:02:00,994 [INFO] BoardInfo:880 - No configuration file found for board STEVAL-BFA001V1B
2023-12-27 11:02:00,994 [INFO] DbBoards:157 - Kit is not supported: STEVAL-BFA001V1B
2023-12-27 11:02:01,013 [INFO] BoardInfo:880 - No configuration file found for board STEVAL-BFA001V2B
2023-12-27 11:02:01,013 [INFO] DbBoards:157 - Kit is not supported: STEVAL-BFA001V2B
2023-12-27 11:02:01,024 [INFO] BoardInfo:880 - No configuration file found for board STEVAL-MKBOXPRO
2023-12-27 11:02:01,025 [INFO] DbBoards:157 - Board is not supported: STEVAL-MKBOXPRO
2023-12-27 11:02:01,393 [INFO] DbBoards:161 - Found 191 boards, 187 are supported
2023-12-27 11:02:01,403 [INFO] ApiDb:423 - Load user favorites file C:\Users\Minh/.stm32cubeide/favorites.boards.txt: 1 item(s)
2023-12-27 11:02:01,403 [INFO] ApiDb:427 - User favorites Boards=[STM32F407G-DISC1]
2023-12-27 11:02:01,404 [INFO] DbBoards:190 - Set 1 / 1 favorites Boards
2023-12-27 11:02:01,410 [INFO] ApiDb:668 - CubeFinder database Data Model version=2.1
2023-12-27 11:02:01,410 [INFO] ApiDb:669 - CubeFinder database Configuration version=3.0.39
2023-12-27 11:02:01,411 [INFO] ApiDb:670 - CubeFinder database generation date=2023-12-08 (1702028721)
2023-12-27 11:02:01,411 [INFO] ApiDb:671 - CubeFinder database FW Pack versions=[FP-ATR-ASTRA1_V2.0.0, FP-SNS-FLIGHT1_V5.0.1, FP-SNS-FLIGHT1_V5.0.2, FP-SNS-MOTENV1_V4.3.1, FP-SNS-MOTENV1_V4.3.2, FP-SNS-MOTENVWB1_V1.3.1, FP-SNS-SMARTAG2_V1.2.0, STM32Cube_FW_C0_V1.1.0, STM32Cube_FW_F4_V1.28.0, STM32Cube_FW_F7_V1.17.0, STM32Cube_FW_G0_V1.6.1, STM32Cube_FW_G4_V1.5.1, STM32Cube_FW_H5_V0.5.1, STM32Cube_FW_H5_V1.1.1, STM32Cube_FW_H5_V1.2.0RC2, STM32Cube_FW_H7_V1.11.0, STM32Cube_FW_L0_V1.12.2, STM32Cube_FW_L5_V1.5.0, STM32Cube_FW_U5_V1.3.0RC4, STM32Cube_FW_U5_V1.4.0, STM32Cube_FW_WBA_V1.0.0RC1, STM32Cube_FW_WBA_V1.1.0RC1, STM32Cube_FW_WBA_V1.2.0, STM32Cube_FW_WBA_V1.2.0RC2, STM32Cube_FW_WB_V1.15.0RC1, STM32Cube_FW_WB_V1.16.0, STM32Cube_FW_WB_V1.16.0RC2, STM32Cube_FW_WB_V1.18.0, STM32Cube_FW_WL_V1.3.0, X-CUBE-ALGOBUILD_V1.3.0, X-CUBE-ALS_V1.0.1, X-CUBE-AZRTOS-F4_V1.1.0, X-CUBE-AZRTOS-F7_V1.1.0, X-CUBE-AZRTOS-G0_V1.1.0, X-CUBE-AZRTOS-G4_V2.0.0, X-CUBE-AZRTOS-H7_V3.1.0, X-CUBE-AZRTOS-L4_V1.0.0, X-CUBE-AZRTOS-L4_V2.0.0, X-CUBE-AZRTOS-L5_V1.1.0, X-CUBE-AZRTOS-WB_V2.0.0, X-CUBE-AZRTOS-WL_V2.0.0, X-CUBE-BLE1_V7.0.0, X-CUBE-BLE2_V3.3.0, X-CUBE-BLEMGR_V3.0.0, X-CUBE-EEPRMA1_V4.1.0, X-CUBE-EEPRMA1_V4.2.0, X-CUBE-FREERTOS_V1.1.0, X-CUBE-GNSS1_V6.0.0, X-CUBE-MEMS1_V10.0.0, X-CUBE-MEMS1_V9.1.0, X-CUBE-MEMS1_V9.4.0, X-CUBE-MEMS1_V9.6.0, X-CUBE-NFC4_V3.0.0, X-CUBE-NFC7_V1.0.1, X-CUBE-SFXS2LP1_V4.0.0, X-CUBE-SUBG2_V5.0.0, X-CUBE-TOF1_V3.4.0]
2023-12-27 11:02:03,893 [ERROR] DbExamplesSqlite:437 - Missing JSON key: board_cpn
2023-12-27 11:02:03,893 [ERROR] DbExamplesSqlite:437 - Missing JSON key: board_cpn
2023-12-27 11:02:03,894 [ERROR] DbExamplesSqlite:437 - Missing JSON key: board_cpn
2023-12-27 11:02:03,895 [ERROR] DbExamplesSqlite:437 - Missing JSON key: board_cpn
2023-12-27 11:02:04,027 [INFO] DbExamplesSqlite:395 - Ignored 55 examples not supported by CubeIDE
2023-12-27 11:02:04,027 [INFO] DbExamplesSqlite:396 - Found 7560 examples active
2023-12-27 11:02:04,028 [INFO] DbExamplesSqlite:397 - Found 844 examples obsolete
2023-12-27 11:02:04,028 [INFO] DbExamplesSqlite:398 - Found 0 examples under development
2023-12-27 11:02:04,028 [INFO] DbExamplesSqlite:399 - Found 8 examples not building
2023-12-27 11:02:04,032 [INFO] DbExamples:125 - Found 7513 examples
2023-12-27 11:02:04,426 [ERROR] DbExamples:208 - Found 247 examples with invalid data (board or MCU)
2023-12-27 11:02:04,427 [INFO] DbExamples:222 - Found 93 boards with related examples
2023-12-27 11:02:04,430 [INFO] DbExamples:235 - Found 79 MCUs with related examples
2023-12-27 11:02:04,495 [INFO] ApiDb:423 - Load user favorites file C:\Users\Minh/.stm32cubeide/favorites.examples.txt: 0 item(s)
2023-12-27 11:02:04,495 [INFO] ApiDb:427 - User favorites Examples=[]
2023-12-27 11:02:04,496 [INFO] DbExamples:250 - Set 0 / 0 favorites Examples
2023-12-27 11:02:05,474 [INFO] McuFinderGlobals:76 - Set McuFinderConnectedMode to true
2023-12-27 11:02:05,509 [INFO] MultiScanPanel:200 - Auto-refresh data requested => check proxy status ongoing
2023-12-27 11:02:05,517 [INFO] FinderPluginLoader:95 - Searching for filters in installed packs
2023-12-27 11:02:10,074 [INFO] LoadUrlFilesThread:185 - End of LoadServerUrlFiles without Thread
2023-12-27 11:02:10,121 [INFO] DetailPanel:341 - Set advertising image to C:/Users/Minh/STM32Cube/Repository/\en.prom-stm32wl3-mcu-finder.jpg
2023-12-27 11:02:17,107 [INFO] MultiScanPanel:200 - Auto-refresh data requested => check proxy status ongoing
2023-12-27 11:02:17,501 [INFO] LoadUrlFilesThread:185 - End of LoadServerUrlFiles without Thread
2023-12-27 11:02:17,501 [INFO] DetailPanel:341 - Set advertising image to C:/Users/Minh/STM32Cube/Repository/\en.prom-stm32wl3-mcu-finder.jpg
2023-12-27 11:02:17,541 [INFO] DbBoards:634 - Loading board mini-images...
2023-12-27 11:02:22,710 [INFO] DbBoards:657 - Loaded 191 board mini-images
2023-12-27 11:03:51,681 [INFO] McuFinderGlobals:76 - Set McuFinderConnectedMode to true
2023-12-27 11:03:51,693 [INFO] ApiDb:448 - Save user favorites file C:\Users\Minh/.stm32cubeide/favorites.mcus.txt: 0 item(s)
2023-12-27 11:03:51,693 [INFO] ApiDb:452 - User favorites MCUs=[]
2023-12-27 11:03:51,696 [INFO] ApiDb:448 - Save user favorites file C:\Users\Minh/.stm32cubeide/favorites.boards.txt: 1 item(s)
2023-12-27 11:03:51,697 [INFO] ApiDb:452 - User favorites Boards=[STM32F407G-DISC1]
2023-12-27 11:30:58,440 [ERROR] LogOutputStream:75 - [STDERR_REDIRECT] SLF4J: Failed to load class "org.slf4j.impl.StaticLoggerBinder".
2023-12-27 11:30:58,441 [ERROR] LogOutputStream:75 - [STDERR_REDIRECT] SLF4J: Defaulting to no-operation (NOP) logger implementation
2023-12-27 11:30:58,446 [ERROR] LogOutputStream:75 - [STDERR_REDIRECT] SLF4J: See http://www.slf4j.org/codes.html#StaticLoggerBinder for further details.
2023-12-27 11:41:03,181 [ERROR] LogOutputStream:75 - [STDERR_REDIRECT] 
