2024-11-08 10:04:33,098 [INFO] Activator:176 - 


2024-11-08 10:04:33,116 [INFO] Activator:177 - !SESSION log4j initialized
2024-11-08 10:04:50,155 [INFO] LogOutputStream:77 - [STDOUT_REDIRECT] 
2024-11-08 10:05:00,842 [INFO] ApplicationProperties:184 - Using Application install path: C:\ST\STM32CubeIDE_1.4.0\STM32CubeIDE\plugins\com.st.stm32cube.common.mx_6.9.1.202307191849
2024-11-08 10:05:00,878 [INFO] DbMcusXml:78 - Set database path to: C:\ST\STM32CubeIDE_1.4.0\STM32CubeIDE\plugins\com.st.stm32cube.common.mx_6.9.1.202307191849\\db\/mcu/
2024-11-08 10:05:00,878 [INFO] ApiDb:274 - Set plugin database path to: C:\ST\STM32CubeIDE_1.4.0\STM32CubeIDE\plugins\com.st.stm32cube.common.mx_6.9.1.202307191849\\db\/plugins/boardmanager/
2024-11-08 10:05:00,879 [WARN] ApiDb:259 - Overriding images path with different value:  => C:\ST\STM32CubeIDE_1.4.0\STM32CubeIDE\plugins\com.st.stm32cube.common.mx_6.9.1.202307191849\\db\/plugins/mcufinder/images/
2024-11-08 10:05:00,904 [INFO] ApiDb:250 - Set database path to: C:\Users\Minh\.stmcufinder\plugins\mcufinder//mcu/
2024-11-08 10:05:00,907 [INFO] DbMcusAds:125 - Set database path to: C:\Users\Minh\.stmcufinder\plugins\mcufinder//mcu/
2024-11-08 10:05:00,929 [INFO] CrossReferenceDbSqlite:203 - Set database path to: C:\Users\Minh\.stmcufinder\plugins\mcufinder//mcu/cs/
2024-11-08 10:05:01,211 [INFO] RulesReader:64 - Compatibility file has been processed (293 Rules)
2024-11-08 10:05:01,546 [INFO] DbMcusXml:78 - Set database path to: C:\ST\STM32CubeIDE_1.4.0\STM32CubeIDE\plugins\com.st.stm32cube.common.mx_6.9.1.202307191849\\db\/mcu/
2024-11-08 10:05:01,546 [INFO] ApiDb:274 - Set plugin database path to: C:\ST\STM32CubeIDE_1.4.0\STM32CubeIDE\plugins\com.st.stm32cube.common.mx_6.9.1.202307191849\\db\/plugins/boardmanager/
2024-11-08 10:05:01,547 [INFO] ApiDb:261 - Set plugin images path to: C:\ST\STM32CubeIDE_1.4.0\STM32CubeIDE\plugins\com.st.stm32cube.common.mx_6.9.1.202307191849\\db\/plugins/mcufinder/images/
2024-11-08 10:05:01,547 [WARN] DbFile:41 - Overriding database path with different value: C:\Users\Minh\.stmcufinder\plugins\mcufinder/ => C:\Users\Minh\.stmcufinder\plugins\mcufinder
2024-11-08 10:05:01,547 [INFO] ApiDb:250 - Set database path to: C:\Users\Minh\.stmcufinder\plugins\mcufinder//mcu/
2024-11-08 10:05:01,548 [WARN] DbFile:41 - Overriding database path with different value: C:\Users\Minh\.stmcufinder\plugins\mcufinder/ => C:\Users\Minh\.stmcufinder\plugins\mcufinder
2024-11-08 10:05:01,548 [INFO] DbMcusAds:125 - Set database path to: C:\Users\Minh\.stmcufinder\plugins\mcufinder//mcu/
2024-11-08 10:05:01,548 [WARN] DbFile:41 - Overriding database path with different value: C:\Users\Minh\.stmcufinder\plugins\mcufinder/ => C:\Users\Minh\.stmcufinder\plugins\mcufinder
2024-11-08 10:05:01,548 [WARN] DbFile:41 - Overriding database path with different value: C:\Users\Minh\.stmcufinder\plugins\mcufinder/ => C:\Users\Minh\.stmcufinder\plugins\mcufinder
2024-11-08 10:05:01,549 [INFO] CrossReferenceDbSqlite:203 - Set database path to: C:\Users\Minh\.stmcufinder\plugins\mcufinder//mcu/cs/
2024-11-08 10:05:01,713 [INFO] MainPanel:262 - HeapMemory: 268435456
2024-11-08 10:05:01,916 [INFO] DbMcusXml:78 - Set database path to: C:\ST\STM32CubeIDE_1.4.0\STM32CubeIDE\plugins\com.st.stm32cube.common.mx_6.9.1.202307191849\\db\/mcu/
2024-11-08 10:05:01,916 [INFO] ApiDb:274 - Set plugin database path to: C:\ST\STM32CubeIDE_1.4.0\STM32CubeIDE\plugins\com.st.stm32cube.common.mx_6.9.1.202307191849\\db\/plugins/boardmanager/
2024-11-08 10:05:01,916 [INFO] ApiDb:261 - Set plugin images path to: C:\ST\STM32CubeIDE_1.4.0\STM32CubeIDE\plugins\com.st.stm32cube.common.mx_6.9.1.202307191849\\db\/plugins/mcufinder/images/
2024-11-08 10:05:01,917 [WARN] DbFile:41 - Overriding database path with different value: C:\Users\Minh\.stmcufinder\plugins\mcufinder/ => C:\Users\Minh\.stmcufinder\plugins\mcufinder
2024-11-08 10:05:01,917 [INFO] ApiDb:250 - Set database path to: C:\Users\Minh\.stmcufinder\plugins\mcufinder//mcu/
2024-11-08 10:05:01,918 [WARN] DbFile:41 - Overriding database path with different value: C:\Users\Minh\.stmcufinder\plugins\mcufinder/ => C:\Users\Minh\.stmcufinder\plugins\mcufinder
2024-11-08 10:05:01,918 [INFO] DbMcusAds:125 - Set database path to: C:\Users\Minh\.stmcufinder\plugins\mcufinder//mcu/
2024-11-08 10:05:01,918 [WARN] DbFile:41 - Overriding database path with different value: C:\Users\Minh\.stmcufinder\plugins\mcufinder/ => C:\Users\Minh\.stmcufinder\plugins\mcufinder
2024-11-08 10:05:01,918 [WARN] DbFile:41 - Overriding database path with different value: C:\Users\Minh\.stmcufinder\plugins\mcufinder/ => C:\Users\Minh\.stmcufinder\plugins\mcufinder
2024-11-08 10:05:01,918 [INFO] CrossReferenceDbSqlite:203 - Set database path to: C:\Users\Minh\.stmcufinder\plugins\mcufinder//mcu/cs/
2024-11-08 10:05:01,975 [INFO] ApplicationProperties:184 - Using Application install path: C:\ST\STM32CubeIDE_1.4.0\STM32CubeIDE\plugins\com.st.stm32cube.common.mx_6.9.1.202307191849
2024-11-08 10:05:01,978 [INFO] PluginManage:196 - Search for loadable plugins [exclusion list=, ]
2024-11-08 10:05:01,982 [INFO] PluginManage:310 - Check plugin analytics
2024-11-08 10:05:06,872 [INFO] AnalyticsPlugin:253 - Accepted Software Licenses: STM32CubeMX.6.0.0,STM32CubeMX.5.2.0
2024-11-08 10:05:06,872 [INFO] AnalyticsPlugin:255 - Accepted CMSIS Pack Licenses: 
2024-11-08 10:05:06,873 [INFO] AnalyticsPlugin:257 - Accepted Firmware Licenses: 
2024-11-08 10:05:06,879 [INFO] PluginManage:359 - Loaded plugin analytics (category:tool,tabindex:-1)
2024-11-08 10:05:06,880 [INFO] PluginManage:310 - Check plugin cadmodel
2024-11-08 10:05:06,913 [INFO] CADModel:105 - Init CAD model plugin
2024-11-08 10:05:06,913 [INFO] PluginManage:359 - Loaded plugin cadmodel (category:power,tabindex:5)
2024-11-08 10:05:06,914 [INFO] PluginManage:310 - Check plugin clock
2024-11-08 10:05:06,946 [INFO] PluginManage:359 - Loaded plugin clock (category:base,tabindex:2)
2024-11-08 10:05:06,947 [INFO] PluginManage:310 - Check plugin ddr
2024-11-08 10:05:06,952 [INFO] PluginManage:359 - Loaded plugin ddr (category:tool,tabindex:6)
2024-11-08 10:05:06,952 [INFO] PluginManage:310 - Check plugin filemanager
2024-11-08 10:05:07,190 [INFO] PluginManage:359 - Loaded plugin filemanager (category:base,tabindex:10)
2024-11-08 10:05:07,190 [INFO] PluginManage:310 - Check plugin ipmanager
2024-11-08 10:05:07,203 [INFO] PluginManage:359 - Loaded plugin ipmanager (category:base,tabindex:5)
2024-11-08 10:05:07,203 [INFO] PluginManage:310 - Check plugin lpbam
2024-11-08 10:05:07,231 [INFO] PluginManage:359 - Loaded plugin lpbam (category:base,tabindex:0)
2024-11-08 10:05:07,231 [INFO] PluginManage:310 - Check plugin memorymap
2024-11-08 10:05:07,269 [INFO] PluginManage:359 - Loaded plugin memorymap (category:base,tabindex:4)
2024-11-08 10:05:07,269 [INFO] PluginManage:310 - Check plugin pinoutandconfiguration
2024-11-08 10:05:07,299 [INFO] PluginManage:359 - Loaded plugin pinoutandconfiguration (category:base,tabindex:1)
2024-11-08 10:05:07,300 [INFO] PluginManage:310 - Check plugin pinoutconfig
2024-11-08 10:05:07,504 [WARN] SupportedApi:132 - Cannot load RTOS API schema: s4s-elt-must-match.1: The content of 'definitions' must match (annotation?, (simpleType | complexType)?, (unique | key | keyref)*)). A problem was found starting at: attribute.
2024-11-08 10:05:07,794 [INFO] PluginManage:359 - Loaded plugin pinoutconfig (category:base,tabindex:0)
2024-11-08 10:05:07,795 [INFO] PluginManage:310 - Check plugin power
2024-11-08 10:05:07,849 [INFO] PluginManage:359 - Loaded plugin power (category:power,tabindex:4)
2024-11-08 10:05:07,849 [INFO] PluginManage:310 - Check plugin projectmanager
2024-11-08 10:05:07,879 [INFO] PluginManage:359 - Loaded plugin projectmanager (category:projectmanager,tabindex:3)
2024-11-08 10:05:07,880 [INFO] PluginManage:310 - Check plugin thirdparty
2024-11-08 10:05:08,426 [INFO] PluginManage:359 - Loaded plugin thirdparty (category:base,tabindex:-1)
2024-11-08 10:05:08,426 [WARN] IntegrityCheckThread:84 - waiting for thirdparty lock release [integrity check]
2024-11-08 10:05:08,427 [INFO] PluginManage:310 - Check plugin tools
2024-11-08 10:05:08,427 [INFO] IntegrityCheckThread:86 - entering critical section [integrity check]
2024-11-08 10:05:08,428 [INFO] ThirdPartyUpdaterWithRetryManager:70 - Updater plugin not ready yet. [1/15]
2024-11-08 10:05:08,493 [INFO] PluginManage:359 - Loaded plugin tools (category:base,tabindex:7)
2024-11-08 10:05:08,494 [INFO] PluginManage:310 - Check plugin tutovideos
2024-11-08 10:05:08,912 [INFO] PluginManage:359 - Loaded plugin tutovideos (category:base,tabindex:-1)
2024-11-08 10:05:08,913 [INFO] PluginManage:310 - Check plugin updater
2024-11-08 10:05:08,938 [INFO] PluginManage:359 - Loaded plugin updater (category:base,tabindex:12)
2024-11-08 10:05:08,938 [INFO] PluginManage:310 - Check plugin userauth
2024-11-08 10:05:08,949 [INFO] UserAuth:113 - Init User Auth plugin
2024-11-08 10:05:08,950 [INFO] PluginManage:359 - Loaded plugin userauth (category:base,tabindex:14)
2024-11-08 10:05:08,951 [INFO] PluginManage:283 - PluginManage : Loaded plugins [17]
2024-11-08 10:05:09,398 [INFO] PinOutPanel:1499 - setPackage(No Configuration,No Configuration)
2024-11-08 10:05:09,614 [INFO] CADModel:165 - CPN selected for project level
2024-11-08 10:05:09,614 [INFO] CADModel:114 - Register for checkConnection events
2024-11-08 10:05:09,671 [INFO] IPUIPlugin:80 - create IPUIPlugin
2024-11-08 10:05:09,672 [INFO] PluginManager:220 - loadIPPluginJar : add adc
2024-11-08 10:05:09,736 [INFO] IPUIPlugin:80 - create IPUIPlugin
2024-11-08 10:05:09,737 [INFO] PluginManager:220 - loadIPPluginJar : add aes
2024-11-08 10:05:09,836 [INFO] IPUIPlugin:80 - create IPUIPlugin
2024-11-08 10:05:09,836 [INFO] PluginManager:220 - loadIPPluginJar : add can
2024-11-08 10:05:09,884 [INFO] IPUIPlugin:80 - create IPUIPlugin
2024-11-08 10:05:09,885 [INFO] PluginManager:220 - loadIPPluginJar : add comp
2024-11-08 10:05:09,954 [INFO] IPUIPlugin:80 - create IPUIPlugin
2024-11-08 10:05:09,955 [INFO] PluginManager:220 - loadIPPluginJar : add cryp
2024-11-08 10:05:10,016 [INFO] IPUIPlugin:80 - create IPUIPlugin
2024-11-08 10:05:10,017 [INFO] PluginManager:220 - loadIPPluginJar : add dfsdm
2024-11-08 10:05:10,042 [INFO] IPUIPlugin:80 - create IPUIPlugin
2024-11-08 10:05:10,043 [INFO] PluginManager:220 - loadIPPluginJar : add dma
2024-11-08 10:05:10,123 [INFO] IPUIPlugin:80 - create IPUIPlugin
2024-11-08 10:05:10,124 [INFO] PluginManager:220 - loadIPPluginJar : add dma3
2024-11-08 10:05:10,161 [INFO] IPUIPlugin:80 - create IPUIPlugin
2024-11-08 10:05:10,161 [INFO] PluginManager:220 - loadIPPluginJar : add fatfs
2024-11-08 10:05:10,253 [INFO] IPUIPlugin:80 - create IPUIPlugin
2024-11-08 10:05:10,254 [INFO] PluginManager:220 - loadIPPluginJar : add fmc
2024-11-08 10:05:10,280 [INFO] IPUIPlugin:80 - create IPUIPlugin
2024-11-08 10:05:10,280 [INFO] PluginManager:220 - loadIPPluginJar : add freertos
2024-11-08 10:05:10,317 [INFO] IPUIPlugin:80 - create IPUIPlugin
2024-11-08 10:05:10,317 [INFO] PluginManager:220 - loadIPPluginJar : add genericplugin
2024-11-08 10:05:10,508 [INFO] IPUIPlugin:80 - create IPUIPlugin
2024-11-08 10:05:10,508 [INFO] PluginManager:220 - loadIPPluginJar : add gfxmmu
2024-11-08 10:05:10,750 [INFO] IPUIPlugin:80 - create IPUIPlugin
2024-11-08 10:05:10,751 [INFO] PluginManager:220 - loadIPPluginJar : add gic
2024-11-08 10:05:10,774 [INFO] IPUIPlugin:80 - create IPUIPlugin
2024-11-08 10:05:10,774 [INFO] PluginManager:220 - loadIPPluginJar : add gpio
2024-11-08 10:05:10,960 [INFO] IPUIPlugin:80 - create IPUIPlugin
2024-11-08 10:05:10,960 [INFO] PluginManager:220 - loadIPPluginJar : add gtzc
2024-11-08 10:05:11,034 [INFO] IPUIPlugin:80 - create IPUIPlugin
2024-11-08 10:05:11,034 [INFO] PluginManager:220 - loadIPPluginJar : add hash
2024-11-08 10:05:11,142 [INFO] IPUIPlugin:80 - create IPUIPlugin
2024-11-08 10:05:11,142 [INFO] PluginManager:220 - loadIPPluginJar : add i2c
2024-11-08 10:05:11,221 [INFO] IPUIPlugin:80 - create IPUIPlugin
2024-11-08 10:05:11,221 [INFO] PluginManager:220 - loadIPPluginJar : add i2s
2024-11-08 10:05:11,306 [INFO] IPUIPlugin:80 - create IPUIPlugin
2024-11-08 10:05:11,307 [INFO] PluginManager:220 - loadIPPluginJar : add i3c
2024-11-08 10:05:11,429 [INFO] ThirdPartyUpdaterWithRetryManager:70 - Updater plugin not ready yet. [2/15]
2024-11-08 10:05:11,527 [INFO] IPUIPlugin:80 - create IPUIPlugin
2024-11-08 10:05:11,527 [INFO] PluginManager:220 - loadIPPluginJar : add ipddr
2024-11-08 10:05:11,706 [INFO] IPUIPlugin:80 - create IPUIPlugin
2024-11-08 10:05:11,706 [INFO] PluginManager:220 - loadIPPluginJar : add linkedlist
2024-11-08 10:05:11,780 [INFO] IPUIPlugin:80 - create IPUIPlugin
2024-11-08 10:05:11,780 [INFO] PluginManager:220 - loadIPPluginJar : add lorawan
2024-11-08 10:05:11,853 [INFO] IPUIPlugin:80 - create IPUIPlugin
2024-11-08 10:05:11,854 [INFO] PluginManager:220 - loadIPPluginJar : add ltdc
2024-11-08 10:05:11,879 [INFO] IPUIPlugin:80 - create IPUIPlugin
2024-11-08 10:05:11,880 [INFO] PluginManager:220 - loadIPPluginJar : add mdma
2024-11-08 10:05:11,903 [INFO] IPUIPlugin:80 - create IPUIPlugin
2024-11-08 10:05:11,904 [INFO] PluginManager:220 - loadIPPluginJar : add nvic
2024-11-08 10:05:11,973 [INFO] IPUIPlugin:80 - create IPUIPlugin
2024-11-08 10:05:11,974 [INFO] PluginManager:220 - loadIPPluginJar : add opamp
2024-11-08 10:05:12,088 [INFO] IPUIPlugin:80 - create IPUIPlugin
2024-11-08 10:05:12,088 [INFO] PluginManager:220 - loadIPPluginJar : add openamp
2024-11-08 10:05:12,175 [INFO] IPUIPlugin:80 - create IPUIPlugin
2024-11-08 10:05:12,175 [INFO] PluginManager:220 - loadIPPluginJar : add pdm2pcm
2024-11-08 10:05:12,202 [INFO] IPUIPlugin:80 - create IPUIPlugin
2024-11-08 10:05:12,207 [INFO] PluginManager:220 - loadIPPluginJar : add plateformsettings
2024-11-08 10:05:12,246 [INFO] IPUIPlugin:80 - create IPUIPlugin
2024-11-08 10:05:12,247 [INFO] PluginManager:220 - loadIPPluginJar : add quadspi
2024-11-08 10:05:12,278 [INFO] IPUIPlugin:80 - create IPUIPlugin
2024-11-08 10:05:12,278 [INFO] PluginManager:220 - loadIPPluginJar : add resmgrutility
2024-11-08 10:05:12,368 [INFO] IPUIPlugin:80 - create IPUIPlugin
2024-11-08 10:05:12,368 [INFO] PluginManager:220 - loadIPPluginJar : add sai
2024-11-08 10:05:12,434 [INFO] IPUIPlugin:80 - create IPUIPlugin
2024-11-08 10:05:12,434 [INFO] PluginManager:220 - loadIPPluginJar : add spi
2024-11-08 10:05:12,545 [INFO] IPUIPlugin:80 - create IPUIPlugin
2024-11-08 10:05:12,546 [INFO] PluginManager:220 - loadIPPluginJar : add stm32_wpan
2024-11-08 10:05:12,592 [INFO] IPUIPlugin:80 - create IPUIPlugin
2024-11-08 10:05:12,593 [INFO] PluginManager:220 - loadIPPluginJar : add tim
2024-11-08 10:05:12,703 [INFO] IPUIPlugin:80 - create IPUIPlugin
2024-11-08 10:05:12,703 [INFO] PluginManager:220 - loadIPPluginJar : add touchsensing
2024-11-08 10:05:12,749 [INFO] IPUIPlugin:80 - create IPUIPlugin
2024-11-08 10:05:12,750 [INFO] PluginManager:220 - loadIPPluginJar : add tracer_emb
2024-11-08 10:05:12,791 [INFO] IPUIPlugin:80 - create IPUIPlugin
2024-11-08 10:05:12,791 [INFO] PluginManager:220 - loadIPPluginJar : add ts
2024-11-08 10:05:12,831 [INFO] IPUIPlugin:80 - create IPUIPlugin
2024-11-08 10:05:12,831 [INFO] PluginManager:220 - loadIPPluginJar : add tsc
2024-11-08 10:05:12,870 [INFO] IPUIPlugin:80 - create IPUIPlugin
2024-11-08 10:05:12,870 [INFO] PluginManager:220 - loadIPPluginJar : add ucpd
2024-11-08 10:05:12,957 [INFO] IPUIPlugin:80 - create IPUIPlugin
2024-11-08 10:05:12,957 [INFO] PluginManager:220 - loadIPPluginJar : add usart
2024-11-08 10:05:13,047 [INFO] IPUIPlugin:80 - create IPUIPlugin
2024-11-08 10:05:13,048 [INFO] PluginManager:220 - loadIPPluginJar : add usbx
2024-11-08 10:05:13,220 [INFO] CADModel:165 - CPN selected for project level
2024-11-08 10:05:13,220 [INFO] CADModel:114 - Register for checkConnection events
2024-11-08 10:05:13,220 [FATAL] Updater:308 - Updater called before beeing initialized
2024-11-08 10:05:13,221 [ERROR] CADModel:125 - Updater not yet initialized, retry later 
2024-11-08 10:05:13,486 [INFO] CADModel:165 - CPN selected for project level
2024-11-08 10:05:13,487 [INFO] CADModel:114 - Register for checkConnection events
2024-11-08 10:05:13,487 [FATAL] Updater:308 - Updater called before beeing initialized
2024-11-08 10:05:13,487 [ERROR] CADModel:125 - Updater not yet initialized, retry later 
2024-11-08 10:05:13,494 [FATAL] Updater:308 - Updater called before beeing initialized
2024-11-08 10:05:13,719 [FATAL] Updater:308 - Updater called before beeing initialized
2024-11-08 10:05:13,733 [INFO] DbMcusAds:53 - JSON generation date=Wed Nov 29 19:52:27 JST 2023 (1701255147200)
2024-11-08 10:05:13,734 [FATAL] Updater:308 - Updater called before beeing initialized
2024-11-08 10:05:13,881 [WARN] DetailPanel:346 - Failed to get advertising image, set to default
2024-11-08 10:05:14,110 [FATAL] Updater:308 - Updater called before beeing initialized
2024-11-08 10:05:14,114 [FATAL] Updater:308 - Updater called before beeing initialized
2024-11-08 10:05:14,114 [FATAL] Updater:308 - Updater called before beeing initialized
2024-11-08 10:05:14,114 [WARN] DetailPanel:346 - Failed to get advertising image, set to default
2024-11-08 10:05:14,116 [FATAL] Updater:308 - Updater called before beeing initialized
2024-11-08 10:05:14,254 [ERROR] Updater:1120 - MainUpdater not yet initialized. External WinMGr cannot be set.
2024-11-08 10:05:14,276 [INFO] Updater:1056 - Updater Version found : 6.9.1
2024-11-08 10:05:14,313 [INFO] ApplicationProperties:184 - Using Application install path: C:\ST\STM32CubeIDE_1.4.0\STM32CubeIDE\plugins\com.st.stm32cube.common.mx_6.9.1.202307191849
2024-11-08 10:05:14,430 [INFO] ThirdPartyUpdaterWithRetryManager:70 - Updater plugin not ready yet. [3/15]
2024-11-08 10:05:14,604 [INFO] MainUpdater:2868 - connection check result : 10
2024-11-08 10:05:14,605 [INFO] MainUpdater:285 - Updater Check For Update Now.
2024-11-08 10:05:14,606 [INFO] MicroXplorer:498 - Change Database Version : DB.6.0.91
2024-11-08 10:05:14,642 [INFO] McuFinderGlobals:63 - Set McuFinder mode to 2 (CubeIDE integrated)
2024-11-08 10:05:14,643 [INFO] UserAuth:179 - activating auth plugin
2024-11-08 10:05:14,649 [INFO] UserAuth:393 - Internet connection configuration mode: 1
2024-11-08 10:05:14,694 [INFO] JxBrowserEngine:151 - Initiate JxBrowser Engine with user profile folder
2024-11-08 10:05:14,955 [INFO] CheckServerUpdateThread:120 - End of CheckServer Thread
2024-11-08 10:05:16,297 [INFO] WebApp:157 - Instantiating new browser for Auth
2024-11-08 10:05:17,614 [INFO] WebApp:753 - Register for checkConnection events
2024-11-08 10:05:17,614 [INFO] WebApp:390 - Apply proxy settings
2024-11-08 10:05:17,615 [INFO] WebApp:475 - Chromium requires no authentication
2024-11-08 10:05:17,636 [INFO] WebApp:418 - Direct internet connection detected
2024-11-08 10:05:18,124 [INFO] WebApp:188 - Starting web application
2024-11-08 10:05:18,124 [INFO] WebApp:520 - Web application path used C:\ST\STM32CubeIDE_1.4.0\STM32CubeIDE\plugins\com.st.stm32cube.common.mx_6.9.1.202307191849\db\plugins\mcufinder\reactClient1\index.html
2024-11-08 10:05:18,127 [WARN] PackLoader:240 - Cannot read IP mode file for STMicroelectronics.FP-SNS-MOTENVWB1.1.4.0
2024-11-08 10:05:18,152 [WARN] PackLoader:240 - Cannot read IP mode file for STMicroelectronics.X-CUBE-SMBUS.2.1.0
2024-11-08 10:05:18,182 [WARN] PackLoader:240 - Cannot read IP mode file for STMicroelectronics.X-CUBE-WB05N.1.1.0
2024-11-08 10:05:18,197 [WARN] PackLoader:240 - Cannot read IP mode file for STMicroelectronics.X-CUBE-TOUCHGFX.4.23.0
2024-11-08 10:05:18,205 [WARN] PackLoader:240 - Cannot read IP mode file for STMicroelectronics.X-CUBE-TOUCHGFX.4.23.2
2024-11-08 10:05:18,293 [WARN] PackLoader:240 - Cannot read IP mode file for STMicroelectronics.X-CUBE-AZRTOS-F7.1.1.0
2024-11-08 10:05:18,326 [ERROR] RealEvaluatedCondition:428 - Found unsupported composite condition: GROUP='STM32_MetaDataManager' CLASS='Data Exchange'
2024-11-08 10:05:18,327 [ERROR] RealEvaluatedCondition:428 - Found unsupported composite condition: GROUP='STM32_MetaDataManager' CLASS='Data Exchange'
2024-11-08 10:05:18,331 [WARN] PackLoader:240 - Cannot read IP mode file for STMicroelectronics.FP-SNS-MOTENV1.4.3.0
2024-11-08 10:05:18,355 [WARN] PackLoader:240 - Cannot read IP mode file for STMicroelectronics.FP-SNS-MOTENV1.4.3.2
2024-11-08 10:05:18,378 [WARN] PackLoader:240 - Cannot read IP mode file for STMicroelectronics.FP-SNS-FLIGHT1.5.0.0
2024-11-08 10:05:18,390 [ERROR] RealEvaluatedCondition:428 - Found unsupported composite condition: CLASS='Data Exchange' GROUP='STM32_MetaDataManager'
2024-11-08 10:05:18,391 [ERROR] RealEvaluatedCondition:428 - Found unsupported composite condition: CLASS='Data Exchange' GROUP='STM32_MetaDataManager'
2024-11-08 10:05:18,394 [WARN] PackLoader:240 - Cannot read IP mode file for STMicroelectronics.FP-SNS-MOTENV1.4.3.1
2024-11-08 10:05:18,417 [WARN] PackLoader:240 - Cannot read IP mode file for STMicroelectronics.FP-SNS-FLIGHT1.5.0.1
2024-11-08 10:05:18,593 [WARN] PackLoader:240 - Cannot read IP mode file for STMicroelectronics.X-CUBE-MEMS1.11.0.0
2024-11-08 10:05:19,071 [WARN] PackLoader:240 - Cannot read IP mode file for STMicroelectronics.X-CUBE-BLE1.6.2.4
2024-11-08 10:05:19,087 [WARN] PackLoader:240 - Cannot read IP mode file for STMicroelectronics.FP-SNS-FLIGHT1.5.0.2
2024-11-08 10:05:19,105 [WARN] PackLoader:240 - Cannot read IP mode file for STMicroelectronics.X-CUBE-DISPLAY.3.0.0
2024-11-08 10:05:19,125 [WARN] PackLoader:240 - Cannot read IP mode file for STMicroelectronics.X-CUBE-BLE1.7.0.0
2024-11-08 10:05:19,155 [WARN] PackLoader:240 - Cannot read IP mode file for STMicroelectronics.X-CUBE-NFC10.1.0.0
2024-11-08 10:05:19,169 [WARN] PackLoader:240 - Cannot read IP mode file for STMicroelectronics.X-CUBE-TOUCHGFX.4.22.0
2024-11-08 10:05:19,176 [WARN] PackLoader:240 - Cannot read IP mode file for STMicroelectronics.X-CUBE-TOUCHGFX.4.22.1
2024-11-08 10:05:19,227 [WARN] PackLoader:240 - Cannot read IP mode file for STMicroelectronics.X-CUBE-BLEMGR.3.1.0
2024-11-08 10:05:19,245 [WARN] PackLoader:240 - Cannot read IP mode file for STMicroelectronics.FP-SNS-SMARTAG2.1.2.0
2024-11-08 10:05:19,298 [INFO] LogOutputStream:77 - [STDOUT_REDIRECT] 1 : Invalid condition id : UX_CORESTACK_Condition cause : null
2024-11-08 10:05:19,299 [INFO] LogOutputStream:77 - [STDOUT_REDIRECT] 1 : Invalid condition id : UX_CORESTACK_Condition cause : null
2024-11-08 10:05:19,304 [INFO] LogOutputStream:77 - [STDOUT_REDIRECT] 1 : Invalid condition id : UX_CORESTACK_Condition cause : null
2024-11-08 10:05:19,308 [INFO] LogOutputStream:77 - [STDOUT_REDIRECT] 1 : Invalid condition id : UX_CORESTACK_Condition cause : null
2024-11-08 10:05:19,312 [INFO] LogOutputStream:77 - [STDOUT_REDIRECT] 1 : Invalid condition id : UX_CORESTACK_Condition cause : null
2024-11-08 10:05:19,318 [WARN] PackLoader:240 - Cannot read IP mode file for STMicroelectronics.X-CUBE-AZRTOS-WL.2.0.0
2024-11-08 10:05:19,334 [WARN] PackLoader:240 - Cannot read IP mode file for STMicroelectronics.FP-SNS-MOTENV1.5.0.0
2024-11-08 10:05:19,350 [WARN] PackLoader:240 - Cannot read IP mode file for wolfSSL.I-CUBE-wolfMQTT.1.19.0
2024-11-08 10:05:19,380 [WARN] PackLoader:240 - Cannot read IP mode file for WES.I-CUBE-Cesium.1.3.0
2024-11-08 10:05:19,392 [WARN] PackLoader:240 - Cannot read IP mode file for STMicroelectronics.X-CUBE-BLE2.3.3.0
2024-11-08 10:05:19,416 [WARN] PackLoader:240 - Cannot read IP mode file for STMicroelectronics.X-CUBE-TOF1.3.2.0
2024-11-08 10:05:19,445 [WARN] PackLoader:240 - Cannot read IP mode file for STMicroelectronics.X-CUBE-NFC9.1.0.0
2024-11-08 10:05:19,466 [WARN] PackLoader:240 - Cannot read IP mode file for STMicroelectronics.X-CUBE-TCPP.4.1.0
2024-11-08 10:05:19,481 [WARN] PackLoader:240 - Cannot read IP mode file for STMicroelectronics.X-CUBE-TOUCHGFX.4.21.1
2024-11-08 10:05:19,488 [WARN] PackLoader:240 - Cannot read IP mode file for STMicroelectronics.X-CUBE-TOUCHGFX.4.21.3
2024-11-08 10:05:19,495 [WARN] PackLoader:240 - Cannot read IP mode file for STMicroelectronics.X-CUBE-TOUCHGFX.4.21.4
2024-11-08 10:05:19,509 [WARN] PackLoader:240 - Cannot read IP mode file for STMicroelectronics.X-CUBE-ALGOBUILD.1.3.0
2024-11-08 10:05:19,556 [WARN] PackLoader:240 - Cannot read IP mode file for STMicroelectronics.X-CUBE-AZRTOS-G0.1.1.0
2024-11-08 10:05:19,579 [WARN] PackLoader:240 - Cannot read IP mode file for STMicroelectronics.X-CUBE-SAFEA1.1.2.2
2024-11-08 10:05:19,593 [WARN] PackLoader:240 - Cannot read IP mode file for STMicroelectronics.X-CUBE-NFC4.3.0.0
2024-11-08 10:05:19,604 [ERROR] Engine:466 - C:\Users\Minh\.stm32cubemx\thirdparties\pdsc\EmbeddedOffice.I-CUBE-FS-RTOS.1.0.1.pdsc: PDSC version is not supported
2024-11-08 10:05:19,623 [WARN] PackLoader:240 - Cannot read IP mode file for STMicroelectronics.X-CUBE-BLEMGR.3.0.0
2024-11-08 10:05:19,634 [ERROR] Engine:466 - C:\Users\Minh\.stm32cubemx\thirdparties\pdsc\RealThread.X-CUBE-RT-Thread_Nano.4.1.1.pdsc: PDSC version is not supported
2024-11-08 10:05:19,644 [WARN] PackLoader:240 - Cannot read IP mode file for STMicroelectronics.FP-ATR-SIGFOX1.3.2.0
2024-11-08 10:05:19,661 [WARN] PackLoader:240 - Cannot read IP mode file for STMicroelectronics.X-CUBE-EEPRMA1.5.1.0
2024-11-08 10:05:19,765 [WARN] PackLoader:240 - Cannot read IP mode file for STMicroelectronics.X-CUBE-MEMS1.9.5.0
2024-11-08 10:05:20,163 [WARN] PackLoader:240 - Cannot read IP mode file for SEGGER.I-CUBE-embOS.1.3.1
2024-11-08 10:05:20,289 [WARN] PackLoader:240 - Cannot read IP mode file for STMicroelectronics.X-CUBE-ALGOBUILD.1.4.0
2024-11-08 10:05:20,301 [WARN] PackLoader:240 - Cannot read IP mode file for STMicroelectronics.X-CUBE-AI.9.1.0
2024-11-08 10:05:20,312 [WARN] PackLoader:240 - Cannot read IP mode file for STMicroelectronics.X-CUBE-GNSS1.6.0.0
2024-11-08 10:05:20,355 [WARN] PackLoader:240 - Cannot read IP mode file for STMicroelectronics.X-CUBE-AZRTOS-F4.1.1.0
2024-11-08 10:05:20,371 [WARN] PackLoader:240 - Cannot read IP mode file for STMicroelectronics.X-CUBE-ISPU.2.1.0
2024-11-08 10:05:20,384 [WARN] PackLoader:240 - Cannot read IP mode file for STMicroelectronics.X-CUBE-FREERTOS.1.2.0
2024-11-08 10:05:20,429 [WARN] PackLoader:240 - Cannot read IP mode file for STMicroelectronics.X-CUBE-AZRTOS-L5.2.0.0
2024-11-08 10:05:20,549 [WARN] PackLoader:240 - Cannot read IP mode file for STMicroelectronics.X-CUBE-MEMS1.9.6.0
2024-11-08 10:05:20,983 [WARN] PackLoader:240 - Cannot read IP mode file for STMicroelectronics.X-CUBE-EEPRMA1.4.2.0
2024-11-08 10:05:21,001 [WARN] PackLoader:240 - Cannot read IP mode file for STMicroelectronics.X-CUBE-NFC6.3.1.0
2024-11-08 10:05:21,018 [WARN] PackLoader:240 - Cannot read IP mode file for ITTIA_DB.I-CUBE-ITTIADB.8.8.0
2024-11-08 10:05:21,039 [WARN] PackLoader:240 - Cannot read IP mode file for emotas.I-CUBE-CANOPEN.1.1.3
2024-11-08 10:05:21,055 [WARN] PackLoader:240 - Cannot read IP mode file for STMicroelectronics.X-CUBE-BLEMGR.2.0.0
2024-11-08 10:05:21,066 [ERROR] Engine:466 - C:\Users\Minh\.stm32cubemx\thirdparties\pdsc\STMicroelectronics.X-CUBE-DPower.1.2.0.pdsc: PDSC version is not supported
2024-11-08 10:05:21,073 [WARN] PackLoader:240 - Cannot read IP mode file for STMicroelectronics.X-CUBE-AI.9.0.0
2024-11-08 10:05:21,121 [WARN] ConditionMgr:438 - getConditionDescription Invalid condition id : UX DEVICE CLASS RTOS Condition cause : null
2024-11-08 10:05:21,121 [WARN] ConditionMgr:438 - getConditionDescription Invalid condition id : UX DEVICE CLASS RTOS Condition cause : null
2024-11-08 10:05:21,130 [WARN] PackLoader:240 - Cannot read IP mode file for STMicroelectronics.X-CUBE-AZRTOS-H7.3.1.0
2024-11-08 10:05:21,132 [WARN] ConditionMgr:1039 - genDependencies : Invalid condition id : UX DEVICE CLASS RTOS Condition cause : null
2024-11-08 10:05:21,133 [WARN] ConditionMgr:1039 - genDependencies : Invalid condition id : UX DEVICE CLASS RTOS Condition cause : null
2024-11-08 10:05:21,134 [WARN] ConditionMgr:1039 - genDependencies : Invalid condition id : UX DEVICE CLASS RTOS Condition cause : null
2024-11-08 10:05:21,135 [WARN] ConditionMgr:1039 - genDependencies : Invalid condition id : UX DEVICE CLASS RTOS Condition cause : null
2024-11-08 10:05:21,136 [WARN] ConditionMgr:1039 - genDependencies : Invalid condition id : UX DEVICE CLASS RTOS Condition cause : null
2024-11-08 10:05:21,145 [WARN] PackLoader:240 - Cannot read IP mode file for wolfSSL.I-CUBE-wolfSSL.5.5.4
2024-11-08 10:05:21,155 [WARN] PackLoader:240 - Cannot read IP mode file for STMicroelectronics.X-CUBE-NFC7.1.0.1
2024-11-08 10:05:21,166 [WARN] PackLoader:240 - Cannot read IP mode file for STMicroelectronics.X-CUBE-NFC7.1.0.0
2024-11-08 10:05:21,176 [WARN] PackLoader:240 - Cannot read IP mode file for wolfSSL.I-CUBE-wolfTPM.3.2.0
2024-11-08 10:05:21,189 [WARN] PackLoader:240 - Cannot read IP mode file for STMicroelectronics.X-CUBE-NFC6.3.0.0
2024-11-08 10:05:21,205 [WARN] PackLoader:240 - Cannot read IP mode file for STMicroelectronics.X-CUBE-EEPRMA1.4.1.0
2024-11-08 10:05:21,215 [WARN] PackLoader:240 - Cannot read IP mode file for STMicroelectronics.X-CUBE-AI.8.1.0
2024-11-08 10:05:21,253 [WARN] ConditionMgr:438 - getConditionDescription Invalid condition id : LAN8742 Phy interface Condition cause : null
2024-11-08 10:05:21,254 [WARN] PackLoader:240 - Cannot read IP mode file for STMicroelectronics.X-CUBE-AZRTOS-L4.2.0.0
2024-11-08 10:05:21,256 [WARN] ConditionMgr:1039 - genDependencies : Invalid condition id : LAN8742 Phy interface Condition cause : null
2024-11-08 10:05:21,256 [WARN] ConditionMgr:1039 - genDependencies : Invalid condition id : LAN8742 Phy interface Condition cause : null
2024-11-08 10:05:21,257 [WARN] ConditionMgr:1039 - genDependencies : Invalid condition id : LAN8742 Phy interface Condition cause : null
2024-11-08 10:05:21,272 [WARN] PackLoader:240 - Cannot read IP mode file for STMicroelectronics.X-CUBE-SFXS2LP1.4.0.0
2024-11-08 10:05:21,317 [WARN] PackLoader:240 - Cannot read IP mode file for STMicroelectronics.X-CUBE-AZRTOS-H7.3.0.0
2024-11-08 10:05:21,330 [WARN] PackLoader:240 - Cannot read IP mode file for STMicroelectronics.X-CUBE-ISPU.1.1.0
2024-11-08 10:05:21,371 [WARN] PackLoader:240 - Cannot read IP mode file for STMicroelectronics.X-CUBE-AZRTOS-H7.3.3.0
2024-11-08 10:05:21,392 [WARN] PackLoader:240 - Cannot read IP mode file for RoweBots.I-CUBE-UNISONRTOS.5.5.0-4
2024-11-08 10:05:21,400 [WARN] PackLoader:240 - Cannot read IP mode file for STMicroelectronics.X-CUBE-AI.8.0.0
2024-11-08 10:05:21,409 [ERROR] Engine:466 - C:\Users\Minh\.stm32cubemx\thirdparties\pdsc\STMicroelectronics.X-CUBE-IPS.3.0.0.pdsc: PDSC version is not supported
2024-11-08 10:05:21,434 [WARN] ConditionMgr:438 - getConditionDescription Invalid condition id : UX DEVICE CLASS RTOS Condition cause : null
2024-11-08 10:05:21,434 [WARN] ConditionMgr:438 - getConditionDescription Invalid condition id : UX DEVICE CLASS RTOS Condition cause : null
2024-11-08 10:05:21,439 [WARN] PackLoader:240 - Cannot read IP mode file for STMicroelectronics.X-CUBE-AZRTOS-WB.2.0.0
2024-11-08 10:05:21,441 [WARN] ConditionMgr:1039 - genDependencies : Invalid condition id : UX DEVICE CLASS RTOS Condition cause : null
2024-11-08 10:05:21,441 [WARN] ConditionMgr:1039 - genDependencies : Invalid condition id : UX DEVICE CLASS RTOS Condition cause : null
2024-11-08 10:05:21,442 [WARN] ConditionMgr:1039 - genDependencies : Invalid condition id : UX DEVICE CLASS RTOS Condition cause : null
2024-11-08 10:05:21,443 [WARN] ConditionMgr:1039 - genDependencies : Invalid condition id : UX DEVICE CLASS RTOS Condition cause : null
2024-11-08 10:05:21,443 [WARN] ConditionMgr:1039 - genDependencies : Invalid condition id : UX DEVICE CLASS RTOS Condition cause : null
2024-11-08 10:05:21,455 [WARN] PackLoader:240 - Cannot read IP mode file for STMicroelectronics.X-CUBE-FREERTOS.1.0.0
2024-11-08 10:05:21,465 [WARN] PackLoader:240 - Cannot read IP mode file for STMicroelectronics.X-CUBE-FREERTOS.1.0.1
2024-11-08 10:05:21,476 [WARN] PackLoader:240 - Cannot read IP mode file for STMicroelectronics.X-CUBE-GNSS1.7.0.0
2024-11-08 10:05:21,484 [ERROR] Engine:466 - C:\Users\Minh\.stm32cubemx\thirdparties\pdsc\STMicroelectronics.FP-SNS-STBOX1.2.0.0.pdsc: PDSC version is not supported
2024-11-08 10:05:21,516 [WARN] PackLoader:240 - Cannot read IP mode file for STMicroelectronics.X-CUBE-AZRTOS-L5.1.1.0
2024-11-08 10:05:21,528 [WARN] PackLoader:240 - Cannot read IP mode file for STMicroelectronics.X-CUBE-AI.8.0.1
2024-11-08 10:05:21,551 [WARN] PackLoader:240 - Cannot read IP mode file for STMicroelectronics.X-CUBE-SUBG2.5.0.0
2024-11-08 10:05:21,571 [WARN] PackLoader:240 - Cannot read IP mode file for Cesanta.I-CUBE-Mongoose.7.13.0
2024-11-08 10:05:21,591 [WARN] PackLoader:240 - Cannot read IP mode file for STMicroelectronics.X-CUBE-TOF1.3.3.1
2024-11-08 10:05:21,644 [WARN] PackLoader:240 - Cannot read IP mode file for STMicroelectronics.X-CUBE-AZRTOS-G4.2.0.0
2024-11-08 10:05:21,667 [WARN] PackLoader:240 - Cannot read IP mode file for STMicroelectronics.X-CUBE-TOF1.3.3.0
2024-11-08 10:05:21,695 [WARN] PackLoader:240 - Cannot read IP mode file for STMicroelectronics.FP-ATR-ASTRA1.1.1.1
2024-11-08 10:05:21,728 [WARN] PackLoader:240 - Cannot read IP mode file for Infineon.AIROC-Wi-Fi-Bluetooth-STM32.1.5.1
2024-11-08 10:05:21,743 [WARN] PackLoader:240 - Cannot read IP mode file for STMicroelectronics.FP-SNS-MOTENVWB1.1.3.0
2024-11-08 10:05:21,751 [WARN] PackLoader:240 - Cannot read IP mode file for STMicroelectronics.FP-SNS-MOTENVWB1.1.3.1
2024-11-08 10:05:21,777 [WARN] PackLoader:240 - Cannot read IP mode file for STMicroelectronics.X-CUBE-AZRTOS-G4.1.0.0
2024-11-08 10:05:21,812 [WARN] PackLoader:240 - Cannot read IP mode file for STMicroelectronics.X-CUBE-AZRTOS-L4.1.0.0
2024-11-08 10:05:21,825 [WARN] PackLoader:240 - Cannot read IP mode file for STMicroelectronics.X-CUBE-ISPU.2.0.0
2024-11-08 10:05:21,835 [WARN] PackLoader:240 - Cannot read IP mode file for STMicroelectronics.X-CUBE-ALS.1.0.2
2024-11-08 10:05:21,920 [WARN] PackLoader:240 - Cannot read IP mode file for STMicroelectronics.X-CUBE-MEMS1.10.0.0
2024-11-08 10:05:22,166 [WARN] PackLoader:240 - Cannot read IP mode file for STMicroelectronics.X-CUBE-FREERTOS.1.1.0
2024-11-08 10:05:22,172 [WARN] PackLoader:240 - Cannot read IP mode file for STMicroelectronics.X-CUBE-TOUCHGFX.4.24.0
2024-11-08 10:05:22,193 [WARN] PackLoader:240 - Cannot read IP mode file for STMicroelectronics.X-CUBE-AZRTOS-WL.1.0.0
2024-11-08 10:05:22,200 [WARN] PackLoader:240 - Cannot read IP mode file for STMicroelectronics.X-CUBE-TOUCHGFX.4.24.1
2024-11-08 10:05:22,212 [WARN] PackLoader:240 - Cannot read IP mode file for portGmbH.I-Cube-SoM-uGOAL.1.1.0
2024-11-08 10:05:22,221 [WARN] PackLoader:240 - Cannot read IP mode file for STMicroelectronics.X-CUBE-ALS.1.0.1
2024-11-08 10:05:22,251 [WARN] PackLoader:240 - Cannot read IP mode file for STMicroelectronics.X-CUBE-AZRTOS-WB.1.1.0
2024-11-08 10:05:22,303 [WARN] PackLoader:240 - Cannot read IP mode file for STMicroelectronics.X-CUBE-AZRTOS-H7RS.1.0.0
2024-11-08 10:05:22,315 [WARN] PackLoader:240 - Cannot read IP mode file for STMicroelectronics.FP-ATR-ASTRA1.2.0.0
2024-11-08 10:05:22,326 [ERROR] Engine:466 - C:\Users\Minh\.stm32cubemx\thirdparties\pdsc\STMicroelectronics.X-CUBE-TOF1.3.4.2.pdsc: PDSC version is not supported
2024-11-08 10:05:22,348 [WARN] PackLoader:240 - Cannot read IP mode file for STMicroelectronics.X-CUBE-TOF1.3.4.0
2024-11-08 10:05:22,390 [WARN] PackLoader:240 - Cannot read IP mode file for STMicroelectronics.X-CUBE-TOF1.3.4.1
2024-11-08 10:05:22,444 [WARN] PackLoader:240 - Cannot read IP mode file for STMicroelectronics.X-CUBE-AZRTOS-H7.3.2.0
2024-11-08 10:05:22,459 [WARN] PackLoader:240 - Cannot read IP mode file for wolfSSL.I-CUBE-wolfSSH.1.4.17
2024-11-08 10:05:22,460 [INFO] ThirdParty:978 - Integrity check success = true
2024-11-08 10:05:22,460 [INFO] IntegrityCheckThread:100 - exiting critical section [integrity check]
2024-11-08 10:05:22,460 [INFO] IntegrityCheckThread:103 - End integrity checks thread
2024-11-08 10:10:34,811 [ERROR] LogOutputStream:75 - [STDERR_REDIRECT] SLF4J: Failed to load class "org.slf4j.impl.StaticLoggerBinder".
2024-11-08 10:10:34,812 [ERROR] LogOutputStream:75 - [STDERR_REDIRECT] SLF4J: Defaulting to no-operation (NOP) logger implementation
2024-11-08 10:10:34,817 [ERROR] LogOutputStream:75 - [STDERR_REDIRECT] SLF4J: See http://www.slf4j.org/codes.html#StaticLoggerBinder for further details.
2024-11-08 16:37:17,870 [ERROR] LogOutputStream:75 - [STDERR_REDIRECT] 
