2024-12-24 16:14:19,538 [INFO] Activator:176 - 


2024-12-24 16:14:19,554 [INFO] Activator:177 - !SESSION log4j initialized
2024-12-24 16:14:36,444 [INFO] LogOutputStream:77 - [STDOUT_REDIRECT] 
2024-12-24 16:14:45,639 [INFO] ApplicationProperties:184 - Using Application install path: C:\ST\STM32CubeIDE_1.4.0\STM32CubeIDE\plugins\com.st.stm32cube.common.mx_6.9.1.202307191849
2024-12-24 16:14:45,670 [INFO] DbMcusXml:78 - Set database path to: C:\ST\STM32CubeIDE_1.4.0\STM32CubeIDE\plugins\com.st.stm32cube.common.mx_6.9.1.202307191849\\db\/mcu/
2024-12-24 16:14:45,671 [INFO] ApiDb:274 - Set plugin database path to: C:\ST\STM32CubeIDE_1.4.0\STM32CubeIDE\plugins\com.st.stm32cube.common.mx_6.9.1.202307191849\\db\/plugins/boardmanager/
2024-12-24 16:14:45,672 [WARN] ApiDb:259 - Overriding images path with different value:  => C:\ST\STM32CubeIDE_1.4.0\STM32CubeIDE\plugins\com.st.stm32cube.common.mx_6.9.1.202307191849\\db\/plugins/mcufinder/images/
2024-12-24 16:14:45,694 [INFO] ApiDb:250 - Set database path to: C:\Users\Minh\.stmcufinder\plugins\mcufinder//mcu/
2024-12-24 16:14:45,697 [INFO] DbMcusAds:125 - Set database path to: C:\Users\Minh\.stmcufinder\plugins\mcufinder//mcu/
2024-12-24 16:14:45,701 [INFO] CrossReferenceDbSqlite:203 - Set database path to: C:\Users\Minh\.stmcufinder\plugins\mcufinder//mcu/cs/
2024-12-24 16:14:45,952 [INFO] RulesReader:64 - Compatibility file has been processed (293 Rules)
2024-12-24 16:14:46,160 [INFO] DbMcusXml:78 - Set database path to: C:\ST\STM32CubeIDE_1.4.0\STM32CubeIDE\plugins\com.st.stm32cube.common.mx_6.9.1.202307191849\\db\/mcu/
2024-12-24 16:14:46,160 [INFO] ApiDb:274 - Set plugin database path to: C:\ST\STM32CubeIDE_1.4.0\STM32CubeIDE\plugins\com.st.stm32cube.common.mx_6.9.1.202307191849\\db\/plugins/boardmanager/
2024-12-24 16:14:46,160 [INFO] ApiDb:261 - Set plugin images path to: C:\ST\STM32CubeIDE_1.4.0\STM32CubeIDE\plugins\com.st.stm32cube.common.mx_6.9.1.202307191849\\db\/plugins/mcufinder/images/
2024-12-24 16:14:46,161 [WARN] DbFile:41 - Overriding database path with different value: C:\Users\Minh\.stmcufinder\plugins\mcufinder/ => C:\Users\Minh\.stmcufinder\plugins\mcufinder
2024-12-24 16:14:46,161 [INFO] ApiDb:250 - Set database path to: C:\Users\Minh\.stmcufinder\plugins\mcufinder//mcu/
2024-12-24 16:14:46,161 [WARN] DbFile:41 - Overriding database path with different value: C:\Users\Minh\.stmcufinder\plugins\mcufinder/ => C:\Users\Minh\.stmcufinder\plugins\mcufinder
2024-12-24 16:14:46,161 [INFO] DbMcusAds:125 - Set database path to: C:\Users\Minh\.stmcufinder\plugins\mcufinder//mcu/
2024-12-24 16:14:46,162 [WARN] DbFile:41 - Overriding database path with different value: C:\Users\Minh\.stmcufinder\plugins\mcufinder/ => C:\Users\Minh\.stmcufinder\plugins\mcufinder
2024-12-24 16:14:46,162 [WARN] DbFile:41 - Overriding database path with different value: C:\Users\Minh\.stmcufinder\plugins\mcufinder/ => C:\Users\Minh\.stmcufinder\plugins\mcufinder
2024-12-24 16:14:46,162 [INFO] CrossReferenceDbSqlite:203 - Set database path to: C:\Users\Minh\.stmcufinder\plugins\mcufinder//mcu/cs/
2024-12-24 16:14:46,304 [INFO] MainPanel:262 - HeapMemory: 268435456
2024-12-24 16:14:46,482 [INFO] DbMcusXml:78 - Set database path to: C:\ST\STM32CubeIDE_1.4.0\STM32CubeIDE\plugins\com.st.stm32cube.common.mx_6.9.1.202307191849\\db\/mcu/
2024-12-24 16:14:46,483 [INFO] ApiDb:274 - Set plugin database path to: C:\ST\STM32CubeIDE_1.4.0\STM32CubeIDE\plugins\com.st.stm32cube.common.mx_6.9.1.202307191849\\db\/plugins/boardmanager/
2024-12-24 16:14:46,483 [INFO] ApiDb:261 - Set plugin images path to: C:\ST\STM32CubeIDE_1.4.0\STM32CubeIDE\plugins\com.st.stm32cube.common.mx_6.9.1.202307191849\\db\/plugins/mcufinder/images/
2024-12-24 16:14:46,484 [WARN] DbFile:41 - Overriding database path with different value: C:\Users\Minh\.stmcufinder\plugins\mcufinder/ => C:\Users\Minh\.stmcufinder\plugins\mcufinder
2024-12-24 16:14:46,484 [INFO] ApiDb:250 - Set database path to: C:\Users\Minh\.stmcufinder\plugins\mcufinder//mcu/
2024-12-24 16:14:46,484 [WARN] DbFile:41 - Overriding database path with different value: C:\Users\Minh\.stmcufinder\plugins\mcufinder/ => C:\Users\Minh\.stmcufinder\plugins\mcufinder
2024-12-24 16:14:46,484 [INFO] DbMcusAds:125 - Set database path to: C:\Users\Minh\.stmcufinder\plugins\mcufinder//mcu/
2024-12-24 16:14:46,484 [WARN] DbFile:41 - Overriding database path with different value: C:\Users\Minh\.stmcufinder\plugins\mcufinder/ => C:\Users\Minh\.stmcufinder\plugins\mcufinder
2024-12-24 16:14:46,484 [WARN] DbFile:41 - Overriding database path with different value: C:\Users\Minh\.stmcufinder\plugins\mcufinder/ => C:\Users\Minh\.stmcufinder\plugins\mcufinder
2024-12-24 16:14:46,485 [INFO] CrossReferenceDbSqlite:203 - Set database path to: C:\Users\Minh\.stmcufinder\plugins\mcufinder//mcu/cs/
2024-12-24 16:14:46,514 [INFO] ApplicationProperties:184 - Using Application install path: C:\ST\STM32CubeIDE_1.4.0\STM32CubeIDE\plugins\com.st.stm32cube.common.mx_6.9.1.202307191849
2024-12-24 16:14:46,516 [INFO] PluginManage:196 - Search for loadable plugins [exclusion list=, ]
2024-12-24 16:14:46,519 [INFO] PluginManage:310 - Check plugin analytics
2024-12-24 16:14:51,411 [INFO] AnalyticsPlugin:253 - Accepted Software Licenses: STM32CubeMX.6.0.0,STM32CubeMX.5.2.0
2024-12-24 16:14:51,412 [INFO] AnalyticsPlugin:255 - Accepted CMSIS Pack Licenses: 
2024-12-24 16:14:51,412 [INFO] AnalyticsPlugin:257 - Accepted Firmware Licenses: 
2024-12-24 16:14:51,420 [INFO] PluginManage:359 - Loaded plugin analytics (category:tool,tabindex:-1)
2024-12-24 16:14:51,421 [INFO] PluginManage:310 - Check plugin cadmodel
2024-12-24 16:14:51,452 [INFO] CADModel:105 - Init CAD model plugin
2024-12-24 16:14:51,453 [INFO] PluginManage:359 - Loaded plugin cadmodel (category:power,tabindex:5)
2024-12-24 16:14:51,453 [INFO] PluginManage:310 - Check plugin clock
2024-12-24 16:14:51,494 [INFO] PluginManage:359 - Loaded plugin clock (category:base,tabindex:2)
2024-12-24 16:14:51,494 [INFO] PluginManage:310 - Check plugin ddr
2024-12-24 16:14:51,498 [INFO] PluginManage:359 - Loaded plugin ddr (category:tool,tabindex:6)
2024-12-24 16:14:51,499 [INFO] PluginManage:310 - Check plugin filemanager
2024-12-24 16:14:51,735 [INFO] PluginManage:359 - Loaded plugin filemanager (category:base,tabindex:10)
2024-12-24 16:14:51,735 [INFO] PluginManage:310 - Check plugin ipmanager
2024-12-24 16:14:51,750 [INFO] PluginManage:359 - Loaded plugin ipmanager (category:base,tabindex:5)
2024-12-24 16:14:51,750 [INFO] PluginManage:310 - Check plugin lpbam
2024-12-24 16:14:51,786 [INFO] PluginManage:359 - Loaded plugin lpbam (category:base,tabindex:0)
2024-12-24 16:14:51,786 [INFO] PluginManage:310 - Check plugin memorymap
2024-12-24 16:14:51,830 [INFO] PluginManage:359 - Loaded plugin memorymap (category:base,tabindex:4)
2024-12-24 16:14:51,831 [INFO] PluginManage:310 - Check plugin pinoutandconfiguration
2024-12-24 16:14:51,864 [INFO] PluginManage:359 - Loaded plugin pinoutandconfiguration (category:base,tabindex:1)
2024-12-24 16:14:51,864 [INFO] PluginManage:310 - Check plugin pinoutconfig
2024-12-24 16:14:52,053 [WARN] SupportedApi:132 - Cannot load RTOS API schema: s4s-elt-must-match.1: The content of 'definitions' must match (annotation?, (simpleType | complexType)?, (unique | key | keyref)*)). A problem was found starting at: attribute.
2024-12-24 16:14:52,326 [INFO] PluginManage:359 - Loaded plugin pinoutconfig (category:base,tabindex:0)
2024-12-24 16:14:52,327 [INFO] PluginManage:310 - Check plugin power
2024-12-24 16:14:52,370 [INFO] PluginManage:359 - Loaded plugin power (category:power,tabindex:4)
2024-12-24 16:14:52,371 [INFO] PluginManage:310 - Check plugin projectmanager
2024-12-24 16:14:52,400 [INFO] PluginManage:359 - Loaded plugin projectmanager (category:projectmanager,tabindex:3)
2024-12-24 16:14:52,401 [INFO] PluginManage:310 - Check plugin thirdparty
2024-12-24 16:14:53,075 [INFO] PluginManage:359 - Loaded plugin thirdparty (category:base,tabindex:-1)
2024-12-24 16:14:53,075 [WARN] IntegrityCheckThread:84 - waiting for thirdparty lock release [integrity check]
2024-12-24 16:14:53,075 [INFO] IntegrityCheckThread:86 - entering critical section [integrity check]
2024-12-24 16:14:53,075 [INFO] PluginManage:310 - Check plugin tools
2024-12-24 16:14:53,077 [INFO] ThirdPartyUpdaterWithRetryManager:70 - Updater plugin not ready yet. [1/15]
2024-12-24 16:14:53,186 [INFO] PluginManage:359 - Loaded plugin tools (category:base,tabindex:7)
2024-12-24 16:14:53,186 [INFO] PluginManage:310 - Check plugin tutovideos
2024-12-24 16:14:53,593 [INFO] PluginManage:359 - Loaded plugin tutovideos (category:base,tabindex:-1)
2024-12-24 16:14:53,593 [INFO] PluginManage:310 - Check plugin updater
2024-12-24 16:14:53,617 [INFO] PluginManage:359 - Loaded plugin updater (category:base,tabindex:12)
2024-12-24 16:14:53,617 [INFO] PluginManage:310 - Check plugin userauth
2024-12-24 16:14:53,628 [INFO] UserAuth:113 - Init User Auth plugin
2024-12-24 16:14:53,628 [INFO] PluginManage:359 - Loaded plugin userauth (category:base,tabindex:14)
2024-12-24 16:14:53,629 [INFO] PluginManage:283 - PluginManage : Loaded plugins [17]
2024-12-24 16:14:54,059 [INFO] PinOutPanel:1499 - setPackage(No Configuration,No Configuration)
2024-12-24 16:14:54,306 [INFO] CADModel:165 - CPN selected for project level
2024-12-24 16:14:54,307 [INFO] CADModel:114 - Register for checkConnection events
2024-12-24 16:14:54,358 [INFO] IPUIPlugin:80 - create IPUIPlugin
2024-12-24 16:14:54,359 [INFO] PluginManager:220 - loadIPPluginJar : add adc
2024-12-24 16:14:54,443 [INFO] IPUIPlugin:80 - create IPUIPlugin
2024-12-24 16:14:54,443 [INFO] PluginManager:220 - loadIPPluginJar : add aes
2024-12-24 16:14:54,529 [INFO] IPUIPlugin:80 - create IPUIPlugin
2024-12-24 16:14:54,529 [INFO] PluginManager:220 - loadIPPluginJar : add can
2024-12-24 16:14:54,586 [INFO] IPUIPlugin:80 - create IPUIPlugin
2024-12-24 16:14:54,587 [INFO] PluginManager:220 - loadIPPluginJar : add comp
2024-12-24 16:14:54,681 [INFO] IPUIPlugin:80 - create IPUIPlugin
2024-12-24 16:14:54,681 [INFO] PluginManager:220 - loadIPPluginJar : add cryp
2024-12-24 16:14:54,761 [INFO] IPUIPlugin:80 - create IPUIPlugin
2024-12-24 16:14:54,761 [INFO] PluginManager:220 - loadIPPluginJar : add dfsdm
2024-12-24 16:14:54,794 [INFO] IPUIPlugin:80 - create IPUIPlugin
2024-12-24 16:14:54,795 [INFO] PluginManager:220 - loadIPPluginJar : add dma
2024-12-24 16:14:54,885 [INFO] IPUIPlugin:80 - create IPUIPlugin
2024-12-24 16:14:54,885 [INFO] PluginManager:220 - loadIPPluginJar : add dma3
2024-12-24 16:14:54,937 [INFO] IPUIPlugin:80 - create IPUIPlugin
2024-12-24 16:14:54,937 [INFO] PluginManager:220 - loadIPPluginJar : add fatfs
2024-12-24 16:14:55,041 [INFO] IPUIPlugin:80 - create IPUIPlugin
2024-12-24 16:14:55,041 [INFO] PluginManager:220 - loadIPPluginJar : add fmc
2024-12-24 16:14:55,072 [INFO] IPUIPlugin:80 - create IPUIPlugin
2024-12-24 16:14:55,073 [INFO] PluginManager:220 - loadIPPluginJar : add freertos
2024-12-24 16:14:55,116 [INFO] IPUIPlugin:80 - create IPUIPlugin
2024-12-24 16:14:55,116 [INFO] PluginManager:220 - loadIPPluginJar : add genericplugin
2024-12-24 16:14:55,312 [INFO] IPUIPlugin:80 - create IPUIPlugin
2024-12-24 16:14:55,312 [INFO] PluginManager:220 - loadIPPluginJar : add gfxmmu
2024-12-24 16:14:55,579 [INFO] IPUIPlugin:80 - create IPUIPlugin
2024-12-24 16:14:55,579 [INFO] PluginManager:220 - loadIPPluginJar : add gic
2024-12-24 16:14:55,603 [INFO] IPUIPlugin:80 - create IPUIPlugin
2024-12-24 16:14:55,603 [INFO] PluginManager:220 - loadIPPluginJar : add gpio
2024-12-24 16:14:55,794 [INFO] IPUIPlugin:80 - create IPUIPlugin
2024-12-24 16:14:55,794 [INFO] PluginManager:220 - loadIPPluginJar : add gtzc
2024-12-24 16:14:55,859 [INFO] IPUIPlugin:80 - create IPUIPlugin
2024-12-24 16:14:55,859 [INFO] PluginManager:220 - loadIPPluginJar : add hash
2024-12-24 16:14:55,962 [INFO] IPUIPlugin:80 - create IPUIPlugin
2024-12-24 16:14:55,963 [INFO] PluginManager:220 - loadIPPluginJar : add i2c
2024-12-24 16:14:56,041 [INFO] IPUIPlugin:80 - create IPUIPlugin
2024-12-24 16:14:56,041 [INFO] PluginManager:220 - loadIPPluginJar : add i2s
2024-12-24 16:14:56,078 [INFO] ThirdPartyUpdaterWithRetryManager:70 - Updater plugin not ready yet. [2/15]
2024-12-24 16:14:56,126 [INFO] IPUIPlugin:80 - create IPUIPlugin
2024-12-24 16:14:56,126 [INFO] PluginManager:220 - loadIPPluginJar : add i3c
2024-12-24 16:14:56,329 [INFO] IPUIPlugin:80 - create IPUIPlugin
2024-12-24 16:14:56,330 [INFO] PluginManager:220 - loadIPPluginJar : add ipddr
2024-12-24 16:14:56,525 [INFO] IPUIPlugin:80 - create IPUIPlugin
2024-12-24 16:14:56,525 [INFO] PluginManager:220 - loadIPPluginJar : add linkedlist
2024-12-24 16:14:56,597 [INFO] IPUIPlugin:80 - create IPUIPlugin
2024-12-24 16:14:56,597 [INFO] PluginManager:220 - loadIPPluginJar : add lorawan
2024-12-24 16:14:56,678 [INFO] IPUIPlugin:80 - create IPUIPlugin
2024-12-24 16:14:56,678 [INFO] PluginManager:220 - loadIPPluginJar : add ltdc
2024-12-24 16:14:56,709 [INFO] IPUIPlugin:80 - create IPUIPlugin
2024-12-24 16:14:56,709 [INFO] PluginManager:220 - loadIPPluginJar : add mdma
2024-12-24 16:14:56,732 [INFO] IPUIPlugin:80 - create IPUIPlugin
2024-12-24 16:14:56,733 [INFO] PluginManager:220 - loadIPPluginJar : add nvic
2024-12-24 16:14:56,826 [INFO] IPUIPlugin:80 - create IPUIPlugin
2024-12-24 16:14:56,826 [INFO] PluginManager:220 - loadIPPluginJar : add opamp
2024-12-24 16:14:56,948 [INFO] IPUIPlugin:80 - create IPUIPlugin
2024-12-24 16:14:56,949 [INFO] PluginManager:220 - loadIPPluginJar : add openamp
2024-12-24 16:14:57,044 [INFO] IPUIPlugin:80 - create IPUIPlugin
2024-12-24 16:14:57,044 [INFO] PluginManager:220 - loadIPPluginJar : add pdm2pcm
2024-12-24 16:14:57,073 [INFO] IPUIPlugin:80 - create IPUIPlugin
2024-12-24 16:14:57,077 [INFO] PluginManager:220 - loadIPPluginJar : add plateformsettings
2024-12-24 16:14:57,127 [INFO] IPUIPlugin:80 - create IPUIPlugin
2024-12-24 16:14:57,127 [INFO] PluginManager:220 - loadIPPluginJar : add quadspi
2024-12-24 16:14:57,154 [INFO] IPUIPlugin:80 - create IPUIPlugin
2024-12-24 16:14:57,154 [INFO] PluginManager:220 - loadIPPluginJar : add resmgrutility
2024-12-24 16:14:57,258 [INFO] IPUIPlugin:80 - create IPUIPlugin
2024-12-24 16:14:57,258 [INFO] PluginManager:220 - loadIPPluginJar : add sai
2024-12-24 16:14:57,339 [INFO] IPUIPlugin:80 - create IPUIPlugin
2024-12-24 16:14:57,339 [INFO] PluginManager:220 - loadIPPluginJar : add spi
2024-12-24 16:14:57,461 [INFO] IPUIPlugin:80 - create IPUIPlugin
2024-12-24 16:14:57,462 [INFO] PluginManager:220 - loadIPPluginJar : add stm32_wpan
2024-12-24 16:14:57,522 [INFO] IPUIPlugin:80 - create IPUIPlugin
2024-12-24 16:14:57,522 [INFO] PluginManager:220 - loadIPPluginJar : add tim
2024-12-24 16:14:57,631 [INFO] IPUIPlugin:80 - create IPUIPlugin
2024-12-24 16:14:57,631 [INFO] PluginManager:220 - loadIPPluginJar : add touchsensing
2024-12-24 16:14:57,677 [INFO] IPUIPlugin:80 - create IPUIPlugin
2024-12-24 16:14:57,678 [INFO] PluginManager:220 - loadIPPluginJar : add tracer_emb
2024-12-24 16:14:57,745 [INFO] IPUIPlugin:80 - create IPUIPlugin
2024-12-24 16:14:57,745 [INFO] PluginManager:220 - loadIPPluginJar : add ts
2024-12-24 16:14:57,809 [INFO] IPUIPlugin:80 - create IPUIPlugin
2024-12-24 16:14:57,809 [INFO] PluginManager:220 - loadIPPluginJar : add tsc
2024-12-24 16:14:57,863 [INFO] IPUIPlugin:80 - create IPUIPlugin
2024-12-24 16:14:57,864 [INFO] PluginManager:220 - loadIPPluginJar : add ucpd
2024-12-24 16:14:57,952 [INFO] IPUIPlugin:80 - create IPUIPlugin
2024-12-24 16:14:57,953 [INFO] PluginManager:220 - loadIPPluginJar : add usart
2024-12-24 16:14:58,041 [INFO] IPUIPlugin:80 - create IPUIPlugin
2024-12-24 16:14:58,042 [INFO] PluginManager:220 - loadIPPluginJar : add usbx
2024-12-24 16:14:58,212 [INFO] CADModel:165 - CPN selected for project level
2024-12-24 16:14:58,212 [INFO] CADModel:114 - Register for checkConnection events
2024-12-24 16:14:58,212 [FATAL] Updater:308 - Updater called before beeing initialized
2024-12-24 16:14:58,213 [ERROR] CADModel:125 - Updater not yet initialized, retry later 
2024-12-24 16:14:58,477 [INFO] CADModel:165 - CPN selected for project level
2024-12-24 16:14:58,477 [INFO] CADModel:114 - Register for checkConnection events
2024-12-24 16:14:58,477 [FATAL] Updater:308 - Updater called before beeing initialized
2024-12-24 16:14:58,477 [ERROR] CADModel:125 - Updater not yet initialized, retry later 
2024-12-24 16:14:58,484 [FATAL] Updater:308 - Updater called before beeing initialized
2024-12-24 16:14:58,689 [FATAL] Updater:308 - Updater called before beeing initialized
2024-12-24 16:14:58,699 [INFO] DbMcusAds:53 - JSON generation date=Wed Dec 18 01:01:15 JST 2024 (1734451275196)
2024-12-24 16:14:58,699 [FATAL] Updater:308 - Updater called before beeing initialized
2024-12-24 16:14:58,868 [WARN] DetailPanel:346 - Failed to get advertising image, set to default
2024-12-24 16:14:59,029 [FATAL] Updater:308 - Updater called before beeing initialized
2024-12-24 16:14:59,033 [FATAL] Updater:308 - Updater called before beeing initialized
2024-12-24 16:14:59,033 [FATAL] Updater:308 - Updater called before beeing initialized
2024-12-24 16:14:59,033 [WARN] DetailPanel:346 - Failed to get advertising image, set to default
2024-12-24 16:14:59,034 [FATAL] Updater:308 - Updater called before beeing initialized
2024-12-24 16:14:59,079 [INFO] ThirdPartyUpdaterWithRetryManager:70 - Updater plugin not ready yet. [3/15]
2024-12-24 16:14:59,161 [ERROR] Updater:1120 - MainUpdater not yet initialized. External WinMGr cannot be set.
2024-12-24 16:14:59,186 [INFO] Updater:1056 - Updater Version found : 6.9.1
2024-12-24 16:14:59,217 [INFO] ApplicationProperties:184 - Using Application install path: C:\ST\STM32CubeIDE_1.4.0\STM32CubeIDE\plugins\com.st.stm32cube.common.mx_6.9.1.202307191849
2024-12-24 16:14:59,472 [INFO] MainUpdater:2868 - connection check result : 10
2024-12-24 16:14:59,473 [INFO] MainUpdater:285 - Updater Check For Update Now.
2024-12-24 16:14:59,474 [INFO] MicroXplorer:498 - Change Database Version : DB.6.0.91
2024-12-24 16:14:59,510 [INFO] McuFinderGlobals:63 - Set McuFinder mode to 2 (CubeIDE integrated)
2024-12-24 16:14:59,511 [INFO] UserAuth:179 - activating auth plugin
2024-12-24 16:14:59,516 [INFO] UserAuth:393 - Internet connection configuration mode: 1
2024-12-24 16:14:59,556 [INFO] JxBrowserEngine:151 - Initiate JxBrowser Engine with user profile folder
2024-12-24 16:14:59,792 [INFO] CheckServerUpdateThread:120 - End of CheckServer Thread
2024-12-24 16:15:01,235 [INFO] WebApp:157 - Instantiating new browser for Auth
2024-12-24 16:15:02,693 [INFO] WebApp:753 - Register for checkConnection events
2024-12-24 16:15:02,694 [INFO] WebApp:390 - Apply proxy settings
2024-12-24 16:15:02,694 [INFO] WebApp:475 - Chromium requires no authentication
2024-12-24 16:15:02,715 [INFO] WebApp:418 - Direct internet connection detected
2024-12-24 16:15:02,924 [WARN] PackLoader:240 - Cannot read IP mode file for STMicroelectronics.FP-SNS-MOTENVWB1.1.4.0
2024-12-24 16:15:02,947 [WARN] PackLoader:240 - Cannot read IP mode file for STMicroelectronics.FP-ATR-ASTRA1.2.0.1
2024-12-24 16:15:02,966 [WARN] PackLoader:240 - Cannot read IP mode file for STMicroelectronics.X-CUBE-SMBUS.2.1.0
2024-12-24 16:15:02,987 [WARN] PackLoader:240 - Cannot read IP mode file for STMicroelectronics.X-CUBE-WB05N.1.1.0
2024-12-24 16:15:03,001 [WARN] PackLoader:240 - Cannot read IP mode file for STMicroelectronics.X-CUBE-TOUCHGFX.4.23.0
2024-12-24 16:15:03,008 [WARN] PackLoader:240 - Cannot read IP mode file for STMicroelectronics.X-CUBE-TOUCHGFX.4.23.2
2024-12-24 16:15:03,102 [WARN] PackLoader:240 - Cannot read IP mode file for STMicroelectronics.X-CUBE-AZRTOS-F7.1.1.0
2024-12-24 16:15:03,122 [ERROR] RealEvaluatedCondition:428 - Found unsupported composite condition: CLASS='Data Exchange' GROUP='STM32_MetaDataManager'
2024-12-24 16:15:03,122 [ERROR] RealEvaluatedCondition:428 - Found unsupported composite condition: GROUP='STM32_MetaDataManager' CLASS='Data Exchange'
2024-12-24 16:15:03,127 [WARN] PackLoader:240 - Cannot read IP mode file for STMicroelectronics.FP-SNS-MOTENV1.4.3.0
2024-12-24 16:15:03,158 [WARN] PackLoader:240 - Cannot read IP mode file for STMicroelectronics.FP-SNS-MOTENV1.4.3.2
2024-12-24 16:15:03,173 [WARN] PackLoader:240 - Cannot read IP mode file for STMicroelectronics.FP-SNS-FLIGHT1.5.0.0
2024-12-24 16:15:03,184 [ERROR] RealEvaluatedCondition:428 - Found unsupported composite condition: GROUP='STM32_MetaDataManager' CLASS='Data Exchange'
2024-12-24 16:15:03,184 [ERROR] RealEvaluatedCondition:428 - Found unsupported composite condition: GROUP='STM32_MetaDataManager' CLASS='Data Exchange'
2024-12-24 16:15:03,187 [WARN] PackLoader:240 - Cannot read IP mode file for STMicroelectronics.FP-SNS-MOTENV1.4.3.1
2024-12-24 16:15:03,199 [WARN] PackLoader:240 - Cannot read IP mode file for STMicroelectronics.FP-SNS-FLIGHT1.5.0.1
2024-12-24 16:15:03,385 [WARN] PackLoader:240 - Cannot read IP mode file for STMicroelectronics.X-CUBE-MEMS1.11.0.0
2024-12-24 16:15:03,588 [INFO] WebApp:188 - Starting web application
2024-12-24 16:15:03,588 [INFO] WebApp:520 - Web application path used C:\ST\STM32CubeIDE_1.4.0\STM32CubeIDE\plugins\com.st.stm32cube.common.mx_6.9.1.202307191849\db\plugins\mcufinder\reactClient1\index.html
2024-12-24 16:15:03,895 [WARN] PackLoader:240 - Cannot read IP mode file for STMicroelectronics.X-CUBE-BLE1.6.2.4
2024-12-24 16:15:03,904 [WARN] PackLoader:240 - Cannot read IP mode file for STMicroelectronics.FP-SNS-FLIGHT1.5.0.2
2024-12-24 16:15:03,920 [WARN] PackLoader:240 - Cannot read IP mode file for STMicroelectronics.X-CUBE-DISPLAY.3.0.0
2024-12-24 16:15:03,940 [WARN] PackLoader:240 - Cannot read IP mode file for STMicroelectronics.X-CUBE-BLE1.7.0.0
2024-12-24 16:15:03,954 [WARN] PackLoader:240 - Cannot read IP mode file for STMicroelectronics.X-CUBE-NFC10.1.0.0
2024-12-24 16:15:03,968 [ERROR] Engine:466 - C:\Users\Minh\.stm32cubemx\thirdparties\pdsc\STMicroelectronics.X-CUBE-BLEMGR.4.0.0.pdsc: PDSC version is not supported
2024-12-24 16:15:03,975 [WARN] PackLoader:240 - Cannot read IP mode file for STMicroelectronics.X-CUBE-TOUCHGFX.4.22.0
2024-12-24 16:15:03,981 [WARN] PackLoader:240 - Cannot read IP mode file for STMicroelectronics.X-CUBE-TOUCHGFX.4.22.1
2024-12-24 16:15:04,002 [WARN] PackLoader:240 - Cannot read IP mode file for STMicroelectronics.X-CUBE-BLEMGR.3.1.0
2024-12-24 16:15:04,020 [WARN] PackLoader:240 - Cannot read IP mode file for STMicroelectronics.FP-SNS-SMARTAG2.1.2.0
2024-12-24 16:15:04,187 [WARN] PackLoader:240 - Cannot read IP mode file for STMicroelectronics.X-CUBE-MEMS1.11.1.0
2024-12-24 16:15:04,608 [INFO] LogOutputStream:77 - [STDOUT_REDIRECT] 1 : Invalid condition id : UX_CORESTACK_Condition cause : null
2024-12-24 16:15:04,610 [INFO] LogOutputStream:77 - [STDOUT_REDIRECT] 1 : Invalid condition id : UX_CORESTACK_Condition cause : null
2024-12-24 16:15:04,614 [INFO] LogOutputStream:77 - [STDOUT_REDIRECT] 1 : Invalid condition id : UX_CORESTACK_Condition cause : null
2024-12-24 16:15:04,618 [INFO] LogOutputStream:77 - [STDOUT_REDIRECT] 1 : Invalid condition id : UX_CORESTACK_Condition cause : null
2024-12-24 16:15:04,621 [INFO] LogOutputStream:77 - [STDOUT_REDIRECT] 1 : Invalid condition id : UX_CORESTACK_Condition cause : null
2024-12-24 16:15:04,629 [WARN] PackLoader:240 - Cannot read IP mode file for STMicroelectronics.X-CUBE-AZRTOS-WL.2.0.0
2024-12-24 16:15:04,640 [WARN] PackLoader:240 - Cannot read IP mode file for STMicroelectronics.FP-SNS-MOTENV1.5.0.0
2024-12-24 16:15:04,654 [WARN] PackLoader:240 - Cannot read IP mode file for wolfSSL.I-CUBE-wolfMQTT.1.19.0
2024-12-24 16:15:04,680 [WARN] PackLoader:240 - Cannot read IP mode file for WES.I-CUBE-Cesium.1.3.0
2024-12-24 16:15:04,721 [WARN] PackLoader:240 - Cannot read IP mode file for STMicroelectronics.X-CUBE-BLE2.3.3.0
2024-12-24 16:15:04,752 [WARN] PackLoader:240 - Cannot read IP mode file for STMicroelectronics.X-CUBE-TOF1.3.2.0
2024-12-24 16:15:04,784 [WARN] PackLoader:240 - Cannot read IP mode file for STMicroelectronics.X-CUBE-NFC9.1.0.0
2024-12-24 16:15:04,800 [WARN] PackLoader:240 - Cannot read IP mode file for STMicroelectronics.X-CUBE-TCPP.4.1.0
2024-12-24 16:15:04,810 [WARN] PackLoader:240 - Cannot read IP mode file for STMicroelectronics.X-CUBE-TOUCHGFX.4.21.1
2024-12-24 16:15:04,816 [WARN] PackLoader:240 - Cannot read IP mode file for STMicroelectronics.X-CUBE-TOUCHGFX.4.21.3
2024-12-24 16:15:04,822 [WARN] PackLoader:240 - Cannot read IP mode file for STMicroelectronics.X-CUBE-TOUCHGFX.4.21.4
2024-12-24 16:15:04,845 [WARN] PackLoader:240 - Cannot read IP mode file for STMicroelectronics.X-CUBE-ALGOBUILD.1.3.0
2024-12-24 16:15:04,879 [WARN] PackLoader:240 - Cannot read IP mode file for STMicroelectronics.X-CUBE-AZRTOS-G0.1.1.0
2024-12-24 16:15:04,898 [WARN] PackLoader:240 - Cannot read IP mode file for STMicroelectronics.X-CUBE-SAFEA1.1.2.2
2024-12-24 16:15:04,913 [WARN] PackLoader:240 - Cannot read IP mode file for STMicroelectronics.X-CUBE-NFC4.3.0.0
2024-12-24 16:15:04,922 [ERROR] Engine:466 - C:\Users\Minh\.stm32cubemx\thirdparties\pdsc\EmbeddedOffice.I-CUBE-FS-RTOS.1.0.1.pdsc: PDSC version is not supported
2024-12-24 16:15:04,942 [WARN] PackLoader:240 - Cannot read IP mode file for STMicroelectronics.X-CUBE-BLEMGR.3.0.0
2024-12-24 16:15:04,955 [ERROR] Engine:466 - C:\Users\Minh\.stm32cubemx\thirdparties\pdsc\STMicroelectronics.X-CUBE-TCPP.4.2.0.pdsc: PDSC version is not supported
2024-12-24 16:15:04,959 [ERROR] Engine:466 - C:\Users\Minh\.stm32cubemx\thirdparties\pdsc\RealThread.X-CUBE-RT-Thread_Nano.4.1.1.pdsc: PDSC version is not supported
2024-12-24 16:15:04,967 [WARN] PackLoader:240 - Cannot read IP mode file for STMicroelectronics.FP-ATR-SIGFOX1.3.2.0
2024-12-24 16:15:04,972 [ERROR] Engine:466 - C:\Users\Minh\.stm32cubemx\thirdparties\pdsc\quantropi.X-CUBE-qispace-sdk-base.1.9.3.pdsc: PDSC version is not supported
2024-12-24 16:15:04,984 [WARN] PackLoader:240 - Cannot read IP mode file for STMicroelectronics.X-CUBE-EEPRMA1.5.1.0
2024-12-24 16:15:05,094 [WARN] PackLoader:240 - Cannot read IP mode file for STMicroelectronics.X-CUBE-MEMS1.9.5.0
2024-12-24 16:15:05,519 [WARN] PackLoader:240 - Cannot read IP mode file for SEGGER.I-CUBE-embOS.1.3.1
2024-12-24 16:15:05,651 [WARN] PackLoader:240 - Cannot read IP mode file for STMicroelectronics.X-CUBE-ALGOBUILD.1.4.0
2024-12-24 16:15:05,661 [WARN] PackLoader:240 - Cannot read IP mode file for STMicroelectronics.X-CUBE-AI.9.1.0
2024-12-24 16:15:05,674 [WARN] PackLoader:240 - Cannot read IP mode file for STMicroelectronics.X-CUBE-GNSS1.6.0.0
2024-12-24 16:15:05,722 [WARN] PackLoader:240 - Cannot read IP mode file for STMicroelectronics.X-CUBE-AZRTOS-F4.1.1.0
2024-12-24 16:15:05,739 [WARN] PackLoader:240 - Cannot read IP mode file for STMicroelectronics.X-CUBE-ISPU.2.1.0
2024-12-24 16:15:05,753 [WARN] PackLoader:240 - Cannot read IP mode file for STMicroelectronics.X-CUBE-FREERTOS.1.2.0
2024-12-24 16:15:05,806 [WARN] PackLoader:240 - Cannot read IP mode file for STMicroelectronics.X-CUBE-AZRTOS-L5.2.0.0
2024-12-24 16:15:05,934 [WARN] PackLoader:240 - Cannot read IP mode file for STMicroelectronics.X-CUBE-MEMS1.9.6.0
2024-12-24 16:15:06,323 [WARN] PackLoader:240 - Cannot read IP mode file for STMicroelectronics.X-CUBE-EEPRMA1.4.2.0
2024-12-24 16:15:06,343 [WARN] PackLoader:240 - Cannot read IP mode file for STMicroelectronics.X-CUBE-NFC6.3.1.0
2024-12-24 16:15:06,362 [WARN] PackLoader:240 - Cannot read IP mode file for ITTIA_DB.I-CUBE-ITTIADB.8.8.0
2024-12-24 16:15:06,379 [WARN] PackLoader:240 - Cannot read IP mode file for emotas.I-CUBE-CANOPEN.1.1.3
2024-12-24 16:15:06,397 [WARN] PackLoader:240 - Cannot read IP mode file for STMicroelectronics.X-CUBE-BLEMGR.2.0.0
2024-12-24 16:15:06,413 [ERROR] Engine:466 - C:\Users\Minh\.stm32cubemx\thirdparties\pdsc\STMicroelectronics.X-CUBE-DPower.1.2.0.pdsc: PDSC version is not supported
2024-12-24 16:15:06,421 [WARN] PackLoader:240 - Cannot read IP mode file for STMicroelectronics.X-CUBE-AI.9.0.0
2024-12-24 16:15:06,467 [WARN] ConditionMgr:438 - getConditionDescription Invalid condition id : UX DEVICE CLASS RTOS Condition cause : null
2024-12-24 16:15:06,468 [WARN] ConditionMgr:438 - getConditionDescription Invalid condition id : UX DEVICE CLASS RTOS Condition cause : null
2024-12-24 16:15:06,477 [WARN] PackLoader:240 - Cannot read IP mode file for STMicroelectronics.X-CUBE-AZRTOS-H7.3.1.0
2024-12-24 16:15:06,480 [WARN] ConditionMgr:1039 - genDependencies : Invalid condition id : UX DEVICE CLASS RTOS Condition cause : null
2024-12-24 16:15:06,480 [WARN] ConditionMgr:1039 - genDependencies : Invalid condition id : UX DEVICE CLASS RTOS Condition cause : null
2024-12-24 16:15:06,482 [WARN] ConditionMgr:1039 - genDependencies : Invalid condition id : UX DEVICE CLASS RTOS Condition cause : null
2024-12-24 16:15:06,483 [WARN] ConditionMgr:1039 - genDependencies : Invalid condition id : UX DEVICE CLASS RTOS Condition cause : null
2024-12-24 16:15:06,483 [WARN] ConditionMgr:1039 - genDependencies : Invalid condition id : UX DEVICE CLASS RTOS Condition cause : null
2024-12-24 16:15:06,495 [WARN] PackLoader:240 - Cannot read IP mode file for wolfSSL.I-CUBE-wolfSSL.5.5.4
2024-12-24 16:15:06,504 [WARN] PackLoader:240 - Cannot read IP mode file for STMicroelectronics.X-CUBE-FREERTOS.1.3.0
2024-12-24 16:15:06,515 [WARN] PackLoader:240 - Cannot read IP mode file for STMicroelectronics.X-CUBE-NFC7.1.0.1
2024-12-24 16:15:06,526 [WARN] PackLoader:240 - Cannot read IP mode file for STMicroelectronics.X-CUBE-NFC7.1.0.0
2024-12-24 16:15:06,544 [WARN] PackLoader:240 - Cannot read IP mode file for wolfSSL.I-CUBE-wolfTPM.3.2.0
2024-12-24 16:15:06,558 [WARN] PackLoader:240 - Cannot read IP mode file for STMicroelectronics.X-CUBE-NFC6.3.0.0
2024-12-24 16:15:06,571 [WARN] PackLoader:240 - Cannot read IP mode file for STMicroelectronics.X-CUBE-EEPRMA1.4.1.0
2024-12-24 16:15:06,580 [WARN] PackLoader:240 - Cannot read IP mode file for STMicroelectronics.X-CUBE-AI.8.1.0
2024-12-24 16:15:06,624 [WARN] ConditionMgr:438 - getConditionDescription Invalid condition id : LAN8742 Phy interface Condition cause : null
2024-12-24 16:15:06,625 [WARN] PackLoader:240 - Cannot read IP mode file for STMicroelectronics.X-CUBE-AZRTOS-L4.2.0.0
2024-12-24 16:15:06,628 [WARN] ConditionMgr:1039 - genDependencies : Invalid condition id : LAN8742 Phy interface Condition cause : null
2024-12-24 16:15:06,629 [WARN] ConditionMgr:1039 - genDependencies : Invalid condition id : LAN8742 Phy interface Condition cause : null
2024-12-24 16:15:06,631 [WARN] ConditionMgr:1039 - genDependencies : Invalid condition id : LAN8742 Phy interface Condition cause : null
2024-12-24 16:15:06,648 [WARN] PackLoader:240 - Cannot read IP mode file for STMicroelectronics.X-CUBE-SFXS2LP1.4.0.0
2024-12-24 16:15:06,704 [WARN] PackLoader:240 - Cannot read IP mode file for STMicroelectronics.X-CUBE-AZRTOS-H7.3.0.0
2024-12-24 16:15:06,721 [WARN] PackLoader:240 - Cannot read IP mode file for STMicroelectronics.X-CUBE-ISPU.1.1.0
2024-12-24 16:15:06,779 [WARN] PackLoader:240 - Cannot read IP mode file for STMicroelectronics.X-CUBE-AZRTOS-H7.3.3.0
2024-12-24 16:15:06,812 [WARN] PackLoader:240 - Cannot read IP mode file for RoweBots.I-CUBE-UNISONRTOS.5.5.0-4
2024-12-24 16:15:06,823 [WARN] PackLoader:240 - Cannot read IP mode file for STMicroelectronics.X-CUBE-AI.8.0.0
2024-12-24 16:15:06,834 [ERROR] Engine:466 - C:\Users\Minh\.stm32cubemx\thirdparties\pdsc\STMicroelectronics.X-CUBE-IPS.3.0.0.pdsc: PDSC version is not supported
2024-12-24 16:15:06,865 [WARN] ConditionMgr:438 - getConditionDescription Invalid condition id : UX DEVICE CLASS RTOS Condition cause : null
2024-12-24 16:15:06,866 [WARN] ConditionMgr:438 - getConditionDescription Invalid condition id : UX DEVICE CLASS RTOS Condition cause : null
2024-12-24 16:15:06,872 [WARN] PackLoader:240 - Cannot read IP mode file for STMicroelectronics.X-CUBE-AZRTOS-WB.2.0.0
2024-12-24 16:15:06,874 [WARN] ConditionMgr:1039 - genDependencies : Invalid condition id : UX DEVICE CLASS RTOS Condition cause : null
2024-12-24 16:15:06,874 [WARN] ConditionMgr:1039 - genDependencies : Invalid condition id : UX DEVICE CLASS RTOS Condition cause : null
2024-12-24 16:15:06,875 [WARN] ConditionMgr:1039 - genDependencies : Invalid condition id : UX DEVICE CLASS RTOS Condition cause : null
2024-12-24 16:15:06,876 [WARN] ConditionMgr:1039 - genDependencies : Invalid condition id : UX DEVICE CLASS RTOS Condition cause : null
2024-12-24 16:15:06,876 [WARN] ConditionMgr:1039 - genDependencies : Invalid condition id : UX DEVICE CLASS RTOS Condition cause : null
2024-12-24 16:15:06,888 [WARN] PackLoader:240 - Cannot read IP mode file for STMicroelectronics.X-CUBE-FREERTOS.1.0.0
2024-12-24 16:15:06,897 [WARN] PackLoader:240 - Cannot read IP mode file for STMicroelectronics.X-CUBE-FREERTOS.1.0.1
2024-12-24 16:15:06,909 [WARN] PackLoader:240 - Cannot read IP mode file for STMicroelectronics.X-CUBE-GNSS1.7.0.0
2024-12-24 16:15:06,924 [WARN] PackLoader:240 - Cannot read IP mode file for STMicroelectronics.X-CUBE-GNSS1.7.0.1
2024-12-24 16:15:06,935 [ERROR] Engine:466 - C:\Users\Minh\.stm32cubemx\thirdparties\pdsc\STMicroelectronics.FP-SNS-STBOX1.2.0.0.pdsc: PDSC version is not supported
2024-12-24 16:15:06,973 [WARN] PackLoader:240 - Cannot read IP mode file for STMicroelectronics.X-CUBE-AZRTOS-L5.1.1.0
2024-12-24 16:15:06,990 [WARN] PackLoader:240 - Cannot read IP mode file for STMicroelectronics.X-CUBE-AI.8.0.1
2024-12-24 16:15:07,021 [WARN] PackLoader:240 - Cannot read IP mode file for STMicroelectronics.X-CUBE-SUBG2.5.0.0
2024-12-24 16:15:07,047 [WARN] PackLoader:240 - Cannot read IP mode file for Cesanta.I-CUBE-Mongoose.7.13.0
2024-12-24 16:15:07,071 [WARN] PackLoader:240 - Cannot read IP mode file for STMicroelectronics.X-CUBE-TOF1.3.3.1
2024-12-24 16:15:07,131 [WARN] PackLoader:240 - Cannot read IP mode file for STMicroelectronics.X-CUBE-AZRTOS-G4.2.0.0
2024-12-24 16:15:07,158 [WARN] PackLoader:240 - Cannot read IP mode file for STMicroelectronics.X-CUBE-TOF1.3.3.0
2024-12-24 16:15:07,186 [WARN] PackLoader:240 - Cannot read IP mode file for STMicroelectronics.FP-ATR-ASTRA1.1.1.1
2024-12-24 16:15:07,214 [WARN] PackLoader:240 - Cannot read IP mode file for Infineon.AIROC-Wi-Fi-Bluetooth-STM32.1.5.1
2024-12-24 16:15:07,230 [WARN] PackLoader:240 - Cannot read IP mode file for STMicroelectronics.FP-SNS-MOTENVWB1.1.3.0
2024-12-24 16:15:07,239 [WARN] PackLoader:240 - Cannot read IP mode file for STMicroelectronics.FP-SNS-MOTENVWB1.1.3.1
2024-12-24 16:15:07,269 [WARN] PackLoader:240 - Cannot read IP mode file for STMicroelectronics.X-CUBE-AZRTOS-G4.1.0.0
2024-12-24 16:15:07,310 [WARN] PackLoader:240 - Cannot read IP mode file for STMicroelectronics.X-CUBE-AZRTOS-L4.1.0.0
2024-12-24 16:15:07,325 [WARN] PackLoader:240 - Cannot read IP mode file for STMicroelectronics.X-CUBE-ISPU.2.0.0
2024-12-24 16:15:07,334 [WARN] PackLoader:240 - Cannot read IP mode file for STMicroelectronics.X-CUBE-ALS.1.0.2
2024-12-24 16:15:07,442 [WARN] PackLoader:240 - Cannot read IP mode file for STMicroelectronics.X-CUBE-MEMS1.10.0.0
2024-12-24 16:15:07,780 [WARN] PackLoader:240 - Cannot read IP mode file for STMicroelectronics.X-CUBE-FREERTOS.1.1.0
2024-12-24 16:15:07,786 [WARN] PackLoader:240 - Cannot read IP mode file for STMicroelectronics.X-CUBE-TOUCHGFX.4.24.0
2024-12-24 16:15:07,806 [WARN] PackLoader:240 - Cannot read IP mode file for STMicroelectronics.X-CUBE-AZRTOS-WL.1.0.0
2024-12-24 16:15:07,813 [WARN] PackLoader:240 - Cannot read IP mode file for STMicroelectronics.X-CUBE-TOUCHGFX.4.24.1
2024-12-24 16:15:07,824 [WARN] PackLoader:240 - Cannot read IP mode file for portGmbH.I-Cube-SoM-uGOAL.1.1.0
2024-12-24 16:15:07,831 [WARN] PackLoader:240 - Cannot read IP mode file for STMicroelectronics.X-CUBE-ALS.1.0.1
2024-12-24 16:15:07,853 [WARN] PackLoader:240 - Cannot read IP mode file for STMicroelectronics.X-CUBE-AZRTOS-WB.1.1.0
2024-12-24 16:15:07,892 [WARN] PackLoader:240 - Cannot read IP mode file for STMicroelectronics.X-CUBE-AZRTOS-H7RS.1.0.0
2024-12-24 16:15:07,904 [WARN] PackLoader:240 - Cannot read IP mode file for STMicroelectronics.FP-ATR-ASTRA1.2.0.0
2024-12-24 16:15:07,914 [ERROR] Engine:466 - C:\Users\Minh\.stm32cubemx\thirdparties\pdsc\STMicroelectronics.X-CUBE-TOF1.3.4.2.pdsc: PDSC version is not supported
2024-12-24 16:15:07,939 [WARN] PackLoader:240 - Cannot read IP mode file for STMicroelectronics.X-CUBE-TOF1.3.4.0
2024-12-24 16:15:07,977 [WARN] PackLoader:240 - Cannot read IP mode file for STMicroelectronics.X-CUBE-TOF1.3.4.1
2024-12-24 16:15:08,036 [WARN] PackLoader:240 - Cannot read IP mode file for STMicroelectronics.X-CUBE-AZRTOS-H7.3.2.0
2024-12-24 16:15:08,050 [WARN] PackLoader:240 - Cannot read IP mode file for wolfSSL.I-CUBE-wolfSSH.1.4.17
2024-12-24 16:15:08,051 [INFO] ThirdParty:978 - Integrity check success = true
2024-12-24 16:15:08,052 [INFO] IntegrityCheckThread:100 - exiting critical section [integrity check]
2024-12-24 16:15:08,052 [INFO] IntegrityCheckThread:103 - End integrity checks thread
2024-12-24 17:14:17,342 [ERROR] LogOutputStream:75 - [STDERR_REDIRECT] SLF4J: Failed to load class "org.slf4j.impl.StaticLoggerBinder".
2024-12-24 17:14:17,344 [ERROR] LogOutputStream:75 - [STDERR_REDIRECT] SLF4J: Defaulting to no-operation (NOP) logger implementation
2024-12-24 17:14:17,349 [ERROR] LogOutputStream:75 - [STDERR_REDIRECT] SLF4J: See http://www.slf4j.org/codes.html#StaticLoggerBinder for further details.
2024-12-24 18:07:52,705 [ERROR] LogOutputStream:75 - [STDERR_REDIRECT] 
2024-12-24 22:14:12,146 [INFO] Activator:176 - 


2024-12-24 22:14:12,151 [INFO] Activator:177 - !SESSION log4j initialized
2024-12-24 22:14:28,690 [INFO] LogOutputStream:77 - [STDOUT_REDIRECT] 
2024-12-24 22:14:38,237 [INFO] ApplicationProperties:184 - Using Application install path: C:\ST\STM32CubeIDE_1.4.0\STM32CubeIDE\plugins\com.st.stm32cube.common.mx_6.9.1.202307191849
2024-12-24 22:14:38,272 [INFO] DbMcusXml:78 - Set database path to: C:\ST\STM32CubeIDE_1.4.0\STM32CubeIDE\plugins\com.st.stm32cube.common.mx_6.9.1.202307191849\\db\/mcu/
2024-12-24 22:14:38,272 [INFO] ApiDb:274 - Set plugin database path to: C:\ST\STM32CubeIDE_1.4.0\STM32CubeIDE\plugins\com.st.stm32cube.common.mx_6.9.1.202307191849\\db\/plugins/boardmanager/
2024-12-24 22:14:38,273 [WARN] ApiDb:259 - Overriding images path with different value:  => C:\ST\STM32CubeIDE_1.4.0\STM32CubeIDE\plugins\com.st.stm32cube.common.mx_6.9.1.202307191849\\db\/plugins/mcufinder/images/
2024-12-24 22:14:38,298 [INFO] ApiDb:250 - Set database path to: C:\Users\Minh\.stmcufinder\plugins\mcufinder//mcu/
2024-12-24 22:14:38,300 [INFO] DbMcusAds:125 - Set database path to: C:\Users\Minh\.stmcufinder\plugins\mcufinder//mcu/
2024-12-24 22:14:38,305 [INFO] CrossReferenceDbSqlite:203 - Set database path to: C:\Users\Minh\.stmcufinder\plugins\mcufinder//mcu/cs/
2024-12-24 22:14:38,601 [INFO] RulesReader:64 - Compatibility file has been processed (293 Rules)
2024-12-24 22:14:38,857 [INFO] DbMcusXml:78 - Set database path to: C:\ST\STM32CubeIDE_1.4.0\STM32CubeIDE\plugins\com.st.stm32cube.common.mx_6.9.1.202307191849\\db\/mcu/
2024-12-24 22:14:38,857 [INFO] ApiDb:274 - Set plugin database path to: C:\ST\STM32CubeIDE_1.4.0\STM32CubeIDE\plugins\com.st.stm32cube.common.mx_6.9.1.202307191849\\db\/plugins/boardmanager/
2024-12-24 22:14:38,857 [INFO] ApiDb:261 - Set plugin images path to: C:\ST\STM32CubeIDE_1.4.0\STM32CubeIDE\plugins\com.st.stm32cube.common.mx_6.9.1.202307191849\\db\/plugins/mcufinder/images/
2024-12-24 22:14:38,858 [WARN] DbFile:41 - Overriding database path with different value: C:\Users\Minh\.stmcufinder\plugins\mcufinder/ => C:\Users\Minh\.stmcufinder\plugins\mcufinder
2024-12-24 22:14:38,858 [INFO] ApiDb:250 - Set database path to: C:\Users\Minh\.stmcufinder\plugins\mcufinder//mcu/
2024-12-24 22:14:38,858 [WARN] DbFile:41 - Overriding database path with different value: C:\Users\Minh\.stmcufinder\plugins\mcufinder/ => C:\Users\Minh\.stmcufinder\plugins\mcufinder
2024-12-24 22:14:38,858 [INFO] DbMcusAds:125 - Set database path to: C:\Users\Minh\.stmcufinder\plugins\mcufinder//mcu/
2024-12-24 22:14:38,858 [WARN] DbFile:41 - Overriding database path with different value: C:\Users\Minh\.stmcufinder\plugins\mcufinder/ => C:\Users\Minh\.stmcufinder\plugins\mcufinder
2024-12-24 22:14:38,858 [WARN] DbFile:41 - Overriding database path with different value: C:\Users\Minh\.stmcufinder\plugins\mcufinder/ => C:\Users\Minh\.stmcufinder\plugins\mcufinder
2024-12-24 22:14:38,859 [INFO] CrossReferenceDbSqlite:203 - Set database path to: C:\Users\Minh\.stmcufinder\plugins\mcufinder//mcu/cs/
2024-12-24 22:14:39,037 [INFO] MainPanel:262 - HeapMemory: 268435456
2024-12-24 22:14:39,309 [INFO] DbMcusXml:78 - Set database path to: C:\ST\STM32CubeIDE_1.4.0\STM32CubeIDE\plugins\com.st.stm32cube.common.mx_6.9.1.202307191849\\db\/mcu/
2024-12-24 22:14:39,309 [INFO] ApiDb:274 - Set plugin database path to: C:\ST\STM32CubeIDE_1.4.0\STM32CubeIDE\plugins\com.st.stm32cube.common.mx_6.9.1.202307191849\\db\/plugins/boardmanager/
2024-12-24 22:14:39,309 [INFO] ApiDb:261 - Set plugin images path to: C:\ST\STM32CubeIDE_1.4.0\STM32CubeIDE\plugins\com.st.stm32cube.common.mx_6.9.1.202307191849\\db\/plugins/mcufinder/images/
2024-12-24 22:14:39,310 [WARN] DbFile:41 - Overriding database path with different value: C:\Users\Minh\.stmcufinder\plugins\mcufinder/ => C:\Users\Minh\.stmcufinder\plugins\mcufinder
2024-12-24 22:14:39,310 [INFO] ApiDb:250 - Set database path to: C:\Users\Minh\.stmcufinder\plugins\mcufinder//mcu/
2024-12-24 22:14:39,310 [WARN] DbFile:41 - Overriding database path with different value: C:\Users\Minh\.stmcufinder\plugins\mcufinder/ => C:\Users\Minh\.stmcufinder\plugins\mcufinder
2024-12-24 22:14:39,310 [INFO] DbMcusAds:125 - Set database path to: C:\Users\Minh\.stmcufinder\plugins\mcufinder//mcu/
2024-12-24 22:14:39,311 [WARN] DbFile:41 - Overriding database path with different value: C:\Users\Minh\.stmcufinder\plugins\mcufinder/ => C:\Users\Minh\.stmcufinder\plugins\mcufinder
2024-12-24 22:14:39,311 [WARN] DbFile:41 - Overriding database path with different value: C:\Users\Minh\.stmcufinder\plugins\mcufinder/ => C:\Users\Minh\.stmcufinder\plugins\mcufinder
2024-12-24 22:14:39,320 [INFO] CrossReferenceDbSqlite:203 - Set database path to: C:\Users\Minh\.stmcufinder\plugins\mcufinder//mcu/cs/
2024-12-24 22:14:39,361 [INFO] ApplicationProperties:184 - Using Application install path: C:\ST\STM32CubeIDE_1.4.0\STM32CubeIDE\plugins\com.st.stm32cube.common.mx_6.9.1.202307191849
2024-12-24 22:14:39,365 [INFO] PluginManage:196 - Search for loadable plugins [exclusion list=, ]
2024-12-24 22:14:39,370 [INFO] PluginManage:310 - Check plugin analytics
2024-12-24 22:14:44,322 [INFO] AnalyticsPlugin:253 - Accepted Software Licenses: STM32CubeMX.6.0.0,STM32CubeMX.5.2.0
2024-12-24 22:14:44,324 [INFO] AnalyticsPlugin:255 - Accepted CMSIS Pack Licenses: 
2024-12-24 22:14:44,325 [INFO] AnalyticsPlugin:257 - Accepted Firmware Licenses: 
2024-12-24 22:14:44,330 [INFO] PluginManage:359 - Loaded plugin analytics (category:tool,tabindex:-1)
2024-12-24 22:14:44,331 [INFO] PluginManage:310 - Check plugin cadmodel
2024-12-24 22:14:44,403 [INFO] CADModel:105 - Init CAD model plugin
2024-12-24 22:14:44,403 [INFO] PluginManage:359 - Loaded plugin cadmodel (category:power,tabindex:5)
2024-12-24 22:14:44,404 [INFO] PluginManage:310 - Check plugin clock
2024-12-24 22:14:44,449 [INFO] PluginManage:359 - Loaded plugin clock (category:base,tabindex:2)
2024-12-24 22:14:44,450 [INFO] PluginManage:310 - Check plugin ddr
2024-12-24 22:14:44,455 [INFO] PluginManage:359 - Loaded plugin ddr (category:tool,tabindex:6)
2024-12-24 22:14:44,455 [INFO] PluginManage:310 - Check plugin filemanager
2024-12-24 22:14:44,713 [INFO] PluginManage:359 - Loaded plugin filemanager (category:base,tabindex:10)
2024-12-24 22:14:44,714 [INFO] PluginManage:310 - Check plugin ipmanager
2024-12-24 22:14:44,726 [INFO] PluginManage:359 - Loaded plugin ipmanager (category:base,tabindex:5)
2024-12-24 22:14:44,726 [INFO] PluginManage:310 - Check plugin lpbam
2024-12-24 22:14:44,763 [INFO] PluginManage:359 - Loaded plugin lpbam (category:base,tabindex:0)
2024-12-24 22:14:44,763 [INFO] PluginManage:310 - Check plugin memorymap
2024-12-24 22:14:44,807 [INFO] PluginManage:359 - Loaded plugin memorymap (category:base,tabindex:4)
2024-12-24 22:14:44,807 [INFO] PluginManage:310 - Check plugin pinoutandconfiguration
2024-12-24 22:14:44,849 [INFO] PluginManage:359 - Loaded plugin pinoutandconfiguration (category:base,tabindex:1)
2024-12-24 22:14:44,850 [INFO] PluginManage:310 - Check plugin pinoutconfig
2024-12-24 22:14:45,047 [WARN] SupportedApi:132 - Cannot load RTOS API schema: s4s-elt-must-match.1: The content of 'definitions' must match (annotation?, (simpleType | complexType)?, (unique | key | keyref)*)). A problem was found starting at: attribute.
2024-12-24 22:14:45,330 [INFO] PluginManage:359 - Loaded plugin pinoutconfig (category:base,tabindex:0)
2024-12-24 22:14:45,330 [INFO] PluginManage:310 - Check plugin power
2024-12-24 22:14:45,389 [INFO] PluginManage:359 - Loaded plugin power (category:power,tabindex:4)
2024-12-24 22:14:45,389 [INFO] PluginManage:310 - Check plugin projectmanager
2024-12-24 22:14:45,424 [INFO] PluginManage:359 - Loaded plugin projectmanager (category:projectmanager,tabindex:3)
2024-12-24 22:14:45,424 [INFO] PluginManage:310 - Check plugin thirdparty
2024-12-24 22:14:46,129 [INFO] PluginManage:359 - Loaded plugin thirdparty (category:base,tabindex:-1)
2024-12-24 22:14:46,129 [INFO] PluginManage:310 - Check plugin tools
2024-12-24 22:14:46,129 [WARN] IntegrityCheckThread:84 - waiting for thirdparty lock release [integrity check]
2024-12-24 22:14:46,130 [INFO] IntegrityCheckThread:86 - entering critical section [integrity check]
2024-12-24 22:14:46,131 [INFO] ThirdPartyUpdaterWithRetryManager:70 - Updater plugin not ready yet. [1/15]
2024-12-24 22:14:46,214 [INFO] PluginManage:359 - Loaded plugin tools (category:base,tabindex:7)
2024-12-24 22:14:46,215 [INFO] PluginManage:310 - Check plugin tutovideos
2024-12-24 22:14:46,596 [INFO] PluginManage:359 - Loaded plugin tutovideos (category:base,tabindex:-1)
2024-12-24 22:14:46,596 [INFO] PluginManage:310 - Check plugin updater
2024-12-24 22:14:46,620 [INFO] PluginManage:359 - Loaded plugin updater (category:base,tabindex:12)
2024-12-24 22:14:46,620 [INFO] PluginManage:310 - Check plugin userauth
2024-12-24 22:14:46,633 [INFO] UserAuth:113 - Init User Auth plugin
2024-12-24 22:14:46,633 [INFO] PluginManage:359 - Loaded plugin userauth (category:base,tabindex:14)
2024-12-24 22:14:46,634 [INFO] PluginManage:283 - PluginManage : Loaded plugins [17]
2024-12-24 22:14:47,070 [INFO] PinOutPanel:1499 - setPackage(No Configuration,No Configuration)
2024-12-24 22:14:47,272 [INFO] CADModel:165 - CPN selected for project level
2024-12-24 22:14:47,272 [INFO] CADModel:114 - Register for checkConnection events
2024-12-24 22:14:47,338 [INFO] IPUIPlugin:80 - create IPUIPlugin
2024-12-24 22:14:47,339 [INFO] PluginManager:220 - loadIPPluginJar : add adc
2024-12-24 22:14:47,428 [INFO] IPUIPlugin:80 - create IPUIPlugin
2024-12-24 22:14:47,428 [INFO] PluginManager:220 - loadIPPluginJar : add aes
2024-12-24 22:14:47,511 [INFO] IPUIPlugin:80 - create IPUIPlugin
2024-12-24 22:14:47,511 [INFO] PluginManager:220 - loadIPPluginJar : add can
2024-12-24 22:14:47,565 [INFO] IPUIPlugin:80 - create IPUIPlugin
2024-12-24 22:14:47,565 [INFO] PluginManager:220 - loadIPPluginJar : add comp
2024-12-24 22:14:47,644 [INFO] IPUIPlugin:80 - create IPUIPlugin
2024-12-24 22:14:47,644 [INFO] PluginManager:220 - loadIPPluginJar : add cryp
2024-12-24 22:14:47,717 [INFO] IPUIPlugin:80 - create IPUIPlugin
2024-12-24 22:14:47,717 [INFO] PluginManager:220 - loadIPPluginJar : add dfsdm
2024-12-24 22:14:47,751 [INFO] IPUIPlugin:80 - create IPUIPlugin
2024-12-24 22:14:47,753 [INFO] PluginManager:220 - loadIPPluginJar : add dma
2024-12-24 22:14:47,859 [INFO] IPUIPlugin:80 - create IPUIPlugin
2024-12-24 22:14:47,860 [INFO] PluginManager:220 - loadIPPluginJar : add dma3
2024-12-24 22:14:47,922 [INFO] IPUIPlugin:80 - create IPUIPlugin
2024-12-24 22:14:47,923 [INFO] PluginManager:220 - loadIPPluginJar : add fatfs
2024-12-24 22:14:48,067 [INFO] IPUIPlugin:80 - create IPUIPlugin
2024-12-24 22:14:48,067 [INFO] PluginManager:220 - loadIPPluginJar : add fmc
2024-12-24 22:14:48,113 [INFO] IPUIPlugin:80 - create IPUIPlugin
2024-12-24 22:14:48,113 [INFO] PluginManager:220 - loadIPPluginJar : add freertos
2024-12-24 22:14:48,185 [INFO] IPUIPlugin:80 - create IPUIPlugin
2024-12-24 22:14:48,186 [INFO] PluginManager:220 - loadIPPluginJar : add genericplugin
2024-12-24 22:14:48,450 [INFO] IPUIPlugin:80 - create IPUIPlugin
2024-12-24 22:14:48,450 [INFO] PluginManager:220 - loadIPPluginJar : add gfxmmu
2024-12-24 22:14:48,770 [INFO] IPUIPlugin:80 - create IPUIPlugin
2024-12-24 22:14:48,770 [INFO] PluginManager:220 - loadIPPluginJar : add gic
2024-12-24 22:14:48,795 [INFO] IPUIPlugin:80 - create IPUIPlugin
2024-12-24 22:14:48,795 [INFO] PluginManager:220 - loadIPPluginJar : add gpio
2024-12-24 22:14:49,038 [INFO] IPUIPlugin:80 - create IPUIPlugin
2024-12-24 22:14:49,038 [INFO] PluginManager:220 - loadIPPluginJar : add gtzc
2024-12-24 22:14:49,120 [INFO] IPUIPlugin:80 - create IPUIPlugin
2024-12-24 22:14:49,121 [INFO] PluginManager:220 - loadIPPluginJar : add hash
2024-12-24 22:14:49,132 [INFO] ThirdPartyUpdaterWithRetryManager:70 - Updater plugin not ready yet. [2/15]
2024-12-24 22:14:49,250 [INFO] IPUIPlugin:80 - create IPUIPlugin
2024-12-24 22:14:49,251 [INFO] PluginManager:220 - loadIPPluginJar : add i2c
2024-12-24 22:14:49,353 [INFO] IPUIPlugin:80 - create IPUIPlugin
2024-12-24 22:14:49,353 [INFO] PluginManager:220 - loadIPPluginJar : add i2s
2024-12-24 22:14:49,469 [INFO] IPUIPlugin:80 - create IPUIPlugin
2024-12-24 22:14:49,469 [INFO] PluginManager:220 - loadIPPluginJar : add i3c
2024-12-24 22:14:49,804 [INFO] IPUIPlugin:80 - create IPUIPlugin
2024-12-24 22:14:49,805 [INFO] PluginManager:220 - loadIPPluginJar : add ipddr
2024-12-24 22:14:50,057 [INFO] IPUIPlugin:80 - create IPUIPlugin
2024-12-24 22:14:50,057 [INFO] PluginManager:220 - loadIPPluginJar : add linkedlist
2024-12-24 22:14:50,164 [INFO] IPUIPlugin:80 - create IPUIPlugin
2024-12-24 22:14:50,165 [INFO] PluginManager:220 - loadIPPluginJar : add lorawan
2024-12-24 22:14:50,252 [INFO] IPUIPlugin:80 - create IPUIPlugin
2024-12-24 22:14:50,252 [INFO] PluginManager:220 - loadIPPluginJar : add ltdc
2024-12-24 22:14:50,280 [INFO] IPUIPlugin:80 - create IPUIPlugin
2024-12-24 22:14:50,281 [INFO] PluginManager:220 - loadIPPluginJar : add mdma
2024-12-24 22:14:50,310 [INFO] IPUIPlugin:80 - create IPUIPlugin
2024-12-24 22:14:50,311 [INFO] PluginManager:220 - loadIPPluginJar : add nvic
2024-12-24 22:14:50,393 [INFO] IPUIPlugin:80 - create IPUIPlugin
2024-12-24 22:14:50,393 [INFO] PluginManager:220 - loadIPPluginJar : add opamp
2024-12-24 22:14:50,539 [INFO] IPUIPlugin:80 - create IPUIPlugin
2024-12-24 22:14:50,540 [INFO] PluginManager:220 - loadIPPluginJar : add openamp
2024-12-24 22:14:50,642 [INFO] IPUIPlugin:80 - create IPUIPlugin
2024-12-24 22:14:50,642 [INFO] PluginManager:220 - loadIPPluginJar : add pdm2pcm
2024-12-24 22:14:50,672 [INFO] IPUIPlugin:80 - create IPUIPlugin
2024-12-24 22:14:50,676 [INFO] PluginManager:220 - loadIPPluginJar : add plateformsettings
2024-12-24 22:14:50,726 [INFO] IPUIPlugin:80 - create IPUIPlugin
2024-12-24 22:14:50,727 [INFO] PluginManager:220 - loadIPPluginJar : add quadspi
2024-12-24 22:14:50,756 [INFO] IPUIPlugin:80 - create IPUIPlugin
2024-12-24 22:14:50,756 [INFO] PluginManager:220 - loadIPPluginJar : add resmgrutility
2024-12-24 22:14:50,871 [INFO] IPUIPlugin:80 - create IPUIPlugin
2024-12-24 22:14:50,872 [INFO] PluginManager:220 - loadIPPluginJar : add sai
2024-12-24 22:14:50,958 [INFO] IPUIPlugin:80 - create IPUIPlugin
2024-12-24 22:14:50,958 [INFO] PluginManager:220 - loadIPPluginJar : add spi
2024-12-24 22:14:51,082 [INFO] IPUIPlugin:80 - create IPUIPlugin
2024-12-24 22:14:51,082 [INFO] PluginManager:220 - loadIPPluginJar : add stm32_wpan
2024-12-24 22:14:51,128 [INFO] IPUIPlugin:80 - create IPUIPlugin
2024-12-24 22:14:51,128 [INFO] PluginManager:220 - loadIPPluginJar : add tim
2024-12-24 22:14:51,241 [INFO] IPUIPlugin:80 - create IPUIPlugin
2024-12-24 22:14:51,241 [INFO] PluginManager:220 - loadIPPluginJar : add touchsensing
2024-12-24 22:14:51,287 [INFO] IPUIPlugin:80 - create IPUIPlugin
2024-12-24 22:14:51,287 [INFO] PluginManager:220 - loadIPPluginJar : add tracer_emb
2024-12-24 22:14:51,338 [INFO] IPUIPlugin:80 - create IPUIPlugin
2024-12-24 22:14:51,338 [INFO] PluginManager:220 - loadIPPluginJar : add ts
2024-12-24 22:14:51,382 [INFO] IPUIPlugin:80 - create IPUIPlugin
2024-12-24 22:14:51,382 [INFO] PluginManager:220 - loadIPPluginJar : add tsc
2024-12-24 22:14:51,425 [INFO] IPUIPlugin:80 - create IPUIPlugin
2024-12-24 22:14:51,426 [INFO] PluginManager:220 - loadIPPluginJar : add ucpd
2024-12-24 22:14:51,511 [INFO] IPUIPlugin:80 - create IPUIPlugin
2024-12-24 22:14:51,511 [INFO] PluginManager:220 - loadIPPluginJar : add usart
2024-12-24 22:14:51,595 [INFO] IPUIPlugin:80 - create IPUIPlugin
2024-12-24 22:14:51,595 [INFO] PluginManager:220 - loadIPPluginJar : add usbx
2024-12-24 22:14:51,758 [INFO] CADModel:165 - CPN selected for project level
2024-12-24 22:14:51,758 [INFO] CADModel:114 - Register for checkConnection events
2024-12-24 22:14:51,758 [FATAL] Updater:308 - Updater called before beeing initialized
2024-12-24 22:14:51,759 [ERROR] CADModel:125 - Updater not yet initialized, retry later 
2024-12-24 22:14:51,990 [INFO] CADModel:165 - CPN selected for project level
2024-12-24 22:14:51,990 [INFO] CADModel:114 - Register for checkConnection events
2024-12-24 22:14:51,991 [FATAL] Updater:308 - Updater called before beeing initialized
2024-12-24 22:14:51,991 [ERROR] CADModel:125 - Updater not yet initialized, retry later 
2024-12-24 22:14:51,998 [FATAL] Updater:308 - Updater called before beeing initialized
2024-12-24 22:14:52,133 [INFO] ThirdPartyUpdaterWithRetryManager:70 - Updater plugin not ready yet. [3/15]
2024-12-24 22:14:52,204 [FATAL] Updater:308 - Updater called before beeing initialized
2024-12-24 22:14:52,220 [INFO] DbMcusAds:53 - JSON generation date=Wed Dec 18 01:01:15 JST 2024 (1734451275196)
2024-12-24 22:14:52,220 [FATAL] Updater:308 - Updater called before beeing initialized
2024-12-24 22:14:52,422 [WARN] DetailPanel:346 - Failed to get advertising image, set to default
2024-12-24 22:14:52,600 [FATAL] Updater:308 - Updater called before beeing initialized
2024-12-24 22:14:52,604 [FATAL] Updater:308 - Updater called before beeing initialized
2024-12-24 22:14:52,604 [FATAL] Updater:308 - Updater called before beeing initialized
2024-12-24 22:14:52,604 [WARN] DetailPanel:346 - Failed to get advertising image, set to default
2024-12-24 22:14:52,605 [FATAL] Updater:308 - Updater called before beeing initialized
2024-12-24 22:14:52,717 [ERROR] Updater:1120 - MainUpdater not yet initialized. External WinMGr cannot be set.
2024-12-24 22:14:52,736 [INFO] Updater:1056 - Updater Version found : 6.9.1
2024-12-24 22:14:52,774 [INFO] ApplicationProperties:184 - Using Application install path: C:\ST\STM32CubeIDE_1.4.0\STM32CubeIDE\plugins\com.st.stm32cube.common.mx_6.9.1.202307191849
2024-12-24 22:14:53,785 [INFO] MainUpdater:2868 - connection check result : 10
2024-12-24 22:14:53,787 [INFO] MainUpdater:285 - Updater Check For Update Now.
2024-12-24 22:14:53,787 [INFO] MicroXplorer:498 - Change Database Version : DB.6.0.91
2024-12-24 22:14:53,818 [INFO] McuFinderGlobals:63 - Set McuFinder mode to 2 (CubeIDE integrated)
2024-12-24 22:14:53,818 [INFO] UserAuth:179 - activating auth plugin
2024-12-24 22:14:53,824 [INFO] UserAuth:393 - Internet connection configuration mode: 1
2024-12-24 22:14:53,862 [INFO] JxBrowserEngine:151 - Initiate JxBrowser Engine with user profile folder
2024-12-24 22:14:54,091 [INFO] CheckServerUpdateThread:120 - End of CheckServer Thread
2024-12-24 22:14:55,595 [INFO] WebApp:157 - Instantiating new browser for Auth
2024-12-24 22:14:56,114 [WARN] PackLoader:240 - Cannot read IP mode file for STMicroelectronics.FP-SNS-MOTENVWB1.1.4.0
2024-12-24 22:14:56,142 [WARN] PackLoader:240 - Cannot read IP mode file for STMicroelectronics.FP-ATR-ASTRA1.2.0.1
2024-12-24 22:14:56,165 [WARN] PackLoader:240 - Cannot read IP mode file for STMicroelectronics.X-CUBE-SMBUS.2.1.0
2024-12-24 22:14:56,197 [WARN] PackLoader:240 - Cannot read IP mode file for STMicroelectronics.X-CUBE-WB05N.1.1.0
2024-12-24 22:14:56,215 [WARN] PackLoader:240 - Cannot read IP mode file for STMicroelectronics.X-CUBE-TOUCHGFX.4.23.0
2024-12-24 22:14:56,222 [WARN] PackLoader:240 - Cannot read IP mode file for STMicroelectronics.X-CUBE-TOUCHGFX.4.23.2
2024-12-24 22:14:56,303 [WARN] PackLoader:240 - Cannot read IP mode file for STMicroelectronics.X-CUBE-AZRTOS-F7.1.1.0
2024-12-24 22:14:56,328 [ERROR] RealEvaluatedCondition:428 - Found unsupported composite condition: CLASS='Data Exchange' GROUP='STM32_MetaDataManager'
2024-12-24 22:14:56,328 [ERROR] RealEvaluatedCondition:428 - Found unsupported composite condition: GROUP='STM32_MetaDataManager' CLASS='Data Exchange'
2024-12-24 22:14:56,332 [WARN] PackLoader:240 - Cannot read IP mode file for STMicroelectronics.FP-SNS-MOTENV1.4.3.0
2024-12-24 22:14:56,367 [WARN] PackLoader:240 - Cannot read IP mode file for STMicroelectronics.FP-SNS-MOTENV1.4.3.2
2024-12-24 22:14:56,388 [WARN] PackLoader:240 - Cannot read IP mode file for STMicroelectronics.FP-SNS-FLIGHT1.5.0.0
2024-12-24 22:14:56,400 [ERROR] RealEvaluatedCondition:428 - Found unsupported composite condition: CLASS='Data Exchange' GROUP='STM32_MetaDataManager'
2024-12-24 22:14:56,400 [ERROR] RealEvaluatedCondition:428 - Found unsupported composite condition: CLASS='Data Exchange' GROUP='STM32_MetaDataManager'
2024-12-24 22:14:56,403 [WARN] PackLoader:240 - Cannot read IP mode file for STMicroelectronics.FP-SNS-MOTENV1.4.3.1
2024-12-24 22:14:56,430 [WARN] PackLoader:240 - Cannot read IP mode file for STMicroelectronics.FP-SNS-FLIGHT1.5.0.1
2024-12-24 22:14:56,659 [WARN] PackLoader:240 - Cannot read IP mode file for STMicroelectronics.X-CUBE-MEMS1.11.0.0
2024-12-24 22:14:57,293 [WARN] PackLoader:240 - Cannot read IP mode file for STMicroelectronics.X-CUBE-BLE1.6.2.4
2024-12-24 22:14:57,306 [WARN] PackLoader:240 - Cannot read IP mode file for STMicroelectronics.FP-SNS-FLIGHT1.5.0.2
2024-12-24 22:14:57,324 [WARN] PackLoader:240 - Cannot read IP mode file for STMicroelectronics.X-CUBE-DISPLAY.3.0.0
2024-12-24 22:14:57,350 [WARN] PackLoader:240 - Cannot read IP mode file for STMicroelectronics.X-CUBE-BLE1.7.0.0
2024-12-24 22:14:57,377 [WARN] PackLoader:240 - Cannot read IP mode file for STMicroelectronics.X-CUBE-NFC10.1.0.0
2024-12-24 22:14:57,392 [ERROR] Engine:466 - C:\Users\Minh\.stm32cubemx\thirdparties\pdsc\STMicroelectronics.X-CUBE-BLEMGR.4.0.0.pdsc: PDSC version is not supported
2024-12-24 22:14:57,398 [WARN] PackLoader:240 - Cannot read IP mode file for STMicroelectronics.X-CUBE-TOUCHGFX.4.22.0
2024-12-24 22:14:57,404 [WARN] PackLoader:240 - Cannot read IP mode file for STMicroelectronics.X-CUBE-TOUCHGFX.4.22.1
2024-12-24 22:14:57,423 [WARN] PackLoader:240 - Cannot read IP mode file for STMicroelectronics.X-CUBE-BLEMGR.3.1.0
2024-12-24 22:14:57,437 [WARN] PackLoader:240 - Cannot read IP mode file for STMicroelectronics.FP-SNS-SMARTAG2.1.2.0
2024-12-24 22:14:57,592 [WARN] PackLoader:240 - Cannot read IP mode file for STMicroelectronics.X-CUBE-MEMS1.11.1.0
2024-12-24 22:14:57,716 [INFO] WebApp:753 - Register for checkConnection events
2024-12-24 22:14:57,716 [INFO] WebApp:390 - Apply proxy settings
2024-12-24 22:14:57,717 [INFO] WebApp:475 - Chromium requires no authentication
2024-12-24 22:14:57,742 [INFO] WebApp:418 - Direct internet connection detected
2024-12-24 22:14:58,173 [INFO] LogOutputStream:77 - [STDOUT_REDIRECT] 1 : Invalid condition id : UX_CORESTACK_Condition cause : null
2024-12-24 22:14:58,175 [INFO] LogOutputStream:77 - [STDOUT_REDIRECT] 1 : Invalid condition id : UX_CORESTACK_Condition cause : null
2024-12-24 22:14:58,179 [INFO] LogOutputStream:77 - [STDOUT_REDIRECT] 1 : Invalid condition id : UX_CORESTACK_Condition cause : null
2024-12-24 22:14:58,183 [INFO] LogOutputStream:77 - [STDOUT_REDIRECT] 1 : Invalid condition id : UX_CORESTACK_Condition cause : null
2024-12-24 22:14:58,187 [INFO] LogOutputStream:77 - [STDOUT_REDIRECT] 1 : Invalid condition id : UX_CORESTACK_Condition cause : null
2024-12-24 22:14:58,194 [WARN] PackLoader:240 - Cannot read IP mode file for STMicroelectronics.X-CUBE-AZRTOS-WL.2.0.0
2024-12-24 22:14:58,205 [WARN] PackLoader:240 - Cannot read IP mode file for STMicroelectronics.FP-SNS-MOTENV1.5.0.0
2024-12-24 22:14:58,217 [WARN] PackLoader:240 - Cannot read IP mode file for wolfSSL.I-CUBE-wolfMQTT.1.19.0
2024-12-24 22:14:58,237 [WARN] PackLoader:240 - Cannot read IP mode file for WES.I-CUBE-Cesium.1.3.0
2024-12-24 22:14:58,248 [WARN] PackLoader:240 - Cannot read IP mode file for STMicroelectronics.X-CUBE-BLE2.3.3.0
2024-12-24 22:14:58,270 [WARN] PackLoader:240 - Cannot read IP mode file for STMicroelectronics.X-CUBE-TOF1.3.2.0
2024-12-24 22:14:58,294 [WARN] PackLoader:240 - Cannot read IP mode file for STMicroelectronics.X-CUBE-NFC9.1.0.0
2024-12-24 22:14:58,317 [WARN] PackLoader:240 - Cannot read IP mode file for STMicroelectronics.X-CUBE-TCPP.4.1.0
2024-12-24 22:14:58,326 [WARN] PackLoader:240 - Cannot read IP mode file for STMicroelectronics.X-CUBE-TOUCHGFX.4.21.1
2024-12-24 22:14:58,333 [WARN] PackLoader:240 - Cannot read IP mode file for STMicroelectronics.X-CUBE-TOUCHGFX.4.21.3
2024-12-24 22:14:58,342 [WARN] PackLoader:240 - Cannot read IP mode file for STMicroelectronics.X-CUBE-TOUCHGFX.4.21.4
2024-12-24 22:14:58,355 [WARN] PackLoader:240 - Cannot read IP mode file for STMicroelectronics.X-CUBE-ALGOBUILD.1.3.0
2024-12-24 22:14:58,400 [WARN] PackLoader:240 - Cannot read IP mode file for STMicroelectronics.X-CUBE-AZRTOS-G0.1.1.0
2024-12-24 22:14:58,413 [INFO] WebApp:188 - Starting web application
2024-12-24 22:14:58,413 [INFO] WebApp:520 - Web application path used C:\ST\STM32CubeIDE_1.4.0\STM32CubeIDE\plugins\com.st.stm32cube.common.mx_6.9.1.202307191849\db\plugins\mcufinder\reactClient1\index.html
2024-12-24 22:14:58,423 [WARN] PackLoader:240 - Cannot read IP mode file for STMicroelectronics.X-CUBE-SAFEA1.1.2.2
2024-12-24 22:14:58,444 [WARN] PackLoader:240 - Cannot read IP mode file for STMicroelectronics.X-CUBE-NFC4.3.0.0
2024-12-24 22:14:58,486 [ERROR] Engine:466 - C:\Users\Minh\.stm32cubemx\thirdparties\pdsc\EmbeddedOffice.I-CUBE-FS-RTOS.1.0.1.pdsc: PDSC version is not supported
2024-12-24 22:14:58,526 [WARN] PackLoader:240 - Cannot read IP mode file for STMicroelectronics.X-CUBE-BLEMGR.3.0.0
2024-12-24 22:14:58,549 [ERROR] Engine:466 - C:\Users\Minh\.stm32cubemx\thirdparties\pdsc\STMicroelectronics.X-CUBE-TCPP.4.2.0.pdsc: PDSC version is not supported
2024-12-24 22:14:58,609 [ERROR] Engine:466 - C:\Users\Minh\.stm32cubemx\thirdparties\pdsc\RealThread.X-CUBE-RT-Thread_Nano.4.1.1.pdsc: PDSC version is not supported
2024-12-24 22:14:58,629 [WARN] PackLoader:240 - Cannot read IP mode file for STMicroelectronics.FP-ATR-SIGFOX1.3.2.0
2024-12-24 22:14:58,634 [ERROR] Engine:466 - C:\Users\Minh\.stm32cubemx\thirdparties\pdsc\quantropi.X-CUBE-qispace-sdk-base.1.9.3.pdsc: PDSC version is not supported
2024-12-24 22:14:58,647 [WARN] PackLoader:240 - Cannot read IP mode file for STMicroelectronics.X-CUBE-EEPRMA1.5.1.0
2024-12-24 22:14:58,774 [WARN] PackLoader:240 - Cannot read IP mode file for STMicroelectronics.X-CUBE-MEMS1.9.5.0
2024-12-24 22:14:59,317 [WARN] PackLoader:240 - Cannot read IP mode file for SEGGER.I-CUBE-embOS.1.3.1
2024-12-24 22:14:59,493 [WARN] PackLoader:240 - Cannot read IP mode file for STMicroelectronics.X-CUBE-ALGOBUILD.1.4.0
2024-12-24 22:14:59,506 [WARN] PackLoader:240 - Cannot read IP mode file for STMicroelectronics.X-CUBE-AI.9.1.0
2024-12-24 22:14:59,533 [WARN] PackLoader:240 - Cannot read IP mode file for STMicroelectronics.X-CUBE-GNSS1.6.0.0
2024-12-24 22:14:59,586 [WARN] PackLoader:240 - Cannot read IP mode file for STMicroelectronics.X-CUBE-AZRTOS-F4.1.1.0
2024-12-24 22:14:59,605 [WARN] PackLoader:240 - Cannot read IP mode file for STMicroelectronics.X-CUBE-ISPU.2.1.0
2024-12-24 22:14:59,620 [WARN] PackLoader:240 - Cannot read IP mode file for STMicroelectronics.X-CUBE-FREERTOS.1.2.0
2024-12-24 22:14:59,678 [WARN] PackLoader:240 - Cannot read IP mode file for STMicroelectronics.X-CUBE-AZRTOS-L5.2.0.0
2024-12-24 22:14:59,781 [WARN] PackLoader:240 - Cannot read IP mode file for STMicroelectronics.X-CUBE-MEMS1.9.6.0
2024-12-24 22:15:00,274 [WARN] PackLoader:240 - Cannot read IP mode file for STMicroelectronics.X-CUBE-EEPRMA1.4.2.0
2024-12-24 22:15:00,294 [WARN] PackLoader:240 - Cannot read IP mode file for STMicroelectronics.X-CUBE-NFC6.3.1.0
2024-12-24 22:15:00,312 [WARN] PackLoader:240 - Cannot read IP mode file for ITTIA_DB.I-CUBE-ITTIADB.8.8.0
2024-12-24 22:15:00,338 [WARN] PackLoader:240 - Cannot read IP mode file for emotas.I-CUBE-CANOPEN.1.1.3
2024-12-24 22:15:00,367 [WARN] PackLoader:240 - Cannot read IP mode file for STMicroelectronics.X-CUBE-BLEMGR.2.0.0
2024-12-24 22:15:00,384 [ERROR] Engine:466 - C:\Users\Minh\.stm32cubemx\thirdparties\pdsc\STMicroelectronics.X-CUBE-DPower.1.2.0.pdsc: PDSC version is not supported
2024-12-24 22:15:00,395 [WARN] PackLoader:240 - Cannot read IP mode file for STMicroelectronics.X-CUBE-AI.9.0.0
2024-12-24 22:15:00,442 [WARN] ConditionMgr:438 - getConditionDescription Invalid condition id : UX DEVICE CLASS RTOS Condition cause : null
2024-12-24 22:15:00,442 [WARN] ConditionMgr:438 - getConditionDescription Invalid condition id : UX DEVICE CLASS RTOS Condition cause : null
2024-12-24 22:15:00,454 [WARN] PackLoader:240 - Cannot read IP mode file for STMicroelectronics.X-CUBE-AZRTOS-H7.3.1.0
2024-12-24 22:15:00,457 [WARN] ConditionMgr:1039 - genDependencies : Invalid condition id : UX DEVICE CLASS RTOS Condition cause : null
2024-12-24 22:15:00,457 [WARN] ConditionMgr:1039 - genDependencies : Invalid condition id : UX DEVICE CLASS RTOS Condition cause : null
2024-12-24 22:15:00,459 [WARN] ConditionMgr:1039 - genDependencies : Invalid condition id : UX DEVICE CLASS RTOS Condition cause : null
2024-12-24 22:15:00,460 [WARN] ConditionMgr:1039 - genDependencies : Invalid condition id : UX DEVICE CLASS RTOS Condition cause : null
2024-12-24 22:15:00,460 [WARN] ConditionMgr:1039 - genDependencies : Invalid condition id : UX DEVICE CLASS RTOS Condition cause : null
2024-12-24 22:15:00,473 [WARN] PackLoader:240 - Cannot read IP mode file for wolfSSL.I-CUBE-wolfSSL.5.5.4
2024-12-24 22:15:00,498 [WARN] PackLoader:240 - Cannot read IP mode file for STMicroelectronics.X-CUBE-FREERTOS.1.3.0
2024-12-24 22:15:00,512 [WARN] PackLoader:240 - Cannot read IP mode file for STMicroelectronics.X-CUBE-NFC7.1.0.1
2024-12-24 22:15:00,523 [WARN] PackLoader:240 - Cannot read IP mode file for STMicroelectronics.X-CUBE-NFC7.1.0.0
2024-12-24 22:15:00,533 [WARN] PackLoader:240 - Cannot read IP mode file for wolfSSL.I-CUBE-wolfTPM.3.2.0
2024-12-24 22:15:00,554 [WARN] PackLoader:240 - Cannot read IP mode file for STMicroelectronics.X-CUBE-NFC6.3.0.0
2024-12-24 22:15:00,573 [WARN] PackLoader:240 - Cannot read IP mode file for STMicroelectronics.X-CUBE-EEPRMA1.4.1.0
2024-12-24 22:15:00,585 [WARN] PackLoader:240 - Cannot read IP mode file for STMicroelectronics.X-CUBE-AI.8.1.0
2024-12-24 22:15:00,637 [WARN] ConditionMgr:438 - getConditionDescription Invalid condition id : LAN8742 Phy interface Condition cause : null
2024-12-24 22:15:00,639 [WARN] PackLoader:240 - Cannot read IP mode file for STMicroelectronics.X-CUBE-AZRTOS-L4.2.0.0
2024-12-24 22:15:00,642 [WARN] ConditionMgr:1039 - genDependencies : Invalid condition id : LAN8742 Phy interface Condition cause : null
2024-12-24 22:15:00,643 [WARN] ConditionMgr:1039 - genDependencies : Invalid condition id : LAN8742 Phy interface Condition cause : null
2024-12-24 22:15:00,645 [WARN] ConditionMgr:1039 - genDependencies : Invalid condition id : LAN8742 Phy interface Condition cause : null
2024-12-24 22:15:00,666 [WARN] PackLoader:240 - Cannot read IP mode file for STMicroelectronics.X-CUBE-SFXS2LP1.4.0.0
2024-12-24 22:15:00,716 [WARN] PackLoader:240 - Cannot read IP mode file for STMicroelectronics.X-CUBE-AZRTOS-H7.3.0.0
2024-12-24 22:15:00,753 [WARN] PackLoader:240 - Cannot read IP mode file for STMicroelectronics.X-CUBE-ISPU.1.1.0
2024-12-24 22:15:00,808 [WARN] PackLoader:240 - Cannot read IP mode file for STMicroelectronics.X-CUBE-AZRTOS-H7.3.3.0
2024-12-24 22:15:00,839 [WARN] PackLoader:240 - Cannot read IP mode file for RoweBots.I-CUBE-UNISONRTOS.5.5.0-4
2024-12-24 22:15:00,867 [WARN] PackLoader:240 - Cannot read IP mode file for STMicroelectronics.X-CUBE-AI.8.0.0
2024-12-24 22:15:00,879 [ERROR] Engine:466 - C:\Users\Minh\.stm32cubemx\thirdparties\pdsc\STMicroelectronics.X-CUBE-IPS.3.0.0.pdsc: PDSC version is not supported
2024-12-24 22:15:00,909 [WARN] ConditionMgr:438 - getConditionDescription Invalid condition id : UX DEVICE CLASS RTOS Condition cause : null
2024-12-24 22:15:00,910 [WARN] ConditionMgr:438 - getConditionDescription Invalid condition id : UX DEVICE CLASS RTOS Condition cause : null
2024-12-24 22:15:00,914 [WARN] PackLoader:240 - Cannot read IP mode file for STMicroelectronics.X-CUBE-AZRTOS-WB.2.0.0
2024-12-24 22:15:00,915 [WARN] ConditionMgr:1039 - genDependencies : Invalid condition id : UX DEVICE CLASS RTOS Condition cause : null
2024-12-24 22:15:00,916 [WARN] ConditionMgr:1039 - genDependencies : Invalid condition id : UX DEVICE CLASS RTOS Condition cause : null
2024-12-24 22:15:00,918 [WARN] ConditionMgr:1039 - genDependencies : Invalid condition id : UX DEVICE CLASS RTOS Condition cause : null
2024-12-24 22:15:00,919 [WARN] ConditionMgr:1039 - genDependencies : Invalid condition id : UX DEVICE CLASS RTOS Condition cause : null
2024-12-24 22:15:00,919 [WARN] ConditionMgr:1039 - genDependencies : Invalid condition id : UX DEVICE CLASS RTOS Condition cause : null
2024-12-24 22:15:00,929 [WARN] PackLoader:240 - Cannot read IP mode file for STMicroelectronics.X-CUBE-FREERTOS.1.0.0
2024-12-24 22:15:00,943 [WARN] PackLoader:240 - Cannot read IP mode file for STMicroelectronics.X-CUBE-FREERTOS.1.0.1
2024-12-24 22:15:00,955 [WARN] PackLoader:240 - Cannot read IP mode file for STMicroelectronics.X-CUBE-GNSS1.7.0.0
2024-12-24 22:15:00,966 [WARN] PackLoader:240 - Cannot read IP mode file for STMicroelectronics.X-CUBE-GNSS1.7.0.1
2024-12-24 22:15:00,975 [ERROR] Engine:466 - C:\Users\Minh\.stm32cubemx\thirdparties\pdsc\STMicroelectronics.FP-SNS-STBOX1.2.0.0.pdsc: PDSC version is not supported
2024-12-24 22:15:01,006 [WARN] PackLoader:240 - Cannot read IP mode file for STMicroelectronics.X-CUBE-AZRTOS-L5.1.1.0
2024-12-24 22:15:01,022 [WARN] PackLoader:240 - Cannot read IP mode file for STMicroelectronics.X-CUBE-AI.8.0.1
2024-12-24 22:15:01,054 [WARN] PackLoader:240 - Cannot read IP mode file for STMicroelectronics.X-CUBE-SUBG2.5.0.0
2024-12-24 22:15:01,073 [WARN] PackLoader:240 - Cannot read IP mode file for Cesanta.I-CUBE-Mongoose.7.13.0
2024-12-24 22:15:01,090 [WARN] PackLoader:240 - Cannot read IP mode file for STMicroelectronics.X-CUBE-TOF1.3.3.1
2024-12-24 22:15:01,140 [WARN] PackLoader:240 - Cannot read IP mode file for STMicroelectronics.X-CUBE-AZRTOS-G4.2.0.0
2024-12-24 22:15:01,162 [WARN] PackLoader:240 - Cannot read IP mode file for STMicroelectronics.X-CUBE-TOF1.3.3.0
2024-12-24 22:15:01,187 [WARN] PackLoader:240 - Cannot read IP mode file for STMicroelectronics.FP-ATR-ASTRA1.1.1.1
2024-12-24 22:15:01,213 [WARN] PackLoader:240 - Cannot read IP mode file for Infineon.AIROC-Wi-Fi-Bluetooth-STM32.1.5.1
2024-12-24 22:15:01,228 [WARN] PackLoader:240 - Cannot read IP mode file for STMicroelectronics.FP-SNS-MOTENVWB1.1.3.0
2024-12-24 22:15:01,237 [WARN] PackLoader:240 - Cannot read IP mode file for STMicroelectronics.FP-SNS-MOTENVWB1.1.3.1
2024-12-24 22:15:01,261 [WARN] PackLoader:240 - Cannot read IP mode file for STMicroelectronics.X-CUBE-AZRTOS-G4.1.0.0
2024-12-24 22:15:01,297 [WARN] PackLoader:240 - Cannot read IP mode file for STMicroelectronics.X-CUBE-AZRTOS-L4.1.0.0
2024-12-24 22:15:01,310 [WARN] PackLoader:240 - Cannot read IP mode file for STMicroelectronics.X-CUBE-ISPU.2.0.0
2024-12-24 22:15:01,320 [WARN] PackLoader:240 - Cannot read IP mode file for STMicroelectronics.X-CUBE-ALS.1.0.2
2024-12-24 22:15:01,423 [WARN] PackLoader:240 - Cannot read IP mode file for STMicroelectronics.X-CUBE-MEMS1.10.0.0
2024-12-24 22:15:01,801 [WARN] PackLoader:240 - Cannot read IP mode file for STMicroelectronics.X-CUBE-FREERTOS.1.1.0
2024-12-24 22:15:01,808 [WARN] PackLoader:240 - Cannot read IP mode file for STMicroelectronics.X-CUBE-TOUCHGFX.4.24.0
2024-12-24 22:15:01,829 [WARN] PackLoader:240 - Cannot read IP mode file for STMicroelectronics.X-CUBE-AZRTOS-WL.1.0.0
2024-12-24 22:15:01,839 [WARN] PackLoader:240 - Cannot read IP mode file for STMicroelectronics.X-CUBE-TOUCHGFX.4.24.1
2024-12-24 22:15:01,854 [WARN] PackLoader:240 - Cannot read IP mode file for portGmbH.I-Cube-SoM-uGOAL.1.1.0
2024-12-24 22:15:01,862 [WARN] PackLoader:240 - Cannot read IP mode file for STMicroelectronics.X-CUBE-ALS.1.0.1
2024-12-24 22:15:01,892 [WARN] PackLoader:240 - Cannot read IP mode file for STMicroelectronics.X-CUBE-AZRTOS-WB.1.1.0
2024-12-24 22:15:01,938 [WARN] PackLoader:240 - Cannot read IP mode file for STMicroelectronics.X-CUBE-AZRTOS-H7RS.1.0.0
2024-12-24 22:15:01,952 [WARN] PackLoader:240 - Cannot read IP mode file for STMicroelectronics.FP-ATR-ASTRA1.2.0.0
2024-12-24 22:15:01,962 [ERROR] Engine:466 - C:\Users\Minh\.stm32cubemx\thirdparties\pdsc\STMicroelectronics.X-CUBE-TOF1.3.4.2.pdsc: PDSC version is not supported
2024-12-24 22:15:01,981 [WARN] PackLoader:240 - Cannot read IP mode file for STMicroelectronics.X-CUBE-TOF1.3.4.0
2024-12-24 22:15:02,031 [WARN] PackLoader:240 - Cannot read IP mode file for STMicroelectronics.X-CUBE-TOF1.3.4.1
2024-12-24 22:15:02,110 [WARN] PackLoader:240 - Cannot read IP mode file for STMicroelectronics.X-CUBE-AZRTOS-H7.3.2.0
2024-12-24 22:15:02,130 [WARN] PackLoader:240 - Cannot read IP mode file for wolfSSL.I-CUBE-wolfSSH.1.4.17
2024-12-24 22:15:02,131 [INFO] ThirdParty:978 - Integrity check success = true
2024-12-24 22:15:02,131 [INFO] IntegrityCheckThread:100 - exiting critical section [integrity check]
2024-12-24 22:15:02,131 [INFO] IntegrityCheckThread:103 - End integrity checks thread
2024-12-24 23:01:01,787 [ERROR] LogOutputStream:75 - [STDERR_REDIRECT] SLF4J: Failed to load class "org.slf4j.impl.StaticLoggerBinder".
2024-12-24 23:01:01,788 [ERROR] LogOutputStream:75 - [STDERR_REDIRECT] SLF4J: Defaulting to no-operation (NOP) logger implementation
2024-12-24 23:01:01,793 [ERROR] LogOutputStream:75 - [STDERR_REDIRECT] SLF4J: See http://www.slf4j.org/codes.html#StaticLoggerBinder for further details.
2024-12-24 23:53:43,457 [ERROR] LogOutputStream:75 - [STDERR_REDIRECT] 
