2024-02-07 11:28:53,174 [INFO] Activator:176 - 


2024-02-07 11:28:53,190 [INFO] Activator:177 - !SESSION log4j initialized
2024-02-07 11:29:12,463 [INFO] LogOutputStream:77 - [STDOUT_REDIRECT] 
2024-02-07 11:29:21,438 [INFO] ApplicationProperties:184 - Using Application install path: C:\ST\STM32CubeIDE_1.4.0\STM32CubeIDE\plugins\com.st.stm32cube.common.mx_6.9.1.202307191849
2024-02-07 11:29:21,486 [INFO] DbMcusXml:78 - Set database path to: C:\ST\STM32CubeIDE_1.4.0\STM32CubeIDE\plugins\com.st.stm32cube.common.mx_6.9.1.202307191849\\db\/mcu/
2024-02-07 11:29:21,487 [INFO] ApiDb:274 - Set plugin database path to: C:\ST\STM32CubeIDE_1.4.0\STM32CubeIDE\plugins\com.st.stm32cube.common.mx_6.9.1.202307191849\\db\/plugins/boardmanager/
2024-02-07 11:29:21,488 [WARN] ApiDb:259 - Overriding images path with different value:  => C:\ST\STM32CubeIDE_1.4.0\STM32CubeIDE\plugins\com.st.stm32cube.common.mx_6.9.1.202307191849\\db\/plugins/mcufinder/images/
2024-02-07 11:29:21,516 [INFO] ApiDb:250 - Set database path to: C:\Users\Minh\.stmcufinder\plugins\mcufinder//mcu/
2024-02-07 11:29:21,519 [INFO] DbMcusAds:125 - Set database path to: C:\Users\Minh\.stmcufinder\plugins\mcufinder//mcu/
2024-02-07 11:29:21,525 [INFO] CrossReferenceDbSqlite:203 - Set database path to: C:\Users\Minh\.stmcufinder\plugins\mcufinder//mcu/cs/
2024-02-07 11:29:21,904 [INFO] RulesReader:64 - Compatibility file has been processed (293 Rules)
2024-02-07 11:29:22,167 [INFO] DbMcusXml:78 - Set database path to: C:\ST\STM32CubeIDE_1.4.0\STM32CubeIDE\plugins\com.st.stm32cube.common.mx_6.9.1.202307191849\\db\/mcu/
2024-02-07 11:29:22,167 [INFO] ApiDb:274 - Set plugin database path to: C:\ST\STM32CubeIDE_1.4.0\STM32CubeIDE\plugins\com.st.stm32cube.common.mx_6.9.1.202307191849\\db\/plugins/boardmanager/
2024-02-07 11:29:22,168 [INFO] ApiDb:261 - Set plugin images path to: C:\ST\STM32CubeIDE_1.4.0\STM32CubeIDE\plugins\com.st.stm32cube.common.mx_6.9.1.202307191849\\db\/plugins/mcufinder/images/
2024-02-07 11:29:22,169 [WARN] DbFile:41 - Overriding database path with different value: C:\Users\Minh\.stmcufinder\plugins\mcufinder/ => C:\Users\Minh\.stmcufinder\plugins\mcufinder
2024-02-07 11:29:22,169 [INFO] ApiDb:250 - Set database path to: C:\Users\Minh\.stmcufinder\plugins\mcufinder//mcu/
2024-02-07 11:29:22,169 [WARN] DbFile:41 - Overriding database path with different value: C:\Users\Minh\.stmcufinder\plugins\mcufinder/ => C:\Users\Minh\.stmcufinder\plugins\mcufinder
2024-02-07 11:29:22,169 [INFO] DbMcusAds:125 - Set database path to: C:\Users\Minh\.stmcufinder\plugins\mcufinder//mcu/
2024-02-07 11:29:22,170 [WARN] DbFile:41 - Overriding database path with different value: C:\Users\Minh\.stmcufinder\plugins\mcufinder/ => C:\Users\Minh\.stmcufinder\plugins\mcufinder
2024-02-07 11:29:22,170 [WARN] DbFile:41 - Overriding database path with different value: C:\Users\Minh\.stmcufinder\plugins\mcufinder/ => C:\Users\Minh\.stmcufinder\plugins\mcufinder
2024-02-07 11:29:22,170 [INFO] CrossReferenceDbSqlite:203 - Set database path to: C:\Users\Minh\.stmcufinder\plugins\mcufinder//mcu/cs/
2024-02-07 11:29:22,380 [INFO] MainPanel:262 - HeapMemory: 268435456
2024-02-07 11:29:22,601 [INFO] DbMcusXml:78 - Set database path to: C:\ST\STM32CubeIDE_1.4.0\STM32CubeIDE\plugins\com.st.stm32cube.common.mx_6.9.1.202307191849\\db\/mcu/
2024-02-07 11:29:22,602 [INFO] ApiDb:274 - Set plugin database path to: C:\ST\STM32CubeIDE_1.4.0\STM32CubeIDE\plugins\com.st.stm32cube.common.mx_6.9.1.202307191849\\db\/plugins/boardmanager/
2024-02-07 11:29:22,602 [INFO] ApiDb:261 - Set plugin images path to: C:\ST\STM32CubeIDE_1.4.0\STM32CubeIDE\plugins\com.st.stm32cube.common.mx_6.9.1.202307191849\\db\/plugins/mcufinder/images/
2024-02-07 11:29:22,603 [WARN] DbFile:41 - Overriding database path with different value: C:\Users\Minh\.stmcufinder\plugins\mcufinder/ => C:\Users\Minh\.stmcufinder\plugins\mcufinder
2024-02-07 11:29:22,603 [INFO] ApiDb:250 - Set database path to: C:\Users\Minh\.stmcufinder\plugins\mcufinder//mcu/
2024-02-07 11:29:22,603 [WARN] DbFile:41 - Overriding database path with different value: C:\Users\Minh\.stmcufinder\plugins\mcufinder/ => C:\Users\Minh\.stmcufinder\plugins\mcufinder
2024-02-07 11:29:22,604 [INFO] DbMcusAds:125 - Set database path to: C:\Users\Minh\.stmcufinder\plugins\mcufinder//mcu/
2024-02-07 11:29:22,604 [WARN] DbFile:41 - Overriding database path with different value: C:\Users\Minh\.stmcufinder\plugins\mcufinder/ => C:\Users\Minh\.stmcufinder\plugins\mcufinder
2024-02-07 11:29:22,604 [WARN] DbFile:41 - Overriding database path with different value: C:\Users\Minh\.stmcufinder\plugins\mcufinder/ => C:\Users\Minh\.stmcufinder\plugins\mcufinder
2024-02-07 11:29:22,604 [INFO] CrossReferenceDbSqlite:203 - Set database path to: C:\Users\Minh\.stmcufinder\plugins\mcufinder//mcu/cs/
2024-02-07 11:29:22,640 [INFO] ApplicationProperties:184 - Using Application install path: C:\ST\STM32CubeIDE_1.4.0\STM32CubeIDE\plugins\com.st.stm32cube.common.mx_6.9.1.202307191849
2024-02-07 11:29:22,643 [INFO] PluginManage:196 - Search for loadable plugins [exclusion list=, ]
2024-02-07 11:29:22,646 [INFO] PluginManage:310 - Check plugin analytics
2024-02-07 11:29:27,548 [INFO] AnalyticsPlugin:253 - Accepted Software Licenses: STM32CubeMX.6.0.0,STM32CubeMX.5.2.0
2024-02-07 11:29:27,549 [INFO] AnalyticsPlugin:255 - Accepted CMSIS Pack Licenses: 
2024-02-07 11:29:27,550 [INFO] AnalyticsPlugin:257 - Accepted Firmware Licenses: 
2024-02-07 11:29:27,555 [INFO] PluginManage:359 - Loaded plugin analytics (category:tool,tabindex:-1)
2024-02-07 11:29:27,557 [INFO] PluginManage:310 - Check plugin cadmodel
2024-02-07 11:29:27,566 [INFO] CADModel:105 - Init CAD model plugin
2024-02-07 11:29:27,567 [INFO] PluginManage:359 - Loaded plugin cadmodel (category:power,tabindex:5)
2024-02-07 11:29:27,568 [INFO] PluginManage:310 - Check plugin clock
2024-02-07 11:29:27,589 [INFO] PluginManage:359 - Loaded plugin clock (category:base,tabindex:2)
2024-02-07 11:29:27,590 [INFO] PluginManage:310 - Check plugin ddr
2024-02-07 11:29:27,595 [INFO] PluginManage:359 - Loaded plugin ddr (category:tool,tabindex:6)
2024-02-07 11:29:27,596 [INFO] PluginManage:310 - Check plugin filemanager
2024-02-07 11:29:27,864 [INFO] PluginManage:359 - Loaded plugin filemanager (category:base,tabindex:10)
2024-02-07 11:29:27,865 [INFO] PluginManage:310 - Check plugin ipmanager
2024-02-07 11:29:27,880 [INFO] PluginManage:359 - Loaded plugin ipmanager (category:base,tabindex:5)
2024-02-07 11:29:27,880 [INFO] PluginManage:310 - Check plugin lpbam
2024-02-07 11:29:27,899 [INFO] PluginManage:359 - Loaded plugin lpbam (category:base,tabindex:0)
2024-02-07 11:29:27,900 [INFO] PluginManage:310 - Check plugin memorymap
2024-02-07 11:29:27,927 [INFO] PluginManage:359 - Loaded plugin memorymap (category:base,tabindex:4)
2024-02-07 11:29:27,927 [INFO] PluginManage:310 - Check plugin pinoutandconfiguration
2024-02-07 11:29:27,941 [INFO] PluginManage:359 - Loaded plugin pinoutandconfiguration (category:base,tabindex:1)
2024-02-07 11:29:27,941 [INFO] PluginManage:310 - Check plugin pinoutconfig
2024-02-07 11:29:28,131 [WARN] SupportedApi:132 - Cannot load RTOS API schema: s4s-elt-must-match.1: The content of 'definitions' must match (annotation?, (simpleType | complexType)?, (unique | key | keyref)*)). A problem was found starting at: attribute.
2024-02-07 11:29:28,450 [INFO] PluginManage:359 - Loaded plugin pinoutconfig (category:base,tabindex:0)
2024-02-07 11:29:28,451 [INFO] PluginManage:310 - Check plugin power
2024-02-07 11:29:28,471 [INFO] PluginManage:359 - Loaded plugin power (category:power,tabindex:4)
2024-02-07 11:29:28,471 [INFO] PluginManage:310 - Check plugin projectmanager
2024-02-07 11:29:28,508 [INFO] PluginManage:359 - Loaded plugin projectmanager (category:projectmanager,tabindex:3)
2024-02-07 11:29:28,509 [INFO] PluginManage:310 - Check plugin thirdparty
2024-02-07 11:29:28,843 [INFO] PluginManage:359 - Loaded plugin thirdparty (category:base,tabindex:-1)
2024-02-07 11:29:28,843 [WARN] IntegrityCheckThread:84 - waiting for thirdparty lock release [integrity check]
2024-02-07 11:29:28,844 [INFO] IntegrityCheckThread:86 - entering critical section [integrity check]
2024-02-07 11:29:28,845 [INFO] ThirdPartyUpdaterWithRetryManager:70 - Updater plugin not ready yet. [1/15]
2024-02-07 11:29:28,845 [INFO] PluginManage:310 - Check plugin tools
2024-02-07 11:29:28,851 [INFO] PluginManage:359 - Loaded plugin tools (category:base,tabindex:7)
2024-02-07 11:29:28,852 [INFO] PluginManage:310 - Check plugin tutovideos
2024-02-07 11:29:29,280 [INFO] PluginManage:359 - Loaded plugin tutovideos (category:base,tabindex:-1)
2024-02-07 11:29:29,281 [INFO] PluginManage:310 - Check plugin updater
2024-02-07 11:29:29,302 [INFO] PluginManage:359 - Loaded plugin updater (category:base,tabindex:12)
2024-02-07 11:29:29,302 [INFO] PluginManage:310 - Check plugin userauth
2024-02-07 11:29:29,311 [INFO] UserAuth:113 - Init User Auth plugin
2024-02-07 11:29:29,311 [INFO] PluginManage:359 - Loaded plugin userauth (category:base,tabindex:14)
2024-02-07 11:29:29,312 [INFO] PluginManage:283 - PluginManage : Loaded plugins [17]
2024-02-07 11:29:29,810 [INFO] PinOutPanel:1499 - setPackage(No Configuration,No Configuration)
2024-02-07 11:29:30,112 [INFO] CADModel:165 - CPN selected for project level
2024-02-07 11:29:30,113 [INFO] CADModel:114 - Register for checkConnection events
2024-02-07 11:29:30,156 [INFO] IPUIPlugin:80 - create IPUIPlugin
2024-02-07 11:29:30,156 [INFO] PluginManager:220 - loadIPPluginJar : add adc
2024-02-07 11:29:30,163 [INFO] IPUIPlugin:80 - create IPUIPlugin
2024-02-07 11:29:30,164 [INFO] PluginManager:220 - loadIPPluginJar : add aes
2024-02-07 11:29:30,170 [INFO] IPUIPlugin:80 - create IPUIPlugin
2024-02-07 11:29:30,171 [INFO] PluginManager:220 - loadIPPluginJar : add can
2024-02-07 11:29:30,175 [INFO] IPUIPlugin:80 - create IPUIPlugin
2024-02-07 11:29:30,175 [INFO] PluginManager:220 - loadIPPluginJar : add comp
2024-02-07 11:29:30,181 [INFO] IPUIPlugin:80 - create IPUIPlugin
2024-02-07 11:29:30,181 [INFO] PluginManager:220 - loadIPPluginJar : add cryp
2024-02-07 11:29:30,188 [INFO] IPUIPlugin:80 - create IPUIPlugin
2024-02-07 11:29:30,188 [INFO] PluginManager:220 - loadIPPluginJar : add dfsdm
2024-02-07 11:29:30,202 [INFO] IPUIPlugin:80 - create IPUIPlugin
2024-02-07 11:29:30,203 [INFO] PluginManager:220 - loadIPPluginJar : add dma
2024-02-07 11:29:30,209 [INFO] IPUIPlugin:80 - create IPUIPlugin
2024-02-07 11:29:30,210 [INFO] PluginManager:220 - loadIPPluginJar : add dma3
2024-02-07 11:29:30,213 [INFO] IPUIPlugin:80 - create IPUIPlugin
2024-02-07 11:29:30,214 [INFO] PluginManager:220 - loadIPPluginJar : add fatfs
2024-02-07 11:29:30,222 [INFO] IPUIPlugin:80 - create IPUIPlugin
2024-02-07 11:29:30,222 [INFO] PluginManager:220 - loadIPPluginJar : add fmc
2024-02-07 11:29:30,232 [INFO] IPUIPlugin:80 - create IPUIPlugin
2024-02-07 11:29:30,232 [INFO] PluginManager:220 - loadIPPluginJar : add freertos
2024-02-07 11:29:30,235 [INFO] IPUIPlugin:80 - create IPUIPlugin
2024-02-07 11:29:30,235 [INFO] PluginManager:220 - loadIPPluginJar : add genericplugin
2024-02-07 11:29:30,239 [INFO] IPUIPlugin:80 - create IPUIPlugin
2024-02-07 11:29:30,239 [INFO] PluginManager:220 - loadIPPluginJar : add gfxmmu
2024-02-07 11:29:30,248 [INFO] IPUIPlugin:80 - create IPUIPlugin
2024-02-07 11:29:30,249 [INFO] PluginManager:220 - loadIPPluginJar : add gic
2024-02-07 11:29:30,256 [INFO] IPUIPlugin:80 - create IPUIPlugin
2024-02-07 11:29:30,257 [INFO] PluginManager:220 - loadIPPluginJar : add gpio
2024-02-07 11:29:30,262 [INFO] IPUIPlugin:80 - create IPUIPlugin
2024-02-07 11:29:30,262 [INFO] PluginManager:220 - loadIPPluginJar : add gtzc
2024-02-07 11:29:30,267 [INFO] IPUIPlugin:80 - create IPUIPlugin
2024-02-07 11:29:30,267 [INFO] PluginManager:220 - loadIPPluginJar : add hash
2024-02-07 11:29:30,272 [INFO] IPUIPlugin:80 - create IPUIPlugin
2024-02-07 11:29:30,272 [INFO] PluginManager:220 - loadIPPluginJar : add i2c
2024-02-07 11:29:30,277 [INFO] IPUIPlugin:80 - create IPUIPlugin
2024-02-07 11:29:30,277 [INFO] PluginManager:220 - loadIPPluginJar : add i2s
2024-02-07 11:29:30,282 [INFO] IPUIPlugin:80 - create IPUIPlugin
2024-02-07 11:29:30,283 [INFO] PluginManager:220 - loadIPPluginJar : add i3c
2024-02-07 11:29:30,289 [INFO] IPUIPlugin:80 - create IPUIPlugin
2024-02-07 11:29:30,289 [INFO] PluginManager:220 - loadIPPluginJar : add ipddr
2024-02-07 11:29:30,306 [INFO] IPUIPlugin:80 - create IPUIPlugin
2024-02-07 11:29:30,307 [INFO] PluginManager:220 - loadIPPluginJar : add linkedlist
2024-02-07 11:29:30,313 [INFO] IPUIPlugin:80 - create IPUIPlugin
2024-02-07 11:29:30,313 [INFO] PluginManager:220 - loadIPPluginJar : add lorawan
2024-02-07 11:29:30,316 [INFO] IPUIPlugin:80 - create IPUIPlugin
2024-02-07 11:29:30,317 [INFO] PluginManager:220 - loadIPPluginJar : add ltdc
2024-02-07 11:29:30,327 [INFO] IPUIPlugin:80 - create IPUIPlugin
2024-02-07 11:29:30,328 [INFO] PluginManager:220 - loadIPPluginJar : add mdma
2024-02-07 11:29:30,335 [INFO] IPUIPlugin:80 - create IPUIPlugin
2024-02-07 11:29:30,336 [INFO] PluginManager:220 - loadIPPluginJar : add nvic
2024-02-07 11:29:30,343 [INFO] IPUIPlugin:80 - create IPUIPlugin
2024-02-07 11:29:30,343 [INFO] PluginManager:220 - loadIPPluginJar : add opamp
2024-02-07 11:29:30,350 [INFO] IPUIPlugin:80 - create IPUIPlugin
2024-02-07 11:29:30,351 [INFO] PluginManager:220 - loadIPPluginJar : add openamp
2024-02-07 11:29:30,358 [INFO] IPUIPlugin:80 - create IPUIPlugin
2024-02-07 11:29:30,359 [INFO] PluginManager:220 - loadIPPluginJar : add pdm2pcm
2024-02-07 11:29:30,374 [INFO] IPUIPlugin:80 - create IPUIPlugin
2024-02-07 11:29:30,381 [INFO] PluginManager:220 - loadIPPluginJar : add plateformsettings
2024-02-07 11:29:30,384 [INFO] IPUIPlugin:80 - create IPUIPlugin
2024-02-07 11:29:30,384 [INFO] PluginManager:220 - loadIPPluginJar : add quadspi
2024-02-07 11:29:30,392 [INFO] IPUIPlugin:80 - create IPUIPlugin
2024-02-07 11:29:30,392 [INFO] PluginManager:220 - loadIPPluginJar : add resmgrutility
2024-02-07 11:29:30,399 [INFO] IPUIPlugin:80 - create IPUIPlugin
2024-02-07 11:29:30,400 [INFO] PluginManager:220 - loadIPPluginJar : add sai
2024-02-07 11:29:30,406 [INFO] IPUIPlugin:80 - create IPUIPlugin
2024-02-07 11:29:30,406 [INFO] PluginManager:220 - loadIPPluginJar : add spi
2024-02-07 11:29:30,415 [INFO] IPUIPlugin:80 - create IPUIPlugin
2024-02-07 11:29:30,415 [INFO] PluginManager:220 - loadIPPluginJar : add stm32_wpan
2024-02-07 11:29:30,418 [INFO] IPUIPlugin:80 - create IPUIPlugin
2024-02-07 11:29:30,418 [INFO] PluginManager:220 - loadIPPluginJar : add tim
2024-02-07 11:29:30,424 [INFO] IPUIPlugin:80 - create IPUIPlugin
2024-02-07 11:29:30,424 [INFO] PluginManager:220 - loadIPPluginJar : add touchsensing
2024-02-07 11:29:30,428 [INFO] IPUIPlugin:80 - create IPUIPlugin
2024-02-07 11:29:30,428 [INFO] PluginManager:220 - loadIPPluginJar : add tracer_emb
2024-02-07 11:29:30,431 [INFO] IPUIPlugin:80 - create IPUIPlugin
2024-02-07 11:29:30,431 [INFO] PluginManager:220 - loadIPPluginJar : add ts
2024-02-07 11:29:30,434 [INFO] IPUIPlugin:80 - create IPUIPlugin
2024-02-07 11:29:30,434 [INFO] PluginManager:220 - loadIPPluginJar : add tsc
2024-02-07 11:29:30,438 [INFO] IPUIPlugin:80 - create IPUIPlugin
2024-02-07 11:29:30,438 [INFO] PluginManager:220 - loadIPPluginJar : add ucpd
2024-02-07 11:29:30,443 [INFO] IPUIPlugin:80 - create IPUIPlugin
2024-02-07 11:29:30,443 [INFO] PluginManager:220 - loadIPPluginJar : add usart
2024-02-07 11:29:30,448 [INFO] IPUIPlugin:80 - create IPUIPlugin
2024-02-07 11:29:30,448 [INFO] PluginManager:220 - loadIPPluginJar : add usbx
2024-02-07 11:29:30,629 [INFO] CADModel:165 - CPN selected for project level
2024-02-07 11:29:30,629 [INFO] CADModel:114 - Register for checkConnection events
2024-02-07 11:29:30,629 [FATAL] Updater:308 - Updater called before beeing initialized
2024-02-07 11:29:30,630 [ERROR] CADModel:125 - Updater not yet initialized, retry later 
2024-02-07 11:29:30,995 [INFO] CADModel:165 - CPN selected for project level
2024-02-07 11:29:30,996 [INFO] CADModel:114 - Register for checkConnection events
2024-02-07 11:29:30,996 [FATAL] Updater:308 - Updater called before beeing initialized
2024-02-07 11:29:30,996 [ERROR] CADModel:125 - Updater not yet initialized, retry later 
2024-02-07 11:29:31,005 [FATAL] Updater:308 - Updater called before beeing initialized
2024-02-07 11:29:31,237 [FATAL] Updater:308 - Updater called before beeing initialized
2024-02-07 11:29:31,248 [INFO] DbMcusAds:53 - JSON generation date=Wed Nov 29 19:52:27 JST 2023 (1701255147349)
2024-02-07 11:29:31,248 [FATAL] Updater:308 - Updater called before beeing initialized
2024-02-07 11:29:31,332 [WARN] DetailPanel:346 - Failed to get advertising image, set to default
2024-02-07 11:29:31,601 [FATAL] Updater:308 - Updater called before beeing initialized
2024-02-07 11:29:31,606 [FATAL] Updater:308 - Updater called before beeing initialized
2024-02-07 11:29:31,606 [FATAL] Updater:308 - Updater called before beeing initialized
2024-02-07 11:29:31,606 [WARN] DetailPanel:346 - Failed to get advertising image, set to default
2024-02-07 11:29:31,608 [FATAL] Updater:308 - Updater called before beeing initialized
2024-02-07 11:29:31,714 [ERROR] Updater:1120 - MainUpdater not yet initialized. External WinMGr cannot be set.
2024-02-07 11:29:31,720 [INFO] Updater:1056 - Updater Version found : 6.9.1
2024-02-07 11:29:31,761 [INFO] ApplicationProperties:184 - Using Application install path: C:\ST\STM32CubeIDE_1.4.0\STM32CubeIDE\plugins\com.st.stm32cube.common.mx_6.9.1.202307191849
2024-02-07 11:29:31,846 [INFO] ThirdPartyUpdaterWithRetryManager:70 - Updater plugin not ready yet. [2/15]
2024-02-07 11:29:32,017 [INFO] MainUpdater:2868 - connection check result : 10
2024-02-07 11:29:32,019 [INFO] MainUpdater:285 - Updater Check For Update Now.
2024-02-07 11:29:32,020 [INFO] MicroXplorer:498 - Change Database Version : DB.6.0.91
2024-02-07 11:29:32,035 [INFO] McuFinderGlobals:63 - Set McuFinder mode to 2 (CubeIDE integrated)
2024-02-07 11:29:32,035 [INFO] UserAuth:179 - activating auth plugin
2024-02-07 11:29:32,042 [INFO] UserAuth:393 - Internet connection configuration mode: 1
2024-02-07 11:29:32,098 [INFO] JxBrowserEngine:151 - Initiate JxBrowser Engine with user profile folder
2024-02-07 11:29:32,377 [INFO] CheckServerUpdateThread:120 - End of CheckServer Thread
2024-02-07 11:29:33,607 [INFO] WebApp:157 - Instantiating new browser for Auth
2024-02-07 11:29:35,165 [INFO] WebApp:753 - Register for checkConnection events
2024-02-07 11:29:35,165 [INFO] WebApp:390 - Apply proxy settings
2024-02-07 11:29:35,166 [INFO] WebApp:475 - Chromium requires no authentication
2024-02-07 11:29:35,189 [INFO] WebApp:418 - Direct internet connection detected
2024-02-07 11:29:35,418 [WARN] PackLoader:240 - Cannot read IP mode file for STMicroelectronics.X-CUBE-SMBUS.2.1.0
2024-02-07 11:29:35,439 [WARN] PackLoader:240 - Cannot read IP mode file for STMicroelectronics.X-CUBE-TOUCHGFX.4.23.0
2024-02-07 11:29:35,558 [WARN] PackLoader:240 - Cannot read IP mode file for STMicroelectronics.X-CUBE-AZRTOS-F7.1.1.0
2024-02-07 11:29:35,592 [ERROR] RealEvaluatedCondition:428 - Found unsupported composite condition: GROUP='STM32_MetaDataManager' CLASS='Data Exchange'
2024-02-07 11:29:35,593 [ERROR] RealEvaluatedCondition:428 - Found unsupported composite condition: GROUP='STM32_MetaDataManager' CLASS='Data Exchange'
2024-02-07 11:29:35,599 [WARN] PackLoader:240 - Cannot read IP mode file for STMicroelectronics.FP-SNS-MOTENV1.4.3.0
2024-02-07 11:29:35,626 [WARN] PackLoader:240 - Cannot read IP mode file for STMicroelectronics.FP-SNS-MOTENV1.4.3.2
2024-02-07 11:29:35,648 [WARN] PackLoader:240 - Cannot read IP mode file for STMicroelectronics.FP-SNS-FLIGHT1.5.0.0
2024-02-07 11:29:35,662 [ERROR] RealEvaluatedCondition:428 - Found unsupported composite condition: GROUP='STM32_MetaDataManager' CLASS='Data Exchange'
2024-02-07 11:29:35,662 [ERROR] RealEvaluatedCondition:428 - Found unsupported composite condition: CLASS='Data Exchange' GROUP='STM32_MetaDataManager'
2024-02-07 11:29:35,667 [WARN] PackLoader:240 - Cannot read IP mode file for STMicroelectronics.FP-SNS-MOTENV1.4.3.1
2024-02-07 11:29:35,684 [WARN] PackLoader:240 - Cannot read IP mode file for STMicroelectronics.FP-SNS-FLIGHT1.5.0.1
2024-02-07 11:29:35,708 [WARN] PackLoader:240 - Cannot read IP mode file for STMicroelectronics.X-CUBE-BLE1.6.2.4
2024-02-07 11:29:35,723 [WARN] PackLoader:240 - Cannot read IP mode file for STMicroelectronics.FP-SNS-FLIGHT1.5.0.2
2024-02-07 11:29:35,750 [WARN] PackLoader:240 - Cannot read IP mode file for STMicroelectronics.X-CUBE-DISPLAY.3.0.0
2024-02-07 11:29:35,787 [WARN] PackLoader:240 - Cannot read IP mode file for STMicroelectronics.X-CUBE-BLE1.7.0.0
2024-02-07 11:29:35,815 [WARN] PackLoader:240 - Cannot read IP mode file for STMicroelectronics.X-CUBE-TOUCHGFX.4.22.0
2024-02-07 11:29:35,825 [WARN] PackLoader:240 - Cannot read IP mode file for STMicroelectronics.X-CUBE-TOUCHGFX.4.22.1
2024-02-07 11:29:35,841 [WARN] PackLoader:240 - Cannot read IP mode file for STMicroelectronics.FP-SNS-SMARTAG2.1.2.0
2024-02-07 11:29:35,949 [INFO] LogOutputStream:77 - [STDOUT_REDIRECT] 1 : Invalid condition id : UX_CORESTACK_Condition cause : null
2024-02-07 11:29:36,011 [INFO] LogOutputStream:77 - [STDOUT_REDIRECT] 1 : Invalid condition id : UX_CORESTACK_Condition cause : null
2024-02-07 11:29:36,026 [INFO] LogOutputStream:77 - [STDOUT_REDIRECT] 1 : Invalid condition id : UX_CORESTACK_Condition cause : null
2024-02-07 11:29:36,032 [INFO] LogOutputStream:77 - [STDOUT_REDIRECT] 1 : Invalid condition id : UX_CORESTACK_Condition cause : null
2024-02-07 11:29:36,037 [INFO] LogOutputStream:77 - [STDOUT_REDIRECT] 1 : Invalid condition id : UX_CORESTACK_Condition cause : null
2024-02-07 11:29:36,109 [WARN] PackLoader:240 - Cannot read IP mode file for STMicroelectronics.X-CUBE-AZRTOS-WL.2.0.0
2024-02-07 11:29:36,214 [WARN] PackLoader:240 - Cannot read IP mode file for WES.I-CUBE-Cesium.1.3.0
2024-02-07 11:29:36,234 [WARN] PackLoader:240 - Cannot read IP mode file for STMicroelectronics.X-CUBE-BLE2.3.3.0
2024-02-07 11:29:36,244 [INFO] WebApp:188 - Starting web application
2024-02-07 11:29:36,244 [INFO] WebApp:520 - Web application path used C:\ST\STM32CubeIDE_1.4.0\STM32CubeIDE\plugins\com.st.stm32cube.common.mx_6.9.1.202307191849\db\plugins\mcufinder\reactClient1\index.html
2024-02-07 11:29:36,309 [WARN] PackLoader:240 - Cannot read IP mode file for STMicroelectronics.X-CUBE-TOF1.3.2.0
2024-02-07 11:29:36,375 [WARN] PackLoader:240 - Cannot read IP mode file for STMicroelectronics.X-CUBE-TOUCHGFX.4.21.1
2024-02-07 11:29:36,384 [WARN] PackLoader:240 - Cannot read IP mode file for STMicroelectronics.X-CUBE-TOUCHGFX.4.21.3
2024-02-07 11:29:36,393 [WARN] PackLoader:240 - Cannot read IP mode file for STMicroelectronics.X-CUBE-TOUCHGFX.4.21.4
2024-02-07 11:29:36,422 [WARN] PackLoader:240 - Cannot read IP mode file for STMicroelectronics.X-CUBE-ALGOBUILD.1.3.0
2024-02-07 11:29:36,528 [WARN] PackLoader:240 - Cannot read IP mode file for STMicroelectronics.X-CUBE-AZRTOS-G0.1.1.0
2024-02-07 11:29:36,561 [WARN] PackLoader:240 - Cannot read IP mode file for STMicroelectronics.X-CUBE-NFC4.3.0.0
2024-02-07 11:29:36,604 [WARN] PackLoader:240 - Cannot read IP mode file for STMicroelectronics.X-CUBE-BLEMGR.3.0.0
2024-02-07 11:29:36,628 [WARN] PackLoader:240 - Cannot read IP mode file for STMicroelectronics.FP-ATR-SIGFOX1.3.2.0
2024-02-07 11:29:36,667 [WARN] PackLoader:240 - Cannot read IP mode file for STMicroelectronics.X-CUBE-EEPRMA1.5.1.0
2024-02-07 11:29:36,887 [WARN] PackLoader:240 - Cannot read IP mode file for STMicroelectronics.X-CUBE-MEMS1.9.5.0
2024-02-07 11:29:37,948 [WARN] PackLoader:240 - Cannot read IP mode file for SEGGER.I-CUBE-embOS.1.3.1
2024-02-07 11:29:38,121 [WARN] PackLoader:240 - Cannot read IP mode file for STMicroelectronics.X-CUBE-GNSS1.6.0.0
2024-02-07 11:29:38,174 [WARN] PackLoader:240 - Cannot read IP mode file for STMicroelectronics.X-CUBE-AZRTOS-F4.1.1.0
2024-02-07 11:29:38,236 [WARN] PackLoader:240 - Cannot read IP mode file for STMicroelectronics.X-CUBE-AZRTOS-L5.2.0.0
2024-02-07 11:29:38,414 [WARN] PackLoader:240 - Cannot read IP mode file for STMicroelectronics.X-CUBE-MEMS1.9.6.0
2024-02-07 11:29:38,988 [WARN] PackLoader:240 - Cannot read IP mode file for STMicroelectronics.X-CUBE-EEPRMA1.4.2.0
2024-02-07 11:29:39,014 [WARN] PackLoader:240 - Cannot read IP mode file for ITTIA_DB.I-CUBE-ITTIADB.8.8.0
2024-02-07 11:29:39,034 [WARN] PackLoader:240 - Cannot read IP mode file for emotas.I-CUBE-CANOPEN.1.1.3
2024-02-07 11:29:39,117 [WARN] PackLoader:240 - Cannot read IP mode file for STMicroelectronics.X-CUBE-BLEMGR.2.0.0
2024-02-07 11:29:39,332 [WARN] ConditionMgr:438 - getConditionDescription Invalid condition id : UX DEVICE CLASS RTOS Condition cause : null
2024-02-07 11:29:39,333 [WARN] ConditionMgr:438 - getConditionDescription Invalid condition id : UX DEVICE CLASS RTOS Condition cause : null
2024-02-07 11:29:39,349 [WARN] PackLoader:240 - Cannot read IP mode file for STMicroelectronics.X-CUBE-AZRTOS-H7.3.1.0
2024-02-07 11:29:39,354 [WARN] ConditionMgr:1039 - genDependencies : Invalid condition id : UX DEVICE CLASS RTOS Condition cause : null
2024-02-07 11:29:39,354 [WARN] ConditionMgr:1039 - genDependencies : Invalid condition id : UX DEVICE CLASS RTOS Condition cause : null
2024-02-07 11:29:39,357 [WARN] ConditionMgr:1039 - genDependencies : Invalid condition id : UX DEVICE CLASS RTOS Condition cause : null
2024-02-07 11:29:39,362 [WARN] ConditionMgr:1039 - genDependencies : Invalid condition id : UX DEVICE CLASS RTOS Condition cause : null
2024-02-07 11:29:39,364 [WARN] ConditionMgr:1039 - genDependencies : Invalid condition id : UX DEVICE CLASS RTOS Condition cause : null
2024-02-07 11:29:39,398 [WARN] PackLoader:240 - Cannot read IP mode file for wolfSSL.I-CUBE-wolfSSL.5.5.4
2024-02-07 11:29:39,419 [WARN] PackLoader:240 - Cannot read IP mode file for STMicroelectronics.X-CUBE-NFC7.1.0.1
2024-02-07 11:29:39,438 [WARN] PackLoader:240 - Cannot read IP mode file for STMicroelectronics.X-CUBE-NFC7.1.0.0
2024-02-07 11:29:39,491 [WARN] PackLoader:240 - Cannot read IP mode file for STMicroelectronics.X-CUBE-NFC6.3.0.0
2024-02-07 11:29:39,520 [WARN] PackLoader:240 - Cannot read IP mode file for STMicroelectronics.X-CUBE-EEPRMA1.4.1.0
2024-02-07 11:29:39,537 [WARN] PackLoader:240 - Cannot read IP mode file for STMicroelectronics.X-CUBE-AI.8.1.0
2024-02-07 11:29:39,638 [WARN] ConditionMgr:438 - getConditionDescription Invalid condition id : LAN8742 Phy interface Condition cause : null
2024-02-07 11:29:39,649 [WARN] PackLoader:240 - Cannot read IP mode file for STMicroelectronics.X-CUBE-AZRTOS-L4.2.0.0
2024-02-07 11:29:39,672 [WARN] ConditionMgr:1039 - genDependencies : Invalid condition id : LAN8742 Phy interface Condition cause : null
2024-02-07 11:29:39,676 [WARN] ConditionMgr:1039 - genDependencies : Invalid condition id : LAN8742 Phy interface Condition cause : null
2024-02-07 11:29:39,679 [WARN] ConditionMgr:1039 - genDependencies : Invalid condition id : LAN8742 Phy interface Condition cause : null
2024-02-07 11:29:39,709 [WARN] PackLoader:240 - Cannot read IP mode file for STMicroelectronics.X-CUBE-SFXS2LP1.4.0.0
2024-02-07 11:29:39,817 [WARN] PackLoader:240 - Cannot read IP mode file for STMicroelectronics.X-CUBE-AZRTOS-H7.3.0.0
2024-02-07 11:29:39,845 [WARN] PackLoader:240 - Cannot read IP mode file for STMicroelectronics.X-CUBE-ISPU.1.1.0
2024-02-07 11:29:39,865 [WARN] PackLoader:240 - Cannot read IP mode file for RoweBots.I-CUBE-UNISONRTOS.5.5.0-4
2024-02-07 11:29:39,874 [WARN] PackLoader:240 - Cannot read IP mode file for STMicroelectronics.X-CUBE-AI.8.0.0
2024-02-07 11:29:39,918 [WARN] ConditionMgr:438 - getConditionDescription Invalid condition id : UX DEVICE CLASS RTOS Condition cause : null
2024-02-07 11:29:39,919 [WARN] ConditionMgr:438 - getConditionDescription Invalid condition id : UX DEVICE CLASS RTOS Condition cause : null
2024-02-07 11:29:39,929 [WARN] PackLoader:240 - Cannot read IP mode file for STMicroelectronics.X-CUBE-AZRTOS-WB.2.0.0
2024-02-07 11:29:39,932 [WARN] ConditionMgr:1039 - genDependencies : Invalid condition id : UX DEVICE CLASS RTOS Condition cause : null
2024-02-07 11:29:39,934 [WARN] ConditionMgr:1039 - genDependencies : Invalid condition id : UX DEVICE CLASS RTOS Condition cause : null
2024-02-07 11:29:39,936 [WARN] ConditionMgr:1039 - genDependencies : Invalid condition id : UX DEVICE CLASS RTOS Condition cause : null
2024-02-07 11:29:39,937 [WARN] ConditionMgr:1039 - genDependencies : Invalid condition id : UX DEVICE CLASS RTOS Condition cause : null
2024-02-07 11:29:39,938 [WARN] ConditionMgr:1039 - genDependencies : Invalid condition id : UX DEVICE CLASS RTOS Condition cause : null
2024-02-07 11:29:39,957 [WARN] PackLoader:240 - Cannot read IP mode file for STMicroelectronics.X-CUBE-FREERTOS.1.0.0
2024-02-07 11:29:39,981 [WARN] PackLoader:240 - Cannot read IP mode file for STMicroelectronics.X-CUBE-FREERTOS.1.0.1
2024-02-07 11:29:40,049 [WARN] PackLoader:240 - Cannot read IP mode file for STMicroelectronics.X-CUBE-AZRTOS-L5.1.1.0
2024-02-07 11:29:40,067 [WARN] PackLoader:240 - Cannot read IP mode file for STMicroelectronics.X-CUBE-AI.8.0.1
2024-02-07 11:29:40,121 [WARN] PackLoader:240 - Cannot read IP mode file for STMicroelectronics.X-CUBE-SUBG2.5.0.0
2024-02-07 11:29:40,162 [WARN] PackLoader:240 - Cannot read IP mode file for STMicroelectronics.X-CUBE-TOF1.3.3.1
2024-02-07 11:29:40,234 [WARN] PackLoader:240 - Cannot read IP mode file for STMicroelectronics.X-CUBE-AZRTOS-G4.2.0.0
2024-02-07 11:29:40,265 [WARN] PackLoader:240 - Cannot read IP mode file for STMicroelectronics.X-CUBE-TOF1.3.3.0
2024-02-07 11:29:40,332 [WARN] PackLoader:240 - Cannot read IP mode file for STMicroelectronics.FP-ATR-ASTRA1.1.1.1
2024-02-07 11:29:40,391 [WARN] PackLoader:240 - Cannot read IP mode file for Infineon.AIROC-Wi-Fi-Bluetooth-STM32.1.5.1
2024-02-07 11:29:40,430 [WARN] PackLoader:240 - Cannot read IP mode file for STMicroelectronics.FP-SNS-MOTENVWB1.1.3.0
2024-02-07 11:29:40,439 [WARN] PackLoader:240 - Cannot read IP mode file for STMicroelectronics.FP-SNS-MOTENVWB1.1.3.1
2024-02-07 11:29:40,474 [WARN] PackLoader:240 - Cannot read IP mode file for STMicroelectronics.X-CUBE-AZRTOS-G4.1.0.0
2024-02-07 11:29:40,531 [WARN] PackLoader:240 - Cannot read IP mode file for STMicroelectronics.X-CUBE-AZRTOS-L4.1.0.0
2024-02-07 11:29:40,547 [WARN] PackLoader:240 - Cannot read IP mode file for STMicroelectronics.X-CUBE-ISPU.2.0.0
2024-02-07 11:29:40,699 [WARN] PackLoader:240 - Cannot read IP mode file for STMicroelectronics.X-CUBE-MEMS1.10.0.0
2024-02-07 11:29:41,045 [WARN] PackLoader:240 - Cannot read IP mode file for STMicroelectronics.X-CUBE-FREERTOS.1.1.0
2024-02-07 11:29:41,069 [WARN] PackLoader:240 - Cannot read IP mode file for STMicroelectronics.X-CUBE-AZRTOS-WL.1.0.0
2024-02-07 11:29:41,084 [WARN] PackLoader:240 - Cannot read IP mode file for portGmbH.I-Cube-SoM-uGOAL.1.1.0
2024-02-07 11:29:41,095 [WARN] PackLoader:240 - Cannot read IP mode file for STMicroelectronics.X-CUBE-ALS.1.0.1
2024-02-07 11:29:41,133 [WARN] PackLoader:240 - Cannot read IP mode file for STMicroelectronics.X-CUBE-AZRTOS-WB.1.1.0
2024-02-07 11:29:41,145 [WARN] PackLoader:240 - Cannot read IP mode file for STMicroelectronics.FP-ATR-ASTRA1.2.0.0
2024-02-07 11:29:41,175 [WARN] PackLoader:240 - Cannot read IP mode file for STMicroelectronics.X-CUBE-TOF1.3.4.0
2024-02-07 11:29:41,261 [WARN] PackLoader:240 - Cannot read IP mode file for STMicroelectronics.X-CUBE-AZRTOS-H7.3.2.0
2024-02-07 11:29:41,269 [INFO] ThirdParty:978 - Integrity check success = true
2024-02-07 11:29:41,270 [INFO] IntegrityCheckThread:100 - exiting critical section [integrity check]
2024-02-07 11:29:41,270 [INFO] IntegrityCheckThread:103 - End integrity checks thread
2024-02-07 12:07:01,379 [ERROR] LogOutputStream:75 - [STDERR_REDIRECT] SLF4J: Failed to load class "org.slf4j.impl.StaticLoggerBinder".
2024-02-07 12:07:01,381 [ERROR] LogOutputStream:75 - [STDERR_REDIRECT] SLF4J: Defaulting to no-operation (NOP) logger implementation
2024-02-07 12:07:01,386 [ERROR] LogOutputStream:75 - [STDERR_REDIRECT] SLF4J: See http://www.slf4j.org/codes.html#StaticLoggerBinder for further details.
2024-02-07 18:01:41,096 [ERROR] LogOutputStream:75 - [STDERR_REDIRECT] 
