2023-10-15 11:46:16,643 [INFO] Activator:176 - 


2023-10-15 11:46:16,656 [INFO] Activator:177 - !SESSION log4j initialized
2023-10-15 11:46:29,408 [INFO] LogOutputStream:77 - [STDOUT_REDIRECT] 
2023-10-15 11:46:36,556 [INFO] ApplicationProperties:184 - Using Application install path: C:\ST\STM32CubeIDE_1.4.0\STM32CubeIDE\plugins\com.st.stm32cube.common.mx_6.9.1.202307191849
2023-10-15 11:46:36,591 [INFO] DbMcusXml:78 - Set database path to: C:\ST\STM32CubeIDE_1.4.0\STM32CubeIDE\plugins\com.st.stm32cube.common.mx_6.9.1.202307191849\\db\/mcu/
2023-10-15 11:46:36,591 [INFO] ApiDb:274 - Set plugin database path to: C:\ST\STM32CubeIDE_1.4.0\STM32CubeIDE\plugins\com.st.stm32cube.common.mx_6.9.1.202307191849\\db\/plugins/boardmanager/
2023-10-15 11:46:36,592 [WARN] ApiDb:259 - Overriding images path with different value:  => C:\ST\STM32CubeIDE_1.4.0\STM32CubeIDE\plugins\com.st.stm32cube.common.mx_6.9.1.202307191849\\db\/plugins/mcufinder/images/
2023-10-15 11:46:36,612 [INFO] ApiDb:250 - Set database path to: C:\Users\Minh\.stmcufinder\plugins\mcufinder//mcu/
2023-10-15 11:46:36,615 [INFO] DbMcusAds:125 - Set database path to: C:\Users\Minh\.stmcufinder\plugins\mcufinder//mcu/
2023-10-15 11:46:36,618 [INFO] CrossReferenceDbSqlite:203 - Set database path to: C:\Users\Minh\.stmcufinder\plugins\mcufinder//mcu/cs/
2023-10-15 11:46:36,886 [INFO] RulesReader:64 - Compatibility file has been processed (293 Rules)
2023-10-15 11:46:37,056 [INFO] DbMcusXml:78 - Set database path to: C:\ST\STM32CubeIDE_1.4.0\STM32CubeIDE\plugins\com.st.stm32cube.common.mx_6.9.1.202307191849\\db\/mcu/
2023-10-15 11:46:37,056 [INFO] ApiDb:274 - Set plugin database path to: C:\ST\STM32CubeIDE_1.4.0\STM32CubeIDE\plugins\com.st.stm32cube.common.mx_6.9.1.202307191849\\db\/plugins/boardmanager/
2023-10-15 11:46:37,057 [INFO] ApiDb:261 - Set plugin images path to: C:\ST\STM32CubeIDE_1.4.0\STM32CubeIDE\plugins\com.st.stm32cube.common.mx_6.9.1.202307191849\\db\/plugins/mcufinder/images/
2023-10-15 11:46:37,057 [WARN] DbFile:41 - Overriding database path with different value: C:\Users\Minh\.stmcufinder\plugins\mcufinder/ => C:\Users\Minh\.stmcufinder\plugins\mcufinder
2023-10-15 11:46:37,057 [INFO] ApiDb:250 - Set database path to: C:\Users\Minh\.stmcufinder\plugins\mcufinder//mcu/
2023-10-15 11:46:37,057 [WARN] DbFile:41 - Overriding database path with different value: C:\Users\Minh\.stmcufinder\plugins\mcufinder/ => C:\Users\Minh\.stmcufinder\plugins\mcufinder
2023-10-15 11:46:37,057 [INFO] DbMcusAds:125 - Set database path to: C:\Users\Minh\.stmcufinder\plugins\mcufinder//mcu/
2023-10-15 11:46:37,057 [WARN] DbFile:41 - Overriding database path with different value: C:\Users\Minh\.stmcufinder\plugins\mcufinder/ => C:\Users\Minh\.stmcufinder\plugins\mcufinder
2023-10-15 11:46:37,058 [WARN] DbFile:41 - Overriding database path with different value: C:\Users\Minh\.stmcufinder\plugins\mcufinder/ => C:\Users\Minh\.stmcufinder\plugins\mcufinder
2023-10-15 11:46:37,058 [INFO] CrossReferenceDbSqlite:203 - Set database path to: C:\Users\Minh\.stmcufinder\plugins\mcufinder//mcu/cs/
2023-10-15 11:46:37,210 [INFO] MainPanel:262 - HeapMemory: 268435456
2023-10-15 11:46:37,364 [INFO] DbMcusXml:78 - Set database path to: C:\ST\STM32CubeIDE_1.4.0\STM32CubeIDE\plugins\com.st.stm32cube.common.mx_6.9.1.202307191849\\db\/mcu/
2023-10-15 11:46:37,364 [INFO] ApiDb:274 - Set plugin database path to: C:\ST\STM32CubeIDE_1.4.0\STM32CubeIDE\plugins\com.st.stm32cube.common.mx_6.9.1.202307191849\\db\/plugins/boardmanager/
2023-10-15 11:46:37,364 [INFO] ApiDb:261 - Set plugin images path to: C:\ST\STM32CubeIDE_1.4.0\STM32CubeIDE\plugins\com.st.stm32cube.common.mx_6.9.1.202307191849\\db\/plugins/mcufinder/images/
2023-10-15 11:46:37,365 [WARN] DbFile:41 - Overriding database path with different value: C:\Users\Minh\.stmcufinder\plugins\mcufinder/ => C:\Users\Minh\.stmcufinder\plugins\mcufinder
2023-10-15 11:46:37,365 [INFO] ApiDb:250 - Set database path to: C:\Users\Minh\.stmcufinder\plugins\mcufinder//mcu/
2023-10-15 11:46:37,366 [WARN] DbFile:41 - Overriding database path with different value: C:\Users\Minh\.stmcufinder\plugins\mcufinder/ => C:\Users\Minh\.stmcufinder\plugins\mcufinder
2023-10-15 11:46:37,366 [INFO] DbMcusAds:125 - Set database path to: C:\Users\Minh\.stmcufinder\plugins\mcufinder//mcu/
2023-10-15 11:46:37,366 [WARN] DbFile:41 - Overriding database path with different value: C:\Users\Minh\.stmcufinder\plugins\mcufinder/ => C:\Users\Minh\.stmcufinder\plugins\mcufinder
2023-10-15 11:46:37,366 [WARN] DbFile:41 - Overriding database path with different value: C:\Users\Minh\.stmcufinder\plugins\mcufinder/ => C:\Users\Minh\.stmcufinder\plugins\mcufinder
2023-10-15 11:46:37,366 [INFO] CrossReferenceDbSqlite:203 - Set database path to: C:\Users\Minh\.stmcufinder\plugins\mcufinder//mcu/cs/
2023-10-15 11:46:37,401 [INFO] ApplicationProperties:184 - Using Application install path: C:\ST\STM32CubeIDE_1.4.0\STM32CubeIDE\plugins\com.st.stm32cube.common.mx_6.9.1.202307191849
2023-10-15 11:46:37,404 [INFO] PluginManage:196 - Search for loadable plugins [exclusion list=, ]
2023-10-15 11:46:37,407 [INFO] PluginManage:310 - Check plugin analytics
2023-10-15 11:46:42,250 [INFO] AnalyticsPlugin:253 - Accepted Software Licenses: STM32CubeMX.6.0.0,STM32CubeMX.5.2.0
2023-10-15 11:46:42,251 [INFO] AnalyticsPlugin:255 - Accepted CMSIS Pack Licenses: 
2023-10-15 11:46:42,251 [INFO] AnalyticsPlugin:257 - Accepted Firmware Licenses: 
2023-10-15 11:46:42,256 [INFO] PluginManage:359 - Loaded plugin analytics (category:tool,tabindex:-1)
2023-10-15 11:46:42,256 [INFO] PluginManage:310 - Check plugin cadmodel
2023-10-15 11:46:42,286 [INFO] CADModel:105 - Init CAD model plugin
2023-10-15 11:46:42,287 [INFO] PluginManage:359 - Loaded plugin cadmodel (category:power,tabindex:5)
2023-10-15 11:46:42,287 [INFO] PluginManage:310 - Check plugin clock
2023-10-15 11:46:42,327 [INFO] PluginManage:359 - Loaded plugin clock (category:base,tabindex:2)
2023-10-15 11:46:42,327 [INFO] PluginManage:310 - Check plugin ddr
2023-10-15 11:46:42,331 [INFO] PluginManage:359 - Loaded plugin ddr (category:tool,tabindex:6)
2023-10-15 11:46:42,332 [INFO] PluginManage:310 - Check plugin filemanager
2023-10-15 11:46:42,555 [INFO] PluginManage:359 - Loaded plugin filemanager (category:base,tabindex:10)
2023-10-15 11:46:42,555 [INFO] PluginManage:310 - Check plugin ipmanager
2023-10-15 11:46:42,569 [INFO] PluginManage:359 - Loaded plugin ipmanager (category:base,tabindex:5)
2023-10-15 11:46:42,570 [INFO] PluginManage:310 - Check plugin lpbam
2023-10-15 11:46:42,598 [INFO] PluginManage:359 - Loaded plugin lpbam (category:base,tabindex:0)
2023-10-15 11:46:42,598 [INFO] PluginManage:310 - Check plugin memorymap
2023-10-15 11:46:42,636 [INFO] PluginManage:359 - Loaded plugin memorymap (category:base,tabindex:4)
2023-10-15 11:46:42,636 [INFO] PluginManage:310 - Check plugin pinoutandconfiguration
2023-10-15 11:46:42,672 [INFO] PluginManage:359 - Loaded plugin pinoutandconfiguration (category:base,tabindex:1)
2023-10-15 11:46:42,672 [INFO] PluginManage:310 - Check plugin pinoutconfig
2023-10-15 11:46:42,835 [WARN] SupportedApi:132 - Cannot load RTOS API schema: s4s-elt-must-match.1: The content of 'definitions' must match (annotation?, (simpleType | complexType)?, (unique | key | keyref)*)). A problem was found starting at: attribute.
2023-10-15 11:46:43,063 [INFO] PluginManage:359 - Loaded plugin pinoutconfig (category:base,tabindex:0)
2023-10-15 11:46:43,064 [INFO] PluginManage:310 - Check plugin power
2023-10-15 11:46:43,103 [INFO] PluginManage:359 - Loaded plugin power (category:power,tabindex:4)
2023-10-15 11:46:43,104 [INFO] PluginManage:310 - Check plugin projectmanager
2023-10-15 11:46:43,125 [INFO] PluginManage:359 - Loaded plugin projectmanager (category:projectmanager,tabindex:3)
2023-10-15 11:46:43,125 [INFO] PluginManage:310 - Check plugin thirdparty
2023-10-15 11:46:43,623 [INFO] PluginManage:359 - Loaded plugin thirdparty (category:base,tabindex:-1)
2023-10-15 11:46:43,624 [INFO] PluginManage:310 - Check plugin tools
2023-10-15 11:46:43,623 [WARN] IntegrityCheckThread:84 - waiting for thirdparty lock release [integrity check]
2023-10-15 11:46:43,624 [INFO] IntegrityCheckThread:86 - entering critical section [integrity check]
2023-10-15 11:46:43,625 [INFO] ThirdPartyUpdaterWithRetryManager:70 - Updater plugin not ready yet. [1/15]
2023-10-15 11:46:43,694 [INFO] PluginManage:359 - Loaded plugin tools (category:base,tabindex:7)
2023-10-15 11:46:43,694 [INFO] PluginManage:310 - Check plugin tutovideos
2023-10-15 11:46:44,065 [INFO] PluginManage:359 - Loaded plugin tutovideos (category:base,tabindex:-1)
2023-10-15 11:46:44,065 [INFO] PluginManage:310 - Check plugin updater
2023-10-15 11:46:44,088 [INFO] PluginManage:359 - Loaded plugin updater (category:base,tabindex:12)
2023-10-15 11:46:44,089 [INFO] PluginManage:310 - Check plugin userauth
2023-10-15 11:46:44,098 [INFO] UserAuth:113 - Init User Auth plugin
2023-10-15 11:46:44,098 [INFO] PluginManage:359 - Loaded plugin userauth (category:base,tabindex:14)
2023-10-15 11:46:44,099 [INFO] PluginManage:283 - PluginManage : Loaded plugins [17]
2023-10-15 11:46:44,695 [INFO] PinOutPanel:1499 - setPackage(No Configuration,No Configuration)
2023-10-15 11:46:44,947 [INFO] CADModel:165 - CPN selected for project level
2023-10-15 11:46:44,947 [INFO] CADModel:114 - Register for checkConnection events
2023-10-15 11:46:45,009 [INFO] IPUIPlugin:80 - create IPUIPlugin
2023-10-15 11:46:45,009 [INFO] PluginManager:220 - loadIPPluginJar : add adc
2023-10-15 11:46:45,125 [INFO] IPUIPlugin:80 - create IPUIPlugin
2023-10-15 11:46:45,126 [INFO] PluginManager:220 - loadIPPluginJar : add aes
2023-10-15 11:46:45,225 [INFO] IPUIPlugin:80 - create IPUIPlugin
2023-10-15 11:46:45,225 [INFO] PluginManager:220 - loadIPPluginJar : add can
2023-10-15 11:46:45,273 [INFO] IPUIPlugin:80 - create IPUIPlugin
2023-10-15 11:46:45,273 [INFO] PluginManager:220 - loadIPPluginJar : add comp
2023-10-15 11:46:45,344 [INFO] IPUIPlugin:80 - create IPUIPlugin
2023-10-15 11:46:45,345 [INFO] PluginManager:220 - loadIPPluginJar : add cryp
2023-10-15 11:46:45,415 [INFO] IPUIPlugin:80 - create IPUIPlugin
2023-10-15 11:46:45,415 [INFO] PluginManager:220 - loadIPPluginJar : add dfsdm
2023-10-15 11:46:45,442 [INFO] IPUIPlugin:80 - create IPUIPlugin
2023-10-15 11:46:45,443 [INFO] PluginManager:220 - loadIPPluginJar : add dma
2023-10-15 11:46:45,536 [INFO] IPUIPlugin:80 - create IPUIPlugin
2023-10-15 11:46:45,537 [INFO] PluginManager:220 - loadIPPluginJar : add dma3
2023-10-15 11:46:45,584 [INFO] IPUIPlugin:80 - create IPUIPlugin
2023-10-15 11:46:45,585 [INFO] PluginManager:220 - loadIPPluginJar : add fatfs
2023-10-15 11:46:45,680 [INFO] IPUIPlugin:80 - create IPUIPlugin
2023-10-15 11:46:45,680 [INFO] PluginManager:220 - loadIPPluginJar : add fmc
2023-10-15 11:46:45,711 [INFO] IPUIPlugin:80 - create IPUIPlugin
2023-10-15 11:46:45,711 [INFO] PluginManager:220 - loadIPPluginJar : add freertos
2023-10-15 11:46:45,754 [INFO] IPUIPlugin:80 - create IPUIPlugin
2023-10-15 11:46:45,754 [INFO] PluginManager:220 - loadIPPluginJar : add genericplugin
2023-10-15 11:46:45,955 [INFO] IPUIPlugin:80 - create IPUIPlugin
2023-10-15 11:46:45,955 [INFO] PluginManager:220 - loadIPPluginJar : add gfxmmu
2023-10-15 11:46:46,246 [INFO] IPUIPlugin:80 - create IPUIPlugin
2023-10-15 11:46:46,246 [INFO] PluginManager:220 - loadIPPluginJar : add gic
2023-10-15 11:46:46,278 [INFO] IPUIPlugin:80 - create IPUIPlugin
2023-10-15 11:46:46,278 [INFO] PluginManager:220 - loadIPPluginJar : add gpio
2023-10-15 11:46:46,521 [INFO] IPUIPlugin:80 - create IPUIPlugin
2023-10-15 11:46:46,521 [INFO] PluginManager:220 - loadIPPluginJar : add gtzc
2023-10-15 11:46:46,596 [INFO] IPUIPlugin:80 - create IPUIPlugin
2023-10-15 11:46:46,596 [INFO] PluginManager:220 - loadIPPluginJar : add hash
2023-10-15 11:46:46,627 [INFO] ThirdPartyUpdaterWithRetryManager:70 - Updater plugin not ready yet. [2/15]
2023-10-15 11:46:46,714 [INFO] IPUIPlugin:80 - create IPUIPlugin
2023-10-15 11:46:46,714 [INFO] PluginManager:220 - loadIPPluginJar : add i2c
2023-10-15 11:46:46,801 [INFO] IPUIPlugin:80 - create IPUIPlugin
2023-10-15 11:46:46,802 [INFO] PluginManager:220 - loadIPPluginJar : add i2s
2023-10-15 11:46:46,892 [INFO] IPUIPlugin:80 - create IPUIPlugin
2023-10-15 11:46:46,892 [INFO] PluginManager:220 - loadIPPluginJar : add i3c
2023-10-15 11:46:47,118 [INFO] IPUIPlugin:80 - create IPUIPlugin
2023-10-15 11:46:47,119 [INFO] PluginManager:220 - loadIPPluginJar : add ipddr
2023-10-15 11:46:47,342 [INFO] IPUIPlugin:80 - create IPUIPlugin
2023-10-15 11:46:47,342 [INFO] PluginManager:220 - loadIPPluginJar : add linkedlist
2023-10-15 11:46:47,418 [INFO] IPUIPlugin:80 - create IPUIPlugin
2023-10-15 11:46:47,419 [INFO] PluginManager:220 - loadIPPluginJar : add lorawan
2023-10-15 11:46:47,497 [INFO] IPUIPlugin:80 - create IPUIPlugin
2023-10-15 11:46:47,498 [INFO] PluginManager:220 - loadIPPluginJar : add ltdc
2023-10-15 11:46:47,526 [INFO] IPUIPlugin:80 - create IPUIPlugin
2023-10-15 11:46:47,526 [INFO] PluginManager:220 - loadIPPluginJar : add mdma
2023-10-15 11:46:47,550 [INFO] IPUIPlugin:80 - create IPUIPlugin
2023-10-15 11:46:47,551 [INFO] PluginManager:220 - loadIPPluginJar : add nvic
2023-10-15 11:46:47,635 [INFO] IPUIPlugin:80 - create IPUIPlugin
2023-10-15 11:46:47,635 [INFO] PluginManager:220 - loadIPPluginJar : add opamp
2023-10-15 11:46:47,753 [INFO] IPUIPlugin:80 - create IPUIPlugin
2023-10-15 11:46:47,754 [INFO] PluginManager:220 - loadIPPluginJar : add openamp
2023-10-15 11:46:47,845 [INFO] IPUIPlugin:80 - create IPUIPlugin
2023-10-15 11:46:47,845 [INFO] PluginManager:220 - loadIPPluginJar : add pdm2pcm
2023-10-15 11:46:47,872 [INFO] IPUIPlugin:80 - create IPUIPlugin
2023-10-15 11:46:47,876 [INFO] PluginManager:220 - loadIPPluginJar : add plateformsettings
2023-10-15 11:46:47,925 [INFO] IPUIPlugin:80 - create IPUIPlugin
2023-10-15 11:46:47,925 [INFO] PluginManager:220 - loadIPPluginJar : add quadspi
2023-10-15 11:46:47,946 [INFO] IPUIPlugin:80 - create IPUIPlugin
2023-10-15 11:46:47,946 [INFO] PluginManager:220 - loadIPPluginJar : add resmgrutility
2023-10-15 11:46:48,054 [INFO] IPUIPlugin:80 - create IPUIPlugin
2023-10-15 11:46:48,054 [INFO] PluginManager:220 - loadIPPluginJar : add sai
2023-10-15 11:46:48,138 [INFO] IPUIPlugin:80 - create IPUIPlugin
2023-10-15 11:46:48,139 [INFO] PluginManager:220 - loadIPPluginJar : add spi
2023-10-15 11:46:48,266 [INFO] IPUIPlugin:80 - create IPUIPlugin
2023-10-15 11:46:48,266 [INFO] PluginManager:220 - loadIPPluginJar : add stm32_wpan
2023-10-15 11:46:48,321 [INFO] IPUIPlugin:80 - create IPUIPlugin
2023-10-15 11:46:48,321 [INFO] PluginManager:220 - loadIPPluginJar : add tim
2023-10-15 11:46:48,443 [INFO] IPUIPlugin:80 - create IPUIPlugin
2023-10-15 11:46:48,444 [INFO] PluginManager:220 - loadIPPluginJar : add touchsensing
2023-10-15 11:46:48,494 [INFO] IPUIPlugin:80 - create IPUIPlugin
2023-10-15 11:46:48,494 [INFO] PluginManager:220 - loadIPPluginJar : add tracer_emb
2023-10-15 11:46:48,538 [INFO] IPUIPlugin:80 - create IPUIPlugin
2023-10-15 11:46:48,538 [INFO] PluginManager:220 - loadIPPluginJar : add ts
2023-10-15 11:46:48,584 [INFO] IPUIPlugin:80 - create IPUIPlugin
2023-10-15 11:46:48,584 [INFO] PluginManager:220 - loadIPPluginJar : add tsc
2023-10-15 11:46:48,627 [INFO] IPUIPlugin:80 - create IPUIPlugin
2023-10-15 11:46:48,628 [INFO] PluginManager:220 - loadIPPluginJar : add ucpd
2023-10-15 11:46:48,709 [INFO] IPUIPlugin:80 - create IPUIPlugin
2023-10-15 11:46:48,709 [INFO] PluginManager:220 - loadIPPluginJar : add usart
2023-10-15 11:46:48,791 [INFO] IPUIPlugin:80 - create IPUIPlugin
2023-10-15 11:46:48,792 [INFO] PluginManager:220 - loadIPPluginJar : add usbx
2023-10-15 11:46:48,970 [INFO] CADModel:165 - CPN selected for project level
2023-10-15 11:46:48,970 [INFO] CADModel:114 - Register for checkConnection events
2023-10-15 11:46:48,970 [FATAL] Updater:308 - Updater called before beeing initialized
2023-10-15 11:46:48,970 [ERROR] CADModel:125 - Updater not yet initialized, retry later 
2023-10-15 11:46:49,274 [INFO] CADModel:165 - CPN selected for project level
2023-10-15 11:46:49,274 [INFO] CADModel:114 - Register for checkConnection events
2023-10-15 11:46:49,274 [FATAL] Updater:308 - Updater called before beeing initialized
2023-10-15 11:46:49,274 [ERROR] CADModel:125 - Updater not yet initialized, retry later 
2023-10-15 11:46:49,282 [FATAL] Updater:308 - Updater called before beeing initialized
2023-10-15 11:46:49,517 [FATAL] Updater:308 - Updater called before beeing initialized
2023-10-15 11:46:49,532 [INFO] DbMcusAds:53 - JSON generation date=Tue Mar 07 17:50:55 JST 2023 (1678179055114)
2023-10-15 11:46:49,532 [FATAL] Updater:308 - Updater called before beeing initialized
2023-10-15 11:46:49,631 [INFO] ThirdPartyUpdaterWithRetryManager:70 - Updater plugin not ready yet. [3/15]
2023-10-15 11:46:49,705 [WARN] DetailPanel:346 - Failed to get advertising image, set to default
2023-10-15 11:46:49,918 [FATAL] Updater:308 - Updater called before beeing initialized
2023-10-15 11:46:49,922 [FATAL] Updater:308 - Updater called before beeing initialized
2023-10-15 11:46:49,922 [FATAL] Updater:308 - Updater called before beeing initialized
2023-10-15 11:46:49,923 [WARN] DetailPanel:346 - Failed to get advertising image, set to default
2023-10-15 11:46:49,924 [FATAL] Updater:308 - Updater called before beeing initialized
2023-10-15 11:46:50,097 [ERROR] Updater:1120 - MainUpdater not yet initialized. External WinMGr cannot be set.
2023-10-15 11:46:50,118 [INFO] Updater:1056 - Updater Version found : 6.9.1
2023-10-15 11:46:50,155 [INFO] ApplicationProperties:184 - Using Application install path: C:\ST\STM32CubeIDE_1.4.0\STM32CubeIDE\plugins\com.st.stm32cube.common.mx_6.9.1.202307191849
2023-10-15 11:46:50,563 [INFO] MainUpdater:2868 - connection check result : 10
2023-10-15 11:46:50,565 [INFO] MainUpdater:285 - Updater Check For Update Now.
2023-10-15 11:46:50,565 [INFO] MicroXplorer:498 - Change Database Version : DB.6.0.91
2023-10-15 11:46:50,596 [INFO] McuFinderGlobals:63 - Set McuFinder mode to 2 (CubeIDE integrated)
2023-10-15 11:46:50,597 [INFO] UserAuth:179 - activating auth plugin
2023-10-15 11:46:50,602 [INFO] UserAuth:393 - Internet connection configuration mode: 1
2023-10-15 11:46:50,639 [INFO] JxBrowserEngine:151 - Initiate JxBrowser Engine with user profile folder
2023-10-15 11:46:50,847 [INFO] CheckServerUpdateThread:120 - End of CheckServer Thread
2023-10-15 11:46:52,403 [INFO] WebApp:157 - Instantiating new browser for Auth
2023-10-15 11:46:53,099 [WARN] PackLoader:240 - Cannot read IP mode file for STMicroelectronics.X-CUBE-SMBUS.2.1.0
2023-10-15 11:46:53,186 [WARN] PackLoader:240 - Cannot read IP mode file for STMicroelectronics.X-CUBE-AZRTOS-F7.1.1.0
2023-10-15 11:46:53,206 [ERROR] RealEvaluatedCondition:428 - Found unsupported composite condition: CLASS='Data Exchange' GROUP='STM32_MetaDataManager'
2023-10-15 11:46:53,206 [ERROR] RealEvaluatedCondition:428 - Found unsupported composite condition: GROUP='STM32_MetaDataManager' CLASS='Data Exchange'
2023-10-15 11:46:53,210 [WARN] PackLoader:240 - Cannot read IP mode file for STMicroelectronics.FP-SNS-MOTENV1.4.3.0
2023-10-15 11:46:53,229 [WARN] PackLoader:240 - Cannot read IP mode file for STMicroelectronics.FP-SNS-MOTENV1.4.3.2
2023-10-15 11:46:53,245 [WARN] PackLoader:240 - Cannot read IP mode file for STMicroelectronics.FP-SNS-FLIGHT1.5.0.0
2023-10-15 11:46:53,254 [ERROR] RealEvaluatedCondition:428 - Found unsupported composite condition: CLASS='Data Exchange' GROUP='STM32_MetaDataManager'
2023-10-15 11:46:53,254 [ERROR] RealEvaluatedCondition:428 - Found unsupported composite condition: CLASS='Data Exchange' GROUP='STM32_MetaDataManager'
2023-10-15 11:46:53,259 [WARN] PackLoader:240 - Cannot read IP mode file for STMicroelectronics.FP-SNS-MOTENV1.4.3.1
2023-10-15 11:46:53,276 [WARN] PackLoader:240 - Cannot read IP mode file for STMicroelectronics.FP-SNS-FLIGHT1.5.0.1
2023-10-15 11:46:53,298 [WARN] PackLoader:240 - Cannot read IP mode file for STMicroelectronics.X-CUBE-BLE1.6.2.4
2023-10-15 11:46:53,310 [WARN] PackLoader:240 - Cannot read IP mode file for STMicroelectronics.FP-SNS-FLIGHT1.5.0.2
2023-10-15 11:46:53,330 [WARN] PackLoader:240 - Cannot read IP mode file for STMicroelectronics.X-CUBE-DISPLAY.3.0.0
2023-10-15 11:46:53,353 [WARN] PackLoader:240 - Cannot read IP mode file for STMicroelectronics.X-CUBE-BLE1.7.0.0
2023-10-15 11:46:53,365 [WARN] PackLoader:240 - Cannot read IP mode file for STMicroelectronics.X-CUBE-TOUCHGFX.4.22.0
2023-10-15 11:46:53,372 [WARN] PackLoader:240 - Cannot read IP mode file for STMicroelectronics.X-CUBE-TOUCHGFX.4.22.1
2023-10-15 11:46:53,383 [WARN] PackLoader:240 - Cannot read IP mode file for STMicroelectronics.FP-SNS-SMARTAG2.1.2.0
2023-10-15 11:46:53,412 [INFO] LogOutputStream:77 - [STDOUT_REDIRECT] 1 : Invalid condition id : UX_CORESTACK_Condition cause : null
2023-10-15 11:46:53,414 [INFO] LogOutputStream:77 - [STDOUT_REDIRECT] 1 : Invalid condition id : UX_CORESTACK_Condition cause : null
2023-10-15 11:46:53,418 [INFO] LogOutputStream:77 - [STDOUT_REDIRECT] 1 : Invalid condition id : UX_CORESTACK_Condition cause : null
2023-10-15 11:46:53,422 [INFO] LogOutputStream:77 - [STDOUT_REDIRECT] 1 : Invalid condition id : UX_CORESTACK_Condition cause : null
2023-10-15 11:46:53,427 [INFO] LogOutputStream:77 - [STDOUT_REDIRECT] 1 : Invalid condition id : UX_CORESTACK_Condition cause : null
2023-10-15 11:46:53,436 [WARN] PackLoader:240 - Cannot read IP mode file for STMicroelectronics.X-CUBE-AZRTOS-WL.2.0.0
2023-10-15 11:46:53,461 [WARN] PackLoader:240 - Cannot read IP mode file for WES.I-CUBE-Cesium.1.3.0
2023-10-15 11:46:53,478 [WARN] PackLoader:240 - Cannot read IP mode file for STMicroelectronics.X-CUBE-BLE2.3.3.0
2023-10-15 11:46:53,512 [WARN] PackLoader:240 - Cannot read IP mode file for STMicroelectronics.X-CUBE-TOF1.3.2.0
2023-10-15 11:46:53,576 [WARN] PackLoader:240 - Cannot read IP mode file for STMicroelectronics.X-CUBE-TOUCHGFX.4.21.1
2023-10-15 11:46:53,585 [WARN] PackLoader:240 - Cannot read IP mode file for STMicroelectronics.X-CUBE-TOUCHGFX.4.21.3
2023-10-15 11:46:53,593 [WARN] PackLoader:240 - Cannot read IP mode file for STMicroelectronics.X-CUBE-TOUCHGFX.4.21.4
2023-10-15 11:46:53,606 [WARN] PackLoader:240 - Cannot read IP mode file for STMicroelectronics.X-CUBE-ALGOBUILD.1.3.0
2023-10-15 11:46:53,651 [WARN] PackLoader:240 - Cannot read IP mode file for STMicroelectronics.X-CUBE-AZRTOS-G0.1.1.0
2023-10-15 11:46:53,669 [WARN] PackLoader:240 - Cannot read IP mode file for STMicroelectronics.X-CUBE-NFC4.3.0.0
2023-10-15 11:46:53,683 [WARN] PackLoader:240 - Cannot read IP mode file for STMicroelectronics.FP-ATR-SIGFOX1.3.2.0
2023-10-15 11:46:53,805 [WARN] PackLoader:240 - Cannot read IP mode file for STMicroelectronics.X-CUBE-MEMS1.9.5.0
2023-10-15 11:46:54,345 [WARN] PackLoader:240 - Cannot read IP mode file for SEGGER.I-CUBE-embOS.1.3.1
2023-10-15 11:46:54,476 [WARN] PackLoader:240 - Cannot read IP mode file for STMicroelectronics.X-CUBE-GNSS1.6.0.0
2023-10-15 11:46:54,530 [WARN] PackLoader:240 - Cannot read IP mode file for STMicroelectronics.X-CUBE-AZRTOS-F4.1.1.0
2023-10-15 11:46:54,575 [WARN] PackLoader:240 - Cannot read IP mode file for STMicroelectronics.X-CUBE-AZRTOS-L5.2.0.0
2023-10-15 11:46:54,681 [WARN] PackLoader:240 - Cannot read IP mode file for STMicroelectronics.X-CUBE-MEMS1.9.6.0
2023-10-15 11:46:54,880 [INFO] WebApp:753 - Register for checkConnection events
2023-10-15 11:46:54,881 [INFO] WebApp:390 - Apply proxy settings
2023-10-15 11:46:54,881 [INFO] WebApp:475 - Chromium requires no authentication
2023-10-15 11:46:54,903 [INFO] WebApp:418 - Direct internet connection detected
2023-10-15 11:46:55,057 [WARN] PackLoader:240 - Cannot read IP mode file for ITTIA_DB.I-CUBE-ITTIADB.8.8.0
2023-10-15 11:46:55,071 [WARN] PackLoader:240 - Cannot read IP mode file for emotas.I-CUBE-CANOPEN.1.1.3
2023-10-15 11:46:55,095 [WARN] PackLoader:240 - Cannot read IP mode file for STMicroelectronics.X-CUBE-BLEMGR.2.0.0
2023-10-15 11:46:55,133 [WARN] ConditionMgr:438 - getConditionDescription Invalid condition id : UX DEVICE CLASS RTOS Condition cause : null
2023-10-15 11:46:55,134 [WARN] ConditionMgr:438 - getConditionDescription Invalid condition id : UX DEVICE CLASS RTOS Condition cause : null
2023-10-15 11:46:55,141 [WARN] PackLoader:240 - Cannot read IP mode file for STMicroelectronics.X-CUBE-AZRTOS-H7.3.1.0
2023-10-15 11:46:55,143 [WARN] ConditionMgr:1039 - genDependencies : Invalid condition id : UX DEVICE CLASS RTOS Condition cause : null
2023-10-15 11:46:55,143 [WARN] ConditionMgr:1039 - genDependencies : Invalid condition id : UX DEVICE CLASS RTOS Condition cause : null
2023-10-15 11:46:55,145 [WARN] ConditionMgr:1039 - genDependencies : Invalid condition id : UX DEVICE CLASS RTOS Condition cause : null
2023-10-15 11:46:55,145 [WARN] ConditionMgr:1039 - genDependencies : Invalid condition id : UX DEVICE CLASS RTOS Condition cause : null
2023-10-15 11:46:55,146 [WARN] ConditionMgr:1039 - genDependencies : Invalid condition id : UX DEVICE CLASS RTOS Condition cause : null
2023-10-15 11:46:55,157 [WARN] PackLoader:240 - Cannot read IP mode file for wolfSSL.I-CUBE-wolfSSL.5.5.4
2023-10-15 11:46:55,167 [WARN] PackLoader:240 - Cannot read IP mode file for STMicroelectronics.X-CUBE-NFC7.1.0.1
2023-10-15 11:46:55,177 [WARN] PackLoader:240 - Cannot read IP mode file for STMicroelectronics.X-CUBE-NFC7.1.0.0
2023-10-15 11:46:55,193 [WARN] PackLoader:240 - Cannot read IP mode file for STMicroelectronics.X-CUBE-NFC6.3.0.0
2023-10-15 11:46:55,208 [WARN] PackLoader:240 - Cannot read IP mode file for STMicroelectronics.X-CUBE-EEPRMA1.4.1.0
2023-10-15 11:46:55,218 [WARN] PackLoader:240 - Cannot read IP mode file for STMicroelectronics.X-CUBE-AI.8.1.0
2023-10-15 11:46:55,257 [WARN] ConditionMgr:438 - getConditionDescription Invalid condition id : LAN8742 Phy interface Condition cause : null
2023-10-15 11:46:55,258 [WARN] PackLoader:240 - Cannot read IP mode file for STMicroelectronics.X-CUBE-AZRTOS-L4.2.0.0
2023-10-15 11:46:55,261 [WARN] ConditionMgr:1039 - genDependencies : Invalid condition id : LAN8742 Phy interface Condition cause : null
2023-10-15 11:46:55,262 [WARN] ConditionMgr:1039 - genDependencies : Invalid condition id : LAN8742 Phy interface Condition cause : null
2023-10-15 11:46:55,263 [WARN] ConditionMgr:1039 - genDependencies : Invalid condition id : LAN8742 Phy interface Condition cause : null
2023-10-15 11:46:55,279 [WARN] PackLoader:240 - Cannot read IP mode file for STMicroelectronics.X-CUBE-SFXS2LP1.4.0.0
2023-10-15 11:46:55,319 [WARN] PackLoader:240 - Cannot read IP mode file for STMicroelectronics.X-CUBE-AZRTOS-H7.3.0.0
2023-10-15 11:46:55,334 [WARN] PackLoader:240 - Cannot read IP mode file for STMicroelectronics.X-CUBE-ISPU.1.1.0
2023-10-15 11:46:55,349 [WARN] PackLoader:240 - Cannot read IP mode file for RoweBots.I-CUBE-UNISONRTOS.5.5.0-4
2023-10-15 11:46:55,357 [WARN] PackLoader:240 - Cannot read IP mode file for STMicroelectronics.X-CUBE-AI.8.0.0
2023-10-15 11:46:55,381 [WARN] ConditionMgr:438 - getConditionDescription Invalid condition id : UX DEVICE CLASS RTOS Condition cause : null
2023-10-15 11:46:55,382 [WARN] ConditionMgr:438 - getConditionDescription Invalid condition id : UX DEVICE CLASS RTOS Condition cause : null
2023-10-15 11:46:55,387 [WARN] PackLoader:240 - Cannot read IP mode file for STMicroelectronics.X-CUBE-AZRTOS-WB.2.0.0
2023-10-15 11:46:55,389 [WARN] ConditionMgr:1039 - genDependencies : Invalid condition id : UX DEVICE CLASS RTOS Condition cause : null
2023-10-15 11:46:55,389 [WARN] ConditionMgr:1039 - genDependencies : Invalid condition id : UX DEVICE CLASS RTOS Condition cause : null
2023-10-15 11:46:55,390 [WARN] ConditionMgr:1039 - genDependencies : Invalid condition id : UX DEVICE CLASS RTOS Condition cause : null
2023-10-15 11:46:55,391 [WARN] ConditionMgr:1039 - genDependencies : Invalid condition id : UX DEVICE CLASS RTOS Condition cause : null
2023-10-15 11:46:55,391 [WARN] ConditionMgr:1039 - genDependencies : Invalid condition id : UX DEVICE CLASS RTOS Condition cause : null
2023-10-15 11:46:55,403 [WARN] PackLoader:240 - Cannot read IP mode file for STMicroelectronics.X-CUBE-FREERTOS.1.0.0
2023-10-15 11:46:55,413 [WARN] PackLoader:240 - Cannot read IP mode file for STMicroelectronics.X-CUBE-FREERTOS.1.0.1
2023-10-15 11:46:55,434 [INFO] WebApp:188 - Starting web application
2023-10-15 11:46:55,434 [INFO] WebApp:520 - Web application path used C:\ST\STM32CubeIDE_1.4.0\STM32CubeIDE\plugins\com.st.stm32cube.common.mx_6.9.1.202307191849\db\plugins\mcufinder\reactClient1\index.html
2023-10-15 11:46:55,441 [WARN] PackLoader:240 - Cannot read IP mode file for STMicroelectronics.X-CUBE-AZRTOS-L5.1.1.0
2023-10-15 11:46:55,453 [WARN] PackLoader:240 - Cannot read IP mode file for STMicroelectronics.X-CUBE-AI.8.0.1
2023-10-15 11:46:55,475 [WARN] PackLoader:240 - Cannot read IP mode file for STMicroelectronics.X-CUBE-SUBG2.5.0.0
2023-10-15 11:46:55,502 [WARN] PackLoader:240 - Cannot read IP mode file for STMicroelectronics.X-CUBE-TOF1.3.3.1
2023-10-15 11:46:55,555 [WARN] PackLoader:240 - Cannot read IP mode file for STMicroelectronics.X-CUBE-AZRTOS-G4.2.0.0
2023-10-15 11:46:55,577 [WARN] PackLoader:240 - Cannot read IP mode file for STMicroelectronics.X-CUBE-TOF1.3.3.0
2023-10-15 11:46:55,604 [WARN] PackLoader:240 - Cannot read IP mode file for STMicroelectronics.FP-ATR-ASTRA1.1.1.1
2023-10-15 11:46:55,637 [WARN] PackLoader:240 - Cannot read IP mode file for Infineon.AIROC-Wi-Fi-Bluetooth-STM32.1.5.1
2023-10-15 11:46:55,671 [WARN] PackLoader:240 - Cannot read IP mode file for STMicroelectronics.X-CUBE-AZRTOS-G4.1.0.0
2023-10-15 11:46:55,706 [WARN] PackLoader:240 - Cannot read IP mode file for STMicroelectronics.X-CUBE-AZRTOS-L4.1.0.0
2023-10-15 11:46:55,721 [WARN] PackLoader:240 - Cannot read IP mode file for STMicroelectronics.X-CUBE-FREERTOS.1.1.0
2023-10-15 11:46:55,744 [WARN] PackLoader:240 - Cannot read IP mode file for STMicroelectronics.X-CUBE-AZRTOS-WL.1.0.0
2023-10-15 11:46:55,761 [WARN] PackLoader:240 - Cannot read IP mode file for portGmbH.I-Cube-SoM-uGOAL.1.1.0
2023-10-15 11:46:55,770 [WARN] PackLoader:240 - Cannot read IP mode file for STMicroelectronics.X-CUBE-ALS.1.0.1
2023-10-15 11:46:55,795 [WARN] PackLoader:240 - Cannot read IP mode file for STMicroelectronics.X-CUBE-AZRTOS-WB.1.1.0
2023-10-15 11:46:55,808 [WARN] PackLoader:240 - Cannot read IP mode file for STMicroelectronics.FP-ATR-ASTRA1.2.0.0
2023-10-15 11:46:55,809 [INFO] ThirdParty:978 - Integrity check success = true
2023-10-15 11:46:55,810 [INFO] IntegrityCheckThread:100 - exiting critical section [integrity check]
2023-10-15 11:46:55,810 [INFO] IntegrityCheckThread:103 - End integrity checks thread
2023-10-15 11:52:02,474 [ERROR] LogOutputStream:75 - [STDERR_REDIRECT] SLF4J: Failed to load class "org.slf4j.impl.StaticLoggerBinder".
2023-10-15 11:52:02,475 [ERROR] LogOutputStream:75 - [STDERR_REDIRECT] SLF4J: Defaulting to no-operation (NOP) logger implementation
2023-10-15 11:52:02,479 [ERROR] LogOutputStream:75 - [STDERR_REDIRECT] SLF4J: See http://www.slf4j.org/codes.html#StaticLoggerBinder for further details.
2023-10-15 15:22:47,621 [ERROR] LogOutputStream:75 - [STDERR_REDIRECT] 
