2024-02-19 09:16:16,878 [INFO] Activator:176 - 


2024-02-19 09:16:16,898 [INFO] Activator:177 - !SESSION log4j initialized
2024-02-19 09:16:37,984 [INFO] LogOutputStream:77 - [STDOUT_REDIRECT] 
2024-02-19 09:16:48,858 [INFO] ApplicationProperties:184 - Using Application install path: C:\ST\STM32CubeIDE_1.4.0\STM32CubeIDE\plugins\com.st.stm32cube.common.mx_6.9.1.202307191849
2024-02-19 09:16:48,910 [INFO] DbMcusXml:78 - Set database path to: C:\ST\STM32CubeIDE_1.4.0\STM32CubeIDE\plugins\com.st.stm32cube.common.mx_6.9.1.202307191849\\db\/mcu/
2024-02-19 09:16:48,911 [INFO] ApiDb:274 - Set plugin database path to: C:\ST\STM32CubeIDE_1.4.0\STM32CubeIDE\plugins\com.st.stm32cube.common.mx_6.9.1.202307191849\\db\/plugins/boardmanager/
2024-02-19 09:16:48,913 [WARN] ApiDb:259 - Overriding images path with different value:  => C:\ST\STM32CubeIDE_1.4.0\STM32CubeIDE\plugins\com.st.stm32cube.common.mx_6.9.1.202307191849\\db\/plugins/mcufinder/images/
2024-02-19 09:16:48,945 [INFO] ApiDb:250 - Set database path to: C:\Users\Minh\.stmcufinder\plugins\mcufinder//mcu/
2024-02-19 09:16:48,948 [INFO] DbMcusAds:125 - Set database path to: C:\Users\Minh\.stmcufinder\plugins\mcufinder//mcu/
2024-02-19 09:16:48,966 [INFO] CrossReferenceDbSqlite:203 - Set database path to: C:\Users\Minh\.stmcufinder\plugins\mcufinder//mcu/cs/
2024-02-19 09:16:49,389 [INFO] RulesReader:64 - Compatibility file has been processed (293 Rules)
2024-02-19 09:16:49,649 [INFO] DbMcusXml:78 - Set database path to: C:\ST\STM32CubeIDE_1.4.0\STM32CubeIDE\plugins\com.st.stm32cube.common.mx_6.9.1.202307191849\\db\/mcu/
2024-02-19 09:16:49,650 [INFO] ApiDb:274 - Set plugin database path to: C:\ST\STM32CubeIDE_1.4.0\STM32CubeIDE\plugins\com.st.stm32cube.common.mx_6.9.1.202307191849\\db\/plugins/boardmanager/
2024-02-19 09:16:49,650 [INFO] ApiDb:261 - Set plugin images path to: C:\ST\STM32CubeIDE_1.4.0\STM32CubeIDE\plugins\com.st.stm32cube.common.mx_6.9.1.202307191849\\db\/plugins/mcufinder/images/
2024-02-19 09:16:49,651 [WARN] DbFile:41 - Overriding database path with different value: C:\Users\Minh\.stmcufinder\plugins\mcufinder/ => C:\Users\Minh\.stmcufinder\plugins\mcufinder
2024-02-19 09:16:49,651 [INFO] ApiDb:250 - Set database path to: C:\Users\Minh\.stmcufinder\plugins\mcufinder//mcu/
2024-02-19 09:16:49,652 [WARN] DbFile:41 - Overriding database path with different value: C:\Users\Minh\.stmcufinder\plugins\mcufinder/ => C:\Users\Minh\.stmcufinder\plugins\mcufinder
2024-02-19 09:16:49,652 [INFO] DbMcusAds:125 - Set database path to: C:\Users\Minh\.stmcufinder\plugins\mcufinder//mcu/
2024-02-19 09:16:49,652 [WARN] DbFile:41 - Overriding database path with different value: C:\Users\Minh\.stmcufinder\plugins\mcufinder/ => C:\Users\Minh\.stmcufinder\plugins\mcufinder
2024-02-19 09:16:49,653 [WARN] DbFile:41 - Overriding database path with different value: C:\Users\Minh\.stmcufinder\plugins\mcufinder/ => C:\Users\Minh\.stmcufinder\plugins\mcufinder
2024-02-19 09:16:49,653 [INFO] CrossReferenceDbSqlite:203 - Set database path to: C:\Users\Minh\.stmcufinder\plugins\mcufinder//mcu/cs/
2024-02-19 09:16:49,912 [INFO] MainPanel:262 - HeapMemory: 268435456
2024-02-19 09:16:50,186 [INFO] DbMcusXml:78 - Set database path to: C:\ST\STM32CubeIDE_1.4.0\STM32CubeIDE\plugins\com.st.stm32cube.common.mx_6.9.1.202307191849\\db\/mcu/
2024-02-19 09:16:50,187 [INFO] ApiDb:274 - Set plugin database path to: C:\ST\STM32CubeIDE_1.4.0\STM32CubeIDE\plugins\com.st.stm32cube.common.mx_6.9.1.202307191849\\db\/plugins/boardmanager/
2024-02-19 09:16:50,187 [INFO] ApiDb:261 - Set plugin images path to: C:\ST\STM32CubeIDE_1.4.0\STM32CubeIDE\plugins\com.st.stm32cube.common.mx_6.9.1.202307191849\\db\/plugins/mcufinder/images/
2024-02-19 09:16:50,189 [WARN] DbFile:41 - Overriding database path with different value: C:\Users\Minh\.stmcufinder\plugins\mcufinder/ => C:\Users\Minh\.stmcufinder\plugins\mcufinder
2024-02-19 09:16:50,189 [INFO] ApiDb:250 - Set database path to: C:\Users\Minh\.stmcufinder\plugins\mcufinder//mcu/
2024-02-19 09:16:50,189 [WARN] DbFile:41 - Overriding database path with different value: C:\Users\Minh\.stmcufinder\plugins\mcufinder/ => C:\Users\Minh\.stmcufinder\plugins\mcufinder
2024-02-19 09:16:50,190 [INFO] DbMcusAds:125 - Set database path to: C:\Users\Minh\.stmcufinder\plugins\mcufinder//mcu/
2024-02-19 09:16:50,190 [WARN] DbFile:41 - Overriding database path with different value: C:\Users\Minh\.stmcufinder\plugins\mcufinder/ => C:\Users\Minh\.stmcufinder\plugins\mcufinder
2024-02-19 09:16:50,190 [WARN] DbFile:41 - Overriding database path with different value: C:\Users\Minh\.stmcufinder\plugins\mcufinder/ => C:\Users\Minh\.stmcufinder\plugins\mcufinder
2024-02-19 09:16:50,191 [INFO] CrossReferenceDbSqlite:203 - Set database path to: C:\Users\Minh\.stmcufinder\plugins\mcufinder//mcu/cs/
2024-02-19 09:16:50,246 [INFO] ApplicationProperties:184 - Using Application install path: C:\ST\STM32CubeIDE_1.4.0\STM32CubeIDE\plugins\com.st.stm32cube.common.mx_6.9.1.202307191849
2024-02-19 09:16:50,249 [INFO] PluginManage:196 - Search for loadable plugins [exclusion list=, ]
2024-02-19 09:16:50,253 [INFO] PluginManage:310 - Check plugin analytics
2024-02-19 09:16:55,293 [INFO] AnalyticsPlugin:253 - Accepted Software Licenses: STM32CubeMX.6.0.0,STM32CubeMX.5.2.0
2024-02-19 09:16:55,295 [INFO] AnalyticsPlugin:255 - Accepted CMSIS Pack Licenses: 
2024-02-19 09:16:55,296 [INFO] AnalyticsPlugin:257 - Accepted Firmware Licenses: 
2024-02-19 09:16:55,304 [INFO] PluginManage:359 - Loaded plugin analytics (category:tool,tabindex:-1)
2024-02-19 09:16:55,306 [INFO] PluginManage:310 - Check plugin cadmodel
2024-02-19 09:16:55,356 [INFO] CADModel:105 - Init CAD model plugin
2024-02-19 09:16:55,357 [INFO] PluginManage:359 - Loaded plugin cadmodel (category:power,tabindex:5)
2024-02-19 09:16:55,357 [INFO] PluginManage:310 - Check plugin clock
2024-02-19 09:16:55,407 [INFO] PluginManage:359 - Loaded plugin clock (category:base,tabindex:2)
2024-02-19 09:16:55,408 [INFO] PluginManage:310 - Check plugin ddr
2024-02-19 09:16:55,415 [INFO] PluginManage:359 - Loaded plugin ddr (category:tool,tabindex:6)
2024-02-19 09:16:55,415 [INFO] PluginManage:310 - Check plugin filemanager
2024-02-19 09:16:55,762 [INFO] PluginManage:359 - Loaded plugin filemanager (category:base,tabindex:10)
2024-02-19 09:16:55,763 [INFO] PluginManage:310 - Check plugin ipmanager
2024-02-19 09:16:55,783 [INFO] PluginManage:359 - Loaded plugin ipmanager (category:base,tabindex:5)
2024-02-19 09:16:55,783 [INFO] PluginManage:310 - Check plugin lpbam
2024-02-19 09:16:55,834 [INFO] PluginManage:359 - Loaded plugin lpbam (category:base,tabindex:0)
2024-02-19 09:16:55,835 [INFO] PluginManage:310 - Check plugin memorymap
2024-02-19 09:16:55,890 [INFO] PluginManage:359 - Loaded plugin memorymap (category:base,tabindex:4)
2024-02-19 09:16:55,890 [INFO] PluginManage:310 - Check plugin pinoutandconfiguration
2024-02-19 09:16:55,940 [INFO] PluginManage:359 - Loaded plugin pinoutandconfiguration (category:base,tabindex:1)
2024-02-19 09:16:55,941 [INFO] PluginManage:310 - Check plugin pinoutconfig
2024-02-19 09:16:56,221 [WARN] SupportedApi:132 - Cannot load RTOS API schema: s4s-elt-must-match.1: The content of 'definitions' must match (annotation?, (simpleType | complexType)?, (unique | key | keyref)*)). A problem was found starting at: attribute.
2024-02-19 09:16:56,638 [INFO] PluginManage:359 - Loaded plugin pinoutconfig (category:base,tabindex:0)
2024-02-19 09:16:56,638 [INFO] PluginManage:310 - Check plugin power
2024-02-19 09:16:56,711 [INFO] PluginManage:359 - Loaded plugin power (category:power,tabindex:4)
2024-02-19 09:16:56,712 [INFO] PluginManage:310 - Check plugin projectmanager
2024-02-19 09:16:56,758 [INFO] PluginManage:359 - Loaded plugin projectmanager (category:projectmanager,tabindex:3)
2024-02-19 09:16:56,758 [INFO] PluginManage:310 - Check plugin thirdparty
2024-02-19 09:16:57,613 [INFO] PluginManage:359 - Loaded plugin thirdparty (category:base,tabindex:-1)
2024-02-19 09:16:57,612 [WARN] IntegrityCheckThread:84 - waiting for thirdparty lock release [integrity check]
2024-02-19 09:16:57,613 [INFO] IntegrityCheckThread:86 - entering critical section [integrity check]
2024-02-19 09:16:57,613 [INFO] PluginManage:310 - Check plugin tools
2024-02-19 09:16:57,614 [INFO] ThirdPartyUpdaterWithRetryManager:70 - Updater plugin not ready yet. [1/15]
2024-02-19 09:16:57,733 [INFO] PluginManage:359 - Loaded plugin tools (category:base,tabindex:7)
2024-02-19 09:16:57,734 [INFO] PluginManage:310 - Check plugin tutovideos
2024-02-19 09:16:58,424 [INFO] PluginManage:359 - Loaded plugin tutovideos (category:base,tabindex:-1)
2024-02-19 09:16:58,425 [INFO] PluginManage:310 - Check plugin updater
2024-02-19 09:16:58,461 [INFO] PluginManage:359 - Loaded plugin updater (category:base,tabindex:12)
2024-02-19 09:16:58,462 [INFO] PluginManage:310 - Check plugin userauth
2024-02-19 09:16:58,479 [INFO] UserAuth:113 - Init User Auth plugin
2024-02-19 09:16:58,479 [INFO] PluginManage:359 - Loaded plugin userauth (category:base,tabindex:14)
2024-02-19 09:16:58,481 [INFO] PluginManage:283 - PluginManage : Loaded plugins [17]
2024-02-19 09:16:59,201 [INFO] PinOutPanel:1499 - setPackage(No Configuration,No Configuration)
2024-02-19 09:16:59,537 [INFO] CADModel:165 - CPN selected for project level
2024-02-19 09:16:59,537 [INFO] CADModel:114 - Register for checkConnection events
2024-02-19 09:16:59,620 [INFO] IPUIPlugin:80 - create IPUIPlugin
2024-02-19 09:16:59,620 [INFO] PluginManager:220 - loadIPPluginJar : add adc
2024-02-19 09:16:59,736 [INFO] IPUIPlugin:80 - create IPUIPlugin
2024-02-19 09:16:59,736 [INFO] PluginManager:220 - loadIPPluginJar : add aes
2024-02-19 09:16:59,859 [INFO] IPUIPlugin:80 - create IPUIPlugin
2024-02-19 09:16:59,859 [INFO] PluginManager:220 - loadIPPluginJar : add can
2024-02-19 09:16:59,923 [INFO] IPUIPlugin:80 - create IPUIPlugin
2024-02-19 09:16:59,923 [INFO] PluginManager:220 - loadIPPluginJar : add comp
2024-02-19 09:17:00,038 [INFO] IPUIPlugin:80 - create IPUIPlugin
2024-02-19 09:17:00,038 [INFO] PluginManager:220 - loadIPPluginJar : add cryp
2024-02-19 09:17:00,132 [INFO] IPUIPlugin:80 - create IPUIPlugin
2024-02-19 09:17:00,132 [INFO] PluginManager:220 - loadIPPluginJar : add dfsdm
2024-02-19 09:17:00,173 [INFO] IPUIPlugin:80 - create IPUIPlugin
2024-02-19 09:17:00,176 [INFO] PluginManager:220 - loadIPPluginJar : add dma
2024-02-19 09:17:00,319 [INFO] IPUIPlugin:80 - create IPUIPlugin
2024-02-19 09:17:00,320 [INFO] PluginManager:220 - loadIPPluginJar : add dma3
2024-02-19 09:17:00,390 [INFO] IPUIPlugin:80 - create IPUIPlugin
2024-02-19 09:17:00,391 [INFO] PluginManager:220 - loadIPPluginJar : add fatfs
2024-02-19 09:17:00,546 [INFO] IPUIPlugin:80 - create IPUIPlugin
2024-02-19 09:17:00,547 [INFO] PluginManager:220 - loadIPPluginJar : add fmc
2024-02-19 09:17:00,590 [INFO] IPUIPlugin:80 - create IPUIPlugin
2024-02-19 09:17:00,591 [INFO] PluginManager:220 - loadIPPluginJar : add freertos
2024-02-19 09:17:00,617 [INFO] ThirdPartyUpdaterWithRetryManager:70 - Updater plugin not ready yet. [2/15]
2024-02-19 09:17:00,657 [INFO] IPUIPlugin:80 - create IPUIPlugin
2024-02-19 09:17:00,657 [INFO] PluginManager:220 - loadIPPluginJar : add genericplugin
2024-02-19 09:17:00,981 [INFO] IPUIPlugin:80 - create IPUIPlugin
2024-02-19 09:17:00,982 [INFO] PluginManager:220 - loadIPPluginJar : add gfxmmu
2024-02-19 09:17:01,446 [INFO] IPUIPlugin:80 - create IPUIPlugin
2024-02-19 09:17:01,447 [INFO] PluginManager:220 - loadIPPluginJar : add gic
2024-02-19 09:17:01,493 [INFO] IPUIPlugin:80 - create IPUIPlugin
2024-02-19 09:17:01,493 [INFO] PluginManager:220 - loadIPPluginJar : add gpio
2024-02-19 09:17:01,778 [INFO] IPUIPlugin:80 - create IPUIPlugin
2024-02-19 09:17:01,778 [INFO] PluginManager:220 - loadIPPluginJar : add gtzc
2024-02-19 09:17:01,883 [INFO] IPUIPlugin:80 - create IPUIPlugin
2024-02-19 09:17:01,883 [INFO] PluginManager:220 - loadIPPluginJar : add hash
2024-02-19 09:17:02,025 [INFO] IPUIPlugin:80 - create IPUIPlugin
2024-02-19 09:17:02,026 [INFO] PluginManager:220 - loadIPPluginJar : add i2c
2024-02-19 09:17:02,135 [INFO] IPUIPlugin:80 - create IPUIPlugin
2024-02-19 09:17:02,135 [INFO] PluginManager:220 - loadIPPluginJar : add i2s
2024-02-19 09:17:02,264 [INFO] IPUIPlugin:80 - create IPUIPlugin
2024-02-19 09:17:02,265 [INFO] PluginManager:220 - loadIPPluginJar : add i3c
2024-02-19 09:17:02,573 [INFO] IPUIPlugin:80 - create IPUIPlugin
2024-02-19 09:17:02,573 [INFO] PluginManager:220 - loadIPPluginJar : add ipddr
2024-02-19 09:17:02,836 [INFO] IPUIPlugin:80 - create IPUIPlugin
2024-02-19 09:17:02,837 [INFO] PluginManager:220 - loadIPPluginJar : add linkedlist
2024-02-19 09:17:02,948 [INFO] IPUIPlugin:80 - create IPUIPlugin
2024-02-19 09:17:02,948 [INFO] PluginManager:220 - loadIPPluginJar : add lorawan
2024-02-19 09:17:03,064 [INFO] IPUIPlugin:80 - create IPUIPlugin
2024-02-19 09:17:03,064 [INFO] PluginManager:220 - loadIPPluginJar : add ltdc
2024-02-19 09:17:03,110 [INFO] IPUIPlugin:80 - create IPUIPlugin
2024-02-19 09:17:03,111 [INFO] PluginManager:220 - loadIPPluginJar : add mdma
2024-02-19 09:17:03,146 [INFO] IPUIPlugin:80 - create IPUIPlugin
2024-02-19 09:17:03,147 [INFO] PluginManager:220 - loadIPPluginJar : add nvic
2024-02-19 09:17:03,251 [INFO] IPUIPlugin:80 - create IPUIPlugin
2024-02-19 09:17:03,252 [INFO] PluginManager:220 - loadIPPluginJar : add opamp
2024-02-19 09:17:03,449 [INFO] IPUIPlugin:80 - create IPUIPlugin
2024-02-19 09:17:03,449 [INFO] PluginManager:220 - loadIPPluginJar : add openamp
2024-02-19 09:17:03,591 [INFO] IPUIPlugin:80 - create IPUIPlugin
2024-02-19 09:17:03,591 [INFO] PluginManager:220 - loadIPPluginJar : add pdm2pcm
2024-02-19 09:17:03,618 [INFO] ThirdPartyUpdaterWithRetryManager:70 - Updater plugin not ready yet. [3/15]
2024-02-19 09:17:03,633 [INFO] IPUIPlugin:80 - create IPUIPlugin
2024-02-19 09:17:03,638 [INFO] PluginManager:220 - loadIPPluginJar : add plateformsettings
2024-02-19 09:17:03,697 [INFO] IPUIPlugin:80 - create IPUIPlugin
2024-02-19 09:17:03,697 [INFO] PluginManager:220 - loadIPPluginJar : add quadspi
2024-02-19 09:17:03,728 [INFO] IPUIPlugin:80 - create IPUIPlugin
2024-02-19 09:17:03,728 [INFO] PluginManager:220 - loadIPPluginJar : add resmgrutility
2024-02-19 09:17:03,864 [INFO] IPUIPlugin:80 - create IPUIPlugin
2024-02-19 09:17:03,864 [INFO] PluginManager:220 - loadIPPluginJar : add sai
2024-02-19 09:17:03,965 [INFO] IPUIPlugin:80 - create IPUIPlugin
2024-02-19 09:17:03,965 [INFO] PluginManager:220 - loadIPPluginJar : add spi
2024-02-19 09:17:04,150 [INFO] IPUIPlugin:80 - create IPUIPlugin
2024-02-19 09:17:04,150 [INFO] PluginManager:220 - loadIPPluginJar : add stm32_wpan
2024-02-19 09:17:04,216 [INFO] IPUIPlugin:80 - create IPUIPlugin
2024-02-19 09:17:04,217 [INFO] PluginManager:220 - loadIPPluginJar : add tim
2024-02-19 09:17:04,373 [INFO] IPUIPlugin:80 - create IPUIPlugin
2024-02-19 09:17:04,373 [INFO] PluginManager:220 - loadIPPluginJar : add touchsensing
2024-02-19 09:17:04,438 [INFO] IPUIPlugin:80 - create IPUIPlugin
2024-02-19 09:17:04,438 [INFO] PluginManager:220 - loadIPPluginJar : add tracer_emb
2024-02-19 09:17:04,500 [INFO] IPUIPlugin:80 - create IPUIPlugin
2024-02-19 09:17:04,501 [INFO] PluginManager:220 - loadIPPluginJar : add ts
2024-02-19 09:17:04,559 [INFO] IPUIPlugin:80 - create IPUIPlugin
2024-02-19 09:17:04,560 [INFO] PluginManager:220 - loadIPPluginJar : add tsc
2024-02-19 09:17:04,619 [INFO] IPUIPlugin:80 - create IPUIPlugin
2024-02-19 09:17:04,620 [INFO] PluginManager:220 - loadIPPluginJar : add ucpd
2024-02-19 09:17:04,739 [INFO] IPUIPlugin:80 - create IPUIPlugin
2024-02-19 09:17:04,739 [INFO] PluginManager:220 - loadIPPluginJar : add usart
2024-02-19 09:17:04,860 [INFO] IPUIPlugin:80 - create IPUIPlugin
2024-02-19 09:17:04,861 [INFO] PluginManager:220 - loadIPPluginJar : add usbx
2024-02-19 09:17:05,080 [INFO] CADModel:165 - CPN selected for project level
2024-02-19 09:17:05,080 [INFO] CADModel:114 - Register for checkConnection events
2024-02-19 09:17:05,081 [FATAL] Updater:308 - Updater called before beeing initialized
2024-02-19 09:17:05,081 [ERROR] CADModel:125 - Updater not yet initialized, retry later 
2024-02-19 09:17:05,485 [INFO] CADModel:165 - CPN selected for project level
2024-02-19 09:17:05,486 [INFO] CADModel:114 - Register for checkConnection events
2024-02-19 09:17:05,486 [FATAL] Updater:308 - Updater called before beeing initialized
2024-02-19 09:17:05,487 [ERROR] CADModel:125 - Updater not yet initialized, retry later 
2024-02-19 09:17:05,496 [FATAL] Updater:308 - Updater called before beeing initialized
2024-02-19 09:17:05,860 [FATAL] Updater:308 - Updater called before beeing initialized
2024-02-19 09:17:05,878 [INFO] DbMcusAds:53 - JSON generation date=Wed Nov 29 19:52:27 JST 2023 (1701255147200)
2024-02-19 09:17:05,879 [FATAL] Updater:308 - Updater called before beeing initialized
2024-02-19 09:17:06,127 [WARN] DetailPanel:346 - Failed to get advertising image, set to default
2024-02-19 09:17:06,432 [FATAL] Updater:308 - Updater called before beeing initialized
2024-02-19 09:17:06,436 [FATAL] Updater:308 - Updater called before beeing initialized
2024-02-19 09:17:06,436 [FATAL] Updater:308 - Updater called before beeing initialized
2024-02-19 09:17:06,436 [WARN] DetailPanel:346 - Failed to get advertising image, set to default
2024-02-19 09:17:06,439 [FATAL] Updater:308 - Updater called before beeing initialized
2024-02-19 09:17:06,616 [ERROR] Updater:1120 - MainUpdater not yet initialized. External WinMGr cannot be set.
2024-02-19 09:17:06,620 [INFO] ThirdPartyUpdaterWithRetryManager:70 - Updater plugin not ready yet. [4/15]
2024-02-19 09:17:06,648 [INFO] Updater:1056 - Updater Version found : 6.9.1
2024-02-19 09:17:06,702 [INFO] ApplicationProperties:184 - Using Application install path: C:\ST\STM32CubeIDE_1.4.0\STM32CubeIDE\plugins\com.st.stm32cube.common.mx_6.9.1.202307191849
2024-02-19 09:17:07,086 [INFO] MainUpdater:2868 - connection check result : 10
2024-02-19 09:17:07,087 [INFO] MainUpdater:285 - Updater Check For Update Now.
2024-02-19 09:17:07,088 [INFO] MicroXplorer:498 - Change Database Version : DB.6.0.91
2024-02-19 09:17:07,131 [INFO] McuFinderGlobals:63 - Set McuFinder mode to 2 (CubeIDE integrated)
2024-02-19 09:17:07,132 [INFO] UserAuth:179 - activating auth plugin
2024-02-19 09:17:07,148 [INFO] UserAuth:393 - Internet connection configuration mode: 1
2024-02-19 09:17:07,192 [INFO] JxBrowserEngine:151 - Initiate JxBrowser Engine with user profile folder
2024-02-19 09:17:07,483 [INFO] CheckServerUpdateThread:120 - End of CheckServer Thread
2024-02-19 09:17:10,096 [INFO] WebApp:157 - Instantiating new browser for Auth
2024-02-19 09:17:10,373 [WARN] PackLoader:240 - Cannot read IP mode file for STMicroelectronics.X-CUBE-SMBUS.2.1.0
2024-02-19 09:17:10,395 [WARN] PackLoader:240 - Cannot read IP mode file for STMicroelectronics.X-CUBE-TOUCHGFX.4.23.0
2024-02-19 09:17:10,504 [WARN] PackLoader:240 - Cannot read IP mode file for STMicroelectronics.X-CUBE-AZRTOS-F7.1.1.0
2024-02-19 09:17:10,537 [ERROR] RealEvaluatedCondition:428 - Found unsupported composite condition: GROUP='STM32_MetaDataManager' CLASS='Data Exchange'
2024-02-19 09:17:10,538 [ERROR] RealEvaluatedCondition:428 - Found unsupported composite condition: CLASS='Data Exchange' GROUP='STM32_MetaDataManager'
2024-02-19 09:17:10,543 [WARN] PackLoader:240 - Cannot read IP mode file for STMicroelectronics.FP-SNS-MOTENV1.4.3.0
2024-02-19 09:17:10,567 [WARN] PackLoader:240 - Cannot read IP mode file for STMicroelectronics.FP-SNS-MOTENV1.4.3.2
2024-02-19 09:17:10,587 [WARN] PackLoader:240 - Cannot read IP mode file for STMicroelectronics.FP-SNS-FLIGHT1.5.0.0
2024-02-19 09:17:10,599 [ERROR] RealEvaluatedCondition:428 - Found unsupported composite condition: CLASS='Data Exchange' GROUP='STM32_MetaDataManager'
2024-02-19 09:17:10,599 [ERROR] RealEvaluatedCondition:428 - Found unsupported composite condition: CLASS='Data Exchange' GROUP='STM32_MetaDataManager'
2024-02-19 09:17:10,604 [WARN] PackLoader:240 - Cannot read IP mode file for STMicroelectronics.FP-SNS-MOTENV1.4.3.1
2024-02-19 09:17:10,623 [WARN] PackLoader:240 - Cannot read IP mode file for STMicroelectronics.FP-SNS-FLIGHT1.5.0.1
2024-02-19 09:17:10,645 [WARN] PackLoader:240 - Cannot read IP mode file for STMicroelectronics.X-CUBE-BLE1.6.2.4
2024-02-19 09:17:10,658 [WARN] PackLoader:240 - Cannot read IP mode file for STMicroelectronics.FP-SNS-FLIGHT1.5.0.2
2024-02-19 09:17:10,688 [WARN] PackLoader:240 - Cannot read IP mode file for STMicroelectronics.X-CUBE-DISPLAY.3.0.0
2024-02-19 09:17:10,718 [WARN] PackLoader:240 - Cannot read IP mode file for STMicroelectronics.X-CUBE-BLE1.7.0.0
2024-02-19 09:17:10,728 [WARN] PackLoader:240 - Cannot read IP mode file for STMicroelectronics.X-CUBE-TOUCHGFX.4.22.0
2024-02-19 09:17:10,736 [WARN] PackLoader:240 - Cannot read IP mode file for STMicroelectronics.X-CUBE-TOUCHGFX.4.22.1
2024-02-19 09:17:10,751 [WARN] PackLoader:240 - Cannot read IP mode file for STMicroelectronics.FP-SNS-SMARTAG2.1.2.0
2024-02-19 09:17:10,795 [INFO] LogOutputStream:77 - [STDOUT_REDIRECT] 1 : Invalid condition id : UX_CORESTACK_Condition cause : null
2024-02-19 09:17:10,797 [INFO] LogOutputStream:77 - [STDOUT_REDIRECT] 1 : Invalid condition id : UX_CORESTACK_Condition cause : null
2024-02-19 09:17:10,804 [INFO] LogOutputStream:77 - [STDOUT_REDIRECT] 1 : Invalid condition id : UX_CORESTACK_Condition cause : null
2024-02-19 09:17:10,810 [INFO] LogOutputStream:77 - [STDOUT_REDIRECT] 1 : Invalid condition id : UX_CORESTACK_Condition cause : null
2024-02-19 09:17:10,815 [INFO] LogOutputStream:77 - [STDOUT_REDIRECT] 1 : Invalid condition id : UX_CORESTACK_Condition cause : null
2024-02-19 09:17:10,831 [WARN] PackLoader:240 - Cannot read IP mode file for STMicroelectronics.X-CUBE-AZRTOS-WL.2.0.0
2024-02-19 09:17:10,860 [WARN] PackLoader:240 - Cannot read IP mode file for WES.I-CUBE-Cesium.1.3.0
2024-02-19 09:17:10,875 [WARN] PackLoader:240 - Cannot read IP mode file for STMicroelectronics.X-CUBE-BLE2.3.3.0
2024-02-19 09:17:10,912 [WARN] PackLoader:240 - Cannot read IP mode file for STMicroelectronics.X-CUBE-TOF1.3.2.0
2024-02-19 09:17:10,944 [WARN] PackLoader:240 - Cannot read IP mode file for STMicroelectronics.X-CUBE-TOUCHGFX.4.21.1
2024-02-19 09:17:10,953 [WARN] PackLoader:240 - Cannot read IP mode file for STMicroelectronics.X-CUBE-TOUCHGFX.4.21.3
2024-02-19 09:17:10,965 [WARN] PackLoader:240 - Cannot read IP mode file for STMicroelectronics.X-CUBE-TOUCHGFX.4.21.4
2024-02-19 09:17:10,985 [WARN] PackLoader:240 - Cannot read IP mode file for STMicroelectronics.X-CUBE-ALGOBUILD.1.3.0
2024-02-19 09:17:11,068 [WARN] PackLoader:240 - Cannot read IP mode file for STMicroelectronics.X-CUBE-AZRTOS-G0.1.1.0
2024-02-19 09:17:11,109 [WARN] PackLoader:240 - Cannot read IP mode file for STMicroelectronics.X-CUBE-NFC4.3.0.0
2024-02-19 09:17:11,144 [WARN] PackLoader:240 - Cannot read IP mode file for STMicroelectronics.X-CUBE-BLEMGR.3.0.0
2024-02-19 09:17:11,167 [WARN] PackLoader:240 - Cannot read IP mode file for STMicroelectronics.FP-ATR-SIGFOX1.3.2.0
2024-02-19 09:17:11,198 [WARN] PackLoader:240 - Cannot read IP mode file for STMicroelectronics.X-CUBE-EEPRMA1.5.1.0
2024-02-19 09:17:11,358 [WARN] PackLoader:240 - Cannot read IP mode file for STMicroelectronics.X-CUBE-MEMS1.9.5.0
2024-02-19 09:17:12,074 [WARN] PackLoader:240 - Cannot read IP mode file for SEGGER.I-CUBE-embOS.1.3.1
2024-02-19 09:17:12,237 [WARN] PackLoader:240 - Cannot read IP mode file for STMicroelectronics.X-CUBE-GNSS1.6.0.0
2024-02-19 09:17:12,286 [WARN] PackLoader:240 - Cannot read IP mode file for STMicroelectronics.X-CUBE-AZRTOS-F4.1.1.0
2024-02-19 09:17:12,343 [WARN] PackLoader:240 - Cannot read IP mode file for STMicroelectronics.X-CUBE-AZRTOS-L5.2.0.0
2024-02-19 09:17:12,485 [WARN] PackLoader:240 - Cannot read IP mode file for STMicroelectronics.X-CUBE-MEMS1.9.6.0
2024-02-19 09:17:13,156 [WARN] PackLoader:240 - Cannot read IP mode file for STMicroelectronics.X-CUBE-EEPRMA1.4.2.0
2024-02-19 09:17:13,174 [WARN] PackLoader:240 - Cannot read IP mode file for ITTIA_DB.I-CUBE-ITTIADB.8.8.0
2024-02-19 09:17:13,193 [WARN] PackLoader:240 - Cannot read IP mode file for emotas.I-CUBE-CANOPEN.1.1.3
2024-02-19 09:17:13,215 [WARN] PackLoader:240 - Cannot read IP mode file for STMicroelectronics.X-CUBE-BLEMGR.2.0.0
2024-02-19 09:17:13,272 [WARN] ConditionMgr:438 - getConditionDescription Invalid condition id : UX DEVICE CLASS RTOS Condition cause : null
2024-02-19 09:17:13,273 [WARN] ConditionMgr:438 - getConditionDescription Invalid condition id : UX DEVICE CLASS RTOS Condition cause : null
2024-02-19 09:17:13,283 [WARN] PackLoader:240 - Cannot read IP mode file for STMicroelectronics.X-CUBE-AZRTOS-H7.3.1.0
2024-02-19 09:17:13,286 [WARN] ConditionMgr:1039 - genDependencies : Invalid condition id : UX DEVICE CLASS RTOS Condition cause : null
2024-02-19 09:17:13,287 [WARN] ConditionMgr:1039 - genDependencies : Invalid condition id : UX DEVICE CLASS RTOS Condition cause : null
2024-02-19 09:17:13,289 [WARN] ConditionMgr:1039 - genDependencies : Invalid condition id : UX DEVICE CLASS RTOS Condition cause : null
2024-02-19 09:17:13,291 [WARN] ConditionMgr:1039 - genDependencies : Invalid condition id : UX DEVICE CLASS RTOS Condition cause : null
2024-02-19 09:17:13,291 [WARN] ConditionMgr:1039 - genDependencies : Invalid condition id : UX DEVICE CLASS RTOS Condition cause : null
2024-02-19 09:17:13,312 [WARN] PackLoader:240 - Cannot read IP mode file for wolfSSL.I-CUBE-wolfSSL.5.5.4
2024-02-19 09:17:13,326 [WARN] PackLoader:240 - Cannot read IP mode file for STMicroelectronics.X-CUBE-NFC7.1.0.1
2024-02-19 09:17:13,342 [WARN] PackLoader:240 - Cannot read IP mode file for STMicroelectronics.X-CUBE-NFC7.1.0.0
2024-02-19 09:17:13,365 [WARN] PackLoader:240 - Cannot read IP mode file for STMicroelectronics.X-CUBE-NFC6.3.0.0
2024-02-19 09:17:13,388 [WARN] PackLoader:240 - Cannot read IP mode file for STMicroelectronics.X-CUBE-EEPRMA1.4.1.0
2024-02-19 09:17:13,402 [WARN] PackLoader:240 - Cannot read IP mode file for STMicroelectronics.X-CUBE-AI.8.1.0
2024-02-19 09:17:13,467 [WARN] ConditionMgr:438 - getConditionDescription Invalid condition id : LAN8742 Phy interface Condition cause : null
2024-02-19 09:17:13,470 [WARN] PackLoader:240 - Cannot read IP mode file for STMicroelectronics.X-CUBE-AZRTOS-L4.2.0.0
2024-02-19 09:17:13,475 [WARN] ConditionMgr:1039 - genDependencies : Invalid condition id : LAN8742 Phy interface Condition cause : null
2024-02-19 09:17:13,476 [WARN] ConditionMgr:1039 - genDependencies : Invalid condition id : LAN8742 Phy interface Condition cause : null
2024-02-19 09:17:13,478 [WARN] ConditionMgr:1039 - genDependencies : Invalid condition id : LAN8742 Phy interface Condition cause : null
2024-02-19 09:17:13,500 [WARN] PackLoader:240 - Cannot read IP mode file for STMicroelectronics.X-CUBE-SFXS2LP1.4.0.0
2024-02-19 09:17:13,575 [WARN] PackLoader:240 - Cannot read IP mode file for STMicroelectronics.X-CUBE-AZRTOS-H7.3.0.0
2024-02-19 09:17:13,595 [WARN] PackLoader:240 - Cannot read IP mode file for STMicroelectronics.X-CUBE-ISPU.1.1.0
2024-02-19 09:17:13,616 [WARN] PackLoader:240 - Cannot read IP mode file for RoweBots.I-CUBE-UNISONRTOS.5.5.0-4
2024-02-19 09:17:13,629 [WARN] PackLoader:240 - Cannot read IP mode file for STMicroelectronics.X-CUBE-AI.8.0.0
2024-02-19 09:17:13,689 [WARN] ConditionMgr:438 - getConditionDescription Invalid condition id : UX DEVICE CLASS RTOS Condition cause : null
2024-02-19 09:17:13,690 [WARN] ConditionMgr:438 - getConditionDescription Invalid condition id : UX DEVICE CLASS RTOS Condition cause : null
2024-02-19 09:17:13,699 [WARN] PackLoader:240 - Cannot read IP mode file for STMicroelectronics.X-CUBE-AZRTOS-WB.2.0.0
2024-02-19 09:17:13,701 [WARN] ConditionMgr:1039 - genDependencies : Invalid condition id : UX DEVICE CLASS RTOS Condition cause : null
2024-02-19 09:17:13,701 [WARN] ConditionMgr:1039 - genDependencies : Invalid condition id : UX DEVICE CLASS RTOS Condition cause : null
2024-02-19 09:17:13,702 [WARN] ConditionMgr:1039 - genDependencies : Invalid condition id : UX DEVICE CLASS RTOS Condition cause : null
2024-02-19 09:17:13,703 [WARN] ConditionMgr:1039 - genDependencies : Invalid condition id : UX DEVICE CLASS RTOS Condition cause : null
2024-02-19 09:17:13,704 [WARN] ConditionMgr:1039 - genDependencies : Invalid condition id : UX DEVICE CLASS RTOS Condition cause : null
2024-02-19 09:17:13,720 [WARN] PackLoader:240 - Cannot read IP mode file for STMicroelectronics.X-CUBE-FREERTOS.1.0.0
2024-02-19 09:17:13,732 [WARN] PackLoader:240 - Cannot read IP mode file for STMicroelectronics.X-CUBE-FREERTOS.1.0.1
2024-02-19 09:17:13,784 [WARN] PackLoader:240 - Cannot read IP mode file for STMicroelectronics.X-CUBE-AZRTOS-L5.1.1.0
2024-02-19 09:17:13,800 [WARN] PackLoader:240 - Cannot read IP mode file for STMicroelectronics.X-CUBE-AI.8.0.1
2024-02-19 09:17:13,879 [WARN] PackLoader:240 - Cannot read IP mode file for STMicroelectronics.X-CUBE-SUBG2.5.0.0
2024-02-19 09:17:13,951 [WARN] PackLoader:240 - Cannot read IP mode file for STMicroelectronics.X-CUBE-TOF1.3.3.1
2024-02-19 09:17:14,023 [WARN] PackLoader:240 - Cannot read IP mode file for STMicroelectronics.X-CUBE-AZRTOS-G4.2.0.0
2024-02-19 09:17:14,053 [WARN] PackLoader:240 - Cannot read IP mode file for STMicroelectronics.X-CUBE-TOF1.3.3.0
2024-02-19 09:17:14,120 [WARN] PackLoader:240 - Cannot read IP mode file for STMicroelectronics.FP-ATR-ASTRA1.1.1.1
2024-02-19 09:17:14,156 [WARN] PackLoader:240 - Cannot read IP mode file for Infineon.AIROC-Wi-Fi-Bluetooth-STM32.1.5.1
2024-02-19 09:17:14,177 [WARN] PackLoader:240 - Cannot read IP mode file for STMicroelectronics.FP-SNS-MOTENVWB1.1.3.0
2024-02-19 09:17:14,187 [WARN] PackLoader:240 - Cannot read IP mode file for STMicroelectronics.FP-SNS-MOTENVWB1.1.3.1
2024-02-19 09:17:14,239 [WARN] PackLoader:240 - Cannot read IP mode file for STMicroelectronics.X-CUBE-AZRTOS-G4.1.0.0
2024-02-19 09:17:14,278 [INFO] WebApp:753 - Register for checkConnection events
2024-02-19 09:17:14,278 [INFO] WebApp:390 - Apply proxy settings
2024-02-19 09:17:14,279 [INFO] WebApp:475 - Chromium requires no authentication
2024-02-19 09:17:14,292 [WARN] PackLoader:240 - Cannot read IP mode file for STMicroelectronics.X-CUBE-AZRTOS-L4.1.0.0
2024-02-19 09:17:14,312 [INFO] WebApp:418 - Direct internet connection detected
2024-02-19 09:17:14,316 [WARN] PackLoader:240 - Cannot read IP mode file for STMicroelectronics.X-CUBE-ISPU.2.0.0
2024-02-19 09:17:14,451 [WARN] PackLoader:240 - Cannot read IP mode file for STMicroelectronics.X-CUBE-MEMS1.10.0.0
2024-02-19 09:17:14,854 [WARN] PackLoader:240 - Cannot read IP mode file for STMicroelectronics.X-CUBE-FREERTOS.1.1.0
2024-02-19 09:17:14,881 [WARN] PackLoader:240 - Cannot read IP mode file for STMicroelectronics.X-CUBE-AZRTOS-WL.1.0.0
2024-02-19 09:17:14,899 [WARN] PackLoader:240 - Cannot read IP mode file for portGmbH.I-Cube-SoM-uGOAL.1.1.0
2024-02-19 09:17:14,911 [WARN] PackLoader:240 - Cannot read IP mode file for STMicroelectronics.X-CUBE-ALS.1.0.1
2024-02-19 09:17:14,952 [WARN] PackLoader:240 - Cannot read IP mode file for STMicroelectronics.X-CUBE-AZRTOS-WB.1.1.0
2024-02-19 09:17:14,965 [WARN] PackLoader:240 - Cannot read IP mode file for STMicroelectronics.FP-ATR-ASTRA1.2.0.0
2024-02-19 09:17:14,994 [WARN] PackLoader:240 - Cannot read IP mode file for STMicroelectronics.X-CUBE-TOF1.3.4.0
2024-02-19 09:17:15,084 [INFO] WebApp:188 - Starting web application
2024-02-19 09:17:15,086 [INFO] WebApp:520 - Web application path used C:\ST\STM32CubeIDE_1.4.0\STM32CubeIDE\plugins\com.st.stm32cube.common.mx_6.9.1.202307191849\db\plugins\mcufinder\reactClient1\index.html
2024-02-19 09:17:15,130 [WARN] PackLoader:240 - Cannot read IP mode file for STMicroelectronics.X-CUBE-AZRTOS-H7.3.2.0
2024-02-19 09:17:15,140 [INFO] ThirdParty:978 - Integrity check success = true
2024-02-19 09:17:15,141 [INFO] IntegrityCheckThread:100 - exiting critical section [integrity check]
2024-02-19 09:17:15,141 [INFO] IntegrityCheckThread:103 - End integrity checks thread
2024-02-19 09:51:38,270 [ERROR] LogOutputStream:75 - [STDERR_REDIRECT] SLF4J: Failed to load class "org.slf4j.impl.StaticLoggerBinder".
2024-02-19 09:51:38,273 [ERROR] LogOutputStream:75 - [STDERR_REDIRECT] SLF4J: Defaulting to no-operation (NOP) logger implementation
2024-02-19 09:51:38,278 [ERROR] LogOutputStream:75 - [STDERR_REDIRECT] SLF4J: See http://www.slf4j.org/codes.html#StaticLoggerBinder for further details.
2024-02-19 18:42:36,690 [ERROR] LogOutputStream:75 - [STDERR_REDIRECT] 
