2024-11-01 16:29:23,975 [INFO] Activator:176 - 


2024-11-01 16:29:23,988 [INFO] Activator:177 - !SESSION log4j initialized
2024-11-01 16:29:40,079 [INFO] LogOutputStream:77 - [STDOUT_REDIRECT] 
2024-11-01 16:29:49,274 [INFO] ApplicationProperties:184 - Using Application install path: C:\ST\STM32CubeIDE_1.4.0\STM32CubeIDE\plugins\com.st.stm32cube.common.mx_6.9.1.202307191849
2024-11-01 16:29:49,316 [INFO] DbMcusXml:78 - Set database path to: C:\ST\STM32CubeIDE_1.4.0\STM32CubeIDE\plugins\com.st.stm32cube.common.mx_6.9.1.202307191849\\db\/mcu/
2024-11-01 16:29:49,317 [INFO] ApiDb:274 - Set plugin database path to: C:\ST\STM32CubeIDE_1.4.0\STM32CubeIDE\plugins\com.st.stm32cube.common.mx_6.9.1.202307191849\\db\/plugins/boardmanager/
2024-11-01 16:29:49,318 [WARN] ApiDb:259 - Overriding images path with different value:  => C:\ST\STM32CubeIDE_1.4.0\STM32CubeIDE\plugins\com.st.stm32cube.common.mx_6.9.1.202307191849\\db\/plugins/mcufinder/images/
2024-11-01 16:29:49,341 [INFO] ApiDb:250 - Set database path to: C:\Users\Minh\.stmcufinder\plugins\mcufinder//mcu/
2024-11-01 16:29:49,343 [INFO] DbMcusAds:125 - Set database path to: C:\Users\Minh\.stmcufinder\plugins\mcufinder//mcu/
2024-11-01 16:29:49,349 [INFO] CrossReferenceDbSqlite:203 - Set database path to: C:\Users\Minh\.stmcufinder\plugins\mcufinder//mcu/cs/
2024-11-01 16:29:49,586 [INFO] RulesReader:64 - Compatibility file has been processed (293 Rules)
2024-11-01 16:29:49,797 [INFO] DbMcusXml:78 - Set database path to: C:\ST\STM32CubeIDE_1.4.0\STM32CubeIDE\plugins\com.st.stm32cube.common.mx_6.9.1.202307191849\\db\/mcu/
2024-11-01 16:29:49,798 [INFO] ApiDb:274 - Set plugin database path to: C:\ST\STM32CubeIDE_1.4.0\STM32CubeIDE\plugins\com.st.stm32cube.common.mx_6.9.1.202307191849\\db\/plugins/boardmanager/
2024-11-01 16:29:49,798 [INFO] ApiDb:261 - Set plugin images path to: C:\ST\STM32CubeIDE_1.4.0\STM32CubeIDE\plugins\com.st.stm32cube.common.mx_6.9.1.202307191849\\db\/plugins/mcufinder/images/
2024-11-01 16:29:49,799 [WARN] DbFile:41 - Overriding database path with different value: C:\Users\Minh\.stmcufinder\plugins\mcufinder/ => C:\Users\Minh\.stmcufinder\plugins\mcufinder
2024-11-01 16:29:49,799 [INFO] ApiDb:250 - Set database path to: C:\Users\Minh\.stmcufinder\plugins\mcufinder//mcu/
2024-11-01 16:29:49,799 [WARN] DbFile:41 - Overriding database path with different value: C:\Users\Minh\.stmcufinder\plugins\mcufinder/ => C:\Users\Minh\.stmcufinder\plugins\mcufinder
2024-11-01 16:29:49,799 [INFO] DbMcusAds:125 - Set database path to: C:\Users\Minh\.stmcufinder\plugins\mcufinder//mcu/
2024-11-01 16:29:49,800 [WARN] DbFile:41 - Overriding database path with different value: C:\Users\Minh\.stmcufinder\plugins\mcufinder/ => C:\Users\Minh\.stmcufinder\plugins\mcufinder
2024-11-01 16:29:49,800 [WARN] DbFile:41 - Overriding database path with different value: C:\Users\Minh\.stmcufinder\plugins\mcufinder/ => C:\Users\Minh\.stmcufinder\plugins\mcufinder
2024-11-01 16:29:49,800 [INFO] CrossReferenceDbSqlite:203 - Set database path to: C:\Users\Minh\.stmcufinder\plugins\mcufinder//mcu/cs/
2024-11-01 16:29:49,961 [INFO] MainPanel:262 - HeapMemory: 268435456
2024-11-01 16:29:50,156 [INFO] DbMcusXml:78 - Set database path to: C:\ST\STM32CubeIDE_1.4.0\STM32CubeIDE\plugins\com.st.stm32cube.common.mx_6.9.1.202307191849\\db\/mcu/
2024-11-01 16:29:50,156 [INFO] ApiDb:274 - Set plugin database path to: C:\ST\STM32CubeIDE_1.4.0\STM32CubeIDE\plugins\com.st.stm32cube.common.mx_6.9.1.202307191849\\db\/plugins/boardmanager/
2024-11-01 16:29:50,157 [INFO] ApiDb:261 - Set plugin images path to: C:\ST\STM32CubeIDE_1.4.0\STM32CubeIDE\plugins\com.st.stm32cube.common.mx_6.9.1.202307191849\\db\/plugins/mcufinder/images/
2024-11-01 16:29:50,157 [WARN] DbFile:41 - Overriding database path with different value: C:\Users\Minh\.stmcufinder\plugins\mcufinder/ => C:\Users\Minh\.stmcufinder\plugins\mcufinder
2024-11-01 16:29:50,158 [INFO] ApiDb:250 - Set database path to: C:\Users\Minh\.stmcufinder\plugins\mcufinder//mcu/
2024-11-01 16:29:50,158 [WARN] DbFile:41 - Overriding database path with different value: C:\Users\Minh\.stmcufinder\plugins\mcufinder/ => C:\Users\Minh\.stmcufinder\plugins\mcufinder
2024-11-01 16:29:50,158 [INFO] DbMcusAds:125 - Set database path to: C:\Users\Minh\.stmcufinder\plugins\mcufinder//mcu/
2024-11-01 16:29:50,158 [WARN] DbFile:41 - Overriding database path with different value: C:\Users\Minh\.stmcufinder\plugins\mcufinder/ => C:\Users\Minh\.stmcufinder\plugins\mcufinder
2024-11-01 16:29:50,158 [WARN] DbFile:41 - Overriding database path with different value: C:\Users\Minh\.stmcufinder\plugins\mcufinder/ => C:\Users\Minh\.stmcufinder\plugins\mcufinder
2024-11-01 16:29:50,158 [INFO] CrossReferenceDbSqlite:203 - Set database path to: C:\Users\Minh\.stmcufinder\plugins\mcufinder//mcu/cs/
2024-11-01 16:29:50,199 [INFO] ApplicationProperties:184 - Using Application install path: C:\ST\STM32CubeIDE_1.4.0\STM32CubeIDE\plugins\com.st.stm32cube.common.mx_6.9.1.202307191849
2024-11-01 16:29:50,202 [INFO] PluginManage:196 - Search for loadable plugins [exclusion list=, ]
2024-11-01 16:29:50,206 [INFO] PluginManage:310 - Check plugin analytics
2024-11-01 16:29:55,179 [INFO] AnalyticsPlugin:253 - Accepted Software Licenses: STM32CubeMX.6.0.0,STM32CubeMX.5.2.0
2024-11-01 16:29:55,179 [INFO] AnalyticsPlugin:255 - Accepted CMSIS Pack Licenses: 
2024-11-01 16:29:55,180 [INFO] AnalyticsPlugin:257 - Accepted Firmware Licenses: 
2024-11-01 16:29:55,185 [INFO] PluginManage:359 - Loaded plugin analytics (category:tool,tabindex:-1)
2024-11-01 16:29:55,186 [INFO] PluginManage:310 - Check plugin cadmodel
2024-11-01 16:29:55,226 [INFO] CADModel:105 - Init CAD model plugin
2024-11-01 16:29:55,226 [INFO] PluginManage:359 - Loaded plugin cadmodel (category:power,tabindex:5)
2024-11-01 16:29:55,227 [INFO] PluginManage:310 - Check plugin clock
2024-11-01 16:29:55,262 [INFO] PluginManage:359 - Loaded plugin clock (category:base,tabindex:2)
2024-11-01 16:29:55,263 [INFO] PluginManage:310 - Check plugin ddr
2024-11-01 16:29:55,267 [INFO] PluginManage:359 - Loaded plugin ddr (category:tool,tabindex:6)
2024-11-01 16:29:55,267 [INFO] PluginManage:310 - Check plugin filemanager
2024-11-01 16:29:55,529 [INFO] PluginManage:359 - Loaded plugin filemanager (category:base,tabindex:10)
2024-11-01 16:29:55,529 [INFO] PluginManage:310 - Check plugin ipmanager
2024-11-01 16:29:55,542 [INFO] PluginManage:359 - Loaded plugin ipmanager (category:base,tabindex:5)
2024-11-01 16:29:55,542 [INFO] PluginManage:310 - Check plugin lpbam
2024-11-01 16:29:55,577 [INFO] PluginManage:359 - Loaded plugin lpbam (category:base,tabindex:0)
2024-11-01 16:29:55,577 [INFO] PluginManage:310 - Check plugin memorymap
2024-11-01 16:29:55,618 [INFO] PluginManage:359 - Loaded plugin memorymap (category:base,tabindex:4)
2024-11-01 16:29:55,618 [INFO] PluginManage:310 - Check plugin pinoutandconfiguration
2024-11-01 16:29:55,650 [INFO] PluginManage:359 - Loaded plugin pinoutandconfiguration (category:base,tabindex:1)
2024-11-01 16:29:55,650 [INFO] PluginManage:310 - Check plugin pinoutconfig
2024-11-01 16:29:55,855 [WARN] SupportedApi:132 - Cannot load RTOS API schema: s4s-elt-must-match.1: The content of 'definitions' must match (annotation?, (simpleType | complexType)?, (unique | key | keyref)*)). A problem was found starting at: attribute.
2024-11-01 16:29:56,171 [INFO] PluginManage:359 - Loaded plugin pinoutconfig (category:base,tabindex:0)
2024-11-01 16:29:56,171 [INFO] PluginManage:310 - Check plugin power
2024-11-01 16:29:56,224 [INFO] PluginManage:359 - Loaded plugin power (category:power,tabindex:4)
2024-11-01 16:29:56,224 [INFO] PluginManage:310 - Check plugin projectmanager
2024-11-01 16:29:56,260 [INFO] PluginManage:359 - Loaded plugin projectmanager (category:projectmanager,tabindex:3)
2024-11-01 16:29:56,260 [INFO] PluginManage:310 - Check plugin thirdparty
2024-11-01 16:29:56,888 [INFO] PluginManage:359 - Loaded plugin thirdparty (category:base,tabindex:-1)
2024-11-01 16:29:56,888 [WARN] IntegrityCheckThread:84 - waiting for thirdparty lock release [integrity check]
2024-11-01 16:29:56,888 [INFO] PluginManage:310 - Check plugin tools
2024-11-01 16:29:56,889 [INFO] IntegrityCheckThread:86 - entering critical section [integrity check]
2024-11-01 16:29:56,890 [INFO] ThirdPartyUpdaterWithRetryManager:70 - Updater plugin not ready yet. [1/15]
2024-11-01 16:29:56,971 [INFO] PluginManage:359 - Loaded plugin tools (category:base,tabindex:7)
2024-11-01 16:29:56,972 [INFO] PluginManage:310 - Check plugin tutovideos
2024-11-01 16:29:57,479 [INFO] PluginManage:359 - Loaded plugin tutovideos (category:base,tabindex:-1)
2024-11-01 16:29:57,480 [INFO] PluginManage:310 - Check plugin updater
2024-11-01 16:29:57,513 [INFO] PluginManage:359 - Loaded plugin updater (category:base,tabindex:12)
2024-11-01 16:29:57,513 [INFO] PluginManage:310 - Check plugin userauth
2024-11-01 16:29:57,528 [INFO] UserAuth:113 - Init User Auth plugin
2024-11-01 16:29:57,529 [INFO] PluginManage:359 - Loaded plugin userauth (category:base,tabindex:14)
2024-11-01 16:29:57,530 [INFO] PluginManage:283 - PluginManage : Loaded plugins [17]
2024-11-01 16:29:58,019 [INFO] PinOutPanel:1499 - setPackage(No Configuration,No Configuration)
2024-11-01 16:29:58,272 [INFO] CADModel:165 - CPN selected for project level
2024-11-01 16:29:58,273 [INFO] CADModel:114 - Register for checkConnection events
2024-11-01 16:29:58,333 [INFO] IPUIPlugin:80 - create IPUIPlugin
2024-11-01 16:29:58,334 [INFO] PluginManager:220 - loadIPPluginJar : add adc
2024-11-01 16:29:58,419 [INFO] IPUIPlugin:80 - create IPUIPlugin
2024-11-01 16:29:58,419 [INFO] PluginManager:220 - loadIPPluginJar : add aes
2024-11-01 16:29:58,512 [INFO] IPUIPlugin:80 - create IPUIPlugin
2024-11-01 16:29:58,513 [INFO] PluginManager:220 - loadIPPluginJar : add can
2024-11-01 16:29:58,565 [INFO] IPUIPlugin:80 - create IPUIPlugin
2024-11-01 16:29:58,566 [INFO] PluginManager:220 - loadIPPluginJar : add comp
2024-11-01 16:29:58,636 [INFO] IPUIPlugin:80 - create IPUIPlugin
2024-11-01 16:29:58,636 [INFO] PluginManager:220 - loadIPPluginJar : add cryp
2024-11-01 16:29:58,704 [INFO] IPUIPlugin:80 - create IPUIPlugin
2024-11-01 16:29:58,705 [INFO] PluginManager:220 - loadIPPluginJar : add dfsdm
2024-11-01 16:29:58,762 [INFO] IPUIPlugin:80 - create IPUIPlugin
2024-11-01 16:29:58,763 [INFO] PluginManager:220 - loadIPPluginJar : add dma
2024-11-01 16:29:58,857 [INFO] IPUIPlugin:80 - create IPUIPlugin
2024-11-01 16:29:58,857 [INFO] PluginManager:220 - loadIPPluginJar : add dma3
2024-11-01 16:29:58,905 [INFO] IPUIPlugin:80 - create IPUIPlugin
2024-11-01 16:29:58,905 [INFO] PluginManager:220 - loadIPPluginJar : add fatfs
2024-11-01 16:29:59,019 [INFO] IPUIPlugin:80 - create IPUIPlugin
2024-11-01 16:29:59,019 [INFO] PluginManager:220 - loadIPPluginJar : add fmc
2024-11-01 16:29:59,052 [INFO] IPUIPlugin:80 - create IPUIPlugin
2024-11-01 16:29:59,052 [INFO] PluginManager:220 - loadIPPluginJar : add freertos
2024-11-01 16:29:59,106 [INFO] IPUIPlugin:80 - create IPUIPlugin
2024-11-01 16:29:59,106 [INFO] PluginManager:220 - loadIPPluginJar : add genericplugin
2024-11-01 16:29:59,315 [INFO] IPUIPlugin:80 - create IPUIPlugin
2024-11-01 16:29:59,315 [INFO] PluginManager:220 - loadIPPluginJar : add gfxmmu
2024-11-01 16:29:59,621 [INFO] IPUIPlugin:80 - create IPUIPlugin
2024-11-01 16:29:59,622 [INFO] PluginManager:220 - loadIPPluginJar : add gic
2024-11-01 16:29:59,650 [INFO] IPUIPlugin:80 - create IPUIPlugin
2024-11-01 16:29:59,651 [INFO] PluginManager:220 - loadIPPluginJar : add gpio
2024-11-01 16:29:59,897 [INFO] IPUIPlugin:80 - create IPUIPlugin
2024-11-01 16:29:59,898 [INFO] PluginManager:220 - loadIPPluginJar : add gtzc
2024-11-01 16:29:59,898 [INFO] ThirdPartyUpdaterWithRetryManager:70 - Updater plugin not ready yet. [2/15]
2024-11-01 16:29:59,972 [INFO] IPUIPlugin:80 - create IPUIPlugin
2024-11-01 16:29:59,972 [INFO] PluginManager:220 - loadIPPluginJar : add hash
2024-11-01 16:30:00,095 [INFO] IPUIPlugin:80 - create IPUIPlugin
2024-11-01 16:30:00,095 [INFO] PluginManager:220 - loadIPPluginJar : add i2c
2024-11-01 16:30:00,186 [INFO] IPUIPlugin:80 - create IPUIPlugin
2024-11-01 16:30:00,186 [INFO] PluginManager:220 - loadIPPluginJar : add i2s
2024-11-01 16:30:00,299 [INFO] IPUIPlugin:80 - create IPUIPlugin
2024-11-01 16:30:00,300 [INFO] PluginManager:220 - loadIPPluginJar : add i3c
2024-11-01 16:30:00,621 [INFO] IPUIPlugin:80 - create IPUIPlugin
2024-11-01 16:30:00,621 [INFO] PluginManager:220 - loadIPPluginJar : add ipddr
2024-11-01 16:30:00,846 [INFO] IPUIPlugin:80 - create IPUIPlugin
2024-11-01 16:30:00,847 [INFO] PluginManager:220 - loadIPPluginJar : add linkedlist
2024-11-01 16:30:00,925 [INFO] IPUIPlugin:80 - create IPUIPlugin
2024-11-01 16:30:00,926 [INFO] PluginManager:220 - loadIPPluginJar : add lorawan
2024-11-01 16:30:00,997 [INFO] IPUIPlugin:80 - create IPUIPlugin
2024-11-01 16:30:00,998 [INFO] PluginManager:220 - loadIPPluginJar : add ltdc
2024-11-01 16:30:01,033 [INFO] IPUIPlugin:80 - create IPUIPlugin
2024-11-01 16:30:01,034 [INFO] PluginManager:220 - loadIPPluginJar : add mdma
2024-11-01 16:30:01,064 [INFO] IPUIPlugin:80 - create IPUIPlugin
2024-11-01 16:30:01,064 [INFO] PluginManager:220 - loadIPPluginJar : add nvic
2024-11-01 16:30:01,144 [INFO] IPUIPlugin:80 - create IPUIPlugin
2024-11-01 16:30:01,144 [INFO] PluginManager:220 - loadIPPluginJar : add opamp
2024-11-01 16:30:01,299 [INFO] IPUIPlugin:80 - create IPUIPlugin
2024-11-01 16:30:01,300 [INFO] PluginManager:220 - loadIPPluginJar : add openamp
2024-11-01 16:30:01,400 [INFO] IPUIPlugin:80 - create IPUIPlugin
2024-11-01 16:30:01,400 [INFO] PluginManager:220 - loadIPPluginJar : add pdm2pcm
2024-11-01 16:30:01,435 [INFO] IPUIPlugin:80 - create IPUIPlugin
2024-11-01 16:30:01,436 [INFO] PluginManager:220 - loadIPPluginJar : add plateformsettings
2024-11-01 16:30:01,505 [INFO] IPUIPlugin:80 - create IPUIPlugin
2024-11-01 16:30:01,505 [INFO] PluginManager:220 - loadIPPluginJar : add quadspi
2024-11-01 16:30:01,539 [INFO] IPUIPlugin:80 - create IPUIPlugin
2024-11-01 16:30:01,540 [INFO] PluginManager:220 - loadIPPluginJar : add resmgrutility
2024-11-01 16:30:01,660 [INFO] IPUIPlugin:80 - create IPUIPlugin
2024-11-01 16:30:01,660 [INFO] PluginManager:220 - loadIPPluginJar : add sai
2024-11-01 16:30:01,738 [INFO] IPUIPlugin:80 - create IPUIPlugin
2024-11-01 16:30:01,738 [INFO] PluginManager:220 - loadIPPluginJar : add spi
2024-11-01 16:30:01,874 [INFO] IPUIPlugin:80 - create IPUIPlugin
2024-11-01 16:30:01,874 [INFO] PluginManager:220 - loadIPPluginJar : add stm32_wpan
2024-11-01 16:30:01,932 [INFO] IPUIPlugin:80 - create IPUIPlugin
2024-11-01 16:30:01,933 [INFO] PluginManager:220 - loadIPPluginJar : add tim
2024-11-01 16:30:02,069 [INFO] IPUIPlugin:80 - create IPUIPlugin
2024-11-01 16:30:02,069 [INFO] PluginManager:220 - loadIPPluginJar : add touchsensing
2024-11-01 16:30:02,116 [INFO] IPUIPlugin:80 - create IPUIPlugin
2024-11-01 16:30:02,117 [INFO] PluginManager:220 - loadIPPluginJar : add tracer_emb
2024-11-01 16:30:02,171 [INFO] IPUIPlugin:80 - create IPUIPlugin
2024-11-01 16:30:02,171 [INFO] PluginManager:220 - loadIPPluginJar : add ts
2024-11-01 16:30:02,212 [INFO] IPUIPlugin:80 - create IPUIPlugin
2024-11-01 16:30:02,212 [INFO] PluginManager:220 - loadIPPluginJar : add tsc
2024-11-01 16:30:02,264 [INFO] IPUIPlugin:80 - create IPUIPlugin
2024-11-01 16:30:02,265 [INFO] PluginManager:220 - loadIPPluginJar : add ucpd
2024-11-01 16:30:02,352 [INFO] IPUIPlugin:80 - create IPUIPlugin
2024-11-01 16:30:02,352 [INFO] PluginManager:220 - loadIPPluginJar : add usart
2024-11-01 16:30:02,438 [INFO] IPUIPlugin:80 - create IPUIPlugin
2024-11-01 16:30:02,438 [INFO] PluginManager:220 - loadIPPluginJar : add usbx
2024-11-01 16:30:02,619 [INFO] CADModel:165 - CPN selected for project level
2024-11-01 16:30:02,619 [INFO] CADModel:114 - Register for checkConnection events
2024-11-01 16:30:02,620 [FATAL] Updater:308 - Updater called before beeing initialized
2024-11-01 16:30:02,620 [ERROR] CADModel:125 - Updater not yet initialized, retry later 
2024-11-01 16:30:02,901 [INFO] CADModel:165 - CPN selected for project level
2024-11-01 16:30:02,902 [INFO] CADModel:114 - Register for checkConnection events
2024-11-01 16:30:02,902 [FATAL] Updater:308 - Updater called before beeing initialized
2024-11-01 16:30:02,902 [ERROR] CADModel:125 - Updater not yet initialized, retry later 
2024-11-01 16:30:02,909 [FATAL] Updater:308 - Updater called before beeing initialized
2024-11-01 16:30:02,913 [INFO] ThirdPartyUpdaterWithRetryManager:70 - Updater plugin not ready yet. [3/15]
2024-11-01 16:30:03,147 [FATAL] Updater:308 - Updater called before beeing initialized
2024-11-01 16:30:03,164 [INFO] DbMcusAds:53 - JSON generation date=Wed Nov 29 19:52:27 JST 2023 (1701255147200)
2024-11-01 16:30:03,164 [FATAL] Updater:308 - Updater called before beeing initialized
2024-11-01 16:30:03,345 [WARN] DetailPanel:346 - Failed to get advertising image, set to default
2024-11-01 16:30:03,541 [FATAL] Updater:308 - Updater called before beeing initialized
2024-11-01 16:30:03,544 [FATAL] Updater:308 - Updater called before beeing initialized
2024-11-01 16:30:03,545 [FATAL] Updater:308 - Updater called before beeing initialized
2024-11-01 16:30:03,545 [WARN] DetailPanel:346 - Failed to get advertising image, set to default
2024-11-01 16:30:03,546 [FATAL] Updater:308 - Updater called before beeing initialized
2024-11-01 16:30:03,674 [ERROR] Updater:1120 - MainUpdater not yet initialized. External WinMGr cannot be set.
2024-11-01 16:30:03,701 [INFO] Updater:1056 - Updater Version found : 6.9.1
2024-11-01 16:30:03,736 [INFO] ApplicationProperties:184 - Using Application install path: C:\ST\STM32CubeIDE_1.4.0\STM32CubeIDE\plugins\com.st.stm32cube.common.mx_6.9.1.202307191849
2024-11-01 16:30:04,014 [INFO] MainUpdater:2868 - connection check result : 10
2024-11-01 16:30:04,016 [INFO] MainUpdater:285 - Updater Check For Update Now.
2024-11-01 16:30:04,016 [INFO] MicroXplorer:498 - Change Database Version : DB.6.0.91
2024-11-01 16:30:04,058 [INFO] McuFinderGlobals:63 - Set McuFinder mode to 2 (CubeIDE integrated)
2024-11-01 16:30:04,062 [INFO] UserAuth:179 - activating auth plugin
2024-11-01 16:30:04,071 [INFO] UserAuth:393 - Internet connection configuration mode: 1
2024-11-01 16:30:04,148 [INFO] JxBrowserEngine:151 - Initiate JxBrowser Engine with user profile folder
2024-11-01 16:30:04,367 [INFO] CheckServerUpdateThread:120 - End of CheckServer Thread
2024-11-01 16:30:05,911 [INFO] WebApp:157 - Instantiating new browser for Auth
2024-11-01 16:30:06,881 [WARN] PackLoader:240 - Cannot read IP mode file for STMicroelectronics.FP-SNS-MOTENVWB1.1.4.0
2024-11-01 16:30:06,930 [WARN] PackLoader:240 - Cannot read IP mode file for STMicroelectronics.X-CUBE-SMBUS.2.1.0
2024-11-01 16:30:06,961 [WARN] PackLoader:240 - Cannot read IP mode file for STMicroelectronics.X-CUBE-WB05N.1.1.0
2024-11-01 16:30:06,978 [WARN] PackLoader:240 - Cannot read IP mode file for STMicroelectronics.X-CUBE-TOUCHGFX.4.23.0
2024-11-01 16:30:06,989 [WARN] PackLoader:240 - Cannot read IP mode file for STMicroelectronics.X-CUBE-TOUCHGFX.4.23.2
2024-11-01 16:30:07,162 [WARN] PackLoader:240 - Cannot read IP mode file for STMicroelectronics.X-CUBE-AZRTOS-F7.1.1.0
2024-11-01 16:30:07,200 [ERROR] RealEvaluatedCondition:428 - Found unsupported composite condition: GROUP='STM32_MetaDataManager' CLASS='Data Exchange'
2024-11-01 16:30:07,201 [ERROR] RealEvaluatedCondition:428 - Found unsupported composite condition: CLASS='Data Exchange' GROUP='STM32_MetaDataManager'
2024-11-01 16:30:07,204 [WARN] PackLoader:240 - Cannot read IP mode file for STMicroelectronics.FP-SNS-MOTENV1.4.3.0
2024-11-01 16:30:07,229 [WARN] PackLoader:240 - Cannot read IP mode file for STMicroelectronics.FP-SNS-MOTENV1.4.3.2
2024-11-01 16:30:07,246 [WARN] PackLoader:240 - Cannot read IP mode file for STMicroelectronics.FP-SNS-FLIGHT1.5.0.0
2024-11-01 16:30:07,255 [ERROR] RealEvaluatedCondition:428 - Found unsupported composite condition: CLASS='Data Exchange' GROUP='STM32_MetaDataManager'
2024-11-01 16:30:07,255 [ERROR] RealEvaluatedCondition:428 - Found unsupported composite condition: GROUP='STM32_MetaDataManager' CLASS='Data Exchange'
2024-11-01 16:30:07,259 [WARN] PackLoader:240 - Cannot read IP mode file for STMicroelectronics.FP-SNS-MOTENV1.4.3.1
2024-11-01 16:30:07,275 [WARN] PackLoader:240 - Cannot read IP mode file for STMicroelectronics.FP-SNS-FLIGHT1.5.0.1
2024-11-01 16:30:07,688 [WARN] PackLoader:240 - Cannot read IP mode file for STMicroelectronics.X-CUBE-MEMS1.11.0.0
2024-11-01 16:30:07,892 [INFO] WebApp:753 - Register for checkConnection events
2024-11-01 16:30:07,893 [INFO] WebApp:390 - Apply proxy settings
2024-11-01 16:30:07,894 [INFO] WebApp:475 - Chromium requires no authentication
2024-11-01 16:30:07,919 [INFO] WebApp:418 - Direct internet connection detected
2024-11-01 16:30:08,395 [WARN] PackLoader:240 - Cannot read IP mode file for STMicroelectronics.X-CUBE-BLE1.6.2.4
2024-11-01 16:30:08,406 [WARN] PackLoader:240 - Cannot read IP mode file for STMicroelectronics.FP-SNS-FLIGHT1.5.0.2
2024-11-01 16:30:08,433 [WARN] PackLoader:240 - Cannot read IP mode file for STMicroelectronics.X-CUBE-DISPLAY.3.0.0
2024-11-01 16:30:08,453 [WARN] PackLoader:240 - Cannot read IP mode file for STMicroelectronics.X-CUBE-BLE1.7.0.0
2024-11-01 16:30:08,470 [WARN] PackLoader:240 - Cannot read IP mode file for STMicroelectronics.X-CUBE-NFC10.1.0.0
2024-11-01 16:30:08,481 [WARN] PackLoader:240 - Cannot read IP mode file for STMicroelectronics.X-CUBE-TOUCHGFX.4.22.0
2024-11-01 16:30:08,487 [WARN] PackLoader:240 - Cannot read IP mode file for STMicroelectronics.X-CUBE-TOUCHGFX.4.22.1
2024-11-01 16:30:08,513 [WARN] PackLoader:240 - Cannot read IP mode file for STMicroelectronics.X-CUBE-BLEMGR.3.1.0
2024-11-01 16:30:08,564 [WARN] PackLoader:240 - Cannot read IP mode file for STMicroelectronics.FP-SNS-SMARTAG2.1.2.0
2024-11-01 16:30:08,591 [INFO] LogOutputStream:77 - [STDOUT_REDIRECT] 1 : Invalid condition id : UX_CORESTACK_Condition cause : null
2024-11-01 16:30:08,591 [INFO] LogOutputStream:77 - [STDOUT_REDIRECT] 1 : Invalid condition id : UX_CORESTACK_Condition cause : null
2024-11-01 16:30:08,591 [INFO] LogOutputStream:77 - [STDOUT_REDIRECT] 1 : Invalid condition id : UX_CORESTACK_Condition cause : null
2024-11-01 16:30:08,613 [INFO] LogOutputStream:77 - [STDOUT_REDIRECT] 1 : Invalid condition id : UX_CORESTACK_Condition cause : null
2024-11-01 16:30:08,617 [INFO] LogOutputStream:77 - [STDOUT_REDIRECT] 1 : Invalid condition id : UX_CORESTACK_Condition cause : null
2024-11-01 16:30:08,624 [WARN] PackLoader:240 - Cannot read IP mode file for STMicroelectronics.X-CUBE-AZRTOS-WL.2.0.0
2024-11-01 16:30:08,635 [WARN] PackLoader:240 - Cannot read IP mode file for STMicroelectronics.FP-SNS-MOTENV1.5.0.0
2024-11-01 16:30:08,653 [WARN] PackLoader:240 - Cannot read IP mode file for wolfSSL.I-CUBE-wolfMQTT.1.19.0
2024-11-01 16:30:08,685 [WARN] PackLoader:240 - Cannot read IP mode file for WES.I-CUBE-Cesium.1.3.0
2024-11-01 16:30:08,700 [WARN] PackLoader:240 - Cannot read IP mode file for STMicroelectronics.X-CUBE-BLE2.3.3.0
2024-11-01 16:30:08,765 [WARN] PackLoader:240 - Cannot read IP mode file for STMicroelectronics.X-CUBE-TOF1.3.2.0
2024-11-01 16:30:08,798 [WARN] PackLoader:240 - Cannot read IP mode file for STMicroelectronics.X-CUBE-NFC9.1.0.0
2024-11-01 16:30:08,820 [WARN] PackLoader:240 - Cannot read IP mode file for STMicroelectronics.X-CUBE-TCPP.4.1.0
2024-11-01 16:30:08,852 [WARN] PackLoader:240 - Cannot read IP mode file for STMicroelectronics.X-CUBE-TOUCHGFX.4.21.1
2024-11-01 16:30:08,861 [WARN] PackLoader:240 - Cannot read IP mode file for STMicroelectronics.X-CUBE-TOUCHGFX.4.21.3
2024-11-01 16:30:08,868 [WARN] PackLoader:240 - Cannot read IP mode file for STMicroelectronics.X-CUBE-TOUCHGFX.4.21.4
2024-11-01 16:30:08,877 [INFO] WebApp:188 - Starting web application
2024-11-01 16:30:08,877 [INFO] WebApp:520 - Web application path used C:\ST\STM32CubeIDE_1.4.0\STM32CubeIDE\plugins\com.st.stm32cube.common.mx_6.9.1.202307191849\db\plugins\mcufinder\reactClient1\index.html
2024-11-01 16:30:08,888 [WARN] PackLoader:240 - Cannot read IP mode file for STMicroelectronics.X-CUBE-ALGOBUILD.1.3.0
2024-11-01 16:30:08,935 [WARN] PackLoader:240 - Cannot read IP mode file for STMicroelectronics.X-CUBE-AZRTOS-G0.1.1.0
2024-11-01 16:30:09,026 [WARN] PackLoader:240 - Cannot read IP mode file for STMicroelectronics.X-CUBE-SAFEA1.1.2.2
2024-11-01 16:30:09,065 [WARN] PackLoader:240 - Cannot read IP mode file for STMicroelectronics.X-CUBE-NFC4.3.0.0
2024-11-01 16:30:09,093 [ERROR] Engine:466 - C:\Users\Minh\.stm32cubemx\thirdparties\pdsc\EmbeddedOffice.I-CUBE-FS-RTOS.1.0.1.pdsc: PDSC version is not supported
2024-11-01 16:30:09,141 [WARN] PackLoader:240 - Cannot read IP mode file for STMicroelectronics.X-CUBE-BLEMGR.3.0.0
2024-11-01 16:30:09,186 [ERROR] Engine:466 - C:\Users\Minh\.stm32cubemx\thirdparties\pdsc\RealThread.X-CUBE-RT-Thread_Nano.4.1.1.pdsc: PDSC version is not supported
2024-11-01 16:30:09,232 [WARN] PackLoader:240 - Cannot read IP mode file for STMicroelectronics.FP-ATR-SIGFOX1.3.2.0
2024-11-01 16:30:09,261 [WARN] PackLoader:240 - Cannot read IP mode file for STMicroelectronics.X-CUBE-EEPRMA1.5.1.0
2024-11-01 16:30:09,494 [WARN] PackLoader:240 - Cannot read IP mode file for STMicroelectronics.X-CUBE-MEMS1.9.5.0
2024-11-01 16:30:10,293 [WARN] PackLoader:240 - Cannot read IP mode file for SEGGER.I-CUBE-embOS.1.3.1
2024-11-01 16:30:10,441 [WARN] PackLoader:240 - Cannot read IP mode file for STMicroelectronics.X-CUBE-ALGOBUILD.1.4.0
2024-11-01 16:30:10,452 [WARN] PackLoader:240 - Cannot read IP mode file for STMicroelectronics.X-CUBE-AI.9.1.0
2024-11-01 16:30:10,470 [WARN] PackLoader:240 - Cannot read IP mode file for STMicroelectronics.X-CUBE-GNSS1.6.0.0
2024-11-01 16:30:10,514 [WARN] PackLoader:240 - Cannot read IP mode file for STMicroelectronics.X-CUBE-AZRTOS-F4.1.1.0
2024-11-01 16:30:10,530 [WARN] PackLoader:240 - Cannot read IP mode file for STMicroelectronics.X-CUBE-ISPU.2.1.0
2024-11-01 16:30:10,553 [WARN] PackLoader:240 - Cannot read IP mode file for STMicroelectronics.X-CUBE-FREERTOS.1.2.0
2024-11-01 16:30:10,597 [WARN] PackLoader:240 - Cannot read IP mode file for STMicroelectronics.X-CUBE-AZRTOS-L5.2.0.0
2024-11-01 16:30:10,727 [WARN] PackLoader:240 - Cannot read IP mode file for STMicroelectronics.X-CUBE-MEMS1.9.6.0
2024-11-01 16:30:11,051 [WARN] PackLoader:240 - Cannot read IP mode file for STMicroelectronics.X-CUBE-EEPRMA1.4.2.0
2024-11-01 16:30:11,071 [WARN] PackLoader:240 - Cannot read IP mode file for STMicroelectronics.X-CUBE-NFC6.3.1.0
2024-11-01 16:30:11,088 [WARN] PackLoader:240 - Cannot read IP mode file for ITTIA_DB.I-CUBE-ITTIADB.8.8.0
2024-11-01 16:30:11,106 [WARN] PackLoader:240 - Cannot read IP mode file for emotas.I-CUBE-CANOPEN.1.1.3
2024-11-01 16:30:11,123 [WARN] PackLoader:240 - Cannot read IP mode file for STMicroelectronics.X-CUBE-BLEMGR.2.0.0
2024-11-01 16:30:11,132 [ERROR] Engine:466 - C:\Users\Minh\.stm32cubemx\thirdparties\pdsc\STMicroelectronics.X-CUBE-DPower.1.2.0.pdsc: PDSC version is not supported
2024-11-01 16:30:11,139 [WARN] PackLoader:240 - Cannot read IP mode file for STMicroelectronics.X-CUBE-AI.9.0.0
2024-11-01 16:30:11,183 [WARN] ConditionMgr:438 - getConditionDescription Invalid condition id : UX DEVICE CLASS RTOS Condition cause : null
2024-11-01 16:30:11,183 [WARN] ConditionMgr:438 - getConditionDescription Invalid condition id : UX DEVICE CLASS RTOS Condition cause : null
2024-11-01 16:30:11,196 [WARN] PackLoader:240 - Cannot read IP mode file for STMicroelectronics.X-CUBE-AZRTOS-H7.3.1.0
2024-11-01 16:30:11,199 [WARN] ConditionMgr:1039 - genDependencies : Invalid condition id : UX DEVICE CLASS RTOS Condition cause : null
2024-11-01 16:30:11,199 [WARN] ConditionMgr:1039 - genDependencies : Invalid condition id : UX DEVICE CLASS RTOS Condition cause : null
2024-11-01 16:30:11,200 [WARN] ConditionMgr:1039 - genDependencies : Invalid condition id : UX DEVICE CLASS RTOS Condition cause : null
2024-11-01 16:30:11,202 [WARN] ConditionMgr:1039 - genDependencies : Invalid condition id : UX DEVICE CLASS RTOS Condition cause : null
2024-11-01 16:30:11,202 [WARN] ConditionMgr:1039 - genDependencies : Invalid condition id : UX DEVICE CLASS RTOS Condition cause : null
2024-11-01 16:30:11,213 [WARN] PackLoader:240 - Cannot read IP mode file for wolfSSL.I-CUBE-wolfSSL.5.5.4
2024-11-01 16:30:11,233 [WARN] PackLoader:240 - Cannot read IP mode file for STMicroelectronics.X-CUBE-NFC7.1.0.1
2024-11-01 16:30:11,245 [WARN] PackLoader:240 - Cannot read IP mode file for STMicroelectronics.X-CUBE-NFC7.1.0.0
2024-11-01 16:30:11,254 [WARN] PackLoader:240 - Cannot read IP mode file for wolfSSL.I-CUBE-wolfTPM.3.2.0
2024-11-01 16:30:11,266 [WARN] PackLoader:240 - Cannot read IP mode file for STMicroelectronics.X-CUBE-NFC6.3.0.0
2024-11-01 16:30:11,280 [WARN] PackLoader:240 - Cannot read IP mode file for STMicroelectronics.X-CUBE-EEPRMA1.4.1.0
2024-11-01 16:30:11,290 [WARN] PackLoader:240 - Cannot read IP mode file for STMicroelectronics.X-CUBE-AI.8.1.0
2024-11-01 16:30:11,343 [WARN] ConditionMgr:438 - getConditionDescription Invalid condition id : LAN8742 Phy interface Condition cause : null
2024-11-01 16:30:11,345 [WARN] PackLoader:240 - Cannot read IP mode file for STMicroelectronics.X-CUBE-AZRTOS-L4.2.0.0
2024-11-01 16:30:11,348 [WARN] ConditionMgr:1039 - genDependencies : Invalid condition id : LAN8742 Phy interface Condition cause : null
2024-11-01 16:30:11,349 [WARN] ConditionMgr:1039 - genDependencies : Invalid condition id : LAN8742 Phy interface Condition cause : null
2024-11-01 16:30:11,350 [WARN] ConditionMgr:1039 - genDependencies : Invalid condition id : LAN8742 Phy interface Condition cause : null
2024-11-01 16:30:11,367 [WARN] PackLoader:240 - Cannot read IP mode file for STMicroelectronics.X-CUBE-SFXS2LP1.4.0.0
2024-11-01 16:30:11,412 [WARN] PackLoader:240 - Cannot read IP mode file for STMicroelectronics.X-CUBE-AZRTOS-H7.3.0.0
2024-11-01 16:30:11,439 [WARN] PackLoader:240 - Cannot read IP mode file for STMicroelectronics.X-CUBE-ISPU.1.1.0
2024-11-01 16:30:11,486 [WARN] PackLoader:240 - Cannot read IP mode file for STMicroelectronics.X-CUBE-AZRTOS-H7.3.3.0
2024-11-01 16:30:11,508 [WARN] PackLoader:240 - Cannot read IP mode file for RoweBots.I-CUBE-UNISONRTOS.5.5.0-4
2024-11-01 16:30:11,518 [WARN] PackLoader:240 - Cannot read IP mode file for STMicroelectronics.X-CUBE-AI.8.0.0
2024-11-01 16:30:11,529 [ERROR] Engine:466 - C:\Users\Minh\.stm32cubemx\thirdparties\pdsc\STMicroelectronics.X-CUBE-IPS.3.0.0.pdsc: PDSC version is not supported
2024-11-01 16:30:11,557 [WARN] ConditionMgr:438 - getConditionDescription Invalid condition id : UX DEVICE CLASS RTOS Condition cause : null
2024-11-01 16:30:11,557 [WARN] ConditionMgr:438 - getConditionDescription Invalid condition id : UX DEVICE CLASS RTOS Condition cause : null
2024-11-01 16:30:11,563 [WARN] PackLoader:240 - Cannot read IP mode file for STMicroelectronics.X-CUBE-AZRTOS-WB.2.0.0
2024-11-01 16:30:11,564 [WARN] ConditionMgr:1039 - genDependencies : Invalid condition id : UX DEVICE CLASS RTOS Condition cause : null
2024-11-01 16:30:11,565 [WARN] ConditionMgr:1039 - genDependencies : Invalid condition id : UX DEVICE CLASS RTOS Condition cause : null
2024-11-01 16:30:11,566 [WARN] ConditionMgr:1039 - genDependencies : Invalid condition id : UX DEVICE CLASS RTOS Condition cause : null
2024-11-01 16:30:11,567 [WARN] ConditionMgr:1039 - genDependencies : Invalid condition id : UX DEVICE CLASS RTOS Condition cause : null
2024-11-01 16:30:11,567 [WARN] ConditionMgr:1039 - genDependencies : Invalid condition id : UX DEVICE CLASS RTOS Condition cause : null
2024-11-01 16:30:11,577 [WARN] PackLoader:240 - Cannot read IP mode file for STMicroelectronics.X-CUBE-FREERTOS.1.0.0
2024-11-01 16:30:11,587 [WARN] PackLoader:240 - Cannot read IP mode file for STMicroelectronics.X-CUBE-FREERTOS.1.0.1
2024-11-01 16:30:11,602 [WARN] PackLoader:240 - Cannot read IP mode file for STMicroelectronics.X-CUBE-GNSS1.7.0.0
2024-11-01 16:30:11,613 [ERROR] Engine:466 - C:\Users\Minh\.stm32cubemx\thirdparties\pdsc\STMicroelectronics.FP-SNS-STBOX1.2.0.0.pdsc: PDSC version is not supported
2024-11-01 16:30:11,648 [WARN] PackLoader:240 - Cannot read IP mode file for STMicroelectronics.X-CUBE-AZRTOS-L5.1.1.0
2024-11-01 16:30:11,662 [WARN] PackLoader:240 - Cannot read IP mode file for STMicroelectronics.X-CUBE-AI.8.0.1
2024-11-01 16:30:11,685 [WARN] PackLoader:240 - Cannot read IP mode file for STMicroelectronics.X-CUBE-SUBG2.5.0.0
2024-11-01 16:30:11,710 [WARN] PackLoader:240 - Cannot read IP mode file for Cesanta.I-CUBE-Mongoose.7.13.0
2024-11-01 16:30:11,730 [WARN] PackLoader:240 - Cannot read IP mode file for STMicroelectronics.X-CUBE-TOF1.3.3.1
2024-11-01 16:30:11,785 [WARN] PackLoader:240 - Cannot read IP mode file for STMicroelectronics.X-CUBE-AZRTOS-G4.2.0.0
2024-11-01 16:30:11,809 [WARN] PackLoader:240 - Cannot read IP mode file for STMicroelectronics.X-CUBE-TOF1.3.3.0
2024-11-01 16:30:11,837 [WARN] PackLoader:240 - Cannot read IP mode file for STMicroelectronics.FP-ATR-ASTRA1.1.1.1
2024-11-01 16:30:11,866 [WARN] PackLoader:240 - Cannot read IP mode file for Infineon.AIROC-Wi-Fi-Bluetooth-STM32.1.5.1
2024-11-01 16:30:11,881 [WARN] PackLoader:240 - Cannot read IP mode file for STMicroelectronics.FP-SNS-MOTENVWB1.1.3.0
2024-11-01 16:30:11,891 [WARN] PackLoader:240 - Cannot read IP mode file for STMicroelectronics.FP-SNS-MOTENVWB1.1.3.1
2024-11-01 16:30:11,922 [WARN] PackLoader:240 - Cannot read IP mode file for STMicroelectronics.X-CUBE-AZRTOS-G4.1.0.0
2024-11-01 16:30:11,960 [WARN] PackLoader:240 - Cannot read IP mode file for STMicroelectronics.X-CUBE-AZRTOS-L4.1.0.0
2024-11-01 16:30:11,973 [WARN] PackLoader:240 - Cannot read IP mode file for STMicroelectronics.X-CUBE-ISPU.2.0.0
2024-11-01 16:30:11,984 [WARN] PackLoader:240 - Cannot read IP mode file for STMicroelectronics.X-CUBE-ALS.1.0.2
2024-11-01 16:30:12,091 [WARN] PackLoader:240 - Cannot read IP mode file for STMicroelectronics.X-CUBE-MEMS1.10.0.0
2024-11-01 16:30:12,367 [WARN] PackLoader:240 - Cannot read IP mode file for STMicroelectronics.X-CUBE-FREERTOS.1.1.0
2024-11-01 16:30:12,375 [WARN] PackLoader:240 - Cannot read IP mode file for STMicroelectronics.X-CUBE-TOUCHGFX.4.24.0
2024-11-01 16:30:12,396 [WARN] PackLoader:240 - Cannot read IP mode file for STMicroelectronics.X-CUBE-AZRTOS-WL.1.0.0
2024-11-01 16:30:12,407 [WARN] PackLoader:240 - Cannot read IP mode file for STMicroelectronics.X-CUBE-TOUCHGFX.4.24.1
2024-11-01 16:30:12,421 [WARN] PackLoader:240 - Cannot read IP mode file for portGmbH.I-Cube-SoM-uGOAL.1.1.0
2024-11-01 16:30:12,430 [WARN] PackLoader:240 - Cannot read IP mode file for STMicroelectronics.X-CUBE-ALS.1.0.1
2024-11-01 16:30:12,458 [WARN] PackLoader:240 - Cannot read IP mode file for STMicroelectronics.X-CUBE-AZRTOS-WB.1.1.0
2024-11-01 16:30:12,504 [WARN] PackLoader:240 - Cannot read IP mode file for STMicroelectronics.X-CUBE-AZRTOS-H7RS.1.0.0
2024-11-01 16:30:12,516 [WARN] PackLoader:240 - Cannot read IP mode file for STMicroelectronics.FP-ATR-ASTRA1.2.0.0
2024-11-01 16:30:12,530 [ERROR] Engine:466 - C:\Users\Minh\.stm32cubemx\thirdparties\pdsc\STMicroelectronics.X-CUBE-TOF1.3.4.2.pdsc: PDSC version is not supported
2024-11-01 16:30:12,552 [WARN] PackLoader:240 - Cannot read IP mode file for STMicroelectronics.X-CUBE-TOF1.3.4.0
2024-11-01 16:30:12,601 [WARN] PackLoader:240 - Cannot read IP mode file for STMicroelectronics.X-CUBE-TOF1.3.4.1
2024-11-01 16:30:12,679 [WARN] PackLoader:240 - Cannot read IP mode file for STMicroelectronics.X-CUBE-AZRTOS-H7.3.2.0
2024-11-01 16:30:12,696 [WARN] PackLoader:240 - Cannot read IP mode file for wolfSSL.I-CUBE-wolfSSH.1.4.17
2024-11-01 16:30:12,697 [INFO] ThirdParty:978 - Integrity check success = true
2024-11-01 16:30:12,697 [INFO] IntegrityCheckThread:100 - exiting critical section [integrity check]
2024-11-01 16:30:12,697 [INFO] IntegrityCheckThread:103 - End integrity checks thread
2024-11-01 16:40:34,452 [ERROR] LogOutputStream:75 - [STDERR_REDIRECT] SLF4J: Failed to load class "org.slf4j.impl.StaticLoggerBinder".
2024-11-01 16:40:34,453 [ERROR] LogOutputStream:75 - [STDERR_REDIRECT] SLF4J: Defaulting to no-operation (NOP) logger implementation
2024-11-01 16:40:34,456 [ERROR] LogOutputStream:75 - [STDERR_REDIRECT] SLF4J: See http://www.slf4j.org/codes.html#StaticLoggerBinder for further details.
2024-11-01 17:10:23,428 [ERROR] LogOutputStream:75 - [STDERR_REDIRECT] 
