2024-12-30 10:51:45,194 [INFO] Activator:176 - 


2024-12-30 10:51:45,210 [INFO] Activator:177 - !SESSION log4j initialized
2024-12-30 10:52:06,500 [INFO] LogOutputStream:77 - [STDOUT_REDIRECT] 
2024-12-30 10:52:12,954 [INFO] ApplicationProperties:184 - Using Application install path: C:\ST\STM32CubeIDE_1.4.0\STM32CubeIDE\plugins\com.st.stm32cube.common.mx_6.9.1.202307191849
2024-12-30 10:52:12,995 [INFO] DbMcusXml:78 - Set database path to: C:\ST\STM32CubeIDE_1.4.0\STM32CubeIDE\plugins\com.st.stm32cube.common.mx_6.9.1.202307191849\\db\/mcu/
2024-12-30 10:52:12,995 [INFO] ApiDb:274 - Set plugin database path to: C:\ST\STM32CubeIDE_1.4.0\STM32CubeIDE\plugins\com.st.stm32cube.common.mx_6.9.1.202307191849\\db\/plugins/boardmanager/
2024-12-30 10:52:12,997 [WARN] ApiDb:259 - Overriding images path with different value:  => C:\ST\STM32CubeIDE_1.4.0\STM32CubeIDE\plugins\com.st.stm32cube.common.mx_6.9.1.202307191849\\db\/plugins/mcufinder/images/
2024-12-30 10:52:13,019 [INFO] ApiDb:250 - Set database path to: C:\Users\Minh\.stmcufinder\plugins\mcufinder//mcu/
2024-12-30 10:52:13,025 [INFO] DbMcusAds:125 - Set database path to: C:\Users\Minh\.stmcufinder\plugins\mcufinder//mcu/
2024-12-30 10:52:13,030 [INFO] CrossReferenceDbSqlite:203 - Set database path to: C:\Users\Minh\.stmcufinder\plugins\mcufinder//mcu/cs/
2024-12-30 10:52:13,324 [INFO] RulesReader:64 - Compatibility file has been processed (293 Rules)
2024-12-30 10:52:13,579 [INFO] DbMcusXml:78 - Set database path to: C:\ST\STM32CubeIDE_1.4.0\STM32CubeIDE\plugins\com.st.stm32cube.common.mx_6.9.1.202307191849\\db\/mcu/
2024-12-30 10:52:13,580 [INFO] ApiDb:274 - Set plugin database path to: C:\ST\STM32CubeIDE_1.4.0\STM32CubeIDE\plugins\com.st.stm32cube.common.mx_6.9.1.202307191849\\db\/plugins/boardmanager/
2024-12-30 10:52:13,580 [INFO] ApiDb:261 - Set plugin images path to: C:\ST\STM32CubeIDE_1.4.0\STM32CubeIDE\plugins\com.st.stm32cube.common.mx_6.9.1.202307191849\\db\/plugins/mcufinder/images/
2024-12-30 10:52:13,580 [WARN] DbFile:41 - Overriding database path with different value: C:\Users\Minh\.stmcufinder\plugins\mcufinder/ => C:\Users\Minh\.stmcufinder\plugins\mcufinder
2024-12-30 10:52:13,580 [INFO] ApiDb:250 - Set database path to: C:\Users\Minh\.stmcufinder\plugins\mcufinder//mcu/
2024-12-30 10:52:13,580 [WARN] DbFile:41 - Overriding database path with different value: C:\Users\Minh\.stmcufinder\plugins\mcufinder/ => C:\Users\Minh\.stmcufinder\plugins\mcufinder
2024-12-30 10:52:13,580 [INFO] DbMcusAds:125 - Set database path to: C:\Users\Minh\.stmcufinder\plugins\mcufinder//mcu/
2024-12-30 10:52:13,580 [WARN] DbFile:41 - Overriding database path with different value: C:\Users\Minh\.stmcufinder\plugins\mcufinder/ => C:\Users\Minh\.stmcufinder\plugins\mcufinder
2024-12-30 10:52:13,580 [WARN] DbFile:41 - Overriding database path with different value: C:\Users\Minh\.stmcufinder\plugins\mcufinder/ => C:\Users\Minh\.stmcufinder\plugins\mcufinder
2024-12-30 10:52:13,580 [INFO] CrossReferenceDbSqlite:203 - Set database path to: C:\Users\Minh\.stmcufinder\plugins\mcufinder//mcu/cs/
2024-12-30 10:52:13,843 [INFO] MainPanel:262 - HeapMemory: 268435456
2024-12-30 10:52:14,091 [INFO] DbMcusXml:78 - Set database path to: C:\ST\STM32CubeIDE_1.4.0\STM32CubeIDE\plugins\com.st.stm32cube.common.mx_6.9.1.202307191849\\db\/mcu/
2024-12-30 10:52:14,092 [INFO] ApiDb:274 - Set plugin database path to: C:\ST\STM32CubeIDE_1.4.0\STM32CubeIDE\plugins\com.st.stm32cube.common.mx_6.9.1.202307191849\\db\/plugins/boardmanager/
2024-12-30 10:52:14,092 [INFO] ApiDb:261 - Set plugin images path to: C:\ST\STM32CubeIDE_1.4.0\STM32CubeIDE\plugins\com.st.stm32cube.common.mx_6.9.1.202307191849\\db\/plugins/mcufinder/images/
2024-12-30 10:52:14,093 [WARN] DbFile:41 - Overriding database path with different value: C:\Users\Minh\.stmcufinder\plugins\mcufinder/ => C:\Users\Minh\.stmcufinder\plugins\mcufinder
2024-12-30 10:52:14,094 [INFO] ApiDb:250 - Set database path to: C:\Users\Minh\.stmcufinder\plugins\mcufinder//mcu/
2024-12-30 10:52:14,094 [WARN] DbFile:41 - Overriding database path with different value: C:\Users\Minh\.stmcufinder\plugins\mcufinder/ => C:\Users\Minh\.stmcufinder\plugins\mcufinder
2024-12-30 10:52:14,094 [INFO] DbMcusAds:125 - Set database path to: C:\Users\Minh\.stmcufinder\plugins\mcufinder//mcu/
2024-12-30 10:52:14,095 [WARN] DbFile:41 - Overriding database path with different value: C:\Users\Minh\.stmcufinder\plugins\mcufinder/ => C:\Users\Minh\.stmcufinder\plugins\mcufinder
2024-12-30 10:52:14,095 [WARN] DbFile:41 - Overriding database path with different value: C:\Users\Minh\.stmcufinder\plugins\mcufinder/ => C:\Users\Minh\.stmcufinder\plugins\mcufinder
2024-12-30 10:52:14,095 [INFO] CrossReferenceDbSqlite:203 - Set database path to: C:\Users\Minh\.stmcufinder\plugins\mcufinder//mcu/cs/
2024-12-30 10:52:14,143 [INFO] ApplicationProperties:184 - Using Application install path: C:\ST\STM32CubeIDE_1.4.0\STM32CubeIDE\plugins\com.st.stm32cube.common.mx_6.9.1.202307191849
2024-12-30 10:52:14,147 [INFO] PluginManage:196 - Search for loadable plugins [exclusion list=, ]
2024-12-30 10:52:14,150 [INFO] PluginManage:310 - Check plugin analytics
2024-12-30 10:52:14,691 [INFO] AnalyticsPlugin:253 - Accepted Software Licenses: STM32CubeMX.6.0.0,STM32CubeMX.5.2.0
2024-12-30 10:52:14,691 [INFO] AnalyticsPlugin:255 - Accepted CMSIS Pack Licenses: 
2024-12-30 10:52:14,692 [INFO] AnalyticsPlugin:257 - Accepted Firmware Licenses: 
2024-12-30 10:52:14,701 [INFO] PluginManage:359 - Loaded plugin analytics (category:tool,tabindex:-1)
2024-12-30 10:52:14,704 [INFO] PluginManage:310 - Check plugin cadmodel
2024-12-30 10:52:14,762 [INFO] CADModel:105 - Init CAD model plugin
2024-12-30 10:52:14,763 [INFO] PluginManage:359 - Loaded plugin cadmodel (category:power,tabindex:5)
2024-12-30 10:52:14,763 [INFO] PluginManage:310 - Check plugin clock
2024-12-30 10:52:14,835 [INFO] PluginManage:359 - Loaded plugin clock (category:base,tabindex:2)
2024-12-30 10:52:14,835 [INFO] PluginManage:310 - Check plugin ddr
2024-12-30 10:52:14,840 [INFO] PluginManage:359 - Loaded plugin ddr (category:tool,tabindex:6)
2024-12-30 10:52:14,840 [INFO] PluginManage:310 - Check plugin filemanager
2024-12-30 10:52:15,291 [INFO] PluginManage:359 - Loaded plugin filemanager (category:base,tabindex:10)
2024-12-30 10:52:15,292 [INFO] PluginManage:310 - Check plugin ipmanager
2024-12-30 10:52:15,313 [INFO] PluginManage:359 - Loaded plugin ipmanager (category:base,tabindex:5)
2024-12-30 10:52:15,314 [INFO] PluginManage:310 - Check plugin lpbam
2024-12-30 10:52:15,379 [INFO] PluginManage:359 - Loaded plugin lpbam (category:base,tabindex:0)
2024-12-30 10:52:15,379 [INFO] PluginManage:310 - Check plugin memorymap
2024-12-30 10:52:15,450 [INFO] PluginManage:359 - Loaded plugin memorymap (category:base,tabindex:4)
2024-12-30 10:52:15,451 [INFO] PluginManage:310 - Check plugin pinoutandconfiguration
2024-12-30 10:52:15,520 [INFO] PluginManage:359 - Loaded plugin pinoutandconfiguration (category:base,tabindex:1)
2024-12-30 10:52:15,521 [INFO] PluginManage:310 - Check plugin pinoutconfig
2024-12-30 10:52:15,794 [WARN] SupportedApi:132 - Cannot load RTOS API schema: s4s-elt-must-match.1: The content of 'definitions' must match (annotation?, (simpleType | complexType)?, (unique | key | keyref)*)). A problem was found starting at: attribute.
2024-12-30 10:52:16,175 [INFO] PluginManage:359 - Loaded plugin pinoutconfig (category:base,tabindex:0)
2024-12-30 10:52:16,175 [INFO] PluginManage:310 - Check plugin power
2024-12-30 10:52:16,238 [INFO] PluginManage:359 - Loaded plugin power (category:power,tabindex:4)
2024-12-30 10:52:16,239 [INFO] PluginManage:310 - Check plugin projectmanager
2024-12-30 10:52:16,276 [INFO] PluginManage:359 - Loaded plugin projectmanager (category:projectmanager,tabindex:3)
2024-12-30 10:52:16,276 [INFO] PluginManage:310 - Check plugin thirdparty
2024-12-30 10:52:17,027 [INFO] PluginManage:359 - Loaded plugin thirdparty (category:base,tabindex:-1)
2024-12-30 10:52:17,027 [WARN] IntegrityCheckThread:84 - waiting for thirdparty lock release [integrity check]
2024-12-30 10:52:17,028 [INFO] IntegrityCheckThread:86 - entering critical section [integrity check]
2024-12-30 10:52:17,028 [INFO] PluginManage:310 - Check plugin tools
2024-12-30 10:52:17,029 [INFO] ThirdPartyUpdaterWithRetryManager:70 - Updater plugin not ready yet. [1/15]
2024-12-30 10:52:17,168 [INFO] PluginManage:359 - Loaded plugin tools (category:base,tabindex:7)
2024-12-30 10:52:17,169 [INFO] PluginManage:310 - Check plugin tutovideos
2024-12-30 10:52:17,678 [INFO] PluginManage:359 - Loaded plugin tutovideos (category:base,tabindex:-1)
2024-12-30 10:52:17,678 [INFO] PluginManage:310 - Check plugin updater
2024-12-30 10:52:17,706 [INFO] PluginManage:359 - Loaded plugin updater (category:base,tabindex:12)
2024-12-30 10:52:17,706 [INFO] PluginManage:310 - Check plugin userauth
2024-12-30 10:52:17,722 [INFO] UserAuth:113 - Init User Auth plugin
2024-12-30 10:52:17,723 [INFO] PluginManage:359 - Loaded plugin userauth (category:base,tabindex:14)
2024-12-30 10:52:17,724 [INFO] PluginManage:283 - PluginManage : Loaded plugins [17]
2024-12-30 10:52:18,322 [INFO] PinOutPanel:1499 - setPackage(No Configuration,No Configuration)
2024-12-30 10:52:18,598 [INFO] CADModel:165 - CPN selected for project level
2024-12-30 10:52:18,599 [INFO] CADModel:114 - Register for checkConnection events
2024-12-30 10:52:18,667 [INFO] IPUIPlugin:80 - create IPUIPlugin
2024-12-30 10:52:18,667 [INFO] PluginManager:220 - loadIPPluginJar : add adc
2024-12-30 10:52:18,770 [INFO] IPUIPlugin:80 - create IPUIPlugin
2024-12-30 10:52:18,770 [INFO] PluginManager:220 - loadIPPluginJar : add aes
2024-12-30 10:52:18,882 [INFO] IPUIPlugin:80 - create IPUIPlugin
2024-12-30 10:52:18,882 [INFO] PluginManager:220 - loadIPPluginJar : add can
2024-12-30 10:52:18,948 [INFO] IPUIPlugin:80 - create IPUIPlugin
2024-12-30 10:52:18,949 [INFO] PluginManager:220 - loadIPPluginJar : add comp
2024-12-30 10:52:19,049 [INFO] IPUIPlugin:80 - create IPUIPlugin
2024-12-30 10:52:19,049 [INFO] PluginManager:220 - loadIPPluginJar : add cryp
2024-12-30 10:52:19,139 [INFO] IPUIPlugin:80 - create IPUIPlugin
2024-12-30 10:52:19,139 [INFO] PluginManager:220 - loadIPPluginJar : add dfsdm
2024-12-30 10:52:19,176 [INFO] IPUIPlugin:80 - create IPUIPlugin
2024-12-30 10:52:19,177 [INFO] PluginManager:220 - loadIPPluginJar : add dma
2024-12-30 10:52:19,313 [INFO] IPUIPlugin:80 - create IPUIPlugin
2024-12-30 10:52:19,313 [INFO] PluginManager:220 - loadIPPluginJar : add dma3
2024-12-30 10:52:19,382 [INFO] IPUIPlugin:80 - create IPUIPlugin
2024-12-30 10:52:19,382 [INFO] PluginManager:220 - loadIPPluginJar : add fatfs
2024-12-30 10:52:19,520 [INFO] IPUIPlugin:80 - create IPUIPlugin
2024-12-30 10:52:19,521 [INFO] PluginManager:220 - loadIPPluginJar : add fmc
2024-12-30 10:52:19,555 [INFO] IPUIPlugin:80 - create IPUIPlugin
2024-12-30 10:52:19,556 [INFO] PluginManager:220 - loadIPPluginJar : add freertos
2024-12-30 10:52:19,619 [INFO] IPUIPlugin:80 - create IPUIPlugin
2024-12-30 10:52:19,619 [INFO] PluginManager:220 - loadIPPluginJar : add genericplugin
2024-12-30 10:52:19,905 [INFO] IPUIPlugin:80 - create IPUIPlugin
2024-12-30 10:52:19,906 [INFO] PluginManager:220 - loadIPPluginJar : add gfxmmu
2024-12-30 10:52:20,031 [INFO] ThirdPartyUpdaterWithRetryManager:70 - Updater plugin not ready yet. [2/15]
2024-12-30 10:52:20,271 [INFO] IPUIPlugin:80 - create IPUIPlugin
2024-12-30 10:52:20,272 [INFO] PluginManager:220 - loadIPPluginJar : add gic
2024-12-30 10:52:20,305 [INFO] IPUIPlugin:80 - create IPUIPlugin
2024-12-30 10:52:20,305 [INFO] PluginManager:220 - loadIPPluginJar : add gpio
2024-12-30 10:52:20,571 [INFO] IPUIPlugin:80 - create IPUIPlugin
2024-12-30 10:52:20,571 [INFO] PluginManager:220 - loadIPPluginJar : add gtzc
2024-12-30 10:52:20,673 [INFO] IPUIPlugin:80 - create IPUIPlugin
2024-12-30 10:52:20,674 [INFO] PluginManager:220 - loadIPPluginJar : add hash
2024-12-30 10:52:20,857 [INFO] IPUIPlugin:80 - create IPUIPlugin
2024-12-30 10:52:20,857 [INFO] PluginManager:220 - loadIPPluginJar : add i2c
2024-12-30 10:52:20,980 [INFO] IPUIPlugin:80 - create IPUIPlugin
2024-12-30 10:52:20,980 [INFO] PluginManager:220 - loadIPPluginJar : add i2s
2024-12-30 10:52:21,105 [INFO] IPUIPlugin:80 - create IPUIPlugin
2024-12-30 10:52:21,106 [INFO] PluginManager:220 - loadIPPluginJar : add i3c
2024-12-30 10:52:21,384 [INFO] IPUIPlugin:80 - create IPUIPlugin
2024-12-30 10:52:21,384 [INFO] PluginManager:220 - loadIPPluginJar : add ipddr
2024-12-30 10:52:21,639 [INFO] IPUIPlugin:80 - create IPUIPlugin
2024-12-30 10:52:21,640 [INFO] PluginManager:220 - loadIPPluginJar : add linkedlist
2024-12-30 10:52:21,739 [INFO] IPUIPlugin:80 - create IPUIPlugin
2024-12-30 10:52:21,739 [INFO] PluginManager:220 - loadIPPluginJar : add lorawan
2024-12-30 10:52:21,849 [INFO] IPUIPlugin:80 - create IPUIPlugin
2024-12-30 10:52:21,849 [INFO] PluginManager:220 - loadIPPluginJar : add ltdc
2024-12-30 10:52:21,885 [INFO] IPUIPlugin:80 - create IPUIPlugin
2024-12-30 10:52:21,886 [INFO] PluginManager:220 - loadIPPluginJar : add mdma
2024-12-30 10:52:21,918 [INFO] IPUIPlugin:80 - create IPUIPlugin
2024-12-30 10:52:21,919 [INFO] PluginManager:220 - loadIPPluginJar : add nvic
2024-12-30 10:52:22,030 [INFO] IPUIPlugin:80 - create IPUIPlugin
2024-12-30 10:52:22,030 [INFO] PluginManager:220 - loadIPPluginJar : add opamp
2024-12-30 10:52:22,236 [INFO] IPUIPlugin:80 - create IPUIPlugin
2024-12-30 10:52:22,236 [INFO] PluginManager:220 - loadIPPluginJar : add openamp
2024-12-30 10:52:22,380 [INFO] IPUIPlugin:80 - create IPUIPlugin
2024-12-30 10:52:22,380 [INFO] PluginManager:220 - loadIPPluginJar : add pdm2pcm
2024-12-30 10:52:22,424 [INFO] IPUIPlugin:80 - create IPUIPlugin
2024-12-30 10:52:22,429 [INFO] PluginManager:220 - loadIPPluginJar : add plateformsettings
2024-12-30 10:52:22,495 [INFO] IPUIPlugin:80 - create IPUIPlugin
2024-12-30 10:52:22,496 [INFO] PluginManager:220 - loadIPPluginJar : add quadspi
2024-12-30 10:52:22,531 [INFO] IPUIPlugin:80 - create IPUIPlugin
2024-12-30 10:52:22,531 [INFO] PluginManager:220 - loadIPPluginJar : add resmgrutility
2024-12-30 10:52:22,671 [INFO] IPUIPlugin:80 - create IPUIPlugin
2024-12-30 10:52:22,671 [INFO] PluginManager:220 - loadIPPluginJar : add sai
2024-12-30 10:52:22,781 [INFO] IPUIPlugin:80 - create IPUIPlugin
2024-12-30 10:52:22,781 [INFO] PluginManager:220 - loadIPPluginJar : add spi
2024-12-30 10:52:22,924 [INFO] IPUIPlugin:80 - create IPUIPlugin
2024-12-30 10:52:22,924 [INFO] PluginManager:220 - loadIPPluginJar : add stm32_wpan
2024-12-30 10:52:23,002 [INFO] IPUIPlugin:80 - create IPUIPlugin
2024-12-30 10:52:23,002 [INFO] PluginManager:220 - loadIPPluginJar : add tim
2024-12-30 10:52:23,045 [INFO] ThirdPartyUpdaterWithRetryManager:70 - Updater plugin not ready yet. [3/15]
2024-12-30 10:52:23,139 [INFO] IPUIPlugin:80 - create IPUIPlugin
2024-12-30 10:52:23,139 [INFO] PluginManager:220 - loadIPPluginJar : add touchsensing
2024-12-30 10:52:23,193 [INFO] IPUIPlugin:80 - create IPUIPlugin
2024-12-30 10:52:23,194 [INFO] PluginManager:220 - loadIPPluginJar : add tracer_emb
2024-12-30 10:52:23,251 [INFO] IPUIPlugin:80 - create IPUIPlugin
2024-12-30 10:52:23,251 [INFO] PluginManager:220 - loadIPPluginJar : add ts
2024-12-30 10:52:23,325 [INFO] IPUIPlugin:80 - create IPUIPlugin
2024-12-30 10:52:23,326 [INFO] PluginManager:220 - loadIPPluginJar : add tsc
2024-12-30 10:52:23,396 [INFO] IPUIPlugin:80 - create IPUIPlugin
2024-12-30 10:52:23,396 [INFO] PluginManager:220 - loadIPPluginJar : add ucpd
2024-12-30 10:52:23,530 [INFO] IPUIPlugin:80 - create IPUIPlugin
2024-12-30 10:52:23,531 [INFO] PluginManager:220 - loadIPPluginJar : add usart
2024-12-30 10:52:23,652 [INFO] IPUIPlugin:80 - create IPUIPlugin
2024-12-30 10:52:23,652 [INFO] PluginManager:220 - loadIPPluginJar : add usbx
2024-12-30 10:52:23,851 [INFO] CADModel:165 - CPN selected for project level
2024-12-30 10:52:23,851 [INFO] CADModel:114 - Register for checkConnection events
2024-12-30 10:52:23,852 [FATAL] Updater:308 - Updater called before beeing initialized
2024-12-30 10:52:23,852 [ERROR] CADModel:125 - Updater not yet initialized, retry later 
2024-12-30 10:52:24,154 [INFO] CADModel:165 - CPN selected for project level
2024-12-30 10:52:24,155 [INFO] CADModel:114 - Register for checkConnection events
2024-12-30 10:52:24,155 [FATAL] Updater:308 - Updater called before beeing initialized
2024-12-30 10:52:24,155 [ERROR] CADModel:125 - Updater not yet initialized, retry later 
2024-12-30 10:52:24,162 [FATAL] Updater:308 - Updater called before beeing initialized
2024-12-30 10:52:24,427 [FATAL] Updater:308 - Updater called before beeing initialized
2024-12-30 10:52:24,441 [INFO] DbMcusAds:53 - JSON generation date=Wed Dec 18 01:01:15 JST 2024 (1734451275196)
2024-12-30 10:52:24,442 [FATAL] Updater:308 - Updater called before beeing initialized
2024-12-30 10:52:24,639 [WARN] DetailPanel:346 - Failed to get advertising image, set to default
2024-12-30 10:52:24,854 [FATAL] Updater:308 - Updater called before beeing initialized
2024-12-30 10:52:24,860 [FATAL] Updater:308 - Updater called before beeing initialized
2024-12-30 10:52:24,860 [FATAL] Updater:308 - Updater called before beeing initialized
2024-12-30 10:52:24,860 [WARN] DetailPanel:346 - Failed to get advertising image, set to default
2024-12-30 10:52:24,860 [FATAL] Updater:308 - Updater called before beeing initialized
2024-12-30 10:52:25,000 [ERROR] Updater:1120 - MainUpdater not yet initialized. External WinMGr cannot be set.
2024-12-30 10:52:25,029 [INFO] Updater:1056 - Updater Version found : 6.9.1
2024-12-30 10:52:25,071 [INFO] ApplicationProperties:184 - Using Application install path: C:\ST\STM32CubeIDE_1.4.0\STM32CubeIDE\plugins\com.st.stm32cube.common.mx_6.9.1.202307191849
2024-12-30 10:52:25,734 [INFO] MainUpdater:2868 - connection check result : 10
2024-12-30 10:52:25,735 [INFO] MainUpdater:3562 - Updater definition file requires update
2024-12-30 10:52:25,737 [INFO] MainUpdater:285 - Updater Check For Update Now.
2024-12-30 10:52:25,737 [INFO] MicroXplorer:498 - Change Database Version : DB.6.0.91
2024-12-30 10:52:25,776 [INFO] McuFinderGlobals:63 - Set McuFinder mode to 2 (CubeIDE integrated)
2024-12-30 10:52:25,777 [INFO] UserAuth:179 - activating auth plugin
2024-12-30 10:52:25,808 [INFO] ServerAccessManage:473 - Download File updaters.zip
2024-12-30 10:52:25,829 [INFO] UserAuth:393 - Internet connection configuration mode: 1
2024-12-30 10:52:25,885 [INFO] JxBrowserEngine:151 - Initiate JxBrowser Engine with user profile folder
2024-12-30 10:52:26,022 [INFO] FileExtend:240 - Unzip File : updaters.zip
2024-12-30 10:52:26,023 [INFO] FileExtend:255 - Standard Zip Deflate
2024-12-30 10:52:26,052 [WARN] MainUpdater:1189 - Updater busy. Cannot search thirdparties
2024-12-30 10:52:26,053 [INFO] ThirdPartyUpdaterWithRetryManager:96 - Updater plugin is busy. [1/15]
2024-12-30 10:52:26,904 [INFO] ServerAccessManage:473 - Download File PacksControlFlags.xml
2024-12-30 10:52:27,106 [INFO] ServerAccessManage:473 - Download File cubemx.pidx
2024-12-30 10:52:27,398 [INFO] LoadServerUpdatesThread:373 - End of LoadServerUpdate Thread
2024-12-30 10:52:27,722 [INFO] CheckServerUpdateThread:120 - End of CheckServer Thread
2024-12-30 10:52:28,213 [INFO] WebApp:157 - Instantiating new browser for Auth
2024-12-30 10:52:29,873 [INFO] WebApp:753 - Register for checkConnection events
2024-12-30 10:52:29,873 [INFO] WebApp:390 - Apply proxy settings
2024-12-30 10:52:29,874 [INFO] WebApp:475 - Chromium requires no authentication
2024-12-30 10:52:29,895 [INFO] WebApp:418 - Direct internet connection detected
2024-12-30 10:52:29,924 [WARN] PackLoader:240 - Cannot read IP mode file for STMicroelectronics.FP-SNS-MOTENVWB1.1.4.0
2024-12-30 10:52:29,950 [WARN] PackLoader:240 - Cannot read IP mode file for STMicroelectronics.FP-ATR-ASTRA1.2.0.1
2024-12-30 10:52:29,977 [WARN] PackLoader:240 - Cannot read IP mode file for STMicroelectronics.X-CUBE-SMBUS.2.1.0
2024-12-30 10:52:30,007 [WARN] PackLoader:240 - Cannot read IP mode file for STMicroelectronics.X-CUBE-WB05N.1.1.0
2024-12-30 10:52:30,022 [WARN] PackLoader:240 - Cannot read IP mode file for STMicroelectronics.X-CUBE-TOUCHGFX.4.23.0
2024-12-30 10:52:30,029 [WARN] PackLoader:240 - Cannot read IP mode file for STMicroelectronics.X-CUBE-TOUCHGFX.4.23.2
2024-12-30 10:52:30,114 [WARN] PackLoader:240 - Cannot read IP mode file for STMicroelectronics.X-CUBE-AZRTOS-F7.1.1.0
2024-12-30 10:52:30,142 [ERROR] RealEvaluatedCondition:428 - Found unsupported composite condition: CLASS='Data Exchange' GROUP='STM32_MetaDataManager'
2024-12-30 10:52:30,142 [ERROR] RealEvaluatedCondition:428 - Found unsupported composite condition: GROUP='STM32_MetaDataManager' CLASS='Data Exchange'
2024-12-30 10:52:30,146 [WARN] PackLoader:240 - Cannot read IP mode file for STMicroelectronics.FP-SNS-MOTENV1.4.3.0
2024-12-30 10:52:30,169 [WARN] PackLoader:240 - Cannot read IP mode file for STMicroelectronics.FP-SNS-MOTENV1.4.3.2
2024-12-30 10:52:30,191 [WARN] PackLoader:240 - Cannot read IP mode file for STMicroelectronics.FP-SNS-FLIGHT1.5.0.0
2024-12-30 10:52:30,201 [ERROR] RealEvaluatedCondition:428 - Found unsupported composite condition: CLASS='Data Exchange' GROUP='STM32_MetaDataManager'
2024-12-30 10:52:30,202 [ERROR] RealEvaluatedCondition:428 - Found unsupported composite condition: CLASS='Data Exchange' GROUP='STM32_MetaDataManager'
2024-12-30 10:52:30,205 [WARN] PackLoader:240 - Cannot read IP mode file for STMicroelectronics.FP-SNS-MOTENV1.4.3.1
2024-12-30 10:52:30,219 [WARN] PackLoader:240 - Cannot read IP mode file for STMicroelectronics.FP-SNS-FLIGHT1.5.0.1
2024-12-30 10:52:30,419 [WARN] PackLoader:240 - Cannot read IP mode file for STMicroelectronics.X-CUBE-MEMS1.11.0.0
2024-12-30 10:52:30,655 [INFO] WebApp:188 - Starting web application
2024-12-30 10:52:30,656 [INFO] WebApp:520 - Web application path used C:\ST\STM32CubeIDE_1.4.0\STM32CubeIDE\plugins\com.st.stm32cube.common.mx_6.9.1.202307191849\db\plugins\mcufinder\reactClient1\index.html
2024-12-30 10:52:31,036 [WARN] PackLoader:240 - Cannot read IP mode file for STMicroelectronics.X-CUBE-BLE1.6.2.4
2024-12-30 10:52:31,048 [WARN] PackLoader:240 - Cannot read IP mode file for STMicroelectronics.FP-SNS-FLIGHT1.5.0.2
2024-12-30 10:52:31,072 [WARN] PackLoader:240 - Cannot read IP mode file for STMicroelectronics.X-CUBE-DISPLAY.3.0.0
2024-12-30 10:52:31,095 [WARN] PackLoader:240 - Cannot read IP mode file for STMicroelectronics.X-CUBE-BLE1.7.0.0
2024-12-30 10:52:31,117 [WARN] PackLoader:240 - Cannot read IP mode file for STMicroelectronics.X-CUBE-NFC10.1.0.0
2024-12-30 10:52:31,138 [ERROR] Engine:466 - C:\Users\Minh\.stm32cubemx\thirdparties\pdsc\STMicroelectronics.X-CUBE-BLEMGR.4.0.0.pdsc: PDSC version is not supported
2024-12-30 10:52:31,145 [WARN] PackLoader:240 - Cannot read IP mode file for STMicroelectronics.X-CUBE-TOUCHGFX.4.22.0
2024-12-30 10:52:31,153 [WARN] PackLoader:240 - Cannot read IP mode file for STMicroelectronics.X-CUBE-TOUCHGFX.4.22.1
2024-12-30 10:52:31,183 [WARN] PackLoader:240 - Cannot read IP mode file for STMicroelectronics.X-CUBE-BLEMGR.3.1.0
2024-12-30 10:52:31,203 [WARN] PackLoader:240 - Cannot read IP mode file for STMicroelectronics.FP-SNS-SMARTAG2.1.2.0
2024-12-30 10:52:31,553 [WARN] PackLoader:240 - Cannot read IP mode file for STMicroelectronics.X-CUBE-MEMS1.11.1.0
2024-12-30 10:52:32,175 [INFO] LogOutputStream:77 - [STDOUT_REDIRECT] 1 : Invalid condition id : UX_CORESTACK_Condition cause : null
2024-12-30 10:52:32,176 [INFO] LogOutputStream:77 - [STDOUT_REDIRECT] 1 : Invalid condition id : UX_CORESTACK_Condition cause : null
2024-12-30 10:52:32,183 [INFO] LogOutputStream:77 - [STDOUT_REDIRECT] 1 : Invalid condition id : UX_CORESTACK_Condition cause : null
2024-12-30 10:52:32,188 [INFO] LogOutputStream:77 - [STDOUT_REDIRECT] 1 : Invalid condition id : UX_CORESTACK_Condition cause : null
2024-12-30 10:52:32,193 [INFO] LogOutputStream:77 - [STDOUT_REDIRECT] 1 : Invalid condition id : UX_CORESTACK_Condition cause : null
2024-12-30 10:52:32,202 [WARN] PackLoader:240 - Cannot read IP mode file for STMicroelectronics.X-CUBE-AZRTOS-WL.2.0.0
2024-12-30 10:52:32,215 [WARN] PackLoader:240 - Cannot read IP mode file for STMicroelectronics.FP-SNS-MOTENV1.5.0.0
2024-12-30 10:52:32,228 [WARN] PackLoader:240 - Cannot read IP mode file for wolfSSL.I-CUBE-wolfMQTT.1.19.0
2024-12-30 10:52:32,250 [WARN] PackLoader:240 - Cannot read IP mode file for WES.I-CUBE-Cesium.1.3.0
2024-12-30 10:52:32,262 [WARN] PackLoader:240 - Cannot read IP mode file for STMicroelectronics.X-CUBE-BLE2.3.3.0
2024-12-30 10:52:32,300 [WARN] PackLoader:240 - Cannot read IP mode file for STMicroelectronics.X-CUBE-TOF1.3.2.0
2024-12-30 10:52:32,335 [WARN] PackLoader:240 - Cannot read IP mode file for STMicroelectronics.X-CUBE-NFC9.1.0.0
2024-12-30 10:52:32,356 [WARN] PackLoader:240 - Cannot read IP mode file for STMicroelectronics.X-CUBE-TCPP.4.1.0
2024-12-30 10:52:32,366 [WARN] PackLoader:240 - Cannot read IP mode file for STMicroelectronics.X-CUBE-TOUCHGFX.4.21.1
2024-12-30 10:52:32,374 [WARN] PackLoader:240 - Cannot read IP mode file for STMicroelectronics.X-CUBE-TOUCHGFX.4.21.3
2024-12-30 10:52:32,381 [WARN] PackLoader:240 - Cannot read IP mode file for STMicroelectronics.X-CUBE-TOUCHGFX.4.21.4
2024-12-30 10:52:32,401 [WARN] PackLoader:240 - Cannot read IP mode file for STMicroelectronics.X-CUBE-ALGOBUILD.1.3.0
2024-12-30 10:52:32,459 [WARN] PackLoader:240 - Cannot read IP mode file for STMicroelectronics.X-CUBE-AZRTOS-G0.1.1.0
2024-12-30 10:52:32,485 [WARN] PackLoader:240 - Cannot read IP mode file for STMicroelectronics.X-CUBE-SAFEA1.1.2.2
2024-12-30 10:52:32,506 [WARN] PackLoader:240 - Cannot read IP mode file for STMicroelectronics.X-CUBE-NFC4.3.0.0
2024-12-30 10:52:32,518 [ERROR] Engine:466 - C:\Users\Minh\.stm32cubemx\thirdparties\pdsc\EmbeddedOffice.I-CUBE-FS-RTOS.1.0.1.pdsc: PDSC version is not supported
2024-12-30 10:52:32,565 [WARN] PackLoader:240 - Cannot read IP mode file for STMicroelectronics.X-CUBE-BLEMGR.3.0.0
2024-12-30 10:52:32,587 [ERROR] Engine:466 - C:\Users\Minh\.stm32cubemx\thirdparties\pdsc\STMicroelectronics.X-CUBE-TCPP.4.2.0.pdsc: PDSC version is not supported
2024-12-30 10:52:32,593 [ERROR] Engine:466 - C:\Users\Minh\.stm32cubemx\thirdparties\pdsc\RealThread.X-CUBE-RT-Thread_Nano.4.1.1.pdsc: PDSC version is not supported
2024-12-30 10:52:32,615 [WARN] PackLoader:240 - Cannot read IP mode file for STMicroelectronics.FP-ATR-SIGFOX1.3.2.0
2024-12-30 10:52:32,625 [ERROR] Engine:466 - C:\Users\Minh\.stm32cubemx\thirdparties\pdsc\quantropi.X-CUBE-qispace-sdk-base.1.9.3.pdsc: PDSC version is not supported
2024-12-30 10:52:32,642 [WARN] PackLoader:240 - Cannot read IP mode file for STMicroelectronics.X-CUBE-EEPRMA1.5.1.0
2024-12-30 10:52:32,801 [WARN] PackLoader:240 - Cannot read IP mode file for STMicroelectronics.X-CUBE-MEMS1.9.5.0
2024-12-30 10:52:33,443 [WARN] PackLoader:240 - Cannot read IP mode file for SEGGER.I-CUBE-embOS.1.3.1
2024-12-30 10:52:33,698 [WARN] PackLoader:240 - Cannot read IP mode file for STMicroelectronics.X-CUBE-ALGOBUILD.1.4.0
2024-12-30 10:52:33,710 [WARN] PackLoader:240 - Cannot read IP mode file for STMicroelectronics.X-CUBE-AI.9.1.0
2024-12-30 10:52:33,727 [WARN] PackLoader:240 - Cannot read IP mode file for STMicroelectronics.X-CUBE-GNSS1.6.0.0
2024-12-30 10:52:33,811 [WARN] PackLoader:240 - Cannot read IP mode file for STMicroelectronics.X-CUBE-AZRTOS-F4.1.1.0
2024-12-30 10:52:33,829 [WARN] PackLoader:240 - Cannot read IP mode file for STMicroelectronics.X-CUBE-ISPU.2.1.0
2024-12-30 10:52:33,855 [WARN] PackLoader:240 - Cannot read IP mode file for STMicroelectronics.X-CUBE-FREERTOS.1.2.0
2024-12-30 10:52:33,901 [WARN] PackLoader:240 - Cannot read IP mode file for STMicroelectronics.X-CUBE-AZRTOS-L5.2.0.0
2024-12-30 10:52:34,010 [WARN] PackLoader:240 - Cannot read IP mode file for STMicroelectronics.X-CUBE-MEMS1.9.6.0
2024-12-30 10:52:34,529 [WARN] PackLoader:240 - Cannot read IP mode file for STMicroelectronics.X-CUBE-EEPRMA1.4.2.0
2024-12-30 10:52:34,554 [WARN] PackLoader:240 - Cannot read IP mode file for STMicroelectronics.X-CUBE-NFC6.3.1.0
2024-12-30 10:52:34,575 [WARN] PackLoader:240 - Cannot read IP mode file for ITTIA_DB.I-CUBE-ITTIADB.8.8.0
2024-12-30 10:52:34,593 [WARN] PackLoader:240 - Cannot read IP mode file for emotas.I-CUBE-CANOPEN.1.1.3
2024-12-30 10:52:34,618 [WARN] PackLoader:240 - Cannot read IP mode file for STMicroelectronics.X-CUBE-BLEMGR.2.0.0
2024-12-30 10:52:34,628 [ERROR] Engine:466 - C:\Users\Minh\.stm32cubemx\thirdparties\pdsc\STMicroelectronics.X-CUBE-DPower.1.2.0.pdsc: PDSC version is not supported
2024-12-30 10:52:34,637 [WARN] PackLoader:240 - Cannot read IP mode file for STMicroelectronics.X-CUBE-AI.9.0.0
2024-12-30 10:52:34,687 [WARN] ConditionMgr:438 - getConditionDescription Invalid condition id : UX DEVICE CLASS RTOS Condition cause : null
2024-12-30 10:52:34,688 [WARN] ConditionMgr:438 - getConditionDescription Invalid condition id : UX DEVICE CLASS RTOS Condition cause : null
2024-12-30 10:52:34,701 [WARN] PackLoader:240 - Cannot read IP mode file for STMicroelectronics.X-CUBE-AZRTOS-H7.3.1.0
2024-12-30 10:52:34,704 [WARN] ConditionMgr:1039 - genDependencies : Invalid condition id : UX DEVICE CLASS RTOS Condition cause : null
2024-12-30 10:52:34,705 [WARN] ConditionMgr:1039 - genDependencies : Invalid condition id : UX DEVICE CLASS RTOS Condition cause : null
2024-12-30 10:52:34,706 [WARN] ConditionMgr:1039 - genDependencies : Invalid condition id : UX DEVICE CLASS RTOS Condition cause : null
2024-12-30 10:52:34,708 [WARN] ConditionMgr:1039 - genDependencies : Invalid condition id : UX DEVICE CLASS RTOS Condition cause : null
2024-12-30 10:52:34,708 [WARN] ConditionMgr:1039 - genDependencies : Invalid condition id : UX DEVICE CLASS RTOS Condition cause : null
2024-12-30 10:52:34,723 [WARN] PackLoader:240 - Cannot read IP mode file for wolfSSL.I-CUBE-wolfSSL.5.5.4
2024-12-30 10:52:34,736 [WARN] PackLoader:240 - Cannot read IP mode file for STMicroelectronics.X-CUBE-FREERTOS.1.3.0
2024-12-30 10:52:34,752 [WARN] PackLoader:240 - Cannot read IP mode file for STMicroelectronics.X-CUBE-NFC7.1.0.1
2024-12-30 10:52:34,765 [WARN] PackLoader:240 - Cannot read IP mode file for STMicroelectronics.X-CUBE-NFC7.1.0.0
2024-12-30 10:52:34,776 [WARN] PackLoader:240 - Cannot read IP mode file for wolfSSL.I-CUBE-wolfTPM.3.2.0
2024-12-30 10:52:34,793 [WARN] PackLoader:240 - Cannot read IP mode file for STMicroelectronics.X-CUBE-NFC6.3.0.0
2024-12-30 10:52:34,815 [WARN] PackLoader:240 - Cannot read IP mode file for STMicroelectronics.X-CUBE-EEPRMA1.4.1.0
2024-12-30 10:52:34,826 [WARN] PackLoader:240 - Cannot read IP mode file for STMicroelectronics.X-CUBE-AI.8.1.0
2024-12-30 10:52:34,890 [WARN] ConditionMgr:438 - getConditionDescription Invalid condition id : LAN8742 Phy interface Condition cause : null
2024-12-30 10:52:34,895 [WARN] PackLoader:240 - Cannot read IP mode file for STMicroelectronics.X-CUBE-AZRTOS-L4.2.0.0
2024-12-30 10:52:34,911 [WARN] ConditionMgr:1039 - genDependencies : Invalid condition id : LAN8742 Phy interface Condition cause : null
2024-12-30 10:52:34,914 [WARN] ConditionMgr:1039 - genDependencies : Invalid condition id : LAN8742 Phy interface Condition cause : null
2024-12-30 10:52:34,916 [WARN] ConditionMgr:1039 - genDependencies : Invalid condition id : LAN8742 Phy interface Condition cause : null
2024-12-30 10:52:34,936 [WARN] PackLoader:240 - Cannot read IP mode file for STMicroelectronics.X-CUBE-SFXS2LP1.4.0.0
2024-12-30 10:52:35,012 [WARN] PackLoader:240 - Cannot read IP mode file for STMicroelectronics.X-CUBE-AZRTOS-H7.3.0.0
2024-12-30 10:52:35,031 [WARN] PackLoader:240 - Cannot read IP mode file for STMicroelectronics.X-CUBE-ISPU.1.1.0
2024-12-30 10:52:35,093 [WARN] PackLoader:240 - Cannot read IP mode file for STMicroelectronics.X-CUBE-AZRTOS-H7.3.3.0
2024-12-30 10:52:35,125 [WARN] PackLoader:240 - Cannot read IP mode file for RoweBots.I-CUBE-UNISONRTOS.5.5.0-4
2024-12-30 10:52:35,142 [WARN] PackLoader:240 - Cannot read IP mode file for STMicroelectronics.X-CUBE-AI.8.0.0
2024-12-30 10:52:35,155 [ERROR] Engine:466 - C:\Users\Minh\.stm32cubemx\thirdparties\pdsc\STMicroelectronics.X-CUBE-IPS.3.0.0.pdsc: PDSC version is not supported
2024-12-30 10:52:35,211 [WARN] ConditionMgr:438 - getConditionDescription Invalid condition id : UX DEVICE CLASS RTOS Condition cause : null
2024-12-30 10:52:35,212 [WARN] ConditionMgr:438 - getConditionDescription Invalid condition id : UX DEVICE CLASS RTOS Condition cause : null
2024-12-30 10:52:35,219 [WARN] PackLoader:240 - Cannot read IP mode file for STMicroelectronics.X-CUBE-AZRTOS-WB.2.0.0
2024-12-30 10:52:35,222 [WARN] ConditionMgr:1039 - genDependencies : Invalid condition id : UX DEVICE CLASS RTOS Condition cause : null
2024-12-30 10:52:35,222 [WARN] ConditionMgr:1039 - genDependencies : Invalid condition id : UX DEVICE CLASS RTOS Condition cause : null
2024-12-30 10:52:35,224 [WARN] ConditionMgr:1039 - genDependencies : Invalid condition id : UX DEVICE CLASS RTOS Condition cause : null
2024-12-30 10:52:35,226 [WARN] ConditionMgr:1039 - genDependencies : Invalid condition id : UX DEVICE CLASS RTOS Condition cause : null
2024-12-30 10:52:35,227 [WARN] ConditionMgr:1039 - genDependencies : Invalid condition id : UX DEVICE CLASS RTOS Condition cause : null
2024-12-30 10:52:35,243 [WARN] PackLoader:240 - Cannot read IP mode file for STMicroelectronics.X-CUBE-FREERTOS.1.0.0
2024-12-30 10:52:35,256 [WARN] PackLoader:240 - Cannot read IP mode file for STMicroelectronics.X-CUBE-FREERTOS.1.0.1
2024-12-30 10:52:35,271 [WARN] PackLoader:240 - Cannot read IP mode file for STMicroelectronics.X-CUBE-GNSS1.7.0.0
2024-12-30 10:52:35,288 [WARN] PackLoader:240 - Cannot read IP mode file for STMicroelectronics.X-CUBE-GNSS1.7.0.1
2024-12-30 10:52:35,304 [ERROR] Engine:466 - C:\Users\Minh\.stm32cubemx\thirdparties\pdsc\STMicroelectronics.FP-SNS-STBOX1.2.0.0.pdsc: PDSC version is not supported
2024-12-30 10:52:35,350 [WARN] PackLoader:240 - Cannot read IP mode file for STMicroelectronics.X-CUBE-AZRTOS-L5.1.1.0
2024-12-30 10:52:35,367 [WARN] PackLoader:240 - Cannot read IP mode file for STMicroelectronics.X-CUBE-AI.8.0.1
2024-12-30 10:52:35,393 [WARN] PackLoader:240 - Cannot read IP mode file for STMicroelectronics.X-CUBE-SUBG2.5.0.0
2024-12-30 10:52:35,416 [WARN] PackLoader:240 - Cannot read IP mode file for Cesanta.I-CUBE-Mongoose.7.13.0
2024-12-30 10:52:35,440 [WARN] PackLoader:240 - Cannot read IP mode file for STMicroelectronics.X-CUBE-TOF1.3.3.1
2024-12-30 10:52:35,501 [WARN] PackLoader:240 - Cannot read IP mode file for STMicroelectronics.X-CUBE-AZRTOS-G4.2.0.0
2024-12-30 10:52:35,526 [WARN] PackLoader:240 - Cannot read IP mode file for STMicroelectronics.X-CUBE-TOF1.3.3.0
2024-12-30 10:52:35,556 [WARN] PackLoader:240 - Cannot read IP mode file for STMicroelectronics.FP-ATR-ASTRA1.1.1.1
2024-12-30 10:52:35,586 [WARN] PackLoader:240 - Cannot read IP mode file for Infineon.AIROC-Wi-Fi-Bluetooth-STM32.1.5.1
2024-12-30 10:52:35,602 [WARN] PackLoader:240 - Cannot read IP mode file for STMicroelectronics.FP-SNS-MOTENVWB1.1.3.0
2024-12-30 10:52:35,609 [WARN] PackLoader:240 - Cannot read IP mode file for STMicroelectronics.FP-SNS-MOTENVWB1.1.3.1
2024-12-30 10:52:35,640 [WARN] PackLoader:240 - Cannot read IP mode file for STMicroelectronics.X-CUBE-AZRTOS-G4.1.0.0
2024-12-30 10:52:35,674 [WARN] PackLoader:240 - Cannot read IP mode file for STMicroelectronics.X-CUBE-AZRTOS-L4.1.0.0
2024-12-30 10:52:35,688 [WARN] PackLoader:240 - Cannot read IP mode file for STMicroelectronics.X-CUBE-ISPU.2.0.0
2024-12-30 10:52:35,701 [WARN] PackLoader:240 - Cannot read IP mode file for STMicroelectronics.X-CUBE-ALS.1.0.2
2024-12-30 10:52:35,801 [WARN] PackLoader:240 - Cannot read IP mode file for STMicroelectronics.X-CUBE-MEMS1.10.0.0
2024-12-30 10:52:36,147 [WARN] PackLoader:240 - Cannot read IP mode file for STMicroelectronics.X-CUBE-FREERTOS.1.1.0
2024-12-30 10:52:36,154 [WARN] PackLoader:240 - Cannot read IP mode file for STMicroelectronics.X-CUBE-TOUCHGFX.4.24.0
2024-12-30 10:52:36,184 [WARN] PackLoader:240 - Cannot read IP mode file for STMicroelectronics.X-CUBE-AZRTOS-WL.1.0.0
2024-12-30 10:52:36,194 [WARN] PackLoader:240 - Cannot read IP mode file for STMicroelectronics.X-CUBE-TOUCHGFX.4.24.1
2024-12-30 10:52:36,207 [WARN] PackLoader:240 - Cannot read IP mode file for portGmbH.I-Cube-SoM-uGOAL.1.1.0
2024-12-30 10:52:36,216 [WARN] PackLoader:240 - Cannot read IP mode file for STMicroelectronics.X-CUBE-ALS.1.0.1
2024-12-30 10:52:36,248 [WARN] PackLoader:240 - Cannot read IP mode file for STMicroelectronics.X-CUBE-AZRTOS-WB.1.1.0
2024-12-30 10:52:36,302 [WARN] PackLoader:240 - Cannot read IP mode file for STMicroelectronics.X-CUBE-AZRTOS-H7RS.1.0.0
2024-12-30 10:52:36,322 [WARN] PackLoader:240 - Cannot read IP mode file for STMicroelectronics.FP-ATR-ASTRA1.2.0.0
2024-12-30 10:52:36,337 [ERROR] Engine:466 - C:\Users\Minh\.stm32cubemx\thirdparties\pdsc\STMicroelectronics.X-CUBE-TOF1.3.4.2.pdsc: PDSC version is not supported
2024-12-30 10:52:36,361 [WARN] PackLoader:240 - Cannot read IP mode file for STMicroelectronics.X-CUBE-TOF1.3.4.0
2024-12-30 10:52:36,417 [WARN] PackLoader:240 - Cannot read IP mode file for STMicroelectronics.X-CUBE-TOF1.3.4.1
2024-12-30 10:52:36,504 [WARN] PackLoader:240 - Cannot read IP mode file for STMicroelectronics.X-CUBE-AZRTOS-H7.3.2.0
2024-12-30 10:52:36,521 [WARN] PackLoader:240 - Cannot read IP mode file for wolfSSL.I-CUBE-wolfSSH.1.4.17
2024-12-30 10:52:36,522 [INFO] ThirdParty:978 - Integrity check success = true
2024-12-30 10:52:36,522 [INFO] IntegrityCheckThread:100 - exiting critical section [integrity check]
2024-12-30 10:52:36,522 [INFO] IntegrityCheckThread:103 - End integrity checks thread
2024-12-30 11:00:23,495 [ERROR] LogOutputStream:75 - [STDERR_REDIRECT] SLF4J: Failed to load class "org.slf4j.impl.StaticLoggerBinder".
2024-12-30 11:00:23,496 [ERROR] LogOutputStream:75 - [STDERR_REDIRECT] SLF4J: Defaulting to no-operation (NOP) logger implementation
2024-12-30 11:00:23,499 [ERROR] LogOutputStream:75 - [STDERR_REDIRECT] SLF4J: See http://www.slf4j.org/codes.html#StaticLoggerBinder for further details.
