2024-12-22 00:10:15,659 [ERROR] LogOutputStream:75 - [STDERR_REDIRECT] 
2024-12-22 11:56:12,753 [INFO] Activator:176 - 


2024-12-22 11:56:12,759 [INFO] Activator:177 - !SESSION log4j initialized
2024-12-22 11:56:33,934 [INFO] LogOutputStream:77 - [STDOUT_REDIRECT] 
2024-12-22 11:56:41,296 [INFO] ApplicationProperties:184 - Using Application install path: C:\ST\STM32CubeIDE_1.4.0\STM32CubeIDE\plugins\com.st.stm32cube.common.mx_6.9.1.202307191849
2024-12-22 11:56:41,412 [INFO] DbMcusXml:78 - Set database path to: C:\ST\STM32CubeIDE_1.4.0\STM32CubeIDE\plugins\com.st.stm32cube.common.mx_6.9.1.202307191849\\db\/mcu/
2024-12-22 11:56:41,414 [INFO] ApiDb:274 - Set plugin database path to: C:\ST\STM32CubeIDE_1.4.0\STM32CubeIDE\plugins\com.st.stm32cube.common.mx_6.9.1.202307191849\\db\/plugins/boardmanager/
2024-12-22 11:56:41,415 [WARN] ApiDb:259 - Overriding images path with different value:  => C:\ST\STM32CubeIDE_1.4.0\STM32CubeIDE\plugins\com.st.stm32cube.common.mx_6.9.1.202307191849\\db\/plugins/mcufinder/images/
2024-12-22 11:56:41,456 [INFO] ApiDb:250 - Set database path to: C:\Users\Minh\.stmcufinder\plugins\mcufinder//mcu/
2024-12-22 11:56:41,460 [INFO] DbMcusAds:125 - Set database path to: C:\Users\Minh\.stmcufinder\plugins\mcufinder//mcu/
2024-12-22 11:56:41,466 [INFO] CrossReferenceDbSqlite:203 - Set database path to: C:\Users\Minh\.stmcufinder\plugins\mcufinder//mcu/cs/
2024-12-22 11:56:41,905 [INFO] RulesReader:64 - Compatibility file has been processed (293 Rules)
2024-12-22 11:56:42,205 [INFO] DbMcusXml:78 - Set database path to: C:\ST\STM32CubeIDE_1.4.0\STM32CubeIDE\plugins\com.st.stm32cube.common.mx_6.9.1.202307191849\\db\/mcu/
2024-12-22 11:56:42,205 [INFO] ApiDb:274 - Set plugin database path to: C:\ST\STM32CubeIDE_1.4.0\STM32CubeIDE\plugins\com.st.stm32cube.common.mx_6.9.1.202307191849\\db\/plugins/boardmanager/
2024-12-22 11:56:42,206 [INFO] ApiDb:261 - Set plugin images path to: C:\ST\STM32CubeIDE_1.4.0\STM32CubeIDE\plugins\com.st.stm32cube.common.mx_6.9.1.202307191849\\db\/plugins/mcufinder/images/
2024-12-22 11:56:42,212 [WARN] DbFile:41 - Overriding database path with different value: C:\Users\Minh\.stmcufinder\plugins\mcufinder/ => C:\Users\Minh\.stmcufinder\plugins\mcufinder
2024-12-22 11:56:42,213 [INFO] ApiDb:250 - Set database path to: C:\Users\Minh\.stmcufinder\plugins\mcufinder//mcu/
2024-12-22 11:56:42,214 [WARN] DbFile:41 - Overriding database path with different value: C:\Users\Minh\.stmcufinder\plugins\mcufinder/ => C:\Users\Minh\.stmcufinder\plugins\mcufinder
2024-12-22 11:56:42,214 [INFO] DbMcusAds:125 - Set database path to: C:\Users\Minh\.stmcufinder\plugins\mcufinder//mcu/
2024-12-22 11:56:42,214 [WARN] DbFile:41 - Overriding database path with different value: C:\Users\Minh\.stmcufinder\plugins\mcufinder/ => C:\Users\Minh\.stmcufinder\plugins\mcufinder
2024-12-22 11:56:42,215 [WARN] DbFile:41 - Overriding database path with different value: C:\Users\Minh\.stmcufinder\plugins\mcufinder/ => C:\Users\Minh\.stmcufinder\plugins\mcufinder
2024-12-22 11:56:42,215 [INFO] CrossReferenceDbSqlite:203 - Set database path to: C:\Users\Minh\.stmcufinder\plugins\mcufinder//mcu/cs/
2024-12-22 11:56:42,449 [INFO] MainPanel:262 - HeapMemory: 268435456
2024-12-22 11:56:42,707 [INFO] DbMcusXml:78 - Set database path to: C:\ST\STM32CubeIDE_1.4.0\STM32CubeIDE\plugins\com.st.stm32cube.common.mx_6.9.1.202307191849\\db\/mcu/
2024-12-22 11:56:42,707 [INFO] ApiDb:274 - Set plugin database path to: C:\ST\STM32CubeIDE_1.4.0\STM32CubeIDE\plugins\com.st.stm32cube.common.mx_6.9.1.202307191849\\db\/plugins/boardmanager/
2024-12-22 11:56:42,708 [INFO] ApiDb:261 - Set plugin images path to: C:\ST\STM32CubeIDE_1.4.0\STM32CubeIDE\plugins\com.st.stm32cube.common.mx_6.9.1.202307191849\\db\/plugins/mcufinder/images/
2024-12-22 11:56:42,709 [WARN] DbFile:41 - Overriding database path with different value: C:\Users\Minh\.stmcufinder\plugins\mcufinder/ => C:\Users\Minh\.stmcufinder\plugins\mcufinder
2024-12-22 11:56:42,709 [INFO] ApiDb:250 - Set database path to: C:\Users\Minh\.stmcufinder\plugins\mcufinder//mcu/
2024-12-22 11:56:42,710 [WARN] DbFile:41 - Overriding database path with different value: C:\Users\Minh\.stmcufinder\plugins\mcufinder/ => C:\Users\Minh\.stmcufinder\plugins\mcufinder
2024-12-22 11:56:42,710 [INFO] DbMcusAds:125 - Set database path to: C:\Users\Minh\.stmcufinder\plugins\mcufinder//mcu/
2024-12-22 11:56:42,710 [WARN] DbFile:41 - Overriding database path with different value: C:\Users\Minh\.stmcufinder\plugins\mcufinder/ => C:\Users\Minh\.stmcufinder\plugins\mcufinder
2024-12-22 11:56:42,711 [WARN] DbFile:41 - Overriding database path with different value: C:\Users\Minh\.stmcufinder\plugins\mcufinder/ => C:\Users\Minh\.stmcufinder\plugins\mcufinder
2024-12-22 11:56:42,711 [INFO] CrossReferenceDbSqlite:203 - Set database path to: C:\Users\Minh\.stmcufinder\plugins\mcufinder//mcu/cs/
2024-12-22 11:56:42,753 [INFO] ApplicationProperties:184 - Using Application install path: C:\ST\STM32CubeIDE_1.4.0\STM32CubeIDE\plugins\com.st.stm32cube.common.mx_6.9.1.202307191849
2024-12-22 11:56:42,756 [INFO] PluginManage:196 - Search for loadable plugins [exclusion list=, ]
2024-12-22 11:56:42,760 [INFO] PluginManage:310 - Check plugin analytics
2024-12-22 11:56:43,208 [INFO] AnalyticsPlugin:253 - Accepted Software Licenses: STM32CubeMX.6.0.0,STM32CubeMX.5.2.0
2024-12-22 11:56:43,208 [INFO] AnalyticsPlugin:255 - Accepted CMSIS Pack Licenses: 
2024-12-22 11:56:43,209 [INFO] AnalyticsPlugin:257 - Accepted Firmware Licenses: 
2024-12-22 11:56:43,215 [INFO] PluginManage:359 - Loaded plugin analytics (category:tool,tabindex:-1)
2024-12-22 11:56:43,217 [INFO] PluginManage:310 - Check plugin cadmodel
2024-12-22 11:56:43,265 [INFO] CADModel:105 - Init CAD model plugin
2024-12-22 11:56:43,265 [INFO] PluginManage:359 - Loaded plugin cadmodel (category:power,tabindex:5)
2024-12-22 11:56:43,266 [INFO] PluginManage:310 - Check plugin clock
2024-12-22 11:56:43,332 [INFO] PluginManage:359 - Loaded plugin clock (category:base,tabindex:2)
2024-12-22 11:56:43,332 [INFO] PluginManage:310 - Check plugin ddr
2024-12-22 11:56:43,338 [INFO] PluginManage:359 - Loaded plugin ddr (category:tool,tabindex:6)
2024-12-22 11:56:43,339 [INFO] PluginManage:310 - Check plugin filemanager
2024-12-22 11:56:43,711 [INFO] PluginManage:359 - Loaded plugin filemanager (category:base,tabindex:10)
2024-12-22 11:56:43,711 [INFO] PluginManage:310 - Check plugin ipmanager
2024-12-22 11:56:43,730 [INFO] PluginManage:359 - Loaded plugin ipmanager (category:base,tabindex:5)
2024-12-22 11:56:43,731 [INFO] PluginManage:310 - Check plugin lpbam
2024-12-22 11:56:43,786 [INFO] PluginManage:359 - Loaded plugin lpbam (category:base,tabindex:0)
2024-12-22 11:56:43,786 [INFO] PluginManage:310 - Check plugin memorymap
2024-12-22 11:56:43,860 [INFO] PluginManage:359 - Loaded plugin memorymap (category:base,tabindex:4)
2024-12-22 11:56:43,861 [INFO] PluginManage:310 - Check plugin pinoutandconfiguration
2024-12-22 11:56:43,918 [INFO] PluginManage:359 - Loaded plugin pinoutandconfiguration (category:base,tabindex:1)
2024-12-22 11:56:43,918 [INFO] PluginManage:310 - Check plugin pinoutconfig
2024-12-22 11:56:44,213 [WARN] SupportedApi:132 - Cannot load RTOS API schema: s4s-elt-must-match.1: The content of 'definitions' must match (annotation?, (simpleType | complexType)?, (unique | key | keyref)*)). A problem was found starting at: attribute.
2024-12-22 11:56:44,606 [INFO] PluginManage:359 - Loaded plugin pinoutconfig (category:base,tabindex:0)
2024-12-22 11:56:44,607 [INFO] PluginManage:310 - Check plugin power
2024-12-22 11:56:44,670 [INFO] PluginManage:359 - Loaded plugin power (category:power,tabindex:4)
2024-12-22 11:56:44,670 [INFO] PluginManage:310 - Check plugin projectmanager
2024-12-22 11:56:44,708 [INFO] PluginManage:359 - Loaded plugin projectmanager (category:projectmanager,tabindex:3)
2024-12-22 11:56:44,709 [INFO] PluginManage:310 - Check plugin thirdparty
2024-12-22 11:56:45,551 [INFO] PluginManage:359 - Loaded plugin thirdparty (category:base,tabindex:-1)
2024-12-22 11:56:45,551 [WARN] IntegrityCheckThread:84 - waiting for thirdparty lock release [integrity check]
2024-12-22 11:56:45,552 [INFO] PluginManage:310 - Check plugin tools
2024-12-22 11:56:45,553 [INFO] IntegrityCheckThread:86 - entering critical section [integrity check]
2024-12-22 11:56:45,554 [INFO] ThirdPartyUpdaterWithRetryManager:70 - Updater plugin not ready yet. [1/15]
2024-12-22 11:56:45,677 [INFO] PluginManage:359 - Loaded plugin tools (category:base,tabindex:7)
2024-12-22 11:56:45,677 [INFO] PluginManage:310 - Check plugin tutovideos
2024-12-22 11:56:45,731 [ERROR] ConfigurationRetriever:142 - IOException on connection: sw-center.st.com
2024-12-22 11:56:45,731 [ERROR] ConfigurationRetriever:142 - IOException on connection: sw-center.st.com
2024-12-22 11:56:45,732 [ERROR] ConfigurationRetriever:142 - IOException on connection: sw-center.st.com
2024-12-22 11:56:45,732 [ERROR] ConfigurationRetriever:142 - IOException on connection: sw-center.st.com
2024-12-22 11:56:45,733 [ERROR] ConfigurationRetriever:142 - IOException on connection: sw-center.st.com
2024-12-22 11:56:45,733 [ERROR] ConfigurationRetriever:142 - IOException on connection: sw-center.st.com
2024-12-22 11:56:46,194 [INFO] PluginManage:359 - Loaded plugin tutovideos (category:base,tabindex:-1)
2024-12-22 11:56:46,194 [INFO] PluginManage:310 - Check plugin updater
2024-12-22 11:56:46,221 [INFO] PluginManage:359 - Loaded plugin updater (category:base,tabindex:12)
2024-12-22 11:56:46,221 [INFO] PluginManage:310 - Check plugin userauth
2024-12-22 11:56:46,235 [INFO] UserAuth:113 - Init User Auth plugin
2024-12-22 11:56:46,235 [INFO] PluginManage:359 - Loaded plugin userauth (category:base,tabindex:14)
2024-12-22 11:56:46,237 [INFO] PluginManage:283 - PluginManage : Loaded plugins [17]
2024-12-22 11:56:46,830 [INFO] PinOutPanel:1499 - setPackage(No Configuration,No Configuration)
2024-12-22 11:56:47,083 [INFO] CADModel:165 - CPN selected for project level
2024-12-22 11:56:47,084 [INFO] CADModel:114 - Register for checkConnection events
2024-12-22 11:56:47,158 [INFO] IPUIPlugin:80 - create IPUIPlugin
2024-12-22 11:56:47,158 [INFO] PluginManager:220 - loadIPPluginJar : add adc
2024-12-22 11:56:47,270 [INFO] IPUIPlugin:80 - create IPUIPlugin
2024-12-22 11:56:47,271 [INFO] PluginManager:220 - loadIPPluginJar : add aes
2024-12-22 11:56:47,416 [INFO] IPUIPlugin:80 - create IPUIPlugin
2024-12-22 11:56:47,417 [INFO] PluginManager:220 - loadIPPluginJar : add can
2024-12-22 11:56:47,491 [INFO] IPUIPlugin:80 - create IPUIPlugin
2024-12-22 11:56:47,492 [INFO] PluginManager:220 - loadIPPluginJar : add comp
2024-12-22 11:56:47,592 [INFO] IPUIPlugin:80 - create IPUIPlugin
2024-12-22 11:56:47,593 [INFO] PluginManager:220 - loadIPPluginJar : add cryp
2024-12-22 11:56:47,687 [INFO] IPUIPlugin:80 - create IPUIPlugin
2024-12-22 11:56:47,687 [INFO] PluginManager:220 - loadIPPluginJar : add dfsdm
2024-12-22 11:56:47,726 [INFO] IPUIPlugin:80 - create IPUIPlugin
2024-12-22 11:56:47,726 [INFO] PluginManager:220 - loadIPPluginJar : add dma
2024-12-22 11:56:47,861 [INFO] IPUIPlugin:80 - create IPUIPlugin
2024-12-22 11:56:47,861 [INFO] PluginManager:220 - loadIPPluginJar : add dma3
2024-12-22 11:56:47,915 [INFO] IPUIPlugin:80 - create IPUIPlugin
2024-12-22 11:56:47,915 [INFO] PluginManager:220 - loadIPPluginJar : add fatfs
2024-12-22 11:56:48,048 [INFO] IPUIPlugin:80 - create IPUIPlugin
2024-12-22 11:56:48,049 [INFO] PluginManager:220 - loadIPPluginJar : add fmc
2024-12-22 11:56:48,091 [INFO] IPUIPlugin:80 - create IPUIPlugin
2024-12-22 11:56:48,091 [INFO] PluginManager:220 - loadIPPluginJar : add freertos
2024-12-22 11:56:48,159 [INFO] IPUIPlugin:80 - create IPUIPlugin
2024-12-22 11:56:48,160 [INFO] PluginManager:220 - loadIPPluginJar : add genericplugin
2024-12-22 11:56:48,424 [INFO] IPUIPlugin:80 - create IPUIPlugin
2024-12-22 11:56:48,424 [INFO] PluginManager:220 - loadIPPluginJar : add gfxmmu
2024-12-22 11:56:48,555 [INFO] ThirdPartyUpdaterWithRetryManager:70 - Updater plugin not ready yet. [2/15]
2024-12-22 11:56:48,778 [INFO] IPUIPlugin:80 - create IPUIPlugin
2024-12-22 11:56:48,778 [INFO] PluginManager:220 - loadIPPluginJar : add gic
2024-12-22 11:56:48,804 [INFO] IPUIPlugin:80 - create IPUIPlugin
2024-12-22 11:56:48,804 [INFO] PluginManager:220 - loadIPPluginJar : add gpio
2024-12-22 11:56:49,038 [INFO] IPUIPlugin:80 - create IPUIPlugin
2024-12-22 11:56:49,038 [INFO] PluginManager:220 - loadIPPluginJar : add gtzc
2024-12-22 11:56:49,129 [INFO] IPUIPlugin:80 - create IPUIPlugin
2024-12-22 11:56:49,129 [INFO] PluginManager:220 - loadIPPluginJar : add hash
2024-12-22 11:56:49,283 [INFO] IPUIPlugin:80 - create IPUIPlugin
2024-12-22 11:56:49,283 [INFO] PluginManager:220 - loadIPPluginJar : add i2c
2024-12-22 11:56:49,371 [INFO] IPUIPlugin:80 - create IPUIPlugin
2024-12-22 11:56:49,371 [INFO] PluginManager:220 - loadIPPluginJar : add i2s
2024-12-22 11:56:49,499 [INFO] IPUIPlugin:80 - create IPUIPlugin
2024-12-22 11:56:49,500 [INFO] PluginManager:220 - loadIPPluginJar : add i3c
2024-12-22 11:56:49,775 [INFO] IPUIPlugin:80 - create IPUIPlugin
2024-12-22 11:56:49,775 [INFO] PluginManager:220 - loadIPPluginJar : add ipddr
2024-12-22 11:56:50,027 [INFO] IPUIPlugin:80 - create IPUIPlugin
2024-12-22 11:56:50,028 [INFO] PluginManager:220 - loadIPPluginJar : add linkedlist
2024-12-22 11:56:50,132 [INFO] IPUIPlugin:80 - create IPUIPlugin
2024-12-22 11:56:50,132 [INFO] PluginManager:220 - loadIPPluginJar : add lorawan
2024-12-22 11:56:50,264 [INFO] IPUIPlugin:80 - create IPUIPlugin
2024-12-22 11:56:50,265 [INFO] PluginManager:220 - loadIPPluginJar : add ltdc
2024-12-22 11:56:50,307 [INFO] IPUIPlugin:80 - create IPUIPlugin
2024-12-22 11:56:50,308 [INFO] PluginManager:220 - loadIPPluginJar : add mdma
2024-12-22 11:56:50,346 [INFO] IPUIPlugin:80 - create IPUIPlugin
2024-12-22 11:56:50,347 [INFO] PluginManager:220 - loadIPPluginJar : add nvic
2024-12-22 11:56:50,451 [INFO] IPUIPlugin:80 - create IPUIPlugin
2024-12-22 11:56:50,451 [INFO] PluginManager:220 - loadIPPluginJar : add opamp
2024-12-22 11:56:50,644 [INFO] IPUIPlugin:80 - create IPUIPlugin
2024-12-22 11:56:50,644 [INFO] PluginManager:220 - loadIPPluginJar : add openamp
2024-12-22 11:56:50,770 [INFO] IPUIPlugin:80 - create IPUIPlugin
2024-12-22 11:56:50,770 [INFO] PluginManager:220 - loadIPPluginJar : add pdm2pcm
2024-12-22 11:56:50,806 [INFO] IPUIPlugin:80 - create IPUIPlugin
2024-12-22 11:56:50,812 [INFO] PluginManager:220 - loadIPPluginJar : add plateformsettings
2024-12-22 11:56:50,871 [INFO] IPUIPlugin:80 - create IPUIPlugin
2024-12-22 11:56:50,871 [INFO] PluginManager:220 - loadIPPluginJar : add quadspi
2024-12-22 11:56:50,901 [INFO] IPUIPlugin:80 - create IPUIPlugin
2024-12-22 11:56:50,902 [INFO] PluginManager:220 - loadIPPluginJar : add resmgrutility
2024-12-22 11:56:51,033 [INFO] IPUIPlugin:80 - create IPUIPlugin
2024-12-22 11:56:51,033 [INFO] PluginManager:220 - loadIPPluginJar : add sai
2024-12-22 11:56:51,142 [INFO] IPUIPlugin:80 - create IPUIPlugin
2024-12-22 11:56:51,143 [INFO] PluginManager:220 - loadIPPluginJar : add spi
2024-12-22 11:56:51,324 [INFO] IPUIPlugin:80 - create IPUIPlugin
2024-12-22 11:56:51,325 [INFO] PluginManager:220 - loadIPPluginJar : add stm32_wpan
2024-12-22 11:56:51,411 [INFO] IPUIPlugin:80 - create IPUIPlugin
2024-12-22 11:56:51,411 [INFO] PluginManager:220 - loadIPPluginJar : add tim
2024-12-22 11:56:51,558 [INFO] ThirdPartyUpdaterWithRetryManager:70 - Updater plugin not ready yet. [3/15]
2024-12-22 11:56:51,571 [INFO] IPUIPlugin:80 - create IPUIPlugin
2024-12-22 11:56:51,571 [INFO] PluginManager:220 - loadIPPluginJar : add touchsensing
2024-12-22 11:56:51,651 [INFO] IPUIPlugin:80 - create IPUIPlugin
2024-12-22 11:56:51,651 [INFO] PluginManager:220 - loadIPPluginJar : add tracer_emb
2024-12-22 11:56:51,712 [INFO] IPUIPlugin:80 - create IPUIPlugin
2024-12-22 11:56:51,712 [INFO] PluginManager:220 - loadIPPluginJar : add ts
2024-12-22 11:56:51,788 [INFO] IPUIPlugin:80 - create IPUIPlugin
2024-12-22 11:56:51,789 [INFO] PluginManager:220 - loadIPPluginJar : add tsc
2024-12-22 11:56:51,858 [INFO] IPUIPlugin:80 - create IPUIPlugin
2024-12-22 11:56:51,858 [INFO] PluginManager:220 - loadIPPluginJar : add ucpd
2024-12-22 11:56:51,977 [INFO] IPUIPlugin:80 - create IPUIPlugin
2024-12-22 11:56:51,978 [INFO] PluginManager:220 - loadIPPluginJar : add usart
2024-12-22 11:56:52,098 [INFO] IPUIPlugin:80 - create IPUIPlugin
2024-12-22 11:56:52,098 [INFO] PluginManager:220 - loadIPPluginJar : add usbx
2024-12-22 11:56:52,310 [INFO] CADModel:165 - CPN selected for project level
2024-12-22 11:56:52,311 [INFO] CADModel:114 - Register for checkConnection events
2024-12-22 11:56:52,311 [FATAL] Updater:308 - Updater called before beeing initialized
2024-12-22 11:56:52,312 [ERROR] CADModel:125 - Updater not yet initialized, retry later 
2024-12-22 11:56:52,687 [INFO] CADModel:165 - CPN selected for project level
2024-12-22 11:56:52,687 [INFO] CADModel:114 - Register for checkConnection events
2024-12-22 11:56:52,688 [FATAL] Updater:308 - Updater called before beeing initialized
2024-12-22 11:56:52,688 [ERROR] CADModel:125 - Updater not yet initialized, retry later 
2024-12-22 11:56:52,697 [FATAL] Updater:308 - Updater called before beeing initialized
2024-12-22 11:56:52,980 [FATAL] Updater:308 - Updater called before beeing initialized
2024-12-22 11:56:52,997 [INFO] DbMcusAds:53 - JSON generation date=Wed Dec 18 01:01:15 JST 2024 (1734451275196)
2024-12-22 11:56:52,997 [FATAL] Updater:308 - Updater called before beeing initialized
2024-12-22 11:56:53,231 [WARN] DetailPanel:346 - Failed to get advertising image, set to default
2024-12-22 11:56:53,518 [FATAL] Updater:308 - Updater called before beeing initialized
2024-12-22 11:56:53,522 [FATAL] Updater:308 - Updater called before beeing initialized
2024-12-22 11:56:53,522 [FATAL] Updater:308 - Updater called before beeing initialized
2024-12-22 11:56:53,523 [WARN] DetailPanel:346 - Failed to get advertising image, set to default
2024-12-22 11:56:53,525 [FATAL] Updater:308 - Updater called before beeing initialized
2024-12-22 11:56:53,670 [ERROR] Updater:1120 - MainUpdater not yet initialized. External WinMGr cannot be set.
2024-12-22 11:56:53,699 [INFO] Updater:1056 - Updater Version found : 6.9.1
2024-12-22 11:56:53,747 [INFO] ApplicationProperties:184 - Using Application install path: C:\ST\STM32CubeIDE_1.4.0\STM32CubeIDE\plugins\com.st.stm32cube.common.mx_6.9.1.202307191849
2024-12-22 11:56:54,044 [ERROR] ServerAccessManage:1146 - Warning during Server Connection :  Unknown host sw-center.st.com
2024-12-22 11:56:54,052 [INFO] MainUpdater:2868 - connection check result : 22
2024-12-22 11:56:54,057 [INFO] MainUpdater:285 - Updater Check For Update Now.
2024-12-22 11:56:54,059 [INFO] MicroXplorer:498 - Change Database Version : DB.6.0.91
2024-12-22 11:56:54,103 [INFO] McuFinderGlobals:63 - Set McuFinder mode to 2 (CubeIDE integrated)
2024-12-22 11:56:54,104 [INFO] UserAuth:179 - activating auth plugin
2024-12-22 11:56:54,112 [INFO] UserAuth:393 - Internet connection configuration mode: 2
2024-12-22 11:56:54,433 [INFO] CheckServerUpdateThread:120 - End of CheckServer Thread
2024-12-22 11:56:55,342 [WARN] PackLoader:240 - Cannot read IP mode file for STMicroelectronics.FP-SNS-MOTENVWB1.1.4.0
2024-12-22 11:56:55,364 [WARN] PackLoader:240 - Cannot read IP mode file for STMicroelectronics.FP-ATR-ASTRA1.2.0.1
2024-12-22 11:56:55,407 [WARN] PackLoader:240 - Cannot read IP mode file for STMicroelectronics.X-CUBE-SMBUS.2.1.0
2024-12-22 11:56:55,428 [WARN] PackLoader:240 - Cannot read IP mode file for STMicroelectronics.X-CUBE-WB05N.1.1.0
2024-12-22 11:56:55,442 [WARN] PackLoader:240 - Cannot read IP mode file for STMicroelectronics.X-CUBE-TOUCHGFX.4.23.0
2024-12-22 11:56:55,450 [WARN] PackLoader:240 - Cannot read IP mode file for STMicroelectronics.X-CUBE-TOUCHGFX.4.23.2
2024-12-22 11:56:55,568 [WARN] PackLoader:240 - Cannot read IP mode file for STMicroelectronics.X-CUBE-AZRTOS-F7.1.1.0
2024-12-22 11:56:55,594 [ERROR] RealEvaluatedCondition:428 - Found unsupported composite condition: GROUP='STM32_MetaDataManager' CLASS='Data Exchange'
2024-12-22 11:56:55,595 [ERROR] RealEvaluatedCondition:428 - Found unsupported composite condition: CLASS='Data Exchange' GROUP='STM32_MetaDataManager'
2024-12-22 11:56:55,598 [WARN] PackLoader:240 - Cannot read IP mode file for STMicroelectronics.FP-SNS-MOTENV1.4.3.0
2024-12-22 11:56:55,619 [WARN] PackLoader:240 - Cannot read IP mode file for STMicroelectronics.FP-SNS-MOTENV1.4.3.2
2024-12-22 11:56:55,676 [WARN] PackLoader:240 - Cannot read IP mode file for STMicroelectronics.FP-SNS-FLIGHT1.5.0.0
2024-12-22 11:56:55,688 [ERROR] RealEvaluatedCondition:428 - Found unsupported composite condition: GROUP='STM32_MetaDataManager' CLASS='Data Exchange'
2024-12-22 11:56:55,688 [ERROR] RealEvaluatedCondition:428 - Found unsupported composite condition: CLASS='Data Exchange' GROUP='STM32_MetaDataManager'
2024-12-22 11:56:55,693 [WARN] PackLoader:240 - Cannot read IP mode file for STMicroelectronics.FP-SNS-MOTENV1.4.3.1
2024-12-22 11:56:55,709 [WARN] PackLoader:240 - Cannot read IP mode file for STMicroelectronics.FP-SNS-FLIGHT1.5.0.1
2024-12-22 11:56:55,929 [WARN] PackLoader:240 - Cannot read IP mode file for STMicroelectronics.X-CUBE-MEMS1.11.0.0
2024-12-22 11:56:56,473 [WARN] PackLoader:240 - Cannot read IP mode file for STMicroelectronics.X-CUBE-BLE1.6.2.4
2024-12-22 11:56:56,483 [WARN] PackLoader:240 - Cannot read IP mode file for STMicroelectronics.FP-SNS-FLIGHT1.5.0.2
2024-12-22 11:56:56,505 [WARN] PackLoader:240 - Cannot read IP mode file for STMicroelectronics.X-CUBE-DISPLAY.3.0.0
2024-12-22 11:56:56,541 [WARN] PackLoader:240 - Cannot read IP mode file for STMicroelectronics.X-CUBE-BLE1.7.0.0
2024-12-22 11:56:56,557 [WARN] PackLoader:240 - Cannot read IP mode file for STMicroelectronics.X-CUBE-NFC10.1.0.0
2024-12-22 11:56:56,572 [ERROR] Engine:466 - C:\Users\Minh\.stm32cubemx\thirdparties\pdsc\STMicroelectronics.X-CUBE-BLEMGR.4.0.0.pdsc: PDSC version is not supported
2024-12-22 11:56:56,580 [WARN] PackLoader:240 - Cannot read IP mode file for STMicroelectronics.X-CUBE-TOUCHGFX.4.22.0
2024-12-22 11:56:56,587 [WARN] PackLoader:240 - Cannot read IP mode file for STMicroelectronics.X-CUBE-TOUCHGFX.4.22.1
2024-12-22 11:56:56,612 [WARN] PackLoader:240 - Cannot read IP mode file for STMicroelectronics.X-CUBE-BLEMGR.3.1.0
2024-12-22 11:56:56,645 [WARN] PackLoader:240 - Cannot read IP mode file for STMicroelectronics.FP-SNS-SMARTAG2.1.2.0
2024-12-22 11:56:56,800 [WARN] PackLoader:240 - Cannot read IP mode file for STMicroelectronics.X-CUBE-MEMS1.11.1.0
2024-12-22 11:56:57,206 [INFO] LogOutputStream:77 - [STDOUT_REDIRECT] 1 : Invalid condition id : UX_CORESTACK_Condition cause : null
2024-12-22 11:56:57,208 [INFO] LogOutputStream:77 - [STDOUT_REDIRECT] 1 : Invalid condition id : UX_CORESTACK_Condition cause : null
2024-12-22 11:56:57,216 [INFO] LogOutputStream:77 - [STDOUT_REDIRECT] 1 : Invalid condition id : UX_CORESTACK_Condition cause : null
2024-12-22 11:56:57,220 [INFO] LogOutputStream:77 - [STDOUT_REDIRECT] 1 : Invalid condition id : UX_CORESTACK_Condition cause : null
2024-12-22 11:56:57,225 [INFO] LogOutputStream:77 - [STDOUT_REDIRECT] 1 : Invalid condition id : UX_CORESTACK_Condition cause : null
2024-12-22 11:56:57,233 [WARN] PackLoader:240 - Cannot read IP mode file for STMicroelectronics.X-CUBE-AZRTOS-WL.2.0.0
2024-12-22 11:56:57,246 [WARN] PackLoader:240 - Cannot read IP mode file for STMicroelectronics.FP-SNS-MOTENV1.5.0.0
2024-12-22 11:56:57,259 [WARN] PackLoader:240 - Cannot read IP mode file for wolfSSL.I-CUBE-wolfMQTT.1.19.0
2024-12-22 11:56:57,274 [WARN] PackLoader:240 - Cannot read IP mode file for WES.I-CUBE-Cesium.1.3.0
2024-12-22 11:56:57,285 [WARN] PackLoader:240 - Cannot read IP mode file for STMicroelectronics.X-CUBE-BLE2.3.3.0
2024-12-22 11:56:57,310 [WARN] PackLoader:240 - Cannot read IP mode file for STMicroelectronics.X-CUBE-TOF1.3.2.0
2024-12-22 11:56:57,349 [WARN] PackLoader:240 - Cannot read IP mode file for STMicroelectronics.X-CUBE-NFC9.1.0.0
2024-12-22 11:56:57,394 [WARN] PackLoader:240 - Cannot read IP mode file for STMicroelectronics.X-CUBE-TCPP.4.1.0
2024-12-22 11:56:57,407 [WARN] PackLoader:240 - Cannot read IP mode file for STMicroelectronics.X-CUBE-TOUCHGFX.4.21.1
2024-12-22 11:56:57,414 [WARN] PackLoader:240 - Cannot read IP mode file for STMicroelectronics.X-CUBE-TOUCHGFX.4.21.3
2024-12-22 11:56:57,422 [WARN] PackLoader:240 - Cannot read IP mode file for STMicroelectronics.X-CUBE-TOUCHGFX.4.21.4
2024-12-22 11:56:57,438 [WARN] PackLoader:240 - Cannot read IP mode file for STMicroelectronics.X-CUBE-ALGOBUILD.1.3.0
2024-12-22 11:56:57,478 [WARN] PackLoader:240 - Cannot read IP mode file for STMicroelectronics.X-CUBE-AZRTOS-G0.1.1.0
2024-12-22 11:56:57,517 [WARN] PackLoader:240 - Cannot read IP mode file for STMicroelectronics.X-CUBE-SAFEA1.1.2.2
2024-12-22 11:56:57,532 [WARN] PackLoader:240 - Cannot read IP mode file for STMicroelectronics.X-CUBE-NFC4.3.0.0
2024-12-22 11:56:57,541 [ERROR] Engine:466 - C:\Users\Minh\.stm32cubemx\thirdparties\pdsc\EmbeddedOffice.I-CUBE-FS-RTOS.1.0.1.pdsc: PDSC version is not supported
2024-12-22 11:56:57,560 [WARN] PackLoader:240 - Cannot read IP mode file for STMicroelectronics.X-CUBE-BLEMGR.3.0.0
2024-12-22 11:56:57,573 [ERROR] Engine:466 - C:\Users\Minh\.stm32cubemx\thirdparties\pdsc\STMicroelectronics.X-CUBE-TCPP.4.2.0.pdsc: PDSC version is not supported
2024-12-22 11:56:57,578 [ERROR] Engine:466 - C:\Users\Minh\.stm32cubemx\thirdparties\pdsc\RealThread.X-CUBE-RT-Thread_Nano.4.1.1.pdsc: PDSC version is not supported
2024-12-22 11:56:57,586 [WARN] PackLoader:240 - Cannot read IP mode file for STMicroelectronics.FP-ATR-SIGFOX1.3.2.0
2024-12-22 11:56:57,592 [ERROR] Engine:466 - C:\Users\Minh\.stm32cubemx\thirdparties\pdsc\quantropi.X-CUBE-qispace-sdk-base.1.9.3.pdsc: PDSC version is not supported
2024-12-22 11:56:57,630 [WARN] PackLoader:240 - Cannot read IP mode file for STMicroelectronics.X-CUBE-EEPRMA1.5.1.0
2024-12-22 11:56:57,758 [WARN] PackLoader:240 - Cannot read IP mode file for STMicroelectronics.X-CUBE-MEMS1.9.5.0
2024-12-22 11:56:58,242 [WARN] PackLoader:240 - Cannot read IP mode file for SEGGER.I-CUBE-embOS.1.3.1
2024-12-22 11:56:58,348 [WARN] PackLoader:240 - Cannot read IP mode file for STMicroelectronics.X-CUBE-ALGOBUILD.1.4.0
2024-12-22 11:56:58,358 [WARN] PackLoader:240 - Cannot read IP mode file for STMicroelectronics.X-CUBE-AI.9.1.0
2024-12-22 11:56:58,370 [WARN] PackLoader:240 - Cannot read IP mode file for STMicroelectronics.X-CUBE-GNSS1.6.0.0
2024-12-22 11:56:58,411 [WARN] PackLoader:240 - Cannot read IP mode file for STMicroelectronics.X-CUBE-AZRTOS-F4.1.1.0
2024-12-22 11:56:58,428 [WARN] PackLoader:240 - Cannot read IP mode file for STMicroelectronics.X-CUBE-ISPU.2.1.0
2024-12-22 11:56:58,440 [WARN] PackLoader:240 - Cannot read IP mode file for STMicroelectronics.X-CUBE-FREERTOS.1.2.0
2024-12-22 11:56:58,481 [WARN] PackLoader:240 - Cannot read IP mode file for STMicroelectronics.X-CUBE-AZRTOS-L5.2.0.0
2024-12-22 11:56:58,608 [WARN] PackLoader:240 - Cannot read IP mode file for STMicroelectronics.X-CUBE-MEMS1.9.6.0
2024-12-22 11:56:59,128 [WARN] PackLoader:240 - Cannot read IP mode file for STMicroelectronics.X-CUBE-EEPRMA1.4.2.0
2024-12-22 11:56:59,146 [WARN] PackLoader:240 - Cannot read IP mode file for STMicroelectronics.X-CUBE-NFC6.3.1.0
2024-12-22 11:56:59,163 [WARN] PackLoader:240 - Cannot read IP mode file for ITTIA_DB.I-CUBE-ITTIADB.8.8.0
2024-12-22 11:56:59,179 [WARN] PackLoader:240 - Cannot read IP mode file for emotas.I-CUBE-CANOPEN.1.1.3
2024-12-22 11:56:59,196 [WARN] PackLoader:240 - Cannot read IP mode file for STMicroelectronics.X-CUBE-BLEMGR.2.0.0
2024-12-22 11:56:59,206 [ERROR] Engine:466 - C:\Users\Minh\.stm32cubemx\thirdparties\pdsc\STMicroelectronics.X-CUBE-DPower.1.2.0.pdsc: PDSC version is not supported
2024-12-22 11:56:59,214 [WARN] PackLoader:240 - Cannot read IP mode file for STMicroelectronics.X-CUBE-AI.9.0.0
2024-12-22 11:56:59,257 [WARN] ConditionMgr:438 - getConditionDescription Invalid condition id : UX DEVICE CLASS RTOS Condition cause : null
2024-12-22 11:56:59,258 [WARN] ConditionMgr:438 - getConditionDescription Invalid condition id : UX DEVICE CLASS RTOS Condition cause : null
2024-12-22 11:56:59,267 [WARN] PackLoader:240 - Cannot read IP mode file for STMicroelectronics.X-CUBE-AZRTOS-H7.3.1.0
2024-12-22 11:56:59,270 [WARN] ConditionMgr:1039 - genDependencies : Invalid condition id : UX DEVICE CLASS RTOS Condition cause : null
2024-12-22 11:56:59,270 [WARN] ConditionMgr:1039 - genDependencies : Invalid condition id : UX DEVICE CLASS RTOS Condition cause : null
2024-12-22 11:56:59,272 [WARN] ConditionMgr:1039 - genDependencies : Invalid condition id : UX DEVICE CLASS RTOS Condition cause : null
2024-12-22 11:56:59,273 [WARN] ConditionMgr:1039 - genDependencies : Invalid condition id : UX DEVICE CLASS RTOS Condition cause : null
2024-12-22 11:56:59,273 [WARN] ConditionMgr:1039 - genDependencies : Invalid condition id : UX DEVICE CLASS RTOS Condition cause : null
2024-12-22 11:56:59,294 [WARN] PackLoader:240 - Cannot read IP mode file for wolfSSL.I-CUBE-wolfSSL.5.5.4
2024-12-22 11:56:59,304 [WARN] PackLoader:240 - Cannot read IP mode file for STMicroelectronics.X-CUBE-FREERTOS.1.3.0
2024-12-22 11:56:59,321 [WARN] PackLoader:240 - Cannot read IP mode file for STMicroelectronics.X-CUBE-NFC7.1.0.1
2024-12-22 11:56:59,349 [WARN] PackLoader:240 - Cannot read IP mode file for STMicroelectronics.X-CUBE-NFC7.1.0.0
2024-12-22 11:56:59,359 [WARN] PackLoader:240 - Cannot read IP mode file for wolfSSL.I-CUBE-wolfTPM.3.2.0
2024-12-22 11:56:59,373 [WARN] PackLoader:240 - Cannot read IP mode file for STMicroelectronics.X-CUBE-NFC6.3.0.0
2024-12-22 11:56:59,393 [WARN] PackLoader:240 - Cannot read IP mode file for STMicroelectronics.X-CUBE-EEPRMA1.4.1.0
2024-12-22 11:56:59,405 [WARN] PackLoader:240 - Cannot read IP mode file for STMicroelectronics.X-CUBE-AI.8.1.0
2024-12-22 11:56:59,478 [WARN] ConditionMgr:438 - getConditionDescription Invalid condition id : LAN8742 Phy interface Condition cause : null
2024-12-22 11:56:59,480 [WARN] PackLoader:240 - Cannot read IP mode file for STMicroelectronics.X-CUBE-AZRTOS-L4.2.0.0
2024-12-22 11:56:59,482 [WARN] ConditionMgr:1039 - genDependencies : Invalid condition id : LAN8742 Phy interface Condition cause : null
2024-12-22 11:56:59,483 [WARN] ConditionMgr:1039 - genDependencies : Invalid condition id : LAN8742 Phy interface Condition cause : null
2024-12-22 11:56:59,484 [WARN] ConditionMgr:1039 - genDependencies : Invalid condition id : LAN8742 Phy interface Condition cause : null
2024-12-22 11:56:59,502 [WARN] PackLoader:240 - Cannot read IP mode file for STMicroelectronics.X-CUBE-SFXS2LP1.4.0.0
2024-12-22 11:56:59,546 [WARN] PackLoader:240 - Cannot read IP mode file for STMicroelectronics.X-CUBE-AZRTOS-H7.3.0.0
2024-12-22 11:56:59,561 [WARN] PackLoader:240 - Cannot read IP mode file for STMicroelectronics.X-CUBE-ISPU.1.1.0
2024-12-22 11:56:59,640 [WARN] PackLoader:240 - Cannot read IP mode file for STMicroelectronics.X-CUBE-AZRTOS-H7.3.3.0
2024-12-22 11:56:59,663 [WARN] PackLoader:240 - Cannot read IP mode file for RoweBots.I-CUBE-UNISONRTOS.5.5.0-4
2024-12-22 11:56:59,673 [WARN] PackLoader:240 - Cannot read IP mode file for STMicroelectronics.X-CUBE-AI.8.0.0
2024-12-22 11:56:59,683 [ERROR] Engine:466 - C:\Users\Minh\.stm32cubemx\thirdparties\pdsc\STMicroelectronics.X-CUBE-IPS.3.0.0.pdsc: PDSC version is not supported
2024-12-22 11:56:59,738 [WARN] ConditionMgr:438 - getConditionDescription Invalid condition id : UX DEVICE CLASS RTOS Condition cause : null
2024-12-22 11:56:59,739 [WARN] ConditionMgr:438 - getConditionDescription Invalid condition id : UX DEVICE CLASS RTOS Condition cause : null
2024-12-22 11:56:59,745 [WARN] PackLoader:240 - Cannot read IP mode file for STMicroelectronics.X-CUBE-AZRTOS-WB.2.0.0
2024-12-22 11:56:59,748 [WARN] ConditionMgr:1039 - genDependencies : Invalid condition id : UX DEVICE CLASS RTOS Condition cause : null
2024-12-22 11:56:59,748 [WARN] ConditionMgr:1039 - genDependencies : Invalid condition id : UX DEVICE CLASS RTOS Condition cause : null
2024-12-22 11:56:59,750 [WARN] ConditionMgr:1039 - genDependencies : Invalid condition id : UX DEVICE CLASS RTOS Condition cause : null
2024-12-22 11:56:59,751 [WARN] ConditionMgr:1039 - genDependencies : Invalid condition id : UX DEVICE CLASS RTOS Condition cause : null
2024-12-22 11:56:59,751 [WARN] ConditionMgr:1039 - genDependencies : Invalid condition id : UX DEVICE CLASS RTOS Condition cause : null
2024-12-22 11:56:59,763 [WARN] PackLoader:240 - Cannot read IP mode file for STMicroelectronics.X-CUBE-FREERTOS.1.0.0
2024-12-22 11:56:59,774 [WARN] PackLoader:240 - Cannot read IP mode file for STMicroelectronics.X-CUBE-FREERTOS.1.0.1
2024-12-22 11:56:59,785 [WARN] PackLoader:240 - Cannot read IP mode file for STMicroelectronics.X-CUBE-GNSS1.7.0.0
2024-12-22 11:56:59,798 [WARN] PackLoader:240 - Cannot read IP mode file for STMicroelectronics.X-CUBE-GNSS1.7.0.1
2024-12-22 11:56:59,808 [ERROR] Engine:466 - C:\Users\Minh\.stm32cubemx\thirdparties\pdsc\STMicroelectronics.FP-SNS-STBOX1.2.0.0.pdsc: PDSC version is not supported
2024-12-22 11:56:59,845 [WARN] PackLoader:240 - Cannot read IP mode file for STMicroelectronics.X-CUBE-AZRTOS-L5.1.1.0
2024-12-22 11:56:59,857 [WARN] PackLoader:240 - Cannot read IP mode file for STMicroelectronics.X-CUBE-AI.8.0.1
2024-12-22 11:56:59,879 [WARN] PackLoader:240 - Cannot read IP mode file for STMicroelectronics.X-CUBE-SUBG2.5.0.0
2024-12-22 11:56:59,901 [WARN] PackLoader:240 - Cannot read IP mode file for Cesanta.I-CUBE-Mongoose.7.13.0
2024-12-22 11:56:59,925 [WARN] PackLoader:240 - Cannot read IP mode file for STMicroelectronics.X-CUBE-TOF1.3.3.1
2024-12-22 11:56:59,977 [WARN] PackLoader:240 - Cannot read IP mode file for STMicroelectronics.X-CUBE-AZRTOS-G4.2.0.0
2024-12-22 11:57:00,001 [WARN] PackLoader:240 - Cannot read IP mode file for STMicroelectronics.X-CUBE-TOF1.3.3.0
2024-12-22 11:57:00,030 [WARN] PackLoader:240 - Cannot read IP mode file for STMicroelectronics.FP-ATR-ASTRA1.1.1.1
2024-12-22 11:57:00,070 [WARN] PackLoader:240 - Cannot read IP mode file for Infineon.AIROC-Wi-Fi-Bluetooth-STM32.1.5.1
2024-12-22 11:57:00,090 [WARN] PackLoader:240 - Cannot read IP mode file for STMicroelectronics.FP-SNS-MOTENVWB1.1.3.0
2024-12-22 11:57:00,098 [WARN] PackLoader:240 - Cannot read IP mode file for STMicroelectronics.FP-SNS-MOTENVWB1.1.3.1
2024-12-22 11:57:00,128 [WARN] PackLoader:240 - Cannot read IP mode file for STMicroelectronics.X-CUBE-AZRTOS-G4.1.0.0
2024-12-22 11:57:00,187 [WARN] PackLoader:240 - Cannot read IP mode file for STMicroelectronics.X-CUBE-AZRTOS-L4.1.0.0
2024-12-22 11:57:00,204 [WARN] PackLoader:240 - Cannot read IP mode file for STMicroelectronics.X-CUBE-ISPU.2.0.0
2024-12-22 11:57:00,215 [WARN] PackLoader:240 - Cannot read IP mode file for STMicroelectronics.X-CUBE-ALS.1.0.2
2024-12-22 11:57:00,362 [WARN] PackLoader:240 - Cannot read IP mode file for STMicroelectronics.X-CUBE-MEMS1.10.0.0
2024-12-22 11:57:00,779 [WARN] PackLoader:240 - Cannot read IP mode file for STMicroelectronics.X-CUBE-FREERTOS.1.1.0
2024-12-22 11:57:00,788 [WARN] PackLoader:240 - Cannot read IP mode file for STMicroelectronics.X-CUBE-TOUCHGFX.4.24.0
2024-12-22 11:57:00,820 [WARN] PackLoader:240 - Cannot read IP mode file for STMicroelectronics.X-CUBE-AZRTOS-WL.1.0.0
2024-12-22 11:57:00,829 [WARN] PackLoader:240 - Cannot read IP mode file for STMicroelectronics.X-CUBE-TOUCHGFX.4.24.1
2024-12-22 11:57:00,842 [WARN] PackLoader:240 - Cannot read IP mode file for portGmbH.I-Cube-SoM-uGOAL.1.1.0
2024-12-22 11:57:00,849 [WARN] PackLoader:240 - Cannot read IP mode file for STMicroelectronics.X-CUBE-ALS.1.0.1
2024-12-22 11:57:00,877 [WARN] PackLoader:240 - Cannot read IP mode file for STMicroelectronics.X-CUBE-AZRTOS-WB.1.1.0
2024-12-22 11:57:00,944 [WARN] PackLoader:240 - Cannot read IP mode file for STMicroelectronics.X-CUBE-AZRTOS-H7RS.1.0.0
2024-12-22 11:57:00,958 [WARN] PackLoader:240 - Cannot read IP mode file for STMicroelectronics.FP-ATR-ASTRA1.2.0.0
2024-12-22 11:57:00,969 [ERROR] Engine:466 - C:\Users\Minh\.stm32cubemx\thirdparties\pdsc\STMicroelectronics.X-CUBE-TOF1.3.4.2.pdsc: PDSC version is not supported
2024-12-22 11:57:00,991 [WARN] PackLoader:240 - Cannot read IP mode file for STMicroelectronics.X-CUBE-TOF1.3.4.0
2024-12-22 11:57:01,071 [WARN] PackLoader:240 - Cannot read IP mode file for STMicroelectronics.X-CUBE-TOF1.3.4.1
2024-12-22 11:57:01,149 [WARN] PackLoader:240 - Cannot read IP mode file for STMicroelectronics.X-CUBE-AZRTOS-H7.3.2.0
2024-12-22 11:57:01,164 [WARN] PackLoader:240 - Cannot read IP mode file for wolfSSL.I-CUBE-wolfSSH.1.4.17
2024-12-22 11:57:01,165 [INFO] ThirdParty:978 - Integrity check success = true
2024-12-22 11:57:01,166 [INFO] IntegrityCheckThread:100 - exiting critical section [integrity check]
2024-12-22 11:57:01,166 [INFO] IntegrityCheckThread:103 - End integrity checks thread
2024-12-22 11:57:39,218 [ERROR] LogOutputStream:75 - [STDERR_REDIRECT] SLF4J: Failed to load class "org.slf4j.impl.StaticLoggerBinder".
2024-12-22 11:57:39,220 [ERROR] LogOutputStream:75 - [STDERR_REDIRECT] SLF4J: Defaulting to no-operation (NOP) logger implementation
2024-12-22 11:57:39,227 [ERROR] LogOutputStream:75 - [STDERR_REDIRECT] SLF4J: See http://www.slf4j.org/codes.html#StaticLoggerBinder for further details.
2024-12-22 12:01:00,084 [ERROR] ConfigurationRetriever:142 - IOException on connection: Connect timed out
2024-12-22 12:01:10,964 [ERROR] AdobePublisher:162 - Exception while opening the connection: java.net.SocketTimeoutException: Connect timed out
2024-12-22 12:01:13,658 [ERROR] AdobePublisher:162 - Exception while opening the connection: java.net.SocketTimeoutException: Read timed out
2024-12-22 12:04:33,670 [ERROR] AdobePublisher:162 - Exception while opening the connection: java.net.SocketTimeoutException: Read timed out
2024-12-22 12:04:56,333 [INFO] McuFinderGlobals:63 - Set McuFinder mode to 2 (CubeIDE integrated)
2024-12-22 12:04:56,484 [INFO] MainUpdater:2868 - connection check result : 10
2024-12-22 12:04:57,947 [INFO] ApiDb:581 - Connected to CubeFinder SQLite database (C:\Users\Minh\.stmcufinder\plugins\mcufinder\mcu\cube-finder-db.db)
2024-12-22 12:04:58,236 [INFO] ApiDb:668 - CubeFinder database Data Model version=2.1
2024-12-22 12:04:58,236 [INFO] ApiDb:669 - CubeFinder database Configuration version=3.0.39
2024-12-22 12:04:58,237 [INFO] ApiDb:670 - CubeFinder database generation date=2024-11-21 (1732182206)
2024-12-22 12:04:58,237 [INFO] ApiDb:671 - CubeFinder database FW Pack versions=[FP-ATR-ASTRA1_V2.0.0, FP-SNS-FLIGHT1_V5.0.2, FP-SNS-MOTENV1_V5.0.0, FP-SNS-MOTENVWB1_V1.4.0, FP-SNS-SMARTAG2_V1.2.0, FP-SNS-STBOX1_V2.0.0, STM32Cube_FW_C0_V1.3.0, STM32Cube_FW_F4_V1.28.1, STM32Cube_FW_F7_V1.17.2, STM32Cube_FW_G0_V1.6.2, STM32Cube_FW_G4_V1.6.1, STM32Cube_FW_H5_V1.4.0, STM32Cube_FW_H7RS_V1.1.0, STM32Cube_FW_H7_V1.12.0, STM32Cube_FW_L0_V1.12.2, STM32Cube_FW_L4_V1.18.1, STM32Cube_FW_L5_V1.5.1, STM32Cube_FW_N6_V1.0.0, STM32Cube_FW_U0_V1.2.0, STM32Cube_FW_U3_V1.0.0, STM32Cube_FW_U5_V1.7.0, STM32Cube_FW_WB0_V1.1.0, STM32Cube_FW_WBA_V1.5.0, STM32Cube_FW_WB_V1.21.0, STM32Cube_FW_WL3_V1.0.0, STM32Cube_FW_WL_V1.3.0, X-CUBE-ALGOBUILD_V1.4.0, X-CUBE-ALS_V1.0.2, X-CUBE-AZRTOS-F4_V1.1.0, X-CUBE-AZRTOS-F7_V1.1.0, X-CUBE-AZRTOS-G0_V1.1.0, X-CUBE-AZRTOS-G4_V2.0.0, X-CUBE-AZRTOS-H7RS_V1.0.0, X-CUBE-AZRTOS-H7_V3.3.0, X-CUBE-AZRTOS-L4_V2.0.0, X-CUBE-AZRTOS-L5_V2.0.0, X-CUBE-AZRTOS-WB_V2.0.0, X-CUBE-AZRTOS-WL_V2.0.0, X-CUBE-BLE1_V7.0.0, X-CUBE-BLE2_V3.3.0, X-CUBE-BLEMGR_V3.1.0, X-CUBE-EEPRMA1_V5.1.0, X-CUBE-FREERTOS_V1.2.0, X-CUBE-GNSS1_V6.0.0, X-CUBE-MEMS1_V11.0.0, X-CUBE-NFC4_V3.0.0, X-CUBE-NFC7_V1.0.1, X-CUBE-SFXS2LP1_V4.0.0, X-CUBE-SUBG2_V5.0.0, X-CUBE-TOF1_V3.4.2]
2024-12-22 12:04:58,530 [INFO] DbBoardsSqlite:226 - include board P-NUCLEO-WB55-NUCLEO as a kit item of type 'Nucleo-64'
2024-12-22 12:04:58,531 [INFO] DbBoardsSqlite:226 - include board P-NUCLEO-WB55-USBDONGLE as a kit item of type 'Nucleo USB Dongle'
2024-12-22 12:04:58,533 [INFO] DbBoardsSqlite:226 - include board STEVAL-IDP005V1 as a kit item of type 'Evaluation Board'
2024-12-22 12:04:58,534 [INFO] DbBoardsSqlite:226 - include board STEVAL-IDP005V2 as a kit item of type 'Evaluation Board'
2024-12-22 12:04:59,338 [INFO] ApiDb:240 - Found 323 in-development CPN: [B-G473E-ZEST1S, B-WB1M-WPAN1, B-WL5M-SUBG1, NUCLEO-C031C6, NUCLEO-H503RB, NUCLEO-H563ZI, NUCLEO-U545RE-Q, NUCLEO-U5A5ZJ-Q, NUCLEO-WBA52CG, STEVAL-PROTEUS1, STEVAL-SMARTAG2, STEVAL-STWINBX1, STM320518-EVAL, STM32C0116-DK, STM32C011D6Y3TR, STM32C011D6Y6TR, STM32C011F4P3, STM32C011F4P6, STM32C011F4U3, STM32C011F4U6TR, STM32C011F6P3, STM32C011F6P6, STM32C011F6U3, STM32C011F6U6TR, STM32C011J4M3, STM32C011J4M6, STM32C011J6M3, STM32C011J6M6, STM32C0316-DK, STM32C031C4T3, STM32C031C4T6, STM32C031C4U3, STM32C031C4U6, STM32C031C6T3, STM32C031C6T6, STM32C031C6U3, STM32C031C6U6, STM32C031F4P3, STM32C031F4P6, STM32C031F6P3, STM32C031F6P6, STM32C031G4U3, STM32C031G4U6, STM32C031G6U3, STM32C031G6U6, STM32C031K4T3, STM32C031K4T6, STM32C031K4U3, STM32C031K4U6, STM32C031K6T3, STM32C031K6T6, STM32C031K6U3, STM32C031K6U6, STM32G071K8TXN, STM32G071K8UXN, STM32G081GBU6N, STM32G081KBT6N, STM32G081KBUXN, STM32G0B1CCT6N, STM32G0B1KCT6, STM32G0B1NEY6TR, STM32G0B1RCT6N, STM32G0C1CCT6, STM32G0C1CCT6N, STM32G0C1CCU6N, STM32G0C1CET6N, STM32G0C1CEU6N, STM32G0C1KCT6, STM32G0C1NEY6TR, STM32G0C1RCI6N, STM32G0C1RCT6N, STM32G0C1REI6N, STM32G0C1RET6N, STM32G0C1VCI6, STM32G0C1VEI6, STM32G471CCT6, STM32G471CCU6, STM32G471CET3, STM32G471CET6, STM32G471CEU3, STM32G471CEU6, STM32G471MCT6, STM32G471MET3, STM32G471MET6, STM32G471MEY6TR, STM32G471QCT6, STM32G471QET3, STM32G471RCT6, STM32G471RET3, STM32G471RET6, STM32G471VCH6, STM32G471VCI6, STM32G471VCT6, STM32G471VEH3, STM32G471VEH6, STM32G471VEI3, STM32G471VEI6, STM32G471VET3, STM32G471VET6, STM32G474CCT6, STM32H503CBT6, STM32H503CBU6, STM32H503EBY6TR, STM32H503KBU6, STM32H503RBT6, STM32H562AGI6, STM32H562AII6, STM32H562IGK6, STM32H562IGT6, STM32H562IIK6, STM32H562IIT6, STM32H562RGT6, STM32H562RGV6, STM32H562RIT6, STM32H562RIV6, STM32H562VGT6, STM32H562VIT6, STM32H562ZGT6, STM32H562ZIT6, STM32H563AGI6, STM32H563AII3Q, STM32H563AII6, STM32H563IGK6, STM32H563IGT6, STM32H563IIK3Q, STM32H563IIK6, STM32H563IIT3Q, STM32H563IIT6, STM32H563MIY3QTR, STM32H563RGT6, STM32H563RGV6, STM32H563RIT6, STM32H563RIV6, STM32H563VGT6, STM32H563VIT3Q, STM32H563VIT6, STM32H563ZGT6, STM32H563ZIT3Q, STM32H563ZIT6, STM32H573AII3Q, STM32H573AII6, STM32H573I-DK, STM32H573IIK3Q, STM32H573IIK6, STM32H573IIT3Q, STM32H573IIT6, STM32H573MIY3QTR, STM32H573RIT6, STM32H573RIV6, STM32H573VIT3Q, STM32H573VIT6, STM32H573ZIT3Q, STM32H573ZIT6, STM32L4R5QGI6STR, STM32MP131AAE3, STM32MP131AAF3, STM32MP131AAG3, STM32MP131CAE3, STM32MP131CAF3, STM32MP131CAG3, STM32MP131DAE7, STM32MP131DAF7, STM32MP131DAG7, STM32MP131FAE7, STM32MP131FAF7, STM32MP131FAG7, STM32MP133AAE3, STM32MP133AAF3, STM32MP133AAG3, STM32MP133CAE3, STM32MP133CAF3, STM32MP133CAG3, STM32MP133DAE7, STM32MP133DAF7, STM32MP133DAG7, STM32MP133FAE7, STM32MP133FAF7, STM32MP133FAG7, STM32MP135AAE3, STM32MP135AAF3, STM32MP135AAG3, STM32MP135CAE3, STM32MP135CAF3, STM32MP135CAG3, STM32MP135DAE7, STM32MP135DAF7, STM32MP135DAG7, STM32MP135F-DK, STM32MP135FAE7, STM32MP135FAF7, STM32MP135FAF7T, STM32MP135FAF7U, STM32MP135FAG7, STM32U535CBT6, STM32U535CBT6Q, STM32U535CBU6, STM32U535CBU6Q, STM32U535CCT6, STM32U535CCT6Q, STM32U535CCU6, STM32U535CCU6Q, STM32U535CET6, STM32U535CET6Q, STM32U535CEU6, STM32U535CEU6Q, STM32U535JEY6QTR, STM32U535NCY6QTR, STM32U535NEY6QTR, STM32U535RBI6, STM32U535RBI6Q, STM32U535RBT6, STM32U535RBT6Q, STM32U535RCI6, STM32U535RCI6Q, STM32U535RCT6, STM32U535RCT6Q, STM32U535REI6, STM32U535REI6Q, STM32U535RET6, STM32U535RET6Q, STM32U535VCI6, STM32U535VCI6Q, STM32U535VCT6, STM32U535VCT6Q, STM32U535VEI6, STM32U535VEI6Q, STM32U535VET6, STM32U535VET6Q, STM32U545CET6, STM32U545CET6Q, STM32U545CEU6, STM32U545CEU6Q, STM32U545JEY6QTR, STM32U545NEY6QTR, STM32U545REI6, STM32U545REI6Q, STM32U545RET6, STM32U545RET6Q, STM32U545VEI6, STM32U545VEI6Q, STM32U545VET6, STM32U545VET6Q, STM32U595AIH6, STM32U595AIH6Q, STM32U595AJH6, STM32U595AJH6Q, STM32U595QII6, STM32U595QII6Q, STM32U595QJI6, STM32U595QJI6Q, STM32U595RIT6, STM32U595RIT6Q, STM32U595RJT6, STM32U595RJT6Q, STM32U595VIT6, STM32U595VIT6Q, STM32U595VJT6, STM32U595VJT6Q, STM32U595ZIT6, STM32U595ZIT6Q, STM32U595ZIY6QTR, STM32U595ZJT6, STM32U595ZJT6Q, STM32U595ZJY6QTR, STM32U599BJY6QTR, STM32U599NIH6Q, STM32U599NJH6Q, STM32U599VIT6Q, STM32U599VJT6, STM32U599VJT6Q, STM32U599ZIT6Q, STM32U599ZIY6QTR, STM32U599ZJT6Q, STM32U599ZJY6QTR, STM32U5A5AJH6, STM32U5A5AJH6Q, STM32U5A5QJI6, STM32U5A5QJI6Q, STM32U5A5RJT6, STM32U5A5RJT6Q, STM32U5A5VJT6, STM32U5A5VJT6Q, STM32U5A5ZJT6, STM32U5A5ZJT6Q, STM32U5A5ZJY6QTR, STM32U5A9BJY6QTR, STM32U5A9J-DK, STM32U5A9NJH6Q, STM32U5A9VJT6Q, STM32U5A9ZJT6Q, STM32U5A9ZJY6QTR, STM32U5F7VIT6, STM32U5F7VIT6Q, STM32U5F7VJT6, STM32U5F7VJT6Q, STM32U5F9BJY6QTR, STM32U5F9NJH6Q, STM32U5F9VIT6Q, STM32U5F9VJT6Q, STM32U5F9ZIJ6QTR, STM32U5F9ZIT6Q, STM32U5F9ZJJ6QTR, STM32U5F9ZJT6Q, STM32U5G7VJT6, STM32U5G7VJT6Q, STM32U5G9BJY6QTR, STM32U5G9J-DK1, STM32U5G9J-DK2, STM32U5G9NJH6Q, STM32U5G9VJT6Q, STM32U5G9ZJJ6QTR, STM32U5G9ZJT6Q, STM32WB1MMCH6, STM32WBA52CEU6, STM32WBA52CEU6T, STM32WBA52CGU6, STM32WBA52CGU6T, STM32WBA52KEU6, STM32WBA52KEU6T, STM32WBA52KGU6, STM32WBA52KGU6T, STM32WL5MOCH6, STM32WL5MOCH6TR]
2024-12-22 12:04:59,347 [INFO] ApiDb:668 - CubeFinder database Data Model version=2.1
2024-12-22 12:04:59,347 [INFO] ApiDb:669 - CubeFinder database Configuration version=3.0.39
2024-12-22 12:04:59,347 [INFO] ApiDb:670 - CubeFinder database generation date=2024-11-21 (1732182206)
2024-12-22 12:04:59,348 [INFO] ApiDb:671 - CubeFinder database FW Pack versions=[FP-ATR-ASTRA1_V2.0.0, FP-SNS-FLIGHT1_V5.0.2, FP-SNS-MOTENV1_V5.0.0, FP-SNS-MOTENVWB1_V1.4.0, FP-SNS-SMARTAG2_V1.2.0, FP-SNS-STBOX1_V2.0.0, STM32Cube_FW_C0_V1.3.0, STM32Cube_FW_F4_V1.28.1, STM32Cube_FW_F7_V1.17.2, STM32Cube_FW_G0_V1.6.2, STM32Cube_FW_G4_V1.6.1, STM32Cube_FW_H5_V1.4.0, STM32Cube_FW_H7RS_V1.1.0, STM32Cube_FW_H7_V1.12.0, STM32Cube_FW_L0_V1.12.2, STM32Cube_FW_L4_V1.18.1, STM32Cube_FW_L5_V1.5.1, STM32Cube_FW_N6_V1.0.0, STM32Cube_FW_U0_V1.2.0, STM32Cube_FW_U3_V1.0.0, STM32Cube_FW_U5_V1.7.0, STM32Cube_FW_WB0_V1.1.0, STM32Cube_FW_WBA_V1.5.0, STM32Cube_FW_WB_V1.21.0, STM32Cube_FW_WL3_V1.0.0, STM32Cube_FW_WL_V1.3.0, X-CUBE-ALGOBUILD_V1.4.0, X-CUBE-ALS_V1.0.2, X-CUBE-AZRTOS-F4_V1.1.0, X-CUBE-AZRTOS-F7_V1.1.0, X-CUBE-AZRTOS-G0_V1.1.0, X-CUBE-AZRTOS-G4_V2.0.0, X-CUBE-AZRTOS-H7RS_V1.0.0, X-CUBE-AZRTOS-H7_V3.3.0, X-CUBE-AZRTOS-L4_V2.0.0, X-CUBE-AZRTOS-L5_V2.0.0, X-CUBE-AZRTOS-WB_V2.0.0, X-CUBE-AZRTOS-WL_V2.0.0, X-CUBE-BLE1_V7.0.0, X-CUBE-BLE2_V3.3.0, X-CUBE-BLEMGR_V3.1.0, X-CUBE-EEPRMA1_V5.1.0, X-CUBE-FREERTOS_V1.2.0, X-CUBE-GNSS1_V6.0.0, X-CUBE-MEMS1_V11.0.0, X-CUBE-NFC4_V3.0.0, X-CUBE-NFC7_V1.0.1, X-CUBE-SFXS2LP1_V4.0.0, X-CUBE-SUBG2_V5.0.0, X-CUBE-TOF1_V3.4.2]
2024-12-22 12:05:05,157 [INFO] ApiDb:240 - Found 323 in-development CPN: [B-G473E-ZEST1S, B-WB1M-WPAN1, B-WL5M-SUBG1, NUCLEO-C031C6, NUCLEO-H503RB, NUCLEO-H563ZI, NUCLEO-U545RE-Q, NUCLEO-U5A5ZJ-Q, NUCLEO-WBA52CG, STEVAL-PROTEUS1, STEVAL-SMARTAG2, STEVAL-STWINBX1, STM320518-EVAL, STM32C0116-DK, STM32C011D6Y3TR, STM32C011D6Y6TR, STM32C011F4P3, STM32C011F4P6, STM32C011F4U3, STM32C011F4U6TR, STM32C011F6P3, STM32C011F6P6, STM32C011F6U3, STM32C011F6U6TR, STM32C011J4M3, STM32C011J4M6, STM32C011J6M3, STM32C011J6M6, STM32C0316-DK, STM32C031C4T3, STM32C031C4T6, STM32C031C4U3, STM32C031C4U6, STM32C031C6T3, STM32C031C6T6, STM32C031C6U3, STM32C031C6U6, STM32C031F4P3, STM32C031F4P6, STM32C031F6P3, STM32C031F6P6, STM32C031G4U3, STM32C031G4U6, STM32C031G6U3, STM32C031G6U6, STM32C031K4T3, STM32C031K4T6, STM32C031K4U3, STM32C031K4U6, STM32C031K6T3, STM32C031K6T6, STM32C031K6U3, STM32C031K6U6, STM32G071K8TXN, STM32G071K8UXN, STM32G081GBU6N, STM32G081KBT6N, STM32G081KBUXN, STM32G0B1CCT6N, STM32G0B1KCT6, STM32G0B1NEY6TR, STM32G0B1RCT6N, STM32G0C1CCT6, STM32G0C1CCT6N, STM32G0C1CCU6N, STM32G0C1CET6N, STM32G0C1CEU6N, STM32G0C1KCT6, STM32G0C1NEY6TR, STM32G0C1RCI6N, STM32G0C1RCT6N, STM32G0C1REI6N, STM32G0C1RET6N, STM32G0C1VCI6, STM32G0C1VEI6, STM32G471CCT6, STM32G471CCU6, STM32G471CET3, STM32G471CET6, STM32G471CEU3, STM32G471CEU6, STM32G471MCT6, STM32G471MET3, STM32G471MET6, STM32G471MEY6TR, STM32G471QCT6, STM32G471QET3, STM32G471RCT6, STM32G471RET3, STM32G471RET6, STM32G471VCH6, STM32G471VCI6, STM32G471VCT6, STM32G471VEH3, STM32G471VEH6, STM32G471VEI3, STM32G471VEI6, STM32G471VET3, STM32G471VET6, STM32G474CCT6, STM32H503CBT6, STM32H503CBU6, STM32H503EBY6TR, STM32H503KBU6, STM32H503RBT6, STM32H562AGI6, STM32H562AII6, STM32H562IGK6, STM32H562IGT6, STM32H562IIK6, STM32H562IIT6, STM32H562RGT6, STM32H562RGV6, STM32H562RIT6, STM32H562RIV6, STM32H562VGT6, STM32H562VIT6, STM32H562ZGT6, STM32H562ZIT6, STM32H563AGI6, STM32H563AII3Q, STM32H563AII6, STM32H563IGK6, STM32H563IGT6, STM32H563IIK3Q, STM32H563IIK6, STM32H563IIT3Q, STM32H563IIT6, STM32H563MIY3QTR, STM32H563RGT6, STM32H563RGV6, STM32H563RIT6, STM32H563RIV6, STM32H563VGT6, STM32H563VIT3Q, STM32H563VIT6, STM32H563ZGT6, STM32H563ZIT3Q, STM32H563ZIT6, STM32H573AII3Q, STM32H573AII6, STM32H573I-DK, STM32H573IIK3Q, STM32H573IIK6, STM32H573IIT3Q, STM32H573IIT6, STM32H573MIY3QTR, STM32H573RIT6, STM32H573RIV6, STM32H573VIT3Q, STM32H573VIT6, STM32H573ZIT3Q, STM32H573ZIT6, STM32L4R5QGI6STR, STM32MP131AAE3, STM32MP131AAF3, STM32MP131AAG3, STM32MP131CAE3, STM32MP131CAF3, STM32MP131CAG3, STM32MP131DAE7, STM32MP131DAF7, STM32MP131DAG7, STM32MP131FAE7, STM32MP131FAF7, STM32MP131FAG7, STM32MP133AAE3, STM32MP133AAF3, STM32MP133AAG3, STM32MP133CAE3, STM32MP133CAF3, STM32MP133CAG3, STM32MP133DAE7, STM32MP133DAF7, STM32MP133DAG7, STM32MP133FAE7, STM32MP133FAF7, STM32MP133FAG7, STM32MP135AAE3, STM32MP135AAF3, STM32MP135AAG3, STM32MP135CAE3, STM32MP135CAF3, STM32MP135CAG3, STM32MP135DAE7, STM32MP135DAF7, STM32MP135DAG7, STM32MP135F-DK, STM32MP135FAE7, STM32MP135FAF7, STM32MP135FAF7T, STM32MP135FAF7U, STM32MP135FAG7, STM32U535CBT6, STM32U535CBT6Q, STM32U535CBU6, STM32U535CBU6Q, STM32U535CCT6, STM32U535CCT6Q, STM32U535CCU6, STM32U535CCU6Q, STM32U535CET6, STM32U535CET6Q, STM32U535CEU6, STM32U535CEU6Q, STM32U535JEY6QTR, STM32U535NCY6QTR, STM32U535NEY6QTR, STM32U535RBI6, STM32U535RBI6Q, STM32U535RBT6, STM32U535RBT6Q, STM32U535RCI6, STM32U535RCI6Q, STM32U535RCT6, STM32U535RCT6Q, STM32U535REI6, STM32U535REI6Q, STM32U535RET6, STM32U535RET6Q, STM32U535VCI6, STM32U535VCI6Q, STM32U535VCT6, STM32U535VCT6Q, STM32U535VEI6, STM32U535VEI6Q, STM32U535VET6, STM32U535VET6Q, STM32U545CET6, STM32U545CET6Q, STM32U545CEU6, STM32U545CEU6Q, STM32U545JEY6QTR, STM32U545NEY6QTR, STM32U545REI6, STM32U545REI6Q, STM32U545RET6, STM32U545RET6Q, STM32U545VEI6, STM32U545VEI6Q, STM32U545VET6, STM32U545VET6Q, STM32U595AIH6, STM32U595AIH6Q, STM32U595AJH6, STM32U595AJH6Q, STM32U595QII6, STM32U595QII6Q, STM32U595QJI6, STM32U595QJI6Q, STM32U595RIT6, STM32U595RIT6Q, STM32U595RJT6, STM32U595RJT6Q, STM32U595VIT6, STM32U595VIT6Q, STM32U595VJT6, STM32U595VJT6Q, STM32U595ZIT6, STM32U595ZIT6Q, STM32U595ZIY6QTR, STM32U595ZJT6, STM32U595ZJT6Q, STM32U595ZJY6QTR, STM32U599BJY6QTR, STM32U599NIH6Q, STM32U599NJH6Q, STM32U599VIT6Q, STM32U599VJT6, STM32U599VJT6Q, STM32U599ZIT6Q, STM32U599ZIY6QTR, STM32U599ZJT6Q, STM32U599ZJY6QTR, STM32U5A5AJH6, STM32U5A5AJH6Q, STM32U5A5QJI6, STM32U5A5QJI6Q, STM32U5A5RJT6, STM32U5A5RJT6Q, STM32U5A5VJT6, STM32U5A5VJT6Q, STM32U5A5ZJT6, STM32U5A5ZJT6Q, STM32U5A5ZJY6QTR, STM32U5A9BJY6QTR, STM32U5A9J-DK, STM32U5A9NJH6Q, STM32U5A9VJT6Q, STM32U5A9ZJT6Q, STM32U5A9ZJY6QTR, STM32U5F7VIT6, STM32U5F7VIT6Q, STM32U5F7VJT6, STM32U5F7VJT6Q, STM32U5F9BJY6QTR, STM32U5F9NJH6Q, STM32U5F9VIT6Q, STM32U5F9VJT6Q, STM32U5F9ZIJ6QTR, STM32U5F9ZIT6Q, STM32U5F9ZJJ6QTR, STM32U5F9ZJT6Q, STM32U5G7VJT6, STM32U5G7VJT6Q, STM32U5G9BJY6QTR, STM32U5G9J-DK1, STM32U5G9J-DK2, STM32U5G9NJH6Q, STM32U5G9VJT6Q, STM32U5G9ZJJ6QTR, STM32U5G9ZJT6Q, STM32WB1MMCH6, STM32WBA52CEU6, STM32WBA52CEU6T, STM32WBA52CGU6, STM32WBA52CGU6T, STM32WBA52KEU6, STM32WBA52KEU6T, STM32WBA52KGU6, STM32WBA52KGU6T, STM32WL5MOCH6, STM32WL5MOCH6TR]
2024-12-22 12:05:05,166 [INFO] DbMcus:217 - Found 4373 MCUs, 4373 are supported
2024-12-22 12:05:05,168 [INFO] ApiDb:423 - Load user favorites file C:\Users\Minh/.stm32cubeide/favorites.mcus.txt: 0 item(s)
2024-12-22 12:05:05,169 [INFO] ApiDb:427 - User favorites MCUs=[]
2024-12-22 12:05:05,169 [INFO] DbMcus:223 - Set 0 / 0 favorites MCUs
2024-12-22 12:05:06,509 [INFO] BoardInfo:880 - No configuration file found for board NUCLEO-C071RB
2024-12-22 12:05:06,509 [INFO] DbBoards:157 - Board is not supported: NUCLEO-C071RB
2024-12-22 12:05:06,630 [INFO] BoardInfo:880 - No configuration file found for board NUCLEO-H533RE
2024-12-22 12:05:06,630 [INFO] DbBoards:157 - Board is not supported: NUCLEO-H533RE
2024-12-22 12:05:06,653 [INFO] BoardInfo:880 - No configuration file found for board NUCLEO-H7S3L8
2024-12-22 12:05:06,653 [INFO] DbBoards:157 - Board is not supported: NUCLEO-H7S3L8
2024-12-22 12:05:06,737 [INFO] BoardInfo:880 - No configuration file found for board NUCLEO-U031R8
2024-12-22 12:05:06,738 [INFO] DbBoards:157 - Board is not supported: NUCLEO-U031R8
2024-12-22 12:05:06,742 [INFO] BoardInfo:880 - No configuration file found for board NUCLEO-U083RC
2024-12-22 12:05:06,743 [INFO] DbBoards:157 - Board is not supported: NUCLEO-U083RC
2024-12-22 12:05:06,760 [INFO] BoardInfo:880 - No configuration file found for board NUCLEO-WB05KZ
2024-12-22 12:05:06,760 [INFO] DbBoards:157 - Board is not supported: NUCLEO-WB05KZ
2024-12-22 12:05:06,764 [INFO] BoardInfo:880 - No configuration file found for board NUCLEO-WB07CC
2024-12-22 12:05:06,765 [INFO] DbBoards:157 - Board is not supported: NUCLEO-WB07CC
2024-12-22 12:05:06,769 [INFO] BoardInfo:880 - No configuration file found for board NUCLEO-WB09KE
2024-12-22 12:05:06,769 [INFO] DbBoards:157 - Board is not supported: NUCLEO-WB09KE
2024-12-22 12:05:06,787 [INFO] BoardInfo:880 - No configuration file found for board NUCLEO-WBA55CG
2024-12-22 12:05:06,787 [INFO] DbBoards:157 - Board is not supported: NUCLEO-WBA55CG
2024-12-22 12:05:06,808 [INFO] BoardInfo:880 - No configuration file found for board P-NUCLEO-WB55
2024-12-22 12:05:06,808 [INFO] DbBoards:157 - Kit is not supported: P-NUCLEO-WB55
2024-12-22 12:05:06,822 [INFO] BoardInfo:880 - No configuration file found for board STEVAL-BFA001V1B
2024-12-22 12:05:06,823 [INFO] DbBoards:157 - Kit is not supported: STEVAL-BFA001V1B
2024-12-22 12:05:06,827 [INFO] BoardInfo:880 - No configuration file found for board STEVAL-BFA001V2B
2024-12-22 12:05:06,827 [INFO] DbBoards:157 - Kit is not supported: STEVAL-BFA001V2B
2024-12-22 12:05:06,842 [INFO] BoardInfo:880 - No configuration file found for board STEVAL-MKBOXPRO
2024-12-22 12:05:06,842 [INFO] DbBoards:157 - Board is not supported: STEVAL-MKBOXPRO
2024-12-22 12:05:07,062 [INFO] BoardInfo:880 - No configuration file found for board STM32H7S78-DK
2024-12-22 12:05:07,062 [INFO] DbBoards:157 - Board is not supported: STM32H7S78-DK
2024-12-22 12:05:07,132 [INFO] BoardInfo:880 - No configuration file found for board STM32MP257F-DK
2024-12-22 12:05:07,132 [INFO] DbBoards:157 - Board is not supported: STM32MP257F-DK
2024-12-22 12:05:07,136 [INFO] BoardInfo:880 - No configuration file found for board STM32MP257F-EV1
2024-12-22 12:05:07,136 [INFO] DbBoards:157 - Board is not supported: STM32MP257F-EV1
2024-12-22 12:05:07,140 [INFO] BoardInfo:880 - No configuration file found for board STM32U083C-DK
2024-12-22 12:05:07,140 [INFO] DbBoards:157 - Board is not supported: STM32U083C-DK
2024-12-22 12:05:07,159 [INFO] BoardInfo:880 - No configuration file found for board STM32WBA55G-DK1
2024-12-22 12:05:07,159 [INFO] DbBoards:157 - Board is not supported: STM32WBA55G-DK1
2024-12-22 12:05:07,160 [INFO] DbBoards:161 - Found 201 boards, 183 are supported
2024-12-22 12:05:07,164 [INFO] ApiDb:423 - Load user favorites file C:\Users\Minh/.stm32cubeide/favorites.boards.txt: 1 item(s)
2024-12-22 12:05:07,165 [INFO] ApiDb:427 - User favorites Boards=[STM32F407G-DISC1]
2024-12-22 12:05:07,165 [INFO] DbBoards:190 - Set 1 / 1 favorites Boards
2024-12-22 12:05:07,166 [INFO] McuFinderGlobals:76 - Set McuFinderConnectedMode to true
2024-12-22 12:05:07,177 [INFO] MultiScanPanel:200 - Auto-refresh data requested => check proxy status ongoing
2024-12-22 12:05:07,182 [INFO] FinderPluginLoader:95 - Searching for filters in installed packs
2024-12-22 12:05:10,777 [INFO] LoadUrlFilesThread:185 - End of LoadServerUrlFiles without Thread
2024-12-22 12:05:10,822 [INFO] DetailPanel:341 - Set advertising image to C:/Users/Minh/STM32Cube/Repository/\en.prom-stm32n6-mcu-finder.png
2024-12-22 12:05:17,010 [INFO] MultiScanPanel:200 - Auto-refresh data requested => check proxy status ongoing
2024-12-22 12:05:17,379 [INFO] LoadUrlFilesThread:185 - End of LoadServerUrlFiles without Thread
2024-12-22 12:05:17,380 [INFO] DetailPanel:341 - Set advertising image to C:/Users/Minh/STM32Cube/Repository/\en.prom-stm32n6-mcu-finder.png
2024-12-22 12:05:17,411 [INFO] DbBoards:634 - Loading board mini-images...
2024-12-22 12:05:20,003 [ERROR] DbBoards:651 - Image file not found for board NUCLEO-WB05KZ: C:\Users\Minh\.stmcufinder\plugins\mcufinder//mcu//boards_images/NUCLEO-WB05KZ.jpg
2024-12-22 12:05:23,673 [INFO] DbBoards:657 - Loaded 200 board mini-images
2024-12-22 12:06:29,171 [ERROR] ConfigurationRetriever:142 - IOException on connection: Read timed out
2024-12-22 12:06:35,097 [INFO] McuFinderGlobals:76 - Set McuFinderConnectedMode to true
2024-12-22 12:06:35,112 [INFO] ApiDb:448 - Save user favorites file C:\Users\Minh/.stm32cubeide/favorites.mcus.txt: 0 item(s)
2024-12-22 12:06:35,113 [INFO] ApiDb:452 - User favorites MCUs=[]
2024-12-22 12:06:35,116 [INFO] ApiDb:448 - Save user favorites file C:\Users\Minh/.stm32cubeide/favorites.boards.txt: 1 item(s)
2024-12-22 12:06:35,117 [INFO] ApiDb:452 - User favorites Boards=[STM32F407G-DISC1]
2024-12-22 12:24:24,986 [INFO] Activator:176 - 


2024-12-22 12:24:24,991 [INFO] Activator:177 - !SESSION log4j initialized
2024-12-22 12:24:47,605 [INFO] LogOutputStream:77 - [STDOUT_REDIRECT] 
2024-12-22 12:24:55,650 [INFO] ApplicationProperties:184 - Using Application install path: C:\ST\STM32CubeIDE_1.4.0\STM32CubeIDE\plugins\com.st.stm32cube.common.mx_6.9.1.202307191849
2024-12-22 12:24:55,681 [INFO] DbMcusXml:78 - Set database path to: C:\ST\STM32CubeIDE_1.4.0\STM32CubeIDE\plugins\com.st.stm32cube.common.mx_6.9.1.202307191849\\db\/mcu/
2024-12-22 12:24:55,682 [INFO] ApiDb:274 - Set plugin database path to: C:\ST\STM32CubeIDE_1.4.0\STM32CubeIDE\plugins\com.st.stm32cube.common.mx_6.9.1.202307191849\\db\/plugins/boardmanager/
2024-12-22 12:24:55,682 [WARN] ApiDb:259 - Overriding images path with different value:  => C:\ST\STM32CubeIDE_1.4.0\STM32CubeIDE\plugins\com.st.stm32cube.common.mx_6.9.1.202307191849\\db\/plugins/mcufinder/images/
2024-12-22 12:24:55,704 [INFO] ApiDb:250 - Set database path to: C:\Users\Minh\.stmcufinder\plugins\mcufinder//mcu/
2024-12-22 12:24:55,706 [INFO] DbMcusAds:125 - Set database path to: C:\Users\Minh\.stmcufinder\plugins\mcufinder//mcu/
2024-12-22 12:24:55,710 [INFO] CrossReferenceDbSqlite:203 - Set database path to: C:\Users\Minh\.stmcufinder\plugins\mcufinder//mcu/cs/
2024-12-22 12:24:56,020 [INFO] RulesReader:64 - Compatibility file has been processed (293 Rules)
2024-12-22 12:24:56,203 [INFO] DbMcusXml:78 - Set database path to: C:\ST\STM32CubeIDE_1.4.0\STM32CubeIDE\plugins\com.st.stm32cube.common.mx_6.9.1.202307191849\\db\/mcu/
2024-12-22 12:24:56,203 [INFO] ApiDb:274 - Set plugin database path to: C:\ST\STM32CubeIDE_1.4.0\STM32CubeIDE\plugins\com.st.stm32cube.common.mx_6.9.1.202307191849\\db\/plugins/boardmanager/
2024-12-22 12:24:56,203 [INFO] ApiDb:261 - Set plugin images path to: C:\ST\STM32CubeIDE_1.4.0\STM32CubeIDE\plugins\com.st.stm32cube.common.mx_6.9.1.202307191849\\db\/plugins/mcufinder/images/
2024-12-22 12:24:56,204 [WARN] DbFile:41 - Overriding database path with different value: C:\Users\Minh\.stmcufinder\plugins\mcufinder/ => C:\Users\Minh\.stmcufinder\plugins\mcufinder
2024-12-22 12:24:56,204 [INFO] ApiDb:250 - Set database path to: C:\Users\Minh\.stmcufinder\plugins\mcufinder//mcu/
2024-12-22 12:24:56,205 [WARN] DbFile:41 - Overriding database path with different value: C:\Users\Minh\.stmcufinder\plugins\mcufinder/ => C:\Users\Minh\.stmcufinder\plugins\mcufinder
2024-12-22 12:24:56,205 [INFO] DbMcusAds:125 - Set database path to: C:\Users\Minh\.stmcufinder\plugins\mcufinder//mcu/
2024-12-22 12:24:56,205 [WARN] DbFile:41 - Overriding database path with different value: C:\Users\Minh\.stmcufinder\plugins\mcufinder/ => C:\Users\Minh\.stmcufinder\plugins\mcufinder
2024-12-22 12:24:56,205 [WARN] DbFile:41 - Overriding database path with different value: C:\Users\Minh\.stmcufinder\plugins\mcufinder/ => C:\Users\Minh\.stmcufinder\plugins\mcufinder
2024-12-22 12:24:56,206 [INFO] CrossReferenceDbSqlite:203 - Set database path to: C:\Users\Minh\.stmcufinder\plugins\mcufinder//mcu/cs/
2024-12-22 12:24:56,333 [INFO] MainPanel:262 - HeapMemory: 268435456
2024-12-22 12:24:56,481 [INFO] DbMcusXml:78 - Set database path to: C:\ST\STM32CubeIDE_1.4.0\STM32CubeIDE\plugins\com.st.stm32cube.common.mx_6.9.1.202307191849\\db\/mcu/
2024-12-22 12:24:56,481 [INFO] ApiDb:274 - Set plugin database path to: C:\ST\STM32CubeIDE_1.4.0\STM32CubeIDE\plugins\com.st.stm32cube.common.mx_6.9.1.202307191849\\db\/plugins/boardmanager/
2024-12-22 12:24:56,482 [INFO] ApiDb:261 - Set plugin images path to: C:\ST\STM32CubeIDE_1.4.0\STM32CubeIDE\plugins\com.st.stm32cube.common.mx_6.9.1.202307191849\\db\/plugins/mcufinder/images/
2024-12-22 12:24:56,482 [WARN] DbFile:41 - Overriding database path with different value: C:\Users\Minh\.stmcufinder\plugins\mcufinder/ => C:\Users\Minh\.stmcufinder\plugins\mcufinder
2024-12-22 12:24:56,482 [INFO] ApiDb:250 - Set database path to: C:\Users\Minh\.stmcufinder\plugins\mcufinder//mcu/
2024-12-22 12:24:56,482 [WARN] DbFile:41 - Overriding database path with different value: C:\Users\Minh\.stmcufinder\plugins\mcufinder/ => C:\Users\Minh\.stmcufinder\plugins\mcufinder
2024-12-22 12:24:56,483 [INFO] DbMcusAds:125 - Set database path to: C:\Users\Minh\.stmcufinder\plugins\mcufinder//mcu/
2024-12-22 12:24:56,483 [WARN] DbFile:41 - Overriding database path with different value: C:\Users\Minh\.stmcufinder\plugins\mcufinder/ => C:\Users\Minh\.stmcufinder\plugins\mcufinder
2024-12-22 12:24:56,483 [WARN] DbFile:41 - Overriding database path with different value: C:\Users\Minh\.stmcufinder\plugins\mcufinder/ => C:\Users\Minh\.stmcufinder\plugins\mcufinder
2024-12-22 12:24:56,483 [INFO] CrossReferenceDbSqlite:203 - Set database path to: C:\Users\Minh\.stmcufinder\plugins\mcufinder//mcu/cs/
2024-12-22 12:24:56,513 [INFO] ApplicationProperties:184 - Using Application install path: C:\ST\STM32CubeIDE_1.4.0\STM32CubeIDE\plugins\com.st.stm32cube.common.mx_6.9.1.202307191849
2024-12-22 12:24:56,515 [INFO] PluginManage:196 - Search for loadable plugins [exclusion list=, ]
2024-12-22 12:24:56,518 [INFO] PluginManage:310 - Check plugin analytics
2024-12-22 12:24:56,929 [INFO] AnalyticsPlugin:253 - Accepted Software Licenses: STM32CubeMX.6.0.0,STM32CubeMX.5.2.0
2024-12-22 12:24:56,931 [INFO] AnalyticsPlugin:255 - Accepted CMSIS Pack Licenses: 
2024-12-22 12:24:56,931 [INFO] AnalyticsPlugin:257 - Accepted Firmware Licenses: 
2024-12-22 12:24:56,959 [INFO] PluginManage:359 - Loaded plugin analytics (category:tool,tabindex:-1)
2024-12-22 12:24:56,961 [INFO] PluginManage:310 - Check plugin cadmodel
2024-12-22 12:24:57,072 [INFO] CADModel:105 - Init CAD model plugin
2024-12-22 12:24:57,072 [INFO] PluginManage:359 - Loaded plugin cadmodel (category:power,tabindex:5)
2024-12-22 12:24:57,073 [INFO] PluginManage:310 - Check plugin clock
2024-12-22 12:24:57,133 [INFO] PluginManage:359 - Loaded plugin clock (category:base,tabindex:2)
2024-12-22 12:24:57,134 [INFO] PluginManage:310 - Check plugin ddr
2024-12-22 12:24:57,140 [INFO] PluginManage:359 - Loaded plugin ddr (category:tool,tabindex:6)
2024-12-22 12:24:57,141 [INFO] PluginManage:310 - Check plugin filemanager
2024-12-22 12:24:57,472 [ERROR] ConfigurationRetriever:142 - IOException on connection: Read timed out
2024-12-22 12:24:57,475 [INFO] PluginManage:359 - Loaded plugin filemanager (category:base,tabindex:10)
2024-12-22 12:24:57,476 [INFO] PluginManage:310 - Check plugin ipmanager
2024-12-22 12:24:57,491 [INFO] PluginManage:359 - Loaded plugin ipmanager (category:base,tabindex:5)
2024-12-22 12:24:57,492 [INFO] PluginManage:310 - Check plugin lpbam
2024-12-22 12:24:57,526 [INFO] PluginManage:359 - Loaded plugin lpbam (category:base,tabindex:0)
2024-12-22 12:24:57,527 [INFO] PluginManage:310 - Check plugin memorymap
2024-12-22 12:24:57,573 [INFO] PluginManage:359 - Loaded plugin memorymap (category:base,tabindex:4)
2024-12-22 12:24:57,573 [INFO] PluginManage:310 - Check plugin pinoutandconfiguration
2024-12-22 12:24:57,618 [INFO] PluginManage:359 - Loaded plugin pinoutandconfiguration (category:base,tabindex:1)
2024-12-22 12:24:57,619 [INFO] PluginManage:310 - Check plugin pinoutconfig
2024-12-22 12:24:57,821 [WARN] SupportedApi:132 - Cannot load RTOS API schema: s4s-elt-must-match.1: The content of 'definitions' must match (annotation?, (simpleType | complexType)?, (unique | key | keyref)*)). A problem was found starting at: attribute.
2024-12-22 12:24:58,190 [INFO] PluginManage:359 - Loaded plugin pinoutconfig (category:base,tabindex:0)
2024-12-22 12:24:58,190 [INFO] PluginManage:310 - Check plugin power
2024-12-22 12:24:58,244 [INFO] PluginManage:359 - Loaded plugin power (category:power,tabindex:4)
2024-12-22 12:24:58,244 [INFO] PluginManage:310 - Check plugin projectmanager
2024-12-22 12:24:58,278 [INFO] PluginManage:359 - Loaded plugin projectmanager (category:projectmanager,tabindex:3)
2024-12-22 12:24:58,278 [INFO] PluginManage:310 - Check plugin thirdparty
2024-12-22 12:24:58,786 [INFO] PluginManage:359 - Loaded plugin thirdparty (category:base,tabindex:-1)
2024-12-22 12:24:58,786 [WARN] IntegrityCheckThread:84 - waiting for thirdparty lock release [integrity check]
2024-12-22 12:24:58,787 [INFO] PluginManage:310 - Check plugin tools
2024-12-22 12:24:58,787 [INFO] IntegrityCheckThread:86 - entering critical section [integrity check]
2024-12-22 12:24:58,787 [INFO] ThirdPartyUpdaterWithRetryManager:70 - Updater plugin not ready yet. [1/15]
2024-12-22 12:24:58,857 [INFO] PluginManage:359 - Loaded plugin tools (category:base,tabindex:7)
2024-12-22 12:24:58,857 [INFO] PluginManage:310 - Check plugin tutovideos
2024-12-22 12:24:59,222 [INFO] PluginManage:359 - Loaded plugin tutovideos (category:base,tabindex:-1)
2024-12-22 12:24:59,222 [INFO] PluginManage:310 - Check plugin updater
2024-12-22 12:24:59,242 [INFO] PluginManage:359 - Loaded plugin updater (category:base,tabindex:12)
2024-12-22 12:24:59,242 [INFO] PluginManage:310 - Check plugin userauth
2024-12-22 12:24:59,252 [INFO] UserAuth:113 - Init User Auth plugin
2024-12-22 12:24:59,252 [INFO] PluginManage:359 - Loaded plugin userauth (category:base,tabindex:14)
2024-12-22 12:24:59,253 [INFO] PluginManage:283 - PluginManage : Loaded plugins [17]
2024-12-22 12:24:59,594 [INFO] PinOutPanel:1499 - setPackage(No Configuration,No Configuration)
2024-12-22 12:24:59,758 [INFO] CADModel:165 - CPN selected for project level
2024-12-22 12:24:59,758 [INFO] CADModel:114 - Register for checkConnection events
2024-12-22 12:24:59,799 [INFO] IPUIPlugin:80 - create IPUIPlugin
2024-12-22 12:24:59,800 [INFO] PluginManager:220 - loadIPPluginJar : add adc
2024-12-22 12:24:59,858 [INFO] IPUIPlugin:80 - create IPUIPlugin
2024-12-22 12:24:59,858 [INFO] PluginManager:220 - loadIPPluginJar : add aes
2024-12-22 12:24:59,923 [INFO] IPUIPlugin:80 - create IPUIPlugin
2024-12-22 12:24:59,923 [INFO] PluginManager:220 - loadIPPluginJar : add can
2024-12-22 12:24:59,967 [INFO] IPUIPlugin:80 - create IPUIPlugin
2024-12-22 12:24:59,967 [INFO] PluginManager:220 - loadIPPluginJar : add comp
2024-12-22 12:25:00,031 [INFO] IPUIPlugin:80 - create IPUIPlugin
2024-12-22 12:25:00,031 [INFO] PluginManager:220 - loadIPPluginJar : add cryp
2024-12-22 12:25:00,101 [INFO] IPUIPlugin:80 - create IPUIPlugin
2024-12-22 12:25:00,101 [INFO] PluginManager:220 - loadIPPluginJar : add dfsdm
2024-12-22 12:25:00,123 [INFO] IPUIPlugin:80 - create IPUIPlugin
2024-12-22 12:25:00,124 [INFO] PluginManager:220 - loadIPPluginJar : add dma
2024-12-22 12:25:00,195 [INFO] IPUIPlugin:80 - create IPUIPlugin
2024-12-22 12:25:00,195 [INFO] PluginManager:220 - loadIPPluginJar : add dma3
2024-12-22 12:25:00,234 [INFO] IPUIPlugin:80 - create IPUIPlugin
2024-12-22 12:25:00,235 [INFO] PluginManager:220 - loadIPPluginJar : add fatfs
2024-12-22 12:25:00,328 [INFO] IPUIPlugin:80 - create IPUIPlugin
2024-12-22 12:25:00,328 [INFO] PluginManager:220 - loadIPPluginJar : add fmc
2024-12-22 12:25:00,377 [INFO] IPUIPlugin:80 - create IPUIPlugin
2024-12-22 12:25:00,377 [INFO] PluginManager:220 - loadIPPluginJar : add freertos
2024-12-22 12:25:00,443 [INFO] IPUIPlugin:80 - create IPUIPlugin
2024-12-22 12:25:00,444 [INFO] PluginManager:220 - loadIPPluginJar : add genericplugin
2024-12-22 12:25:00,673 [INFO] IPUIPlugin:80 - create IPUIPlugin
2024-12-22 12:25:00,673 [INFO] PluginManager:220 - loadIPPluginJar : add gfxmmu
2024-12-22 12:25:00,914 [INFO] IPUIPlugin:80 - create IPUIPlugin
2024-12-22 12:25:00,914 [INFO] PluginManager:220 - loadIPPluginJar : add gic
2024-12-22 12:25:00,932 [INFO] IPUIPlugin:80 - create IPUIPlugin
2024-12-22 12:25:00,933 [INFO] PluginManager:220 - loadIPPluginJar : add gpio
2024-12-22 12:25:01,089 [INFO] IPUIPlugin:80 - create IPUIPlugin
2024-12-22 12:25:01,089 [INFO] PluginManager:220 - loadIPPluginJar : add gtzc
2024-12-22 12:25:01,179 [INFO] IPUIPlugin:80 - create IPUIPlugin
2024-12-22 12:25:01,180 [INFO] PluginManager:220 - loadIPPluginJar : add hash
2024-12-22 12:25:01,279 [INFO] IPUIPlugin:80 - create IPUIPlugin
2024-12-22 12:25:01,279 [INFO] PluginManager:220 - loadIPPluginJar : add i2c
2024-12-22 12:25:01,347 [INFO] IPUIPlugin:80 - create IPUIPlugin
2024-12-22 12:25:01,348 [INFO] PluginManager:220 - loadIPPluginJar : add i2s
2024-12-22 12:25:01,418 [INFO] IPUIPlugin:80 - create IPUIPlugin
2024-12-22 12:25:01,418 [INFO] PluginManager:220 - loadIPPluginJar : add i3c
2024-12-22 12:25:01,587 [INFO] IPUIPlugin:80 - create IPUIPlugin
2024-12-22 12:25:01,587 [INFO] PluginManager:220 - loadIPPluginJar : add ipddr
2024-12-22 12:25:01,735 [INFO] IPUIPlugin:80 - create IPUIPlugin
2024-12-22 12:25:01,736 [INFO] PluginManager:220 - loadIPPluginJar : add linkedlist
2024-12-22 12:25:01,790 [INFO] IPUIPlugin:80 - create IPUIPlugin
2024-12-22 12:25:01,790 [INFO] PluginManager:220 - loadIPPluginJar : add lorawan
2024-12-22 12:25:01,799 [INFO] ThirdPartyUpdaterWithRetryManager:70 - Updater plugin not ready yet. [2/15]
2024-12-22 12:25:01,846 [INFO] IPUIPlugin:80 - create IPUIPlugin
2024-12-22 12:25:01,846 [INFO] PluginManager:220 - loadIPPluginJar : add ltdc
2024-12-22 12:25:01,866 [INFO] IPUIPlugin:80 - create IPUIPlugin
2024-12-22 12:25:01,867 [INFO] PluginManager:220 - loadIPPluginJar : add mdma
2024-12-22 12:25:01,883 [INFO] IPUIPlugin:80 - create IPUIPlugin
2024-12-22 12:25:01,884 [INFO] PluginManager:220 - loadIPPluginJar : add nvic
2024-12-22 12:25:01,937 [INFO] IPUIPlugin:80 - create IPUIPlugin
2024-12-22 12:25:01,938 [INFO] PluginManager:220 - loadIPPluginJar : add opamp
2024-12-22 12:25:02,040 [INFO] IPUIPlugin:80 - create IPUIPlugin
2024-12-22 12:25:02,040 [INFO] PluginManager:220 - loadIPPluginJar : add openamp
2024-12-22 12:25:02,114 [INFO] IPUIPlugin:80 - create IPUIPlugin
2024-12-22 12:25:02,114 [INFO] PluginManager:220 - loadIPPluginJar : add pdm2pcm
2024-12-22 12:25:02,134 [INFO] IPUIPlugin:80 - create IPUIPlugin
2024-12-22 12:25:02,137 [INFO] PluginManager:220 - loadIPPluginJar : add plateformsettings
2024-12-22 12:25:02,171 [INFO] IPUIPlugin:80 - create IPUIPlugin
2024-12-22 12:25:02,171 [INFO] PluginManager:220 - loadIPPluginJar : add quadspi
2024-12-22 12:25:02,216 [INFO] IPUIPlugin:80 - create IPUIPlugin
2024-12-22 12:25:02,216 [INFO] PluginManager:220 - loadIPPluginJar : add resmgrutility
2024-12-22 12:25:02,324 [INFO] IPUIPlugin:80 - create IPUIPlugin
2024-12-22 12:25:02,324 [INFO] PluginManager:220 - loadIPPluginJar : add sai
2024-12-22 12:25:02,390 [INFO] IPUIPlugin:80 - create IPUIPlugin
2024-12-22 12:25:02,390 [INFO] PluginManager:220 - loadIPPluginJar : add spi
2024-12-22 12:25:02,493 [INFO] IPUIPlugin:80 - create IPUIPlugin
2024-12-22 12:25:02,494 [INFO] PluginManager:220 - loadIPPluginJar : add stm32_wpan
2024-12-22 12:25:02,532 [INFO] IPUIPlugin:80 - create IPUIPlugin
2024-12-22 12:25:02,532 [INFO] PluginManager:220 - loadIPPluginJar : add tim
2024-12-22 12:25:02,623 [INFO] IPUIPlugin:80 - create IPUIPlugin
2024-12-22 12:25:02,623 [INFO] PluginManager:220 - loadIPPluginJar : add touchsensing
2024-12-22 12:25:02,659 [INFO] IPUIPlugin:80 - create IPUIPlugin
2024-12-22 12:25:02,659 [INFO] PluginManager:220 - loadIPPluginJar : add tracer_emb
2024-12-22 12:25:02,698 [INFO] IPUIPlugin:80 - create IPUIPlugin
2024-12-22 12:25:02,698 [INFO] PluginManager:220 - loadIPPluginJar : add ts
2024-12-22 12:25:02,734 [INFO] IPUIPlugin:80 - create IPUIPlugin
2024-12-22 12:25:02,734 [INFO] PluginManager:220 - loadIPPluginJar : add tsc
2024-12-22 12:25:02,776 [INFO] IPUIPlugin:80 - create IPUIPlugin
2024-12-22 12:25:02,776 [INFO] PluginManager:220 - loadIPPluginJar : add ucpd
2024-12-22 12:25:02,841 [INFO] IPUIPlugin:80 - create IPUIPlugin
2024-12-22 12:25:02,841 [INFO] PluginManager:220 - loadIPPluginJar : add usart
2024-12-22 12:25:02,908 [INFO] IPUIPlugin:80 - create IPUIPlugin
2024-12-22 12:25:02,908 [INFO] PluginManager:220 - loadIPPluginJar : add usbx
2024-12-22 12:25:03,048 [INFO] CADModel:165 - CPN selected for project level
2024-12-22 12:25:03,048 [INFO] CADModel:114 - Register for checkConnection events
2024-12-22 12:25:03,048 [FATAL] Updater:308 - Updater called before beeing initialized
2024-12-22 12:25:03,049 [ERROR] CADModel:125 - Updater not yet initialized, retry later 
2024-12-22 12:25:03,273 [INFO] CADModel:165 - CPN selected for project level
2024-12-22 12:25:03,274 [INFO] CADModel:114 - Register for checkConnection events
2024-12-22 12:25:03,274 [FATAL] Updater:308 - Updater called before beeing initialized
2024-12-22 12:25:03,274 [ERROR] CADModel:125 - Updater not yet initialized, retry later 
2024-12-22 12:25:03,281 [FATAL] Updater:308 - Updater called before beeing initialized
2024-12-22 12:25:03,454 [FATAL] Updater:308 - Updater called before beeing initialized
2024-12-22 12:25:03,464 [INFO] DbMcusAds:53 - JSON generation date=Wed Dec 18 01:01:15 JST 2024 (1734451275196)
2024-12-22 12:25:03,464 [FATAL] Updater:308 - Updater called before beeing initialized
2024-12-22 12:25:03,595 [WARN] DetailPanel:346 - Failed to get advertising image, set to default
2024-12-22 12:25:03,738 [FATAL] Updater:308 - Updater called before beeing initialized
2024-12-22 12:25:03,740 [FATAL] Updater:308 - Updater called before beeing initialized
2024-12-22 12:25:03,740 [FATAL] Updater:308 - Updater called before beeing initialized
2024-12-22 12:25:03,740 [WARN] DetailPanel:346 - Failed to get advertising image, set to default
2024-12-22 12:25:03,742 [FATAL] Updater:308 - Updater called before beeing initialized
2024-12-22 12:25:03,843 [ERROR] Updater:1120 - MainUpdater not yet initialized. External WinMGr cannot be set.
2024-12-22 12:25:03,861 [INFO] Updater:1056 - Updater Version found : 6.9.1
2024-12-22 12:25:03,892 [INFO] ApplicationProperties:184 - Using Application install path: C:\ST\STM32CubeIDE_1.4.0\STM32CubeIDE\plugins\com.st.stm32cube.common.mx_6.9.1.202307191849
2024-12-22 12:25:04,803 [INFO] ThirdPartyUpdaterWithRetryManager:70 - Updater plugin not ready yet. [3/15]
2024-12-22 12:25:05,165 [INFO] MainUpdater:2868 - connection check result : 10
2024-12-22 12:25:05,166 [INFO] MainUpdater:285 - Updater Check For Update Now.
2024-12-22 12:25:05,166 [INFO] MicroXplorer:498 - Change Database Version : DB.6.0.91
2024-12-22 12:25:05,194 [INFO] McuFinderGlobals:63 - Set McuFinder mode to 2 (CubeIDE integrated)
2024-12-22 12:25:05,194 [INFO] UserAuth:179 - activating auth plugin
2024-12-22 12:25:05,199 [INFO] UserAuth:393 - Internet connection configuration mode: 1
2024-12-22 12:25:05,233 [INFO] JxBrowserEngine:151 - Initiate JxBrowser Engine with user profile folder
2024-12-22 12:25:05,440 [INFO] CheckServerUpdateThread:120 - End of CheckServer Thread
2024-12-22 12:25:06,583 [INFO] WebApp:157 - Instantiating new browser for Auth
2024-12-22 12:25:08,169 [INFO] WebApp:753 - Register for checkConnection events
2024-12-22 12:25:08,169 [INFO] WebApp:390 - Apply proxy settings
2024-12-22 12:25:08,170 [INFO] WebApp:475 - Chromium requires no authentication
2024-12-22 12:25:08,189 [INFO] WebApp:418 - Direct internet connection detected
2024-12-22 12:25:08,448 [WARN] PackLoader:240 - Cannot read IP mode file for STMicroelectronics.FP-SNS-MOTENVWB1.1.4.0
2024-12-22 12:25:08,472 [WARN] PackLoader:240 - Cannot read IP mode file for STMicroelectronics.FP-ATR-ASTRA1.2.0.1
2024-12-22 12:25:08,492 [WARN] PackLoader:240 - Cannot read IP mode file for STMicroelectronics.X-CUBE-SMBUS.2.1.0
2024-12-22 12:25:08,514 [WARN] PackLoader:240 - Cannot read IP mode file for STMicroelectronics.X-CUBE-WB05N.1.1.0
2024-12-22 12:25:08,531 [WARN] PackLoader:240 - Cannot read IP mode file for STMicroelectronics.X-CUBE-TOUCHGFX.4.23.0
2024-12-22 12:25:08,538 [WARN] PackLoader:240 - Cannot read IP mode file for STMicroelectronics.X-CUBE-TOUCHGFX.4.23.2
2024-12-22 12:25:08,671 [WARN] PackLoader:240 - Cannot read IP mode file for STMicroelectronics.X-CUBE-AZRTOS-F7.1.1.0
2024-12-22 12:25:08,714 [ERROR] RealEvaluatedCondition:428 - Found unsupported composite condition: GROUP='STM32_MetaDataManager' CLASS='Data Exchange'
2024-12-22 12:25:08,714 [ERROR] RealEvaluatedCondition:428 - Found unsupported composite condition: GROUP='STM32_MetaDataManager' CLASS='Data Exchange'
2024-12-22 12:25:08,724 [WARN] PackLoader:240 - Cannot read IP mode file for STMicroelectronics.FP-SNS-MOTENV1.4.3.0
2024-12-22 12:25:08,761 [WARN] PackLoader:240 - Cannot read IP mode file for STMicroelectronics.FP-SNS-MOTENV1.4.3.2
2024-12-22 12:25:08,785 [WARN] PackLoader:240 - Cannot read IP mode file for STMicroelectronics.FP-SNS-FLIGHT1.5.0.0
2024-12-22 12:25:08,797 [ERROR] RealEvaluatedCondition:428 - Found unsupported composite condition: GROUP='STM32_MetaDataManager' CLASS='Data Exchange'
2024-12-22 12:25:08,797 [ERROR] RealEvaluatedCondition:428 - Found unsupported composite condition: GROUP='STM32_MetaDataManager' CLASS='Data Exchange'
2024-12-22 12:25:08,802 [WARN] PackLoader:240 - Cannot read IP mode file for STMicroelectronics.FP-SNS-MOTENV1.4.3.1
2024-12-22 12:25:08,820 [WARN] PackLoader:240 - Cannot read IP mode file for STMicroelectronics.FP-SNS-FLIGHT1.5.0.1
2024-12-22 12:25:08,938 [INFO] WebApp:188 - Starting web application
2024-12-22 12:25:08,939 [INFO] WebApp:520 - Web application path used C:\ST\STM32CubeIDE_1.4.0\STM32CubeIDE\plugins\com.st.stm32cube.common.mx_6.9.1.202307191849\db\plugins\mcufinder\reactClient1\index.html
2024-12-22 12:25:09,060 [WARN] PackLoader:240 - Cannot read IP mode file for STMicroelectronics.X-CUBE-MEMS1.11.0.0
2024-12-22 12:25:09,919 [WARN] PackLoader:240 - Cannot read IP mode file for STMicroelectronics.X-CUBE-BLE1.6.2.4
2024-12-22 12:25:09,949 [WARN] PackLoader:240 - Cannot read IP mode file for STMicroelectronics.FP-SNS-FLIGHT1.5.0.2
2024-12-22 12:25:10,022 [WARN] PackLoader:240 - Cannot read IP mode file for STMicroelectronics.X-CUBE-DISPLAY.3.0.0
2024-12-22 12:25:10,089 [WARN] PackLoader:240 - Cannot read IP mode file for STMicroelectronics.X-CUBE-BLE1.7.0.0
2024-12-22 12:25:10,110 [WARN] PackLoader:240 - Cannot read IP mode file for STMicroelectronics.X-CUBE-NFC10.1.0.0
2024-12-22 12:25:10,133 [ERROR] Engine:466 - C:\Users\Minh\.stm32cubemx\thirdparties\pdsc\STMicroelectronics.X-CUBE-BLEMGR.4.0.0.pdsc: PDSC version is not supported
2024-12-22 12:25:10,139 [WARN] PackLoader:240 - Cannot read IP mode file for STMicroelectronics.X-CUBE-TOUCHGFX.4.22.0
2024-12-22 12:25:10,145 [WARN] PackLoader:240 - Cannot read IP mode file for STMicroelectronics.X-CUBE-TOUCHGFX.4.22.1
2024-12-22 12:25:10,169 [WARN] PackLoader:240 - Cannot read IP mode file for STMicroelectronics.X-CUBE-BLEMGR.3.1.0
2024-12-22 12:25:10,187 [WARN] PackLoader:240 - Cannot read IP mode file for STMicroelectronics.FP-SNS-SMARTAG2.1.2.0
2024-12-22 12:25:10,399 [WARN] PackLoader:240 - Cannot read IP mode file for STMicroelectronics.X-CUBE-MEMS1.11.1.0
2024-12-22 12:25:10,722 [INFO] LogOutputStream:77 - [STDOUT_REDIRECT] 1 : Invalid condition id : UX_CORESTACK_Condition cause : null
2024-12-22 12:25:10,729 [INFO] LogOutputStream:77 - [STDOUT_REDIRECT] 1 : Invalid condition id : UX_CORESTACK_Condition cause : null
2024-12-22 12:25:10,739 [INFO] LogOutputStream:77 - [STDOUT_REDIRECT] 1 : Invalid condition id : UX_CORESTACK_Condition cause : null
2024-12-22 12:25:10,756 [INFO] LogOutputStream:77 - [STDOUT_REDIRECT] 1 : Invalid condition id : UX_CORESTACK_Condition cause : null
2024-12-22 12:25:10,760 [INFO] LogOutputStream:77 - [STDOUT_REDIRECT] 1 : Invalid condition id : UX_CORESTACK_Condition cause : null
2024-12-22 12:25:10,777 [WARN] PackLoader:240 - Cannot read IP mode file for STMicroelectronics.X-CUBE-AZRTOS-WL.2.0.0
2024-12-22 12:25:10,830 [WARN] PackLoader:240 - Cannot read IP mode file for STMicroelectronics.FP-SNS-MOTENV1.5.0.0
2024-12-22 12:25:10,860 [WARN] PackLoader:240 - Cannot read IP mode file for wolfSSL.I-CUBE-wolfMQTT.1.19.0
2024-12-22 12:25:10,879 [WARN] PackLoader:240 - Cannot read IP mode file for WES.I-CUBE-Cesium.1.3.0
2024-12-22 12:25:10,929 [WARN] PackLoader:240 - Cannot read IP mode file for STMicroelectronics.X-CUBE-BLE2.3.3.0
2024-12-22 12:25:10,965 [WARN] PackLoader:240 - Cannot read IP mode file for STMicroelectronics.X-CUBE-TOF1.3.2.0
2024-12-22 12:25:11,012 [WARN] PackLoader:240 - Cannot read IP mode file for STMicroelectronics.X-CUBE-NFC9.1.0.0
2024-12-22 12:25:11,147 [WARN] PackLoader:240 - Cannot read IP mode file for STMicroelectronics.X-CUBE-TCPP.4.1.0
2024-12-22 12:25:11,169 [WARN] PackLoader:240 - Cannot read IP mode file for STMicroelectronics.X-CUBE-TOUCHGFX.4.21.1
2024-12-22 12:25:11,175 [WARN] PackLoader:240 - Cannot read IP mode file for STMicroelectronics.X-CUBE-TOUCHGFX.4.21.3
2024-12-22 12:25:11,181 [WARN] PackLoader:240 - Cannot read IP mode file for STMicroelectronics.X-CUBE-TOUCHGFX.4.21.4
2024-12-22 12:25:11,202 [WARN] PackLoader:240 - Cannot read IP mode file for STMicroelectronics.X-CUBE-ALGOBUILD.1.3.0
2024-12-22 12:25:11,341 [WARN] PackLoader:240 - Cannot read IP mode file for STMicroelectronics.X-CUBE-AZRTOS-G0.1.1.0
2024-12-22 12:25:11,360 [WARN] PackLoader:240 - Cannot read IP mode file for STMicroelectronics.X-CUBE-SAFEA1.1.2.2
2024-12-22 12:25:11,373 [WARN] PackLoader:240 - Cannot read IP mode file for STMicroelectronics.X-CUBE-NFC4.3.0.0
2024-12-22 12:25:11,381 [ERROR] Engine:466 - C:\Users\Minh\.stm32cubemx\thirdparties\pdsc\EmbeddedOffice.I-CUBE-FS-RTOS.1.0.1.pdsc: PDSC version is not supported
2024-12-22 12:25:11,399 [WARN] PackLoader:240 - Cannot read IP mode file for STMicroelectronics.X-CUBE-BLEMGR.3.0.0
2024-12-22 12:25:11,408 [ERROR] Engine:466 - C:\Users\Minh\.stm32cubemx\thirdparties\pdsc\STMicroelectronics.X-CUBE-TCPP.4.2.0.pdsc: PDSC version is not supported
2024-12-22 12:25:11,412 [ERROR] Engine:466 - C:\Users\Minh\.stm32cubemx\thirdparties\pdsc\RealThread.X-CUBE-RT-Thread_Nano.4.1.1.pdsc: PDSC version is not supported
2024-12-22 12:25:11,422 [WARN] PackLoader:240 - Cannot read IP mode file for STMicroelectronics.FP-ATR-SIGFOX1.3.2.0
2024-12-22 12:25:11,426 [ERROR] Engine:466 - C:\Users\Minh\.stm32cubemx\thirdparties\pdsc\quantropi.X-CUBE-qispace-sdk-base.1.9.3.pdsc: PDSC version is not supported
2024-12-22 12:25:11,438 [WARN] PackLoader:240 - Cannot read IP mode file for STMicroelectronics.X-CUBE-EEPRMA1.5.1.0
2024-12-22 12:25:11,511 [WARN] PackLoader:240 - Cannot read IP mode file for STMicroelectronics.X-CUBE-MEMS1.9.5.0
2024-12-22 12:25:11,843 [WARN] PackLoader:240 - Cannot read IP mode file for SEGGER.I-CUBE-embOS.1.3.1
2024-12-22 12:25:11,976 [WARN] PackLoader:240 - Cannot read IP mode file for STMicroelectronics.X-CUBE-ALGOBUILD.1.4.0
2024-12-22 12:25:11,989 [WARN] PackLoader:240 - Cannot read IP mode file for STMicroelectronics.X-CUBE-AI.9.1.0
2024-12-22 12:25:12,005 [WARN] PackLoader:240 - Cannot read IP mode file for STMicroelectronics.X-CUBE-GNSS1.6.0.0
2024-12-22 12:25:12,049 [WARN] PackLoader:240 - Cannot read IP mode file for STMicroelectronics.X-CUBE-AZRTOS-F4.1.1.0
2024-12-22 12:25:12,063 [WARN] PackLoader:240 - Cannot read IP mode file for STMicroelectronics.X-CUBE-ISPU.2.1.0
2024-12-22 12:25:12,077 [WARN] PackLoader:240 - Cannot read IP mode file for STMicroelectronics.X-CUBE-FREERTOS.1.2.0
2024-12-22 12:25:12,121 [WARN] PackLoader:240 - Cannot read IP mode file for STMicroelectronics.X-CUBE-AZRTOS-L5.2.0.0
2024-12-22 12:25:12,311 [WARN] PackLoader:240 - Cannot read IP mode file for STMicroelectronics.X-CUBE-MEMS1.9.6.0
2024-12-22 12:25:13,017 [WARN] PackLoader:240 - Cannot read IP mode file for STMicroelectronics.X-CUBE-EEPRMA1.4.2.0
2024-12-22 12:25:13,036 [WARN] PackLoader:240 - Cannot read IP mode file for STMicroelectronics.X-CUBE-NFC6.3.1.0
2024-12-22 12:25:13,050 [WARN] PackLoader:240 - Cannot read IP mode file for ITTIA_DB.I-CUBE-ITTIADB.8.8.0
2024-12-22 12:25:13,061 [WARN] PackLoader:240 - Cannot read IP mode file for emotas.I-CUBE-CANOPEN.1.1.3
2024-12-22 12:25:13,076 [WARN] PackLoader:240 - Cannot read IP mode file for STMicroelectronics.X-CUBE-BLEMGR.2.0.0
2024-12-22 12:25:13,085 [ERROR] Engine:466 - C:\Users\Minh\.stm32cubemx\thirdparties\pdsc\STMicroelectronics.X-CUBE-DPower.1.2.0.pdsc: PDSC version is not supported
2024-12-22 12:25:13,092 [WARN] PackLoader:240 - Cannot read IP mode file for STMicroelectronics.X-CUBE-AI.9.0.0
2024-12-22 12:25:13,128 [WARN] ConditionMgr:438 - getConditionDescription Invalid condition id : UX DEVICE CLASS RTOS Condition cause : null
2024-12-22 12:25:13,129 [WARN] ConditionMgr:438 - getConditionDescription Invalid condition id : UX DEVICE CLASS RTOS Condition cause : null
2024-12-22 12:25:13,137 [WARN] PackLoader:240 - Cannot read IP mode file for STMicroelectronics.X-CUBE-AZRTOS-H7.3.1.0
2024-12-22 12:25:13,139 [WARN] ConditionMgr:1039 - genDependencies : Invalid condition id : UX DEVICE CLASS RTOS Condition cause : null
2024-12-22 12:25:13,140 [WARN] ConditionMgr:1039 - genDependencies : Invalid condition id : UX DEVICE CLASS RTOS Condition cause : null
2024-12-22 12:25:13,142 [WARN] ConditionMgr:1039 - genDependencies : Invalid condition id : UX DEVICE CLASS RTOS Condition cause : null
2024-12-22 12:25:13,143 [WARN] ConditionMgr:1039 - genDependencies : Invalid condition id : UX DEVICE CLASS RTOS Condition cause : null
2024-12-22 12:25:13,144 [WARN] ConditionMgr:1039 - genDependencies : Invalid condition id : UX DEVICE CLASS RTOS Condition cause : null
2024-12-22 12:25:13,155 [WARN] PackLoader:240 - Cannot read IP mode file for wolfSSL.I-CUBE-wolfSSL.5.5.4
2024-12-22 12:25:13,165 [WARN] PackLoader:240 - Cannot read IP mode file for STMicroelectronics.X-CUBE-FREERTOS.1.3.0
2024-12-22 12:25:13,176 [WARN] PackLoader:240 - Cannot read IP mode file for STMicroelectronics.X-CUBE-NFC7.1.0.1
2024-12-22 12:25:13,185 [WARN] PackLoader:240 - Cannot read IP mode file for STMicroelectronics.X-CUBE-NFC7.1.0.0
2024-12-22 12:25:13,195 [WARN] PackLoader:240 - Cannot read IP mode file for wolfSSL.I-CUBE-wolfTPM.3.2.0
2024-12-22 12:25:13,205 [WARN] PackLoader:240 - Cannot read IP mode file for STMicroelectronics.X-CUBE-NFC6.3.0.0
2024-12-22 12:25:13,219 [WARN] PackLoader:240 - Cannot read IP mode file for STMicroelectronics.X-CUBE-EEPRMA1.4.1.0
2024-12-22 12:25:13,227 [WARN] PackLoader:240 - Cannot read IP mode file for STMicroelectronics.X-CUBE-AI.8.1.0
2024-12-22 12:25:13,274 [WARN] ConditionMgr:438 - getConditionDescription Invalid condition id : LAN8742 Phy interface Condition cause : null
2024-12-22 12:25:13,276 [WARN] PackLoader:240 - Cannot read IP mode file for STMicroelectronics.X-CUBE-AZRTOS-L4.2.0.0
2024-12-22 12:25:13,280 [WARN] ConditionMgr:1039 - genDependencies : Invalid condition id : LAN8742 Phy interface Condition cause : null
2024-12-22 12:25:13,281 [WARN] ConditionMgr:1039 - genDependencies : Invalid condition id : LAN8742 Phy interface Condition cause : null
2024-12-22 12:25:13,282 [WARN] ConditionMgr:1039 - genDependencies : Invalid condition id : LAN8742 Phy interface Condition cause : null
2024-12-22 12:25:13,312 [WARN] PackLoader:240 - Cannot read IP mode file for STMicroelectronics.X-CUBE-SFXS2LP1.4.0.0
2024-12-22 12:25:13,425 [WARN] PackLoader:240 - Cannot read IP mode file for STMicroelectronics.X-CUBE-AZRTOS-H7.3.0.0
2024-12-22 12:25:13,440 [WARN] PackLoader:240 - Cannot read IP mode file for STMicroelectronics.X-CUBE-ISPU.1.1.0
2024-12-22 12:25:13,508 [WARN] PackLoader:240 - Cannot read IP mode file for STMicroelectronics.X-CUBE-AZRTOS-H7.3.3.0
2024-12-22 12:25:13,547 [WARN] PackLoader:240 - Cannot read IP mode file for RoweBots.I-CUBE-UNISONRTOS.5.5.0-4
2024-12-22 12:25:13,554 [WARN] PackLoader:240 - Cannot read IP mode file for STMicroelectronics.X-CUBE-AI.8.0.0
2024-12-22 12:25:13,565 [ERROR] Engine:466 - C:\Users\Minh\.stm32cubemx\thirdparties\pdsc\STMicroelectronics.X-CUBE-IPS.3.0.0.pdsc: PDSC version is not supported
2024-12-22 12:25:13,593 [WARN] ConditionMgr:438 - getConditionDescription Invalid condition id : UX DEVICE CLASS RTOS Condition cause : null
2024-12-22 12:25:13,593 [WARN] ConditionMgr:438 - getConditionDescription Invalid condition id : UX DEVICE CLASS RTOS Condition cause : null
2024-12-22 12:25:13,600 [WARN] PackLoader:240 - Cannot read IP mode file for STMicroelectronics.X-CUBE-AZRTOS-WB.2.0.0
2024-12-22 12:25:13,602 [WARN] ConditionMgr:1039 - genDependencies : Invalid condition id : UX DEVICE CLASS RTOS Condition cause : null
2024-12-22 12:25:13,602 [WARN] ConditionMgr:1039 - genDependencies : Invalid condition id : UX DEVICE CLASS RTOS Condition cause : null
2024-12-22 12:25:13,603 [WARN] ConditionMgr:1039 - genDependencies : Invalid condition id : UX DEVICE CLASS RTOS Condition cause : null
2024-12-22 12:25:13,603 [WARN] ConditionMgr:1039 - genDependencies : Invalid condition id : UX DEVICE CLASS RTOS Condition cause : null
2024-12-22 12:25:13,603 [WARN] ConditionMgr:1039 - genDependencies : Invalid condition id : UX DEVICE CLASS RTOS Condition cause : null
2024-12-22 12:25:13,615 [WARN] PackLoader:240 - Cannot read IP mode file for STMicroelectronics.X-CUBE-FREERTOS.1.0.0
2024-12-22 12:25:13,624 [WARN] PackLoader:240 - Cannot read IP mode file for STMicroelectronics.X-CUBE-FREERTOS.1.0.1
2024-12-22 12:25:13,635 [WARN] PackLoader:240 - Cannot read IP mode file for STMicroelectronics.X-CUBE-GNSS1.7.0.0
2024-12-22 12:25:13,649 [WARN] PackLoader:240 - Cannot read IP mode file for STMicroelectronics.X-CUBE-GNSS1.7.0.1
2024-12-22 12:25:13,658 [ERROR] Engine:466 - C:\Users\Minh\.stm32cubemx\thirdparties\pdsc\STMicroelectronics.FP-SNS-STBOX1.2.0.0.pdsc: PDSC version is not supported
2024-12-22 12:25:13,688 [WARN] PackLoader:240 - Cannot read IP mode file for STMicroelectronics.X-CUBE-AZRTOS-L5.1.1.0
2024-12-22 12:25:13,699 [WARN] PackLoader:240 - Cannot read IP mode file for STMicroelectronics.X-CUBE-AI.8.0.1
2024-12-22 12:25:13,718 [WARN] PackLoader:240 - Cannot read IP mode file for STMicroelectronics.X-CUBE-SUBG2.5.0.0
2024-12-22 12:25:13,772 [WARN] PackLoader:240 - Cannot read IP mode file for Cesanta.I-CUBE-Mongoose.7.13.0
2024-12-22 12:25:13,793 [WARN] PackLoader:240 - Cannot read IP mode file for STMicroelectronics.X-CUBE-TOF1.3.3.1
2024-12-22 12:25:13,836 [WARN] PackLoader:240 - Cannot read IP mode file for STMicroelectronics.X-CUBE-AZRTOS-G4.2.0.0
2024-12-22 12:25:13,856 [WARN] PackLoader:240 - Cannot read IP mode file for STMicroelectronics.X-CUBE-TOF1.3.3.0
2024-12-22 12:25:13,875 [WARN] PackLoader:240 - Cannot read IP mode file for STMicroelectronics.FP-ATR-ASTRA1.1.1.1
2024-12-22 12:25:13,906 [WARN] PackLoader:240 - Cannot read IP mode file for Infineon.AIROC-Wi-Fi-Bluetooth-STM32.1.5.1
2024-12-22 12:25:13,916 [WARN] PackLoader:240 - Cannot read IP mode file for STMicroelectronics.FP-SNS-MOTENVWB1.1.3.0
2024-12-22 12:25:13,923 [WARN] PackLoader:240 - Cannot read IP mode file for STMicroelectronics.FP-SNS-MOTENVWB1.1.3.1
2024-12-22 12:25:13,948 [WARN] PackLoader:240 - Cannot read IP mode file for STMicroelectronics.X-CUBE-AZRTOS-G4.1.0.0
2024-12-22 12:25:13,977 [WARN] PackLoader:240 - Cannot read IP mode file for STMicroelectronics.X-CUBE-AZRTOS-L4.1.0.0
2024-12-22 12:25:13,990 [WARN] PackLoader:240 - Cannot read IP mode file for STMicroelectronics.X-CUBE-ISPU.2.0.0
2024-12-22 12:25:13,997 [WARN] PackLoader:240 - Cannot read IP mode file for STMicroelectronics.X-CUBE-ALS.1.0.2
2024-12-22 12:25:14,203 [WARN] PackLoader:240 - Cannot read IP mode file for STMicroelectronics.X-CUBE-MEMS1.10.0.0
2024-12-22 12:25:14,687 [WARN] PackLoader:240 - Cannot read IP mode file for STMicroelectronics.X-CUBE-FREERTOS.1.1.0
2024-12-22 12:25:14,694 [WARN] PackLoader:240 - Cannot read IP mode file for STMicroelectronics.X-CUBE-TOUCHGFX.4.24.0
2024-12-22 12:25:14,712 [WARN] PackLoader:240 - Cannot read IP mode file for STMicroelectronics.X-CUBE-AZRTOS-WL.1.0.0
2024-12-22 12:25:14,722 [WARN] PackLoader:240 - Cannot read IP mode file for STMicroelectronics.X-CUBE-TOUCHGFX.4.24.1
2024-12-22 12:25:14,737 [WARN] PackLoader:240 - Cannot read IP mode file for portGmbH.I-Cube-SoM-uGOAL.1.1.0
2024-12-22 12:25:14,747 [WARN] PackLoader:240 - Cannot read IP mode file for STMicroelectronics.X-CUBE-ALS.1.0.1
2024-12-22 12:25:14,782 [WARN] PackLoader:240 - Cannot read IP mode file for STMicroelectronics.X-CUBE-AZRTOS-WB.1.1.0
2024-12-22 12:25:14,838 [WARN] PackLoader:240 - Cannot read IP mode file for STMicroelectronics.X-CUBE-AZRTOS-H7RS.1.0.0
2024-12-22 12:25:14,852 [WARN] PackLoader:240 - Cannot read IP mode file for STMicroelectronics.FP-ATR-ASTRA1.2.0.0
2024-12-22 12:25:14,865 [ERROR] Engine:466 - C:\Users\Minh\.stm32cubemx\thirdparties\pdsc\STMicroelectronics.X-CUBE-TOF1.3.4.2.pdsc: PDSC version is not supported
2024-12-22 12:25:14,885 [WARN] PackLoader:240 - Cannot read IP mode file for STMicroelectronics.X-CUBE-TOF1.3.4.0
2024-12-22 12:25:14,933 [WARN] PackLoader:240 - Cannot read IP mode file for STMicroelectronics.X-CUBE-TOF1.3.4.1
2024-12-22 12:25:15,007 [WARN] PackLoader:240 - Cannot read IP mode file for STMicroelectronics.X-CUBE-AZRTOS-H7.3.2.0
2024-12-22 12:25:15,023 [WARN] PackLoader:240 - Cannot read IP mode file for wolfSSL.I-CUBE-wolfSSH.1.4.17
2024-12-22 12:25:15,024 [INFO] ThirdParty:978 - Integrity check success = true
2024-12-22 12:25:15,024 [INFO] IntegrityCheckThread:100 - exiting critical section [integrity check]
2024-12-22 12:25:15,025 [INFO] IntegrityCheckThread:103 - End integrity checks thread
2024-12-22 13:06:13,892 [ERROR] LogOutputStream:75 - [STDERR_REDIRECT] SLF4J: Failed to load class "org.slf4j.impl.StaticLoggerBinder".
2024-12-22 13:06:13,893 [ERROR] LogOutputStream:75 - [STDERR_REDIRECT] SLF4J: Defaulting to no-operation (NOP) logger implementation
2024-12-22 13:06:13,897 [ERROR] LogOutputStream:75 - [STDERR_REDIRECT] SLF4J: See http://www.slf4j.org/codes.html#StaticLoggerBinder for further details.
2024-12-22 22:51:41,608 [ERROR] LogOutputStream:75 - [STDERR_REDIRECT] 
