2024-01-28 00:52:47,190 [ERROR] LogOutputStream:75 - [STDERR_REDIRECT] 
2024-01-28 10:57:21,522 [INFO] Activator:176 - 


2024-01-28 10:57:21,527 [INFO] Activator:177 - !SESSION log4j initialized
2024-01-28 10:57:39,056 [INFO] LogOutputStream:77 - [STDOUT_REDIRECT] 
2024-01-28 10:57:43,941 [INFO] ApplicationProperties:184 - Using Application install path: C:\ST\STM32CubeIDE_1.4.0\STM32CubeIDE\plugins\com.st.stm32cube.common.mx_6.9.1.202307191849
2024-01-28 10:57:43,984 [INFO] DbMcusXml:78 - Set database path to: C:\ST\STM32CubeIDE_1.4.0\STM32CubeIDE\plugins\com.st.stm32cube.common.mx_6.9.1.202307191849\\db\/mcu/
2024-01-28 10:57:43,985 [INFO] ApiDb:274 - Set plugin database path to: C:\ST\STM32CubeIDE_1.4.0\STM32CubeIDE\plugins\com.st.stm32cube.common.mx_6.9.1.202307191849\\db\/plugins/boardmanager/
2024-01-28 10:57:43,986 [WARN] ApiDb:259 - Overriding images path with different value:  => C:\ST\STM32CubeIDE_1.4.0\STM32CubeIDE\plugins\com.st.stm32cube.common.mx_6.9.1.202307191849\\db\/plugins/mcufinder/images/
2024-01-28 10:57:44,018 [INFO] ApiDb:250 - Set database path to: C:\Users\Minh\.stmcufinder\plugins\mcufinder//mcu/
2024-01-28 10:57:44,022 [INFO] DbMcusAds:125 - Set database path to: C:\Users\Minh\.stmcufinder\plugins\mcufinder//mcu/
2024-01-28 10:57:44,028 [INFO] CrossReferenceDbSqlite:203 - Set database path to: C:\Users\Minh\.stmcufinder\plugins\mcufinder//mcu/cs/
2024-01-28 10:57:44,579 [INFO] RulesReader:64 - Compatibility file has been processed (293 Rules)
2024-01-28 10:57:44,801 [INFO] DbMcusXml:78 - Set database path to: C:\ST\STM32CubeIDE_1.4.0\STM32CubeIDE\plugins\com.st.stm32cube.common.mx_6.9.1.202307191849\\db\/mcu/
2024-01-28 10:57:44,801 [INFO] ApiDb:274 - Set plugin database path to: C:\ST\STM32CubeIDE_1.4.0\STM32CubeIDE\plugins\com.st.stm32cube.common.mx_6.9.1.202307191849\\db\/plugins/boardmanager/
2024-01-28 10:57:44,801 [INFO] ApiDb:261 - Set plugin images path to: C:\ST\STM32CubeIDE_1.4.0\STM32CubeIDE\plugins\com.st.stm32cube.common.mx_6.9.1.202307191849\\db\/plugins/mcufinder/images/
2024-01-28 10:57:44,802 [WARN] DbFile:41 - Overriding database path with different value: C:\Users\Minh\.stmcufinder\plugins\mcufinder/ => C:\Users\Minh\.stmcufinder\plugins\mcufinder
2024-01-28 10:57:44,802 [INFO] ApiDb:250 - Set database path to: C:\Users\Minh\.stmcufinder\plugins\mcufinder//mcu/
2024-01-28 10:57:44,802 [WARN] DbFile:41 - Overriding database path with different value: C:\Users\Minh\.stmcufinder\plugins\mcufinder/ => C:\Users\Minh\.stmcufinder\plugins\mcufinder
2024-01-28 10:57:44,802 [INFO] DbMcusAds:125 - Set database path to: C:\Users\Minh\.stmcufinder\plugins\mcufinder//mcu/
2024-01-28 10:57:44,802 [WARN] DbFile:41 - Overriding database path with different value: C:\Users\Minh\.stmcufinder\plugins\mcufinder/ => C:\Users\Minh\.stmcufinder\plugins\mcufinder
2024-01-28 10:57:44,802 [WARN] DbFile:41 - Overriding database path with different value: C:\Users\Minh\.stmcufinder\plugins\mcufinder/ => C:\Users\Minh\.stmcufinder\plugins\mcufinder
2024-01-28 10:57:44,803 [INFO] CrossReferenceDbSqlite:203 - Set database path to: C:\Users\Minh\.stmcufinder\plugins\mcufinder//mcu/cs/
2024-01-28 10:57:44,987 [INFO] MainPanel:262 - HeapMemory: 268435456
2024-01-28 10:57:45,210 [INFO] DbMcusXml:78 - Set database path to: C:\ST\STM32CubeIDE_1.4.0\STM32CubeIDE\plugins\com.st.stm32cube.common.mx_6.9.1.202307191849\\db\/mcu/
2024-01-28 10:57:45,210 [INFO] ApiDb:274 - Set plugin database path to: C:\ST\STM32CubeIDE_1.4.0\STM32CubeIDE\plugins\com.st.stm32cube.common.mx_6.9.1.202307191849\\db\/plugins/boardmanager/
2024-01-28 10:57:45,211 [INFO] ApiDb:261 - Set plugin images path to: C:\ST\STM32CubeIDE_1.4.0\STM32CubeIDE\plugins\com.st.stm32cube.common.mx_6.9.1.202307191849\\db\/plugins/mcufinder/images/
2024-01-28 10:57:45,212 [WARN] DbFile:41 - Overriding database path with different value: C:\Users\Minh\.stmcufinder\plugins\mcufinder/ => C:\Users\Minh\.stmcufinder\plugins\mcufinder
2024-01-28 10:57:45,213 [INFO] ApiDb:250 - Set database path to: C:\Users\Minh\.stmcufinder\plugins\mcufinder//mcu/
2024-01-28 10:57:45,214 [WARN] DbFile:41 - Overriding database path with different value: C:\Users\Minh\.stmcufinder\plugins\mcufinder/ => C:\Users\Minh\.stmcufinder\plugins\mcufinder
2024-01-28 10:57:45,214 [INFO] DbMcusAds:125 - Set database path to: C:\Users\Minh\.stmcufinder\plugins\mcufinder//mcu/
2024-01-28 10:57:45,215 [WARN] DbFile:41 - Overriding database path with different value: C:\Users\Minh\.stmcufinder\plugins\mcufinder/ => C:\Users\Minh\.stmcufinder\plugins\mcufinder
2024-01-28 10:57:45,215 [WARN] DbFile:41 - Overriding database path with different value: C:\Users\Minh\.stmcufinder\plugins\mcufinder/ => C:\Users\Minh\.stmcufinder\plugins\mcufinder
2024-01-28 10:57:45,215 [INFO] CrossReferenceDbSqlite:203 - Set database path to: C:\Users\Minh\.stmcufinder\plugins\mcufinder//mcu/cs/
2024-01-28 10:57:45,268 [INFO] ApplicationProperties:184 - Using Application install path: C:\ST\STM32CubeIDE_1.4.0\STM32CubeIDE\plugins\com.st.stm32cube.common.mx_6.9.1.202307191849
2024-01-28 10:57:45,270 [INFO] PluginManage:196 - Search for loadable plugins [exclusion list=, ]
2024-01-28 10:57:45,274 [INFO] PluginManage:310 - Check plugin analytics
2024-01-28 10:57:45,747 [INFO] AnalyticsPlugin:253 - Accepted Software Licenses: STM32CubeMX.6.0.0,STM32CubeMX.5.2.0
2024-01-28 10:57:45,748 [INFO] AnalyticsPlugin:255 - Accepted CMSIS Pack Licenses: 
2024-01-28 10:57:45,748 [INFO] AnalyticsPlugin:257 - Accepted Firmware Licenses: 
2024-01-28 10:57:45,757 [INFO] PluginManage:359 - Loaded plugin analytics (category:tool,tabindex:-1)
2024-01-28 10:57:45,759 [INFO] PluginManage:310 - Check plugin cadmodel
2024-01-28 10:57:45,816 [INFO] CADModel:105 - Init CAD model plugin
2024-01-28 10:57:45,817 [INFO] PluginManage:359 - Loaded plugin cadmodel (category:power,tabindex:5)
2024-01-28 10:57:45,818 [INFO] PluginManage:310 - Check plugin clock
2024-01-28 10:57:45,867 [INFO] PluginManage:359 - Loaded plugin clock (category:base,tabindex:2)
2024-01-28 10:57:45,867 [INFO] PluginManage:310 - Check plugin ddr
2024-01-28 10:57:45,873 [INFO] PluginManage:359 - Loaded plugin ddr (category:tool,tabindex:6)
2024-01-28 10:57:45,874 [INFO] PluginManage:310 - Check plugin filemanager
2024-01-28 10:57:46,304 [INFO] PluginManage:359 - Loaded plugin filemanager (category:base,tabindex:10)
2024-01-28 10:57:46,304 [INFO] PluginManage:310 - Check plugin ipmanager
2024-01-28 10:57:46,324 [INFO] PluginManage:359 - Loaded plugin ipmanager (category:base,tabindex:5)
2024-01-28 10:57:46,324 [INFO] PluginManage:310 - Check plugin lpbam
2024-01-28 10:57:46,379 [INFO] PluginManage:359 - Loaded plugin lpbam (category:base,tabindex:0)
2024-01-28 10:57:46,379 [INFO] PluginManage:310 - Check plugin memorymap
2024-01-28 10:57:46,436 [INFO] PluginManage:359 - Loaded plugin memorymap (category:base,tabindex:4)
2024-01-28 10:57:46,436 [INFO] PluginManage:310 - Check plugin pinoutandconfiguration
2024-01-28 10:57:46,481 [INFO] PluginManage:359 - Loaded plugin pinoutandconfiguration (category:base,tabindex:1)
2024-01-28 10:57:46,481 [INFO] PluginManage:310 - Check plugin pinoutconfig
2024-01-28 10:57:46,726 [WARN] SupportedApi:132 - Cannot load RTOS API schema: s4s-elt-must-match.1: The content of 'definitions' must match (annotation?, (simpleType | complexType)?, (unique | key | keyref)*)). A problem was found starting at: attribute.
2024-01-28 10:57:47,056 [INFO] PluginManage:359 - Loaded plugin pinoutconfig (category:base,tabindex:0)
2024-01-28 10:57:47,057 [INFO] PluginManage:310 - Check plugin power
2024-01-28 10:57:47,109 [INFO] PluginManage:359 - Loaded plugin power (category:power,tabindex:4)
2024-01-28 10:57:47,111 [INFO] PluginManage:310 - Check plugin projectmanager
2024-01-28 10:57:47,146 [INFO] PluginManage:359 - Loaded plugin projectmanager (category:projectmanager,tabindex:3)
2024-01-28 10:57:47,146 [INFO] PluginManage:310 - Check plugin thirdparty
2024-01-28 10:57:47,849 [WARN] IntegrityCheckThread:84 - waiting for thirdparty lock release [integrity check]
2024-01-28 10:57:47,850 [INFO] PluginManage:359 - Loaded plugin thirdparty (category:base,tabindex:-1)
2024-01-28 10:57:47,850 [INFO] IntegrityCheckThread:86 - entering critical section [integrity check]
2024-01-28 10:57:47,851 [INFO] PluginManage:310 - Check plugin tools
2024-01-28 10:57:47,852 [INFO] ThirdPartyUpdaterWithRetryManager:70 - Updater plugin not ready yet. [1/15]
2024-01-28 10:57:47,947 [INFO] PluginManage:359 - Loaded plugin tools (category:base,tabindex:7)
2024-01-28 10:57:47,947 [INFO] PluginManage:310 - Check plugin tutovideos
2024-01-28 10:57:48,362 [INFO] PluginManage:359 - Loaded plugin tutovideos (category:base,tabindex:-1)
2024-01-28 10:57:48,362 [INFO] PluginManage:310 - Check plugin updater
2024-01-28 10:57:48,385 [INFO] PluginManage:359 - Loaded plugin updater (category:base,tabindex:12)
2024-01-28 10:57:48,386 [INFO] PluginManage:310 - Check plugin userauth
2024-01-28 10:57:48,396 [INFO] UserAuth:113 - Init User Auth plugin
2024-01-28 10:57:48,397 [INFO] PluginManage:359 - Loaded plugin userauth (category:base,tabindex:14)
2024-01-28 10:57:48,398 [INFO] PluginManage:283 - PluginManage : Loaded plugins [17]
2024-01-28 10:57:48,848 [INFO] PinOutPanel:1499 - setPackage(No Configuration,No Configuration)
2024-01-28 10:57:49,081 [INFO] CADModel:165 - CPN selected for project level
2024-01-28 10:57:49,081 [INFO] CADModel:114 - Register for checkConnection events
2024-01-28 10:57:49,132 [INFO] IPUIPlugin:80 - create IPUIPlugin
2024-01-28 10:57:49,132 [INFO] PluginManager:220 - loadIPPluginJar : add adc
2024-01-28 10:57:49,213 [INFO] IPUIPlugin:80 - create IPUIPlugin
2024-01-28 10:57:49,213 [INFO] PluginManager:220 - loadIPPluginJar : add aes
2024-01-28 10:57:49,313 [INFO] IPUIPlugin:80 - create IPUIPlugin
2024-01-28 10:57:49,313 [INFO] PluginManager:220 - loadIPPluginJar : add can
2024-01-28 10:57:49,361 [INFO] IPUIPlugin:80 - create IPUIPlugin
2024-01-28 10:57:49,361 [INFO] PluginManager:220 - loadIPPluginJar : add comp
2024-01-28 10:57:49,433 [INFO] IPUIPlugin:80 - create IPUIPlugin
2024-01-28 10:57:49,433 [INFO] PluginManager:220 - loadIPPluginJar : add cryp
2024-01-28 10:57:49,503 [INFO] IPUIPlugin:80 - create IPUIPlugin
2024-01-28 10:57:49,504 [INFO] PluginManager:220 - loadIPPluginJar : add dfsdm
2024-01-28 10:57:49,536 [INFO] IPUIPlugin:80 - create IPUIPlugin
2024-01-28 10:57:49,537 [INFO] PluginManager:220 - loadIPPluginJar : add dma
2024-01-28 10:57:49,628 [INFO] IPUIPlugin:80 - create IPUIPlugin
2024-01-28 10:57:49,628 [INFO] PluginManager:220 - loadIPPluginJar : add dma3
2024-01-28 10:57:49,671 [INFO] IPUIPlugin:80 - create IPUIPlugin
2024-01-28 10:57:49,671 [INFO] PluginManager:220 - loadIPPluginJar : add fatfs
2024-01-28 10:57:49,769 [INFO] IPUIPlugin:80 - create IPUIPlugin
2024-01-28 10:57:49,769 [INFO] PluginManager:220 - loadIPPluginJar : add fmc
2024-01-28 10:57:49,799 [INFO] IPUIPlugin:80 - create IPUIPlugin
2024-01-28 10:57:49,799 [INFO] PluginManager:220 - loadIPPluginJar : add freertos
2024-01-28 10:57:49,849 [INFO] IPUIPlugin:80 - create IPUIPlugin
2024-01-28 10:57:49,849 [INFO] PluginManager:220 - loadIPPluginJar : add genericplugin
2024-01-28 10:57:50,054 [INFO] IPUIPlugin:80 - create IPUIPlugin
2024-01-28 10:57:50,054 [INFO] PluginManager:220 - loadIPPluginJar : add gfxmmu
2024-01-28 10:57:50,345 [INFO] IPUIPlugin:80 - create IPUIPlugin
2024-01-28 10:57:50,346 [INFO] PluginManager:220 - loadIPPluginJar : add gic
2024-01-28 10:57:50,375 [INFO] IPUIPlugin:80 - create IPUIPlugin
2024-01-28 10:57:50,375 [INFO] PluginManager:220 - loadIPPluginJar : add gpio
2024-01-28 10:57:50,578 [INFO] IPUIPlugin:80 - create IPUIPlugin
2024-01-28 10:57:50,578 [INFO] PluginManager:220 - loadIPPluginJar : add gtzc
2024-01-28 10:57:50,652 [INFO] IPUIPlugin:80 - create IPUIPlugin
2024-01-28 10:57:50,653 [INFO] PluginManager:220 - loadIPPluginJar : add hash
2024-01-28 10:57:50,765 [INFO] IPUIPlugin:80 - create IPUIPlugin
2024-01-28 10:57:50,765 [INFO] PluginManager:220 - loadIPPluginJar : add i2c
2024-01-28 10:57:50,852 [INFO] IPUIPlugin:80 - create IPUIPlugin
2024-01-28 10:57:50,852 [INFO] PluginManager:220 - loadIPPluginJar : add i2s
2024-01-28 10:57:50,855 [INFO] ThirdPartyUpdaterWithRetryManager:70 - Updater plugin not ready yet. [2/15]
2024-01-28 10:57:50,939 [INFO] IPUIPlugin:80 - create IPUIPlugin
2024-01-28 10:57:50,939 [INFO] PluginManager:220 - loadIPPluginJar : add i3c
2024-01-28 10:57:51,200 [INFO] IPUIPlugin:80 - create IPUIPlugin
2024-01-28 10:57:51,200 [INFO] PluginManager:220 - loadIPPluginJar : add ipddr
2024-01-28 10:57:51,463 [INFO] IPUIPlugin:80 - create IPUIPlugin
2024-01-28 10:57:51,463 [INFO] PluginManager:220 - loadIPPluginJar : add linkedlist
2024-01-28 10:57:51,587 [INFO] IPUIPlugin:80 - create IPUIPlugin
2024-01-28 10:57:51,587 [INFO] PluginManager:220 - loadIPPluginJar : add lorawan
2024-01-28 10:57:51,687 [INFO] IPUIPlugin:80 - create IPUIPlugin
2024-01-28 10:57:51,688 [INFO] PluginManager:220 - loadIPPluginJar : add ltdc
2024-01-28 10:57:51,729 [INFO] IPUIPlugin:80 - create IPUIPlugin
2024-01-28 10:57:51,730 [INFO] PluginManager:220 - loadIPPluginJar : add mdma
2024-01-28 10:57:51,765 [INFO] IPUIPlugin:80 - create IPUIPlugin
2024-01-28 10:57:51,765 [INFO] PluginManager:220 - loadIPPluginJar : add nvic
2024-01-28 10:57:51,867 [INFO] IPUIPlugin:80 - create IPUIPlugin
2024-01-28 10:57:51,867 [INFO] PluginManager:220 - loadIPPluginJar : add opamp
2024-01-28 10:57:52,070 [INFO] IPUIPlugin:80 - create IPUIPlugin
2024-01-28 10:57:52,071 [INFO] PluginManager:220 - loadIPPluginJar : add openamp
2024-01-28 10:57:52,209 [INFO] IPUIPlugin:80 - create IPUIPlugin
2024-01-28 10:57:52,209 [INFO] PluginManager:220 - loadIPPluginJar : add pdm2pcm
2024-01-28 10:57:52,250 [INFO] IPUIPlugin:80 - create IPUIPlugin
2024-01-28 10:57:52,257 [INFO] PluginManager:220 - loadIPPluginJar : add plateformsettings
2024-01-28 10:57:52,314 [INFO] IPUIPlugin:80 - create IPUIPlugin
2024-01-28 10:57:52,314 [INFO] PluginManager:220 - loadIPPluginJar : add quadspi
2024-01-28 10:57:52,341 [INFO] IPUIPlugin:80 - create IPUIPlugin
2024-01-28 10:57:52,341 [INFO] PluginManager:220 - loadIPPluginJar : add resmgrutility
2024-01-28 10:57:52,442 [INFO] IPUIPlugin:80 - create IPUIPlugin
2024-01-28 10:57:52,442 [INFO] PluginManager:220 - loadIPPluginJar : add sai
2024-01-28 10:57:52,533 [INFO] IPUIPlugin:80 - create IPUIPlugin
2024-01-28 10:57:52,533 [INFO] PluginManager:220 - loadIPPluginJar : add spi
2024-01-28 10:57:52,697 [INFO] IPUIPlugin:80 - create IPUIPlugin
2024-01-28 10:57:52,697 [INFO] PluginManager:220 - loadIPPluginJar : add stm32_wpan
2024-01-28 10:57:52,748 [INFO] IPUIPlugin:80 - create IPUIPlugin
2024-01-28 10:57:52,748 [INFO] PluginManager:220 - loadIPPluginJar : add tim
2024-01-28 10:57:52,908 [INFO] IPUIPlugin:80 - create IPUIPlugin
2024-01-28 10:57:52,909 [INFO] PluginManager:220 - loadIPPluginJar : add touchsensing
2024-01-28 10:57:52,976 [INFO] IPUIPlugin:80 - create IPUIPlugin
2024-01-28 10:57:52,976 [INFO] PluginManager:220 - loadIPPluginJar : add tracer_emb
2024-01-28 10:57:53,027 [INFO] IPUIPlugin:80 - create IPUIPlugin
2024-01-28 10:57:53,027 [INFO] PluginManager:220 - loadIPPluginJar : add ts
2024-01-28 10:57:53,086 [INFO] IPUIPlugin:80 - create IPUIPlugin
2024-01-28 10:57:53,087 [INFO] PluginManager:220 - loadIPPluginJar : add tsc
2024-01-28 10:57:53,144 [INFO] IPUIPlugin:80 - create IPUIPlugin
2024-01-28 10:57:53,144 [INFO] PluginManager:220 - loadIPPluginJar : add ucpd
2024-01-28 10:57:53,290 [INFO] IPUIPlugin:80 - create IPUIPlugin
2024-01-28 10:57:53,290 [INFO] PluginManager:220 - loadIPPluginJar : add usart
2024-01-28 10:57:53,425 [INFO] IPUIPlugin:80 - create IPUIPlugin
2024-01-28 10:57:53,425 [INFO] PluginManager:220 - loadIPPluginJar : add usbx
2024-01-28 10:57:53,643 [INFO] CADModel:165 - CPN selected for project level
2024-01-28 10:57:53,643 [INFO] CADModel:114 - Register for checkConnection events
2024-01-28 10:57:53,643 [FATAL] Updater:308 - Updater called before beeing initialized
2024-01-28 10:57:53,643 [ERROR] CADModel:125 - Updater not yet initialized, retry later 
2024-01-28 10:57:53,856 [INFO] ThirdPartyUpdaterWithRetryManager:70 - Updater plugin not ready yet. [3/15]
2024-01-28 10:57:54,011 [INFO] CADModel:165 - CPN selected for project level
2024-01-28 10:57:54,011 [INFO] CADModel:114 - Register for checkConnection events
2024-01-28 10:57:54,011 [FATAL] Updater:308 - Updater called before beeing initialized
2024-01-28 10:57:54,012 [ERROR] CADModel:125 - Updater not yet initialized, retry later 
2024-01-28 10:57:54,024 [FATAL] Updater:308 - Updater called before beeing initialized
2024-01-28 10:57:54,285 [FATAL] Updater:308 - Updater called before beeing initialized
2024-01-28 10:57:54,301 [INFO] DbMcusAds:53 - JSON generation date=Wed Nov 29 19:52:27 JST 2023 (1701255147349)
2024-01-28 10:57:54,302 [FATAL] Updater:308 - Updater called before beeing initialized
2024-01-28 10:57:54,495 [WARN] DetailPanel:346 - Failed to get advertising image, set to default
2024-01-28 10:57:54,724 [FATAL] Updater:308 - Updater called before beeing initialized
2024-01-28 10:57:54,729 [FATAL] Updater:308 - Updater called before beeing initialized
2024-01-28 10:57:54,729 [FATAL] Updater:308 - Updater called before beeing initialized
2024-01-28 10:57:54,729 [WARN] DetailPanel:346 - Failed to get advertising image, set to default
2024-01-28 10:57:54,731 [FATAL] Updater:308 - Updater called before beeing initialized
2024-01-28 10:57:54,878 [ERROR] Updater:1120 - MainUpdater not yet initialized. External WinMGr cannot be set.
2024-01-28 10:57:54,903 [INFO] Updater:1056 - Updater Version found : 6.9.1
2024-01-28 10:57:54,955 [INFO] ApplicationProperties:184 - Using Application install path: C:\ST\STM32CubeIDE_1.4.0\STM32CubeIDE\plugins\com.st.stm32cube.common.mx_6.9.1.202307191849
2024-01-28 10:57:55,263 [INFO] MainUpdater:2868 - connection check result : 10
2024-01-28 10:57:55,263 [INFO] MainUpdater:3562 - Updater definition file requires update
2024-01-28 10:57:55,267 [INFO] MainUpdater:285 - Updater Check For Update Now.
2024-01-28 10:57:55,267 [INFO] MicroXplorer:498 - Change Database Version : DB.6.0.91
2024-01-28 10:57:55,305 [INFO] McuFinderGlobals:63 - Set McuFinder mode to 2 (CubeIDE integrated)
2024-01-28 10:57:55,305 [INFO] UserAuth:179 - activating auth plugin
2024-01-28 10:57:55,311 [INFO] UserAuth:393 - Internet connection configuration mode: 1
2024-01-28 10:57:55,355 [INFO] JxBrowserEngine:151 - Initiate JxBrowser Engine with user profile folder
2024-01-28 10:57:56,858 [WARN] MainUpdater:1189 - Updater busy. Cannot search thirdparties
2024-01-28 10:57:56,859 [INFO] ThirdPartyUpdaterWithRetryManager:96 - Updater plugin is busy. [1/15]
2024-01-28 10:57:57,523 [INFO] WebApp:157 - Instantiating new browser for Auth
2024-01-28 10:57:59,218 [INFO] WebApp:753 - Register for checkConnection events
2024-01-28 10:57:59,219 [INFO] WebApp:390 - Apply proxy settings
2024-01-28 10:57:59,219 [INFO] WebApp:475 - Chromium requires no authentication
2024-01-28 10:57:59,239 [INFO] WebApp:418 - Direct internet connection detected
2024-01-28 10:57:59,688 [INFO] WebApp:188 - Starting web application
2024-01-28 10:57:59,688 [INFO] WebApp:520 - Web application path used C:\ST\STM32CubeIDE_1.4.0\STM32CubeIDE\plugins\com.st.stm32cube.common.mx_6.9.1.202307191849\db\plugins\mcufinder\reactClient1\index.html
2024-01-28 10:57:59,860 [WARN] MainUpdater:1189 - Updater busy. Cannot search thirdparties
2024-01-28 10:57:59,861 [INFO] ThirdPartyUpdaterWithRetryManager:96 - Updater plugin is busy. [2/15]
2024-01-28 10:57:59,891 [INFO] ServerAccessManage:473 - Download File updaters.zip
2024-01-28 10:58:00,148 [INFO] FileExtend:240 - Unzip File : updaters.zip
2024-01-28 10:58:00,148 [INFO] FileExtend:255 - Standard Zip Deflate
2024-01-28 10:58:02,419 [INFO] ServerAccessManage:473 - Download File PacksControlFlags.xml
2024-01-28 10:58:02,863 [WARN] MainUpdater:1189 - Updater busy. Cannot search thirdparties
2024-01-28 10:58:02,863 [INFO] ThirdPartyUpdaterWithRetryManager:96 - Updater plugin is busy. [3/15]
2024-01-28 10:58:03,728 [INFO] ServerAccessManage:473 - Download File cubemx.pidx
2024-01-28 10:58:05,864 [WARN] MainUpdater:1189 - Updater busy. Cannot search thirdparties
2024-01-28 10:58:05,864 [INFO] ThirdPartyUpdaterWithRetryManager:96 - Updater plugin is busy. [4/15]
2024-01-28 10:58:05,917 [INFO] ServerAccessManage:473 - Download File STMicroelectronics.X-CUBE-EEPRMA1.pdsc
2024-01-28 10:58:06,747 [ERROR] ServerAccessManage:1089 - Problem, file not found on Server
2024-01-28 10:58:08,864 [WARN] MainUpdater:1189 - Updater busy. Cannot search thirdparties
2024-01-28 10:58:08,865 [INFO] ThirdPartyUpdaterWithRetryManager:96 - Updater plugin is busy. [5/15]
2024-01-28 10:58:09,478 [ERROR] ServerAccessManage:1089 - Problem, file not found on Server
2024-01-28 10:58:11,866 [WARN] MainUpdater:1189 - Updater busy. Cannot search thirdparties
2024-01-28 10:58:11,866 [INFO] ThirdPartyUpdaterWithRetryManager:96 - Updater plugin is busy. [6/15]
2024-01-28 10:58:14,868 [WARN] MainUpdater:1189 - Updater busy. Cannot search thirdparties
2024-01-28 10:58:14,869 [INFO] ThirdPartyUpdaterWithRetryManager:96 - Updater plugin is busy. [7/15]
2024-01-28 10:58:15,113 [WARN] PackLoader:240 - Cannot read IP mode file for STMicroelectronics.X-CUBE-EEPRMA1.5.1.0
2024-01-28 10:58:15,138 [INFO] PopulateThirdPartyThread:66 - Ending populate Thread
2024-01-28 10:58:15,142 [INFO] ThirdParty:1030 - CMSIS Pack Vendor :STMicroelectronics X-CUBE-EEPRMA1 5.1.0
2024-01-28 10:58:15,142 [INFO] LoadServerUpdatesThread:373 - End of LoadServerUpdate Thread
2024-01-28 10:58:15,421 [INFO] CheckServerUpdateThread:120 - End of CheckServer Thread
2024-01-28 10:58:18,577 [WARN] PackLoader:240 - Cannot read IP mode file for STMicroelectronics.X-CUBE-SMBUS.2.1.0
2024-01-28 10:58:18,589 [WARN] PackLoader:240 - Cannot read IP mode file for STMicroelectronics.X-CUBE-TOUCHGFX.4.23.0
2024-01-28 10:58:18,675 [WARN] PackLoader:240 - Cannot read IP mode file for STMicroelectronics.X-CUBE-AZRTOS-F7.1.1.0
2024-01-28 10:58:18,711 [ERROR] RealEvaluatedCondition:428 - Found unsupported composite condition: CLASS='Data Exchange' GROUP='STM32_MetaDataManager'
2024-01-28 10:58:18,712 [ERROR] RealEvaluatedCondition:428 - Found unsupported composite condition: CLASS='Data Exchange' GROUP='STM32_MetaDataManager'
2024-01-28 10:58:18,716 [WARN] PackLoader:240 - Cannot read IP mode file for STMicroelectronics.FP-SNS-MOTENV1.4.3.0
2024-01-28 10:58:18,742 [WARN] PackLoader:240 - Cannot read IP mode file for STMicroelectronics.FP-SNS-MOTENV1.4.3.2
2024-01-28 10:58:18,762 [WARN] PackLoader:240 - Cannot read IP mode file for STMicroelectronics.FP-SNS-FLIGHT1.5.0.0
2024-01-28 10:58:18,774 [ERROR] RealEvaluatedCondition:428 - Found unsupported composite condition: CLASS='Data Exchange' GROUP='STM32_MetaDataManager'
2024-01-28 10:58:18,775 [ERROR] RealEvaluatedCondition:428 - Found unsupported composite condition: CLASS='Data Exchange' GROUP='STM32_MetaDataManager'
2024-01-28 10:58:18,792 [WARN] PackLoader:240 - Cannot read IP mode file for STMicroelectronics.FP-SNS-MOTENV1.4.3.1
2024-01-28 10:58:18,819 [WARN] PackLoader:240 - Cannot read IP mode file for STMicroelectronics.FP-SNS-FLIGHT1.5.0.1
2024-01-28 10:58:18,852 [WARN] PackLoader:240 - Cannot read IP mode file for STMicroelectronics.X-CUBE-BLE1.6.2.4
2024-01-28 10:58:18,903 [WARN] PackLoader:240 - Cannot read IP mode file for STMicroelectronics.FP-SNS-FLIGHT1.5.0.2
2024-01-28 10:58:18,934 [WARN] PackLoader:240 - Cannot read IP mode file for STMicroelectronics.X-CUBE-DISPLAY.3.0.0
2024-01-28 10:58:18,977 [WARN] PackLoader:240 - Cannot read IP mode file for STMicroelectronics.X-CUBE-BLE1.7.0.0
2024-01-28 10:58:18,994 [WARN] PackLoader:240 - Cannot read IP mode file for STMicroelectronics.X-CUBE-TOUCHGFX.4.22.0
2024-01-28 10:58:19,009 [WARN] PackLoader:240 - Cannot read IP mode file for STMicroelectronics.X-CUBE-TOUCHGFX.4.22.1
2024-01-28 10:58:19,024 [WARN] PackLoader:240 - Cannot read IP mode file for STMicroelectronics.FP-SNS-SMARTAG2.1.2.0
2024-01-28 10:58:19,052 [INFO] LogOutputStream:77 - [STDOUT_REDIRECT] 1 : Invalid condition id : UX_CORESTACK_Condition cause : null
2024-01-28 10:58:19,053 [INFO] LogOutputStream:77 - [STDOUT_REDIRECT] 1 : Invalid condition id : UX_CORESTACK_Condition cause : null
2024-01-28 10:58:19,058 [INFO] LogOutputStream:77 - [STDOUT_REDIRECT] 1 : Invalid condition id : UX_CORESTACK_Condition cause : null
2024-01-28 10:58:19,062 [INFO] LogOutputStream:77 - [STDOUT_REDIRECT] 1 : Invalid condition id : UX_CORESTACK_Condition cause : null
2024-01-28 10:58:19,066 [INFO] LogOutputStream:77 - [STDOUT_REDIRECT] 1 : Invalid condition id : UX_CORESTACK_Condition cause : null
2024-01-28 10:58:19,078 [WARN] PackLoader:240 - Cannot read IP mode file for STMicroelectronics.X-CUBE-AZRTOS-WL.2.0.0
2024-01-28 10:58:19,103 [WARN] PackLoader:240 - Cannot read IP mode file for WES.I-CUBE-Cesium.1.3.0
2024-01-28 10:58:19,116 [WARN] PackLoader:240 - Cannot read IP mode file for STMicroelectronics.X-CUBE-BLE2.3.3.0
2024-01-28 10:58:19,149 [WARN] PackLoader:240 - Cannot read IP mode file for STMicroelectronics.X-CUBE-TOF1.3.2.0
2024-01-28 10:58:19,225 [WARN] PackLoader:240 - Cannot read IP mode file for STMicroelectronics.X-CUBE-TOUCHGFX.4.21.1
2024-01-28 10:58:19,232 [WARN] PackLoader:240 - Cannot read IP mode file for STMicroelectronics.X-CUBE-TOUCHGFX.4.21.3
2024-01-28 10:58:19,240 [WARN] PackLoader:240 - Cannot read IP mode file for STMicroelectronics.X-CUBE-TOUCHGFX.4.21.4
2024-01-28 10:58:19,264 [WARN] PackLoader:240 - Cannot read IP mode file for STMicroelectronics.X-CUBE-ALGOBUILD.1.3.0
2024-01-28 10:58:19,360 [WARN] PackLoader:240 - Cannot read IP mode file for STMicroelectronics.X-CUBE-AZRTOS-G0.1.1.0
2024-01-28 10:58:19,390 [WARN] PackLoader:240 - Cannot read IP mode file for STMicroelectronics.X-CUBE-NFC4.3.0.0
2024-01-28 10:58:19,470 [WARN] PackLoader:240 - Cannot read IP mode file for STMicroelectronics.X-CUBE-BLEMGR.3.0.0
2024-01-28 10:58:19,488 [WARN] PackLoader:240 - Cannot read IP mode file for STMicroelectronics.FP-ATR-SIGFOX1.3.2.0
2024-01-28 10:58:19,503 [WARN] PackLoader:240 - Cannot read IP mode file for STMicroelectronics.X-CUBE-EEPRMA1.5.1.0
2024-01-28 10:58:19,784 [WARN] PackLoader:240 - Cannot read IP mode file for STMicroelectronics.X-CUBE-MEMS1.9.5.0
2024-01-28 10:58:20,443 [WARN] PackLoader:240 - Cannot read IP mode file for SEGGER.I-CUBE-embOS.1.3.1
2024-01-28 10:58:20,621 [WARN] PackLoader:240 - Cannot read IP mode file for STMicroelectronics.X-CUBE-GNSS1.6.0.0
2024-01-28 10:58:20,672 [WARN] PackLoader:240 - Cannot read IP mode file for STMicroelectronics.X-CUBE-AZRTOS-F4.1.1.0
2024-01-28 10:58:20,739 [WARN] PackLoader:240 - Cannot read IP mode file for STMicroelectronics.X-CUBE-AZRTOS-L5.2.0.0
2024-01-28 10:58:20,880 [WARN] PackLoader:240 - Cannot read IP mode file for STMicroelectronics.X-CUBE-MEMS1.9.6.0
2024-01-28 10:58:21,321 [WARN] PackLoader:240 - Cannot read IP mode file for STMicroelectronics.X-CUBE-EEPRMA1.4.2.0
2024-01-28 10:58:21,381 [WARN] PackLoader:240 - Cannot read IP mode file for ITTIA_DB.I-CUBE-ITTIADB.8.8.0
2024-01-28 10:58:21,428 [WARN] PackLoader:240 - Cannot read IP mode file for emotas.I-CUBE-CANOPEN.1.1.3
2024-01-28 10:58:21,465 [WARN] PackLoader:240 - Cannot read IP mode file for STMicroelectronics.X-CUBE-BLEMGR.2.0.0
2024-01-28 10:58:21,649 [WARN] ConditionMgr:438 - getConditionDescription Invalid condition id : UX DEVICE CLASS RTOS Condition cause : null
2024-01-28 10:58:21,653 [WARN] ConditionMgr:438 - getConditionDescription Invalid condition id : UX DEVICE CLASS RTOS Condition cause : null
2024-01-28 10:58:21,683 [WARN] PackLoader:240 - Cannot read IP mode file for STMicroelectronics.X-CUBE-AZRTOS-H7.3.1.0
2024-01-28 10:58:21,689 [WARN] ConditionMgr:1039 - genDependencies : Invalid condition id : UX DEVICE CLASS RTOS Condition cause : null
2024-01-28 10:58:21,690 [WARN] ConditionMgr:1039 - genDependencies : Invalid condition id : UX DEVICE CLASS RTOS Condition cause : null
2024-01-28 10:58:21,692 [WARN] ConditionMgr:1039 - genDependencies : Invalid condition id : UX DEVICE CLASS RTOS Condition cause : null
2024-01-28 10:58:21,696 [WARN] ConditionMgr:1039 - genDependencies : Invalid condition id : UX DEVICE CLASS RTOS Condition cause : null
2024-01-28 10:58:21,696 [WARN] ConditionMgr:1039 - genDependencies : Invalid condition id : UX DEVICE CLASS RTOS Condition cause : null
2024-01-28 10:58:21,753 [WARN] PackLoader:240 - Cannot read IP mode file for wolfSSL.I-CUBE-wolfSSL.5.5.4
2024-01-28 10:58:21,775 [WARN] PackLoader:240 - Cannot read IP mode file for STMicroelectronics.X-CUBE-NFC7.1.0.1
2024-01-28 10:58:21,788 [WARN] PackLoader:240 - Cannot read IP mode file for STMicroelectronics.X-CUBE-NFC7.1.0.0
2024-01-28 10:58:21,809 [WARN] PackLoader:240 - Cannot read IP mode file for STMicroelectronics.X-CUBE-NFC6.3.0.0
2024-01-28 10:58:21,827 [WARN] PackLoader:240 - Cannot read IP mode file for STMicroelectronics.X-CUBE-EEPRMA1.4.1.0
2024-01-28 10:58:21,841 [WARN] PackLoader:240 - Cannot read IP mode file for STMicroelectronics.X-CUBE-AI.8.1.0
2024-01-28 10:58:21,883 [WARN] ConditionMgr:438 - getConditionDescription Invalid condition id : LAN8742 Phy interface Condition cause : null
2024-01-28 10:58:21,885 [WARN] PackLoader:240 - Cannot read IP mode file for STMicroelectronics.X-CUBE-AZRTOS-L4.2.0.0
2024-01-28 10:58:21,887 [WARN] ConditionMgr:1039 - genDependencies : Invalid condition id : LAN8742 Phy interface Condition cause : null
2024-01-28 10:58:21,888 [WARN] ConditionMgr:1039 - genDependencies : Invalid condition id : LAN8742 Phy interface Condition cause : null
2024-01-28 10:58:21,889 [WARN] ConditionMgr:1039 - genDependencies : Invalid condition id : LAN8742 Phy interface Condition cause : null
2024-01-28 10:58:21,908 [WARN] PackLoader:240 - Cannot read IP mode file for STMicroelectronics.X-CUBE-SFXS2LP1.4.0.0
2024-01-28 10:58:22,020 [WARN] PackLoader:240 - Cannot read IP mode file for STMicroelectronics.X-CUBE-AZRTOS-H7.3.0.0
2024-01-28 10:58:22,039 [WARN] PackLoader:240 - Cannot read IP mode file for STMicroelectronics.X-CUBE-ISPU.1.1.0
2024-01-28 10:58:22,071 [WARN] PackLoader:240 - Cannot read IP mode file for RoweBots.I-CUBE-UNISONRTOS.5.5.0-4
2024-01-28 10:58:22,079 [WARN] PackLoader:240 - Cannot read IP mode file for STMicroelectronics.X-CUBE-AI.8.0.0
2024-01-28 10:58:22,141 [WARN] ConditionMgr:438 - getConditionDescription Invalid condition id : UX DEVICE CLASS RTOS Condition cause : null
2024-01-28 10:58:22,142 [WARN] ConditionMgr:438 - getConditionDescription Invalid condition id : UX DEVICE CLASS RTOS Condition cause : null
2024-01-28 10:58:22,151 [WARN] PackLoader:240 - Cannot read IP mode file for STMicroelectronics.X-CUBE-AZRTOS-WB.2.0.0
2024-01-28 10:58:22,154 [WARN] ConditionMgr:1039 - genDependencies : Invalid condition id : UX DEVICE CLASS RTOS Condition cause : null
2024-01-28 10:58:22,154 [WARN] ConditionMgr:1039 - genDependencies : Invalid condition id : UX DEVICE CLASS RTOS Condition cause : null
2024-01-28 10:58:22,156 [WARN] ConditionMgr:1039 - genDependencies : Invalid condition id : UX DEVICE CLASS RTOS Condition cause : null
2024-01-28 10:58:22,156 [WARN] ConditionMgr:1039 - genDependencies : Invalid condition id : UX DEVICE CLASS RTOS Condition cause : null
2024-01-28 10:58:22,157 [WARN] ConditionMgr:1039 - genDependencies : Invalid condition id : UX DEVICE CLASS RTOS Condition cause : null
2024-01-28 10:58:22,173 [WARN] PackLoader:240 - Cannot read IP mode file for STMicroelectronics.X-CUBE-FREERTOS.1.0.0
2024-01-28 10:58:22,185 [WARN] PackLoader:240 - Cannot read IP mode file for STMicroelectronics.X-CUBE-FREERTOS.1.0.1
2024-01-28 10:58:22,218 [WARN] PackLoader:240 - Cannot read IP mode file for STMicroelectronics.X-CUBE-AZRTOS-L5.1.1.0
2024-01-28 10:58:22,230 [WARN] PackLoader:240 - Cannot read IP mode file for STMicroelectronics.X-CUBE-AI.8.0.1
2024-01-28 10:58:22,258 [WARN] PackLoader:240 - Cannot read IP mode file for STMicroelectronics.X-CUBE-SUBG2.5.0.0
2024-01-28 10:58:22,292 [WARN] PackLoader:240 - Cannot read IP mode file for STMicroelectronics.X-CUBE-TOF1.3.3.1
2024-01-28 10:58:22,436 [WARN] PackLoader:240 - Cannot read IP mode file for STMicroelectronics.X-CUBE-AZRTOS-G4.2.0.0
2024-01-28 10:58:22,470 [WARN] PackLoader:240 - Cannot read IP mode file for STMicroelectronics.X-CUBE-TOF1.3.3.0
2024-01-28 10:58:22,516 [WARN] PackLoader:240 - Cannot read IP mode file for STMicroelectronics.FP-ATR-ASTRA1.1.1.1
2024-01-28 10:58:22,551 [WARN] PackLoader:240 - Cannot read IP mode file for Infineon.AIROC-Wi-Fi-Bluetooth-STM32.1.5.1
2024-01-28 10:58:22,589 [WARN] PackLoader:240 - Cannot read IP mode file for STMicroelectronics.FP-SNS-MOTENVWB1.1.3.0
2024-01-28 10:58:22,612 [WARN] PackLoader:240 - Cannot read IP mode file for STMicroelectronics.FP-SNS-MOTENVWB1.1.3.1
2024-01-28 10:58:22,650 [WARN] PackLoader:240 - Cannot read IP mode file for STMicroelectronics.X-CUBE-AZRTOS-G4.1.0.0
2024-01-28 10:58:22,698 [WARN] PackLoader:240 - Cannot read IP mode file for STMicroelectronics.X-CUBE-AZRTOS-L4.1.0.0
2024-01-28 10:58:22,726 [WARN] PackLoader:240 - Cannot read IP mode file for STMicroelectronics.X-CUBE-ISPU.2.0.0
2024-01-28 10:58:22,863 [WARN] PackLoader:240 - Cannot read IP mode file for STMicroelectronics.X-CUBE-MEMS1.10.0.0
2024-01-28 10:58:23,145 [WARN] PackLoader:240 - Cannot read IP mode file for STMicroelectronics.X-CUBE-FREERTOS.1.1.0
2024-01-28 10:58:23,191 [WARN] PackLoader:240 - Cannot read IP mode file for STMicroelectronics.X-CUBE-AZRTOS-WL.1.0.0
2024-01-28 10:58:23,212 [WARN] PackLoader:240 - Cannot read IP mode file for portGmbH.I-Cube-SoM-uGOAL.1.1.0
2024-01-28 10:58:23,223 [WARN] PackLoader:240 - Cannot read IP mode file for STMicroelectronics.X-CUBE-ALS.1.0.1
2024-01-28 10:58:23,261 [WARN] PackLoader:240 - Cannot read IP mode file for STMicroelectronics.X-CUBE-AZRTOS-WB.1.1.0
2024-01-28 10:58:23,297 [WARN] PackLoader:240 - Cannot read IP mode file for STMicroelectronics.FP-ATR-ASTRA1.2.0.0
2024-01-28 10:58:23,384 [WARN] PackLoader:240 - Cannot read IP mode file for STMicroelectronics.X-CUBE-TOF1.3.4.0
2024-01-28 10:58:23,535 [WARN] PackLoader:240 - Cannot read IP mode file for STMicroelectronics.X-CUBE-AZRTOS-H7.3.2.0
2024-01-28 10:58:23,543 [INFO] ThirdParty:978 - Integrity check success = true
2024-01-28 10:58:23,544 [INFO] IntegrityCheckThread:100 - exiting critical section [integrity check]
2024-01-28 10:58:23,544 [INFO] IntegrityCheckThread:103 - End integrity checks thread
2024-01-28 11:27:37,309 [ERROR] LogOutputStream:75 - [STDERR_REDIRECT] SLF4J: Failed to load class "org.slf4j.impl.StaticLoggerBinder".
2024-01-28 11:27:37,309 [ERROR] LogOutputStream:75 - [STDERR_REDIRECT] SLF4J: Defaulting to no-operation (NOP) logger implementation
2024-01-28 11:27:37,314 [ERROR] LogOutputStream:75 - [STDERR_REDIRECT] SLF4J: See http://www.slf4j.org/codes.html#StaticLoggerBinder for further details.
2024-01-28 23:19:26,010 [ERROR] LogOutputStream:75 - [STDERR_REDIRECT] 
