2024-02-12 11:14:07,869 [INFO] Activator:176 - 


2024-02-12 11:14:07,887 [INFO] Activator:177 - !SESSION log4j initialized
2024-02-12 11:14:30,302 [INFO] LogOutputStream:77 - [STDOUT_REDIRECT] 
2024-02-12 11:14:37,765 [INFO] ApplicationProperties:184 - Using Application install path: C:\ST\STM32CubeIDE_1.4.0\STM32CubeIDE\plugins\com.st.stm32cube.common.mx_6.9.1.202307191849
2024-02-12 11:14:37,806 [INFO] DbMcusXml:78 - Set database path to: C:\ST\STM32CubeIDE_1.4.0\STM32CubeIDE\plugins\com.st.stm32cube.common.mx_6.9.1.202307191849\\db\/mcu/
2024-02-12 11:14:37,806 [INFO] ApiDb:274 - Set plugin database path to: C:\ST\STM32CubeIDE_1.4.0\STM32CubeIDE\plugins\com.st.stm32cube.common.mx_6.9.1.202307191849\\db\/plugins/boardmanager/
2024-02-12 11:14:37,807 [WARN] ApiDb:259 - Overriding images path with different value:  => C:\ST\STM32CubeIDE_1.4.0\STM32CubeIDE\plugins\com.st.stm32cube.common.mx_6.9.1.202307191849\\db\/plugins/mcufinder/images/
2024-02-12 11:14:37,831 [INFO] ApiDb:250 - Set database path to: C:\Users\Minh\.stmcufinder\plugins\mcufinder//mcu/
2024-02-12 11:14:37,831 [INFO] DbMcusAds:125 - Set database path to: C:\Users\Minh\.stmcufinder\plugins\mcufinder//mcu/
2024-02-12 11:14:37,839 [INFO] CrossReferenceDbSqlite:203 - Set database path to: C:\Users\Minh\.stmcufinder\plugins\mcufinder//mcu/cs/
2024-02-12 11:14:38,210 [INFO] RulesReader:64 - Compatibility file has been processed (293 Rules)
2024-02-12 11:14:38,450 [INFO] DbMcusXml:78 - Set database path to: C:\ST\STM32CubeIDE_1.4.0\STM32CubeIDE\plugins\com.st.stm32cube.common.mx_6.9.1.202307191849\\db\/mcu/
2024-02-12 11:14:38,450 [INFO] ApiDb:274 - Set plugin database path to: C:\ST\STM32CubeIDE_1.4.0\STM32CubeIDE\plugins\com.st.stm32cube.common.mx_6.9.1.202307191849\\db\/plugins/boardmanager/
2024-02-12 11:14:38,450 [INFO] ApiDb:261 - Set plugin images path to: C:\ST\STM32CubeIDE_1.4.0\STM32CubeIDE\plugins\com.st.stm32cube.common.mx_6.9.1.202307191849\\db\/plugins/mcufinder/images/
2024-02-12 11:14:38,450 [WARN] DbFile:41 - Overriding database path with different value: C:\Users\Minh\.stmcufinder\plugins\mcufinder/ => C:\Users\Minh\.stmcufinder\plugins\mcufinder
2024-02-12 11:14:38,450 [INFO] ApiDb:250 - Set database path to: C:\Users\Minh\.stmcufinder\plugins\mcufinder//mcu/
2024-02-12 11:14:38,450 [WARN] DbFile:41 - Overriding database path with different value: C:\Users\Minh\.stmcufinder\plugins\mcufinder/ => C:\Users\Minh\.stmcufinder\plugins\mcufinder
2024-02-12 11:14:38,450 [INFO] DbMcusAds:125 - Set database path to: C:\Users\Minh\.stmcufinder\plugins\mcufinder//mcu/
2024-02-12 11:14:38,450 [WARN] DbFile:41 - Overriding database path with different value: C:\Users\Minh\.stmcufinder\plugins\mcufinder/ => C:\Users\Minh\.stmcufinder\plugins\mcufinder
2024-02-12 11:14:38,450 [WARN] DbFile:41 - Overriding database path with different value: C:\Users\Minh\.stmcufinder\plugins\mcufinder/ => C:\Users\Minh\.stmcufinder\plugins\mcufinder
2024-02-12 11:14:38,450 [INFO] CrossReferenceDbSqlite:203 - Set database path to: C:\Users\Minh\.stmcufinder\plugins\mcufinder//mcu/cs/
2024-02-12 11:14:38,632 [INFO] MainPanel:262 - HeapMemory: 268435456
2024-02-12 11:14:38,837 [INFO] DbMcusXml:78 - Set database path to: C:\ST\STM32CubeIDE_1.4.0\STM32CubeIDE\plugins\com.st.stm32cube.common.mx_6.9.1.202307191849\\db\/mcu/
2024-02-12 11:14:38,837 [INFO] ApiDb:274 - Set plugin database path to: C:\ST\STM32CubeIDE_1.4.0\STM32CubeIDE\plugins\com.st.stm32cube.common.mx_6.9.1.202307191849\\db\/plugins/boardmanager/
2024-02-12 11:14:38,837 [INFO] ApiDb:261 - Set plugin images path to: C:\ST\STM32CubeIDE_1.4.0\STM32CubeIDE\plugins\com.st.stm32cube.common.mx_6.9.1.202307191849\\db\/plugins/mcufinder/images/
2024-02-12 11:14:38,837 [WARN] DbFile:41 - Overriding database path with different value: C:\Users\Minh\.stmcufinder\plugins\mcufinder/ => C:\Users\Minh\.stmcufinder\plugins\mcufinder
2024-02-12 11:14:38,837 [INFO] ApiDb:250 - Set database path to: C:\Users\Minh\.stmcufinder\plugins\mcufinder//mcu/
2024-02-12 11:14:38,837 [WARN] DbFile:41 - Overriding database path with different value: C:\Users\Minh\.stmcufinder\plugins\mcufinder/ => C:\Users\Minh\.stmcufinder\plugins\mcufinder
2024-02-12 11:14:38,837 [INFO] DbMcusAds:125 - Set database path to: C:\Users\Minh\.stmcufinder\plugins\mcufinder//mcu/
2024-02-12 11:14:38,837 [WARN] DbFile:41 - Overriding database path with different value: C:\Users\Minh\.stmcufinder\plugins\mcufinder/ => C:\Users\Minh\.stmcufinder\plugins\mcufinder
2024-02-12 11:14:38,840 [WARN] DbFile:41 - Overriding database path with different value: C:\Users\Minh\.stmcufinder\plugins\mcufinder/ => C:\Users\Minh\.stmcufinder\plugins\mcufinder
2024-02-12 11:14:38,840 [INFO] CrossReferenceDbSqlite:203 - Set database path to: C:\Users\Minh\.stmcufinder\plugins\mcufinder//mcu/cs/
2024-02-12 11:14:38,885 [INFO] ApplicationProperties:184 - Using Application install path: C:\ST\STM32CubeIDE_1.4.0\STM32CubeIDE\plugins\com.st.stm32cube.common.mx_6.9.1.202307191849
2024-02-12 11:14:38,888 [INFO] PluginManage:196 - Search for loadable plugins [exclusion list=, ]
2024-02-12 11:14:38,891 [INFO] PluginManage:310 - Check plugin analytics
2024-02-12 11:14:39,313 [INFO] AnalyticsPlugin:253 - Accepted Software Licenses: STM32CubeMX.6.0.0,STM32CubeMX.5.2.0
2024-02-12 11:14:39,314 [INFO] AnalyticsPlugin:255 - Accepted CMSIS Pack Licenses: 
2024-02-12 11:14:39,314 [INFO] AnalyticsPlugin:257 - Accepted Firmware Licenses: 
2024-02-12 11:14:39,321 [INFO] PluginManage:359 - Loaded plugin analytics (category:tool,tabindex:-1)
2024-02-12 11:14:39,322 [INFO] PluginManage:310 - Check plugin cadmodel
2024-02-12 11:14:39,372 [INFO] CADModel:105 - Init CAD model plugin
2024-02-12 11:14:39,373 [INFO] PluginManage:359 - Loaded plugin cadmodel (category:power,tabindex:5)
2024-02-12 11:14:39,373 [INFO] PluginManage:310 - Check plugin clock
2024-02-12 11:14:39,435 [INFO] PluginManage:359 - Loaded plugin clock (category:base,tabindex:2)
2024-02-12 11:14:39,436 [INFO] PluginManage:310 - Check plugin ddr
2024-02-12 11:14:39,442 [INFO] PluginManage:359 - Loaded plugin ddr (category:tool,tabindex:6)
2024-02-12 11:14:39,443 [INFO] PluginManage:310 - Check plugin filemanager
2024-02-12 11:14:39,798 [INFO] PluginManage:359 - Loaded plugin filemanager (category:base,tabindex:10)
2024-02-12 11:14:39,798 [INFO] PluginManage:310 - Check plugin ipmanager
2024-02-12 11:14:39,819 [INFO] PluginManage:359 - Loaded plugin ipmanager (category:base,tabindex:5)
2024-02-12 11:14:39,819 [INFO] PluginManage:310 - Check plugin lpbam
2024-02-12 11:14:39,872 [INFO] PluginManage:359 - Loaded plugin lpbam (category:base,tabindex:0)
2024-02-12 11:14:39,872 [INFO] PluginManage:310 - Check plugin memorymap
2024-02-12 11:14:39,950 [INFO] PluginManage:359 - Loaded plugin memorymap (category:base,tabindex:4)
2024-02-12 11:14:39,950 [INFO] PluginManage:310 - Check plugin pinoutandconfiguration
2024-02-12 11:14:40,005 [INFO] PluginManage:359 - Loaded plugin pinoutandconfiguration (category:base,tabindex:1)
2024-02-12 11:14:40,005 [INFO] PluginManage:310 - Check plugin pinoutconfig
2024-02-12 11:14:40,269 [WARN] SupportedApi:132 - Cannot load RTOS API schema: s4s-elt-must-match.1: The content of 'definitions' must match (annotation?, (simpleType | complexType)?, (unique | key | keyref)*)). A problem was found starting at: attribute.
2024-02-12 11:14:40,599 [INFO] PluginManage:359 - Loaded plugin pinoutconfig (category:base,tabindex:0)
2024-02-12 11:14:40,599 [INFO] PluginManage:310 - Check plugin power
2024-02-12 11:14:40,648 [INFO] PluginManage:359 - Loaded plugin power (category:power,tabindex:4)
2024-02-12 11:14:40,648 [INFO] PluginManage:310 - Check plugin projectmanager
2024-02-12 11:14:40,678 [INFO] PluginManage:359 - Loaded plugin projectmanager (category:projectmanager,tabindex:3)
2024-02-12 11:14:40,678 [INFO] PluginManage:310 - Check plugin thirdparty
2024-02-12 11:14:41,366 [INFO] PluginManage:359 - Loaded plugin thirdparty (category:base,tabindex:-1)
2024-02-12 11:14:41,366 [WARN] IntegrityCheckThread:84 - waiting for thirdparty lock release [integrity check]
2024-02-12 11:14:41,366 [INFO] IntegrityCheckThread:86 - entering critical section [integrity check]
2024-02-12 11:14:41,366 [INFO] PluginManage:310 - Check plugin tools
2024-02-12 11:14:41,367 [INFO] ThirdPartyUpdaterWithRetryManager:70 - Updater plugin not ready yet. [1/15]
2024-02-12 11:14:41,465 [INFO] PluginManage:359 - Loaded plugin tools (category:base,tabindex:7)
2024-02-12 11:14:41,465 [INFO] PluginManage:310 - Check plugin tutovideos
2024-02-12 11:14:41,918 [INFO] PluginManage:359 - Loaded plugin tutovideos (category:base,tabindex:-1)
2024-02-12 11:14:41,918 [INFO] PluginManage:310 - Check plugin updater
2024-02-12 11:14:41,960 [INFO] PluginManage:359 - Loaded plugin updater (category:base,tabindex:12)
2024-02-12 11:14:41,960 [INFO] PluginManage:310 - Check plugin userauth
2024-02-12 11:14:41,976 [INFO] UserAuth:113 - Init User Auth plugin
2024-02-12 11:14:41,976 [INFO] PluginManage:359 - Loaded plugin userauth (category:base,tabindex:14)
2024-02-12 11:14:41,980 [INFO] PluginManage:283 - PluginManage : Loaded plugins [17]
2024-02-12 11:14:42,495 [INFO] PinOutPanel:1499 - setPackage(No Configuration,No Configuration)
2024-02-12 11:14:42,755 [INFO] CADModel:165 - CPN selected for project level
2024-02-12 11:14:42,755 [INFO] CADModel:114 - Register for checkConnection events
2024-02-12 11:14:42,815 [INFO] IPUIPlugin:80 - create IPUIPlugin
2024-02-12 11:14:42,815 [INFO] PluginManager:220 - loadIPPluginJar : add adc
2024-02-12 11:14:42,908 [INFO] IPUIPlugin:80 - create IPUIPlugin
2024-02-12 11:14:42,908 [INFO] PluginManager:220 - loadIPPluginJar : add aes
2024-02-12 11:14:43,020 [INFO] IPUIPlugin:80 - create IPUIPlugin
2024-02-12 11:14:43,020 [INFO] PluginManager:220 - loadIPPluginJar : add can
2024-02-12 11:14:43,086 [INFO] IPUIPlugin:80 - create IPUIPlugin
2024-02-12 11:14:43,087 [INFO] PluginManager:220 - loadIPPluginJar : add comp
2024-02-12 11:14:43,180 [INFO] IPUIPlugin:80 - create IPUIPlugin
2024-02-12 11:14:43,180 [INFO] PluginManager:220 - loadIPPluginJar : add cryp
2024-02-12 11:14:43,263 [INFO] IPUIPlugin:80 - create IPUIPlugin
2024-02-12 11:14:43,263 [INFO] PluginManager:220 - loadIPPluginJar : add dfsdm
2024-02-12 11:14:43,299 [INFO] IPUIPlugin:80 - create IPUIPlugin
2024-02-12 11:14:43,300 [INFO] PluginManager:220 - loadIPPluginJar : add dma
2024-02-12 11:14:43,423 [INFO] IPUIPlugin:80 - create IPUIPlugin
2024-02-12 11:14:43,423 [INFO] PluginManager:220 - loadIPPluginJar : add dma3
2024-02-12 11:14:43,477 [INFO] IPUIPlugin:80 - create IPUIPlugin
2024-02-12 11:14:43,478 [INFO] PluginManager:220 - loadIPPluginJar : add fatfs
2024-02-12 11:14:43,605 [INFO] IPUIPlugin:80 - create IPUIPlugin
2024-02-12 11:14:43,606 [INFO] PluginManager:220 - loadIPPluginJar : add fmc
2024-02-12 11:14:43,642 [INFO] IPUIPlugin:80 - create IPUIPlugin
2024-02-12 11:14:43,643 [INFO] PluginManager:220 - loadIPPluginJar : add freertos
2024-02-12 11:14:43,690 [INFO] IPUIPlugin:80 - create IPUIPlugin
2024-02-12 11:14:43,690 [INFO] PluginManager:220 - loadIPPluginJar : add genericplugin
2024-02-12 11:14:43,937 [INFO] IPUIPlugin:80 - create IPUIPlugin
2024-02-12 11:14:43,937 [INFO] PluginManager:220 - loadIPPluginJar : add gfxmmu
2024-02-12 11:14:44,285 [INFO] IPUIPlugin:80 - create IPUIPlugin
2024-02-12 11:14:44,285 [INFO] PluginManager:220 - loadIPPluginJar : add gic
2024-02-12 11:14:44,315 [INFO] IPUIPlugin:80 - create IPUIPlugin
2024-02-12 11:14:44,315 [INFO] PluginManager:220 - loadIPPluginJar : add gpio
2024-02-12 11:14:44,374 [INFO] ThirdPartyUpdaterWithRetryManager:70 - Updater plugin not ready yet. [2/15]
2024-02-12 11:14:44,592 [INFO] IPUIPlugin:80 - create IPUIPlugin
2024-02-12 11:14:44,593 [INFO] PluginManager:220 - loadIPPluginJar : add gtzc
2024-02-12 11:14:44,680 [INFO] IPUIPlugin:80 - create IPUIPlugin
2024-02-12 11:14:44,681 [INFO] PluginManager:220 - loadIPPluginJar : add hash
2024-02-12 11:14:44,843 [INFO] IPUIPlugin:80 - create IPUIPlugin
2024-02-12 11:14:44,843 [INFO] PluginManager:220 - loadIPPluginJar : add i2c
2024-02-12 11:14:45,085 [INFO] IPUIPlugin:80 - create IPUIPlugin
2024-02-12 11:14:45,086 [INFO] PluginManager:220 - loadIPPluginJar : add i2s
2024-02-12 11:14:45,217 [INFO] IPUIPlugin:80 - create IPUIPlugin
2024-02-12 11:14:45,217 [INFO] PluginManager:220 - loadIPPluginJar : add i3c
2024-02-12 11:14:45,561 [INFO] IPUIPlugin:80 - create IPUIPlugin
2024-02-12 11:14:45,561 [INFO] PluginManager:220 - loadIPPluginJar : add ipddr
2024-02-12 11:14:45,892 [INFO] IPUIPlugin:80 - create IPUIPlugin
2024-02-12 11:14:45,892 [INFO] PluginManager:220 - loadIPPluginJar : add linkedlist
2024-02-12 11:14:46,017 [INFO] IPUIPlugin:80 - create IPUIPlugin
2024-02-12 11:14:46,018 [INFO] PluginManager:220 - loadIPPluginJar : add lorawan
2024-02-12 11:14:46,159 [INFO] IPUIPlugin:80 - create IPUIPlugin
2024-02-12 11:14:46,159 [INFO] PluginManager:220 - loadIPPluginJar : add ltdc
2024-02-12 11:14:46,196 [INFO] IPUIPlugin:80 - create IPUIPlugin
2024-02-12 11:14:46,197 [INFO] PluginManager:220 - loadIPPluginJar : add mdma
2024-02-12 11:14:46,227 [INFO] IPUIPlugin:80 - create IPUIPlugin
2024-02-12 11:14:46,227 [INFO] PluginManager:220 - loadIPPluginJar : add nvic
2024-02-12 11:14:46,315 [INFO] IPUIPlugin:80 - create IPUIPlugin
2024-02-12 11:14:46,315 [INFO] PluginManager:220 - loadIPPluginJar : add opamp
2024-02-12 11:14:46,485 [INFO] IPUIPlugin:80 - create IPUIPlugin
2024-02-12 11:14:46,485 [INFO] PluginManager:220 - loadIPPluginJar : add openamp
2024-02-12 11:14:46,610 [INFO] IPUIPlugin:80 - create IPUIPlugin
2024-02-12 11:14:46,610 [INFO] PluginManager:220 - loadIPPluginJar : add pdm2pcm
2024-02-12 11:14:46,647 [INFO] IPUIPlugin:80 - create IPUIPlugin
2024-02-12 11:14:46,653 [INFO] PluginManager:220 - loadIPPluginJar : add plateformsettings
2024-02-12 11:14:46,713 [INFO] IPUIPlugin:80 - create IPUIPlugin
2024-02-12 11:14:46,713 [INFO] PluginManager:220 - loadIPPluginJar : add quadspi
2024-02-12 11:14:46,744 [INFO] IPUIPlugin:80 - create IPUIPlugin
2024-02-12 11:14:46,745 [INFO] PluginManager:220 - loadIPPluginJar : add resmgrutility
2024-02-12 11:14:46,901 [INFO] IPUIPlugin:80 - create IPUIPlugin
2024-02-12 11:14:46,901 [INFO] PluginManager:220 - loadIPPluginJar : add sai
2024-02-12 11:14:47,009 [INFO] IPUIPlugin:80 - create IPUIPlugin
2024-02-12 11:14:47,009 [INFO] PluginManager:220 - loadIPPluginJar : add spi
2024-02-12 11:14:47,225 [INFO] IPUIPlugin:80 - create IPUIPlugin
2024-02-12 11:14:47,225 [INFO] PluginManager:220 - loadIPPluginJar : add stm32_wpan
2024-02-12 11:14:47,295 [INFO] IPUIPlugin:80 - create IPUIPlugin
2024-02-12 11:14:47,295 [INFO] PluginManager:220 - loadIPPluginJar : add tim
2024-02-12 11:14:47,395 [INFO] ThirdPartyUpdaterWithRetryManager:70 - Updater plugin not ready yet. [3/15]
2024-02-12 11:14:47,470 [INFO] IPUIPlugin:80 - create IPUIPlugin
2024-02-12 11:14:47,470 [INFO] PluginManager:220 - loadIPPluginJar : add touchsensing
2024-02-12 11:14:47,528 [INFO] IPUIPlugin:80 - create IPUIPlugin
2024-02-12 11:14:47,528 [INFO] PluginManager:220 - loadIPPluginJar : add tracer_emb
2024-02-12 11:14:47,590 [INFO] IPUIPlugin:80 - create IPUIPlugin
2024-02-12 11:14:47,590 [INFO] PluginManager:220 - loadIPPluginJar : add ts
2024-02-12 11:14:47,650 [INFO] IPUIPlugin:80 - create IPUIPlugin
2024-02-12 11:14:47,651 [INFO] PluginManager:220 - loadIPPluginJar : add tsc
2024-02-12 11:14:47,719 [INFO] IPUIPlugin:80 - create IPUIPlugin
2024-02-12 11:14:47,720 [INFO] PluginManager:220 - loadIPPluginJar : add ucpd
2024-02-12 11:14:47,843 [INFO] IPUIPlugin:80 - create IPUIPlugin
2024-02-12 11:14:47,844 [INFO] PluginManager:220 - loadIPPluginJar : add usart
2024-02-12 11:14:47,976 [INFO] IPUIPlugin:80 - create IPUIPlugin
2024-02-12 11:14:47,977 [INFO] PluginManager:220 - loadIPPluginJar : add usbx
2024-02-12 11:14:48,289 [INFO] CADModel:165 - CPN selected for project level
2024-02-12 11:14:48,290 [INFO] CADModel:114 - Register for checkConnection events
2024-02-12 11:14:48,290 [FATAL] Updater:308 - Updater called before beeing initialized
2024-02-12 11:14:48,290 [ERROR] CADModel:125 - Updater not yet initialized, retry later 
2024-02-12 11:14:48,673 [INFO] CADModel:165 - CPN selected for project level
2024-02-12 11:14:48,673 [INFO] CADModel:114 - Register for checkConnection events
2024-02-12 11:14:48,673 [FATAL] Updater:308 - Updater called before beeing initialized
2024-02-12 11:14:48,674 [ERROR] CADModel:125 - Updater not yet initialized, retry later 
2024-02-12 11:14:48,684 [FATAL] Updater:308 - Updater called before beeing initialized
2024-02-12 11:14:48,978 [FATAL] Updater:308 - Updater called before beeing initialized
2024-02-12 11:14:48,998 [INFO] DbMcusAds:53 - JSON generation date=Wed Nov 29 19:52:27 JST 2023 (1701255147349)
2024-02-12 11:14:48,998 [FATAL] Updater:308 - Updater called before beeing initialized
2024-02-12 11:14:49,220 [WARN] DetailPanel:346 - Failed to get advertising image, set to default
2024-02-12 11:14:49,485 [FATAL] Updater:308 - Updater called before beeing initialized
2024-02-12 11:14:49,492 [FATAL] Updater:308 - Updater called before beeing initialized
2024-02-12 11:14:49,492 [FATAL] Updater:308 - Updater called before beeing initialized
2024-02-12 11:14:49,492 [WARN] DetailPanel:346 - Failed to get advertising image, set to default
2024-02-12 11:14:49,492 [FATAL] Updater:308 - Updater called before beeing initialized
2024-02-12 11:14:49,643 [ERROR] Updater:1120 - MainUpdater not yet initialized. External WinMGr cannot be set.
2024-02-12 11:14:49,670 [INFO] Updater:1056 - Updater Version found : 6.9.1
2024-02-12 11:14:49,710 [INFO] ApplicationProperties:184 - Using Application install path: C:\ST\STM32CubeIDE_1.4.0\STM32CubeIDE\plugins\com.st.stm32cube.common.mx_6.9.1.202307191849
2024-02-12 11:14:49,991 [INFO] MainUpdater:2868 - connection check result : 10
2024-02-12 11:14:49,992 [INFO] MainUpdater:3562 - Updater definition file requires update
2024-02-12 11:14:49,994 [INFO] MainUpdater:285 - Updater Check For Update Now.
2024-02-12 11:14:49,995 [INFO] MicroXplorer:498 - Change Database Version : DB.6.0.91
2024-02-12 11:14:50,025 [INFO] McuFinderGlobals:63 - Set McuFinder mode to 2 (CubeIDE integrated)
2024-02-12 11:14:50,025 [INFO] UserAuth:179 - activating auth plugin
2024-02-12 11:14:50,035 [INFO] UserAuth:393 - Internet connection configuration mode: 1
2024-02-12 11:14:50,055 [INFO] ServerAccessManage:473 - Download File updaters.zip
2024-02-12 11:14:50,070 [INFO] JxBrowserEngine:151 - Initiate JxBrowser Engine with user profile folder
2024-02-12 11:14:50,326 [INFO] FileExtend:240 - Unzip File : updaters.zip
2024-02-12 11:14:50,326 [INFO] FileExtend:255 - Standard Zip Deflate
2024-02-12 11:14:50,415 [WARN] MainUpdater:1189 - Updater busy. Cannot search thirdparties
2024-02-12 11:14:50,415 [INFO] ThirdPartyUpdaterWithRetryManager:96 - Updater plugin is busy. [1/15]
2024-02-12 11:14:51,025 [INFO] ServerAccessManage:473 - Download File PacksControlFlags.xml
2024-02-12 11:14:51,200 [INFO] ServerAccessManage:473 - Download File cubemx.pidx
2024-02-12 11:14:51,512 [INFO] LoadServerUpdatesThread:373 - End of LoadServerUpdate Thread
2024-02-12 11:14:51,931 [INFO] CheckServerUpdateThread:120 - End of CheckServer Thread
2024-02-12 11:14:52,195 [INFO] WebApp:157 - Instantiating new browser for Auth
2024-02-12 11:14:54,014 [WARN] PackLoader:240 - Cannot read IP mode file for STMicroelectronics.X-CUBE-SMBUS.2.1.0
2024-02-12 11:14:54,034 [WARN] PackLoader:240 - Cannot read IP mode file for STMicroelectronics.X-CUBE-TOUCHGFX.4.23.0
2024-02-12 11:14:54,136 [WARN] PackLoader:240 - Cannot read IP mode file for STMicroelectronics.X-CUBE-AZRTOS-F7.1.1.0
2024-02-12 11:14:54,167 [ERROR] RealEvaluatedCondition:428 - Found unsupported composite condition: GROUP='STM32_MetaDataManager' CLASS='Data Exchange'
2024-02-12 11:14:54,168 [ERROR] RealEvaluatedCondition:428 - Found unsupported composite condition: CLASS='Data Exchange' GROUP='STM32_MetaDataManager'
2024-02-12 11:14:54,172 [WARN] PackLoader:240 - Cannot read IP mode file for STMicroelectronics.FP-SNS-MOTENV1.4.3.0
2024-02-12 11:14:54,201 [WARN] PackLoader:240 - Cannot read IP mode file for STMicroelectronics.FP-SNS-MOTENV1.4.3.2
2024-02-12 11:14:54,225 [WARN] PackLoader:240 - Cannot read IP mode file for STMicroelectronics.FP-SNS-FLIGHT1.5.0.0
2024-02-12 11:14:54,237 [ERROR] RealEvaluatedCondition:428 - Found unsupported composite condition: GROUP='STM32_MetaDataManager' CLASS='Data Exchange'
2024-02-12 11:14:54,238 [ERROR] RealEvaluatedCondition:428 - Found unsupported composite condition: GROUP='STM32_MetaDataManager' CLASS='Data Exchange'
2024-02-12 11:14:54,245 [WARN] PackLoader:240 - Cannot read IP mode file for STMicroelectronics.FP-SNS-MOTENV1.4.3.1
2024-02-12 11:14:54,264 [WARN] PackLoader:240 - Cannot read IP mode file for STMicroelectronics.FP-SNS-FLIGHT1.5.0.1
2024-02-12 11:14:54,274 [INFO] WebApp:753 - Register for checkConnection events
2024-02-12 11:14:54,275 [INFO] WebApp:390 - Apply proxy settings
2024-02-12 11:14:54,275 [INFO] WebApp:475 - Chromium requires no authentication
2024-02-12 11:14:54,285 [WARN] PackLoader:240 - Cannot read IP mode file for STMicroelectronics.X-CUBE-BLE1.6.2.4
2024-02-12 11:14:54,300 [WARN] PackLoader:240 - Cannot read IP mode file for STMicroelectronics.FP-SNS-FLIGHT1.5.0.2
2024-02-12 11:14:54,306 [INFO] WebApp:418 - Direct internet connection detected
2024-02-12 11:14:54,327 [WARN] PackLoader:240 - Cannot read IP mode file for STMicroelectronics.X-CUBE-DISPLAY.3.0.0
2024-02-12 11:14:54,357 [WARN] PackLoader:240 - Cannot read IP mode file for STMicroelectronics.X-CUBE-BLE1.7.0.0
2024-02-12 11:14:54,367 [WARN] PackLoader:240 - Cannot read IP mode file for STMicroelectronics.X-CUBE-TOUCHGFX.4.22.0
2024-02-12 11:14:54,375 [WARN] PackLoader:240 - Cannot read IP mode file for STMicroelectronics.X-CUBE-TOUCHGFX.4.22.1
2024-02-12 11:14:54,388 [WARN] PackLoader:240 - Cannot read IP mode file for STMicroelectronics.FP-SNS-SMARTAG2.1.2.0
2024-02-12 11:14:54,418 [INFO] LogOutputStream:77 - [STDOUT_REDIRECT] 1 : Invalid condition id : UX_CORESTACK_Condition cause : null
2024-02-12 11:14:54,418 [INFO] LogOutputStream:77 - [STDOUT_REDIRECT] 1 : Invalid condition id : UX_CORESTACK_Condition cause : null
2024-02-12 11:14:54,426 [INFO] LogOutputStream:77 - [STDOUT_REDIRECT] 1 : Invalid condition id : UX_CORESTACK_Condition cause : null
2024-02-12 11:14:54,428 [INFO] LogOutputStream:77 - [STDOUT_REDIRECT] 1 : Invalid condition id : UX_CORESTACK_Condition cause : null
2024-02-12 11:14:54,436 [INFO] LogOutputStream:77 - [STDOUT_REDIRECT] 1 : Invalid condition id : UX_CORESTACK_Condition cause : null
2024-02-12 11:14:54,448 [WARN] PackLoader:240 - Cannot read IP mode file for STMicroelectronics.X-CUBE-AZRTOS-WL.2.0.0
2024-02-12 11:14:54,487 [WARN] PackLoader:240 - Cannot read IP mode file for WES.I-CUBE-Cesium.1.3.0
2024-02-12 11:14:54,500 [WARN] PackLoader:240 - Cannot read IP mode file for STMicroelectronics.X-CUBE-BLE2.3.3.0
2024-02-12 11:14:54,537 [WARN] PackLoader:240 - Cannot read IP mode file for STMicroelectronics.X-CUBE-TOF1.3.2.0
2024-02-12 11:14:54,570 [WARN] PackLoader:240 - Cannot read IP mode file for STMicroelectronics.X-CUBE-TOUCHGFX.4.21.1
2024-02-12 11:14:54,575 [WARN] PackLoader:240 - Cannot read IP mode file for STMicroelectronics.X-CUBE-TOUCHGFX.4.21.3
2024-02-12 11:14:54,584 [WARN] PackLoader:240 - Cannot read IP mode file for STMicroelectronics.X-CUBE-TOUCHGFX.4.21.4
2024-02-12 11:14:54,602 [WARN] PackLoader:240 - Cannot read IP mode file for STMicroelectronics.X-CUBE-ALGOBUILD.1.3.0
2024-02-12 11:14:54,668 [WARN] PackLoader:240 - Cannot read IP mode file for STMicroelectronics.X-CUBE-AZRTOS-G0.1.1.0
2024-02-12 11:14:54,702 [WARN] PackLoader:240 - Cannot read IP mode file for STMicroelectronics.X-CUBE-NFC4.3.0.0
2024-02-12 11:14:54,736 [WARN] PackLoader:240 - Cannot read IP mode file for STMicroelectronics.X-CUBE-BLEMGR.3.0.0
2024-02-12 11:14:54,755 [WARN] PackLoader:240 - Cannot read IP mode file for STMicroelectronics.FP-ATR-SIGFOX1.3.2.0
2024-02-12 11:14:54,772 [WARN] PackLoader:240 - Cannot read IP mode file for STMicroelectronics.X-CUBE-EEPRMA1.5.1.0
2024-02-12 11:14:54,925 [WARN] PackLoader:240 - Cannot read IP mode file for STMicroelectronics.X-CUBE-MEMS1.9.5.0
2024-02-12 11:14:54,985 [INFO] WebApp:188 - Starting web application
2024-02-12 11:14:54,985 [INFO] WebApp:520 - Web application path used C:\ST\STM32CubeIDE_1.4.0\STM32CubeIDE\plugins\com.st.stm32cube.common.mx_6.9.1.202307191849\db\plugins\mcufinder\reactClient1\index.html
2024-02-12 11:14:55,593 [WARN] PackLoader:240 - Cannot read IP mode file for SEGGER.I-CUBE-embOS.1.3.1
2024-02-12 11:14:55,774 [WARN] PackLoader:240 - Cannot read IP mode file for STMicroelectronics.X-CUBE-GNSS1.6.0.0
2024-02-12 11:14:55,910 [WARN] PackLoader:240 - Cannot read IP mode file for STMicroelectronics.X-CUBE-AZRTOS-F4.1.1.0
2024-02-12 11:14:55,994 [WARN] PackLoader:240 - Cannot read IP mode file for STMicroelectronics.X-CUBE-AZRTOS-L5.2.0.0
2024-02-12 11:14:56,149 [WARN] PackLoader:240 - Cannot read IP mode file for STMicroelectronics.X-CUBE-MEMS1.9.6.0
2024-02-12 11:14:56,665 [WARN] PackLoader:240 - Cannot read IP mode file for STMicroelectronics.X-CUBE-EEPRMA1.4.2.0
2024-02-12 11:14:56,680 [WARN] PackLoader:240 - Cannot read IP mode file for ITTIA_DB.I-CUBE-ITTIADB.8.8.0
2024-02-12 11:14:56,698 [WARN] PackLoader:240 - Cannot read IP mode file for emotas.I-CUBE-CANOPEN.1.1.3
2024-02-12 11:14:56,732 [WARN] PackLoader:240 - Cannot read IP mode file for STMicroelectronics.X-CUBE-BLEMGR.2.0.0
2024-02-12 11:14:56,775 [WARN] ConditionMgr:438 - getConditionDescription Invalid condition id : UX DEVICE CLASS RTOS Condition cause : null
2024-02-12 11:14:56,776 [WARN] ConditionMgr:438 - getConditionDescription Invalid condition id : UX DEVICE CLASS RTOS Condition cause : null
2024-02-12 11:14:56,785 [WARN] PackLoader:240 - Cannot read IP mode file for STMicroelectronics.X-CUBE-AZRTOS-H7.3.1.0
2024-02-12 11:14:56,788 [WARN] ConditionMgr:1039 - genDependencies : Invalid condition id : UX DEVICE CLASS RTOS Condition cause : null
2024-02-12 11:14:56,789 [WARN] ConditionMgr:1039 - genDependencies : Invalid condition id : UX DEVICE CLASS RTOS Condition cause : null
2024-02-12 11:14:56,791 [WARN] ConditionMgr:1039 - genDependencies : Invalid condition id : UX DEVICE CLASS RTOS Condition cause : null
2024-02-12 11:14:56,793 [WARN] ConditionMgr:1039 - genDependencies : Invalid condition id : UX DEVICE CLASS RTOS Condition cause : null
2024-02-12 11:14:56,793 [WARN] ConditionMgr:1039 - genDependencies : Invalid condition id : UX DEVICE CLASS RTOS Condition cause : null
2024-02-12 11:14:56,809 [WARN] PackLoader:240 - Cannot read IP mode file for wolfSSL.I-CUBE-wolfSSL.5.5.4
2024-02-12 11:14:56,826 [WARN] PackLoader:240 - Cannot read IP mode file for STMicroelectronics.X-CUBE-NFC7.1.0.1
2024-02-12 11:14:56,840 [WARN] PackLoader:240 - Cannot read IP mode file for STMicroelectronics.X-CUBE-NFC7.1.0.0
2024-02-12 11:14:56,865 [WARN] PackLoader:240 - Cannot read IP mode file for STMicroelectronics.X-CUBE-NFC6.3.0.0
2024-02-12 11:14:56,885 [WARN] PackLoader:240 - Cannot read IP mode file for STMicroelectronics.X-CUBE-EEPRMA1.4.1.0
2024-02-12 11:14:56,899 [WARN] PackLoader:240 - Cannot read IP mode file for STMicroelectronics.X-CUBE-AI.8.1.0
2024-02-12 11:14:56,985 [WARN] ConditionMgr:438 - getConditionDescription Invalid condition id : LAN8742 Phy interface Condition cause : null
2024-02-12 11:14:56,987 [WARN] PackLoader:240 - Cannot read IP mode file for STMicroelectronics.X-CUBE-AZRTOS-L4.2.0.0
2024-02-12 11:14:56,993 [WARN] ConditionMgr:1039 - genDependencies : Invalid condition id : LAN8742 Phy interface Condition cause : null
2024-02-12 11:14:56,994 [WARN] ConditionMgr:1039 - genDependencies : Invalid condition id : LAN8742 Phy interface Condition cause : null
2024-02-12 11:14:56,995 [WARN] ConditionMgr:1039 - genDependencies : Invalid condition id : LAN8742 Phy interface Condition cause : null
2024-02-12 11:14:57,024 [WARN] PackLoader:240 - Cannot read IP mode file for STMicroelectronics.X-CUBE-SFXS2LP1.4.0.0
2024-02-12 11:14:57,112 [WARN] PackLoader:240 - Cannot read IP mode file for STMicroelectronics.X-CUBE-AZRTOS-H7.3.0.0
2024-02-12 11:14:57,149 [WARN] PackLoader:240 - Cannot read IP mode file for STMicroelectronics.X-CUBE-ISPU.1.1.0
2024-02-12 11:14:57,170 [WARN] PackLoader:240 - Cannot read IP mode file for RoweBots.I-CUBE-UNISONRTOS.5.5.0-4
2024-02-12 11:14:57,189 [WARN] PackLoader:240 - Cannot read IP mode file for STMicroelectronics.X-CUBE-AI.8.0.0
2024-02-12 11:14:57,246 [WARN] ConditionMgr:438 - getConditionDescription Invalid condition id : UX DEVICE CLASS RTOS Condition cause : null
2024-02-12 11:14:57,247 [WARN] ConditionMgr:438 - getConditionDescription Invalid condition id : UX DEVICE CLASS RTOS Condition cause : null
2024-02-12 11:14:57,253 [WARN] PackLoader:240 - Cannot read IP mode file for STMicroelectronics.X-CUBE-AZRTOS-WB.2.0.0
2024-02-12 11:14:57,256 [WARN] ConditionMgr:1039 - genDependencies : Invalid condition id : UX DEVICE CLASS RTOS Condition cause : null
2024-02-12 11:14:57,256 [WARN] ConditionMgr:1039 - genDependencies : Invalid condition id : UX DEVICE CLASS RTOS Condition cause : null
2024-02-12 11:14:57,258 [WARN] ConditionMgr:1039 - genDependencies : Invalid condition id : UX DEVICE CLASS RTOS Condition cause : null
2024-02-12 11:14:57,259 [WARN] ConditionMgr:1039 - genDependencies : Invalid condition id : UX DEVICE CLASS RTOS Condition cause : null
2024-02-12 11:14:57,260 [WARN] ConditionMgr:1039 - genDependencies : Invalid condition id : UX DEVICE CLASS RTOS Condition cause : null
2024-02-12 11:14:57,281 [WARN] PackLoader:240 - Cannot read IP mode file for STMicroelectronics.X-CUBE-FREERTOS.1.0.0
2024-02-12 11:14:57,304 [WARN] PackLoader:240 - Cannot read IP mode file for STMicroelectronics.X-CUBE-FREERTOS.1.0.1
2024-02-12 11:14:57,359 [WARN] PackLoader:240 - Cannot read IP mode file for STMicroelectronics.X-CUBE-AZRTOS-L5.1.1.0
2024-02-12 11:14:57,376 [WARN] PackLoader:240 - Cannot read IP mode file for STMicroelectronics.X-CUBE-AI.8.0.1
2024-02-12 11:14:57,410 [WARN] PackLoader:240 - Cannot read IP mode file for STMicroelectronics.X-CUBE-SUBG2.5.0.0
2024-02-12 11:14:57,448 [WARN] PackLoader:240 - Cannot read IP mode file for STMicroelectronics.X-CUBE-TOF1.3.3.1
2024-02-12 11:14:57,512 [WARN] PackLoader:240 - Cannot read IP mode file for STMicroelectronics.X-CUBE-AZRTOS-G4.2.0.0
2024-02-12 11:14:57,541 [WARN] PackLoader:240 - Cannot read IP mode file for STMicroelectronics.X-CUBE-TOF1.3.3.0
2024-02-12 11:14:57,577 [WARN] PackLoader:240 - Cannot read IP mode file for STMicroelectronics.FP-ATR-ASTRA1.1.1.1
2024-02-12 11:14:57,611 [WARN] PackLoader:240 - Cannot read IP mode file for Infineon.AIROC-Wi-Fi-Bluetooth-STM32.1.5.1
2024-02-12 11:14:57,631 [WARN] PackLoader:240 - Cannot read IP mode file for STMicroelectronics.FP-SNS-MOTENVWB1.1.3.0
2024-02-12 11:14:57,642 [WARN] PackLoader:240 - Cannot read IP mode file for STMicroelectronics.FP-SNS-MOTENVWB1.1.3.1
2024-02-12 11:14:57,676 [WARN] PackLoader:240 - Cannot read IP mode file for STMicroelectronics.X-CUBE-AZRTOS-G4.1.0.0
2024-02-12 11:14:57,714 [WARN] PackLoader:240 - Cannot read IP mode file for STMicroelectronics.X-CUBE-AZRTOS-L4.1.0.0
2024-02-12 11:14:57,727 [WARN] PackLoader:240 - Cannot read IP mode file for STMicroelectronics.X-CUBE-ISPU.2.0.0
2024-02-12 11:14:57,848 [WARN] PackLoader:240 - Cannot read IP mode file for STMicroelectronics.X-CUBE-MEMS1.10.0.0
2024-02-12 11:14:58,135 [WARN] PackLoader:240 - Cannot read IP mode file for STMicroelectronics.X-CUBE-FREERTOS.1.1.0
2024-02-12 11:14:58,160 [WARN] PackLoader:240 - Cannot read IP mode file for STMicroelectronics.X-CUBE-AZRTOS-WL.1.0.0
2024-02-12 11:14:58,178 [WARN] PackLoader:240 - Cannot read IP mode file for portGmbH.I-Cube-SoM-uGOAL.1.1.0
2024-02-12 11:14:58,190 [WARN] PackLoader:240 - Cannot read IP mode file for STMicroelectronics.X-CUBE-ALS.1.0.1
2024-02-12 11:14:58,221 [WARN] PackLoader:240 - Cannot read IP mode file for STMicroelectronics.X-CUBE-AZRTOS-WB.1.1.0
2024-02-12 11:14:58,233 [WARN] PackLoader:240 - Cannot read IP mode file for STMicroelectronics.FP-ATR-ASTRA1.2.0.0
2024-02-12 11:14:58,258 [WARN] PackLoader:240 - Cannot read IP mode file for STMicroelectronics.X-CUBE-TOF1.3.4.0
2024-02-12 11:14:58,324 [WARN] PackLoader:240 - Cannot read IP mode file for STMicroelectronics.X-CUBE-AZRTOS-H7.3.2.0
2024-02-12 11:14:58,333 [INFO] ThirdParty:978 - Integrity check success = true
2024-02-12 11:14:58,333 [INFO] IntegrityCheckThread:100 - exiting critical section [integrity check]
2024-02-12 11:14:58,333 [INFO] IntegrityCheckThread:103 - End integrity checks thread
2024-02-12 11:20:07,521 [ERROR] LogOutputStream:75 - [STDERR_REDIRECT] SLF4J: Failed to load class "org.slf4j.impl.StaticLoggerBinder".
2024-02-12 11:20:07,522 [ERROR] LogOutputStream:75 - [STDERR_REDIRECT] SLF4J: Defaulting to no-operation (NOP) logger implementation
2024-02-12 11:20:07,525 [ERROR] LogOutputStream:75 - [STDERR_REDIRECT] SLF4J: See http://www.slf4j.org/codes.html#StaticLoggerBinder for further details.
2024-02-12 14:39:34,197 [INFO] McuFinderGlobals:63 - Set McuFinder mode to 2 (CubeIDE integrated)
2024-02-12 14:39:34,253 [INFO] MainUpdater:2868 - connection check result : 10
2024-02-12 14:39:34,266 [INFO] MainUpdater:2868 - connection check result : 10
2024-02-12 14:39:34,622 [INFO] MicroXplorer:468 - Change Database Path : 
2024-02-12 14:39:34,623 [INFO] MicroXplorer:498 - Change Database Version : DB.6.0.91
2024-02-12 14:39:34,633 [WARN] ThirdParty:871 - waiting for thirdparty lock release [close project]
2024-02-12 14:39:34,633 [INFO] ThirdParty:873 - entering critical section [close project]
2024-02-12 14:39:34,638 [INFO] ThirdParty:883 - exiting critical section [close project]
2024-02-12 14:39:34,646 [INFO] PinOutPanel:1499 - setPackage(No Configuration,No Configuration)
2024-02-12 14:39:34,686 [INFO] UtilMem:75 - Begin LoadConfig() Used Memory: 848369832 Bytes (1073741824)
2024-02-12 14:39:34,690 [INFO] MicroXplorer:468 - Change Database Path : 
2024-02-12 14:39:34,690 [INFO] MicroXplorer:498 - Change Database Version : DB.6.0.91
2024-02-12 14:39:34,691 [INFO] OpenFileManager:308 - Change cursor
2024-02-12 14:39:34,819 [INFO] Mcu:1946 - Initializing MCU STM32F407V(E-G)Tx STM32F407VGTx STM32F407VGT6
2024-02-12 14:39:40,240 [INFO] Context:659 - Trying to add GPIOservice into a context  which must be forbidden
2024-02-12 14:39:43,301 [INFO] RtosManager:555 - Registered RTOS mode: class=CMSIS, group=RTOS, mode=CMSIS_V1, owner=FREERTOS
2024-02-12 14:39:43,301 [INFO] RtosManager:555 - Registered RTOS mode: class=CMSIS, group=RTOS2, mode=CMSIS_V2, owner=FREERTOS
2024-02-12 14:39:43,302 [INFO] RtosManager:555 - Registered RTOS mode: class=RTOS, group=Core, mode=CMSIS_V1, owner=FREERTOS
2024-02-12 14:39:43,302 [INFO] RtosManager:555 - Registered RTOS mode: class=RTOS, group=Core, mode=CMSIS_V2, owner=FREERTOS
2024-02-12 14:39:43,303 [WARN] ModelIntegratedComponent:184 - Missing modes for component STMicroelectronics:FreeRTOS:0.0.1:STMicroelectronics:RTOS:FreeRTOS:Core:::10.2.0:
2024-02-12 14:39:43,366 [WARN] ModelIntegratedComponent:63 - No mode defined for component null
2024-02-12 14:39:43,366 [WARN] ModelIntegratedComponent:63 - No mode defined for component null
2024-02-12 14:39:43,367 [WARN] ModelIntegratedComponent:63 - No mode defined for component null
2024-02-12 14:39:43,367 [WARN] ModelIntegratedComponent:63 - No mode defined for component null
2024-02-12 14:39:43,367 [WARN] ModelIntegratedComponent:63 - No mode defined for component null
2024-02-12 14:39:43,367 [WARN] ModelIntegratedComponent:63 - No mode defined for component null
2024-02-12 14:39:43,367 [WARN] ModelIntegratedComponent:63 - No mode defined for component null
2024-02-12 14:39:43,367 [WARN] ModelIntegratedComponent:63 - No mode defined for component null
2024-02-12 14:39:43,367 [WARN] ModelIntegratedComponent:63 - No mode defined for component null
2024-02-12 14:39:43,368 [WARN] ModelIntegratedComponent:63 - No mode defined for component null
2024-02-12 14:39:43,368 [WARN] ModelIntegratedComponent:63 - No mode defined for component null
2024-02-12 14:39:43,368 [WARN] ModelIntegratedComponent:63 - No mode defined for component null
2024-02-12 14:39:43,368 [WARN] ModelIntegratedComponent:63 - No mode defined for component null
2024-02-12 14:39:43,368 [WARN] ModelIntegratedComponent:63 - No mode defined for component null
2024-02-12 14:39:43,368 [WARN] ModelIntegratedComponent:63 - No mode defined for component null
2024-02-12 14:39:43,370 [WARN] ModelIntegratedComponent:63 - No mode defined for component null
2024-02-12 14:39:43,370 [WARN] ModelIntegratedComponent:63 - No mode defined for component null
2024-02-12 14:39:43,370 [WARN] ModelIntegratedComponent:63 - No mode defined for component null
2024-02-12 14:39:43,370 [WARN] ModelIntegratedComponent:63 - No mode defined for component null
2024-02-12 14:39:43,371 [WARN] ModelIntegratedComponent:63 - No mode defined for component null
2024-02-12 14:39:43,371 [WARN] ModelIntegratedComponent:63 - No mode defined for component null
2024-02-12 14:39:43,371 [WARN] ModelIntegratedComponent:63 - No mode defined for component null
2024-02-12 14:39:43,371 [WARN] ModelIntegratedComponent:63 - No mode defined for component null
2024-02-12 14:39:43,371 [WARN] ModelIntegratedComponent:63 - No mode defined for component null
2024-02-12 14:39:43,371 [WARN] ModelIntegratedComponent:63 - No mode defined for component null
2024-02-12 14:39:43,371 [WARN] ModelIntegratedComponent:63 - No mode defined for component null
2024-02-12 14:39:43,372 [WARN] ModelIntegratedComponent:63 - No mode defined for component null
2024-02-12 14:39:43,374 [WARN] ModelIntegratedComponent:63 - No mode defined for component null
2024-02-12 14:39:43,375 [WARN] ModelIntegratedComponent:63 - No mode defined for component null
2024-02-12 14:39:43,375 [WARN] ModelIntegratedComponent:63 - No mode defined for component null
2024-02-12 14:39:43,375 [WARN] ModelIntegratedComponent:63 - No mode defined for component null
2024-02-12 14:39:43,375 [WARN] ModelIntegratedComponent:63 - No mode defined for component null
2024-02-12 14:39:43,376 [WARN] ModelIntegratedComponent:63 - No mode defined for component null
2024-02-12 14:39:44,092 [INFO] ThirdPartyModel:298 - Start build external matchings
2024-02-12 14:39:48,744 [INFO] ThirdPartyModel:316 - End build external matchings
2024-02-12 14:39:48,838 [INFO] ImportTextPane:194 - (OptionalMessage_ERROR) IP (RCC) : Parameter (RTCHSEDivFreq_Value) has invalid value (4000000)
2024-02-12 14:39:50,204 [INFO] UtilMem:75 - End LoadConfig() Used Memory: 767016160 Bytes (1073741824)
2024-02-12 14:39:50,684 [INFO] ApiDb:581 - Connected to CubeFinder SQLite database (C:\Users\Minh\.stmcufinder\plugins\mcufinder\mcu\cube-finder-db.db)
2024-02-12 14:39:50,900 [INFO] ApiDb:668 - CubeFinder database Data Model version=2.1
2024-02-12 14:39:50,900 [INFO] ApiDb:669 - CubeFinder database Configuration version=3.0.39
2024-02-12 14:39:50,903 [INFO] ApiDb:670 - CubeFinder database generation date=2024-01-11 (1704964531)
2024-02-12 14:39:50,903 [INFO] ApiDb:671 - CubeFinder database FW Pack versions=[FP-ATR-ASTRA1_V2.0.0, FP-SNS-FLIGHT1_V5.0.1, FP-SNS-FLIGHT1_V5.0.2, FP-SNS-MOTENV1_V4.3.1, FP-SNS-MOTENV1_V4.3.2, FP-SNS-MOTENVWB1_V1.3.1, FP-SNS-SMARTAG2_V1.2.0, STM32Cube_FW_C0_V1.1.0, STM32Cube_FW_F4_V1.28.0, STM32Cube_FW_F7_V1.17.0, STM32Cube_FW_G0_V1.6.2, STM32Cube_FW_G4_V1.5.2, STM32Cube_FW_H5_V0.5.1, STM32Cube_FW_H5_V1.1.1, STM32Cube_FW_H5_V1.2.0RC2, STM32Cube_FW_H7_V1.11.0, STM32Cube_FW_L0_V1.12.2, STM32Cube_FW_L5_V1.5.0, STM32Cube_FW_U5_V1.3.0RC4, STM32Cube_FW_U5_V1.4.0, STM32Cube_FW_WBA_V1.0.0RC1, STM32Cube_FW_WBA_V1.1.0RC1, STM32Cube_FW_WBA_V1.2.0, STM32Cube_FW_WBA_V1.2.0RC2, STM32Cube_FW_WB_V1.15.0RC1, STM32Cube_FW_WB_V1.16.0, STM32Cube_FW_WB_V1.16.0RC2, STM32Cube_FW_WB_V1.18.0, STM32Cube_FW_WL_V1.3.0, X-CUBE-ALGOBUILD_V1.3.0, X-CUBE-ALS_V1.0.1, X-CUBE-AZRTOS-F4_V1.1.0, X-CUBE-AZRTOS-F7_V1.1.0, X-CUBE-AZRTOS-G0_V1.1.0, X-CUBE-AZRTOS-G4_V2.0.0, X-CUBE-AZRTOS-H7_V3.2.0, X-CUBE-AZRTOS-L4_V1.0.0, X-CUBE-AZRTOS-L4_V2.0.0, X-CUBE-AZRTOS-L5_V1.1.0, X-CUBE-AZRTOS-WB_V2.0.0, X-CUBE-AZRTOS-WL_V2.0.0, X-CUBE-BLE1_V7.0.0, X-CUBE-BLE2_V3.3.0, X-CUBE-BLEMGR_V3.0.0, X-CUBE-EEPRMA1_V4.1.0, X-CUBE-EEPRMA1_V4.2.0, X-CUBE-FREERTOS_V1.1.0, X-CUBE-GNSS1_V6.0.0, X-CUBE-MEMS1_V10.0.0, X-CUBE-MEMS1_V9.1.0, X-CUBE-MEMS1_V9.4.0, X-CUBE-MEMS1_V9.6.0, X-CUBE-NFC4_V3.0.0, X-CUBE-NFC7_V1.0.1, X-CUBE-SFXS2LP1_V4.0.0, X-CUBE-SUBG2_V5.0.0, X-CUBE-TOF1_V3.4.0]
2024-02-12 14:39:55,968 [INFO] ApiDb:240 - Found 323 in-development CPN: [B-G473E-ZEST1S, B-WB1M-WPAN1, B-WL5M-SUBG1, NUCLEO-C031C6, NUCLEO-H503RB, NUCLEO-H563ZI, NUCLEO-U545RE-Q, NUCLEO-U5A5ZJ-Q, NUCLEO-WBA52CG, STEVAL-PROTEUS1, STEVAL-SMARTAG2, STEVAL-STWINBX1, STM320518-EVAL, STM32C0116-DK, STM32C011D6Y3TR, STM32C011D6Y6TR, STM32C011F4P3, STM32C011F4P6, STM32C011F4U3, STM32C011F4U6TR, STM32C011F6P3, STM32C011F6P6, STM32C011F6U3, STM32C011F6U6TR, STM32C011J4M3, STM32C011J4M6, STM32C011J6M3, STM32C011J6M6, STM32C0316-DK, STM32C031C4T3, STM32C031C4T6, STM32C031C4U3, STM32C031C4U6, STM32C031C6T3, STM32C031C6T6, STM32C031C6U3, STM32C031C6U6, STM32C031F4P3, STM32C031F4P6, STM32C031F6P3, STM32C031F6P6, STM32C031G4U3, STM32C031G4U6, STM32C031G6U3, STM32C031G6U6, STM32C031K4T3, STM32C031K4T6, STM32C031K4U3, STM32C031K4U6, STM32C031K6T3, STM32C031K6T6, STM32C031K6U3, STM32C031K6U6, STM32G071K8TXN, STM32G071K8UXN, STM32G081GBU6N, STM32G081KBT6N, STM32G081KBUXN, STM32G0B1CCT6N, STM32G0B1KCT6, STM32G0B1NEY6TR, STM32G0B1RCT6N, STM32G0C1CCT6, STM32G0C1CCT6N, STM32G0C1CCU6N, STM32G0C1CET6N, STM32G0C1CEU6N, STM32G0C1KCT6, STM32G0C1NEY6TR, STM32G0C1RCI6N, STM32G0C1RCT6N, STM32G0C1REI6N, STM32G0C1RET6N, STM32G0C1VCI6, STM32G0C1VEI6, STM32G471CCT6, STM32G471CCU6, STM32G471CET3, STM32G471CET6, STM32G471CEU3, STM32G471CEU6, STM32G471MCT6, STM32G471MET3, STM32G471MET6, STM32G471MEY6TR, STM32G471QCT6, STM32G471QET3, STM32G471RCT6, STM32G471RET3, STM32G471RET6, STM32G471VCH6, STM32G471VCI6, STM32G471VCT6, STM32G471VEH3, STM32G471VEH6, STM32G471VEI3, STM32G471VEI6, STM32G471VET3, STM32G471VET6, STM32G474CCT6, STM32H503CBT6, STM32H503CBU6, STM32H503EBY6TR, STM32H503KBU6, STM32H503RBT6, STM32H562AGI6, STM32H562AII6, STM32H562IGK6, STM32H562IGT6, STM32H562IIK6, STM32H562IIT6, STM32H562RGT6, STM32H562RGV6, STM32H562RIT6, STM32H562RIV6, STM32H562VGT6, STM32H562VIT6, STM32H562ZGT6, STM32H562ZIT6, STM32H563AGI6, STM32H563AII3Q, STM32H563AII6, STM32H563IGK6, STM32H563IGT6, STM32H563IIK3Q, STM32H563IIK6, STM32H563IIT3Q, STM32H563IIT6, STM32H563MIY3QTR, STM32H563RGT6, STM32H563RGV6, STM32H563RIT6, STM32H563RIV6, STM32H563VGT6, STM32H563VIT3Q, STM32H563VIT6, STM32H563ZGT6, STM32H563ZIT3Q, STM32H563ZIT6, STM32H573AII3Q, STM32H573AII6, STM32H573I-DK, STM32H573IIK3Q, STM32H573IIK6, STM32H573IIT3Q, STM32H573IIT6, STM32H573MIY3QTR, STM32H573RIT6, STM32H573RIV6, STM32H573VIT3Q, STM32H573VIT6, STM32H573ZIT3Q, STM32H573ZIT6, STM32L4R5QGI6STR, STM32MP131AAE3, STM32MP131AAF3, STM32MP131AAG3, STM32MP131CAE3, STM32MP131CAF3, STM32MP131CAG3, STM32MP131DAE7, STM32MP131DAF7, STM32MP131DAG7, STM32MP131FAE7, STM32MP131FAF7, STM32MP131FAG7, STM32MP133AAE3, STM32MP133AAF3, STM32MP133AAG3, STM32MP133CAE3, STM32MP133CAF3, STM32MP133CAG3, STM32MP133DAE7, STM32MP133DAF7, STM32MP133DAG7, STM32MP133FAE7, STM32MP133FAF7, STM32MP133FAG7, STM32MP135AAE3, STM32MP135AAF3, STM32MP135AAG3, STM32MP135CAE3, STM32MP135CAF3, STM32MP135CAG3, STM32MP135DAE7, STM32MP135DAF7, STM32MP135DAG7, STM32MP135F-DK, STM32MP135FAE7, STM32MP135FAF7, STM32MP135FAF7T, STM32MP135FAF7U, STM32MP135FAG7, STM32U535CBT6, STM32U535CBT6Q, STM32U535CBU6, STM32U535CBU6Q, STM32U535CCT6, STM32U535CCT6Q, STM32U535CCU6, STM32U535CCU6Q, STM32U535CET6, STM32U535CET6Q, STM32U535CEU6, STM32U535CEU6Q, STM32U535JEY6QTR, STM32U535NCY6QTR, STM32U535NEY6QTR, STM32U535RBI6, STM32U535RBI6Q, STM32U535RBT6, STM32U535RBT6Q, STM32U535RCI6, STM32U535RCI6Q, STM32U535RCT6, STM32U535RCT6Q, STM32U535REI6, STM32U535REI6Q, STM32U535RET6, STM32U535RET6Q, STM32U535VCI6, STM32U535VCI6Q, STM32U535VCT6, STM32U535VCT6Q, STM32U535VEI6, STM32U535VEI6Q, STM32U535VET6, STM32U535VET6Q, STM32U545CET6, STM32U545CET6Q, STM32U545CEU6, STM32U545CEU6Q, STM32U545JEY6QTR, STM32U545NEY6QTR, STM32U545REI6, STM32U545REI6Q, STM32U545RET6, STM32U545RET6Q, STM32U545VEI6, STM32U545VEI6Q, STM32U545VET6, STM32U545VET6Q, STM32U595AIH6, STM32U595AIH6Q, STM32U595AJH6, STM32U595AJH6Q, STM32U595QII6, STM32U595QII6Q, STM32U595QJI6, STM32U595QJI6Q, STM32U595RIT6, STM32U595RIT6Q, STM32U595RJT6, STM32U595RJT6Q, STM32U595VIT6, STM32U595VIT6Q, STM32U595VJT6, STM32U595VJT6Q, STM32U595ZIT6, STM32U595ZIT6Q, STM32U595ZIY6QTR, STM32U595ZJT6, STM32U595ZJT6Q, STM32U595ZJY6QTR, STM32U599BJY6QTR, STM32U599NIH6Q, STM32U599NJH6Q, STM32U599VIT6Q, STM32U599VJT6, STM32U599VJT6Q, STM32U599ZIT6Q, STM32U599ZIY6QTR, STM32U599ZJT6Q, STM32U599ZJY6QTR, STM32U5A5AJH6, STM32U5A5AJH6Q, STM32U5A5QJI6, STM32U5A5QJI6Q, STM32U5A5RJT6, STM32U5A5RJT6Q, STM32U5A5VJT6, STM32U5A5VJT6Q, STM32U5A5ZJT6, STM32U5A5ZJT6Q, STM32U5A5ZJY6QTR, STM32U5A9BJY6QTR, STM32U5A9J-DK, STM32U5A9NJH6Q, STM32U5A9VJT6Q, STM32U5A9ZJT6Q, STM32U5A9ZJY6QTR, STM32U5F7VIT6, STM32U5F7VIT6Q, STM32U5F7VJT6, STM32U5F7VJT6Q, STM32U5F9BJY6QTR, STM32U5F9NJH6Q, STM32U5F9VIT6Q, STM32U5F9VJT6Q, STM32U5F9ZIJ6QTR, STM32U5F9ZIT6Q, STM32U5F9ZJJ6QTR, STM32U5F9ZJT6Q, STM32U5G7VJT6, STM32U5G7VJT6Q, STM32U5G9BJY6QTR, STM32U5G9J-DK1, STM32U5G9J-DK2, STM32U5G9NJH6Q, STM32U5G9VJT6Q, STM32U5G9ZJJ6QTR, STM32U5G9ZJT6Q, STM32WB1MMCH6, STM32WBA52CEU6, STM32WBA52CEU6T, STM32WBA52CGU6, STM32WBA52CGU6T, STM32WBA52KEU6, STM32WBA52KEU6T, STM32WBA52KGU6, STM32WBA52KGU6T, STM32WL5MOCH6, STM32WL5MOCH6TR]
2024-02-12 14:39:55,983 [INFO] DbMcus:217 - Found 3882 MCUs, 3882 are supported
2024-02-12 14:39:55,984 [INFO] ApiDb:423 - Load user favorites file C:\Users\Minh/.stm32cubeide/favorites.mcus.txt: 0 item(s)
2024-02-12 14:39:55,984 [INFO] ApiDb:427 - User favorites MCUs=[]
2024-02-12 14:39:55,985 [INFO] DbMcus:223 - Set 0 / 0 favorites MCUs
2024-02-12 14:39:56,809 [WARN] ThirdParty:833 - waiting for thirdparty lock release [change project]
2024-02-12 14:39:56,809 [INFO] ThirdParty:835 - entering critical section [change project]
2024-02-12 14:39:56,810 [INFO] ThirdParty:1030 - CMSIS Pack Vendor :STMicroelectronics X-CUBE-ISPU 1.1.0
2024-02-12 14:39:56,810 [INFO] ThirdParty:1030 - CMSIS Pack Vendor :STMicroelectronics USBPD 4.1
2024-02-12 14:39:56,810 [INFO] ThirdParty:1030 - CMSIS Pack Vendor :RoweBots I-CUBE-UNISONRTOS 5.5.0-4
2024-02-12 14:39:56,810 [INFO] ThirdParty:1030 - CMSIS Pack Vendor :STMicroelectronics X-CUBE-GNSS1 6.0.0
2024-02-12 14:39:56,810 [INFO] ThirdParty:1030 - CMSIS Pack Vendor :STMicroelectronics USB_HOST 2.0.0
2024-02-12 14:39:56,810 [INFO] ThirdParty:1030 - CMSIS Pack Vendor :STMicroelectronics X-CUBE-AZRTOS-F4 1.1.0
2024-02-12 14:39:56,811 [INFO] ThirdParty:1030 - CMSIS Pack Vendor :STMicroelectronics LIBJPEG 8.0.0
2024-02-12 14:39:56,811 [INFO] ThirdParty:1030 - CMSIS Pack Vendor :STMicroelectronics X-CUBE-SMBUS 2.1.0
2024-02-12 14:39:56,811 [INFO] ThirdParty:1030 - CMSIS Pack Vendor :STMicroelectronics USB_DEVICE 3.0.0
2024-02-12 14:39:56,811 [INFO] ThirdParty:1030 - CMSIS Pack Vendor :STMicroelectronics X-CUBE-AI 8.0.0
2024-02-12 14:39:56,811 [INFO] ThirdParty:1030 - CMSIS Pack Vendor :STMicroelectronics X-CUBE-AZRTOS-WB 2.0.0
2024-02-12 14:39:56,811 [INFO] ThirdParty:1030 - CMSIS Pack Vendor :STMicroelectronics X-CUBE-FREERTOS 1.0.0
2024-02-12 14:39:56,811 [INFO] ThirdParty:1030 - CMSIS Pack Vendor :STMicroelectronics X-CUBE-FREERTOS 1.0.1
2024-02-12 14:39:56,811 [INFO] ThirdParty:1030 - CMSIS Pack Vendor :STMicroelectronics X-CUBE-TOUCHGFX 4.21.1
2024-02-12 14:39:56,812 [INFO] ThirdParty:1030 - CMSIS Pack Vendor :STMicroelectronics X-CUBE-TOUCHGFX 4.21.3
2024-02-12 14:39:56,812 [INFO] ThirdParty:1030 - CMSIS Pack Vendor :STMicroelectronics X-CUBE-TOUCHGFX 4.23.0
2024-02-12 14:39:56,812 [INFO] ThirdParty:1030 - CMSIS Pack Vendor :STMicroelectronics X-CUBE-AZRTOS-F7 1.1.0
2024-02-12 14:39:56,812 [INFO] ThirdParty:1030 - CMSIS Pack Vendor :STMicroelectronics X-CUBE-TOUCHGFX 4.21.4
2024-02-12 14:39:56,812 [INFO] ThirdParty:1030 - CMSIS Pack Vendor :STMicroelectronics X-CUBE-AZRTOS-L5 2.0.0
2024-02-12 14:39:56,812 [INFO] ThirdParty:1030 - CMSIS Pack Vendor :STMicroelectronics USB_DEVICE 2.0.0
2024-02-12 14:39:56,812 [INFO] ThirdParty:1030 - CMSIS Pack Vendor :STMicroelectronics X-CUBE-MEMS1 9.6.0
2024-02-12 14:39:56,812 [INFO] ThirdParty:1030 - CMSIS Pack Vendor :STMicroelectronics X-CUBE-EEPRMA1 4.2.0
2024-02-12 14:39:56,813 [INFO] ThirdParty:1030 - CMSIS Pack Vendor :ITTIA_DB I-CUBE-ITTIADB 8.8.0
2024-02-12 14:39:56,813 [INFO] ThirdParty:1030 - CMSIS Pack Vendor :STMicroelectronics FP-SNS-MOTENV1 4.3.0
2024-02-12 14:39:56,813 [INFO] ThirdParty:1030 - CMSIS Pack Vendor :STMicroelectronics FP-SNS-MOTENV1 4.3.2
2024-02-12 14:39:56,813 [INFO] ThirdParty:1030 - CMSIS Pack Vendor :STMicroelectronics FP-SNS-FLIGHT1 5.0.0
2024-02-12 14:39:56,813 [INFO] ThirdParty:1030 - CMSIS Pack Vendor :STMicroelectronics FP-SNS-MOTENV1 4.3.1
2024-02-12 14:39:56,813 [INFO] ThirdParty:1030 - CMSIS Pack Vendor :STMicroelectronics FP-SNS-FLIGHT1 5.0.1
2024-02-12 14:39:56,813 [INFO] ThirdParty:1030 - CMSIS Pack Vendor :STMicroelectronics X-CUBE-ALGOBUILD 1.3.0
2024-02-12 14:39:56,814 [INFO] ThirdParty:1030 - CMSIS Pack Vendor :STMicroelectronics X-CUBE-BLE1 6.2.4
2024-02-12 14:39:56,814 [INFO] ThirdParty:1030 - CMSIS Pack Vendor :STMicroelectronics X-CUBE-AZRTOS-L5 1.1.0
2024-02-12 14:39:56,814 [INFO] ThirdParty:1030 - CMSIS Pack Vendor :STMicroelectronics FreeRTOS 0.0.1
2024-02-12 14:39:56,814 [INFO] ThirdParty:1030 - CMSIS Pack Vendor :STMicroelectronics X-CUBE-AZRTOS-G0 1.1.0
2024-02-12 14:39:56,814 [INFO] ThirdParty:1030 - CMSIS Pack Vendor :emotas I-CUBE-CANOPEN 1.1.3
2024-02-12 14:39:56,814 [INFO] ThirdParty:1030 - CMSIS Pack Vendor :STMicroelectronics X-CUBE-BLEMGR 2.0.0
2024-02-12 14:39:56,814 [INFO] ThirdParty:1030 - CMSIS Pack Vendor :STMicroelectronics X-CUBE-AI 8.0.1
2024-02-12 14:39:56,814 [INFO] ThirdParty:1030 - CMSIS Pack Vendor :STMicroelectronics X-CUBE-NFC4 3.0.0
2024-02-12 14:39:56,815 [INFO] ThirdParty:1030 - CMSIS Pack Vendor :STMicroelectronics X-CUBE-SUBG2 5.0.0
2024-02-12 14:39:56,815 [INFO] ThirdParty:1030 - CMSIS Pack Vendor :STMicroelectronics STM32_WPAN 1.0.0
2024-02-12 14:39:56,815 [INFO] ThirdParty:1030 - CMSIS Pack Vendor :STMicroelectronics lwIP 2.0.3
2024-02-12 14:39:56,815 [INFO] ThirdParty:1030 - CMSIS Pack Vendor :STMicroelectronics FP-SNS-FLIGHT1 5.0.2
2024-02-12 14:39:56,815 [INFO] ThirdParty:1030 - CMSIS Pack Vendor :STMicroelectronics USB_HOST 1.0.0
2024-02-12 14:39:56,815 [INFO] ThirdParty:1030 - CMSIS Pack Vendor :STMicroelectronics X-CUBE-TOF1 3.3.1
2024-02-12 14:39:56,815 [INFO] ThirdParty:1030 - CMSIS Pack Vendor :STMicroelectronics X-CUBE-AZRTOS-G4 2.0.0
2024-02-12 14:39:56,815 [INFO] ThirdParty:1030 - CMSIS Pack Vendor :STMicroelectronics PDM2PCM 3.1.0
2024-02-12 14:39:56,816 [INFO] ThirdParty:1030 - CMSIS Pack Vendor :STMicroelectronics X-CUBE-AZRTOS-H7 3.1.0
2024-02-12 14:39:56,816 [INFO] ThirdParty:1030 - CMSIS Pack Vendor :STMicroelectronics X-CUBE-TOF1 3.3.0
2024-02-12 14:39:56,816 [INFO] ThirdParty:1030 - CMSIS Pack Vendor :STMicroelectronics FP-ATR-ASTRA1 1.1.1
2024-02-12 14:39:56,816 [INFO] ThirdParty:1030 - CMSIS Pack Vendor :Infineon AIROC-Wi-Fi-Bluetooth-STM32 1.5.1
2024-02-12 14:39:56,816 [INFO] ThirdParty:1030 - CMSIS Pack Vendor :STMicroelectronics X-CUBE-BLEMGR 3.0.0
2024-02-12 14:39:56,816 [INFO] ThirdParty:1030 - CMSIS Pack Vendor :STMicroelectronics PDM2PCM 3.3.0
2024-02-12 14:39:56,816 [INFO] ThirdParty:1030 - CMSIS Pack Vendor :STMicroelectronics X-CUBE-DISPLAY 3.0.0
2024-02-12 14:39:56,817 [INFO] ThirdParty:1030 - CMSIS Pack Vendor :STMicroelectronics FP-SNS-MOTENVWB1 1.3.0
2024-02-12 14:39:56,817 [INFO] ThirdParty:1030 - CMSIS Pack Vendor :STMicroelectronics FP-SNS-MOTENVWB1 1.3.1
2024-02-12 14:39:56,817 [INFO] ThirdParty:1030 - CMSIS Pack Vendor :STMicroelectronics X-CUBE-BLE1 7.0.0
2024-02-12 14:39:56,817 [INFO] ThirdParty:1030 - CMSIS Pack Vendor :STMicroelectronics FP-ATR-SIGFOX1 3.2.0
2024-02-12 14:39:56,817 [INFO] ThirdParty:1030 - CMSIS Pack Vendor :STMicroelectronics X-CUBE-AZRTOS-G4 1.0.0
2024-02-12 14:39:56,817 [INFO] ThirdParty:1030 - CMSIS Pack Vendor :wolfSSL I-CUBE-wolfSSL 5.5.4
2024-02-12 14:39:56,817 [INFO] ThirdParty:1030 - CMSIS Pack Vendor :STMicroelectronics X-CUBE-AZRTOS-L4 1.0.0
2024-02-12 14:39:56,817 [INFO] ThirdParty:1030 - CMSIS Pack Vendor :STMicroelectronics X-CUBE-ISPU 2.0.0
2024-02-12 14:39:56,817 [INFO] ThirdParty:1030 - CMSIS Pack Vendor :STMicroelectronics X-CUBE-EEPRMA1 5.1.0
2024-02-12 14:39:56,817 [INFO] ThirdParty:1030 - CMSIS Pack Vendor :STMicroelectronics HAL Drivers 0.0.0
2024-02-12 14:39:56,817 [INFO] ThirdParty:1030 - CMSIS Pack Vendor :STMicroelectronics MBEDTLS 2.16.2
2024-02-12 14:39:56,818 [INFO] ThirdParty:1030 - CMSIS Pack Vendor :STMicroelectronics X-CUBE-MEMS1 10.0.0
2024-02-12 14:39:56,818 [INFO] ThirdParty:1030 - CMSIS Pack Vendor :STMicroelectronics X-CUBE-FREERTOS 1.1.0
2024-02-12 14:39:56,818 [INFO] ThirdParty:1030 - CMSIS Pack Vendor :STMicroelectronics X-CUBE-TOUCHGFX 4.22.0
2024-02-12 14:39:56,818 [INFO] ThirdParty:1030 - CMSIS Pack Vendor :STMicroelectronics X-CUBE-NFC7 1.0.1
2024-02-12 14:39:56,818 [INFO] ThirdParty:1030 - CMSIS Pack Vendor :STMicroelectronics MBEDTLS 2.14.1
2024-02-12 14:39:56,818 [INFO] ThirdParty:1030 - CMSIS Pack Vendor :STMicroelectronics X-CUBE-NFC7 1.0.0
2024-02-12 14:39:56,818 [INFO] ThirdParty:1030 - CMSIS Pack Vendor :STMicroelectronics X-CUBE-TOUCHGFX 4.22.1
2024-02-12 14:39:56,818 [INFO] ThirdParty:1030 - CMSIS Pack Vendor :STMicroelectronics X-CUBE-AZRTOS-WL 1.0.0
2024-02-12 14:39:56,818 [INFO] ThirdParty:1030 - CMSIS Pack Vendor :STMicroelectronics X-CUBE-NFC6 3.0.0
2024-02-12 14:39:56,818 [INFO] ThirdParty:1030 - CMSIS Pack Vendor :STMicroelectronics X-CUBE-EEPRMA1 4.1.0
2024-02-12 14:39:56,818 [INFO] ThirdParty:1030 - CMSIS Pack Vendor :portGmbH I-Cube-SoM-uGOAL 1.1.0
2024-02-12 14:39:56,818 [INFO] ThirdParty:1030 - CMSIS Pack Vendor :STMicroelectronics X-CUBE-ALS 1.0.1
2024-02-12 14:39:56,819 [INFO] ThirdParty:1030 - CMSIS Pack Vendor :STMicroelectronics X-CUBE-MEMS1 9.5.0
2024-02-12 14:39:56,819 [INFO] ThirdParty:1030 - CMSIS Pack Vendor :STMicroelectronics ThreadX 1.0.0
2024-02-12 14:39:56,819 [INFO] ThirdParty:1030 - CMSIS Pack Vendor :STMicroelectronics FP-SNS-SMARTAG2 1.2.0
2024-02-12 14:39:56,819 [INFO] ThirdParty:1030 - CMSIS Pack Vendor :STMicroelectronics X-CUBE-AZRTOS-WB 1.1.0
2024-02-12 14:39:56,819 [INFO] ThirdParty:1030 - CMSIS Pack Vendor :STMicroelectronics X-CUBE-AZRTOS-WL 2.0.0
2024-02-12 14:39:56,819 [INFO] ThirdParty:1030 - CMSIS Pack Vendor :SEGGER I-CUBE-embOS 1.3.1
2024-02-12 14:39:56,819 [INFO] ThirdParty:1030 - CMSIS Pack Vendor :STMicroelectronics USB_DEVICE 1.0.0
2024-02-12 14:39:56,819 [INFO] ThirdParty:1030 - CMSIS Pack Vendor :STMicroelectronics X-CUBE-AI 8.1.0
2024-02-12 14:39:56,819 [INFO] ThirdParty:1030 - CMSIS Pack Vendor :STMicroelectronics X-CUBE-AZRTOS-L4 2.0.0
2024-02-12 14:39:56,819 [INFO] ThirdParty:1030 - CMSIS Pack Vendor :STMicroelectronics ThreadX 0.0.2
2024-02-12 14:39:56,819 [INFO] ThirdParty:1030 - CMSIS Pack Vendor :WES I-CUBE-Cesium 1.3.0
2024-02-12 14:39:56,819 [INFO] ThirdParty:1030 - CMSIS Pack Vendor :STMicroelectronics FP-ATR-ASTRA1 2.0.0
2024-02-12 14:39:56,819 [INFO] ThirdParty:1030 - CMSIS Pack Vendor :STMicroelectronics lwIP 2.1.2
2024-02-12 14:39:56,819 [INFO] ThirdParty:1030 - CMSIS Pack Vendor :STMicroelectronics X-CUBE-SFXS2LP1 4.0.0
2024-02-12 14:39:56,820 [INFO] ThirdParty:1030 - CMSIS Pack Vendor :STMicroelectronics X-CUBE-BLE2 3.3.0
2024-02-12 14:39:56,820 [INFO] ThirdParty:1030 - CMSIS Pack Vendor :STMicroelectronics X-CUBE-TOF1 3.4.0
2024-02-12 14:39:56,820 [INFO] ThirdParty:1030 - CMSIS Pack Vendor :STMicroelectronics X-CUBE-TOF1 3.2.0
2024-02-12 14:39:56,820 [INFO] ThirdParty:1030 - CMSIS Pack Vendor :STMicroelectronics X-CUBE-AZRTOS-H7 3.2.0
2024-02-12 14:39:56,820 [INFO] ThirdParty:1030 - CMSIS Pack Vendor :STMicroelectronics PDM2PCM 3.2.0
2024-02-12 14:39:56,820 [INFO] ThirdParty:1030 - CMSIS Pack Vendor :STMicroelectronics X-CUBE-AZRTOS-H7 3.0.0
2024-02-12 14:39:56,820 [INFO] ThirdParty:841 - exiting critical section [change project]
2024-02-12 14:39:58,009 [INFO] PinOutPanel:1499 - setPackage(No Configuration,No Configuration)
2024-02-12 14:39:58,013 [INFO] PinOutPanel:1499 - setPackage(STM32F407VGTx,LQFP100)
2024-02-12 14:39:59,299 [INFO] UtilMem:75 - Before build in PCC Used Memory: 807295568 Bytes (1073741824)
2024-02-12 14:40:02,472 [INFO] UtilMem:75 - After build in PCC Used Memory: 898819912 Bytes (1073741824)
2024-02-12 14:40:02,597 [INFO] IPUIPlugin:80 - create IPUIPlugin
2024-02-12 14:40:02,597 [INFO] IPUIPlugin:80 - create IPUIPlugin
2024-02-12 14:40:02,597 [INFO] IPUIPlugin:80 - create IPUIPlugin
2024-02-12 14:40:02,598 [INFO] IPUIPlugin:80 - create IPUIPlugin
2024-02-12 14:40:02,599 [INFO] IPUIPlugin:80 - create IPUIPlugin
2024-02-12 14:40:02,600 [INFO] IPUIPlugin:80 - create IPUIPlugin
2024-02-12 14:40:02,601 [INFO] IPUIPlugin:80 - create IPUIPlugin
2024-02-12 14:40:02,602 [INFO] IPUIPlugin:80 - create IPUIPlugin
2024-02-12 14:40:02,602 [INFO] IPUIPlugin:80 - create IPUIPlugin
2024-02-12 14:40:02,603 [INFO] IPUIPlugin:80 - create IPUIPlugin
2024-02-12 14:40:02,603 [INFO] IPUIPlugin:80 - create IPUIPlugin
2024-02-12 14:40:02,605 [INFO] IPUIPlugin:80 - create IPUIPlugin
2024-02-12 14:40:02,608 [INFO] IPUIPlugin:80 - create IPUIPlugin
2024-02-12 14:40:02,609 [INFO] IPUIPlugin:80 - create IPUIPlugin
2024-02-12 14:40:02,612 [INFO] IPUIPlugin:80 - create IPUIPlugin
2024-02-12 14:40:02,614 [INFO] IPUIPlugin:80 - create IPUIPlugin
2024-02-12 14:40:02,615 [INFO] IPUIPlugin:80 - create IPUIPlugin
2024-02-12 14:40:02,616 [INFO] IPUIPlugin:80 - create IPUIPlugin
2024-02-12 14:40:02,617 [INFO] IPUIPlugin:80 - create IPUIPlugin
2024-02-12 14:40:02,617 [INFO] IPUIPlugin:80 - create IPUIPlugin
2024-02-12 14:40:02,618 [INFO] IPUIPlugin:80 - create IPUIPlugin
2024-02-12 14:40:02,619 [INFO] IPUIPlugin:80 - create IPUIPlugin
2024-02-12 14:40:02,619 [INFO] IPUIPlugin:80 - create IPUIPlugin
2024-02-12 14:40:02,620 [INFO] IPUIPlugin:80 - create IPUIPlugin
2024-02-12 14:40:02,621 [INFO] IPUIPlugin:80 - create IPUIPlugin
2024-02-12 14:40:02,622 [INFO] IPUIPlugin:80 - create IPUIPlugin
2024-02-12 14:40:02,623 [INFO] IPUIPlugin:80 - create IPUIPlugin
2024-02-12 14:40:02,624 [INFO] IPUIPlugin:80 - create IPUIPlugin
2024-02-12 14:40:02,625 [INFO] IPUIPlugin:80 - create IPUIPlugin
2024-02-12 14:40:02,626 [INFO] IPUIPlugin:80 - create IPUIPlugin
2024-02-12 14:40:02,627 [INFO] IPUIPlugin:80 - create IPUIPlugin
2024-02-12 14:40:02,628 [INFO] IPUIPlugin:80 - create IPUIPlugin
2024-02-12 14:40:02,629 [INFO] IPUIPlugin:80 - create IPUIPlugin
2024-02-12 14:40:02,630 [INFO] IPUIPlugin:80 - create IPUIPlugin
2024-02-12 14:40:02,631 [INFO] IPUIPlugin:80 - create IPUIPlugin
2024-02-12 14:40:02,631 [INFO] IPUIPlugin:80 - create IPUIPlugin
2024-02-12 14:40:02,632 [INFO] IPUIPlugin:80 - create IPUIPlugin
2024-02-12 14:40:02,633 [INFO] IPUIPlugin:80 - create IPUIPlugin
2024-02-12 14:40:02,634 [INFO] IPUIPlugin:80 - create IPUIPlugin
2024-02-12 14:40:02,634 [INFO] IPUIPlugin:80 - create IPUIPlugin
2024-02-12 14:40:02,635 [INFO] IPUIPlugin:80 - create IPUIPlugin
2024-02-12 14:40:02,636 [INFO] IPUIPlugin:80 - create IPUIPlugin
2024-02-12 14:40:02,637 [INFO] IPUIPlugin:80 - create IPUIPlugin
2024-02-12 14:40:02,637 [INFO] IPUIPlugin:80 - create IPUIPlugin
2024-02-12 14:40:02,638 [INFO] IPUIPlugin:80 - create IPUIPlugin
2024-02-12 14:40:02,639 [INFO] IPUIPlugin:80 - create IPUIPlugin
2024-02-12 14:40:02,639 [INFO] IPUIPlugin:80 - create IPUIPlugin
2024-02-12 14:40:02,641 [INFO] IPUIPlugin:80 - create IPUIPlugin
2024-02-12 14:40:02,642 [INFO] IPUIPlugin:80 - create IPUIPlugin
2024-02-12 14:40:02,644 [INFO] IPUIPlugin:80 - create IPUIPlugin
2024-02-12 14:40:02,645 [INFO] IPUIPlugin:80 - create IPUIPlugin
2024-02-12 14:40:02,647 [INFO] IPUIPlugin:80 - create IPUIPlugin
2024-02-12 14:40:02,648 [INFO] IPUIPlugin:80 - create IPUIPlugin
2024-02-12 14:40:02,650 [INFO] IPUIPlugin:80 - create IPUIPlugin
2024-02-12 14:40:02,651 [INFO] IPUIPlugin:80 - create IPUIPlugin
2024-02-12 14:40:02,654 [INFO] IPUIPlugin:80 - create IPUIPlugin
2024-02-12 14:40:02,655 [INFO] IPUIPlugin:80 - create IPUIPlugin
2024-02-12 14:40:02,657 [INFO] IPUIPlugin:80 - create IPUIPlugin
2024-02-12 14:40:02,869 [INFO] ApiDbMcu:507 - Load IP Config File for PDM2PCM
2024-02-12 14:40:03,309 [INFO] CADModel:165 - CPN selected for project levelSTM32F407VGT6
2024-02-12 14:40:03,309 [INFO] CADModel:114 - Register for checkConnection events
2024-02-12 14:40:03,392 [INFO] OpenFileManager:328 - Restore cursor
2024-02-12 18:19:19,078 [INFO] MainUpdater:2868 - connection check result : 10
2024-02-12 18:19:19,111 [INFO] McuFinderGlobals:76 - Set McuFinderConnectedMode to true
2024-02-12 18:19:19,409 [INFO] ServerAccessManage:473 - Download File mcusAds.json._tmp_
2024-02-12 18:19:19,549 [INFO] LoadUrlFilesThread:156 - End of LoadUrlFiles Thread
2024-02-12 18:19:22,521 [INFO] ServerAccessManage:473 - Download File cube-finder-db.zip
2024-02-12 18:19:29,387 [INFO] FileExtend:240 - Unzip File : cube-finder-db.zip
2024-02-12 18:19:29,388 [INFO] FileExtend:255 - Standard Zip Deflate
2024-02-12 18:19:32,575 [INFO] LoadUrlFilesThread:156 - End of LoadUrlFiles Thread
2024-02-12 18:19:33,949 [INFO] ServerAccessManage:473 - Download File crdb.zip
2024-02-12 18:19:35,932 [INFO] FileExtend:240 - Unzip File : crdb.zip
2024-02-12 18:19:35,932 [INFO] FileExtend:255 - Standard Zip Deflate
2024-02-12 18:19:36,088 [INFO] LoadUrlFilesThread:156 - End of LoadUrlFiles Thread
2024-02-12 18:19:36,256 [INFO] ServerAccessManage:473 - Download File tutoVideoDB.zip
2024-02-12 18:19:36,308 [INFO] FileExtend:240 - Unzip File : tutoVideoDB.zip
2024-02-12 18:19:36,308 [INFO] FileExtend:255 - Standard Zip Deflate
2024-02-12 18:19:36,454 [INFO] LoadUrlFilesThread:156 - End of LoadUrlFiles Thread
2024-02-12 18:19:36,466 [WARN] DbFile:41 - Overriding database path with different value: C:\Users\Minh\.stmcufinder\plugins\mcufinder/ => C:\Users\Minh\.stmcufinder\plugins\mcufinder
2024-02-12 18:19:36,610 [INFO] ServerAccessManage:473 - Download File api_config.json
2024-02-12 18:19:36,748 [INFO] LoadUrlFilesThread:156 - End of LoadUrlFiles Thread
2024-02-12 18:19:36,755 [INFO] DbMcusAds:53 - JSON generation date=Wed Nov 29 19:52:27 JST 2023 (1701255147200)
2024-02-12 18:19:36,771 [INFO] ApiDb:448 - Save user favorites file C:\Users\Minh/.stm32cubeide/favorites.mcus.txt: 0 item(s)
2024-02-12 18:19:36,772 [INFO] ApiDb:452 - User favorites MCUs=[]
2024-02-12 18:19:36,803 [INFO] ApiDb:581 - Connected to CubeFinder SQLite database (C:\Users\Minh\.stmcufinder\plugins\mcufinder\mcu\cube-finder-db.db)
2024-02-12 18:19:36,961 [INFO] ApiDb:668 - CubeFinder database Data Model version=2.1
2024-02-12 18:19:36,962 [INFO] ApiDb:669 - CubeFinder database Configuration version=3.0.39
2024-02-12 18:19:36,962 [INFO] ApiDb:670 - CubeFinder database generation date=2024-01-11 (1704964531)
2024-02-12 18:19:36,962 [INFO] ApiDb:671 - CubeFinder database FW Pack versions=[FP-ATR-ASTRA1_V2.0.0, FP-SNS-FLIGHT1_V5.0.1, FP-SNS-FLIGHT1_V5.0.2, FP-SNS-MOTENV1_V4.3.1, FP-SNS-MOTENV1_V4.3.2, FP-SNS-MOTENVWB1_V1.3.1, FP-SNS-SMARTAG2_V1.2.0, STM32Cube_FW_C0_V1.1.0, STM32Cube_FW_F4_V1.28.0, STM32Cube_FW_F7_V1.17.0, STM32Cube_FW_G0_V1.6.2, STM32Cube_FW_G4_V1.5.2, STM32Cube_FW_H5_V0.5.1, STM32Cube_FW_H5_V1.1.1, STM32Cube_FW_H5_V1.2.0RC2, STM32Cube_FW_H7_V1.11.0, STM32Cube_FW_L0_V1.12.2, STM32Cube_FW_L5_V1.5.0, STM32Cube_FW_U5_V1.3.0RC4, STM32Cube_FW_U5_V1.4.0, STM32Cube_FW_WBA_V1.0.0RC1, STM32Cube_FW_WBA_V1.1.0RC1, STM32Cube_FW_WBA_V1.2.0, STM32Cube_FW_WBA_V1.2.0RC2, STM32Cube_FW_WB_V1.15.0RC1, STM32Cube_FW_WB_V1.16.0, STM32Cube_FW_WB_V1.16.0RC2, STM32Cube_FW_WB_V1.18.0, STM32Cube_FW_WL_V1.3.0, X-CUBE-ALGOBUILD_V1.3.0, X-CUBE-ALS_V1.0.1, X-CUBE-AZRTOS-F4_V1.1.0, X-CUBE-AZRTOS-F7_V1.1.0, X-CUBE-AZRTOS-G0_V1.1.0, X-CUBE-AZRTOS-G4_V2.0.0, X-CUBE-AZRTOS-H7_V3.2.0, X-CUBE-AZRTOS-L4_V1.0.0, X-CUBE-AZRTOS-L4_V2.0.0, X-CUBE-AZRTOS-L5_V1.1.0, X-CUBE-AZRTOS-WB_V2.0.0, X-CUBE-AZRTOS-WL_V2.0.0, X-CUBE-BLE1_V7.0.0, X-CUBE-BLE2_V3.3.0, X-CUBE-BLEMGR_V3.0.0, X-CUBE-EEPRMA1_V4.1.0, X-CUBE-EEPRMA1_V4.2.0, X-CUBE-FREERTOS_V1.1.0, X-CUBE-GNSS1_V6.0.0, X-CUBE-MEMS1_V10.0.0, X-CUBE-MEMS1_V9.1.0, X-CUBE-MEMS1_V9.4.0, X-CUBE-MEMS1_V9.6.0, X-CUBE-NFC4_V3.0.0, X-CUBE-NFC7_V1.0.1, X-CUBE-SFXS2LP1_V4.0.0, X-CUBE-SUBG2_V5.0.0, X-CUBE-TOF1_V3.4.0]
2024-02-12 18:19:41,223 [INFO] ApiDb:240 - Found 323 in-development CPN: [B-G473E-ZEST1S, B-WB1M-WPAN1, B-WL5M-SUBG1, NUCLEO-C031C6, NUCLEO-H503RB, NUCLEO-H563ZI, NUCLEO-U545RE-Q, NUCLEO-U5A5ZJ-Q, NUCLEO-WBA52CG, STEVAL-PROTEUS1, STEVAL-SMARTAG2, STEVAL-STWINBX1, STM320518-EVAL, STM32C0116-DK, STM32C011D6Y3TR, STM32C011D6Y6TR, STM32C011F4P3, STM32C011F4P6, STM32C011F4U3, STM32C011F4U6TR, STM32C011F6P3, STM32C011F6P6, STM32C011F6U3, STM32C011F6U6TR, STM32C011J4M3, STM32C011J4M6, STM32C011J6M3, STM32C011J6M6, STM32C0316-DK, STM32C031C4T3, STM32C031C4T6, STM32C031C4U3, STM32C031C4U6, STM32C031C6T3, STM32C031C6T6, STM32C031C6U3, STM32C031C6U6, STM32C031F4P3, STM32C031F4P6, STM32C031F6P3, STM32C031F6P6, STM32C031G4U3, STM32C031G4U6, STM32C031G6U3, STM32C031G6U6, STM32C031K4T3, STM32C031K4T6, STM32C031K4U3, STM32C031K4U6, STM32C031K6T3, STM32C031K6T6, STM32C031K6U3, STM32C031K6U6, STM32G071K8TXN, STM32G071K8UXN, STM32G081GBU6N, STM32G081KBT6N, STM32G081KBUXN, STM32G0B1CCT6N, STM32G0B1KCT6, STM32G0B1NEY6TR, STM32G0B1RCT6N, STM32G0C1CCT6, STM32G0C1CCT6N, STM32G0C1CCU6N, STM32G0C1CET6N, STM32G0C1CEU6N, STM32G0C1KCT6, STM32G0C1NEY6TR, STM32G0C1RCI6N, STM32G0C1RCT6N, STM32G0C1REI6N, STM32G0C1RET6N, STM32G0C1VCI6, STM32G0C1VEI6, STM32G471CCT6, STM32G471CCU6, STM32G471CET3, STM32G471CET6, STM32G471CEU3, STM32G471CEU6, STM32G471MCT6, STM32G471MET3, STM32G471MET6, STM32G471MEY6TR, STM32G471QCT6, STM32G471QET3, STM32G471RCT6, STM32G471RET3, STM32G471RET6, STM32G471VCH6, STM32G471VCI6, STM32G471VCT6, STM32G471VEH3, STM32G471VEH6, STM32G471VEI3, STM32G471VEI6, STM32G471VET3, STM32G471VET6, STM32G474CCT6, STM32H503CBT6, STM32H503CBU6, STM32H503EBY6TR, STM32H503KBU6, STM32H503RBT6, STM32H562AGI6, STM32H562AII6, STM32H562IGK6, STM32H562IGT6, STM32H562IIK6, STM32H562IIT6, STM32H562RGT6, STM32H562RGV6, STM32H562RIT6, STM32H562RIV6, STM32H562VGT6, STM32H562VIT6, STM32H562ZGT6, STM32H562ZIT6, STM32H563AGI6, STM32H563AII3Q, STM32H563AII6, STM32H563IGK6, STM32H563IGT6, STM32H563IIK3Q, STM32H563IIK6, STM32H563IIT3Q, STM32H563IIT6, STM32H563MIY3QTR, STM32H563RGT6, STM32H563RGV6, STM32H563RIT6, STM32H563RIV6, STM32H563VGT6, STM32H563VIT3Q, STM32H563VIT6, STM32H563ZGT6, STM32H563ZIT3Q, STM32H563ZIT6, STM32H573AII3Q, STM32H573AII6, STM32H573I-DK, STM32H573IIK3Q, STM32H573IIK6, STM32H573IIT3Q, STM32H573IIT6, STM32H573MIY3QTR, STM32H573RIT6, STM32H573RIV6, STM32H573VIT3Q, STM32H573VIT6, STM32H573ZIT3Q, STM32H573ZIT6, STM32L4R5QGI6STR, STM32MP131AAE3, STM32MP131AAF3, STM32MP131AAG3, STM32MP131CAE3, STM32MP131CAF3, STM32MP131CAG3, STM32MP131DAE7, STM32MP131DAF7, STM32MP131DAG7, STM32MP131FAE7, STM32MP131FAF7, STM32MP131FAG7, STM32MP133AAE3, STM32MP133AAF3, STM32MP133AAG3, STM32MP133CAE3, STM32MP133CAF3, STM32MP133CAG3, STM32MP133DAE7, STM32MP133DAF7, STM32MP133DAG7, STM32MP133FAE7, STM32MP133FAF7, STM32MP133FAG7, STM32MP135AAE3, STM32MP135AAF3, STM32MP135AAG3, STM32MP135CAE3, STM32MP135CAF3, STM32MP135CAG3, STM32MP135DAE7, STM32MP135DAF7, STM32MP135DAG7, STM32MP135F-DK, STM32MP135FAE7, STM32MP135FAF7, STM32MP135FAF7T, STM32MP135FAF7U, STM32MP135FAG7, STM32U535CBT6, STM32U535CBT6Q, STM32U535CBU6, STM32U535CBU6Q, STM32U535CCT6, STM32U535CCT6Q, STM32U535CCU6, STM32U535CCU6Q, STM32U535CET6, STM32U535CET6Q, STM32U535CEU6, STM32U535CEU6Q, STM32U535JEY6QTR, STM32U535NCY6QTR, STM32U535NEY6QTR, STM32U535RBI6, STM32U535RBI6Q, STM32U535RBT6, STM32U535RBT6Q, STM32U535RCI6, STM32U535RCI6Q, STM32U535RCT6, STM32U535RCT6Q, STM32U535REI6, STM32U535REI6Q, STM32U535RET6, STM32U535RET6Q, STM32U535VCI6, STM32U535VCI6Q, STM32U535VCT6, STM32U535VCT6Q, STM32U535VEI6, STM32U535VEI6Q, STM32U535VET6, STM32U535VET6Q, STM32U545CET6, STM32U545CET6Q, STM32U545CEU6, STM32U545CEU6Q, STM32U545JEY6QTR, STM32U545NEY6QTR, STM32U545REI6, STM32U545REI6Q, STM32U545RET6, STM32U545RET6Q, STM32U545VEI6, STM32U545VEI6Q, STM32U545VET6, STM32U545VET6Q, STM32U595AIH6, STM32U595AIH6Q, STM32U595AJH6, STM32U595AJH6Q, STM32U595QII6, STM32U595QII6Q, STM32U595QJI6, STM32U595QJI6Q, STM32U595RIT6, STM32U595RIT6Q, STM32U595RJT6, STM32U595RJT6Q, STM32U595VIT6, STM32U595VIT6Q, STM32U595VJT6, STM32U595VJT6Q, STM32U595ZIT6, STM32U595ZIT6Q, STM32U595ZIY6QTR, STM32U595ZJT6, STM32U595ZJT6Q, STM32U595ZJY6QTR, STM32U599BJY6QTR, STM32U599NIH6Q, STM32U599NJH6Q, STM32U599VIT6Q, STM32U599VJT6, STM32U599VJT6Q, STM32U599ZIT6Q, STM32U599ZIY6QTR, STM32U599ZJT6Q, STM32U599ZJY6QTR, STM32U5A5AJH6, STM32U5A5AJH6Q, STM32U5A5QJI6, STM32U5A5QJI6Q, STM32U5A5RJT6, STM32U5A5RJT6Q, STM32U5A5VJT6, STM32U5A5VJT6Q, STM32U5A5ZJT6, STM32U5A5ZJT6Q, STM32U5A5ZJY6QTR, STM32U5A9BJY6QTR, STM32U5A9J-DK, STM32U5A9NJH6Q, STM32U5A9VJT6Q, STM32U5A9ZJT6Q, STM32U5A9ZJY6QTR, STM32U5F7VIT6, STM32U5F7VIT6Q, STM32U5F7VJT6, STM32U5F7VJT6Q, STM32U5F9BJY6QTR, STM32U5F9NJH6Q, STM32U5F9VIT6Q, STM32U5F9VJT6Q, STM32U5F9ZIJ6QTR, STM32U5F9ZIT6Q, STM32U5F9ZJJ6QTR, STM32U5F9ZJT6Q, STM32U5G7VJT6, STM32U5G7VJT6Q, STM32U5G9BJY6QTR, STM32U5G9J-DK1, STM32U5G9J-DK2, STM32U5G9NJH6Q, STM32U5G9VJT6Q, STM32U5G9ZJJ6QTR, STM32U5G9ZJT6Q, STM32WB1MMCH6, STM32WBA52CEU6, STM32WBA52CEU6T, STM32WBA52CGU6, STM32WBA52CGU6T, STM32WBA52KEU6, STM32WBA52KEU6T, STM32WBA52KGU6, STM32WBA52KGU6T, STM32WL5MOCH6, STM32WL5MOCH6TR]
2024-02-12 18:19:41,228 [INFO] DbMcus:217 - Found 3882 MCUs, 3882 are supported
2024-02-12 18:19:41,229 [INFO] ApiDb:423 - Load user favorites file C:\Users\Minh/.stm32cubeide/favorites.mcus.txt: 0 item(s)
2024-02-12 18:19:41,230 [INFO] ApiDb:427 - User favorites MCUs=[]
2024-02-12 18:19:41,230 [INFO] DbMcus:223 - Set 0 / 0 favorites MCUs
2024-02-12 18:19:41,772 [INFO] LoadUrlFilesThread:185 - End of LoadServerUrlFiles without Thread
2024-02-12 18:19:41,772 [INFO] TargetSelectorAdapter:259 - Refresh data is successful
2024-02-12 18:19:41,779 [INFO] ApiDb:668 - CubeFinder database Data Model version=2.1
2024-02-12 18:19:41,779 [INFO] ApiDb:669 - CubeFinder database Configuration version=3.0.39
2024-02-12 18:19:41,779 [INFO] ApiDb:670 - CubeFinder database generation date=2024-01-11 (1704964531)
2024-02-12 18:19:41,779 [INFO] ApiDb:671 - CubeFinder database FW Pack versions=[FP-ATR-ASTRA1_V2.0.0, FP-SNS-FLIGHT1_V5.0.1, FP-SNS-FLIGHT1_V5.0.2, FP-SNS-MOTENV1_V4.3.1, FP-SNS-MOTENV1_V4.3.2, FP-SNS-MOTENVWB1_V1.3.1, FP-SNS-SMARTAG2_V1.2.0, STM32Cube_FW_C0_V1.1.0, STM32Cube_FW_F4_V1.28.0, STM32Cube_FW_F7_V1.17.0, STM32Cube_FW_G0_V1.6.2, STM32Cube_FW_G4_V1.5.2, STM32Cube_FW_H5_V0.5.1, STM32Cube_FW_H5_V1.1.1, STM32Cube_FW_H5_V1.2.0RC2, STM32Cube_FW_H7_V1.11.0, STM32Cube_FW_L0_V1.12.2, STM32Cube_FW_L5_V1.5.0, STM32Cube_FW_U5_V1.3.0RC4, STM32Cube_FW_U5_V1.4.0, STM32Cube_FW_WBA_V1.0.0RC1, STM32Cube_FW_WBA_V1.1.0RC1, STM32Cube_FW_WBA_V1.2.0, STM32Cube_FW_WBA_V1.2.0RC2, STM32Cube_FW_WB_V1.15.0RC1, STM32Cube_FW_WB_V1.16.0, STM32Cube_FW_WB_V1.16.0RC2, STM32Cube_FW_WB_V1.18.0, STM32Cube_FW_WL_V1.3.0, X-CUBE-ALGOBUILD_V1.3.0, X-CUBE-ALS_V1.0.1, X-CUBE-AZRTOS-F4_V1.1.0, X-CUBE-AZRTOS-F7_V1.1.0, X-CUBE-AZRTOS-G0_V1.1.0, X-CUBE-AZRTOS-G4_V2.0.0, X-CUBE-AZRTOS-H7_V3.2.0, X-CUBE-AZRTOS-L4_V1.0.0, X-CUBE-AZRTOS-L4_V2.0.0, X-CUBE-AZRTOS-L5_V1.1.0, X-CUBE-AZRTOS-WB_V2.0.0, X-CUBE-AZRTOS-WL_V2.0.0, X-CUBE-BLE1_V7.0.0, X-CUBE-BLE2_V3.3.0, X-CUBE-BLEMGR_V3.0.0, X-CUBE-EEPRMA1_V4.1.0, X-CUBE-EEPRMA1_V4.2.0, X-CUBE-FREERTOS_V1.1.0, X-CUBE-GNSS1_V6.0.0, X-CUBE-MEMS1_V10.0.0, X-CUBE-MEMS1_V9.1.0, X-CUBE-MEMS1_V9.4.0, X-CUBE-MEMS1_V9.6.0, X-CUBE-NFC4_V3.0.0, X-CUBE-NFC7_V1.0.1, X-CUBE-SFXS2LP1_V4.0.0, X-CUBE-SUBG2_V5.0.0, X-CUBE-TOF1_V3.4.0]
2024-02-12 18:19:41,907 [INFO] DbBoardsSqlite:226 - include board P-NUCLEO-WB55-NUCLEO as a kit item of type 'Nucleo-64'
2024-02-12 18:19:41,907 [INFO] DbBoardsSqlite:226 - include board P-NUCLEO-WB55-USBDONGLE as a kit item of type 'Nucleo USB Dongle'
2024-02-12 18:19:41,907 [INFO] DbBoardsSqlite:226 - include board STEVAL-IDP005V1 as a kit item of type 'Evaluation Board'
2024-02-12 18:19:41,908 [INFO] DbBoardsSqlite:226 - include board STEVAL-IDP005V2 as a kit item of type 'Evaluation Board'
2024-02-12 18:19:42,021 [INFO] ApiDb:240 - Found 323 in-development CPN: [B-G473E-ZEST1S, B-WB1M-WPAN1, B-WL5M-SUBG1, NUCLEO-C031C6, NUCLEO-H503RB, NUCLEO-H563ZI, NUCLEO-U545RE-Q, NUCLEO-U5A5ZJ-Q, NUCLEO-WBA52CG, STEVAL-PROTEUS1, STEVAL-SMARTAG2, STEVAL-STWINBX1, STM320518-EVAL, STM32C0116-DK, STM32C011D6Y3TR, STM32C011D6Y6TR, STM32C011F4P3, STM32C011F4P6, STM32C011F4U3, STM32C011F4U6TR, STM32C011F6P3, STM32C011F6P6, STM32C011F6U3, STM32C011F6U6TR, STM32C011J4M3, STM32C011J4M6, STM32C011J6M3, STM32C011J6M6, STM32C0316-DK, STM32C031C4T3, STM32C031C4T6, STM32C031C4U3, STM32C031C4U6, STM32C031C6T3, STM32C031C6T6, STM32C031C6U3, STM32C031C6U6, STM32C031F4P3, STM32C031F4P6, STM32C031F6P3, STM32C031F6P6, STM32C031G4U3, STM32C031G4U6, STM32C031G6U3, STM32C031G6U6, STM32C031K4T3, STM32C031K4T6, STM32C031K4U3, STM32C031K4U6, STM32C031K6T3, STM32C031K6T6, STM32C031K6U3, STM32C031K6U6, STM32G071K8TXN, STM32G071K8UXN, STM32G081GBU6N, STM32G081KBT6N, STM32G081KBUXN, STM32G0B1CCT6N, STM32G0B1KCT6, STM32G0B1NEY6TR, STM32G0B1RCT6N, STM32G0C1CCT6, STM32G0C1CCT6N, STM32G0C1CCU6N, STM32G0C1CET6N, STM32G0C1CEU6N, STM32G0C1KCT6, STM32G0C1NEY6TR, STM32G0C1RCI6N, STM32G0C1RCT6N, STM32G0C1REI6N, STM32G0C1RET6N, STM32G0C1VCI6, STM32G0C1VEI6, STM32G471CCT6, STM32G471CCU6, STM32G471CET3, STM32G471CET6, STM32G471CEU3, STM32G471CEU6, STM32G471MCT6, STM32G471MET3, STM32G471MET6, STM32G471MEY6TR, STM32G471QCT6, STM32G471QET3, STM32G471RCT6, STM32G471RET3, STM32G471RET6, STM32G471VCH6, STM32G471VCI6, STM32G471VCT6, STM32G471VEH3, STM32G471VEH6, STM32G471VEI3, STM32G471VEI6, STM32G471VET3, STM32G471VET6, STM32G474CCT6, STM32H503CBT6, STM32H503CBU6, STM32H503EBY6TR, STM32H503KBU6, STM32H503RBT6, STM32H562AGI6, STM32H562AII6, STM32H562IGK6, STM32H562IGT6, STM32H562IIK6, STM32H562IIT6, STM32H562RGT6, STM32H562RGV6, STM32H562RIT6, STM32H562RIV6, STM32H562VGT6, STM32H562VIT6, STM32H562ZGT6, STM32H562ZIT6, STM32H563AGI6, STM32H563AII3Q, STM32H563AII6, STM32H563IGK6, STM32H563IGT6, STM32H563IIK3Q, STM32H563IIK6, STM32H563IIT3Q, STM32H563IIT6, STM32H563MIY3QTR, STM32H563RGT6, STM32H563RGV6, STM32H563RIT6, STM32H563RIV6, STM32H563VGT6, STM32H563VIT3Q, STM32H563VIT6, STM32H563ZGT6, STM32H563ZIT3Q, STM32H563ZIT6, STM32H573AII3Q, STM32H573AII6, STM32H573I-DK, STM32H573IIK3Q, STM32H573IIK6, STM32H573IIT3Q, STM32H573IIT6, STM32H573MIY3QTR, STM32H573RIT6, STM32H573RIV6, STM32H573VIT3Q, STM32H573VIT6, STM32H573ZIT3Q, STM32H573ZIT6, STM32L4R5QGI6STR, STM32MP131AAE3, STM32MP131AAF3, STM32MP131AAG3, STM32MP131CAE3, STM32MP131CAF3, STM32MP131CAG3, STM32MP131DAE7, STM32MP131DAF7, STM32MP131DAG7, STM32MP131FAE7, STM32MP131FAF7, STM32MP131FAG7, STM32MP133AAE3, STM32MP133AAF3, STM32MP133AAG3, STM32MP133CAE3, STM32MP133CAF3, STM32MP133CAG3, STM32MP133DAE7, STM32MP133DAF7, STM32MP133DAG7, STM32MP133FAE7, STM32MP133FAF7, STM32MP133FAG7, STM32MP135AAE3, STM32MP135AAF3, STM32MP135AAG3, STM32MP135CAE3, STM32MP135CAF3, STM32MP135CAG3, STM32MP135DAE7, STM32MP135DAF7, STM32MP135DAG7, STM32MP135F-DK, STM32MP135FAE7, STM32MP135FAF7, STM32MP135FAF7T, STM32MP135FAF7U, STM32MP135FAG7, STM32U535CBT6, STM32U535CBT6Q, STM32U535CBU6, STM32U535CBU6Q, STM32U535CCT6, STM32U535CCT6Q, STM32U535CCU6, STM32U535CCU6Q, STM32U535CET6, STM32U535CET6Q, STM32U535CEU6, STM32U535CEU6Q, STM32U535JEY6QTR, STM32U535NCY6QTR, STM32U535NEY6QTR, STM32U535RBI6, STM32U535RBI6Q, STM32U535RBT6, STM32U535RBT6Q, STM32U535RCI6, STM32U535RCI6Q, STM32U535RCT6, STM32U535RCT6Q, STM32U535REI6, STM32U535REI6Q, STM32U535RET6, STM32U535RET6Q, STM32U535VCI6, STM32U535VCI6Q, STM32U535VCT6, STM32U535VCT6Q, STM32U535VEI6, STM32U535VEI6Q, STM32U535VET6, STM32U535VET6Q, STM32U545CET6, STM32U545CET6Q, STM32U545CEU6, STM32U545CEU6Q, STM32U545JEY6QTR, STM32U545NEY6QTR, STM32U545REI6, STM32U545REI6Q, STM32U545RET6, STM32U545RET6Q, STM32U545VEI6, STM32U545VEI6Q, STM32U545VET6, STM32U545VET6Q, STM32U595AIH6, STM32U595AIH6Q, STM32U595AJH6, STM32U595AJH6Q, STM32U595QII6, STM32U595QII6Q, STM32U595QJI6, STM32U595QJI6Q, STM32U595RIT6, STM32U595RIT6Q, STM32U595RJT6, STM32U595RJT6Q, STM32U595VIT6, STM32U595VIT6Q, STM32U595VJT6, STM32U595VJT6Q, STM32U595ZIT6, STM32U595ZIT6Q, STM32U595ZIY6QTR, STM32U595ZJT6, STM32U595ZJT6Q, STM32U595ZJY6QTR, STM32U599BJY6QTR, STM32U599NIH6Q, STM32U599NJH6Q, STM32U599VIT6Q, STM32U599VJT6, STM32U599VJT6Q, STM32U599ZIT6Q, STM32U599ZIY6QTR, STM32U599ZJT6Q, STM32U599ZJY6QTR, STM32U5A5AJH6, STM32U5A5AJH6Q, STM32U5A5QJI6, STM32U5A5QJI6Q, STM32U5A5RJT6, STM32U5A5RJT6Q, STM32U5A5VJT6, STM32U5A5VJT6Q, STM32U5A5ZJT6, STM32U5A5ZJT6Q, STM32U5A5ZJY6QTR, STM32U5A9BJY6QTR, STM32U5A9J-DK, STM32U5A9NJH6Q, STM32U5A9VJT6Q, STM32U5A9ZJT6Q, STM32U5A9ZJY6QTR, STM32U5F7VIT6, STM32U5F7VIT6Q, STM32U5F7VJT6, STM32U5F7VJT6Q, STM32U5F9BJY6QTR, STM32U5F9NJH6Q, STM32U5F9VIT6Q, STM32U5F9VJT6Q, STM32U5F9ZIJ6QTR, STM32U5F9ZIT6Q, STM32U5F9ZJJ6QTR, STM32U5F9ZJT6Q, STM32U5G7VJT6, STM32U5G7VJT6Q, STM32U5G9BJY6QTR, STM32U5G9J-DK1, STM32U5G9J-DK2, STM32U5G9NJH6Q, STM32U5G9VJT6Q, STM32U5G9ZJJ6QTR, STM32U5G9ZJT6Q, STM32WB1MMCH6, STM32WBA52CEU6, STM32WBA52CEU6T, STM32WBA52CGU6, STM32WBA52CGU6T, STM32WBA52KEU6, STM32WBA52KEU6T, STM32WBA52KGU6, STM32WBA52KGU6T, STM32WL5MOCH6, STM32WL5MOCH6TR]
2024-02-12 18:19:42,290 [INFO] BoardInfo:880 - No configuration file found for board P-NUCLEO-WB55
2024-02-12 18:19:42,290 [INFO] DbBoards:157 - Kit is not supported: P-NUCLEO-WB55
2024-02-12 18:19:42,299 [INFO] BoardInfo:880 - No configuration file found for board STEVAL-BFA001V1B
2024-02-12 18:19:42,299 [INFO] DbBoards:157 - Kit is not supported: STEVAL-BFA001V1B
2024-02-12 18:19:42,301 [INFO] BoardInfo:880 - No configuration file found for board STEVAL-BFA001V2B
2024-02-12 18:19:42,302 [INFO] DbBoards:157 - Kit is not supported: STEVAL-BFA001V2B
2024-02-12 18:19:42,309 [INFO] BoardInfo:880 - No configuration file found for board STEVAL-MKBOXPRO
2024-02-12 18:19:42,309 [INFO] DbBoards:157 - Board is not supported: STEVAL-MKBOXPRO
2024-02-12 18:19:42,574 [INFO] DbBoards:161 - Found 191 boards, 187 are supported
2024-02-12 18:19:42,588 [INFO] ApiDb:423 - Load user favorites file C:\Users\Minh/.stm32cubeide/favorites.boards.txt: 1 item(s)
2024-02-12 18:19:42,588 [INFO] ApiDb:427 - User favorites Boards=[STM32F407G-DISC1]
2024-02-12 18:19:42,588 [INFO] DbBoards:190 - Set 1 / 1 favorites Boards
2024-02-12 18:19:42,596 [INFO] ApiDb:668 - CubeFinder database Data Model version=2.1
2024-02-12 18:19:42,596 [INFO] ApiDb:669 - CubeFinder database Configuration version=3.0.39
2024-02-12 18:19:42,596 [INFO] ApiDb:670 - CubeFinder database generation date=2024-01-11 (1704964531)
2024-02-12 18:19:42,597 [INFO] ApiDb:671 - CubeFinder database FW Pack versions=[FP-ATR-ASTRA1_V2.0.0, FP-SNS-FLIGHT1_V5.0.1, FP-SNS-FLIGHT1_V5.0.2, FP-SNS-MOTENV1_V4.3.1, FP-SNS-MOTENV1_V4.3.2, FP-SNS-MOTENVWB1_V1.3.1, FP-SNS-SMARTAG2_V1.2.0, STM32Cube_FW_C0_V1.1.0, STM32Cube_FW_F4_V1.28.0, STM32Cube_FW_F7_V1.17.0, STM32Cube_FW_G0_V1.6.2, STM32Cube_FW_G4_V1.5.2, STM32Cube_FW_H5_V0.5.1, STM32Cube_FW_H5_V1.1.1, STM32Cube_FW_H5_V1.2.0RC2, STM32Cube_FW_H7_V1.11.0, STM32Cube_FW_L0_V1.12.2, STM32Cube_FW_L5_V1.5.0, STM32Cube_FW_U5_V1.3.0RC4, STM32Cube_FW_U5_V1.4.0, STM32Cube_FW_WBA_V1.0.0RC1, STM32Cube_FW_WBA_V1.1.0RC1, STM32Cube_FW_WBA_V1.2.0, STM32Cube_FW_WBA_V1.2.0RC2, STM32Cube_FW_WB_V1.15.0RC1, STM32Cube_FW_WB_V1.16.0, STM32Cube_FW_WB_V1.16.0RC2, STM32Cube_FW_WB_V1.18.0, STM32Cube_FW_WL_V1.3.0, X-CUBE-ALGOBUILD_V1.3.0, X-CUBE-ALS_V1.0.1, X-CUBE-AZRTOS-F4_V1.1.0, X-CUBE-AZRTOS-F7_V1.1.0, X-CUBE-AZRTOS-G0_V1.1.0, X-CUBE-AZRTOS-G4_V2.0.0, X-CUBE-AZRTOS-H7_V3.2.0, X-CUBE-AZRTOS-L4_V1.0.0, X-CUBE-AZRTOS-L4_V2.0.0, X-CUBE-AZRTOS-L5_V1.1.0, X-CUBE-AZRTOS-WB_V2.0.0, X-CUBE-AZRTOS-WL_V2.0.0, X-CUBE-BLE1_V7.0.0, X-CUBE-BLE2_V3.3.0, X-CUBE-BLEMGR_V3.0.0, X-CUBE-EEPRMA1_V4.1.0, X-CUBE-EEPRMA1_V4.2.0, X-CUBE-FREERTOS_V1.1.0, X-CUBE-GNSS1_V6.0.0, X-CUBE-MEMS1_V10.0.0, X-CUBE-MEMS1_V9.1.0, X-CUBE-MEMS1_V9.4.0, X-CUBE-MEMS1_V9.6.0, X-CUBE-NFC4_V3.0.0, X-CUBE-NFC7_V1.0.1, X-CUBE-SFXS2LP1_V4.0.0, X-CUBE-SUBG2_V5.0.0, X-CUBE-TOF1_V3.4.0]
2024-02-12 18:19:44,881 [ERROR] DbExamplesSqlite:437 - Missing JSON key: board_cpn
2024-02-12 18:19:44,882 [ERROR] DbExamplesSqlite:437 - Missing JSON key: board_cpn
2024-02-12 18:19:44,883 [ERROR] DbExamplesSqlite:437 - Missing JSON key: board_cpn
2024-02-12 18:19:44,883 [ERROR] DbExamplesSqlite:437 - Missing JSON key: board_cpn
2024-02-12 18:19:45,020 [INFO] DbExamplesSqlite:395 - Ignored 55 examples not supported by CubeIDE
2024-02-12 18:19:45,021 [INFO] DbExamplesSqlite:396 - Found 7560 examples active
2024-02-12 18:19:45,021 [INFO] DbExamplesSqlite:397 - Found 844 examples obsolete
2024-02-12 18:19:45,021 [INFO] DbExamplesSqlite:398 - Found 0 examples under development
2024-02-12 18:19:45,021 [INFO] DbExamplesSqlite:399 - Found 8 examples not building
2024-02-12 18:19:45,025 [INFO] DbExamples:125 - Found 7513 examples
2024-02-12 18:19:45,431 [ERROR] DbExamples:208 - Found 247 examples with invalid data (board or MCU)
2024-02-12 18:19:45,432 [INFO] DbExamples:222 - Found 93 boards with related examples
2024-02-12 18:19:45,434 [INFO] DbExamples:235 - Found 79 MCUs with related examples
2024-02-12 18:19:45,484 [INFO] ApiDb:423 - Load user favorites file C:\Users\Minh/.stm32cubeide/favorites.examples.txt: 0 item(s)
2024-02-12 18:19:45,484 [INFO] ApiDb:427 - User favorites Examples=[]
2024-02-12 18:19:45,485 [INFO] DbExamples:250 - Set 0 / 0 favorites Examples
2024-02-12 18:19:45,887 [INFO] McuFinderGlobals:76 - Set McuFinderConnectedMode to true
2024-02-12 18:19:45,912 [INFO] MultiScanPanel:200 - Auto-refresh data requested => check proxy status ongoing
2024-02-12 18:19:45,919 [INFO] FinderPluginLoader:95 - Searching for filters in installed packs
2024-02-12 18:19:49,441 [INFO] LoadUrlFilesThread:185 - End of LoadServerUrlFiles without Thread
2024-02-12 18:19:49,485 [INFO] DetailPanel:341 - Set advertising image to C:/Users/Minh/STM32Cube/Repository/\en.prom-stm32wl3-mcu-finder.jpg
2024-02-12 18:20:03,100 [INFO] MultiScanPanel:200 - Auto-refresh data requested => check proxy status ongoing
2024-02-12 18:20:03,378 [INFO] LoadUrlFilesThread:185 - End of LoadServerUrlFiles without Thread
2024-02-12 18:20:03,378 [INFO] DetailPanel:341 - Set advertising image to C:/Users/Minh/STM32Cube/Repository/\en.prom-stm32wl3-mcu-finder.jpg
2024-02-12 18:20:03,401 [INFO] DbBoards:634 - Loading board mini-images...
2024-02-12 18:20:09,990 [INFO] DbBoards:657 - Loaded 191 board mini-images
2024-02-12 18:21:55,006 [INFO] McuFinderGlobals:76 - Set McuFinderConnectedMode to true
2024-02-12 18:21:55,015 [INFO] ApiDb:448 - Save user favorites file C:\Users\Minh/.stm32cubeide/favorites.mcus.txt: 0 item(s)
2024-02-12 18:21:55,016 [INFO] ApiDb:452 - User favorites MCUs=[]
2024-02-12 18:21:55,019 [INFO] ApiDb:448 - Save user favorites file C:\Users\Minh/.stm32cubeide/favorites.boards.txt: 1 item(s)
2024-02-12 18:21:55,020 [INFO] ApiDb:452 - User favorites Boards=[STM32F407G-DISC1]
2024-02-12 21:52:29,070 [ERROR] LogOutputStream:75 - [STDERR_REDIRECT] 
