2024-11-30 13:58:55,662 [INFO] Activator:176 - 


2024-11-30 13:58:55,684 [INFO] Activator:177 - !SESSION log4j initialized
2024-11-30 13:59:15,941 [INFO] LogOutputStream:77 - [STDOUT_REDIRECT] 
2024-11-30 13:59:22,412 [INFO] ApplicationProperties:184 - Using Application install path: C:\ST\STM32CubeIDE_1.4.0\STM32CubeIDE\plugins\com.st.stm32cube.common.mx_6.9.1.202307191849
2024-11-30 13:59:22,455 [INFO] DbMcusXml:78 - Set database path to: C:\ST\STM32CubeIDE_1.4.0\STM32CubeIDE\plugins\com.st.stm32cube.common.mx_6.9.1.202307191849\\db\/mcu/
2024-11-30 13:59:22,456 [INFO] ApiDb:274 - Set plugin database path to: C:\ST\STM32CubeIDE_1.4.0\STM32CubeIDE\plugins\com.st.stm32cube.common.mx_6.9.1.202307191849\\db\/plugins/boardmanager/
2024-11-30 13:59:22,457 [WARN] ApiDb:259 - Overriding images path with different value:  => C:\ST\STM32CubeIDE_1.4.0\STM32CubeIDE\plugins\com.st.stm32cube.common.mx_6.9.1.202307191849\\db\/plugins/mcufinder/images/
2024-11-30 13:59:22,487 [INFO] ApiDb:250 - Set database path to: C:\Users\Minh\.stmcufinder\plugins\mcufinder//mcu/
2024-11-30 13:59:22,491 [INFO] DbMcusAds:125 - Set database path to: C:\Users\Minh\.stmcufinder\plugins\mcufinder//mcu/
2024-11-30 13:59:22,497 [INFO] CrossReferenceDbSqlite:203 - Set database path to: C:\Users\Minh\.stmcufinder\plugins\mcufinder//mcu/cs/
2024-11-30 13:59:22,808 [INFO] RulesReader:64 - Compatibility file has been processed (293 Rules)
2024-11-30 13:59:23,040 [INFO] DbMcusXml:78 - Set database path to: C:\ST\STM32CubeIDE_1.4.0\STM32CubeIDE\plugins\com.st.stm32cube.common.mx_6.9.1.202307191849\\db\/mcu/
2024-11-30 13:59:23,040 [INFO] ApiDb:274 - Set plugin database path to: C:\ST\STM32CubeIDE_1.4.0\STM32CubeIDE\plugins\com.st.stm32cube.common.mx_6.9.1.202307191849\\db\/plugins/boardmanager/
2024-11-30 13:59:23,041 [INFO] ApiDb:261 - Set plugin images path to: C:\ST\STM32CubeIDE_1.4.0\STM32CubeIDE\plugins\com.st.stm32cube.common.mx_6.9.1.202307191849\\db\/plugins/mcufinder/images/
2024-11-30 13:59:23,041 [WARN] DbFile:41 - Overriding database path with different value: C:\Users\Minh\.stmcufinder\plugins\mcufinder/ => C:\Users\Minh\.stmcufinder\plugins\mcufinder
2024-11-30 13:59:23,042 [INFO] ApiDb:250 - Set database path to: C:\Users\Minh\.stmcufinder\plugins\mcufinder//mcu/
2024-11-30 13:59:23,042 [WARN] DbFile:41 - Overriding database path with different value: C:\Users\Minh\.stmcufinder\plugins\mcufinder/ => C:\Users\Minh\.stmcufinder\plugins\mcufinder
2024-11-30 13:59:23,042 [INFO] DbMcusAds:125 - Set database path to: C:\Users\Minh\.stmcufinder\plugins\mcufinder//mcu/
2024-11-30 13:59:23,042 [WARN] DbFile:41 - Overriding database path with different value: C:\Users\Minh\.stmcufinder\plugins\mcufinder/ => C:\Users\Minh\.stmcufinder\plugins\mcufinder
2024-11-30 13:59:23,043 [WARN] DbFile:41 - Overriding database path with different value: C:\Users\Minh\.stmcufinder\plugins\mcufinder/ => C:\Users\Minh\.stmcufinder\plugins\mcufinder
2024-11-30 13:59:23,043 [INFO] CrossReferenceDbSqlite:203 - Set database path to: C:\Users\Minh\.stmcufinder\plugins\mcufinder//mcu/cs/
2024-11-30 13:59:23,276 [INFO] MainPanel:262 - HeapMemory: 268435456
2024-11-30 13:59:23,525 [INFO] DbMcusXml:78 - Set database path to: C:\ST\STM32CubeIDE_1.4.0\STM32CubeIDE\plugins\com.st.stm32cube.common.mx_6.9.1.202307191849\\db\/mcu/
2024-11-30 13:59:23,525 [INFO] ApiDb:274 - Set plugin database path to: C:\ST\STM32CubeIDE_1.4.0\STM32CubeIDE\plugins\com.st.stm32cube.common.mx_6.9.1.202307191849\\db\/plugins/boardmanager/
2024-11-30 13:59:23,525 [INFO] ApiDb:261 - Set plugin images path to: C:\ST\STM32CubeIDE_1.4.0\STM32CubeIDE\plugins\com.st.stm32cube.common.mx_6.9.1.202307191849\\db\/plugins/mcufinder/images/
2024-11-30 13:59:23,527 [WARN] DbFile:41 - Overriding database path with different value: C:\Users\Minh\.stmcufinder\plugins\mcufinder/ => C:\Users\Minh\.stmcufinder\plugins\mcufinder
2024-11-30 13:59:23,527 [INFO] ApiDb:250 - Set database path to: C:\Users\Minh\.stmcufinder\plugins\mcufinder//mcu/
2024-11-30 13:59:23,527 [WARN] DbFile:41 - Overriding database path with different value: C:\Users\Minh\.stmcufinder\plugins\mcufinder/ => C:\Users\Minh\.stmcufinder\plugins\mcufinder
2024-11-30 13:59:23,528 [INFO] DbMcusAds:125 - Set database path to: C:\Users\Minh\.stmcufinder\plugins\mcufinder//mcu/
2024-11-30 13:59:23,528 [WARN] DbFile:41 - Overriding database path with different value: C:\Users\Minh\.stmcufinder\plugins\mcufinder/ => C:\Users\Minh\.stmcufinder\plugins\mcufinder
2024-11-30 13:59:23,528 [WARN] DbFile:41 - Overriding database path with different value: C:\Users\Minh\.stmcufinder\plugins\mcufinder/ => C:\Users\Minh\.stmcufinder\plugins\mcufinder
2024-11-30 13:59:23,529 [INFO] CrossReferenceDbSqlite:203 - Set database path to: C:\Users\Minh\.stmcufinder\plugins\mcufinder//mcu/cs/
2024-11-30 13:59:23,579 [INFO] ApplicationProperties:184 - Using Application install path: C:\ST\STM32CubeIDE_1.4.0\STM32CubeIDE\plugins\com.st.stm32cube.common.mx_6.9.1.202307191849
2024-11-30 13:59:23,582 [INFO] PluginManage:196 - Search for loadable plugins [exclusion list=, ]
2024-11-30 13:59:23,586 [INFO] PluginManage:310 - Check plugin analytics
2024-11-30 13:59:24,122 [INFO] AnalyticsPlugin:253 - Accepted Software Licenses: STM32CubeMX.6.0.0,STM32CubeMX.5.2.0
2024-11-30 13:59:24,123 [INFO] AnalyticsPlugin:255 - Accepted CMSIS Pack Licenses: 
2024-11-30 13:59:24,124 [INFO] AnalyticsPlugin:257 - Accepted Firmware Licenses: 
2024-11-30 13:59:24,129 [INFO] PluginManage:359 - Loaded plugin analytics (category:tool,tabindex:-1)
2024-11-30 13:59:24,131 [INFO] PluginManage:310 - Check plugin cadmodel
2024-11-30 13:59:24,195 [INFO] CADModel:105 - Init CAD model plugin
2024-11-30 13:59:24,196 [INFO] PluginManage:359 - Loaded plugin cadmodel (category:power,tabindex:5)
2024-11-30 13:59:24,196 [INFO] PluginManage:310 - Check plugin clock
2024-11-30 13:59:24,267 [INFO] PluginManage:359 - Loaded plugin clock (category:base,tabindex:2)
2024-11-30 13:59:24,268 [INFO] PluginManage:310 - Check plugin ddr
2024-11-30 13:59:24,277 [INFO] PluginManage:359 - Loaded plugin ddr (category:tool,tabindex:6)
2024-11-30 13:59:24,277 [INFO] PluginManage:310 - Check plugin filemanager
2024-11-30 13:59:24,680 [INFO] PluginManage:359 - Loaded plugin filemanager (category:base,tabindex:10)
2024-11-30 13:59:24,680 [INFO] PluginManage:310 - Check plugin ipmanager
2024-11-30 13:59:24,700 [INFO] PluginManage:359 - Loaded plugin ipmanager (category:base,tabindex:5)
2024-11-30 13:59:24,700 [INFO] PluginManage:310 - Check plugin lpbam
2024-11-30 13:59:24,763 [INFO] PluginManage:359 - Loaded plugin lpbam (category:base,tabindex:0)
2024-11-30 13:59:24,763 [INFO] PluginManage:310 - Check plugin memorymap
2024-11-30 13:59:24,841 [INFO] PluginManage:359 - Loaded plugin memorymap (category:base,tabindex:4)
2024-11-30 13:59:24,842 [INFO] PluginManage:310 - Check plugin pinoutandconfiguration
2024-11-30 13:59:24,906 [INFO] PluginManage:359 - Loaded plugin pinoutandconfiguration (category:base,tabindex:1)
2024-11-30 13:59:24,907 [INFO] PluginManage:310 - Check plugin pinoutconfig
2024-11-30 13:59:25,207 [WARN] SupportedApi:132 - Cannot load RTOS API schema: s4s-elt-must-match.1: The content of 'definitions' must match (annotation?, (simpleType | complexType)?, (unique | key | keyref)*)). A problem was found starting at: attribute.
2024-11-30 13:59:25,556 [INFO] PluginManage:359 - Loaded plugin pinoutconfig (category:base,tabindex:0)
2024-11-30 13:59:25,557 [INFO] PluginManage:310 - Check plugin power
2024-11-30 13:59:25,615 [INFO] PluginManage:359 - Loaded plugin power (category:power,tabindex:4)
2024-11-30 13:59:25,615 [INFO] PluginManage:310 - Check plugin projectmanager
2024-11-30 13:59:25,650 [INFO] PluginManage:359 - Loaded plugin projectmanager (category:projectmanager,tabindex:3)
2024-11-30 13:59:25,650 [INFO] PluginManage:310 - Check plugin thirdparty
2024-11-30 13:59:26,445 [WARN] IntegrityCheckThread:84 - waiting for thirdparty lock release [integrity check]
2024-11-30 13:59:26,445 [INFO] PluginManage:359 - Loaded plugin thirdparty (category:base,tabindex:-1)
2024-11-30 13:59:26,445 [INFO] IntegrityCheckThread:86 - entering critical section [integrity check]
2024-11-30 13:59:26,446 [INFO] PluginManage:310 - Check plugin tools
2024-11-30 13:59:26,447 [INFO] ThirdPartyUpdaterWithRetryManager:70 - Updater plugin not ready yet. [1/15]
2024-11-30 13:59:26,553 [INFO] PluginManage:359 - Loaded plugin tools (category:base,tabindex:7)
2024-11-30 13:59:26,553 [INFO] PluginManage:310 - Check plugin tutovideos
2024-11-30 13:59:27,025 [INFO] PluginManage:359 - Loaded plugin tutovideos (category:base,tabindex:-1)
2024-11-30 13:59:27,026 [INFO] PluginManage:310 - Check plugin updater
2024-11-30 13:59:27,050 [INFO] PluginManage:359 - Loaded plugin updater (category:base,tabindex:12)
2024-11-30 13:59:27,051 [INFO] PluginManage:310 - Check plugin userauth
2024-11-30 13:59:27,061 [INFO] UserAuth:113 - Init User Auth plugin
2024-11-30 13:59:27,061 [INFO] PluginManage:359 - Loaded plugin userauth (category:base,tabindex:14)
2024-11-30 13:59:27,062 [INFO] PluginManage:283 - PluginManage : Loaded plugins [17]
2024-11-30 13:59:27,571 [INFO] PinOutPanel:1499 - setPackage(No Configuration,No Configuration)
2024-11-30 13:59:27,815 [INFO] CADModel:165 - CPN selected for project level
2024-11-30 13:59:27,816 [INFO] CADModel:114 - Register for checkConnection events
2024-11-30 13:59:27,876 [INFO] IPUIPlugin:80 - create IPUIPlugin
2024-11-30 13:59:27,877 [INFO] PluginManager:220 - loadIPPluginJar : add adc
2024-11-30 13:59:27,971 [INFO] IPUIPlugin:80 - create IPUIPlugin
2024-11-30 13:59:27,971 [INFO] PluginManager:220 - loadIPPluginJar : add aes
2024-11-30 13:59:28,078 [INFO] IPUIPlugin:80 - create IPUIPlugin
2024-11-30 13:59:28,078 [INFO] PluginManager:220 - loadIPPluginJar : add can
2024-11-30 13:59:28,146 [INFO] IPUIPlugin:80 - create IPUIPlugin
2024-11-30 13:59:28,146 [INFO] PluginManager:220 - loadIPPluginJar : add comp
2024-11-30 13:59:28,229 [INFO] IPUIPlugin:80 - create IPUIPlugin
2024-11-30 13:59:28,230 [INFO] PluginManager:220 - loadIPPluginJar : add cryp
2024-11-30 13:59:28,322 [INFO] IPUIPlugin:80 - create IPUIPlugin
2024-11-30 13:59:28,322 [INFO] PluginManager:220 - loadIPPluginJar : add dfsdm
2024-11-30 13:59:28,363 [INFO] IPUIPlugin:80 - create IPUIPlugin
2024-11-30 13:59:28,365 [INFO] PluginManager:220 - loadIPPluginJar : add dma
2024-11-30 13:59:28,484 [INFO] IPUIPlugin:80 - create IPUIPlugin
2024-11-30 13:59:28,485 [INFO] PluginManager:220 - loadIPPluginJar : add dma3
2024-11-30 13:59:28,542 [INFO] IPUIPlugin:80 - create IPUIPlugin
2024-11-30 13:59:28,542 [INFO] PluginManager:220 - loadIPPluginJar : add fatfs
2024-11-30 13:59:28,658 [INFO] IPUIPlugin:80 - create IPUIPlugin
2024-11-30 13:59:28,659 [INFO] PluginManager:220 - loadIPPluginJar : add fmc
2024-11-30 13:59:28,695 [INFO] IPUIPlugin:80 - create IPUIPlugin
2024-11-30 13:59:28,695 [INFO] PluginManager:220 - loadIPPluginJar : add freertos
2024-11-30 13:59:28,755 [INFO] IPUIPlugin:80 - create IPUIPlugin
2024-11-30 13:59:28,755 [INFO] PluginManager:220 - loadIPPluginJar : add genericplugin
2024-11-30 13:59:29,019 [INFO] IPUIPlugin:80 - create IPUIPlugin
2024-11-30 13:59:29,019 [INFO] PluginManager:220 - loadIPPluginJar : add gfxmmu
2024-11-30 13:59:29,395 [INFO] IPUIPlugin:80 - create IPUIPlugin
2024-11-30 13:59:29,395 [INFO] PluginManager:220 - loadIPPluginJar : add gic
2024-11-30 13:59:29,436 [INFO] IPUIPlugin:80 - create IPUIPlugin
2024-11-30 13:59:29,436 [INFO] PluginManager:220 - loadIPPluginJar : add gpio
2024-11-30 13:59:29,448 [INFO] ThirdPartyUpdaterWithRetryManager:70 - Updater plugin not ready yet. [2/15]
2024-11-30 13:59:29,674 [INFO] IPUIPlugin:80 - create IPUIPlugin
2024-11-30 13:59:29,674 [INFO] PluginManager:220 - loadIPPluginJar : add gtzc
2024-11-30 13:59:29,783 [INFO] IPUIPlugin:80 - create IPUIPlugin
2024-11-30 13:59:29,784 [INFO] PluginManager:220 - loadIPPluginJar : add hash
2024-11-30 13:59:29,912 [INFO] IPUIPlugin:80 - create IPUIPlugin
2024-11-30 13:59:29,913 [INFO] PluginManager:220 - loadIPPluginJar : add i2c
2024-11-30 13:59:30,033 [INFO] IPUIPlugin:80 - create IPUIPlugin
2024-11-30 13:59:30,033 [INFO] PluginManager:220 - loadIPPluginJar : add i2s
2024-11-30 13:59:30,145 [INFO] IPUIPlugin:80 - create IPUIPlugin
2024-11-30 13:59:30,146 [INFO] PluginManager:220 - loadIPPluginJar : add i3c
2024-11-30 13:59:30,417 [INFO] IPUIPlugin:80 - create IPUIPlugin
2024-11-30 13:59:30,418 [INFO] PluginManager:220 - loadIPPluginJar : add ipddr
2024-11-30 13:59:30,661 [INFO] IPUIPlugin:80 - create IPUIPlugin
2024-11-30 13:59:30,662 [INFO] PluginManager:220 - loadIPPluginJar : add linkedlist
2024-11-30 13:59:30,761 [INFO] IPUIPlugin:80 - create IPUIPlugin
2024-11-30 13:59:30,761 [INFO] PluginManager:220 - loadIPPluginJar : add lorawan
2024-11-30 13:59:30,856 [INFO] IPUIPlugin:80 - create IPUIPlugin
2024-11-30 13:59:30,856 [INFO] PluginManager:220 - loadIPPluginJar : add ltdc
2024-11-30 13:59:30,890 [INFO] IPUIPlugin:80 - create IPUIPlugin
2024-11-30 13:59:30,891 [INFO] PluginManager:220 - loadIPPluginJar : add mdma
2024-11-30 13:59:30,924 [INFO] IPUIPlugin:80 - create IPUIPlugin
2024-11-30 13:59:30,924 [INFO] PluginManager:220 - loadIPPluginJar : add nvic
2024-11-30 13:59:31,020 [INFO] IPUIPlugin:80 - create IPUIPlugin
2024-11-30 13:59:31,020 [INFO] PluginManager:220 - loadIPPluginJar : add opamp
2024-11-30 13:59:31,186 [INFO] IPUIPlugin:80 - create IPUIPlugin
2024-11-30 13:59:31,187 [INFO] PluginManager:220 - loadIPPluginJar : add openamp
2024-11-30 13:59:31,298 [INFO] IPUIPlugin:80 - create IPUIPlugin
2024-11-30 13:59:31,298 [INFO] PluginManager:220 - loadIPPluginJar : add pdm2pcm
2024-11-30 13:59:31,338 [INFO] IPUIPlugin:80 - create IPUIPlugin
2024-11-30 13:59:31,342 [INFO] PluginManager:220 - loadIPPluginJar : add plateformsettings
2024-11-30 13:59:31,412 [INFO] IPUIPlugin:80 - create IPUIPlugin
2024-11-30 13:59:31,412 [INFO] PluginManager:220 - loadIPPluginJar : add quadspi
2024-11-30 13:59:31,443 [INFO] IPUIPlugin:80 - create IPUIPlugin
2024-11-30 13:59:31,444 [INFO] PluginManager:220 - loadIPPluginJar : add resmgrutility
2024-11-30 13:59:31,571 [INFO] IPUIPlugin:80 - create IPUIPlugin
2024-11-30 13:59:31,571 [INFO] PluginManager:220 - loadIPPluginJar : add sai
2024-11-30 13:59:31,668 [INFO] IPUIPlugin:80 - create IPUIPlugin
2024-11-30 13:59:31,668 [INFO] PluginManager:220 - loadIPPluginJar : add spi
2024-11-30 13:59:31,834 [INFO] IPUIPlugin:80 - create IPUIPlugin
2024-11-30 13:59:31,834 [INFO] PluginManager:220 - loadIPPluginJar : add stm32_wpan
2024-11-30 13:59:31,921 [INFO] IPUIPlugin:80 - create IPUIPlugin
2024-11-30 13:59:31,921 [INFO] PluginManager:220 - loadIPPluginJar : add tim
2024-11-30 13:59:32,075 [INFO] IPUIPlugin:80 - create IPUIPlugin
2024-11-30 13:59:32,075 [INFO] PluginManager:220 - loadIPPluginJar : add touchsensing
2024-11-30 13:59:32,149 [INFO] IPUIPlugin:80 - create IPUIPlugin
2024-11-30 13:59:32,149 [INFO] PluginManager:220 - loadIPPluginJar : add tracer_emb
2024-11-30 13:59:32,222 [INFO] IPUIPlugin:80 - create IPUIPlugin
2024-11-30 13:59:32,222 [INFO] PluginManager:220 - loadIPPluginJar : add ts
2024-11-30 13:59:32,284 [INFO] IPUIPlugin:80 - create IPUIPlugin
2024-11-30 13:59:32,284 [INFO] PluginManager:220 - loadIPPluginJar : add tsc
2024-11-30 13:59:32,354 [INFO] IPUIPlugin:80 - create IPUIPlugin
2024-11-30 13:59:32,354 [INFO] PluginManager:220 - loadIPPluginJar : add ucpd
2024-11-30 13:59:32,450 [INFO] ThirdPartyUpdaterWithRetryManager:70 - Updater plugin not ready yet. [3/15]
2024-11-30 13:59:32,491 [INFO] IPUIPlugin:80 - create IPUIPlugin
2024-11-30 13:59:32,491 [INFO] PluginManager:220 - loadIPPluginJar : add usart
2024-11-30 13:59:32,621 [INFO] IPUIPlugin:80 - create IPUIPlugin
2024-11-30 13:59:32,621 [INFO] PluginManager:220 - loadIPPluginJar : add usbx
2024-11-30 13:59:32,825 [INFO] CADModel:165 - CPN selected for project level
2024-11-30 13:59:32,825 [INFO] CADModel:114 - Register for checkConnection events
2024-11-30 13:59:32,825 [FATAL] Updater:308 - Updater called before beeing initialized
2024-11-30 13:59:32,825 [ERROR] CADModel:125 - Updater not yet initialized, retry later 
2024-11-30 13:59:33,150 [INFO] CADModel:165 - CPN selected for project level
2024-11-30 13:59:33,150 [INFO] CADModel:114 - Register for checkConnection events
2024-11-30 13:59:33,151 [FATAL] Updater:308 - Updater called before beeing initialized
2024-11-30 13:59:33,151 [ERROR] CADModel:125 - Updater not yet initialized, retry later 
2024-11-30 13:59:33,158 [FATAL] Updater:308 - Updater called before beeing initialized
2024-11-30 13:59:33,409 [FATAL] Updater:308 - Updater called before beeing initialized
2024-11-30 13:59:33,423 [INFO] DbMcusAds:53 - JSON generation date=Fri Sep 20 22:04:38 JST 2024 (1726837478367)
2024-11-30 13:59:33,423 [FATAL] Updater:308 - Updater called before beeing initialized
2024-11-30 13:59:33,843 [WARN] DetailPanel:346 - Failed to get advertising image, set to default
2024-11-30 13:59:34,103 [FATAL] Updater:308 - Updater called before beeing initialized
2024-11-30 13:59:34,107 [FATAL] Updater:308 - Updater called before beeing initialized
2024-11-30 13:59:34,108 [FATAL] Updater:308 - Updater called before beeing initialized
2024-11-30 13:59:34,108 [WARN] DetailPanel:346 - Failed to get advertising image, set to default
2024-11-30 13:59:34,110 [FATAL] Updater:308 - Updater called before beeing initialized
2024-11-30 13:59:34,270 [ERROR] Updater:1120 - MainUpdater not yet initialized. External WinMGr cannot be set.
2024-11-30 13:59:34,302 [INFO] Updater:1056 - Updater Version found : 6.9.1
2024-11-30 13:59:34,348 [INFO] ApplicationProperties:184 - Using Application install path: C:\ST\STM32CubeIDE_1.4.0\STM32CubeIDE\plugins\com.st.stm32cube.common.mx_6.9.1.202307191849
2024-11-30 13:59:34,682 [INFO] MainUpdater:2868 - connection check result : 10
2024-11-30 13:59:34,684 [INFO] MainUpdater:285 - Updater Check For Update Now.
2024-11-30 13:59:34,684 [INFO] MicroXplorer:498 - Change Database Version : DB.6.0.91
2024-11-30 13:59:34,729 [INFO] McuFinderGlobals:63 - Set McuFinder mode to 2 (CubeIDE integrated)
2024-11-30 13:59:34,730 [INFO] UserAuth:179 - activating auth plugin
2024-11-30 13:59:34,740 [INFO] UserAuth:393 - Internet connection configuration mode: 1
2024-11-30 13:59:34,795 [INFO] JxBrowserEngine:151 - Initiate JxBrowser Engine with user profile folder
2024-11-30 13:59:35,092 [INFO] CheckServerUpdateThread:120 - End of CheckServer Thread
2024-11-30 13:59:36,470 [WARN] PackLoader:240 - Cannot read IP mode file for STMicroelectronics.FP-SNS-MOTENVWB1.1.4.0
2024-11-30 13:59:36,572 [WARN] PackLoader:240 - Cannot read IP mode file for STMicroelectronics.FP-ATR-ASTRA1.2.0.1
2024-11-30 13:59:36,628 [WARN] PackLoader:240 - Cannot read IP mode file for STMicroelectronics.X-CUBE-SMBUS.2.1.0
2024-11-30 13:59:36,679 [WARN] PackLoader:240 - Cannot read IP mode file for STMicroelectronics.X-CUBE-WB05N.1.1.0
2024-11-30 13:59:36,752 [WARN] PackLoader:240 - Cannot read IP mode file for STMicroelectronics.X-CUBE-TOUCHGFX.4.23.0
2024-11-30 13:59:36,763 [WARN] PackLoader:240 - Cannot read IP mode file for STMicroelectronics.X-CUBE-TOUCHGFX.4.23.2
2024-11-30 13:59:36,898 [WARN] PackLoader:240 - Cannot read IP mode file for STMicroelectronics.X-CUBE-AZRTOS-F7.1.1.0
2024-11-30 13:59:36,964 [ERROR] RealEvaluatedCondition:428 - Found unsupported composite condition: CLASS='Data Exchange' GROUP='STM32_MetaDataManager'
2024-11-30 13:59:36,964 [ERROR] RealEvaluatedCondition:428 - Found unsupported composite condition: CLASS='Data Exchange' GROUP='STM32_MetaDataManager'
2024-11-30 13:59:36,969 [WARN] PackLoader:240 - Cannot read IP mode file for STMicroelectronics.FP-SNS-MOTENV1.4.3.0
2024-11-30 13:59:37,002 [WARN] PackLoader:240 - Cannot read IP mode file for STMicroelectronics.FP-SNS-MOTENV1.4.3.2
2024-11-30 13:59:37,024 [WARN] PackLoader:240 - Cannot read IP mode file for STMicroelectronics.FP-SNS-FLIGHT1.5.0.0
2024-11-30 13:59:37,037 [ERROR] RealEvaluatedCondition:428 - Found unsupported composite condition: GROUP='STM32_MetaDataManager' CLASS='Data Exchange'
2024-11-30 13:59:37,037 [ERROR] RealEvaluatedCondition:428 - Found unsupported composite condition: GROUP='STM32_MetaDataManager' CLASS='Data Exchange'
2024-11-30 13:59:37,063 [WARN] PackLoader:240 - Cannot read IP mode file for STMicroelectronics.FP-SNS-MOTENV1.4.3.1
2024-11-30 13:59:37,081 [WARN] PackLoader:240 - Cannot read IP mode file for STMicroelectronics.FP-SNS-FLIGHT1.5.0.1
2024-11-30 13:59:37,378 [WARN] PackLoader:240 - Cannot read IP mode file for STMicroelectronics.X-CUBE-MEMS1.11.0.0
2024-11-30 13:59:37,494 [INFO] WebApp:157 - Instantiating new browser for Auth
2024-11-30 13:59:38,789 [WARN] PackLoader:240 - Cannot read IP mode file for STMicroelectronics.X-CUBE-BLE1.6.2.4
2024-11-30 13:59:38,811 [WARN] PackLoader:240 - Cannot read IP mode file for STMicroelectronics.FP-SNS-FLIGHT1.5.0.2
2024-11-30 13:59:38,900 [WARN] PackLoader:240 - Cannot read IP mode file for STMicroelectronics.X-CUBE-DISPLAY.3.0.0
2024-11-30 13:59:38,926 [WARN] PackLoader:240 - Cannot read IP mode file for STMicroelectronics.X-CUBE-BLE1.7.0.0
2024-11-30 13:59:38,949 [WARN] PackLoader:240 - Cannot read IP mode file for STMicroelectronics.X-CUBE-NFC10.1.0.0
2024-11-30 13:59:38,964 [WARN] PackLoader:240 - Cannot read IP mode file for STMicroelectronics.X-CUBE-TOUCHGFX.4.22.0
2024-11-30 13:59:39,034 [WARN] PackLoader:240 - Cannot read IP mode file for STMicroelectronics.X-CUBE-TOUCHGFX.4.22.1
2024-11-30 13:59:39,063 [WARN] PackLoader:240 - Cannot read IP mode file for STMicroelectronics.X-CUBE-BLEMGR.3.1.0
2024-11-30 13:59:39,161 [WARN] PackLoader:240 - Cannot read IP mode file for STMicroelectronics.FP-SNS-SMARTAG2.1.2.0
2024-11-30 13:59:39,196 [INFO] LogOutputStream:77 - [STDOUT_REDIRECT] 1 : Invalid condition id : UX_CORESTACK_Condition cause : null
2024-11-30 13:59:39,198 [INFO] LogOutputStream:77 - [STDOUT_REDIRECT] 1 : Invalid condition id : UX_CORESTACK_Condition cause : null
2024-11-30 13:59:39,250 [INFO] LogOutputStream:77 - [STDOUT_REDIRECT] 1 : Invalid condition id : UX_CORESTACK_Condition cause : null
2024-11-30 13:59:39,256 [INFO] LogOutputStream:77 - [STDOUT_REDIRECT] 1 : Invalid condition id : UX_CORESTACK_Condition cause : null
2024-11-30 13:59:39,261 [INFO] LogOutputStream:77 - [STDOUT_REDIRECT] 1 : Invalid condition id : UX_CORESTACK_Condition cause : null
2024-11-30 13:59:39,269 [WARN] PackLoader:240 - Cannot read IP mode file for STMicroelectronics.X-CUBE-AZRTOS-WL.2.0.0
2024-11-30 13:59:39,283 [WARN] PackLoader:240 - Cannot read IP mode file for STMicroelectronics.FP-SNS-MOTENV1.5.0.0
2024-11-30 13:59:39,381 [WARN] PackLoader:240 - Cannot read IP mode file for wolfSSL.I-CUBE-wolfMQTT.1.19.0
2024-11-30 13:59:39,407 [WARN] PackLoader:240 - Cannot read IP mode file for WES.I-CUBE-Cesium.1.3.0
2024-11-30 13:59:39,428 [WARN] PackLoader:240 - Cannot read IP mode file for STMicroelectronics.X-CUBE-BLE2.3.3.0
2024-11-30 13:59:39,462 [WARN] PackLoader:240 - Cannot read IP mode file for STMicroelectronics.X-CUBE-TOF1.3.2.0
2024-11-30 13:59:39,506 [WARN] PackLoader:240 - Cannot read IP mode file for STMicroelectronics.X-CUBE-NFC9.1.0.0
2024-11-30 13:59:39,564 [WARN] PackLoader:240 - Cannot read IP mode file for STMicroelectronics.X-CUBE-TCPP.4.1.0
2024-11-30 13:59:39,582 [WARN] PackLoader:240 - Cannot read IP mode file for STMicroelectronics.X-CUBE-TOUCHGFX.4.21.1
2024-11-30 13:59:39,593 [WARN] PackLoader:240 - Cannot read IP mode file for STMicroelectronics.X-CUBE-TOUCHGFX.4.21.3
2024-11-30 13:59:39,602 [WARN] PackLoader:240 - Cannot read IP mode file for STMicroelectronics.X-CUBE-TOUCHGFX.4.21.4
2024-11-30 13:59:39,632 [WARN] PackLoader:240 - Cannot read IP mode file for STMicroelectronics.X-CUBE-ALGOBUILD.1.3.0
2024-11-30 13:59:39,690 [WARN] PackLoader:240 - Cannot read IP mode file for STMicroelectronics.X-CUBE-AZRTOS-G0.1.1.0
2024-11-30 13:59:39,801 [WARN] PackLoader:240 - Cannot read IP mode file for STMicroelectronics.X-CUBE-SAFEA1.1.2.2
2024-11-30 13:59:39,826 [WARN] PackLoader:240 - Cannot read IP mode file for STMicroelectronics.X-CUBE-NFC4.3.0.0
2024-11-30 13:59:39,842 [ERROR] Engine:466 - C:\Users\Minh\.stm32cubemx\thirdparties\pdsc\EmbeddedOffice.I-CUBE-FS-RTOS.1.0.1.pdsc: PDSC version is not supported
2024-11-30 13:59:39,867 [WARN] PackLoader:240 - Cannot read IP mode file for STMicroelectronics.X-CUBE-BLEMGR.3.0.0
2024-11-30 13:59:39,886 [ERROR] Engine:466 - C:\Users\Minh\.stm32cubemx\thirdparties\pdsc\RealThread.X-CUBE-RT-Thread_Nano.4.1.1.pdsc: PDSC version is not supported
2024-11-30 13:59:39,910 [WARN] PackLoader:240 - Cannot read IP mode file for STMicroelectronics.FP-ATR-SIGFOX1.3.2.0
2024-11-30 13:59:39,922 [ERROR] Engine:466 - C:\Users\Minh\.stm32cubemx\thirdparties\pdsc\quantropi.X-CUBE-qispace-sdk-base.1.9.3.pdsc: PDSC version is not supported
2024-11-30 13:59:39,939 [WARN] PackLoader:240 - Cannot read IP mode file for STMicroelectronics.X-CUBE-EEPRMA1.5.1.0
2024-11-30 13:59:40,107 [WARN] PackLoader:240 - Cannot read IP mode file for STMicroelectronics.X-CUBE-MEMS1.9.5.0
2024-11-30 13:59:40,591 [WARN] PackLoader:240 - Cannot read IP mode file for SEGGER.I-CUBE-embOS.1.3.1
2024-11-30 13:59:40,719 [WARN] PackLoader:240 - Cannot read IP mode file for STMicroelectronics.X-CUBE-ALGOBUILD.1.4.0
2024-11-30 13:59:40,729 [WARN] PackLoader:240 - Cannot read IP mode file for STMicroelectronics.X-CUBE-AI.9.1.0
2024-11-30 13:59:40,743 [WARN] PackLoader:240 - Cannot read IP mode file for STMicroelectronics.X-CUBE-GNSS1.6.0.0
2024-11-30 13:59:40,783 [WARN] PackLoader:240 - Cannot read IP mode file for STMicroelectronics.X-CUBE-AZRTOS-F4.1.1.0
2024-11-30 13:59:40,822 [WARN] PackLoader:240 - Cannot read IP mode file for STMicroelectronics.X-CUBE-ISPU.2.1.0
2024-11-30 13:59:40,835 [WARN] PackLoader:240 - Cannot read IP mode file for STMicroelectronics.X-CUBE-FREERTOS.1.2.0
2024-11-30 13:59:40,873 [WARN] PackLoader:240 - Cannot read IP mode file for STMicroelectronics.X-CUBE-AZRTOS-L5.2.0.0
2024-11-30 13:59:41,025 [WARN] PackLoader:240 - Cannot read IP mode file for STMicroelectronics.X-CUBE-MEMS1.9.6.0
2024-11-30 13:59:41,552 [WARN] PackLoader:240 - Cannot read IP mode file for STMicroelectronics.X-CUBE-EEPRMA1.4.2.0
2024-11-30 13:59:41,570 [WARN] PackLoader:240 - Cannot read IP mode file for STMicroelectronics.X-CUBE-NFC6.3.1.0
2024-11-30 13:59:41,594 [WARN] PackLoader:240 - Cannot read IP mode file for ITTIA_DB.I-CUBE-ITTIADB.8.8.0
2024-11-30 13:59:41,611 [WARN] PackLoader:240 - Cannot read IP mode file for emotas.I-CUBE-CANOPEN.1.1.3
2024-11-30 13:59:41,627 [WARN] PackLoader:240 - Cannot read IP mode file for STMicroelectronics.X-CUBE-BLEMGR.2.0.0
2024-11-30 13:59:41,637 [ERROR] Engine:466 - C:\Users\Minh\.stm32cubemx\thirdparties\pdsc\STMicroelectronics.X-CUBE-DPower.1.2.0.pdsc: PDSC version is not supported
2024-11-30 13:59:41,644 [WARN] PackLoader:240 - Cannot read IP mode file for STMicroelectronics.X-CUBE-AI.9.0.0
2024-11-30 13:59:41,689 [WARN] ConditionMgr:438 - getConditionDescription Invalid condition id : UX DEVICE CLASS RTOS Condition cause : null
2024-11-30 13:59:41,690 [WARN] ConditionMgr:438 - getConditionDescription Invalid condition id : UX DEVICE CLASS RTOS Condition cause : null
2024-11-30 13:59:41,696 [WARN] PackLoader:240 - Cannot read IP mode file for STMicroelectronics.X-CUBE-AZRTOS-H7.3.1.0
2024-11-30 13:59:41,700 [WARN] ConditionMgr:1039 - genDependencies : Invalid condition id : UX DEVICE CLASS RTOS Condition cause : null
2024-11-30 13:59:41,700 [WARN] ConditionMgr:1039 - genDependencies : Invalid condition id : UX DEVICE CLASS RTOS Condition cause : null
2024-11-30 13:59:41,702 [WARN] ConditionMgr:1039 - genDependencies : Invalid condition id : UX DEVICE CLASS RTOS Condition cause : null
2024-11-30 13:59:41,703 [WARN] ConditionMgr:1039 - genDependencies : Invalid condition id : UX DEVICE CLASS RTOS Condition cause : null
2024-11-30 13:59:41,703 [WARN] ConditionMgr:1039 - genDependencies : Invalid condition id : UX DEVICE CLASS RTOS Condition cause : null
2024-11-30 13:59:41,717 [WARN] PackLoader:240 - Cannot read IP mode file for wolfSSL.I-CUBE-wolfSSL.5.5.4
2024-11-30 13:59:41,728 [WARN] PackLoader:240 - Cannot read IP mode file for STMicroelectronics.X-CUBE-NFC7.1.0.1
2024-11-30 13:59:41,741 [WARN] PackLoader:240 - Cannot read IP mode file for STMicroelectronics.X-CUBE-NFC7.1.0.0
2024-11-30 13:59:41,751 [WARN] PackLoader:240 - Cannot read IP mode file for wolfSSL.I-CUBE-wolfTPM.3.2.0
2024-11-30 13:59:41,764 [WARN] PackLoader:240 - Cannot read IP mode file for STMicroelectronics.X-CUBE-NFC6.3.0.0
2024-11-30 13:59:41,781 [WARN] PackLoader:240 - Cannot read IP mode file for STMicroelectronics.X-CUBE-EEPRMA1.4.1.0
2024-11-30 13:59:41,789 [WARN] PackLoader:240 - Cannot read IP mode file for STMicroelectronics.X-CUBE-AI.8.1.0
2024-11-30 13:59:41,834 [WARN] ConditionMgr:438 - getConditionDescription Invalid condition id : LAN8742 Phy interface Condition cause : null
2024-11-30 13:59:41,835 [WARN] PackLoader:240 - Cannot read IP mode file for STMicroelectronics.X-CUBE-AZRTOS-L4.2.0.0
2024-11-30 13:59:41,838 [WARN] ConditionMgr:1039 - genDependencies : Invalid condition id : LAN8742 Phy interface Condition cause : null
2024-11-30 13:59:41,839 [WARN] ConditionMgr:1039 - genDependencies : Invalid condition id : LAN8742 Phy interface Condition cause : null
2024-11-30 13:59:41,840 [WARN] ConditionMgr:1039 - genDependencies : Invalid condition id : LAN8742 Phy interface Condition cause : null
2024-11-30 13:59:41,861 [WARN] PackLoader:240 - Cannot read IP mode file for STMicroelectronics.X-CUBE-SFXS2LP1.4.0.0
2024-11-30 13:59:41,906 [WARN] PackLoader:240 - Cannot read IP mode file for STMicroelectronics.X-CUBE-AZRTOS-H7.3.0.0
2024-11-30 13:59:41,922 [WARN] PackLoader:240 - Cannot read IP mode file for STMicroelectronics.X-CUBE-ISPU.1.1.0
2024-11-30 13:59:41,971 [WARN] PackLoader:240 - Cannot read IP mode file for STMicroelectronics.X-CUBE-AZRTOS-H7.3.3.0
2024-11-30 13:59:41,996 [WARN] PackLoader:240 - Cannot read IP mode file for RoweBots.I-CUBE-UNISONRTOS.5.5.0-4
2024-11-30 13:59:42,006 [WARN] PackLoader:240 - Cannot read IP mode file for STMicroelectronics.X-CUBE-AI.8.0.0
2024-11-30 13:59:42,016 [ERROR] Engine:466 - C:\Users\Minh\.stm32cubemx\thirdparties\pdsc\STMicroelectronics.X-CUBE-IPS.3.0.0.pdsc: PDSC version is not supported
2024-11-30 13:59:42,057 [WARN] ConditionMgr:438 - getConditionDescription Invalid condition id : UX DEVICE CLASS RTOS Condition cause : null
2024-11-30 13:59:42,058 [WARN] ConditionMgr:438 - getConditionDescription Invalid condition id : UX DEVICE CLASS RTOS Condition cause : null
2024-11-30 13:59:42,062 [WARN] PackLoader:240 - Cannot read IP mode file for STMicroelectronics.X-CUBE-AZRTOS-WB.2.0.0
2024-11-30 13:59:42,065 [WARN] ConditionMgr:1039 - genDependencies : Invalid condition id : UX DEVICE CLASS RTOS Condition cause : null
2024-11-30 13:59:42,065 [WARN] ConditionMgr:1039 - genDependencies : Invalid condition id : UX DEVICE CLASS RTOS Condition cause : null
2024-11-30 13:59:42,067 [WARN] ConditionMgr:1039 - genDependencies : Invalid condition id : UX DEVICE CLASS RTOS Condition cause : null
2024-11-30 13:59:42,067 [WARN] ConditionMgr:1039 - genDependencies : Invalid condition id : UX DEVICE CLASS RTOS Condition cause : null
2024-11-30 13:59:42,068 [WARN] ConditionMgr:1039 - genDependencies : Invalid condition id : UX DEVICE CLASS RTOS Condition cause : null
2024-11-30 13:59:42,078 [WARN] PackLoader:240 - Cannot read IP mode file for STMicroelectronics.X-CUBE-FREERTOS.1.0.0
2024-11-30 13:59:42,088 [WARN] PackLoader:240 - Cannot read IP mode file for STMicroelectronics.X-CUBE-FREERTOS.1.0.1
2024-11-30 13:59:42,098 [WARN] PackLoader:240 - Cannot read IP mode file for STMicroelectronics.X-CUBE-GNSS1.7.0.0
2024-11-30 13:59:42,108 [ERROR] Engine:466 - C:\Users\Minh\.stm32cubemx\thirdparties\pdsc\STMicroelectronics.FP-SNS-STBOX1.2.0.0.pdsc: PDSC version is not supported
2024-11-30 13:59:42,145 [WARN] PackLoader:240 - Cannot read IP mode file for STMicroelectronics.X-CUBE-AZRTOS-L5.1.1.0
2024-11-30 13:59:42,147 [INFO] WebApp:753 - Register for checkConnection events
2024-11-30 13:59:42,147 [INFO] WebApp:390 - Apply proxy settings
2024-11-30 13:59:42,148 [INFO] WebApp:475 - Chromium requires no authentication
2024-11-30 13:59:42,158 [WARN] PackLoader:240 - Cannot read IP mode file for STMicroelectronics.X-CUBE-AI.8.0.1
2024-11-30 13:59:42,170 [INFO] WebApp:418 - Direct internet connection detected
2024-11-30 13:59:42,180 [WARN] PackLoader:240 - Cannot read IP mode file for STMicroelectronics.X-CUBE-SUBG2.5.0.0
2024-11-30 13:59:42,200 [WARN] PackLoader:240 - Cannot read IP mode file for Cesanta.I-CUBE-Mongoose.7.13.0
2024-11-30 13:59:42,220 [WARN] PackLoader:240 - Cannot read IP mode file for STMicroelectronics.X-CUBE-TOF1.3.3.1
2024-11-30 13:59:42,289 [WARN] PackLoader:240 - Cannot read IP mode file for STMicroelectronics.X-CUBE-AZRTOS-G4.2.0.0
2024-11-30 13:59:42,320 [WARN] PackLoader:240 - Cannot read IP mode file for STMicroelectronics.X-CUBE-TOF1.3.3.0
2024-11-30 13:59:42,350 [WARN] PackLoader:240 - Cannot read IP mode file for STMicroelectronics.FP-ATR-ASTRA1.1.1.1
2024-11-30 13:59:42,416 [WARN] PackLoader:240 - Cannot read IP mode file for Infineon.AIROC-Wi-Fi-Bluetooth-STM32.1.5.1
2024-11-30 13:59:42,451 [WARN] PackLoader:240 - Cannot read IP mode file for STMicroelectronics.FP-SNS-MOTENVWB1.1.3.0
2024-11-30 13:59:42,462 [WARN] PackLoader:240 - Cannot read IP mode file for STMicroelectronics.FP-SNS-MOTENVWB1.1.3.1
2024-11-30 13:59:42,503 [WARN] PackLoader:240 - Cannot read IP mode file for STMicroelectronics.X-CUBE-AZRTOS-G4.1.0.0
2024-11-30 13:59:42,586 [WARN] PackLoader:240 - Cannot read IP mode file for STMicroelectronics.X-CUBE-AZRTOS-L4.1.0.0
2024-11-30 13:59:42,617 [WARN] PackLoader:240 - Cannot read IP mode file for STMicroelectronics.X-CUBE-ISPU.2.0.0
2024-11-30 13:59:42,628 [WARN] PackLoader:240 - Cannot read IP mode file for STMicroelectronics.X-CUBE-ALS.1.0.2
2024-11-30 13:59:42,731 [WARN] PackLoader:240 - Cannot read IP mode file for STMicroelectronics.X-CUBE-MEMS1.10.0.0
2024-11-30 13:59:42,920 [INFO] WebApp:188 - Starting web application
2024-11-30 13:59:42,920 [INFO] WebApp:520 - Web application path used C:\ST\STM32CubeIDE_1.4.0\STM32CubeIDE\plugins\com.st.stm32cube.common.mx_6.9.1.202307191849\db\plugins\mcufinder\reactClient1\index.html
2024-11-30 13:59:43,107 [WARN] PackLoader:240 - Cannot read IP mode file for STMicroelectronics.X-CUBE-FREERTOS.1.1.0
2024-11-30 13:59:43,116 [WARN] PackLoader:240 - Cannot read IP mode file for STMicroelectronics.X-CUBE-TOUCHGFX.4.24.0
2024-11-30 13:59:43,138 [WARN] PackLoader:240 - Cannot read IP mode file for STMicroelectronics.X-CUBE-AZRTOS-WL.1.0.0
2024-11-30 13:59:43,149 [WARN] PackLoader:240 - Cannot read IP mode file for STMicroelectronics.X-CUBE-TOUCHGFX.4.24.1
2024-11-30 13:59:43,162 [WARN] PackLoader:240 - Cannot read IP mode file for portGmbH.I-Cube-SoM-uGOAL.1.1.0
2024-11-30 13:59:43,171 [WARN] PackLoader:240 - Cannot read IP mode file for STMicroelectronics.X-CUBE-ALS.1.0.1
2024-11-30 13:59:43,223 [WARN] PackLoader:240 - Cannot read IP mode file for STMicroelectronics.X-CUBE-AZRTOS-WB.1.1.0
2024-11-30 13:59:43,275 [WARN] PackLoader:240 - Cannot read IP mode file for STMicroelectronics.X-CUBE-AZRTOS-H7RS.1.0.0
2024-11-30 13:59:43,289 [WARN] PackLoader:240 - Cannot read IP mode file for STMicroelectronics.FP-ATR-ASTRA1.2.0.0
2024-11-30 13:59:43,301 [ERROR] Engine:466 - C:\Users\Minh\.stm32cubemx\thirdparties\pdsc\STMicroelectronics.X-CUBE-TOF1.3.4.2.pdsc: PDSC version is not supported
2024-11-30 13:59:43,324 [WARN] PackLoader:240 - Cannot read IP mode file for STMicroelectronics.X-CUBE-TOF1.3.4.0
2024-11-30 13:59:43,374 [WARN] PackLoader:240 - Cannot read IP mode file for STMicroelectronics.X-CUBE-TOF1.3.4.1
2024-11-30 13:59:43,440 [WARN] PackLoader:240 - Cannot read IP mode file for STMicroelectronics.X-CUBE-AZRTOS-H7.3.2.0
2024-11-30 13:59:43,455 [WARN] PackLoader:240 - Cannot read IP mode file for wolfSSL.I-CUBE-wolfSSH.1.4.17
2024-11-30 13:59:43,457 [INFO] ThirdParty:978 - Integrity check success = true
2024-11-30 13:59:43,457 [INFO] IntegrityCheckThread:100 - exiting critical section [integrity check]
2024-11-30 13:59:43,457 [INFO] IntegrityCheckThread:103 - End integrity checks thread
2024-11-30 14:00:51,681 [ERROR] LogOutputStream:75 - [STDERR_REDIRECT] SLF4J: Failed to load class "org.slf4j.impl.StaticLoggerBinder".
2024-11-30 14:00:51,682 [ERROR] LogOutputStream:75 - [STDERR_REDIRECT] SLF4J: Defaulting to no-operation (NOP) logger implementation
2024-11-30 14:00:51,686 [ERROR] LogOutputStream:75 - [STDERR_REDIRECT] SLF4J: See http://www.slf4j.org/codes.html#StaticLoggerBinder for further details.
2024-11-30 21:46:35,936 [ERROR] LogOutputStream:75 - [STDERR_REDIRECT] 
