2023-12-31 15:30:51,897 [INFO] Activator:176 - 


2023-12-31 15:30:51,917 [INFO] Activator:177 - !SESSION log4j initialized
2023-12-31 15:31:12,340 [INFO] LogOutputStream:77 - [STDOUT_REDIRECT] 
2023-12-31 15:31:17,129 [INFO] ApplicationProperties:184 - Using Application install path: C:\ST\STM32CubeIDE_1.4.0\STM32CubeIDE\plugins\com.st.stm32cube.common.mx_6.9.1.202307191849
2023-12-31 15:31:17,171 [INFO] DbMcusXml:78 - Set database path to: C:\ST\STM32CubeIDE_1.4.0\STM32CubeIDE\plugins\com.st.stm32cube.common.mx_6.9.1.202307191849\\db\/mcu/
2023-12-31 15:31:17,175 [INFO] ApiDb:274 - Set plugin database path to: C:\ST\STM32CubeIDE_1.4.0\STM32CubeIDE\plugins\com.st.stm32cube.common.mx_6.9.1.202307191849\\db\/plugins/boardmanager/
2023-12-31 15:31:17,175 [WARN] ApiDb:259 - Overriding images path with different value:  => C:\ST\STM32CubeIDE_1.4.0\STM32CubeIDE\plugins\com.st.stm32cube.common.mx_6.9.1.202307191849\\db\/plugins/mcufinder/images/
2023-12-31 15:31:17,201 [INFO] ApiDb:250 - Set database path to: C:\Users\Minh\.stmcufinder\plugins\mcufinder//mcu/
2023-12-31 15:31:17,205 [INFO] DbMcusAds:125 - Set database path to: C:\Users\Minh\.stmcufinder\plugins\mcufinder//mcu/
2023-12-31 15:31:17,210 [INFO] CrossReferenceDbSqlite:203 - Set database path to: C:\Users\Minh\.stmcufinder\plugins\mcufinder//mcu/cs/
2023-12-31 15:31:17,558 [INFO] RulesReader:64 - Compatibility file has been processed (293 Rules)
2023-12-31 15:31:17,767 [INFO] DbMcusXml:78 - Set database path to: C:\ST\STM32CubeIDE_1.4.0\STM32CubeIDE\plugins\com.st.stm32cube.common.mx_6.9.1.202307191849\\db\/mcu/
2023-12-31 15:31:17,768 [INFO] ApiDb:274 - Set plugin database path to: C:\ST\STM32CubeIDE_1.4.0\STM32CubeIDE\plugins\com.st.stm32cube.common.mx_6.9.1.202307191849\\db\/plugins/boardmanager/
2023-12-31 15:31:17,768 [INFO] ApiDb:261 - Set plugin images path to: C:\ST\STM32CubeIDE_1.4.0\STM32CubeIDE\plugins\com.st.stm32cube.common.mx_6.9.1.202307191849\\db\/plugins/mcufinder/images/
2023-12-31 15:31:17,770 [WARN] DbFile:41 - Overriding database path with different value: C:\Users\Minh\.stmcufinder\plugins\mcufinder/ => C:\Users\Minh\.stmcufinder\plugins\mcufinder
2023-12-31 15:31:17,770 [INFO] ApiDb:250 - Set database path to: C:\Users\Minh\.stmcufinder\plugins\mcufinder//mcu/
2023-12-31 15:31:17,770 [WARN] DbFile:41 - Overriding database path with different value: C:\Users\Minh\.stmcufinder\plugins\mcufinder/ => C:\Users\Minh\.stmcufinder\plugins\mcufinder
2023-12-31 15:31:17,771 [INFO] DbMcusAds:125 - Set database path to: C:\Users\Minh\.stmcufinder\plugins\mcufinder//mcu/
2023-12-31 15:31:17,771 [WARN] DbFile:41 - Overriding database path with different value: C:\Users\Minh\.stmcufinder\plugins\mcufinder/ => C:\Users\Minh\.stmcufinder\plugins\mcufinder
2023-12-31 15:31:17,771 [WARN] DbFile:41 - Overriding database path with different value: C:\Users\Minh\.stmcufinder\plugins\mcufinder/ => C:\Users\Minh\.stmcufinder\plugins\mcufinder
2023-12-31 15:31:17,771 [INFO] CrossReferenceDbSqlite:203 - Set database path to: C:\Users\Minh\.stmcufinder\plugins\mcufinder//mcu/cs/
2023-12-31 15:31:17,990 [INFO] MainPanel:262 - HeapMemory: 268435456
2023-12-31 15:31:18,203 [INFO] DbMcusXml:78 - Set database path to: C:\ST\STM32CubeIDE_1.4.0\STM32CubeIDE\plugins\com.st.stm32cube.common.mx_6.9.1.202307191849\\db\/mcu/
2023-12-31 15:31:18,203 [INFO] ApiDb:274 - Set plugin database path to: C:\ST\STM32CubeIDE_1.4.0\STM32CubeIDE\plugins\com.st.stm32cube.common.mx_6.9.1.202307191849\\db\/plugins/boardmanager/
2023-12-31 15:31:18,203 [INFO] ApiDb:261 - Set plugin images path to: C:\ST\STM32CubeIDE_1.4.0\STM32CubeIDE\plugins\com.st.stm32cube.common.mx_6.9.1.202307191849\\db\/plugins/mcufinder/images/
2023-12-31 15:31:18,210 [WARN] DbFile:41 - Overriding database path with different value: C:\Users\Minh\.stmcufinder\plugins\mcufinder/ => C:\Users\Minh\.stmcufinder\plugins\mcufinder
2023-12-31 15:31:18,210 [INFO] ApiDb:250 - Set database path to: C:\Users\Minh\.stmcufinder\plugins\mcufinder//mcu/
2023-12-31 15:31:18,210 [WARN] DbFile:41 - Overriding database path with different value: C:\Users\Minh\.stmcufinder\plugins\mcufinder/ => C:\Users\Minh\.stmcufinder\plugins\mcufinder
2023-12-31 15:31:18,210 [INFO] DbMcusAds:125 - Set database path to: C:\Users\Minh\.stmcufinder\plugins\mcufinder//mcu/
2023-12-31 15:31:18,210 [WARN] DbFile:41 - Overriding database path with different value: C:\Users\Minh\.stmcufinder\plugins\mcufinder/ => C:\Users\Minh\.stmcufinder\plugins\mcufinder
2023-12-31 15:31:18,210 [WARN] DbFile:41 - Overriding database path with different value: C:\Users\Minh\.stmcufinder\plugins\mcufinder/ => C:\Users\Minh\.stmcufinder\plugins\mcufinder
2023-12-31 15:31:18,212 [INFO] CrossReferenceDbSqlite:203 - Set database path to: C:\Users\Minh\.stmcufinder\plugins\mcufinder//mcu/cs/
2023-12-31 15:31:18,257 [INFO] ApplicationProperties:184 - Using Application install path: C:\ST\STM32CubeIDE_1.4.0\STM32CubeIDE\plugins\com.st.stm32cube.common.mx_6.9.1.202307191849
2023-12-31 15:31:18,261 [INFO] PluginManage:196 - Search for loadable plugins [exclusion list=, ]
2023-12-31 15:31:18,265 [INFO] PluginManage:310 - Check plugin analytics
2023-12-31 15:31:18,946 [INFO] AnalyticsPlugin:253 - Accepted Software Licenses: STM32CubeMX.6.0.0,STM32CubeMX.5.2.0
2023-12-31 15:31:18,947 [INFO] AnalyticsPlugin:255 - Accepted CMSIS Pack Licenses: 
2023-12-31 15:31:18,948 [INFO] AnalyticsPlugin:257 - Accepted Firmware Licenses: 
2023-12-31 15:31:18,952 [INFO] PluginManage:359 - Loaded plugin analytics (category:tool,tabindex:-1)
2023-12-31 15:31:18,952 [INFO] PluginManage:310 - Check plugin cadmodel
2023-12-31 15:31:19,008 [INFO] CADModel:105 - Init CAD model plugin
2023-12-31 15:31:19,009 [INFO] PluginManage:359 - Loaded plugin cadmodel (category:power,tabindex:5)
2023-12-31 15:31:19,010 [INFO] PluginManage:310 - Check plugin clock
2023-12-31 15:31:19,109 [INFO] PluginManage:359 - Loaded plugin clock (category:base,tabindex:2)
2023-12-31 15:31:19,109 [INFO] PluginManage:310 - Check plugin ddr
2023-12-31 15:31:19,119 [INFO] PluginManage:359 - Loaded plugin ddr (category:tool,tabindex:6)
2023-12-31 15:31:19,119 [INFO] PluginManage:310 - Check plugin filemanager
2023-12-31 15:31:19,520 [INFO] PluginManage:359 - Loaded plugin filemanager (category:base,tabindex:10)
2023-12-31 15:31:19,525 [INFO] PluginManage:310 - Check plugin ipmanager
2023-12-31 15:31:19,547 [INFO] PluginManage:359 - Loaded plugin ipmanager (category:base,tabindex:5)
2023-12-31 15:31:19,548 [INFO] PluginManage:310 - Check plugin lpbam
2023-12-31 15:31:19,572 [INFO] PluginManage:359 - Loaded plugin lpbam (category:base,tabindex:0)
2023-12-31 15:31:19,572 [INFO] PluginManage:310 - Check plugin memorymap
2023-12-31 15:31:19,607 [INFO] PluginManage:359 - Loaded plugin memorymap (category:base,tabindex:4)
2023-12-31 15:31:19,608 [INFO] PluginManage:310 - Check plugin pinoutandconfiguration
2023-12-31 15:31:19,649 [INFO] PluginManage:359 - Loaded plugin pinoutandconfiguration (category:base,tabindex:1)
2023-12-31 15:31:19,650 [INFO] PluginManage:310 - Check plugin pinoutconfig
2023-12-31 15:31:19,929 [WARN] SupportedApi:132 - Cannot load RTOS API schema: s4s-elt-must-match.1: The content of 'definitions' must match (annotation?, (simpleType | complexType)?, (unique | key | keyref)*)). A problem was found starting at: attribute.
2023-12-31 15:31:20,295 [INFO] PluginManage:359 - Loaded plugin pinoutconfig (category:base,tabindex:0)
2023-12-31 15:31:20,295 [INFO] PluginManage:310 - Check plugin power
2023-12-31 15:31:20,325 [INFO] PluginManage:359 - Loaded plugin power (category:power,tabindex:4)
2023-12-31 15:31:20,325 [INFO] PluginManage:310 - Check plugin projectmanager
2023-12-31 15:31:20,365 [INFO] PluginManage:359 - Loaded plugin projectmanager (category:projectmanager,tabindex:3)
2023-12-31 15:31:20,366 [INFO] PluginManage:310 - Check plugin thirdparty
2023-12-31 15:31:21,043 [INFO] PluginManage:359 - Loaded plugin thirdparty (category:base,tabindex:-1)
2023-12-31 15:31:21,043 [WARN] IntegrityCheckThread:84 - waiting for thirdparty lock release [integrity check]
2023-12-31 15:31:21,044 [INFO] PluginManage:310 - Check plugin tools
2023-12-31 15:31:21,044 [INFO] IntegrityCheckThread:86 - entering critical section [integrity check]
2023-12-31 15:31:21,045 [INFO] ThirdPartyUpdaterWithRetryManager:70 - Updater plugin not ready yet. [1/15]
2023-12-31 15:31:21,132 [INFO] PluginManage:359 - Loaded plugin tools (category:base,tabindex:7)
2023-12-31 15:31:21,132 [INFO] PluginManage:310 - Check plugin tutovideos
2023-12-31 15:31:21,627 [INFO] PluginManage:359 - Loaded plugin tutovideos (category:base,tabindex:-1)
2023-12-31 15:31:21,627 [INFO] PluginManage:310 - Check plugin updater
2023-12-31 15:31:21,649 [INFO] PluginManage:359 - Loaded plugin updater (category:base,tabindex:12)
2023-12-31 15:31:21,649 [INFO] PluginManage:310 - Check plugin userauth
2023-12-31 15:31:21,667 [INFO] UserAuth:113 - Init User Auth plugin
2023-12-31 15:31:21,668 [INFO] PluginManage:359 - Loaded plugin userauth (category:base,tabindex:14)
2023-12-31 15:31:21,669 [INFO] PluginManage:283 - PluginManage : Loaded plugins [17]
2023-12-31 15:31:22,250 [INFO] PinOutPanel:1499 - setPackage(No Configuration,No Configuration)
2023-12-31 15:31:22,550 [INFO] CADModel:165 - CPN selected for project level
2023-12-31 15:31:22,550 [INFO] CADModel:114 - Register for checkConnection events
2023-12-31 15:31:22,614 [INFO] IPUIPlugin:80 - create IPUIPlugin
2023-12-31 15:31:22,614 [INFO] PluginManager:220 - loadIPPluginJar : add adc
2023-12-31 15:31:22,705 [INFO] IPUIPlugin:80 - create IPUIPlugin
2023-12-31 15:31:22,705 [INFO] PluginManager:220 - loadIPPluginJar : add aes
2023-12-31 15:31:22,810 [INFO] IPUIPlugin:80 - create IPUIPlugin
2023-12-31 15:31:22,811 [INFO] PluginManager:220 - loadIPPluginJar : add can
2023-12-31 15:31:22,869 [INFO] IPUIPlugin:80 - create IPUIPlugin
2023-12-31 15:31:22,870 [INFO] PluginManager:220 - loadIPPluginJar : add comp
2023-12-31 15:31:22,964 [INFO] IPUIPlugin:80 - create IPUIPlugin
2023-12-31 15:31:22,964 [INFO] PluginManager:220 - loadIPPluginJar : add cryp
2023-12-31 15:31:22,971 [INFO] IPUIPlugin:80 - create IPUIPlugin
2023-12-31 15:31:22,972 [INFO] PluginManager:220 - loadIPPluginJar : add dfsdm
2023-12-31 15:31:23,011 [INFO] IPUIPlugin:80 - create IPUIPlugin
2023-12-31 15:31:23,013 [INFO] PluginManager:220 - loadIPPluginJar : add dma
2023-12-31 15:31:23,131 [INFO] IPUIPlugin:80 - create IPUIPlugin
2023-12-31 15:31:23,132 [INFO] PluginManager:220 - loadIPPluginJar : add dma3
2023-12-31 15:31:23,190 [INFO] IPUIPlugin:80 - create IPUIPlugin
2023-12-31 15:31:23,190 [INFO] PluginManager:220 - loadIPPluginJar : add fatfs
2023-12-31 15:31:23,331 [INFO] IPUIPlugin:80 - create IPUIPlugin
2023-12-31 15:31:23,331 [INFO] PluginManager:220 - loadIPPluginJar : add fmc
2023-12-31 15:31:23,347 [INFO] IPUIPlugin:80 - create IPUIPlugin
2023-12-31 15:31:23,347 [INFO] PluginManager:220 - loadIPPluginJar : add freertos
2023-12-31 15:31:23,411 [INFO] IPUIPlugin:80 - create IPUIPlugin
2023-12-31 15:31:23,412 [INFO] PluginManager:220 - loadIPPluginJar : add genericplugin
2023-12-31 15:31:23,695 [INFO] IPUIPlugin:80 - create IPUIPlugin
2023-12-31 15:31:23,695 [INFO] PluginManager:220 - loadIPPluginJar : add gfxmmu
2023-12-31 15:31:24,047 [INFO] ThirdPartyUpdaterWithRetryManager:70 - Updater plugin not ready yet. [2/15]
2023-12-31 15:31:24,047 [INFO] IPUIPlugin:80 - create IPUIPlugin
2023-12-31 15:31:24,047 [INFO] PluginManager:220 - loadIPPluginJar : add gic
2023-12-31 15:31:24,057 [INFO] IPUIPlugin:80 - create IPUIPlugin
2023-12-31 15:31:24,057 [INFO] PluginManager:220 - loadIPPluginJar : add gpio
2023-12-31 15:31:24,293 [INFO] IPUIPlugin:80 - create IPUIPlugin
2023-12-31 15:31:24,294 [INFO] PluginManager:220 - loadIPPluginJar : add gtzc
2023-12-31 15:31:24,374 [INFO] IPUIPlugin:80 - create IPUIPlugin
2023-12-31 15:31:24,374 [INFO] PluginManager:220 - loadIPPluginJar : add hash
2023-12-31 15:31:24,519 [INFO] IPUIPlugin:80 - create IPUIPlugin
2023-12-31 15:31:24,519 [INFO] PluginManager:220 - loadIPPluginJar : add i2c
2023-12-31 15:31:24,615 [INFO] IPUIPlugin:80 - create IPUIPlugin
2023-12-31 15:31:24,615 [INFO] PluginManager:220 - loadIPPluginJar : add i2s
2023-12-31 15:31:24,724 [INFO] IPUIPlugin:80 - create IPUIPlugin
2023-12-31 15:31:24,724 [INFO] PluginManager:220 - loadIPPluginJar : add i3c
2023-12-31 15:31:25,003 [INFO] IPUIPlugin:80 - create IPUIPlugin
2023-12-31 15:31:25,003 [INFO] PluginManager:220 - loadIPPluginJar : add ipddr
2023-12-31 15:31:25,243 [INFO] IPUIPlugin:80 - create IPUIPlugin
2023-12-31 15:31:25,243 [INFO] PluginManager:220 - loadIPPluginJar : add linkedlist
2023-12-31 15:31:25,252 [INFO] IPUIPlugin:80 - create IPUIPlugin
2023-12-31 15:31:25,252 [INFO] PluginManager:220 - loadIPPluginJar : add lorawan
2023-12-31 15:31:25,255 [INFO] IPUIPlugin:80 - create IPUIPlugin
2023-12-31 15:31:25,256 [INFO] PluginManager:220 - loadIPPluginJar : add ltdc
2023-12-31 15:31:25,288 [INFO] IPUIPlugin:80 - create IPUIPlugin
2023-12-31 15:31:25,288 [INFO] PluginManager:220 - loadIPPluginJar : add mdma
2023-12-31 15:31:25,321 [INFO] IPUIPlugin:80 - create IPUIPlugin
2023-12-31 15:31:25,321 [INFO] PluginManager:220 - loadIPPluginJar : add nvic
2023-12-31 15:31:25,418 [INFO] IPUIPlugin:80 - create IPUIPlugin
2023-12-31 15:31:25,419 [INFO] PluginManager:220 - loadIPPluginJar : add opamp
2023-12-31 15:31:25,573 [INFO] IPUIPlugin:80 - create IPUIPlugin
2023-12-31 15:31:25,573 [INFO] PluginManager:220 - loadIPPluginJar : add openamp
2023-12-31 15:31:25,580 [INFO] IPUIPlugin:80 - create IPUIPlugin
2023-12-31 15:31:25,580 [INFO] PluginManager:220 - loadIPPluginJar : add pdm2pcm
2023-12-31 15:31:25,610 [INFO] IPUIPlugin:80 - create IPUIPlugin
2023-12-31 15:31:25,620 [INFO] PluginManager:220 - loadIPPluginJar : add plateformsettings
2023-12-31 15:31:25,673 [INFO] IPUIPlugin:80 - create IPUIPlugin
2023-12-31 15:31:25,673 [INFO] PluginManager:220 - loadIPPluginJar : add quadspi
2023-12-31 15:31:25,683 [INFO] IPUIPlugin:80 - create IPUIPlugin
2023-12-31 15:31:25,683 [INFO] PluginManager:220 - loadIPPluginJar : add resmgrutility
2023-12-31 15:31:25,813 [INFO] IPUIPlugin:80 - create IPUIPlugin
2023-12-31 15:31:25,816 [INFO] PluginManager:220 - loadIPPluginJar : add sai
2023-12-31 15:31:25,906 [INFO] IPUIPlugin:80 - create IPUIPlugin
2023-12-31 15:31:25,906 [INFO] PluginManager:220 - loadIPPluginJar : add spi
2023-12-31 15:31:26,047 [INFO] IPUIPlugin:80 - create IPUIPlugin
2023-12-31 15:31:26,047 [INFO] PluginManager:220 - loadIPPluginJar : add stm32_wpan
2023-12-31 15:31:26,055 [INFO] IPUIPlugin:80 - create IPUIPlugin
2023-12-31 15:31:26,055 [INFO] PluginManager:220 - loadIPPluginJar : add tim
2023-12-31 15:31:26,180 [INFO] IPUIPlugin:80 - create IPUIPlugin
2023-12-31 15:31:26,180 [INFO] PluginManager:220 - loadIPPluginJar : add touchsensing
2023-12-31 15:31:26,186 [INFO] IPUIPlugin:80 - create IPUIPlugin
2023-12-31 15:31:26,186 [INFO] PluginManager:220 - loadIPPluginJar : add tracer_emb
2023-12-31 15:31:26,193 [INFO] IPUIPlugin:80 - create IPUIPlugin
2023-12-31 15:31:26,193 [INFO] PluginManager:220 - loadIPPluginJar : add ts
2023-12-31 15:31:26,252 [INFO] IPUIPlugin:80 - create IPUIPlugin
2023-12-31 15:31:26,252 [INFO] PluginManager:220 - loadIPPluginJar : add tsc
2023-12-31 15:31:26,257 [INFO] IPUIPlugin:80 - create IPUIPlugin
2023-12-31 15:31:26,257 [INFO] PluginManager:220 - loadIPPluginJar : add ucpd
2023-12-31 15:31:26,367 [INFO] IPUIPlugin:80 - create IPUIPlugin
2023-12-31 15:31:26,367 [INFO] PluginManager:220 - loadIPPluginJar : add usart
2023-12-31 15:31:26,465 [INFO] IPUIPlugin:80 - create IPUIPlugin
2023-12-31 15:31:26,465 [INFO] PluginManager:220 - loadIPPluginJar : add usbx
2023-12-31 15:31:26,663 [INFO] CADModel:165 - CPN selected for project level
2023-12-31 15:31:26,664 [INFO] CADModel:114 - Register for checkConnection events
2023-12-31 15:31:26,664 [FATAL] Updater:308 - Updater called before beeing initialized
2023-12-31 15:31:26,664 [ERROR] CADModel:125 - Updater not yet initialized, retry later 
2023-12-31 15:31:27,049 [INFO] CADModel:165 - CPN selected for project level
2023-12-31 15:31:27,049 [INFO] CADModel:114 - Register for checkConnection events
2023-12-31 15:31:27,050 [FATAL] Updater:308 - Updater called before beeing initialized
2023-12-31 15:31:27,050 [ERROR] CADModel:125 - Updater not yet initialized, retry later 
2023-12-31 15:31:27,058 [INFO] ThirdPartyUpdaterWithRetryManager:70 - Updater plugin not ready yet. [3/15]
2023-12-31 15:31:27,058 [FATAL] Updater:308 - Updater called before beeing initialized
2023-12-31 15:31:27,476 [FATAL] Updater:308 - Updater called before beeing initialized
2023-12-31 15:31:27,493 [INFO] DbMcusAds:53 - JSON generation date=Wed Nov 29 19:52:27 JST 2023 (1701255147349)
2023-12-31 15:31:27,493 [FATAL] Updater:308 - Updater called before beeing initialized
2023-12-31 15:31:27,591 [WARN] DetailPanel:346 - Failed to get advertising image, set to default
2023-12-31 15:31:27,865 [FATAL] Updater:308 - Updater called before beeing initialized
2023-12-31 15:31:27,868 [FATAL] Updater:308 - Updater called before beeing initialized
2023-12-31 15:31:27,868 [FATAL] Updater:308 - Updater called before beeing initialized
2023-12-31 15:31:27,868 [WARN] DetailPanel:346 - Failed to get advertising image, set to default
2023-12-31 15:31:27,870 [FATAL] Updater:308 - Updater called before beeing initialized
2023-12-31 15:31:28,019 [ERROR] Updater:1120 - MainUpdater not yet initialized. External WinMGr cannot be set.
2023-12-31 15:31:28,040 [INFO] Updater:1056 - Updater Version found : 6.9.1
2023-12-31 15:31:28,120 [INFO] ApplicationProperties:184 - Using Application install path: C:\ST\STM32CubeIDE_1.4.0\STM32CubeIDE\plugins\com.st.stm32cube.common.mx_6.9.1.202307191849
2023-12-31 15:31:28,597 [INFO] MainUpdater:2868 - connection check result : 10
2023-12-31 15:31:28,598 [INFO] MainUpdater:3562 - Updater definition file requires update
2023-12-31 15:31:28,602 [INFO] MainUpdater:285 - Updater Check For Update Now.
2023-12-31 15:31:28,602 [INFO] MicroXplorer:498 - Change Database Version : DB.6.0.91
2023-12-31 15:31:28,640 [INFO] McuFinderGlobals:63 - Set McuFinder mode to 2 (CubeIDE integrated)
2023-12-31 15:31:28,640 [INFO] UserAuth:179 - activating auth plugin
2023-12-31 15:31:28,645 [INFO] ServerAccessManage:473 - Download File updaters.zip
2023-12-31 15:31:28,647 [INFO] UserAuth:393 - Internet connection configuration mode: 1
2023-12-31 15:31:28,719 [INFO] JxBrowserEngine:151 - Initiate JxBrowser Engine with user profile folder
2023-12-31 15:31:28,816 [INFO] FileExtend:240 - Unzip File : updaters.zip
2023-12-31 15:31:28,816 [INFO] FileExtend:255 - Standard Zip Deflate
2023-12-31 15:31:29,516 [INFO] ServerAccessManage:473 - Download File PacksControlFlags.xml
2023-12-31 15:31:29,687 [INFO] ServerAccessManage:473 - Download File cubemx.pidx
2023-12-31 15:31:30,024 [INFO] LoadServerUpdatesThread:373 - End of LoadServerUpdate Thread
2023-12-31 15:31:30,071 [WARN] MainUpdater:1189 - Updater busy. Cannot search thirdparties
2023-12-31 15:31:30,071 [INFO] ThirdPartyUpdaterWithRetryManager:96 - Updater plugin is busy. [1/15]
2023-12-31 15:31:30,422 [INFO] CheckServerUpdateThread:120 - End of CheckServer Thread
2023-12-31 15:31:31,065 [INFO] WebApp:157 - Instantiating new browser for Auth
2023-12-31 15:31:32,742 [INFO] WebApp:753 - Register for checkConnection events
2023-12-31 15:31:32,743 [INFO] WebApp:390 - Apply proxy settings
2023-12-31 15:31:32,743 [INFO] WebApp:475 - Chromium requires no authentication
2023-12-31 15:31:32,765 [INFO] WebApp:418 - Direct internet connection detected
2023-12-31 15:31:33,217 [INFO] WebApp:188 - Starting web application
2023-12-31 15:31:33,217 [INFO] WebApp:520 - Web application path used C:\ST\STM32CubeIDE_1.4.0\STM32CubeIDE\plugins\com.st.stm32cube.common.mx_6.9.1.202307191849\db\plugins\mcufinder\reactClient1\index.html
2023-12-31 15:31:33,688 [WARN] PackLoader:240 - Cannot read IP mode file for STMicroelectronics.X-CUBE-SMBUS.2.1.0
2023-12-31 15:31:33,710 [WARN] PackLoader:240 - Cannot read IP mode file for STMicroelectronics.X-CUBE-TOUCHGFX.4.23.0
2023-12-31 15:31:33,887 [WARN] PackLoader:240 - Cannot read IP mode file for STMicroelectronics.X-CUBE-AZRTOS-F7.1.1.0
2023-12-31 15:31:33,973 [ERROR] RealEvaluatedCondition:428 - Found unsupported composite condition: GROUP='STM32_MetaDataManager' CLASS='Data Exchange'
2023-12-31 15:31:33,975 [ERROR] RealEvaluatedCondition:428 - Found unsupported composite condition: GROUP='STM32_MetaDataManager' CLASS='Data Exchange'
2023-12-31 15:31:33,980 [WARN] PackLoader:240 - Cannot read IP mode file for STMicroelectronics.FP-SNS-MOTENV1.4.3.0
2023-12-31 15:31:34,032 [WARN] PackLoader:240 - Cannot read IP mode file for STMicroelectronics.FP-SNS-MOTENV1.4.3.2
2023-12-31 15:31:34,058 [WARN] PackLoader:240 - Cannot read IP mode file for STMicroelectronics.FP-SNS-FLIGHT1.5.0.0
2023-12-31 15:31:34,084 [ERROR] RealEvaluatedCondition:428 - Found unsupported composite condition: CLASS='Data Exchange' GROUP='STM32_MetaDataManager'
2023-12-31 15:31:34,084 [ERROR] RealEvaluatedCondition:428 - Found unsupported composite condition: CLASS='Data Exchange' GROUP='STM32_MetaDataManager'
2023-12-31 15:31:34,091 [WARN] PackLoader:240 - Cannot read IP mode file for STMicroelectronics.FP-SNS-MOTENV1.4.3.1
2023-12-31 15:31:34,127 [WARN] PackLoader:240 - Cannot read IP mode file for STMicroelectronics.FP-SNS-FLIGHT1.5.0.1
2023-12-31 15:31:34,159 [WARN] PackLoader:240 - Cannot read IP mode file for STMicroelectronics.X-CUBE-BLE1.6.2.4
2023-12-31 15:31:34,179 [WARN] PackLoader:240 - Cannot read IP mode file for STMicroelectronics.FP-SNS-FLIGHT1.5.0.2
2023-12-31 15:31:34,214 [WARN] PackLoader:240 - Cannot read IP mode file for STMicroelectronics.X-CUBE-DISPLAY.3.0.0
2023-12-31 15:31:34,248 [WARN] PackLoader:240 - Cannot read IP mode file for STMicroelectronics.X-CUBE-BLE1.7.0.0
2023-12-31 15:31:34,259 [WARN] PackLoader:240 - Cannot read IP mode file for STMicroelectronics.X-CUBE-TOUCHGFX.4.22.0
2023-12-31 15:31:34,273 [WARN] PackLoader:240 - Cannot read IP mode file for STMicroelectronics.X-CUBE-TOUCHGFX.4.22.1
2023-12-31 15:31:34,290 [WARN] PackLoader:240 - Cannot read IP mode file for STMicroelectronics.FP-SNS-SMARTAG2.1.2.0
2023-12-31 15:31:34,323 [INFO] LogOutputStream:77 - [STDOUT_REDIRECT] 1 : Invalid condition id : UX_CORESTACK_Condition cause : null
2023-12-31 15:31:34,324 [INFO] LogOutputStream:77 - [STDOUT_REDIRECT] 1 : Invalid condition id : UX_CORESTACK_Condition cause : null
2023-12-31 15:31:34,329 [INFO] LogOutputStream:77 - [STDOUT_REDIRECT] 1 : Invalid condition id : UX_CORESTACK_Condition cause : null
2023-12-31 15:31:34,334 [INFO] LogOutputStream:77 - [STDOUT_REDIRECT] 1 : Invalid condition id : UX_CORESTACK_Condition cause : null
2023-12-31 15:31:34,338 [INFO] LogOutputStream:77 - [STDOUT_REDIRECT] 1 : Invalid condition id : UX_CORESTACK_Condition cause : null
2023-12-31 15:31:34,355 [WARN] PackLoader:240 - Cannot read IP mode file for STMicroelectronics.X-CUBE-AZRTOS-WL.2.0.0
2023-12-31 15:31:34,398 [WARN] PackLoader:240 - Cannot read IP mode file for WES.I-CUBE-Cesium.1.3.0
2023-12-31 15:31:34,414 [WARN] PackLoader:240 - Cannot read IP mode file for STMicroelectronics.X-CUBE-BLE2.3.3.0
2023-12-31 15:31:34,453 [WARN] PackLoader:240 - Cannot read IP mode file for STMicroelectronics.X-CUBE-TOF1.3.2.0
2023-12-31 15:31:34,534 [WARN] PackLoader:240 - Cannot read IP mode file for STMicroelectronics.X-CUBE-TOUCHGFX.4.21.1
2023-12-31 15:31:34,542 [WARN] PackLoader:240 - Cannot read IP mode file for STMicroelectronics.X-CUBE-TOUCHGFX.4.21.3
2023-12-31 15:31:34,552 [WARN] PackLoader:240 - Cannot read IP mode file for STMicroelectronics.X-CUBE-TOUCHGFX.4.21.4
2023-12-31 15:31:34,611 [WARN] PackLoader:240 - Cannot read IP mode file for STMicroelectronics.X-CUBE-ALGOBUILD.1.3.0
2023-12-31 15:31:34,678 [WARN] PackLoader:240 - Cannot read IP mode file for STMicroelectronics.X-CUBE-AZRTOS-G0.1.1.0
2023-12-31 15:31:34,725 [WARN] PackLoader:240 - Cannot read IP mode file for STMicroelectronics.X-CUBE-NFC4.3.0.0
2023-12-31 15:31:34,789 [WARN] PackLoader:240 - Cannot read IP mode file for STMicroelectronics.X-CUBE-BLEMGR.3.0.0
2023-12-31 15:31:34,843 [WARN] PackLoader:240 - Cannot read IP mode file for STMicroelectronics.FP-ATR-SIGFOX1.3.2.0
2023-12-31 15:31:35,075 [WARN] PackLoader:240 - Cannot read IP mode file for STMicroelectronics.X-CUBE-MEMS1.9.5.0
2023-12-31 15:31:35,815 [WARN] PackLoader:240 - Cannot read IP mode file for SEGGER.I-CUBE-embOS.1.3.1
2023-12-31 15:31:36,008 [WARN] PackLoader:240 - Cannot read IP mode file for STMicroelectronics.X-CUBE-GNSS1.6.0.0
2023-12-31 15:31:36,070 [WARN] PackLoader:240 - Cannot read IP mode file for STMicroelectronics.X-CUBE-AZRTOS-F4.1.1.0
2023-12-31 15:31:36,142 [WARN] PackLoader:240 - Cannot read IP mode file for STMicroelectronics.X-CUBE-AZRTOS-L5.2.0.0
2023-12-31 15:31:36,349 [WARN] PackLoader:240 - Cannot read IP mode file for STMicroelectronics.X-CUBE-MEMS1.9.6.0
2023-12-31 15:31:36,861 [WARN] PackLoader:240 - Cannot read IP mode file for STMicroelectronics.X-CUBE-EEPRMA1.4.2.0
2023-12-31 15:31:36,889 [WARN] PackLoader:240 - Cannot read IP mode file for ITTIA_DB.I-CUBE-ITTIADB.8.8.0
2023-12-31 15:31:36,907 [WARN] PackLoader:240 - Cannot read IP mode file for emotas.I-CUBE-CANOPEN.1.1.3
2023-12-31 15:31:36,930 [WARN] PackLoader:240 - Cannot read IP mode file for STMicroelectronics.X-CUBE-BLEMGR.2.0.0
2023-12-31 15:31:36,979 [WARN] ConditionMgr:438 - getConditionDescription Invalid condition id : UX DEVICE CLASS RTOS Condition cause : null
2023-12-31 15:31:36,981 [WARN] ConditionMgr:438 - getConditionDescription Invalid condition id : UX DEVICE CLASS RTOS Condition cause : null
2023-12-31 15:31:36,989 [WARN] PackLoader:240 - Cannot read IP mode file for STMicroelectronics.X-CUBE-AZRTOS-H7.3.1.0
2023-12-31 15:31:36,991 [WARN] ConditionMgr:1039 - genDependencies : Invalid condition id : UX DEVICE CLASS RTOS Condition cause : null
2023-12-31 15:31:36,992 [WARN] ConditionMgr:1039 - genDependencies : Invalid condition id : UX DEVICE CLASS RTOS Condition cause : null
2023-12-31 15:31:36,998 [WARN] ConditionMgr:1039 - genDependencies : Invalid condition id : UX DEVICE CLASS RTOS Condition cause : null
2023-12-31 15:31:37,000 [WARN] ConditionMgr:1039 - genDependencies : Invalid condition id : UX DEVICE CLASS RTOS Condition cause : null
2023-12-31 15:31:37,001 [WARN] ConditionMgr:1039 - genDependencies : Invalid condition id : UX DEVICE CLASS RTOS Condition cause : null
2023-12-31 15:31:37,023 [WARN] PackLoader:240 - Cannot read IP mode file for wolfSSL.I-CUBE-wolfSSL.5.5.4
2023-12-31 15:31:37,037 [WARN] PackLoader:240 - Cannot read IP mode file for STMicroelectronics.X-CUBE-NFC7.1.0.1
2023-12-31 15:31:37,050 [WARN] PackLoader:240 - Cannot read IP mode file for STMicroelectronics.X-CUBE-NFC7.1.0.0
2023-12-31 15:31:37,072 [WARN] PackLoader:240 - Cannot read IP mode file for STMicroelectronics.X-CUBE-NFC6.3.0.0
2023-12-31 15:31:37,091 [WARN] PackLoader:240 - Cannot read IP mode file for STMicroelectronics.X-CUBE-EEPRMA1.4.1.0
2023-12-31 15:31:37,105 [WARN] PackLoader:240 - Cannot read IP mode file for STMicroelectronics.X-CUBE-AI.8.1.0
2023-12-31 15:31:37,157 [WARN] ConditionMgr:438 - getConditionDescription Invalid condition id : LAN8742 Phy interface Condition cause : null
2023-12-31 15:31:37,159 [WARN] PackLoader:240 - Cannot read IP mode file for STMicroelectronics.X-CUBE-AZRTOS-L4.2.0.0
2023-12-31 15:31:37,163 [WARN] ConditionMgr:1039 - genDependencies : Invalid condition id : LAN8742 Phy interface Condition cause : null
2023-12-31 15:31:37,164 [WARN] ConditionMgr:1039 - genDependencies : Invalid condition id : LAN8742 Phy interface Condition cause : null
2023-12-31 15:31:37,166 [WARN] ConditionMgr:1039 - genDependencies : Invalid condition id : LAN8742 Phy interface Condition cause : null
2023-12-31 15:31:37,188 [WARN] PackLoader:240 - Cannot read IP mode file for STMicroelectronics.X-CUBE-SFXS2LP1.4.0.0
2023-12-31 15:31:37,246 [WARN] PackLoader:240 - Cannot read IP mode file for STMicroelectronics.X-CUBE-AZRTOS-H7.3.0.0
2023-12-31 15:31:37,265 [WARN] PackLoader:240 - Cannot read IP mode file for STMicroelectronics.X-CUBE-ISPU.1.1.0
2023-12-31 15:31:37,285 [WARN] PackLoader:240 - Cannot read IP mode file for RoweBots.I-CUBE-UNISONRTOS.5.5.0-4
2023-12-31 15:31:37,296 [WARN] PackLoader:240 - Cannot read IP mode file for STMicroelectronics.X-CUBE-AI.8.0.0
2023-12-31 15:31:37,352 [WARN] ConditionMgr:438 - getConditionDescription Invalid condition id : UX DEVICE CLASS RTOS Condition cause : null
2023-12-31 15:31:37,352 [WARN] ConditionMgr:438 - getConditionDescription Invalid condition id : UX DEVICE CLASS RTOS Condition cause : null
2023-12-31 15:31:37,359 [WARN] PackLoader:240 - Cannot read IP mode file for STMicroelectronics.X-CUBE-AZRTOS-WB.2.0.0
2023-12-31 15:31:37,362 [WARN] ConditionMgr:1039 - genDependencies : Invalid condition id : UX DEVICE CLASS RTOS Condition cause : null
2023-12-31 15:31:37,362 [WARN] ConditionMgr:1039 - genDependencies : Invalid condition id : UX DEVICE CLASS RTOS Condition cause : null
2023-12-31 15:31:37,364 [WARN] ConditionMgr:1039 - genDependencies : Invalid condition id : UX DEVICE CLASS RTOS Condition cause : null
2023-12-31 15:31:37,365 [WARN] ConditionMgr:1039 - genDependencies : Invalid condition id : UX DEVICE CLASS RTOS Condition cause : null
2023-12-31 15:31:37,366 [WARN] ConditionMgr:1039 - genDependencies : Invalid condition id : UX DEVICE CLASS RTOS Condition cause : null
2023-12-31 15:31:37,380 [WARN] PackLoader:240 - Cannot read IP mode file for STMicroelectronics.X-CUBE-FREERTOS.1.0.0
2023-12-31 15:31:37,391 [WARN] PackLoader:240 - Cannot read IP mode file for STMicroelectronics.X-CUBE-FREERTOS.1.0.1
2023-12-31 15:31:37,429 [WARN] PackLoader:240 - Cannot read IP mode file for STMicroelectronics.X-CUBE-AZRTOS-L5.1.1.0
2023-12-31 15:31:37,446 [WARN] PackLoader:240 - Cannot read IP mode file for STMicroelectronics.X-CUBE-AI.8.0.1
2023-12-31 15:31:37,475 [WARN] PackLoader:240 - Cannot read IP mode file for STMicroelectronics.X-CUBE-SUBG2.5.0.0
2023-12-31 15:31:37,514 [WARN] PackLoader:240 - Cannot read IP mode file for STMicroelectronics.X-CUBE-TOF1.3.3.1
2023-12-31 15:31:37,585 [WARN] PackLoader:240 - Cannot read IP mode file for STMicroelectronics.X-CUBE-AZRTOS-G4.2.0.0
2023-12-31 15:31:37,616 [WARN] PackLoader:240 - Cannot read IP mode file for STMicroelectronics.X-CUBE-TOF1.3.3.0
2023-12-31 15:31:37,648 [WARN] PackLoader:240 - Cannot read IP mode file for STMicroelectronics.FP-ATR-ASTRA1.1.1.1
2023-12-31 15:31:37,684 [WARN] PackLoader:240 - Cannot read IP mode file for Infineon.AIROC-Wi-Fi-Bluetooth-STM32.1.5.1
2023-12-31 15:31:37,704 [WARN] PackLoader:240 - Cannot read IP mode file for STMicroelectronics.FP-SNS-MOTENVWB1.1.3.0
2023-12-31 15:31:37,714 [WARN] PackLoader:240 - Cannot read IP mode file for STMicroelectronics.FP-SNS-MOTENVWB1.1.3.1
2023-12-31 15:31:37,746 [WARN] PackLoader:240 - Cannot read IP mode file for STMicroelectronics.X-CUBE-AZRTOS-G4.1.0.0
2023-12-31 15:31:37,792 [WARN] PackLoader:240 - Cannot read IP mode file for STMicroelectronics.X-CUBE-AZRTOS-L4.1.0.0
2023-12-31 15:31:37,813 [WARN] PackLoader:240 - Cannot read IP mode file for STMicroelectronics.X-CUBE-ISPU.2.0.0
2023-12-31 15:31:37,951 [WARN] PackLoader:240 - Cannot read IP mode file for STMicroelectronics.X-CUBE-MEMS1.10.0.0
2023-12-31 15:31:38,283 [WARN] PackLoader:240 - Cannot read IP mode file for STMicroelectronics.X-CUBE-FREERTOS.1.1.0
2023-12-31 15:31:38,312 [WARN] PackLoader:240 - Cannot read IP mode file for STMicroelectronics.X-CUBE-AZRTOS-WL.1.0.0
2023-12-31 15:31:38,332 [WARN] PackLoader:240 - Cannot read IP mode file for portGmbH.I-Cube-SoM-uGOAL.1.1.0
2023-12-31 15:31:38,346 [WARN] PackLoader:240 - Cannot read IP mode file for STMicroelectronics.X-CUBE-ALS.1.0.1
2023-12-31 15:31:38,417 [WARN] PackLoader:240 - Cannot read IP mode file for STMicroelectronics.X-CUBE-AZRTOS-WB.1.1.0
2023-12-31 15:31:38,432 [WARN] PackLoader:240 - Cannot read IP mode file for STMicroelectronics.FP-ATR-ASTRA1.2.0.0
2023-12-31 15:31:38,466 [WARN] PackLoader:240 - Cannot read IP mode file for STMicroelectronics.X-CUBE-TOF1.3.4.0
2023-12-31 15:31:38,543 [WARN] PackLoader:240 - Cannot read IP mode file for STMicroelectronics.X-CUBE-AZRTOS-H7.3.2.0
2023-12-31 15:31:38,553 [INFO] ThirdParty:978 - Integrity check success = true
2023-12-31 15:31:38,553 [INFO] IntegrityCheckThread:100 - exiting critical section [integrity check]
2023-12-31 15:31:38,554 [INFO] IntegrityCheckThread:103 - End integrity checks thread
2023-12-31 15:35:05,089 [ERROR] LogOutputStream:75 - [STDERR_REDIRECT] SLF4J: Failed to load class "org.slf4j.impl.StaticLoggerBinder".
2023-12-31 15:35:05,089 [ERROR] LogOutputStream:75 - [STDERR_REDIRECT] SLF4J: Defaulting to no-operation (NOP) logger implementation
2023-12-31 15:35:05,092 [ERROR] LogOutputStream:75 - [STDERR_REDIRECT] SLF4J: See http://www.slf4j.org/codes.html#StaticLoggerBinder for further details.
2023-12-31 22:11:42,116 [ERROR] LogOutputStream:75 - [STDERR_REDIRECT] 
