2024-12-10 16:54:11,456 [INFO] Activator:176 - 


2024-12-10 16:54:11,473 [INFO] Activator:177 - !SESSION log4j initialized
2024-12-10 16:54:32,379 [INFO] LogOutputStream:77 - [STDOUT_REDIRECT] 
2024-12-10 16:54:42,383 [INFO] ApplicationProperties:184 - Using Application install path: C:\ST\STM32CubeIDE_1.4.0\STM32CubeIDE\plugins\com.st.stm32cube.common.mx_6.9.1.202307191849
2024-12-10 16:54:42,427 [INFO] DbMcusXml:78 - Set database path to: C:\ST\STM32CubeIDE_1.4.0\STM32CubeIDE\plugins\com.st.stm32cube.common.mx_6.9.1.202307191849\\db\/mcu/
2024-12-10 16:54:42,427 [INFO] ApiDb:274 - Set plugin database path to: C:\ST\STM32CubeIDE_1.4.0\STM32CubeIDE\plugins\com.st.stm32cube.common.mx_6.9.1.202307191849\\db\/plugins/boardmanager/
2024-12-10 16:54:42,428 [WARN] ApiDb:259 - Overriding images path with different value:  => C:\ST\STM32CubeIDE_1.4.0\STM32CubeIDE\plugins\com.st.stm32cube.common.mx_6.9.1.202307191849\\db\/plugins/mcufinder/images/
2024-12-10 16:54:42,453 [INFO] ApiDb:250 - Set database path to: C:\Users\Minh\.stmcufinder\plugins\mcufinder//mcu/
2024-12-10 16:54:42,456 [INFO] DbMcusAds:125 - Set database path to: C:\Users\Minh\.stmcufinder\plugins\mcufinder//mcu/
2024-12-10 16:54:42,462 [INFO] CrossReferenceDbSqlite:203 - Set database path to: C:\Users\Minh\.stmcufinder\plugins\mcufinder//mcu/cs/
2024-12-10 16:54:42,787 [INFO] RulesReader:64 - Compatibility file has been processed (293 Rules)
2024-12-10 16:54:43,114 [INFO] DbMcusXml:78 - Set database path to: C:\ST\STM32CubeIDE_1.4.0\STM32CubeIDE\plugins\com.st.stm32cube.common.mx_6.9.1.202307191849\\db\/mcu/
2024-12-10 16:54:43,114 [INFO] ApiDb:274 - Set plugin database path to: C:\ST\STM32CubeIDE_1.4.0\STM32CubeIDE\plugins\com.st.stm32cube.common.mx_6.9.1.202307191849\\db\/plugins/boardmanager/
2024-12-10 16:54:43,115 [INFO] ApiDb:261 - Set plugin images path to: C:\ST\STM32CubeIDE_1.4.0\STM32CubeIDE\plugins\com.st.stm32cube.common.mx_6.9.1.202307191849\\db\/plugins/mcufinder/images/
2024-12-10 16:54:43,115 [WARN] DbFile:41 - Overriding database path with different value: C:\Users\Minh\.stmcufinder\plugins\mcufinder/ => C:\Users\Minh\.stmcufinder\plugins\mcufinder
2024-12-10 16:54:43,115 [INFO] ApiDb:250 - Set database path to: C:\Users\Minh\.stmcufinder\plugins\mcufinder//mcu/
2024-12-10 16:54:43,116 [WARN] DbFile:41 - Overriding database path with different value: C:\Users\Minh\.stmcufinder\plugins\mcufinder/ => C:\Users\Minh\.stmcufinder\plugins\mcufinder
2024-12-10 16:54:43,116 [INFO] DbMcusAds:125 - Set database path to: C:\Users\Minh\.stmcufinder\plugins\mcufinder//mcu/
2024-12-10 16:54:43,117 [WARN] DbFile:41 - Overriding database path with different value: C:\Users\Minh\.stmcufinder\plugins\mcufinder/ => C:\Users\Minh\.stmcufinder\plugins\mcufinder
2024-12-10 16:54:43,117 [WARN] DbFile:41 - Overriding database path with different value: C:\Users\Minh\.stmcufinder\plugins\mcufinder/ => C:\Users\Minh\.stmcufinder\plugins\mcufinder
2024-12-10 16:54:43,137 [INFO] CrossReferenceDbSqlite:203 - Set database path to: C:\Users\Minh\.stmcufinder\plugins\mcufinder//mcu/cs/
2024-12-10 16:54:43,360 [INFO] MainPanel:262 - HeapMemory: 268435456
2024-12-10 16:54:43,592 [INFO] DbMcusXml:78 - Set database path to: C:\ST\STM32CubeIDE_1.4.0\STM32CubeIDE\plugins\com.st.stm32cube.common.mx_6.9.1.202307191849\\db\/mcu/
2024-12-10 16:54:43,592 [INFO] ApiDb:274 - Set plugin database path to: C:\ST\STM32CubeIDE_1.4.0\STM32CubeIDE\plugins\com.st.stm32cube.common.mx_6.9.1.202307191849\\db\/plugins/boardmanager/
2024-12-10 16:54:43,593 [INFO] ApiDb:261 - Set plugin images path to: C:\ST\STM32CubeIDE_1.4.0\STM32CubeIDE\plugins\com.st.stm32cube.common.mx_6.9.1.202307191849\\db\/plugins/mcufinder/images/
2024-12-10 16:54:43,595 [WARN] DbFile:41 - Overriding database path with different value: C:\Users\Minh\.stmcufinder\plugins\mcufinder/ => C:\Users\Minh\.stmcufinder\plugins\mcufinder
2024-12-10 16:54:43,595 [INFO] ApiDb:250 - Set database path to: C:\Users\Minh\.stmcufinder\plugins\mcufinder//mcu/
2024-12-10 16:54:43,595 [WARN] DbFile:41 - Overriding database path with different value: C:\Users\Minh\.stmcufinder\plugins\mcufinder/ => C:\Users\Minh\.stmcufinder\plugins\mcufinder
2024-12-10 16:54:43,596 [INFO] DbMcusAds:125 - Set database path to: C:\Users\Minh\.stmcufinder\plugins\mcufinder//mcu/
2024-12-10 16:54:43,596 [WARN] DbFile:41 - Overriding database path with different value: C:\Users\Minh\.stmcufinder\plugins\mcufinder/ => C:\Users\Minh\.stmcufinder\plugins\mcufinder
2024-12-10 16:54:43,596 [WARN] DbFile:41 - Overriding database path with different value: C:\Users\Minh\.stmcufinder\plugins\mcufinder/ => C:\Users\Minh\.stmcufinder\plugins\mcufinder
2024-12-10 16:54:43,596 [INFO] CrossReferenceDbSqlite:203 - Set database path to: C:\Users\Minh\.stmcufinder\plugins\mcufinder//mcu/cs/
2024-12-10 16:54:43,649 [INFO] ApplicationProperties:184 - Using Application install path: C:\ST\STM32CubeIDE_1.4.0\STM32CubeIDE\plugins\com.st.stm32cube.common.mx_6.9.1.202307191849
2024-12-10 16:54:43,652 [INFO] PluginManage:196 - Search for loadable plugins [exclusion list=, ]
2024-12-10 16:54:43,657 [INFO] PluginManage:310 - Check plugin analytics
2024-12-10 16:54:49,427 [INFO] AnalyticsPlugin:253 - Accepted Software Licenses: STM32CubeMX.6.0.0,STM32CubeMX.5.2.0
2024-12-10 16:54:49,428 [INFO] AnalyticsPlugin:255 - Accepted CMSIS Pack Licenses: 
2024-12-10 16:54:49,429 [INFO] AnalyticsPlugin:257 - Accepted Firmware Licenses: 
2024-12-10 16:54:49,440 [INFO] PluginManage:359 - Loaded plugin analytics (category:tool,tabindex:-1)
2024-12-10 16:54:49,442 [INFO] PluginManage:310 - Check plugin cadmodel
2024-12-10 16:54:49,543 [INFO] CADModel:105 - Init CAD model plugin
2024-12-10 16:54:49,544 [INFO] PluginManage:359 - Loaded plugin cadmodel (category:power,tabindex:5)
2024-12-10 16:54:49,545 [INFO] PluginManage:310 - Check plugin clock
2024-12-10 16:54:49,774 [INFO] PluginManage:359 - Loaded plugin clock (category:base,tabindex:2)
2024-12-10 16:54:49,776 [INFO] PluginManage:310 - Check plugin ddr
2024-12-10 16:54:49,825 [INFO] PluginManage:359 - Loaded plugin ddr (category:tool,tabindex:6)
2024-12-10 16:54:49,827 [INFO] PluginManage:310 - Check plugin filemanager
2024-12-10 16:54:50,909 [INFO] PluginManage:359 - Loaded plugin filemanager (category:base,tabindex:10)
2024-12-10 16:54:50,910 [INFO] PluginManage:310 - Check plugin ipmanager
2024-12-10 16:54:50,980 [INFO] PluginManage:359 - Loaded plugin ipmanager (category:base,tabindex:5)
2024-12-10 16:54:50,981 [INFO] PluginManage:310 - Check plugin lpbam
2024-12-10 16:54:51,121 [INFO] PluginManage:359 - Loaded plugin lpbam (category:base,tabindex:0)
2024-12-10 16:54:51,122 [INFO] PluginManage:310 - Check plugin memorymap
2024-12-10 16:54:51,387 [INFO] PluginManage:359 - Loaded plugin memorymap (category:base,tabindex:4)
2024-12-10 16:54:51,388 [INFO] PluginManage:310 - Check plugin pinoutandconfiguration
2024-12-10 16:54:51,589 [INFO] PluginManage:359 - Loaded plugin pinoutandconfiguration (category:base,tabindex:1)
2024-12-10 16:54:51,589 [INFO] PluginManage:310 - Check plugin pinoutconfig
2024-12-10 16:54:52,500 [WARN] SupportedApi:132 - Cannot load RTOS API schema: s4s-elt-must-match.1: The content of 'definitions' must match (annotation?, (simpleType | complexType)?, (unique | key | keyref)*)). A problem was found starting at: attribute.
2024-12-10 16:54:53,305 [INFO] PluginManage:359 - Loaded plugin pinoutconfig (category:base,tabindex:0)
2024-12-10 16:54:53,305 [INFO] PluginManage:310 - Check plugin power
2024-12-10 16:54:53,377 [INFO] PluginManage:359 - Loaded plugin power (category:power,tabindex:4)
2024-12-10 16:54:53,377 [INFO] PluginManage:310 - Check plugin projectmanager
2024-12-10 16:54:53,421 [INFO] PluginManage:359 - Loaded plugin projectmanager (category:projectmanager,tabindex:3)
2024-12-10 16:54:53,422 [INFO] PluginManage:310 - Check plugin thirdparty
2024-12-10 16:54:55,190 [INFO] PluginManage:359 - Loaded plugin thirdparty (category:base,tabindex:-1)
2024-12-10 16:54:55,191 [INFO] PluginManage:310 - Check plugin tools
2024-12-10 16:54:55,214 [WARN] IntegrityCheckThread:84 - waiting for thirdparty lock release [integrity check]
2024-12-10 16:54:55,226 [INFO] IntegrityCheckThread:86 - entering critical section [integrity check]
2024-12-10 16:54:55,227 [INFO] ThirdPartyUpdaterWithRetryManager:70 - Updater plugin not ready yet. [1/15]
2024-12-10 16:54:55,351 [INFO] PluginManage:359 - Loaded plugin tools (category:base,tabindex:7)
2024-12-10 16:54:55,351 [INFO] PluginManage:310 - Check plugin tutovideos
2024-12-10 16:54:56,008 [INFO] PluginManage:359 - Loaded plugin tutovideos (category:base,tabindex:-1)
2024-12-10 16:54:56,009 [INFO] PluginManage:310 - Check plugin updater
2024-12-10 16:54:56,072 [INFO] PluginManage:359 - Loaded plugin updater (category:base,tabindex:12)
2024-12-10 16:54:56,074 [INFO] PluginManage:310 - Check plugin userauth
2024-12-10 16:54:56,098 [INFO] UserAuth:113 - Init User Auth plugin
2024-12-10 16:54:56,099 [INFO] PluginManage:359 - Loaded plugin userauth (category:base,tabindex:14)
2024-12-10 16:54:56,103 [INFO] PluginManage:283 - PluginManage : Loaded plugins [17]
2024-12-10 16:54:56,719 [INFO] PinOutPanel:1499 - setPackage(No Configuration,No Configuration)
2024-12-10 16:54:57,052 [INFO] CADModel:165 - CPN selected for project level
2024-12-10 16:54:57,052 [INFO] CADModel:114 - Register for checkConnection events
2024-12-10 16:54:57,123 [INFO] IPUIPlugin:80 - create IPUIPlugin
2024-12-10 16:54:57,124 [INFO] PluginManager:220 - loadIPPluginJar : add adc
2024-12-10 16:54:57,238 [INFO] IPUIPlugin:80 - create IPUIPlugin
2024-12-10 16:54:57,239 [INFO] PluginManager:220 - loadIPPluginJar : add aes
2024-12-10 16:54:57,372 [INFO] IPUIPlugin:80 - create IPUIPlugin
2024-12-10 16:54:57,372 [INFO] PluginManager:220 - loadIPPluginJar : add can
2024-12-10 16:54:57,453 [INFO] IPUIPlugin:80 - create IPUIPlugin
2024-12-10 16:54:57,453 [INFO] PluginManager:220 - loadIPPluginJar : add comp
2024-12-10 16:54:57,555 [INFO] IPUIPlugin:80 - create IPUIPlugin
2024-12-10 16:54:57,556 [INFO] PluginManager:220 - loadIPPluginJar : add cryp
2024-12-10 16:54:57,650 [INFO] IPUIPlugin:80 - create IPUIPlugin
2024-12-10 16:54:57,650 [INFO] PluginManager:220 - loadIPPluginJar : add dfsdm
2024-12-10 16:54:57,694 [INFO] IPUIPlugin:80 - create IPUIPlugin
2024-12-10 16:54:57,695 [INFO] PluginManager:220 - loadIPPluginJar : add dma
2024-12-10 16:54:57,852 [INFO] IPUIPlugin:80 - create IPUIPlugin
2024-12-10 16:54:57,852 [INFO] PluginManager:220 - loadIPPluginJar : add dma3
2024-12-10 16:54:57,975 [INFO] IPUIPlugin:80 - create IPUIPlugin
2024-12-10 16:54:57,975 [INFO] PluginManager:220 - loadIPPluginJar : add fatfs
2024-12-10 16:54:58,228 [INFO] ThirdPartyUpdaterWithRetryManager:70 - Updater plugin not ready yet. [2/15]
2024-12-10 16:54:58,250 [INFO] IPUIPlugin:80 - create IPUIPlugin
2024-12-10 16:54:58,250 [INFO] PluginManager:220 - loadIPPluginJar : add fmc
2024-12-10 16:54:58,344 [INFO] IPUIPlugin:80 - create IPUIPlugin
2024-12-10 16:54:58,345 [INFO] PluginManager:220 - loadIPPluginJar : add freertos
2024-12-10 16:54:58,430 [INFO] IPUIPlugin:80 - create IPUIPlugin
2024-12-10 16:54:58,431 [INFO] PluginManager:220 - loadIPPluginJar : add genericplugin
2024-12-10 16:54:58,811 [INFO] IPUIPlugin:80 - create IPUIPlugin
2024-12-10 16:54:58,812 [INFO] PluginManager:220 - loadIPPluginJar : add gfxmmu
2024-12-10 16:54:59,365 [INFO] IPUIPlugin:80 - create IPUIPlugin
2024-12-10 16:54:59,365 [INFO] PluginManager:220 - loadIPPluginJar : add gic
2024-12-10 16:54:59,403 [INFO] IPUIPlugin:80 - create IPUIPlugin
2024-12-10 16:54:59,404 [INFO] PluginManager:220 - loadIPPluginJar : add gpio
2024-12-10 16:54:59,704 [INFO] IPUIPlugin:80 - create IPUIPlugin
2024-12-10 16:54:59,704 [INFO] PluginManager:220 - loadIPPluginJar : add gtzc
2024-12-10 16:54:59,823 [INFO] IPUIPlugin:80 - create IPUIPlugin
2024-12-10 16:54:59,823 [INFO] PluginManager:220 - loadIPPluginJar : add hash
2024-12-10 16:55:00,109 [INFO] IPUIPlugin:80 - create IPUIPlugin
2024-12-10 16:55:00,109 [INFO] PluginManager:220 - loadIPPluginJar : add i2c
2024-12-10 16:55:00,238 [INFO] IPUIPlugin:80 - create IPUIPlugin
2024-12-10 16:55:00,239 [INFO] PluginManager:220 - loadIPPluginJar : add i2s
2024-12-10 16:55:00,362 [INFO] IPUIPlugin:80 - create IPUIPlugin
2024-12-10 16:55:00,362 [INFO] PluginManager:220 - loadIPPluginJar : add i3c
2024-12-10 16:55:00,678 [INFO] IPUIPlugin:80 - create IPUIPlugin
2024-12-10 16:55:00,678 [INFO] PluginManager:220 - loadIPPluginJar : add ipddr
2024-12-10 16:55:00,972 [INFO] IPUIPlugin:80 - create IPUIPlugin
2024-12-10 16:55:00,972 [INFO] PluginManager:220 - loadIPPluginJar : add linkedlist
2024-12-10 16:55:01,085 [INFO] IPUIPlugin:80 - create IPUIPlugin
2024-12-10 16:55:01,085 [INFO] PluginManager:220 - loadIPPluginJar : add lorawan
2024-12-10 16:55:01,205 [INFO] IPUIPlugin:80 - create IPUIPlugin
2024-12-10 16:55:01,207 [INFO] PluginManager:220 - loadIPPluginJar : add ltdc
2024-12-10 16:55:01,229 [INFO] ThirdPartyUpdaterWithRetryManager:70 - Updater plugin not ready yet. [3/15]
2024-12-10 16:55:01,263 [INFO] IPUIPlugin:80 - create IPUIPlugin
2024-12-10 16:55:01,264 [INFO] PluginManager:220 - loadIPPluginJar : add mdma
2024-12-10 16:55:01,311 [INFO] IPUIPlugin:80 - create IPUIPlugin
2024-12-10 16:55:01,311 [INFO] PluginManager:220 - loadIPPluginJar : add nvic
2024-12-10 16:55:01,527 [INFO] IPUIPlugin:80 - create IPUIPlugin
2024-12-10 16:55:01,527 [INFO] PluginManager:220 - loadIPPluginJar : add opamp
2024-12-10 16:55:01,732 [INFO] IPUIPlugin:80 - create IPUIPlugin
2024-12-10 16:55:01,732 [INFO] PluginManager:220 - loadIPPluginJar : add openamp
2024-12-10 16:55:01,884 [INFO] IPUIPlugin:80 - create IPUIPlugin
2024-12-10 16:55:01,884 [INFO] PluginManager:220 - loadIPPluginJar : add pdm2pcm
2024-12-10 16:55:01,924 [INFO] IPUIPlugin:80 - create IPUIPlugin
2024-12-10 16:55:01,931 [INFO] PluginManager:220 - loadIPPluginJar : add plateformsettings
2024-12-10 16:55:02,007 [INFO] IPUIPlugin:80 - create IPUIPlugin
2024-12-10 16:55:02,007 [INFO] PluginManager:220 - loadIPPluginJar : add quadspi
2024-12-10 16:55:02,090 [INFO] IPUIPlugin:80 - create IPUIPlugin
2024-12-10 16:55:02,091 [INFO] PluginManager:220 - loadIPPluginJar : add resmgrutility
2024-12-10 16:55:02,259 [INFO] IPUIPlugin:80 - create IPUIPlugin
2024-12-10 16:55:02,260 [INFO] PluginManager:220 - loadIPPluginJar : add sai
2024-12-10 16:55:02,373 [INFO] IPUIPlugin:80 - create IPUIPlugin
2024-12-10 16:55:02,373 [INFO] PluginManager:220 - loadIPPluginJar : add spi
2024-12-10 16:55:02,529 [INFO] IPUIPlugin:80 - create IPUIPlugin
2024-12-10 16:55:02,529 [INFO] PluginManager:220 - loadIPPluginJar : add stm32_wpan
2024-12-10 16:55:02,617 [INFO] IPUIPlugin:80 - create IPUIPlugin
2024-12-10 16:55:02,617 [INFO] PluginManager:220 - loadIPPluginJar : add tim
2024-12-10 16:55:02,796 [INFO] IPUIPlugin:80 - create IPUIPlugin
2024-12-10 16:55:02,796 [INFO] PluginManager:220 - loadIPPluginJar : add touchsensing
2024-12-10 16:55:02,867 [INFO] IPUIPlugin:80 - create IPUIPlugin
2024-12-10 16:55:02,867 [INFO] PluginManager:220 - loadIPPluginJar : add tracer_emb
2024-12-10 16:55:02,944 [INFO] IPUIPlugin:80 - create IPUIPlugin
2024-12-10 16:55:02,944 [INFO] PluginManager:220 - loadIPPluginJar : add ts
2024-12-10 16:55:03,009 [INFO] IPUIPlugin:80 - create IPUIPlugin
2024-12-10 16:55:03,010 [INFO] PluginManager:220 - loadIPPluginJar : add tsc
2024-12-10 16:55:03,103 [INFO] IPUIPlugin:80 - create IPUIPlugin
2024-12-10 16:55:03,103 [INFO] PluginManager:220 - loadIPPluginJar : add ucpd
2024-12-10 16:55:03,319 [INFO] IPUIPlugin:80 - create IPUIPlugin
2024-12-10 16:55:03,319 [INFO] PluginManager:220 - loadIPPluginJar : add usart
2024-12-10 16:55:03,541 [INFO] IPUIPlugin:80 - create IPUIPlugin
2024-12-10 16:55:03,541 [INFO] PluginManager:220 - loadIPPluginJar : add usbx
2024-12-10 16:55:03,854 [INFO] CADModel:165 - CPN selected for project level
2024-12-10 16:55:03,855 [INFO] CADModel:114 - Register for checkConnection events
2024-12-10 16:55:03,855 [FATAL] Updater:308 - Updater called before beeing initialized
2024-12-10 16:55:03,856 [ERROR] CADModel:125 - Updater not yet initialized, retry later 
2024-12-10 16:55:04,230 [INFO] ThirdPartyUpdaterWithRetryManager:70 - Updater plugin not ready yet. [4/15]
2024-12-10 16:55:04,241 [INFO] CADModel:165 - CPN selected for project level
2024-12-10 16:55:04,241 [INFO] CADModel:114 - Register for checkConnection events
2024-12-10 16:55:04,242 [FATAL] Updater:308 - Updater called before beeing initialized
2024-12-10 16:55:04,242 [ERROR] CADModel:125 - Updater not yet initialized, retry later 
2024-12-10 16:55:04,250 [FATAL] Updater:308 - Updater called before beeing initialized
2024-12-10 16:55:04,588 [FATAL] Updater:308 - Updater called before beeing initialized
2024-12-10 16:55:04,615 [INFO] DbMcusAds:53 - JSON generation date=Fri Sep 20 22:04:23 JST 2024 (1726837463113)
2024-12-10 16:55:04,616 [FATAL] Updater:308 - Updater called before beeing initialized
2024-12-10 16:55:04,888 [WARN] DetailPanel:346 - Failed to get advertising image, set to default
2024-12-10 16:55:05,161 [FATAL] Updater:308 - Updater called before beeing initialized
2024-12-10 16:55:05,166 [FATAL] Updater:308 - Updater called before beeing initialized
2024-12-10 16:55:05,166 [FATAL] Updater:308 - Updater called before beeing initialized
2024-12-10 16:55:05,166 [WARN] DetailPanel:346 - Failed to get advertising image, set to default
2024-12-10 16:55:05,169 [FATAL] Updater:308 - Updater called before beeing initialized
2024-12-10 16:55:05,352 [ERROR] Updater:1120 - MainUpdater not yet initialized. External WinMGr cannot be set.
2024-12-10 16:55:05,457 [INFO] Updater:1056 - Updater Version found : 6.9.1
2024-12-10 16:55:05,513 [INFO] ApplicationProperties:184 - Using Application install path: C:\ST\STM32CubeIDE_1.4.0\STM32CubeIDE\plugins\com.st.stm32cube.common.mx_6.9.1.202307191849
2024-12-10 16:55:06,664 [INFO] MainUpdater:2868 - connection check result : 10
2024-12-10 16:55:06,666 [INFO] MainUpdater:285 - Updater Check For Update Now.
2024-12-10 16:55:06,666 [INFO] MicroXplorer:498 - Change Database Version : DB.6.0.91
2024-12-10 16:55:06,739 [INFO] McuFinderGlobals:63 - Set McuFinder mode to 2 (CubeIDE integrated)
2024-12-10 16:55:06,739 [INFO] UserAuth:179 - activating auth plugin
2024-12-10 16:55:06,810 [INFO] UserAuth:393 - Internet connection configuration mode: 1
2024-12-10 16:55:06,906 [INFO] JxBrowserEngine:151 - Initiate JxBrowser Engine with user profile folder
2024-12-10 16:55:07,232 [WARN] MainUpdater:1189 - Updater busy. Cannot search thirdparties
2024-12-10 16:55:07,233 [INFO] ThirdPartyUpdaterWithRetryManager:96 - Updater plugin is busy. [1/15]
2024-12-10 16:55:07,336 [INFO] CheckServerUpdateThread:120 - End of CheckServer Thread
2024-12-10 16:55:09,956 [INFO] WebApp:157 - Instantiating new browser for Auth
2024-12-10 16:55:11,321 [WARN] PackLoader:240 - Cannot read IP mode file for STMicroelectronics.FP-SNS-MOTENVWB1.1.4.0
2024-12-10 16:55:11,356 [WARN] PackLoader:240 - Cannot read IP mode file for STMicroelectronics.FP-ATR-ASTRA1.2.0.1
2024-12-10 16:55:11,402 [WARN] PackLoader:240 - Cannot read IP mode file for STMicroelectronics.X-CUBE-SMBUS.2.1.0
2024-12-10 16:55:11,430 [WARN] PackLoader:240 - Cannot read IP mode file for STMicroelectronics.X-CUBE-WB05N.1.1.0
2024-12-10 16:55:11,446 [WARN] PackLoader:240 - Cannot read IP mode file for STMicroelectronics.X-CUBE-TOUCHGFX.4.23.0
2024-12-10 16:55:11,454 [WARN] PackLoader:240 - Cannot read IP mode file for STMicroelectronics.X-CUBE-TOUCHGFX.4.23.2
2024-12-10 16:55:11,558 [WARN] PackLoader:240 - Cannot read IP mode file for STMicroelectronics.X-CUBE-AZRTOS-F7.1.1.0
2024-12-10 16:55:11,627 [ERROR] RealEvaluatedCondition:428 - Found unsupported composite condition: CLASS='Data Exchange' GROUP='STM32_MetaDataManager'
2024-12-10 16:55:11,629 [ERROR] RealEvaluatedCondition:428 - Found unsupported composite condition: GROUP='STM32_MetaDataManager' CLASS='Data Exchange'
2024-12-10 16:55:11,641 [WARN] PackLoader:240 - Cannot read IP mode file for STMicroelectronics.FP-SNS-MOTENV1.4.3.0
2024-12-10 16:55:11,698 [WARN] PackLoader:240 - Cannot read IP mode file for STMicroelectronics.FP-SNS-MOTENV1.4.3.2
2024-12-10 16:55:11,720 [WARN] PackLoader:240 - Cannot read IP mode file for STMicroelectronics.FP-SNS-FLIGHT1.5.0.0
2024-12-10 16:55:11,733 [ERROR] RealEvaluatedCondition:428 - Found unsupported composite condition: GROUP='STM32_MetaDataManager' CLASS='Data Exchange'
2024-12-10 16:55:11,734 [ERROR] RealEvaluatedCondition:428 - Found unsupported composite condition: CLASS='Data Exchange' GROUP='STM32_MetaDataManager'
2024-12-10 16:55:11,738 [WARN] PackLoader:240 - Cannot read IP mode file for STMicroelectronics.FP-SNS-MOTENV1.4.3.1
2024-12-10 16:55:11,754 [WARN] PackLoader:240 - Cannot read IP mode file for STMicroelectronics.FP-SNS-FLIGHT1.5.0.1
2024-12-10 16:55:12,104 [WARN] PackLoader:240 - Cannot read IP mode file for STMicroelectronics.X-CUBE-MEMS1.11.0.0
2024-12-10 16:55:12,535 [INFO] WebApp:753 - Register for checkConnection events
2024-12-10 16:55:12,535 [INFO] WebApp:390 - Apply proxy settings
2024-12-10 16:55:12,536 [INFO] WebApp:475 - Chromium requires no authentication
2024-12-10 16:55:12,617 [INFO] WebApp:418 - Direct internet connection detected
2024-12-10 16:55:12,768 [WARN] PackLoader:240 - Cannot read IP mode file for STMicroelectronics.X-CUBE-BLE1.6.2.4
2024-12-10 16:55:12,779 [WARN] PackLoader:240 - Cannot read IP mode file for STMicroelectronics.FP-SNS-FLIGHT1.5.0.2
2024-12-10 16:55:12,798 [WARN] PackLoader:240 - Cannot read IP mode file for STMicroelectronics.X-CUBE-DISPLAY.3.0.0
2024-12-10 16:55:12,821 [WARN] PackLoader:240 - Cannot read IP mode file for STMicroelectronics.X-CUBE-BLE1.7.0.0
2024-12-10 16:55:12,841 [WARN] PackLoader:240 - Cannot read IP mode file for STMicroelectronics.X-CUBE-NFC10.1.0.0
2024-12-10 16:55:12,859 [ERROR] Engine:466 - C:\Users\Minh\.stm32cubemx\thirdparties\pdsc\STMicroelectronics.X-CUBE-BLEMGR.4.0.0.pdsc: PDSC version is not supported
2024-12-10 16:55:12,871 [WARN] PackLoader:240 - Cannot read IP mode file for STMicroelectronics.X-CUBE-TOUCHGFX.4.22.0
2024-12-10 16:55:12,879 [WARN] PackLoader:240 - Cannot read IP mode file for STMicroelectronics.X-CUBE-TOUCHGFX.4.22.1
2024-12-10 16:55:12,920 [WARN] PackLoader:240 - Cannot read IP mode file for STMicroelectronics.X-CUBE-BLEMGR.3.1.0
2024-12-10 16:55:12,939 [WARN] PackLoader:240 - Cannot read IP mode file for STMicroelectronics.FP-SNS-SMARTAG2.1.2.0
2024-12-10 16:55:12,973 [INFO] LogOutputStream:77 - [STDOUT_REDIRECT] 1 : Invalid condition id : UX_CORESTACK_Condition cause : null
2024-12-10 16:55:12,975 [INFO] LogOutputStream:77 - [STDOUT_REDIRECT] 1 : Invalid condition id : UX_CORESTACK_Condition cause : null
2024-12-10 16:55:12,982 [INFO] LogOutputStream:77 - [STDOUT_REDIRECT] 1 : Invalid condition id : UX_CORESTACK_Condition cause : null
2024-12-10 16:55:12,987 [INFO] LogOutputStream:77 - [STDOUT_REDIRECT] 1 : Invalid condition id : UX_CORESTACK_Condition cause : null
2024-12-10 16:55:12,994 [INFO] LogOutputStream:77 - [STDOUT_REDIRECT] 1 : Invalid condition id : UX_CORESTACK_Condition cause : null
2024-12-10 16:55:13,005 [WARN] PackLoader:240 - Cannot read IP mode file for STMicroelectronics.X-CUBE-AZRTOS-WL.2.0.0
2024-12-10 16:55:13,020 [WARN] PackLoader:240 - Cannot read IP mode file for STMicroelectronics.FP-SNS-MOTENV1.5.0.0
2024-12-10 16:55:13,060 [WARN] PackLoader:240 - Cannot read IP mode file for wolfSSL.I-CUBE-wolfMQTT.1.19.0
2024-12-10 16:55:13,078 [WARN] PackLoader:240 - Cannot read IP mode file for WES.I-CUBE-Cesium.1.3.0
2024-12-10 16:55:13,103 [WARN] PackLoader:240 - Cannot read IP mode file for STMicroelectronics.X-CUBE-BLE2.3.3.0
2024-12-10 16:55:13,153 [WARN] PackLoader:240 - Cannot read IP mode file for STMicroelectronics.X-CUBE-TOF1.3.2.0
2024-12-10 16:55:13,194 [WARN] PackLoader:240 - Cannot read IP mode file for STMicroelectronics.X-CUBE-NFC9.1.0.0
2024-12-10 16:55:13,224 [WARN] PackLoader:240 - Cannot read IP mode file for STMicroelectronics.X-CUBE-TCPP.4.1.0
2024-12-10 16:55:13,242 [WARN] PackLoader:240 - Cannot read IP mode file for STMicroelectronics.X-CUBE-TOUCHGFX.4.21.1
2024-12-10 16:55:13,249 [WARN] PackLoader:240 - Cannot read IP mode file for STMicroelectronics.X-CUBE-TOUCHGFX.4.21.3
2024-12-10 16:55:13,256 [WARN] PackLoader:240 - Cannot read IP mode file for STMicroelectronics.X-CUBE-TOUCHGFX.4.21.4
2024-12-10 16:55:13,271 [WARN] PackLoader:240 - Cannot read IP mode file for STMicroelectronics.X-CUBE-ALGOBUILD.1.3.0
2024-12-10 16:55:13,337 [WARN] PackLoader:240 - Cannot read IP mode file for STMicroelectronics.X-CUBE-AZRTOS-G0.1.1.0
2024-12-10 16:55:13,360 [WARN] PackLoader:240 - Cannot read IP mode file for STMicroelectronics.X-CUBE-SAFEA1.1.2.2
2024-12-10 16:55:13,380 [WARN] PackLoader:240 - Cannot read IP mode file for STMicroelectronics.X-CUBE-NFC4.3.0.0
2024-12-10 16:55:13,390 [ERROR] Engine:466 - C:\Users\Minh\.stm32cubemx\thirdparties\pdsc\EmbeddedOffice.I-CUBE-FS-RTOS.1.0.1.pdsc: PDSC version is not supported
2024-12-10 16:55:13,416 [WARN] PackLoader:240 - Cannot read IP mode file for STMicroelectronics.X-CUBE-BLEMGR.3.0.0
2024-12-10 16:55:13,427 [INFO] WebApp:188 - Starting web application
2024-12-10 16:55:13,428 [INFO] WebApp:520 - Web application path used C:\ST\STM32CubeIDE_1.4.0\STM32CubeIDE\plugins\com.st.stm32cube.common.mx_6.9.1.202307191849\db\plugins\mcufinder\reactClient1\index.html
2024-12-10 16:55:13,434 [ERROR] Engine:466 - C:\Users\Minh\.stm32cubemx\thirdparties\pdsc\RealThread.X-CUBE-RT-Thread_Nano.4.1.1.pdsc: PDSC version is not supported
2024-12-10 16:55:13,452 [WARN] PackLoader:240 - Cannot read IP mode file for STMicroelectronics.FP-ATR-SIGFOX1.3.2.0
2024-12-10 16:55:13,459 [ERROR] Engine:466 - C:\Users\Minh\.stm32cubemx\thirdparties\pdsc\quantropi.X-CUBE-qispace-sdk-base.1.9.3.pdsc: PDSC version is not supported
2024-12-10 16:55:13,476 [WARN] PackLoader:240 - Cannot read IP mode file for STMicroelectronics.X-CUBE-EEPRMA1.5.1.0
2024-12-10 16:55:13,613 [WARN] PackLoader:240 - Cannot read IP mode file for STMicroelectronics.X-CUBE-MEMS1.9.5.0
2024-12-10 16:55:14,413 [WARN] PackLoader:240 - Cannot read IP mode file for SEGGER.I-CUBE-embOS.1.3.1
2024-12-10 16:55:14,553 [WARN] PackLoader:240 - Cannot read IP mode file for STMicroelectronics.X-CUBE-ALGOBUILD.1.4.0
2024-12-10 16:55:14,566 [WARN] PackLoader:240 - Cannot read IP mode file for STMicroelectronics.X-CUBE-AI.9.1.0
2024-12-10 16:55:14,580 [WARN] PackLoader:240 - Cannot read IP mode file for STMicroelectronics.X-CUBE-GNSS1.6.0.0
2024-12-10 16:55:14,672 [WARN] PackLoader:240 - Cannot read IP mode file for STMicroelectronics.X-CUBE-AZRTOS-F4.1.1.0
2024-12-10 16:55:14,926 [WARN] PackLoader:240 - Cannot read IP mode file for STMicroelectronics.X-CUBE-ISPU.2.1.0
2024-12-10 16:55:15,029 [WARN] PackLoader:240 - Cannot read IP mode file for STMicroelectronics.X-CUBE-FREERTOS.1.2.0
2024-12-10 16:55:15,120 [WARN] PackLoader:240 - Cannot read IP mode file for STMicroelectronics.X-CUBE-AZRTOS-L5.2.0.0
2024-12-10 16:55:15,249 [WARN] PackLoader:240 - Cannot read IP mode file for STMicroelectronics.X-CUBE-MEMS1.9.6.0
2024-12-10 16:55:15,642 [WARN] PackLoader:240 - Cannot read IP mode file for STMicroelectronics.X-CUBE-EEPRMA1.4.2.0
2024-12-10 16:55:15,663 [WARN] PackLoader:240 - Cannot read IP mode file for STMicroelectronics.X-CUBE-NFC6.3.1.0
2024-12-10 16:55:15,681 [WARN] PackLoader:240 - Cannot read IP mode file for ITTIA_DB.I-CUBE-ITTIADB.8.8.0
2024-12-10 16:55:15,696 [WARN] PackLoader:240 - Cannot read IP mode file for emotas.I-CUBE-CANOPEN.1.1.3
2024-12-10 16:55:15,714 [WARN] PackLoader:240 - Cannot read IP mode file for STMicroelectronics.X-CUBE-BLEMGR.2.0.0
2024-12-10 16:55:15,728 [ERROR] Engine:466 - C:\Users\Minh\.stm32cubemx\thirdparties\pdsc\STMicroelectronics.X-CUBE-DPower.1.2.0.pdsc: PDSC version is not supported
2024-12-10 16:55:15,735 [WARN] PackLoader:240 - Cannot read IP mode file for STMicroelectronics.X-CUBE-AI.9.0.0
2024-12-10 16:55:15,775 [WARN] ConditionMgr:438 - getConditionDescription Invalid condition id : UX DEVICE CLASS RTOS Condition cause : null
2024-12-10 16:55:15,775 [WARN] ConditionMgr:438 - getConditionDescription Invalid condition id : UX DEVICE CLASS RTOS Condition cause : null
2024-12-10 16:55:15,784 [WARN] PackLoader:240 - Cannot read IP mode file for STMicroelectronics.X-CUBE-AZRTOS-H7.3.1.0
2024-12-10 16:55:15,787 [WARN] ConditionMgr:1039 - genDependencies : Invalid condition id : UX DEVICE CLASS RTOS Condition cause : null
2024-12-10 16:55:15,787 [WARN] ConditionMgr:1039 - genDependencies : Invalid condition id : UX DEVICE CLASS RTOS Condition cause : null
2024-12-10 16:55:15,788 [WARN] ConditionMgr:1039 - genDependencies : Invalid condition id : UX DEVICE CLASS RTOS Condition cause : null
2024-12-10 16:55:15,789 [WARN] ConditionMgr:1039 - genDependencies : Invalid condition id : UX DEVICE CLASS RTOS Condition cause : null
2024-12-10 16:55:15,790 [WARN] ConditionMgr:1039 - genDependencies : Invalid condition id : UX DEVICE CLASS RTOS Condition cause : null
2024-12-10 16:55:15,802 [WARN] PackLoader:240 - Cannot read IP mode file for wolfSSL.I-CUBE-wolfSSL.5.5.4
2024-12-10 16:55:15,813 [WARN] PackLoader:240 - Cannot read IP mode file for STMicroelectronics.X-CUBE-NFC7.1.0.1
2024-12-10 16:55:15,823 [WARN] PackLoader:240 - Cannot read IP mode file for STMicroelectronics.X-CUBE-NFC7.1.0.0
2024-12-10 16:55:15,833 [WARN] PackLoader:240 - Cannot read IP mode file for wolfSSL.I-CUBE-wolfTPM.3.2.0
2024-12-10 16:55:15,847 [WARN] PackLoader:240 - Cannot read IP mode file for STMicroelectronics.X-CUBE-NFC6.3.0.0
2024-12-10 16:55:15,862 [WARN] PackLoader:240 - Cannot read IP mode file for STMicroelectronics.X-CUBE-EEPRMA1.4.1.0
2024-12-10 16:55:15,871 [WARN] PackLoader:240 - Cannot read IP mode file for STMicroelectronics.X-CUBE-AI.8.1.0
2024-12-10 16:55:15,915 [WARN] ConditionMgr:438 - getConditionDescription Invalid condition id : LAN8742 Phy interface Condition cause : null
2024-12-10 16:55:15,916 [WARN] PackLoader:240 - Cannot read IP mode file for STMicroelectronics.X-CUBE-AZRTOS-L4.2.0.0
2024-12-10 16:55:15,919 [WARN] ConditionMgr:1039 - genDependencies : Invalid condition id : LAN8742 Phy interface Condition cause : null
2024-12-10 16:55:15,919 [WARN] ConditionMgr:1039 - genDependencies : Invalid condition id : LAN8742 Phy interface Condition cause : null
2024-12-10 16:55:15,921 [WARN] ConditionMgr:1039 - genDependencies : Invalid condition id : LAN8742 Phy interface Condition cause : null
2024-12-10 16:55:15,937 [WARN] PackLoader:240 - Cannot read IP mode file for STMicroelectronics.X-CUBE-SFXS2LP1.4.0.0
2024-12-10 16:55:15,990 [WARN] PackLoader:240 - Cannot read IP mode file for STMicroelectronics.X-CUBE-AZRTOS-H7.3.0.0
2024-12-10 16:55:16,025 [WARN] PackLoader:240 - Cannot read IP mode file for STMicroelectronics.X-CUBE-ISPU.1.1.0
2024-12-10 16:55:16,208 [WARN] PackLoader:240 - Cannot read IP mode file for STMicroelectronics.X-CUBE-AZRTOS-H7.3.3.0
2024-12-10 16:55:16,257 [WARN] PackLoader:240 - Cannot read IP mode file for RoweBots.I-CUBE-UNISONRTOS.5.5.0-4
2024-12-10 16:55:16,311 [WARN] PackLoader:240 - Cannot read IP mode file for STMicroelectronics.X-CUBE-AI.8.0.0
2024-12-10 16:55:16,323 [ERROR] Engine:466 - C:\Users\Minh\.stm32cubemx\thirdparties\pdsc\STMicroelectronics.X-CUBE-IPS.3.0.0.pdsc: PDSC version is not supported
2024-12-10 16:55:16,394 [WARN] ConditionMgr:438 - getConditionDescription Invalid condition id : UX DEVICE CLASS RTOS Condition cause : null
2024-12-10 16:55:16,395 [WARN] ConditionMgr:438 - getConditionDescription Invalid condition id : UX DEVICE CLASS RTOS Condition cause : null
2024-12-10 16:55:16,401 [WARN] PackLoader:240 - Cannot read IP mode file for STMicroelectronics.X-CUBE-AZRTOS-WB.2.0.0
2024-12-10 16:55:16,403 [WARN] ConditionMgr:1039 - genDependencies : Invalid condition id : UX DEVICE CLASS RTOS Condition cause : null
2024-12-10 16:55:16,404 [WARN] ConditionMgr:1039 - genDependencies : Invalid condition id : UX DEVICE CLASS RTOS Condition cause : null
2024-12-10 16:55:16,405 [WARN] ConditionMgr:1039 - genDependencies : Invalid condition id : UX DEVICE CLASS RTOS Condition cause : null
2024-12-10 16:55:16,406 [WARN] ConditionMgr:1039 - genDependencies : Invalid condition id : UX DEVICE CLASS RTOS Condition cause : null
2024-12-10 16:55:16,407 [WARN] ConditionMgr:1039 - genDependencies : Invalid condition id : UX DEVICE CLASS RTOS Condition cause : null
2024-12-10 16:55:16,426 [WARN] PackLoader:240 - Cannot read IP mode file for STMicroelectronics.X-CUBE-FREERTOS.1.0.0
2024-12-10 16:55:16,436 [WARN] PackLoader:240 - Cannot read IP mode file for STMicroelectronics.X-CUBE-FREERTOS.1.0.1
2024-12-10 16:55:16,448 [WARN] PackLoader:240 - Cannot read IP mode file for STMicroelectronics.X-CUBE-GNSS1.7.0.0
2024-12-10 16:55:16,478 [ERROR] Engine:466 - C:\Users\Minh\.stm32cubemx\thirdparties\pdsc\STMicroelectronics.FP-SNS-STBOX1.2.0.0.pdsc: PDSC version is not supported
2024-12-10 16:55:16,516 [WARN] PackLoader:240 - Cannot read IP mode file for STMicroelectronics.X-CUBE-AZRTOS-L5.1.1.0
2024-12-10 16:55:16,531 [WARN] PackLoader:240 - Cannot read IP mode file for STMicroelectronics.X-CUBE-AI.8.0.1
2024-12-10 16:55:16,552 [WARN] PackLoader:240 - Cannot read IP mode file for STMicroelectronics.X-CUBE-SUBG2.5.0.0
2024-12-10 16:55:16,575 [WARN] PackLoader:240 - Cannot read IP mode file for Cesanta.I-CUBE-Mongoose.7.13.0
2024-12-10 16:55:16,596 [WARN] PackLoader:240 - Cannot read IP mode file for STMicroelectronics.X-CUBE-TOF1.3.3.1
2024-12-10 16:55:16,652 [WARN] PackLoader:240 - Cannot read IP mode file for STMicroelectronics.X-CUBE-AZRTOS-G4.2.0.0
2024-12-10 16:55:16,679 [WARN] PackLoader:240 - Cannot read IP mode file for STMicroelectronics.X-CUBE-TOF1.3.3.0
2024-12-10 16:55:16,714 [WARN] PackLoader:240 - Cannot read IP mode file for STMicroelectronics.FP-ATR-ASTRA1.1.1.1
2024-12-10 16:55:16,753 [WARN] PackLoader:240 - Cannot read IP mode file for Infineon.AIROC-Wi-Fi-Bluetooth-STM32.1.5.1
2024-12-10 16:55:16,767 [WARN] PackLoader:240 - Cannot read IP mode file for STMicroelectronics.FP-SNS-MOTENVWB1.1.3.0
2024-12-10 16:55:16,775 [WARN] PackLoader:240 - Cannot read IP mode file for STMicroelectronics.FP-SNS-MOTENVWB1.1.3.1
2024-12-10 16:55:16,809 [WARN] PackLoader:240 - Cannot read IP mode file for STMicroelectronics.X-CUBE-AZRTOS-G4.1.0.0
2024-12-10 16:55:16,846 [WARN] PackLoader:240 - Cannot read IP mode file for STMicroelectronics.X-CUBE-AZRTOS-L4.1.0.0
2024-12-10 16:55:16,859 [WARN] PackLoader:240 - Cannot read IP mode file for STMicroelectronics.X-CUBE-ISPU.2.0.0
2024-12-10 16:55:16,867 [WARN] PackLoader:240 - Cannot read IP mode file for STMicroelectronics.X-CUBE-ALS.1.0.2
2024-12-10 16:55:16,981 [WARN] PackLoader:240 - Cannot read IP mode file for STMicroelectronics.X-CUBE-MEMS1.10.0.0
2024-12-10 16:55:17,602 [WARN] PackLoader:240 - Cannot read IP mode file for STMicroelectronics.X-CUBE-FREERTOS.1.1.0
2024-12-10 16:55:17,674 [WARN] PackLoader:240 - Cannot read IP mode file for STMicroelectronics.X-CUBE-TOUCHGFX.4.24.0
2024-12-10 16:55:17,700 [WARN] PackLoader:240 - Cannot read IP mode file for STMicroelectronics.X-CUBE-AZRTOS-WL.1.0.0
2024-12-10 16:55:17,764 [WARN] PackLoader:240 - Cannot read IP mode file for STMicroelectronics.X-CUBE-TOUCHGFX.4.24.1
2024-12-10 16:55:17,783 [WARN] PackLoader:240 - Cannot read IP mode file for portGmbH.I-Cube-SoM-uGOAL.1.1.0
2024-12-10 16:55:17,792 [WARN] PackLoader:240 - Cannot read IP mode file for STMicroelectronics.X-CUBE-ALS.1.0.1
2024-12-10 16:55:17,834 [WARN] PackLoader:240 - Cannot read IP mode file for STMicroelectronics.X-CUBE-AZRTOS-WB.1.1.0
2024-12-10 16:55:17,958 [WARN] PackLoader:240 - Cannot read IP mode file for STMicroelectronics.X-CUBE-AZRTOS-H7RS.1.0.0
2024-12-10 16:55:17,989 [WARN] PackLoader:240 - Cannot read IP mode file for STMicroelectronics.FP-ATR-ASTRA1.2.0.0
2024-12-10 16:55:18,009 [ERROR] Engine:466 - C:\Users\Minh\.stm32cubemx\thirdparties\pdsc\STMicroelectronics.X-CUBE-TOF1.3.4.2.pdsc: PDSC version is not supported
2024-12-10 16:55:18,146 [WARN] PackLoader:240 - Cannot read IP mode file for STMicroelectronics.X-CUBE-TOF1.3.4.0
2024-12-10 16:55:18,490 [WARN] PackLoader:240 - Cannot read IP mode file for STMicroelectronics.X-CUBE-TOF1.3.4.1
2024-12-10 16:55:18,602 [WARN] PackLoader:240 - Cannot read IP mode file for STMicroelectronics.X-CUBE-AZRTOS-H7.3.2.0
2024-12-10 16:55:18,651 [WARN] PackLoader:240 - Cannot read IP mode file for wolfSSL.I-CUBE-wolfSSH.1.4.17
2024-12-10 16:55:18,652 [INFO] ThirdParty:978 - Integrity check success = true
2024-12-10 16:55:18,652 [INFO] IntegrityCheckThread:100 - exiting critical section [integrity check]
2024-12-10 16:55:18,652 [INFO] IntegrityCheckThread:103 - End integrity checks thread
2024-12-10 17:04:31,132 [ERROR] LogOutputStream:75 - [STDERR_REDIRECT] SLF4J: Failed to load class "org.slf4j.impl.StaticLoggerBinder".
2024-12-10 17:04:31,133 [ERROR] LogOutputStream:75 - [STDERR_REDIRECT] SLF4J: Defaulting to no-operation (NOP) logger implementation
2024-12-10 17:04:31,137 [ERROR] LogOutputStream:75 - [STDERR_REDIRECT] SLF4J: See http://www.slf4j.org/codes.html#StaticLoggerBinder for further details.
2024-12-10 18:14:34,860 [ERROR] LogOutputStream:75 - [STDERR_REDIRECT] 
