2023-12-10 10:10:55,374 [INFO] Activator:176 - 


2023-12-10 10:10:55,399 [INFO] Activator:177 - !SESSION log4j initialized
2023-12-10 10:11:14,971 [INFO] LogOutputStream:77 - [STDOUT_REDIRECT] 
2023-12-10 10:11:24,694 [INFO] ApplicationProperties:184 - Using Application install path: C:\ST\STM32CubeIDE_1.4.0\STM32CubeIDE\plugins\com.st.stm32cube.common.mx_6.9.1.202307191849
2023-12-10 10:11:24,731 [INFO] DbMcusXml:78 - Set database path to: C:\ST\STM32CubeIDE_1.4.0\STM32CubeIDE\plugins\com.st.stm32cube.common.mx_6.9.1.202307191849\\db\/mcu/
2023-12-10 10:11:24,732 [INFO] ApiDb:274 - Set plugin database path to: C:\ST\STM32CubeIDE_1.4.0\STM32CubeIDE\plugins\com.st.stm32cube.common.mx_6.9.1.202307191849\\db\/plugins/boardmanager/
2023-12-10 10:11:24,733 [WARN] ApiDb:259 - Overriding images path with different value:  => C:\ST\STM32CubeIDE_1.4.0\STM32CubeIDE\plugins\com.st.stm32cube.common.mx_6.9.1.202307191849\\db\/plugins/mcufinder/images/
2023-12-10 10:11:24,755 [INFO] ApiDb:250 - Set database path to: C:\Users\Minh\.stmcufinder\plugins\mcufinder//mcu/
2023-12-10 10:11:24,761 [INFO] DbMcusAds:125 - Set database path to: C:\Users\Minh\.stmcufinder\plugins\mcufinder//mcu/
2023-12-10 10:11:24,767 [INFO] CrossReferenceDbSqlite:203 - Set database path to: C:\Users\Minh\.stmcufinder\plugins\mcufinder//mcu/cs/
2023-12-10 10:11:25,064 [INFO] RulesReader:64 - Compatibility file has been processed (293 Rules)
2023-12-10 10:11:25,293 [INFO] DbMcusXml:78 - Set database path to: C:\ST\STM32CubeIDE_1.4.0\STM32CubeIDE\plugins\com.st.stm32cube.common.mx_6.9.1.202307191849\\db\/mcu/
2023-12-10 10:11:25,294 [INFO] ApiDb:274 - Set plugin database path to: C:\ST\STM32CubeIDE_1.4.0\STM32CubeIDE\plugins\com.st.stm32cube.common.mx_6.9.1.202307191849\\db\/plugins/boardmanager/
2023-12-10 10:11:25,294 [INFO] ApiDb:261 - Set plugin images path to: C:\ST\STM32CubeIDE_1.4.0\STM32CubeIDE\plugins\com.st.stm32cube.common.mx_6.9.1.202307191849\\db\/plugins/mcufinder/images/
2023-12-10 10:11:25,295 [WARN] DbFile:41 - Overriding database path with different value: C:\Users\Minh\.stmcufinder\plugins\mcufinder/ => C:\Users\Minh\.stmcufinder\plugins\mcufinder
2023-12-10 10:11:25,295 [INFO] ApiDb:250 - Set database path to: C:\Users\Minh\.stmcufinder\plugins\mcufinder//mcu/
2023-12-10 10:11:25,296 [WARN] DbFile:41 - Overriding database path with different value: C:\Users\Minh\.stmcufinder\plugins\mcufinder/ => C:\Users\Minh\.stmcufinder\plugins\mcufinder
2023-12-10 10:11:25,296 [INFO] DbMcusAds:125 - Set database path to: C:\Users\Minh\.stmcufinder\plugins\mcufinder//mcu/
2023-12-10 10:11:25,296 [WARN] DbFile:41 - Overriding database path with different value: C:\Users\Minh\.stmcufinder\plugins\mcufinder/ => C:\Users\Minh\.stmcufinder\plugins\mcufinder
2023-12-10 10:11:25,296 [WARN] DbFile:41 - Overriding database path with different value: C:\Users\Minh\.stmcufinder\plugins\mcufinder/ => C:\Users\Minh\.stmcufinder\plugins\mcufinder
2023-12-10 10:11:25,297 [INFO] CrossReferenceDbSqlite:203 - Set database path to: C:\Users\Minh\.stmcufinder\plugins\mcufinder//mcu/cs/
2023-12-10 10:11:25,523 [INFO] MainPanel:262 - HeapMemory: 268435456
2023-12-10 10:11:25,790 [INFO] DbMcusXml:78 - Set database path to: C:\ST\STM32CubeIDE_1.4.0\STM32CubeIDE\plugins\com.st.stm32cube.common.mx_6.9.1.202307191849\\db\/mcu/
2023-12-10 10:11:25,790 [INFO] ApiDb:274 - Set plugin database path to: C:\ST\STM32CubeIDE_1.4.0\STM32CubeIDE\plugins\com.st.stm32cube.common.mx_6.9.1.202307191849\\db\/plugins/boardmanager/
2023-12-10 10:11:25,790 [INFO] ApiDb:261 - Set plugin images path to: C:\ST\STM32CubeIDE_1.4.0\STM32CubeIDE\plugins\com.st.stm32cube.common.mx_6.9.1.202307191849\\db\/plugins/mcufinder/images/
2023-12-10 10:11:25,790 [WARN] DbFile:41 - Overriding database path with different value: C:\Users\Minh\.stmcufinder\plugins\mcufinder/ => C:\Users\Minh\.stmcufinder\plugins\mcufinder
2023-12-10 10:11:25,790 [INFO] ApiDb:250 - Set database path to: C:\Users\Minh\.stmcufinder\plugins\mcufinder//mcu/
2023-12-10 10:11:25,795 [WARN] DbFile:41 - Overriding database path with different value: C:\Users\Minh\.stmcufinder\plugins\mcufinder/ => C:\Users\Minh\.stmcufinder\plugins\mcufinder
2023-12-10 10:11:25,795 [INFO] DbMcusAds:125 - Set database path to: C:\Users\Minh\.stmcufinder\plugins\mcufinder//mcu/
2023-12-10 10:11:25,795 [WARN] DbFile:41 - Overriding database path with different value: C:\Users\Minh\.stmcufinder\plugins\mcufinder/ => C:\Users\Minh\.stmcufinder\plugins\mcufinder
2023-12-10 10:11:25,796 [WARN] DbFile:41 - Overriding database path with different value: C:\Users\Minh\.stmcufinder\plugins\mcufinder/ => C:\Users\Minh\.stmcufinder\plugins\mcufinder
2023-12-10 10:11:25,796 [INFO] CrossReferenceDbSqlite:203 - Set database path to: C:\Users\Minh\.stmcufinder\plugins\mcufinder//mcu/cs/
2023-12-10 10:11:25,843 [INFO] ApplicationProperties:184 - Using Application install path: C:\ST\STM32CubeIDE_1.4.0\STM32CubeIDE\plugins\com.st.stm32cube.common.mx_6.9.1.202307191849
2023-12-10 10:11:25,845 [INFO] PluginManage:196 - Search for loadable plugins [exclusion list=, ]
2023-12-10 10:11:25,849 [INFO] PluginManage:310 - Check plugin analytics
2023-12-10 10:11:30,840 [INFO] AnalyticsPlugin:253 - Accepted Software Licenses: STM32CubeMX.6.0.0,STM32CubeMX.5.2.0
2023-12-10 10:11:30,841 [INFO] AnalyticsPlugin:255 - Accepted CMSIS Pack Licenses: 
2023-12-10 10:11:30,842 [INFO] AnalyticsPlugin:257 - Accepted Firmware Licenses: 
2023-12-10 10:11:30,851 [INFO] PluginManage:359 - Loaded plugin analytics (category:tool,tabindex:-1)
2023-12-10 10:11:30,852 [INFO] PluginManage:310 - Check plugin cadmodel
2023-12-10 10:11:30,893 [INFO] CADModel:105 - Init CAD model plugin
2023-12-10 10:11:30,894 [INFO] PluginManage:359 - Loaded plugin cadmodel (category:power,tabindex:5)
2023-12-10 10:11:30,894 [INFO] PluginManage:310 - Check plugin clock
2023-12-10 10:11:30,935 [INFO] PluginManage:359 - Loaded plugin clock (category:base,tabindex:2)
2023-12-10 10:11:30,935 [INFO] PluginManage:310 - Check plugin ddr
2023-12-10 10:11:30,940 [INFO] PluginManage:359 - Loaded plugin ddr (category:tool,tabindex:6)
2023-12-10 10:11:30,940 [INFO] PluginManage:310 - Check plugin filemanager
2023-12-10 10:11:31,267 [INFO] PluginManage:359 - Loaded plugin filemanager (category:base,tabindex:10)
2023-12-10 10:11:31,267 [INFO] PluginManage:310 - Check plugin ipmanager
2023-12-10 10:11:31,289 [INFO] PluginManage:359 - Loaded plugin ipmanager (category:base,tabindex:5)
2023-12-10 10:11:31,289 [INFO] PluginManage:310 - Check plugin lpbam
2023-12-10 10:11:31,332 [INFO] PluginManage:359 - Loaded plugin lpbam (category:base,tabindex:0)
2023-12-10 10:11:31,332 [INFO] PluginManage:310 - Check plugin memorymap
2023-12-10 10:11:31,393 [INFO] PluginManage:359 - Loaded plugin memorymap (category:base,tabindex:4)
2023-12-10 10:11:31,394 [INFO] PluginManage:310 - Check plugin pinoutandconfiguration
2023-12-10 10:11:31,435 [INFO] PluginManage:359 - Loaded plugin pinoutandconfiguration (category:base,tabindex:1)
2023-12-10 10:11:31,435 [INFO] PluginManage:310 - Check plugin pinoutconfig
2023-12-10 10:11:31,661 [WARN] SupportedApi:132 - Cannot load RTOS API schema: s4s-elt-must-match.1: The content of 'definitions' must match (annotation?, (simpleType | complexType)?, (unique | key | keyref)*)). A problem was found starting at: attribute.
2023-12-10 10:11:32,087 [INFO] PluginManage:359 - Loaded plugin pinoutconfig (category:base,tabindex:0)
2023-12-10 10:11:32,087 [INFO] PluginManage:310 - Check plugin power
2023-12-10 10:11:32,157 [INFO] PluginManage:359 - Loaded plugin power (category:power,tabindex:4)
2023-12-10 10:11:32,157 [INFO] PluginManage:310 - Check plugin projectmanager
2023-12-10 10:11:32,204 [INFO] PluginManage:359 - Loaded plugin projectmanager (category:projectmanager,tabindex:3)
2023-12-10 10:11:32,204 [INFO] PluginManage:310 - Check plugin thirdparty
2023-12-10 10:11:33,063 [INFO] PluginManage:359 - Loaded plugin thirdparty (category:base,tabindex:-1)
2023-12-10 10:11:33,063 [WARN] IntegrityCheckThread:84 - waiting for thirdparty lock release [integrity check]
2023-12-10 10:11:33,064 [INFO] PluginManage:310 - Check plugin tools
2023-12-10 10:11:33,064 [INFO] IntegrityCheckThread:86 - entering critical section [integrity check]
2023-12-10 10:11:33,065 [INFO] ThirdPartyUpdaterWithRetryManager:70 - Updater plugin not ready yet. [1/15]
2023-12-10 10:11:33,177 [INFO] PluginManage:359 - Loaded plugin tools (category:base,tabindex:7)
2023-12-10 10:11:33,177 [INFO] PluginManage:310 - Check plugin tutovideos
2023-12-10 10:11:33,744 [INFO] PluginManage:359 - Loaded plugin tutovideos (category:base,tabindex:-1)
2023-12-10 10:11:33,745 [INFO] PluginManage:310 - Check plugin updater
2023-12-10 10:11:33,772 [INFO] PluginManage:359 - Loaded plugin updater (category:base,tabindex:12)
2023-12-10 10:11:33,773 [INFO] PluginManage:310 - Check plugin userauth
2023-12-10 10:11:33,787 [INFO] UserAuth:113 - Init User Auth plugin
2023-12-10 10:11:33,788 [INFO] PluginManage:359 - Loaded plugin userauth (category:base,tabindex:14)
2023-12-10 10:11:33,789 [INFO] PluginManage:283 - PluginManage : Loaded plugins [17]
2023-12-10 10:11:34,382 [INFO] PinOutPanel:1499 - setPackage(No Configuration,No Configuration)
2023-12-10 10:11:34,668 [INFO] CADModel:165 - CPN selected for project level
2023-12-10 10:11:34,668 [INFO] CADModel:114 - Register for checkConnection events
2023-12-10 10:11:34,730 [INFO] IPUIPlugin:80 - create IPUIPlugin
2023-12-10 10:11:34,731 [INFO] PluginManager:220 - loadIPPluginJar : add adc
2023-12-10 10:11:34,822 [INFO] IPUIPlugin:80 - create IPUIPlugin
2023-12-10 10:11:34,822 [INFO] PluginManager:220 - loadIPPluginJar : add aes
2023-12-10 10:11:34,940 [INFO] IPUIPlugin:80 - create IPUIPlugin
2023-12-10 10:11:34,940 [INFO] PluginManager:220 - loadIPPluginJar : add can
2023-12-10 10:11:35,010 [INFO] IPUIPlugin:80 - create IPUIPlugin
2023-12-10 10:11:35,010 [INFO] PluginManager:220 - loadIPPluginJar : add comp
2023-12-10 10:11:35,093 [INFO] IPUIPlugin:80 - create IPUIPlugin
2023-12-10 10:11:35,094 [INFO] PluginManager:220 - loadIPPluginJar : add cryp
2023-12-10 10:11:35,160 [INFO] IPUIPlugin:80 - create IPUIPlugin
2023-12-10 10:11:35,160 [INFO] PluginManager:220 - loadIPPluginJar : add dfsdm
2023-12-10 10:11:35,194 [INFO] IPUIPlugin:80 - create IPUIPlugin
2023-12-10 10:11:35,196 [INFO] PluginManager:220 - loadIPPluginJar : add dma
2023-12-10 10:11:35,301 [INFO] IPUIPlugin:80 - create IPUIPlugin
2023-12-10 10:11:35,301 [INFO] PluginManager:220 - loadIPPluginJar : add dma3
2023-12-10 10:11:35,340 [INFO] IPUIPlugin:80 - create IPUIPlugin
2023-12-10 10:11:35,340 [INFO] PluginManager:220 - loadIPPluginJar : add fatfs
2023-12-10 10:11:35,445 [INFO] IPUIPlugin:80 - create IPUIPlugin
2023-12-10 10:11:35,445 [INFO] PluginManager:220 - loadIPPluginJar : add fmc
2023-12-10 10:11:35,489 [INFO] IPUIPlugin:80 - create IPUIPlugin
2023-12-10 10:11:35,489 [INFO] PluginManager:220 - loadIPPluginJar : add freertos
2023-12-10 10:11:35,546 [INFO] IPUIPlugin:80 - create IPUIPlugin
2023-12-10 10:11:35,546 [INFO] PluginManager:220 - loadIPPluginJar : add genericplugin
2023-12-10 10:11:35,811 [INFO] IPUIPlugin:80 - create IPUIPlugin
2023-12-10 10:11:35,811 [INFO] PluginManager:220 - loadIPPluginJar : add gfxmmu
2023-12-10 10:11:36,070 [INFO] ThirdPartyUpdaterWithRetryManager:70 - Updater plugin not ready yet. [2/15]
2023-12-10 10:11:36,123 [INFO] IPUIPlugin:80 - create IPUIPlugin
2023-12-10 10:11:36,123 [INFO] PluginManager:220 - loadIPPluginJar : add gic
2023-12-10 10:11:36,148 [INFO] IPUIPlugin:80 - create IPUIPlugin
2023-12-10 10:11:36,148 [INFO] PluginManager:220 - loadIPPluginJar : add gpio
2023-12-10 10:11:36,343 [INFO] IPUIPlugin:80 - create IPUIPlugin
2023-12-10 10:11:36,343 [INFO] PluginManager:220 - loadIPPluginJar : add gtzc
2023-12-10 10:11:36,425 [INFO] IPUIPlugin:80 - create IPUIPlugin
2023-12-10 10:11:36,426 [INFO] PluginManager:220 - loadIPPluginJar : add hash
2023-12-10 10:11:36,549 [INFO] IPUIPlugin:80 - create IPUIPlugin
2023-12-10 10:11:36,549 [INFO] PluginManager:220 - loadIPPluginJar : add i2c
2023-12-10 10:11:36,633 [INFO] IPUIPlugin:80 - create IPUIPlugin
2023-12-10 10:11:36,634 [INFO] PluginManager:220 - loadIPPluginJar : add i2s
2023-12-10 10:11:36,731 [INFO] IPUIPlugin:80 - create IPUIPlugin
2023-12-10 10:11:36,732 [INFO] PluginManager:220 - loadIPPluginJar : add i3c
2023-12-10 10:11:37,081 [INFO] IPUIPlugin:80 - create IPUIPlugin
2023-12-10 10:11:37,081 [INFO] PluginManager:220 - loadIPPluginJar : add ipddr
2023-12-10 10:11:37,341 [INFO] IPUIPlugin:80 - create IPUIPlugin
2023-12-10 10:11:37,341 [INFO] PluginManager:220 - loadIPPluginJar : add linkedlist
2023-12-10 10:11:37,419 [INFO] IPUIPlugin:80 - create IPUIPlugin
2023-12-10 10:11:37,420 [INFO] PluginManager:220 - loadIPPluginJar : add lorawan
2023-12-10 10:11:37,498 [INFO] IPUIPlugin:80 - create IPUIPlugin
2023-12-10 10:11:37,498 [INFO] PluginManager:220 - loadIPPluginJar : add ltdc
2023-12-10 10:11:37,525 [INFO] IPUIPlugin:80 - create IPUIPlugin
2023-12-10 10:11:37,525 [INFO] PluginManager:220 - loadIPPluginJar : add mdma
2023-12-10 10:11:37,548 [INFO] IPUIPlugin:80 - create IPUIPlugin
2023-12-10 10:11:37,548 [INFO] PluginManager:220 - loadIPPluginJar : add nvic
2023-12-10 10:11:37,611 [INFO] IPUIPlugin:80 - create IPUIPlugin
2023-12-10 10:11:37,611 [INFO] PluginManager:220 - loadIPPluginJar : add opamp
2023-12-10 10:11:37,733 [INFO] IPUIPlugin:80 - create IPUIPlugin
2023-12-10 10:11:37,733 [INFO] PluginManager:220 - loadIPPluginJar : add openamp
2023-12-10 10:11:37,815 [INFO] IPUIPlugin:80 - create IPUIPlugin
2023-12-10 10:11:37,815 [INFO] PluginManager:220 - loadIPPluginJar : add pdm2pcm
2023-12-10 10:11:37,848 [INFO] IPUIPlugin:80 - create IPUIPlugin
2023-12-10 10:11:37,855 [INFO] PluginManager:220 - loadIPPluginJar : add plateformsettings
2023-12-10 10:11:37,911 [INFO] IPUIPlugin:80 - create IPUIPlugin
2023-12-10 10:11:37,912 [INFO] PluginManager:220 - loadIPPluginJar : add quadspi
2023-12-10 10:11:37,940 [INFO] IPUIPlugin:80 - create IPUIPlugin
2023-12-10 10:11:37,941 [INFO] PluginManager:220 - loadIPPluginJar : add resmgrutility
2023-12-10 10:11:38,048 [INFO] IPUIPlugin:80 - create IPUIPlugin
2023-12-10 10:11:38,048 [INFO] PluginManager:220 - loadIPPluginJar : add sai
2023-12-10 10:11:38,128 [INFO] IPUIPlugin:80 - create IPUIPlugin
2023-12-10 10:11:38,129 [INFO] PluginManager:220 - loadIPPluginJar : add spi
2023-12-10 10:11:38,254 [INFO] IPUIPlugin:80 - create IPUIPlugin
2023-12-10 10:11:38,254 [INFO] PluginManager:220 - loadIPPluginJar : add stm32_wpan
2023-12-10 10:11:38,305 [INFO] IPUIPlugin:80 - create IPUIPlugin
2023-12-10 10:11:38,305 [INFO] PluginManager:220 - loadIPPluginJar : add tim
2023-12-10 10:11:38,448 [INFO] IPUIPlugin:80 - create IPUIPlugin
2023-12-10 10:11:38,448 [INFO] PluginManager:220 - loadIPPluginJar : add touchsensing
2023-12-10 10:11:38,500 [INFO] IPUIPlugin:80 - create IPUIPlugin
2023-12-10 10:11:38,500 [INFO] PluginManager:220 - loadIPPluginJar : add tracer_emb
2023-12-10 10:11:38,555 [INFO] IPUIPlugin:80 - create IPUIPlugin
2023-12-10 10:11:38,555 [INFO] PluginManager:220 - loadIPPluginJar : add ts
2023-12-10 10:11:38,610 [INFO] IPUIPlugin:80 - create IPUIPlugin
2023-12-10 10:11:38,610 [INFO] PluginManager:220 - loadIPPluginJar : add tsc
2023-12-10 10:11:38,658 [INFO] IPUIPlugin:80 - create IPUIPlugin
2023-12-10 10:11:38,658 [INFO] PluginManager:220 - loadIPPluginJar : add ucpd
2023-12-10 10:11:38,755 [INFO] IPUIPlugin:80 - create IPUIPlugin
2023-12-10 10:11:38,755 [INFO] PluginManager:220 - loadIPPluginJar : add usart
2023-12-10 10:11:38,853 [INFO] IPUIPlugin:80 - create IPUIPlugin
2023-12-10 10:11:38,853 [INFO] PluginManager:220 - loadIPPluginJar : add usbx
2023-12-10 10:11:39,046 [INFO] CADModel:165 - CPN selected for project level
2023-12-10 10:11:39,046 [INFO] CADModel:114 - Register for checkConnection events
2023-12-10 10:11:39,047 [FATAL] Updater:308 - Updater called before beeing initialized
2023-12-10 10:11:39,047 [ERROR] CADModel:125 - Updater not yet initialized, retry later 
2023-12-10 10:11:39,073 [INFO] ThirdPartyUpdaterWithRetryManager:70 - Updater plugin not ready yet. [3/15]
2023-12-10 10:11:39,352 [INFO] CADModel:165 - CPN selected for project level
2023-12-10 10:11:39,353 [INFO] CADModel:114 - Register for checkConnection events
2023-12-10 10:11:39,353 [FATAL] Updater:308 - Updater called before beeing initialized
2023-12-10 10:11:39,353 [ERROR] CADModel:125 - Updater not yet initialized, retry later 
2023-12-10 10:11:39,359 [FATAL] Updater:308 - Updater called before beeing initialized
2023-12-10 10:11:39,607 [FATAL] Updater:308 - Updater called before beeing initialized
2023-12-10 10:11:39,620 [INFO] DbMcusAds:53 - JSON generation date=Wed Nov 29 19:52:38 JST 2023 (1701255158764)
2023-12-10 10:11:39,621 [FATAL] Updater:308 - Updater called before beeing initialized
2023-12-10 10:11:39,814 [WARN] DetailPanel:346 - Failed to get advertising image, set to default
2023-12-10 10:11:40,084 [FATAL] Updater:308 - Updater called before beeing initialized
2023-12-10 10:11:40,089 [FATAL] Updater:308 - Updater called before beeing initialized
2023-12-10 10:11:40,089 [FATAL] Updater:308 - Updater called before beeing initialized
2023-12-10 10:11:40,089 [WARN] DetailPanel:346 - Failed to get advertising image, set to default
2023-12-10 10:11:40,091 [FATAL] Updater:308 - Updater called before beeing initialized
2023-12-10 10:11:40,242 [ERROR] Updater:1120 - MainUpdater not yet initialized. External WinMGr cannot be set.
2023-12-10 10:11:40,263 [INFO] Updater:1056 - Updater Version found : 6.9.1
2023-12-10 10:11:40,311 [INFO] ApplicationProperties:184 - Using Application install path: C:\ST\STM32CubeIDE_1.4.0\STM32CubeIDE\plugins\com.st.stm32cube.common.mx_6.9.1.202307191849
2023-12-10 10:11:40,687 [INFO] MainUpdater:2868 - connection check result : 10
2023-12-10 10:11:40,689 [INFO] MainUpdater:285 - Updater Check For Update Now.
2023-12-10 10:11:40,689 [INFO] MicroXplorer:498 - Change Database Version : DB.6.0.91
2023-12-10 10:11:40,726 [INFO] McuFinderGlobals:63 - Set McuFinder mode to 2 (CubeIDE integrated)
2023-12-10 10:11:40,726 [INFO] UserAuth:179 - activating auth plugin
2023-12-10 10:11:40,768 [INFO] UserAuth:393 - Internet connection configuration mode: 1
2023-12-10 10:11:40,810 [INFO] JxBrowserEngine:151 - Initiate JxBrowser Engine with user profile folder
2023-12-10 10:11:41,039 [INFO] CheckServerUpdateThread:120 - End of CheckServer Thread
2023-12-10 10:11:42,706 [WARN] PackLoader:240 - Cannot read IP mode file for STMicroelectronics.X-CUBE-SMBUS.2.1.0
2023-12-10 10:11:42,807 [WARN] PackLoader:240 - Cannot read IP mode file for STMicroelectronics.X-CUBE-AZRTOS-F7.1.1.0
2023-12-10 10:11:42,837 [ERROR] RealEvaluatedCondition:428 - Found unsupported composite condition: GROUP='STM32_MetaDataManager' CLASS='Data Exchange'
2023-12-10 10:11:42,837 [ERROR] RealEvaluatedCondition:428 - Found unsupported composite condition: CLASS='Data Exchange' GROUP='STM32_MetaDataManager'
2023-12-10 10:11:42,842 [WARN] PackLoader:240 - Cannot read IP mode file for STMicroelectronics.FP-SNS-MOTENV1.4.3.0
2023-12-10 10:11:42,868 [WARN] PackLoader:240 - Cannot read IP mode file for STMicroelectronics.FP-SNS-MOTENV1.4.3.2
2023-12-10 10:11:42,885 [WARN] PackLoader:240 - Cannot read IP mode file for STMicroelectronics.FP-SNS-FLIGHT1.5.0.0
2023-12-10 10:11:42,899 [ERROR] RealEvaluatedCondition:428 - Found unsupported composite condition: GROUP='STM32_MetaDataManager' CLASS='Data Exchange'
2023-12-10 10:11:42,900 [ERROR] RealEvaluatedCondition:428 - Found unsupported composite condition: GROUP='STM32_MetaDataManager' CLASS='Data Exchange'
2023-12-10 10:11:42,907 [WARN] PackLoader:240 - Cannot read IP mode file for STMicroelectronics.FP-SNS-MOTENV1.4.3.1
2023-12-10 10:11:42,924 [WARN] PackLoader:240 - Cannot read IP mode file for STMicroelectronics.FP-SNS-FLIGHT1.5.0.1
2023-12-10 10:11:42,947 [WARN] PackLoader:240 - Cannot read IP mode file for STMicroelectronics.X-CUBE-BLE1.6.2.4
2023-12-10 10:11:42,960 [WARN] PackLoader:240 - Cannot read IP mode file for STMicroelectronics.FP-SNS-FLIGHT1.5.0.2
2023-12-10 10:11:42,984 [WARN] PackLoader:240 - Cannot read IP mode file for STMicroelectronics.X-CUBE-DISPLAY.3.0.0
2023-12-10 10:11:43,015 [WARN] PackLoader:240 - Cannot read IP mode file for STMicroelectronics.X-CUBE-BLE1.7.0.0
2023-12-10 10:11:43,029 [WARN] PackLoader:240 - Cannot read IP mode file for STMicroelectronics.X-CUBE-TOUCHGFX.4.22.0
2023-12-10 10:11:43,042 [WARN] PackLoader:240 - Cannot read IP mode file for STMicroelectronics.X-CUBE-TOUCHGFX.4.22.1
2023-12-10 10:11:43,054 [WARN] PackLoader:240 - Cannot read IP mode file for STMicroelectronics.FP-SNS-SMARTAG2.1.2.0
2023-12-10 10:11:43,057 [INFO] WebApp:157 - Instantiating new browser for Auth
2023-12-10 10:11:43,096 [INFO] LogOutputStream:77 - [STDOUT_REDIRECT] 1 : Invalid condition id : UX_CORESTACK_Condition cause : null
2023-12-10 10:11:43,099 [INFO] LogOutputStream:77 - [STDOUT_REDIRECT] 1 : Invalid condition id : UX_CORESTACK_Condition cause : null
2023-12-10 10:11:43,106 [INFO] LogOutputStream:77 - [STDOUT_REDIRECT] 1 : Invalid condition id : UX_CORESTACK_Condition cause : null
2023-12-10 10:11:43,115 [INFO] LogOutputStream:77 - [STDOUT_REDIRECT] 1 : Invalid condition id : UX_CORESTACK_Condition cause : null
2023-12-10 10:11:43,134 [INFO] LogOutputStream:77 - [STDOUT_REDIRECT] 1 : Invalid condition id : UX_CORESTACK_Condition cause : null
2023-12-10 10:11:43,147 [WARN] PackLoader:240 - Cannot read IP mode file for STMicroelectronics.X-CUBE-AZRTOS-WL.2.0.0
2023-12-10 10:11:43,175 [WARN] PackLoader:240 - Cannot read IP mode file for WES.I-CUBE-Cesium.1.3.0
2023-12-10 10:11:43,197 [WARN] PackLoader:240 - Cannot read IP mode file for STMicroelectronics.X-CUBE-BLE2.3.3.0
2023-12-10 10:11:43,232 [WARN] PackLoader:240 - Cannot read IP mode file for STMicroelectronics.X-CUBE-TOF1.3.2.0
2023-12-10 10:11:43,260 [WARN] PackLoader:240 - Cannot read IP mode file for STMicroelectronics.X-CUBE-TOUCHGFX.4.21.1
2023-12-10 10:11:43,275 [WARN] PackLoader:240 - Cannot read IP mode file for STMicroelectronics.X-CUBE-TOUCHGFX.4.21.3
2023-12-10 10:11:43,283 [WARN] PackLoader:240 - Cannot read IP mode file for STMicroelectronics.X-CUBE-TOUCHGFX.4.21.4
2023-12-10 10:11:43,299 [WARN] PackLoader:240 - Cannot read IP mode file for STMicroelectronics.X-CUBE-ALGOBUILD.1.3.0
2023-12-10 10:11:43,347 [WARN] PackLoader:240 - Cannot read IP mode file for STMicroelectronics.X-CUBE-AZRTOS-G0.1.1.0
2023-12-10 10:11:43,371 [WARN] PackLoader:240 - Cannot read IP mode file for STMicroelectronics.X-CUBE-NFC4.3.0.0
2023-12-10 10:11:43,397 [WARN] PackLoader:240 - Cannot read IP mode file for STMicroelectronics.X-CUBE-BLEMGR.3.0.0
2023-12-10 10:11:43,455 [WARN] PackLoader:240 - Cannot read IP mode file for STMicroelectronics.FP-ATR-SIGFOX1.3.2.0
2023-12-10 10:11:43,750 [WARN] PackLoader:240 - Cannot read IP mode file for STMicroelectronics.X-CUBE-MEMS1.9.5.0
2023-12-10 10:11:44,264 [WARN] PackLoader:240 - Cannot read IP mode file for SEGGER.I-CUBE-embOS.1.3.1
2023-12-10 10:11:44,395 [WARN] PackLoader:240 - Cannot read IP mode file for STMicroelectronics.X-CUBE-GNSS1.6.0.0
2023-12-10 10:11:44,441 [WARN] PackLoader:240 - Cannot read IP mode file for STMicroelectronics.X-CUBE-AZRTOS-F4.1.1.0
2023-12-10 10:11:44,493 [WARN] PackLoader:240 - Cannot read IP mode file for STMicroelectronics.X-CUBE-AZRTOS-L5.2.0.0
2023-12-10 10:11:44,648 [WARN] PackLoader:240 - Cannot read IP mode file for STMicroelectronics.X-CUBE-MEMS1.9.6.0
2023-12-10 10:11:45,071 [WARN] PackLoader:240 - Cannot read IP mode file for STMicroelectronics.X-CUBE-EEPRMA1.4.2.0
2023-12-10 10:11:45,085 [WARN] PackLoader:240 - Cannot read IP mode file for ITTIA_DB.I-CUBE-ITTIADB.8.8.0
2023-12-10 10:11:45,104 [WARN] PackLoader:240 - Cannot read IP mode file for emotas.I-CUBE-CANOPEN.1.1.3
2023-12-10 10:11:45,122 [WARN] PackLoader:240 - Cannot read IP mode file for STMicroelectronics.X-CUBE-BLEMGR.2.0.0
2023-12-10 10:11:45,170 [WARN] ConditionMgr:438 - getConditionDescription Invalid condition id : UX DEVICE CLASS RTOS Condition cause : null
2023-12-10 10:11:45,171 [WARN] ConditionMgr:438 - getConditionDescription Invalid condition id : UX DEVICE CLASS RTOS Condition cause : null
2023-12-10 10:11:45,179 [WARN] PackLoader:240 - Cannot read IP mode file for STMicroelectronics.X-CUBE-AZRTOS-H7.3.1.0
2023-12-10 10:11:45,181 [WARN] ConditionMgr:1039 - genDependencies : Invalid condition id : UX DEVICE CLASS RTOS Condition cause : null
2023-12-10 10:11:45,182 [WARN] ConditionMgr:1039 - genDependencies : Invalid condition id : UX DEVICE CLASS RTOS Condition cause : null
2023-12-10 10:11:45,183 [WARN] ConditionMgr:1039 - genDependencies : Invalid condition id : UX DEVICE CLASS RTOS Condition cause : null
2023-12-10 10:11:45,184 [WARN] ConditionMgr:1039 - genDependencies : Invalid condition id : UX DEVICE CLASS RTOS Condition cause : null
2023-12-10 10:11:45,185 [WARN] ConditionMgr:1039 - genDependencies : Invalid condition id : UX DEVICE CLASS RTOS Condition cause : null
2023-12-10 10:11:45,199 [WARN] PackLoader:240 - Cannot read IP mode file for wolfSSL.I-CUBE-wolfSSL.5.5.4
2023-12-10 10:11:45,211 [WARN] PackLoader:240 - Cannot read IP mode file for STMicroelectronics.X-CUBE-NFC7.1.0.1
2023-12-10 10:11:45,222 [WARN] PackLoader:240 - Cannot read IP mode file for STMicroelectronics.X-CUBE-NFC7.1.0.0
2023-12-10 10:11:45,243 [WARN] PackLoader:240 - Cannot read IP mode file for STMicroelectronics.X-CUBE-NFC6.3.0.0
2023-12-10 10:11:45,261 [WARN] PackLoader:240 - Cannot read IP mode file for STMicroelectronics.X-CUBE-EEPRMA1.4.1.0
2023-12-10 10:11:45,273 [WARN] PackLoader:240 - Cannot read IP mode file for STMicroelectronics.X-CUBE-AI.8.1.0
2023-12-10 10:11:45,323 [WARN] ConditionMgr:438 - getConditionDescription Invalid condition id : LAN8742 Phy interface Condition cause : null
2023-12-10 10:11:45,324 [WARN] PackLoader:240 - Cannot read IP mode file for STMicroelectronics.X-CUBE-AZRTOS-L4.2.0.0
2023-12-10 10:11:45,329 [WARN] ConditionMgr:1039 - genDependencies : Invalid condition id : LAN8742 Phy interface Condition cause : null
2023-12-10 10:11:45,329 [WARN] ConditionMgr:1039 - genDependencies : Invalid condition id : LAN8742 Phy interface Condition cause : null
2023-12-10 10:11:45,331 [WARN] ConditionMgr:1039 - genDependencies : Invalid condition id : LAN8742 Phy interface Condition cause : null
2023-12-10 10:11:45,350 [WARN] PackLoader:240 - Cannot read IP mode file for STMicroelectronics.X-CUBE-SFXS2LP1.4.0.0
2023-12-10 10:11:45,408 [WARN] PackLoader:240 - Cannot read IP mode file for STMicroelectronics.X-CUBE-AZRTOS-H7.3.0.0
2023-12-10 10:11:45,425 [WARN] PackLoader:240 - Cannot read IP mode file for STMicroelectronics.X-CUBE-ISPU.1.1.0
2023-12-10 10:11:45,442 [WARN] PackLoader:240 - Cannot read IP mode file for RoweBots.I-CUBE-UNISONRTOS.5.5.0-4
2023-12-10 10:11:45,450 [WARN] PackLoader:240 - Cannot read IP mode file for STMicroelectronics.X-CUBE-AI.8.0.0
2023-12-10 10:11:45,478 [WARN] ConditionMgr:438 - getConditionDescription Invalid condition id : UX DEVICE CLASS RTOS Condition cause : null
2023-12-10 10:11:45,479 [WARN] ConditionMgr:438 - getConditionDescription Invalid condition id : UX DEVICE CLASS RTOS Condition cause : null
2023-12-10 10:11:45,490 [WARN] PackLoader:240 - Cannot read IP mode file for STMicroelectronics.X-CUBE-AZRTOS-WB.2.0.0
2023-12-10 10:11:45,491 [WARN] ConditionMgr:1039 - genDependencies : Invalid condition id : UX DEVICE CLASS RTOS Condition cause : null
2023-12-10 10:11:45,492 [WARN] ConditionMgr:1039 - genDependencies : Invalid condition id : UX DEVICE CLASS RTOS Condition cause : null
2023-12-10 10:11:45,507 [WARN] ConditionMgr:1039 - genDependencies : Invalid condition id : UX DEVICE CLASS RTOS Condition cause : null
2023-12-10 10:11:45,510 [WARN] ConditionMgr:1039 - genDependencies : Invalid condition id : UX DEVICE CLASS RTOS Condition cause : null
2023-12-10 10:11:45,511 [WARN] ConditionMgr:1039 - genDependencies : Invalid condition id : UX DEVICE CLASS RTOS Condition cause : null
2023-12-10 10:11:45,524 [WARN] PackLoader:240 - Cannot read IP mode file for STMicroelectronics.X-CUBE-FREERTOS.1.0.0
2023-12-10 10:11:45,534 [WARN] PackLoader:240 - Cannot read IP mode file for STMicroelectronics.X-CUBE-FREERTOS.1.0.1
2023-12-10 10:11:45,572 [WARN] PackLoader:240 - Cannot read IP mode file for STMicroelectronics.X-CUBE-AZRTOS-L5.1.1.0
2023-12-10 10:11:45,585 [INFO] WebApp:753 - Register for checkConnection events
2023-12-10 10:11:45,586 [INFO] WebApp:390 - Apply proxy settings
2023-12-10 10:11:45,587 [INFO] WebApp:475 - Chromium requires no authentication
2023-12-10 10:11:45,591 [WARN] PackLoader:240 - Cannot read IP mode file for STMicroelectronics.X-CUBE-AI.8.0.1
2023-12-10 10:11:45,616 [WARN] PackLoader:240 - Cannot read IP mode file for STMicroelectronics.X-CUBE-SUBG2.5.0.0
2023-12-10 10:11:45,619 [INFO] WebApp:418 - Direct internet connection detected
2023-12-10 10:11:45,654 [WARN] PackLoader:240 - Cannot read IP mode file for STMicroelectronics.X-CUBE-TOF1.3.3.1
2023-12-10 10:11:45,721 [WARN] PackLoader:240 - Cannot read IP mode file for STMicroelectronics.X-CUBE-AZRTOS-G4.2.0.0
2023-12-10 10:11:45,749 [WARN] PackLoader:240 - Cannot read IP mode file for STMicroelectronics.X-CUBE-TOF1.3.3.0
2023-12-10 10:11:45,782 [WARN] PackLoader:240 - Cannot read IP mode file for STMicroelectronics.FP-ATR-ASTRA1.1.1.1
2023-12-10 10:11:45,818 [WARN] PackLoader:240 - Cannot read IP mode file for Infineon.AIROC-Wi-Fi-Bluetooth-STM32.1.5.1
2023-12-10 10:11:45,843 [WARN] PackLoader:240 - Cannot read IP mode file for STMicroelectronics.FP-SNS-MOTENVWB1.1.3.0
2023-12-10 10:11:45,851 [WARN] PackLoader:240 - Cannot read IP mode file for STMicroelectronics.FP-SNS-MOTENVWB1.1.3.1
2023-12-10 10:11:45,881 [WARN] PackLoader:240 - Cannot read IP mode file for STMicroelectronics.X-CUBE-AZRTOS-G4.1.0.0
2023-12-10 10:11:45,918 [WARN] PackLoader:240 - Cannot read IP mode file for STMicroelectronics.X-CUBE-AZRTOS-L4.1.0.0
2023-12-10 10:11:45,933 [WARN] PackLoader:240 - Cannot read IP mode file for STMicroelectronics.X-CUBE-ISPU.2.0.0
2023-12-10 10:11:46,047 [WARN] PackLoader:240 - Cannot read IP mode file for STMicroelectronics.X-CUBE-MEMS1.10.0.0
2023-12-10 10:11:46,378 [INFO] WebApp:188 - Starting web application
2023-12-10 10:11:46,378 [INFO] WebApp:520 - Web application path used C:\ST\STM32CubeIDE_1.4.0\STM32CubeIDE\plugins\com.st.stm32cube.common.mx_6.9.1.202307191849\db\plugins\mcufinder\reactClient1\index.html
2023-12-10 10:11:46,630 [WARN] PackLoader:240 - Cannot read IP mode file for STMicroelectronics.X-CUBE-FREERTOS.1.1.0
2023-12-10 10:11:46,653 [WARN] PackLoader:240 - Cannot read IP mode file for STMicroelectronics.X-CUBE-AZRTOS-WL.1.0.0
2023-12-10 10:11:46,669 [WARN] PackLoader:240 - Cannot read IP mode file for portGmbH.I-Cube-SoM-uGOAL.1.1.0
2023-12-10 10:11:46,679 [WARN] PackLoader:240 - Cannot read IP mode file for STMicroelectronics.X-CUBE-ALS.1.0.1
2023-12-10 10:11:46,713 [WARN] PackLoader:240 - Cannot read IP mode file for STMicroelectronics.X-CUBE-AZRTOS-WB.1.1.0
2023-12-10 10:11:46,724 [WARN] PackLoader:240 - Cannot read IP mode file for STMicroelectronics.FP-ATR-ASTRA1.2.0.0
2023-12-10 10:11:46,750 [WARN] PackLoader:240 - Cannot read IP mode file for STMicroelectronics.X-CUBE-TOF1.3.4.0
2023-12-10 10:11:46,828 [WARN] PackLoader:240 - Cannot read IP mode file for STMicroelectronics.X-CUBE-AZRTOS-H7.3.2.0
2023-12-10 10:11:46,836 [INFO] ThirdParty:978 - Integrity check success = true
2023-12-10 10:11:46,837 [INFO] IntegrityCheckThread:100 - exiting critical section [integrity check]
2023-12-10 10:11:46,837 [INFO] IntegrityCheckThread:103 - End integrity checks thread
2023-12-10 10:30:06,631 [ERROR] LogOutputStream:75 - [STDERR_REDIRECT] SLF4J: Failed to load class "org.slf4j.impl.StaticLoggerBinder".
2023-12-10 10:30:06,632 [ERROR] LogOutputStream:75 - [STDERR_REDIRECT] SLF4J: Defaulting to no-operation (NOP) logger implementation
2023-12-10 10:30:06,636 [ERROR] LogOutputStream:75 - [STDERR_REDIRECT] SLF4J: See http://www.slf4j.org/codes.html#StaticLoggerBinder for further details.
2023-12-10 21:33:00,134 [ERROR] LogOutputStream:75 - [STDERR_REDIRECT] 
