2024-11-21 08:43:00,324 [INFO] Activator:176 - 


2024-11-21 08:43:00,342 [INFO] Activator:177 - !SESSION log4j initialized
2024-11-21 08:43:16,243 [INFO] LogOutputStream:77 - [STDOUT_REDIRECT] 
2024-11-21 08:43:25,749 [INFO] ApplicationProperties:184 - Using Application install path: C:\ST\STM32CubeIDE_1.4.0\STM32CubeIDE\plugins\com.st.stm32cube.common.mx_6.9.1.202307191849
2024-11-21 08:43:25,784 [INFO] DbMcusXml:78 - Set database path to: C:\ST\STM32CubeIDE_1.4.0\STM32CubeIDE\plugins\com.st.stm32cube.common.mx_6.9.1.202307191849\\db\/mcu/
2024-11-21 08:43:25,784 [INFO] ApiDb:274 - Set plugin database path to: C:\ST\STM32CubeIDE_1.4.0\STM32CubeIDE\plugins\com.st.stm32cube.common.mx_6.9.1.202307191849\\db\/plugins/boardmanager/
2024-11-21 08:43:25,785 [WARN] ApiDb:259 - Overriding images path with different value:  => C:\ST\STM32CubeIDE_1.4.0\STM32CubeIDE\plugins\com.st.stm32cube.common.mx_6.9.1.202307191849\\db\/plugins/mcufinder/images/
2024-11-21 08:43:25,809 [INFO] ApiDb:250 - Set database path to: C:\Users\Minh\.stmcufinder\plugins\mcufinder//mcu/
2024-11-21 08:43:25,812 [INFO] DbMcusAds:125 - Set database path to: C:\Users\Minh\.stmcufinder\plugins\mcufinder//mcu/
2024-11-21 08:43:25,816 [INFO] CrossReferenceDbSqlite:203 - Set database path to: C:\Users\Minh\.stmcufinder\plugins\mcufinder//mcu/cs/
2024-11-21 08:43:26,104 [INFO] RulesReader:64 - Compatibility file has been processed (293 Rules)
2024-11-21 08:43:26,298 [INFO] DbMcusXml:78 - Set database path to: C:\ST\STM32CubeIDE_1.4.0\STM32CubeIDE\plugins\com.st.stm32cube.common.mx_6.9.1.202307191849\\db\/mcu/
2024-11-21 08:43:26,298 [INFO] ApiDb:274 - Set plugin database path to: C:\ST\STM32CubeIDE_1.4.0\STM32CubeIDE\plugins\com.st.stm32cube.common.mx_6.9.1.202307191849\\db\/plugins/boardmanager/
2024-11-21 08:43:26,299 [INFO] ApiDb:261 - Set plugin images path to: C:\ST\STM32CubeIDE_1.4.0\STM32CubeIDE\plugins\com.st.stm32cube.common.mx_6.9.1.202307191849\\db\/plugins/mcufinder/images/
2024-11-21 08:43:26,299 [WARN] DbFile:41 - Overriding database path with different value: C:\Users\Minh\.stmcufinder\plugins\mcufinder/ => C:\Users\Minh\.stmcufinder\plugins\mcufinder
2024-11-21 08:43:26,300 [INFO] ApiDb:250 - Set database path to: C:\Users\Minh\.stmcufinder\plugins\mcufinder//mcu/
2024-11-21 08:43:26,300 [WARN] DbFile:41 - Overriding database path with different value: C:\Users\Minh\.stmcufinder\plugins\mcufinder/ => C:\Users\Minh\.stmcufinder\plugins\mcufinder
2024-11-21 08:43:26,300 [INFO] DbMcusAds:125 - Set database path to: C:\Users\Minh\.stmcufinder\plugins\mcufinder//mcu/
2024-11-21 08:43:26,300 [WARN] DbFile:41 - Overriding database path with different value: C:\Users\Minh\.stmcufinder\plugins\mcufinder/ => C:\Users\Minh\.stmcufinder\plugins\mcufinder
2024-11-21 08:43:26,301 [WARN] DbFile:41 - Overriding database path with different value: C:\Users\Minh\.stmcufinder\plugins\mcufinder/ => C:\Users\Minh\.stmcufinder\plugins\mcufinder
2024-11-21 08:43:26,301 [INFO] CrossReferenceDbSqlite:203 - Set database path to: C:\Users\Minh\.stmcufinder\plugins\mcufinder//mcu/cs/
2024-11-21 08:43:26,498 [INFO] MainPanel:262 - HeapMemory: 268435456
2024-11-21 08:43:26,716 [INFO] DbMcusXml:78 - Set database path to: C:\ST\STM32CubeIDE_1.4.0\STM32CubeIDE\plugins\com.st.stm32cube.common.mx_6.9.1.202307191849\\db\/mcu/
2024-11-21 08:43:26,716 [INFO] ApiDb:274 - Set plugin database path to: C:\ST\STM32CubeIDE_1.4.0\STM32CubeIDE\plugins\com.st.stm32cube.common.mx_6.9.1.202307191849\\db\/plugins/boardmanager/
2024-11-21 08:43:26,717 [INFO] ApiDb:261 - Set plugin images path to: C:\ST\STM32CubeIDE_1.4.0\STM32CubeIDE\plugins\com.st.stm32cube.common.mx_6.9.1.202307191849\\db\/plugins/mcufinder/images/
2024-11-21 08:43:26,718 [WARN] DbFile:41 - Overriding database path with different value: C:\Users\Minh\.stmcufinder\plugins\mcufinder/ => C:\Users\Minh\.stmcufinder\plugins\mcufinder
2024-11-21 08:43:26,718 [INFO] ApiDb:250 - Set database path to: C:\Users\Minh\.stmcufinder\plugins\mcufinder//mcu/
2024-11-21 08:43:26,718 [WARN] DbFile:41 - Overriding database path with different value: C:\Users\Minh\.stmcufinder\plugins\mcufinder/ => C:\Users\Minh\.stmcufinder\plugins\mcufinder
2024-11-21 08:43:26,718 [INFO] DbMcusAds:125 - Set database path to: C:\Users\Minh\.stmcufinder\plugins\mcufinder//mcu/
2024-11-21 08:43:26,718 [WARN] DbFile:41 - Overriding database path with different value: C:\Users\Minh\.stmcufinder\plugins\mcufinder/ => C:\Users\Minh\.stmcufinder\plugins\mcufinder
2024-11-21 08:43:26,719 [WARN] DbFile:41 - Overriding database path with different value: C:\Users\Minh\.stmcufinder\plugins\mcufinder/ => C:\Users\Minh\.stmcufinder\plugins\mcufinder
2024-11-21 08:43:26,719 [INFO] CrossReferenceDbSqlite:203 - Set database path to: C:\Users\Minh\.stmcufinder\plugins\mcufinder//mcu/cs/
2024-11-21 08:43:26,755 [INFO] ApplicationProperties:184 - Using Application install path: C:\ST\STM32CubeIDE_1.4.0\STM32CubeIDE\plugins\com.st.stm32cube.common.mx_6.9.1.202307191849
2024-11-21 08:43:26,758 [INFO] PluginManage:196 - Search for loadable plugins [exclusion list=, ]
2024-11-21 08:43:26,762 [INFO] PluginManage:310 - Check plugin analytics
2024-11-21 08:43:31,705 [INFO] AnalyticsPlugin:253 - Accepted Software Licenses: STM32CubeMX.6.0.0,STM32CubeMX.5.2.0
2024-11-21 08:43:31,706 [INFO] AnalyticsPlugin:255 - Accepted CMSIS Pack Licenses: 
2024-11-21 08:43:31,706 [INFO] AnalyticsPlugin:257 - Accepted Firmware Licenses: 
2024-11-21 08:43:31,711 [INFO] PluginManage:359 - Loaded plugin analytics (category:tool,tabindex:-1)
2024-11-21 08:43:31,712 [INFO] PluginManage:310 - Check plugin cadmodel
2024-11-21 08:43:31,722 [INFO] CADModel:105 - Init CAD model plugin
2024-11-21 08:43:31,723 [INFO] PluginManage:359 - Loaded plugin cadmodel (category:power,tabindex:5)
2024-11-21 08:43:31,723 [INFO] PluginManage:310 - Check plugin clock
2024-11-21 08:43:31,745 [INFO] PluginManage:359 - Loaded plugin clock (category:base,tabindex:2)
2024-11-21 08:43:31,745 [INFO] PluginManage:310 - Check plugin ddr
2024-11-21 08:43:31,750 [INFO] PluginManage:359 - Loaded plugin ddr (category:tool,tabindex:6)
2024-11-21 08:43:31,750 [INFO] PluginManage:310 - Check plugin filemanager
2024-11-21 08:43:31,998 [INFO] PluginManage:359 - Loaded plugin filemanager (category:base,tabindex:10)
2024-11-21 08:43:31,999 [INFO] PluginManage:310 - Check plugin ipmanager
2024-11-21 08:43:32,013 [INFO] PluginManage:359 - Loaded plugin ipmanager (category:base,tabindex:5)
2024-11-21 08:43:32,013 [INFO] PluginManage:310 - Check plugin lpbam
2024-11-21 08:43:32,029 [INFO] PluginManage:359 - Loaded plugin lpbam (category:base,tabindex:0)
2024-11-21 08:43:32,030 [INFO] PluginManage:310 - Check plugin memorymap
2024-11-21 08:43:32,065 [INFO] PluginManage:359 - Loaded plugin memorymap (category:base,tabindex:4)
2024-11-21 08:43:32,065 [INFO] PluginManage:310 - Check plugin pinoutandconfiguration
2024-11-21 08:43:32,087 [INFO] PluginManage:359 - Loaded plugin pinoutandconfiguration (category:base,tabindex:1)
2024-11-21 08:43:32,087 [INFO] PluginManage:310 - Check plugin pinoutconfig
2024-11-21 08:43:32,274 [WARN] SupportedApi:132 - Cannot load RTOS API schema: s4s-elt-must-match.1: The content of 'definitions' must match (annotation?, (simpleType | complexType)?, (unique | key | keyref)*)). A problem was found starting at: attribute.
2024-11-21 08:43:32,577 [INFO] PluginManage:359 - Loaded plugin pinoutconfig (category:base,tabindex:0)
2024-11-21 08:43:32,577 [INFO] PluginManage:310 - Check plugin power
2024-11-21 08:43:32,601 [INFO] PluginManage:359 - Loaded plugin power (category:power,tabindex:4)
2024-11-21 08:43:32,602 [INFO] PluginManage:310 - Check plugin projectmanager
2024-11-21 08:43:32,636 [INFO] PluginManage:359 - Loaded plugin projectmanager (category:projectmanager,tabindex:3)
2024-11-21 08:43:32,636 [INFO] PluginManage:310 - Check plugin thirdparty
2024-11-21 08:43:33,213 [WARN] IntegrityCheckThread:84 - waiting for thirdparty lock release [integrity check]
2024-11-21 08:43:33,213 [INFO] PluginManage:359 - Loaded plugin thirdparty (category:base,tabindex:-1)
2024-11-21 08:43:33,213 [INFO] IntegrityCheckThread:86 - entering critical section [integrity check]
2024-11-21 08:43:33,213 [INFO] PluginManage:310 - Check plugin tools
2024-11-21 08:43:33,214 [INFO] ThirdPartyUpdaterWithRetryManager:70 - Updater plugin not ready yet. [1/15]
2024-11-21 08:43:33,219 [INFO] PluginManage:359 - Loaded plugin tools (category:base,tabindex:7)
2024-11-21 08:43:33,220 [INFO] PluginManage:310 - Check plugin tutovideos
2024-11-21 08:43:33,624 [INFO] PluginManage:359 - Loaded plugin tutovideos (category:base,tabindex:-1)
2024-11-21 08:43:33,624 [INFO] PluginManage:310 - Check plugin updater
2024-11-21 08:43:33,647 [INFO] PluginManage:359 - Loaded plugin updater (category:base,tabindex:12)
2024-11-21 08:43:33,647 [INFO] PluginManage:310 - Check plugin userauth
2024-11-21 08:43:33,657 [INFO] UserAuth:113 - Init User Auth plugin
2024-11-21 08:43:33,657 [INFO] PluginManage:359 - Loaded plugin userauth (category:base,tabindex:14)
2024-11-21 08:43:33,658 [INFO] PluginManage:283 - PluginManage : Loaded plugins [17]
2024-11-21 08:43:34,176 [INFO] PinOutPanel:1499 - setPackage(No Configuration,No Configuration)
2024-11-21 08:43:34,406 [INFO] CADModel:165 - CPN selected for project level
2024-11-21 08:43:34,407 [INFO] CADModel:114 - Register for checkConnection events
2024-11-21 08:43:34,442 [INFO] IPUIPlugin:80 - create IPUIPlugin
2024-11-21 08:43:34,443 [INFO] PluginManager:220 - loadIPPluginJar : add adc
2024-11-21 08:43:34,450 [INFO] IPUIPlugin:80 - create IPUIPlugin
2024-11-21 08:43:34,450 [INFO] PluginManager:220 - loadIPPluginJar : add aes
2024-11-21 08:43:34,457 [INFO] IPUIPlugin:80 - create IPUIPlugin
2024-11-21 08:43:34,458 [INFO] PluginManager:220 - loadIPPluginJar : add can
2024-11-21 08:43:34,462 [INFO] IPUIPlugin:80 - create IPUIPlugin
2024-11-21 08:43:34,462 [INFO] PluginManager:220 - loadIPPluginJar : add comp
2024-11-21 08:43:34,467 [INFO] IPUIPlugin:80 - create IPUIPlugin
2024-11-21 08:43:34,468 [INFO] PluginManager:220 - loadIPPluginJar : add cryp
2024-11-21 08:43:34,473 [INFO] IPUIPlugin:80 - create IPUIPlugin
2024-11-21 08:43:34,473 [INFO] PluginManager:220 - loadIPPluginJar : add dfsdm
2024-11-21 08:43:34,485 [INFO] IPUIPlugin:80 - create IPUIPlugin
2024-11-21 08:43:34,485 [INFO] PluginManager:220 - loadIPPluginJar : add dma
2024-11-21 08:43:34,490 [INFO] IPUIPlugin:80 - create IPUIPlugin
2024-11-21 08:43:34,491 [INFO] PluginManager:220 - loadIPPluginJar : add dma3
2024-11-21 08:43:34,495 [INFO] IPUIPlugin:80 - create IPUIPlugin
2024-11-21 08:43:34,496 [INFO] PluginManager:220 - loadIPPluginJar : add fatfs
2024-11-21 08:43:34,507 [INFO] IPUIPlugin:80 - create IPUIPlugin
2024-11-21 08:43:34,507 [INFO] PluginManager:220 - loadIPPluginJar : add fmc
2024-11-21 08:43:34,519 [INFO] IPUIPlugin:80 - create IPUIPlugin
2024-11-21 08:43:34,519 [INFO] PluginManager:220 - loadIPPluginJar : add freertos
2024-11-21 08:43:34,522 [INFO] IPUIPlugin:80 - create IPUIPlugin
2024-11-21 08:43:34,523 [INFO] PluginManager:220 - loadIPPluginJar : add genericplugin
2024-11-21 08:43:34,527 [INFO] IPUIPlugin:80 - create IPUIPlugin
2024-11-21 08:43:34,527 [INFO] PluginManager:220 - loadIPPluginJar : add gfxmmu
2024-11-21 08:43:34,539 [INFO] IPUIPlugin:80 - create IPUIPlugin
2024-11-21 08:43:34,539 [INFO] PluginManager:220 - loadIPPluginJar : add gic
2024-11-21 08:43:34,549 [INFO] IPUIPlugin:80 - create IPUIPlugin
2024-11-21 08:43:34,549 [INFO] PluginManager:220 - loadIPPluginJar : add gpio
2024-11-21 08:43:34,556 [INFO] IPUIPlugin:80 - create IPUIPlugin
2024-11-21 08:43:34,556 [INFO] PluginManager:220 - loadIPPluginJar : add gtzc
2024-11-21 08:43:34,562 [INFO] IPUIPlugin:80 - create IPUIPlugin
2024-11-21 08:43:34,563 [INFO] PluginManager:220 - loadIPPluginJar : add hash
2024-11-21 08:43:34,568 [INFO] IPUIPlugin:80 - create IPUIPlugin
2024-11-21 08:43:34,568 [INFO] PluginManager:220 - loadIPPluginJar : add i2c
2024-11-21 08:43:34,573 [INFO] IPUIPlugin:80 - create IPUIPlugin
2024-11-21 08:43:34,573 [INFO] PluginManager:220 - loadIPPluginJar : add i2s
2024-11-21 08:43:34,579 [INFO] IPUIPlugin:80 - create IPUIPlugin
2024-11-21 08:43:34,579 [INFO] PluginManager:220 - loadIPPluginJar : add i3c
2024-11-21 08:43:34,813 [INFO] IPUIPlugin:80 - create IPUIPlugin
2024-11-21 08:43:34,813 [INFO] PluginManager:220 - loadIPPluginJar : add ipddr
2024-11-21 08:43:34,835 [INFO] IPUIPlugin:80 - create IPUIPlugin
2024-11-21 08:43:34,835 [INFO] PluginManager:220 - loadIPPluginJar : add linkedlist
2024-11-21 08:43:34,841 [INFO] IPUIPlugin:80 - create IPUIPlugin
2024-11-21 08:43:34,841 [INFO] PluginManager:220 - loadIPPluginJar : add lorawan
2024-11-21 08:43:34,844 [INFO] IPUIPlugin:80 - create IPUIPlugin
2024-11-21 08:43:34,845 [INFO] PluginManager:220 - loadIPPluginJar : add ltdc
2024-11-21 08:43:34,857 [INFO] IPUIPlugin:80 - create IPUIPlugin
2024-11-21 08:43:34,857 [INFO] PluginManager:220 - loadIPPluginJar : add mdma
2024-11-21 08:43:34,864 [INFO] IPUIPlugin:80 - create IPUIPlugin
2024-11-21 08:43:34,864 [INFO] PluginManager:220 - loadIPPluginJar : add nvic
2024-11-21 08:43:34,870 [INFO] IPUIPlugin:80 - create IPUIPlugin
2024-11-21 08:43:34,870 [INFO] PluginManager:220 - loadIPPluginJar : add opamp
2024-11-21 08:43:34,877 [INFO] IPUIPlugin:80 - create IPUIPlugin
2024-11-21 08:43:34,878 [INFO] PluginManager:220 - loadIPPluginJar : add openamp
2024-11-21 08:43:34,885 [INFO] IPUIPlugin:80 - create IPUIPlugin
2024-11-21 08:43:34,885 [INFO] PluginManager:220 - loadIPPluginJar : add pdm2pcm
2024-11-21 08:43:34,897 [INFO] IPUIPlugin:80 - create IPUIPlugin
2024-11-21 08:43:34,902 [INFO] PluginManager:220 - loadIPPluginJar : add plateformsettings
2024-11-21 08:43:34,906 [INFO] IPUIPlugin:80 - create IPUIPlugin
2024-11-21 08:43:34,906 [INFO] PluginManager:220 - loadIPPluginJar : add quadspi
2024-11-21 08:43:34,913 [INFO] IPUIPlugin:80 - create IPUIPlugin
2024-11-21 08:43:34,913 [INFO] PluginManager:220 - loadIPPluginJar : add resmgrutility
2024-11-21 08:43:34,919 [INFO] IPUIPlugin:80 - create IPUIPlugin
2024-11-21 08:43:34,920 [INFO] PluginManager:220 - loadIPPluginJar : add sai
2024-11-21 08:43:34,925 [INFO] IPUIPlugin:80 - create IPUIPlugin
2024-11-21 08:43:34,926 [INFO] PluginManager:220 - loadIPPluginJar : add spi
2024-11-21 08:43:34,937 [INFO] IPUIPlugin:80 - create IPUIPlugin
2024-11-21 08:43:34,938 [INFO] PluginManager:220 - loadIPPluginJar : add stm32_wpan
2024-11-21 08:43:34,942 [INFO] IPUIPlugin:80 - create IPUIPlugin
2024-11-21 08:43:34,943 [INFO] PluginManager:220 - loadIPPluginJar : add tim
2024-11-21 08:43:34,951 [INFO] IPUIPlugin:80 - create IPUIPlugin
2024-11-21 08:43:34,951 [INFO] PluginManager:220 - loadIPPluginJar : add touchsensing
2024-11-21 08:43:34,956 [INFO] IPUIPlugin:80 - create IPUIPlugin
2024-11-21 08:43:34,957 [INFO] PluginManager:220 - loadIPPluginJar : add tracer_emb
2024-11-21 08:43:34,962 [INFO] IPUIPlugin:80 - create IPUIPlugin
2024-11-21 08:43:34,962 [INFO] PluginManager:220 - loadIPPluginJar : add ts
2024-11-21 08:43:34,966 [INFO] IPUIPlugin:80 - create IPUIPlugin
2024-11-21 08:43:34,967 [INFO] PluginManager:220 - loadIPPluginJar : add tsc
2024-11-21 08:43:34,972 [INFO] IPUIPlugin:80 - create IPUIPlugin
2024-11-21 08:43:34,972 [INFO] PluginManager:220 - loadIPPluginJar : add ucpd
2024-11-21 08:43:34,979 [INFO] IPUIPlugin:80 - create IPUIPlugin
2024-11-21 08:43:34,980 [INFO] PluginManager:220 - loadIPPluginJar : add usart
2024-11-21 08:43:34,987 [INFO] IPUIPlugin:80 - create IPUIPlugin
2024-11-21 08:43:34,987 [INFO] PluginManager:220 - loadIPPluginJar : add usbx
2024-11-21 08:43:35,174 [INFO] CADModel:165 - CPN selected for project level
2024-11-21 08:43:35,175 [INFO] CADModel:114 - Register for checkConnection events
2024-11-21 08:43:35,175 [FATAL] Updater:308 - Updater called before beeing initialized
2024-11-21 08:43:35,175 [ERROR] CADModel:125 - Updater not yet initialized, retry later 
2024-11-21 08:43:35,511 [INFO] CADModel:165 - CPN selected for project level
2024-11-21 08:43:35,511 [INFO] CADModel:114 - Register for checkConnection events
2024-11-21 08:43:35,511 [FATAL] Updater:308 - Updater called before beeing initialized
2024-11-21 08:43:35,512 [ERROR] CADModel:125 - Updater not yet initialized, retry later 
2024-11-21 08:43:35,519 [FATAL] Updater:308 - Updater called before beeing initialized
2024-11-21 08:43:35,777 [FATAL] Updater:308 - Updater called before beeing initialized
2024-11-21 08:43:35,793 [INFO] DbMcusAds:53 - JSON generation date=Fri Sep 20 22:04:38 JST 2024 (1726837478367)
2024-11-21 08:43:35,793 [FATAL] Updater:308 - Updater called before beeing initialized
2024-11-21 08:43:35,890 [WARN] DetailPanel:346 - Failed to get advertising image, set to default
2024-11-21 08:43:36,092 [FATAL] Updater:308 - Updater called before beeing initialized
2024-11-21 08:43:36,096 [FATAL] Updater:308 - Updater called before beeing initialized
2024-11-21 08:43:36,097 [FATAL] Updater:308 - Updater called before beeing initialized
2024-11-21 08:43:36,097 [WARN] DetailPanel:346 - Failed to get advertising image, set to default
2024-11-21 08:43:36,099 [FATAL] Updater:308 - Updater called before beeing initialized
2024-11-21 08:43:36,217 [INFO] ThirdPartyUpdaterWithRetryManager:70 - Updater plugin not ready yet. [2/15]
2024-11-21 08:43:36,218 [ERROR] Updater:1120 - MainUpdater not yet initialized. External WinMGr cannot be set.
2024-11-21 08:43:36,239 [INFO] Updater:1056 - Updater Version found : 6.9.1
2024-11-21 08:43:36,274 [INFO] ApplicationProperties:184 - Using Application install path: C:\ST\STM32CubeIDE_1.4.0\STM32CubeIDE\plugins\com.st.stm32cube.common.mx_6.9.1.202307191849
2024-11-21 08:43:36,567 [INFO] MainUpdater:2868 - connection check result : 10
2024-11-21 08:43:36,568 [INFO] MainUpdater:285 - Updater Check For Update Now.
2024-11-21 08:43:36,569 [INFO] MicroXplorer:498 - Change Database Version : DB.6.0.91
2024-11-21 08:43:36,606 [INFO] McuFinderGlobals:63 - Set McuFinder mode to 2 (CubeIDE integrated)
2024-11-21 08:43:36,607 [INFO] UserAuth:179 - activating auth plugin
2024-11-21 08:43:36,615 [INFO] UserAuth:393 - Internet connection configuration mode: 1
2024-11-21 08:43:36,675 [INFO] JxBrowserEngine:151 - Initiate JxBrowser Engine with user profile folder
2024-11-21 08:43:36,940 [INFO] CheckServerUpdateThread:120 - End of CheckServer Thread
2024-11-21 08:43:38,379 [INFO] WebApp:157 - Instantiating new browser for Auth
2024-11-21 08:43:39,953 [INFO] WebApp:753 - Register for checkConnection events
2024-11-21 08:43:39,953 [INFO] WebApp:390 - Apply proxy settings
2024-11-21 08:43:39,954 [INFO] WebApp:475 - Chromium requires no authentication
2024-11-21 08:43:39,979 [INFO] WebApp:418 - Direct internet connection detected
2024-11-21 08:43:40,020 [WARN] PackLoader:240 - Cannot read IP mode file for STMicroelectronics.FP-SNS-MOTENVWB1.1.4.0
2024-11-21 08:43:40,061 [WARN] PackLoader:240 - Cannot read IP mode file for STMicroelectronics.FP-ATR-ASTRA1.2.0.1
2024-11-21 08:43:40,097 [WARN] PackLoader:240 - Cannot read IP mode file for STMicroelectronics.X-CUBE-SMBUS.2.1.0
2024-11-21 08:43:40,128 [WARN] PackLoader:240 - Cannot read IP mode file for STMicroelectronics.X-CUBE-WB05N.1.1.0
2024-11-21 08:43:40,148 [WARN] PackLoader:240 - Cannot read IP mode file for STMicroelectronics.X-CUBE-TOUCHGFX.4.23.0
2024-11-21 08:43:40,156 [WARN] PackLoader:240 - Cannot read IP mode file for STMicroelectronics.X-CUBE-TOUCHGFX.4.23.2
2024-11-21 08:43:40,267 [WARN] PackLoader:240 - Cannot read IP mode file for STMicroelectronics.X-CUBE-AZRTOS-F7.1.1.0
2024-11-21 08:43:40,299 [ERROR] RealEvaluatedCondition:428 - Found unsupported composite condition: CLASS='Data Exchange' GROUP='STM32_MetaDataManager'
2024-11-21 08:43:40,300 [ERROR] RealEvaluatedCondition:428 - Found unsupported composite condition: GROUP='STM32_MetaDataManager' CLASS='Data Exchange'
2024-11-21 08:43:40,304 [WARN] PackLoader:240 - Cannot read IP mode file for STMicroelectronics.FP-SNS-MOTENV1.4.3.0
2024-11-21 08:43:40,328 [WARN] PackLoader:240 - Cannot read IP mode file for STMicroelectronics.FP-SNS-MOTENV1.4.3.2
2024-11-21 08:43:40,349 [WARN] PackLoader:240 - Cannot read IP mode file for STMicroelectronics.FP-SNS-FLIGHT1.5.0.0
2024-11-21 08:43:40,359 [ERROR] RealEvaluatedCondition:428 - Found unsupported composite condition: CLASS='Data Exchange' GROUP='STM32_MetaDataManager'
2024-11-21 08:43:40,360 [ERROR] RealEvaluatedCondition:428 - Found unsupported composite condition: GROUP='STM32_MetaDataManager' CLASS='Data Exchange'
2024-11-21 08:43:40,364 [WARN] PackLoader:240 - Cannot read IP mode file for STMicroelectronics.FP-SNS-MOTENV1.4.3.1
2024-11-21 08:43:40,379 [WARN] PackLoader:240 - Cannot read IP mode file for STMicroelectronics.FP-SNS-FLIGHT1.5.0.1
2024-11-21 08:43:40,576 [WARN] PackLoader:240 - Cannot read IP mode file for STMicroelectronics.X-CUBE-MEMS1.11.0.0
2024-11-21 08:43:40,713 [INFO] WebApp:188 - Starting web application
2024-11-21 08:43:40,714 [INFO] WebApp:520 - Web application path used C:\ST\STM32CubeIDE_1.4.0\STM32CubeIDE\plugins\com.st.stm32cube.common.mx_6.9.1.202307191849\db\plugins\mcufinder\reactClient1\index.html
2024-11-21 08:43:41,072 [WARN] PackLoader:240 - Cannot read IP mode file for STMicroelectronics.X-CUBE-BLE1.6.2.4
2024-11-21 08:43:41,084 [WARN] PackLoader:240 - Cannot read IP mode file for STMicroelectronics.FP-SNS-FLIGHT1.5.0.2
2024-11-21 08:43:41,104 [WARN] PackLoader:240 - Cannot read IP mode file for STMicroelectronics.X-CUBE-DISPLAY.3.0.0
2024-11-21 08:43:41,137 [WARN] PackLoader:240 - Cannot read IP mode file for STMicroelectronics.X-CUBE-BLE1.7.0.0
2024-11-21 08:43:41,155 [WARN] PackLoader:240 - Cannot read IP mode file for STMicroelectronics.X-CUBE-NFC10.1.0.0
2024-11-21 08:43:41,167 [WARN] PackLoader:240 - Cannot read IP mode file for STMicroelectronics.X-CUBE-TOUCHGFX.4.22.0
2024-11-21 08:43:41,174 [WARN] PackLoader:240 - Cannot read IP mode file for STMicroelectronics.X-CUBE-TOUCHGFX.4.22.1
2024-11-21 08:43:41,197 [WARN] PackLoader:240 - Cannot read IP mode file for STMicroelectronics.X-CUBE-BLEMGR.3.1.0
2024-11-21 08:43:41,213 [WARN] PackLoader:240 - Cannot read IP mode file for STMicroelectronics.FP-SNS-SMARTAG2.1.2.0
2024-11-21 08:43:41,235 [INFO] LogOutputStream:77 - [STDOUT_REDIRECT] 1 : Invalid condition id : UX_CORESTACK_Condition cause : null
2024-11-21 08:43:41,237 [INFO] LogOutputStream:77 - [STDOUT_REDIRECT] 1 : Invalid condition id : UX_CORESTACK_Condition cause : null
2024-11-21 08:43:41,242 [INFO] LogOutputStream:77 - [STDOUT_REDIRECT] 1 : Invalid condition id : UX_CORESTACK_Condition cause : null
2024-11-21 08:43:41,247 [INFO] LogOutputStream:77 - [STDOUT_REDIRECT] 1 : Invalid condition id : UX_CORESTACK_Condition cause : null
2024-11-21 08:43:41,251 [INFO] LogOutputStream:77 - [STDOUT_REDIRECT] 1 : Invalid condition id : UX_CORESTACK_Condition cause : null
2024-11-21 08:43:41,259 [WARN] PackLoader:240 - Cannot read IP mode file for STMicroelectronics.X-CUBE-AZRTOS-WL.2.0.0
2024-11-21 08:43:41,272 [WARN] PackLoader:240 - Cannot read IP mode file for STMicroelectronics.FP-SNS-MOTENV1.5.0.0
2024-11-21 08:43:41,288 [WARN] PackLoader:240 - Cannot read IP mode file for wolfSSL.I-CUBE-wolfMQTT.1.19.0
2024-11-21 08:43:41,312 [WARN] PackLoader:240 - Cannot read IP mode file for WES.I-CUBE-Cesium.1.3.0
2024-11-21 08:43:41,323 [WARN] PackLoader:240 - Cannot read IP mode file for STMicroelectronics.X-CUBE-BLE2.3.3.0
2024-11-21 08:43:41,355 [WARN] PackLoader:240 - Cannot read IP mode file for STMicroelectronics.X-CUBE-TOF1.3.2.0
2024-11-21 08:43:41,393 [WARN] PackLoader:240 - Cannot read IP mode file for STMicroelectronics.X-CUBE-NFC9.1.0.0
2024-11-21 08:43:41,413 [WARN] PackLoader:240 - Cannot read IP mode file for STMicroelectronics.X-CUBE-TCPP.4.1.0
2024-11-21 08:43:41,438 [WARN] PackLoader:240 - Cannot read IP mode file for STMicroelectronics.X-CUBE-TOUCHGFX.4.21.1
2024-11-21 08:43:41,447 [WARN] PackLoader:240 - Cannot read IP mode file for STMicroelectronics.X-CUBE-TOUCHGFX.4.21.3
2024-11-21 08:43:41,455 [WARN] PackLoader:240 - Cannot read IP mode file for STMicroelectronics.X-CUBE-TOUCHGFX.4.21.4
2024-11-21 08:43:41,471 [WARN] PackLoader:240 - Cannot read IP mode file for STMicroelectronics.X-CUBE-ALGOBUILD.1.3.0
2024-11-21 08:43:41,517 [WARN] PackLoader:240 - Cannot read IP mode file for STMicroelectronics.X-CUBE-AZRTOS-G0.1.1.0
2024-11-21 08:43:41,576 [WARN] PackLoader:240 - Cannot read IP mode file for STMicroelectronics.X-CUBE-SAFEA1.1.2.2
2024-11-21 08:43:41,594 [WARN] PackLoader:240 - Cannot read IP mode file for STMicroelectronics.X-CUBE-NFC4.3.0.0
2024-11-21 08:43:41,606 [ERROR] Engine:466 - C:\Users\Minh\.stm32cubemx\thirdparties\pdsc\EmbeddedOffice.I-CUBE-FS-RTOS.1.0.1.pdsc: PDSC version is not supported
2024-11-21 08:43:41,633 [WARN] PackLoader:240 - Cannot read IP mode file for STMicroelectronics.X-CUBE-BLEMGR.3.0.0
2024-11-21 08:43:41,644 [ERROR] Engine:466 - C:\Users\Minh\.stm32cubemx\thirdparties\pdsc\RealThread.X-CUBE-RT-Thread_Nano.4.1.1.pdsc: PDSC version is not supported
2024-11-21 08:43:41,653 [WARN] PackLoader:240 - Cannot read IP mode file for STMicroelectronics.FP-ATR-SIGFOX1.3.2.0
2024-11-21 08:43:41,658 [ERROR] Engine:466 - C:\Users\Minh\.stm32cubemx\thirdparties\pdsc\quantropi.X-CUBE-qispace-sdk-base.1.9.3.pdsc: PDSC version is not supported
2024-11-21 08:43:41,672 [WARN] PackLoader:240 - Cannot read IP mode file for STMicroelectronics.X-CUBE-EEPRMA1.5.1.0
2024-11-21 08:43:41,783 [WARN] PackLoader:240 - Cannot read IP mode file for STMicroelectronics.X-CUBE-MEMS1.9.5.0
2024-11-21 08:43:42,272 [WARN] PackLoader:240 - Cannot read IP mode file for SEGGER.I-CUBE-embOS.1.3.1
2024-11-21 08:43:42,403 [WARN] PackLoader:240 - Cannot read IP mode file for STMicroelectronics.X-CUBE-ALGOBUILD.1.4.0
2024-11-21 08:43:42,413 [WARN] PackLoader:240 - Cannot read IP mode file for STMicroelectronics.X-CUBE-AI.9.1.0
2024-11-21 08:43:42,425 [WARN] PackLoader:240 - Cannot read IP mode file for STMicroelectronics.X-CUBE-GNSS1.6.0.0
2024-11-21 08:43:42,484 [WARN] PackLoader:240 - Cannot read IP mode file for STMicroelectronics.X-CUBE-AZRTOS-F4.1.1.0
2024-11-21 08:43:42,503 [WARN] PackLoader:240 - Cannot read IP mode file for STMicroelectronics.X-CUBE-ISPU.2.1.0
2024-11-21 08:43:42,518 [WARN] PackLoader:240 - Cannot read IP mode file for STMicroelectronics.X-CUBE-FREERTOS.1.2.0
2024-11-21 08:43:42,570 [WARN] PackLoader:240 - Cannot read IP mode file for STMicroelectronics.X-CUBE-AZRTOS-L5.2.0.0
2024-11-21 08:43:42,770 [WARN] PackLoader:240 - Cannot read IP mode file for STMicroelectronics.X-CUBE-MEMS1.9.6.0
2024-11-21 08:43:43,283 [WARN] PackLoader:240 - Cannot read IP mode file for STMicroelectronics.X-CUBE-EEPRMA1.4.2.0
2024-11-21 08:43:43,302 [WARN] PackLoader:240 - Cannot read IP mode file for STMicroelectronics.X-CUBE-NFC6.3.1.0
2024-11-21 08:43:43,325 [WARN] PackLoader:240 - Cannot read IP mode file for ITTIA_DB.I-CUBE-ITTIADB.8.8.0
2024-11-21 08:43:43,341 [WARN] PackLoader:240 - Cannot read IP mode file for emotas.I-CUBE-CANOPEN.1.1.3
2024-11-21 08:43:43,359 [WARN] PackLoader:240 - Cannot read IP mode file for STMicroelectronics.X-CUBE-BLEMGR.2.0.0
2024-11-21 08:43:43,369 [ERROR] Engine:466 - C:\Users\Minh\.stm32cubemx\thirdparties\pdsc\STMicroelectronics.X-CUBE-DPower.1.2.0.pdsc: PDSC version is not supported
2024-11-21 08:43:43,376 [WARN] PackLoader:240 - Cannot read IP mode file for STMicroelectronics.X-CUBE-AI.9.0.0
2024-11-21 08:43:43,419 [WARN] ConditionMgr:438 - getConditionDescription Invalid condition id : UX DEVICE CLASS RTOS Condition cause : null
2024-11-21 08:43:43,419 [WARN] ConditionMgr:438 - getConditionDescription Invalid condition id : UX DEVICE CLASS RTOS Condition cause : null
2024-11-21 08:43:43,429 [WARN] PackLoader:240 - Cannot read IP mode file for STMicroelectronics.X-CUBE-AZRTOS-H7.3.1.0
2024-11-21 08:43:43,431 [WARN] ConditionMgr:1039 - genDependencies : Invalid condition id : UX DEVICE CLASS RTOS Condition cause : null
2024-11-21 08:43:43,432 [WARN] ConditionMgr:1039 - genDependencies : Invalid condition id : UX DEVICE CLASS RTOS Condition cause : null
2024-11-21 08:43:43,434 [WARN] ConditionMgr:1039 - genDependencies : Invalid condition id : UX DEVICE CLASS RTOS Condition cause : null
2024-11-21 08:43:43,435 [WARN] ConditionMgr:1039 - genDependencies : Invalid condition id : UX DEVICE CLASS RTOS Condition cause : null
2024-11-21 08:43:43,435 [WARN] ConditionMgr:1039 - genDependencies : Invalid condition id : UX DEVICE CLASS RTOS Condition cause : null
2024-11-21 08:43:43,450 [WARN] PackLoader:240 - Cannot read IP mode file for wolfSSL.I-CUBE-wolfSSL.5.5.4
2024-11-21 08:43:43,462 [WARN] PackLoader:240 - Cannot read IP mode file for STMicroelectronics.X-CUBE-NFC7.1.0.1
2024-11-21 08:43:43,474 [WARN] PackLoader:240 - Cannot read IP mode file for STMicroelectronics.X-CUBE-NFC7.1.0.0
2024-11-21 08:43:43,484 [WARN] PackLoader:240 - Cannot read IP mode file for wolfSSL.I-CUBE-wolfTPM.3.2.0
2024-11-21 08:43:43,500 [WARN] PackLoader:240 - Cannot read IP mode file for STMicroelectronics.X-CUBE-NFC6.3.0.0
2024-11-21 08:43:43,517 [WARN] PackLoader:240 - Cannot read IP mode file for STMicroelectronics.X-CUBE-EEPRMA1.4.1.0
2024-11-21 08:43:43,527 [WARN] PackLoader:240 - Cannot read IP mode file for STMicroelectronics.X-CUBE-AI.8.1.0
2024-11-21 08:43:43,575 [WARN] ConditionMgr:438 - getConditionDescription Invalid condition id : LAN8742 Phy interface Condition cause : null
2024-11-21 08:43:43,577 [WARN] PackLoader:240 - Cannot read IP mode file for STMicroelectronics.X-CUBE-AZRTOS-L4.2.0.0
2024-11-21 08:43:43,580 [WARN] ConditionMgr:1039 - genDependencies : Invalid condition id : LAN8742 Phy interface Condition cause : null
2024-11-21 08:43:43,580 [WARN] ConditionMgr:1039 - genDependencies : Invalid condition id : LAN8742 Phy interface Condition cause : null
2024-11-21 08:43:43,582 [WARN] ConditionMgr:1039 - genDependencies : Invalid condition id : LAN8742 Phy interface Condition cause : null
2024-11-21 08:43:43,598 [WARN] PackLoader:240 - Cannot read IP mode file for STMicroelectronics.X-CUBE-SFXS2LP1.4.0.0
2024-11-21 08:43:43,650 [WARN] PackLoader:240 - Cannot read IP mode file for STMicroelectronics.X-CUBE-AZRTOS-H7.3.0.0
2024-11-21 08:43:43,664 [WARN] PackLoader:240 - Cannot read IP mode file for STMicroelectronics.X-CUBE-ISPU.1.1.0
2024-11-21 08:43:43,719 [WARN] PackLoader:240 - Cannot read IP mode file for STMicroelectronics.X-CUBE-AZRTOS-H7.3.3.0
2024-11-21 08:43:43,752 [WARN] PackLoader:240 - Cannot read IP mode file for RoweBots.I-CUBE-UNISONRTOS.5.5.0-4
2024-11-21 08:43:43,761 [WARN] PackLoader:240 - Cannot read IP mode file for STMicroelectronics.X-CUBE-AI.8.0.0
2024-11-21 08:43:43,797 [ERROR] Engine:466 - C:\Users\Minh\.stm32cubemx\thirdparties\pdsc\STMicroelectronics.X-CUBE-IPS.3.0.0.pdsc: PDSC version is not supported
2024-11-21 08:43:43,839 [WARN] ConditionMgr:438 - getConditionDescription Invalid condition id : UX DEVICE CLASS RTOS Condition cause : null
2024-11-21 08:43:43,840 [WARN] ConditionMgr:438 - getConditionDescription Invalid condition id : UX DEVICE CLASS RTOS Condition cause : null
2024-11-21 08:43:43,847 [WARN] PackLoader:240 - Cannot read IP mode file for STMicroelectronics.X-CUBE-AZRTOS-WB.2.0.0
2024-11-21 08:43:43,848 [WARN] ConditionMgr:1039 - genDependencies : Invalid condition id : UX DEVICE CLASS RTOS Condition cause : null
2024-11-21 08:43:43,849 [WARN] ConditionMgr:1039 - genDependencies : Invalid condition id : UX DEVICE CLASS RTOS Condition cause : null
2024-11-21 08:43:43,850 [WARN] ConditionMgr:1039 - genDependencies : Invalid condition id : UX DEVICE CLASS RTOS Condition cause : null
2024-11-21 08:43:43,851 [WARN] ConditionMgr:1039 - genDependencies : Invalid condition id : UX DEVICE CLASS RTOS Condition cause : null
2024-11-21 08:43:43,851 [WARN] ConditionMgr:1039 - genDependencies : Invalid condition id : UX DEVICE CLASS RTOS Condition cause : null
2024-11-21 08:43:43,863 [WARN] PackLoader:240 - Cannot read IP mode file for STMicroelectronics.X-CUBE-FREERTOS.1.0.0
2024-11-21 08:43:43,874 [WARN] PackLoader:240 - Cannot read IP mode file for STMicroelectronics.X-CUBE-FREERTOS.1.0.1
2024-11-21 08:43:43,885 [WARN] PackLoader:240 - Cannot read IP mode file for STMicroelectronics.X-CUBE-GNSS1.7.0.0
2024-11-21 08:43:43,895 [ERROR] Engine:466 - C:\Users\Minh\.stm32cubemx\thirdparties\pdsc\STMicroelectronics.FP-SNS-STBOX1.2.0.0.pdsc: PDSC version is not supported
2024-11-21 08:43:43,962 [WARN] PackLoader:240 - Cannot read IP mode file for STMicroelectronics.X-CUBE-AZRTOS-L5.1.1.0
2024-11-21 08:43:43,994 [WARN] PackLoader:240 - Cannot read IP mode file for STMicroelectronics.X-CUBE-AI.8.0.1
2024-11-21 08:43:44,029 [WARN] PackLoader:240 - Cannot read IP mode file for STMicroelectronics.X-CUBE-SUBG2.5.0.0
2024-11-21 08:43:44,057 [WARN] PackLoader:240 - Cannot read IP mode file for Cesanta.I-CUBE-Mongoose.7.13.0
2024-11-21 08:43:44,095 [WARN] PackLoader:240 - Cannot read IP mode file for STMicroelectronics.X-CUBE-TOF1.3.3.1
2024-11-21 08:43:44,148 [WARN] PackLoader:240 - Cannot read IP mode file for STMicroelectronics.X-CUBE-AZRTOS-G4.2.0.0
2024-11-21 08:43:44,176 [WARN] PackLoader:240 - Cannot read IP mode file for STMicroelectronics.X-CUBE-TOF1.3.3.0
2024-11-21 08:43:44,201 [WARN] PackLoader:240 - Cannot read IP mode file for STMicroelectronics.FP-ATR-ASTRA1.1.1.1
2024-11-21 08:43:44,232 [WARN] PackLoader:240 - Cannot read IP mode file for Infineon.AIROC-Wi-Fi-Bluetooth-STM32.1.5.1
2024-11-21 08:43:44,246 [WARN] PackLoader:240 - Cannot read IP mode file for STMicroelectronics.FP-SNS-MOTENVWB1.1.3.0
2024-11-21 08:43:44,255 [WARN] PackLoader:240 - Cannot read IP mode file for STMicroelectronics.FP-SNS-MOTENVWB1.1.3.1
2024-11-21 08:43:44,280 [WARN] PackLoader:240 - Cannot read IP mode file for STMicroelectronics.X-CUBE-AZRTOS-G4.1.0.0
2024-11-21 08:43:44,331 [WARN] PackLoader:240 - Cannot read IP mode file for STMicroelectronics.X-CUBE-AZRTOS-L4.1.0.0
2024-11-21 08:43:44,347 [WARN] PackLoader:240 - Cannot read IP mode file for STMicroelectronics.X-CUBE-ISPU.2.0.0
2024-11-21 08:43:44,357 [WARN] PackLoader:240 - Cannot read IP mode file for STMicroelectronics.X-CUBE-ALS.1.0.2
2024-11-21 08:43:44,455 [WARN] PackLoader:240 - Cannot read IP mode file for STMicroelectronics.X-CUBE-MEMS1.10.0.0
2024-11-21 08:43:44,722 [WARN] PackLoader:240 - Cannot read IP mode file for STMicroelectronics.X-CUBE-FREERTOS.1.1.0
2024-11-21 08:43:44,729 [WARN] PackLoader:240 - Cannot read IP mode file for STMicroelectronics.X-CUBE-TOUCHGFX.4.24.0
2024-11-21 08:43:44,754 [WARN] PackLoader:240 - Cannot read IP mode file for STMicroelectronics.X-CUBE-AZRTOS-WL.1.0.0
2024-11-21 08:43:44,763 [WARN] PackLoader:240 - Cannot read IP mode file for STMicroelectronics.X-CUBE-TOUCHGFX.4.24.1
2024-11-21 08:43:44,775 [WARN] PackLoader:240 - Cannot read IP mode file for portGmbH.I-Cube-SoM-uGOAL.1.1.0
2024-11-21 08:43:44,783 [WARN] PackLoader:240 - Cannot read IP mode file for STMicroelectronics.X-CUBE-ALS.1.0.1
2024-11-21 08:43:44,814 [WARN] PackLoader:240 - Cannot read IP mode file for STMicroelectronics.X-CUBE-AZRTOS-WB.1.1.0
2024-11-21 08:43:44,905 [WARN] PackLoader:240 - Cannot read IP mode file for STMicroelectronics.X-CUBE-AZRTOS-H7RS.1.0.0
2024-11-21 08:43:44,931 [WARN] PackLoader:240 - Cannot read IP mode file for STMicroelectronics.FP-ATR-ASTRA1.2.0.0
2024-11-21 08:43:44,948 [ERROR] Engine:466 - C:\Users\Minh\.stm32cubemx\thirdparties\pdsc\STMicroelectronics.X-CUBE-TOF1.3.4.2.pdsc: PDSC version is not supported
2024-11-21 08:43:44,980 [WARN] PackLoader:240 - Cannot read IP mode file for STMicroelectronics.X-CUBE-TOF1.3.4.0
2024-11-21 08:43:45,057 [WARN] PackLoader:240 - Cannot read IP mode file for STMicroelectronics.X-CUBE-TOF1.3.4.1
2024-11-21 08:43:45,196 [WARN] PackLoader:240 - Cannot read IP mode file for STMicroelectronics.X-CUBE-AZRTOS-H7.3.2.0
2024-11-21 08:43:45,216 [WARN] PackLoader:240 - Cannot read IP mode file for wolfSSL.I-CUBE-wolfSSH.1.4.17
2024-11-21 08:43:45,217 [INFO] ThirdParty:978 - Integrity check success = true
2024-11-21 08:43:45,217 [INFO] IntegrityCheckThread:100 - exiting critical section [integrity check]
2024-11-21 08:43:45,217 [INFO] IntegrityCheckThread:103 - End integrity checks thread
2024-11-21 09:03:31,593 [ERROR] LogOutputStream:75 - [STDERR_REDIRECT] SLF4J: Failed to load class "org.slf4j.impl.StaticLoggerBinder".
2024-11-21 09:03:31,594 [ERROR] LogOutputStream:75 - [STDERR_REDIRECT] SLF4J: Defaulting to no-operation (NOP) logger implementation
2024-11-21 09:03:31,601 [ERROR] LogOutputStream:75 - [STDERR_REDIRECT] SLF4J: See http://www.slf4j.org/codes.html#StaticLoggerBinder for further details.
2024-11-21 09:25:45,559 [ERROR] LogOutputStream:75 - [STDERR_REDIRECT] 
2024-11-21 18:03:02,446 [INFO] Activator:176 - 


2024-11-21 18:03:02,452 [INFO] Activator:177 - !SESSION log4j initialized
2024-11-21 18:03:18,893 [INFO] LogOutputStream:77 - [STDOUT_REDIRECT] 
2024-11-21 18:03:28,078 [INFO] ApplicationProperties:184 - Using Application install path: C:\ST\STM32CubeIDE_1.4.0\STM32CubeIDE\plugins\com.st.stm32cube.common.mx_6.9.1.202307191849
2024-11-21 18:03:28,111 [INFO] DbMcusXml:78 - Set database path to: C:\ST\STM32CubeIDE_1.4.0\STM32CubeIDE\plugins\com.st.stm32cube.common.mx_6.9.1.202307191849\\db\/mcu/
2024-11-21 18:03:28,112 [INFO] ApiDb:274 - Set plugin database path to: C:\ST\STM32CubeIDE_1.4.0\STM32CubeIDE\plugins\com.st.stm32cube.common.mx_6.9.1.202307191849\\db\/plugins/boardmanager/
2024-11-21 18:03:28,113 [WARN] ApiDb:259 - Overriding images path with different value:  => C:\ST\STM32CubeIDE_1.4.0\STM32CubeIDE\plugins\com.st.stm32cube.common.mx_6.9.1.202307191849\\db\/plugins/mcufinder/images/
2024-11-21 18:03:28,138 [INFO] ApiDb:250 - Set database path to: C:\Users\Minh\.stmcufinder\plugins\mcufinder//mcu/
2024-11-21 18:03:28,141 [INFO] DbMcusAds:125 - Set database path to: C:\Users\Minh\.stmcufinder\plugins\mcufinder//mcu/
2024-11-21 18:03:28,145 [INFO] CrossReferenceDbSqlite:203 - Set database path to: C:\Users\Minh\.stmcufinder\plugins\mcufinder//mcu/cs/
2024-11-21 18:03:28,392 [INFO] RulesReader:64 - Compatibility file has been processed (293 Rules)
2024-11-21 18:03:28,633 [INFO] DbMcusXml:78 - Set database path to: C:\ST\STM32CubeIDE_1.4.0\STM32CubeIDE\plugins\com.st.stm32cube.common.mx_6.9.1.202307191849\\db\/mcu/
2024-11-21 18:03:28,634 [INFO] ApiDb:274 - Set plugin database path to: C:\ST\STM32CubeIDE_1.4.0\STM32CubeIDE\plugins\com.st.stm32cube.common.mx_6.9.1.202307191849\\db\/plugins/boardmanager/
2024-11-21 18:03:28,634 [INFO] ApiDb:261 - Set plugin images path to: C:\ST\STM32CubeIDE_1.4.0\STM32CubeIDE\plugins\com.st.stm32cube.common.mx_6.9.1.202307191849\\db\/plugins/mcufinder/images/
2024-11-21 18:03:28,635 [WARN] DbFile:41 - Overriding database path with different value: C:\Users\Minh\.stmcufinder\plugins\mcufinder/ => C:\Users\Minh\.stmcufinder\plugins\mcufinder
2024-11-21 18:03:28,635 [INFO] ApiDb:250 - Set database path to: C:\Users\Minh\.stmcufinder\plugins\mcufinder//mcu/
2024-11-21 18:03:28,635 [WARN] DbFile:41 - Overriding database path with different value: C:\Users\Minh\.stmcufinder\plugins\mcufinder/ => C:\Users\Minh\.stmcufinder\plugins\mcufinder
2024-11-21 18:03:28,635 [INFO] DbMcusAds:125 - Set database path to: C:\Users\Minh\.stmcufinder\plugins\mcufinder//mcu/
2024-11-21 18:03:28,635 [WARN] DbFile:41 - Overriding database path with different value: C:\Users\Minh\.stmcufinder\plugins\mcufinder/ => C:\Users\Minh\.stmcufinder\plugins\mcufinder
2024-11-21 18:03:28,636 [WARN] DbFile:41 - Overriding database path with different value: C:\Users\Minh\.stmcufinder\plugins\mcufinder/ => C:\Users\Minh\.stmcufinder\plugins\mcufinder
2024-11-21 18:03:28,636 [INFO] CrossReferenceDbSqlite:203 - Set database path to: C:\Users\Minh\.stmcufinder\plugins\mcufinder//mcu/cs/
2024-11-21 18:03:28,801 [INFO] MainPanel:262 - HeapMemory: 268435456
2024-11-21 18:03:28,990 [INFO] DbMcusXml:78 - Set database path to: C:\ST\STM32CubeIDE_1.4.0\STM32CubeIDE\plugins\com.st.stm32cube.common.mx_6.9.1.202307191849\\db\/mcu/
2024-11-21 18:03:28,991 [INFO] ApiDb:274 - Set plugin database path to: C:\ST\STM32CubeIDE_1.4.0\STM32CubeIDE\plugins\com.st.stm32cube.common.mx_6.9.1.202307191849\\db\/plugins/boardmanager/
2024-11-21 18:03:28,991 [INFO] ApiDb:261 - Set plugin images path to: C:\ST\STM32CubeIDE_1.4.0\STM32CubeIDE\plugins\com.st.stm32cube.common.mx_6.9.1.202307191849\\db\/plugins/mcufinder/images/
2024-11-21 18:03:28,992 [WARN] DbFile:41 - Overriding database path with different value: C:\Users\Minh\.stmcufinder\plugins\mcufinder/ => C:\Users\Minh\.stmcufinder\plugins\mcufinder
2024-11-21 18:03:28,992 [INFO] ApiDb:250 - Set database path to: C:\Users\Minh\.stmcufinder\plugins\mcufinder//mcu/
2024-11-21 18:03:28,993 [WARN] DbFile:41 - Overriding database path with different value: C:\Users\Minh\.stmcufinder\plugins\mcufinder/ => C:\Users\Minh\.stmcufinder\plugins\mcufinder
2024-11-21 18:03:28,993 [INFO] DbMcusAds:125 - Set database path to: C:\Users\Minh\.stmcufinder\plugins\mcufinder//mcu/
2024-11-21 18:03:28,993 [WARN] DbFile:41 - Overriding database path with different value: C:\Users\Minh\.stmcufinder\plugins\mcufinder/ => C:\Users\Minh\.stmcufinder\plugins\mcufinder
2024-11-21 18:03:28,993 [WARN] DbFile:41 - Overriding database path with different value: C:\Users\Minh\.stmcufinder\plugins\mcufinder/ => C:\Users\Minh\.stmcufinder\plugins\mcufinder
2024-11-21 18:03:28,993 [INFO] CrossReferenceDbSqlite:203 - Set database path to: C:\Users\Minh\.stmcufinder\plugins\mcufinder//mcu/cs/
2024-11-21 18:03:29,034 [INFO] ApplicationProperties:184 - Using Application install path: C:\ST\STM32CubeIDE_1.4.0\STM32CubeIDE\plugins\com.st.stm32cube.common.mx_6.9.1.202307191849
2024-11-21 18:03:29,038 [INFO] PluginManage:196 - Search for loadable plugins [exclusion list=, ]
2024-11-21 18:03:29,042 [INFO] PluginManage:310 - Check plugin analytics
2024-11-21 18:03:33,994 [INFO] AnalyticsPlugin:253 - Accepted Software Licenses: STM32CubeMX.6.0.0,STM32CubeMX.5.2.0
2024-11-21 18:03:33,995 [INFO] AnalyticsPlugin:255 - Accepted CMSIS Pack Licenses: 
2024-11-21 18:03:33,995 [INFO] AnalyticsPlugin:257 - Accepted Firmware Licenses: 
2024-11-21 18:03:34,003 [INFO] PluginManage:359 - Loaded plugin analytics (category:tool,tabindex:-1)
2024-11-21 18:03:34,005 [INFO] PluginManage:310 - Check plugin cadmodel
2024-11-21 18:03:34,045 [INFO] CADModel:105 - Init CAD model plugin
2024-11-21 18:03:34,046 [INFO] PluginManage:359 - Loaded plugin cadmodel (category:power,tabindex:5)
2024-11-21 18:03:34,046 [INFO] PluginManage:310 - Check plugin clock
2024-11-21 18:03:34,093 [INFO] PluginManage:359 - Loaded plugin clock (category:base,tabindex:2)
2024-11-21 18:03:34,093 [INFO] PluginManage:310 - Check plugin ddr
2024-11-21 18:03:34,097 [INFO] PluginManage:359 - Loaded plugin ddr (category:tool,tabindex:6)
2024-11-21 18:03:34,097 [INFO] PluginManage:310 - Check plugin filemanager
2024-11-21 18:03:34,393 [INFO] PluginManage:359 - Loaded plugin filemanager (category:base,tabindex:10)
2024-11-21 18:03:34,394 [INFO] PluginManage:310 - Check plugin ipmanager
2024-11-21 18:03:34,410 [INFO] PluginManage:359 - Loaded plugin ipmanager (category:base,tabindex:5)
2024-11-21 18:03:34,411 [INFO] PluginManage:310 - Check plugin lpbam
2024-11-21 18:03:34,451 [INFO] PluginManage:359 - Loaded plugin lpbam (category:base,tabindex:0)
2024-11-21 18:03:34,451 [INFO] PluginManage:310 - Check plugin memorymap
2024-11-21 18:03:34,500 [INFO] PluginManage:359 - Loaded plugin memorymap (category:base,tabindex:4)
2024-11-21 18:03:34,500 [INFO] PluginManage:310 - Check plugin pinoutandconfiguration
2024-11-21 18:03:34,549 [INFO] PluginManage:359 - Loaded plugin pinoutandconfiguration (category:base,tabindex:1)
2024-11-21 18:03:34,550 [INFO] PluginManage:310 - Check plugin pinoutconfig
2024-11-21 18:03:34,800 [WARN] SupportedApi:132 - Cannot load RTOS API schema: s4s-elt-must-match.1: The content of 'definitions' must match (annotation?, (simpleType | complexType)?, (unique | key | keyref)*)). A problem was found starting at: attribute.
2024-11-21 18:03:35,111 [INFO] PluginManage:359 - Loaded plugin pinoutconfig (category:base,tabindex:0)
2024-11-21 18:03:35,112 [INFO] PluginManage:310 - Check plugin power
2024-11-21 18:03:35,170 [INFO] PluginManage:359 - Loaded plugin power (category:power,tabindex:4)
2024-11-21 18:03:35,170 [INFO] PluginManage:310 - Check plugin projectmanager
2024-11-21 18:03:35,204 [INFO] PluginManage:359 - Loaded plugin projectmanager (category:projectmanager,tabindex:3)
2024-11-21 18:03:35,205 [INFO] PluginManage:310 - Check plugin thirdparty
2024-11-21 18:03:35,841 [INFO] PluginManage:359 - Loaded plugin thirdparty (category:base,tabindex:-1)
2024-11-21 18:03:35,841 [WARN] IntegrityCheckThread:84 - waiting for thirdparty lock release [integrity check]
2024-11-21 18:03:35,841 [INFO] IntegrityCheckThread:86 - entering critical section [integrity check]
2024-11-21 18:03:35,841 [INFO] PluginManage:310 - Check plugin tools
2024-11-21 18:03:35,842 [INFO] ThirdPartyUpdaterWithRetryManager:70 - Updater plugin not ready yet. [1/15]
2024-11-21 18:03:35,939 [INFO] PluginManage:359 - Loaded plugin tools (category:base,tabindex:7)
2024-11-21 18:03:35,939 [INFO] PluginManage:310 - Check plugin tutovideos
2024-11-21 18:03:36,418 [INFO] PluginManage:359 - Loaded plugin tutovideos (category:base,tabindex:-1)
2024-11-21 18:03:36,418 [INFO] PluginManage:310 - Check plugin updater
2024-11-21 18:03:36,448 [INFO] PluginManage:359 - Loaded plugin updater (category:base,tabindex:12)
2024-11-21 18:03:36,448 [INFO] PluginManage:310 - Check plugin userauth
2024-11-21 18:03:36,462 [INFO] UserAuth:113 - Init User Auth plugin
2024-11-21 18:03:36,463 [INFO] PluginManage:359 - Loaded plugin userauth (category:base,tabindex:14)
2024-11-21 18:03:36,464 [INFO] PluginManage:283 - PluginManage : Loaded plugins [17]
2024-11-21 18:03:36,978 [INFO] PinOutPanel:1499 - setPackage(No Configuration,No Configuration)
2024-11-21 18:03:37,237 [INFO] CADModel:165 - CPN selected for project level
2024-11-21 18:03:37,237 [INFO] CADModel:114 - Register for checkConnection events
2024-11-21 18:03:37,316 [INFO] IPUIPlugin:80 - create IPUIPlugin
2024-11-21 18:03:37,316 [INFO] PluginManager:220 - loadIPPluginJar : add adc
2024-11-21 18:03:37,396 [INFO] IPUIPlugin:80 - create IPUIPlugin
2024-11-21 18:03:37,396 [INFO] PluginManager:220 - loadIPPluginJar : add aes
2024-11-21 18:03:37,493 [INFO] IPUIPlugin:80 - create IPUIPlugin
2024-11-21 18:03:37,493 [INFO] PluginManager:220 - loadIPPluginJar : add can
2024-11-21 18:03:37,558 [INFO] IPUIPlugin:80 - create IPUIPlugin
2024-11-21 18:03:37,558 [INFO] PluginManager:220 - loadIPPluginJar : add comp
2024-11-21 18:03:37,642 [INFO] IPUIPlugin:80 - create IPUIPlugin
2024-11-21 18:03:37,642 [INFO] PluginManager:220 - loadIPPluginJar : add cryp
2024-11-21 18:03:37,704 [INFO] IPUIPlugin:80 - create IPUIPlugin
2024-11-21 18:03:37,704 [INFO] PluginManager:220 - loadIPPluginJar : add dfsdm
2024-11-21 18:03:37,751 [INFO] IPUIPlugin:80 - create IPUIPlugin
2024-11-21 18:03:37,752 [INFO] PluginManager:220 - loadIPPluginJar : add dma
2024-11-21 18:03:37,859 [INFO] IPUIPlugin:80 - create IPUIPlugin
2024-11-21 18:03:37,859 [INFO] PluginManager:220 - loadIPPluginJar : add dma3
2024-11-21 18:03:37,915 [INFO] IPUIPlugin:80 - create IPUIPlugin
2024-11-21 18:03:37,916 [INFO] PluginManager:220 - loadIPPluginJar : add fatfs
2024-11-21 18:03:38,034 [INFO] IPUIPlugin:80 - create IPUIPlugin
2024-11-21 18:03:38,034 [INFO] PluginManager:220 - loadIPPluginJar : add fmc
2024-11-21 18:03:38,068 [INFO] IPUIPlugin:80 - create IPUIPlugin
2024-11-21 18:03:38,069 [INFO] PluginManager:220 - loadIPPluginJar : add freertos
2024-11-21 18:03:38,115 [INFO] IPUIPlugin:80 - create IPUIPlugin
2024-11-21 18:03:38,116 [INFO] PluginManager:220 - loadIPPluginJar : add genericplugin
2024-11-21 18:03:38,350 [INFO] IPUIPlugin:80 - create IPUIPlugin
2024-11-21 18:03:38,351 [INFO] PluginManager:220 - loadIPPluginJar : add gfxmmu
2024-11-21 18:03:38,665 [INFO] IPUIPlugin:80 - create IPUIPlugin
2024-11-21 18:03:38,665 [INFO] PluginManager:220 - loadIPPluginJar : add gic
2024-11-21 18:03:38,699 [INFO] IPUIPlugin:80 - create IPUIPlugin
2024-11-21 18:03:38,700 [INFO] PluginManager:220 - loadIPPluginJar : add gpio
2024-11-21 18:03:38,844 [INFO] ThirdPartyUpdaterWithRetryManager:70 - Updater plugin not ready yet. [2/15]
2024-11-21 18:03:38,896 [INFO] IPUIPlugin:80 - create IPUIPlugin
2024-11-21 18:03:38,896 [INFO] PluginManager:220 - loadIPPluginJar : add gtzc
2024-11-21 18:03:38,974 [INFO] IPUIPlugin:80 - create IPUIPlugin
2024-11-21 18:03:38,974 [INFO] PluginManager:220 - loadIPPluginJar : add hash
2024-11-21 18:03:39,096 [INFO] IPUIPlugin:80 - create IPUIPlugin
2024-11-21 18:03:39,097 [INFO] PluginManager:220 - loadIPPluginJar : add i2c
2024-11-21 18:03:39,195 [INFO] IPUIPlugin:80 - create IPUIPlugin
2024-11-21 18:03:39,196 [INFO] PluginManager:220 - loadIPPluginJar : add i2s
2024-11-21 18:03:39,282 [INFO] IPUIPlugin:80 - create IPUIPlugin
2024-11-21 18:03:39,282 [INFO] PluginManager:220 - loadIPPluginJar : add i3c
2024-11-21 18:03:39,499 [INFO] IPUIPlugin:80 - create IPUIPlugin
2024-11-21 18:03:39,500 [INFO] PluginManager:220 - loadIPPluginJar : add ipddr
2024-11-21 18:03:39,716 [INFO] IPUIPlugin:80 - create IPUIPlugin
2024-11-21 18:03:39,717 [INFO] PluginManager:220 - loadIPPluginJar : add linkedlist
2024-11-21 18:03:39,796 [INFO] IPUIPlugin:80 - create IPUIPlugin
2024-11-21 18:03:39,797 [INFO] PluginManager:220 - loadIPPluginJar : add lorawan
2024-11-21 18:03:39,898 [INFO] IPUIPlugin:80 - create IPUIPlugin
2024-11-21 18:03:39,898 [INFO] PluginManager:220 - loadIPPluginJar : add ltdc
2024-11-21 18:03:39,928 [INFO] IPUIPlugin:80 - create IPUIPlugin
2024-11-21 18:03:39,929 [INFO] PluginManager:220 - loadIPPluginJar : add mdma
2024-11-21 18:03:39,953 [INFO] IPUIPlugin:80 - create IPUIPlugin
2024-11-21 18:03:39,953 [INFO] PluginManager:220 - loadIPPluginJar : add nvic
2024-11-21 18:03:40,025 [INFO] IPUIPlugin:80 - create IPUIPlugin
2024-11-21 18:03:40,025 [INFO] PluginManager:220 - loadIPPluginJar : add opamp
2024-11-21 18:03:40,169 [INFO] IPUIPlugin:80 - create IPUIPlugin
2024-11-21 18:03:40,170 [INFO] PluginManager:220 - loadIPPluginJar : add openamp
2024-11-21 18:03:40,273 [INFO] IPUIPlugin:80 - create IPUIPlugin
2024-11-21 18:03:40,273 [INFO] PluginManager:220 - loadIPPluginJar : add pdm2pcm
2024-11-21 18:03:40,304 [INFO] IPUIPlugin:80 - create IPUIPlugin
2024-11-21 18:03:40,310 [INFO] PluginManager:220 - loadIPPluginJar : add plateformsettings
2024-11-21 18:03:40,370 [INFO] IPUIPlugin:80 - create IPUIPlugin
2024-11-21 18:03:40,370 [INFO] PluginManager:220 - loadIPPluginJar : add quadspi
2024-11-21 18:03:40,403 [INFO] IPUIPlugin:80 - create IPUIPlugin
2024-11-21 18:03:40,403 [INFO] PluginManager:220 - loadIPPluginJar : add resmgrutility
2024-11-21 18:03:40,523 [INFO] IPUIPlugin:80 - create IPUIPlugin
2024-11-21 18:03:40,523 [INFO] PluginManager:220 - loadIPPluginJar : add sai
2024-11-21 18:03:40,607 [INFO] IPUIPlugin:80 - create IPUIPlugin
2024-11-21 18:03:40,607 [INFO] PluginManager:220 - loadIPPluginJar : add spi
2024-11-21 18:03:40,741 [INFO] IPUIPlugin:80 - create IPUIPlugin
2024-11-21 18:03:40,741 [INFO] PluginManager:220 - loadIPPluginJar : add stm32_wpan
2024-11-21 18:03:40,790 [INFO] IPUIPlugin:80 - create IPUIPlugin
2024-11-21 18:03:40,790 [INFO] PluginManager:220 - loadIPPluginJar : add tim
2024-11-21 18:03:40,905 [INFO] IPUIPlugin:80 - create IPUIPlugin
2024-11-21 18:03:40,905 [INFO] PluginManager:220 - loadIPPluginJar : add touchsensing
2024-11-21 18:03:40,952 [INFO] IPUIPlugin:80 - create IPUIPlugin
2024-11-21 18:03:40,953 [INFO] PluginManager:220 - loadIPPluginJar : add tracer_emb
2024-11-21 18:03:41,001 [INFO] IPUIPlugin:80 - create IPUIPlugin
2024-11-21 18:03:41,001 [INFO] PluginManager:220 - loadIPPluginJar : add ts
2024-11-21 18:03:41,055 [INFO] IPUIPlugin:80 - create IPUIPlugin
2024-11-21 18:03:41,055 [INFO] PluginManager:220 - loadIPPluginJar : add tsc
2024-11-21 18:03:41,108 [INFO] IPUIPlugin:80 - create IPUIPlugin
2024-11-21 18:03:41,109 [INFO] PluginManager:220 - loadIPPluginJar : add ucpd
2024-11-21 18:03:41,208 [INFO] IPUIPlugin:80 - create IPUIPlugin
2024-11-21 18:03:41,208 [INFO] PluginManager:220 - loadIPPluginJar : add usart
2024-11-21 18:03:41,295 [INFO] IPUIPlugin:80 - create IPUIPlugin
2024-11-21 18:03:41,295 [INFO] PluginManager:220 - loadIPPluginJar : add usbx
2024-11-21 18:03:41,485 [INFO] CADModel:165 - CPN selected for project level
2024-11-21 18:03:41,485 [INFO] CADModel:114 - Register for checkConnection events
2024-11-21 18:03:41,485 [FATAL] Updater:308 - Updater called before beeing initialized
2024-11-21 18:03:41,486 [ERROR] CADModel:125 - Updater not yet initialized, retry later 
2024-11-21 18:03:41,749 [INFO] CADModel:165 - CPN selected for project level
2024-11-21 18:03:41,749 [INFO] CADModel:114 - Register for checkConnection events
2024-11-21 18:03:41,749 [FATAL] Updater:308 - Updater called before beeing initialized
2024-11-21 18:03:41,749 [ERROR] CADModel:125 - Updater not yet initialized, retry later 
2024-11-21 18:03:41,756 [FATAL] Updater:308 - Updater called before beeing initialized
2024-11-21 18:03:41,844 [INFO] ThirdPartyUpdaterWithRetryManager:70 - Updater plugin not ready yet. [3/15]
2024-11-21 18:03:42,006 [FATAL] Updater:308 - Updater called before beeing initialized
2024-11-21 18:03:42,019 [INFO] DbMcusAds:53 - JSON generation date=Fri Sep 20 22:04:38 JST 2024 (1726837478367)
2024-11-21 18:03:42,019 [FATAL] Updater:308 - Updater called before beeing initialized
2024-11-21 18:03:42,196 [WARN] DetailPanel:346 - Failed to get advertising image, set to default
2024-11-21 18:03:42,377 [FATAL] Updater:308 - Updater called before beeing initialized
2024-11-21 18:03:42,381 [FATAL] Updater:308 - Updater called before beeing initialized
2024-11-21 18:03:42,381 [FATAL] Updater:308 - Updater called before beeing initialized
2024-11-21 18:03:42,381 [WARN] DetailPanel:346 - Failed to get advertising image, set to default
2024-11-21 18:03:42,383 [FATAL] Updater:308 - Updater called before beeing initialized
2024-11-21 18:03:42,523 [ERROR] Updater:1120 - MainUpdater not yet initialized. External WinMGr cannot be set.
2024-11-21 18:03:42,552 [INFO] Updater:1056 - Updater Version found : 6.9.1
2024-11-21 18:03:42,593 [INFO] ApplicationProperties:184 - Using Application install path: C:\ST\STM32CubeIDE_1.4.0\STM32CubeIDE\plugins\com.st.stm32cube.common.mx_6.9.1.202307191849
2024-11-21 18:03:42,865 [INFO] MainUpdater:2868 - connection check result : 10
2024-11-21 18:03:42,866 [INFO] MainUpdater:3562 - Updater definition file requires update
2024-11-21 18:03:42,868 [INFO] MainUpdater:285 - Updater Check For Update Now.
2024-11-21 18:03:42,869 [INFO] MicroXplorer:498 - Change Database Version : DB.6.0.91
2024-11-21 18:03:42,891 [INFO] ServerAccessManage:473 - Download File updaters.zip
2024-11-21 18:03:42,913 [INFO] McuFinderGlobals:63 - Set McuFinder mode to 2 (CubeIDE integrated)
2024-11-21 18:03:42,913 [INFO] UserAuth:179 - activating auth plugin
2024-11-21 18:03:42,924 [INFO] UserAuth:393 - Internet connection configuration mode: 1
2024-11-21 18:03:42,964 [INFO] JxBrowserEngine:151 - Initiate JxBrowser Engine with user profile folder
2024-11-21 18:03:43,060 [INFO] FileExtend:240 - Unzip File : updaters.zip
2024-11-21 18:03:43,060 [INFO] FileExtend:255 - Standard Zip Deflate
2024-11-21 18:03:43,812 [INFO] ServerAccessManage:473 - Download File PacksControlFlags.xml
2024-11-21 18:03:43,940 [INFO] ServerAccessManage:473 - Download File cubemx.pidx
2024-11-21 18:03:44,304 [INFO] LoadServerUpdatesThread:373 - End of LoadServerUpdate Thread
2024-11-21 18:03:44,633 [INFO] CheckServerUpdateThread:120 - End of CheckServer Thread
2024-11-21 18:03:45,281 [INFO] WebApp:157 - Instantiating new browser for Auth
2024-11-21 18:03:45,928 [WARN] PackLoader:240 - Cannot read IP mode file for STMicroelectronics.FP-SNS-MOTENVWB1.1.4.0
2024-11-21 18:03:45,951 [WARN] PackLoader:240 - Cannot read IP mode file for STMicroelectronics.FP-ATR-ASTRA1.2.0.1
2024-11-21 18:03:45,971 [WARN] PackLoader:240 - Cannot read IP mode file for STMicroelectronics.X-CUBE-SMBUS.2.1.0
2024-11-21 18:03:45,995 [WARN] PackLoader:240 - Cannot read IP mode file for STMicroelectronics.X-CUBE-WB05N.1.1.0
2024-11-21 18:03:46,011 [WARN] PackLoader:240 - Cannot read IP mode file for STMicroelectronics.X-CUBE-TOUCHGFX.4.23.0
2024-11-21 18:03:46,018 [WARN] PackLoader:240 - Cannot read IP mode file for STMicroelectronics.X-CUBE-TOUCHGFX.4.23.2
2024-11-21 18:03:46,125 [WARN] PackLoader:240 - Cannot read IP mode file for STMicroelectronics.X-CUBE-AZRTOS-F7.1.1.0
2024-11-21 18:03:46,151 [ERROR] RealEvaluatedCondition:428 - Found unsupported composite condition: GROUP='STM32_MetaDataManager' CLASS='Data Exchange'
2024-11-21 18:03:46,151 [ERROR] RealEvaluatedCondition:428 - Found unsupported composite condition: CLASS='Data Exchange' GROUP='STM32_MetaDataManager'
2024-11-21 18:03:46,156 [WARN] PackLoader:240 - Cannot read IP mode file for STMicroelectronics.FP-SNS-MOTENV1.4.3.0
2024-11-21 18:03:46,176 [WARN] PackLoader:240 - Cannot read IP mode file for STMicroelectronics.FP-SNS-MOTENV1.4.3.2
2024-11-21 18:03:46,196 [WARN] PackLoader:240 - Cannot read IP mode file for STMicroelectronics.FP-SNS-FLIGHT1.5.0.0
2024-11-21 18:03:46,208 [ERROR] RealEvaluatedCondition:428 - Found unsupported composite condition: CLASS='Data Exchange' GROUP='STM32_MetaDataManager'
2024-11-21 18:03:46,208 [ERROR] RealEvaluatedCondition:428 - Found unsupported composite condition: CLASS='Data Exchange' GROUP='STM32_MetaDataManager'
2024-11-21 18:03:46,212 [WARN] PackLoader:240 - Cannot read IP mode file for STMicroelectronics.FP-SNS-MOTENV1.4.3.1
2024-11-21 18:03:46,228 [WARN] PackLoader:240 - Cannot read IP mode file for STMicroelectronics.FP-SNS-FLIGHT1.5.0.1
2024-11-21 18:03:46,416 [WARN] PackLoader:240 - Cannot read IP mode file for STMicroelectronics.X-CUBE-MEMS1.11.0.0
2024-11-21 18:03:46,946 [WARN] PackLoader:240 - Cannot read IP mode file for STMicroelectronics.X-CUBE-BLE1.6.2.4
2024-11-21 18:03:46,966 [WARN] PackLoader:240 - Cannot read IP mode file for STMicroelectronics.FP-SNS-FLIGHT1.5.0.2
2024-11-21 18:03:46,991 [WARN] PackLoader:240 - Cannot read IP mode file for STMicroelectronics.X-CUBE-DISPLAY.3.0.0
2024-11-21 18:03:47,025 [WARN] PackLoader:240 - Cannot read IP mode file for STMicroelectronics.X-CUBE-BLE1.7.0.0
2024-11-21 18:03:47,044 [WARN] PackLoader:240 - Cannot read IP mode file for STMicroelectronics.X-CUBE-NFC10.1.0.0
2024-11-21 18:03:47,061 [WARN] PackLoader:240 - Cannot read IP mode file for STMicroelectronics.X-CUBE-TOUCHGFX.4.22.0
2024-11-21 18:03:47,069 [WARN] PackLoader:240 - Cannot read IP mode file for STMicroelectronics.X-CUBE-TOUCHGFX.4.22.1
2024-11-21 18:03:47,096 [WARN] PackLoader:240 - Cannot read IP mode file for STMicroelectronics.X-CUBE-BLEMGR.3.1.0
2024-11-21 18:03:47,121 [WARN] PackLoader:240 - Cannot read IP mode file for STMicroelectronics.FP-SNS-SMARTAG2.1.2.0
2024-11-21 18:03:47,146 [INFO] LogOutputStream:77 - [STDOUT_REDIRECT] 1 : Invalid condition id : UX_CORESTACK_Condition cause : null
2024-11-21 18:03:47,148 [INFO] LogOutputStream:77 - [STDOUT_REDIRECT] 1 : Invalid condition id : UX_CORESTACK_Condition cause : null
2024-11-21 18:03:47,152 [INFO] LogOutputStream:77 - [STDOUT_REDIRECT] 1 : Invalid condition id : UX_CORESTACK_Condition cause : null
2024-11-21 18:03:47,157 [INFO] LogOutputStream:77 - [STDOUT_REDIRECT] 1 : Invalid condition id : UX_CORESTACK_Condition cause : null
2024-11-21 18:03:47,162 [INFO] LogOutputStream:77 - [STDOUT_REDIRECT] 1 : Invalid condition id : UX_CORESTACK_Condition cause : null
2024-11-21 18:03:47,172 [WARN] PackLoader:240 - Cannot read IP mode file for STMicroelectronics.X-CUBE-AZRTOS-WL.2.0.0
2024-11-21 18:03:47,185 [WARN] PackLoader:240 - Cannot read IP mode file for STMicroelectronics.FP-SNS-MOTENV1.5.0.0
2024-11-21 18:03:47,200 [WARN] PackLoader:240 - Cannot read IP mode file for wolfSSL.I-CUBE-wolfMQTT.1.19.0
2024-11-21 18:03:47,218 [WARN] PackLoader:240 - Cannot read IP mode file for WES.I-CUBE-Cesium.1.3.0
2024-11-21 18:03:47,230 [WARN] PackLoader:240 - Cannot read IP mode file for STMicroelectronics.X-CUBE-BLE2.3.3.0
2024-11-21 18:03:47,258 [WARN] PackLoader:240 - Cannot read IP mode file for STMicroelectronics.X-CUBE-TOF1.3.2.0
2024-11-21 18:03:47,299 [WARN] PackLoader:240 - Cannot read IP mode file for STMicroelectronics.X-CUBE-NFC9.1.0.0
2024-11-21 18:03:47,329 [WARN] PackLoader:240 - Cannot read IP mode file for STMicroelectronics.X-CUBE-TCPP.4.1.0
2024-11-21 18:03:47,347 [WARN] PackLoader:240 - Cannot read IP mode file for STMicroelectronics.X-CUBE-TOUCHGFX.4.21.1
2024-11-21 18:03:47,355 [WARN] PackLoader:240 - Cannot read IP mode file for STMicroelectronics.X-CUBE-TOUCHGFX.4.21.3
2024-11-21 18:03:47,362 [WARN] PackLoader:240 - Cannot read IP mode file for STMicroelectronics.X-CUBE-TOUCHGFX.4.21.4
2024-11-21 18:03:47,380 [WARN] PackLoader:240 - Cannot read IP mode file for STMicroelectronics.X-CUBE-ALGOBUILD.1.3.0
2024-11-21 18:03:47,431 [WARN] PackLoader:240 - Cannot read IP mode file for STMicroelectronics.X-CUBE-AZRTOS-G0.1.1.0
2024-11-21 18:03:47,450 [INFO] WebApp:753 - Register for checkConnection events
2024-11-21 18:03:47,450 [INFO] WebApp:390 - Apply proxy settings
2024-11-21 18:03:47,451 [INFO] WebApp:475 - Chromium requires no authentication
2024-11-21 18:03:47,453 [WARN] PackLoader:240 - Cannot read IP mode file for STMicroelectronics.X-CUBE-SAFEA1.1.2.2
2024-11-21 18:03:47,472 [WARN] PackLoader:240 - Cannot read IP mode file for STMicroelectronics.X-CUBE-NFC4.3.0.0
2024-11-21 18:03:47,483 [ERROR] Engine:466 - C:\Users\Minh\.stm32cubemx\thirdparties\pdsc\EmbeddedOffice.I-CUBE-FS-RTOS.1.0.1.pdsc: PDSC version is not supported
2024-11-21 18:03:47,483 [INFO] WebApp:418 - Direct internet connection detected
2024-11-21 18:03:47,508 [WARN] PackLoader:240 - Cannot read IP mode file for STMicroelectronics.X-CUBE-BLEMGR.3.0.0
2024-11-21 18:03:47,521 [ERROR] Engine:466 - C:\Users\Minh\.stm32cubemx\thirdparties\pdsc\RealThread.X-CUBE-RT-Thread_Nano.4.1.1.pdsc: PDSC version is not supported
2024-11-21 18:03:47,530 [WARN] PackLoader:240 - Cannot read IP mode file for STMicroelectronics.FP-ATR-SIGFOX1.3.2.0
2024-11-21 18:03:47,535 [ERROR] Engine:466 - C:\Users\Minh\.stm32cubemx\thirdparties\pdsc\quantropi.X-CUBE-qispace-sdk-base.1.9.3.pdsc: PDSC version is not supported
2024-11-21 18:03:47,551 [WARN] PackLoader:240 - Cannot read IP mode file for STMicroelectronics.X-CUBE-EEPRMA1.5.1.0
2024-11-21 18:03:47,703 [WARN] PackLoader:240 - Cannot read IP mode file for STMicroelectronics.X-CUBE-MEMS1.9.5.0
2024-11-21 18:03:48,138 [INFO] WebApp:188 - Starting web application
2024-11-21 18:03:48,139 [INFO] WebApp:520 - Web application path used C:\ST\STM32CubeIDE_1.4.0\STM32CubeIDE\plugins\com.st.stm32cube.common.mx_6.9.1.202307191849\db\plugins\mcufinder\reactClient1\index.html
2024-11-21 18:03:48,203 [WARN] PackLoader:240 - Cannot read IP mode file for SEGGER.I-CUBE-embOS.1.3.1
2024-11-21 18:03:48,315 [WARN] PackLoader:240 - Cannot read IP mode file for STMicroelectronics.X-CUBE-ALGOBUILD.1.4.0
2024-11-21 18:03:48,325 [WARN] PackLoader:240 - Cannot read IP mode file for STMicroelectronics.X-CUBE-AI.9.1.0
2024-11-21 18:03:48,344 [WARN] PackLoader:240 - Cannot read IP mode file for STMicroelectronics.X-CUBE-GNSS1.6.0.0
2024-11-21 18:03:48,384 [WARN] PackLoader:240 - Cannot read IP mode file for STMicroelectronics.X-CUBE-AZRTOS-F4.1.1.0
2024-11-21 18:03:48,418 [WARN] PackLoader:240 - Cannot read IP mode file for STMicroelectronics.X-CUBE-ISPU.2.1.0
2024-11-21 18:03:48,431 [WARN] PackLoader:240 - Cannot read IP mode file for STMicroelectronics.X-CUBE-FREERTOS.1.2.0
2024-11-21 18:03:48,470 [WARN] PackLoader:240 - Cannot read IP mode file for STMicroelectronics.X-CUBE-AZRTOS-L5.2.0.0
2024-11-21 18:03:48,593 [WARN] PackLoader:240 - Cannot read IP mode file for STMicroelectronics.X-CUBE-MEMS1.9.6.0
2024-11-21 18:03:49,157 [WARN] PackLoader:240 - Cannot read IP mode file for STMicroelectronics.X-CUBE-EEPRMA1.4.2.0
2024-11-21 18:03:49,181 [WARN] PackLoader:240 - Cannot read IP mode file for STMicroelectronics.X-CUBE-NFC6.3.1.0
2024-11-21 18:03:49,199 [WARN] PackLoader:240 - Cannot read IP mode file for ITTIA_DB.I-CUBE-ITTIADB.8.8.0
2024-11-21 18:03:49,214 [WARN] PackLoader:240 - Cannot read IP mode file for emotas.I-CUBE-CANOPEN.1.1.3
2024-11-21 18:03:49,231 [WARN] PackLoader:240 - Cannot read IP mode file for STMicroelectronics.X-CUBE-BLEMGR.2.0.0
2024-11-21 18:03:49,245 [ERROR] Engine:466 - C:\Users\Minh\.stm32cubemx\thirdparties\pdsc\STMicroelectronics.X-CUBE-DPower.1.2.0.pdsc: PDSC version is not supported
2024-11-21 18:03:49,252 [WARN] PackLoader:240 - Cannot read IP mode file for STMicroelectronics.X-CUBE-AI.9.0.0
2024-11-21 18:03:49,306 [WARN] ConditionMgr:438 - getConditionDescription Invalid condition id : UX DEVICE CLASS RTOS Condition cause : null
2024-11-21 18:03:49,307 [WARN] ConditionMgr:438 - getConditionDescription Invalid condition id : UX DEVICE CLASS RTOS Condition cause : null
2024-11-21 18:03:49,318 [WARN] PackLoader:240 - Cannot read IP mode file for STMicroelectronics.X-CUBE-AZRTOS-H7.3.1.0
2024-11-21 18:03:49,320 [WARN] ConditionMgr:1039 - genDependencies : Invalid condition id : UX DEVICE CLASS RTOS Condition cause : null
2024-11-21 18:03:49,321 [WARN] ConditionMgr:1039 - genDependencies : Invalid condition id : UX DEVICE CLASS RTOS Condition cause : null
2024-11-21 18:03:49,323 [WARN] ConditionMgr:1039 - genDependencies : Invalid condition id : UX DEVICE CLASS RTOS Condition cause : null
2024-11-21 18:03:49,324 [WARN] ConditionMgr:1039 - genDependencies : Invalid condition id : UX DEVICE CLASS RTOS Condition cause : null
2024-11-21 18:03:49,324 [WARN] ConditionMgr:1039 - genDependencies : Invalid condition id : UX DEVICE CLASS RTOS Condition cause : null
2024-11-21 18:03:49,337 [WARN] PackLoader:240 - Cannot read IP mode file for wolfSSL.I-CUBE-wolfSSL.5.5.4
2024-11-21 18:03:49,353 [WARN] PackLoader:240 - Cannot read IP mode file for STMicroelectronics.X-CUBE-NFC7.1.0.1
2024-11-21 18:03:49,365 [WARN] PackLoader:240 - Cannot read IP mode file for STMicroelectronics.X-CUBE-NFC7.1.0.0
2024-11-21 18:03:49,379 [WARN] PackLoader:240 - Cannot read IP mode file for wolfSSL.I-CUBE-wolfTPM.3.2.0
2024-11-21 18:03:49,395 [WARN] PackLoader:240 - Cannot read IP mode file for STMicroelectronics.X-CUBE-NFC6.3.0.0
2024-11-21 18:03:49,411 [WARN] PackLoader:240 - Cannot read IP mode file for STMicroelectronics.X-CUBE-EEPRMA1.4.1.0
2024-11-21 18:03:49,421 [WARN] PackLoader:240 - Cannot read IP mode file for STMicroelectronics.X-CUBE-AI.8.1.0
2024-11-21 18:03:49,466 [WARN] ConditionMgr:438 - getConditionDescription Invalid condition id : LAN8742 Phy interface Condition cause : null
2024-11-21 18:03:49,468 [WARN] PackLoader:240 - Cannot read IP mode file for STMicroelectronics.X-CUBE-AZRTOS-L4.2.0.0
2024-11-21 18:03:49,472 [WARN] ConditionMgr:1039 - genDependencies : Invalid condition id : LAN8742 Phy interface Condition cause : null
2024-11-21 18:03:49,473 [WARN] ConditionMgr:1039 - genDependencies : Invalid condition id : LAN8742 Phy interface Condition cause : null
2024-11-21 18:03:49,474 [WARN] ConditionMgr:1039 - genDependencies : Invalid condition id : LAN8742 Phy interface Condition cause : null
2024-11-21 18:03:49,491 [WARN] PackLoader:240 - Cannot read IP mode file for STMicroelectronics.X-CUBE-SFXS2LP1.4.0.0
2024-11-21 18:03:49,547 [WARN] PackLoader:240 - Cannot read IP mode file for STMicroelectronics.X-CUBE-AZRTOS-H7.3.0.0
2024-11-21 18:03:49,563 [WARN] PackLoader:240 - Cannot read IP mode file for STMicroelectronics.X-CUBE-ISPU.1.1.0
2024-11-21 18:03:49,634 [WARN] PackLoader:240 - Cannot read IP mode file for STMicroelectronics.X-CUBE-AZRTOS-H7.3.3.0
2024-11-21 18:03:49,671 [WARN] PackLoader:240 - Cannot read IP mode file for RoweBots.I-CUBE-UNISONRTOS.5.5.0-4
2024-11-21 18:03:49,680 [WARN] PackLoader:240 - Cannot read IP mode file for STMicroelectronics.X-CUBE-AI.8.0.0
2024-11-21 18:03:49,690 [ERROR] Engine:466 - C:\Users\Minh\.stm32cubemx\thirdparties\pdsc\STMicroelectronics.X-CUBE-IPS.3.0.0.pdsc: PDSC version is not supported
2024-11-21 18:03:49,724 [WARN] ConditionMgr:438 - getConditionDescription Invalid condition id : UX DEVICE CLASS RTOS Condition cause : null
2024-11-21 18:03:49,725 [WARN] ConditionMgr:438 - getConditionDescription Invalid condition id : UX DEVICE CLASS RTOS Condition cause : null
2024-11-21 18:03:49,738 [WARN] PackLoader:240 - Cannot read IP mode file for STMicroelectronics.X-CUBE-AZRTOS-WB.2.0.0
2024-11-21 18:03:49,739 [WARN] ConditionMgr:1039 - genDependencies : Invalid condition id : UX DEVICE CLASS RTOS Condition cause : null
2024-11-21 18:03:49,740 [WARN] ConditionMgr:1039 - genDependencies : Invalid condition id : UX DEVICE CLASS RTOS Condition cause : null
2024-11-21 18:03:49,741 [WARN] ConditionMgr:1039 - genDependencies : Invalid condition id : UX DEVICE CLASS RTOS Condition cause : null
2024-11-21 18:03:49,742 [WARN] ConditionMgr:1039 - genDependencies : Invalid condition id : UX DEVICE CLASS RTOS Condition cause : null
2024-11-21 18:03:49,742 [WARN] ConditionMgr:1039 - genDependencies : Invalid condition id : UX DEVICE CLASS RTOS Condition cause : null
2024-11-21 18:03:49,754 [WARN] PackLoader:240 - Cannot read IP mode file for STMicroelectronics.X-CUBE-FREERTOS.1.0.0
2024-11-21 18:03:49,764 [WARN] PackLoader:240 - Cannot read IP mode file for STMicroelectronics.X-CUBE-FREERTOS.1.0.1
2024-11-21 18:03:49,776 [WARN] PackLoader:240 - Cannot read IP mode file for STMicroelectronics.X-CUBE-GNSS1.7.0.0
2024-11-21 18:03:49,786 [ERROR] Engine:466 - C:\Users\Minh\.stm32cubemx\thirdparties\pdsc\STMicroelectronics.FP-SNS-STBOX1.2.0.0.pdsc: PDSC version is not supported
2024-11-21 18:03:49,823 [WARN] PackLoader:240 - Cannot read IP mode file for STMicroelectronics.X-CUBE-AZRTOS-L5.1.1.0
2024-11-21 18:03:49,850 [WARN] PackLoader:240 - Cannot read IP mode file for STMicroelectronics.X-CUBE-AI.8.0.1
2024-11-21 18:03:49,877 [WARN] PackLoader:240 - Cannot read IP mode file for STMicroelectronics.X-CUBE-SUBG2.5.0.0
2024-11-21 18:03:49,901 [WARN] PackLoader:240 - Cannot read IP mode file for Cesanta.I-CUBE-Mongoose.7.13.0
2024-11-21 18:03:49,923 [WARN] PackLoader:240 - Cannot read IP mode file for STMicroelectronics.X-CUBE-TOF1.3.3.1
2024-11-21 18:03:49,992 [WARN] PackLoader:240 - Cannot read IP mode file for STMicroelectronics.X-CUBE-AZRTOS-G4.2.0.0
2024-11-21 18:03:50,023 [WARN] PackLoader:240 - Cannot read IP mode file for STMicroelectronics.X-CUBE-TOF1.3.3.0
2024-11-21 18:03:50,058 [WARN] PackLoader:240 - Cannot read IP mode file for STMicroelectronics.FP-ATR-ASTRA1.1.1.1
2024-11-21 18:03:50,088 [WARN] PackLoader:240 - Cannot read IP mode file for Infineon.AIROC-Wi-Fi-Bluetooth-STM32.1.5.1
2024-11-21 18:03:50,103 [WARN] PackLoader:240 - Cannot read IP mode file for STMicroelectronics.FP-SNS-MOTENVWB1.1.3.0
2024-11-21 18:03:50,111 [WARN] PackLoader:240 - Cannot read IP mode file for STMicroelectronics.FP-SNS-MOTENVWB1.1.3.1
2024-11-21 18:03:50,140 [WARN] PackLoader:240 - Cannot read IP mode file for STMicroelectronics.X-CUBE-AZRTOS-G4.1.0.0
2024-11-21 18:03:50,181 [WARN] PackLoader:240 - Cannot read IP mode file for STMicroelectronics.X-CUBE-AZRTOS-L4.1.0.0
2024-11-21 18:03:50,195 [WARN] PackLoader:240 - Cannot read IP mode file for STMicroelectronics.X-CUBE-ISPU.2.0.0
2024-11-21 18:03:50,206 [WARN] PackLoader:240 - Cannot read IP mode file for STMicroelectronics.X-CUBE-ALS.1.0.2
2024-11-21 18:03:50,305 [WARN] PackLoader:240 - Cannot read IP mode file for STMicroelectronics.X-CUBE-MEMS1.10.0.0
2024-11-21 18:03:50,584 [WARN] PackLoader:240 - Cannot read IP mode file for STMicroelectronics.X-CUBE-FREERTOS.1.1.0
2024-11-21 18:03:50,591 [WARN] PackLoader:240 - Cannot read IP mode file for STMicroelectronics.X-CUBE-TOUCHGFX.4.24.0
2024-11-21 18:03:50,617 [WARN] PackLoader:240 - Cannot read IP mode file for STMicroelectronics.X-CUBE-AZRTOS-WL.1.0.0
2024-11-21 18:03:50,627 [WARN] PackLoader:240 - Cannot read IP mode file for STMicroelectronics.X-CUBE-TOUCHGFX.4.24.1
2024-11-21 18:03:50,639 [WARN] PackLoader:240 - Cannot read IP mode file for portGmbH.I-Cube-SoM-uGOAL.1.1.0
2024-11-21 18:03:50,646 [WARN] PackLoader:240 - Cannot read IP mode file for STMicroelectronics.X-CUBE-ALS.1.0.1
2024-11-21 18:03:50,675 [WARN] PackLoader:240 - Cannot read IP mode file for STMicroelectronics.X-CUBE-AZRTOS-WB.1.1.0
2024-11-21 18:03:50,722 [WARN] PackLoader:240 - Cannot read IP mode file for STMicroelectronics.X-CUBE-AZRTOS-H7RS.1.0.0
2024-11-21 18:03:50,754 [WARN] PackLoader:240 - Cannot read IP mode file for STMicroelectronics.FP-ATR-ASTRA1.2.0.0
2024-11-21 18:03:50,767 [ERROR] Engine:466 - C:\Users\Minh\.stm32cubemx\thirdparties\pdsc\STMicroelectronics.X-CUBE-TOF1.3.4.2.pdsc: PDSC version is not supported
2024-11-21 18:03:50,789 [WARN] PackLoader:240 - Cannot read IP mode file for STMicroelectronics.X-CUBE-TOF1.3.4.0
2024-11-21 18:03:50,838 [WARN] PackLoader:240 - Cannot read IP mode file for STMicroelectronics.X-CUBE-TOF1.3.4.1
2024-11-21 18:03:50,901 [WARN] PackLoader:240 - Cannot read IP mode file for STMicroelectronics.X-CUBE-AZRTOS-H7.3.2.0
2024-11-21 18:03:50,915 [WARN] PackLoader:240 - Cannot read IP mode file for wolfSSL.I-CUBE-wolfSSH.1.4.17
2024-11-21 18:03:50,916 [INFO] ThirdParty:978 - Integrity check success = true
2024-11-21 18:03:50,917 [INFO] IntegrityCheckThread:100 - exiting critical section [integrity check]
2024-11-21 18:03:50,917 [INFO] IntegrityCheckThread:103 - End integrity checks thread
2024-11-21 18:26:30,766 [ERROR] LogOutputStream:75 - [STDERR_REDIRECT] 
