2024-11-04 14:45:53,011 [INFO] Activator:176 - 


2024-11-04 14:45:53,031 [INFO] Activator:177 - !SESSION log4j initialized
2024-11-04 14:46:10,181 [INFO] LogOutputStream:77 - [STDOUT_REDIRECT] 
2024-11-04 14:46:19,758 [INFO] ApplicationProperties:184 - Using Application install path: C:\ST\STM32CubeIDE_1.4.0\STM32CubeIDE\plugins\com.st.stm32cube.common.mx_6.9.1.202307191849
2024-11-04 14:46:19,802 [INFO] DbMcusXml:78 - Set database path to: C:\ST\STM32CubeIDE_1.4.0\STM32CubeIDE\plugins\com.st.stm32cube.common.mx_6.9.1.202307191849\\db\/mcu/
2024-11-04 14:46:19,803 [INFO] ApiDb:274 - Set plugin database path to: C:\ST\STM32CubeIDE_1.4.0\STM32CubeIDE\plugins\com.st.stm32cube.common.mx_6.9.1.202307191849\\db\/plugins/boardmanager/
2024-11-04 14:46:19,804 [WARN] ApiDb:259 - Overriding images path with different value:  => C:\ST\STM32CubeIDE_1.4.0\STM32CubeIDE\plugins\com.st.stm32cube.common.mx_6.9.1.202307191849\\db\/plugins/mcufinder/images/
2024-11-04 14:46:19,833 [INFO] ApiDb:250 - Set database path to: C:\Users\Minh\.stmcufinder\plugins\mcufinder//mcu/
2024-11-04 14:46:19,836 [INFO] DbMcusAds:125 - Set database path to: C:\Users\Minh\.stmcufinder\plugins\mcufinder//mcu/
2024-11-04 14:46:19,841 [INFO] CrossReferenceDbSqlite:203 - Set database path to: C:\Users\Minh\.stmcufinder\plugins\mcufinder//mcu/cs/
2024-11-04 14:46:20,127 [INFO] RulesReader:64 - Compatibility file has been processed (293 Rules)
2024-11-04 14:46:20,338 [INFO] DbMcusXml:78 - Set database path to: C:\ST\STM32CubeIDE_1.4.0\STM32CubeIDE\plugins\com.st.stm32cube.common.mx_6.9.1.202307191849\\db\/mcu/
2024-11-04 14:46:20,338 [INFO] ApiDb:274 - Set plugin database path to: C:\ST\STM32CubeIDE_1.4.0\STM32CubeIDE\plugins\com.st.stm32cube.common.mx_6.9.1.202307191849\\db\/plugins/boardmanager/
2024-11-04 14:46:20,339 [INFO] ApiDb:261 - Set plugin images path to: C:\ST\STM32CubeIDE_1.4.0\STM32CubeIDE\plugins\com.st.stm32cube.common.mx_6.9.1.202307191849\\db\/plugins/mcufinder/images/
2024-11-04 14:46:20,339 [WARN] DbFile:41 - Overriding database path with different value: C:\Users\Minh\.stmcufinder\plugins\mcufinder/ => C:\Users\Minh\.stmcufinder\plugins\mcufinder
2024-11-04 14:46:20,340 [INFO] ApiDb:250 - Set database path to: C:\Users\Minh\.stmcufinder\plugins\mcufinder//mcu/
2024-11-04 14:46:20,340 [WARN] DbFile:41 - Overriding database path with different value: C:\Users\Minh\.stmcufinder\plugins\mcufinder/ => C:\Users\Minh\.stmcufinder\plugins\mcufinder
2024-11-04 14:46:20,340 [INFO] DbMcusAds:125 - Set database path to: C:\Users\Minh\.stmcufinder\plugins\mcufinder//mcu/
2024-11-04 14:46:20,341 [WARN] DbFile:41 - Overriding database path with different value: C:\Users\Minh\.stmcufinder\plugins\mcufinder/ => C:\Users\Minh\.stmcufinder\plugins\mcufinder
2024-11-04 14:46:20,341 [WARN] DbFile:41 - Overriding database path with different value: C:\Users\Minh\.stmcufinder\plugins\mcufinder/ => C:\Users\Minh\.stmcufinder\plugins\mcufinder
2024-11-04 14:46:20,341 [INFO] CrossReferenceDbSqlite:203 - Set database path to: C:\Users\Minh\.stmcufinder\plugins\mcufinder//mcu/cs/
2024-11-04 14:46:20,582 [INFO] MainPanel:262 - HeapMemory: 268435456
2024-11-04 14:46:20,799 [INFO] DbMcusXml:78 - Set database path to: C:\ST\STM32CubeIDE_1.4.0\STM32CubeIDE\plugins\com.st.stm32cube.common.mx_6.9.1.202307191849\\db\/mcu/
2024-11-04 14:46:20,800 [INFO] ApiDb:274 - Set plugin database path to: C:\ST\STM32CubeIDE_1.4.0\STM32CubeIDE\plugins\com.st.stm32cube.common.mx_6.9.1.202307191849\\db\/plugins/boardmanager/
2024-11-04 14:46:20,800 [INFO] ApiDb:261 - Set plugin images path to: C:\ST\STM32CubeIDE_1.4.0\STM32CubeIDE\plugins\com.st.stm32cube.common.mx_6.9.1.202307191849\\db\/plugins/mcufinder/images/
2024-11-04 14:46:20,801 [WARN] DbFile:41 - Overriding database path with different value: C:\Users\Minh\.stmcufinder\plugins\mcufinder/ => C:\Users\Minh\.stmcufinder\plugins\mcufinder
2024-11-04 14:46:20,802 [INFO] ApiDb:250 - Set database path to: C:\Users\Minh\.stmcufinder\plugins\mcufinder//mcu/
2024-11-04 14:46:20,802 [WARN] DbFile:41 - Overriding database path with different value: C:\Users\Minh\.stmcufinder\plugins\mcufinder/ => C:\Users\Minh\.stmcufinder\plugins\mcufinder
2024-11-04 14:46:20,802 [INFO] DbMcusAds:125 - Set database path to: C:\Users\Minh\.stmcufinder\plugins\mcufinder//mcu/
2024-11-04 14:46:20,803 [WARN] DbFile:41 - Overriding database path with different value: C:\Users\Minh\.stmcufinder\plugins\mcufinder/ => C:\Users\Minh\.stmcufinder\plugins\mcufinder
2024-11-04 14:46:20,803 [WARN] DbFile:41 - Overriding database path with different value: C:\Users\Minh\.stmcufinder\plugins\mcufinder/ => C:\Users\Minh\.stmcufinder\plugins\mcufinder
2024-11-04 14:46:20,803 [INFO] CrossReferenceDbSqlite:203 - Set database path to: C:\Users\Minh\.stmcufinder\plugins\mcufinder//mcu/cs/
2024-11-04 14:46:20,843 [INFO] ApplicationProperties:184 - Using Application install path: C:\ST\STM32CubeIDE_1.4.0\STM32CubeIDE\plugins\com.st.stm32cube.common.mx_6.9.1.202307191849
2024-11-04 14:46:20,846 [INFO] PluginManage:196 - Search for loadable plugins [exclusion list=, ]
2024-11-04 14:46:20,849 [INFO] PluginManage:310 - Check plugin analytics
2024-11-04 14:46:25,866 [INFO] AnalyticsPlugin:253 - Accepted Software Licenses: STM32CubeMX.6.0.0,STM32CubeMX.5.2.0
2024-11-04 14:46:25,866 [INFO] AnalyticsPlugin:255 - Accepted CMSIS Pack Licenses: 
2024-11-04 14:46:25,867 [INFO] AnalyticsPlugin:257 - Accepted Firmware Licenses: 
2024-11-04 14:46:25,873 [INFO] PluginManage:359 - Loaded plugin analytics (category:tool,tabindex:-1)
2024-11-04 14:46:25,874 [INFO] PluginManage:310 - Check plugin cadmodel
2024-11-04 14:46:25,914 [INFO] CADModel:105 - Init CAD model plugin
2024-11-04 14:46:25,914 [INFO] PluginManage:359 - Loaded plugin cadmodel (category:power,tabindex:5)
2024-11-04 14:46:25,915 [INFO] PluginManage:310 - Check plugin clock
2024-11-04 14:46:25,952 [INFO] PluginManage:359 - Loaded plugin clock (category:base,tabindex:2)
2024-11-04 14:46:25,952 [INFO] PluginManage:310 - Check plugin ddr
2024-11-04 14:46:25,956 [INFO] PluginManage:359 - Loaded plugin ddr (category:tool,tabindex:6)
2024-11-04 14:46:25,957 [INFO] PluginManage:310 - Check plugin filemanager
2024-11-04 14:46:26,264 [INFO] PluginManage:359 - Loaded plugin filemanager (category:base,tabindex:10)
2024-11-04 14:46:26,264 [INFO] PluginManage:310 - Check plugin ipmanager
2024-11-04 14:46:26,284 [INFO] PluginManage:359 - Loaded plugin ipmanager (category:base,tabindex:5)
2024-11-04 14:46:26,285 [INFO] PluginManage:310 - Check plugin lpbam
2024-11-04 14:46:26,342 [INFO] PluginManage:359 - Loaded plugin lpbam (category:base,tabindex:0)
2024-11-04 14:46:26,342 [INFO] PluginManage:310 - Check plugin memorymap
2024-11-04 14:46:26,410 [INFO] PluginManage:359 - Loaded plugin memorymap (category:base,tabindex:4)
2024-11-04 14:46:26,410 [INFO] PluginManage:310 - Check plugin pinoutandconfiguration
2024-11-04 14:46:26,462 [INFO] PluginManage:359 - Loaded plugin pinoutandconfiguration (category:base,tabindex:1)
2024-11-04 14:46:26,462 [INFO] PluginManage:310 - Check plugin pinoutconfig
2024-11-04 14:46:26,773 [WARN] SupportedApi:132 - Cannot load RTOS API schema: s4s-elt-must-match.1: The content of 'definitions' must match (annotation?, (simpleType | complexType)?, (unique | key | keyref)*)). A problem was found starting at: attribute.
2024-11-04 14:46:27,114 [INFO] PluginManage:359 - Loaded plugin pinoutconfig (category:base,tabindex:0)
2024-11-04 14:46:27,114 [INFO] PluginManage:310 - Check plugin power
2024-11-04 14:46:27,175 [INFO] PluginManage:359 - Loaded plugin power (category:power,tabindex:4)
2024-11-04 14:46:27,175 [INFO] PluginManage:310 - Check plugin projectmanager
2024-11-04 14:46:27,216 [INFO] PluginManage:359 - Loaded plugin projectmanager (category:projectmanager,tabindex:3)
2024-11-04 14:46:27,217 [INFO] PluginManage:310 - Check plugin thirdparty
2024-11-04 14:46:27,869 [WARN] IntegrityCheckThread:84 - waiting for thirdparty lock release [integrity check]
2024-11-04 14:46:27,870 [INFO] PluginManage:359 - Loaded plugin thirdparty (category:base,tabindex:-1)
2024-11-04 14:46:27,870 [INFO] IntegrityCheckThread:86 - entering critical section [integrity check]
2024-11-04 14:46:27,870 [INFO] PluginManage:310 - Check plugin tools
2024-11-04 14:46:27,871 [INFO] ThirdPartyUpdaterWithRetryManager:70 - Updater plugin not ready yet. [1/15]
2024-11-04 14:46:27,950 [INFO] PluginManage:359 - Loaded plugin tools (category:base,tabindex:7)
2024-11-04 14:46:27,950 [INFO] PluginManage:310 - Check plugin tutovideos
2024-11-04 14:46:28,362 [INFO] PluginManage:359 - Loaded plugin tutovideos (category:base,tabindex:-1)
2024-11-04 14:46:28,362 [INFO] PluginManage:310 - Check plugin updater
2024-11-04 14:46:28,385 [INFO] PluginManage:359 - Loaded plugin updater (category:base,tabindex:12)
2024-11-04 14:46:28,386 [INFO] PluginManage:310 - Check plugin userauth
2024-11-04 14:46:28,397 [INFO] UserAuth:113 - Init User Auth plugin
2024-11-04 14:46:28,397 [INFO] PluginManage:359 - Loaded plugin userauth (category:base,tabindex:14)
2024-11-04 14:46:28,398 [INFO] PluginManage:283 - PluginManage : Loaded plugins [17]
2024-11-04 14:46:29,147 [INFO] PinOutPanel:1499 - setPackage(No Configuration,No Configuration)
2024-11-04 14:46:29,481 [INFO] CADModel:165 - CPN selected for project level
2024-11-04 14:46:29,482 [INFO] CADModel:114 - Register for checkConnection events
2024-11-04 14:46:29,560 [INFO] IPUIPlugin:80 - create IPUIPlugin
2024-11-04 14:46:29,560 [INFO] PluginManager:220 - loadIPPluginJar : add adc
2024-11-04 14:46:29,668 [INFO] IPUIPlugin:80 - create IPUIPlugin
2024-11-04 14:46:29,668 [INFO] PluginManager:220 - loadIPPluginJar : add aes
2024-11-04 14:46:29,776 [INFO] IPUIPlugin:80 - create IPUIPlugin
2024-11-04 14:46:29,777 [INFO] PluginManager:220 - loadIPPluginJar : add can
2024-11-04 14:46:29,834 [INFO] IPUIPlugin:80 - create IPUIPlugin
2024-11-04 14:46:29,835 [INFO] PluginManager:220 - loadIPPluginJar : add comp
2024-11-04 14:46:29,918 [INFO] IPUIPlugin:80 - create IPUIPlugin
2024-11-04 14:46:29,918 [INFO] PluginManager:220 - loadIPPluginJar : add cryp
2024-11-04 14:46:30,000 [INFO] IPUIPlugin:80 - create IPUIPlugin
2024-11-04 14:46:30,001 [INFO] PluginManager:220 - loadIPPluginJar : add dfsdm
2024-11-04 14:46:30,042 [INFO] IPUIPlugin:80 - create IPUIPlugin
2024-11-04 14:46:30,043 [INFO] PluginManager:220 - loadIPPluginJar : add dma
2024-11-04 14:46:30,193 [INFO] IPUIPlugin:80 - create IPUIPlugin
2024-11-04 14:46:30,193 [INFO] PluginManager:220 - loadIPPluginJar : add dma3
2024-11-04 14:46:30,255 [INFO] IPUIPlugin:80 - create IPUIPlugin
2024-11-04 14:46:30,256 [INFO] PluginManager:220 - loadIPPluginJar : add fatfs
2024-11-04 14:46:30,389 [INFO] IPUIPlugin:80 - create IPUIPlugin
2024-11-04 14:46:30,389 [INFO] PluginManager:220 - loadIPPluginJar : add fmc
2024-11-04 14:46:30,430 [INFO] IPUIPlugin:80 - create IPUIPlugin
2024-11-04 14:46:30,431 [INFO] PluginManager:220 - loadIPPluginJar : add freertos
2024-11-04 14:46:30,487 [INFO] IPUIPlugin:80 - create IPUIPlugin
2024-11-04 14:46:30,487 [INFO] PluginManager:220 - loadIPPluginJar : add genericplugin
2024-11-04 14:46:30,758 [INFO] IPUIPlugin:80 - create IPUIPlugin
2024-11-04 14:46:30,758 [INFO] PluginManager:220 - loadIPPluginJar : add gfxmmu
2024-11-04 14:46:30,872 [INFO] ThirdPartyUpdaterWithRetryManager:70 - Updater plugin not ready yet. [2/15]
2024-11-04 14:46:31,155 [INFO] IPUIPlugin:80 - create IPUIPlugin
2024-11-04 14:46:31,155 [INFO] PluginManager:220 - loadIPPluginJar : add gic
2024-11-04 14:46:31,203 [INFO] IPUIPlugin:80 - create IPUIPlugin
2024-11-04 14:46:31,203 [INFO] PluginManager:220 - loadIPPluginJar : add gpio
2024-11-04 14:46:31,495 [INFO] IPUIPlugin:80 - create IPUIPlugin
2024-11-04 14:46:31,496 [INFO] PluginManager:220 - loadIPPluginJar : add gtzc
2024-11-04 14:46:31,591 [INFO] IPUIPlugin:80 - create IPUIPlugin
2024-11-04 14:46:31,591 [INFO] PluginManager:220 - loadIPPluginJar : add hash
2024-11-04 14:46:31,722 [INFO] IPUIPlugin:80 - create IPUIPlugin
2024-11-04 14:46:31,723 [INFO] PluginManager:220 - loadIPPluginJar : add i2c
2024-11-04 14:46:31,814 [INFO] IPUIPlugin:80 - create IPUIPlugin
2024-11-04 14:46:31,815 [INFO] PluginManager:220 - loadIPPluginJar : add i2s
2024-11-04 14:46:31,934 [INFO] IPUIPlugin:80 - create IPUIPlugin
2024-11-04 14:46:31,934 [INFO] PluginManager:220 - loadIPPluginJar : add i3c
2024-11-04 14:46:32,190 [INFO] IPUIPlugin:80 - create IPUIPlugin
2024-11-04 14:46:32,190 [INFO] PluginManager:220 - loadIPPluginJar : add ipddr
2024-11-04 14:46:32,407 [INFO] IPUIPlugin:80 - create IPUIPlugin
2024-11-04 14:46:32,407 [INFO] PluginManager:220 - loadIPPluginJar : add linkedlist
2024-11-04 14:46:32,482 [INFO] IPUIPlugin:80 - create IPUIPlugin
2024-11-04 14:46:32,482 [INFO] PluginManager:220 - loadIPPluginJar : add lorawan
2024-11-04 14:46:32,558 [INFO] IPUIPlugin:80 - create IPUIPlugin
2024-11-04 14:46:32,558 [INFO] PluginManager:220 - loadIPPluginJar : add ltdc
2024-11-04 14:46:32,588 [INFO] IPUIPlugin:80 - create IPUIPlugin
2024-11-04 14:46:32,589 [INFO] PluginManager:220 - loadIPPluginJar : add mdma
2024-11-04 14:46:32,613 [INFO] IPUIPlugin:80 - create IPUIPlugin
2024-11-04 14:46:32,614 [INFO] PluginManager:220 - loadIPPluginJar : add nvic
2024-11-04 14:46:32,694 [INFO] IPUIPlugin:80 - create IPUIPlugin
2024-11-04 14:46:32,695 [INFO] PluginManager:220 - loadIPPluginJar : add opamp
2024-11-04 14:46:32,826 [INFO] IPUIPlugin:80 - create IPUIPlugin
2024-11-04 14:46:32,827 [INFO] PluginManager:220 - loadIPPluginJar : add openamp
2024-11-04 14:46:32,917 [INFO] IPUIPlugin:80 - create IPUIPlugin
2024-11-04 14:46:32,918 [INFO] PluginManager:220 - loadIPPluginJar : add pdm2pcm
2024-11-04 14:46:32,951 [INFO] IPUIPlugin:80 - create IPUIPlugin
2024-11-04 14:46:32,956 [INFO] PluginManager:220 - loadIPPluginJar : add plateformsettings
2024-11-04 14:46:33,007 [INFO] IPUIPlugin:80 - create IPUIPlugin
2024-11-04 14:46:33,008 [INFO] PluginManager:220 - loadIPPluginJar : add quadspi
2024-11-04 14:46:33,035 [INFO] IPUIPlugin:80 - create IPUIPlugin
2024-11-04 14:46:33,035 [INFO] PluginManager:220 - loadIPPluginJar : add resmgrutility
2024-11-04 14:46:33,133 [INFO] IPUIPlugin:80 - create IPUIPlugin
2024-11-04 14:46:33,134 [INFO] PluginManager:220 - loadIPPluginJar : add sai
2024-11-04 14:46:33,213 [INFO] IPUIPlugin:80 - create IPUIPlugin
2024-11-04 14:46:33,214 [INFO] PluginManager:220 - loadIPPluginJar : add spi
2024-11-04 14:46:33,342 [INFO] IPUIPlugin:80 - create IPUIPlugin
2024-11-04 14:46:33,342 [INFO] PluginManager:220 - loadIPPluginJar : add stm32_wpan
2024-11-04 14:46:33,393 [INFO] IPUIPlugin:80 - create IPUIPlugin
2024-11-04 14:46:33,393 [INFO] PluginManager:220 - loadIPPluginJar : add tim
2024-11-04 14:46:33,511 [INFO] IPUIPlugin:80 - create IPUIPlugin
2024-11-04 14:46:33,511 [INFO] PluginManager:220 - loadIPPluginJar : add touchsensing
2024-11-04 14:46:33,554 [INFO] IPUIPlugin:80 - create IPUIPlugin
2024-11-04 14:46:33,555 [INFO] PluginManager:220 - loadIPPluginJar : add tracer_emb
2024-11-04 14:46:33,613 [INFO] IPUIPlugin:80 - create IPUIPlugin
2024-11-04 14:46:33,614 [INFO] PluginManager:220 - loadIPPluginJar : add ts
2024-11-04 14:46:33,659 [INFO] IPUIPlugin:80 - create IPUIPlugin
2024-11-04 14:46:33,660 [INFO] PluginManager:220 - loadIPPluginJar : add tsc
2024-11-04 14:46:33,703 [INFO] IPUIPlugin:80 - create IPUIPlugin
2024-11-04 14:46:33,703 [INFO] PluginManager:220 - loadIPPluginJar : add ucpd
2024-11-04 14:46:33,805 [INFO] IPUIPlugin:80 - create IPUIPlugin
2024-11-04 14:46:33,805 [INFO] PluginManager:220 - loadIPPluginJar : add usart
2024-11-04 14:46:33,872 [INFO] ThirdPartyUpdaterWithRetryManager:70 - Updater plugin not ready yet. [3/15]
2024-11-04 14:46:33,905 [INFO] IPUIPlugin:80 - create IPUIPlugin
2024-11-04 14:46:33,906 [INFO] PluginManager:220 - loadIPPluginJar : add usbx
2024-11-04 14:46:34,100 [INFO] CADModel:165 - CPN selected for project level
2024-11-04 14:46:34,100 [INFO] CADModel:114 - Register for checkConnection events
2024-11-04 14:46:34,100 [FATAL] Updater:308 - Updater called before beeing initialized
2024-11-04 14:46:34,101 [ERROR] CADModel:125 - Updater not yet initialized, retry later 
2024-11-04 14:46:34,412 [INFO] CADModel:165 - CPN selected for project level
2024-11-04 14:46:34,412 [INFO] CADModel:114 - Register for checkConnection events
2024-11-04 14:46:34,412 [FATAL] Updater:308 - Updater called before beeing initialized
2024-11-04 14:46:34,413 [ERROR] CADModel:125 - Updater not yet initialized, retry later 
2024-11-04 14:46:34,420 [FATAL] Updater:308 - Updater called before beeing initialized
2024-11-04 14:46:34,720 [FATAL] Updater:308 - Updater called before beeing initialized
2024-11-04 14:46:34,737 [INFO] DbMcusAds:53 - JSON generation date=Wed Nov 29 19:52:27 JST 2023 (1701255147200)
2024-11-04 14:46:34,737 [FATAL] Updater:308 - Updater called before beeing initialized
2024-11-04 14:46:34,948 [WARN] DetailPanel:346 - Failed to get advertising image, set to default
2024-11-04 14:46:35,185 [FATAL] Updater:308 - Updater called before beeing initialized
2024-11-04 14:46:35,188 [FATAL] Updater:308 - Updater called before beeing initialized
2024-11-04 14:46:35,189 [FATAL] Updater:308 - Updater called before beeing initialized
2024-11-04 14:46:35,189 [WARN] DetailPanel:346 - Failed to get advertising image, set to default
2024-11-04 14:46:35,190 [FATAL] Updater:308 - Updater called before beeing initialized
2024-11-04 14:46:35,334 [ERROR] Updater:1120 - MainUpdater not yet initialized. External WinMGr cannot be set.
2024-11-04 14:46:35,362 [INFO] Updater:1056 - Updater Version found : 6.9.1
2024-11-04 14:46:35,405 [INFO] ApplicationProperties:184 - Using Application install path: C:\ST\STM32CubeIDE_1.4.0\STM32CubeIDE\plugins\com.st.stm32cube.common.mx_6.9.1.202307191849
2024-11-04 14:46:35,731 [INFO] MainUpdater:2868 - connection check result : 10
2024-11-04 14:46:35,732 [INFO] MainUpdater:3562 - Updater definition file requires update
2024-11-04 14:46:35,735 [INFO] MainUpdater:285 - Updater Check For Update Now.
2024-11-04 14:46:35,735 [INFO] MicroXplorer:498 - Change Database Version : DB.6.0.91
2024-11-04 14:46:35,774 [INFO] McuFinderGlobals:63 - Set McuFinder mode to 2 (CubeIDE integrated)
2024-11-04 14:46:35,775 [INFO] UserAuth:179 - activating auth plugin
2024-11-04 14:46:35,781 [INFO] ServerAccessManage:473 - Download File updaters.zip
2024-11-04 14:46:35,783 [INFO] UserAuth:393 - Internet connection configuration mode: 1
2024-11-04 14:46:35,848 [INFO] JxBrowserEngine:151 - Initiate JxBrowser Engine with user profile folder
2024-11-04 14:46:35,967 [INFO] FileExtend:240 - Unzip File : updaters.zip
2024-11-04 14:46:35,968 [INFO] FileExtend:255 - Standard Zip Deflate
2024-11-04 14:46:36,825 [INFO] ServerAccessManage:473 - Download File PacksControlFlags.xml
2024-11-04 14:46:36,873 [WARN] MainUpdater:1189 - Updater busy. Cannot search thirdparties
2024-11-04 14:46:36,874 [INFO] ThirdPartyUpdaterWithRetryManager:96 - Updater plugin is busy. [1/15]
2024-11-04 14:46:36,971 [INFO] ServerAccessManage:473 - Download File cubemx.pidx
2024-11-04 14:46:37,378 [INFO] LoadServerUpdatesThread:373 - End of LoadServerUpdate Thread
2024-11-04 14:46:37,751 [INFO] CheckServerUpdateThread:120 - End of CheckServer Thread
2024-11-04 14:46:38,385 [INFO] WebApp:157 - Instantiating new browser for Auth
2024-11-04 14:46:40,070 [INFO] WebApp:753 - Register for checkConnection events
2024-11-04 14:46:40,070 [INFO] WebApp:390 - Apply proxy settings
2024-11-04 14:46:40,071 [INFO] WebApp:475 - Chromium requires no authentication
2024-11-04 14:46:40,100 [INFO] WebApp:418 - Direct internet connection detected
2024-11-04 14:46:40,726 [INFO] WebApp:188 - Starting web application
2024-11-04 14:46:40,727 [INFO] WebApp:520 - Web application path used C:\ST\STM32CubeIDE_1.4.0\STM32CubeIDE\plugins\com.st.stm32cube.common.mx_6.9.1.202307191849\db\plugins\mcufinder\reactClient1\index.html
2024-11-04 14:46:40,792 [WARN] PackLoader:240 - Cannot read IP mode file for STMicroelectronics.FP-SNS-MOTENVWB1.1.4.0
2024-11-04 14:46:40,835 [WARN] PackLoader:240 - Cannot read IP mode file for STMicroelectronics.X-CUBE-SMBUS.2.1.0
2024-11-04 14:46:40,864 [WARN] PackLoader:240 - Cannot read IP mode file for STMicroelectronics.X-CUBE-WB05N.1.1.0
2024-11-04 14:46:40,882 [WARN] PackLoader:240 - Cannot read IP mode file for STMicroelectronics.X-CUBE-TOUCHGFX.4.23.0
2024-11-04 14:46:40,898 [WARN] PackLoader:240 - Cannot read IP mode file for STMicroelectronics.X-CUBE-TOUCHGFX.4.23.2
2024-11-04 14:46:41,002 [WARN] PackLoader:240 - Cannot read IP mode file for STMicroelectronics.X-CUBE-AZRTOS-F7.1.1.0
2024-11-04 14:46:41,032 [ERROR] RealEvaluatedCondition:428 - Found unsupported composite condition: GROUP='STM32_MetaDataManager' CLASS='Data Exchange'
2024-11-04 14:46:41,033 [ERROR] RealEvaluatedCondition:428 - Found unsupported composite condition: GROUP='STM32_MetaDataManager' CLASS='Data Exchange'
2024-11-04 14:46:41,040 [WARN] PackLoader:240 - Cannot read IP mode file for STMicroelectronics.FP-SNS-MOTENV1.4.3.0
2024-11-04 14:46:41,062 [WARN] PackLoader:240 - Cannot read IP mode file for STMicroelectronics.FP-SNS-MOTENV1.4.3.2
2024-11-04 14:46:41,082 [WARN] PackLoader:240 - Cannot read IP mode file for STMicroelectronics.FP-SNS-FLIGHT1.5.0.0
2024-11-04 14:46:41,093 [ERROR] RealEvaluatedCondition:428 - Found unsupported composite condition: GROUP='STM32_MetaDataManager' CLASS='Data Exchange'
2024-11-04 14:46:41,093 [ERROR] RealEvaluatedCondition:428 - Found unsupported composite condition: CLASS='Data Exchange' GROUP='STM32_MetaDataManager'
2024-11-04 14:46:41,098 [WARN] PackLoader:240 - Cannot read IP mode file for STMicroelectronics.FP-SNS-MOTENV1.4.3.1
2024-11-04 14:46:41,115 [WARN] PackLoader:240 - Cannot read IP mode file for STMicroelectronics.FP-SNS-FLIGHT1.5.0.1
2024-11-04 14:46:41,364 [WARN] PackLoader:240 - Cannot read IP mode file for STMicroelectronics.X-CUBE-MEMS1.11.0.0
2024-11-04 14:46:42,039 [WARN] PackLoader:240 - Cannot read IP mode file for STMicroelectronics.X-CUBE-BLE1.6.2.4
2024-11-04 14:46:42,055 [WARN] PackLoader:240 - Cannot read IP mode file for STMicroelectronics.FP-SNS-FLIGHT1.5.0.2
2024-11-04 14:46:42,077 [WARN] PackLoader:240 - Cannot read IP mode file for STMicroelectronics.X-CUBE-DISPLAY.3.0.0
2024-11-04 14:46:42,100 [WARN] PackLoader:240 - Cannot read IP mode file for STMicroelectronics.X-CUBE-BLE1.7.0.0
2024-11-04 14:46:42,120 [WARN] PackLoader:240 - Cannot read IP mode file for STMicroelectronics.X-CUBE-NFC10.1.0.0
2024-11-04 14:46:42,136 [WARN] PackLoader:240 - Cannot read IP mode file for STMicroelectronics.X-CUBE-TOUCHGFX.4.22.0
2024-11-04 14:46:42,143 [WARN] PackLoader:240 - Cannot read IP mode file for STMicroelectronics.X-CUBE-TOUCHGFX.4.22.1
2024-11-04 14:46:42,174 [WARN] PackLoader:240 - Cannot read IP mode file for STMicroelectronics.X-CUBE-BLEMGR.3.1.0
2024-11-04 14:46:42,193 [WARN] PackLoader:240 - Cannot read IP mode file for STMicroelectronics.FP-SNS-SMARTAG2.1.2.0
2024-11-04 14:46:42,222 [INFO] LogOutputStream:77 - [STDOUT_REDIRECT] 1 : Invalid condition id : UX_CORESTACK_Condition cause : null
2024-11-04 14:46:42,223 [INFO] LogOutputStream:77 - [STDOUT_REDIRECT] 1 : Invalid condition id : UX_CORESTACK_Condition cause : null
2024-11-04 14:46:42,229 [INFO] LogOutputStream:77 - [STDOUT_REDIRECT] 1 : Invalid condition id : UX_CORESTACK_Condition cause : null
2024-11-04 14:46:42,234 [INFO] LogOutputStream:77 - [STDOUT_REDIRECT] 1 : Invalid condition id : UX_CORESTACK_Condition cause : null
2024-11-04 14:46:42,239 [INFO] LogOutputStream:77 - [STDOUT_REDIRECT] 1 : Invalid condition id : UX_CORESTACK_Condition cause : null
2024-11-04 14:46:42,253 [WARN] PackLoader:240 - Cannot read IP mode file for STMicroelectronics.X-CUBE-AZRTOS-WL.2.0.0
2024-11-04 14:46:42,271 [WARN] PackLoader:240 - Cannot read IP mode file for STMicroelectronics.FP-SNS-MOTENV1.5.0.0
2024-11-04 14:46:42,286 [WARN] PackLoader:240 - Cannot read IP mode file for wolfSSL.I-CUBE-wolfMQTT.1.19.0
2024-11-04 14:46:42,307 [WARN] PackLoader:240 - Cannot read IP mode file for WES.I-CUBE-Cesium.1.3.0
2024-11-04 14:46:42,320 [WARN] PackLoader:240 - Cannot read IP mode file for STMicroelectronics.X-CUBE-BLE2.3.3.0
2024-11-04 14:46:42,351 [WARN] PackLoader:240 - Cannot read IP mode file for STMicroelectronics.X-CUBE-TOF1.3.2.0
2024-11-04 14:46:42,389 [WARN] PackLoader:240 - Cannot read IP mode file for STMicroelectronics.X-CUBE-NFC9.1.0.0
2024-11-04 14:46:42,409 [WARN] PackLoader:240 - Cannot read IP mode file for STMicroelectronics.X-CUBE-TCPP.4.1.0
2024-11-04 14:46:42,422 [WARN] PackLoader:240 - Cannot read IP mode file for STMicroelectronics.X-CUBE-TOUCHGFX.4.21.1
2024-11-04 14:46:42,429 [WARN] PackLoader:240 - Cannot read IP mode file for STMicroelectronics.X-CUBE-TOUCHGFX.4.21.3
2024-11-04 14:46:42,436 [WARN] PackLoader:240 - Cannot read IP mode file for STMicroelectronics.X-CUBE-TOUCHGFX.4.21.4
2024-11-04 14:46:42,453 [WARN] PackLoader:240 - Cannot read IP mode file for STMicroelectronics.X-CUBE-ALGOBUILD.1.3.0
2024-11-04 14:46:42,512 [WARN] PackLoader:240 - Cannot read IP mode file for STMicroelectronics.X-CUBE-AZRTOS-G0.1.1.0
2024-11-04 14:46:42,538 [WARN] PackLoader:240 - Cannot read IP mode file for STMicroelectronics.X-CUBE-SAFEA1.1.2.2
2024-11-04 14:46:42,556 [WARN] PackLoader:240 - Cannot read IP mode file for STMicroelectronics.X-CUBE-NFC4.3.0.0
2024-11-04 14:46:42,570 [ERROR] Engine:466 - C:\Users\Minh\.stm32cubemx\thirdparties\pdsc\EmbeddedOffice.I-CUBE-FS-RTOS.1.0.1.pdsc: PDSC version is not supported
2024-11-04 14:46:42,593 [WARN] PackLoader:240 - Cannot read IP mode file for STMicroelectronics.X-CUBE-BLEMGR.3.0.0
2024-11-04 14:46:42,606 [ERROR] Engine:466 - C:\Users\Minh\.stm32cubemx\thirdparties\pdsc\RealThread.X-CUBE-RT-Thread_Nano.4.1.1.pdsc: PDSC version is not supported
2024-11-04 14:46:42,616 [WARN] PackLoader:240 - Cannot read IP mode file for STMicroelectronics.FP-ATR-SIGFOX1.3.2.0
2024-11-04 14:46:42,634 [WARN] PackLoader:240 - Cannot read IP mode file for STMicroelectronics.X-CUBE-EEPRMA1.5.1.0
2024-11-04 14:46:42,779 [WARN] PackLoader:240 - Cannot read IP mode file for STMicroelectronics.X-CUBE-MEMS1.9.5.0
2024-11-04 14:46:43,266 [WARN] PackLoader:240 - Cannot read IP mode file for SEGGER.I-CUBE-embOS.1.3.1
2024-11-04 14:46:43,380 [WARN] PackLoader:240 - Cannot read IP mode file for STMicroelectronics.X-CUBE-ALGOBUILD.1.4.0
2024-11-04 14:46:43,392 [WARN] PackLoader:240 - Cannot read IP mode file for STMicroelectronics.X-CUBE-AI.9.1.0
2024-11-04 14:46:43,407 [WARN] PackLoader:240 - Cannot read IP mode file for STMicroelectronics.X-CUBE-GNSS1.6.0.0
2024-11-04 14:46:43,454 [WARN] PackLoader:240 - Cannot read IP mode file for STMicroelectronics.X-CUBE-AZRTOS-F4.1.1.0
2024-11-04 14:46:43,473 [WARN] PackLoader:240 - Cannot read IP mode file for STMicroelectronics.X-CUBE-ISPU.2.1.0
2024-11-04 14:46:43,489 [WARN] PackLoader:240 - Cannot read IP mode file for STMicroelectronics.X-CUBE-FREERTOS.1.2.0
2024-11-04 14:46:43,540 [WARN] PackLoader:240 - Cannot read IP mode file for STMicroelectronics.X-CUBE-AZRTOS-L5.2.0.0
2024-11-04 14:46:43,671 [WARN] PackLoader:240 - Cannot read IP mode file for STMicroelectronics.X-CUBE-MEMS1.9.6.0
2024-11-04 14:46:44,069 [WARN] PackLoader:240 - Cannot read IP mode file for STMicroelectronics.X-CUBE-EEPRMA1.4.2.0
2024-11-04 14:46:44,091 [WARN] PackLoader:240 - Cannot read IP mode file for STMicroelectronics.X-CUBE-NFC6.3.1.0
2024-11-04 14:46:44,111 [WARN] PackLoader:240 - Cannot read IP mode file for ITTIA_DB.I-CUBE-ITTIADB.8.8.0
2024-11-04 14:46:44,129 [WARN] PackLoader:240 - Cannot read IP mode file for emotas.I-CUBE-CANOPEN.1.1.3
2024-11-04 14:46:44,148 [WARN] PackLoader:240 - Cannot read IP mode file for STMicroelectronics.X-CUBE-BLEMGR.2.0.0
2024-11-04 14:46:44,159 [ERROR] Engine:466 - C:\Users\Minh\.stm32cubemx\thirdparties\pdsc\STMicroelectronics.X-CUBE-DPower.1.2.0.pdsc: PDSC version is not supported
2024-11-04 14:46:44,167 [WARN] PackLoader:240 - Cannot read IP mode file for STMicroelectronics.X-CUBE-AI.9.0.0
2024-11-04 14:46:44,208 [WARN] ConditionMgr:438 - getConditionDescription Invalid condition id : UX DEVICE CLASS RTOS Condition cause : null
2024-11-04 14:46:44,208 [WARN] ConditionMgr:438 - getConditionDescription Invalid condition id : UX DEVICE CLASS RTOS Condition cause : null
2024-11-04 14:46:44,217 [WARN] PackLoader:240 - Cannot read IP mode file for STMicroelectronics.X-CUBE-AZRTOS-H7.3.1.0
2024-11-04 14:46:44,220 [WARN] ConditionMgr:1039 - genDependencies : Invalid condition id : UX DEVICE CLASS RTOS Condition cause : null
2024-11-04 14:46:44,220 [WARN] ConditionMgr:1039 - genDependencies : Invalid condition id : UX DEVICE CLASS RTOS Condition cause : null
2024-11-04 14:46:44,222 [WARN] ConditionMgr:1039 - genDependencies : Invalid condition id : UX DEVICE CLASS RTOS Condition cause : null
2024-11-04 14:46:44,223 [WARN] ConditionMgr:1039 - genDependencies : Invalid condition id : UX DEVICE CLASS RTOS Condition cause : null
2024-11-04 14:46:44,223 [WARN] ConditionMgr:1039 - genDependencies : Invalid condition id : UX DEVICE CLASS RTOS Condition cause : null
2024-11-04 14:46:44,235 [WARN] PackLoader:240 - Cannot read IP mode file for wolfSSL.I-CUBE-wolfSSL.5.5.4
2024-11-04 14:46:44,249 [WARN] PackLoader:240 - Cannot read IP mode file for STMicroelectronics.X-CUBE-NFC7.1.0.1
2024-11-04 14:46:44,261 [WARN] PackLoader:240 - Cannot read IP mode file for STMicroelectronics.X-CUBE-NFC7.1.0.0
2024-11-04 14:46:44,271 [WARN] PackLoader:240 - Cannot read IP mode file for wolfSSL.I-CUBE-wolfTPM.3.2.0
2024-11-04 14:46:44,287 [WARN] PackLoader:240 - Cannot read IP mode file for STMicroelectronics.X-CUBE-NFC6.3.0.0
2024-11-04 14:46:44,304 [WARN] PackLoader:240 - Cannot read IP mode file for STMicroelectronics.X-CUBE-EEPRMA1.4.1.0
2024-11-04 14:46:44,315 [WARN] PackLoader:240 - Cannot read IP mode file for STMicroelectronics.X-CUBE-AI.8.1.0
2024-11-04 14:46:44,360 [WARN] ConditionMgr:438 - getConditionDescription Invalid condition id : LAN8742 Phy interface Condition cause : null
2024-11-04 14:46:44,362 [WARN] PackLoader:240 - Cannot read IP mode file for STMicroelectronics.X-CUBE-AZRTOS-L4.2.0.0
2024-11-04 14:46:44,365 [WARN] ConditionMgr:1039 - genDependencies : Invalid condition id : LAN8742 Phy interface Condition cause : null
2024-11-04 14:46:44,366 [WARN] ConditionMgr:1039 - genDependencies : Invalid condition id : LAN8742 Phy interface Condition cause : null
2024-11-04 14:46:44,367 [WARN] ConditionMgr:1039 - genDependencies : Invalid condition id : LAN8742 Phy interface Condition cause : null
2024-11-04 14:46:44,386 [WARN] PackLoader:240 - Cannot read IP mode file for STMicroelectronics.X-CUBE-SFXS2LP1.4.0.0
2024-11-04 14:46:44,575 [WARN] PackLoader:240 - Cannot read IP mode file for STMicroelectronics.X-CUBE-AZRTOS-H7.3.0.0
2024-11-04 14:46:44,605 [WARN] PackLoader:240 - Cannot read IP mode file for STMicroelectronics.X-CUBE-ISPU.1.1.0
2024-11-04 14:46:44,694 [WARN] PackLoader:240 - Cannot read IP mode file for STMicroelectronics.X-CUBE-AZRTOS-H7.3.3.0
2024-11-04 14:46:44,719 [WARN] PackLoader:240 - Cannot read IP mode file for RoweBots.I-CUBE-UNISONRTOS.5.5.0-4
2024-11-04 14:46:44,731 [WARN] PackLoader:240 - Cannot read IP mode file for STMicroelectronics.X-CUBE-AI.8.0.0
2024-11-04 14:46:44,743 [ERROR] Engine:466 - C:\Users\Minh\.stm32cubemx\thirdparties\pdsc\STMicroelectronics.X-CUBE-IPS.3.0.0.pdsc: PDSC version is not supported
2024-11-04 14:46:44,776 [WARN] ConditionMgr:438 - getConditionDescription Invalid condition id : UX DEVICE CLASS RTOS Condition cause : null
2024-11-04 14:46:44,777 [WARN] ConditionMgr:438 - getConditionDescription Invalid condition id : UX DEVICE CLASS RTOS Condition cause : null
2024-11-04 14:46:44,783 [WARN] PackLoader:240 - Cannot read IP mode file for STMicroelectronics.X-CUBE-AZRTOS-WB.2.0.0
2024-11-04 14:46:44,785 [WARN] ConditionMgr:1039 - genDependencies : Invalid condition id : UX DEVICE CLASS RTOS Condition cause : null
2024-11-04 14:46:44,785 [WARN] ConditionMgr:1039 - genDependencies : Invalid condition id : UX DEVICE CLASS RTOS Condition cause : null
2024-11-04 14:46:44,786 [WARN] ConditionMgr:1039 - genDependencies : Invalid condition id : UX DEVICE CLASS RTOS Condition cause : null
2024-11-04 14:46:44,787 [WARN] ConditionMgr:1039 - genDependencies : Invalid condition id : UX DEVICE CLASS RTOS Condition cause : null
2024-11-04 14:46:44,787 [WARN] ConditionMgr:1039 - genDependencies : Invalid condition id : UX DEVICE CLASS RTOS Condition cause : null
2024-11-04 14:46:44,799 [WARN] PackLoader:240 - Cannot read IP mode file for STMicroelectronics.X-CUBE-FREERTOS.1.0.0
2024-11-04 14:46:44,810 [WARN] PackLoader:240 - Cannot read IP mode file for STMicroelectronics.X-CUBE-FREERTOS.1.0.1
2024-11-04 14:46:44,821 [WARN] PackLoader:240 - Cannot read IP mode file for STMicroelectronics.X-CUBE-GNSS1.7.0.0
2024-11-04 14:46:44,832 [ERROR] Engine:466 - C:\Users\Minh\.stm32cubemx\thirdparties\pdsc\STMicroelectronics.FP-SNS-STBOX1.2.0.0.pdsc: PDSC version is not supported
2024-11-04 14:46:44,866 [WARN] PackLoader:240 - Cannot read IP mode file for STMicroelectronics.X-CUBE-AZRTOS-L5.1.1.0
2024-11-04 14:46:44,880 [WARN] PackLoader:240 - Cannot read IP mode file for STMicroelectronics.X-CUBE-AI.8.0.1
2024-11-04 14:46:44,904 [WARN] PackLoader:240 - Cannot read IP mode file for STMicroelectronics.X-CUBE-SUBG2.5.0.0
2024-11-04 14:46:44,930 [WARN] PackLoader:240 - Cannot read IP mode file for Cesanta.I-CUBE-Mongoose.7.13.0
2024-11-04 14:46:44,952 [WARN] PackLoader:240 - Cannot read IP mode file for STMicroelectronics.X-CUBE-TOF1.3.3.1
2024-11-04 14:46:45,017 [WARN] PackLoader:240 - Cannot read IP mode file for STMicroelectronics.X-CUBE-AZRTOS-G4.2.0.0
2024-11-04 14:46:45,045 [WARN] PackLoader:240 - Cannot read IP mode file for STMicroelectronics.X-CUBE-TOF1.3.3.0
2024-11-04 14:46:45,074 [WARN] PackLoader:240 - Cannot read IP mode file for STMicroelectronics.FP-ATR-ASTRA1.1.1.1
2024-11-04 14:46:45,122 [WARN] PackLoader:240 - Cannot read IP mode file for Infineon.AIROC-Wi-Fi-Bluetooth-STM32.1.5.1
2024-11-04 14:46:45,140 [WARN] PackLoader:240 - Cannot read IP mode file for STMicroelectronics.FP-SNS-MOTENVWB1.1.3.0
2024-11-04 14:46:45,150 [WARN] PackLoader:240 - Cannot read IP mode file for STMicroelectronics.FP-SNS-MOTENVWB1.1.3.1
2024-11-04 14:46:45,182 [WARN] PackLoader:240 - Cannot read IP mode file for STMicroelectronics.X-CUBE-AZRTOS-G4.1.0.0
2024-11-04 14:46:45,222 [WARN] PackLoader:240 - Cannot read IP mode file for STMicroelectronics.X-CUBE-AZRTOS-L4.1.0.0
2024-11-04 14:46:45,236 [WARN] PackLoader:240 - Cannot read IP mode file for STMicroelectronics.X-CUBE-ISPU.2.0.0
2024-11-04 14:46:45,246 [WARN] PackLoader:240 - Cannot read IP mode file for STMicroelectronics.X-CUBE-ALS.1.0.2
2024-11-04 14:46:45,449 [WARN] PackLoader:240 - Cannot read IP mode file for STMicroelectronics.X-CUBE-MEMS1.10.0.0
2024-11-04 14:46:45,817 [WARN] PackLoader:240 - Cannot read IP mode file for STMicroelectronics.X-CUBE-FREERTOS.1.1.0
2024-11-04 14:46:45,824 [WARN] PackLoader:240 - Cannot read IP mode file for STMicroelectronics.X-CUBE-TOUCHGFX.4.24.0
2024-11-04 14:46:45,847 [WARN] PackLoader:240 - Cannot read IP mode file for STMicroelectronics.X-CUBE-AZRTOS-WL.1.0.0
2024-11-04 14:46:45,856 [WARN] PackLoader:240 - Cannot read IP mode file for STMicroelectronics.X-CUBE-TOUCHGFX.4.24.1
2024-11-04 14:46:45,868 [WARN] PackLoader:240 - Cannot read IP mode file for portGmbH.I-Cube-SoM-uGOAL.1.1.0
2024-11-04 14:46:45,875 [WARN] PackLoader:240 - Cannot read IP mode file for STMicroelectronics.X-CUBE-ALS.1.0.1
2024-11-04 14:46:45,904 [WARN] PackLoader:240 - Cannot read IP mode file for STMicroelectronics.X-CUBE-AZRTOS-WB.1.1.0
2024-11-04 14:46:45,950 [WARN] PackLoader:240 - Cannot read IP mode file for STMicroelectronics.X-CUBE-AZRTOS-H7RS.1.0.0
2024-11-04 14:46:45,959 [WARN] PackLoader:240 - Cannot read IP mode file for STMicroelectronics.FP-ATR-ASTRA1.2.0.0
2024-11-04 14:46:45,971 [ERROR] Engine:466 - C:\Users\Minh\.stm32cubemx\thirdparties\pdsc\STMicroelectronics.X-CUBE-TOF1.3.4.2.pdsc: PDSC version is not supported
2024-11-04 14:46:45,993 [WARN] PackLoader:240 - Cannot read IP mode file for STMicroelectronics.X-CUBE-TOF1.3.4.0
2024-11-04 14:46:46,043 [WARN] PackLoader:240 - Cannot read IP mode file for STMicroelectronics.X-CUBE-TOF1.3.4.1
2024-11-04 14:46:46,117 [WARN] PackLoader:240 - Cannot read IP mode file for STMicroelectronics.X-CUBE-AZRTOS-H7.3.2.0
2024-11-04 14:46:46,134 [WARN] PackLoader:240 - Cannot read IP mode file for wolfSSL.I-CUBE-wolfSSH.1.4.17
2024-11-04 14:46:46,136 [INFO] ThirdParty:978 - Integrity check success = true
2024-11-04 14:46:46,137 [INFO] IntegrityCheckThread:100 - exiting critical section [integrity check]
2024-11-04 14:46:46,137 [INFO] IntegrityCheckThread:103 - End integrity checks thread
2024-11-04 14:52:54,163 [ERROR] LogOutputStream:75 - [STDERR_REDIRECT] SLF4J: Failed to load class "org.slf4j.impl.StaticLoggerBinder".
2024-11-04 14:52:54,164 [ERROR] LogOutputStream:75 - [STDERR_REDIRECT] SLF4J: Defaulting to no-operation (NOP) logger implementation
2024-11-04 14:52:54,167 [ERROR] LogOutputStream:75 - [STDERR_REDIRECT] SLF4J: See http://www.slf4j.org/codes.html#StaticLoggerBinder for further details.
