2025-01-01 10:15:59,488 [INFO] Activator:176 - 


2025-01-01 10:15:59,509 [INFO] Activator:177 - !SESSION log4j initialized
2025-01-01 10:16:20,904 [INFO] LogOutputStream:77 - [STDOUT_REDIRECT] 
2025-01-01 10:16:27,530 [INFO] ApplicationProperties:184 - Using Application install path: C:\ST\STM32CubeIDE_1.4.0\STM32CubeIDE\plugins\com.st.stm32cube.common.mx_6.9.1.202307191849
2025-01-01 10:16:27,576 [INFO] DbMcusXml:78 - Set database path to: C:\ST\STM32CubeIDE_1.4.0\STM32CubeIDE\plugins\com.st.stm32cube.common.mx_6.9.1.202307191849\\db\/mcu/
2025-01-01 10:16:27,577 [INFO] ApiDb:274 - Set plugin database path to: C:\ST\STM32CubeIDE_1.4.0\STM32CubeIDE\plugins\com.st.stm32cube.common.mx_6.9.1.202307191849\\db\/plugins/boardmanager/
2025-01-01 10:16:27,578 [WARN] ApiDb:259 - Overriding images path with different value:  => C:\ST\STM32CubeIDE_1.4.0\STM32CubeIDE\plugins\com.st.stm32cube.common.mx_6.9.1.202307191849\\db\/plugins/mcufinder/images/
2025-01-01 10:16:27,607 [INFO] ApiDb:250 - Set database path to: C:\Users\Minh\.stmcufinder\plugins\mcufinder//mcu/
2025-01-01 10:16:27,611 [INFO] DbMcusAds:125 - Set database path to: C:\Users\Minh\.stmcufinder\plugins\mcufinder//mcu/
2025-01-01 10:16:27,619 [INFO] CrossReferenceDbSqlite:203 - Set database path to: C:\Users\Minh\.stmcufinder\plugins\mcufinder//mcu/cs/
2025-01-01 10:16:28,033 [INFO] RulesReader:64 - Compatibility file has been processed (293 Rules)
2025-01-01 10:16:28,329 [INFO] DbMcusXml:78 - Set database path to: C:\ST\STM32CubeIDE_1.4.0\STM32CubeIDE\plugins\com.st.stm32cube.common.mx_6.9.1.202307191849\\db\/mcu/
2025-01-01 10:16:28,330 [INFO] ApiDb:274 - Set plugin database path to: C:\ST\STM32CubeIDE_1.4.0\STM32CubeIDE\plugins\com.st.stm32cube.common.mx_6.9.1.202307191849\\db\/plugins/boardmanager/
2025-01-01 10:16:28,331 [INFO] ApiDb:261 - Set plugin images path to: C:\ST\STM32CubeIDE_1.4.0\STM32CubeIDE\plugins\com.st.stm32cube.common.mx_6.9.1.202307191849\\db\/plugins/mcufinder/images/
2025-01-01 10:16:28,332 [WARN] DbFile:41 - Overriding database path with different value: C:\Users\Minh\.stmcufinder\plugins\mcufinder/ => C:\Users\Minh\.stmcufinder\plugins\mcufinder
2025-01-01 10:16:28,332 [INFO] ApiDb:250 - Set database path to: C:\Users\Minh\.stmcufinder\plugins\mcufinder//mcu/
2025-01-01 10:16:28,332 [WARN] DbFile:41 - Overriding database path with different value: C:\Users\Minh\.stmcufinder\plugins\mcufinder/ => C:\Users\Minh\.stmcufinder\plugins\mcufinder
2025-01-01 10:16:28,332 [INFO] DbMcusAds:125 - Set database path to: C:\Users\Minh\.stmcufinder\plugins\mcufinder//mcu/
2025-01-01 10:16:28,332 [WARN] DbFile:41 - Overriding database path with different value: C:\Users\Minh\.stmcufinder\plugins\mcufinder/ => C:\Users\Minh\.stmcufinder\plugins\mcufinder
2025-01-01 10:16:28,332 [WARN] DbFile:41 - Overriding database path with different value: C:\Users\Minh\.stmcufinder\plugins\mcufinder/ => C:\Users\Minh\.stmcufinder\plugins\mcufinder
2025-01-01 10:16:28,332 [INFO] CrossReferenceDbSqlite:203 - Set database path to: C:\Users\Minh\.stmcufinder\plugins\mcufinder//mcu/cs/
2025-01-01 10:16:28,607 [INFO] MainPanel:262 - HeapMemory: 268435456
2025-01-01 10:16:28,837 [INFO] DbMcusXml:78 - Set database path to: C:\ST\STM32CubeIDE_1.4.0\STM32CubeIDE\plugins\com.st.stm32cube.common.mx_6.9.1.202307191849\\db\/mcu/
2025-01-01 10:16:28,837 [INFO] ApiDb:274 - Set plugin database path to: C:\ST\STM32CubeIDE_1.4.0\STM32CubeIDE\plugins\com.st.stm32cube.common.mx_6.9.1.202307191849\\db\/plugins/boardmanager/
2025-01-01 10:16:28,837 [INFO] ApiDb:261 - Set plugin images path to: C:\ST\STM32CubeIDE_1.4.0\STM32CubeIDE\plugins\com.st.stm32cube.common.mx_6.9.1.202307191849\\db\/plugins/mcufinder/images/
2025-01-01 10:16:28,837 [WARN] DbFile:41 - Overriding database path with different value: C:\Users\Minh\.stmcufinder\plugins\mcufinder/ => C:\Users\Minh\.stmcufinder\plugins\mcufinder
2025-01-01 10:16:28,837 [INFO] ApiDb:250 - Set database path to: C:\Users\Minh\.stmcufinder\plugins\mcufinder//mcu/
2025-01-01 10:16:28,837 [WARN] DbFile:41 - Overriding database path with different value: C:\Users\Minh\.stmcufinder\plugins\mcufinder/ => C:\Users\Minh\.stmcufinder\plugins\mcufinder
2025-01-01 10:16:28,837 [INFO] DbMcusAds:125 - Set database path to: C:\Users\Minh\.stmcufinder\plugins\mcufinder//mcu/
2025-01-01 10:16:28,837 [WARN] DbFile:41 - Overriding database path with different value: C:\Users\Minh\.stmcufinder\plugins\mcufinder/ => C:\Users\Minh\.stmcufinder\plugins\mcufinder
2025-01-01 10:16:28,837 [WARN] DbFile:41 - Overriding database path with different value: C:\Users\Minh\.stmcufinder\plugins\mcufinder/ => C:\Users\Minh\.stmcufinder\plugins\mcufinder
2025-01-01 10:16:28,837 [INFO] CrossReferenceDbSqlite:203 - Set database path to: C:\Users\Minh\.stmcufinder\plugins\mcufinder//mcu/cs/
2025-01-01 10:16:28,892 [INFO] ApplicationProperties:184 - Using Application install path: C:\ST\STM32CubeIDE_1.4.0\STM32CubeIDE\plugins\com.st.stm32cube.common.mx_6.9.1.202307191849
2025-01-01 10:16:28,896 [INFO] PluginManage:196 - Search for loadable plugins [exclusion list=, ]
2025-01-01 10:16:28,898 [INFO] PluginManage:310 - Check plugin analytics
2025-01-01 10:16:29,418 [INFO] AnalyticsPlugin:253 - Accepted Software Licenses: STM32CubeMX.6.0.0,STM32CubeMX.5.2.0
2025-01-01 10:16:29,419 [INFO] AnalyticsPlugin:255 - Accepted CMSIS Pack Licenses: 
2025-01-01 10:16:29,420 [INFO] AnalyticsPlugin:257 - Accepted Firmware Licenses: 
2025-01-01 10:16:29,431 [INFO] PluginManage:359 - Loaded plugin analytics (category:tool,tabindex:-1)
2025-01-01 10:16:29,431 [INFO] PluginManage:310 - Check plugin cadmodel
2025-01-01 10:16:29,494 [INFO] CADModel:105 - Init CAD model plugin
2025-01-01 10:16:29,494 [INFO] PluginManage:359 - Loaded plugin cadmodel (category:power,tabindex:5)
2025-01-01 10:16:29,495 [INFO] PluginManage:310 - Check plugin clock
2025-01-01 10:16:29,559 [INFO] PluginManage:359 - Loaded plugin clock (category:base,tabindex:2)
2025-01-01 10:16:29,559 [INFO] PluginManage:310 - Check plugin ddr
2025-01-01 10:16:29,564 [INFO] PluginManage:359 - Loaded plugin ddr (category:tool,tabindex:6)
2025-01-01 10:16:29,564 [INFO] PluginManage:310 - Check plugin filemanager
2025-01-01 10:16:29,918 [INFO] PluginManage:359 - Loaded plugin filemanager (category:base,tabindex:10)
2025-01-01 10:16:29,919 [INFO] PluginManage:310 - Check plugin ipmanager
2025-01-01 10:16:29,930 [INFO] PluginManage:359 - Loaded plugin ipmanager (category:base,tabindex:5)
2025-01-01 10:16:29,930 [INFO] PluginManage:310 - Check plugin lpbam
2025-01-01 10:16:29,989 [INFO] PluginManage:359 - Loaded plugin lpbam (category:base,tabindex:0)
2025-01-01 10:16:29,990 [INFO] PluginManage:310 - Check plugin memorymap
2025-01-01 10:16:30,067 [INFO] PluginManage:359 - Loaded plugin memorymap (category:base,tabindex:4)
2025-01-01 10:16:30,067 [INFO] PluginManage:310 - Check plugin pinoutandconfiguration
2025-01-01 10:16:30,120 [INFO] PluginManage:359 - Loaded plugin pinoutandconfiguration (category:base,tabindex:1)
2025-01-01 10:16:30,121 [INFO] PluginManage:310 - Check plugin pinoutconfig
2025-01-01 10:16:30,367 [WARN] SupportedApi:132 - Cannot load RTOS API schema: s4s-elt-must-match.1: The content of 'definitions' must match (annotation?, (simpleType | complexType)?, (unique | key | keyref)*)). A problem was found starting at: attribute.
2025-01-01 10:16:30,729 [INFO] PluginManage:359 - Loaded plugin pinoutconfig (category:base,tabindex:0)
2025-01-01 10:16:30,729 [INFO] PluginManage:310 - Check plugin power
2025-01-01 10:16:30,788 [INFO] PluginManage:359 - Loaded plugin power (category:power,tabindex:4)
2025-01-01 10:16:30,788 [INFO] PluginManage:310 - Check plugin projectmanager
2025-01-01 10:16:30,831 [INFO] PluginManage:359 - Loaded plugin projectmanager (category:projectmanager,tabindex:3)
2025-01-01 10:16:30,832 [INFO] PluginManage:310 - Check plugin thirdparty
2025-01-01 10:16:31,687 [INFO] PluginManage:359 - Loaded plugin thirdparty (category:base,tabindex:-1)
2025-01-01 10:16:31,687 [WARN] IntegrityCheckThread:84 - waiting for thirdparty lock release [integrity check]
2025-01-01 10:16:31,687 [INFO] PluginManage:310 - Check plugin tools
2025-01-01 10:16:31,687 [INFO] IntegrityCheckThread:86 - entering critical section [integrity check]
2025-01-01 10:16:31,688 [INFO] ThirdPartyUpdaterWithRetryManager:70 - Updater plugin not ready yet. [1/15]
2025-01-01 10:16:31,815 [INFO] PluginManage:359 - Loaded plugin tools (category:base,tabindex:7)
2025-01-01 10:16:31,816 [INFO] PluginManage:310 - Check plugin tutovideos
2025-01-01 10:16:32,327 [INFO] PluginManage:359 - Loaded plugin tutovideos (category:base,tabindex:-1)
2025-01-01 10:16:32,327 [INFO] PluginManage:310 - Check plugin updater
2025-01-01 10:16:32,358 [INFO] PluginManage:359 - Loaded plugin updater (category:base,tabindex:12)
2025-01-01 10:16:32,359 [INFO] PluginManage:310 - Check plugin userauth
2025-01-01 10:16:32,372 [INFO] UserAuth:113 - Init User Auth plugin
2025-01-01 10:16:32,372 [INFO] PluginManage:359 - Loaded plugin userauth (category:base,tabindex:14)
2025-01-01 10:16:32,373 [INFO] PluginManage:283 - PluginManage : Loaded plugins [17]
2025-01-01 10:16:33,029 [INFO] PinOutPanel:1499 - setPackage(No Configuration,No Configuration)
2025-01-01 10:16:33,306 [INFO] CADModel:165 - CPN selected for project level
2025-01-01 10:16:33,306 [INFO] CADModel:114 - Register for checkConnection events
2025-01-01 10:16:33,373 [INFO] IPUIPlugin:80 - create IPUIPlugin
2025-01-01 10:16:33,373 [INFO] PluginManager:220 - loadIPPluginJar : add adc
2025-01-01 10:16:33,494 [INFO] IPUIPlugin:80 - create IPUIPlugin
2025-01-01 10:16:33,495 [INFO] PluginManager:220 - loadIPPluginJar : add aes
2025-01-01 10:16:33,638 [INFO] IPUIPlugin:80 - create IPUIPlugin
2025-01-01 10:16:33,640 [INFO] PluginManager:220 - loadIPPluginJar : add can
2025-01-01 10:16:33,709 [INFO] IPUIPlugin:80 - create IPUIPlugin
2025-01-01 10:16:33,716 [INFO] PluginManager:220 - loadIPPluginJar : add comp
2025-01-01 10:16:33,817 [INFO] IPUIPlugin:80 - create IPUIPlugin
2025-01-01 10:16:33,817 [INFO] PluginManager:220 - loadIPPluginJar : add cryp
2025-01-01 10:16:33,908 [INFO] IPUIPlugin:80 - create IPUIPlugin
2025-01-01 10:16:33,908 [INFO] PluginManager:220 - loadIPPluginJar : add dfsdm
2025-01-01 10:16:33,949 [INFO] IPUIPlugin:80 - create IPUIPlugin
2025-01-01 10:16:33,951 [INFO] PluginManager:220 - loadIPPluginJar : add dma
2025-01-01 10:16:34,095 [INFO] IPUIPlugin:80 - create IPUIPlugin
2025-01-01 10:16:34,096 [INFO] PluginManager:220 - loadIPPluginJar : add dma3
2025-01-01 10:16:34,168 [INFO] IPUIPlugin:80 - create IPUIPlugin
2025-01-01 10:16:34,168 [INFO] PluginManager:220 - loadIPPluginJar : add fatfs
2025-01-01 10:16:34,308 [INFO] IPUIPlugin:80 - create IPUIPlugin
2025-01-01 10:16:34,308 [INFO] PluginManager:220 - loadIPPluginJar : add fmc
2025-01-01 10:16:34,347 [INFO] IPUIPlugin:80 - create IPUIPlugin
2025-01-01 10:16:34,347 [INFO] PluginManager:220 - loadIPPluginJar : add freertos
2025-01-01 10:16:34,414 [INFO] IPUIPlugin:80 - create IPUIPlugin
2025-01-01 10:16:34,414 [INFO] PluginManager:220 - loadIPPluginJar : add genericplugin
2025-01-01 10:16:34,690 [INFO] ThirdPartyUpdaterWithRetryManager:70 - Updater plugin not ready yet. [2/15]
2025-01-01 10:16:34,735 [INFO] IPUIPlugin:80 - create IPUIPlugin
2025-01-01 10:16:34,735 [INFO] PluginManager:220 - loadIPPluginJar : add gfxmmu
2025-01-01 10:16:35,186 [INFO] IPUIPlugin:80 - create IPUIPlugin
2025-01-01 10:16:35,186 [INFO] PluginManager:220 - loadIPPluginJar : add gic
2025-01-01 10:16:35,226 [INFO] IPUIPlugin:80 - create IPUIPlugin
2025-01-01 10:16:35,227 [INFO] PluginManager:220 - loadIPPluginJar : add gpio
2025-01-01 10:16:35,506 [INFO] IPUIPlugin:80 - create IPUIPlugin
2025-01-01 10:16:35,507 [INFO] PluginManager:220 - loadIPPluginJar : add gtzc
2025-01-01 10:16:35,625 [INFO] IPUIPlugin:80 - create IPUIPlugin
2025-01-01 10:16:35,626 [INFO] PluginManager:220 - loadIPPluginJar : add hash
2025-01-01 10:16:35,822 [INFO] IPUIPlugin:80 - create IPUIPlugin
2025-01-01 10:16:35,823 [INFO] PluginManager:220 - loadIPPluginJar : add i2c
2025-01-01 10:16:35,982 [INFO] IPUIPlugin:80 - create IPUIPlugin
2025-01-01 10:16:35,983 [INFO] PluginManager:220 - loadIPPluginJar : add i2s
2025-01-01 10:16:36,159 [INFO] IPUIPlugin:80 - create IPUIPlugin
2025-01-01 10:16:36,159 [INFO] PluginManager:220 - loadIPPluginJar : add i3c
2025-01-01 10:16:36,637 [INFO] IPUIPlugin:80 - create IPUIPlugin
2025-01-01 10:16:36,637 [INFO] PluginManager:220 - loadIPPluginJar : add ipddr
2025-01-01 10:16:37,068 [INFO] IPUIPlugin:80 - create IPUIPlugin
2025-01-01 10:16:37,068 [INFO] PluginManager:220 - loadIPPluginJar : add linkedlist
2025-01-01 10:16:37,238 [INFO] IPUIPlugin:80 - create IPUIPlugin
2025-01-01 10:16:37,240 [INFO] PluginManager:220 - loadIPPluginJar : add lorawan
2025-01-01 10:16:37,426 [INFO] IPUIPlugin:80 - create IPUIPlugin
2025-01-01 10:16:37,428 [INFO] PluginManager:220 - loadIPPluginJar : add ltdc
2025-01-01 10:16:37,492 [INFO] IPUIPlugin:80 - create IPUIPlugin
2025-01-01 10:16:37,494 [INFO] PluginManager:220 - loadIPPluginJar : add mdma
2025-01-01 10:16:37,541 [INFO] IPUIPlugin:80 - create IPUIPlugin
2025-01-01 10:16:37,541 [INFO] PluginManager:220 - loadIPPluginJar : add nvic
2025-01-01 10:16:37,703 [INFO] ThirdPartyUpdaterWithRetryManager:70 - Updater plugin not ready yet. [3/15]
2025-01-01 10:16:37,708 [INFO] IPUIPlugin:80 - create IPUIPlugin
2025-01-01 10:16:37,708 [INFO] PluginManager:220 - loadIPPluginJar : add opamp
2025-01-01 10:16:37,954 [INFO] IPUIPlugin:80 - create IPUIPlugin
2025-01-01 10:16:37,954 [INFO] PluginManager:220 - loadIPPluginJar : add openamp
2025-01-01 10:16:38,150 [INFO] IPUIPlugin:80 - create IPUIPlugin
2025-01-01 10:16:38,151 [INFO] PluginManager:220 - loadIPPluginJar : add pdm2pcm
2025-01-01 10:16:38,204 [INFO] IPUIPlugin:80 - create IPUIPlugin
2025-01-01 10:16:38,212 [INFO] PluginManager:220 - loadIPPluginJar : add plateformsettings
2025-01-01 10:16:38,303 [INFO] IPUIPlugin:80 - create IPUIPlugin
2025-01-01 10:16:38,304 [INFO] PluginManager:220 - loadIPPluginJar : add quadspi
2025-01-01 10:16:38,355 [INFO] IPUIPlugin:80 - create IPUIPlugin
2025-01-01 10:16:38,356 [INFO] PluginManager:220 - loadIPPluginJar : add resmgrutility
2025-01-01 10:16:38,550 [INFO] IPUIPlugin:80 - create IPUIPlugin
2025-01-01 10:16:38,550 [INFO] PluginManager:220 - loadIPPluginJar : add sai
2025-01-01 10:16:38,707 [INFO] IPUIPlugin:80 - create IPUIPlugin
2025-01-01 10:16:38,708 [INFO] PluginManager:220 - loadIPPluginJar : add spi
2025-01-01 10:16:38,951 [INFO] IPUIPlugin:80 - create IPUIPlugin
2025-01-01 10:16:38,951 [INFO] PluginManager:220 - loadIPPluginJar : add stm32_wpan
2025-01-01 10:16:39,060 [INFO] IPUIPlugin:80 - create IPUIPlugin
2025-01-01 10:16:39,060 [INFO] PluginManager:220 - loadIPPluginJar : add tim
2025-01-01 10:16:39,276 [INFO] IPUIPlugin:80 - create IPUIPlugin
2025-01-01 10:16:39,277 [INFO] PluginManager:220 - loadIPPluginJar : add touchsensing
2025-01-01 10:16:39,370 [INFO] IPUIPlugin:80 - create IPUIPlugin
2025-01-01 10:16:39,370 [INFO] PluginManager:220 - loadIPPluginJar : add tracer_emb
2025-01-01 10:16:39,444 [INFO] IPUIPlugin:80 - create IPUIPlugin
2025-01-01 10:16:39,444 [INFO] PluginManager:220 - loadIPPluginJar : add ts
2025-01-01 10:16:39,529 [INFO] IPUIPlugin:80 - create IPUIPlugin
2025-01-01 10:16:39,529 [INFO] PluginManager:220 - loadIPPluginJar : add tsc
2025-01-01 10:16:39,611 [INFO] IPUIPlugin:80 - create IPUIPlugin
2025-01-01 10:16:39,611 [INFO] PluginManager:220 - loadIPPluginJar : add ucpd
2025-01-01 10:16:39,785 [INFO] IPUIPlugin:80 - create IPUIPlugin
2025-01-01 10:16:39,785 [INFO] PluginManager:220 - loadIPPluginJar : add usart
2025-01-01 10:16:39,941 [INFO] IPUIPlugin:80 - create IPUIPlugin
2025-01-01 10:16:39,941 [INFO] PluginManager:220 - loadIPPluginJar : add usbx
2025-01-01 10:16:40,155 [INFO] CADModel:165 - CPN selected for project level
2025-01-01 10:16:40,155 [INFO] CADModel:114 - Register for checkConnection events
2025-01-01 10:16:40,155 [FATAL] Updater:308 - Updater called before beeing initialized
2025-01-01 10:16:40,155 [ERROR] CADModel:125 - Updater not yet initialized, retry later 
2025-01-01 10:16:40,608 [INFO] CADModel:165 - CPN selected for project level
2025-01-01 10:16:40,609 [INFO] CADModel:114 - Register for checkConnection events
2025-01-01 10:16:40,609 [FATAL] Updater:308 - Updater called before beeing initialized
2025-01-01 10:16:40,609 [ERROR] CADModel:125 - Updater not yet initialized, retry later 
2025-01-01 10:16:40,619 [FATAL] Updater:308 - Updater called before beeing initialized
2025-01-01 10:16:40,715 [INFO] ThirdPartyUpdaterWithRetryManager:70 - Updater plugin not ready yet. [4/15]
2025-01-01 10:16:40,970 [FATAL] Updater:308 - Updater called before beeing initialized
2025-01-01 10:16:40,984 [INFO] DbMcusAds:53 - JSON generation date=Wed Dec 18 01:01:15 JST 2024 (1734451275222)
2025-01-01 10:16:40,984 [FATAL] Updater:308 - Updater called before beeing initialized
2025-01-01 10:16:41,215 [WARN] DetailPanel:346 - Failed to get advertising image, set to default
2025-01-01 10:16:41,510 [FATAL] Updater:308 - Updater called before beeing initialized
2025-01-01 10:16:41,516 [FATAL] Updater:308 - Updater called before beeing initialized
2025-01-01 10:16:41,516 [FATAL] Updater:308 - Updater called before beeing initialized
2025-01-01 10:16:41,516 [WARN] DetailPanel:346 - Failed to get advertising image, set to default
2025-01-01 10:16:41,518 [FATAL] Updater:308 - Updater called before beeing initialized
2025-01-01 10:16:41,728 [ERROR] Updater:1120 - MainUpdater not yet initialized. External WinMGr cannot be set.
2025-01-01 10:16:41,766 [INFO] Updater:1056 - Updater Version found : 6.9.1
2025-01-01 10:16:41,833 [INFO] ApplicationProperties:184 - Using Application install path: C:\ST\STM32CubeIDE_1.4.0\STM32CubeIDE\plugins\com.st.stm32cube.common.mx_6.9.1.202307191849
2025-01-01 10:16:42,271 [INFO] MainUpdater:2868 - connection check result : 10
2025-01-01 10:16:42,274 [INFO] MainUpdater:285 - Updater Check For Update Now.
2025-01-01 10:16:42,274 [INFO] MicroXplorer:498 - Change Database Version : DB.6.0.91
2025-01-01 10:16:42,338 [INFO] McuFinderGlobals:63 - Set McuFinder mode to 2 (CubeIDE integrated)
2025-01-01 10:16:42,339 [INFO] UserAuth:179 - activating auth plugin
2025-01-01 10:16:42,355 [INFO] UserAuth:393 - Internet connection configuration mode: 1
2025-01-01 10:16:42,517 [INFO] JxBrowserEngine:151 - Initiate JxBrowser Engine with user profile folder
2025-01-01 10:16:42,820 [INFO] CheckServerUpdateThread:120 - End of CheckServer Thread
2025-01-01 10:16:45,078 [WARN] PackLoader:240 - Cannot read IP mode file for STMicroelectronics.FP-SNS-MOTENVWB1.1.4.0
2025-01-01 10:16:45,128 [WARN] PackLoader:240 - Cannot read IP mode file for STMicroelectronics.FP-ATR-ASTRA1.2.0.1
2025-01-01 10:16:45,171 [WARN] PackLoader:240 - Cannot read IP mode file for STMicroelectronics.X-CUBE-SMBUS.2.1.0
2025-01-01 10:16:45,210 [WARN] PackLoader:240 - Cannot read IP mode file for STMicroelectronics.X-CUBE-WB05N.1.1.0
2025-01-01 10:16:45,253 [WARN] PackLoader:240 - Cannot read IP mode file for STMicroelectronics.X-CUBE-TOUCHGFX.4.23.0
2025-01-01 10:16:45,268 [WARN] PackLoader:240 - Cannot read IP mode file for STMicroelectronics.X-CUBE-TOUCHGFX.4.23.2
2025-01-01 10:16:45,440 [INFO] WebApp:157 - Instantiating new browser for Auth
2025-01-01 10:16:45,467 [WARN] PackLoader:240 - Cannot read IP mode file for STMicroelectronics.X-CUBE-AZRTOS-F7.1.1.0
2025-01-01 10:16:45,637 [ERROR] RealEvaluatedCondition:428 - Found unsupported composite condition: GROUP='STM32_MetaDataManager' CLASS='Data Exchange'
2025-01-01 10:16:45,637 [ERROR] RealEvaluatedCondition:428 - Found unsupported composite condition: CLASS='Data Exchange' GROUP='STM32_MetaDataManager'
2025-01-01 10:16:45,645 [WARN] PackLoader:240 - Cannot read IP mode file for STMicroelectronics.FP-SNS-MOTENV1.4.3.0
2025-01-01 10:16:45,684 [WARN] PackLoader:240 - Cannot read IP mode file for STMicroelectronics.FP-SNS-MOTENV1.4.3.2
2025-01-01 10:16:45,709 [WARN] PackLoader:240 - Cannot read IP mode file for STMicroelectronics.FP-SNS-FLIGHT1.5.0.0
2025-01-01 10:16:45,727 [ERROR] RealEvaluatedCondition:428 - Found unsupported composite condition: GROUP='STM32_MetaDataManager' CLASS='Data Exchange'
2025-01-01 10:16:45,728 [ERROR] RealEvaluatedCondition:428 - Found unsupported composite condition: GROUP='STM32_MetaDataManager' CLASS='Data Exchange'
2025-01-01 10:16:45,731 [WARN] PackLoader:240 - Cannot read IP mode file for STMicroelectronics.FP-SNS-MOTENV1.4.3.1
2025-01-01 10:16:45,754 [WARN] PackLoader:240 - Cannot read IP mode file for STMicroelectronics.FP-SNS-FLIGHT1.5.0.1
2025-01-01 10:16:46,249 [WARN] PackLoader:240 - Cannot read IP mode file for STMicroelectronics.X-CUBE-MEMS1.11.0.0
2025-01-01 10:16:47,084 [WARN] PackLoader:240 - Cannot read IP mode file for STMicroelectronics.X-CUBE-BLE1.6.2.4
2025-01-01 10:16:47,159 [WARN] PackLoader:240 - Cannot read IP mode file for STMicroelectronics.FP-SNS-FLIGHT1.5.0.2
2025-01-01 10:16:47,189 [WARN] PackLoader:240 - Cannot read IP mode file for STMicroelectronics.X-CUBE-DISPLAY.3.0.0
2025-01-01 10:16:47,284 [WARN] PackLoader:240 - Cannot read IP mode file for STMicroelectronics.X-CUBE-BLE1.7.0.0
2025-01-01 10:16:47,314 [WARN] PackLoader:240 - Cannot read IP mode file for STMicroelectronics.X-CUBE-NFC10.1.0.0
2025-01-01 10:16:47,334 [ERROR] Engine:466 - C:\Users\Minh\.stm32cubemx\thirdparties\pdsc\STMicroelectronics.X-CUBE-BLEMGR.4.0.0.pdsc: PDSC version is not supported
2025-01-01 10:16:47,342 [WARN] PackLoader:240 - Cannot read IP mode file for STMicroelectronics.X-CUBE-TOUCHGFX.4.22.0
2025-01-01 10:16:47,359 [WARN] PackLoader:240 - Cannot read IP mode file for STMicroelectronics.X-CUBE-TOUCHGFX.4.22.1
2025-01-01 10:16:47,408 [WARN] PackLoader:240 - Cannot read IP mode file for STMicroelectronics.X-CUBE-BLEMGR.3.1.0
2025-01-01 10:16:47,431 [WARN] PackLoader:240 - Cannot read IP mode file for STMicroelectronics.FP-SNS-SMARTAG2.1.2.0
2025-01-01 10:16:47,714 [WARN] PackLoader:240 - Cannot read IP mode file for STMicroelectronics.X-CUBE-MEMS1.11.1.0
2025-01-01 10:16:48,262 [INFO] LogOutputStream:77 - [STDOUT_REDIRECT] 1 : Invalid condition id : UX_CORESTACK_Condition cause : null
2025-01-01 10:16:48,263 [INFO] LogOutputStream:77 - [STDOUT_REDIRECT] 1 : Invalid condition id : UX_CORESTACK_Condition cause : null
2025-01-01 10:16:48,273 [INFO] LogOutputStream:77 - [STDOUT_REDIRECT] 1 : Invalid condition id : UX_CORESTACK_Condition cause : null
2025-01-01 10:16:48,278 [INFO] LogOutputStream:77 - [STDOUT_REDIRECT] 1 : Invalid condition id : UX_CORESTACK_Condition cause : null
2025-01-01 10:16:48,284 [INFO] LogOutputStream:77 - [STDOUT_REDIRECT] 1 : Invalid condition id : UX_CORESTACK_Condition cause : null
2025-01-01 10:16:48,299 [WARN] PackLoader:240 - Cannot read IP mode file for STMicroelectronics.X-CUBE-AZRTOS-WL.2.0.0
2025-01-01 10:16:48,317 [WARN] PackLoader:240 - Cannot read IP mode file for STMicroelectronics.FP-SNS-MOTENV1.5.0.0
2025-01-01 10:16:48,334 [WARN] PackLoader:240 - Cannot read IP mode file for wolfSSL.I-CUBE-wolfMQTT.1.19.0
2025-01-01 10:16:48,360 [WARN] PackLoader:240 - Cannot read IP mode file for WES.I-CUBE-Cesium.1.3.0
2025-01-01 10:16:48,376 [WARN] PackLoader:240 - Cannot read IP mode file for STMicroelectronics.X-CUBE-BLE2.3.3.0
2025-01-01 10:16:48,411 [WARN] PackLoader:240 - Cannot read IP mode file for STMicroelectronics.X-CUBE-TOF1.3.2.0
2025-01-01 10:16:48,450 [WARN] PackLoader:240 - Cannot read IP mode file for STMicroelectronics.X-CUBE-NFC9.1.0.0
2025-01-01 10:16:48,484 [WARN] PackLoader:240 - Cannot read IP mode file for STMicroelectronics.X-CUBE-TCPP.4.1.0
2025-01-01 10:16:48,542 [WARN] PackLoader:240 - Cannot read IP mode file for STMicroelectronics.X-CUBE-TOUCHGFX.4.21.1
2025-01-01 10:16:48,552 [WARN] PackLoader:240 - Cannot read IP mode file for STMicroelectronics.X-CUBE-TOUCHGFX.4.21.3
2025-01-01 10:16:48,562 [WARN] PackLoader:240 - Cannot read IP mode file for STMicroelectronics.X-CUBE-TOUCHGFX.4.21.4
2025-01-01 10:16:48,581 [WARN] PackLoader:240 - Cannot read IP mode file for STMicroelectronics.X-CUBE-ALGOBUILD.1.3.0
2025-01-01 10:16:48,680 [WARN] PackLoader:240 - Cannot read IP mode file for STMicroelectronics.X-CUBE-AZRTOS-G0.1.1.0
2025-01-01 10:16:48,756 [WARN] PackLoader:240 - Cannot read IP mode file for STMicroelectronics.X-CUBE-SAFEA1.1.2.2
2025-01-01 10:16:48,826 [WARN] PackLoader:240 - Cannot read IP mode file for STMicroelectronics.X-CUBE-NFC4.3.0.0
2025-01-01 10:16:48,865 [ERROR] Engine:466 - C:\Users\Minh\.stm32cubemx\thirdparties\pdsc\EmbeddedOffice.I-CUBE-FS-RTOS.1.0.1.pdsc: PDSC version is not supported
2025-01-01 10:16:49,028 [WARN] PackLoader:240 - Cannot read IP mode file for STMicroelectronics.X-CUBE-BLEMGR.3.0.0
2025-01-01 10:16:49,074 [ERROR] Engine:466 - C:\Users\Minh\.stm32cubemx\thirdparties\pdsc\STMicroelectronics.X-CUBE-TCPP.4.2.0.pdsc: PDSC version is not supported
2025-01-01 10:16:49,082 [ERROR] Engine:466 - C:\Users\Minh\.stm32cubemx\thirdparties\pdsc\RealThread.X-CUBE-RT-Thread_Nano.4.1.1.pdsc: PDSC version is not supported
2025-01-01 10:16:49,093 [WARN] PackLoader:240 - Cannot read IP mode file for STMicroelectronics.FP-ATR-SIGFOX1.3.2.0
2025-01-01 10:16:49,101 [ERROR] Engine:466 - C:\Users\Minh\.stm32cubemx\thirdparties\pdsc\quantropi.X-CUBE-qispace-sdk-base.1.9.3.pdsc: PDSC version is not supported
2025-01-01 10:16:49,122 [WARN] PackLoader:240 - Cannot read IP mode file for STMicroelectronics.X-CUBE-EEPRMA1.5.1.0
2025-01-01 10:16:49,425 [INFO] WebApp:753 - Register for checkConnection events
2025-01-01 10:16:49,425 [INFO] WebApp:390 - Apply proxy settings
2025-01-01 10:16:49,426 [INFO] WebApp:475 - Chromium requires no authentication
2025-01-01 10:16:49,471 [INFO] WebApp:418 - Direct internet connection detected
2025-01-01 10:16:49,534 [WARN] PackLoader:240 - Cannot read IP mode file for STMicroelectronics.X-CUBE-MEMS1.9.5.0
2025-01-01 10:16:50,381 [WARN] PackLoader:240 - Cannot read IP mode file for SEGGER.I-CUBE-embOS.1.3.1
2025-01-01 10:16:50,489 [INFO] WebApp:188 - Starting web application
2025-01-01 10:16:50,489 [INFO] WebApp:520 - Web application path used C:\ST\STM32CubeIDE_1.4.0\STM32CubeIDE\plugins\com.st.stm32cube.common.mx_6.9.1.202307191849\db\plugins\mcufinder\reactClient1\index.html
2025-01-01 10:16:50,541 [WARN] PackLoader:240 - Cannot read IP mode file for STMicroelectronics.X-CUBE-ALGOBUILD.1.4.0
2025-01-01 10:16:50,553 [WARN] PackLoader:240 - Cannot read IP mode file for STMicroelectronics.X-CUBE-AI.9.1.0
2025-01-01 10:16:50,571 [WARN] PackLoader:240 - Cannot read IP mode file for STMicroelectronics.X-CUBE-GNSS1.6.0.0
2025-01-01 10:16:50,639 [WARN] PackLoader:240 - Cannot read IP mode file for STMicroelectronics.X-CUBE-AZRTOS-F4.1.1.0
2025-01-01 10:16:50,664 [WARN] PackLoader:240 - Cannot read IP mode file for STMicroelectronics.X-CUBE-ISPU.2.1.0
2025-01-01 10:16:50,685 [WARN] PackLoader:240 - Cannot read IP mode file for STMicroelectronics.X-CUBE-FREERTOS.1.2.0
2025-01-01 10:16:50,772 [WARN] PackLoader:240 - Cannot read IP mode file for STMicroelectronics.X-CUBE-AZRTOS-L5.2.0.0
2025-01-01 10:16:51,059 [WARN] PackLoader:240 - Cannot read IP mode file for STMicroelectronics.X-CUBE-MEMS1.9.6.0
2025-01-01 10:16:51,840 [WARN] PackLoader:240 - Cannot read IP mode file for STMicroelectronics.X-CUBE-EEPRMA1.4.2.0
2025-01-01 10:16:51,908 [WARN] PackLoader:240 - Cannot read IP mode file for STMicroelectronics.X-CUBE-NFC6.3.1.0
2025-01-01 10:16:51,942 [WARN] PackLoader:240 - Cannot read IP mode file for ITTIA_DB.I-CUBE-ITTIADB.8.8.0
2025-01-01 10:16:51,997 [WARN] PackLoader:240 - Cannot read IP mode file for emotas.I-CUBE-CANOPEN.1.1.3
2025-01-01 10:16:52,028 [WARN] PackLoader:240 - Cannot read IP mode file for STMicroelectronics.X-CUBE-BLEMGR.2.0.0
2025-01-01 10:16:52,043 [ERROR] Engine:466 - C:\Users\Minh\.stm32cubemx\thirdparties\pdsc\STMicroelectronics.X-CUBE-DPower.1.2.0.pdsc: PDSC version is not supported
2025-01-01 10:16:52,052 [WARN] PackLoader:240 - Cannot read IP mode file for STMicroelectronics.X-CUBE-AI.9.0.0
2025-01-01 10:16:52,109 [WARN] ConditionMgr:438 - getConditionDescription Invalid condition id : UX DEVICE CLASS RTOS Condition cause : null
2025-01-01 10:16:52,110 [WARN] ConditionMgr:438 - getConditionDescription Invalid condition id : UX DEVICE CLASS RTOS Condition cause : null
2025-01-01 10:16:52,125 [WARN] PackLoader:240 - Cannot read IP mode file for STMicroelectronics.X-CUBE-AZRTOS-H7.3.1.0
2025-01-01 10:16:52,129 [WARN] ConditionMgr:1039 - genDependencies : Invalid condition id : UX DEVICE CLASS RTOS Condition cause : null
2025-01-01 10:16:52,129 [WARN] ConditionMgr:1039 - genDependencies : Invalid condition id : UX DEVICE CLASS RTOS Condition cause : null
2025-01-01 10:16:52,134 [WARN] ConditionMgr:1039 - genDependencies : Invalid condition id : UX DEVICE CLASS RTOS Condition cause : null
2025-01-01 10:16:52,136 [WARN] ConditionMgr:1039 - genDependencies : Invalid condition id : UX DEVICE CLASS RTOS Condition cause : null
2025-01-01 10:16:52,136 [WARN] ConditionMgr:1039 - genDependencies : Invalid condition id : UX DEVICE CLASS RTOS Condition cause : null
2025-01-01 10:16:52,171 [WARN] PackLoader:240 - Cannot read IP mode file for wolfSSL.I-CUBE-wolfSSL.5.5.4
2025-01-01 10:16:52,187 [WARN] PackLoader:240 - Cannot read IP mode file for STMicroelectronics.X-CUBE-FREERTOS.1.3.0
2025-01-01 10:16:52,203 [WARN] PackLoader:240 - Cannot read IP mode file for STMicroelectronics.X-CUBE-NFC7.1.0.1
2025-01-01 10:16:52,221 [WARN] PackLoader:240 - Cannot read IP mode file for STMicroelectronics.X-CUBE-NFC7.1.0.0
2025-01-01 10:16:52,236 [WARN] PackLoader:240 - Cannot read IP mode file for wolfSSL.I-CUBE-wolfTPM.3.2.0
2025-01-01 10:16:52,272 [WARN] PackLoader:240 - Cannot read IP mode file for STMicroelectronics.X-CUBE-NFC6.3.0.0
2025-01-01 10:16:52,309 [WARN] PackLoader:240 - Cannot read IP mode file for STMicroelectronics.X-CUBE-EEPRMA1.4.1.0
2025-01-01 10:16:52,322 [WARN] PackLoader:240 - Cannot read IP mode file for STMicroelectronics.X-CUBE-AI.8.1.0
2025-01-01 10:16:52,413 [WARN] ConditionMgr:438 - getConditionDescription Invalid condition id : LAN8742 Phy interface Condition cause : null
2025-01-01 10:16:52,422 [WARN] PackLoader:240 - Cannot read IP mode file for STMicroelectronics.X-CUBE-AZRTOS-L4.2.0.0
2025-01-01 10:16:52,427 [WARN] ConditionMgr:1039 - genDependencies : Invalid condition id : LAN8742 Phy interface Condition cause : null
2025-01-01 10:16:52,427 [WARN] ConditionMgr:1039 - genDependencies : Invalid condition id : LAN8742 Phy interface Condition cause : null
2025-01-01 10:16:52,430 [WARN] ConditionMgr:1039 - genDependencies : Invalid condition id : LAN8742 Phy interface Condition cause : null
2025-01-01 10:16:52,456 [WARN] PackLoader:240 - Cannot read IP mode file for STMicroelectronics.X-CUBE-SFXS2LP1.4.0.0
2025-01-01 10:16:52,543 [WARN] PackLoader:240 - Cannot read IP mode file for STMicroelectronics.X-CUBE-AZRTOS-H7.3.0.0
2025-01-01 10:16:52,575 [WARN] PackLoader:240 - Cannot read IP mode file for STMicroelectronics.X-CUBE-ISPU.1.1.0
2025-01-01 10:16:52,674 [WARN] PackLoader:240 - Cannot read IP mode file for STMicroelectronics.X-CUBE-AZRTOS-H7.3.3.0
2025-01-01 10:16:52,715 [WARN] PackLoader:240 - Cannot read IP mode file for RoweBots.I-CUBE-UNISONRTOS.5.5.0-4
2025-01-01 10:16:52,727 [WARN] PackLoader:240 - Cannot read IP mode file for STMicroelectronics.X-CUBE-AI.8.0.0
2025-01-01 10:16:52,741 [ERROR] Engine:466 - C:\Users\Minh\.stm32cubemx\thirdparties\pdsc\STMicroelectronics.X-CUBE-IPS.3.0.0.pdsc: PDSC version is not supported
2025-01-01 10:16:52,834 [WARN] ConditionMgr:438 - getConditionDescription Invalid condition id : UX DEVICE CLASS RTOS Condition cause : null
2025-01-01 10:16:52,835 [WARN] ConditionMgr:438 - getConditionDescription Invalid condition id : UX DEVICE CLASS RTOS Condition cause : null
2025-01-01 10:16:52,845 [WARN] PackLoader:240 - Cannot read IP mode file for STMicroelectronics.X-CUBE-AZRTOS-WB.2.0.0
2025-01-01 10:16:52,847 [WARN] ConditionMgr:1039 - genDependencies : Invalid condition id : UX DEVICE CLASS RTOS Condition cause : null
2025-01-01 10:16:52,848 [WARN] ConditionMgr:1039 - genDependencies : Invalid condition id : UX DEVICE CLASS RTOS Condition cause : null
2025-01-01 10:16:52,851 [WARN] ConditionMgr:1039 - genDependencies : Invalid condition id : UX DEVICE CLASS RTOS Condition cause : null
2025-01-01 10:16:52,853 [WARN] ConditionMgr:1039 - genDependencies : Invalid condition id : UX DEVICE CLASS RTOS Condition cause : null
2025-01-01 10:16:52,853 [WARN] ConditionMgr:1039 - genDependencies : Invalid condition id : UX DEVICE CLASS RTOS Condition cause : null
2025-01-01 10:16:52,871 [WARN] PackLoader:240 - Cannot read IP mode file for STMicroelectronics.X-CUBE-FREERTOS.1.0.0
2025-01-01 10:16:52,884 [WARN] PackLoader:240 - Cannot read IP mode file for STMicroelectronics.X-CUBE-FREERTOS.1.0.1
2025-01-01 10:16:52,900 [WARN] PackLoader:240 - Cannot read IP mode file for STMicroelectronics.X-CUBE-GNSS1.7.0.0
2025-01-01 10:16:52,920 [WARN] PackLoader:240 - Cannot read IP mode file for STMicroelectronics.X-CUBE-GNSS1.7.0.1
2025-01-01 10:16:52,934 [ERROR] Engine:466 - C:\Users\Minh\.stm32cubemx\thirdparties\pdsc\STMicroelectronics.FP-SNS-STBOX1.2.0.0.pdsc: PDSC version is not supported
2025-01-01 10:16:52,994 [WARN] PackLoader:240 - Cannot read IP mode file for STMicroelectronics.X-CUBE-AZRTOS-L5.1.1.0
2025-01-01 10:16:53,022 [WARN] PackLoader:240 - Cannot read IP mode file for STMicroelectronics.X-CUBE-AI.8.0.1
2025-01-01 10:16:53,063 [WARN] PackLoader:240 - Cannot read IP mode file for STMicroelectronics.X-CUBE-SUBG2.5.0.0
2025-01-01 10:16:53,101 [WARN] PackLoader:240 - Cannot read IP mode file for Cesanta.I-CUBE-Mongoose.7.13.0
2025-01-01 10:16:53,138 [WARN] PackLoader:240 - Cannot read IP mode file for STMicroelectronics.X-CUBE-TOF1.3.3.1
2025-01-01 10:16:53,235 [WARN] PackLoader:240 - Cannot read IP mode file for STMicroelectronics.X-CUBE-AZRTOS-G4.2.0.0
2025-01-01 10:16:53,271 [WARN] PackLoader:240 - Cannot read IP mode file for STMicroelectronics.X-CUBE-TOF1.3.3.0
2025-01-01 10:16:53,338 [WARN] PackLoader:240 - Cannot read IP mode file for STMicroelectronics.FP-ATR-ASTRA1.1.1.1
2025-01-01 10:16:53,393 [WARN] PackLoader:240 - Cannot read IP mode file for Infineon.AIROC-Wi-Fi-Bluetooth-STM32.1.5.1
2025-01-01 10:16:53,415 [WARN] PackLoader:240 - Cannot read IP mode file for STMicroelectronics.FP-SNS-MOTENVWB1.1.3.0
2025-01-01 10:16:53,427 [WARN] PackLoader:240 - Cannot read IP mode file for STMicroelectronics.FP-SNS-MOTENVWB1.1.3.1
2025-01-01 10:16:53,477 [WARN] PackLoader:240 - Cannot read IP mode file for STMicroelectronics.X-CUBE-AZRTOS-G4.1.0.0
2025-01-01 10:16:53,537 [WARN] PackLoader:240 - Cannot read IP mode file for STMicroelectronics.X-CUBE-AZRTOS-L4.1.0.0
2025-01-01 10:16:53,559 [WARN] PackLoader:240 - Cannot read IP mode file for STMicroelectronics.X-CUBE-ISPU.2.0.0
2025-01-01 10:16:53,574 [WARN] PackLoader:240 - Cannot read IP mode file for STMicroelectronics.X-CUBE-ALS.1.0.2
2025-01-01 10:16:53,740 [WARN] PackLoader:240 - Cannot read IP mode file for STMicroelectronics.X-CUBE-MEMS1.10.0.0
2025-01-01 10:16:54,190 [WARN] PackLoader:240 - Cannot read IP mode file for STMicroelectronics.X-CUBE-FREERTOS.1.1.0
2025-01-01 10:16:54,200 [WARN] PackLoader:240 - Cannot read IP mode file for STMicroelectronics.X-CUBE-TOUCHGFX.4.24.0
2025-01-01 10:16:54,228 [WARN] PackLoader:240 - Cannot read IP mode file for STMicroelectronics.X-CUBE-AZRTOS-WL.1.0.0
2025-01-01 10:16:54,238 [WARN] PackLoader:240 - Cannot read IP mode file for STMicroelectronics.X-CUBE-TOUCHGFX.4.24.1
2025-01-01 10:16:54,254 [WARN] PackLoader:240 - Cannot read IP mode file for portGmbH.I-Cube-SoM-uGOAL.1.1.0
2025-01-01 10:16:54,266 [WARN] PackLoader:240 - Cannot read IP mode file for STMicroelectronics.X-CUBE-ALS.1.0.1
2025-01-01 10:16:54,308 [WARN] PackLoader:240 - Cannot read IP mode file for STMicroelectronics.X-CUBE-AZRTOS-WB.1.1.0
2025-01-01 10:16:54,375 [WARN] PackLoader:240 - Cannot read IP mode file for STMicroelectronics.X-CUBE-AZRTOS-H7RS.1.0.0
2025-01-01 10:16:54,391 [WARN] PackLoader:240 - Cannot read IP mode file for STMicroelectronics.FP-ATR-ASTRA1.2.0.0
2025-01-01 10:16:54,407 [ERROR] Engine:466 - C:\Users\Minh\.stm32cubemx\thirdparties\pdsc\STMicroelectronics.X-CUBE-TOF1.3.4.2.pdsc: PDSC version is not supported
2025-01-01 10:16:54,446 [WARN] PackLoader:240 - Cannot read IP mode file for STMicroelectronics.X-CUBE-TOF1.3.4.0
2025-01-01 10:16:54,500 [WARN] PackLoader:240 - Cannot read IP mode file for STMicroelectronics.X-CUBE-TOF1.3.4.1
2025-01-01 10:16:54,568 [WARN] PackLoader:240 - Cannot read IP mode file for STMicroelectronics.X-CUBE-AZRTOS-H7.3.2.0
2025-01-01 10:16:54,585 [WARN] PackLoader:240 - Cannot read IP mode file for wolfSSL.I-CUBE-wolfSSH.1.4.17
2025-01-01 10:16:54,586 [INFO] ThirdParty:978 - Integrity check success = true
2025-01-01 10:16:54,586 [INFO] IntegrityCheckThread:100 - exiting critical section [integrity check]
2025-01-01 10:16:54,587 [INFO] IntegrityCheckThread:103 - End integrity checks thread
2025-01-01 10:48:57,673 [ERROR] LogOutputStream:75 - [STDERR_REDIRECT] SLF4J: Failed to load class "org.slf4j.impl.StaticLoggerBinder".
2025-01-01 10:48:57,675 [ERROR] LogOutputStream:75 - [STDERR_REDIRECT] SLF4J: Defaulting to no-operation (NOP) logger implementation
2025-01-01 10:48:57,679 [ERROR] LogOutputStream:75 - [STDERR_REDIRECT] SLF4J: See http://www.slf4j.org/codes.html#StaticLoggerBinder for further details.
2025-01-01 23:05:36,265 [ERROR] LogOutputStream:75 - [STDERR_REDIRECT] 
