2023-11-19 13:27:35,758 [INFO] Activator:176 - 


2023-11-19 13:27:35,769 [INFO] Activator:177 - !SESSION log4j initialized
2023-11-19 13:27:49,954 [INFO] LogOutputStream:77 - [STDOUT_REDIRECT] 
2023-11-19 13:27:57,668 [INFO] ApplicationProperties:184 - Using Application install path: C:\ST\STM32CubeIDE_1.4.0\STM32CubeIDE\plugins\com.st.stm32cube.common.mx_6.9.1.202307191849
2023-11-19 13:27:57,705 [INFO] DbMcusXml:78 - Set database path to: C:\ST\STM32CubeIDE_1.4.0\STM32CubeIDE\plugins\com.st.stm32cube.common.mx_6.9.1.202307191849\\db\/mcu/
2023-11-19 13:27:57,706 [INFO] ApiDb:274 - Set plugin database path to: C:\ST\STM32CubeIDE_1.4.0\STM32CubeIDE\plugins\com.st.stm32cube.common.mx_6.9.1.202307191849\\db\/plugins/boardmanager/
2023-11-19 13:27:57,707 [WARN] ApiDb:259 - Overriding images path with different value:  => C:\ST\STM32CubeIDE_1.4.0\STM32CubeIDE\plugins\com.st.stm32cube.common.mx_6.9.1.202307191849\\db\/plugins/mcufinder/images/
2023-11-19 13:27:57,732 [INFO] ApiDb:250 - Set database path to: C:\Users\Minh\.stmcufinder\plugins\mcufinder//mcu/
2023-11-19 13:27:57,735 [INFO] DbMcusAds:125 - Set database path to: C:\Users\Minh\.stmcufinder\plugins\mcufinder//mcu/
2023-11-19 13:27:57,740 [INFO] CrossReferenceDbSqlite:203 - Set database path to: C:\Users\Minh\.stmcufinder\plugins\mcufinder//mcu/cs/
2023-11-19 13:27:57,993 [INFO] RulesReader:64 - Compatibility file has been processed (293 Rules)
2023-11-19 13:27:58,156 [INFO] DbMcusXml:78 - Set database path to: C:\ST\STM32CubeIDE_1.4.0\STM32CubeIDE\plugins\com.st.stm32cube.common.mx_6.9.1.202307191849\\db\/mcu/
2023-11-19 13:27:58,156 [INFO] ApiDb:274 - Set plugin database path to: C:\ST\STM32CubeIDE_1.4.0\STM32CubeIDE\plugins\com.st.stm32cube.common.mx_6.9.1.202307191849\\db\/plugins/boardmanager/
2023-11-19 13:27:58,156 [INFO] ApiDb:261 - Set plugin images path to: C:\ST\STM32CubeIDE_1.4.0\STM32CubeIDE\plugins\com.st.stm32cube.common.mx_6.9.1.202307191849\\db\/plugins/mcufinder/images/
2023-11-19 13:27:58,157 [WARN] DbFile:41 - Overriding database path with different value: C:\Users\Minh\.stmcufinder\plugins\mcufinder/ => C:\Users\Minh\.stmcufinder\plugins\mcufinder
2023-11-19 13:27:58,158 [INFO] ApiDb:250 - Set database path to: C:\Users\Minh\.stmcufinder\plugins\mcufinder//mcu/
2023-11-19 13:27:58,158 [WARN] DbFile:41 - Overriding database path with different value: C:\Users\Minh\.stmcufinder\plugins\mcufinder/ => C:\Users\Minh\.stmcufinder\plugins\mcufinder
2023-11-19 13:27:58,158 [INFO] DbMcusAds:125 - Set database path to: C:\Users\Minh\.stmcufinder\plugins\mcufinder//mcu/
2023-11-19 13:27:58,159 [WARN] DbFile:41 - Overriding database path with different value: C:\Users\Minh\.stmcufinder\plugins\mcufinder/ => C:\Users\Minh\.stmcufinder\plugins\mcufinder
2023-11-19 13:27:58,159 [WARN] DbFile:41 - Overriding database path with different value: C:\Users\Minh\.stmcufinder\plugins\mcufinder/ => C:\Users\Minh\.stmcufinder\plugins\mcufinder
2023-11-19 13:27:58,159 [INFO] CrossReferenceDbSqlite:203 - Set database path to: C:\Users\Minh\.stmcufinder\plugins\mcufinder//mcu/cs/
2023-11-19 13:27:58,303 [INFO] MainPanel:262 - HeapMemory: 268435456
2023-11-19 13:27:58,497 [INFO] DbMcusXml:78 - Set database path to: C:\ST\STM32CubeIDE_1.4.0\STM32CubeIDE\plugins\com.st.stm32cube.common.mx_6.9.1.202307191849\\db\/mcu/
2023-11-19 13:27:58,497 [INFO] ApiDb:274 - Set plugin database path to: C:\ST\STM32CubeIDE_1.4.0\STM32CubeIDE\plugins\com.st.stm32cube.common.mx_6.9.1.202307191849\\db\/plugins/boardmanager/
2023-11-19 13:27:58,497 [INFO] ApiDb:261 - Set plugin images path to: C:\ST\STM32CubeIDE_1.4.0\STM32CubeIDE\plugins\com.st.stm32cube.common.mx_6.9.1.202307191849\\db\/plugins/mcufinder/images/
2023-11-19 13:27:58,498 [WARN] DbFile:41 - Overriding database path with different value: C:\Users\Minh\.stmcufinder\plugins\mcufinder/ => C:\Users\Minh\.stmcufinder\plugins\mcufinder
2023-11-19 13:27:58,498 [INFO] ApiDb:250 - Set database path to: C:\Users\Minh\.stmcufinder\plugins\mcufinder//mcu/
2023-11-19 13:27:58,499 [WARN] DbFile:41 - Overriding database path with different value: C:\Users\Minh\.stmcufinder\plugins\mcufinder/ => C:\Users\Minh\.stmcufinder\plugins\mcufinder
2023-11-19 13:27:58,499 [INFO] DbMcusAds:125 - Set database path to: C:\Users\Minh\.stmcufinder\plugins\mcufinder//mcu/
2023-11-19 13:27:58,499 [WARN] DbFile:41 - Overriding database path with different value: C:\Users\Minh\.stmcufinder\plugins\mcufinder/ => C:\Users\Minh\.stmcufinder\plugins\mcufinder
2023-11-19 13:27:58,499 [WARN] DbFile:41 - Overriding database path with different value: C:\Users\Minh\.stmcufinder\plugins\mcufinder/ => C:\Users\Minh\.stmcufinder\plugins\mcufinder
2023-11-19 13:27:58,500 [INFO] CrossReferenceDbSqlite:203 - Set database path to: C:\Users\Minh\.stmcufinder\plugins\mcufinder//mcu/cs/
2023-11-19 13:27:58,534 [INFO] ApplicationProperties:184 - Using Application install path: C:\ST\STM32CubeIDE_1.4.0\STM32CubeIDE\plugins\com.st.stm32cube.common.mx_6.9.1.202307191849
2023-11-19 13:27:58,537 [INFO] PluginManage:196 - Search for loadable plugins [exclusion list=, ]
2023-11-19 13:27:58,539 [INFO] PluginManage:310 - Check plugin analytics
2023-11-19 13:28:03,420 [INFO] AnalyticsPlugin:253 - Accepted Software Licenses: STM32CubeMX.6.0.0,STM32CubeMX.5.2.0
2023-11-19 13:28:03,420 [INFO] AnalyticsPlugin:255 - Accepted CMSIS Pack Licenses: 
2023-11-19 13:28:03,421 [INFO] AnalyticsPlugin:257 - Accepted Firmware Licenses: 
2023-11-19 13:28:03,426 [INFO] PluginManage:359 - Loaded plugin analytics (category:tool,tabindex:-1)
2023-11-19 13:28:03,427 [INFO] PluginManage:310 - Check plugin cadmodel
2023-11-19 13:28:03,467 [INFO] CADModel:105 - Init CAD model plugin
2023-11-19 13:28:03,468 [INFO] PluginManage:359 - Loaded plugin cadmodel (category:power,tabindex:5)
2023-11-19 13:28:03,469 [INFO] PluginManage:310 - Check plugin clock
2023-11-19 13:28:03,522 [INFO] PluginManage:359 - Loaded plugin clock (category:base,tabindex:2)
2023-11-19 13:28:03,522 [INFO] PluginManage:310 - Check plugin ddr
2023-11-19 13:28:03,528 [INFO] PluginManage:359 - Loaded plugin ddr (category:tool,tabindex:6)
2023-11-19 13:28:03,528 [INFO] PluginManage:310 - Check plugin filemanager
2023-11-19 13:28:03,800 [INFO] PluginManage:359 - Loaded plugin filemanager (category:base,tabindex:10)
2023-11-19 13:28:03,800 [INFO] PluginManage:310 - Check plugin ipmanager
2023-11-19 13:28:03,814 [INFO] PluginManage:359 - Loaded plugin ipmanager (category:base,tabindex:5)
2023-11-19 13:28:03,815 [INFO] PluginManage:310 - Check plugin lpbam
2023-11-19 13:28:03,845 [INFO] PluginManage:359 - Loaded plugin lpbam (category:base,tabindex:0)
2023-11-19 13:28:03,845 [INFO] PluginManage:310 - Check plugin memorymap
2023-11-19 13:28:03,896 [INFO] PluginManage:359 - Loaded plugin memorymap (category:base,tabindex:4)
2023-11-19 13:28:03,897 [INFO] PluginManage:310 - Check plugin pinoutandconfiguration
2023-11-19 13:28:03,931 [INFO] PluginManage:359 - Loaded plugin pinoutandconfiguration (category:base,tabindex:1)
2023-11-19 13:28:03,931 [INFO] PluginManage:310 - Check plugin pinoutconfig
2023-11-19 13:28:04,149 [WARN] SupportedApi:132 - Cannot load RTOS API schema: s4s-elt-must-match.1: The content of 'definitions' must match (annotation?, (simpleType | complexType)?, (unique | key | keyref)*)). A problem was found starting at: attribute.
2023-11-19 13:28:04,491 [INFO] PluginManage:359 - Loaded plugin pinoutconfig (category:base,tabindex:0)
2023-11-19 13:28:04,491 [INFO] PluginManage:310 - Check plugin power
2023-11-19 13:28:04,544 [INFO] PluginManage:359 - Loaded plugin power (category:power,tabindex:4)
2023-11-19 13:28:04,545 [INFO] PluginManage:310 - Check plugin projectmanager
2023-11-19 13:28:04,580 [INFO] PluginManage:359 - Loaded plugin projectmanager (category:projectmanager,tabindex:3)
2023-11-19 13:28:04,581 [INFO] PluginManage:310 - Check plugin thirdparty
2023-11-19 13:28:05,221 [INFO] PluginManage:359 - Loaded plugin thirdparty (category:base,tabindex:-1)
2023-11-19 13:28:05,221 [WARN] IntegrityCheckThread:84 - waiting for thirdparty lock release [integrity check]
2023-11-19 13:28:05,221 [INFO] IntegrityCheckThread:86 - entering critical section [integrity check]
2023-11-19 13:28:05,221 [INFO] PluginManage:310 - Check plugin tools
2023-11-19 13:28:05,222 [INFO] ThirdPartyUpdaterWithRetryManager:70 - Updater plugin not ready yet. [1/15]
2023-11-19 13:28:05,299 [INFO] PluginManage:359 - Loaded plugin tools (category:base,tabindex:7)
2023-11-19 13:28:05,299 [INFO] PluginManage:310 - Check plugin tutovideos
2023-11-19 13:28:05,702 [INFO] PluginManage:359 - Loaded plugin tutovideos (category:base,tabindex:-1)
2023-11-19 13:28:05,702 [INFO] PluginManage:310 - Check plugin updater
2023-11-19 13:28:05,725 [INFO] PluginManage:359 - Loaded plugin updater (category:base,tabindex:12)
2023-11-19 13:28:05,726 [INFO] PluginManage:310 - Check plugin userauth
2023-11-19 13:28:05,737 [INFO] UserAuth:113 - Init User Auth plugin
2023-11-19 13:28:05,738 [INFO] PluginManage:359 - Loaded plugin userauth (category:base,tabindex:14)
2023-11-19 13:28:05,738 [INFO] PluginManage:283 - PluginManage : Loaded plugins [17]
2023-11-19 13:28:06,204 [INFO] PinOutPanel:1499 - setPackage(No Configuration,No Configuration)
2023-11-19 13:28:06,448 [INFO] CADModel:165 - CPN selected for project level
2023-11-19 13:28:06,448 [INFO] CADModel:114 - Register for checkConnection events
2023-11-19 13:28:06,505 [INFO] IPUIPlugin:80 - create IPUIPlugin
2023-11-19 13:28:06,506 [INFO] PluginManager:220 - loadIPPluginJar : add adc
2023-11-19 13:28:06,580 [INFO] IPUIPlugin:80 - create IPUIPlugin
2023-11-19 13:28:06,581 [INFO] PluginManager:220 - loadIPPluginJar : add aes
2023-11-19 13:28:06,667 [INFO] IPUIPlugin:80 - create IPUIPlugin
2023-11-19 13:28:06,667 [INFO] PluginManager:220 - loadIPPluginJar : add can
2023-11-19 13:28:06,724 [INFO] IPUIPlugin:80 - create IPUIPlugin
2023-11-19 13:28:06,724 [INFO] PluginManager:220 - loadIPPluginJar : add comp
2023-11-19 13:28:06,811 [INFO] IPUIPlugin:80 - create IPUIPlugin
2023-11-19 13:28:06,811 [INFO] PluginManager:220 - loadIPPluginJar : add cryp
2023-11-19 13:28:06,884 [INFO] IPUIPlugin:80 - create IPUIPlugin
2023-11-19 13:28:06,885 [INFO] PluginManager:220 - loadIPPluginJar : add dfsdm
2023-11-19 13:28:06,910 [INFO] IPUIPlugin:80 - create IPUIPlugin
2023-11-19 13:28:06,911 [INFO] PluginManager:220 - loadIPPluginJar : add dma
2023-11-19 13:28:06,995 [INFO] IPUIPlugin:80 - create IPUIPlugin
2023-11-19 13:28:06,996 [INFO] PluginManager:220 - loadIPPluginJar : add dma3
2023-11-19 13:28:07,037 [INFO] IPUIPlugin:80 - create IPUIPlugin
2023-11-19 13:28:07,037 [INFO] PluginManager:220 - loadIPPluginJar : add fatfs
2023-11-19 13:28:07,137 [INFO] IPUIPlugin:80 - create IPUIPlugin
2023-11-19 13:28:07,138 [INFO] PluginManager:220 - loadIPPluginJar : add fmc
2023-11-19 13:28:07,168 [INFO] IPUIPlugin:80 - create IPUIPlugin
2023-11-19 13:28:07,168 [INFO] PluginManager:220 - loadIPPluginJar : add freertos
2023-11-19 13:28:07,220 [INFO] IPUIPlugin:80 - create IPUIPlugin
2023-11-19 13:28:07,220 [INFO] PluginManager:220 - loadIPPluginJar : add genericplugin
2023-11-19 13:28:07,434 [INFO] IPUIPlugin:80 - create IPUIPlugin
2023-11-19 13:28:07,434 [INFO] PluginManager:220 - loadIPPluginJar : add gfxmmu
2023-11-19 13:28:07,692 [INFO] IPUIPlugin:80 - create IPUIPlugin
2023-11-19 13:28:07,692 [INFO] PluginManager:220 - loadIPPluginJar : add gic
2023-11-19 13:28:07,724 [INFO] IPUIPlugin:80 - create IPUIPlugin
2023-11-19 13:28:07,724 [INFO] PluginManager:220 - loadIPPluginJar : add gpio
2023-11-19 13:28:07,942 [INFO] IPUIPlugin:80 - create IPUIPlugin
2023-11-19 13:28:07,942 [INFO] PluginManager:220 - loadIPPluginJar : add gtzc
2023-11-19 13:28:08,001 [INFO] IPUIPlugin:80 - create IPUIPlugin
2023-11-19 13:28:08,002 [INFO] PluginManager:220 - loadIPPluginJar : add hash
2023-11-19 13:28:08,110 [INFO] IPUIPlugin:80 - create IPUIPlugin
2023-11-19 13:28:08,111 [INFO] PluginManager:220 - loadIPPluginJar : add i2c
2023-11-19 13:28:08,186 [INFO] IPUIPlugin:80 - create IPUIPlugin
2023-11-19 13:28:08,187 [INFO] PluginManager:220 - loadIPPluginJar : add i2s
2023-11-19 13:28:08,223 [INFO] ThirdPartyUpdaterWithRetryManager:70 - Updater plugin not ready yet. [2/15]
2023-11-19 13:28:08,277 [INFO] IPUIPlugin:80 - create IPUIPlugin
2023-11-19 13:28:08,278 [INFO] PluginManager:220 - loadIPPluginJar : add i3c
2023-11-19 13:28:08,522 [INFO] IPUIPlugin:80 - create IPUIPlugin
2023-11-19 13:28:08,522 [INFO] PluginManager:220 - loadIPPluginJar : add ipddr
2023-11-19 13:28:08,731 [INFO] IPUIPlugin:80 - create IPUIPlugin
2023-11-19 13:28:08,731 [INFO] PluginManager:220 - loadIPPluginJar : add linkedlist
2023-11-19 13:28:08,811 [INFO] IPUIPlugin:80 - create IPUIPlugin
2023-11-19 13:28:08,812 [INFO] PluginManager:220 - loadIPPluginJar : add lorawan
2023-11-19 13:28:08,900 [INFO] IPUIPlugin:80 - create IPUIPlugin
2023-11-19 13:28:08,900 [INFO] PluginManager:220 - loadIPPluginJar : add ltdc
2023-11-19 13:28:08,928 [INFO] IPUIPlugin:80 - create IPUIPlugin
2023-11-19 13:28:08,928 [INFO] PluginManager:220 - loadIPPluginJar : add mdma
2023-11-19 13:28:08,952 [INFO] IPUIPlugin:80 - create IPUIPlugin
2023-11-19 13:28:08,952 [INFO] PluginManager:220 - loadIPPluginJar : add nvic
2023-11-19 13:28:09,019 [INFO] IPUIPlugin:80 - create IPUIPlugin
2023-11-19 13:28:09,020 [INFO] PluginManager:220 - loadIPPluginJar : add opamp
2023-11-19 13:28:09,145 [INFO] IPUIPlugin:80 - create IPUIPlugin
2023-11-19 13:28:09,145 [INFO] PluginManager:220 - loadIPPluginJar : add openamp
2023-11-19 13:28:09,242 [INFO] IPUIPlugin:80 - create IPUIPlugin
2023-11-19 13:28:09,242 [INFO] PluginManager:220 - loadIPPluginJar : add pdm2pcm
2023-11-19 13:28:09,270 [INFO] IPUIPlugin:80 - create IPUIPlugin
2023-11-19 13:28:09,274 [INFO] PluginManager:220 - loadIPPluginJar : add plateformsettings
2023-11-19 13:28:09,314 [INFO] IPUIPlugin:80 - create IPUIPlugin
2023-11-19 13:28:09,314 [INFO] PluginManager:220 - loadIPPluginJar : add quadspi
2023-11-19 13:28:09,337 [INFO] IPUIPlugin:80 - create IPUIPlugin
2023-11-19 13:28:09,338 [INFO] PluginManager:220 - loadIPPluginJar : add resmgrutility
2023-11-19 13:28:09,428 [INFO] IPUIPlugin:80 - create IPUIPlugin
2023-11-19 13:28:09,428 [INFO] PluginManager:220 - loadIPPluginJar : add sai
2023-11-19 13:28:09,500 [INFO] IPUIPlugin:80 - create IPUIPlugin
2023-11-19 13:28:09,500 [INFO] PluginManager:220 - loadIPPluginJar : add spi
2023-11-19 13:28:09,606 [INFO] IPUIPlugin:80 - create IPUIPlugin
2023-11-19 13:28:09,606 [INFO] PluginManager:220 - loadIPPluginJar : add stm32_wpan
2023-11-19 13:28:09,651 [INFO] IPUIPlugin:80 - create IPUIPlugin
2023-11-19 13:28:09,651 [INFO] PluginManager:220 - loadIPPluginJar : add tim
2023-11-19 13:28:09,766 [INFO] IPUIPlugin:80 - create IPUIPlugin
2023-11-19 13:28:09,766 [INFO] PluginManager:220 - loadIPPluginJar : add touchsensing
2023-11-19 13:28:09,812 [INFO] IPUIPlugin:80 - create IPUIPlugin
2023-11-19 13:28:09,813 [INFO] PluginManager:220 - loadIPPluginJar : add tracer_emb
2023-11-19 13:28:09,854 [INFO] IPUIPlugin:80 - create IPUIPlugin
2023-11-19 13:28:09,854 [INFO] PluginManager:220 - loadIPPluginJar : add ts
2023-11-19 13:28:09,893 [INFO] IPUIPlugin:80 - create IPUIPlugin
2023-11-19 13:28:09,893 [INFO] PluginManager:220 - loadIPPluginJar : add tsc
2023-11-19 13:28:09,934 [INFO] IPUIPlugin:80 - create IPUIPlugin
2023-11-19 13:28:09,934 [INFO] PluginManager:220 - loadIPPluginJar : add ucpd
2023-11-19 13:28:10,019 [INFO] IPUIPlugin:80 - create IPUIPlugin
2023-11-19 13:28:10,020 [INFO] PluginManager:220 - loadIPPluginJar : add usart
2023-11-19 13:28:10,107 [INFO] IPUIPlugin:80 - create IPUIPlugin
2023-11-19 13:28:10,107 [INFO] PluginManager:220 - loadIPPluginJar : add usbx
2023-11-19 13:28:10,279 [INFO] CADModel:165 - CPN selected for project level
2023-11-19 13:28:10,279 [INFO] CADModel:114 - Register for checkConnection events
2023-11-19 13:28:10,280 [FATAL] Updater:308 - Updater called before beeing initialized
2023-11-19 13:28:10,280 [ERROR] CADModel:125 - Updater not yet initialized, retry later 
2023-11-19 13:28:10,548 [INFO] CADModel:165 - CPN selected for project level
2023-11-19 13:28:10,549 [INFO] CADModel:114 - Register for checkConnection events
2023-11-19 13:28:10,549 [FATAL] Updater:308 - Updater called before beeing initialized
2023-11-19 13:28:10,549 [ERROR] CADModel:125 - Updater not yet initialized, retry later 
2023-11-19 13:28:10,554 [FATAL] Updater:308 - Updater called before beeing initialized
2023-11-19 13:28:10,768 [FATAL] Updater:308 - Updater called before beeing initialized
2023-11-19 13:28:10,779 [INFO] DbMcusAds:53 - JSON generation date=Tue Mar 07 17:50:55 JST 2023 (1678179055335)
2023-11-19 13:28:10,779 [FATAL] Updater:308 - Updater called before beeing initialized
2023-11-19 13:28:10,934 [WARN] DetailPanel:346 - Failed to get advertising image, set to default
2023-11-19 13:28:11,115 [FATAL] Updater:308 - Updater called before beeing initialized
2023-11-19 13:28:11,118 [FATAL] Updater:308 - Updater called before beeing initialized
2023-11-19 13:28:11,118 [FATAL] Updater:308 - Updater called before beeing initialized
2023-11-19 13:28:11,119 [WARN] DetailPanel:346 - Failed to get advertising image, set to default
2023-11-19 13:28:11,120 [FATAL] Updater:308 - Updater called before beeing initialized
2023-11-19 13:28:11,224 [INFO] ThirdPartyUpdaterWithRetryManager:70 - Updater plugin not ready yet. [3/15]
2023-11-19 13:28:11,269 [ERROR] Updater:1120 - MainUpdater not yet initialized. External WinMGr cannot be set.
2023-11-19 13:28:11,293 [INFO] Updater:1056 - Updater Version found : 6.9.1
2023-11-19 13:28:11,394 [INFO] ApplicationProperties:184 - Using Application install path: C:\ST\STM32CubeIDE_1.4.0\STM32CubeIDE\plugins\com.st.stm32cube.common.mx_6.9.1.202307191849
2023-11-19 13:28:11,701 [INFO] MainUpdater:2868 - connection check result : 10
2023-11-19 13:28:11,702 [INFO] MainUpdater:3562 - Updater definition file requires update
2023-11-19 13:28:11,704 [INFO] MainUpdater:285 - Updater Check For Update Now.
2023-11-19 13:28:11,705 [INFO] MicroXplorer:498 - Change Database Version : DB.6.0.91
2023-11-19 13:28:11,739 [INFO] ServerAccessManage:473 - Download File updaters.zip
2023-11-19 13:28:11,742 [INFO] McuFinderGlobals:63 - Set McuFinder mode to 2 (CubeIDE integrated)
2023-11-19 13:28:11,742 [INFO] UserAuth:179 - activating auth plugin
2023-11-19 13:28:11,748 [INFO] UserAuth:393 - Internet connection configuration mode: 1
2023-11-19 13:28:11,790 [INFO] JxBrowserEngine:151 - Initiate JxBrowser Engine with user profile folder
2023-11-19 13:28:11,891 [INFO] FileExtend:240 - Unzip File : updaters.zip
2023-11-19 13:28:11,892 [INFO] FileExtend:255 - Standard Zip Deflate
2023-11-19 13:28:12,523 [INFO] ServerAccessManage:473 - Download File PacksControlFlags.xml
2023-11-19 13:28:12,724 [INFO] ServerAccessManage:473 - Download File cubemx.pidx
2023-11-19 13:28:12,968 [INFO] LoadServerUpdatesThread:373 - End of LoadServerUpdate Thread
2023-11-19 13:28:13,258 [INFO] CheckServerUpdateThread:120 - End of CheckServer Thread
2023-11-19 13:28:14,067 [INFO] WebApp:157 - Instantiating new browser for Auth
2023-11-19 13:28:14,753 [WARN] PackLoader:240 - Cannot read IP mode file for STMicroelectronics.X-CUBE-SMBUS.2.1.0
2023-11-19 13:28:14,850 [WARN] PackLoader:240 - Cannot read IP mode file for STMicroelectronics.X-CUBE-AZRTOS-F7.1.1.0
2023-11-19 13:28:14,878 [ERROR] RealEvaluatedCondition:428 - Found unsupported composite condition: CLASS='Data Exchange' GROUP='STM32_MetaDataManager'
2023-11-19 13:28:14,879 [ERROR] RealEvaluatedCondition:428 - Found unsupported composite condition: GROUP='STM32_MetaDataManager' CLASS='Data Exchange'
2023-11-19 13:28:14,882 [WARN] PackLoader:240 - Cannot read IP mode file for STMicroelectronics.FP-SNS-MOTENV1.4.3.0
2023-11-19 13:28:14,904 [WARN] PackLoader:240 - Cannot read IP mode file for STMicroelectronics.FP-SNS-MOTENV1.4.3.2
2023-11-19 13:28:14,922 [WARN] PackLoader:240 - Cannot read IP mode file for STMicroelectronics.FP-SNS-FLIGHT1.5.0.0
2023-11-19 13:28:14,933 [ERROR] RealEvaluatedCondition:428 - Found unsupported composite condition: CLASS='Data Exchange' GROUP='STM32_MetaDataManager'
2023-11-19 13:28:14,933 [ERROR] RealEvaluatedCondition:428 - Found unsupported composite condition: CLASS='Data Exchange' GROUP='STM32_MetaDataManager'
2023-11-19 13:28:14,939 [WARN] PackLoader:240 - Cannot read IP mode file for STMicroelectronics.FP-SNS-MOTENV1.4.3.1
2023-11-19 13:28:14,956 [WARN] PackLoader:240 - Cannot read IP mode file for STMicroelectronics.FP-SNS-FLIGHT1.5.0.1
2023-11-19 13:28:14,977 [WARN] PackLoader:240 - Cannot read IP mode file for STMicroelectronics.X-CUBE-BLE1.6.2.4
2023-11-19 13:28:14,990 [WARN] PackLoader:240 - Cannot read IP mode file for STMicroelectronics.FP-SNS-FLIGHT1.5.0.2
2023-11-19 13:28:15,012 [WARN] PackLoader:240 - Cannot read IP mode file for STMicroelectronics.X-CUBE-DISPLAY.3.0.0
2023-11-19 13:28:15,040 [WARN] PackLoader:240 - Cannot read IP mode file for STMicroelectronics.X-CUBE-BLE1.7.0.0
2023-11-19 13:28:15,051 [WARN] PackLoader:240 - Cannot read IP mode file for STMicroelectronics.X-CUBE-TOUCHGFX.4.22.0
2023-11-19 13:28:15,061 [WARN] PackLoader:240 - Cannot read IP mode file for STMicroelectronics.X-CUBE-TOUCHGFX.4.22.1
2023-11-19 13:28:15,073 [WARN] PackLoader:240 - Cannot read IP mode file for STMicroelectronics.FP-SNS-SMARTAG2.1.2.0
2023-11-19 13:28:15,102 [INFO] LogOutputStream:77 - [STDOUT_REDIRECT] 1 : Invalid condition id : UX_CORESTACK_Condition cause : null
2023-11-19 13:28:15,104 [INFO] LogOutputStream:77 - [STDOUT_REDIRECT] 1 : Invalid condition id : UX_CORESTACK_Condition cause : null
2023-11-19 13:28:15,109 [INFO] LogOutputStream:77 - [STDOUT_REDIRECT] 1 : Invalid condition id : UX_CORESTACK_Condition cause : null
2023-11-19 13:28:15,112 [INFO] LogOutputStream:77 - [STDOUT_REDIRECT] 1 : Invalid condition id : UX_CORESTACK_Condition cause : null
2023-11-19 13:28:15,116 [INFO] LogOutputStream:77 - [STDOUT_REDIRECT] 1 : Invalid condition id : UX_CORESTACK_Condition cause : null
2023-11-19 13:28:15,130 [WARN] PackLoader:240 - Cannot read IP mode file for STMicroelectronics.X-CUBE-AZRTOS-WL.2.0.0
2023-11-19 13:28:15,166 [WARN] PackLoader:240 - Cannot read IP mode file for WES.I-CUBE-Cesium.1.3.0
2023-11-19 13:28:15,178 [WARN] PackLoader:240 - Cannot read IP mode file for STMicroelectronics.X-CUBE-BLE2.3.3.0
2023-11-19 13:28:15,215 [WARN] PackLoader:240 - Cannot read IP mode file for STMicroelectronics.X-CUBE-TOF1.3.2.0
2023-11-19 13:28:15,267 [WARN] PackLoader:240 - Cannot read IP mode file for STMicroelectronics.X-CUBE-TOUCHGFX.4.21.1
2023-11-19 13:28:15,283 [WARN] PackLoader:240 - Cannot read IP mode file for STMicroelectronics.X-CUBE-TOUCHGFX.4.21.3
2023-11-19 13:28:15,293 [WARN] PackLoader:240 - Cannot read IP mode file for STMicroelectronics.X-CUBE-TOUCHGFX.4.21.4
2023-11-19 13:28:15,311 [WARN] PackLoader:240 - Cannot read IP mode file for STMicroelectronics.X-CUBE-ALGOBUILD.1.3.0
2023-11-19 13:28:15,360 [WARN] PackLoader:240 - Cannot read IP mode file for STMicroelectronics.X-CUBE-AZRTOS-G0.1.1.0
2023-11-19 13:28:15,382 [WARN] PackLoader:240 - Cannot read IP mode file for STMicroelectronics.X-CUBE-NFC4.3.0.0
2023-11-19 13:28:15,413 [WARN] PackLoader:240 - Cannot read IP mode file for STMicroelectronics.X-CUBE-BLEMGR.3.0.0
2023-11-19 13:28:15,432 [WARN] PackLoader:240 - Cannot read IP mode file for STMicroelectronics.FP-ATR-SIGFOX1.3.2.0
2023-11-19 13:28:15,597 [WARN] PackLoader:240 - Cannot read IP mode file for STMicroelectronics.X-CUBE-MEMS1.9.5.0
2023-11-19 13:28:16,079 [INFO] WebApp:753 - Register for checkConnection events
2023-11-19 13:28:16,080 [INFO] WebApp:390 - Apply proxy settings
2023-11-19 13:28:16,080 [INFO] WebApp:475 - Chromium requires no authentication
2023-11-19 13:28:16,102 [INFO] WebApp:418 - Direct internet connection detected
2023-11-19 13:28:16,173 [WARN] PackLoader:240 - Cannot read IP mode file for SEGGER.I-CUBE-embOS.1.3.1
2023-11-19 13:28:16,294 [WARN] PackLoader:240 - Cannot read IP mode file for STMicroelectronics.X-CUBE-GNSS1.6.0.0
2023-11-19 13:28:16,338 [WARN] PackLoader:240 - Cannot read IP mode file for STMicroelectronics.X-CUBE-AZRTOS-F4.1.1.0
2023-11-19 13:28:16,387 [WARN] PackLoader:240 - Cannot read IP mode file for STMicroelectronics.X-CUBE-AZRTOS-L5.2.0.0
2023-11-19 13:28:16,497 [WARN] PackLoader:240 - Cannot read IP mode file for STMicroelectronics.X-CUBE-MEMS1.9.6.0
2023-11-19 13:28:16,682 [INFO] WebApp:188 - Starting web application
2023-11-19 13:28:16,683 [INFO] WebApp:520 - Web application path used C:\ST\STM32CubeIDE_1.4.0\STM32CubeIDE\plugins\com.st.stm32cube.common.mx_6.9.1.202307191849\db\plugins\mcufinder\reactClient1\index.html
2023-11-19 13:28:16,912 [WARN] PackLoader:240 - Cannot read IP mode file for STMicroelectronics.X-CUBE-EEPRMA1.4.2.0
2023-11-19 13:28:16,927 [WARN] PackLoader:240 - Cannot read IP mode file for ITTIA_DB.I-CUBE-ITTIADB.8.8.0
2023-11-19 13:28:16,944 [WARN] PackLoader:240 - Cannot read IP mode file for emotas.I-CUBE-CANOPEN.1.1.3
2023-11-19 13:28:16,962 [WARN] PackLoader:240 - Cannot read IP mode file for STMicroelectronics.X-CUBE-BLEMGR.2.0.0
2023-11-19 13:28:17,010 [WARN] ConditionMgr:438 - getConditionDescription Invalid condition id : UX DEVICE CLASS RTOS Condition cause : null
2023-11-19 13:28:17,010 [WARN] ConditionMgr:438 - getConditionDescription Invalid condition id : UX DEVICE CLASS RTOS Condition cause : null
2023-11-19 13:28:17,020 [WARN] PackLoader:240 - Cannot read IP mode file for STMicroelectronics.X-CUBE-AZRTOS-H7.3.1.0
2023-11-19 13:28:17,023 [WARN] ConditionMgr:1039 - genDependencies : Invalid condition id : UX DEVICE CLASS RTOS Condition cause : null
2023-11-19 13:28:17,023 [WARN] ConditionMgr:1039 - genDependencies : Invalid condition id : UX DEVICE CLASS RTOS Condition cause : null
2023-11-19 13:28:17,025 [WARN] ConditionMgr:1039 - genDependencies : Invalid condition id : UX DEVICE CLASS RTOS Condition cause : null
2023-11-19 13:28:17,027 [WARN] ConditionMgr:1039 - genDependencies : Invalid condition id : UX DEVICE CLASS RTOS Condition cause : null
2023-11-19 13:28:17,027 [WARN] ConditionMgr:1039 - genDependencies : Invalid condition id : UX DEVICE CLASS RTOS Condition cause : null
2023-11-19 13:28:17,042 [WARN] PackLoader:240 - Cannot read IP mode file for wolfSSL.I-CUBE-wolfSSL.5.5.4
2023-11-19 13:28:17,054 [WARN] PackLoader:240 - Cannot read IP mode file for STMicroelectronics.X-CUBE-NFC7.1.0.1
2023-11-19 13:28:17,065 [WARN] PackLoader:240 - Cannot read IP mode file for STMicroelectronics.X-CUBE-NFC7.1.0.0
2023-11-19 13:28:17,083 [WARN] PackLoader:240 - Cannot read IP mode file for STMicroelectronics.X-CUBE-NFC6.3.0.0
2023-11-19 13:28:17,098 [WARN] PackLoader:240 - Cannot read IP mode file for STMicroelectronics.X-CUBE-EEPRMA1.4.1.0
2023-11-19 13:28:17,109 [WARN] PackLoader:240 - Cannot read IP mode file for STMicroelectronics.X-CUBE-AI.8.1.0
2023-11-19 13:28:17,154 [WARN] ConditionMgr:438 - getConditionDescription Invalid condition id : LAN8742 Phy interface Condition cause : null
2023-11-19 13:28:17,155 [WARN] PackLoader:240 - Cannot read IP mode file for STMicroelectronics.X-CUBE-AZRTOS-L4.2.0.0
2023-11-19 13:28:17,158 [WARN] ConditionMgr:1039 - genDependencies : Invalid condition id : LAN8742 Phy interface Condition cause : null
2023-11-19 13:28:17,159 [WARN] ConditionMgr:1039 - genDependencies : Invalid condition id : LAN8742 Phy interface Condition cause : null
2023-11-19 13:28:17,160 [WARN] ConditionMgr:1039 - genDependencies : Invalid condition id : LAN8742 Phy interface Condition cause : null
2023-11-19 13:28:17,180 [WARN] PackLoader:240 - Cannot read IP mode file for STMicroelectronics.X-CUBE-SFXS2LP1.4.0.0
2023-11-19 13:28:17,236 [WARN] PackLoader:240 - Cannot read IP mode file for STMicroelectronics.X-CUBE-AZRTOS-H7.3.0.0
2023-11-19 13:28:17,265 [WARN] PackLoader:240 - Cannot read IP mode file for STMicroelectronics.X-CUBE-ISPU.1.1.0
2023-11-19 13:28:17,287 [WARN] PackLoader:240 - Cannot read IP mode file for RoweBots.I-CUBE-UNISONRTOS.5.5.0-4
2023-11-19 13:28:17,298 [WARN] PackLoader:240 - Cannot read IP mode file for STMicroelectronics.X-CUBE-AI.8.0.0
2023-11-19 13:28:17,331 [WARN] ConditionMgr:438 - getConditionDescription Invalid condition id : UX DEVICE CLASS RTOS Condition cause : null
2023-11-19 13:28:17,332 [WARN] ConditionMgr:438 - getConditionDescription Invalid condition id : UX DEVICE CLASS RTOS Condition cause : null
2023-11-19 13:28:17,351 [WARN] PackLoader:240 - Cannot read IP mode file for STMicroelectronics.X-CUBE-AZRTOS-WB.2.0.0
2023-11-19 13:28:17,353 [WARN] ConditionMgr:1039 - genDependencies : Invalid condition id : UX DEVICE CLASS RTOS Condition cause : null
2023-11-19 13:28:17,354 [WARN] ConditionMgr:1039 - genDependencies : Invalid condition id : UX DEVICE CLASS RTOS Condition cause : null
2023-11-19 13:28:17,355 [WARN] ConditionMgr:1039 - genDependencies : Invalid condition id : UX DEVICE CLASS RTOS Condition cause : null
2023-11-19 13:28:17,356 [WARN] ConditionMgr:1039 - genDependencies : Invalid condition id : UX DEVICE CLASS RTOS Condition cause : null
2023-11-19 13:28:17,356 [WARN] ConditionMgr:1039 - genDependencies : Invalid condition id : UX DEVICE CLASS RTOS Condition cause : null
2023-11-19 13:28:17,373 [WARN] PackLoader:240 - Cannot read IP mode file for STMicroelectronics.X-CUBE-FREERTOS.1.0.0
2023-11-19 13:28:17,382 [WARN] PackLoader:240 - Cannot read IP mode file for STMicroelectronics.X-CUBE-FREERTOS.1.0.1
2023-11-19 13:28:17,416 [WARN] PackLoader:240 - Cannot read IP mode file for STMicroelectronics.X-CUBE-AZRTOS-L5.1.1.0
2023-11-19 13:28:17,429 [WARN] PackLoader:240 - Cannot read IP mode file for STMicroelectronics.X-CUBE-AI.8.0.1
2023-11-19 13:28:17,451 [WARN] PackLoader:240 - Cannot read IP mode file for STMicroelectronics.X-CUBE-SUBG2.5.0.0
2023-11-19 13:28:17,501 [WARN] PackLoader:240 - Cannot read IP mode file for STMicroelectronics.X-CUBE-TOF1.3.3.1
2023-11-19 13:28:17,597 [WARN] PackLoader:240 - Cannot read IP mode file for STMicroelectronics.X-CUBE-AZRTOS-G4.2.0.0
2023-11-19 13:28:17,630 [WARN] PackLoader:240 - Cannot read IP mode file for STMicroelectronics.X-CUBE-TOF1.3.3.0
2023-11-19 13:28:17,663 [WARN] PackLoader:240 - Cannot read IP mode file for STMicroelectronics.FP-ATR-ASTRA1.1.1.1
2023-11-19 13:28:17,693 [WARN] PackLoader:240 - Cannot read IP mode file for Infineon.AIROC-Wi-Fi-Bluetooth-STM32.1.5.1
2023-11-19 13:28:17,711 [WARN] PackLoader:240 - Cannot read IP mode file for STMicroelectronics.FP-SNS-MOTENVWB1.1.3.0
2023-11-19 13:28:17,740 [WARN] PackLoader:240 - Cannot read IP mode file for STMicroelectronics.X-CUBE-AZRTOS-G4.1.0.0
2023-11-19 13:28:17,776 [WARN] PackLoader:240 - Cannot read IP mode file for STMicroelectronics.X-CUBE-AZRTOS-L4.1.0.0
2023-11-19 13:28:17,888 [WARN] PackLoader:240 - Cannot read IP mode file for STMicroelectronics.X-CUBE-MEMS1.10.0.0
2023-11-19 13:28:18,200 [WARN] PackLoader:240 - Cannot read IP mode file for STMicroelectronics.X-CUBE-FREERTOS.1.1.0
2023-11-19 13:28:18,225 [WARN] PackLoader:240 - Cannot read IP mode file for STMicroelectronics.X-CUBE-AZRTOS-WL.1.0.0
2023-11-19 13:28:18,241 [WARN] PackLoader:240 - Cannot read IP mode file for portGmbH.I-Cube-SoM-uGOAL.1.1.0
2023-11-19 13:28:18,251 [WARN] PackLoader:240 - Cannot read IP mode file for STMicroelectronics.X-CUBE-ALS.1.0.1
2023-11-19 13:28:18,281 [WARN] PackLoader:240 - Cannot read IP mode file for STMicroelectronics.X-CUBE-AZRTOS-WB.1.1.0
2023-11-19 13:28:18,294 [WARN] PackLoader:240 - Cannot read IP mode file for STMicroelectronics.FP-ATR-ASTRA1.2.0.0
2023-11-19 13:28:18,295 [INFO] ThirdParty:978 - Integrity check success = true
2023-11-19 13:28:18,296 [INFO] IntegrityCheckThread:100 - exiting critical section [integrity check]
2023-11-19 13:28:18,296 [INFO] IntegrityCheckThread:103 - End integrity checks thread
2023-11-19 13:39:26,314 [ERROR] LogOutputStream:75 - [STDERR_REDIRECT] SLF4J: Failed to load class "org.slf4j.impl.StaticLoggerBinder".
2023-11-19 13:39:26,315 [ERROR] LogOutputStream:75 - [STDERR_REDIRECT] SLF4J: Defaulting to no-operation (NOP) logger implementation
2023-11-19 13:39:26,321 [ERROR] LogOutputStream:75 - [STDERR_REDIRECT] SLF4J: See http://www.slf4j.org/codes.html#StaticLoggerBinder for further details.
2023-11-19 18:13:33,435 [INFO] McuFinderGlobals:63 - Set McuFinder mode to 2 (CubeIDE integrated)
2023-11-19 18:13:33,560 [INFO] MainUpdater:2868 - connection check result : 10
2023-11-19 18:13:33,677 [INFO] McuFinderGlobals:76 - Set McuFinderConnectedMode to true
2023-11-19 18:13:34,282 [INFO] ServerAccessManage:473 - Download File mcusAds.json._tmp_
2023-11-19 18:13:34,410 [INFO] LoadUrlFilesThread:156 - End of LoadUrlFiles Thread
2023-11-19 18:13:34,528 [INFO] ServerAccessManage:473 - Download File cube-finder-db.zip
2023-11-19 18:13:37,314 [INFO] FileExtend:240 - Unzip File : cube-finder-db.zip
2023-11-19 18:13:37,316 [INFO] FileExtend:255 - Standard Zip Deflate
2023-11-19 18:13:40,358 [INFO] LoadUrlFilesThread:156 - End of LoadUrlFiles Thread
2023-11-19 18:13:41,667 [INFO] ServerAccessManage:473 - Download File crdb.zip
2023-11-19 18:13:43,219 [INFO] FileExtend:240 - Unzip File : crdb.zip
2023-11-19 18:13:43,219 [INFO] FileExtend:255 - Standard Zip Deflate
2023-11-19 18:13:43,383 [INFO] LoadUrlFilesThread:156 - End of LoadUrlFiles Thread
2023-11-19 18:13:43,567 [INFO] ServerAccessManage:473 - Download File tutoVideoDB.zip
2023-11-19 18:13:43,585 [INFO] FileExtend:240 - Unzip File : tutoVideoDB.zip
2023-11-19 18:13:43,586 [INFO] FileExtend:255 - Standard Zip Deflate
2023-11-19 18:13:43,702 [INFO] LoadUrlFilesThread:156 - End of LoadUrlFiles Thread
2023-11-19 18:13:43,705 [WARN] DbFile:41 - Overriding database path with different value: C:\Users\Minh\.stmcufinder\plugins\mcufinder/ => C:\Users\Minh\.stmcufinder\plugins\mcufinder
2023-11-19 18:13:43,766 [INFO] ServerAccessManage:473 - Download File api_config.json
2023-11-19 18:13:43,878 [INFO] LoadUrlFilesThread:156 - End of LoadUrlFiles Thread
2023-11-19 18:13:43,882 [INFO] DbMcusAds:53 - JSON generation date=Tue Mar 07 17:50:55 JST 2023 (1678179055335)
2023-11-19 18:13:43,970 [INFO] LoadUrlFilesThread:185 - End of LoadServerUrlFiles without Thread
2023-11-19 18:13:43,971 [INFO] TargetSelectorAdapter:259 - Refresh data is successful
2023-11-19 18:13:44,579 [INFO] ApiDb:581 - Connected to CubeFinder SQLite database (C:\Users\Minh\.stmcufinder\plugins\mcufinder\mcu\cube-finder-db.db)
2023-11-19 18:13:44,797 [INFO] ApiDb:668 - CubeFinder database Data Model version=2.1
2023-11-19 18:13:44,798 [INFO] ApiDb:669 - CubeFinder database Configuration version=3.0.37
2023-11-19 18:13:44,803 [INFO] ApiDb:670 - CubeFinder database generation date=2023-10-13 (1697197505)
2023-11-19 18:13:44,804 [INFO] ApiDb:671 - CubeFinder database FW Pack versions=[FP-ATR-ASTRA1_V2.0.0, FP-SNS-FLIGHT1_V5.0.1, FP-SNS-FLIGHT1_V5.0.2, FP-SNS-MOTENV1_V4.3.1, FP-SNS-MOTENV1_V4.3.2, FP-SNS-SMARTAG2_V1.2.0, I-CUBE-ITTIADB_V8.6.3-1, STM32Cube_FW_C0_V1.1.0, STM32Cube_FW_F4_V1.27.1, STM32Cube_FW_F7_V1.17.0, STM32Cube_FW_G0_V1.6.1, STM32Cube_FW_G4_V1.5.1, STM32Cube_FW_H5_V0.5.1, STM32Cube_FW_H5_V1.1.1, STM32Cube_FW_H7_V1.11.0, STM32Cube_FW_L0_V1.12.2, STM32Cube_FW_L5_V1.5.0, STM32Cube_FW_U5_V1.3.0, STM32Cube_FW_U5_V1.3.0RC4, STM32Cube_FW_WBA_V1.0.0RC1, STM32Cube_FW_WBA_V1.1.0RC1, STM32Cube_FW_WBA_V1.1.1, STM32Cube_FW_WB_V1.15.0RC1, STM32Cube_FW_WB_V1.16.0, STM32Cube_FW_WB_V1.16.0RC2, STM32Cube_FW_WB_V1.17.3, STM32Cube_FW_WL_V1.3.0, X-CUBE-ALGOBUILD_V1.3.0, X-CUBE-ALS_V1.0.1, X-CUBE-AZRTOS-F4_V1.1.0, X-CUBE-AZRTOS-F7_V1.1.0, X-CUBE-AZRTOS-G0_V1.1.0, X-CUBE-AZRTOS-G4_V2.0.0, X-CUBE-AZRTOS-H7_V3.1.0, X-CUBE-AZRTOS-L4_V1.0.0, X-CUBE-AZRTOS-L4_V2.0.0, X-CUBE-AZRTOS-L5_V1.1.0, X-CUBE-AZRTOS-WB_V2.0.0, X-CUBE-AZRTOS-WL_V2.0.0, X-CUBE-BLE1_V7.0.0, X-CUBE-BLE2_V3.3.0, X-CUBE-BLEMGR_V2.0.0, X-CUBE-EEPRMA1_V4.1.0, X-CUBE-FREERTOS_V1.1.0, X-CUBE-GNSS1_V6.0.0, X-CUBE-MEMS1_V10.0.0, X-CUBE-MEMS1_V9.1.0, X-CUBE-MEMS1_V9.4.0, X-CUBE-MEMS1_V9.6.0, X-CUBE-NFC4_V3.0.0, X-CUBE-NFC7_V1.0.1, X-CUBE-SFXS2LP1_V4.0.0, X-CUBE-SUBG2_V5.0.0, X-CUBE-TOF1_V3.3.1]
2023-11-19 18:13:50,934 [INFO] ApiDb:240 - Found 323 in-development CPN: [B-G473E-ZEST1S, B-WB1M-WPAN1, B-WL5M-SUBG1, NUCLEO-C031C6, NUCLEO-H503RB, NUCLEO-H563ZI, NUCLEO-U545RE-Q, NUCLEO-U5A5ZJ-Q, NUCLEO-WBA52CG, STEVAL-PROTEUS1, STEVAL-SMARTAG2, STEVAL-STWINBX1, STM320518-EVAL, STM32C0116-DK, STM32C011D6Y3TR, STM32C011D6Y6TR, STM32C011F4P3, STM32C011F4P6, STM32C011F4U3, STM32C011F4U6TR, STM32C011F6P3, STM32C011F6P6, STM32C011F6U3, STM32C011F6U6TR, STM32C011J4M3, STM32C011J4M6, STM32C011J6M3, STM32C011J6M6, STM32C0316-DK, STM32C031C4T3, STM32C031C4T6, STM32C031C4U3, STM32C031C4U6, STM32C031C6T3, STM32C031C6T6, STM32C031C6U3, STM32C031C6U6, STM32C031F4P3, STM32C031F4P6, STM32C031F6P3, STM32C031F6P6, STM32C031G4U3, STM32C031G4U6, STM32C031G6U3, STM32C031G6U6, STM32C031K4T3, STM32C031K4T6, STM32C031K4U3, STM32C031K4U6, STM32C031K6T3, STM32C031K6T6, STM32C031K6U3, STM32C031K6U6, STM32G071K8TXN, STM32G071K8UXN, STM32G081GBU6N, STM32G081KBT6N, STM32G081KBUXN, STM32G0B1CCT6N, STM32G0B1KCT6, STM32G0B1NEY6TR, STM32G0B1RCT6N, STM32G0C1CCT6, STM32G0C1CCT6N, STM32G0C1CCU6N, STM32G0C1CET6N, STM32G0C1CEU6N, STM32G0C1KCT6, STM32G0C1NEY6TR, STM32G0C1RCI6N, STM32G0C1RCT6N, STM32G0C1REI6N, STM32G0C1RET6N, STM32G0C1VCI6, STM32G0C1VEI6, STM32G471CCT6, STM32G471CCU6, STM32G471CET3, STM32G471CET6, STM32G471CEU3, STM32G471CEU6, STM32G471MCT6, STM32G471MET3, STM32G471MET6, STM32G471MEY6TR, STM32G471QCT6, STM32G471QET3, STM32G471RCT6, STM32G471RET3, STM32G471RET6, STM32G471VCH6, STM32G471VCI6, STM32G471VCT6, STM32G471VEH3, STM32G471VEH6, STM32G471VEI3, STM32G471VEI6, STM32G471VET3, STM32G471VET6, STM32G474CCT6, STM32H503CBT6, STM32H503CBU6, STM32H503EBY6TR, STM32H503KBU6, STM32H503RBT6, STM32H562AGI6, STM32H562AII6, STM32H562IGK6, STM32H562IGT6, STM32H562IIK6, STM32H562IIT6, STM32H562RGT6, STM32H562RGV6, STM32H562RIT6, STM32H562RIV6, STM32H562VGT6, STM32H562VIT6, STM32H562ZGT6, STM32H562ZIT6, STM32H563AGI6, STM32H563AII3Q, STM32H563AII6, STM32H563IGK6, STM32H563IGT6, STM32H563IIK3Q, STM32H563IIK6, STM32H563IIT3Q, STM32H563IIT6, STM32H563MIY3QTR, STM32H563RGT6, STM32H563RGV6, STM32H563RIT6, STM32H563RIV6, STM32H563VGT6, STM32H563VIT3Q, STM32H563VIT6, STM32H563ZGT6, STM32H563ZIT3Q, STM32H563ZIT6, STM32H573AII3Q, STM32H573AII6, STM32H573I-DK, STM32H573IIK3Q, STM32H573IIK6, STM32H573IIT3Q, STM32H573IIT6, STM32H573MIY3QTR, STM32H573RIT6, STM32H573RIV6, STM32H573VIT3Q, STM32H573VIT6, STM32H573ZIT3Q, STM32H573ZIT6, STM32L4R5QGI6STR, STM32MP131AAE3, STM32MP131AAF3, STM32MP131AAG3, STM32MP131CAE3, STM32MP131CAF3, STM32MP131CAG3, STM32MP131DAE7, STM32MP131DAF7, STM32MP131DAG7, STM32MP131FAE7, STM32MP131FAF7, STM32MP131FAG7, STM32MP133AAE3, STM32MP133AAF3, STM32MP133AAG3, STM32MP133CAE3, STM32MP133CAF3, STM32MP133CAG3, STM32MP133DAE7, STM32MP133DAF7, STM32MP133DAG7, STM32MP133FAE7, STM32MP133FAF7, STM32MP133FAG7, STM32MP135AAE3, STM32MP135AAF3, STM32MP135AAG3, STM32MP135CAE3, STM32MP135CAF3, STM32MP135CAG3, STM32MP135DAE7, STM32MP135DAF7, STM32MP135DAG7, STM32MP135F-DK, STM32MP135FAE7, STM32MP135FAF7, STM32MP135FAF7T, STM32MP135FAF7U, STM32MP135FAG7, STM32U535CBT6, STM32U535CBT6Q, STM32U535CBU6, STM32U535CBU6Q, STM32U535CCT6, STM32U535CCT6Q, STM32U535CCU6, STM32U535CCU6Q, STM32U535CET6, STM32U535CET6Q, STM32U535CEU6, STM32U535CEU6Q, STM32U535JEY6QTR, STM32U535NCY6QTR, STM32U535NEY6QTR, STM32U535RBI6, STM32U535RBI6Q, STM32U535RBT6, STM32U535RBT6Q, STM32U535RCI6, STM32U535RCI6Q, STM32U535RCT6, STM32U535RCT6Q, STM32U535REI6, STM32U535REI6Q, STM32U535RET6, STM32U535RET6Q, STM32U535VCI6, STM32U535VCI6Q, STM32U535VCT6, STM32U535VCT6Q, STM32U535VEI6, STM32U535VEI6Q, STM32U535VET6, STM32U535VET6Q, STM32U545CET6, STM32U545CET6Q, STM32U545CEU6, STM32U545CEU6Q, STM32U545JEY6QTR, STM32U545NEY6QTR, STM32U545REI6, STM32U545REI6Q, STM32U545RET6, STM32U545RET6Q, STM32U545VEI6, STM32U545VEI6Q, STM32U545VET6, STM32U545VET6Q, STM32U595AIH6, STM32U595AIH6Q, STM32U595AJH6, STM32U595AJH6Q, STM32U595QII6, STM32U595QII6Q, STM32U595QJI6, STM32U595QJI6Q, STM32U595RIT6, STM32U595RIT6Q, STM32U595RJT6, STM32U595RJT6Q, STM32U595VIT6, STM32U595VIT6Q, STM32U595VJT6, STM32U595VJT6Q, STM32U595ZIT6, STM32U595ZIT6Q, STM32U595ZIY6QTR, STM32U595ZJT6, STM32U595ZJT6Q, STM32U595ZJY6QTR, STM32U599BJY6QTR, STM32U599NIH6Q, STM32U599NJH6Q, STM32U599VIT6Q, STM32U599VJT6, STM32U599VJT6Q, STM32U599ZIT6Q, STM32U599ZIY6QTR, STM32U599ZJT6Q, STM32U599ZJY6QTR, STM32U5A5AJH6, STM32U5A5AJH6Q, STM32U5A5QJI6, STM32U5A5QJI6Q, STM32U5A5RJT6, STM32U5A5RJT6Q, STM32U5A5VJT6, STM32U5A5VJT6Q, STM32U5A5ZJT6, STM32U5A5ZJT6Q, STM32U5A5ZJY6QTR, STM32U5A9BJY6QTR, STM32U5A9J-DK, STM32U5A9NJH6Q, STM32U5A9VJT6Q, STM32U5A9ZJT6Q, STM32U5A9ZJY6QTR, STM32U5F7VIT6, STM32U5F7VIT6Q, STM32U5F7VJT6, STM32U5F7VJT6Q, STM32U5F9BJY6QTR, STM32U5F9NJH6Q, STM32U5F9VIT6Q, STM32U5F9VJT6Q, STM32U5F9ZIJ6QTR, STM32U5F9ZIT6Q, STM32U5F9ZJJ6QTR, STM32U5F9ZJT6Q, STM32U5G7VJT6, STM32U5G7VJT6Q, STM32U5G9BJY6QTR, STM32U5G9J-DK1, STM32U5G9J-DK2, STM32U5G9NJH6Q, STM32U5G9VJT6Q, STM32U5G9ZJJ6QTR, STM32U5G9ZJT6Q, STM32WB1MMCH6, STM32WBA52CEU6, STM32WBA52CEU6T, STM32WBA52CGU6, STM32WBA52CGU6T, STM32WBA52KEU6, STM32WBA52KEU6T, STM32WBA52KGU6, STM32WBA52KGU6T, STM32WL5MOCH6, STM32WL5MOCH6TR]
2023-11-19 18:13:50,957 [INFO] DbMcus:217 - Found 3848 MCUs, 3848 are supported
2023-11-19 18:13:50,962 [INFO] ApiDb:423 - Load user favorites file C:\Users\Minh/.stm32cubeide/favorites.mcus.txt: 0 item(s)
2023-11-19 18:13:50,962 [INFO] ApiDb:427 - User favorites MCUs=[]
2023-11-19 18:13:50,963 [INFO] DbMcus:223 - Set 0 / 0 favorites MCUs
2023-11-19 18:13:52,854 [INFO] ApiDb:668 - CubeFinder database Data Model version=2.1
2023-11-19 18:13:52,854 [INFO] ApiDb:669 - CubeFinder database Configuration version=3.0.37
2023-11-19 18:13:52,854 [INFO] ApiDb:670 - CubeFinder database generation date=2023-10-13 (1697197505)
2023-11-19 18:13:52,855 [INFO] ApiDb:671 - CubeFinder database FW Pack versions=[FP-ATR-ASTRA1_V2.0.0, FP-SNS-FLIGHT1_V5.0.1, FP-SNS-FLIGHT1_V5.0.2, FP-SNS-MOTENV1_V4.3.1, FP-SNS-MOTENV1_V4.3.2, FP-SNS-SMARTAG2_V1.2.0, I-CUBE-ITTIADB_V8.6.3-1, STM32Cube_FW_C0_V1.1.0, STM32Cube_FW_F4_V1.27.1, STM32Cube_FW_F7_V1.17.0, STM32Cube_FW_G0_V1.6.1, STM32Cube_FW_G4_V1.5.1, STM32Cube_FW_H5_V0.5.1, STM32Cube_FW_H5_V1.1.1, STM32Cube_FW_H7_V1.11.0, STM32Cube_FW_L0_V1.12.2, STM32Cube_FW_L5_V1.5.0, STM32Cube_FW_U5_V1.3.0, STM32Cube_FW_U5_V1.3.0RC4, STM32Cube_FW_WBA_V1.0.0RC1, STM32Cube_FW_WBA_V1.1.0RC1, STM32Cube_FW_WBA_V1.1.1, STM32Cube_FW_WB_V1.15.0RC1, STM32Cube_FW_WB_V1.16.0, STM32Cube_FW_WB_V1.16.0RC2, STM32Cube_FW_WB_V1.17.3, STM32Cube_FW_WL_V1.3.0, X-CUBE-ALGOBUILD_V1.3.0, X-CUBE-ALS_V1.0.1, X-CUBE-AZRTOS-F4_V1.1.0, X-CUBE-AZRTOS-F7_V1.1.0, X-CUBE-AZRTOS-G0_V1.1.0, X-CUBE-AZRTOS-G4_V2.0.0, X-CUBE-AZRTOS-H7_V3.1.0, X-CUBE-AZRTOS-L4_V1.0.0, X-CUBE-AZRTOS-L4_V2.0.0, X-CUBE-AZRTOS-L5_V1.1.0, X-CUBE-AZRTOS-WB_V2.0.0, X-CUBE-AZRTOS-WL_V2.0.0, X-CUBE-BLE1_V7.0.0, X-CUBE-BLE2_V3.3.0, X-CUBE-BLEMGR_V2.0.0, X-CUBE-EEPRMA1_V4.1.0, X-CUBE-FREERTOS_V1.1.0, X-CUBE-GNSS1_V6.0.0, X-CUBE-MEMS1_V10.0.0, X-CUBE-MEMS1_V9.1.0, X-CUBE-MEMS1_V9.4.0, X-CUBE-MEMS1_V9.6.0, X-CUBE-NFC4_V3.0.0, X-CUBE-NFC7_V1.0.1, X-CUBE-SFXS2LP1_V4.0.0, X-CUBE-SUBG2_V5.0.0, X-CUBE-TOF1_V3.3.1]
2023-11-19 18:13:53,105 [INFO] DbBoardsSqlite:226 - include board P-NUCLEO-WB55-NUCLEO as a kit item of type 'Nucleo-64'
2023-11-19 18:13:53,106 [INFO] DbBoardsSqlite:226 - include board P-NUCLEO-WB55-USBDONGLE as a kit item of type 'Nucleo USB Dongle'
2023-11-19 18:13:53,107 [INFO] DbBoardsSqlite:226 - include board STEVAL-IDP005V1 as a kit item of type 'Evaluation Board'
2023-11-19 18:13:53,108 [INFO] DbBoardsSqlite:226 - include board STEVAL-IDP005V2 as a kit item of type 'Evaluation Board'
2023-11-19 18:13:53,283 [INFO] ApiDb:240 - Found 323 in-development CPN: [B-G473E-ZEST1S, B-WB1M-WPAN1, B-WL5M-SUBG1, NUCLEO-C031C6, NUCLEO-H503RB, NUCLEO-H563ZI, NUCLEO-U545RE-Q, NUCLEO-U5A5ZJ-Q, NUCLEO-WBA52CG, STEVAL-PROTEUS1, STEVAL-SMARTAG2, STEVAL-STWINBX1, STM320518-EVAL, STM32C0116-DK, STM32C011D6Y3TR, STM32C011D6Y6TR, STM32C011F4P3, STM32C011F4P6, STM32C011F4U3, STM32C011F4U6TR, STM32C011F6P3, STM32C011F6P6, STM32C011F6U3, STM32C011F6U6TR, STM32C011J4M3, STM32C011J4M6, STM32C011J6M3, STM32C011J6M6, STM32C0316-DK, STM32C031C4T3, STM32C031C4T6, STM32C031C4U3, STM32C031C4U6, STM32C031C6T3, STM32C031C6T6, STM32C031C6U3, STM32C031C6U6, STM32C031F4P3, STM32C031F4P6, STM32C031F6P3, STM32C031F6P6, STM32C031G4U3, STM32C031G4U6, STM32C031G6U3, STM32C031G6U6, STM32C031K4T3, STM32C031K4T6, STM32C031K4U3, STM32C031K4U6, STM32C031K6T3, STM32C031K6T6, STM32C031K6U3, STM32C031K6U6, STM32G071K8TXN, STM32G071K8UXN, STM32G081GBU6N, STM32G081KBT6N, STM32G081KBUXN, STM32G0B1CCT6N, STM32G0B1KCT6, STM32G0B1NEY6TR, STM32G0B1RCT6N, STM32G0C1CCT6, STM32G0C1CCT6N, STM32G0C1CCU6N, STM32G0C1CET6N, STM32G0C1CEU6N, STM32G0C1KCT6, STM32G0C1NEY6TR, STM32G0C1RCI6N, STM32G0C1RCT6N, STM32G0C1REI6N, STM32G0C1RET6N, STM32G0C1VCI6, STM32G0C1VEI6, STM32G471CCT6, STM32G471CCU6, STM32G471CET3, STM32G471CET6, STM32G471CEU3, STM32G471CEU6, STM32G471MCT6, STM32G471MET3, STM32G471MET6, STM32G471MEY6TR, STM32G471QCT6, STM32G471QET3, STM32G471RCT6, STM32G471RET3, STM32G471RET6, STM32G471VCH6, STM32G471VCI6, STM32G471VCT6, STM32G471VEH3, STM32G471VEH6, STM32G471VEI3, STM32G471VEI6, STM32G471VET3, STM32G471VET6, STM32G474CCT6, STM32H503CBT6, STM32H503CBU6, STM32H503EBY6TR, STM32H503KBU6, STM32H503RBT6, STM32H562AGI6, STM32H562AII6, STM32H562IGK6, STM32H562IGT6, STM32H562IIK6, STM32H562IIT6, STM32H562RGT6, STM32H562RGV6, STM32H562RIT6, STM32H562RIV6, STM32H562VGT6, STM32H562VIT6, STM32H562ZGT6, STM32H562ZIT6, STM32H563AGI6, STM32H563AII3Q, STM32H563AII6, STM32H563IGK6, STM32H563IGT6, STM32H563IIK3Q, STM32H563IIK6, STM32H563IIT3Q, STM32H563IIT6, STM32H563MIY3QTR, STM32H563RGT6, STM32H563RGV6, STM32H563RIT6, STM32H563RIV6, STM32H563VGT6, STM32H563VIT3Q, STM32H563VIT6, STM32H563ZGT6, STM32H563ZIT3Q, STM32H563ZIT6, STM32H573AII3Q, STM32H573AII6, STM32H573I-DK, STM32H573IIK3Q, STM32H573IIK6, STM32H573IIT3Q, STM32H573IIT6, STM32H573MIY3QTR, STM32H573RIT6, STM32H573RIV6, STM32H573VIT3Q, STM32H573VIT6, STM32H573ZIT3Q, STM32H573ZIT6, STM32L4R5QGI6STR, STM32MP131AAE3, STM32MP131AAF3, STM32MP131AAG3, STM32MP131CAE3, STM32MP131CAF3, STM32MP131CAG3, STM32MP131DAE7, STM32MP131DAF7, STM32MP131DAG7, STM32MP131FAE7, STM32MP131FAF7, STM32MP131FAG7, STM32MP133AAE3, STM32MP133AAF3, STM32MP133AAG3, STM32MP133CAE3, STM32MP133CAF3, STM32MP133CAG3, STM32MP133DAE7, STM32MP133DAF7, STM32MP133DAG7, STM32MP133FAE7, STM32MP133FAF7, STM32MP133FAG7, STM32MP135AAE3, STM32MP135AAF3, STM32MP135AAG3, STM32MP135CAE3, STM32MP135CAF3, STM32MP135CAG3, STM32MP135DAE7, STM32MP135DAF7, STM32MP135DAG7, STM32MP135F-DK, STM32MP135FAE7, STM32MP135FAF7, STM32MP135FAF7T, STM32MP135FAF7U, STM32MP135FAG7, STM32U535CBT6, STM32U535CBT6Q, STM32U535CBU6, STM32U535CBU6Q, STM32U535CCT6, STM32U535CCT6Q, STM32U535CCU6, STM32U535CCU6Q, STM32U535CET6, STM32U535CET6Q, STM32U535CEU6, STM32U535CEU6Q, STM32U535JEY6QTR, STM32U535NCY6QTR, STM32U535NEY6QTR, STM32U535RBI6, STM32U535RBI6Q, STM32U535RBT6, STM32U535RBT6Q, STM32U535RCI6, STM32U535RCI6Q, STM32U535RCT6, STM32U535RCT6Q, STM32U535REI6, STM32U535REI6Q, STM32U535RET6, STM32U535RET6Q, STM32U535VCI6, STM32U535VCI6Q, STM32U535VCT6, STM32U535VCT6Q, STM32U535VEI6, STM32U535VEI6Q, STM32U535VET6, STM32U535VET6Q, STM32U545CET6, STM32U545CET6Q, STM32U545CEU6, STM32U545CEU6Q, STM32U545JEY6QTR, STM32U545NEY6QTR, STM32U545REI6, STM32U545REI6Q, STM32U545RET6, STM32U545RET6Q, STM32U545VEI6, STM32U545VEI6Q, STM32U545VET6, STM32U545VET6Q, STM32U595AIH6, STM32U595AIH6Q, STM32U595AJH6, STM32U595AJH6Q, STM32U595QII6, STM32U595QII6Q, STM32U595QJI6, STM32U595QJI6Q, STM32U595RIT6, STM32U595RIT6Q, STM32U595RJT6, STM32U595RJT6Q, STM32U595VIT6, STM32U595VIT6Q, STM32U595VJT6, STM32U595VJT6Q, STM32U595ZIT6, STM32U595ZIT6Q, STM32U595ZIY6QTR, STM32U595ZJT6, STM32U595ZJT6Q, STM32U595ZJY6QTR, STM32U599BJY6QTR, STM32U599NIH6Q, STM32U599NJH6Q, STM32U599VIT6Q, STM32U599VJT6, STM32U599VJT6Q, STM32U599ZIT6Q, STM32U599ZIY6QTR, STM32U599ZJT6Q, STM32U599ZJY6QTR, STM32U5A5AJH6, STM32U5A5AJH6Q, STM32U5A5QJI6, STM32U5A5QJI6Q, STM32U5A5RJT6, STM32U5A5RJT6Q, STM32U5A5VJT6, STM32U5A5VJT6Q, STM32U5A5ZJT6, STM32U5A5ZJT6Q, STM32U5A5ZJY6QTR, STM32U5A9BJY6QTR, STM32U5A9J-DK, STM32U5A9NJH6Q, STM32U5A9VJT6Q, STM32U5A9ZJT6Q, STM32U5A9ZJY6QTR, STM32U5F7VIT6, STM32U5F7VIT6Q, STM32U5F7VJT6, STM32U5F7VJT6Q, STM32U5F9BJY6QTR, STM32U5F9NJH6Q, STM32U5F9VIT6Q, STM32U5F9VJT6Q, STM32U5F9ZIJ6QTR, STM32U5F9ZIT6Q, STM32U5F9ZJJ6QTR, STM32U5F9ZJT6Q, STM32U5G7VJT6, STM32U5G7VJT6Q, STM32U5G9BJY6QTR, STM32U5G9J-DK1, STM32U5G9J-DK2, STM32U5G9NJH6Q, STM32U5G9VJT6Q, STM32U5G9ZJJ6QTR, STM32U5G9ZJT6Q, STM32WB1MMCH6, STM32WBA52CEU6, STM32WBA52CEU6T, STM32WBA52CGU6, STM32WBA52CGU6T, STM32WBA52KEU6, STM32WBA52KEU6T, STM32WBA52KGU6, STM32WBA52KGU6T, STM32WL5MOCH6, STM32WL5MOCH6TR]
2023-11-19 18:13:54,097 [INFO] BoardInfo:880 - No configuration file found for board P-NUCLEO-WB55
2023-11-19 18:13:54,098 [INFO] DbBoards:157 - Kit is not supported: P-NUCLEO-WB55
2023-11-19 18:13:54,137 [INFO] BoardInfo:880 - No configuration file found for board STEVAL-BFA001V1B
2023-11-19 18:13:54,137 [INFO] DbBoards:157 - Kit is not supported: STEVAL-BFA001V1B
2023-11-19 18:13:54,148 [INFO] BoardInfo:880 - No configuration file found for board STEVAL-BFA001V2B
2023-11-19 18:13:54,149 [INFO] DbBoards:157 - Kit is not supported: STEVAL-BFA001V2B
2023-11-19 18:13:54,840 [INFO] DbBoards:161 - Found 190 boards, 187 are supported
2023-11-19 18:13:54,851 [INFO] ApiDb:423 - Load user favorites file C:\Users\Minh/.stm32cubeide/favorites.boards.txt: 1 item(s)
2023-11-19 18:13:54,851 [INFO] ApiDb:427 - User favorites Boards=[STM32F407G-DISC1]
2023-11-19 18:13:54,852 [INFO] DbBoards:190 - Set 1 / 1 favorites Boards
2023-11-19 18:13:54,862 [INFO] ApiDb:668 - CubeFinder database Data Model version=2.1
2023-11-19 18:13:54,863 [INFO] ApiDb:669 - CubeFinder database Configuration version=3.0.37
2023-11-19 18:13:54,863 [INFO] ApiDb:670 - CubeFinder database generation date=2023-10-13 (1697197505)
2023-11-19 18:13:54,863 [INFO] ApiDb:671 - CubeFinder database FW Pack versions=[FP-ATR-ASTRA1_V2.0.0, FP-SNS-FLIGHT1_V5.0.1, FP-SNS-FLIGHT1_V5.0.2, FP-SNS-MOTENV1_V4.3.1, FP-SNS-MOTENV1_V4.3.2, FP-SNS-SMARTAG2_V1.2.0, I-CUBE-ITTIADB_V8.6.3-1, STM32Cube_FW_C0_V1.1.0, STM32Cube_FW_F4_V1.27.1, STM32Cube_FW_F7_V1.17.0, STM32Cube_FW_G0_V1.6.1, STM32Cube_FW_G4_V1.5.1, STM32Cube_FW_H5_V0.5.1, STM32Cube_FW_H5_V1.1.1, STM32Cube_FW_H7_V1.11.0, STM32Cube_FW_L0_V1.12.2, STM32Cube_FW_L5_V1.5.0, STM32Cube_FW_U5_V1.3.0, STM32Cube_FW_U5_V1.3.0RC4, STM32Cube_FW_WBA_V1.0.0RC1, STM32Cube_FW_WBA_V1.1.0RC1, STM32Cube_FW_WBA_V1.1.1, STM32Cube_FW_WB_V1.15.0RC1, STM32Cube_FW_WB_V1.16.0, STM32Cube_FW_WB_V1.16.0RC2, STM32Cube_FW_WB_V1.17.3, STM32Cube_FW_WL_V1.3.0, X-CUBE-ALGOBUILD_V1.3.0, X-CUBE-ALS_V1.0.1, X-CUBE-AZRTOS-F4_V1.1.0, X-CUBE-AZRTOS-F7_V1.1.0, X-CUBE-AZRTOS-G0_V1.1.0, X-CUBE-AZRTOS-G4_V2.0.0, X-CUBE-AZRTOS-H7_V3.1.0, X-CUBE-AZRTOS-L4_V1.0.0, X-CUBE-AZRTOS-L4_V2.0.0, X-CUBE-AZRTOS-L5_V1.1.0, X-CUBE-AZRTOS-WB_V2.0.0, X-CUBE-AZRTOS-WL_V2.0.0, X-CUBE-BLE1_V7.0.0, X-CUBE-BLE2_V3.3.0, X-CUBE-BLEMGR_V2.0.0, X-CUBE-EEPRMA1_V4.1.0, X-CUBE-FREERTOS_V1.1.0, X-CUBE-GNSS1_V6.0.0, X-CUBE-MEMS1_V10.0.0, X-CUBE-MEMS1_V9.1.0, X-CUBE-MEMS1_V9.4.0, X-CUBE-MEMS1_V9.6.0, X-CUBE-NFC4_V3.0.0, X-CUBE-NFC7_V1.0.1, X-CUBE-SFXS2LP1_V4.0.0, X-CUBE-SUBG2_V5.0.0, X-CUBE-TOF1_V3.3.1]
2023-11-19 18:13:58,017 [ERROR] DbExamplesSqlite:437 - Missing JSON key: board_cpn
2023-11-19 18:13:58,017 [ERROR] DbExamplesSqlite:437 - Missing JSON key: board_cpn
2023-11-19 18:13:58,018 [ERROR] DbExamplesSqlite:437 - Missing JSON key: board_cpn
2023-11-19 18:13:58,019 [ERROR] DbExamplesSqlite:437 - Missing JSON key: board_cpn
2023-11-19 18:13:58,076 [INFO] DbExamplesSqlite:395 - Ignored 27 examples not supported by CubeIDE
2023-11-19 18:13:58,077 [INFO] DbExamplesSqlite:396 - Found 7221 examples active
2023-11-19 18:13:58,077 [INFO] DbExamplesSqlite:397 - Found 777 examples obsolete
2023-11-19 18:13:58,077 [INFO] DbExamplesSqlite:398 - Found 0 examples under development
2023-11-19 18:13:58,078 [INFO] DbExamplesSqlite:399 - Found 74 examples not building
2023-11-19 18:13:58,085 [INFO] DbExamples:125 - Found 7268 examples
2023-11-19 18:13:58,152 [INFO] DbExamples:222 - Found 93 boards with related examples
2023-11-19 18:13:58,158 [INFO] DbExamples:235 - Found 79 MCUs with related examples
2023-11-19 18:13:58,318 [INFO] ApiDb:423 - Load user favorites file C:\Users\Minh/.stm32cubeide/favorites.examples.txt: 0 item(s)
2023-11-19 18:13:58,318 [INFO] ApiDb:427 - User favorites Examples=[]
2023-11-19 18:13:58,319 [INFO] DbExamples:250 - Set 0 / 0 favorites Examples
2023-11-19 18:14:00,212 [INFO] McuFinderGlobals:76 - Set McuFinderConnectedMode to true
2023-11-19 18:14:00,242 [INFO] MultiScanPanel:200 - Auto-refresh data requested => check proxy status ongoing
2023-11-19 18:14:00,257 [INFO] FinderPluginLoader:95 - Searching for filters in installed packs
2023-11-19 18:14:06,527 [INFO] LoadUrlFilesThread:185 - End of LoadServerUrlFiles without Thread
2023-11-19 18:14:06,575 [INFO] DetailPanel:341 - Set advertising image to C:/Users/Minh/STM32Cube/Repository/\en.prom-stm32h5-mcu-finder.jpg
2023-11-19 18:14:31,078 [INFO] MultiScanPanel:200 - Auto-refresh data requested => check proxy status ongoing
2023-11-19 18:14:31,507 [INFO] LoadUrlFilesThread:185 - End of LoadServerUrlFiles without Thread
2023-11-19 18:14:31,507 [INFO] DetailPanel:341 - Set advertising image to C:/Users/Minh/STM32Cube/Repository/\en.prom-stm32h5-mcu-finder.jpg
2023-11-19 18:14:31,542 [INFO] DbBoards:634 - Loading board mini-images...
2023-11-19 18:14:38,045 [INFO] DbBoards:657 - Loaded 190 board mini-images
2023-11-19 18:18:25,978 [INFO] McuFinderGlobals:76 - Set McuFinderConnectedMode to true
2023-11-19 18:18:25,990 [INFO] ApiDb:448 - Save user favorites file C:\Users\Minh/.stm32cubeide/favorites.mcus.txt: 0 item(s)
2023-11-19 18:18:25,990 [INFO] ApiDb:452 - User favorites MCUs=[]
2023-11-19 18:18:25,993 [INFO] ApiDb:448 - Save user favorites file C:\Users\Minh/.stm32cubeide/favorites.boards.txt: 1 item(s)
2023-11-19 18:18:25,994 [INFO] ApiDb:452 - User favorites Boards=[STM32F407G-DISC1]
2023-11-19 20:07:57,112 [INFO] MainUpdater:2868 - connection check result : 10
2023-11-19 20:07:57,245 [INFO] McuFinderGlobals:76 - Set McuFinderConnectedMode to true
2023-11-19 20:07:57,250 [INFO] MultiScanPanel:200 - Auto-refresh data requested => check proxy status ongoing
2023-11-19 20:07:57,252 [INFO] FinderPluginLoader:95 - Searching for filters in installed packs
2023-11-19 20:07:59,141 [INFO] LoadUrlFilesThread:185 - End of LoadServerUrlFiles without Thread
2023-11-19 20:07:59,142 [INFO] DetailPanel:341 - Set advertising image to C:/Users/Minh/STM32Cube/Repository/\en.prom-stm32h5-mcu-finder.jpg
2023-11-19 20:08:19,104 [INFO] ApiDb:581 - Connected to CubeFinder SQLite database (C:\Users\Minh\.stmcufinder\plugins\mcufinder\mcu\cube-finder-db.db)
2023-11-19 20:08:47,828 [INFO] MultiScanPanel:200 - Auto-refresh data requested => check proxy status ongoing
2023-11-19 20:08:47,933 [INFO] LoadUrlFilesThread:185 - End of LoadServerUrlFiles without Thread
2023-11-19 20:08:47,933 [INFO] DetailPanel:341 - Set advertising image to C:/Users/Minh/STM32Cube/Repository/\en.prom-stm32h5-mcu-finder.jpg
2023-11-19 20:09:34,178 [INFO] McuFinderGlobals:76 - Set McuFinderConnectedMode to true
2023-11-19 20:09:34,183 [INFO] ApiDb:448 - Save user favorites file C:\Users\Minh/.stm32cubeide/favorites.mcus.txt: 0 item(s)
2023-11-19 20:09:34,183 [INFO] ApiDb:452 - User favorites MCUs=[]
2023-11-19 20:09:34,186 [INFO] ApiDb:448 - Save user favorites file C:\Users\Minh/.stm32cubeide/favorites.boards.txt: 1 item(s)
2023-11-19 20:09:34,187 [INFO] ApiDb:452 - User favorites Boards=[STM32F407G-DISC1]
2023-11-19 20:14:53,818 [ERROR] ConfigurationRetriever:142 - IOException on connection: Read timed out
2023-11-19 21:29:08,102 [INFO] MainUpdater:2868 - connection check result : 10
2023-11-19 21:29:08,348 [INFO] McuFinderGlobals:76 - Set McuFinderConnectedMode to true
2023-11-19 21:29:08,363 [INFO] MultiScanPanel:200 - Auto-refresh data requested => check proxy status ongoing
2023-11-19 21:29:08,367 [INFO] FinderPluginLoader:95 - Searching for filters in installed packs
2023-11-19 21:29:10,661 [INFO] LoadUrlFilesThread:185 - End of LoadServerUrlFiles without Thread
2023-11-19 21:29:10,663 [INFO] DetailPanel:341 - Set advertising image to C:/Users/Minh/STM32Cube/Repository/\en.prom-stm32h5-mcu-finder.jpg
2023-11-19 21:29:14,806 [INFO] MultiScanPanel:200 - Auto-refresh data requested => check proxy status ongoing
2023-11-19 21:29:14,929 [INFO] LoadUrlFilesThread:185 - End of LoadServerUrlFiles without Thread
2023-11-19 21:29:14,929 [INFO] DetailPanel:341 - Set advertising image to C:/Users/Minh/STM32Cube/Repository/\en.prom-stm32h5-mcu-finder.jpg
2023-11-19 21:30:04,856 [INFO] McuFinderGlobals:76 - Set McuFinderConnectedMode to true
2023-11-19 21:30:04,862 [INFO] ApiDb:448 - Save user favorites file C:\Users\Minh/.stm32cubeide/favorites.mcus.txt: 0 item(s)
2023-11-19 21:30:04,863 [INFO] ApiDb:452 - User favorites MCUs=[]
2023-11-19 21:30:04,866 [INFO] ApiDb:448 - Save user favorites file C:\Users\Minh/.stm32cubeide/favorites.boards.txt: 1 item(s)
2023-11-19 21:30:04,866 [INFO] ApiDb:452 - User favorites Boards=[STM32F407G-DISC1]
2023-11-19 23:31:21,017 [ERROR] LogOutputStream:75 - [STDERR_REDIRECT] 
