2023-11-13 10:02:14,866 [INFO] Activator:176 - 


2023-11-13 10:02:14,874 [INFO] Activator:177 - !SESSION log4j initialized
2023-11-13 10:02:23,656 [INFO] LogOutputStream:77 - [STDOUT_REDIRECT] 
2023-11-13 10:02:30,208 [INFO] ApplicationProperties:184 - Using Application install path: C:\ST\STM32CubeIDE_1.4.0\STM32CubeIDE\plugins\com.st.stm32cube.common.mx_6.9.1.202307191849
2023-11-13 10:02:30,239 [INFO] DbMcusXml:78 - Set database path to: C:\ST\STM32CubeIDE_1.4.0\STM32CubeIDE\plugins\com.st.stm32cube.common.mx_6.9.1.202307191849\\db\/mcu/
2023-11-13 10:02:30,240 [INFO] ApiDb:274 - Set plugin database path to: C:\ST\STM32CubeIDE_1.4.0\STM32CubeIDE\plugins\com.st.stm32cube.common.mx_6.9.1.202307191849\\db\/plugins/boardmanager/
2023-11-13 10:02:30,240 [WARN] ApiDb:259 - Overriding images path with different value:  => C:\ST\STM32CubeIDE_1.4.0\STM32CubeIDE\plugins\com.st.stm32cube.common.mx_6.9.1.202307191849\\db\/plugins/mcufinder/images/
2023-11-13 10:02:30,260 [INFO] ApiDb:250 - Set database path to: C:\Users\Minh\.stmcufinder\plugins\mcufinder//mcu/
2023-11-13 10:02:30,261 [INFO] DbMcusAds:125 - Set database path to: C:\Users\Minh\.stmcufinder\plugins\mcufinder//mcu/
2023-11-13 10:02:30,265 [INFO] CrossReferenceDbSqlite:203 - Set database path to: C:\Users\Minh\.stmcufinder\plugins\mcufinder//mcu/cs/
2023-11-13 10:02:30,428 [INFO] RulesReader:64 - Compatibility file has been processed (293 Rules)
2023-11-13 10:02:30,534 [INFO] DbMcusXml:78 - Set database path to: C:\ST\STM32CubeIDE_1.4.0\STM32CubeIDE\plugins\com.st.stm32cube.common.mx_6.9.1.202307191849\\db\/mcu/
2023-11-13 10:02:30,534 [INFO] ApiDb:274 - Set plugin database path to: C:\ST\STM32CubeIDE_1.4.0\STM32CubeIDE\plugins\com.st.stm32cube.common.mx_6.9.1.202307191849\\db\/plugins/boardmanager/
2023-11-13 10:02:30,534 [INFO] ApiDb:261 - Set plugin images path to: C:\ST\STM32CubeIDE_1.4.0\STM32CubeIDE\plugins\com.st.stm32cube.common.mx_6.9.1.202307191849\\db\/plugins/mcufinder/images/
2023-11-13 10:02:30,534 [WARN] DbFile:41 - Overriding database path with different value: C:\Users\Minh\.stmcufinder\plugins\mcufinder/ => C:\Users\Minh\.stmcufinder\plugins\mcufinder
2023-11-13 10:02:30,535 [INFO] ApiDb:250 - Set database path to: C:\Users\Minh\.stmcufinder\plugins\mcufinder//mcu/
2023-11-13 10:02:30,535 [WARN] DbFile:41 - Overriding database path with different value: C:\Users\Minh\.stmcufinder\plugins\mcufinder/ => C:\Users\Minh\.stmcufinder\plugins\mcufinder
2023-11-13 10:02:30,535 [INFO] DbMcusAds:125 - Set database path to: C:\Users\Minh\.stmcufinder\plugins\mcufinder//mcu/
2023-11-13 10:02:30,535 [WARN] DbFile:41 - Overriding database path with different value: C:\Users\Minh\.stmcufinder\plugins\mcufinder/ => C:\Users\Minh\.stmcufinder\plugins\mcufinder
2023-11-13 10:02:30,535 [WARN] DbFile:41 - Overriding database path with different value: C:\Users\Minh\.stmcufinder\plugins\mcufinder/ => C:\Users\Minh\.stmcufinder\plugins\mcufinder
2023-11-13 10:02:30,535 [INFO] CrossReferenceDbSqlite:203 - Set database path to: C:\Users\Minh\.stmcufinder\plugins\mcufinder//mcu/cs/
2023-11-13 10:02:30,657 [INFO] MainPanel:262 - HeapMemory: 268435456
2023-11-13 10:02:30,783 [INFO] DbMcusXml:78 - Set database path to: C:\ST\STM32CubeIDE_1.4.0\STM32CubeIDE\plugins\com.st.stm32cube.common.mx_6.9.1.202307191849\\db\/mcu/
2023-11-13 10:02:30,784 [INFO] ApiDb:274 - Set plugin database path to: C:\ST\STM32CubeIDE_1.4.0\STM32CubeIDE\plugins\com.st.stm32cube.common.mx_6.9.1.202307191849\\db\/plugins/boardmanager/
2023-11-13 10:02:30,784 [INFO] ApiDb:261 - Set plugin images path to: C:\ST\STM32CubeIDE_1.4.0\STM32CubeIDE\plugins\com.st.stm32cube.common.mx_6.9.1.202307191849\\db\/plugins/mcufinder/images/
2023-11-13 10:02:30,784 [WARN] DbFile:41 - Overriding database path with different value: C:\Users\Minh\.stmcufinder\plugins\mcufinder/ => C:\Users\Minh\.stmcufinder\plugins\mcufinder
2023-11-13 10:02:30,784 [INFO] ApiDb:250 - Set database path to: C:\Users\Minh\.stmcufinder\plugins\mcufinder//mcu/
2023-11-13 10:02:30,784 [WARN] DbFile:41 - Overriding database path with different value: C:\Users\Minh\.stmcufinder\plugins\mcufinder/ => C:\Users\Minh\.stmcufinder\plugins\mcufinder
2023-11-13 10:02:30,785 [INFO] DbMcusAds:125 - Set database path to: C:\Users\Minh\.stmcufinder\plugins\mcufinder//mcu/
2023-11-13 10:02:30,785 [WARN] DbFile:41 - Overriding database path with different value: C:\Users\Minh\.stmcufinder\plugins\mcufinder/ => C:\Users\Minh\.stmcufinder\plugins\mcufinder
2023-11-13 10:02:30,785 [WARN] DbFile:41 - Overriding database path with different value: C:\Users\Minh\.stmcufinder\plugins\mcufinder/ => C:\Users\Minh\.stmcufinder\plugins\mcufinder
2023-11-13 10:02:30,785 [INFO] CrossReferenceDbSqlite:203 - Set database path to: C:\Users\Minh\.stmcufinder\plugins\mcufinder//mcu/cs/
2023-11-13 10:02:30,807 [INFO] ApplicationProperties:184 - Using Application install path: C:\ST\STM32CubeIDE_1.4.0\STM32CubeIDE\plugins\com.st.stm32cube.common.mx_6.9.1.202307191849
2023-11-13 10:02:30,809 [INFO] PluginManage:196 - Search for loadable plugins [exclusion list=, ]
2023-11-13 10:02:30,811 [INFO] PluginManage:310 - Check plugin analytics
2023-11-13 10:02:35,580 [INFO] AnalyticsPlugin:253 - Accepted Software Licenses: STM32CubeMX.6.0.0,STM32CubeMX.5.2.0
2023-11-13 10:02:35,581 [INFO] AnalyticsPlugin:255 - Accepted CMSIS Pack Licenses: 
2023-11-13 10:02:35,581 [INFO] AnalyticsPlugin:257 - Accepted Firmware Licenses: 
2023-11-13 10:02:35,586 [INFO] PluginManage:359 - Loaded plugin analytics (category:tool,tabindex:-1)
2023-11-13 10:02:35,587 [INFO] PluginManage:310 - Check plugin cadmodel
2023-11-13 10:02:35,605 [INFO] CADModel:105 - Init CAD model plugin
2023-11-13 10:02:35,606 [INFO] PluginManage:359 - Loaded plugin cadmodel (category:power,tabindex:5)
2023-11-13 10:02:35,606 [INFO] PluginManage:310 - Check plugin clock
2023-11-13 10:02:35,626 [INFO] PluginManage:359 - Loaded plugin clock (category:base,tabindex:2)
2023-11-13 10:02:35,626 [INFO] PluginManage:310 - Check plugin ddr
2023-11-13 10:02:35,629 [INFO] PluginManage:359 - Loaded plugin ddr (category:tool,tabindex:6)
2023-11-13 10:02:35,629 [INFO] PluginManage:310 - Check plugin filemanager
2023-11-13 10:02:35,791 [INFO] PluginManage:359 - Loaded plugin filemanager (category:base,tabindex:10)
2023-11-13 10:02:35,791 [INFO] PluginManage:310 - Check plugin ipmanager
2023-11-13 10:02:35,799 [INFO] PluginManage:359 - Loaded plugin ipmanager (category:base,tabindex:5)
2023-11-13 10:02:35,799 [INFO] PluginManage:310 - Check plugin lpbam
2023-11-13 10:02:35,818 [INFO] PluginManage:359 - Loaded plugin lpbam (category:base,tabindex:0)
2023-11-13 10:02:35,818 [INFO] PluginManage:310 - Check plugin memorymap
2023-11-13 10:02:35,847 [INFO] PluginManage:359 - Loaded plugin memorymap (category:base,tabindex:4)
2023-11-13 10:02:35,848 [INFO] PluginManage:310 - Check plugin pinoutandconfiguration
2023-11-13 10:02:35,866 [INFO] PluginManage:359 - Loaded plugin pinoutandconfiguration (category:base,tabindex:1)
2023-11-13 10:02:35,866 [INFO] PluginManage:310 - Check plugin pinoutconfig
2023-11-13 10:02:35,997 [WARN] SupportedApi:132 - Cannot load RTOS API schema: s4s-elt-must-match.1: The content of 'definitions' must match (annotation?, (simpleType | complexType)?, (unique | key | keyref)*)). A problem was found starting at: attribute.
2023-11-13 10:02:36,191 [INFO] PluginManage:359 - Loaded plugin pinoutconfig (category:base,tabindex:0)
2023-11-13 10:02:36,191 [INFO] PluginManage:310 - Check plugin power
2023-11-13 10:02:36,223 [INFO] PluginManage:359 - Loaded plugin power (category:power,tabindex:4)
2023-11-13 10:02:36,223 [INFO] PluginManage:310 - Check plugin projectmanager
2023-11-13 10:02:36,240 [INFO] PluginManage:359 - Loaded plugin projectmanager (category:projectmanager,tabindex:3)
2023-11-13 10:02:36,240 [INFO] PluginManage:310 - Check plugin thirdparty
2023-11-13 10:02:36,560 [INFO] PluginManage:359 - Loaded plugin thirdparty (category:base,tabindex:-1)
2023-11-13 10:02:36,560 [WARN] IntegrityCheckThread:84 - waiting for thirdparty lock release [integrity check]
2023-11-13 10:02:36,560 [INFO] PluginManage:310 - Check plugin tools
2023-11-13 10:02:36,560 [INFO] IntegrityCheckThread:86 - entering critical section [integrity check]
2023-11-13 10:02:36,561 [INFO] ThirdPartyUpdaterWithRetryManager:70 - Updater plugin not ready yet. [1/15]
2023-11-13 10:02:36,596 [INFO] PluginManage:359 - Loaded plugin tools (category:base,tabindex:7)
2023-11-13 10:02:36,596 [INFO] PluginManage:310 - Check plugin tutovideos
2023-11-13 10:02:36,839 [INFO] PluginManage:359 - Loaded plugin tutovideos (category:base,tabindex:-1)
2023-11-13 10:02:36,839 [INFO] PluginManage:310 - Check plugin updater
2023-11-13 10:02:36,855 [INFO] PluginManage:359 - Loaded plugin updater (category:base,tabindex:12)
2023-11-13 10:02:36,855 [INFO] PluginManage:310 - Check plugin userauth
2023-11-13 10:02:36,863 [INFO] UserAuth:113 - Init User Auth plugin
2023-11-13 10:02:36,863 [INFO] PluginManage:359 - Loaded plugin userauth (category:base,tabindex:14)
2023-11-13 10:02:36,864 [INFO] PluginManage:283 - PluginManage : Loaded plugins [17]
2023-11-13 10:02:37,137 [INFO] PinOutPanel:1499 - setPackage(No Configuration,No Configuration)
2023-11-13 10:02:37,264 [INFO] CADModel:165 - CPN selected for project level
2023-11-13 10:02:37,264 [INFO] CADModel:114 - Register for checkConnection events
2023-11-13 10:02:37,294 [INFO] IPUIPlugin:80 - create IPUIPlugin
2023-11-13 10:02:37,294 [INFO] PluginManager:220 - loadIPPluginJar : add adc
2023-11-13 10:02:37,329 [INFO] IPUIPlugin:80 - create IPUIPlugin
2023-11-13 10:02:37,330 [INFO] PluginManager:220 - loadIPPluginJar : add aes
2023-11-13 10:02:37,374 [INFO] IPUIPlugin:80 - create IPUIPlugin
2023-11-13 10:02:37,374 [INFO] PluginManager:220 - loadIPPluginJar : add can
2023-11-13 10:02:37,397 [INFO] IPUIPlugin:80 - create IPUIPlugin
2023-11-13 10:02:37,398 [INFO] PluginManager:220 - loadIPPluginJar : add comp
2023-11-13 10:02:37,432 [INFO] IPUIPlugin:80 - create IPUIPlugin
2023-11-13 10:02:37,432 [INFO] PluginManager:220 - loadIPPluginJar : add cryp
2023-11-13 10:02:37,465 [INFO] IPUIPlugin:80 - create IPUIPlugin
2023-11-13 10:02:37,465 [INFO] PluginManager:220 - loadIPPluginJar : add dfsdm
2023-11-13 10:02:37,481 [INFO] IPUIPlugin:80 - create IPUIPlugin
2023-11-13 10:02:37,482 [INFO] PluginManager:220 - loadIPPluginJar : add dma
2023-11-13 10:02:37,528 [INFO] IPUIPlugin:80 - create IPUIPlugin
2023-11-13 10:02:37,528 [INFO] PluginManager:220 - loadIPPluginJar : add dma3
2023-11-13 10:02:37,548 [INFO] IPUIPlugin:80 - create IPUIPlugin
2023-11-13 10:02:37,548 [INFO] PluginManager:220 - loadIPPluginJar : add fatfs
2023-11-13 10:02:37,594 [INFO] IPUIPlugin:80 - create IPUIPlugin
2023-11-13 10:02:37,595 [INFO] PluginManager:220 - loadIPPluginJar : add fmc
2023-11-13 10:02:37,611 [INFO] IPUIPlugin:80 - create IPUIPlugin
2023-11-13 10:02:37,611 [INFO] PluginManager:220 - loadIPPluginJar : add freertos
2023-11-13 10:02:37,632 [INFO] IPUIPlugin:80 - create IPUIPlugin
2023-11-13 10:02:37,633 [INFO] PluginManager:220 - loadIPPluginJar : add genericplugin
2023-11-13 10:02:37,718 [INFO] IPUIPlugin:80 - create IPUIPlugin
2023-11-13 10:02:37,719 [INFO] PluginManager:220 - loadIPPluginJar : add gfxmmu
2023-11-13 10:02:37,846 [INFO] IPUIPlugin:80 - create IPUIPlugin
2023-11-13 10:02:37,846 [INFO] PluginManager:220 - loadIPPluginJar : add gic
2023-11-13 10:02:37,860 [INFO] IPUIPlugin:80 - create IPUIPlugin
2023-11-13 10:02:37,861 [INFO] PluginManager:220 - loadIPPluginJar : add gpio
2023-11-13 10:02:37,949 [INFO] IPUIPlugin:80 - create IPUIPlugin
2023-11-13 10:02:37,949 [INFO] PluginManager:220 - loadIPPluginJar : add gtzc
2023-11-13 10:02:37,979 [INFO] IPUIPlugin:80 - create IPUIPlugin
2023-11-13 10:02:37,979 [INFO] PluginManager:220 - loadIPPluginJar : add hash
2023-11-13 10:02:38,029 [INFO] IPUIPlugin:80 - create IPUIPlugin
2023-11-13 10:02:38,029 [INFO] PluginManager:220 - loadIPPluginJar : add i2c
2023-11-13 10:02:38,066 [INFO] IPUIPlugin:80 - create IPUIPlugin
2023-11-13 10:02:38,066 [INFO] PluginManager:220 - loadIPPluginJar : add i2s
2023-11-13 10:02:38,107 [INFO] IPUIPlugin:80 - create IPUIPlugin
2023-11-13 10:02:38,107 [INFO] PluginManager:220 - loadIPPluginJar : add i3c
2023-11-13 10:02:38,207 [INFO] IPUIPlugin:80 - create IPUIPlugin
2023-11-13 10:02:38,207 [INFO] PluginManager:220 - loadIPPluginJar : add ipddr
2023-11-13 10:02:38,294 [INFO] IPUIPlugin:80 - create IPUIPlugin
2023-11-13 10:02:38,294 [INFO] PluginManager:220 - loadIPPluginJar : add linkedlist
2023-11-13 10:02:38,330 [INFO] IPUIPlugin:80 - create IPUIPlugin
2023-11-13 10:02:38,330 [INFO] PluginManager:220 - loadIPPluginJar : add lorawan
2023-11-13 10:02:38,365 [INFO] IPUIPlugin:80 - create IPUIPlugin
2023-11-13 10:02:38,365 [INFO] PluginManager:220 - loadIPPluginJar : add ltdc
2023-11-13 10:02:38,380 [INFO] IPUIPlugin:80 - create IPUIPlugin
2023-11-13 10:02:38,380 [INFO] PluginManager:220 - loadIPPluginJar : add mdma
2023-11-13 10:02:38,393 [INFO] IPUIPlugin:80 - create IPUIPlugin
2023-11-13 10:02:38,393 [INFO] PluginManager:220 - loadIPPluginJar : add nvic
2023-11-13 10:02:38,428 [INFO] IPUIPlugin:80 - create IPUIPlugin
2023-11-13 10:02:38,428 [INFO] PluginManager:220 - loadIPPluginJar : add opamp
2023-11-13 10:02:38,488 [INFO] IPUIPlugin:80 - create IPUIPlugin
2023-11-13 10:02:38,488 [INFO] PluginManager:220 - loadIPPluginJar : add openamp
2023-11-13 10:02:38,531 [INFO] IPUIPlugin:80 - create IPUIPlugin
2023-11-13 10:02:38,531 [INFO] PluginManager:220 - loadIPPluginJar : add pdm2pcm
2023-11-13 10:02:38,546 [INFO] IPUIPlugin:80 - create IPUIPlugin
2023-11-13 10:02:38,548 [INFO] PluginManager:220 - loadIPPluginJar : add plateformsettings
2023-11-13 10:02:38,569 [INFO] IPUIPlugin:80 - create IPUIPlugin
2023-11-13 10:02:38,570 [INFO] PluginManager:220 - loadIPPluginJar : add quadspi
2023-11-13 10:02:38,586 [INFO] IPUIPlugin:80 - create IPUIPlugin
2023-11-13 10:02:38,586 [INFO] PluginManager:220 - loadIPPluginJar : add resmgrutility
2023-11-13 10:02:38,638 [INFO] IPUIPlugin:80 - create IPUIPlugin
2023-11-13 10:02:38,638 [INFO] PluginManager:220 - loadIPPluginJar : add sai
2023-11-13 10:02:38,673 [INFO] IPUIPlugin:80 - create IPUIPlugin
2023-11-13 10:02:38,673 [INFO] PluginManager:220 - loadIPPluginJar : add spi
2023-11-13 10:02:38,728 [INFO] IPUIPlugin:80 - create IPUIPlugin
2023-11-13 10:02:38,728 [INFO] PluginManager:220 - loadIPPluginJar : add stm32_wpan
2023-11-13 10:02:38,750 [INFO] IPUIPlugin:80 - create IPUIPlugin
2023-11-13 10:02:38,751 [INFO] PluginManager:220 - loadIPPluginJar : add tim
2023-11-13 10:02:38,802 [INFO] IPUIPlugin:80 - create IPUIPlugin
2023-11-13 10:02:38,802 [INFO] PluginManager:220 - loadIPPluginJar : add touchsensing
2023-11-13 10:02:38,826 [INFO] IPUIPlugin:80 - create IPUIPlugin
2023-11-13 10:02:38,826 [INFO] PluginManager:220 - loadIPPluginJar : add tracer_emb
2023-11-13 10:02:38,849 [INFO] IPUIPlugin:80 - create IPUIPlugin
2023-11-13 10:02:38,849 [INFO] PluginManager:220 - loadIPPluginJar : add ts
2023-11-13 10:02:38,870 [INFO] IPUIPlugin:80 - create IPUIPlugin
2023-11-13 10:02:38,870 [INFO] PluginManager:220 - loadIPPluginJar : add tsc
2023-11-13 10:02:38,891 [INFO] IPUIPlugin:80 - create IPUIPlugin
2023-11-13 10:02:38,892 [INFO] PluginManager:220 - loadIPPluginJar : add ucpd
2023-11-13 10:02:38,937 [INFO] IPUIPlugin:80 - create IPUIPlugin
2023-11-13 10:02:38,937 [INFO] PluginManager:220 - loadIPPluginJar : add usart
2023-11-13 10:02:38,979 [INFO] IPUIPlugin:80 - create IPUIPlugin
2023-11-13 10:02:38,979 [INFO] PluginManager:220 - loadIPPluginJar : add usbx
2023-11-13 10:02:39,118 [INFO] CADModel:165 - CPN selected for project level
2023-11-13 10:02:39,118 [INFO] CADModel:114 - Register for checkConnection events
2023-11-13 10:02:39,119 [FATAL] Updater:308 - Updater called before beeing initialized
2023-11-13 10:02:39,119 [ERROR] CADModel:125 - Updater not yet initialized, retry later 
2023-11-13 10:02:39,304 [INFO] CADModel:165 - CPN selected for project level
2023-11-13 10:02:39,304 [INFO] CADModel:114 - Register for checkConnection events
2023-11-13 10:02:39,305 [FATAL] Updater:308 - Updater called before beeing initialized
2023-11-13 10:02:39,305 [ERROR] CADModel:125 - Updater not yet initialized, retry later 
2023-11-13 10:02:39,309 [FATAL] Updater:308 - Updater called before beeing initialized
2023-11-13 10:02:39,440 [FATAL] Updater:308 - Updater called before beeing initialized
2023-11-13 10:02:39,446 [INFO] DbMcusAds:53 - JSON generation date=Tue Mar 07 17:50:55 JST 2023 (1678179055335)
2023-11-13 10:02:39,446 [FATAL] Updater:308 - Updater called before beeing initialized
2023-11-13 10:02:39,538 [WARN] DetailPanel:346 - Failed to get advertising image, set to default
2023-11-13 10:02:39,564 [INFO] ThirdPartyUpdaterWithRetryManager:70 - Updater plugin not ready yet. [2/15]
2023-11-13 10:02:39,641 [FATAL] Updater:308 - Updater called before beeing initialized
2023-11-13 10:02:39,643 [FATAL] Updater:308 - Updater called before beeing initialized
2023-11-13 10:02:39,643 [FATAL] Updater:308 - Updater called before beeing initialized
2023-11-13 10:02:39,643 [WARN] DetailPanel:346 - Failed to get advertising image, set to default
2023-11-13 10:02:39,644 [FATAL] Updater:308 - Updater called before beeing initialized
2023-11-13 10:02:39,725 [ERROR] Updater:1120 - MainUpdater not yet initialized. External WinMGr cannot be set.
2023-11-13 10:02:39,737 [INFO] Updater:1056 - Updater Version found : 6.9.1
2023-11-13 10:02:39,757 [INFO] ApplicationProperties:184 - Using Application install path: C:\ST\STM32CubeIDE_1.4.0\STM32CubeIDE\plugins\com.st.stm32cube.common.mx_6.9.1.202307191849
2023-11-13 10:02:39,876 [INFO] MainUpdater:2868 - connection check result : 10
2023-11-13 10:02:39,876 [INFO] MainUpdater:3562 - Updater definition file requires update
2023-11-13 10:02:39,877 [INFO] MainUpdater:285 - Updater Check For Update Now.
2023-11-13 10:02:39,896 [INFO] MicroXplorer:498 - Change Database Version : DB.6.0.91
2023-11-13 10:02:39,919 [INFO] McuFinderGlobals:63 - Set McuFinder mode to 2 (CubeIDE integrated)
2023-11-13 10:02:39,920 [INFO] UserAuth:179 - activating auth plugin
2023-11-13 10:02:39,923 [INFO] UserAuth:393 - Internet connection configuration mode: 1
2023-11-13 10:02:39,927 [INFO] ServerAccessManage:473 - Download File updaters.zip
2023-11-13 10:02:39,963 [INFO] JxBrowserEngine:151 - Initiate JxBrowser Engine with user profile folder
2023-11-13 10:02:40,017 [INFO] FileExtend:240 - Unzip File : updaters.zip
2023-11-13 10:02:40,017 [INFO] FileExtend:255 - Standard Zip Deflate
2023-11-13 10:02:40,408 [INFO] ServerAccessManage:473 - Download File PacksControlFlags.xml
2023-11-13 10:02:40,492 [INFO] ServerAccessManage:473 - Download File cubemx.pidx
2023-11-13 10:02:40,911 [INFO] ServerAccessManage:473 - Download File STMicroelectronics.FP-SNS-MOTENVWB1.pdsc
2023-11-13 10:02:41,889 [INFO] WebApp:157 - Instantiating new browser for Auth
2023-11-13 10:02:42,253 [WARN] PackLoader:240 - Cannot read IP mode file for STMicroelectronics.FP-SNS-MOTENVWB1.1.3.0
2023-11-13 10:02:42,259 [INFO] PopulateThirdPartyThread:66 - Ending populate Thread
2023-11-13 10:02:42,263 [INFO] ThirdParty:1030 - CMSIS Pack Vendor :STMicroelectronics FP-SNS-MOTENVWB1 1.3.0
2023-11-13 10:02:42,263 [INFO] LoadServerUpdatesThread:373 - End of LoadServerUpdate Thread
2023-11-13 10:02:42,402 [INFO] CheckServerUpdateThread:120 - End of CheckServer Thread
2023-11-13 10:02:42,863 [WARN] PackLoader:240 - Cannot read IP mode file for STMicroelectronics.X-CUBE-SMBUS.2.1.0
2023-11-13 10:02:42,905 [WARN] PackLoader:240 - Cannot read IP mode file for STMicroelectronics.X-CUBE-AZRTOS-F7.1.1.0
2023-11-13 10:02:42,918 [ERROR] RealEvaluatedCondition:428 - Found unsupported composite condition: GROUP='STM32_MetaDataManager' CLASS='Data Exchange'
2023-11-13 10:02:42,918 [ERROR] RealEvaluatedCondition:428 - Found unsupported composite condition: CLASS='Data Exchange' GROUP='STM32_MetaDataManager'
2023-11-13 10:02:42,921 [WARN] PackLoader:240 - Cannot read IP mode file for STMicroelectronics.FP-SNS-MOTENV1.4.3.0
2023-11-13 10:02:42,934 [WARN] PackLoader:240 - Cannot read IP mode file for STMicroelectronics.FP-SNS-MOTENV1.4.3.2
2023-11-13 10:02:42,944 [WARN] PackLoader:240 - Cannot read IP mode file for STMicroelectronics.FP-SNS-FLIGHT1.5.0.0
2023-11-13 10:02:42,949 [ERROR] RealEvaluatedCondition:428 - Found unsupported composite condition: GROUP='STM32_MetaDataManager' CLASS='Data Exchange'
2023-11-13 10:02:42,950 [ERROR] RealEvaluatedCondition:428 - Found unsupported composite condition: CLASS='Data Exchange' GROUP='STM32_MetaDataManager'
2023-11-13 10:02:42,952 [WARN] PackLoader:240 - Cannot read IP mode file for STMicroelectronics.FP-SNS-MOTENV1.4.3.1
2023-11-13 10:02:42,960 [WARN] PackLoader:240 - Cannot read IP mode file for STMicroelectronics.FP-SNS-FLIGHT1.5.0.1
2023-11-13 10:02:42,972 [WARN] PackLoader:240 - Cannot read IP mode file for STMicroelectronics.X-CUBE-BLE1.6.2.4
2023-11-13 10:02:42,979 [WARN] PackLoader:240 - Cannot read IP mode file for STMicroelectronics.FP-SNS-FLIGHT1.5.0.2
2023-11-13 10:02:42,991 [WARN] PackLoader:240 - Cannot read IP mode file for STMicroelectronics.X-CUBE-DISPLAY.3.0.0
2023-11-13 10:02:43,006 [WARN] PackLoader:240 - Cannot read IP mode file for STMicroelectronics.X-CUBE-BLE1.7.0.0
2023-11-13 10:02:43,015 [WARN] PackLoader:240 - Cannot read IP mode file for STMicroelectronics.X-CUBE-TOUCHGFX.4.22.0
2023-11-13 10:02:43,019 [WARN] PackLoader:240 - Cannot read IP mode file for STMicroelectronics.X-CUBE-TOUCHGFX.4.22.1
2023-11-13 10:02:43,028 [WARN] PackLoader:240 - Cannot read IP mode file for STMicroelectronics.FP-SNS-SMARTAG2.1.2.0
2023-11-13 10:02:43,041 [INFO] LogOutputStream:77 - [STDOUT_REDIRECT] 1 : Invalid condition id : UX_CORESTACK_Condition cause : null
2023-11-13 10:02:43,041 [INFO] LogOutputStream:77 - [STDOUT_REDIRECT] 1 : Invalid condition id : UX_CORESTACK_Condition cause : null
2023-11-13 10:02:43,044 [INFO] LogOutputStream:77 - [STDOUT_REDIRECT] 1 : Invalid condition id : UX_CORESTACK_Condition cause : null
2023-11-13 10:02:43,047 [INFO] LogOutputStream:77 - [STDOUT_REDIRECT] 1 : Invalid condition id : UX_CORESTACK_Condition cause : null
2023-11-13 10:02:43,049 [INFO] LogOutputStream:77 - [STDOUT_REDIRECT] 1 : Invalid condition id : UX_CORESTACK_Condition cause : null
2023-11-13 10:02:43,053 [WARN] PackLoader:240 - Cannot read IP mode file for STMicroelectronics.X-CUBE-AZRTOS-WL.2.0.0
2023-11-13 10:02:43,064 [WARN] PackLoader:240 - Cannot read IP mode file for WES.I-CUBE-Cesium.1.3.0
2023-11-13 10:02:43,070 [WARN] PackLoader:240 - Cannot read IP mode file for STMicroelectronics.X-CUBE-BLE2.3.3.0
2023-11-13 10:02:43,086 [WARN] PackLoader:240 - Cannot read IP mode file for STMicroelectronics.X-CUBE-TOF1.3.2.0
2023-11-13 10:02:43,101 [WARN] PackLoader:240 - Cannot read IP mode file for STMicroelectronics.X-CUBE-TOUCHGFX.4.21.1
2023-11-13 10:02:43,105 [WARN] PackLoader:240 - Cannot read IP mode file for STMicroelectronics.X-CUBE-TOUCHGFX.4.21.3
2023-11-13 10:02:43,109 [WARN] PackLoader:240 - Cannot read IP mode file for STMicroelectronics.X-CUBE-TOUCHGFX.4.21.4
2023-11-13 10:02:43,120 [WARN] PackLoader:240 - Cannot read IP mode file for STMicroelectronics.X-CUBE-ALGOBUILD.1.3.0
2023-11-13 10:02:43,147 [WARN] PackLoader:240 - Cannot read IP mode file for STMicroelectronics.X-CUBE-AZRTOS-G0.1.1.0
2023-11-13 10:02:43,157 [WARN] PackLoader:240 - Cannot read IP mode file for STMicroelectronics.X-CUBE-NFC4.3.0.0
2023-11-13 10:02:43,168 [WARN] PackLoader:240 - Cannot read IP mode file for STMicroelectronics.X-CUBE-BLEMGR.3.0.0
2023-11-13 10:02:43,176 [WARN] PackLoader:240 - Cannot read IP mode file for STMicroelectronics.FP-ATR-SIGFOX1.3.2.0
2023-11-13 10:02:43,235 [WARN] PackLoader:240 - Cannot read IP mode file for STMicroelectronics.X-CUBE-MEMS1.9.5.0
2023-11-13 10:02:43,387 [INFO] WebApp:753 - Register for checkConnection events
2023-11-13 10:02:43,387 [INFO] WebApp:390 - Apply proxy settings
2023-11-13 10:02:43,387 [INFO] WebApp:475 - Chromium requires no authentication
2023-11-13 10:02:43,404 [INFO] WebApp:418 - Direct internet connection detected
2023-11-13 10:02:43,557 [WARN] PackLoader:240 - Cannot read IP mode file for SEGGER.I-CUBE-embOS.1.3.1
2023-11-13 10:02:43,636 [WARN] PackLoader:240 - Cannot read IP mode file for STMicroelectronics.X-CUBE-GNSS1.6.0.0
2023-11-13 10:02:43,662 [WARN] PackLoader:240 - Cannot read IP mode file for STMicroelectronics.X-CUBE-AZRTOS-F4.1.1.0
2023-11-13 10:02:43,685 [WARN] PackLoader:240 - Cannot read IP mode file for STMicroelectronics.X-CUBE-AZRTOS-L5.2.0.0
2023-11-13 10:02:43,728 [WARN] PackLoader:240 - Cannot read IP mode file for STMicroelectronics.X-CUBE-MEMS1.9.6.0
2023-11-13 10:02:43,768 [INFO] WebApp:188 - Starting web application
2023-11-13 10:02:43,769 [INFO] WebApp:520 - Web application path used C:\ST\STM32CubeIDE_1.4.0\STM32CubeIDE\plugins\com.st.stm32cube.common.mx_6.9.1.202307191849\db\plugins\mcufinder\reactClient1\index.html
2023-11-13 10:02:43,930 [WARN] PackLoader:240 - Cannot read IP mode file for STMicroelectronics.X-CUBE-EEPRMA1.4.2.0
2023-11-13 10:02:43,937 [WARN] PackLoader:240 - Cannot read IP mode file for ITTIA_DB.I-CUBE-ITTIADB.8.8.0
2023-11-13 10:02:43,944 [WARN] PackLoader:240 - Cannot read IP mode file for emotas.I-CUBE-CANOPEN.1.1.3
2023-11-13 10:02:43,952 [WARN] PackLoader:240 - Cannot read IP mode file for STMicroelectronics.X-CUBE-BLEMGR.2.0.0
2023-11-13 10:02:43,978 [WARN] ConditionMgr:438 - getConditionDescription Invalid condition id : UX DEVICE CLASS RTOS Condition cause : null
2023-11-13 10:02:43,979 [WARN] ConditionMgr:438 - getConditionDescription Invalid condition id : UX DEVICE CLASS RTOS Condition cause : null
2023-11-13 10:02:43,984 [WARN] PackLoader:240 - Cannot read IP mode file for STMicroelectronics.X-CUBE-AZRTOS-H7.3.1.0
2023-11-13 10:02:43,987 [WARN] ConditionMgr:1039 - genDependencies : Invalid condition id : UX DEVICE CLASS RTOS Condition cause : null
2023-11-13 10:02:43,988 [WARN] ConditionMgr:1039 - genDependencies : Invalid condition id : UX DEVICE CLASS RTOS Condition cause : null
2023-11-13 10:02:43,989 [WARN] ConditionMgr:1039 - genDependencies : Invalid condition id : UX DEVICE CLASS RTOS Condition cause : null
2023-11-13 10:02:43,990 [WARN] ConditionMgr:1039 - genDependencies : Invalid condition id : UX DEVICE CLASS RTOS Condition cause : null
2023-11-13 10:02:43,990 [WARN] ConditionMgr:1039 - genDependencies : Invalid condition id : UX DEVICE CLASS RTOS Condition cause : null
2023-11-13 10:02:43,998 [WARN] PackLoader:240 - Cannot read IP mode file for wolfSSL.I-CUBE-wolfSSL.5.5.4
2023-11-13 10:02:44,005 [WARN] PackLoader:240 - Cannot read IP mode file for STMicroelectronics.X-CUBE-NFC7.1.0.1
2023-11-13 10:02:44,012 [WARN] PackLoader:240 - Cannot read IP mode file for STMicroelectronics.X-CUBE-NFC7.1.0.0
2023-11-13 10:02:44,019 [WARN] PackLoader:240 - Cannot read IP mode file for STMicroelectronics.X-CUBE-NFC6.3.0.0
2023-11-13 10:02:44,027 [WARN] PackLoader:240 - Cannot read IP mode file for STMicroelectronics.X-CUBE-EEPRMA1.4.1.0
2023-11-13 10:02:44,034 [WARN] PackLoader:240 - Cannot read IP mode file for STMicroelectronics.X-CUBE-AI.8.1.0
2023-11-13 10:02:44,059 [WARN] ConditionMgr:438 - getConditionDescription Invalid condition id : LAN8742 Phy interface Condition cause : null
2023-11-13 10:02:44,061 [WARN] PackLoader:240 - Cannot read IP mode file for STMicroelectronics.X-CUBE-AZRTOS-L4.2.0.0
2023-11-13 10:02:44,065 [WARN] ConditionMgr:1039 - genDependencies : Invalid condition id : LAN8742 Phy interface Condition cause : null
2023-11-13 10:02:44,065 [WARN] ConditionMgr:1039 - genDependencies : Invalid condition id : LAN8742 Phy interface Condition cause : null
2023-11-13 10:02:44,066 [WARN] ConditionMgr:1039 - genDependencies : Invalid condition id : LAN8742 Phy interface Condition cause : null
2023-11-13 10:02:44,076 [WARN] PackLoader:240 - Cannot read IP mode file for STMicroelectronics.X-CUBE-SFXS2LP1.4.0.0
2023-11-13 10:02:44,115 [WARN] PackLoader:240 - Cannot read IP mode file for STMicroelectronics.X-CUBE-AZRTOS-H7.3.0.0
2023-11-13 10:02:44,128 [WARN] PackLoader:240 - Cannot read IP mode file for STMicroelectronics.X-CUBE-ISPU.1.1.0
2023-11-13 10:02:44,143 [WARN] PackLoader:240 - Cannot read IP mode file for RoweBots.I-CUBE-UNISONRTOS.5.5.0-4
2023-11-13 10:02:44,157 [WARN] PackLoader:240 - Cannot read IP mode file for STMicroelectronics.X-CUBE-AI.8.0.0
2023-11-13 10:02:44,180 [WARN] ConditionMgr:438 - getConditionDescription Invalid condition id : UX DEVICE CLASS RTOS Condition cause : null
2023-11-13 10:02:44,180 [WARN] ConditionMgr:438 - getConditionDescription Invalid condition id : UX DEVICE CLASS RTOS Condition cause : null
2023-11-13 10:02:44,183 [WARN] PackLoader:240 - Cannot read IP mode file for STMicroelectronics.X-CUBE-AZRTOS-WB.2.0.0
2023-11-13 10:02:44,184 [WARN] ConditionMgr:1039 - genDependencies : Invalid condition id : UX DEVICE CLASS RTOS Condition cause : null
2023-11-13 10:02:44,185 [WARN] ConditionMgr:1039 - genDependencies : Invalid condition id : UX DEVICE CLASS RTOS Condition cause : null
2023-11-13 10:02:44,186 [WARN] ConditionMgr:1039 - genDependencies : Invalid condition id : UX DEVICE CLASS RTOS Condition cause : null
2023-11-13 10:02:44,186 [WARN] ConditionMgr:1039 - genDependencies : Invalid condition id : UX DEVICE CLASS RTOS Condition cause : null
2023-11-13 10:02:44,186 [WARN] ConditionMgr:1039 - genDependencies : Invalid condition id : UX DEVICE CLASS RTOS Condition cause : null
2023-11-13 10:02:44,194 [WARN] PackLoader:240 - Cannot read IP mode file for STMicroelectronics.X-CUBE-FREERTOS.1.0.0
2023-11-13 10:02:44,200 [WARN] PackLoader:240 - Cannot read IP mode file for STMicroelectronics.X-CUBE-FREERTOS.1.0.1
2023-11-13 10:02:44,222 [WARN] PackLoader:240 - Cannot read IP mode file for STMicroelectronics.X-CUBE-AZRTOS-L5.1.1.0
2023-11-13 10:02:44,245 [WARN] PackLoader:240 - Cannot read IP mode file for STMicroelectronics.X-CUBE-AI.8.0.1
2023-11-13 10:02:44,260 [WARN] PackLoader:240 - Cannot read IP mode file for STMicroelectronics.X-CUBE-SUBG2.5.0.0
2023-11-13 10:02:44,279 [WARN] PackLoader:240 - Cannot read IP mode file for STMicroelectronics.X-CUBE-TOF1.3.3.1
2023-11-13 10:02:44,316 [WARN] PackLoader:240 - Cannot read IP mode file for STMicroelectronics.X-CUBE-AZRTOS-G4.2.0.0
2023-11-13 10:02:44,333 [WARN] PackLoader:240 - Cannot read IP mode file for STMicroelectronics.X-CUBE-TOF1.3.3.0
2023-11-13 10:02:44,351 [WARN] PackLoader:240 - Cannot read IP mode file for STMicroelectronics.FP-ATR-ASTRA1.1.1.1
2023-11-13 10:02:44,366 [WARN] PackLoader:240 - Cannot read IP mode file for Infineon.AIROC-Wi-Fi-Bluetooth-STM32.1.5.1
2023-11-13 10:02:44,376 [WARN] PackLoader:240 - Cannot read IP mode file for STMicroelectronics.FP-SNS-MOTENVWB1.1.3.0
2023-11-13 10:02:44,394 [WARN] PackLoader:240 - Cannot read IP mode file for STMicroelectronics.X-CUBE-AZRTOS-G4.1.0.0
2023-11-13 10:02:44,417 [WARN] PackLoader:240 - Cannot read IP mode file for STMicroelectronics.X-CUBE-AZRTOS-L4.1.0.0
2023-11-13 10:02:44,481 [WARN] PackLoader:240 - Cannot read IP mode file for STMicroelectronics.X-CUBE-MEMS1.10.0.0
2023-11-13 10:02:44,644 [WARN] PackLoader:240 - Cannot read IP mode file for STMicroelectronics.X-CUBE-FREERTOS.1.1.0
2023-11-13 10:02:44,659 [WARN] PackLoader:240 - Cannot read IP mode file for STMicroelectronics.X-CUBE-AZRTOS-WL.1.0.0
2023-11-13 10:02:44,668 [WARN] PackLoader:240 - Cannot read IP mode file for portGmbH.I-Cube-SoM-uGOAL.1.1.0
2023-11-13 10:02:44,674 [WARN] PackLoader:240 - Cannot read IP mode file for STMicroelectronics.X-CUBE-ALS.1.0.1
2023-11-13 10:02:44,688 [WARN] PackLoader:240 - Cannot read IP mode file for STMicroelectronics.X-CUBE-AZRTOS-WB.1.1.0
2023-11-13 10:02:44,693 [WARN] PackLoader:240 - Cannot read IP mode file for STMicroelectronics.FP-ATR-ASTRA1.2.0.0
2023-11-13 10:02:44,694 [INFO] ThirdParty:978 - Integrity check success = true
2023-11-13 10:02:44,694 [INFO] IntegrityCheckThread:100 - exiting critical section [integrity check]
2023-11-13 10:02:44,694 [INFO] IntegrityCheckThread:103 - End integrity checks thread
2023-11-13 10:09:59,519 [ERROR] LogOutputStream:75 - [STDERR_REDIRECT] SLF4J: Failed to load class "org.slf4j.impl.StaticLoggerBinder".
2023-11-13 10:09:59,519 [ERROR] LogOutputStream:75 - [STDERR_REDIRECT] SLF4J: Defaulting to no-operation (NOP) logger implementation
2023-11-13 10:09:59,521 [ERROR] LogOutputStream:75 - [STDERR_REDIRECT] SLF4J: See http://www.slf4j.org/codes.html#StaticLoggerBinder for further details.
2023-11-13 22:46:33,346 [ERROR] LogOutputStream:75 - [STDERR_REDIRECT] 
