2024-01-01 10:51:36,704 [INFO] Activator:176 - 


2024-01-01 10:51:36,720 [INFO] Activator:177 - !SESSION log4j initialized
2024-01-01 10:51:54,313 [INFO] LogOutputStream:77 - [STDOUT_REDIRECT] 
2024-01-01 10:52:03,702 [INFO] ApplicationProperties:184 - Using Application install path: C:\ST\STM32CubeIDE_1.4.0\STM32CubeIDE\plugins\com.st.stm32cube.common.mx_6.9.1.202307191849
2024-01-01 10:52:03,748 [INFO] DbMcusXml:78 - Set database path to: C:\ST\STM32CubeIDE_1.4.0\STM32CubeIDE\plugins\com.st.stm32cube.common.mx_6.9.1.202307191849\\db\/mcu/
2024-01-01 10:52:03,749 [INFO] ApiDb:274 - Set plugin database path to: C:\ST\STM32CubeIDE_1.4.0\STM32CubeIDE\plugins\com.st.stm32cube.common.mx_6.9.1.202307191849\\db\/plugins/boardmanager/
2024-01-01 10:52:03,750 [WARN] ApiDb:259 - Overriding images path with different value:  => C:\ST\STM32CubeIDE_1.4.0\STM32CubeIDE\plugins\com.st.stm32cube.common.mx_6.9.1.202307191849\\db\/plugins/mcufinder/images/
2024-01-01 10:52:03,776 [INFO] ApiDb:250 - Set database path to: C:\Users\Minh\.stmcufinder\plugins\mcufinder//mcu/
2024-01-01 10:52:03,779 [INFO] DbMcusAds:125 - Set database path to: C:\Users\Minh\.stmcufinder\plugins\mcufinder//mcu/
2024-01-01 10:52:03,783 [INFO] CrossReferenceDbSqlite:203 - Set database path to: C:\Users\Minh\.stmcufinder\plugins\mcufinder//mcu/cs/
2024-01-01 10:52:04,220 [INFO] RulesReader:64 - Compatibility file has been processed (293 Rules)
2024-01-01 10:52:04,632 [INFO] DbMcusXml:78 - Set database path to: C:\ST\STM32CubeIDE_1.4.0\STM32CubeIDE\plugins\com.st.stm32cube.common.mx_6.9.1.202307191849\\db\/mcu/
2024-01-01 10:52:04,632 [INFO] ApiDb:274 - Set plugin database path to: C:\ST\STM32CubeIDE_1.4.0\STM32CubeIDE\plugins\com.st.stm32cube.common.mx_6.9.1.202307191849\\db\/plugins/boardmanager/
2024-01-01 10:52:04,633 [INFO] ApiDb:261 - Set plugin images path to: C:\ST\STM32CubeIDE_1.4.0\STM32CubeIDE\plugins\com.st.stm32cube.common.mx_6.9.1.202307191849\\db\/plugins/mcufinder/images/
2024-01-01 10:52:04,634 [WARN] DbFile:41 - Overriding database path with different value: C:\Users\Minh\.stmcufinder\plugins\mcufinder/ => C:\Users\Minh\.stmcufinder\plugins\mcufinder
2024-01-01 10:52:04,634 [INFO] ApiDb:250 - Set database path to: C:\Users\Minh\.stmcufinder\plugins\mcufinder//mcu/
2024-01-01 10:52:04,635 [WARN] DbFile:41 - Overriding database path with different value: C:\Users\Minh\.stmcufinder\plugins\mcufinder/ => C:\Users\Minh\.stmcufinder\plugins\mcufinder
2024-01-01 10:52:04,635 [INFO] DbMcusAds:125 - Set database path to: C:\Users\Minh\.stmcufinder\plugins\mcufinder//mcu/
2024-01-01 10:52:04,635 [WARN] DbFile:41 - Overriding database path with different value: C:\Users\Minh\.stmcufinder\plugins\mcufinder/ => C:\Users\Minh\.stmcufinder\plugins\mcufinder
2024-01-01 10:52:04,636 [WARN] DbFile:41 - Overriding database path with different value: C:\Users\Minh\.stmcufinder\plugins\mcufinder/ => C:\Users\Minh\.stmcufinder\plugins\mcufinder
2024-01-01 10:52:04,636 [INFO] CrossReferenceDbSqlite:203 - Set database path to: C:\Users\Minh\.stmcufinder\plugins\mcufinder//mcu/cs/
2024-01-01 10:52:04,872 [INFO] MainPanel:262 - HeapMemory: 268435456
2024-01-01 10:52:05,131 [INFO] DbMcusXml:78 - Set database path to: C:\ST\STM32CubeIDE_1.4.0\STM32CubeIDE\plugins\com.st.stm32cube.common.mx_6.9.1.202307191849\\db\/mcu/
2024-01-01 10:52:05,132 [INFO] ApiDb:274 - Set plugin database path to: C:\ST\STM32CubeIDE_1.4.0\STM32CubeIDE\plugins\com.st.stm32cube.common.mx_6.9.1.202307191849\\db\/plugins/boardmanager/
2024-01-01 10:52:05,132 [INFO] ApiDb:261 - Set plugin images path to: C:\ST\STM32CubeIDE_1.4.0\STM32CubeIDE\plugins\com.st.stm32cube.common.mx_6.9.1.202307191849\\db\/plugins/mcufinder/images/
2024-01-01 10:52:05,133 [WARN] DbFile:41 - Overriding database path with different value: C:\Users\Minh\.stmcufinder\plugins\mcufinder/ => C:\Users\Minh\.stmcufinder\plugins\mcufinder
2024-01-01 10:52:05,134 [INFO] ApiDb:250 - Set database path to: C:\Users\Minh\.stmcufinder\plugins\mcufinder//mcu/
2024-01-01 10:52:05,134 [WARN] DbFile:41 - Overriding database path with different value: C:\Users\Minh\.stmcufinder\plugins\mcufinder/ => C:\Users\Minh\.stmcufinder\plugins\mcufinder
2024-01-01 10:52:05,134 [INFO] DbMcusAds:125 - Set database path to: C:\Users\Minh\.stmcufinder\plugins\mcufinder//mcu/
2024-01-01 10:52:05,135 [WARN] DbFile:41 - Overriding database path with different value: C:\Users\Minh\.stmcufinder\plugins\mcufinder/ => C:\Users\Minh\.stmcufinder\plugins\mcufinder
2024-01-01 10:52:05,135 [WARN] DbFile:41 - Overriding database path with different value: C:\Users\Minh\.stmcufinder\plugins\mcufinder/ => C:\Users\Minh\.stmcufinder\plugins\mcufinder
2024-01-01 10:52:05,153 [INFO] CrossReferenceDbSqlite:203 - Set database path to: C:\Users\Minh\.stmcufinder\plugins\mcufinder//mcu/cs/
2024-01-01 10:52:05,211 [INFO] ApplicationProperties:184 - Using Application install path: C:\ST\STM32CubeIDE_1.4.0\STM32CubeIDE\plugins\com.st.stm32cube.common.mx_6.9.1.202307191849
2024-01-01 10:52:05,215 [INFO] PluginManage:196 - Search for loadable plugins [exclusion list=, ]
2024-01-01 10:52:05,220 [INFO] PluginManage:310 - Check plugin analytics
2024-01-01 10:52:10,299 [INFO] AnalyticsPlugin:253 - Accepted Software Licenses: STM32CubeMX.6.0.0,STM32CubeMX.5.2.0
2024-01-01 10:52:10,300 [INFO] AnalyticsPlugin:255 - Accepted CMSIS Pack Licenses: 
2024-01-01 10:52:10,300 [INFO] AnalyticsPlugin:257 - Accepted Firmware Licenses: 
2024-01-01 10:52:10,305 [INFO] PluginManage:359 - Loaded plugin analytics (category:tool,tabindex:-1)
2024-01-01 10:52:10,306 [INFO] PluginManage:310 - Check plugin cadmodel
2024-01-01 10:52:10,335 [INFO] CADModel:105 - Init CAD model plugin
2024-01-01 10:52:10,336 [INFO] PluginManage:359 - Loaded plugin cadmodel (category:power,tabindex:5)
2024-01-01 10:52:10,336 [INFO] PluginManage:310 - Check plugin clock
2024-01-01 10:52:10,374 [INFO] PluginManage:359 - Loaded plugin clock (category:base,tabindex:2)
2024-01-01 10:52:10,374 [INFO] PluginManage:310 - Check plugin ddr
2024-01-01 10:52:10,380 [INFO] PluginManage:359 - Loaded plugin ddr (category:tool,tabindex:6)
2024-01-01 10:52:10,380 [INFO] PluginManage:310 - Check plugin filemanager
2024-01-01 10:52:10,670 [INFO] PluginManage:359 - Loaded plugin filemanager (category:base,tabindex:10)
2024-01-01 10:52:10,671 [INFO] PluginManage:310 - Check plugin ipmanager
2024-01-01 10:52:10,690 [INFO] PluginManage:359 - Loaded plugin ipmanager (category:base,tabindex:5)
2024-01-01 10:52:10,691 [INFO] PluginManage:310 - Check plugin lpbam
2024-01-01 10:52:10,734 [INFO] PluginManage:359 - Loaded plugin lpbam (category:base,tabindex:0)
2024-01-01 10:52:10,734 [INFO] PluginManage:310 - Check plugin memorymap
2024-01-01 10:52:10,779 [INFO] PluginManage:359 - Loaded plugin memorymap (category:base,tabindex:4)
2024-01-01 10:52:10,780 [INFO] PluginManage:310 - Check plugin pinoutandconfiguration
2024-01-01 10:52:10,815 [INFO] PluginManage:359 - Loaded plugin pinoutandconfiguration (category:base,tabindex:1)
2024-01-01 10:52:10,815 [INFO] PluginManage:310 - Check plugin pinoutconfig
2024-01-01 10:52:11,022 [WARN] SupportedApi:132 - Cannot load RTOS API schema: s4s-elt-must-match.1: The content of 'definitions' must match (annotation?, (simpleType | complexType)?, (unique | key | keyref)*)). A problem was found starting at: attribute.
2024-01-01 10:52:11,321 [INFO] PluginManage:359 - Loaded plugin pinoutconfig (category:base,tabindex:0)
2024-01-01 10:52:11,322 [INFO] PluginManage:310 - Check plugin power
2024-01-01 10:52:11,364 [INFO] PluginManage:359 - Loaded plugin power (category:power,tabindex:4)
2024-01-01 10:52:11,364 [INFO] PluginManage:310 - Check plugin projectmanager
2024-01-01 10:52:11,396 [INFO] PluginManage:359 - Loaded plugin projectmanager (category:projectmanager,tabindex:3)
2024-01-01 10:52:11,397 [INFO] PluginManage:310 - Check plugin thirdparty
2024-01-01 10:52:12,003 [WARN] IntegrityCheckThread:84 - waiting for thirdparty lock release [integrity check]
2024-01-01 10:52:12,003 [INFO] PluginManage:359 - Loaded plugin thirdparty (category:base,tabindex:-1)
2024-01-01 10:52:12,003 [INFO] IntegrityCheckThread:86 - entering critical section [integrity check]
2024-01-01 10:52:12,003 [INFO] PluginManage:310 - Check plugin tools
2024-01-01 10:52:12,004 [INFO] ThirdPartyUpdaterWithRetryManager:70 - Updater plugin not ready yet. [1/15]
2024-01-01 10:52:12,074 [INFO] PluginManage:359 - Loaded plugin tools (category:base,tabindex:7)
2024-01-01 10:52:12,074 [INFO] PluginManage:310 - Check plugin tutovideos
2024-01-01 10:52:12,494 [INFO] PluginManage:359 - Loaded plugin tutovideos (category:base,tabindex:-1)
2024-01-01 10:52:12,494 [INFO] PluginManage:310 - Check plugin updater
2024-01-01 10:52:12,517 [INFO] PluginManage:359 - Loaded plugin updater (category:base,tabindex:12)
2024-01-01 10:52:12,518 [INFO] PluginManage:310 - Check plugin userauth
2024-01-01 10:52:12,528 [INFO] UserAuth:113 - Init User Auth plugin
2024-01-01 10:52:12,528 [INFO] PluginManage:359 - Loaded plugin userauth (category:base,tabindex:14)
2024-01-01 10:52:12,529 [INFO] PluginManage:283 - PluginManage : Loaded plugins [17]
2024-01-01 10:52:12,966 [INFO] PinOutPanel:1499 - setPackage(No Configuration,No Configuration)
2024-01-01 10:52:13,178 [INFO] CADModel:165 - CPN selected for project level
2024-01-01 10:52:13,179 [INFO] CADModel:114 - Register for checkConnection events
2024-01-01 10:52:13,230 [INFO] IPUIPlugin:80 - create IPUIPlugin
2024-01-01 10:52:13,231 [INFO] PluginManager:220 - loadIPPluginJar : add adc
2024-01-01 10:52:13,295 [INFO] IPUIPlugin:80 - create IPUIPlugin
2024-01-01 10:52:13,296 [INFO] PluginManager:220 - loadIPPluginJar : add aes
2024-01-01 10:52:13,369 [INFO] IPUIPlugin:80 - create IPUIPlugin
2024-01-01 10:52:13,369 [INFO] PluginManager:220 - loadIPPluginJar : add can
2024-01-01 10:52:13,410 [INFO] IPUIPlugin:80 - create IPUIPlugin
2024-01-01 10:52:13,410 [INFO] PluginManager:220 - loadIPPluginJar : add comp
2024-01-01 10:52:13,482 [INFO] IPUIPlugin:80 - create IPUIPlugin
2024-01-01 10:52:13,482 [INFO] PluginManager:220 - loadIPPluginJar : add cryp
2024-01-01 10:52:13,540 [INFO] IPUIPlugin:80 - create IPUIPlugin
2024-01-01 10:52:13,540 [INFO] PluginManager:220 - loadIPPluginJar : add dfsdm
2024-01-01 10:52:13,564 [INFO] IPUIPlugin:80 - create IPUIPlugin
2024-01-01 10:52:13,565 [INFO] PluginManager:220 - loadIPPluginJar : add dma
2024-01-01 10:52:13,641 [INFO] IPUIPlugin:80 - create IPUIPlugin
2024-01-01 10:52:13,641 [INFO] PluginManager:220 - loadIPPluginJar : add dma3
2024-01-01 10:52:13,678 [INFO] IPUIPlugin:80 - create IPUIPlugin
2024-01-01 10:52:13,678 [INFO] PluginManager:220 - loadIPPluginJar : add fatfs
2024-01-01 10:52:13,758 [INFO] IPUIPlugin:80 - create IPUIPlugin
2024-01-01 10:52:13,758 [INFO] PluginManager:220 - loadIPPluginJar : add fmc
2024-01-01 10:52:13,784 [INFO] IPUIPlugin:80 - create IPUIPlugin
2024-01-01 10:52:13,784 [INFO] PluginManager:220 - loadIPPluginJar : add freertos
2024-01-01 10:52:13,820 [INFO] IPUIPlugin:80 - create IPUIPlugin
2024-01-01 10:52:13,820 [INFO] PluginManager:220 - loadIPPluginJar : add genericplugin
2024-01-01 10:52:13,993 [INFO] IPUIPlugin:80 - create IPUIPlugin
2024-01-01 10:52:13,993 [INFO] PluginManager:220 - loadIPPluginJar : add gfxmmu
2024-01-01 10:52:14,230 [INFO] IPUIPlugin:80 - create IPUIPlugin
2024-01-01 10:52:14,230 [INFO] PluginManager:220 - loadIPPluginJar : add gic
2024-01-01 10:52:14,256 [INFO] IPUIPlugin:80 - create IPUIPlugin
2024-01-01 10:52:14,257 [INFO] PluginManager:220 - loadIPPluginJar : add gpio
2024-01-01 10:52:14,413 [INFO] IPUIPlugin:80 - create IPUIPlugin
2024-01-01 10:52:14,413 [INFO] PluginManager:220 - loadIPPluginJar : add gtzc
2024-01-01 10:52:14,471 [INFO] IPUIPlugin:80 - create IPUIPlugin
2024-01-01 10:52:14,471 [INFO] PluginManager:220 - loadIPPluginJar : add hash
2024-01-01 10:52:14,573 [INFO] IPUIPlugin:80 - create IPUIPlugin
2024-01-01 10:52:14,573 [INFO] PluginManager:220 - loadIPPluginJar : add i2c
2024-01-01 10:52:14,646 [INFO] IPUIPlugin:80 - create IPUIPlugin
2024-01-01 10:52:14,646 [INFO] PluginManager:220 - loadIPPluginJar : add i2s
2024-01-01 10:52:14,723 [INFO] IPUIPlugin:80 - create IPUIPlugin
2024-01-01 10:52:14,724 [INFO] PluginManager:220 - loadIPPluginJar : add i3c
2024-01-01 10:52:14,923 [INFO] IPUIPlugin:80 - create IPUIPlugin
2024-01-01 10:52:14,923 [INFO] PluginManager:220 - loadIPPluginJar : add ipddr
2024-01-01 10:52:15,005 [INFO] ThirdPartyUpdaterWithRetryManager:70 - Updater plugin not ready yet. [2/15]
2024-01-01 10:52:15,127 [INFO] IPUIPlugin:80 - create IPUIPlugin
2024-01-01 10:52:15,128 [INFO] PluginManager:220 - loadIPPluginJar : add linkedlist
2024-01-01 10:52:15,227 [INFO] IPUIPlugin:80 - create IPUIPlugin
2024-01-01 10:52:15,227 [INFO] PluginManager:220 - loadIPPluginJar : add lorawan
2024-01-01 10:52:15,329 [INFO] IPUIPlugin:80 - create IPUIPlugin
2024-01-01 10:52:15,330 [INFO] PluginManager:220 - loadIPPluginJar : add ltdc
2024-01-01 10:52:15,366 [INFO] IPUIPlugin:80 - create IPUIPlugin
2024-01-01 10:52:15,367 [INFO] PluginManager:220 - loadIPPluginJar : add mdma
2024-01-01 10:52:15,407 [INFO] IPUIPlugin:80 - create IPUIPlugin
2024-01-01 10:52:15,408 [INFO] PluginManager:220 - loadIPPluginJar : add nvic
2024-01-01 10:52:15,514 [INFO] IPUIPlugin:80 - create IPUIPlugin
2024-01-01 10:52:15,514 [INFO] PluginManager:220 - loadIPPluginJar : add opamp
2024-01-01 10:52:15,665 [INFO] IPUIPlugin:80 - create IPUIPlugin
2024-01-01 10:52:15,665 [INFO] PluginManager:220 - loadIPPluginJar : add openamp
2024-01-01 10:52:15,749 [INFO] IPUIPlugin:80 - create IPUIPlugin
2024-01-01 10:52:15,749 [INFO] PluginManager:220 - loadIPPluginJar : add pdm2pcm
2024-01-01 10:52:15,782 [INFO] IPUIPlugin:80 - create IPUIPlugin
2024-01-01 10:52:15,788 [INFO] PluginManager:220 - loadIPPluginJar : add plateformsettings
2024-01-01 10:52:15,834 [INFO] IPUIPlugin:80 - create IPUIPlugin
2024-01-01 10:52:15,834 [INFO] PluginManager:220 - loadIPPluginJar : add quadspi
2024-01-01 10:52:15,860 [INFO] IPUIPlugin:80 - create IPUIPlugin
2024-01-01 10:52:15,860 [INFO] PluginManager:220 - loadIPPluginJar : add resmgrutility
2024-01-01 10:52:15,956 [INFO] IPUIPlugin:80 - create IPUIPlugin
2024-01-01 10:52:15,957 [INFO] PluginManager:220 - loadIPPluginJar : add sai
2024-01-01 10:52:16,026 [INFO] IPUIPlugin:80 - create IPUIPlugin
2024-01-01 10:52:16,026 [INFO] PluginManager:220 - loadIPPluginJar : add spi
2024-01-01 10:52:16,149 [INFO] IPUIPlugin:80 - create IPUIPlugin
2024-01-01 10:52:16,150 [INFO] PluginManager:220 - loadIPPluginJar : add stm32_wpan
2024-01-01 10:52:16,209 [INFO] IPUIPlugin:80 - create IPUIPlugin
2024-01-01 10:52:16,209 [INFO] PluginManager:220 - loadIPPluginJar : add tim
2024-01-01 10:52:16,347 [INFO] IPUIPlugin:80 - create IPUIPlugin
2024-01-01 10:52:16,347 [INFO] PluginManager:220 - loadIPPluginJar : add touchsensing
2024-01-01 10:52:16,387 [INFO] IPUIPlugin:80 - create IPUIPlugin
2024-01-01 10:52:16,387 [INFO] PluginManager:220 - loadIPPluginJar : add tracer_emb
2024-01-01 10:52:16,429 [INFO] IPUIPlugin:80 - create IPUIPlugin
2024-01-01 10:52:16,429 [INFO] PluginManager:220 - loadIPPluginJar : add ts
2024-01-01 10:52:16,468 [INFO] IPUIPlugin:80 - create IPUIPlugin
2024-01-01 10:52:16,468 [INFO] PluginManager:220 - loadIPPluginJar : add tsc
2024-01-01 10:52:16,512 [INFO] IPUIPlugin:80 - create IPUIPlugin
2024-01-01 10:52:16,512 [INFO] PluginManager:220 - loadIPPluginJar : add ucpd
2024-01-01 10:52:16,591 [INFO] IPUIPlugin:80 - create IPUIPlugin
2024-01-01 10:52:16,591 [INFO] PluginManager:220 - loadIPPluginJar : add usart
2024-01-01 10:52:16,678 [INFO] IPUIPlugin:80 - create IPUIPlugin
2024-01-01 10:52:16,679 [INFO] PluginManager:220 - loadIPPluginJar : add usbx
2024-01-01 10:52:16,851 [INFO] CADModel:165 - CPN selected for project level
2024-01-01 10:52:16,851 [INFO] CADModel:114 - Register for checkConnection events
2024-01-01 10:52:16,852 [FATAL] Updater:308 - Updater called before beeing initialized
2024-01-01 10:52:16,852 [ERROR] CADModel:125 - Updater not yet initialized, retry later 
2024-01-01 10:52:17,152 [INFO] CADModel:165 - CPN selected for project level
2024-01-01 10:52:17,153 [INFO] CADModel:114 - Register for checkConnection events
2024-01-01 10:52:17,153 [FATAL] Updater:308 - Updater called before beeing initialized
2024-01-01 10:52:17,153 [ERROR] CADModel:125 - Updater not yet initialized, retry later 
2024-01-01 10:52:17,162 [FATAL] Updater:308 - Updater called before beeing initialized
2024-01-01 10:52:17,430 [FATAL] Updater:308 - Updater called before beeing initialized
2024-01-01 10:52:17,441 [INFO] DbMcusAds:53 - JSON generation date=Wed Nov 29 19:52:27 JST 2023 (1701255147349)
2024-01-01 10:52:17,441 [FATAL] Updater:308 - Updater called before beeing initialized
2024-01-01 10:52:17,653 [WARN] DetailPanel:346 - Failed to get advertising image, set to default
2024-01-01 10:52:17,961 [FATAL] Updater:308 - Updater called before beeing initialized
2024-01-01 10:52:17,966 [FATAL] Updater:308 - Updater called before beeing initialized
2024-01-01 10:52:17,966 [FATAL] Updater:308 - Updater called before beeing initialized
2024-01-01 10:52:17,967 [WARN] DetailPanel:346 - Failed to get advertising image, set to default
2024-01-01 10:52:17,969 [FATAL] Updater:308 - Updater called before beeing initialized
2024-01-01 10:52:18,006 [INFO] ThirdPartyUpdaterWithRetryManager:70 - Updater plugin not ready yet. [3/15]
2024-01-01 10:52:18,114 [ERROR] Updater:1120 - MainUpdater not yet initialized. External WinMGr cannot be set.
2024-01-01 10:52:18,142 [INFO] Updater:1056 - Updater Version found : 6.9.1
2024-01-01 10:52:18,193 [INFO] ApplicationProperties:184 - Using Application install path: C:\ST\STM32CubeIDE_1.4.0\STM32CubeIDE\plugins\com.st.stm32cube.common.mx_6.9.1.202307191849
2024-01-01 10:52:18,536 [INFO] MainUpdater:2868 - connection check result : 10
2024-01-01 10:52:18,537 [INFO] MainUpdater:285 - Updater Check For Update Now.
2024-01-01 10:52:18,538 [INFO] MicroXplorer:498 - Change Database Version : DB.6.0.91
2024-01-01 10:52:18,577 [INFO] McuFinderGlobals:63 - Set McuFinder mode to 2 (CubeIDE integrated)
2024-01-01 10:52:18,577 [INFO] UserAuth:179 - activating auth plugin
2024-01-01 10:52:18,593 [INFO] UserAuth:393 - Internet connection configuration mode: 1
2024-01-01 10:52:18,642 [INFO] JxBrowserEngine:151 - Initiate JxBrowser Engine with user profile folder
2024-01-01 10:52:18,938 [INFO] CheckServerUpdateThread:120 - End of CheckServer Thread
2024-01-01 10:52:21,074 [INFO] WebApp:157 - Instantiating new browser for Auth
2024-01-01 10:52:21,665 [WARN] PackLoader:240 - Cannot read IP mode file for STMicroelectronics.X-CUBE-SMBUS.2.1.0
2024-01-01 10:52:21,685 [WARN] PackLoader:240 - Cannot read IP mode file for STMicroelectronics.X-CUBE-TOUCHGFX.4.23.0
2024-01-01 10:52:21,781 [WARN] PackLoader:240 - Cannot read IP mode file for STMicroelectronics.X-CUBE-AZRTOS-F7.1.1.0
2024-01-01 10:52:21,807 [ERROR] RealEvaluatedCondition:428 - Found unsupported composite condition: CLASS='Data Exchange' GROUP='STM32_MetaDataManager'
2024-01-01 10:52:21,808 [ERROR] RealEvaluatedCondition:428 - Found unsupported composite condition: CLASS='Data Exchange' GROUP='STM32_MetaDataManager'
2024-01-01 10:52:21,813 [WARN] PackLoader:240 - Cannot read IP mode file for STMicroelectronics.FP-SNS-MOTENV1.4.3.0
2024-01-01 10:52:21,834 [WARN] PackLoader:240 - Cannot read IP mode file for STMicroelectronics.FP-SNS-MOTENV1.4.3.2
2024-01-01 10:52:21,853 [WARN] PackLoader:240 - Cannot read IP mode file for STMicroelectronics.FP-SNS-FLIGHT1.5.0.0
2024-01-01 10:52:21,865 [ERROR] RealEvaluatedCondition:428 - Found unsupported composite condition: GROUP='STM32_MetaDataManager' CLASS='Data Exchange'
2024-01-01 10:52:21,866 [ERROR] RealEvaluatedCondition:428 - Found unsupported composite condition: GROUP='STM32_MetaDataManager' CLASS='Data Exchange'
2024-01-01 10:52:21,870 [WARN] PackLoader:240 - Cannot read IP mode file for STMicroelectronics.FP-SNS-MOTENV1.4.3.1
2024-01-01 10:52:21,887 [WARN] PackLoader:240 - Cannot read IP mode file for STMicroelectronics.FP-SNS-FLIGHT1.5.0.1
2024-01-01 10:52:21,907 [WARN] PackLoader:240 - Cannot read IP mode file for STMicroelectronics.X-CUBE-BLE1.6.2.4
2024-01-01 10:52:21,919 [WARN] PackLoader:240 - Cannot read IP mode file for STMicroelectronics.FP-SNS-FLIGHT1.5.0.2
2024-01-01 10:52:21,941 [WARN] PackLoader:240 - Cannot read IP mode file for STMicroelectronics.X-CUBE-DISPLAY.3.0.0
2024-01-01 10:52:21,967 [WARN] PackLoader:240 - Cannot read IP mode file for STMicroelectronics.X-CUBE-BLE1.7.0.0
2024-01-01 10:52:21,977 [WARN] PackLoader:240 - Cannot read IP mode file for STMicroelectronics.X-CUBE-TOUCHGFX.4.22.0
2024-01-01 10:52:21,984 [WARN] PackLoader:240 - Cannot read IP mode file for STMicroelectronics.X-CUBE-TOUCHGFX.4.22.1
2024-01-01 10:52:21,998 [WARN] PackLoader:240 - Cannot read IP mode file for STMicroelectronics.FP-SNS-SMARTAG2.1.2.0
2024-01-01 10:52:22,031 [INFO] LogOutputStream:77 - [STDOUT_REDIRECT] 1 : Invalid condition id : UX_CORESTACK_Condition cause : null
2024-01-01 10:52:22,032 [INFO] LogOutputStream:77 - [STDOUT_REDIRECT] 1 : Invalid condition id : UX_CORESTACK_Condition cause : null
2024-01-01 10:52:22,036 [INFO] LogOutputStream:77 - [STDOUT_REDIRECT] 1 : Invalid condition id : UX_CORESTACK_Condition cause : null
2024-01-01 10:52:22,042 [INFO] LogOutputStream:77 - [STDOUT_REDIRECT] 1 : Invalid condition id : UX_CORESTACK_Condition cause : null
2024-01-01 10:52:22,047 [INFO] LogOutputStream:77 - [STDOUT_REDIRECT] 1 : Invalid condition id : UX_CORESTACK_Condition cause : null
2024-01-01 10:52:22,060 [WARN] PackLoader:240 - Cannot read IP mode file for STMicroelectronics.X-CUBE-AZRTOS-WL.2.0.0
2024-01-01 10:52:22,085 [WARN] PackLoader:240 - Cannot read IP mode file for WES.I-CUBE-Cesium.1.3.0
2024-01-01 10:52:22,098 [WARN] PackLoader:240 - Cannot read IP mode file for STMicroelectronics.X-CUBE-BLE2.3.3.0
2024-01-01 10:52:22,129 [WARN] PackLoader:240 - Cannot read IP mode file for STMicroelectronics.X-CUBE-TOF1.3.2.0
2024-01-01 10:52:22,158 [WARN] PackLoader:240 - Cannot read IP mode file for STMicroelectronics.X-CUBE-TOUCHGFX.4.21.1
2024-01-01 10:52:22,164 [WARN] PackLoader:240 - Cannot read IP mode file for STMicroelectronics.X-CUBE-TOUCHGFX.4.21.3
2024-01-01 10:52:22,171 [WARN] PackLoader:240 - Cannot read IP mode file for STMicroelectronics.X-CUBE-TOUCHGFX.4.21.4
2024-01-01 10:52:22,187 [WARN] PackLoader:240 - Cannot read IP mode file for STMicroelectronics.X-CUBE-ALGOBUILD.1.3.0
2024-01-01 10:52:22,325 [WARN] PackLoader:240 - Cannot read IP mode file for STMicroelectronics.X-CUBE-AZRTOS-G0.1.1.0
2024-01-01 10:52:22,397 [WARN] PackLoader:240 - Cannot read IP mode file for STMicroelectronics.X-CUBE-NFC4.3.0.0
2024-01-01 10:52:22,524 [WARN] PackLoader:240 - Cannot read IP mode file for STMicroelectronics.X-CUBE-BLEMGR.3.0.0
2024-01-01 10:52:22,563 [WARN] PackLoader:240 - Cannot read IP mode file for STMicroelectronics.FP-ATR-SIGFOX1.3.2.0
2024-01-01 10:52:22,891 [WARN] PackLoader:240 - Cannot read IP mode file for STMicroelectronics.X-CUBE-MEMS1.9.5.0
2024-01-01 10:52:23,694 [WARN] PackLoader:240 - Cannot read IP mode file for SEGGER.I-CUBE-embOS.1.3.1
2024-01-01 10:52:23,886 [WARN] PackLoader:240 - Cannot read IP mode file for STMicroelectronics.X-CUBE-GNSS1.6.0.0
2024-01-01 10:52:23,916 [INFO] WebApp:753 - Register for checkConnection events
2024-01-01 10:52:23,917 [INFO] WebApp:390 - Apply proxy settings
2024-01-01 10:52:23,917 [INFO] WebApp:475 - Chromium requires no authentication
2024-01-01 10:52:23,946 [INFO] WebApp:418 - Direct internet connection detected
2024-01-01 10:52:23,977 [WARN] PackLoader:240 - Cannot read IP mode file for STMicroelectronics.X-CUBE-AZRTOS-F4.1.1.0
2024-01-01 10:52:24,066 [WARN] PackLoader:240 - Cannot read IP mode file for STMicroelectronics.X-CUBE-AZRTOS-L5.2.0.0
2024-01-01 10:52:24,231 [WARN] PackLoader:240 - Cannot read IP mode file for STMicroelectronics.X-CUBE-MEMS1.9.6.0
2024-01-01 10:52:24,785 [INFO] WebApp:188 - Starting web application
2024-01-01 10:52:24,785 [INFO] WebApp:520 - Web application path used C:\ST\STM32CubeIDE_1.4.0\STM32CubeIDE\plugins\com.st.stm32cube.common.mx_6.9.1.202307191849\db\plugins\mcufinder\reactClient1\index.html
2024-01-01 10:52:24,837 [WARN] PackLoader:240 - Cannot read IP mode file for STMicroelectronics.X-CUBE-EEPRMA1.4.2.0
2024-01-01 10:52:24,857 [WARN] PackLoader:240 - Cannot read IP mode file for ITTIA_DB.I-CUBE-ITTIADB.8.8.0
2024-01-01 10:52:24,894 [WARN] PackLoader:240 - Cannot read IP mode file for emotas.I-CUBE-CANOPEN.1.1.3
2024-01-01 10:52:24,948 [WARN] PackLoader:240 - Cannot read IP mode file for STMicroelectronics.X-CUBE-BLEMGR.2.0.0
2024-01-01 10:52:25,026 [WARN] ConditionMgr:438 - getConditionDescription Invalid condition id : UX DEVICE CLASS RTOS Condition cause : null
2024-01-01 10:52:25,046 [WARN] ConditionMgr:438 - getConditionDescription Invalid condition id : UX DEVICE CLASS RTOS Condition cause : null
2024-01-01 10:52:25,057 [WARN] PackLoader:240 - Cannot read IP mode file for STMicroelectronics.X-CUBE-AZRTOS-H7.3.1.0
2024-01-01 10:52:25,059 [WARN] ConditionMgr:1039 - genDependencies : Invalid condition id : UX DEVICE CLASS RTOS Condition cause : null
2024-01-01 10:52:25,060 [WARN] ConditionMgr:1039 - genDependencies : Invalid condition id : UX DEVICE CLASS RTOS Condition cause : null
2024-01-01 10:52:25,062 [WARN] ConditionMgr:1039 - genDependencies : Invalid condition id : UX DEVICE CLASS RTOS Condition cause : null
2024-01-01 10:52:25,063 [WARN] ConditionMgr:1039 - genDependencies : Invalid condition id : UX DEVICE CLASS RTOS Condition cause : null
2024-01-01 10:52:25,063 [WARN] ConditionMgr:1039 - genDependencies : Invalid condition id : UX DEVICE CLASS RTOS Condition cause : null
2024-01-01 10:52:25,108 [WARN] PackLoader:240 - Cannot read IP mode file for wolfSSL.I-CUBE-wolfSSL.5.5.4
2024-01-01 10:52:25,136 [WARN] PackLoader:240 - Cannot read IP mode file for STMicroelectronics.X-CUBE-NFC7.1.0.1
2024-01-01 10:52:25,148 [WARN] PackLoader:240 - Cannot read IP mode file for STMicroelectronics.X-CUBE-NFC7.1.0.0
2024-01-01 10:52:25,170 [WARN] PackLoader:240 - Cannot read IP mode file for STMicroelectronics.X-CUBE-NFC6.3.0.0
2024-01-01 10:52:25,196 [WARN] PackLoader:240 - Cannot read IP mode file for STMicroelectronics.X-CUBE-EEPRMA1.4.1.0
2024-01-01 10:52:25,216 [WARN] PackLoader:240 - Cannot read IP mode file for STMicroelectronics.X-CUBE-AI.8.1.0
2024-01-01 10:52:25,319 [WARN] ConditionMgr:438 - getConditionDescription Invalid condition id : LAN8742 Phy interface Condition cause : null
2024-01-01 10:52:25,321 [WARN] PackLoader:240 - Cannot read IP mode file for STMicroelectronics.X-CUBE-AZRTOS-L4.2.0.0
2024-01-01 10:52:25,326 [WARN] ConditionMgr:1039 - genDependencies : Invalid condition id : LAN8742 Phy interface Condition cause : null
2024-01-01 10:52:25,327 [WARN] ConditionMgr:1039 - genDependencies : Invalid condition id : LAN8742 Phy interface Condition cause : null
2024-01-01 10:52:25,330 [WARN] ConditionMgr:1039 - genDependencies : Invalid condition id : LAN8742 Phy interface Condition cause : null
2024-01-01 10:52:25,408 [WARN] PackLoader:240 - Cannot read IP mode file for STMicroelectronics.X-CUBE-SFXS2LP1.4.0.0
2024-01-01 10:52:25,747 [WARN] PackLoader:240 - Cannot read IP mode file for STMicroelectronics.X-CUBE-AZRTOS-H7.3.0.0
2024-01-01 10:52:25,838 [WARN] PackLoader:240 - Cannot read IP mode file for STMicroelectronics.X-CUBE-ISPU.1.1.0
2024-01-01 10:52:25,877 [WARN] PackLoader:240 - Cannot read IP mode file for RoweBots.I-CUBE-UNISONRTOS.5.5.0-4
2024-01-01 10:52:25,943 [WARN] PackLoader:240 - Cannot read IP mode file for STMicroelectronics.X-CUBE-AI.8.0.0
2024-01-01 10:52:26,107 [WARN] ConditionMgr:438 - getConditionDescription Invalid condition id : UX DEVICE CLASS RTOS Condition cause : null
2024-01-01 10:52:26,108 [WARN] ConditionMgr:438 - getConditionDescription Invalid condition id : UX DEVICE CLASS RTOS Condition cause : null
2024-01-01 10:52:26,114 [WARN] PackLoader:240 - Cannot read IP mode file for STMicroelectronics.X-CUBE-AZRTOS-WB.2.0.0
2024-01-01 10:52:26,116 [WARN] ConditionMgr:1039 - genDependencies : Invalid condition id : UX DEVICE CLASS RTOS Condition cause : null
2024-01-01 10:52:26,117 [WARN] ConditionMgr:1039 - genDependencies : Invalid condition id : UX DEVICE CLASS RTOS Condition cause : null
2024-01-01 10:52:26,118 [WARN] ConditionMgr:1039 - genDependencies : Invalid condition id : UX DEVICE CLASS RTOS Condition cause : null
2024-01-01 10:52:26,118 [WARN] ConditionMgr:1039 - genDependencies : Invalid condition id : UX DEVICE CLASS RTOS Condition cause : null
2024-01-01 10:52:26,119 [WARN] ConditionMgr:1039 - genDependencies : Invalid condition id : UX DEVICE CLASS RTOS Condition cause : null
2024-01-01 10:52:26,260 [WARN] PackLoader:240 - Cannot read IP mode file for STMicroelectronics.X-CUBE-FREERTOS.1.0.0
2024-01-01 10:52:26,272 [WARN] PackLoader:240 - Cannot read IP mode file for STMicroelectronics.X-CUBE-FREERTOS.1.0.1
2024-01-01 10:52:26,344 [WARN] PackLoader:240 - Cannot read IP mode file for STMicroelectronics.X-CUBE-AZRTOS-L5.1.1.0
2024-01-01 10:52:26,385 [WARN] PackLoader:240 - Cannot read IP mode file for STMicroelectronics.X-CUBE-AI.8.0.1
2024-01-01 10:52:26,446 [WARN] PackLoader:240 - Cannot read IP mode file for STMicroelectronics.X-CUBE-SUBG2.5.0.0
2024-01-01 10:52:26,528 [WARN] PackLoader:240 - Cannot read IP mode file for STMicroelectronics.X-CUBE-TOF1.3.3.1
2024-01-01 10:52:26,596 [WARN] PackLoader:240 - Cannot read IP mode file for STMicroelectronics.X-CUBE-AZRTOS-G4.2.0.0
2024-01-01 10:52:26,632 [WARN] PackLoader:240 - Cannot read IP mode file for STMicroelectronics.X-CUBE-TOF1.3.3.0
2024-01-01 10:52:26,698 [WARN] PackLoader:240 - Cannot read IP mode file for STMicroelectronics.FP-ATR-ASTRA1.1.1.1
2024-01-01 10:52:26,757 [WARN] PackLoader:240 - Cannot read IP mode file for Infineon.AIROC-Wi-Fi-Bluetooth-STM32.1.5.1
2024-01-01 10:52:26,781 [WARN] PackLoader:240 - Cannot read IP mode file for STMicroelectronics.FP-SNS-MOTENVWB1.1.3.0
2024-01-01 10:52:26,792 [WARN] PackLoader:240 - Cannot read IP mode file for STMicroelectronics.FP-SNS-MOTENVWB1.1.3.1
2024-01-01 10:52:26,843 [WARN] PackLoader:240 - Cannot read IP mode file for STMicroelectronics.X-CUBE-AZRTOS-G4.1.0.0
2024-01-01 10:52:26,893 [WARN] PackLoader:240 - Cannot read IP mode file for STMicroelectronics.X-CUBE-AZRTOS-L4.1.0.0
2024-01-01 10:52:26,920 [WARN] PackLoader:240 - Cannot read IP mode file for STMicroelectronics.X-CUBE-ISPU.2.0.0
2024-01-01 10:52:27,073 [WARN] PackLoader:240 - Cannot read IP mode file for STMicroelectronics.X-CUBE-MEMS1.10.0.0
2024-01-01 10:52:27,429 [WARN] PackLoader:240 - Cannot read IP mode file for STMicroelectronics.X-CUBE-FREERTOS.1.1.0
2024-01-01 10:52:27,466 [WARN] PackLoader:240 - Cannot read IP mode file for STMicroelectronics.X-CUBE-AZRTOS-WL.1.0.0
2024-01-01 10:52:27,500 [WARN] PackLoader:240 - Cannot read IP mode file for portGmbH.I-Cube-SoM-uGOAL.1.1.0
2024-01-01 10:52:27,517 [WARN] PackLoader:240 - Cannot read IP mode file for STMicroelectronics.X-CUBE-ALS.1.0.1
2024-01-01 10:52:27,562 [WARN] PackLoader:240 - Cannot read IP mode file for STMicroelectronics.X-CUBE-AZRTOS-WB.1.1.0
2024-01-01 10:52:27,578 [WARN] PackLoader:240 - Cannot read IP mode file for STMicroelectronics.FP-ATR-ASTRA1.2.0.0
2024-01-01 10:52:27,608 [WARN] PackLoader:240 - Cannot read IP mode file for STMicroelectronics.X-CUBE-TOF1.3.4.0
2024-01-01 10:52:27,792 [WARN] PackLoader:240 - Cannot read IP mode file for STMicroelectronics.X-CUBE-AZRTOS-H7.3.2.0
2024-01-01 10:52:27,803 [INFO] ThirdParty:978 - Integrity check success = true
2024-01-01 10:52:27,806 [INFO] IntegrityCheckThread:100 - exiting critical section [integrity check]
2024-01-01 10:52:27,806 [INFO] IntegrityCheckThread:103 - End integrity checks thread
2024-01-01 11:28:43,940 [ERROR] LogOutputStream:75 - [STDERR_REDIRECT] SLF4J: Failed to load class "org.slf4j.impl.StaticLoggerBinder".
2024-01-01 11:28:43,941 [ERROR] LogOutputStream:75 - [STDERR_REDIRECT] SLF4J: Defaulting to no-operation (NOP) logger implementation
2024-01-01 11:28:43,946 [ERROR] LogOutputStream:75 - [STDERR_REDIRECT] SLF4J: See http://www.slf4j.org/codes.html#StaticLoggerBinder for further details.
2024-01-01 23:32:11,863 [ERROR] LogOutputStream:75 - [STDERR_REDIRECT] 
