2023-12-02 10:13:03,037 [INFO] Activator:176 - 


2023-12-02 10:13:03,058 [INFO] Activator:177 - !SESSION log4j initialized
2023-12-02 10:13:21,198 [INFO] LogOutputStream:77 - [STDOUT_REDIRECT] 
2023-12-02 10:13:29,987 [INFO] ApplicationProperties:184 - Using Application install path: C:\ST\STM32CubeIDE_1.4.0\STM32CubeIDE\plugins\com.st.stm32cube.common.mx_6.9.1.202307191849
2023-12-02 10:13:30,032 [INFO] DbMcusXml:78 - Set database path to: C:\ST\STM32CubeIDE_1.4.0\STM32CubeIDE\plugins\com.st.stm32cube.common.mx_6.9.1.202307191849\\db\/mcu/
2023-12-02 10:13:30,032 [INFO] ApiDb:274 - Set plugin database path to: C:\ST\STM32CubeIDE_1.4.0\STM32CubeIDE\plugins\com.st.stm32cube.common.mx_6.9.1.202307191849\\db\/plugins/boardmanager/
2023-12-02 10:13:30,033 [WARN] ApiDb:259 - Overriding images path with different value:  => C:\ST\STM32CubeIDE_1.4.0\STM32CubeIDE\plugins\com.st.stm32cube.common.mx_6.9.1.202307191849\\db\/plugins/mcufinder/images/
2023-12-02 10:13:30,059 [INFO] ApiDb:250 - Set database path to: C:\Users\Minh\.stmcufinder\plugins\mcufinder//mcu/
2023-12-02 10:13:30,062 [INFO] DbMcusAds:125 - Set database path to: C:\Users\Minh\.stmcufinder\plugins\mcufinder//mcu/
2023-12-02 10:13:30,068 [INFO] CrossReferenceDbSqlite:203 - Set database path to: C:\Users\Minh\.stmcufinder\plugins\mcufinder//mcu/cs/
2023-12-02 10:13:30,385 [INFO] RulesReader:64 - Compatibility file has been processed (293 Rules)
2023-12-02 10:13:30,621 [INFO] DbMcusXml:78 - Set database path to: C:\ST\STM32CubeIDE_1.4.0\STM32CubeIDE\plugins\com.st.stm32cube.common.mx_6.9.1.202307191849\\db\/mcu/
2023-12-02 10:13:30,622 [INFO] ApiDb:274 - Set plugin database path to: C:\ST\STM32CubeIDE_1.4.0\STM32CubeIDE\plugins\com.st.stm32cube.common.mx_6.9.1.202307191849\\db\/plugins/boardmanager/
2023-12-02 10:13:30,622 [INFO] ApiDb:261 - Set plugin images path to: C:\ST\STM32CubeIDE_1.4.0\STM32CubeIDE\plugins\com.st.stm32cube.common.mx_6.9.1.202307191849\\db\/plugins/mcufinder/images/
2023-12-02 10:13:30,623 [WARN] DbFile:41 - Overriding database path with different value: C:\Users\Minh\.stmcufinder\plugins\mcufinder/ => C:\Users\Minh\.stmcufinder\plugins\mcufinder
2023-12-02 10:13:30,623 [INFO] ApiDb:250 - Set database path to: C:\Users\Minh\.stmcufinder\plugins\mcufinder//mcu/
2023-12-02 10:13:30,624 [WARN] DbFile:41 - Overriding database path with different value: C:\Users\Minh\.stmcufinder\plugins\mcufinder/ => C:\Users\Minh\.stmcufinder\plugins\mcufinder
2023-12-02 10:13:30,624 [INFO] DbMcusAds:125 - Set database path to: C:\Users\Minh\.stmcufinder\plugins\mcufinder//mcu/
2023-12-02 10:13:30,624 [WARN] DbFile:41 - Overriding database path with different value: C:\Users\Minh\.stmcufinder\plugins\mcufinder/ => C:\Users\Minh\.stmcufinder\plugins\mcufinder
2023-12-02 10:13:30,624 [WARN] DbFile:41 - Overriding database path with different value: C:\Users\Minh\.stmcufinder\plugins\mcufinder/ => C:\Users\Minh\.stmcufinder\plugins\mcufinder
2023-12-02 10:13:30,625 [INFO] CrossReferenceDbSqlite:203 - Set database path to: C:\Users\Minh\.stmcufinder\plugins\mcufinder//mcu/cs/
2023-12-02 10:13:30,817 [INFO] MainPanel:262 - HeapMemory: 268435456
2023-12-02 10:13:31,035 [INFO] DbMcusXml:78 - Set database path to: C:\ST\STM32CubeIDE_1.4.0\STM32CubeIDE\plugins\com.st.stm32cube.common.mx_6.9.1.202307191849\\db\/mcu/
2023-12-02 10:13:31,035 [INFO] ApiDb:274 - Set plugin database path to: C:\ST\STM32CubeIDE_1.4.0\STM32CubeIDE\plugins\com.st.stm32cube.common.mx_6.9.1.202307191849\\db\/plugins/boardmanager/
2023-12-02 10:13:31,035 [INFO] ApiDb:261 - Set plugin images path to: C:\ST\STM32CubeIDE_1.4.0\STM32CubeIDE\plugins\com.st.stm32cube.common.mx_6.9.1.202307191849\\db\/plugins/mcufinder/images/
2023-12-02 10:13:31,036 [WARN] DbFile:41 - Overriding database path with different value: C:\Users\Minh\.stmcufinder\plugins\mcufinder/ => C:\Users\Minh\.stmcufinder\plugins\mcufinder
2023-12-02 10:13:31,037 [INFO] ApiDb:250 - Set database path to: C:\Users\Minh\.stmcufinder\plugins\mcufinder//mcu/
2023-12-02 10:13:31,037 [WARN] DbFile:41 - Overriding database path with different value: C:\Users\Minh\.stmcufinder\plugins\mcufinder/ => C:\Users\Minh\.stmcufinder\plugins\mcufinder
2023-12-02 10:13:31,037 [INFO] DbMcusAds:125 - Set database path to: C:\Users\Minh\.stmcufinder\plugins\mcufinder//mcu/
2023-12-02 10:13:31,038 [WARN] DbFile:41 - Overriding database path with different value: C:\Users\Minh\.stmcufinder\plugins\mcufinder/ => C:\Users\Minh\.stmcufinder\plugins\mcufinder
2023-12-02 10:13:31,038 [WARN] DbFile:41 - Overriding database path with different value: C:\Users\Minh\.stmcufinder\plugins\mcufinder/ => C:\Users\Minh\.stmcufinder\plugins\mcufinder
2023-12-02 10:13:31,038 [INFO] CrossReferenceDbSqlite:203 - Set database path to: C:\Users\Minh\.stmcufinder\plugins\mcufinder//mcu/cs/
2023-12-02 10:13:31,078 [INFO] ApplicationProperties:184 - Using Application install path: C:\ST\STM32CubeIDE_1.4.0\STM32CubeIDE\plugins\com.st.stm32cube.common.mx_6.9.1.202307191849
2023-12-02 10:13:31,082 [INFO] PluginManage:196 - Search for loadable plugins [exclusion list=, ]
2023-12-02 10:13:31,085 [INFO] PluginManage:310 - Check plugin analytics
2023-12-02 10:13:36,011 [INFO] AnalyticsPlugin:253 - Accepted Software Licenses: STM32CubeMX.6.0.0,STM32CubeMX.5.2.0
2023-12-02 10:13:36,012 [INFO] AnalyticsPlugin:255 - Accepted CMSIS Pack Licenses: 
2023-12-02 10:13:36,012 [INFO] AnalyticsPlugin:257 - Accepted Firmware Licenses: 
2023-12-02 10:13:36,018 [INFO] PluginManage:359 - Loaded plugin analytics (category:tool,tabindex:-1)
2023-12-02 10:13:36,019 [INFO] PluginManage:310 - Check plugin cadmodel
2023-12-02 10:13:36,054 [INFO] CADModel:105 - Init CAD model plugin
2023-12-02 10:13:36,055 [INFO] PluginManage:359 - Loaded plugin cadmodel (category:power,tabindex:5)
2023-12-02 10:13:36,055 [INFO] PluginManage:310 - Check plugin clock
2023-12-02 10:13:36,099 [INFO] PluginManage:359 - Loaded plugin clock (category:base,tabindex:2)
2023-12-02 10:13:36,100 [INFO] PluginManage:310 - Check plugin ddr
2023-12-02 10:13:36,105 [INFO] PluginManage:359 - Loaded plugin ddr (category:tool,tabindex:6)
2023-12-02 10:13:36,105 [INFO] PluginManage:310 - Check plugin filemanager
2023-12-02 10:13:36,382 [INFO] PluginManage:359 - Loaded plugin filemanager (category:base,tabindex:10)
2023-12-02 10:13:36,382 [INFO] PluginManage:310 - Check plugin ipmanager
2023-12-02 10:13:36,394 [INFO] PluginManage:359 - Loaded plugin ipmanager (category:base,tabindex:5)
2023-12-02 10:13:36,395 [INFO] PluginManage:310 - Check plugin lpbam
2023-12-02 10:13:36,433 [INFO] PluginManage:359 - Loaded plugin lpbam (category:base,tabindex:0)
2023-12-02 10:13:36,434 [INFO] PluginManage:310 - Check plugin memorymap
2023-12-02 10:13:36,482 [INFO] PluginManage:359 - Loaded plugin memorymap (category:base,tabindex:4)
2023-12-02 10:13:36,482 [INFO] PluginManage:310 - Check plugin pinoutandconfiguration
2023-12-02 10:13:36,514 [INFO] PluginManage:359 - Loaded plugin pinoutandconfiguration (category:base,tabindex:1)
2023-12-02 10:13:36,515 [INFO] PluginManage:310 - Check plugin pinoutconfig
2023-12-02 10:13:36,732 [WARN] SupportedApi:132 - Cannot load RTOS API schema: s4s-elt-must-match.1: The content of 'definitions' must match (annotation?, (simpleType | complexType)?, (unique | key | keyref)*)). A problem was found starting at: attribute.
2023-12-02 10:13:37,037 [INFO] PluginManage:359 - Loaded plugin pinoutconfig (category:base,tabindex:0)
2023-12-02 10:13:37,037 [INFO] PluginManage:310 - Check plugin power
2023-12-02 10:13:37,086 [INFO] PluginManage:359 - Loaded plugin power (category:power,tabindex:4)
2023-12-02 10:13:37,086 [INFO] PluginManage:310 - Check plugin projectmanager
2023-12-02 10:13:37,121 [INFO] PluginManage:359 - Loaded plugin projectmanager (category:projectmanager,tabindex:3)
2023-12-02 10:13:37,121 [INFO] PluginManage:310 - Check plugin thirdparty
2023-12-02 10:13:37,770 [INFO] PluginManage:359 - Loaded plugin thirdparty (category:base,tabindex:-1)
2023-12-02 10:13:37,770 [WARN] IntegrityCheckThread:84 - waiting for thirdparty lock release [integrity check]
2023-12-02 10:13:37,771 [INFO] PluginManage:310 - Check plugin tools
2023-12-02 10:13:37,771 [INFO] IntegrityCheckThread:86 - entering critical section [integrity check]
2023-12-02 10:13:37,772 [INFO] ThirdPartyUpdaterWithRetryManager:70 - Updater plugin not ready yet. [1/15]
2023-12-02 10:13:37,866 [INFO] PluginManage:359 - Loaded plugin tools (category:base,tabindex:7)
2023-12-02 10:13:37,866 [INFO] PluginManage:310 - Check plugin tutovideos
2023-12-02 10:13:38,345 [INFO] PluginManage:359 - Loaded plugin tutovideos (category:base,tabindex:-1)
2023-12-02 10:13:38,345 [INFO] PluginManage:310 - Check plugin updater
2023-12-02 10:13:38,372 [INFO] PluginManage:359 - Loaded plugin updater (category:base,tabindex:12)
2023-12-02 10:13:38,372 [INFO] PluginManage:310 - Check plugin userauth
2023-12-02 10:13:38,385 [INFO] UserAuth:113 - Init User Auth plugin
2023-12-02 10:13:38,385 [INFO] PluginManage:359 - Loaded plugin userauth (category:base,tabindex:14)
2023-12-02 10:13:38,387 [INFO] PluginManage:283 - PluginManage : Loaded plugins [17]
2023-12-02 10:13:38,871 [INFO] PinOutPanel:1499 - setPackage(No Configuration,No Configuration)
2023-12-02 10:13:39,123 [INFO] CADModel:165 - CPN selected for project level
2023-12-02 10:13:39,124 [INFO] CADModel:114 - Register for checkConnection events
2023-12-02 10:13:39,182 [INFO] IPUIPlugin:80 - create IPUIPlugin
2023-12-02 10:13:39,182 [INFO] PluginManager:220 - loadIPPluginJar : add adc
2023-12-02 10:13:39,254 [INFO] IPUIPlugin:80 - create IPUIPlugin
2023-12-02 10:13:39,254 [INFO] PluginManager:220 - loadIPPluginJar : add aes
2023-12-02 10:13:39,360 [INFO] IPUIPlugin:80 - create IPUIPlugin
2023-12-02 10:13:39,360 [INFO] PluginManager:220 - loadIPPluginJar : add can
2023-12-02 10:13:39,404 [INFO] IPUIPlugin:80 - create IPUIPlugin
2023-12-02 10:13:39,405 [INFO] PluginManager:220 - loadIPPluginJar : add comp
2023-12-02 10:13:39,487 [INFO] IPUIPlugin:80 - create IPUIPlugin
2023-12-02 10:13:39,488 [INFO] PluginManager:220 - loadIPPluginJar : add cryp
2023-12-02 10:13:39,558 [INFO] IPUIPlugin:80 - create IPUIPlugin
2023-12-02 10:13:39,558 [INFO] PluginManager:220 - loadIPPluginJar : add dfsdm
2023-12-02 10:13:39,589 [INFO] IPUIPlugin:80 - create IPUIPlugin
2023-12-02 10:13:39,590 [INFO] PluginManager:220 - loadIPPluginJar : add dma
2023-12-02 10:13:39,688 [INFO] IPUIPlugin:80 - create IPUIPlugin
2023-12-02 10:13:39,688 [INFO] PluginManager:220 - loadIPPluginJar : add dma3
2023-12-02 10:13:39,732 [INFO] IPUIPlugin:80 - create IPUIPlugin
2023-12-02 10:13:39,732 [INFO] PluginManager:220 - loadIPPluginJar : add fatfs
2023-12-02 10:13:39,840 [INFO] IPUIPlugin:80 - create IPUIPlugin
2023-12-02 10:13:39,840 [INFO] PluginManager:220 - loadIPPluginJar : add fmc
2023-12-02 10:13:39,870 [INFO] IPUIPlugin:80 - create IPUIPlugin
2023-12-02 10:13:39,871 [INFO] PluginManager:220 - loadIPPluginJar : add freertos
2023-12-02 10:13:39,917 [INFO] IPUIPlugin:80 - create IPUIPlugin
2023-12-02 10:13:39,917 [INFO] PluginManager:220 - loadIPPluginJar : add genericplugin
2023-12-02 10:13:40,131 [INFO] IPUIPlugin:80 - create IPUIPlugin
2023-12-02 10:13:40,131 [INFO] PluginManager:220 - loadIPPluginJar : add gfxmmu
2023-12-02 10:13:40,421 [INFO] IPUIPlugin:80 - create IPUIPlugin
2023-12-02 10:13:40,422 [INFO] PluginManager:220 - loadIPPluginJar : add gic
2023-12-02 10:13:40,450 [INFO] IPUIPlugin:80 - create IPUIPlugin
2023-12-02 10:13:40,450 [INFO] PluginManager:220 - loadIPPluginJar : add gpio
2023-12-02 10:13:40,645 [INFO] IPUIPlugin:80 - create IPUIPlugin
2023-12-02 10:13:40,645 [INFO] PluginManager:220 - loadIPPluginJar : add gtzc
2023-12-02 10:13:40,709 [INFO] IPUIPlugin:80 - create IPUIPlugin
2023-12-02 10:13:40,710 [INFO] PluginManager:220 - loadIPPluginJar : add hash
2023-12-02 10:13:40,774 [INFO] ThirdPartyUpdaterWithRetryManager:70 - Updater plugin not ready yet. [2/15]
2023-12-02 10:13:40,826 [INFO] IPUIPlugin:80 - create IPUIPlugin
2023-12-02 10:13:40,826 [INFO] PluginManager:220 - loadIPPluginJar : add i2c
2023-12-02 10:13:40,922 [INFO] IPUIPlugin:80 - create IPUIPlugin
2023-12-02 10:13:40,922 [INFO] PluginManager:220 - loadIPPluginJar : add i2s
2023-12-02 10:13:41,011 [INFO] IPUIPlugin:80 - create IPUIPlugin
2023-12-02 10:13:41,012 [INFO] PluginManager:220 - loadIPPluginJar : add i3c
2023-12-02 10:13:41,249 [INFO] IPUIPlugin:80 - create IPUIPlugin
2023-12-02 10:13:41,249 [INFO] PluginManager:220 - loadIPPluginJar : add ipddr
2023-12-02 10:13:41,458 [INFO] IPUIPlugin:80 - create IPUIPlugin
2023-12-02 10:13:41,458 [INFO] PluginManager:220 - loadIPPluginJar : add linkedlist
2023-12-02 10:13:41,532 [INFO] IPUIPlugin:80 - create IPUIPlugin
2023-12-02 10:13:41,532 [INFO] PluginManager:220 - loadIPPluginJar : add lorawan
2023-12-02 10:13:41,618 [INFO] IPUIPlugin:80 - create IPUIPlugin
2023-12-02 10:13:41,619 [INFO] PluginManager:220 - loadIPPluginJar : add ltdc
2023-12-02 10:13:41,654 [INFO] IPUIPlugin:80 - create IPUIPlugin
2023-12-02 10:13:41,654 [INFO] PluginManager:220 - loadIPPluginJar : add mdma
2023-12-02 10:13:41,685 [INFO] IPUIPlugin:80 - create IPUIPlugin
2023-12-02 10:13:41,685 [INFO] PluginManager:220 - loadIPPluginJar : add nvic
2023-12-02 10:13:41,782 [INFO] IPUIPlugin:80 - create IPUIPlugin
2023-12-02 10:13:41,782 [INFO] PluginManager:220 - loadIPPluginJar : add opamp
2023-12-02 10:13:41,916 [INFO] IPUIPlugin:80 - create IPUIPlugin
2023-12-02 10:13:41,916 [INFO] PluginManager:220 - loadIPPluginJar : add openamp
2023-12-02 10:13:42,009 [INFO] IPUIPlugin:80 - create IPUIPlugin
2023-12-02 10:13:42,010 [INFO] PluginManager:220 - loadIPPluginJar : add pdm2pcm
2023-12-02 10:13:42,046 [INFO] IPUIPlugin:80 - create IPUIPlugin
2023-12-02 10:13:42,052 [INFO] PluginManager:220 - loadIPPluginJar : add plateformsettings
2023-12-02 10:13:42,104 [INFO] IPUIPlugin:80 - create IPUIPlugin
2023-12-02 10:13:42,104 [INFO] PluginManager:220 - loadIPPluginJar : add quadspi
2023-12-02 10:13:42,133 [INFO] IPUIPlugin:80 - create IPUIPlugin
2023-12-02 10:13:42,133 [INFO] PluginManager:220 - loadIPPluginJar : add resmgrutility
2023-12-02 10:13:42,244 [INFO] IPUIPlugin:80 - create IPUIPlugin
2023-12-02 10:13:42,244 [INFO] PluginManager:220 - loadIPPluginJar : add sai
2023-12-02 10:13:42,322 [INFO] IPUIPlugin:80 - create IPUIPlugin
2023-12-02 10:13:42,322 [INFO] PluginManager:220 - loadIPPluginJar : add spi
2023-12-02 10:13:42,462 [INFO] IPUIPlugin:80 - create IPUIPlugin
2023-12-02 10:13:42,462 [INFO] PluginManager:220 - loadIPPluginJar : add stm32_wpan
2023-12-02 10:13:42,511 [INFO] IPUIPlugin:80 - create IPUIPlugin
2023-12-02 10:13:42,511 [INFO] PluginManager:220 - loadIPPluginJar : add tim
2023-12-02 10:13:42,643 [INFO] IPUIPlugin:80 - create IPUIPlugin
2023-12-02 10:13:42,643 [INFO] PluginManager:220 - loadIPPluginJar : add touchsensing
2023-12-02 10:13:42,694 [INFO] IPUIPlugin:80 - create IPUIPlugin
2023-12-02 10:13:42,694 [INFO] PluginManager:220 - loadIPPluginJar : add tracer_emb
2023-12-02 10:13:42,742 [INFO] IPUIPlugin:80 - create IPUIPlugin
2023-12-02 10:13:42,743 [INFO] PluginManager:220 - loadIPPluginJar : add ts
2023-12-02 10:13:42,794 [INFO] IPUIPlugin:80 - create IPUIPlugin
2023-12-02 10:13:42,794 [INFO] PluginManager:220 - loadIPPluginJar : add tsc
2023-12-02 10:13:42,839 [INFO] IPUIPlugin:80 - create IPUIPlugin
2023-12-02 10:13:42,839 [INFO] PluginManager:220 - loadIPPluginJar : add ucpd
2023-12-02 10:13:42,936 [INFO] IPUIPlugin:80 - create IPUIPlugin
2023-12-02 10:13:42,937 [INFO] PluginManager:220 - loadIPPluginJar : add usart
2023-12-02 10:13:43,038 [INFO] IPUIPlugin:80 - create IPUIPlugin
2023-12-02 10:13:43,038 [INFO] PluginManager:220 - loadIPPluginJar : add usbx
2023-12-02 10:13:43,235 [INFO] CADModel:165 - CPN selected for project level
2023-12-02 10:13:43,235 [INFO] CADModel:114 - Register for checkConnection events
2023-12-02 10:13:43,235 [FATAL] Updater:308 - Updater called before beeing initialized
2023-12-02 10:13:43,235 [ERROR] CADModel:125 - Updater not yet initialized, retry later 
2023-12-02 10:13:43,531 [INFO] CADModel:165 - CPN selected for project level
2023-12-02 10:13:43,531 [INFO] CADModel:114 - Register for checkConnection events
2023-12-02 10:13:43,531 [FATAL] Updater:308 - Updater called before beeing initialized
2023-12-02 10:13:43,531 [ERROR] CADModel:125 - Updater not yet initialized, retry later 
2023-12-02 10:13:43,537 [FATAL] Updater:308 - Updater called before beeing initialized
2023-12-02 10:13:43,776 [INFO] ThirdPartyUpdaterWithRetryManager:70 - Updater plugin not ready yet. [3/15]
2023-12-02 10:13:43,787 [FATAL] Updater:308 - Updater called before beeing initialized
2023-12-02 10:13:43,807 [INFO] DbMcusAds:53 - JSON generation date=Tue Mar 07 17:50:55 JST 2023 (1678179055114)
2023-12-02 10:13:43,807 [FATAL] Updater:308 - Updater called before beeing initialized
2023-12-02 10:13:44,019 [WARN] DetailPanel:346 - Failed to get advertising image, set to default
2023-12-02 10:13:44,247 [FATAL] Updater:308 - Updater called before beeing initialized
2023-12-02 10:13:44,251 [FATAL] Updater:308 - Updater called before beeing initialized
2023-12-02 10:13:44,251 [FATAL] Updater:308 - Updater called before beeing initialized
2023-12-02 10:13:44,251 [WARN] DetailPanel:346 - Failed to get advertising image, set to default
2023-12-02 10:13:44,253 [FATAL] Updater:308 - Updater called before beeing initialized
2023-12-02 10:13:44,397 [ERROR] Updater:1120 - MainUpdater not yet initialized. External WinMGr cannot be set.
2023-12-02 10:13:44,423 [INFO] Updater:1056 - Updater Version found : 6.9.1
2023-12-02 10:13:44,466 [INFO] ApplicationProperties:184 - Using Application install path: C:\ST\STM32CubeIDE_1.4.0\STM32CubeIDE\plugins\com.st.stm32cube.common.mx_6.9.1.202307191849
2023-12-02 10:13:44,812 [INFO] MainUpdater:2868 - connection check result : 10
2023-12-02 10:13:44,813 [INFO] MainUpdater:3562 - Updater definition file requires update
2023-12-02 10:13:44,815 [INFO] MainUpdater:285 - Updater Check For Update Now.
2023-12-02 10:13:44,816 [INFO] MicroXplorer:498 - Change Database Version : DB.6.0.91
2023-12-02 10:13:44,849 [INFO] ServerAccessManage:473 - Download File updaters.zip
2023-12-02 10:13:44,855 [INFO] McuFinderGlobals:63 - Set McuFinder mode to 2 (CubeIDE integrated)
2023-12-02 10:13:44,855 [INFO] UserAuth:179 - activating auth plugin
2023-12-02 10:13:44,861 [INFO] UserAuth:393 - Internet connection configuration mode: 1
2023-12-02 10:13:44,906 [INFO] JxBrowserEngine:151 - Initiate JxBrowser Engine with user profile folder
2023-12-02 10:13:45,007 [INFO] FileExtend:240 - Unzip File : updaters.zip
2023-12-02 10:13:45,008 [INFO] FileExtend:255 - Standard Zip Deflate
2023-12-02 10:13:45,829 [INFO] ServerAccessManage:473 - Download File PacksControlFlags.xml
2023-12-02 10:13:45,971 [INFO] ServerAccessManage:473 - Download File cubemx.pidx
2023-12-02 10:13:46,698 [INFO] ServerAccessManage:473 - Download File STMicroelectronics.FP-SNS-MOTENVWB1.pdsc
2023-12-02 10:13:46,777 [WARN] MainUpdater:1189 - Updater busy. Cannot search thirdparties
2023-12-02 10:13:46,778 [INFO] ThirdPartyUpdaterWithRetryManager:96 - Updater plugin is busy. [1/15]
2023-12-02 10:13:48,875 [WARN] PackLoader:240 - Cannot read IP mode file for STMicroelectronics.FP-SNS-MOTENVWB1.1.3.1
2023-12-02 10:13:48,880 [INFO] PopulateThirdPartyThread:66 - Ending populate Thread
2023-12-02 10:13:48,884 [INFO] ThirdParty:1030 - CMSIS Pack Vendor :STMicroelectronics FP-SNS-MOTENVWB1 1.3.1
2023-12-02 10:13:48,885 [INFO] LoadServerUpdatesThread:373 - End of LoadServerUpdate Thread
2023-12-02 10:13:49,110 [INFO] WebApp:157 - Instantiating new browser for Auth
2023-12-02 10:13:49,134 [INFO] CheckServerUpdateThread:120 - End of CheckServer Thread
2023-12-02 10:13:50,335 [WARN] PackLoader:240 - Cannot read IP mode file for STMicroelectronics.X-CUBE-SMBUS.2.1.0
2023-12-02 10:13:50,407 [WARN] PackLoader:240 - Cannot read IP mode file for STMicroelectronics.X-CUBE-AZRTOS-F7.1.1.0
2023-12-02 10:13:50,430 [ERROR] RealEvaluatedCondition:428 - Found unsupported composite condition: CLASS='Data Exchange' GROUP='STM32_MetaDataManager'
2023-12-02 10:13:50,431 [ERROR] RealEvaluatedCondition:428 - Found unsupported composite condition: GROUP='STM32_MetaDataManager' CLASS='Data Exchange'
2023-12-02 10:13:50,435 [WARN] PackLoader:240 - Cannot read IP mode file for STMicroelectronics.FP-SNS-MOTENV1.4.3.0
2023-12-02 10:13:50,454 [WARN] PackLoader:240 - Cannot read IP mode file for STMicroelectronics.FP-SNS-MOTENV1.4.3.2
2023-12-02 10:13:50,472 [WARN] PackLoader:240 - Cannot read IP mode file for STMicroelectronics.FP-SNS-FLIGHT1.5.0.0
2023-12-02 10:13:50,482 [ERROR] RealEvaluatedCondition:428 - Found unsupported composite condition: CLASS='Data Exchange' GROUP='STM32_MetaDataManager'
2023-12-02 10:13:50,483 [ERROR] RealEvaluatedCondition:428 - Found unsupported composite condition: CLASS='Data Exchange' GROUP='STM32_MetaDataManager'
2023-12-02 10:13:50,486 [WARN] PackLoader:240 - Cannot read IP mode file for STMicroelectronics.FP-SNS-MOTENV1.4.3.1
2023-12-02 10:13:50,500 [WARN] PackLoader:240 - Cannot read IP mode file for STMicroelectronics.FP-SNS-FLIGHT1.5.0.1
2023-12-02 10:13:50,519 [WARN] PackLoader:240 - Cannot read IP mode file for STMicroelectronics.X-CUBE-BLE1.6.2.4
2023-12-02 10:13:50,530 [WARN] PackLoader:240 - Cannot read IP mode file for STMicroelectronics.FP-SNS-FLIGHT1.5.0.2
2023-12-02 10:13:50,550 [WARN] PackLoader:240 - Cannot read IP mode file for STMicroelectronics.X-CUBE-DISPLAY.3.0.0
2023-12-02 10:13:50,574 [WARN] PackLoader:240 - Cannot read IP mode file for STMicroelectronics.X-CUBE-BLE1.7.0.0
2023-12-02 10:13:50,586 [WARN] PackLoader:240 - Cannot read IP mode file for STMicroelectronics.X-CUBE-TOUCHGFX.4.22.0
2023-12-02 10:13:50,593 [WARN] PackLoader:240 - Cannot read IP mode file for STMicroelectronics.X-CUBE-TOUCHGFX.4.22.1
2023-12-02 10:13:50,608 [WARN] PackLoader:240 - Cannot read IP mode file for STMicroelectronics.FP-SNS-SMARTAG2.1.2.0
2023-12-02 10:13:50,633 [INFO] LogOutputStream:77 - [STDOUT_REDIRECT] 1 : Invalid condition id : UX_CORESTACK_Condition cause : null
2023-12-02 10:13:50,634 [INFO] LogOutputStream:77 - [STDOUT_REDIRECT] 1 : Invalid condition id : UX_CORESTACK_Condition cause : null
2023-12-02 10:13:50,639 [INFO] LogOutputStream:77 - [STDOUT_REDIRECT] 1 : Invalid condition id : UX_CORESTACK_Condition cause : null
2023-12-02 10:13:50,643 [INFO] LogOutputStream:77 - [STDOUT_REDIRECT] 1 : Invalid condition id : UX_CORESTACK_Condition cause : null
2023-12-02 10:13:50,648 [INFO] LogOutputStream:77 - [STDOUT_REDIRECT] 1 : Invalid condition id : UX_CORESTACK_Condition cause : null
2023-12-02 10:13:50,657 [WARN] PackLoader:240 - Cannot read IP mode file for STMicroelectronics.X-CUBE-AZRTOS-WL.2.0.0
2023-12-02 10:13:50,680 [WARN] PackLoader:240 - Cannot read IP mode file for WES.I-CUBE-Cesium.1.3.0
2023-12-02 10:13:50,694 [WARN] PackLoader:240 - Cannot read IP mode file for STMicroelectronics.X-CUBE-BLE2.3.3.0
2023-12-02 10:13:50,725 [WARN] PackLoader:240 - Cannot read IP mode file for STMicroelectronics.X-CUBE-TOF1.3.2.0
2023-12-02 10:13:50,752 [WARN] PackLoader:240 - Cannot read IP mode file for STMicroelectronics.X-CUBE-TOUCHGFX.4.21.1
2023-12-02 10:13:50,759 [WARN] PackLoader:240 - Cannot read IP mode file for STMicroelectronics.X-CUBE-TOUCHGFX.4.21.3
2023-12-02 10:13:50,766 [WARN] PackLoader:240 - Cannot read IP mode file for STMicroelectronics.X-CUBE-TOUCHGFX.4.21.4
2023-12-02 10:13:50,785 [WARN] PackLoader:240 - Cannot read IP mode file for STMicroelectronics.X-CUBE-ALGOBUILD.1.3.0
2023-12-02 10:13:50,832 [WARN] PackLoader:240 - Cannot read IP mode file for STMicroelectronics.X-CUBE-AZRTOS-G0.1.1.0
2023-12-02 10:13:50,855 [WARN] PackLoader:240 - Cannot read IP mode file for STMicroelectronics.X-CUBE-NFC4.3.0.0
2023-12-02 10:13:50,890 [WARN] PackLoader:240 - Cannot read IP mode file for STMicroelectronics.X-CUBE-BLEMGR.3.0.0
2023-12-02 10:13:50,920 [WARN] PackLoader:240 - Cannot read IP mode file for STMicroelectronics.FP-ATR-SIGFOX1.3.2.0
2023-12-02 10:13:51,086 [WARN] PackLoader:240 - Cannot read IP mode file for STMicroelectronics.X-CUBE-MEMS1.9.5.0
2023-12-02 10:13:51,658 [WARN] PackLoader:240 - Cannot read IP mode file for SEGGER.I-CUBE-embOS.1.3.1
2023-12-02 10:13:51,763 [INFO] WebApp:753 - Register for checkConnection events
2023-12-02 10:13:51,764 [INFO] WebApp:390 - Apply proxy settings
2023-12-02 10:13:51,764 [INFO] WebApp:475 - Chromium requires no authentication
2023-12-02 10:13:51,786 [INFO] WebApp:418 - Direct internet connection detected
2023-12-02 10:13:51,819 [WARN] PackLoader:240 - Cannot read IP mode file for STMicroelectronics.X-CUBE-GNSS1.6.0.0
2023-12-02 10:13:51,869 [WARN] PackLoader:240 - Cannot read IP mode file for STMicroelectronics.X-CUBE-AZRTOS-F4.1.1.0
2023-12-02 10:13:51,931 [WARN] PackLoader:240 - Cannot read IP mode file for STMicroelectronics.X-CUBE-AZRTOS-L5.2.0.0
2023-12-02 10:13:52,043 [WARN] PackLoader:240 - Cannot read IP mode file for STMicroelectronics.X-CUBE-MEMS1.9.6.0
2023-12-02 10:13:52,448 [INFO] WebApp:188 - Starting web application
2023-12-02 10:13:52,449 [INFO] WebApp:520 - Web application path used C:\ST\STM32CubeIDE_1.4.0\STM32CubeIDE\plugins\com.st.stm32cube.common.mx_6.9.1.202307191849\db\plugins\mcufinder\reactClient1\index.html
2023-12-02 10:13:52,454 [WARN] PackLoader:240 - Cannot read IP mode file for STMicroelectronics.X-CUBE-EEPRMA1.4.2.0
2023-12-02 10:13:52,469 [WARN] PackLoader:240 - Cannot read IP mode file for ITTIA_DB.I-CUBE-ITTIADB.8.8.0
2023-12-02 10:13:52,487 [WARN] PackLoader:240 - Cannot read IP mode file for emotas.I-CUBE-CANOPEN.1.1.3
2023-12-02 10:13:52,508 [WARN] PackLoader:240 - Cannot read IP mode file for STMicroelectronics.X-CUBE-BLEMGR.2.0.0
2023-12-02 10:13:52,567 [WARN] ConditionMgr:438 - getConditionDescription Invalid condition id : UX DEVICE CLASS RTOS Condition cause : null
2023-12-02 10:13:52,567 [WARN] ConditionMgr:438 - getConditionDescription Invalid condition id : UX DEVICE CLASS RTOS Condition cause : null
2023-12-02 10:13:52,576 [WARN] PackLoader:240 - Cannot read IP mode file for STMicroelectronics.X-CUBE-AZRTOS-H7.3.1.0
2023-12-02 10:13:52,587 [WARN] ConditionMgr:1039 - genDependencies : Invalid condition id : UX DEVICE CLASS RTOS Condition cause : null
2023-12-02 10:13:52,587 [WARN] ConditionMgr:1039 - genDependencies : Invalid condition id : UX DEVICE CLASS RTOS Condition cause : null
2023-12-02 10:13:52,589 [WARN] ConditionMgr:1039 - genDependencies : Invalid condition id : UX DEVICE CLASS RTOS Condition cause : null
2023-12-02 10:13:52,590 [WARN] ConditionMgr:1039 - genDependencies : Invalid condition id : UX DEVICE CLASS RTOS Condition cause : null
2023-12-02 10:13:52,590 [WARN] ConditionMgr:1039 - genDependencies : Invalid condition id : UX DEVICE CLASS RTOS Condition cause : null
2023-12-02 10:13:52,607 [WARN] PackLoader:240 - Cannot read IP mode file for wolfSSL.I-CUBE-wolfSSL.5.5.4
2023-12-02 10:13:52,619 [WARN] PackLoader:240 - Cannot read IP mode file for STMicroelectronics.X-CUBE-NFC7.1.0.1
2023-12-02 10:13:52,633 [WARN] PackLoader:240 - Cannot read IP mode file for STMicroelectronics.X-CUBE-NFC7.1.0.0
2023-12-02 10:13:52,678 [WARN] PackLoader:240 - Cannot read IP mode file for STMicroelectronics.X-CUBE-NFC6.3.0.0
2023-12-02 10:13:52,698 [WARN] PackLoader:240 - Cannot read IP mode file for STMicroelectronics.X-CUBE-EEPRMA1.4.1.0
2023-12-02 10:13:52,712 [WARN] PackLoader:240 - Cannot read IP mode file for STMicroelectronics.X-CUBE-AI.8.1.0
2023-12-02 10:13:52,756 [WARN] ConditionMgr:438 - getConditionDescription Invalid condition id : LAN8742 Phy interface Condition cause : null
2023-12-02 10:13:52,757 [WARN] PackLoader:240 - Cannot read IP mode file for STMicroelectronics.X-CUBE-AZRTOS-L4.2.0.0
2023-12-02 10:13:52,762 [WARN] ConditionMgr:1039 - genDependencies : Invalid condition id : LAN8742 Phy interface Condition cause : null
2023-12-02 10:13:52,762 [WARN] ConditionMgr:1039 - genDependencies : Invalid condition id : LAN8742 Phy interface Condition cause : null
2023-12-02 10:13:52,764 [WARN] ConditionMgr:1039 - genDependencies : Invalid condition id : LAN8742 Phy interface Condition cause : null
2023-12-02 10:13:52,784 [WARN] PackLoader:240 - Cannot read IP mode file for STMicroelectronics.X-CUBE-SFXS2LP1.4.0.0
2023-12-02 10:13:52,833 [WARN] PackLoader:240 - Cannot read IP mode file for STMicroelectronics.X-CUBE-AZRTOS-H7.3.0.0
2023-12-02 10:13:52,852 [WARN] PackLoader:240 - Cannot read IP mode file for STMicroelectronics.X-CUBE-ISPU.1.1.0
2023-12-02 10:13:52,870 [WARN] PackLoader:240 - Cannot read IP mode file for RoweBots.I-CUBE-UNISONRTOS.5.5.0-4
2023-12-02 10:13:52,881 [WARN] PackLoader:240 - Cannot read IP mode file for STMicroelectronics.X-CUBE-AI.8.0.0
2023-12-02 10:13:52,916 [WARN] ConditionMgr:438 - getConditionDescription Invalid condition id : UX DEVICE CLASS RTOS Condition cause : null
2023-12-02 10:13:52,916 [WARN] ConditionMgr:438 - getConditionDescription Invalid condition id : UX DEVICE CLASS RTOS Condition cause : null
2023-12-02 10:13:52,922 [WARN] PackLoader:240 - Cannot read IP mode file for STMicroelectronics.X-CUBE-AZRTOS-WB.2.0.0
2023-12-02 10:13:52,924 [WARN] ConditionMgr:1039 - genDependencies : Invalid condition id : UX DEVICE CLASS RTOS Condition cause : null
2023-12-02 10:13:52,924 [WARN] ConditionMgr:1039 - genDependencies : Invalid condition id : UX DEVICE CLASS RTOS Condition cause : null
2023-12-02 10:13:52,925 [WARN] ConditionMgr:1039 - genDependencies : Invalid condition id : UX DEVICE CLASS RTOS Condition cause : null
2023-12-02 10:13:52,926 [WARN] ConditionMgr:1039 - genDependencies : Invalid condition id : UX DEVICE CLASS RTOS Condition cause : null
2023-12-02 10:13:52,927 [WARN] ConditionMgr:1039 - genDependencies : Invalid condition id : UX DEVICE CLASS RTOS Condition cause : null
2023-12-02 10:13:52,940 [WARN] PackLoader:240 - Cannot read IP mode file for STMicroelectronics.X-CUBE-FREERTOS.1.0.0
2023-12-02 10:13:52,953 [WARN] PackLoader:240 - Cannot read IP mode file for STMicroelectronics.X-CUBE-FREERTOS.1.0.1
2023-12-02 10:13:52,992 [WARN] PackLoader:240 - Cannot read IP mode file for STMicroelectronics.X-CUBE-AZRTOS-L5.1.1.0
2023-12-02 10:13:53,008 [WARN] PackLoader:240 - Cannot read IP mode file for STMicroelectronics.X-CUBE-AI.8.0.1
2023-12-02 10:13:53,034 [WARN] PackLoader:240 - Cannot read IP mode file for STMicroelectronics.X-CUBE-SUBG2.5.0.0
2023-12-02 10:13:53,103 [WARN] PackLoader:240 - Cannot read IP mode file for STMicroelectronics.X-CUBE-TOF1.3.3.1
2023-12-02 10:13:53,169 [WARN] PackLoader:240 - Cannot read IP mode file for STMicroelectronics.X-CUBE-AZRTOS-G4.2.0.0
2023-12-02 10:13:53,206 [WARN] PackLoader:240 - Cannot read IP mode file for STMicroelectronics.X-CUBE-TOF1.3.3.0
2023-12-02 10:13:53,238 [WARN] PackLoader:240 - Cannot read IP mode file for STMicroelectronics.FP-ATR-ASTRA1.1.1.1
2023-12-02 10:13:53,282 [WARN] PackLoader:240 - Cannot read IP mode file for Infineon.AIROC-Wi-Fi-Bluetooth-STM32.1.5.1
2023-12-02 10:13:53,302 [WARN] PackLoader:240 - Cannot read IP mode file for STMicroelectronics.FP-SNS-MOTENVWB1.1.3.0
2023-12-02 10:13:53,310 [WARN] PackLoader:240 - Cannot read IP mode file for STMicroelectronics.FP-SNS-MOTENVWB1.1.3.1
2023-12-02 10:13:53,345 [WARN] PackLoader:240 - Cannot read IP mode file for STMicroelectronics.X-CUBE-AZRTOS-G4.1.0.0
2023-12-02 10:13:53,389 [WARN] PackLoader:240 - Cannot read IP mode file for STMicroelectronics.X-CUBE-AZRTOS-L4.1.0.0
2023-12-02 10:13:53,514 [WARN] PackLoader:240 - Cannot read IP mode file for STMicroelectronics.X-CUBE-MEMS1.10.0.0
2023-12-02 10:13:53,807 [WARN] PackLoader:240 - Cannot read IP mode file for STMicroelectronics.X-CUBE-FREERTOS.1.1.0
2023-12-02 10:13:53,839 [WARN] PackLoader:240 - Cannot read IP mode file for STMicroelectronics.X-CUBE-AZRTOS-WL.1.0.0
2023-12-02 10:13:53,854 [WARN] PackLoader:240 - Cannot read IP mode file for portGmbH.I-Cube-SoM-uGOAL.1.1.0
2023-12-02 10:13:53,865 [WARN] PackLoader:240 - Cannot read IP mode file for STMicroelectronics.X-CUBE-ALS.1.0.1
2023-12-02 10:13:53,892 [WARN] PackLoader:240 - Cannot read IP mode file for STMicroelectronics.X-CUBE-AZRTOS-WB.1.1.0
2023-12-02 10:13:53,903 [WARN] PackLoader:240 - Cannot read IP mode file for STMicroelectronics.FP-ATR-ASTRA1.2.0.0
2023-12-02 10:13:53,924 [WARN] PackLoader:240 - Cannot read IP mode file for STMicroelectronics.X-CUBE-TOF1.3.4.0
2023-12-02 10:13:53,949 [INFO] ThirdParty:978 - Integrity check success = true
2023-12-02 10:13:53,949 [INFO] IntegrityCheckThread:100 - exiting critical section [integrity check]
2023-12-02 10:13:53,949 [INFO] IntegrityCheckThread:103 - End integrity checks thread
2023-12-02 10:44:08,574 [ERROR] LogOutputStream:75 - [STDERR_REDIRECT] SLF4J: Failed to load class "org.slf4j.impl.StaticLoggerBinder".
2023-12-02 10:44:08,575 [ERROR] LogOutputStream:75 - [STDERR_REDIRECT] SLF4J: Defaulting to no-operation (NOP) logger implementation
2023-12-02 10:44:08,578 [ERROR] LogOutputStream:75 - [STDERR_REDIRECT] SLF4J: See http://www.slf4j.org/codes.html#StaticLoggerBinder for further details.
2023-12-02 15:39:06,270 [INFO] Activator:176 - 


2023-12-02 15:39:06,281 [INFO] Activator:177 - !SESSION log4j initialized
2023-12-02 15:39:34,306 [INFO] LogOutputStream:77 - [STDOUT_REDIRECT] 
2023-12-02 15:39:45,791 [INFO] ApplicationProperties:184 - Using Application install path: C:\ST\STM32CubeIDE_1.4.0\STM32CubeIDE\plugins\com.st.stm32cube.common.mx_6.9.1.202307191849
2023-12-02 15:39:45,847 [INFO] DbMcusXml:78 - Set database path to: C:\ST\STM32CubeIDE_1.4.0\STM32CubeIDE\plugins\com.st.stm32cube.common.mx_6.9.1.202307191849\\db\/mcu/
2023-12-02 15:39:45,848 [INFO] ApiDb:274 - Set plugin database path to: C:\ST\STM32CubeIDE_1.4.0\STM32CubeIDE\plugins\com.st.stm32cube.common.mx_6.9.1.202307191849\\db\/plugins/boardmanager/
2023-12-02 15:39:45,850 [WARN] ApiDb:259 - Overriding images path with different value:  => C:\ST\STM32CubeIDE_1.4.0\STM32CubeIDE\plugins\com.st.stm32cube.common.mx_6.9.1.202307191849\\db\/plugins/mcufinder/images/
2023-12-02 15:39:45,882 [INFO] ApiDb:250 - Set database path to: C:\Users\Minh\.stmcufinder\plugins\mcufinder//mcu/
2023-12-02 15:39:45,885 [INFO] DbMcusAds:125 - Set database path to: C:\Users\Minh\.stmcufinder\plugins\mcufinder//mcu/
2023-12-02 15:39:45,905 [INFO] CrossReferenceDbSqlite:203 - Set database path to: C:\Users\Minh\.stmcufinder\plugins\mcufinder//mcu/cs/
2023-12-02 15:39:46,508 [INFO] RulesReader:64 - Compatibility file has been processed (293 Rules)
2023-12-02 15:39:46,954 [INFO] DbMcusXml:78 - Set database path to: C:\ST\STM32CubeIDE_1.4.0\STM32CubeIDE\plugins\com.st.stm32cube.common.mx_6.9.1.202307191849\\db\/mcu/
2023-12-02 15:39:46,954 [INFO] ApiDb:274 - Set plugin database path to: C:\ST\STM32CubeIDE_1.4.0\STM32CubeIDE\plugins\com.st.stm32cube.common.mx_6.9.1.202307191849\\db\/plugins/boardmanager/
2023-12-02 15:39:46,956 [INFO] ApiDb:261 - Set plugin images path to: C:\ST\STM32CubeIDE_1.4.0\STM32CubeIDE\plugins\com.st.stm32cube.common.mx_6.9.1.202307191849\\db\/plugins/mcufinder/images/
2023-12-02 15:39:46,959 [WARN] DbFile:41 - Overriding database path with different value: C:\Users\Minh\.stmcufinder\plugins\mcufinder/ => C:\Users\Minh\.stmcufinder\plugins\mcufinder
2023-12-02 15:39:46,959 [INFO] ApiDb:250 - Set database path to: C:\Users\Minh\.stmcufinder\plugins\mcufinder//mcu/
2023-12-02 15:39:46,960 [WARN] DbFile:41 - Overriding database path with different value: C:\Users\Minh\.stmcufinder\plugins\mcufinder/ => C:\Users\Minh\.stmcufinder\plugins\mcufinder
2023-12-02 15:39:46,960 [INFO] DbMcusAds:125 - Set database path to: C:\Users\Minh\.stmcufinder\plugins\mcufinder//mcu/
2023-12-02 15:39:46,960 [WARN] DbFile:41 - Overriding database path with different value: C:\Users\Minh\.stmcufinder\plugins\mcufinder/ => C:\Users\Minh\.stmcufinder\plugins\mcufinder
2023-12-02 15:39:46,961 [WARN] DbFile:41 - Overriding database path with different value: C:\Users\Minh\.stmcufinder\plugins\mcufinder/ => C:\Users\Minh\.stmcufinder\plugins\mcufinder
2023-12-02 15:39:46,961 [INFO] CrossReferenceDbSqlite:203 - Set database path to: C:\Users\Minh\.stmcufinder\plugins\mcufinder//mcu/cs/
2023-12-02 15:39:47,307 [INFO] MainPanel:262 - HeapMemory: 268435456
2023-12-02 15:39:47,630 [INFO] DbMcusXml:78 - Set database path to: C:\ST\STM32CubeIDE_1.4.0\STM32CubeIDE\plugins\com.st.stm32cube.common.mx_6.9.1.202307191849\\db\/mcu/
2023-12-02 15:39:47,630 [INFO] ApiDb:274 - Set plugin database path to: C:\ST\STM32CubeIDE_1.4.0\STM32CubeIDE\plugins\com.st.stm32cube.common.mx_6.9.1.202307191849\\db\/plugins/boardmanager/
2023-12-02 15:39:47,631 [INFO] ApiDb:261 - Set plugin images path to: C:\ST\STM32CubeIDE_1.4.0\STM32CubeIDE\plugins\com.st.stm32cube.common.mx_6.9.1.202307191849\\db\/plugins/mcufinder/images/
2023-12-02 15:39:47,632 [WARN] DbFile:41 - Overriding database path with different value: C:\Users\Minh\.stmcufinder\plugins\mcufinder/ => C:\Users\Minh\.stmcufinder\plugins\mcufinder
2023-12-02 15:39:47,632 [INFO] ApiDb:250 - Set database path to: C:\Users\Minh\.stmcufinder\plugins\mcufinder//mcu/
2023-12-02 15:39:47,632 [WARN] DbFile:41 - Overriding database path with different value: C:\Users\Minh\.stmcufinder\plugins\mcufinder/ => C:\Users\Minh\.stmcufinder\plugins\mcufinder
2023-12-02 15:39:47,633 [INFO] DbMcusAds:125 - Set database path to: C:\Users\Minh\.stmcufinder\plugins\mcufinder//mcu/
2023-12-02 15:39:47,633 [WARN] DbFile:41 - Overriding database path with different value: C:\Users\Minh\.stmcufinder\plugins\mcufinder/ => C:\Users\Minh\.stmcufinder\plugins\mcufinder
2023-12-02 15:39:47,633 [WARN] DbFile:41 - Overriding database path with different value: C:\Users\Minh\.stmcufinder\plugins\mcufinder/ => C:\Users\Minh\.stmcufinder\plugins\mcufinder
2023-12-02 15:39:47,634 [INFO] CrossReferenceDbSqlite:203 - Set database path to: C:\Users\Minh\.stmcufinder\plugins\mcufinder//mcu/cs/
2023-12-02 15:39:47,720 [INFO] ApplicationProperties:184 - Using Application install path: C:\ST\STM32CubeIDE_1.4.0\STM32CubeIDE\plugins\com.st.stm32cube.common.mx_6.9.1.202307191849
2023-12-02 15:39:47,726 [INFO] PluginManage:196 - Search for loadable plugins [exclusion list=, ]
2023-12-02 15:39:47,734 [INFO] PluginManage:310 - Check plugin analytics
2023-12-02 15:39:52,814 [INFO] AnalyticsPlugin:253 - Accepted Software Licenses: STM32CubeMX.6.0.0,STM32CubeMX.5.2.0
2023-12-02 15:39:52,816 [INFO] AnalyticsPlugin:255 - Accepted CMSIS Pack Licenses: 
2023-12-02 15:39:52,817 [INFO] AnalyticsPlugin:257 - Accepted Firmware Licenses: 
2023-12-02 15:39:52,823 [INFO] PluginManage:359 - Loaded plugin analytics (category:tool,tabindex:-1)
2023-12-02 15:39:52,823 [INFO] PluginManage:310 - Check plugin cadmodel
2023-12-02 15:39:52,861 [INFO] CADModel:105 - Init CAD model plugin
2023-12-02 15:39:52,862 [INFO] PluginManage:359 - Loaded plugin cadmodel (category:power,tabindex:5)
2023-12-02 15:39:52,862 [INFO] PluginManage:310 - Check plugin clock
2023-12-02 15:39:52,907 [INFO] PluginManage:359 - Loaded plugin clock (category:base,tabindex:2)
2023-12-02 15:39:52,907 [INFO] PluginManage:310 - Check plugin ddr
2023-12-02 15:39:52,913 [INFO] PluginManage:359 - Loaded plugin ddr (category:tool,tabindex:6)
2023-12-02 15:39:52,913 [INFO] PluginManage:310 - Check plugin filemanager
2023-12-02 15:39:53,223 [INFO] PluginManage:359 - Loaded plugin filemanager (category:base,tabindex:10)
2023-12-02 15:39:53,223 [INFO] PluginManage:310 - Check plugin ipmanager
2023-12-02 15:39:53,241 [INFO] PluginManage:359 - Loaded plugin ipmanager (category:base,tabindex:5)
2023-12-02 15:39:53,241 [INFO] PluginManage:310 - Check plugin lpbam
2023-12-02 15:39:53,282 [INFO] PluginManage:359 - Loaded plugin lpbam (category:base,tabindex:0)
2023-12-02 15:39:53,282 [INFO] PluginManage:310 - Check plugin memorymap
2023-12-02 15:39:53,336 [INFO] PluginManage:359 - Loaded plugin memorymap (category:base,tabindex:4)
2023-12-02 15:39:53,336 [INFO] PluginManage:310 - Check plugin pinoutandconfiguration
2023-12-02 15:39:53,372 [INFO] PluginManage:359 - Loaded plugin pinoutandconfiguration (category:base,tabindex:1)
2023-12-02 15:39:53,372 [INFO] PluginManage:310 - Check plugin pinoutconfig
2023-12-02 15:39:53,606 [WARN] SupportedApi:132 - Cannot load RTOS API schema: s4s-elt-must-match.1: The content of 'definitions' must match (annotation?, (simpleType | complexType)?, (unique | key | keyref)*)). A problem was found starting at: attribute.
2023-12-02 15:39:53,928 [INFO] PluginManage:359 - Loaded plugin pinoutconfig (category:base,tabindex:0)
2023-12-02 15:39:53,928 [INFO] PluginManage:310 - Check plugin power
2023-12-02 15:39:53,979 [INFO] PluginManage:359 - Loaded plugin power (category:power,tabindex:4)
2023-12-02 15:39:53,979 [INFO] PluginManage:310 - Check plugin projectmanager
2023-12-02 15:39:54,016 [INFO] PluginManage:359 - Loaded plugin projectmanager (category:projectmanager,tabindex:3)
2023-12-02 15:39:54,017 [INFO] PluginManage:310 - Check plugin thirdparty
2023-12-02 15:39:54,634 [INFO] PluginManage:359 - Loaded plugin thirdparty (category:base,tabindex:-1)
2023-12-02 15:39:54,634 [WARN] IntegrityCheckThread:84 - waiting for thirdparty lock release [integrity check]
2023-12-02 15:39:54,635 [INFO] PluginManage:310 - Check plugin tools
2023-12-02 15:39:54,635 [INFO] IntegrityCheckThread:86 - entering critical section [integrity check]
2023-12-02 15:39:54,636 [INFO] ThirdPartyUpdaterWithRetryManager:70 - Updater plugin not ready yet. [1/15]
2023-12-02 15:39:54,716 [INFO] PluginManage:359 - Loaded plugin tools (category:base,tabindex:7)
2023-12-02 15:39:54,717 [INFO] PluginManage:310 - Check plugin tutovideos
2023-12-02 15:39:55,138 [INFO] PluginManage:359 - Loaded plugin tutovideos (category:base,tabindex:-1)
2023-12-02 15:39:55,138 [INFO] PluginManage:310 - Check plugin updater
2023-12-02 15:39:55,162 [INFO] PluginManage:359 - Loaded plugin updater (category:base,tabindex:12)
2023-12-02 15:39:55,163 [INFO] PluginManage:310 - Check plugin userauth
2023-12-02 15:39:55,175 [INFO] UserAuth:113 - Init User Auth plugin
2023-12-02 15:39:55,175 [INFO] PluginManage:359 - Loaded plugin userauth (category:base,tabindex:14)
2023-12-02 15:39:55,176 [INFO] PluginManage:283 - PluginManage : Loaded plugins [17]
2023-12-02 15:39:55,663 [INFO] PinOutPanel:1499 - setPackage(No Configuration,No Configuration)
2023-12-02 15:39:55,926 [INFO] CADModel:165 - CPN selected for project level
2023-12-02 15:39:55,927 [INFO] CADModel:114 - Register for checkConnection events
2023-12-02 15:39:56,008 [INFO] IPUIPlugin:80 - create IPUIPlugin
2023-12-02 15:39:56,009 [INFO] PluginManager:220 - loadIPPluginJar : add adc
2023-12-02 15:39:56,126 [INFO] IPUIPlugin:80 - create IPUIPlugin
2023-12-02 15:39:56,128 [INFO] PluginManager:220 - loadIPPluginJar : add aes
2023-12-02 15:39:56,263 [INFO] IPUIPlugin:80 - create IPUIPlugin
2023-12-02 15:39:56,263 [INFO] PluginManager:220 - loadIPPluginJar : add can
2023-12-02 15:39:56,322 [INFO] IPUIPlugin:80 - create IPUIPlugin
2023-12-02 15:39:56,322 [INFO] PluginManager:220 - loadIPPluginJar : add comp
2023-12-02 15:39:56,425 [INFO] IPUIPlugin:80 - create IPUIPlugin
2023-12-02 15:39:56,425 [INFO] PluginManager:220 - loadIPPluginJar : add cryp
2023-12-02 15:39:56,505 [INFO] IPUIPlugin:80 - create IPUIPlugin
2023-12-02 15:39:56,505 [INFO] PluginManager:220 - loadIPPluginJar : add dfsdm
2023-12-02 15:39:56,538 [INFO] IPUIPlugin:80 - create IPUIPlugin
2023-12-02 15:39:56,540 [INFO] PluginManager:220 - loadIPPluginJar : add dma
2023-12-02 15:39:56,641 [INFO] IPUIPlugin:80 - create IPUIPlugin
2023-12-02 15:39:56,642 [INFO] PluginManager:220 - loadIPPluginJar : add dma3
2023-12-02 15:39:56,689 [INFO] IPUIPlugin:80 - create IPUIPlugin
2023-12-02 15:39:56,689 [INFO] PluginManager:220 - loadIPPluginJar : add fatfs
2023-12-02 15:39:56,793 [INFO] IPUIPlugin:80 - create IPUIPlugin
2023-12-02 15:39:56,794 [INFO] PluginManager:220 - loadIPPluginJar : add fmc
2023-12-02 15:39:56,824 [INFO] IPUIPlugin:80 - create IPUIPlugin
2023-12-02 15:39:56,825 [INFO] PluginManager:220 - loadIPPluginJar : add freertos
2023-12-02 15:39:56,869 [INFO] IPUIPlugin:80 - create IPUIPlugin
2023-12-02 15:39:56,869 [INFO] PluginManager:220 - loadIPPluginJar : add genericplugin
2023-12-02 15:39:57,089 [INFO] IPUIPlugin:80 - create IPUIPlugin
2023-12-02 15:39:57,089 [INFO] PluginManager:220 - loadIPPluginJar : add gfxmmu
2023-12-02 15:39:57,395 [INFO] IPUIPlugin:80 - create IPUIPlugin
2023-12-02 15:39:57,395 [INFO] PluginManager:220 - loadIPPluginJar : add gic
2023-12-02 15:39:57,429 [INFO] IPUIPlugin:80 - create IPUIPlugin
2023-12-02 15:39:57,429 [INFO] PluginManager:220 - loadIPPluginJar : add gpio
2023-12-02 15:39:57,638 [INFO] ThirdPartyUpdaterWithRetryManager:70 - Updater plugin not ready yet. [2/15]
2023-12-02 15:39:57,641 [INFO] IPUIPlugin:80 - create IPUIPlugin
2023-12-02 15:39:57,642 [INFO] PluginManager:220 - loadIPPluginJar : add gtzc
2023-12-02 15:39:57,722 [INFO] IPUIPlugin:80 - create IPUIPlugin
2023-12-02 15:39:57,722 [INFO] PluginManager:220 - loadIPPluginJar : add hash
2023-12-02 15:39:57,847 [INFO] IPUIPlugin:80 - create IPUIPlugin
2023-12-02 15:39:57,848 [INFO] PluginManager:220 - loadIPPluginJar : add i2c
2023-12-02 15:39:57,950 [INFO] IPUIPlugin:80 - create IPUIPlugin
2023-12-02 15:39:57,950 [INFO] PluginManager:220 - loadIPPluginJar : add i2s
2023-12-02 15:39:58,048 [INFO] IPUIPlugin:80 - create IPUIPlugin
2023-12-02 15:39:58,049 [INFO] PluginManager:220 - loadIPPluginJar : add i3c
2023-12-02 15:39:58,326 [INFO] IPUIPlugin:80 - create IPUIPlugin
2023-12-02 15:39:58,327 [INFO] PluginManager:220 - loadIPPluginJar : add ipddr
2023-12-02 15:39:58,565 [INFO] IPUIPlugin:80 - create IPUIPlugin
2023-12-02 15:39:58,565 [INFO] PluginManager:220 - loadIPPluginJar : add linkedlist
2023-12-02 15:39:58,647 [INFO] IPUIPlugin:80 - create IPUIPlugin
2023-12-02 15:39:58,647 [INFO] PluginManager:220 - loadIPPluginJar : add lorawan
2023-12-02 15:39:58,738 [INFO] IPUIPlugin:80 - create IPUIPlugin
2023-12-02 15:39:58,738 [INFO] PluginManager:220 - loadIPPluginJar : add ltdc
2023-12-02 15:39:58,772 [INFO] IPUIPlugin:80 - create IPUIPlugin
2023-12-02 15:39:58,773 [INFO] PluginManager:220 - loadIPPluginJar : add mdma
2023-12-02 15:39:58,800 [INFO] IPUIPlugin:80 - create IPUIPlugin
2023-12-02 15:39:58,800 [INFO] PluginManager:220 - loadIPPluginJar : add nvic
2023-12-02 15:39:58,885 [INFO] IPUIPlugin:80 - create IPUIPlugin
2023-12-02 15:39:58,885 [INFO] PluginManager:220 - loadIPPluginJar : add opamp
2023-12-02 15:39:59,045 [INFO] IPUIPlugin:80 - create IPUIPlugin
2023-12-02 15:39:59,046 [INFO] PluginManager:220 - loadIPPluginJar : add openamp
2023-12-02 15:39:59,177 [INFO] IPUIPlugin:80 - create IPUIPlugin
2023-12-02 15:39:59,178 [INFO] PluginManager:220 - loadIPPluginJar : add pdm2pcm
2023-12-02 15:39:59,223 [INFO] IPUIPlugin:80 - create IPUIPlugin
2023-12-02 15:39:59,233 [INFO] PluginManager:220 - loadIPPluginJar : add plateformsettings
2023-12-02 15:39:59,294 [INFO] IPUIPlugin:80 - create IPUIPlugin
2023-12-02 15:39:59,295 [INFO] PluginManager:220 - loadIPPluginJar : add quadspi
2023-12-02 15:39:59,325 [INFO] IPUIPlugin:80 - create IPUIPlugin
2023-12-02 15:39:59,326 [INFO] PluginManager:220 - loadIPPluginJar : add resmgrutility
2023-12-02 15:39:59,448 [INFO] IPUIPlugin:80 - create IPUIPlugin
2023-12-02 15:39:59,448 [INFO] PluginManager:220 - loadIPPluginJar : add sai
2023-12-02 15:39:59,539 [INFO] IPUIPlugin:80 - create IPUIPlugin
2023-12-02 15:39:59,539 [INFO] PluginManager:220 - loadIPPluginJar : add spi
2023-12-02 15:39:59,692 [INFO] IPUIPlugin:80 - create IPUIPlugin
2023-12-02 15:39:59,693 [INFO] PluginManager:220 - loadIPPluginJar : add stm32_wpan
2023-12-02 15:39:59,749 [INFO] IPUIPlugin:80 - create IPUIPlugin
2023-12-02 15:39:59,749 [INFO] PluginManager:220 - loadIPPluginJar : add tim
2023-12-02 15:39:59,915 [INFO] IPUIPlugin:80 - create IPUIPlugin
2023-12-02 15:39:59,915 [INFO] PluginManager:220 - loadIPPluginJar : add touchsensing
2023-12-02 15:39:59,986 [INFO] IPUIPlugin:80 - create IPUIPlugin
2023-12-02 15:39:59,987 [INFO] PluginManager:220 - loadIPPluginJar : add tracer_emb
2023-12-02 15:40:00,053 [INFO] IPUIPlugin:80 - create IPUIPlugin
2023-12-02 15:40:00,053 [INFO] PluginManager:220 - loadIPPluginJar : add ts
2023-12-02 15:40:00,105 [INFO] IPUIPlugin:80 - create IPUIPlugin
2023-12-02 15:40:00,105 [INFO] PluginManager:220 - loadIPPluginJar : add tsc
2023-12-02 15:40:00,160 [INFO] IPUIPlugin:80 - create IPUIPlugin
2023-12-02 15:40:00,160 [INFO] PluginManager:220 - loadIPPluginJar : add ucpd
2023-12-02 15:40:00,271 [INFO] IPUIPlugin:80 - create IPUIPlugin
2023-12-02 15:40:00,273 [INFO] PluginManager:220 - loadIPPluginJar : add usart
2023-12-02 15:40:00,376 [INFO] IPUIPlugin:80 - create IPUIPlugin
2023-12-02 15:40:00,376 [INFO] PluginManager:220 - loadIPPluginJar : add usbx
2023-12-02 15:40:00,589 [INFO] CADModel:165 - CPN selected for project level
2023-12-02 15:40:00,591 [INFO] CADModel:114 - Register for checkConnection events
2023-12-02 15:40:00,591 [FATAL] Updater:308 - Updater called before beeing initialized
2023-12-02 15:40:00,592 [ERROR] CADModel:125 - Updater not yet initialized, retry later 
2023-12-02 15:40:00,639 [INFO] ThirdPartyUpdaterWithRetryManager:70 - Updater plugin not ready yet. [3/15]
2023-12-02 15:40:00,909 [INFO] CADModel:165 - CPN selected for project level
2023-12-02 15:40:00,909 [INFO] CADModel:114 - Register for checkConnection events
2023-12-02 15:40:00,909 [FATAL] Updater:308 - Updater called before beeing initialized
2023-12-02 15:40:00,909 [ERROR] CADModel:125 - Updater not yet initialized, retry later 
2023-12-02 15:40:00,916 [FATAL] Updater:308 - Updater called before beeing initialized
2023-12-02 15:40:01,177 [FATAL] Updater:308 - Updater called before beeing initialized
2023-12-02 15:40:01,188 [INFO] DbMcusAds:53 - JSON generation date=Tue Mar 07 17:50:55 JST 2023 (1678179055114)
2023-12-02 15:40:01,188 [FATAL] Updater:308 - Updater called before beeing initialized
2023-12-02 15:40:01,380 [WARN] DetailPanel:346 - Failed to get advertising image, set to default
2023-12-02 15:40:01,563 [FATAL] Updater:308 - Updater called before beeing initialized
2023-12-02 15:40:01,566 [FATAL] Updater:308 - Updater called before beeing initialized
2023-12-02 15:40:01,566 [FATAL] Updater:308 - Updater called before beeing initialized
2023-12-02 15:40:01,566 [WARN] DetailPanel:346 - Failed to get advertising image, set to default
2023-12-02 15:40:01,567 [FATAL] Updater:308 - Updater called before beeing initialized
2023-12-02 15:40:01,662 [ERROR] Updater:1120 - MainUpdater not yet initialized. External WinMGr cannot be set.
2023-12-02 15:40:01,677 [INFO] Updater:1056 - Updater Version found : 6.9.1
2023-12-02 15:40:01,708 [INFO] ApplicationProperties:184 - Using Application install path: C:\ST\STM32CubeIDE_1.4.0\STM32CubeIDE\plugins\com.st.stm32cube.common.mx_6.9.1.202307191849
2023-12-02 15:40:01,919 [INFO] MainUpdater:2868 - connection check result : 10
2023-12-02 15:40:01,921 [INFO] MainUpdater:285 - Updater Check For Update Now.
2023-12-02 15:40:01,921 [INFO] MicroXplorer:498 - Change Database Version : DB.6.0.91
2023-12-02 15:40:01,949 [INFO] McuFinderGlobals:63 - Set McuFinder mode to 2 (CubeIDE integrated)
2023-12-02 15:40:01,949 [INFO] UserAuth:179 - activating auth plugin
2023-12-02 15:40:01,955 [INFO] UserAuth:393 - Internet connection configuration mode: 1
2023-12-02 15:40:01,993 [INFO] JxBrowserEngine:151 - Initiate JxBrowser Engine with user profile folder
2023-12-02 15:40:02,194 [INFO] CheckServerUpdateThread:120 - End of CheckServer Thread
2023-12-02 15:40:03,585 [INFO] WebApp:157 - Instantiating new browser for Auth
2023-12-02 15:40:04,096 [WARN] PackLoader:240 - Cannot read IP mode file for STMicroelectronics.X-CUBE-SMBUS.2.1.0
2023-12-02 15:40:04,175 [WARN] PackLoader:240 - Cannot read IP mode file for STMicroelectronics.X-CUBE-AZRTOS-F7.1.1.0
2023-12-02 15:40:04,197 [ERROR] RealEvaluatedCondition:428 - Found unsupported composite condition: GROUP='STM32_MetaDataManager' CLASS='Data Exchange'
2023-12-02 15:40:04,198 [ERROR] RealEvaluatedCondition:428 - Found unsupported composite condition: GROUP='STM32_MetaDataManager' CLASS='Data Exchange'
2023-12-02 15:40:04,202 [WARN] PackLoader:240 - Cannot read IP mode file for STMicroelectronics.FP-SNS-MOTENV1.4.3.0
2023-12-02 15:40:04,225 [WARN] PackLoader:240 - Cannot read IP mode file for STMicroelectronics.FP-SNS-MOTENV1.4.3.2
2023-12-02 15:40:04,239 [WARN] PackLoader:240 - Cannot read IP mode file for STMicroelectronics.FP-SNS-FLIGHT1.5.0.0
2023-12-02 15:40:04,247 [ERROR] RealEvaluatedCondition:428 - Found unsupported composite condition: CLASS='Data Exchange' GROUP='STM32_MetaDataManager'
2023-12-02 15:40:04,247 [ERROR] RealEvaluatedCondition:428 - Found unsupported composite condition: GROUP='STM32_MetaDataManager' CLASS='Data Exchange'
2023-12-02 15:40:04,251 [WARN] PackLoader:240 - Cannot read IP mode file for STMicroelectronics.FP-SNS-MOTENV1.4.3.1
2023-12-02 15:40:04,264 [WARN] PackLoader:240 - Cannot read IP mode file for STMicroelectronics.FP-SNS-FLIGHT1.5.0.1
2023-12-02 15:40:04,287 [WARN] PackLoader:240 - Cannot read IP mode file for STMicroelectronics.X-CUBE-BLE1.6.2.4
2023-12-02 15:40:04,298 [WARN] PackLoader:240 - Cannot read IP mode file for STMicroelectronics.FP-SNS-FLIGHT1.5.0.2
2023-12-02 15:40:04,322 [WARN] PackLoader:240 - Cannot read IP mode file for STMicroelectronics.X-CUBE-DISPLAY.3.0.0
2023-12-02 15:40:04,346 [WARN] PackLoader:240 - Cannot read IP mode file for STMicroelectronics.X-CUBE-BLE1.7.0.0
2023-12-02 15:40:04,361 [WARN] PackLoader:240 - Cannot read IP mode file for STMicroelectronics.X-CUBE-TOUCHGFX.4.22.0
2023-12-02 15:40:04,370 [WARN] PackLoader:240 - Cannot read IP mode file for STMicroelectronics.X-CUBE-TOUCHGFX.4.22.1
2023-12-02 15:40:04,385 [WARN] PackLoader:240 - Cannot read IP mode file for STMicroelectronics.FP-SNS-SMARTAG2.1.2.0
2023-12-02 15:40:04,421 [INFO] LogOutputStream:77 - [STDOUT_REDIRECT] 1 : Invalid condition id : UX_CORESTACK_Condition cause : null
2023-12-02 15:40:04,423 [INFO] LogOutputStream:77 - [STDOUT_REDIRECT] 1 : Invalid condition id : UX_CORESTACK_Condition cause : null
2023-12-02 15:40:04,428 [INFO] LogOutputStream:77 - [STDOUT_REDIRECT] 1 : Invalid condition id : UX_CORESTACK_Condition cause : null
2023-12-02 15:40:04,432 [INFO] LogOutputStream:77 - [STDOUT_REDIRECT] 1 : Invalid condition id : UX_CORESTACK_Condition cause : null
2023-12-02 15:40:04,436 [INFO] LogOutputStream:77 - [STDOUT_REDIRECT] 1 : Invalid condition id : UX_CORESTACK_Condition cause : null
2023-12-02 15:40:04,453 [WARN] PackLoader:240 - Cannot read IP mode file for STMicroelectronics.X-CUBE-AZRTOS-WL.2.0.0
2023-12-02 15:40:04,477 [WARN] PackLoader:240 - Cannot read IP mode file for WES.I-CUBE-Cesium.1.3.0
2023-12-02 15:40:04,491 [WARN] PackLoader:240 - Cannot read IP mode file for STMicroelectronics.X-CUBE-BLE2.3.3.0
2023-12-02 15:40:04,526 [WARN] PackLoader:240 - Cannot read IP mode file for STMicroelectronics.X-CUBE-TOF1.3.2.0
2023-12-02 15:40:04,554 [WARN] PackLoader:240 - Cannot read IP mode file for STMicroelectronics.X-CUBE-TOUCHGFX.4.21.1
2023-12-02 15:40:04,562 [WARN] PackLoader:240 - Cannot read IP mode file for STMicroelectronics.X-CUBE-TOUCHGFX.4.21.3
2023-12-02 15:40:04,569 [WARN] PackLoader:240 - Cannot read IP mode file for STMicroelectronics.X-CUBE-TOUCHGFX.4.21.4
2023-12-02 15:40:04,590 [WARN] PackLoader:240 - Cannot read IP mode file for STMicroelectronics.X-CUBE-ALGOBUILD.1.3.0
2023-12-02 15:40:04,647 [WARN] PackLoader:240 - Cannot read IP mode file for STMicroelectronics.X-CUBE-AZRTOS-G0.1.1.0
2023-12-02 15:40:04,682 [WARN] PackLoader:240 - Cannot read IP mode file for STMicroelectronics.X-CUBE-NFC4.3.0.0
2023-12-02 15:40:04,723 [WARN] PackLoader:240 - Cannot read IP mode file for STMicroelectronics.X-CUBE-BLEMGR.3.0.0
2023-12-02 15:40:04,744 [WARN] PackLoader:240 - Cannot read IP mode file for STMicroelectronics.FP-ATR-SIGFOX1.3.2.0
2023-12-02 15:40:04,908 [WARN] PackLoader:240 - Cannot read IP mode file for STMicroelectronics.X-CUBE-MEMS1.9.5.0
2023-12-02 15:40:05,608 [WARN] PackLoader:240 - Cannot read IP mode file for SEGGER.I-CUBE-embOS.1.3.1
2023-12-02 15:40:05,749 [WARN] PackLoader:240 - Cannot read IP mode file for STMicroelectronics.X-CUBE-GNSS1.6.0.0
2023-12-02 15:40:05,797 [WARN] PackLoader:240 - Cannot read IP mode file for STMicroelectronics.X-CUBE-AZRTOS-F4.1.1.0
2023-12-02 15:40:05,844 [INFO] WebApp:753 - Register for checkConnection events
2023-12-02 15:40:05,845 [INFO] WebApp:390 - Apply proxy settings
2023-12-02 15:40:05,846 [INFO] WebApp:475 - Chromium requires no authentication
2023-12-02 15:40:05,854 [WARN] PackLoader:240 - Cannot read IP mode file for STMicroelectronics.X-CUBE-AZRTOS-L5.2.0.0
2023-12-02 15:40:05,886 [INFO] WebApp:418 - Direct internet connection detected
2023-12-02 15:40:06,029 [WARN] PackLoader:240 - Cannot read IP mode file for STMicroelectronics.X-CUBE-MEMS1.9.6.0
2023-12-02 15:40:06,644 [WARN] PackLoader:240 - Cannot read IP mode file for STMicroelectronics.X-CUBE-EEPRMA1.4.2.0
2023-12-02 15:40:06,733 [WARN] PackLoader:240 - Cannot read IP mode file for ITTIA_DB.I-CUBE-ITTIADB.8.8.0
2023-12-02 15:40:06,764 [WARN] PackLoader:240 - Cannot read IP mode file for emotas.I-CUBE-CANOPEN.1.1.3
2023-12-02 15:40:06,791 [WARN] PackLoader:240 - Cannot read IP mode file for STMicroelectronics.X-CUBE-BLEMGR.2.0.0
2023-12-02 15:40:06,856 [WARN] ConditionMgr:438 - getConditionDescription Invalid condition id : UX DEVICE CLASS RTOS Condition cause : null
2023-12-02 15:40:06,856 [WARN] ConditionMgr:438 - getConditionDescription Invalid condition id : UX DEVICE CLASS RTOS Condition cause : null
2023-12-02 15:40:06,865 [WARN] PackLoader:240 - Cannot read IP mode file for STMicroelectronics.X-CUBE-AZRTOS-H7.3.1.0
2023-12-02 15:40:06,868 [WARN] ConditionMgr:1039 - genDependencies : Invalid condition id : UX DEVICE CLASS RTOS Condition cause : null
2023-12-02 15:40:06,869 [WARN] ConditionMgr:1039 - genDependencies : Invalid condition id : UX DEVICE CLASS RTOS Condition cause : null
2023-12-02 15:40:06,871 [WARN] ConditionMgr:1039 - genDependencies : Invalid condition id : UX DEVICE CLASS RTOS Condition cause : null
2023-12-02 15:40:06,872 [WARN] ConditionMgr:1039 - genDependencies : Invalid condition id : UX DEVICE CLASS RTOS Condition cause : null
2023-12-02 15:40:06,872 [WARN] ConditionMgr:1039 - genDependencies : Invalid condition id : UX DEVICE CLASS RTOS Condition cause : null
2023-12-02 15:40:06,929 [WARN] PackLoader:240 - Cannot read IP mode file for wolfSSL.I-CUBE-wolfSSL.5.5.4
2023-12-02 15:40:06,948 [WARN] PackLoader:240 - Cannot read IP mode file for STMicroelectronics.X-CUBE-NFC7.1.0.1
2023-12-02 15:40:06,962 [WARN] PackLoader:240 - Cannot read IP mode file for STMicroelectronics.X-CUBE-NFC7.1.0.0
2023-12-02 15:40:06,992 [WARN] PackLoader:240 - Cannot read IP mode file for STMicroelectronics.X-CUBE-NFC6.3.0.0
2023-12-02 15:40:07,023 [WARN] PackLoader:240 - Cannot read IP mode file for STMicroelectronics.X-CUBE-EEPRMA1.4.1.0
2023-12-02 15:40:07,044 [WARN] PackLoader:240 - Cannot read IP mode file for STMicroelectronics.X-CUBE-AI.8.1.0
2023-12-02 15:40:07,142 [WARN] ConditionMgr:438 - getConditionDescription Invalid condition id : LAN8742 Phy interface Condition cause : null
2023-12-02 15:40:07,144 [WARN] PackLoader:240 - Cannot read IP mode file for STMicroelectronics.X-CUBE-AZRTOS-L4.2.0.0
2023-12-02 15:40:07,150 [WARN] ConditionMgr:1039 - genDependencies : Invalid condition id : LAN8742 Phy interface Condition cause : null
2023-12-02 15:40:07,151 [WARN] ConditionMgr:1039 - genDependencies : Invalid condition id : LAN8742 Phy interface Condition cause : null
2023-12-02 15:40:07,152 [WARN] ConditionMgr:1039 - genDependencies : Invalid condition id : LAN8742 Phy interface Condition cause : null
2023-12-02 15:40:07,170 [WARN] PackLoader:240 - Cannot read IP mode file for STMicroelectronics.X-CUBE-SFXS2LP1.4.0.0
2023-12-02 15:40:07,228 [WARN] PackLoader:240 - Cannot read IP mode file for STMicroelectronics.X-CUBE-AZRTOS-H7.3.0.0
2023-12-02 15:40:07,254 [WARN] PackLoader:240 - Cannot read IP mode file for STMicroelectronics.X-CUBE-ISPU.1.1.0
2023-12-02 15:40:07,299 [WARN] PackLoader:240 - Cannot read IP mode file for RoweBots.I-CUBE-UNISONRTOS.5.5.0-4
2023-12-02 15:40:07,310 [WARN] PackLoader:240 - Cannot read IP mode file for STMicroelectronics.X-CUBE-AI.8.0.0
2023-12-02 15:40:07,388 [INFO] WebApp:188 - Starting web application
2023-12-02 15:40:07,388 [INFO] WebApp:520 - Web application path used C:\ST\STM32CubeIDE_1.4.0\STM32CubeIDE\plugins\com.st.stm32cube.common.mx_6.9.1.202307191849\db\plugins\mcufinder\reactClient1\index.html
2023-12-02 15:40:07,450 [WARN] ConditionMgr:438 - getConditionDescription Invalid condition id : UX DEVICE CLASS RTOS Condition cause : null
2023-12-02 15:40:07,450 [WARN] ConditionMgr:438 - getConditionDescription Invalid condition id : UX DEVICE CLASS RTOS Condition cause : null
2023-12-02 15:40:07,456 [WARN] PackLoader:240 - Cannot read IP mode file for STMicroelectronics.X-CUBE-AZRTOS-WB.2.0.0
2023-12-02 15:40:07,458 [WARN] ConditionMgr:1039 - genDependencies : Invalid condition id : UX DEVICE CLASS RTOS Condition cause : null
2023-12-02 15:40:07,458 [WARN] ConditionMgr:1039 - genDependencies : Invalid condition id : UX DEVICE CLASS RTOS Condition cause : null
2023-12-02 15:40:07,460 [WARN] ConditionMgr:1039 - genDependencies : Invalid condition id : UX DEVICE CLASS RTOS Condition cause : null
2023-12-02 15:40:07,460 [WARN] ConditionMgr:1039 - genDependencies : Invalid condition id : UX DEVICE CLASS RTOS Condition cause : null
2023-12-02 15:40:07,461 [WARN] ConditionMgr:1039 - genDependencies : Invalid condition id : UX DEVICE CLASS RTOS Condition cause : null
2023-12-02 15:40:07,489 [WARN] PackLoader:240 - Cannot read IP mode file for STMicroelectronics.X-CUBE-FREERTOS.1.0.0
2023-12-02 15:40:07,503 [WARN] PackLoader:240 - Cannot read IP mode file for STMicroelectronics.X-CUBE-FREERTOS.1.0.1
2023-12-02 15:40:07,601 [WARN] PackLoader:240 - Cannot read IP mode file for STMicroelectronics.X-CUBE-AZRTOS-L5.1.1.0
2023-12-02 15:40:07,621 [WARN] PackLoader:240 - Cannot read IP mode file for STMicroelectronics.X-CUBE-AI.8.0.1
2023-12-02 15:40:07,659 [WARN] PackLoader:240 - Cannot read IP mode file for STMicroelectronics.X-CUBE-SUBG2.5.0.0
2023-12-02 15:40:07,721 [WARN] PackLoader:240 - Cannot read IP mode file for STMicroelectronics.X-CUBE-TOF1.3.3.1
2023-12-02 15:40:07,839 [WARN] PackLoader:240 - Cannot read IP mode file for STMicroelectronics.X-CUBE-AZRTOS-G4.2.0.0
2023-12-02 15:40:07,877 [WARN] PackLoader:240 - Cannot read IP mode file for STMicroelectronics.X-CUBE-TOF1.3.3.0
2023-12-02 15:40:07,923 [WARN] PackLoader:240 - Cannot read IP mode file for STMicroelectronics.FP-ATR-ASTRA1.1.1.1
2023-12-02 15:40:07,958 [WARN] PackLoader:240 - Cannot read IP mode file for Infineon.AIROC-Wi-Fi-Bluetooth-STM32.1.5.1
2023-12-02 15:40:07,996 [WARN] PackLoader:240 - Cannot read IP mode file for STMicroelectronics.FP-SNS-MOTENVWB1.1.3.0
2023-12-02 15:40:08,007 [WARN] PackLoader:240 - Cannot read IP mode file for STMicroelectronics.FP-SNS-MOTENVWB1.1.3.1
2023-12-02 15:40:08,046 [WARN] PackLoader:240 - Cannot read IP mode file for STMicroelectronics.X-CUBE-AZRTOS-G4.1.0.0
2023-12-02 15:40:08,097 [WARN] PackLoader:240 - Cannot read IP mode file for STMicroelectronics.X-CUBE-AZRTOS-L4.1.0.0
2023-12-02 15:40:08,235 [WARN] PackLoader:240 - Cannot read IP mode file for STMicroelectronics.X-CUBE-MEMS1.10.0.0
2023-12-02 15:40:08,955 [WARN] PackLoader:240 - Cannot read IP mode file for STMicroelectronics.X-CUBE-FREERTOS.1.1.0
2023-12-02 15:40:08,987 [WARN] PackLoader:240 - Cannot read IP mode file for STMicroelectronics.X-CUBE-AZRTOS-WL.1.0.0
2023-12-02 15:40:09,010 [WARN] PackLoader:240 - Cannot read IP mode file for portGmbH.I-Cube-SoM-uGOAL.1.1.0
2023-12-02 15:40:09,022 [WARN] PackLoader:240 - Cannot read IP mode file for STMicroelectronics.X-CUBE-ALS.1.0.1
2023-12-02 15:40:09,059 [WARN] PackLoader:240 - Cannot read IP mode file for STMicroelectronics.X-CUBE-AZRTOS-WB.1.1.0
2023-12-02 15:40:09,076 [WARN] PackLoader:240 - Cannot read IP mode file for STMicroelectronics.FP-ATR-ASTRA1.2.0.0
2023-12-02 15:40:09,107 [WARN] PackLoader:240 - Cannot read IP mode file for STMicroelectronics.X-CUBE-TOF1.3.4.0
2023-12-02 15:40:09,139 [INFO] ThirdParty:978 - Integrity check success = true
2023-12-02 15:40:09,139 [INFO] IntegrityCheckThread:100 - exiting critical section [integrity check]
2023-12-02 15:40:09,140 [INFO] IntegrityCheckThread:103 - End integrity checks thread
2023-12-02 16:08:32,287 [ERROR] LogOutputStream:75 - [STDERR_REDIRECT] SLF4J: Failed to load class "org.slf4j.impl.StaticLoggerBinder".
2023-12-02 16:08:32,288 [ERROR] LogOutputStream:75 - [STDERR_REDIRECT] SLF4J: Defaulting to no-operation (NOP) logger implementation
2023-12-02 16:08:32,291 [ERROR] LogOutputStream:75 - [STDERR_REDIRECT] SLF4J: See http://www.slf4j.org/codes.html#StaticLoggerBinder for further details.
