2023-10-04 21:58:41,569 [INFO] Activator:176 - 


2023-10-04 21:58:41,573 [INFO] Activator:177 - !SESSION log4j initialized
2023-10-04 21:58:46,510 [INFO] LogOutputStream:77 - [STDOUT_REDIRECT] 
2023-10-04 21:58:55,758 [INFO] ApplicationProperties:184 - Using Application install path: C:\ST\STM32CubeIDE_1.4.0\STM32CubeIDE\plugins\com.st.stm32cube.common.mx_6.9.1.202307191849
2023-10-04 21:58:55,795 [INFO] DbMcusXml:78 - Set database path to: C:\ST\STM32CubeIDE_1.4.0\STM32CubeIDE\plugins\com.st.stm32cube.common.mx_6.9.1.202307191849\\db\/mcu/
2023-10-04 21:58:55,796 [INFO] ApiDb:274 - Set plugin database path to: C:\ST\STM32CubeIDE_1.4.0\STM32CubeIDE\plugins\com.st.stm32cube.common.mx_6.9.1.202307191849\\db\/plugins/boardmanager/
2023-10-04 21:58:55,797 [WARN] ApiDb:259 - Overriding images path with different value:  => C:\ST\STM32CubeIDE_1.4.0\STM32CubeIDE\plugins\com.st.stm32cube.common.mx_6.9.1.202307191849\\db\/plugins/mcufinder/images/
2023-10-04 21:58:55,814 [INFO] ApiDb:250 - Set database path to: C:\Users\Minh\.stmcufinder\plugins\mcufinder//mcu/
2023-10-04 21:58:55,816 [INFO] DbMcusAds:125 - Set database path to: C:\Users\Minh\.stmcufinder\plugins\mcufinder//mcu/
2023-10-04 21:58:55,821 [INFO] CrossReferenceDbSqlite:203 - Set database path to: C:\Users\Minh\.stmcufinder\plugins\mcufinder//mcu/cs/
2023-10-04 21:58:56,064 [INFO] RulesReader:64 - Compatibility file has been processed (293 Rules)
2023-10-04 21:58:56,232 [INFO] DbMcusXml:78 - Set database path to: C:\ST\STM32CubeIDE_1.4.0\STM32CubeIDE\plugins\com.st.stm32cube.common.mx_6.9.1.202307191849\\db\/mcu/
2023-10-04 21:58:56,233 [INFO] ApiDb:274 - Set plugin database path to: C:\ST\STM32CubeIDE_1.4.0\STM32CubeIDE\plugins\com.st.stm32cube.common.mx_6.9.1.202307191849\\db\/plugins/boardmanager/
2023-10-04 21:58:56,233 [INFO] ApiDb:261 - Set plugin images path to: C:\ST\STM32CubeIDE_1.4.0\STM32CubeIDE\plugins\com.st.stm32cube.common.mx_6.9.1.202307191849\\db\/plugins/mcufinder/images/
2023-10-04 21:58:56,234 [WARN] DbFile:41 - Overriding database path with different value: C:\Users\Minh\.stmcufinder\plugins\mcufinder/ => C:\Users\Minh\.stmcufinder\plugins\mcufinder
2023-10-04 21:58:56,234 [INFO] ApiDb:250 - Set database path to: C:\Users\Minh\.stmcufinder\plugins\mcufinder//mcu/
2023-10-04 21:58:56,234 [WARN] DbFile:41 - Overriding database path with different value: C:\Users\Minh\.stmcufinder\plugins\mcufinder/ => C:\Users\Minh\.stmcufinder\plugins\mcufinder
2023-10-04 21:58:56,234 [INFO] DbMcusAds:125 - Set database path to: C:\Users\Minh\.stmcufinder\plugins\mcufinder//mcu/
2023-10-04 21:58:56,234 [WARN] DbFile:41 - Overriding database path with different value: C:\Users\Minh\.stmcufinder\plugins\mcufinder/ => C:\Users\Minh\.stmcufinder\plugins\mcufinder
2023-10-04 21:58:56,235 [WARN] DbFile:41 - Overriding database path with different value: C:\Users\Minh\.stmcufinder\plugins\mcufinder/ => C:\Users\Minh\.stmcufinder\plugins\mcufinder
2023-10-04 21:58:56,235 [INFO] CrossReferenceDbSqlite:203 - Set database path to: C:\Users\Minh\.stmcufinder\plugins\mcufinder//mcu/cs/
2023-10-04 21:58:56,388 [INFO] MainPanel:262 - HeapMemory: 268435456
2023-10-04 21:58:56,550 [INFO] DbMcusXml:78 - Set database path to: C:\ST\STM32CubeIDE_1.4.0\STM32CubeIDE\plugins\com.st.stm32cube.common.mx_6.9.1.202307191849\\db\/mcu/
2023-10-04 21:58:56,551 [INFO] ApiDb:274 - Set plugin database path to: C:\ST\STM32CubeIDE_1.4.0\STM32CubeIDE\plugins\com.st.stm32cube.common.mx_6.9.1.202307191849\\db\/plugins/boardmanager/
2023-10-04 21:58:56,551 [INFO] ApiDb:261 - Set plugin images path to: C:\ST\STM32CubeIDE_1.4.0\STM32CubeIDE\plugins\com.st.stm32cube.common.mx_6.9.1.202307191849\\db\/plugins/mcufinder/images/
2023-10-04 21:58:56,552 [WARN] DbFile:41 - Overriding database path with different value: C:\Users\Minh\.stmcufinder\plugins\mcufinder/ => C:\Users\Minh\.stmcufinder\plugins\mcufinder
2023-10-04 21:58:56,552 [INFO] ApiDb:250 - Set database path to: C:\Users\Minh\.stmcufinder\plugins\mcufinder//mcu/
2023-10-04 21:58:56,552 [WARN] DbFile:41 - Overriding database path with different value: C:\Users\Minh\.stmcufinder\plugins\mcufinder/ => C:\Users\Minh\.stmcufinder\plugins\mcufinder
2023-10-04 21:58:56,552 [INFO] DbMcusAds:125 - Set database path to: C:\Users\Minh\.stmcufinder\plugins\mcufinder//mcu/
2023-10-04 21:58:56,553 [WARN] DbFile:41 - Overriding database path with different value: C:\Users\Minh\.stmcufinder\plugins\mcufinder/ => C:\Users\Minh\.stmcufinder\plugins\mcufinder
2023-10-04 21:58:56,553 [WARN] DbFile:41 - Overriding database path with different value: C:\Users\Minh\.stmcufinder\plugins\mcufinder/ => C:\Users\Minh\.stmcufinder\plugins\mcufinder
2023-10-04 21:58:56,553 [INFO] CrossReferenceDbSqlite:203 - Set database path to: C:\Users\Minh\.stmcufinder\plugins\mcufinder//mcu/cs/
2023-10-04 21:58:56,588 [INFO] ApplicationProperties:184 - Using Application install path: C:\ST\STM32CubeIDE_1.4.0\STM32CubeIDE\plugins\com.st.stm32cube.common.mx_6.9.1.202307191849
2023-10-04 21:58:56,591 [INFO] PluginManage:196 - Search for loadable plugins [exclusion list=, ]
2023-10-04 21:58:56,594 [INFO] PluginManage:310 - Check plugin analytics
2023-10-04 21:59:01,406 [INFO] AnalyticsPlugin:253 - Accepted Software Licenses: STM32CubeMX.6.0.0,STM32CubeMX.5.2.0
2023-10-04 21:59:01,407 [INFO] AnalyticsPlugin:255 - Accepted CMSIS Pack Licenses: 
2023-10-04 21:59:01,407 [INFO] AnalyticsPlugin:257 - Accepted Firmware Licenses: 
2023-10-04 21:59:01,411 [INFO] PluginManage:359 - Loaded plugin analytics (category:tool,tabindex:-1)
2023-10-04 21:59:01,412 [INFO] PluginManage:310 - Check plugin cadmodel
2023-10-04 21:59:01,439 [INFO] CADModel:105 - Init CAD model plugin
2023-10-04 21:59:01,439 [INFO] PluginManage:359 - Loaded plugin cadmodel (category:power,tabindex:5)
2023-10-04 21:59:01,439 [INFO] PluginManage:310 - Check plugin clock
2023-10-04 21:59:01,478 [INFO] PluginManage:359 - Loaded plugin clock (category:base,tabindex:2)
2023-10-04 21:59:01,479 [INFO] PluginManage:310 - Check plugin ddr
2023-10-04 21:59:01,483 [INFO] PluginManage:359 - Loaded plugin ddr (category:tool,tabindex:6)
2023-10-04 21:59:01,484 [INFO] PluginManage:310 - Check plugin filemanager
2023-10-04 21:59:01,732 [INFO] PluginManage:359 - Loaded plugin filemanager (category:base,tabindex:10)
2023-10-04 21:59:01,733 [INFO] PluginManage:310 - Check plugin ipmanager
2023-10-04 21:59:01,745 [INFO] PluginManage:359 - Loaded plugin ipmanager (category:base,tabindex:5)
2023-10-04 21:59:01,745 [INFO] PluginManage:310 - Check plugin lpbam
2023-10-04 21:59:01,772 [INFO] PluginManage:359 - Loaded plugin lpbam (category:base,tabindex:0)
2023-10-04 21:59:01,772 [INFO] PluginManage:310 - Check plugin memorymap
2023-10-04 21:59:01,808 [INFO] PluginManage:359 - Loaded plugin memorymap (category:base,tabindex:4)
2023-10-04 21:59:01,808 [INFO] PluginManage:310 - Check plugin pinoutandconfiguration
2023-10-04 21:59:01,842 [INFO] PluginManage:359 - Loaded plugin pinoutandconfiguration (category:base,tabindex:1)
2023-10-04 21:59:01,842 [INFO] PluginManage:310 - Check plugin pinoutconfig
2023-10-04 21:59:02,005 [WARN] SupportedApi:132 - Cannot load RTOS API schema: s4s-elt-must-match.1: The content of 'definitions' must match (annotation?, (simpleType | complexType)?, (unique | key | keyref)*)). A problem was found starting at: attribute.
2023-10-04 21:59:02,331 [INFO] PluginManage:359 - Loaded plugin pinoutconfig (category:base,tabindex:0)
2023-10-04 21:59:02,331 [INFO] PluginManage:310 - Check plugin power
2023-10-04 21:59:02,361 [INFO] PluginManage:359 - Loaded plugin power (category:power,tabindex:4)
2023-10-04 21:59:02,362 [INFO] PluginManage:310 - Check plugin projectmanager
2023-10-04 21:59:02,390 [INFO] PluginManage:359 - Loaded plugin projectmanager (category:projectmanager,tabindex:3)
2023-10-04 21:59:02,390 [INFO] PluginManage:310 - Check plugin thirdparty
2023-10-04 21:59:02,809 [INFO] PluginManage:359 - Loaded plugin thirdparty (category:base,tabindex:-1)
2023-10-04 21:59:02,809 [WARN] IntegrityCheckThread:84 - waiting for thirdparty lock release [integrity check]
2023-10-04 21:59:02,809 [INFO] PluginManage:310 - Check plugin tools
2023-10-04 21:59:02,810 [INFO] IntegrityCheckThread:86 - entering critical section [integrity check]
2023-10-04 21:59:02,811 [INFO] ThirdPartyUpdaterWithRetryManager:70 - Updater plugin not ready yet. [1/15]
2023-10-04 21:59:02,868 [INFO] PluginManage:359 - Loaded plugin tools (category:base,tabindex:7)
2023-10-04 21:59:02,868 [INFO] PluginManage:310 - Check plugin tutovideos
2023-10-04 21:59:03,191 [INFO] PluginManage:359 - Loaded plugin tutovideos (category:base,tabindex:-1)
2023-10-04 21:59:03,191 [INFO] PluginManage:310 - Check plugin updater
2023-10-04 21:59:03,205 [INFO] PluginManage:359 - Loaded plugin updater (category:base,tabindex:12)
2023-10-04 21:59:03,205 [INFO] PluginManage:310 - Check plugin userauth
2023-10-04 21:59:03,212 [INFO] UserAuth:113 - Init User Auth plugin
2023-10-04 21:59:03,213 [INFO] PluginManage:359 - Loaded plugin userauth (category:base,tabindex:14)
2023-10-04 21:59:03,213 [INFO] PluginManage:283 - PluginManage : Loaded plugins [17]
2023-10-04 21:59:03,577 [INFO] PinOutPanel:1499 - setPackage(No Configuration,No Configuration)
2023-10-04 21:59:03,788 [INFO] CADModel:165 - CPN selected for project level
2023-10-04 21:59:03,789 [INFO] CADModel:114 - Register for checkConnection events
2023-10-04 21:59:03,837 [INFO] IPUIPlugin:80 - create IPUIPlugin
2023-10-04 21:59:03,837 [INFO] PluginManager:220 - loadIPPluginJar : add adc
2023-10-04 21:59:03,902 [INFO] IPUIPlugin:80 - create IPUIPlugin
2023-10-04 21:59:03,902 [INFO] PluginManager:220 - loadIPPluginJar : add aes
2023-10-04 21:59:03,974 [INFO] IPUIPlugin:80 - create IPUIPlugin
2023-10-04 21:59:03,974 [INFO] PluginManager:220 - loadIPPluginJar : add can
2023-10-04 21:59:03,978 [INFO] IPUIPlugin:80 - create IPUIPlugin
2023-10-04 21:59:03,979 [INFO] PluginManager:220 - loadIPPluginJar : add comp
2023-10-04 21:59:04,038 [INFO] IPUIPlugin:80 - create IPUIPlugin
2023-10-04 21:59:04,038 [INFO] PluginManager:220 - loadIPPluginJar : add cryp
2023-10-04 21:59:04,092 [INFO] IPUIPlugin:80 - create IPUIPlugin
2023-10-04 21:59:04,093 [INFO] PluginManager:220 - loadIPPluginJar : add dfsdm
2023-10-04 21:59:04,112 [INFO] IPUIPlugin:80 - create IPUIPlugin
2023-10-04 21:59:04,113 [INFO] PluginManager:220 - loadIPPluginJar : add dma
2023-10-04 21:59:04,185 [INFO] IPUIPlugin:80 - create IPUIPlugin
2023-10-04 21:59:04,185 [INFO] PluginManager:220 - loadIPPluginJar : add dma3
2023-10-04 21:59:04,190 [INFO] IPUIPlugin:80 - create IPUIPlugin
2023-10-04 21:59:04,190 [INFO] PluginManager:220 - loadIPPluginJar : add fatfs
2023-10-04 21:59:04,265 [INFO] IPUIPlugin:80 - create IPUIPlugin
2023-10-04 21:59:04,265 [INFO] PluginManager:220 - loadIPPluginJar : add fmc
2023-10-04 21:59:04,290 [INFO] IPUIPlugin:80 - create IPUIPlugin
2023-10-04 21:59:04,291 [INFO] PluginManager:220 - loadIPPluginJar : add freertos
2023-10-04 21:59:04,295 [INFO] IPUIPlugin:80 - create IPUIPlugin
2023-10-04 21:59:04,295 [INFO] PluginManager:220 - loadIPPluginJar : add genericplugin
2023-10-04 21:59:04,457 [INFO] IPUIPlugin:80 - create IPUIPlugin
2023-10-04 21:59:04,457 [INFO] PluginManager:220 - loadIPPluginJar : add gfxmmu
2023-10-04 21:59:04,680 [INFO] IPUIPlugin:80 - create IPUIPlugin
2023-10-04 21:59:04,680 [INFO] PluginManager:220 - loadIPPluginJar : add gic
2023-10-04 21:59:04,702 [INFO] IPUIPlugin:80 - create IPUIPlugin
2023-10-04 21:59:04,702 [INFO] PluginManager:220 - loadIPPluginJar : add gpio
2023-10-04 21:59:04,707 [INFO] IPUIPlugin:80 - create IPUIPlugin
2023-10-04 21:59:04,707 [INFO] PluginManager:220 - loadIPPluginJar : add gtzc
2023-10-04 21:59:04,712 [INFO] IPUIPlugin:80 - create IPUIPlugin
2023-10-04 21:59:04,712 [INFO] PluginManager:220 - loadIPPluginJar : add hash
2023-10-04 21:59:04,718 [INFO] IPUIPlugin:80 - create IPUIPlugin
2023-10-04 21:59:04,718 [INFO] PluginManager:220 - loadIPPluginJar : add i2c
2023-10-04 21:59:04,722 [INFO] IPUIPlugin:80 - create IPUIPlugin
2023-10-04 21:59:04,722 [INFO] PluginManager:220 - loadIPPluginJar : add i2s
2023-10-04 21:59:04,727 [INFO] IPUIPlugin:80 - create IPUIPlugin
2023-10-04 21:59:04,728 [INFO] PluginManager:220 - loadIPPluginJar : add i3c
2023-10-04 21:59:04,734 [INFO] IPUIPlugin:80 - create IPUIPlugin
2023-10-04 21:59:04,734 [INFO] PluginManager:220 - loadIPPluginJar : add ipddr
2023-10-04 21:59:04,747 [INFO] IPUIPlugin:80 - create IPUIPlugin
2023-10-04 21:59:04,747 [INFO] PluginManager:220 - loadIPPluginJar : add linkedlist
2023-10-04 21:59:04,753 [INFO] IPUIPlugin:80 - create IPUIPlugin
2023-10-04 21:59:04,753 [INFO] PluginManager:220 - loadIPPluginJar : add lorawan
2023-10-04 21:59:04,756 [INFO] IPUIPlugin:80 - create IPUIPlugin
2023-10-04 21:59:04,756 [INFO] PluginManager:220 - loadIPPluginJar : add ltdc
2023-10-04 21:59:04,766 [INFO] IPUIPlugin:80 - create IPUIPlugin
2023-10-04 21:59:04,767 [INFO] PluginManager:220 - loadIPPluginJar : add mdma
2023-10-04 21:59:04,773 [INFO] IPUIPlugin:80 - create IPUIPlugin
2023-10-04 21:59:04,773 [INFO] PluginManager:220 - loadIPPluginJar : add nvic
2023-10-04 21:59:04,779 [INFO] IPUIPlugin:80 - create IPUIPlugin
2023-10-04 21:59:04,779 [INFO] PluginManager:220 - loadIPPluginJar : add opamp
2023-10-04 21:59:04,784 [INFO] IPUIPlugin:80 - create IPUIPlugin
2023-10-04 21:59:04,785 [INFO] PluginManager:220 - loadIPPluginJar : add openamp
2023-10-04 21:59:04,789 [INFO] IPUIPlugin:80 - create IPUIPlugin
2023-10-04 21:59:04,790 [INFO] PluginManager:220 - loadIPPluginJar : add pdm2pcm
2023-10-04 21:59:04,800 [INFO] IPUIPlugin:80 - create IPUIPlugin
2023-10-04 21:59:04,805 [INFO] PluginManager:220 - loadIPPluginJar : add plateformsettings
2023-10-04 21:59:04,808 [INFO] IPUIPlugin:80 - create IPUIPlugin
2023-10-04 21:59:04,809 [INFO] PluginManager:220 - loadIPPluginJar : add quadspi
2023-10-04 21:59:04,815 [INFO] IPUIPlugin:80 - create IPUIPlugin
2023-10-04 21:59:04,815 [INFO] PluginManager:220 - loadIPPluginJar : add resmgrutility
2023-10-04 21:59:04,820 [INFO] IPUIPlugin:80 - create IPUIPlugin
2023-10-04 21:59:04,821 [INFO] PluginManager:220 - loadIPPluginJar : add sai
2023-10-04 21:59:04,824 [INFO] IPUIPlugin:80 - create IPUIPlugin
2023-10-04 21:59:04,824 [INFO] PluginManager:220 - loadIPPluginJar : add spi
2023-10-04 21:59:04,834 [INFO] IPUIPlugin:80 - create IPUIPlugin
2023-10-04 21:59:04,834 [INFO] PluginManager:220 - loadIPPluginJar : add stm32_wpan
2023-10-04 21:59:04,838 [INFO] IPUIPlugin:80 - create IPUIPlugin
2023-10-04 21:59:04,838 [INFO] PluginManager:220 - loadIPPluginJar : add tim
2023-10-04 21:59:04,843 [INFO] IPUIPlugin:80 - create IPUIPlugin
2023-10-04 21:59:04,843 [INFO] PluginManager:220 - loadIPPluginJar : add touchsensing
2023-10-04 21:59:04,847 [INFO] IPUIPlugin:80 - create IPUIPlugin
2023-10-04 21:59:04,847 [INFO] PluginManager:220 - loadIPPluginJar : add tracer_emb
2023-10-04 21:59:04,851 [INFO] IPUIPlugin:80 - create IPUIPlugin
2023-10-04 21:59:04,851 [INFO] PluginManager:220 - loadIPPluginJar : add ts
2023-10-04 21:59:04,854 [INFO] IPUIPlugin:80 - create IPUIPlugin
2023-10-04 21:59:04,855 [INFO] PluginManager:220 - loadIPPluginJar : add tsc
2023-10-04 21:59:04,857 [INFO] IPUIPlugin:80 - create IPUIPlugin
2023-10-04 21:59:04,858 [INFO] PluginManager:220 - loadIPPluginJar : add ucpd
2023-10-04 21:59:04,861 [INFO] IPUIPlugin:80 - create IPUIPlugin
2023-10-04 21:59:04,862 [INFO] PluginManager:220 - loadIPPluginJar : add usart
2023-10-04 21:59:04,867 [INFO] IPUIPlugin:80 - create IPUIPlugin
2023-10-04 21:59:04,867 [INFO] PluginManager:220 - loadIPPluginJar : add usbx
2023-10-04 21:59:05,038 [INFO] CADModel:165 - CPN selected for project level
2023-10-04 21:59:05,038 [INFO] CADModel:114 - Register for checkConnection events
2023-10-04 21:59:05,038 [FATAL] Updater:308 - Updater called before beeing initialized
2023-10-04 21:59:05,039 [ERROR] CADModel:125 - Updater not yet initialized, retry later 
2023-10-04 21:59:05,291 [INFO] CADModel:165 - CPN selected for project level
2023-10-04 21:59:05,292 [INFO] CADModel:114 - Register for checkConnection events
2023-10-04 21:59:05,292 [FATAL] Updater:308 - Updater called before beeing initialized
2023-10-04 21:59:05,292 [ERROR] CADModel:125 - Updater not yet initialized, retry later 
2023-10-04 21:59:05,298 [FATAL] Updater:308 - Updater called before beeing initialized
2023-10-04 21:59:05,472 [FATAL] Updater:308 - Updater called before beeing initialized
2023-10-04 21:59:05,483 [INFO] DbMcusAds:53 - JSON generation date=Tue Mar 07 17:50:55 JST 2023 (1678179055114)
2023-10-04 21:59:05,484 [FATAL] Updater:308 - Updater called before beeing initialized
2023-10-04 21:59:05,567 [WARN] DetailPanel:346 - Failed to get advertising image, set to default
2023-10-04 21:59:05,725 [FATAL] Updater:308 - Updater called before beeing initialized
2023-10-04 21:59:05,728 [FATAL] Updater:308 - Updater called before beeing initialized
2023-10-04 21:59:05,728 [FATAL] Updater:308 - Updater called before beeing initialized
2023-10-04 21:59:05,728 [WARN] DetailPanel:346 - Failed to get advertising image, set to default
2023-10-04 21:59:05,729 [FATAL] Updater:308 - Updater called before beeing initialized
2023-10-04 21:59:05,811 [ERROR] Updater:1120 - MainUpdater not yet initialized. External WinMGr cannot be set.
2023-10-04 21:59:05,812 [INFO] ThirdPartyUpdaterWithRetryManager:70 - Updater plugin not ready yet. [2/15]
2023-10-04 21:59:05,815 [INFO] Updater:1056 - Updater Version found : 6.9.1
2023-10-04 21:59:05,841 [INFO] ApplicationProperties:184 - Using Application install path: C:\ST\STM32CubeIDE_1.4.0\STM32CubeIDE\plugins\com.st.stm32cube.common.mx_6.9.1.202307191849
2023-10-04 21:59:06,033 [INFO] MainUpdater:2868 - connection check result : 10
2023-10-04 21:59:06,035 [INFO] MainUpdater:285 - Updater Check For Update Now.
2023-10-04 21:59:06,035 [INFO] MicroXplorer:498 - Change Database Version : DB.6.0.91
2023-10-04 21:59:06,051 [INFO] McuFinderGlobals:63 - Set McuFinder mode to 2 (CubeIDE integrated)
2023-10-04 21:59:06,052 [INFO] UserAuth:179 - activating auth plugin
2023-10-04 21:59:06,056 [INFO] UserAuth:393 - Internet connection configuration mode: 1
2023-10-04 21:59:06,097 [INFO] JxBrowserEngine:151 - Initiate JxBrowser Engine with user profile folder
2023-10-04 21:59:06,297 [INFO] CheckServerUpdateThread:120 - End of CheckServer Thread
2023-10-04 21:59:07,282 [INFO] WebApp:157 - Instantiating new browser for Auth
2023-10-04 21:59:08,138 [INFO] WebApp:753 - Register for checkConnection events
2023-10-04 21:59:08,139 [INFO] WebApp:390 - Apply proxy settings
2023-10-04 21:59:08,139 [INFO] WebApp:475 - Chromium requires no authentication
2023-10-04 21:59:08,152 [INFO] WebApp:418 - Direct internet connection detected
2023-10-04 21:59:08,428 [INFO] WebApp:188 - Starting web application
2023-10-04 21:59:08,429 [INFO] WebApp:520 - Web application path used C:\ST\STM32CubeIDE_1.4.0\STM32CubeIDE\plugins\com.st.stm32cube.common.mx_6.9.1.202307191849\db\plugins\mcufinder\reactClient1\index.html
2023-10-04 21:59:09,135 [WARN] PackLoader:240 - Cannot read IP mode file for STMicroelectronics.X-CUBE-SMBUS.2.1.0
2023-10-04 21:59:09,207 [WARN] PackLoader:240 - Cannot read IP mode file for STMicroelectronics.X-CUBE-AZRTOS-F7.1.1.0
2023-10-04 21:59:09,229 [ERROR] RealEvaluatedCondition:428 - Found unsupported composite condition: GROUP='STM32_MetaDataManager' CLASS='Data Exchange'
2023-10-04 21:59:09,229 [ERROR] RealEvaluatedCondition:428 - Found unsupported composite condition: CLASS='Data Exchange' GROUP='STM32_MetaDataManager'
2023-10-04 21:59:09,233 [WARN] PackLoader:240 - Cannot read IP mode file for STMicroelectronics.FP-SNS-MOTENV1.4.3.0
2023-10-04 21:59:09,256 [WARN] PackLoader:240 - Cannot read IP mode file for STMicroelectronics.FP-SNS-MOTENV1.4.3.2
2023-10-04 21:59:09,270 [WARN] PackLoader:240 - Cannot read IP mode file for STMicroelectronics.FP-SNS-FLIGHT1.5.0.0
2023-10-04 21:59:09,279 [ERROR] RealEvaluatedCondition:428 - Found unsupported composite condition: CLASS='Data Exchange' GROUP='STM32_MetaDataManager'
2023-10-04 21:59:09,280 [ERROR] RealEvaluatedCondition:428 - Found unsupported composite condition: GROUP='STM32_MetaDataManager' CLASS='Data Exchange'
2023-10-04 21:59:09,283 [WARN] PackLoader:240 - Cannot read IP mode file for STMicroelectronics.FP-SNS-MOTENV1.4.3.1
2023-10-04 21:59:09,296 [WARN] PackLoader:240 - Cannot read IP mode file for STMicroelectronics.FP-SNS-FLIGHT1.5.0.1
2023-10-04 21:59:09,311 [WARN] PackLoader:240 - Cannot read IP mode file for STMicroelectronics.X-CUBE-BLE1.6.2.4
2023-10-04 21:59:09,320 [WARN] PackLoader:240 - Cannot read IP mode file for STMicroelectronics.FP-SNS-FLIGHT1.5.0.2
2023-10-04 21:59:09,337 [WARN] PackLoader:240 - Cannot read IP mode file for STMicroelectronics.X-CUBE-DISPLAY.3.0.0
2023-10-04 21:59:09,356 [WARN] PackLoader:240 - Cannot read IP mode file for STMicroelectronics.X-CUBE-BLE1.7.0.0
2023-10-04 21:59:09,366 [WARN] PackLoader:240 - Cannot read IP mode file for STMicroelectronics.X-CUBE-TOUCHGFX.4.22.0
2023-10-04 21:59:09,372 [WARN] PackLoader:240 - Cannot read IP mode file for STMicroelectronics.X-CUBE-TOUCHGFX.4.22.1
2023-10-04 21:59:09,383 [WARN] PackLoader:240 - Cannot read IP mode file for STMicroelectronics.FP-SNS-SMARTAG2.1.2.0
2023-10-04 21:59:09,409 [INFO] LogOutputStream:77 - [STDOUT_REDIRECT] 1 : Invalid condition id : UX_CORESTACK_Condition cause : null
2023-10-04 21:59:09,411 [INFO] LogOutputStream:77 - [STDOUT_REDIRECT] 1 : Invalid condition id : UX_CORESTACK_Condition cause : null
2023-10-04 21:59:09,414 [INFO] LogOutputStream:77 - [STDOUT_REDIRECT] 1 : Invalid condition id : UX_CORESTACK_Condition cause : null
2023-10-04 21:59:09,417 [INFO] LogOutputStream:77 - [STDOUT_REDIRECT] 1 : Invalid condition id : UX_CORESTACK_Condition cause : null
2023-10-04 21:59:09,420 [INFO] LogOutputStream:77 - [STDOUT_REDIRECT] 1 : Invalid condition id : UX_CORESTACK_Condition cause : null
2023-10-04 21:59:09,436 [WARN] PackLoader:240 - Cannot read IP mode file for STMicroelectronics.X-CUBE-AZRTOS-WL.2.0.0
2023-10-04 21:59:09,478 [WARN] PackLoader:240 - Cannot read IP mode file for WES.I-CUBE-Cesium.1.3.0
2023-10-04 21:59:09,492 [WARN] PackLoader:240 - Cannot read IP mode file for STMicroelectronics.X-CUBE-BLE2.3.3.0
2023-10-04 21:59:09,521 [WARN] PackLoader:240 - Cannot read IP mode file for STMicroelectronics.X-CUBE-TOF1.3.2.0
2023-10-04 21:59:09,560 [WARN] PackLoader:240 - Cannot read IP mode file for STMicroelectronics.X-CUBE-TOUCHGFX.4.21.1
2023-10-04 21:59:09,566 [WARN] PackLoader:240 - Cannot read IP mode file for STMicroelectronics.X-CUBE-TOUCHGFX.4.21.3
2023-10-04 21:59:09,572 [WARN] PackLoader:240 - Cannot read IP mode file for STMicroelectronics.X-CUBE-TOUCHGFX.4.21.4
2023-10-04 21:59:09,587 [WARN] PackLoader:240 - Cannot read IP mode file for STMicroelectronics.X-CUBE-ALGOBUILD.1.3.0
2023-10-04 21:59:09,635 [WARN] PackLoader:240 - Cannot read IP mode file for STMicroelectronics.X-CUBE-AZRTOS-G0.1.1.0
2023-10-04 21:59:09,652 [WARN] PackLoader:240 - Cannot read IP mode file for STMicroelectronics.X-CUBE-NFC4.3.0.0
2023-10-04 21:59:09,663 [WARN] PackLoader:240 - Cannot read IP mode file for STMicroelectronics.FP-ATR-SIGFOX1.3.2.0
2023-10-04 21:59:09,802 [WARN] PackLoader:240 - Cannot read IP mode file for STMicroelectronics.X-CUBE-MEMS1.9.5.0
2023-10-04 21:59:10,164 [WARN] PackLoader:240 - Cannot read IP mode file for SEGGER.I-CUBE-embOS.1.3.1
2023-10-04 21:59:10,235 [WARN] PackLoader:240 - Cannot read IP mode file for STMicroelectronics.X-CUBE-GNSS1.6.0.0
2023-10-04 21:59:10,264 [WARN] PackLoader:240 - Cannot read IP mode file for STMicroelectronics.X-CUBE-AZRTOS-F4.1.1.0
2023-10-04 21:59:10,298 [WARN] PackLoader:240 - Cannot read IP mode file for STMicroelectronics.X-CUBE-AZRTOS-L5.2.0.0
2023-10-04 21:59:10,372 [WARN] PackLoader:240 - Cannot read IP mode file for STMicroelectronics.X-CUBE-MEMS1.9.6.0
2023-10-04 21:59:10,619 [WARN] PackLoader:240 - Cannot read IP mode file for ITTIA_DB.I-CUBE-ITTIADB.8.8.0
2023-10-04 21:59:10,631 [WARN] PackLoader:240 - Cannot read IP mode file for emotas.I-CUBE-CANOPEN.1.1.3
2023-10-04 21:59:10,644 [WARN] PackLoader:240 - Cannot read IP mode file for STMicroelectronics.X-CUBE-BLEMGR.2.0.0
2023-10-04 21:59:10,676 [WARN] ConditionMgr:438 - getConditionDescription Invalid condition id : UX DEVICE CLASS RTOS Condition cause : null
2023-10-04 21:59:10,676 [WARN] ConditionMgr:438 - getConditionDescription Invalid condition id : UX DEVICE CLASS RTOS Condition cause : null
2023-10-04 21:59:10,682 [WARN] PackLoader:240 - Cannot read IP mode file for STMicroelectronics.X-CUBE-AZRTOS-H7.3.1.0
2023-10-04 21:59:10,684 [WARN] ConditionMgr:1039 - genDependencies : Invalid condition id : UX DEVICE CLASS RTOS Condition cause : null
2023-10-04 21:59:10,684 [WARN] ConditionMgr:1039 - genDependencies : Invalid condition id : UX DEVICE CLASS RTOS Condition cause : null
2023-10-04 21:59:10,685 [WARN] ConditionMgr:1039 - genDependencies : Invalid condition id : UX DEVICE CLASS RTOS Condition cause : null
2023-10-04 21:59:10,686 [WARN] ConditionMgr:1039 - genDependencies : Invalid condition id : UX DEVICE CLASS RTOS Condition cause : null
2023-10-04 21:59:10,687 [WARN] ConditionMgr:1039 - genDependencies : Invalid condition id : UX DEVICE CLASS RTOS Condition cause : null
2023-10-04 21:59:10,696 [WARN] PackLoader:240 - Cannot read IP mode file for wolfSSL.I-CUBE-wolfSSL.5.5.4
2023-10-04 21:59:10,705 [WARN] PackLoader:240 - Cannot read IP mode file for STMicroelectronics.X-CUBE-NFC7.1.0.1
2023-10-04 21:59:10,713 [WARN] PackLoader:240 - Cannot read IP mode file for STMicroelectronics.X-CUBE-NFC7.1.0.0
2023-10-04 21:59:10,724 [WARN] PackLoader:240 - Cannot read IP mode file for STMicroelectronics.X-CUBE-NFC6.3.0.0
2023-10-04 21:59:10,736 [WARN] PackLoader:240 - Cannot read IP mode file for STMicroelectronics.X-CUBE-EEPRMA1.4.1.0
2023-10-04 21:59:10,744 [WARN] PackLoader:240 - Cannot read IP mode file for STMicroelectronics.X-CUBE-AI.8.1.0
2023-10-04 21:59:10,774 [WARN] ConditionMgr:438 - getConditionDescription Invalid condition id : LAN8742 Phy interface Condition cause : null
2023-10-04 21:59:10,776 [WARN] PackLoader:240 - Cannot read IP mode file for STMicroelectronics.X-CUBE-AZRTOS-L4.2.0.0
2023-10-04 21:59:10,778 [WARN] ConditionMgr:1039 - genDependencies : Invalid condition id : LAN8742 Phy interface Condition cause : null
2023-10-04 21:59:10,779 [WARN] ConditionMgr:1039 - genDependencies : Invalid condition id : LAN8742 Phy interface Condition cause : null
2023-10-04 21:59:10,780 [WARN] ConditionMgr:1039 - genDependencies : Invalid condition id : LAN8742 Phy interface Condition cause : null
2023-10-04 21:59:10,794 [WARN] PackLoader:240 - Cannot read IP mode file for STMicroelectronics.X-CUBE-SFXS2LP1.4.0.0
2023-10-04 21:59:10,827 [WARN] PackLoader:240 - Cannot read IP mode file for STMicroelectronics.X-CUBE-AZRTOS-H7.3.0.0
2023-10-04 21:59:10,835 [WARN] PackLoader:240 - Cannot read IP mode file for STMicroelectronics.X-CUBE-ISPU.1.1.0
2023-10-04 21:59:10,849 [WARN] PackLoader:240 - Cannot read IP mode file for RoweBots.I-CUBE-UNISONRTOS.5.5.0-4
2023-10-04 21:59:10,855 [WARN] PackLoader:240 - Cannot read IP mode file for STMicroelectronics.X-CUBE-AI.8.0.0
2023-10-04 21:59:10,881 [WARN] ConditionMgr:438 - getConditionDescription Invalid condition id : UX DEVICE CLASS RTOS Condition cause : null
2023-10-04 21:59:10,882 [WARN] ConditionMgr:438 - getConditionDescription Invalid condition id : UX DEVICE CLASS RTOS Condition cause : null
2023-10-04 21:59:10,886 [WARN] PackLoader:240 - Cannot read IP mode file for STMicroelectronics.X-CUBE-AZRTOS-WB.2.0.0
2023-10-04 21:59:10,887 [WARN] ConditionMgr:1039 - genDependencies : Invalid condition id : UX DEVICE CLASS RTOS Condition cause : null
2023-10-04 21:59:10,887 [WARN] ConditionMgr:1039 - genDependencies : Invalid condition id : UX DEVICE CLASS RTOS Condition cause : null
2023-10-04 21:59:10,888 [WARN] ConditionMgr:1039 - genDependencies : Invalid condition id : UX DEVICE CLASS RTOS Condition cause : null
2023-10-04 21:59:10,889 [WARN] ConditionMgr:1039 - genDependencies : Invalid condition id : UX DEVICE CLASS RTOS Condition cause : null
2023-10-04 21:59:10,889 [WARN] ConditionMgr:1039 - genDependencies : Invalid condition id : UX DEVICE CLASS RTOS Condition cause : null
2023-10-04 21:59:10,898 [WARN] PackLoader:240 - Cannot read IP mode file for STMicroelectronics.X-CUBE-FREERTOS.1.0.0
2023-10-04 21:59:10,905 [WARN] PackLoader:240 - Cannot read IP mode file for STMicroelectronics.X-CUBE-FREERTOS.1.0.1
2023-10-04 21:59:10,928 [WARN] PackLoader:240 - Cannot read IP mode file for STMicroelectronics.X-CUBE-AZRTOS-L5.1.1.0
2023-10-04 21:59:10,962 [WARN] PackLoader:240 - Cannot read IP mode file for STMicroelectronics.X-CUBE-AI.8.0.1
2023-10-04 21:59:10,980 [WARN] PackLoader:240 - Cannot read IP mode file for STMicroelectronics.X-CUBE-SUBG2.5.0.0
2023-10-04 21:59:11,003 [WARN] PackLoader:240 - Cannot read IP mode file for STMicroelectronics.X-CUBE-TOF1.3.3.1
2023-10-04 21:59:11,036 [WARN] PackLoader:240 - Cannot read IP mode file for STMicroelectronics.X-CUBE-AZRTOS-G4.2.0.0
2023-10-04 21:59:11,055 [WARN] PackLoader:240 - Cannot read IP mode file for STMicroelectronics.X-CUBE-TOF1.3.3.0
2023-10-04 21:59:11,073 [WARN] PackLoader:240 - Cannot read IP mode file for STMicroelectronics.FP-ATR-ASTRA1.1.1.1
2023-10-04 21:59:11,096 [WARN] PackLoader:240 - Cannot read IP mode file for STMicroelectronics.X-CUBE-AZRTOS-G4.1.0.0
2023-10-04 21:59:11,122 [WARN] PackLoader:240 - Cannot read IP mode file for STMicroelectronics.X-CUBE-AZRTOS-L4.1.0.0
2023-10-04 21:59:11,132 [WARN] PackLoader:240 - Cannot read IP mode file for STMicroelectronics.X-CUBE-FREERTOS.1.1.0
2023-10-04 21:59:11,148 [WARN] PackLoader:240 - Cannot read IP mode file for STMicroelectronics.X-CUBE-AZRTOS-WL.1.0.0
2023-10-04 21:59:11,160 [WARN] PackLoader:240 - Cannot read IP mode file for portGmbH.I-Cube-SoM-uGOAL.1.1.0
2023-10-04 21:59:11,167 [WARN] PackLoader:240 - Cannot read IP mode file for STMicroelectronics.X-CUBE-ALS.1.0.1
2023-10-04 21:59:11,186 [WARN] PackLoader:240 - Cannot read IP mode file for STMicroelectronics.X-CUBE-AZRTOS-WB.1.1.0
2023-10-04 21:59:11,194 [WARN] PackLoader:240 - Cannot read IP mode file for STMicroelectronics.FP-ATR-ASTRA1.2.0.0
2023-10-04 21:59:11,195 [INFO] ThirdParty:978 - Integrity check success = true
2023-10-04 21:59:11,196 [INFO] IntegrityCheckThread:100 - exiting critical section [integrity check]
2023-10-04 21:59:11,196 [INFO] IntegrityCheckThread:103 - End integrity checks thread
2023-10-04 22:09:31,410 [ERROR] LogOutputStream:75 - [STDERR_REDIRECT] SLF4J: Failed to load class "org.slf4j.impl.StaticLoggerBinder".
2023-10-04 22:09:31,411 [ERROR] LogOutputStream:75 - [STDERR_REDIRECT] SLF4J: Defaulting to no-operation (NOP) logger implementation
2023-10-04 22:09:31,412 [ERROR] LogOutputStream:75 - [STDERR_REDIRECT] SLF4J: See http://www.slf4j.org/codes.html#StaticLoggerBinder for further details.
2023-10-04 23:20:09,705 [ERROR] LogOutputStream:75 - [STDERR_REDIRECT] 
