2023-10-07 10:36:57,341 [INFO] Activator:176 - 


2023-10-07 10:36:57,355 [INFO] Activator:177 - !SESSION log4j initialized
2023-10-07 10:37:09,221 [INFO] LogOutputStream:77 - [STDOUT_REDIRECT] 
2023-10-07 10:37:16,154 [INFO] ApplicationProperties:184 - Using Application install path: C:\ST\STM32CubeIDE_1.4.0\STM32CubeIDE\plugins\com.st.stm32cube.common.mx_6.9.1.202307191849
2023-10-07 10:37:16,185 [INFO] DbMcusXml:78 - Set database path to: C:\ST\STM32CubeIDE_1.4.0\STM32CubeIDE\plugins\com.st.stm32cube.common.mx_6.9.1.202307191849\\db\/mcu/
2023-10-07 10:37:16,186 [INFO] ApiDb:274 - Set plugin database path to: C:\ST\STM32CubeIDE_1.4.0\STM32CubeIDE\plugins\com.st.stm32cube.common.mx_6.9.1.202307191849\\db\/plugins/boardmanager/
2023-10-07 10:37:16,186 [WARN] ApiDb:259 - Overriding images path with different value:  => C:\ST\STM32CubeIDE_1.4.0\STM32CubeIDE\plugins\com.st.stm32cube.common.mx_6.9.1.202307191849\\db\/plugins/mcufinder/images/
2023-10-07 10:37:16,203 [INFO] ApiDb:250 - Set database path to: C:\Users\Minh\.stmcufinder\plugins\mcufinder//mcu/
2023-10-07 10:37:16,206 [INFO] DbMcusAds:125 - Set database path to: C:\Users\Minh\.stmcufinder\plugins\mcufinder//mcu/
2023-10-07 10:37:16,209 [INFO] CrossReferenceDbSqlite:203 - Set database path to: C:\Users\Minh\.stmcufinder\plugins\mcufinder//mcu/cs/
2023-10-07 10:37:16,436 [INFO] RulesReader:64 - Compatibility file has been processed (293 Rules)
2023-10-07 10:37:16,583 [INFO] DbMcusXml:78 - Set database path to: C:\ST\STM32CubeIDE_1.4.0\STM32CubeIDE\plugins\com.st.stm32cube.common.mx_6.9.1.202307191849\\db\/mcu/
2023-10-07 10:37:16,583 [INFO] ApiDb:274 - Set plugin database path to: C:\ST\STM32CubeIDE_1.4.0\STM32CubeIDE\plugins\com.st.stm32cube.common.mx_6.9.1.202307191849\\db\/plugins/boardmanager/
2023-10-07 10:37:16,583 [INFO] ApiDb:261 - Set plugin images path to: C:\ST\STM32CubeIDE_1.4.0\STM32CubeIDE\plugins\com.st.stm32cube.common.mx_6.9.1.202307191849\\db\/plugins/mcufinder/images/
2023-10-07 10:37:16,584 [WARN] DbFile:41 - Overriding database path with different value: C:\Users\Minh\.stmcufinder\plugins\mcufinder/ => C:\Users\Minh\.stmcufinder\plugins\mcufinder
2023-10-07 10:37:16,584 [INFO] ApiDb:250 - Set database path to: C:\Users\Minh\.stmcufinder\plugins\mcufinder//mcu/
2023-10-07 10:37:16,584 [WARN] DbFile:41 - Overriding database path with different value: C:\Users\Minh\.stmcufinder\plugins\mcufinder/ => C:\Users\Minh\.stmcufinder\plugins\mcufinder
2023-10-07 10:37:16,584 [INFO] DbMcusAds:125 - Set database path to: C:\Users\Minh\.stmcufinder\plugins\mcufinder//mcu/
2023-10-07 10:37:16,584 [WARN] DbFile:41 - Overriding database path with different value: C:\Users\Minh\.stmcufinder\plugins\mcufinder/ => C:\Users\Minh\.stmcufinder\plugins\mcufinder
2023-10-07 10:37:16,584 [WARN] DbFile:41 - Overriding database path with different value: C:\Users\Minh\.stmcufinder\plugins\mcufinder/ => C:\Users\Minh\.stmcufinder\plugins\mcufinder
2023-10-07 10:37:16,584 [INFO] CrossReferenceDbSqlite:203 - Set database path to: C:\Users\Minh\.stmcufinder\plugins\mcufinder//mcu/cs/
2023-10-07 10:37:16,724 [INFO] MainPanel:262 - HeapMemory: 268435456
2023-10-07 10:37:16,895 [INFO] DbMcusXml:78 - Set database path to: C:\ST\STM32CubeIDE_1.4.0\STM32CubeIDE\plugins\com.st.stm32cube.common.mx_6.9.1.202307191849\\db\/mcu/
2023-10-07 10:37:16,895 [INFO] ApiDb:274 - Set plugin database path to: C:\ST\STM32CubeIDE_1.4.0\STM32CubeIDE\plugins\com.st.stm32cube.common.mx_6.9.1.202307191849\\db\/plugins/boardmanager/
2023-10-07 10:37:16,896 [INFO] ApiDb:261 - Set plugin images path to: C:\ST\STM32CubeIDE_1.4.0\STM32CubeIDE\plugins\com.st.stm32cube.common.mx_6.9.1.202307191849\\db\/plugins/mcufinder/images/
2023-10-07 10:37:16,896 [WARN] DbFile:41 - Overriding database path with different value: C:\Users\Minh\.stmcufinder\plugins\mcufinder/ => C:\Users\Minh\.stmcufinder\plugins\mcufinder
2023-10-07 10:37:16,897 [INFO] ApiDb:250 - Set database path to: C:\Users\Minh\.stmcufinder\plugins\mcufinder//mcu/
2023-10-07 10:37:16,897 [WARN] DbFile:41 - Overriding database path with different value: C:\Users\Minh\.stmcufinder\plugins\mcufinder/ => C:\Users\Minh\.stmcufinder\plugins\mcufinder
2023-10-07 10:37:16,897 [INFO] DbMcusAds:125 - Set database path to: C:\Users\Minh\.stmcufinder\plugins\mcufinder//mcu/
2023-10-07 10:37:16,897 [WARN] DbFile:41 - Overriding database path with different value: C:\Users\Minh\.stmcufinder\plugins\mcufinder/ => C:\Users\Minh\.stmcufinder\plugins\mcufinder
2023-10-07 10:37:16,897 [WARN] DbFile:41 - Overriding database path with different value: C:\Users\Minh\.stmcufinder\plugins\mcufinder/ => C:\Users\Minh\.stmcufinder\plugins\mcufinder
2023-10-07 10:37:16,897 [INFO] CrossReferenceDbSqlite:203 - Set database path to: C:\Users\Minh\.stmcufinder\plugins\mcufinder//mcu/cs/
2023-10-07 10:37:16,932 [INFO] ApplicationProperties:184 - Using Application install path: C:\ST\STM32CubeIDE_1.4.0\STM32CubeIDE\plugins\com.st.stm32cube.common.mx_6.9.1.202307191849
2023-10-07 10:37:16,934 [INFO] PluginManage:196 - Search for loadable plugins [exclusion list=, ]
2023-10-07 10:37:16,937 [INFO] PluginManage:310 - Check plugin analytics
2023-10-07 10:37:21,801 [INFO] AnalyticsPlugin:253 - Accepted Software Licenses: STM32CubeMX.6.0.0,STM32CubeMX.5.2.0
2023-10-07 10:37:21,801 [INFO] AnalyticsPlugin:255 - Accepted CMSIS Pack Licenses: 
2023-10-07 10:37:21,801 [INFO] AnalyticsPlugin:257 - Accepted Firmware Licenses: 
2023-10-07 10:37:21,806 [INFO] PluginManage:359 - Loaded plugin analytics (category:tool,tabindex:-1)
2023-10-07 10:37:21,807 [INFO] PluginManage:310 - Check plugin cadmodel
2023-10-07 10:37:21,834 [INFO] CADModel:105 - Init CAD model plugin
2023-10-07 10:37:21,834 [INFO] PluginManage:359 - Loaded plugin cadmodel (category:power,tabindex:5)
2023-10-07 10:37:21,835 [INFO] PluginManage:310 - Check plugin clock
2023-10-07 10:37:21,865 [INFO] PluginManage:359 - Loaded plugin clock (category:base,tabindex:2)
2023-10-07 10:37:21,865 [INFO] PluginManage:310 - Check plugin ddr
2023-10-07 10:37:21,869 [INFO] PluginManage:359 - Loaded plugin ddr (category:tool,tabindex:6)
2023-10-07 10:37:21,869 [INFO] PluginManage:310 - Check plugin filemanager
2023-10-07 10:37:22,112 [INFO] PluginManage:359 - Loaded plugin filemanager (category:base,tabindex:10)
2023-10-07 10:37:22,112 [INFO] PluginManage:310 - Check plugin ipmanager
2023-10-07 10:37:22,124 [INFO] PluginManage:359 - Loaded plugin ipmanager (category:base,tabindex:5)
2023-10-07 10:37:22,124 [INFO] PluginManage:310 - Check plugin lpbam
2023-10-07 10:37:22,153 [INFO] PluginManage:359 - Loaded plugin lpbam (category:base,tabindex:0)
2023-10-07 10:37:22,153 [INFO] PluginManage:310 - Check plugin memorymap
2023-10-07 10:37:22,193 [INFO] PluginManage:359 - Loaded plugin memorymap (category:base,tabindex:4)
2023-10-07 10:37:22,193 [INFO] PluginManage:310 - Check plugin pinoutandconfiguration
2023-10-07 10:37:22,222 [INFO] PluginManage:359 - Loaded plugin pinoutandconfiguration (category:base,tabindex:1)
2023-10-07 10:37:22,222 [INFO] PluginManage:310 - Check plugin pinoutconfig
2023-10-07 10:37:22,374 [WARN] SupportedApi:132 - Cannot load RTOS API schema: s4s-elt-must-match.1: The content of 'definitions' must match (annotation?, (simpleType | complexType)?, (unique | key | keyref)*)). A problem was found starting at: attribute.
2023-10-07 10:37:22,608 [INFO] PluginManage:359 - Loaded plugin pinoutconfig (category:base,tabindex:0)
2023-10-07 10:37:22,608 [INFO] PluginManage:310 - Check plugin power
2023-10-07 10:37:22,642 [INFO] PluginManage:359 - Loaded plugin power (category:power,tabindex:4)
2023-10-07 10:37:22,642 [INFO] PluginManage:310 - Check plugin projectmanager
2023-10-07 10:37:22,669 [INFO] PluginManage:359 - Loaded plugin projectmanager (category:projectmanager,tabindex:3)
2023-10-07 10:37:22,669 [INFO] PluginManage:310 - Check plugin thirdparty
2023-10-07 10:37:23,096 [INFO] PluginManage:359 - Loaded plugin thirdparty (category:base,tabindex:-1)
2023-10-07 10:37:23,095 [WARN] IntegrityCheckThread:84 - waiting for thirdparty lock release [integrity check]
2023-10-07 10:37:23,096 [INFO] PluginManage:310 - Check plugin tools
2023-10-07 10:37:23,096 [INFO] IntegrityCheckThread:86 - entering critical section [integrity check]
2023-10-07 10:37:23,097 [INFO] ThirdPartyUpdaterWithRetryManager:70 - Updater plugin not ready yet. [1/15]
2023-10-07 10:37:23,152 [INFO] PluginManage:359 - Loaded plugin tools (category:base,tabindex:7)
2023-10-07 10:37:23,152 [INFO] PluginManage:310 - Check plugin tutovideos
2023-10-07 10:37:23,462 [INFO] PluginManage:359 - Loaded plugin tutovideos (category:base,tabindex:-1)
2023-10-07 10:37:23,463 [INFO] PluginManage:310 - Check plugin updater
2023-10-07 10:37:23,482 [INFO] PluginManage:359 - Loaded plugin updater (category:base,tabindex:12)
2023-10-07 10:37:23,483 [INFO] PluginManage:310 - Check plugin userauth
2023-10-07 10:37:23,492 [INFO] UserAuth:113 - Init User Auth plugin
2023-10-07 10:37:23,492 [INFO] PluginManage:359 - Loaded plugin userauth (category:base,tabindex:14)
2023-10-07 10:37:23,493 [INFO] PluginManage:283 - PluginManage : Loaded plugins [17]
2023-10-07 10:37:23,873 [INFO] PinOutPanel:1499 - setPackage(No Configuration,No Configuration)
2023-10-07 10:37:24,069 [INFO] CADModel:165 - CPN selected for project level
2023-10-07 10:37:24,069 [INFO] CADModel:114 - Register for checkConnection events
2023-10-07 10:37:24,115 [INFO] IPUIPlugin:80 - create IPUIPlugin
2023-10-07 10:37:24,116 [INFO] PluginManager:220 - loadIPPluginJar : add adc
2023-10-07 10:37:24,173 [INFO] IPUIPlugin:80 - create IPUIPlugin
2023-10-07 10:37:24,174 [INFO] PluginManager:220 - loadIPPluginJar : add aes
2023-10-07 10:37:24,237 [INFO] IPUIPlugin:80 - create IPUIPlugin
2023-10-07 10:37:24,237 [INFO] PluginManager:220 - loadIPPluginJar : add can
2023-10-07 10:37:24,270 [INFO] IPUIPlugin:80 - create IPUIPlugin
2023-10-07 10:37:24,270 [INFO] PluginManager:220 - loadIPPluginJar : add comp
2023-10-07 10:37:24,328 [INFO] IPUIPlugin:80 - create IPUIPlugin
2023-10-07 10:37:24,328 [INFO] PluginManager:220 - loadIPPluginJar : add cryp
2023-10-07 10:37:24,382 [INFO] IPUIPlugin:80 - create IPUIPlugin
2023-10-07 10:37:24,383 [INFO] PluginManager:220 - loadIPPluginJar : add dfsdm
2023-10-07 10:37:24,408 [INFO] IPUIPlugin:80 - create IPUIPlugin
2023-10-07 10:37:24,409 [INFO] PluginManager:220 - loadIPPluginJar : add dma
2023-10-07 10:37:24,480 [INFO] IPUIPlugin:80 - create IPUIPlugin
2023-10-07 10:37:24,481 [INFO] PluginManager:220 - loadIPPluginJar : add dma3
2023-10-07 10:37:24,515 [INFO] IPUIPlugin:80 - create IPUIPlugin
2023-10-07 10:37:24,515 [INFO] PluginManager:220 - loadIPPluginJar : add fatfs
2023-10-07 10:37:24,590 [INFO] IPUIPlugin:80 - create IPUIPlugin
2023-10-07 10:37:24,591 [INFO] PluginManager:220 - loadIPPluginJar : add fmc
2023-10-07 10:37:24,617 [INFO] IPUIPlugin:80 - create IPUIPlugin
2023-10-07 10:37:24,618 [INFO] PluginManager:220 - loadIPPluginJar : add freertos
2023-10-07 10:37:24,651 [INFO] IPUIPlugin:80 - create IPUIPlugin
2023-10-07 10:37:24,652 [INFO] PluginManager:220 - loadIPPluginJar : add genericplugin
2023-10-07 10:37:24,805 [INFO] IPUIPlugin:80 - create IPUIPlugin
2023-10-07 10:37:24,805 [INFO] PluginManager:220 - loadIPPluginJar : add gfxmmu
2023-10-07 10:37:25,018 [INFO] IPUIPlugin:80 - create IPUIPlugin
2023-10-07 10:37:25,018 [INFO] PluginManager:220 - loadIPPluginJar : add gic
2023-10-07 10:37:25,038 [INFO] IPUIPlugin:80 - create IPUIPlugin
2023-10-07 10:37:25,038 [INFO] PluginManager:220 - loadIPPluginJar : add gpio
2023-10-07 10:37:25,179 [INFO] IPUIPlugin:80 - create IPUIPlugin
2023-10-07 10:37:25,179 [INFO] PluginManager:220 - loadIPPluginJar : add gtzc
2023-10-07 10:37:25,240 [INFO] IPUIPlugin:80 - create IPUIPlugin
2023-10-07 10:37:25,241 [INFO] PluginManager:220 - loadIPPluginJar : add hash
2023-10-07 10:37:25,323 [INFO] IPUIPlugin:80 - create IPUIPlugin
2023-10-07 10:37:25,323 [INFO] PluginManager:220 - loadIPPluginJar : add i2c
2023-10-07 10:37:25,380 [INFO] IPUIPlugin:80 - create IPUIPlugin
2023-10-07 10:37:25,381 [INFO] PluginManager:220 - loadIPPluginJar : add i2s
2023-10-07 10:37:25,454 [INFO] IPUIPlugin:80 - create IPUIPlugin
2023-10-07 10:37:25,454 [INFO] PluginManager:220 - loadIPPluginJar : add i3c
2023-10-07 10:37:25,622 [INFO] IPUIPlugin:80 - create IPUIPlugin
2023-10-07 10:37:25,622 [INFO] PluginManager:220 - loadIPPluginJar : add ipddr
2023-10-07 10:37:25,763 [INFO] IPUIPlugin:80 - create IPUIPlugin
2023-10-07 10:37:25,763 [INFO] PluginManager:220 - loadIPPluginJar : add linkedlist
2023-10-07 10:37:25,822 [INFO] IPUIPlugin:80 - create IPUIPlugin
2023-10-07 10:37:25,822 [INFO] PluginManager:220 - loadIPPluginJar : add lorawan
2023-10-07 10:37:25,877 [INFO] IPUIPlugin:80 - create IPUIPlugin
2023-10-07 10:37:25,878 [INFO] PluginManager:220 - loadIPPluginJar : add ltdc
2023-10-07 10:37:25,901 [INFO] IPUIPlugin:80 - create IPUIPlugin
2023-10-07 10:37:25,901 [INFO] PluginManager:220 - loadIPPluginJar : add mdma
2023-10-07 10:37:25,919 [INFO] IPUIPlugin:80 - create IPUIPlugin
2023-10-07 10:37:25,920 [INFO] PluginManager:220 - loadIPPluginJar : add nvic
2023-10-07 10:37:25,979 [INFO] IPUIPlugin:80 - create IPUIPlugin
2023-10-07 10:37:25,979 [INFO] PluginManager:220 - loadIPPluginJar : add opamp
2023-10-07 10:37:26,071 [INFO] IPUIPlugin:80 - create IPUIPlugin
2023-10-07 10:37:26,072 [INFO] PluginManager:220 - loadIPPluginJar : add openamp
2023-10-07 10:37:26,111 [INFO] ThirdPartyUpdaterWithRetryManager:70 - Updater plugin not ready yet. [2/15]
2023-10-07 10:37:26,142 [INFO] IPUIPlugin:80 - create IPUIPlugin
2023-10-07 10:37:26,143 [INFO] PluginManager:220 - loadIPPluginJar : add pdm2pcm
2023-10-07 10:37:26,162 [INFO] IPUIPlugin:80 - create IPUIPlugin
2023-10-07 10:37:26,167 [INFO] PluginManager:220 - loadIPPluginJar : add plateformsettings
2023-10-07 10:37:26,203 [INFO] IPUIPlugin:80 - create IPUIPlugin
2023-10-07 10:37:26,203 [INFO] PluginManager:220 - loadIPPluginJar : add quadspi
2023-10-07 10:37:26,223 [INFO] IPUIPlugin:80 - create IPUIPlugin
2023-10-07 10:37:26,224 [INFO] PluginManager:220 - loadIPPluginJar : add resmgrutility
2023-10-07 10:37:26,306 [INFO] IPUIPlugin:80 - create IPUIPlugin
2023-10-07 10:37:26,306 [INFO] PluginManager:220 - loadIPPluginJar : add sai
2023-10-07 10:37:26,364 [INFO] IPUIPlugin:80 - create IPUIPlugin
2023-10-07 10:37:26,364 [INFO] PluginManager:220 - loadIPPluginJar : add spi
2023-10-07 10:37:26,448 [INFO] IPUIPlugin:80 - create IPUIPlugin
2023-10-07 10:37:26,448 [INFO] PluginManager:220 - loadIPPluginJar : add stm32_wpan
2023-10-07 10:37:26,486 [INFO] IPUIPlugin:80 - create IPUIPlugin
2023-10-07 10:37:26,486 [INFO] PluginManager:220 - loadIPPluginJar : add tim
2023-10-07 10:37:26,581 [INFO] IPUIPlugin:80 - create IPUIPlugin
2023-10-07 10:37:26,581 [INFO] PluginManager:220 - loadIPPluginJar : add touchsensing
2023-10-07 10:37:26,614 [INFO] IPUIPlugin:80 - create IPUIPlugin
2023-10-07 10:37:26,614 [INFO] PluginManager:220 - loadIPPluginJar : add tracer_emb
2023-10-07 10:37:26,647 [INFO] IPUIPlugin:80 - create IPUIPlugin
2023-10-07 10:37:26,648 [INFO] PluginManager:220 - loadIPPluginJar : add ts
2023-10-07 10:37:26,680 [INFO] IPUIPlugin:80 - create IPUIPlugin
2023-10-07 10:37:26,680 [INFO] PluginManager:220 - loadIPPluginJar : add tsc
2023-10-07 10:37:26,710 [INFO] IPUIPlugin:80 - create IPUIPlugin
2023-10-07 10:37:26,710 [INFO] PluginManager:220 - loadIPPluginJar : add ucpd
2023-10-07 10:37:26,779 [INFO] IPUIPlugin:80 - create IPUIPlugin
2023-10-07 10:37:26,780 [INFO] PluginManager:220 - loadIPPluginJar : add usart
2023-10-07 10:37:26,857 [INFO] IPUIPlugin:80 - create IPUIPlugin
2023-10-07 10:37:26,857 [INFO] PluginManager:220 - loadIPPluginJar : add usbx
2023-10-07 10:37:27,021 [INFO] CADModel:165 - CPN selected for project level
2023-10-07 10:37:27,021 [INFO] CADModel:114 - Register for checkConnection events
2023-10-07 10:37:27,021 [FATAL] Updater:308 - Updater called before beeing initialized
2023-10-07 10:37:27,022 [ERROR] CADModel:125 - Updater not yet initialized, retry later 
2023-10-07 10:37:27,293 [INFO] CADModel:165 - CPN selected for project level
2023-10-07 10:37:27,293 [INFO] CADModel:114 - Register for checkConnection events
2023-10-07 10:37:27,293 [FATAL] Updater:308 - Updater called before beeing initialized
2023-10-07 10:37:27,293 [ERROR] CADModel:125 - Updater not yet initialized, retry later 
2023-10-07 10:37:27,301 [FATAL] Updater:308 - Updater called before beeing initialized
2023-10-07 10:37:27,500 [FATAL] Updater:308 - Updater called before beeing initialized
2023-10-07 10:37:27,513 [INFO] DbMcusAds:53 - JSON generation date=Tue Mar 07 17:50:55 JST 2023 (1678179055114)
2023-10-07 10:37:27,513 [FATAL] Updater:308 - Updater called before beeing initialized
2023-10-07 10:37:27,650 [WARN] DetailPanel:346 - Failed to get advertising image, set to default
2023-10-07 10:37:27,812 [FATAL] Updater:308 - Updater called before beeing initialized
2023-10-07 10:37:27,815 [FATAL] Updater:308 - Updater called before beeing initialized
2023-10-07 10:37:27,815 [FATAL] Updater:308 - Updater called before beeing initialized
2023-10-07 10:37:27,815 [WARN] DetailPanel:346 - Failed to get advertising image, set to default
2023-10-07 10:37:27,816 [FATAL] Updater:308 - Updater called before beeing initialized
2023-10-07 10:37:27,919 [ERROR] Updater:1120 - MainUpdater not yet initialized. External WinMGr cannot be set.
2023-10-07 10:37:27,937 [INFO] Updater:1056 - Updater Version found : 6.9.1
2023-10-07 10:37:27,973 [INFO] ApplicationProperties:184 - Using Application install path: C:\ST\STM32CubeIDE_1.4.0\STM32CubeIDE\plugins\com.st.stm32cube.common.mx_6.9.1.202307191849
2023-10-07 10:37:28,199 [INFO] MainUpdater:2868 - connection check result : 10
2023-10-07 10:37:28,200 [INFO] MainUpdater:285 - Updater Check For Update Now.
2023-10-07 10:37:28,201 [INFO] MicroXplorer:498 - Change Database Version : DB.6.0.91
2023-10-07 10:37:28,247 [INFO] McuFinderGlobals:63 - Set McuFinder mode to 2 (CubeIDE integrated)
2023-10-07 10:37:28,248 [INFO] UserAuth:179 - activating auth plugin
2023-10-07 10:37:28,252 [INFO] UserAuth:393 - Internet connection configuration mode: 1
2023-10-07 10:37:28,293 [INFO] JxBrowserEngine:151 - Initiate JxBrowser Engine with user profile folder
2023-10-07 10:37:28,492 [INFO] CheckServerUpdateThread:120 - End of CheckServer Thread
2023-10-07 10:37:29,539 [WARN] PackLoader:240 - Cannot read IP mode file for STMicroelectronics.X-CUBE-SMBUS.2.1.0
2023-10-07 10:37:29,622 [WARN] PackLoader:240 - Cannot read IP mode file for STMicroelectronics.X-CUBE-AZRTOS-F7.1.1.0
2023-10-07 10:37:29,648 [ERROR] RealEvaluatedCondition:428 - Found unsupported composite condition: GROUP='STM32_MetaDataManager' CLASS='Data Exchange'
2023-10-07 10:37:29,648 [ERROR] RealEvaluatedCondition:428 - Found unsupported composite condition: CLASS='Data Exchange' GROUP='STM32_MetaDataManager'
2023-10-07 10:37:29,652 [WARN] PackLoader:240 - Cannot read IP mode file for STMicroelectronics.FP-SNS-MOTENV1.4.3.0
2023-10-07 10:37:29,668 [WARN] PackLoader:240 - Cannot read IP mode file for STMicroelectronics.FP-SNS-MOTENV1.4.3.2
2023-10-07 10:37:29,681 [WARN] PackLoader:240 - Cannot read IP mode file for STMicroelectronics.FP-SNS-FLIGHT1.5.0.0
2023-10-07 10:37:29,689 [ERROR] RealEvaluatedCondition:428 - Found unsupported composite condition: GROUP='STM32_MetaDataManager' CLASS='Data Exchange'
2023-10-07 10:37:29,690 [ERROR] RealEvaluatedCondition:428 - Found unsupported composite condition: CLASS='Data Exchange' GROUP='STM32_MetaDataManager'
2023-10-07 10:37:29,692 [WARN] PackLoader:240 - Cannot read IP mode file for STMicroelectronics.FP-SNS-MOTENV1.4.3.1
2023-10-07 10:37:29,705 [WARN] PackLoader:240 - Cannot read IP mode file for STMicroelectronics.FP-SNS-FLIGHT1.5.0.1
2023-10-07 10:37:29,726 [WARN] PackLoader:240 - Cannot read IP mode file for STMicroelectronics.X-CUBE-BLE1.6.2.4
2023-10-07 10:37:29,742 [WARN] PackLoader:240 - Cannot read IP mode file for STMicroelectronics.FP-SNS-FLIGHT1.5.0.2
2023-10-07 10:37:29,762 [WARN] PackLoader:240 - Cannot read IP mode file for STMicroelectronics.X-CUBE-DISPLAY.3.0.0
2023-10-07 10:37:29,785 [WARN] PackLoader:240 - Cannot read IP mode file for STMicroelectronics.X-CUBE-BLE1.7.0.0
2023-10-07 10:37:29,796 [WARN] PackLoader:240 - Cannot read IP mode file for STMicroelectronics.X-CUBE-TOUCHGFX.4.22.0
2023-10-07 10:37:29,805 [WARN] PackLoader:240 - Cannot read IP mode file for STMicroelectronics.X-CUBE-TOUCHGFX.4.22.1
2023-10-07 10:37:29,815 [WARN] PackLoader:240 - Cannot read IP mode file for STMicroelectronics.FP-SNS-SMARTAG2.1.2.0
2023-10-07 10:37:29,845 [INFO] LogOutputStream:77 - [STDOUT_REDIRECT] 1 : Invalid condition id : UX_CORESTACK_Condition cause : null
2023-10-07 10:37:29,846 [INFO] LogOutputStream:77 - [STDOUT_REDIRECT] 1 : Invalid condition id : UX_CORESTACK_Condition cause : null
2023-10-07 10:37:29,851 [INFO] LogOutputStream:77 - [STDOUT_REDIRECT] 1 : Invalid condition id : UX_CORESTACK_Condition cause : null
2023-10-07 10:37:29,856 [INFO] LogOutputStream:77 - [STDOUT_REDIRECT] 1 : Invalid condition id : UX_CORESTACK_Condition cause : null
2023-10-07 10:37:29,861 [INFO] LogOutputStream:77 - [STDOUT_REDIRECT] 1 : Invalid condition id : UX_CORESTACK_Condition cause : null
2023-10-07 10:37:29,870 [WARN] PackLoader:240 - Cannot read IP mode file for STMicroelectronics.X-CUBE-AZRTOS-WL.2.0.0
2023-10-07 10:37:29,891 [WARN] PackLoader:240 - Cannot read IP mode file for WES.I-CUBE-Cesium.1.3.0
2023-10-07 10:37:29,905 [WARN] PackLoader:240 - Cannot read IP mode file for STMicroelectronics.X-CUBE-BLE2.3.3.0
2023-10-07 10:37:29,929 [WARN] PackLoader:240 - Cannot read IP mode file for STMicroelectronics.X-CUBE-TOF1.3.2.0
2023-10-07 10:37:29,949 [WARN] PackLoader:240 - Cannot read IP mode file for STMicroelectronics.X-CUBE-TOUCHGFX.4.21.1
2023-10-07 10:37:29,955 [WARN] PackLoader:240 - Cannot read IP mode file for STMicroelectronics.X-CUBE-TOUCHGFX.4.21.3
2023-10-07 10:37:29,960 [WARN] PackLoader:240 - Cannot read IP mode file for STMicroelectronics.X-CUBE-TOUCHGFX.4.21.4
2023-10-07 10:37:29,973 [WARN] PackLoader:240 - Cannot read IP mode file for STMicroelectronics.X-CUBE-ALGOBUILD.1.3.0
2023-10-07 10:37:30,007 [WARN] PackLoader:240 - Cannot read IP mode file for STMicroelectronics.X-CUBE-AZRTOS-G0.1.1.0
2023-10-07 10:37:30,021 [WARN] PackLoader:240 - Cannot read IP mode file for STMicroelectronics.X-CUBE-NFC4.3.0.0
2023-10-07 10:37:30,032 [WARN] PackLoader:240 - Cannot read IP mode file for STMicroelectronics.FP-ATR-SIGFOX1.3.2.0
2023-10-07 10:37:30,121 [WARN] PackLoader:240 - Cannot read IP mode file for STMicroelectronics.X-CUBE-MEMS1.9.5.0
2023-10-07 10:37:30,518 [WARN] PackLoader:240 - Cannot read IP mode file for SEGGER.I-CUBE-embOS.1.3.1
2023-10-07 10:37:30,606 [WARN] PackLoader:240 - Cannot read IP mode file for STMicroelectronics.X-CUBE-GNSS1.6.0.0
2023-10-07 10:37:30,624 [INFO] WebApp:157 - Instantiating new browser for Auth
2023-10-07 10:37:30,638 [WARN] PackLoader:240 - Cannot read IP mode file for STMicroelectronics.X-CUBE-AZRTOS-F4.1.1.0
2023-10-07 10:37:30,687 [WARN] PackLoader:240 - Cannot read IP mode file for STMicroelectronics.X-CUBE-AZRTOS-L5.2.0.0
2023-10-07 10:37:30,768 [WARN] PackLoader:240 - Cannot read IP mode file for STMicroelectronics.X-CUBE-MEMS1.9.6.0
2023-10-07 10:37:31,040 [WARN] PackLoader:240 - Cannot read IP mode file for ITTIA_DB.I-CUBE-ITTIADB.8.8.0
2023-10-07 10:37:31,053 [WARN] PackLoader:240 - Cannot read IP mode file for emotas.I-CUBE-CANOPEN.1.1.3
2023-10-07 10:37:31,068 [WARN] PackLoader:240 - Cannot read IP mode file for STMicroelectronics.X-CUBE-BLEMGR.2.0.0
2023-10-07 10:37:31,105 [WARN] ConditionMgr:438 - getConditionDescription Invalid condition id : UX DEVICE CLASS RTOS Condition cause : null
2023-10-07 10:37:31,105 [WARN] ConditionMgr:438 - getConditionDescription Invalid condition id : UX DEVICE CLASS RTOS Condition cause : null
2023-10-07 10:37:31,111 [WARN] PackLoader:240 - Cannot read IP mode file for STMicroelectronics.X-CUBE-AZRTOS-H7.3.1.0
2023-10-07 10:37:31,117 [WARN] ConditionMgr:1039 - genDependencies : Invalid condition id : UX DEVICE CLASS RTOS Condition cause : null
2023-10-07 10:37:31,118 [WARN] ConditionMgr:1039 - genDependencies : Invalid condition id : UX DEVICE CLASS RTOS Condition cause : null
2023-10-07 10:37:31,119 [WARN] ConditionMgr:1039 - genDependencies : Invalid condition id : UX DEVICE CLASS RTOS Condition cause : null
2023-10-07 10:37:31,120 [WARN] ConditionMgr:1039 - genDependencies : Invalid condition id : UX DEVICE CLASS RTOS Condition cause : null
2023-10-07 10:37:31,120 [WARN] ConditionMgr:1039 - genDependencies : Invalid condition id : UX DEVICE CLASS RTOS Condition cause : null
2023-10-07 10:37:31,132 [WARN] PackLoader:240 - Cannot read IP mode file for wolfSSL.I-CUBE-wolfSSL.5.5.4
2023-10-07 10:37:31,142 [WARN] PackLoader:240 - Cannot read IP mode file for STMicroelectronics.X-CUBE-NFC7.1.0.1
2023-10-07 10:37:31,153 [WARN] PackLoader:240 - Cannot read IP mode file for STMicroelectronics.X-CUBE-NFC7.1.0.0
2023-10-07 10:37:31,167 [WARN] PackLoader:240 - Cannot read IP mode file for STMicroelectronics.X-CUBE-NFC6.3.0.0
2023-10-07 10:37:31,182 [WARN] PackLoader:240 - Cannot read IP mode file for STMicroelectronics.X-CUBE-EEPRMA1.4.1.0
2023-10-07 10:37:31,192 [WARN] PackLoader:240 - Cannot read IP mode file for STMicroelectronics.X-CUBE-AI.8.1.0
2023-10-07 10:37:31,228 [WARN] ConditionMgr:438 - getConditionDescription Invalid condition id : LAN8742 Phy interface Condition cause : null
2023-10-07 10:37:31,229 [WARN] PackLoader:240 - Cannot read IP mode file for STMicroelectronics.X-CUBE-AZRTOS-L4.2.0.0
2023-10-07 10:37:31,232 [WARN] ConditionMgr:1039 - genDependencies : Invalid condition id : LAN8742 Phy interface Condition cause : null
2023-10-07 10:37:31,233 [WARN] ConditionMgr:1039 - genDependencies : Invalid condition id : LAN8742 Phy interface Condition cause : null
2023-10-07 10:37:31,234 [WARN] ConditionMgr:1039 - genDependencies : Invalid condition id : LAN8742 Phy interface Condition cause : null
2023-10-07 10:37:31,250 [WARN] PackLoader:240 - Cannot read IP mode file for STMicroelectronics.X-CUBE-SFXS2LP1.4.0.0
2023-10-07 10:37:31,293 [WARN] PackLoader:240 - Cannot read IP mode file for STMicroelectronics.X-CUBE-AZRTOS-H7.3.0.0
2023-10-07 10:37:31,308 [WARN] PackLoader:240 - Cannot read IP mode file for STMicroelectronics.X-CUBE-ISPU.1.1.0
2023-10-07 10:37:31,323 [WARN] PackLoader:240 - Cannot read IP mode file for RoweBots.I-CUBE-UNISONRTOS.5.5.0-4
2023-10-07 10:37:31,332 [WARN] PackLoader:240 - Cannot read IP mode file for STMicroelectronics.X-CUBE-AI.8.0.0
2023-10-07 10:37:31,374 [WARN] ConditionMgr:438 - getConditionDescription Invalid condition id : UX DEVICE CLASS RTOS Condition cause : null
2023-10-07 10:37:31,374 [WARN] ConditionMgr:438 - getConditionDescription Invalid condition id : UX DEVICE CLASS RTOS Condition cause : null
2023-10-07 10:37:31,379 [WARN] PackLoader:240 - Cannot read IP mode file for STMicroelectronics.X-CUBE-AZRTOS-WB.2.0.0
2023-10-07 10:37:31,381 [WARN] ConditionMgr:1039 - genDependencies : Invalid condition id : UX DEVICE CLASS RTOS Condition cause : null
2023-10-07 10:37:31,381 [WARN] ConditionMgr:1039 - genDependencies : Invalid condition id : UX DEVICE CLASS RTOS Condition cause : null
2023-10-07 10:37:31,382 [WARN] ConditionMgr:1039 - genDependencies : Invalid condition id : UX DEVICE CLASS RTOS Condition cause : null
2023-10-07 10:37:31,383 [WARN] ConditionMgr:1039 - genDependencies : Invalid condition id : UX DEVICE CLASS RTOS Condition cause : null
2023-10-07 10:37:31,383 [WARN] ConditionMgr:1039 - genDependencies : Invalid condition id : UX DEVICE CLASS RTOS Condition cause : null
2023-10-07 10:37:31,395 [WARN] PackLoader:240 - Cannot read IP mode file for STMicroelectronics.X-CUBE-FREERTOS.1.0.0
2023-10-07 10:37:31,403 [WARN] PackLoader:240 - Cannot read IP mode file for STMicroelectronics.X-CUBE-FREERTOS.1.0.1
2023-10-07 10:37:31,430 [WARN] PackLoader:240 - Cannot read IP mode file for STMicroelectronics.X-CUBE-AZRTOS-L5.1.1.0
2023-10-07 10:37:31,441 [WARN] PackLoader:240 - Cannot read IP mode file for STMicroelectronics.X-CUBE-AI.8.0.1
2023-10-07 10:37:31,461 [WARN] PackLoader:240 - Cannot read IP mode file for STMicroelectronics.X-CUBE-SUBG2.5.0.0
2023-10-07 10:37:31,486 [WARN] PackLoader:240 - Cannot read IP mode file for STMicroelectronics.X-CUBE-TOF1.3.3.1
2023-10-07 10:37:31,533 [WARN] PackLoader:240 - Cannot read IP mode file for STMicroelectronics.X-CUBE-AZRTOS-G4.2.0.0
2023-10-07 10:37:31,557 [WARN] PackLoader:240 - Cannot read IP mode file for STMicroelectronics.X-CUBE-TOF1.3.3.0
2023-10-07 10:37:31,581 [WARN] PackLoader:240 - Cannot read IP mode file for STMicroelectronics.FP-ATR-ASTRA1.1.1.1
2023-10-07 10:37:31,605 [WARN] PackLoader:240 - Cannot read IP mode file for STMicroelectronics.X-CUBE-AZRTOS-G4.1.0.0
2023-10-07 10:37:31,645 [WARN] PackLoader:240 - Cannot read IP mode file for STMicroelectronics.X-CUBE-AZRTOS-L4.1.0.0
2023-10-07 10:37:31,663 [WARN] PackLoader:240 - Cannot read IP mode file for STMicroelectronics.X-CUBE-FREERTOS.1.1.0
2023-10-07 10:37:31,684 [WARN] PackLoader:240 - Cannot read IP mode file for STMicroelectronics.X-CUBE-AZRTOS-WL.1.0.0
2023-10-07 10:37:31,697 [WARN] PackLoader:240 - Cannot read IP mode file for portGmbH.I-Cube-SoM-uGOAL.1.1.0
2023-10-07 10:37:31,704 [WARN] PackLoader:240 - Cannot read IP mode file for STMicroelectronics.X-CUBE-ALS.1.0.1
2023-10-07 10:37:31,728 [WARN] PackLoader:240 - Cannot read IP mode file for STMicroelectronics.X-CUBE-AZRTOS-WB.1.1.0
2023-10-07 10:37:31,736 [WARN] PackLoader:240 - Cannot read IP mode file for STMicroelectronics.FP-ATR-ASTRA1.2.0.0
2023-10-07 10:37:31,737 [INFO] ThirdParty:978 - Integrity check success = true
2023-10-07 10:37:31,738 [INFO] IntegrityCheckThread:100 - exiting critical section [integrity check]
2023-10-07 10:37:31,738 [INFO] IntegrityCheckThread:103 - End integrity checks thread
2023-10-07 10:37:32,584 [INFO] WebApp:753 - Register for checkConnection events
2023-10-07 10:37:32,584 [INFO] WebApp:390 - Apply proxy settings
2023-10-07 10:37:32,584 [INFO] WebApp:475 - Chromium requires no authentication
2023-10-07 10:37:32,600 [INFO] WebApp:418 - Direct internet connection detected
2023-10-07 10:37:32,946 [INFO] WebApp:188 - Starting web application
2023-10-07 10:37:32,946 [INFO] WebApp:520 - Web application path used C:\ST\STM32CubeIDE_1.4.0\STM32CubeIDE\plugins\com.st.stm32cube.common.mx_6.9.1.202307191849\db\plugins\mcufinder\reactClient1\index.html
2023-10-07 11:31:18,186 [ERROR] LogOutputStream:75 - [STDERR_REDIRECT] SLF4J: Failed to load class "org.slf4j.impl.StaticLoggerBinder".
2023-10-07 11:31:18,192 [ERROR] LogOutputStream:75 - [STDERR_REDIRECT] SLF4J: Defaulting to no-operation (NOP) logger implementation
2023-10-07 11:31:18,197 [ERROR] LogOutputStream:75 - [STDERR_REDIRECT] SLF4J: See http://www.slf4j.org/codes.html#StaticLoggerBinder for further details.
2023-10-07 20:42:18,000 [ERROR] LogOutputStream:75 - [STDERR_REDIRECT] 
