2024-02-09 21:45:21,832 [INFO] Activator:176 - 


2024-02-09 21:45:21,846 [INFO] Activator:177 - !SESSION log4j initialized
2024-02-09 21:45:36,679 [INFO] LogOutputStream:77 - [STDOUT_REDIRECT] 
2024-02-09 21:45:41,253 [INFO] ApplicationProperties:184 - Using Application install path: C:\ST\STM32CubeIDE_1.4.0\STM32CubeIDE\plugins\com.st.stm32cube.common.mx_6.9.1.202307191849
2024-02-09 21:45:41,292 [INFO] DbMcusXml:78 - Set database path to: C:\ST\STM32CubeIDE_1.4.0\STM32CubeIDE\plugins\com.st.stm32cube.common.mx_6.9.1.202307191849\\db\/mcu/
2024-02-09 21:45:41,293 [INFO] ApiDb:274 - Set plugin database path to: C:\ST\STM32CubeIDE_1.4.0\STM32CubeIDE\plugins\com.st.stm32cube.common.mx_6.9.1.202307191849\\db\/plugins/boardmanager/
2024-02-09 21:45:41,294 [WARN] ApiDb:259 - Overriding images path with different value:  => C:\ST\STM32CubeIDE_1.4.0\STM32CubeIDE\plugins\com.st.stm32cube.common.mx_6.9.1.202307191849\\db\/plugins/mcufinder/images/
2024-02-09 21:45:41,315 [INFO] ApiDb:250 - Set database path to: C:\Users\Minh\.stmcufinder\plugins\mcufinder//mcu/
2024-02-09 21:45:41,317 [INFO] DbMcusAds:125 - Set database path to: C:\Users\Minh\.stmcufinder\plugins\mcufinder//mcu/
2024-02-09 21:45:41,321 [INFO] CrossReferenceDbSqlite:203 - Set database path to: C:\Users\Minh\.stmcufinder\plugins\mcufinder//mcu/cs/
2024-02-09 21:45:41,590 [INFO] RulesReader:64 - Compatibility file has been processed (293 Rules)
2024-02-09 21:45:41,762 [INFO] DbMcusXml:78 - Set database path to: C:\ST\STM32CubeIDE_1.4.0\STM32CubeIDE\plugins\com.st.stm32cube.common.mx_6.9.1.202307191849\\db\/mcu/
2024-02-09 21:45:41,762 [INFO] ApiDb:274 - Set plugin database path to: C:\ST\STM32CubeIDE_1.4.0\STM32CubeIDE\plugins\com.st.stm32cube.common.mx_6.9.1.202307191849\\db\/plugins/boardmanager/
2024-02-09 21:45:41,762 [INFO] ApiDb:261 - Set plugin images path to: C:\ST\STM32CubeIDE_1.4.0\STM32CubeIDE\plugins\com.st.stm32cube.common.mx_6.9.1.202307191849\\db\/plugins/mcufinder/images/
2024-02-09 21:45:41,763 [WARN] DbFile:41 - Overriding database path with different value: C:\Users\Minh\.stmcufinder\plugins\mcufinder/ => C:\Users\Minh\.stmcufinder\plugins\mcufinder
2024-02-09 21:45:41,763 [INFO] ApiDb:250 - Set database path to: C:\Users\Minh\.stmcufinder\plugins\mcufinder//mcu/
2024-02-09 21:45:41,763 [WARN] DbFile:41 - Overriding database path with different value: C:\Users\Minh\.stmcufinder\plugins\mcufinder/ => C:\Users\Minh\.stmcufinder\plugins\mcufinder
2024-02-09 21:45:41,763 [INFO] DbMcusAds:125 - Set database path to: C:\Users\Minh\.stmcufinder\plugins\mcufinder//mcu/
2024-02-09 21:45:41,763 [WARN] DbFile:41 - Overriding database path with different value: C:\Users\Minh\.stmcufinder\plugins\mcufinder/ => C:\Users\Minh\.stmcufinder\plugins\mcufinder
2024-02-09 21:45:41,763 [WARN] DbFile:41 - Overriding database path with different value: C:\Users\Minh\.stmcufinder\plugins\mcufinder/ => C:\Users\Minh\.stmcufinder\plugins\mcufinder
2024-02-09 21:45:41,764 [INFO] CrossReferenceDbSqlite:203 - Set database path to: C:\Users\Minh\.stmcufinder\plugins\mcufinder//mcu/cs/
2024-02-09 21:45:41,914 [INFO] MainPanel:262 - HeapMemory: 268435456
2024-02-09 21:45:42,099 [INFO] DbMcusXml:78 - Set database path to: C:\ST\STM32CubeIDE_1.4.0\STM32CubeIDE\plugins\com.st.stm32cube.common.mx_6.9.1.202307191849\\db\/mcu/
2024-02-09 21:45:42,100 [INFO] ApiDb:274 - Set plugin database path to: C:\ST\STM32CubeIDE_1.4.0\STM32CubeIDE\plugins\com.st.stm32cube.common.mx_6.9.1.202307191849\\db\/plugins/boardmanager/
2024-02-09 21:45:42,100 [INFO] ApiDb:261 - Set plugin images path to: C:\ST\STM32CubeIDE_1.4.0\STM32CubeIDE\plugins\com.st.stm32cube.common.mx_6.9.1.202307191849\\db\/plugins/mcufinder/images/
2024-02-09 21:45:42,101 [WARN] DbFile:41 - Overriding database path with different value: C:\Users\Minh\.stmcufinder\plugins\mcufinder/ => C:\Users\Minh\.stmcufinder\plugins\mcufinder
2024-02-09 21:45:42,101 [INFO] ApiDb:250 - Set database path to: C:\Users\Minh\.stmcufinder\plugins\mcufinder//mcu/
2024-02-09 21:45:42,101 [WARN] DbFile:41 - Overriding database path with different value: C:\Users\Minh\.stmcufinder\plugins\mcufinder/ => C:\Users\Minh\.stmcufinder\plugins\mcufinder
2024-02-09 21:45:42,102 [INFO] DbMcusAds:125 - Set database path to: C:\Users\Minh\.stmcufinder\plugins\mcufinder//mcu/
2024-02-09 21:45:42,102 [WARN] DbFile:41 - Overriding database path with different value: C:\Users\Minh\.stmcufinder\plugins\mcufinder/ => C:\Users\Minh\.stmcufinder\plugins\mcufinder
2024-02-09 21:45:42,102 [WARN] DbFile:41 - Overriding database path with different value: C:\Users\Minh\.stmcufinder\plugins\mcufinder/ => C:\Users\Minh\.stmcufinder\plugins\mcufinder
2024-02-09 21:45:42,102 [INFO] CrossReferenceDbSqlite:203 - Set database path to: C:\Users\Minh\.stmcufinder\plugins\mcufinder//mcu/cs/
2024-02-09 21:45:42,147 [INFO] ApplicationProperties:184 - Using Application install path: C:\ST\STM32CubeIDE_1.4.0\STM32CubeIDE\plugins\com.st.stm32cube.common.mx_6.9.1.202307191849
2024-02-09 21:45:42,150 [INFO] PluginManage:196 - Search for loadable plugins [exclusion list=, ]
2024-02-09 21:45:42,153 [INFO] PluginManage:310 - Check plugin analytics
2024-02-09 21:45:42,549 [INFO] AnalyticsPlugin:253 - Accepted Software Licenses: STM32CubeMX.6.0.0,STM32CubeMX.5.2.0
2024-02-09 21:45:42,550 [INFO] AnalyticsPlugin:255 - Accepted CMSIS Pack Licenses: 
2024-02-09 21:45:42,550 [INFO] AnalyticsPlugin:257 - Accepted Firmware Licenses: 
2024-02-09 21:45:42,556 [INFO] PluginManage:359 - Loaded plugin analytics (category:tool,tabindex:-1)
2024-02-09 21:45:42,557 [INFO] PluginManage:310 - Check plugin cadmodel
2024-02-09 21:45:42,596 [INFO] CADModel:105 - Init CAD model plugin
2024-02-09 21:45:42,596 [INFO] PluginManage:359 - Loaded plugin cadmodel (category:power,tabindex:5)
2024-02-09 21:45:42,597 [INFO] PluginManage:310 - Check plugin clock
2024-02-09 21:45:42,655 [INFO] PluginManage:359 - Loaded plugin clock (category:base,tabindex:2)
2024-02-09 21:45:42,655 [INFO] PluginManage:310 - Check plugin ddr
2024-02-09 21:45:42,662 [INFO] PluginManage:359 - Loaded plugin ddr (category:tool,tabindex:6)
2024-02-09 21:45:42,662 [INFO] PluginManage:310 - Check plugin filemanager
2024-02-09 21:45:43,000 [INFO] PluginManage:359 - Loaded plugin filemanager (category:base,tabindex:10)
2024-02-09 21:45:43,001 [INFO] PluginManage:310 - Check plugin ipmanager
2024-02-09 21:45:43,019 [INFO] PluginManage:359 - Loaded plugin ipmanager (category:base,tabindex:5)
2024-02-09 21:45:43,020 [INFO] PluginManage:310 - Check plugin lpbam
2024-02-09 21:45:43,066 [INFO] PluginManage:359 - Loaded plugin lpbam (category:base,tabindex:0)
2024-02-09 21:45:43,066 [INFO] PluginManage:310 - Check plugin memorymap
2024-02-09 21:45:43,122 [INFO] PluginManage:359 - Loaded plugin memorymap (category:base,tabindex:4)
2024-02-09 21:45:43,122 [INFO] PluginManage:310 - Check plugin pinoutandconfiguration
2024-02-09 21:45:43,170 [INFO] PluginManage:359 - Loaded plugin pinoutandconfiguration (category:base,tabindex:1)
2024-02-09 21:45:43,171 [INFO] PluginManage:310 - Check plugin pinoutconfig
2024-02-09 21:45:43,420 [WARN] SupportedApi:132 - Cannot load RTOS API schema: s4s-elt-must-match.1: The content of 'definitions' must match (annotation?, (simpleType | complexType)?, (unique | key | keyref)*)). A problem was found starting at: attribute.
2024-02-09 21:45:43,692 [INFO] PluginManage:359 - Loaded plugin pinoutconfig (category:base,tabindex:0)
2024-02-09 21:45:43,693 [INFO] PluginManage:310 - Check plugin power
2024-02-09 21:45:43,737 [INFO] PluginManage:359 - Loaded plugin power (category:power,tabindex:4)
2024-02-09 21:45:43,738 [INFO] PluginManage:310 - Check plugin projectmanager
2024-02-09 21:45:43,767 [INFO] PluginManage:359 - Loaded plugin projectmanager (category:projectmanager,tabindex:3)
2024-02-09 21:45:43,768 [INFO] PluginManage:310 - Check plugin thirdparty
2024-02-09 21:45:44,335 [WARN] IntegrityCheckThread:84 - waiting for thirdparty lock release [integrity check]
2024-02-09 21:45:44,335 [INFO] PluginManage:359 - Loaded plugin thirdparty (category:base,tabindex:-1)
2024-02-09 21:45:44,335 [INFO] IntegrityCheckThread:86 - entering critical section [integrity check]
2024-02-09 21:45:44,336 [INFO] PluginManage:310 - Check plugin tools
2024-02-09 21:45:44,336 [INFO] ThirdPartyUpdaterWithRetryManager:70 - Updater plugin not ready yet. [1/15]
2024-02-09 21:45:44,414 [INFO] PluginManage:359 - Loaded plugin tools (category:base,tabindex:7)
2024-02-09 21:45:44,414 [INFO] PluginManage:310 - Check plugin tutovideos
2024-02-09 21:45:44,830 [INFO] PluginManage:359 - Loaded plugin tutovideos (category:base,tabindex:-1)
2024-02-09 21:45:44,830 [INFO] PluginManage:310 - Check plugin updater
2024-02-09 21:45:44,852 [INFO] PluginManage:359 - Loaded plugin updater (category:base,tabindex:12)
2024-02-09 21:45:44,852 [INFO] PluginManage:310 - Check plugin userauth
2024-02-09 21:45:44,861 [INFO] UserAuth:113 - Init User Auth plugin
2024-02-09 21:45:44,861 [INFO] PluginManage:359 - Loaded plugin userauth (category:base,tabindex:14)
2024-02-09 21:45:44,862 [INFO] PluginManage:283 - PluginManage : Loaded plugins [17]
2024-02-09 21:45:45,302 [INFO] PinOutPanel:1499 - setPackage(No Configuration,No Configuration)
2024-02-09 21:45:45,516 [INFO] CADModel:165 - CPN selected for project level
2024-02-09 21:45:45,517 [INFO] CADModel:114 - Register for checkConnection events
2024-02-09 21:45:45,571 [INFO] IPUIPlugin:80 - create IPUIPlugin
2024-02-09 21:45:45,572 [INFO] PluginManager:220 - loadIPPluginJar : add adc
2024-02-09 21:45:45,648 [INFO] IPUIPlugin:80 - create IPUIPlugin
2024-02-09 21:45:45,648 [INFO] PluginManager:220 - loadIPPluginJar : add aes
2024-02-09 21:45:45,740 [INFO] IPUIPlugin:80 - create IPUIPlugin
2024-02-09 21:45:45,741 [INFO] PluginManager:220 - loadIPPluginJar : add can
2024-02-09 21:45:45,798 [INFO] IPUIPlugin:80 - create IPUIPlugin
2024-02-09 21:45:45,799 [INFO] PluginManager:220 - loadIPPluginJar : add comp
2024-02-09 21:45:45,870 [INFO] IPUIPlugin:80 - create IPUIPlugin
2024-02-09 21:45:45,870 [INFO] PluginManager:220 - loadIPPluginJar : add cryp
2024-02-09 21:45:45,944 [INFO] IPUIPlugin:80 - create IPUIPlugin
2024-02-09 21:45:45,944 [INFO] PluginManager:220 - loadIPPluginJar : add dfsdm
2024-02-09 21:45:45,975 [INFO] IPUIPlugin:80 - create IPUIPlugin
2024-02-09 21:45:45,977 [INFO] PluginManager:220 - loadIPPluginJar : add dma
2024-02-09 21:45:46,085 [INFO] IPUIPlugin:80 - create IPUIPlugin
2024-02-09 21:45:46,085 [INFO] PluginManager:220 - loadIPPluginJar : add dma3
2024-02-09 21:45:46,130 [INFO] IPUIPlugin:80 - create IPUIPlugin
2024-02-09 21:45:46,131 [INFO] PluginManager:220 - loadIPPluginJar : add fatfs
2024-02-09 21:45:46,226 [INFO] IPUIPlugin:80 - create IPUIPlugin
2024-02-09 21:45:46,226 [INFO] PluginManager:220 - loadIPPluginJar : add fmc
2024-02-09 21:45:46,253 [INFO] IPUIPlugin:80 - create IPUIPlugin
2024-02-09 21:45:46,253 [INFO] PluginManager:220 - loadIPPluginJar : add freertos
2024-02-09 21:45:46,291 [INFO] IPUIPlugin:80 - create IPUIPlugin
2024-02-09 21:45:46,291 [INFO] PluginManager:220 - loadIPPluginJar : add genericplugin
2024-02-09 21:45:46,496 [INFO] IPUIPlugin:80 - create IPUIPlugin
2024-02-09 21:45:46,496 [INFO] PluginManager:220 - loadIPPluginJar : add gfxmmu
2024-02-09 21:45:46,806 [INFO] IPUIPlugin:80 - create IPUIPlugin
2024-02-09 21:45:46,806 [INFO] PluginManager:220 - loadIPPluginJar : add gic
2024-02-09 21:45:46,834 [INFO] IPUIPlugin:80 - create IPUIPlugin
2024-02-09 21:45:46,834 [INFO] PluginManager:220 - loadIPPluginJar : add gpio
2024-02-09 21:45:47,031 [INFO] IPUIPlugin:80 - create IPUIPlugin
2024-02-09 21:45:47,032 [INFO] PluginManager:220 - loadIPPluginJar : add gtzc
2024-02-09 21:45:47,109 [INFO] IPUIPlugin:80 - create IPUIPlugin
2024-02-09 21:45:47,109 [INFO] PluginManager:220 - loadIPPluginJar : add hash
2024-02-09 21:45:47,219 [INFO] IPUIPlugin:80 - create IPUIPlugin
2024-02-09 21:45:47,219 [INFO] PluginManager:220 - loadIPPluginJar : add i2c
2024-02-09 21:45:47,293 [INFO] IPUIPlugin:80 - create IPUIPlugin
2024-02-09 21:45:47,293 [INFO] PluginManager:220 - loadIPPluginJar : add i2s
2024-02-09 21:45:47,337 [INFO] ThirdPartyUpdaterWithRetryManager:70 - Updater plugin not ready yet. [2/15]
2024-02-09 21:45:47,380 [INFO] IPUIPlugin:80 - create IPUIPlugin
2024-02-09 21:45:47,380 [INFO] PluginManager:220 - loadIPPluginJar : add i3c
2024-02-09 21:45:47,672 [INFO] IPUIPlugin:80 - create IPUIPlugin
2024-02-09 21:45:47,672 [INFO] PluginManager:220 - loadIPPluginJar : add ipddr
2024-02-09 21:45:47,886 [INFO] IPUIPlugin:80 - create IPUIPlugin
2024-02-09 21:45:47,887 [INFO] PluginManager:220 - loadIPPluginJar : add linkedlist
2024-02-09 21:45:47,959 [INFO] IPUIPlugin:80 - create IPUIPlugin
2024-02-09 21:45:47,959 [INFO] PluginManager:220 - loadIPPluginJar : add lorawan
2024-02-09 21:45:48,048 [INFO] IPUIPlugin:80 - create IPUIPlugin
2024-02-09 21:45:48,048 [INFO] PluginManager:220 - loadIPPluginJar : add ltdc
2024-02-09 21:45:48,076 [INFO] IPUIPlugin:80 - create IPUIPlugin
2024-02-09 21:45:48,076 [INFO] PluginManager:220 - loadIPPluginJar : add mdma
2024-02-09 21:45:48,106 [INFO] IPUIPlugin:80 - create IPUIPlugin
2024-02-09 21:45:48,106 [INFO] PluginManager:220 - loadIPPluginJar : add nvic
2024-02-09 21:45:48,188 [INFO] IPUIPlugin:80 - create IPUIPlugin
2024-02-09 21:45:48,188 [INFO] PluginManager:220 - loadIPPluginJar : add opamp
2024-02-09 21:45:48,390 [INFO] IPUIPlugin:80 - create IPUIPlugin
2024-02-09 21:45:48,391 [INFO] PluginManager:220 - loadIPPluginJar : add openamp
2024-02-09 21:45:48,542 [INFO] IPUIPlugin:80 - create IPUIPlugin
2024-02-09 21:45:48,543 [INFO] PluginManager:220 - loadIPPluginJar : add pdm2pcm
2024-02-09 21:45:48,585 [INFO] IPUIPlugin:80 - create IPUIPlugin
2024-02-09 21:45:48,591 [INFO] PluginManager:220 - loadIPPluginJar : add plateformsettings
2024-02-09 21:45:48,660 [INFO] IPUIPlugin:80 - create IPUIPlugin
2024-02-09 21:45:48,660 [INFO] PluginManager:220 - loadIPPluginJar : add quadspi
2024-02-09 21:45:48,696 [INFO] IPUIPlugin:80 - create IPUIPlugin
2024-02-09 21:45:48,696 [INFO] PluginManager:220 - loadIPPluginJar : add resmgrutility
2024-02-09 21:45:48,866 [INFO] IPUIPlugin:80 - create IPUIPlugin
2024-02-09 21:45:48,866 [INFO] PluginManager:220 - loadIPPluginJar : add sai
2024-02-09 21:45:48,987 [INFO] IPUIPlugin:80 - create IPUIPlugin
2024-02-09 21:45:48,988 [INFO] PluginManager:220 - loadIPPluginJar : add spi
2024-02-09 21:45:49,125 [INFO] IPUIPlugin:80 - create IPUIPlugin
2024-02-09 21:45:49,125 [INFO] PluginManager:220 - loadIPPluginJar : add stm32_wpan
2024-02-09 21:45:49,175 [INFO] IPUIPlugin:80 - create IPUIPlugin
2024-02-09 21:45:49,176 [INFO] PluginManager:220 - loadIPPluginJar : add tim
2024-02-09 21:45:49,296 [INFO] IPUIPlugin:80 - create IPUIPlugin
2024-02-09 21:45:49,296 [INFO] PluginManager:220 - loadIPPluginJar : add touchsensing
2024-02-09 21:45:49,359 [INFO] IPUIPlugin:80 - create IPUIPlugin
2024-02-09 21:45:49,360 [INFO] PluginManager:220 - loadIPPluginJar : add tracer_emb
2024-02-09 21:45:49,419 [INFO] IPUIPlugin:80 - create IPUIPlugin
2024-02-09 21:45:49,419 [INFO] PluginManager:220 - loadIPPluginJar : add ts
2024-02-09 21:45:49,468 [INFO] IPUIPlugin:80 - create IPUIPlugin
2024-02-09 21:45:49,468 [INFO] PluginManager:220 - loadIPPluginJar : add tsc
2024-02-09 21:45:49,542 [INFO] IPUIPlugin:80 - create IPUIPlugin
2024-02-09 21:45:49,542 [INFO] PluginManager:220 - loadIPPluginJar : add ucpd
2024-02-09 21:45:49,646 [INFO] IPUIPlugin:80 - create IPUIPlugin
2024-02-09 21:45:49,646 [INFO] PluginManager:220 - loadIPPluginJar : add usart
2024-02-09 21:45:49,726 [INFO] IPUIPlugin:80 - create IPUIPlugin
2024-02-09 21:45:49,727 [INFO] PluginManager:220 - loadIPPluginJar : add usbx
2024-02-09 21:45:49,911 [INFO] CADModel:165 - CPN selected for project level
2024-02-09 21:45:49,912 [INFO] CADModel:114 - Register for checkConnection events
2024-02-09 21:45:49,912 [FATAL] Updater:308 - Updater called before beeing initialized
2024-02-09 21:45:49,912 [ERROR] CADModel:125 - Updater not yet initialized, retry later 
2024-02-09 21:45:50,197 [INFO] CADModel:165 - CPN selected for project level
2024-02-09 21:45:50,198 [INFO] CADModel:114 - Register for checkConnection events
2024-02-09 21:45:50,198 [FATAL] Updater:308 - Updater called before beeing initialized
2024-02-09 21:45:50,198 [ERROR] CADModel:125 - Updater not yet initialized, retry later 
2024-02-09 21:45:50,206 [FATAL] Updater:308 - Updater called before beeing initialized
2024-02-09 21:45:50,338 [INFO] ThirdPartyUpdaterWithRetryManager:70 - Updater plugin not ready yet. [3/15]
2024-02-09 21:45:50,453 [FATAL] Updater:308 - Updater called before beeing initialized
2024-02-09 21:45:50,467 [INFO] DbMcusAds:53 - JSON generation date=Wed Nov 29 19:52:27 JST 2023 (1701255147349)
2024-02-09 21:45:50,468 [FATAL] Updater:308 - Updater called before beeing initialized
2024-02-09 21:45:50,643 [WARN] DetailPanel:346 - Failed to get advertising image, set to default
2024-02-09 21:45:50,861 [FATAL] Updater:308 - Updater called before beeing initialized
2024-02-09 21:45:50,864 [FATAL] Updater:308 - Updater called before beeing initialized
2024-02-09 21:45:50,864 [FATAL] Updater:308 - Updater called before beeing initialized
2024-02-09 21:45:50,864 [WARN] DetailPanel:346 - Failed to get advertising image, set to default
2024-02-09 21:45:50,865 [FATAL] Updater:308 - Updater called before beeing initialized
2024-02-09 21:45:50,989 [ERROR] Updater:1120 - MainUpdater not yet initialized. External WinMGr cannot be set.
2024-02-09 21:45:51,012 [INFO] Updater:1056 - Updater Version found : 6.9.1
2024-02-09 21:45:51,048 [INFO] ApplicationProperties:184 - Using Application install path: C:\ST\STM32CubeIDE_1.4.0\STM32CubeIDE\plugins\com.st.stm32cube.common.mx_6.9.1.202307191849
2024-02-09 21:45:51,284 [INFO] MainUpdater:2868 - connection check result : 10
2024-02-09 21:45:51,285 [INFO] MainUpdater:285 - Updater Check For Update Now.
2024-02-09 21:45:51,286 [INFO] MicroXplorer:498 - Change Database Version : DB.6.0.91
2024-02-09 21:45:51,319 [INFO] McuFinderGlobals:63 - Set McuFinder mode to 2 (CubeIDE integrated)
2024-02-09 21:45:51,319 [INFO] UserAuth:179 - activating auth plugin
2024-02-09 21:45:51,343 [INFO] UserAuth:393 - Internet connection configuration mode: 1
2024-02-09 21:45:51,381 [INFO] JxBrowserEngine:151 - Initiate JxBrowser Engine with user profile folder
2024-02-09 21:45:51,584 [INFO] CheckServerUpdateThread:120 - End of CheckServer Thread
2024-02-09 21:45:53,299 [INFO] WebApp:157 - Instantiating new browser for Auth
2024-02-09 21:45:53,881 [WARN] PackLoader:240 - Cannot read IP mode file for STMicroelectronics.X-CUBE-SMBUS.2.1.0
2024-02-09 21:45:53,898 [WARN] PackLoader:240 - Cannot read IP mode file for STMicroelectronics.X-CUBE-TOUCHGFX.4.23.0
2024-02-09 21:45:53,983 [WARN] PackLoader:240 - Cannot read IP mode file for STMicroelectronics.X-CUBE-AZRTOS-F7.1.1.0
2024-02-09 21:45:54,005 [ERROR] RealEvaluatedCondition:428 - Found unsupported composite condition: GROUP='STM32_MetaDataManager' CLASS='Data Exchange'
2024-02-09 21:45:54,006 [ERROR] RealEvaluatedCondition:428 - Found unsupported composite condition: CLASS='Data Exchange' GROUP='STM32_MetaDataManager'
2024-02-09 21:45:54,010 [WARN] PackLoader:240 - Cannot read IP mode file for STMicroelectronics.FP-SNS-MOTENV1.4.3.0
2024-02-09 21:45:54,028 [WARN] PackLoader:240 - Cannot read IP mode file for STMicroelectronics.FP-SNS-MOTENV1.4.3.2
2024-02-09 21:45:54,045 [WARN] PackLoader:240 - Cannot read IP mode file for STMicroelectronics.FP-SNS-FLIGHT1.5.0.0
2024-02-09 21:45:54,055 [ERROR] RealEvaluatedCondition:428 - Found unsupported composite condition: CLASS='Data Exchange' GROUP='STM32_MetaDataManager'
2024-02-09 21:45:54,055 [ERROR] RealEvaluatedCondition:428 - Found unsupported composite condition: GROUP='STM32_MetaDataManager' CLASS='Data Exchange'
2024-02-09 21:45:54,059 [WARN] PackLoader:240 - Cannot read IP mode file for STMicroelectronics.FP-SNS-MOTENV1.4.3.1
2024-02-09 21:45:54,076 [WARN] PackLoader:240 - Cannot read IP mode file for STMicroelectronics.FP-SNS-FLIGHT1.5.0.1
2024-02-09 21:45:54,095 [WARN] PackLoader:240 - Cannot read IP mode file for STMicroelectronics.X-CUBE-BLE1.6.2.4
2024-02-09 21:45:54,108 [WARN] PackLoader:240 - Cannot read IP mode file for STMicroelectronics.FP-SNS-FLIGHT1.5.0.2
2024-02-09 21:45:54,132 [WARN] PackLoader:240 - Cannot read IP mode file for STMicroelectronics.X-CUBE-DISPLAY.3.0.0
2024-02-09 21:45:54,157 [WARN] PackLoader:240 - Cannot read IP mode file for STMicroelectronics.X-CUBE-BLE1.7.0.0
2024-02-09 21:45:54,165 [WARN] PackLoader:240 - Cannot read IP mode file for STMicroelectronics.X-CUBE-TOUCHGFX.4.22.0
2024-02-09 21:45:54,172 [WARN] PackLoader:240 - Cannot read IP mode file for STMicroelectronics.X-CUBE-TOUCHGFX.4.22.1
2024-02-09 21:45:54,183 [WARN] PackLoader:240 - Cannot read IP mode file for STMicroelectronics.FP-SNS-SMARTAG2.1.2.0
2024-02-09 21:45:54,215 [INFO] LogOutputStream:77 - [STDOUT_REDIRECT] 1 : Invalid condition id : UX_CORESTACK_Condition cause : null
2024-02-09 21:45:54,216 [INFO] LogOutputStream:77 - [STDOUT_REDIRECT] 1 : Invalid condition id : UX_CORESTACK_Condition cause : null
2024-02-09 21:45:54,220 [INFO] LogOutputStream:77 - [STDOUT_REDIRECT] 1 : Invalid condition id : UX_CORESTACK_Condition cause : null
2024-02-09 21:45:54,225 [INFO] LogOutputStream:77 - [STDOUT_REDIRECT] 1 : Invalid condition id : UX_CORESTACK_Condition cause : null
2024-02-09 21:45:54,230 [INFO] LogOutputStream:77 - [STDOUT_REDIRECT] 1 : Invalid condition id : UX_CORESTACK_Condition cause : null
2024-02-09 21:45:54,241 [WARN] PackLoader:240 - Cannot read IP mode file for STMicroelectronics.X-CUBE-AZRTOS-WL.2.0.0
2024-02-09 21:45:54,277 [WARN] PackLoader:240 - Cannot read IP mode file for WES.I-CUBE-Cesium.1.3.0
2024-02-09 21:45:54,289 [WARN] PackLoader:240 - Cannot read IP mode file for STMicroelectronics.X-CUBE-BLE2.3.3.0
2024-02-09 21:45:54,322 [WARN] PackLoader:240 - Cannot read IP mode file for STMicroelectronics.X-CUBE-TOF1.3.2.0
2024-02-09 21:45:54,349 [WARN] PackLoader:240 - Cannot read IP mode file for STMicroelectronics.X-CUBE-TOUCHGFX.4.21.1
2024-02-09 21:45:54,355 [WARN] PackLoader:240 - Cannot read IP mode file for STMicroelectronics.X-CUBE-TOUCHGFX.4.21.3
2024-02-09 21:45:54,362 [WARN] PackLoader:240 - Cannot read IP mode file for STMicroelectronics.X-CUBE-TOUCHGFX.4.21.4
2024-02-09 21:45:54,377 [WARN] PackLoader:240 - Cannot read IP mode file for STMicroelectronics.X-CUBE-ALGOBUILD.1.3.0
2024-02-09 21:45:54,427 [WARN] PackLoader:240 - Cannot read IP mode file for STMicroelectronics.X-CUBE-AZRTOS-G0.1.1.0
2024-02-09 21:45:54,445 [WARN] PackLoader:240 - Cannot read IP mode file for STMicroelectronics.X-CUBE-NFC4.3.0.0
2024-02-09 21:45:54,471 [WARN] PackLoader:240 - Cannot read IP mode file for STMicroelectronics.X-CUBE-BLEMGR.3.0.0
2024-02-09 21:45:54,512 [WARN] PackLoader:240 - Cannot read IP mode file for STMicroelectronics.FP-ATR-SIGFOX1.3.2.0
2024-02-09 21:45:54,527 [WARN] PackLoader:240 - Cannot read IP mode file for STMicroelectronics.X-CUBE-EEPRMA1.5.1.0
2024-02-09 21:45:54,647 [WARN] PackLoader:240 - Cannot read IP mode file for STMicroelectronics.X-CUBE-MEMS1.9.5.0
2024-02-09 21:45:55,162 [WARN] PackLoader:240 - Cannot read IP mode file for SEGGER.I-CUBE-embOS.1.3.1
2024-02-09 21:45:55,269 [WARN] PackLoader:240 - Cannot read IP mode file for STMicroelectronics.X-CUBE-GNSS1.6.0.0
2024-02-09 21:45:55,307 [WARN] PackLoader:240 - Cannot read IP mode file for STMicroelectronics.X-CUBE-AZRTOS-F4.1.1.0
2024-02-09 21:45:55,358 [WARN] PackLoader:240 - Cannot read IP mode file for STMicroelectronics.X-CUBE-AZRTOS-L5.2.0.0
2024-02-09 21:45:55,479 [WARN] PackLoader:240 - Cannot read IP mode file for STMicroelectronics.X-CUBE-MEMS1.9.6.0
2024-02-09 21:45:55,585 [INFO] WebApp:753 - Register for checkConnection events
2024-02-09 21:45:55,586 [INFO] WebApp:390 - Apply proxy settings
2024-02-09 21:45:55,586 [INFO] WebApp:475 - Chromium requires no authentication
2024-02-09 21:45:55,609 [INFO] WebApp:418 - Direct internet connection detected
2024-02-09 21:45:55,845 [WARN] PackLoader:240 - Cannot read IP mode file for STMicroelectronics.X-CUBE-EEPRMA1.4.2.0
2024-02-09 21:45:55,861 [WARN] PackLoader:240 - Cannot read IP mode file for ITTIA_DB.I-CUBE-ITTIADB.8.8.0
2024-02-09 21:45:55,877 [WARN] PackLoader:240 - Cannot read IP mode file for emotas.I-CUBE-CANOPEN.1.1.3
2024-02-09 21:45:55,892 [WARN] PackLoader:240 - Cannot read IP mode file for STMicroelectronics.X-CUBE-BLEMGR.2.0.0
2024-02-09 21:45:55,961 [WARN] ConditionMgr:438 - getConditionDescription Invalid condition id : UX DEVICE CLASS RTOS Condition cause : null
2024-02-09 21:45:55,961 [WARN] ConditionMgr:438 - getConditionDescription Invalid condition id : UX DEVICE CLASS RTOS Condition cause : null
2024-02-09 21:45:55,970 [WARN] PackLoader:240 - Cannot read IP mode file for STMicroelectronics.X-CUBE-AZRTOS-H7.3.1.0
2024-02-09 21:45:55,973 [WARN] ConditionMgr:1039 - genDependencies : Invalid condition id : UX DEVICE CLASS RTOS Condition cause : null
2024-02-09 21:45:55,973 [WARN] ConditionMgr:1039 - genDependencies : Invalid condition id : UX DEVICE CLASS RTOS Condition cause : null
2024-02-09 21:45:55,974 [WARN] ConditionMgr:1039 - genDependencies : Invalid condition id : UX DEVICE CLASS RTOS Condition cause : null
2024-02-09 21:45:55,976 [WARN] ConditionMgr:1039 - genDependencies : Invalid condition id : UX DEVICE CLASS RTOS Condition cause : null
2024-02-09 21:45:55,976 [WARN] ConditionMgr:1039 - genDependencies : Invalid condition id : UX DEVICE CLASS RTOS Condition cause : null
2024-02-09 21:45:56,003 [WARN] PackLoader:240 - Cannot read IP mode file for wolfSSL.I-CUBE-wolfSSL.5.5.4
2024-02-09 21:45:56,014 [WARN] PackLoader:240 - Cannot read IP mode file for STMicroelectronics.X-CUBE-NFC7.1.0.1
2024-02-09 21:45:56,025 [WARN] PackLoader:240 - Cannot read IP mode file for STMicroelectronics.X-CUBE-NFC7.1.0.0
2024-02-09 21:45:56,045 [WARN] PackLoader:240 - Cannot read IP mode file for STMicroelectronics.X-CUBE-NFC6.3.0.0
2024-02-09 21:45:56,061 [WARN] PackLoader:240 - Cannot read IP mode file for STMicroelectronics.X-CUBE-EEPRMA1.4.1.0
2024-02-09 21:45:56,072 [WARN] PackLoader:240 - Cannot read IP mode file for STMicroelectronics.X-CUBE-AI.8.1.0
2024-02-09 21:45:56,114 [WARN] ConditionMgr:438 - getConditionDescription Invalid condition id : LAN8742 Phy interface Condition cause : null
2024-02-09 21:45:56,116 [WARN] PackLoader:240 - Cannot read IP mode file for STMicroelectronics.X-CUBE-AZRTOS-L4.2.0.0
2024-02-09 21:45:56,119 [WARN] ConditionMgr:1039 - genDependencies : Invalid condition id : LAN8742 Phy interface Condition cause : null
2024-02-09 21:45:56,119 [WARN] ConditionMgr:1039 - genDependencies : Invalid condition id : LAN8742 Phy interface Condition cause : null
2024-02-09 21:45:56,121 [WARN] ConditionMgr:1039 - genDependencies : Invalid condition id : LAN8742 Phy interface Condition cause : null
2024-02-09 21:45:56,165 [WARN] PackLoader:240 - Cannot read IP mode file for STMicroelectronics.X-CUBE-SFXS2LP1.4.0.0
2024-02-09 21:45:56,214 [WARN] PackLoader:240 - Cannot read IP mode file for STMicroelectronics.X-CUBE-AZRTOS-H7.3.0.0
2024-02-09 21:45:56,230 [WARN] PackLoader:240 - Cannot read IP mode file for STMicroelectronics.X-CUBE-ISPU.1.1.0
2024-02-09 21:45:56,236 [INFO] WebApp:188 - Starting web application
2024-02-09 21:45:56,236 [INFO] WebApp:520 - Web application path used C:\ST\STM32CubeIDE_1.4.0\STM32CubeIDE\plugins\com.st.stm32cube.common.mx_6.9.1.202307191849\db\plugins\mcufinder\reactClient1\index.html
2024-02-09 21:45:56,248 [WARN] PackLoader:240 - Cannot read IP mode file for RoweBots.I-CUBE-UNISONRTOS.5.5.0-4
2024-02-09 21:45:56,264 [WARN] PackLoader:240 - Cannot read IP mode file for STMicroelectronics.X-CUBE-AI.8.0.0
2024-02-09 21:45:56,294 [WARN] ConditionMgr:438 - getConditionDescription Invalid condition id : UX DEVICE CLASS RTOS Condition cause : null
2024-02-09 21:45:56,295 [WARN] ConditionMgr:438 - getConditionDescription Invalid condition id : UX DEVICE CLASS RTOS Condition cause : null
2024-02-09 21:45:56,300 [WARN] PackLoader:240 - Cannot read IP mode file for STMicroelectronics.X-CUBE-AZRTOS-WB.2.0.0
2024-02-09 21:45:56,302 [WARN] ConditionMgr:1039 - genDependencies : Invalid condition id : UX DEVICE CLASS RTOS Condition cause : null
2024-02-09 21:45:56,302 [WARN] ConditionMgr:1039 - genDependencies : Invalid condition id : UX DEVICE CLASS RTOS Condition cause : null
2024-02-09 21:45:56,303 [WARN] ConditionMgr:1039 - genDependencies : Invalid condition id : UX DEVICE CLASS RTOS Condition cause : null
2024-02-09 21:45:56,304 [WARN] ConditionMgr:1039 - genDependencies : Invalid condition id : UX DEVICE CLASS RTOS Condition cause : null
2024-02-09 21:45:56,304 [WARN] ConditionMgr:1039 - genDependencies : Invalid condition id : UX DEVICE CLASS RTOS Condition cause : null
2024-02-09 21:45:56,321 [WARN] PackLoader:240 - Cannot read IP mode file for STMicroelectronics.X-CUBE-FREERTOS.1.0.0
2024-02-09 21:45:56,330 [WARN] PackLoader:240 - Cannot read IP mode file for STMicroelectronics.X-CUBE-FREERTOS.1.0.1
2024-02-09 21:45:56,363 [WARN] PackLoader:240 - Cannot read IP mode file for STMicroelectronics.X-CUBE-AZRTOS-L5.1.1.0
2024-02-09 21:45:56,375 [WARN] PackLoader:240 - Cannot read IP mode file for STMicroelectronics.X-CUBE-AI.8.0.1
2024-02-09 21:45:56,396 [WARN] PackLoader:240 - Cannot read IP mode file for STMicroelectronics.X-CUBE-SUBG2.5.0.0
2024-02-09 21:45:56,438 [WARN] PackLoader:240 - Cannot read IP mode file for STMicroelectronics.X-CUBE-TOF1.3.3.1
2024-02-09 21:45:56,488 [WARN] PackLoader:240 - Cannot read IP mode file for STMicroelectronics.X-CUBE-AZRTOS-G4.2.0.0
2024-02-09 21:45:56,519 [WARN] PackLoader:240 - Cannot read IP mode file for STMicroelectronics.X-CUBE-TOF1.3.3.0
2024-02-09 21:45:56,587 [WARN] PackLoader:240 - Cannot read IP mode file for STMicroelectronics.FP-ATR-ASTRA1.1.1.1
2024-02-09 21:45:56,614 [WARN] PackLoader:240 - Cannot read IP mode file for Infineon.AIROC-Wi-Fi-Bluetooth-STM32.1.5.1
2024-02-09 21:45:56,632 [WARN] PackLoader:240 - Cannot read IP mode file for STMicroelectronics.FP-SNS-MOTENVWB1.1.3.0
2024-02-09 21:45:56,641 [WARN] PackLoader:240 - Cannot read IP mode file for STMicroelectronics.FP-SNS-MOTENVWB1.1.3.1
2024-02-09 21:45:56,671 [WARN] PackLoader:240 - Cannot read IP mode file for STMicroelectronics.X-CUBE-AZRTOS-G4.1.0.0
2024-02-09 21:45:56,708 [WARN] PackLoader:240 - Cannot read IP mode file for STMicroelectronics.X-CUBE-AZRTOS-L4.1.0.0
2024-02-09 21:45:56,721 [WARN] PackLoader:240 - Cannot read IP mode file for STMicroelectronics.X-CUBE-ISPU.2.0.0
2024-02-09 21:45:56,811 [WARN] PackLoader:240 - Cannot read IP mode file for STMicroelectronics.X-CUBE-MEMS1.10.0.0
2024-02-09 21:45:57,141 [WARN] PackLoader:240 - Cannot read IP mode file for STMicroelectronics.X-CUBE-FREERTOS.1.1.0
2024-02-09 21:45:57,181 [WARN] PackLoader:240 - Cannot read IP mode file for STMicroelectronics.X-CUBE-AZRTOS-WL.1.0.0
2024-02-09 21:45:57,210 [WARN] PackLoader:240 - Cannot read IP mode file for portGmbH.I-Cube-SoM-uGOAL.1.1.0
2024-02-09 21:45:57,249 [WARN] PackLoader:240 - Cannot read IP mode file for STMicroelectronics.X-CUBE-ALS.1.0.1
2024-02-09 21:45:57,286 [WARN] PackLoader:240 - Cannot read IP mode file for STMicroelectronics.X-CUBE-AZRTOS-WB.1.1.0
2024-02-09 21:45:57,298 [WARN] PackLoader:240 - Cannot read IP mode file for STMicroelectronics.FP-ATR-ASTRA1.2.0.0
2024-02-09 21:45:57,324 [WARN] PackLoader:240 - Cannot read IP mode file for STMicroelectronics.X-CUBE-TOF1.3.4.0
2024-02-09 21:45:57,430 [WARN] PackLoader:240 - Cannot read IP mode file for STMicroelectronics.X-CUBE-AZRTOS-H7.3.2.0
2024-02-09 21:45:57,440 [INFO] ThirdParty:978 - Integrity check success = true
2024-02-09 21:45:57,440 [INFO] IntegrityCheckThread:100 - exiting critical section [integrity check]
2024-02-09 21:45:57,440 [INFO] IntegrityCheckThread:103 - End integrity checks thread
2024-02-09 21:50:15,667 [ERROR] LogOutputStream:75 - [STDERR_REDIRECT] SLF4J: Failed to load class "org.slf4j.impl.StaticLoggerBinder".
2024-02-09 21:50:15,668 [ERROR] LogOutputStream:75 - [STDERR_REDIRECT] SLF4J: Defaulting to no-operation (NOP) logger implementation
2024-02-09 21:50:15,670 [ERROR] LogOutputStream:75 - [STDERR_REDIRECT] SLF4J: See http://www.slf4j.org/codes.html#StaticLoggerBinder for further details.
2024-02-09 21:54:49,110 [INFO] McuFinderGlobals:63 - Set McuFinder mode to 2 (CubeIDE integrated)
2024-02-09 21:54:49,159 [INFO] MainUpdater:2868 - connection check result : 10
2024-02-09 21:54:49,170 [INFO] MainUpdater:2868 - connection check result : 10
2024-02-09 21:54:49,483 [INFO] MicroXplorer:468 - Change Database Path : 
2024-02-09 21:54:49,484 [INFO] MicroXplorer:498 - Change Database Version : DB.6.0.91
2024-02-09 21:54:49,491 [WARN] ThirdParty:871 - waiting for thirdparty lock release [close project]
2024-02-09 21:54:49,491 [INFO] ThirdParty:873 - entering critical section [close project]
2024-02-09 21:54:49,493 [INFO] ThirdParty:883 - exiting critical section [close project]
2024-02-09 21:54:49,496 [INFO] PinOutPanel:1499 - setPackage(No Configuration,No Configuration)
2024-02-09 21:54:49,511 [INFO] UtilMem:75 - Begin LoadConfig() Used Memory: 803592360 Bytes (1073741824)
2024-02-09 21:54:49,513 [INFO] MicroXplorer:468 - Change Database Path : 
2024-02-09 21:54:49,513 [INFO] MicroXplorer:498 - Change Database Version : DB.6.0.91
2024-02-09 21:54:49,514 [INFO] OpenFileManager:308 - Change cursor
2024-02-09 21:54:49,599 [INFO] Mcu:1946 - Initializing MCU STM32F407V(E-G)Tx STM32F407VGTx STM32F407VGT6
2024-02-09 21:54:54,698 [INFO] Context:659 - Trying to add GPIOservice into a context  which must be forbidden
2024-02-09 21:54:56,715 [INFO] RtosManager:555 - Registered RTOS mode: class=CMSIS, group=RTOS, mode=CMSIS_V1, owner=FREERTOS
2024-02-09 21:54:56,716 [INFO] RtosManager:555 - Registered RTOS mode: class=CMSIS, group=RTOS2, mode=CMSIS_V2, owner=FREERTOS
2024-02-09 21:54:56,716 [INFO] RtosManager:555 - Registered RTOS mode: class=RTOS, group=Core, mode=CMSIS_V1, owner=FREERTOS
2024-02-09 21:54:56,717 [INFO] RtosManager:555 - Registered RTOS mode: class=RTOS, group=Core, mode=CMSIS_V2, owner=FREERTOS
2024-02-09 21:54:56,717 [WARN] ModelIntegratedComponent:184 - Missing modes for component STMicroelectronics:FreeRTOS:0.0.1:STMicroelectronics:RTOS:FreeRTOS:Core:::10.2.0:
2024-02-09 21:54:56,776 [WARN] ModelIntegratedComponent:63 - No mode defined for component null
2024-02-09 21:54:56,776 [WARN] ModelIntegratedComponent:63 - No mode defined for component null
2024-02-09 21:54:56,776 [WARN] ModelIntegratedComponent:63 - No mode defined for component null
2024-02-09 21:54:56,776 [WARN] ModelIntegratedComponent:63 - No mode defined for component null
2024-02-09 21:54:56,777 [WARN] ModelIntegratedComponent:63 - No mode defined for component null
2024-02-09 21:54:56,777 [WARN] ModelIntegratedComponent:63 - No mode defined for component null
2024-02-09 21:54:56,777 [WARN] ModelIntegratedComponent:63 - No mode defined for component null
2024-02-09 21:54:56,777 [WARN] ModelIntegratedComponent:63 - No mode defined for component null
2024-02-09 21:54:56,777 [WARN] ModelIntegratedComponent:63 - No mode defined for component null
2024-02-09 21:54:56,777 [WARN] ModelIntegratedComponent:63 - No mode defined for component null
2024-02-09 21:54:56,778 [WARN] ModelIntegratedComponent:63 - No mode defined for component null
2024-02-09 21:54:56,778 [WARN] ModelIntegratedComponent:63 - No mode defined for component null
2024-02-09 21:54:56,778 [WARN] ModelIntegratedComponent:63 - No mode defined for component null
2024-02-09 21:54:56,778 [WARN] ModelIntegratedComponent:63 - No mode defined for component null
2024-02-09 21:54:56,778 [WARN] ModelIntegratedComponent:63 - No mode defined for component null
2024-02-09 21:54:56,778 [WARN] ModelIntegratedComponent:63 - No mode defined for component null
2024-02-09 21:54:56,779 [WARN] ModelIntegratedComponent:63 - No mode defined for component null
2024-02-09 21:54:56,779 [WARN] ModelIntegratedComponent:63 - No mode defined for component null
2024-02-09 21:54:56,779 [WARN] ModelIntegratedComponent:63 - No mode defined for component null
2024-02-09 21:54:56,779 [WARN] ModelIntegratedComponent:63 - No mode defined for component null
2024-02-09 21:54:56,779 [WARN] ModelIntegratedComponent:63 - No mode defined for component null
2024-02-09 21:54:56,780 [WARN] ModelIntegratedComponent:63 - No mode defined for component null
2024-02-09 21:54:56,780 [WARN] ModelIntegratedComponent:63 - No mode defined for component null
2024-02-09 21:54:56,780 [WARN] ModelIntegratedComponent:63 - No mode defined for component null
2024-02-09 21:54:56,780 [WARN] ModelIntegratedComponent:63 - No mode defined for component null
2024-02-09 21:54:56,780 [WARN] ModelIntegratedComponent:63 - No mode defined for component null
2024-02-09 21:54:56,781 [WARN] ModelIntegratedComponent:63 - No mode defined for component null
2024-02-09 21:54:56,781 [WARN] ModelIntegratedComponent:63 - No mode defined for component null
2024-02-09 21:54:56,781 [WARN] ModelIntegratedComponent:63 - No mode defined for component null
2024-02-09 21:54:56,781 [WARN] ModelIntegratedComponent:63 - No mode defined for component null
2024-02-09 21:54:56,781 [WARN] ModelIntegratedComponent:63 - No mode defined for component null
2024-02-09 21:54:56,782 [WARN] ModelIntegratedComponent:63 - No mode defined for component null
2024-02-09 21:54:56,782 [WARN] ModelIntegratedComponent:63 - No mode defined for component null
2024-02-09 21:54:57,463 [INFO] ThirdPartyModel:298 - Start build external matchings
2024-02-09 21:55:01,578 [INFO] ThirdPartyModel:316 - End build external matchings
2024-02-09 21:55:01,650 [INFO] ImportTextPane:194 - (OptionalMessage_ERROR) IP (RCC) : Parameter (RTCHSEDivFreq_Value) has invalid value (4000000)
2024-02-09 21:55:02,330 [INFO] UtilMem:75 - End LoadConfig() Used Memory: 910745488 Bytes (1073741824)
2024-02-09 21:55:02,650 [INFO] ApiDb:581 - Connected to CubeFinder SQLite database (C:\Users\Minh\.stmcufinder\plugins\mcufinder\mcu\cube-finder-db.db)
2024-02-09 21:55:02,816 [INFO] ApiDb:668 - CubeFinder database Data Model version=2.1
2024-02-09 21:55:02,816 [INFO] ApiDb:669 - CubeFinder database Configuration version=3.0.39
2024-02-09 21:55:02,818 [INFO] ApiDb:670 - CubeFinder database generation date=2024-01-11 (1704964531)
2024-02-09 21:55:02,819 [INFO] ApiDb:671 - CubeFinder database FW Pack versions=[FP-ATR-ASTRA1_V2.0.0, FP-SNS-FLIGHT1_V5.0.1, FP-SNS-FLIGHT1_V5.0.2, FP-SNS-MOTENV1_V4.3.1, FP-SNS-MOTENV1_V4.3.2, FP-SNS-MOTENVWB1_V1.3.1, FP-SNS-SMARTAG2_V1.2.0, STM32Cube_FW_C0_V1.1.0, STM32Cube_FW_F4_V1.28.0, STM32Cube_FW_F7_V1.17.0, STM32Cube_FW_G0_V1.6.2, STM32Cube_FW_G4_V1.5.2, STM32Cube_FW_H5_V0.5.1, STM32Cube_FW_H5_V1.1.1, STM32Cube_FW_H5_V1.2.0RC2, STM32Cube_FW_H7_V1.11.0, STM32Cube_FW_L0_V1.12.2, STM32Cube_FW_L5_V1.5.0, STM32Cube_FW_U5_V1.3.0RC4, STM32Cube_FW_U5_V1.4.0, STM32Cube_FW_WBA_V1.0.0RC1, STM32Cube_FW_WBA_V1.1.0RC1, STM32Cube_FW_WBA_V1.2.0, STM32Cube_FW_WBA_V1.2.0RC2, STM32Cube_FW_WB_V1.15.0RC1, STM32Cube_FW_WB_V1.16.0, STM32Cube_FW_WB_V1.16.0RC2, STM32Cube_FW_WB_V1.18.0, STM32Cube_FW_WL_V1.3.0, X-CUBE-ALGOBUILD_V1.3.0, X-CUBE-ALS_V1.0.1, X-CUBE-AZRTOS-F4_V1.1.0, X-CUBE-AZRTOS-F7_V1.1.0, X-CUBE-AZRTOS-G0_V1.1.0, X-CUBE-AZRTOS-G4_V2.0.0, X-CUBE-AZRTOS-H7_V3.2.0, X-CUBE-AZRTOS-L4_V1.0.0, X-CUBE-AZRTOS-L4_V2.0.0, X-CUBE-AZRTOS-L5_V1.1.0, X-CUBE-AZRTOS-WB_V2.0.0, X-CUBE-AZRTOS-WL_V2.0.0, X-CUBE-BLE1_V7.0.0, X-CUBE-BLE2_V3.3.0, X-CUBE-BLEMGR_V3.0.0, X-CUBE-EEPRMA1_V4.1.0, X-CUBE-EEPRMA1_V4.2.0, X-CUBE-FREERTOS_V1.1.0, X-CUBE-GNSS1_V6.0.0, X-CUBE-MEMS1_V10.0.0, X-CUBE-MEMS1_V9.1.0, X-CUBE-MEMS1_V9.4.0, X-CUBE-MEMS1_V9.6.0, X-CUBE-NFC4_V3.0.0, X-CUBE-NFC7_V1.0.1, X-CUBE-SFXS2LP1_V4.0.0, X-CUBE-SUBG2_V5.0.0, X-CUBE-TOF1_V3.4.0]
2024-02-09 21:55:07,283 [INFO] ApiDb:240 - Found 323 in-development CPN: [B-G473E-ZEST1S, B-WB1M-WPAN1, B-WL5M-SUBG1, NUCLEO-C031C6, NUCLEO-H503RB, NUCLEO-H563ZI, NUCLEO-U545RE-Q, NUCLEO-U5A5ZJ-Q, NUCLEO-WBA52CG, STEVAL-PROTEUS1, STEVAL-SMARTAG2, STEVAL-STWINBX1, STM320518-EVAL, STM32C0116-DK, STM32C011D6Y3TR, STM32C011D6Y6TR, STM32C011F4P3, STM32C011F4P6, STM32C011F4U3, STM32C011F4U6TR, STM32C011F6P3, STM32C011F6P6, STM32C011F6U3, STM32C011F6U6TR, STM32C011J4M3, STM32C011J4M6, STM32C011J6M3, STM32C011J6M6, STM32C0316-DK, STM32C031C4T3, STM32C031C4T6, STM32C031C4U3, STM32C031C4U6, STM32C031C6T3, STM32C031C6T6, STM32C031C6U3, STM32C031C6U6, STM32C031F4P3, STM32C031F4P6, STM32C031F6P3, STM32C031F6P6, STM32C031G4U3, STM32C031G4U6, STM32C031G6U3, STM32C031G6U6, STM32C031K4T3, STM32C031K4T6, STM32C031K4U3, STM32C031K4U6, STM32C031K6T3, STM32C031K6T6, STM32C031K6U3, STM32C031K6U6, STM32G071K8TXN, STM32G071K8UXN, STM32G081GBU6N, STM32G081KBT6N, STM32G081KBUXN, STM32G0B1CCT6N, STM32G0B1KCT6, STM32G0B1NEY6TR, STM32G0B1RCT6N, STM32G0C1CCT6, STM32G0C1CCT6N, STM32G0C1CCU6N, STM32G0C1CET6N, STM32G0C1CEU6N, STM32G0C1KCT6, STM32G0C1NEY6TR, STM32G0C1RCI6N, STM32G0C1RCT6N, STM32G0C1REI6N, STM32G0C1RET6N, STM32G0C1VCI6, STM32G0C1VEI6, STM32G471CCT6, STM32G471CCU6, STM32G471CET3, STM32G471CET6, STM32G471CEU3, STM32G471CEU6, STM32G471MCT6, STM32G471MET3, STM32G471MET6, STM32G471MEY6TR, STM32G471QCT6, STM32G471QET3, STM32G471RCT6, STM32G471RET3, STM32G471RET6, STM32G471VCH6, STM32G471VCI6, STM32G471VCT6, STM32G471VEH3, STM32G471VEH6, STM32G471VEI3, STM32G471VEI6, STM32G471VET3, STM32G471VET6, STM32G474CCT6, STM32H503CBT6, STM32H503CBU6, STM32H503EBY6TR, STM32H503KBU6, STM32H503RBT6, STM32H562AGI6, STM32H562AII6, STM32H562IGK6, STM32H562IGT6, STM32H562IIK6, STM32H562IIT6, STM32H562RGT6, STM32H562RGV6, STM32H562RIT6, STM32H562RIV6, STM32H562VGT6, STM32H562VIT6, STM32H562ZGT6, STM32H562ZIT6, STM32H563AGI6, STM32H563AII3Q, STM32H563AII6, STM32H563IGK6, STM32H563IGT6, STM32H563IIK3Q, STM32H563IIK6, STM32H563IIT3Q, STM32H563IIT6, STM32H563MIY3QTR, STM32H563RGT6, STM32H563RGV6, STM32H563RIT6, STM32H563RIV6, STM32H563VGT6, STM32H563VIT3Q, STM32H563VIT6, STM32H563ZGT6, STM32H563ZIT3Q, STM32H563ZIT6, STM32H573AII3Q, STM32H573AII6, STM32H573I-DK, STM32H573IIK3Q, STM32H573IIK6, STM32H573IIT3Q, STM32H573IIT6, STM32H573MIY3QTR, STM32H573RIT6, STM32H573RIV6, STM32H573VIT3Q, STM32H573VIT6, STM32H573ZIT3Q, STM32H573ZIT6, STM32L4R5QGI6STR, STM32MP131AAE3, STM32MP131AAF3, STM32MP131AAG3, STM32MP131CAE3, STM32MP131CAF3, STM32MP131CAG3, STM32MP131DAE7, STM32MP131DAF7, STM32MP131DAG7, STM32MP131FAE7, STM32MP131FAF7, STM32MP131FAG7, STM32MP133AAE3, STM32MP133AAF3, STM32MP133AAG3, STM32MP133CAE3, STM32MP133CAF3, STM32MP133CAG3, STM32MP133DAE7, STM32MP133DAF7, STM32MP133DAG7, STM32MP133FAE7, STM32MP133FAF7, STM32MP133FAG7, STM32MP135AAE3, STM32MP135AAF3, STM32MP135AAG3, STM32MP135CAE3, STM32MP135CAF3, STM32MP135CAG3, STM32MP135DAE7, STM32MP135DAF7, STM32MP135DAG7, STM32MP135F-DK, STM32MP135FAE7, STM32MP135FAF7, STM32MP135FAF7T, STM32MP135FAF7U, STM32MP135FAG7, STM32U535CBT6, STM32U535CBT6Q, STM32U535CBU6, STM32U535CBU6Q, STM32U535CCT6, STM32U535CCT6Q, STM32U535CCU6, STM32U535CCU6Q, STM32U535CET6, STM32U535CET6Q, STM32U535CEU6, STM32U535CEU6Q, STM32U535JEY6QTR, STM32U535NCY6QTR, STM32U535NEY6QTR, STM32U535RBI6, STM32U535RBI6Q, STM32U535RBT6, STM32U535RBT6Q, STM32U535RCI6, STM32U535RCI6Q, STM32U535RCT6, STM32U535RCT6Q, STM32U535REI6, STM32U535REI6Q, STM32U535RET6, STM32U535RET6Q, STM32U535VCI6, STM32U535VCI6Q, STM32U535VCT6, STM32U535VCT6Q, STM32U535VEI6, STM32U535VEI6Q, STM32U535VET6, STM32U535VET6Q, STM32U545CET6, STM32U545CET6Q, STM32U545CEU6, STM32U545CEU6Q, STM32U545JEY6QTR, STM32U545NEY6QTR, STM32U545REI6, STM32U545REI6Q, STM32U545RET6, STM32U545RET6Q, STM32U545VEI6, STM32U545VEI6Q, STM32U545VET6, STM32U545VET6Q, STM32U595AIH6, STM32U595AIH6Q, STM32U595AJH6, STM32U595AJH6Q, STM32U595QII6, STM32U595QII6Q, STM32U595QJI6, STM32U595QJI6Q, STM32U595RIT6, STM32U595RIT6Q, STM32U595RJT6, STM32U595RJT6Q, STM32U595VIT6, STM32U595VIT6Q, STM32U595VJT6, STM32U595VJT6Q, STM32U595ZIT6, STM32U595ZIT6Q, STM32U595ZIY6QTR, STM32U595ZJT6, STM32U595ZJT6Q, STM32U595ZJY6QTR, STM32U599BJY6QTR, STM32U599NIH6Q, STM32U599NJH6Q, STM32U599VIT6Q, STM32U599VJT6, STM32U599VJT6Q, STM32U599ZIT6Q, STM32U599ZIY6QTR, STM32U599ZJT6Q, STM32U599ZJY6QTR, STM32U5A5AJH6, STM32U5A5AJH6Q, STM32U5A5QJI6, STM32U5A5QJI6Q, STM32U5A5RJT6, STM32U5A5RJT6Q, STM32U5A5VJT6, STM32U5A5VJT6Q, STM32U5A5ZJT6, STM32U5A5ZJT6Q, STM32U5A5ZJY6QTR, STM32U5A9BJY6QTR, STM32U5A9J-DK, STM32U5A9NJH6Q, STM32U5A9VJT6Q, STM32U5A9ZJT6Q, STM32U5A9ZJY6QTR, STM32U5F7VIT6, STM32U5F7VIT6Q, STM32U5F7VJT6, STM32U5F7VJT6Q, STM32U5F9BJY6QTR, STM32U5F9NJH6Q, STM32U5F9VIT6Q, STM32U5F9VJT6Q, STM32U5F9ZIJ6QTR, STM32U5F9ZIT6Q, STM32U5F9ZJJ6QTR, STM32U5F9ZJT6Q, STM32U5G7VJT6, STM32U5G7VJT6Q, STM32U5G9BJY6QTR, STM32U5G9J-DK1, STM32U5G9J-DK2, STM32U5G9NJH6Q, STM32U5G9VJT6Q, STM32U5G9ZJJ6QTR, STM32U5G9ZJT6Q, STM32WB1MMCH6, STM32WBA52CEU6, STM32WBA52CEU6T, STM32WBA52CGU6, STM32WBA52CGU6T, STM32WBA52KEU6, STM32WBA52KEU6T, STM32WBA52KGU6, STM32WBA52KGU6T, STM32WL5MOCH6, STM32WL5MOCH6TR]
2024-02-09 21:55:07,297 [INFO] DbMcus:217 - Found 3882 MCUs, 3882 are supported
2024-02-09 21:55:07,299 [INFO] ApiDb:423 - Load user favorites file C:\Users\Minh/.stm32cubeide/favorites.mcus.txt: 0 item(s)
2024-02-09 21:55:07,299 [INFO] ApiDb:427 - User favorites MCUs=[]
2024-02-09 21:55:07,299 [INFO] DbMcus:223 - Set 0 / 0 favorites MCUs
2024-02-09 21:55:08,526 [WARN] ThirdParty:833 - waiting for thirdparty lock release [change project]
2024-02-09 21:55:08,526 [INFO] ThirdParty:835 - entering critical section [change project]
2024-02-09 21:55:08,527 [INFO] ThirdParty:1030 - CMSIS Pack Vendor :STMicroelectronics X-CUBE-ISPU 1.1.0
2024-02-09 21:55:08,527 [INFO] ThirdParty:1030 - CMSIS Pack Vendor :STMicroelectronics USBPD 4.1
2024-02-09 21:55:08,527 [INFO] ThirdParty:1030 - CMSIS Pack Vendor :RoweBots I-CUBE-UNISONRTOS 5.5.0-4
2024-02-09 21:55:08,527 [INFO] ThirdParty:1030 - CMSIS Pack Vendor :STMicroelectronics X-CUBE-GNSS1 6.0.0
2024-02-09 21:55:08,527 [INFO] ThirdParty:1030 - CMSIS Pack Vendor :STMicroelectronics USB_HOST 2.0.0
2024-02-09 21:55:08,528 [INFO] ThirdParty:1030 - CMSIS Pack Vendor :STMicroelectronics X-CUBE-AZRTOS-F4 1.1.0
2024-02-09 21:55:08,528 [INFO] ThirdParty:1030 - CMSIS Pack Vendor :STMicroelectronics LIBJPEG 8.0.0
2024-02-09 21:55:08,528 [INFO] ThirdParty:1030 - CMSIS Pack Vendor :STMicroelectronics X-CUBE-SMBUS 2.1.0
2024-02-09 21:55:08,528 [INFO] ThirdParty:1030 - CMSIS Pack Vendor :STMicroelectronics USB_DEVICE 3.0.0
2024-02-09 21:55:08,528 [INFO] ThirdParty:1030 - CMSIS Pack Vendor :STMicroelectronics X-CUBE-AI 8.0.0
2024-02-09 21:55:08,528 [INFO] ThirdParty:1030 - CMSIS Pack Vendor :STMicroelectronics X-CUBE-AZRTOS-WB 2.0.0
2024-02-09 21:55:08,528 [INFO] ThirdParty:1030 - CMSIS Pack Vendor :STMicroelectronics X-CUBE-FREERTOS 1.0.0
2024-02-09 21:55:08,529 [INFO] ThirdParty:1030 - CMSIS Pack Vendor :STMicroelectronics X-CUBE-FREERTOS 1.0.1
2024-02-09 21:55:08,529 [INFO] ThirdParty:1030 - CMSIS Pack Vendor :STMicroelectronics X-CUBE-TOUCHGFX 4.21.1
2024-02-09 21:55:08,529 [INFO] ThirdParty:1030 - CMSIS Pack Vendor :STMicroelectronics X-CUBE-TOUCHGFX 4.21.3
2024-02-09 21:55:08,529 [INFO] ThirdParty:1030 - CMSIS Pack Vendor :STMicroelectronics X-CUBE-TOUCHGFX 4.23.0
2024-02-09 21:55:08,529 [INFO] ThirdParty:1030 - CMSIS Pack Vendor :STMicroelectronics X-CUBE-AZRTOS-F7 1.1.0
2024-02-09 21:55:08,529 [INFO] ThirdParty:1030 - CMSIS Pack Vendor :STMicroelectronics X-CUBE-TOUCHGFX 4.21.4
2024-02-09 21:55:08,529 [INFO] ThirdParty:1030 - CMSIS Pack Vendor :STMicroelectronics X-CUBE-AZRTOS-L5 2.0.0
2024-02-09 21:55:08,529 [INFO] ThirdParty:1030 - CMSIS Pack Vendor :STMicroelectronics USB_DEVICE 2.0.0
2024-02-09 21:55:08,529 [INFO] ThirdParty:1030 - CMSIS Pack Vendor :STMicroelectronics X-CUBE-MEMS1 9.6.0
2024-02-09 21:55:08,530 [INFO] ThirdParty:1030 - CMSIS Pack Vendor :STMicroelectronics X-CUBE-EEPRMA1 4.2.0
2024-02-09 21:55:08,530 [INFO] ThirdParty:1030 - CMSIS Pack Vendor :ITTIA_DB I-CUBE-ITTIADB 8.8.0
2024-02-09 21:55:08,530 [INFO] ThirdParty:1030 - CMSIS Pack Vendor :STMicroelectronics FP-SNS-MOTENV1 4.3.0
2024-02-09 21:55:08,530 [INFO] ThirdParty:1030 - CMSIS Pack Vendor :STMicroelectronics FP-SNS-MOTENV1 4.3.2
2024-02-09 21:55:08,530 [INFO] ThirdParty:1030 - CMSIS Pack Vendor :STMicroelectronics FP-SNS-FLIGHT1 5.0.0
2024-02-09 21:55:08,530 [INFO] ThirdParty:1030 - CMSIS Pack Vendor :STMicroelectronics FP-SNS-MOTENV1 4.3.1
2024-02-09 21:55:08,530 [INFO] ThirdParty:1030 - CMSIS Pack Vendor :STMicroelectronics FP-SNS-FLIGHT1 5.0.1
2024-02-09 21:55:08,530 [INFO] ThirdParty:1030 - CMSIS Pack Vendor :STMicroelectronics X-CUBE-ALGOBUILD 1.3.0
2024-02-09 21:55:08,531 [INFO] ThirdParty:1030 - CMSIS Pack Vendor :STMicroelectronics X-CUBE-BLE1 6.2.4
2024-02-09 21:55:08,531 [INFO] ThirdParty:1030 - CMSIS Pack Vendor :STMicroelectronics X-CUBE-AZRTOS-L5 1.1.0
2024-02-09 21:55:08,531 [INFO] ThirdParty:1030 - CMSIS Pack Vendor :STMicroelectronics FreeRTOS 0.0.1
2024-02-09 21:55:08,531 [INFO] ThirdParty:1030 - CMSIS Pack Vendor :STMicroelectronics X-CUBE-AZRTOS-G0 1.1.0
2024-02-09 21:55:08,531 [INFO] ThirdParty:1030 - CMSIS Pack Vendor :emotas I-CUBE-CANOPEN 1.1.3
2024-02-09 21:55:08,531 [INFO] ThirdParty:1030 - CMSIS Pack Vendor :STMicroelectronics X-CUBE-BLEMGR 2.0.0
2024-02-09 21:55:08,531 [INFO] ThirdParty:1030 - CMSIS Pack Vendor :STMicroelectronics X-CUBE-AI 8.0.1
2024-02-09 21:55:08,531 [INFO] ThirdParty:1030 - CMSIS Pack Vendor :STMicroelectronics X-CUBE-NFC4 3.0.0
2024-02-09 21:55:08,531 [INFO] ThirdParty:1030 - CMSIS Pack Vendor :STMicroelectronics X-CUBE-SUBG2 5.0.0
2024-02-09 21:55:08,532 [INFO] ThirdParty:1030 - CMSIS Pack Vendor :STMicroelectronics STM32_WPAN 1.0.0
2024-02-09 21:55:08,532 [INFO] ThirdParty:1030 - CMSIS Pack Vendor :STMicroelectronics lwIP 2.0.3
2024-02-09 21:55:08,532 [INFO] ThirdParty:1030 - CMSIS Pack Vendor :STMicroelectronics FP-SNS-FLIGHT1 5.0.2
2024-02-09 21:55:08,532 [INFO] ThirdParty:1030 - CMSIS Pack Vendor :STMicroelectronics USB_HOST 1.0.0
2024-02-09 21:55:08,532 [INFO] ThirdParty:1030 - CMSIS Pack Vendor :STMicroelectronics X-CUBE-TOF1 3.3.1
2024-02-09 21:55:08,532 [INFO] ThirdParty:1030 - CMSIS Pack Vendor :STMicroelectronics X-CUBE-AZRTOS-G4 2.0.0
2024-02-09 21:55:08,532 [INFO] ThirdParty:1030 - CMSIS Pack Vendor :STMicroelectronics PDM2PCM 3.1.0
2024-02-09 21:55:08,532 [INFO] ThirdParty:1030 - CMSIS Pack Vendor :STMicroelectronics X-CUBE-AZRTOS-H7 3.1.0
2024-02-09 21:55:08,533 [INFO] ThirdParty:1030 - CMSIS Pack Vendor :STMicroelectronics X-CUBE-TOF1 3.3.0
2024-02-09 21:55:08,533 [INFO] ThirdParty:1030 - CMSIS Pack Vendor :STMicroelectronics FP-ATR-ASTRA1 1.1.1
2024-02-09 21:55:08,533 [INFO] ThirdParty:1030 - CMSIS Pack Vendor :Infineon AIROC-Wi-Fi-Bluetooth-STM32 1.5.1
2024-02-09 21:55:08,533 [INFO] ThirdParty:1030 - CMSIS Pack Vendor :STMicroelectronics X-CUBE-BLEMGR 3.0.0
2024-02-09 21:55:08,533 [INFO] ThirdParty:1030 - CMSIS Pack Vendor :STMicroelectronics PDM2PCM 3.3.0
2024-02-09 21:55:08,533 [INFO] ThirdParty:1030 - CMSIS Pack Vendor :STMicroelectronics X-CUBE-DISPLAY 3.0.0
2024-02-09 21:55:08,533 [INFO] ThirdParty:1030 - CMSIS Pack Vendor :STMicroelectronics FP-SNS-MOTENVWB1 1.3.0
2024-02-09 21:55:08,533 [INFO] ThirdParty:1030 - CMSIS Pack Vendor :STMicroelectronics FP-SNS-MOTENVWB1 1.3.1
2024-02-09 21:55:08,534 [INFO] ThirdParty:1030 - CMSIS Pack Vendor :STMicroelectronics X-CUBE-BLE1 7.0.0
2024-02-09 21:55:08,534 [INFO] ThirdParty:1030 - CMSIS Pack Vendor :STMicroelectronics FP-ATR-SIGFOX1 3.2.0
2024-02-09 21:55:08,534 [INFO] ThirdParty:1030 - CMSIS Pack Vendor :STMicroelectronics X-CUBE-AZRTOS-G4 1.0.0
2024-02-09 21:55:08,534 [INFO] ThirdParty:1030 - CMSIS Pack Vendor :wolfSSL I-CUBE-wolfSSL 5.5.4
2024-02-09 21:55:08,534 [INFO] ThirdParty:1030 - CMSIS Pack Vendor :STMicroelectronics X-CUBE-AZRTOS-L4 1.0.0
2024-02-09 21:55:08,534 [INFO] ThirdParty:1030 - CMSIS Pack Vendor :STMicroelectronics X-CUBE-ISPU 2.0.0
2024-02-09 21:55:08,534 [INFO] ThirdParty:1030 - CMSIS Pack Vendor :STMicroelectronics X-CUBE-EEPRMA1 5.1.0
2024-02-09 21:55:08,534 [INFO] ThirdParty:1030 - CMSIS Pack Vendor :STMicroelectronics HAL Drivers 0.0.0
2024-02-09 21:55:08,534 [INFO] ThirdParty:1030 - CMSIS Pack Vendor :STMicroelectronics MBEDTLS 2.16.2
2024-02-09 21:55:08,535 [INFO] ThirdParty:1030 - CMSIS Pack Vendor :STMicroelectronics X-CUBE-MEMS1 10.0.0
2024-02-09 21:55:08,535 [INFO] ThirdParty:1030 - CMSIS Pack Vendor :STMicroelectronics X-CUBE-FREERTOS 1.1.0
2024-02-09 21:55:08,535 [INFO] ThirdParty:1030 - CMSIS Pack Vendor :STMicroelectronics X-CUBE-TOUCHGFX 4.22.0
2024-02-09 21:55:08,535 [INFO] ThirdParty:1030 - CMSIS Pack Vendor :STMicroelectronics X-CUBE-NFC7 1.0.1
2024-02-09 21:55:08,535 [INFO] ThirdParty:1030 - CMSIS Pack Vendor :STMicroelectronics MBEDTLS 2.14.1
2024-02-09 21:55:08,535 [INFO] ThirdParty:1030 - CMSIS Pack Vendor :STMicroelectronics X-CUBE-NFC7 1.0.0
2024-02-09 21:55:08,535 [INFO] ThirdParty:1030 - CMSIS Pack Vendor :STMicroelectronics X-CUBE-TOUCHGFX 4.22.1
2024-02-09 21:55:08,535 [INFO] ThirdParty:1030 - CMSIS Pack Vendor :STMicroelectronics X-CUBE-AZRTOS-WL 1.0.0
2024-02-09 21:55:08,536 [INFO] ThirdParty:1030 - CMSIS Pack Vendor :STMicroelectronics X-CUBE-NFC6 3.0.0
2024-02-09 21:55:08,536 [INFO] ThirdParty:1030 - CMSIS Pack Vendor :STMicroelectronics X-CUBE-EEPRMA1 4.1.0
2024-02-09 21:55:08,536 [INFO] ThirdParty:1030 - CMSIS Pack Vendor :portGmbH I-Cube-SoM-uGOAL 1.1.0
2024-02-09 21:55:08,536 [INFO] ThirdParty:1030 - CMSIS Pack Vendor :STMicroelectronics X-CUBE-ALS 1.0.1
2024-02-09 21:55:08,536 [INFO] ThirdParty:1030 - CMSIS Pack Vendor :STMicroelectronics X-CUBE-MEMS1 9.5.0
2024-02-09 21:55:08,536 [INFO] ThirdParty:1030 - CMSIS Pack Vendor :STMicroelectronics ThreadX 1.0.0
2024-02-09 21:55:08,536 [INFO] ThirdParty:1030 - CMSIS Pack Vendor :STMicroelectronics FP-SNS-SMARTAG2 1.2.0
2024-02-09 21:55:08,536 [INFO] ThirdParty:1030 - CMSIS Pack Vendor :STMicroelectronics X-CUBE-AZRTOS-WB 1.1.0
2024-02-09 21:55:08,536 [INFO] ThirdParty:1030 - CMSIS Pack Vendor :STMicroelectronics X-CUBE-AZRTOS-WL 2.0.0
2024-02-09 21:55:08,537 [INFO] ThirdParty:1030 - CMSIS Pack Vendor :SEGGER I-CUBE-embOS 1.3.1
2024-02-09 21:55:08,537 [INFO] ThirdParty:1030 - CMSIS Pack Vendor :STMicroelectronics USB_DEVICE 1.0.0
2024-02-09 21:55:08,537 [INFO] ThirdParty:1030 - CMSIS Pack Vendor :STMicroelectronics X-CUBE-AI 8.1.0
2024-02-09 21:55:08,537 [INFO] ThirdParty:1030 - CMSIS Pack Vendor :STMicroelectronics X-CUBE-AZRTOS-L4 2.0.0
2024-02-09 21:55:08,537 [INFO] ThirdParty:1030 - CMSIS Pack Vendor :STMicroelectronics ThreadX 0.0.2
2024-02-09 21:55:08,537 [INFO] ThirdParty:1030 - CMSIS Pack Vendor :WES I-CUBE-Cesium 1.3.0
2024-02-09 21:55:08,537 [INFO] ThirdParty:1030 - CMSIS Pack Vendor :STMicroelectronics FP-ATR-ASTRA1 2.0.0
2024-02-09 21:55:08,537 [INFO] ThirdParty:1030 - CMSIS Pack Vendor :STMicroelectronics lwIP 2.1.2
2024-02-09 21:55:08,537 [INFO] ThirdParty:1030 - CMSIS Pack Vendor :STMicroelectronics X-CUBE-SFXS2LP1 4.0.0
2024-02-09 21:55:08,538 [INFO] ThirdParty:1030 - CMSIS Pack Vendor :STMicroelectronics X-CUBE-BLE2 3.3.0
2024-02-09 21:55:08,538 [INFO] ThirdParty:1030 - CMSIS Pack Vendor :STMicroelectronics X-CUBE-TOF1 3.4.0
2024-02-09 21:55:08,538 [INFO] ThirdParty:1030 - CMSIS Pack Vendor :STMicroelectronics X-CUBE-TOF1 3.2.0
2024-02-09 21:55:08,538 [INFO] ThirdParty:1030 - CMSIS Pack Vendor :STMicroelectronics X-CUBE-AZRTOS-H7 3.2.0
2024-02-09 21:55:08,538 [INFO] ThirdParty:1030 - CMSIS Pack Vendor :STMicroelectronics PDM2PCM 3.2.0
2024-02-09 21:55:08,538 [INFO] ThirdParty:1030 - CMSIS Pack Vendor :STMicroelectronics X-CUBE-AZRTOS-H7 3.0.0
2024-02-09 21:55:08,538 [INFO] ThirdParty:841 - exiting critical section [change project]
2024-02-09 21:55:09,708 [INFO] PinOutPanel:1499 - setPackage(No Configuration,No Configuration)
2024-02-09 21:55:09,711 [INFO] PinOutPanel:1499 - setPackage(STM32F407VGTx,LQFP100)
2024-02-09 21:55:10,804 [INFO] UtilMem:75 - Before build in PCC Used Memory: 817959184 Bytes (1073741824)
2024-02-09 21:55:12,957 [INFO] UtilMem:75 - After build in PCC Used Memory: 899350352 Bytes (1073741824)
2024-02-09 21:55:13,110 [INFO] IPUIPlugin:80 - create IPUIPlugin
2024-02-09 21:55:13,111 [INFO] IPUIPlugin:80 - create IPUIPlugin
2024-02-09 21:55:13,111 [INFO] IPUIPlugin:80 - create IPUIPlugin
2024-02-09 21:55:13,111 [INFO] IPUIPlugin:80 - create IPUIPlugin
2024-02-09 21:55:13,111 [INFO] IPUIPlugin:80 - create IPUIPlugin
2024-02-09 21:55:13,111 [INFO] IPUIPlugin:80 - create IPUIPlugin
2024-02-09 21:55:13,112 [INFO] IPUIPlugin:80 - create IPUIPlugin
2024-02-09 21:55:13,112 [INFO] IPUIPlugin:80 - create IPUIPlugin
2024-02-09 21:55:13,112 [INFO] IPUIPlugin:80 - create IPUIPlugin
2024-02-09 21:55:13,113 [INFO] IPUIPlugin:80 - create IPUIPlugin
2024-02-09 21:55:13,113 [INFO] IPUIPlugin:80 - create IPUIPlugin
2024-02-09 21:55:13,113 [INFO] IPUIPlugin:80 - create IPUIPlugin
2024-02-09 21:55:13,114 [INFO] IPUIPlugin:80 - create IPUIPlugin
2024-02-09 21:55:13,114 [INFO] IPUIPlugin:80 - create IPUIPlugin
2024-02-09 21:55:13,114 [INFO] IPUIPlugin:80 - create IPUIPlugin
2024-02-09 21:55:13,114 [INFO] IPUIPlugin:80 - create IPUIPlugin
2024-02-09 21:55:13,115 [INFO] IPUIPlugin:80 - create IPUIPlugin
2024-02-09 21:55:13,115 [INFO] IPUIPlugin:80 - create IPUIPlugin
2024-02-09 21:55:13,115 [INFO] IPUIPlugin:80 - create IPUIPlugin
2024-02-09 21:55:13,116 [INFO] IPUIPlugin:80 - create IPUIPlugin
2024-02-09 21:55:13,116 [INFO] IPUIPlugin:80 - create IPUIPlugin
2024-02-09 21:55:13,117 [INFO] IPUIPlugin:80 - create IPUIPlugin
2024-02-09 21:55:13,117 [INFO] IPUIPlugin:80 - create IPUIPlugin
2024-02-09 21:55:13,118 [INFO] IPUIPlugin:80 - create IPUIPlugin
2024-02-09 21:55:13,118 [INFO] IPUIPlugin:80 - create IPUIPlugin
2024-02-09 21:55:13,119 [INFO] IPUIPlugin:80 - create IPUIPlugin
2024-02-09 21:55:13,120 [INFO] IPUIPlugin:80 - create IPUIPlugin
2024-02-09 21:55:13,120 [INFO] IPUIPlugin:80 - create IPUIPlugin
2024-02-09 21:55:13,121 [INFO] IPUIPlugin:80 - create IPUIPlugin
2024-02-09 21:55:13,121 [INFO] IPUIPlugin:80 - create IPUIPlugin
2024-02-09 21:55:13,122 [INFO] IPUIPlugin:80 - create IPUIPlugin
2024-02-09 21:55:13,122 [INFO] IPUIPlugin:80 - create IPUIPlugin
2024-02-09 21:55:13,123 [INFO] IPUIPlugin:80 - create IPUIPlugin
2024-02-09 21:55:13,124 [INFO] IPUIPlugin:80 - create IPUIPlugin
2024-02-09 21:55:13,124 [INFO] IPUIPlugin:80 - create IPUIPlugin
2024-02-09 21:55:13,125 [INFO] IPUIPlugin:80 - create IPUIPlugin
2024-02-09 21:55:13,126 [INFO] IPUIPlugin:80 - create IPUIPlugin
2024-02-09 21:55:13,126 [INFO] IPUIPlugin:80 - create IPUIPlugin
2024-02-09 21:55:13,127 [INFO] IPUIPlugin:80 - create IPUIPlugin
2024-02-09 21:55:13,128 [INFO] IPUIPlugin:80 - create IPUIPlugin
2024-02-09 21:55:13,129 [INFO] IPUIPlugin:80 - create IPUIPlugin
2024-02-09 21:55:13,129 [INFO] IPUIPlugin:80 - create IPUIPlugin
2024-02-09 21:55:13,130 [INFO] IPUIPlugin:80 - create IPUIPlugin
2024-02-09 21:55:13,131 [INFO] IPUIPlugin:80 - create IPUIPlugin
2024-02-09 21:55:13,131 [INFO] IPUIPlugin:80 - create IPUIPlugin
2024-02-09 21:55:13,132 [INFO] IPUIPlugin:80 - create IPUIPlugin
2024-02-09 21:55:13,133 [INFO] IPUIPlugin:80 - create IPUIPlugin
2024-02-09 21:55:13,134 [INFO] IPUIPlugin:80 - create IPUIPlugin
2024-02-09 21:55:13,135 [INFO] IPUIPlugin:80 - create IPUIPlugin
2024-02-09 21:55:13,136 [INFO] IPUIPlugin:80 - create IPUIPlugin
2024-02-09 21:55:13,137 [INFO] IPUIPlugin:80 - create IPUIPlugin
2024-02-09 21:55:13,138 [INFO] IPUIPlugin:80 - create IPUIPlugin
2024-02-09 21:55:13,139 [INFO] IPUIPlugin:80 - create IPUIPlugin
2024-02-09 21:55:13,140 [INFO] IPUIPlugin:80 - create IPUIPlugin
2024-02-09 21:55:13,141 [INFO] IPUIPlugin:80 - create IPUIPlugin
2024-02-09 21:55:13,142 [INFO] IPUIPlugin:80 - create IPUIPlugin
2024-02-09 21:55:13,144 [INFO] IPUIPlugin:80 - create IPUIPlugin
2024-02-09 21:55:13,145 [INFO] IPUIPlugin:80 - create IPUIPlugin
2024-02-09 21:55:13,338 [INFO] ApiDbMcu:507 - Load IP Config File for PDM2PCM
2024-02-09 21:55:13,739 [INFO] CADModel:165 - CPN selected for project levelSTM32F407VGT6
2024-02-09 21:55:13,739 [INFO] CADModel:114 - Register for checkConnection events
2024-02-09 21:55:13,782 [INFO] OpenFileManager:328 - Restore cursor
2024-02-09 22:15:38,926 [ERROR] LogOutputStream:75 - [STDERR_REDIRECT] 
