2024-11-23 21:10:06,955 [INFO] Activator:176 - 


2024-11-23 21:10:06,966 [INFO] Activator:177 - !SESSION log4j initialized
2024-11-23 21:10:20,045 [INFO] LogOutputStream:77 - [STDOUT_REDIRECT] 
2024-11-23 21:10:31,713 [INFO] ApplicationProperties:184 - Using Application install path: C:\ST\STM32CubeIDE_1.4.0\STM32CubeIDE\plugins\com.st.stm32cube.common.mx_6.9.1.202307191849
2024-11-23 21:10:31,744 [INFO] DbMcusXml:78 - Set database path to: C:\ST\STM32CubeIDE_1.4.0\STM32CubeIDE\plugins\com.st.stm32cube.common.mx_6.9.1.202307191849\\db\/mcu/
2024-11-23 21:10:31,744 [INFO] ApiDb:274 - Set plugin database path to: C:\ST\STM32CubeIDE_1.4.0\STM32CubeIDE\plugins\com.st.stm32cube.common.mx_6.9.1.202307191849\\db\/plugins/boardmanager/
2024-11-23 21:10:31,745 [WARN] ApiDb:259 - Overriding images path with different value:  => C:\ST\STM32CubeIDE_1.4.0\STM32CubeIDE\plugins\com.st.stm32cube.common.mx_6.9.1.202307191849\\db\/plugins/mcufinder/images/
2024-11-23 21:10:31,768 [INFO] ApiDb:250 - Set database path to: C:\Users\Minh\.stmcufinder\plugins\mcufinder//mcu/
2024-11-23 21:10:31,770 [INFO] DbMcusAds:125 - Set database path to: C:\Users\Minh\.stmcufinder\plugins\mcufinder//mcu/
2024-11-23 21:10:31,791 [INFO] CrossReferenceDbSqlite:203 - Set database path to: C:\Users\Minh\.stmcufinder\plugins\mcufinder//mcu/cs/
2024-11-23 21:10:32,028 [INFO] RulesReader:64 - Compatibility file has been processed (293 Rules)
2024-11-23 21:10:32,189 [INFO] DbMcusXml:78 - Set database path to: C:\ST\STM32CubeIDE_1.4.0\STM32CubeIDE\plugins\com.st.stm32cube.common.mx_6.9.1.202307191849\\db\/mcu/
2024-11-23 21:10:32,189 [INFO] ApiDb:274 - Set plugin database path to: C:\ST\STM32CubeIDE_1.4.0\STM32CubeIDE\plugins\com.st.stm32cube.common.mx_6.9.1.202307191849\\db\/plugins/boardmanager/
2024-11-23 21:10:32,189 [INFO] ApiDb:261 - Set plugin images path to: C:\ST\STM32CubeIDE_1.4.0\STM32CubeIDE\plugins\com.st.stm32cube.common.mx_6.9.1.202307191849\\db\/plugins/mcufinder/images/
2024-11-23 21:10:32,190 [WARN] DbFile:41 - Overriding database path with different value: C:\Users\Minh\.stmcufinder\plugins\mcufinder/ => C:\Users\Minh\.stmcufinder\plugins\mcufinder
2024-11-23 21:10:32,190 [INFO] ApiDb:250 - Set database path to: C:\Users\Minh\.stmcufinder\plugins\mcufinder//mcu/
2024-11-23 21:10:32,190 [WARN] DbFile:41 - Overriding database path with different value: C:\Users\Minh\.stmcufinder\plugins\mcufinder/ => C:\Users\Minh\.stmcufinder\plugins\mcufinder
2024-11-23 21:10:32,190 [INFO] DbMcusAds:125 - Set database path to: C:\Users\Minh\.stmcufinder\plugins\mcufinder//mcu/
2024-11-23 21:10:32,190 [WARN] DbFile:41 - Overriding database path with different value: C:\Users\Minh\.stmcufinder\plugins\mcufinder/ => C:\Users\Minh\.stmcufinder\plugins\mcufinder
2024-11-23 21:10:32,191 [WARN] DbFile:41 - Overriding database path with different value: C:\Users\Minh\.stmcufinder\plugins\mcufinder/ => C:\Users\Minh\.stmcufinder\plugins\mcufinder
2024-11-23 21:10:32,191 [INFO] CrossReferenceDbSqlite:203 - Set database path to: C:\Users\Minh\.stmcufinder\plugins\mcufinder//mcu/cs/
2024-11-23 21:10:32,358 [INFO] MainPanel:262 - HeapMemory: 268435456
2024-11-23 21:10:32,536 [INFO] DbMcusXml:78 - Set database path to: C:\ST\STM32CubeIDE_1.4.0\STM32CubeIDE\plugins\com.st.stm32cube.common.mx_6.9.1.202307191849\\db\/mcu/
2024-11-23 21:10:32,536 [INFO] ApiDb:274 - Set plugin database path to: C:\ST\STM32CubeIDE_1.4.0\STM32CubeIDE\plugins\com.st.stm32cube.common.mx_6.9.1.202307191849\\db\/plugins/boardmanager/
2024-11-23 21:10:32,537 [INFO] ApiDb:261 - Set plugin images path to: C:\ST\STM32CubeIDE_1.4.0\STM32CubeIDE\plugins\com.st.stm32cube.common.mx_6.9.1.202307191849\\db\/plugins/mcufinder/images/
2024-11-23 21:10:32,538 [WARN] DbFile:41 - Overriding database path with different value: C:\Users\Minh\.stmcufinder\plugins\mcufinder/ => C:\Users\Minh\.stmcufinder\plugins\mcufinder
2024-11-23 21:10:32,538 [INFO] ApiDb:250 - Set database path to: C:\Users\Minh\.stmcufinder\plugins\mcufinder//mcu/
2024-11-23 21:10:32,538 [WARN] DbFile:41 - Overriding database path with different value: C:\Users\Minh\.stmcufinder\plugins\mcufinder/ => C:\Users\Minh\.stmcufinder\plugins\mcufinder
2024-11-23 21:10:32,539 [INFO] DbMcusAds:125 - Set database path to: C:\Users\Minh\.stmcufinder\plugins\mcufinder//mcu/
2024-11-23 21:10:32,539 [WARN] DbFile:41 - Overriding database path with different value: C:\Users\Minh\.stmcufinder\plugins\mcufinder/ => C:\Users\Minh\.stmcufinder\plugins\mcufinder
2024-11-23 21:10:32,539 [WARN] DbFile:41 - Overriding database path with different value: C:\Users\Minh\.stmcufinder\plugins\mcufinder/ => C:\Users\Minh\.stmcufinder\plugins\mcufinder
2024-11-23 21:10:32,539 [INFO] CrossReferenceDbSqlite:203 - Set database path to: C:\Users\Minh\.stmcufinder\plugins\mcufinder//mcu/cs/
2024-11-23 21:10:32,577 [INFO] ApplicationProperties:184 - Using Application install path: C:\ST\STM32CubeIDE_1.4.0\STM32CubeIDE\plugins\com.st.stm32cube.common.mx_6.9.1.202307191849
2024-11-23 21:10:32,580 [INFO] PluginManage:196 - Search for loadable plugins [exclusion list=, ]
2024-11-23 21:10:32,583 [INFO] PluginManage:310 - Check plugin analytics
2024-11-23 21:10:37,523 [INFO] AnalyticsPlugin:253 - Accepted Software Licenses: STM32CubeMX.6.0.0,STM32CubeMX.5.2.0
2024-11-23 21:10:37,523 [INFO] AnalyticsPlugin:255 - Accepted CMSIS Pack Licenses: 
2024-11-23 21:10:37,524 [INFO] AnalyticsPlugin:257 - Accepted Firmware Licenses: 
2024-11-23 21:10:37,529 [INFO] PluginManage:359 - Loaded plugin analytics (category:tool,tabindex:-1)
2024-11-23 21:10:37,529 [INFO] PluginManage:310 - Check plugin cadmodel
2024-11-23 21:10:37,562 [INFO] CADModel:105 - Init CAD model plugin
2024-11-23 21:10:37,563 [INFO] PluginManage:359 - Loaded plugin cadmodel (category:power,tabindex:5)
2024-11-23 21:10:37,563 [INFO] PluginManage:310 - Check plugin clock
2024-11-23 21:10:37,606 [INFO] PluginManage:359 - Loaded plugin clock (category:base,tabindex:2)
2024-11-23 21:10:37,606 [INFO] PluginManage:310 - Check plugin ddr
2024-11-23 21:10:37,611 [INFO] PluginManage:359 - Loaded plugin ddr (category:tool,tabindex:6)
2024-11-23 21:10:37,611 [INFO] PluginManage:310 - Check plugin filemanager
2024-11-23 21:10:37,868 [INFO] PluginManage:359 - Loaded plugin filemanager (category:base,tabindex:10)
2024-11-23 21:10:37,869 [INFO] PluginManage:310 - Check plugin ipmanager
2024-11-23 21:10:37,884 [INFO] PluginManage:359 - Loaded plugin ipmanager (category:base,tabindex:5)
2024-11-23 21:10:37,885 [INFO] PluginManage:310 - Check plugin lpbam
2024-11-23 21:10:37,926 [INFO] PluginManage:359 - Loaded plugin lpbam (category:base,tabindex:0)
2024-11-23 21:10:37,927 [INFO] PluginManage:310 - Check plugin memorymap
2024-11-23 21:10:37,978 [INFO] PluginManage:359 - Loaded plugin memorymap (category:base,tabindex:4)
2024-11-23 21:10:37,978 [INFO] PluginManage:310 - Check plugin pinoutandconfiguration
2024-11-23 21:10:38,020 [INFO] PluginManage:359 - Loaded plugin pinoutandconfiguration (category:base,tabindex:1)
2024-11-23 21:10:38,020 [INFO] PluginManage:310 - Check plugin pinoutconfig
2024-11-23 21:10:38,210 [WARN] SupportedApi:132 - Cannot load RTOS API schema: s4s-elt-must-match.1: The content of 'definitions' must match (annotation?, (simpleType | complexType)?, (unique | key | keyref)*)). A problem was found starting at: attribute.
2024-11-23 21:10:38,447 [INFO] PluginManage:359 - Loaded plugin pinoutconfig (category:base,tabindex:0)
2024-11-23 21:10:38,447 [INFO] PluginManage:310 - Check plugin power
2024-11-23 21:10:38,492 [INFO] PluginManage:359 - Loaded plugin power (category:power,tabindex:4)
2024-11-23 21:10:38,492 [INFO] PluginManage:310 - Check plugin projectmanager
2024-11-23 21:10:38,522 [INFO] PluginManage:359 - Loaded plugin projectmanager (category:projectmanager,tabindex:3)
2024-11-23 21:10:38,522 [INFO] PluginManage:310 - Check plugin thirdparty
2024-11-23 21:10:39,108 [INFO] PluginManage:359 - Loaded plugin thirdparty (category:base,tabindex:-1)
2024-11-23 21:10:39,108 [WARN] IntegrityCheckThread:84 - waiting for thirdparty lock release [integrity check]
2024-11-23 21:10:39,108 [INFO] PluginManage:310 - Check plugin tools
2024-11-23 21:10:39,108 [INFO] IntegrityCheckThread:86 - entering critical section [integrity check]
2024-11-23 21:10:39,109 [INFO] ThirdPartyUpdaterWithRetryManager:70 - Updater plugin not ready yet. [1/15]
2024-11-23 21:10:39,182 [INFO] PluginManage:359 - Loaded plugin tools (category:base,tabindex:7)
2024-11-23 21:10:39,183 [INFO] PluginManage:310 - Check plugin tutovideos
2024-11-23 21:10:39,481 [INFO] PluginManage:359 - Loaded plugin tutovideos (category:base,tabindex:-1)
2024-11-23 21:10:39,481 [INFO] PluginManage:310 - Check plugin updater
2024-11-23 21:10:39,500 [INFO] PluginManage:359 - Loaded plugin updater (category:base,tabindex:12)
2024-11-23 21:10:39,500 [INFO] PluginManage:310 - Check plugin userauth
2024-11-23 21:10:39,508 [INFO] UserAuth:113 - Init User Auth plugin
2024-11-23 21:10:39,509 [INFO] PluginManage:359 - Loaded plugin userauth (category:base,tabindex:14)
2024-11-23 21:10:39,510 [INFO] PluginManage:283 - PluginManage : Loaded plugins [17]
2024-11-23 21:10:39,887 [INFO] PinOutPanel:1499 - setPackage(No Configuration,No Configuration)
2024-11-23 21:10:40,081 [INFO] CADModel:165 - CPN selected for project level
2024-11-23 21:10:40,082 [INFO] CADModel:114 - Register for checkConnection events
2024-11-23 21:10:40,134 [INFO] IPUIPlugin:80 - create IPUIPlugin
2024-11-23 21:10:40,134 [INFO] PluginManager:220 - loadIPPluginJar : add adc
2024-11-23 21:10:40,201 [INFO] IPUIPlugin:80 - create IPUIPlugin
2024-11-23 21:10:40,201 [INFO] PluginManager:220 - loadIPPluginJar : add aes
2024-11-23 21:10:40,280 [INFO] IPUIPlugin:80 - create IPUIPlugin
2024-11-23 21:10:40,280 [INFO] PluginManager:220 - loadIPPluginJar : add can
2024-11-23 21:10:40,338 [INFO] IPUIPlugin:80 - create IPUIPlugin
2024-11-23 21:10:40,338 [INFO] PluginManager:220 - loadIPPluginJar : add comp
2024-11-23 21:10:40,400 [INFO] IPUIPlugin:80 - create IPUIPlugin
2024-11-23 21:10:40,400 [INFO] PluginManager:220 - loadIPPluginJar : add cryp
2024-11-23 21:10:40,454 [INFO] IPUIPlugin:80 - create IPUIPlugin
2024-11-23 21:10:40,455 [INFO] PluginManager:220 - loadIPPluginJar : add dfsdm
2024-11-23 21:10:40,478 [INFO] IPUIPlugin:80 - create IPUIPlugin
2024-11-23 21:10:40,479 [INFO] PluginManager:220 - loadIPPluginJar : add dma
2024-11-23 21:10:40,563 [INFO] IPUIPlugin:80 - create IPUIPlugin
2024-11-23 21:10:40,563 [INFO] PluginManager:220 - loadIPPluginJar : add dma3
2024-11-23 21:10:40,608 [INFO] IPUIPlugin:80 - create IPUIPlugin
2024-11-23 21:10:40,609 [INFO] PluginManager:220 - loadIPPluginJar : add fatfs
2024-11-23 21:10:40,699 [INFO] IPUIPlugin:80 - create IPUIPlugin
2024-11-23 21:10:40,699 [INFO] PluginManager:220 - loadIPPluginJar : add fmc
2024-11-23 21:10:40,722 [INFO] IPUIPlugin:80 - create IPUIPlugin
2024-11-23 21:10:40,723 [INFO] PluginManager:220 - loadIPPluginJar : add freertos
2024-11-23 21:10:40,762 [INFO] IPUIPlugin:80 - create IPUIPlugin
2024-11-23 21:10:40,762 [INFO] PluginManager:220 - loadIPPluginJar : add genericplugin
2024-11-23 21:10:40,933 [INFO] IPUIPlugin:80 - create IPUIPlugin
2024-11-23 21:10:40,933 [INFO] PluginManager:220 - loadIPPluginJar : add gfxmmu
2024-11-23 21:10:41,218 [INFO] IPUIPlugin:80 - create IPUIPlugin
2024-11-23 21:10:41,218 [INFO] PluginManager:220 - loadIPPluginJar : add gic
2024-11-23 21:10:41,240 [INFO] IPUIPlugin:80 - create IPUIPlugin
2024-11-23 21:10:41,240 [INFO] PluginManager:220 - loadIPPluginJar : add gpio
2024-11-23 21:10:41,427 [INFO] IPUIPlugin:80 - create IPUIPlugin
2024-11-23 21:10:41,427 [INFO] PluginManager:220 - loadIPPluginJar : add gtzc
2024-11-23 21:10:41,487 [INFO] IPUIPlugin:80 - create IPUIPlugin
2024-11-23 21:10:41,487 [INFO] PluginManager:220 - loadIPPluginJar : add hash
2024-11-23 21:10:41,591 [INFO] IPUIPlugin:80 - create IPUIPlugin
2024-11-23 21:10:41,591 [INFO] PluginManager:220 - loadIPPluginJar : add i2c
2024-11-23 21:10:41,672 [INFO] IPUIPlugin:80 - create IPUIPlugin
2024-11-23 21:10:41,672 [INFO] PluginManager:220 - loadIPPluginJar : add i2s
2024-11-23 21:10:41,748 [INFO] IPUIPlugin:80 - create IPUIPlugin
2024-11-23 21:10:41,748 [INFO] PluginManager:220 - loadIPPluginJar : add i3c
2024-11-23 21:10:41,946 [INFO] IPUIPlugin:80 - create IPUIPlugin
2024-11-23 21:10:41,946 [INFO] PluginManager:220 - loadIPPluginJar : add ipddr
2024-11-23 21:10:42,111 [INFO] ThirdPartyUpdaterWithRetryManager:70 - Updater plugin not ready yet. [2/15]
2024-11-23 21:10:42,117 [INFO] IPUIPlugin:80 - create IPUIPlugin
2024-11-23 21:10:42,117 [INFO] PluginManager:220 - loadIPPluginJar : add linkedlist
2024-11-23 21:10:42,188 [INFO] IPUIPlugin:80 - create IPUIPlugin
2024-11-23 21:10:42,188 [INFO] PluginManager:220 - loadIPPluginJar : add lorawan
2024-11-23 21:10:42,252 [INFO] IPUIPlugin:80 - create IPUIPlugin
2024-11-23 21:10:42,252 [INFO] PluginManager:220 - loadIPPluginJar : add ltdc
2024-11-23 21:10:42,274 [INFO] IPUIPlugin:80 - create IPUIPlugin
2024-11-23 21:10:42,275 [INFO] PluginManager:220 - loadIPPluginJar : add mdma
2024-11-23 21:10:42,294 [INFO] IPUIPlugin:80 - create IPUIPlugin
2024-11-23 21:10:42,295 [INFO] PluginManager:220 - loadIPPluginJar : add nvic
2024-11-23 21:10:42,361 [INFO] IPUIPlugin:80 - create IPUIPlugin
2024-11-23 21:10:42,362 [INFO] PluginManager:220 - loadIPPluginJar : add opamp
2024-11-23 21:10:42,474 [INFO] IPUIPlugin:80 - create IPUIPlugin
2024-11-23 21:10:42,474 [INFO] PluginManager:220 - loadIPPluginJar : add openamp
2024-11-23 21:10:42,551 [INFO] IPUIPlugin:80 - create IPUIPlugin
2024-11-23 21:10:42,551 [INFO] PluginManager:220 - loadIPPluginJar : add pdm2pcm
2024-11-23 21:10:42,574 [INFO] IPUIPlugin:80 - create IPUIPlugin
2024-11-23 21:10:42,578 [INFO] PluginManager:220 - loadIPPluginJar : add plateformsettings
2024-11-23 21:10:42,616 [INFO] IPUIPlugin:80 - create IPUIPlugin
2024-11-23 21:10:42,616 [INFO] PluginManager:220 - loadIPPluginJar : add quadspi
2024-11-23 21:10:42,636 [INFO] IPUIPlugin:80 - create IPUIPlugin
2024-11-23 21:10:42,636 [INFO] PluginManager:220 - loadIPPluginJar : add resmgrutility
2024-11-23 21:10:42,723 [INFO] IPUIPlugin:80 - create IPUIPlugin
2024-11-23 21:10:42,723 [INFO] PluginManager:220 - loadIPPluginJar : add sai
2024-11-23 21:10:42,801 [INFO] IPUIPlugin:80 - create IPUIPlugin
2024-11-23 21:10:42,801 [INFO] PluginManager:220 - loadIPPluginJar : add spi
2024-11-23 21:10:42,914 [INFO] IPUIPlugin:80 - create IPUIPlugin
2024-11-23 21:10:42,914 [INFO] PluginManager:220 - loadIPPluginJar : add stm32_wpan
2024-11-23 21:10:42,963 [INFO] IPUIPlugin:80 - create IPUIPlugin
2024-11-23 21:10:42,963 [INFO] PluginManager:220 - loadIPPluginJar : add tim
2024-11-23 21:10:43,079 [INFO] IPUIPlugin:80 - create IPUIPlugin
2024-11-23 21:10:43,079 [INFO] PluginManager:220 - loadIPPluginJar : add touchsensing
2024-11-23 21:10:43,116 [INFO] IPUIPlugin:80 - create IPUIPlugin
2024-11-23 21:10:43,117 [INFO] PluginManager:220 - loadIPPluginJar : add tracer_emb
2024-11-23 21:10:43,167 [INFO] IPUIPlugin:80 - create IPUIPlugin
2024-11-23 21:10:43,167 [INFO] PluginManager:220 - loadIPPluginJar : add ts
2024-11-23 21:10:43,206 [INFO] IPUIPlugin:80 - create IPUIPlugin
2024-11-23 21:10:43,207 [INFO] PluginManager:220 - loadIPPluginJar : add tsc
2024-11-23 21:10:43,248 [INFO] IPUIPlugin:80 - create IPUIPlugin
2024-11-23 21:10:43,248 [INFO] PluginManager:220 - loadIPPluginJar : add ucpd
2024-11-23 21:10:43,328 [INFO] IPUIPlugin:80 - create IPUIPlugin
2024-11-23 21:10:43,328 [INFO] PluginManager:220 - loadIPPluginJar : add usart
2024-11-23 21:10:43,405 [INFO] IPUIPlugin:80 - create IPUIPlugin
2024-11-23 21:10:43,405 [INFO] PluginManager:220 - loadIPPluginJar : add usbx
2024-11-23 21:10:43,572 [INFO] CADModel:165 - CPN selected for project level
2024-11-23 21:10:43,573 [INFO] CADModel:114 - Register for checkConnection events
2024-11-23 21:10:43,573 [FATAL] Updater:308 - Updater called before beeing initialized
2024-11-23 21:10:43,573 [ERROR] CADModel:125 - Updater not yet initialized, retry later 
2024-11-23 21:10:43,823 [INFO] CADModel:165 - CPN selected for project level
2024-11-23 21:10:43,823 [INFO] CADModel:114 - Register for checkConnection events
2024-11-23 21:10:43,823 [FATAL] Updater:308 - Updater called before beeing initialized
2024-11-23 21:10:43,823 [ERROR] CADModel:125 - Updater not yet initialized, retry later 
2024-11-23 21:10:43,830 [FATAL] Updater:308 - Updater called before beeing initialized
2024-11-23 21:10:44,018 [FATAL] Updater:308 - Updater called before beeing initialized
2024-11-23 21:10:44,026 [INFO] DbMcusAds:53 - JSON generation date=Fri Sep 20 22:04:38 JST 2024 (1726837478367)
2024-11-23 21:10:44,026 [FATAL] Updater:308 - Updater called before beeing initialized
2024-11-23 21:10:44,176 [WARN] DetailPanel:346 - Failed to get advertising image, set to default
2024-11-23 21:10:44,338 [FATAL] Updater:308 - Updater called before beeing initialized
2024-11-23 21:10:44,340 [FATAL] Updater:308 - Updater called before beeing initialized
2024-11-23 21:10:44,341 [FATAL] Updater:308 - Updater called before beeing initialized
2024-11-23 21:10:44,341 [WARN] DetailPanel:346 - Failed to get advertising image, set to default
2024-11-23 21:10:44,342 [FATAL] Updater:308 - Updater called before beeing initialized
2024-11-23 21:10:44,448 [ERROR] Updater:1120 - MainUpdater not yet initialized. External WinMGr cannot be set.
2024-11-23 21:10:44,469 [INFO] Updater:1056 - Updater Version found : 6.9.1
2024-11-23 21:10:44,498 [INFO] ApplicationProperties:184 - Using Application install path: C:\ST\STM32CubeIDE_1.4.0\STM32CubeIDE\plugins\com.st.stm32cube.common.mx_6.9.1.202307191849
2024-11-23 21:10:44,759 [INFO] MainUpdater:2868 - connection check result : 10
2024-11-23 21:10:44,761 [INFO] MainUpdater:285 - Updater Check For Update Now.
2024-11-23 21:10:44,761 [INFO] MicroXplorer:498 - Change Database Version : DB.6.0.91
2024-11-23 21:10:44,799 [INFO] McuFinderGlobals:63 - Set McuFinder mode to 2 (CubeIDE integrated)
2024-11-23 21:10:44,800 [INFO] UserAuth:179 - activating auth plugin
2024-11-23 21:10:44,806 [INFO] UserAuth:393 - Internet connection configuration mode: 1
2024-11-23 21:10:44,840 [INFO] JxBrowserEngine:151 - Initiate JxBrowser Engine with user profile folder
2024-11-23 21:10:45,071 [INFO] CheckServerUpdateThread:120 - End of CheckServer Thread
2024-11-23 21:10:45,783 [WARN] PackLoader:240 - Cannot read IP mode file for STMicroelectronics.FP-SNS-MOTENVWB1.1.4.0
2024-11-23 21:10:45,802 [WARN] PackLoader:240 - Cannot read IP mode file for STMicroelectronics.FP-ATR-ASTRA1.2.0.1
2024-11-23 21:10:45,821 [WARN] PackLoader:240 - Cannot read IP mode file for STMicroelectronics.X-CUBE-SMBUS.2.1.0
2024-11-23 21:10:45,841 [WARN] PackLoader:240 - Cannot read IP mode file for STMicroelectronics.X-CUBE-WB05N.1.1.0
2024-11-23 21:10:45,854 [WARN] PackLoader:240 - Cannot read IP mode file for STMicroelectronics.X-CUBE-TOUCHGFX.4.23.0
2024-11-23 21:10:45,861 [WARN] PackLoader:240 - Cannot read IP mode file for STMicroelectronics.X-CUBE-TOUCHGFX.4.23.2
2024-11-23 21:10:45,942 [WARN] PackLoader:240 - Cannot read IP mode file for STMicroelectronics.X-CUBE-AZRTOS-F7.1.1.0
2024-11-23 21:10:45,965 [ERROR] RealEvaluatedCondition:428 - Found unsupported composite condition: CLASS='Data Exchange' GROUP='STM32_MetaDataManager'
2024-11-23 21:10:45,965 [ERROR] RealEvaluatedCondition:428 - Found unsupported composite condition: GROUP='STM32_MetaDataManager' CLASS='Data Exchange'
2024-11-23 21:10:45,969 [WARN] PackLoader:240 - Cannot read IP mode file for STMicroelectronics.FP-SNS-MOTENV1.4.3.0
2024-11-23 21:10:45,986 [WARN] PackLoader:240 - Cannot read IP mode file for STMicroelectronics.FP-SNS-MOTENV1.4.3.2
2024-11-23 21:10:46,000 [WARN] PackLoader:240 - Cannot read IP mode file for STMicroelectronics.FP-SNS-FLIGHT1.5.0.0
2024-11-23 21:10:46,009 [ERROR] RealEvaluatedCondition:428 - Found unsupported composite condition: GROUP='STM32_MetaDataManager' CLASS='Data Exchange'
2024-11-23 21:10:46,009 [ERROR] RealEvaluatedCondition:428 - Found unsupported composite condition: CLASS='Data Exchange' GROUP='STM32_MetaDataManager'
2024-11-23 21:10:46,012 [WARN] PackLoader:240 - Cannot read IP mode file for STMicroelectronics.FP-SNS-MOTENV1.4.3.1
2024-11-23 21:10:46,024 [WARN] PackLoader:240 - Cannot read IP mode file for STMicroelectronics.FP-SNS-FLIGHT1.5.0.1
2024-11-23 21:10:46,185 [WARN] PackLoader:240 - Cannot read IP mode file for STMicroelectronics.X-CUBE-MEMS1.11.0.0
2024-11-23 21:10:46,655 [WARN] PackLoader:240 - Cannot read IP mode file for STMicroelectronics.X-CUBE-BLE1.6.2.4
2024-11-23 21:10:46,663 [WARN] PackLoader:240 - Cannot read IP mode file for STMicroelectronics.FP-SNS-FLIGHT1.5.0.2
2024-11-23 21:10:46,667 [INFO] WebApp:157 - Instantiating new browser for Auth
2024-11-23 21:10:46,678 [WARN] PackLoader:240 - Cannot read IP mode file for STMicroelectronics.X-CUBE-DISPLAY.3.0.0
2024-11-23 21:10:46,722 [WARN] PackLoader:240 - Cannot read IP mode file for STMicroelectronics.X-CUBE-BLE1.7.0.0
2024-11-23 21:10:46,739 [WARN] PackLoader:240 - Cannot read IP mode file for STMicroelectronics.X-CUBE-NFC10.1.0.0
2024-11-23 21:10:46,759 [WARN] PackLoader:240 - Cannot read IP mode file for STMicroelectronics.X-CUBE-TOUCHGFX.4.22.0
2024-11-23 21:10:46,765 [WARN] PackLoader:240 - Cannot read IP mode file for STMicroelectronics.X-CUBE-TOUCHGFX.4.22.1
2024-11-23 21:10:46,789 [WARN] PackLoader:240 - Cannot read IP mode file for STMicroelectronics.X-CUBE-BLEMGR.3.1.0
2024-11-23 21:10:46,805 [WARN] PackLoader:240 - Cannot read IP mode file for STMicroelectronics.FP-SNS-SMARTAG2.1.2.0
2024-11-23 21:10:46,831 [INFO] LogOutputStream:77 - [STDOUT_REDIRECT] 1 : Invalid condition id : UX_CORESTACK_Condition cause : null
2024-11-23 21:10:46,833 [INFO] LogOutputStream:77 - [STDOUT_REDIRECT] 1 : Invalid condition id : UX_CORESTACK_Condition cause : null
2024-11-23 21:10:46,837 [INFO] LogOutputStream:77 - [STDOUT_REDIRECT] 1 : Invalid condition id : UX_CORESTACK_Condition cause : null
2024-11-23 21:10:46,842 [INFO] LogOutputStream:77 - [STDOUT_REDIRECT] 1 : Invalid condition id : UX_CORESTACK_Condition cause : null
2024-11-23 21:10:46,848 [INFO] LogOutputStream:77 - [STDOUT_REDIRECT] 1 : Invalid condition id : UX_CORESTACK_Condition cause : null
2024-11-23 21:10:46,856 [WARN] PackLoader:240 - Cannot read IP mode file for STMicroelectronics.X-CUBE-AZRTOS-WL.2.0.0
2024-11-23 21:10:46,868 [WARN] PackLoader:240 - Cannot read IP mode file for STMicroelectronics.FP-SNS-MOTENV1.5.0.0
2024-11-23 21:10:46,882 [WARN] PackLoader:240 - Cannot read IP mode file for wolfSSL.I-CUBE-wolfMQTT.1.19.0
2024-11-23 21:10:46,901 [WARN] PackLoader:240 - Cannot read IP mode file for WES.I-CUBE-Cesium.1.3.0
2024-11-23 21:10:46,913 [WARN] PackLoader:240 - Cannot read IP mode file for STMicroelectronics.X-CUBE-BLE2.3.3.0
2024-11-23 21:10:46,940 [WARN] PackLoader:240 - Cannot read IP mode file for STMicroelectronics.X-CUBE-TOF1.3.2.0
2024-11-23 21:10:46,978 [WARN] PackLoader:240 - Cannot read IP mode file for STMicroelectronics.X-CUBE-NFC9.1.0.0
2024-11-23 21:10:46,994 [WARN] PackLoader:240 - Cannot read IP mode file for STMicroelectronics.X-CUBE-TCPP.4.1.0
2024-11-23 21:10:47,004 [WARN] PackLoader:240 - Cannot read IP mode file for STMicroelectronics.X-CUBE-TOUCHGFX.4.21.1
2024-11-23 21:10:47,011 [WARN] PackLoader:240 - Cannot read IP mode file for STMicroelectronics.X-CUBE-TOUCHGFX.4.21.3
2024-11-23 21:10:47,017 [WARN] PackLoader:240 - Cannot read IP mode file for STMicroelectronics.X-CUBE-TOUCHGFX.4.21.4
2024-11-23 21:10:47,031 [WARN] PackLoader:240 - Cannot read IP mode file for STMicroelectronics.X-CUBE-ALGOBUILD.1.3.0
2024-11-23 21:10:47,087 [WARN] PackLoader:240 - Cannot read IP mode file for STMicroelectronics.X-CUBE-AZRTOS-G0.1.1.0
2024-11-23 21:10:47,106 [WARN] PackLoader:240 - Cannot read IP mode file for STMicroelectronics.X-CUBE-SAFEA1.1.2.2
2024-11-23 21:10:47,128 [WARN] PackLoader:240 - Cannot read IP mode file for STMicroelectronics.X-CUBE-NFC4.3.0.0
2024-11-23 21:10:47,137 [ERROR] Engine:466 - C:\Users\Minh\.stm32cubemx\thirdparties\pdsc\EmbeddedOffice.I-CUBE-FS-RTOS.1.0.1.pdsc: PDSC version is not supported
2024-11-23 21:10:47,154 [WARN] PackLoader:240 - Cannot read IP mode file for STMicroelectronics.X-CUBE-BLEMGR.3.0.0
2024-11-23 21:10:47,164 [ERROR] Engine:466 - C:\Users\Minh\.stm32cubemx\thirdparties\pdsc\RealThread.X-CUBE-RT-Thread_Nano.4.1.1.pdsc: PDSC version is not supported
2024-11-23 21:10:47,179 [WARN] PackLoader:240 - Cannot read IP mode file for STMicroelectronics.FP-ATR-SIGFOX1.3.2.0
2024-11-23 21:10:47,184 [ERROR] Engine:466 - C:\Users\Minh\.stm32cubemx\thirdparties\pdsc\quantropi.X-CUBE-qispace-sdk-base.1.9.3.pdsc: PDSC version is not supported
2024-11-23 21:10:47,197 [WARN] PackLoader:240 - Cannot read IP mode file for STMicroelectronics.X-CUBE-EEPRMA1.5.1.0
2024-11-23 21:10:47,296 [WARN] PackLoader:240 - Cannot read IP mode file for STMicroelectronics.X-CUBE-MEMS1.9.5.0
2024-11-23 21:10:47,680 [WARN] PackLoader:240 - Cannot read IP mode file for SEGGER.I-CUBE-embOS.1.3.1
2024-11-23 21:10:47,828 [WARN] PackLoader:240 - Cannot read IP mode file for STMicroelectronics.X-CUBE-ALGOBUILD.1.4.0
2024-11-23 21:10:47,855 [WARN] PackLoader:240 - Cannot read IP mode file for STMicroelectronics.X-CUBE-AI.9.1.0
2024-11-23 21:10:47,867 [WARN] PackLoader:240 - Cannot read IP mode file for STMicroelectronics.X-CUBE-GNSS1.6.0.0
2024-11-23 21:10:47,927 [WARN] PackLoader:240 - Cannot read IP mode file for STMicroelectronics.X-CUBE-AZRTOS-F4.1.1.0
2024-11-23 21:10:47,945 [WARN] PackLoader:240 - Cannot read IP mode file for STMicroelectronics.X-CUBE-ISPU.2.1.0
2024-11-23 21:10:47,969 [WARN] PackLoader:240 - Cannot read IP mode file for STMicroelectronics.X-CUBE-FREERTOS.1.2.0
2024-11-23 21:10:48,012 [WARN] PackLoader:240 - Cannot read IP mode file for STMicroelectronics.X-CUBE-AZRTOS-L5.2.0.0
2024-11-23 21:10:48,138 [WARN] PackLoader:240 - Cannot read IP mode file for STMicroelectronics.X-CUBE-MEMS1.9.6.0
2024-11-23 21:10:48,473 [WARN] PackLoader:240 - Cannot read IP mode file for STMicroelectronics.X-CUBE-EEPRMA1.4.2.0
2024-11-23 21:10:48,476 [INFO] WebApp:753 - Register for checkConnection events
2024-11-23 21:10:48,476 [INFO] WebApp:390 - Apply proxy settings
2024-11-23 21:10:48,477 [INFO] WebApp:475 - Chromium requires no authentication
2024-11-23 21:10:48,490 [WARN] PackLoader:240 - Cannot read IP mode file for STMicroelectronics.X-CUBE-NFC6.3.1.0
2024-11-23 21:10:48,497 [INFO] WebApp:418 - Direct internet connection detected
2024-11-23 21:10:48,504 [WARN] PackLoader:240 - Cannot read IP mode file for ITTIA_DB.I-CUBE-ITTIADB.8.8.0
2024-11-23 21:10:48,517 [WARN] PackLoader:240 - Cannot read IP mode file for emotas.I-CUBE-CANOPEN.1.1.3
2024-11-23 21:10:48,531 [WARN] PackLoader:240 - Cannot read IP mode file for STMicroelectronics.X-CUBE-BLEMGR.2.0.0
2024-11-23 21:10:48,539 [ERROR] Engine:466 - C:\Users\Minh\.stm32cubemx\thirdparties\pdsc\STMicroelectronics.X-CUBE-DPower.1.2.0.pdsc: PDSC version is not supported
2024-11-23 21:10:48,546 [WARN] PackLoader:240 - Cannot read IP mode file for STMicroelectronics.X-CUBE-AI.9.0.0
2024-11-23 21:10:48,583 [WARN] ConditionMgr:438 - getConditionDescription Invalid condition id : UX DEVICE CLASS RTOS Condition cause : null
2024-11-23 21:10:48,584 [WARN] ConditionMgr:438 - getConditionDescription Invalid condition id : UX DEVICE CLASS RTOS Condition cause : null
2024-11-23 21:10:48,591 [WARN] PackLoader:240 - Cannot read IP mode file for STMicroelectronics.X-CUBE-AZRTOS-H7.3.1.0
2024-11-23 21:10:48,594 [WARN] ConditionMgr:1039 - genDependencies : Invalid condition id : UX DEVICE CLASS RTOS Condition cause : null
2024-11-23 21:10:48,594 [WARN] ConditionMgr:1039 - genDependencies : Invalid condition id : UX DEVICE CLASS RTOS Condition cause : null
2024-11-23 21:10:48,596 [WARN] ConditionMgr:1039 - genDependencies : Invalid condition id : UX DEVICE CLASS RTOS Condition cause : null
2024-11-23 21:10:48,596 [WARN] ConditionMgr:1039 - genDependencies : Invalid condition id : UX DEVICE CLASS RTOS Condition cause : null
2024-11-23 21:10:48,597 [WARN] ConditionMgr:1039 - genDependencies : Invalid condition id : UX DEVICE CLASS RTOS Condition cause : null
2024-11-23 21:10:48,608 [WARN] PackLoader:240 - Cannot read IP mode file for wolfSSL.I-CUBE-wolfSSL.5.5.4
2024-11-23 21:10:48,617 [WARN] PackLoader:240 - Cannot read IP mode file for STMicroelectronics.X-CUBE-NFC7.1.0.1
2024-11-23 21:10:48,627 [WARN] PackLoader:240 - Cannot read IP mode file for STMicroelectronics.X-CUBE-NFC7.1.0.0
2024-11-23 21:10:48,636 [WARN] PackLoader:240 - Cannot read IP mode file for wolfSSL.I-CUBE-wolfTPM.3.2.0
2024-11-23 21:10:48,648 [WARN] PackLoader:240 - Cannot read IP mode file for STMicroelectronics.X-CUBE-NFC6.3.0.0
2024-11-23 21:10:48,662 [WARN] PackLoader:240 - Cannot read IP mode file for STMicroelectronics.X-CUBE-EEPRMA1.4.1.0
2024-11-23 21:10:48,674 [WARN] PackLoader:240 - Cannot read IP mode file for STMicroelectronics.X-CUBE-AI.8.1.0
2024-11-23 21:10:48,726 [WARN] ConditionMgr:438 - getConditionDescription Invalid condition id : LAN8742 Phy interface Condition cause : null
2024-11-23 21:10:48,728 [WARN] PackLoader:240 - Cannot read IP mode file for STMicroelectronics.X-CUBE-AZRTOS-L4.2.0.0
2024-11-23 21:10:48,731 [WARN] ConditionMgr:1039 - genDependencies : Invalid condition id : LAN8742 Phy interface Condition cause : null
2024-11-23 21:10:48,731 [WARN] ConditionMgr:1039 - genDependencies : Invalid condition id : LAN8742 Phy interface Condition cause : null
2024-11-23 21:10:48,732 [WARN] ConditionMgr:1039 - genDependencies : Invalid condition id : LAN8742 Phy interface Condition cause : null
2024-11-23 21:10:48,749 [WARN] PackLoader:240 - Cannot read IP mode file for STMicroelectronics.X-CUBE-SFXS2LP1.4.0.0
2024-11-23 21:10:48,795 [WARN] PackLoader:240 - Cannot read IP mode file for STMicroelectronics.X-CUBE-AZRTOS-H7.3.0.0
2024-11-23 21:10:48,807 [WARN] PackLoader:240 - Cannot read IP mode file for STMicroelectronics.X-CUBE-ISPU.1.1.0
2024-11-23 21:10:48,855 [WARN] PackLoader:240 - Cannot read IP mode file for STMicroelectronics.X-CUBE-AZRTOS-H7.3.3.0
2024-11-23 21:10:48,881 [WARN] PackLoader:240 - Cannot read IP mode file for RoweBots.I-CUBE-UNISONRTOS.5.5.0-4
2024-11-23 21:10:48,897 [WARN] PackLoader:240 - Cannot read IP mode file for STMicroelectronics.X-CUBE-AI.8.0.0
2024-11-23 21:10:48,911 [ERROR] Engine:466 - C:\Users\Minh\.stm32cubemx\thirdparties\pdsc\STMicroelectronics.X-CUBE-IPS.3.0.0.pdsc: PDSC version is not supported
2024-11-23 21:10:48,938 [WARN] ConditionMgr:438 - getConditionDescription Invalid condition id : UX DEVICE CLASS RTOS Condition cause : null
2024-11-23 21:10:48,939 [WARN] ConditionMgr:438 - getConditionDescription Invalid condition id : UX DEVICE CLASS RTOS Condition cause : null
2024-11-23 21:10:48,944 [WARN] PackLoader:240 - Cannot read IP mode file for STMicroelectronics.X-CUBE-AZRTOS-WB.2.0.0
2024-11-23 21:10:48,945 [WARN] ConditionMgr:1039 - genDependencies : Invalid condition id : UX DEVICE CLASS RTOS Condition cause : null
2024-11-23 21:10:48,946 [WARN] ConditionMgr:1039 - genDependencies : Invalid condition id : UX DEVICE CLASS RTOS Condition cause : null
2024-11-23 21:10:48,947 [WARN] ConditionMgr:1039 - genDependencies : Invalid condition id : UX DEVICE CLASS RTOS Condition cause : null
2024-11-23 21:10:48,947 [WARN] ConditionMgr:1039 - genDependencies : Invalid condition id : UX DEVICE CLASS RTOS Condition cause : null
2024-11-23 21:10:48,948 [WARN] ConditionMgr:1039 - genDependencies : Invalid condition id : UX DEVICE CLASS RTOS Condition cause : null
2024-11-23 21:10:48,957 [WARN] PackLoader:240 - Cannot read IP mode file for STMicroelectronics.X-CUBE-FREERTOS.1.0.0
2024-11-23 21:10:48,965 [WARN] PackLoader:240 - Cannot read IP mode file for STMicroelectronics.X-CUBE-FREERTOS.1.0.1
2024-11-23 21:10:48,974 [WARN] PackLoader:240 - Cannot read IP mode file for STMicroelectronics.X-CUBE-GNSS1.7.0.0
2024-11-23 21:10:48,983 [ERROR] Engine:466 - C:\Users\Minh\.stm32cubemx\thirdparties\pdsc\STMicroelectronics.FP-SNS-STBOX1.2.0.0.pdsc: PDSC version is not supported
2024-11-23 21:10:49,016 [WARN] PackLoader:240 - Cannot read IP mode file for STMicroelectronics.X-CUBE-AZRTOS-L5.1.1.0
2024-11-23 21:10:49,020 [INFO] WebApp:188 - Starting web application
2024-11-23 21:10:49,020 [INFO] WebApp:520 - Web application path used C:\ST\STM32CubeIDE_1.4.0\STM32CubeIDE\plugins\com.st.stm32cube.common.mx_6.9.1.202307191849\db\plugins\mcufinder\reactClient1\index.html
2024-11-23 21:10:49,028 [WARN] PackLoader:240 - Cannot read IP mode file for STMicroelectronics.X-CUBE-AI.8.0.1
2024-11-23 21:10:49,049 [WARN] PackLoader:240 - Cannot read IP mode file for STMicroelectronics.X-CUBE-SUBG2.5.0.0
2024-11-23 21:10:49,068 [WARN] PackLoader:240 - Cannot read IP mode file for Cesanta.I-CUBE-Mongoose.7.13.0
2024-11-23 21:10:49,085 [WARN] PackLoader:240 - Cannot read IP mode file for STMicroelectronics.X-CUBE-TOF1.3.3.1
2024-11-23 21:10:49,133 [WARN] PackLoader:240 - Cannot read IP mode file for STMicroelectronics.X-CUBE-AZRTOS-G4.2.0.0
2024-11-23 21:10:49,167 [WARN] PackLoader:240 - Cannot read IP mode file for STMicroelectronics.X-CUBE-TOF1.3.3.0
2024-11-23 21:10:49,191 [WARN] PackLoader:240 - Cannot read IP mode file for STMicroelectronics.FP-ATR-ASTRA1.1.1.1
2024-11-23 21:10:49,219 [WARN] PackLoader:240 - Cannot read IP mode file for Infineon.AIROC-Wi-Fi-Bluetooth-STM32.1.5.1
2024-11-23 21:10:49,232 [WARN] PackLoader:240 - Cannot read IP mode file for STMicroelectronics.FP-SNS-MOTENVWB1.1.3.0
2024-11-23 21:10:49,240 [WARN] PackLoader:240 - Cannot read IP mode file for STMicroelectronics.FP-SNS-MOTENVWB1.1.3.1
2024-11-23 21:10:49,267 [WARN] PackLoader:240 - Cannot read IP mode file for STMicroelectronics.X-CUBE-AZRTOS-G4.1.0.0
2024-11-23 21:10:49,302 [WARN] PackLoader:240 - Cannot read IP mode file for STMicroelectronics.X-CUBE-AZRTOS-L4.1.0.0
2024-11-23 21:10:49,314 [WARN] PackLoader:240 - Cannot read IP mode file for STMicroelectronics.X-CUBE-ISPU.2.0.0
2024-11-23 21:10:49,323 [WARN] PackLoader:240 - Cannot read IP mode file for STMicroelectronics.X-CUBE-ALS.1.0.2
2024-11-23 21:10:49,414 [WARN] PackLoader:240 - Cannot read IP mode file for STMicroelectronics.X-CUBE-MEMS1.10.0.0
2024-11-23 21:10:49,732 [WARN] PackLoader:240 - Cannot read IP mode file for STMicroelectronics.X-CUBE-FREERTOS.1.1.0
2024-11-23 21:10:49,743 [WARN] PackLoader:240 - Cannot read IP mode file for STMicroelectronics.X-CUBE-TOUCHGFX.4.24.0
2024-11-23 21:10:49,764 [WARN] PackLoader:240 - Cannot read IP mode file for STMicroelectronics.X-CUBE-AZRTOS-WL.1.0.0
2024-11-23 21:10:49,775 [WARN] PackLoader:240 - Cannot read IP mode file for STMicroelectronics.X-CUBE-TOUCHGFX.4.24.1
2024-11-23 21:10:49,788 [WARN] PackLoader:240 - Cannot read IP mode file for portGmbH.I-Cube-SoM-uGOAL.1.1.0
2024-11-23 21:10:49,798 [WARN] PackLoader:240 - Cannot read IP mode file for STMicroelectronics.X-CUBE-ALS.1.0.1
2024-11-23 21:10:49,823 [WARN] PackLoader:240 - Cannot read IP mode file for STMicroelectronics.X-CUBE-AZRTOS-WB.1.1.0
2024-11-23 21:10:49,870 [WARN] PackLoader:240 - Cannot read IP mode file for STMicroelectronics.X-CUBE-AZRTOS-H7RS.1.0.0
2024-11-23 21:10:49,897 [WARN] PackLoader:240 - Cannot read IP mode file for STMicroelectronics.FP-ATR-ASTRA1.2.0.0
2024-11-23 21:10:49,909 [ERROR] Engine:466 - C:\Users\Minh\.stm32cubemx\thirdparties\pdsc\STMicroelectronics.X-CUBE-TOF1.3.4.2.pdsc: PDSC version is not supported
2024-11-23 21:10:49,932 [WARN] PackLoader:240 - Cannot read IP mode file for STMicroelectronics.X-CUBE-TOF1.3.4.0
2024-11-23 21:10:49,981 [WARN] PackLoader:240 - Cannot read IP mode file for STMicroelectronics.X-CUBE-TOF1.3.4.1
2024-11-23 21:10:50,041 [WARN] PackLoader:240 - Cannot read IP mode file for STMicroelectronics.X-CUBE-AZRTOS-H7.3.2.0
2024-11-23 21:10:50,055 [WARN] PackLoader:240 - Cannot read IP mode file for wolfSSL.I-CUBE-wolfSSH.1.4.17
2024-11-23 21:10:50,065 [INFO] ThirdParty:978 - Integrity check success = true
2024-11-23 21:10:50,066 [INFO] IntegrityCheckThread:100 - exiting critical section [integrity check]
2024-11-23 21:10:50,066 [INFO] IntegrityCheckThread:103 - End integrity checks thread
2024-11-23 21:44:15,652 [ERROR] LogOutputStream:75 - [STDERR_REDIRECT] SLF4J: Failed to load class "org.slf4j.impl.StaticLoggerBinder".
2024-11-23 21:44:15,658 [ERROR] LogOutputStream:75 - [STDERR_REDIRECT] SLF4J: Defaulting to no-operation (NOP) logger implementation
2024-11-23 21:44:15,661 [ERROR] LogOutputStream:75 - [STDERR_REDIRECT] SLF4J: See http://www.slf4j.org/codes.html#StaticLoggerBinder for further details.
2024-11-23 23:24:46,563 [ERROR] LogOutputStream:75 - [STDERR_REDIRECT] 
