2024-01-08 09:56:32,324 [INFO] Activator:176 - 


2024-01-08 09:56:32,346 [INFO] Activator:177 - !SESSION log4j initialized
2024-01-08 09:57:03,925 [INFO] LogOutputStream:77 - [STDOUT_REDIRECT] 
2024-01-08 09:57:15,496 [INFO] ApplicationProperties:184 - Using Application install path: C:\ST\STM32CubeIDE_1.4.0\STM32CubeIDE\plugins\com.st.stm32cube.common.mx_6.9.1.202307191849
2024-01-08 09:57:15,558 [INFO] DbMcusXml:78 - Set database path to: C:\ST\STM32CubeIDE_1.4.0\STM32CubeIDE\plugins\com.st.stm32cube.common.mx_6.9.1.202307191849\\db\/mcu/
2024-01-08 09:57:15,559 [INFO] ApiDb:274 - Set plugin database path to: C:\ST\STM32CubeIDE_1.4.0\STM32CubeIDE\plugins\com.st.stm32cube.common.mx_6.9.1.202307191849\\db\/plugins/boardmanager/
2024-01-08 09:57:15,561 [WARN] ApiDb:259 - Overriding images path with different value:  => C:\ST\STM32CubeIDE_1.4.0\STM32CubeIDE\plugins\com.st.stm32cube.common.mx_6.9.1.202307191849\\db\/plugins/mcufinder/images/
2024-01-08 09:57:15,594 [INFO] ApiDb:250 - Set database path to: C:\Users\Minh\.stmcufinder\plugins\mcufinder//mcu/
2024-01-08 09:57:15,599 [INFO] DbMcusAds:125 - Set database path to: C:\Users\Minh\.stmcufinder\plugins\mcufinder//mcu/
2024-01-08 09:57:15,619 [INFO] CrossReferenceDbSqlite:203 - Set database path to: C:\Users\Minh\.stmcufinder\plugins\mcufinder//mcu/cs/
2024-01-08 09:57:16,071 [INFO] RulesReader:64 - Compatibility file has been processed (293 Rules)
2024-01-08 09:57:16,357 [INFO] DbMcusXml:78 - Set database path to: C:\ST\STM32CubeIDE_1.4.0\STM32CubeIDE\plugins\com.st.stm32cube.common.mx_6.9.1.202307191849\\db\/mcu/
2024-01-08 09:57:16,357 [INFO] ApiDb:274 - Set plugin database path to: C:\ST\STM32CubeIDE_1.4.0\STM32CubeIDE\plugins\com.st.stm32cube.common.mx_6.9.1.202307191849\\db\/plugins/boardmanager/
2024-01-08 09:57:16,358 [INFO] ApiDb:261 - Set plugin images path to: C:\ST\STM32CubeIDE_1.4.0\STM32CubeIDE\plugins\com.st.stm32cube.common.mx_6.9.1.202307191849\\db\/plugins/mcufinder/images/
2024-01-08 09:57:16,359 [WARN] DbFile:41 - Overriding database path with different value: C:\Users\Minh\.stmcufinder\plugins\mcufinder/ => C:\Users\Minh\.stmcufinder\plugins\mcufinder
2024-01-08 09:57:16,359 [INFO] ApiDb:250 - Set database path to: C:\Users\Minh\.stmcufinder\plugins\mcufinder//mcu/
2024-01-08 09:57:16,359 [WARN] DbFile:41 - Overriding database path with different value: C:\Users\Minh\.stmcufinder\plugins\mcufinder/ => C:\Users\Minh\.stmcufinder\plugins\mcufinder
2024-01-08 09:57:16,360 [INFO] DbMcusAds:125 - Set database path to: C:\Users\Minh\.stmcufinder\plugins\mcufinder//mcu/
2024-01-08 09:57:16,360 [WARN] DbFile:41 - Overriding database path with different value: C:\Users\Minh\.stmcufinder\plugins\mcufinder/ => C:\Users\Minh\.stmcufinder\plugins\mcufinder
2024-01-08 09:57:16,360 [WARN] DbFile:41 - Overriding database path with different value: C:\Users\Minh\.stmcufinder\plugins\mcufinder/ => C:\Users\Minh\.stmcufinder\plugins\mcufinder
2024-01-08 09:57:16,361 [INFO] CrossReferenceDbSqlite:203 - Set database path to: C:\Users\Minh\.stmcufinder\plugins\mcufinder//mcu/cs/
2024-01-08 09:57:16,623 [INFO] MainPanel:262 - HeapMemory: 268435456
2024-01-08 09:57:16,926 [INFO] DbMcusXml:78 - Set database path to: C:\ST\STM32CubeIDE_1.4.0\STM32CubeIDE\plugins\com.st.stm32cube.common.mx_6.9.1.202307191849\\db\/mcu/
2024-01-08 09:57:16,926 [INFO] ApiDb:274 - Set plugin database path to: C:\ST\STM32CubeIDE_1.4.0\STM32CubeIDE\plugins\com.st.stm32cube.common.mx_6.9.1.202307191849\\db\/plugins/boardmanager/
2024-01-08 09:57:16,926 [INFO] ApiDb:261 - Set plugin images path to: C:\ST\STM32CubeIDE_1.4.0\STM32CubeIDE\plugins\com.st.stm32cube.common.mx_6.9.1.202307191849\\db\/plugins/mcufinder/images/
2024-01-08 09:57:16,928 [WARN] DbFile:41 - Overriding database path with different value: C:\Users\Minh\.stmcufinder\plugins\mcufinder/ => C:\Users\Minh\.stmcufinder\plugins\mcufinder
2024-01-08 09:57:16,929 [INFO] ApiDb:250 - Set database path to: C:\Users\Minh\.stmcufinder\plugins\mcufinder//mcu/
2024-01-08 09:57:16,929 [WARN] DbFile:41 - Overriding database path with different value: C:\Users\Minh\.stmcufinder\plugins\mcufinder/ => C:\Users\Minh\.stmcufinder\plugins\mcufinder
2024-01-08 09:57:16,930 [INFO] DbMcusAds:125 - Set database path to: C:\Users\Minh\.stmcufinder\plugins\mcufinder//mcu/
2024-01-08 09:57:16,931 [WARN] DbFile:41 - Overriding database path with different value: C:\Users\Minh\.stmcufinder\plugins\mcufinder/ => C:\Users\Minh\.stmcufinder\plugins\mcufinder
2024-01-08 09:57:16,932 [WARN] DbFile:41 - Overriding database path with different value: C:\Users\Minh\.stmcufinder\plugins\mcufinder/ => C:\Users\Minh\.stmcufinder\plugins\mcufinder
2024-01-08 09:57:16,933 [INFO] CrossReferenceDbSqlite:203 - Set database path to: C:\Users\Minh\.stmcufinder\plugins\mcufinder//mcu/cs/
2024-01-08 09:57:16,994 [INFO] ApplicationProperties:184 - Using Application install path: C:\ST\STM32CubeIDE_1.4.0\STM32CubeIDE\plugins\com.st.stm32cube.common.mx_6.9.1.202307191849
2024-01-08 09:57:17,002 [INFO] PluginManage:196 - Search for loadable plugins [exclusion list=, ]
2024-01-08 09:57:17,006 [INFO] PluginManage:310 - Check plugin analytics
2024-01-08 09:57:22,150 [INFO] AnalyticsPlugin:253 - Accepted Software Licenses: STM32CubeMX.6.0.0,STM32CubeMX.5.2.0
2024-01-08 09:57:22,151 [INFO] AnalyticsPlugin:255 - Accepted CMSIS Pack Licenses: 
2024-01-08 09:57:22,153 [INFO] AnalyticsPlugin:257 - Accepted Firmware Licenses: 
2024-01-08 09:57:22,164 [INFO] PluginManage:359 - Loaded plugin analytics (category:tool,tabindex:-1)
2024-01-08 09:57:22,166 [INFO] PluginManage:310 - Check plugin cadmodel
2024-01-08 09:57:22,217 [INFO] CADModel:105 - Init CAD model plugin
2024-01-08 09:57:22,218 [INFO] PluginManage:359 - Loaded plugin cadmodel (category:power,tabindex:5)
2024-01-08 09:57:22,218 [INFO] PluginManage:310 - Check plugin clock
2024-01-08 09:57:22,287 [INFO] PluginManage:359 - Loaded plugin clock (category:base,tabindex:2)
2024-01-08 09:57:22,289 [INFO] PluginManage:310 - Check plugin ddr
2024-01-08 09:57:22,299 [INFO] PluginManage:359 - Loaded plugin ddr (category:tool,tabindex:6)
2024-01-08 09:57:22,300 [INFO] PluginManage:310 - Check plugin filemanager
2024-01-08 09:57:22,766 [INFO] PluginManage:359 - Loaded plugin filemanager (category:base,tabindex:10)
2024-01-08 09:57:22,767 [INFO] PluginManage:310 - Check plugin ipmanager
2024-01-08 09:57:22,806 [INFO] PluginManage:359 - Loaded plugin ipmanager (category:base,tabindex:5)
2024-01-08 09:57:22,806 [INFO] PluginManage:310 - Check plugin lpbam
2024-01-08 09:57:22,872 [INFO] PluginManage:359 - Loaded plugin lpbam (category:base,tabindex:0)
2024-01-08 09:57:22,872 [INFO] PluginManage:310 - Check plugin memorymap
2024-01-08 09:57:22,945 [INFO] PluginManage:359 - Loaded plugin memorymap (category:base,tabindex:4)
2024-01-08 09:57:22,946 [INFO] PluginManage:310 - Check plugin pinoutandconfiguration
2024-01-08 09:57:23,008 [INFO] PluginManage:359 - Loaded plugin pinoutandconfiguration (category:base,tabindex:1)
2024-01-08 09:57:23,009 [INFO] PluginManage:310 - Check plugin pinoutconfig
2024-01-08 09:57:23,360 [WARN] SupportedApi:132 - Cannot load RTOS API schema: s4s-elt-must-match.1: The content of 'definitions' must match (annotation?, (simpleType | complexType)?, (unique | key | keyref)*)). A problem was found starting at: attribute.
2024-01-08 09:57:23,863 [INFO] PluginManage:359 - Loaded plugin pinoutconfig (category:base,tabindex:0)
2024-01-08 09:57:23,864 [INFO] PluginManage:310 - Check plugin power
2024-01-08 09:57:23,948 [INFO] PluginManage:359 - Loaded plugin power (category:power,tabindex:4)
2024-01-08 09:57:23,949 [INFO] PluginManage:310 - Check plugin projectmanager
2024-01-08 09:57:24,006 [INFO] PluginManage:359 - Loaded plugin projectmanager (category:projectmanager,tabindex:3)
2024-01-08 09:57:24,007 [INFO] PluginManage:310 - Check plugin thirdparty
2024-01-08 09:57:24,977 [INFO] PluginManage:359 - Loaded plugin thirdparty (category:base,tabindex:-1)
2024-01-08 09:57:24,977 [WARN] IntegrityCheckThread:84 - waiting for thirdparty lock release [integrity check]
2024-01-08 09:57:24,978 [INFO] PluginManage:310 - Check plugin tools
2024-01-08 09:57:24,978 [INFO] IntegrityCheckThread:86 - entering critical section [integrity check]
2024-01-08 09:57:24,980 [INFO] ThirdPartyUpdaterWithRetryManager:70 - Updater plugin not ready yet. [1/15]
2024-01-08 09:57:25,112 [INFO] PluginManage:359 - Loaded plugin tools (category:base,tabindex:7)
2024-01-08 09:57:25,112 [INFO] PluginManage:310 - Check plugin tutovideos
2024-01-08 09:57:25,801 [INFO] PluginManage:359 - Loaded plugin tutovideos (category:base,tabindex:-1)
2024-01-08 09:57:25,802 [INFO] PluginManage:310 - Check plugin updater
2024-01-08 09:57:25,839 [INFO] PluginManage:359 - Loaded plugin updater (category:base,tabindex:12)
2024-01-08 09:57:25,839 [INFO] PluginManage:310 - Check plugin userauth
2024-01-08 09:57:25,858 [INFO] UserAuth:113 - Init User Auth plugin
2024-01-08 09:57:25,858 [INFO] PluginManage:359 - Loaded plugin userauth (category:base,tabindex:14)
2024-01-08 09:57:25,860 [INFO] PluginManage:283 - PluginManage : Loaded plugins [17]
2024-01-08 09:57:26,628 [INFO] PinOutPanel:1499 - setPackage(No Configuration,No Configuration)
2024-01-08 09:57:27,006 [INFO] CADModel:165 - CPN selected for project level
2024-01-08 09:57:27,007 [INFO] CADModel:114 - Register for checkConnection events
2024-01-08 09:57:27,093 [INFO] IPUIPlugin:80 - create IPUIPlugin
2024-01-08 09:57:27,093 [INFO] PluginManager:220 - loadIPPluginJar : add adc
2024-01-08 09:57:27,224 [INFO] IPUIPlugin:80 - create IPUIPlugin
2024-01-08 09:57:27,224 [INFO] PluginManager:220 - loadIPPluginJar : add aes
2024-01-08 09:57:27,375 [INFO] IPUIPlugin:80 - create IPUIPlugin
2024-01-08 09:57:27,375 [INFO] PluginManager:220 - loadIPPluginJar : add can
2024-01-08 09:57:27,464 [INFO] IPUIPlugin:80 - create IPUIPlugin
2024-01-08 09:57:27,464 [INFO] PluginManager:220 - loadIPPluginJar : add comp
2024-01-08 09:57:27,594 [INFO] IPUIPlugin:80 - create IPUIPlugin
2024-01-08 09:57:27,594 [INFO] PluginManager:220 - loadIPPluginJar : add cryp
2024-01-08 09:57:27,704 [INFO] IPUIPlugin:80 - create IPUIPlugin
2024-01-08 09:57:27,704 [INFO] PluginManager:220 - loadIPPluginJar : add dfsdm
2024-01-08 09:57:27,747 [INFO] IPUIPlugin:80 - create IPUIPlugin
2024-01-08 09:57:27,754 [INFO] PluginManager:220 - loadIPPluginJar : add dma
2024-01-08 09:57:27,907 [INFO] IPUIPlugin:80 - create IPUIPlugin
2024-01-08 09:57:27,907 [INFO] PluginManager:220 - loadIPPluginJar : add dma3
2024-01-08 09:57:27,972 [INFO] IPUIPlugin:80 - create IPUIPlugin
2024-01-08 09:57:27,973 [INFO] PluginManager:220 - loadIPPluginJar : add fatfs
2024-01-08 09:57:27,986 [INFO] ThirdPartyUpdaterWithRetryManager:70 - Updater plugin not ready yet. [2/15]
2024-01-08 09:57:28,126 [INFO] IPUIPlugin:80 - create IPUIPlugin
2024-01-08 09:57:28,126 [INFO] PluginManager:220 - loadIPPluginJar : add fmc
2024-01-08 09:57:28,175 [INFO] IPUIPlugin:80 - create IPUIPlugin
2024-01-08 09:57:28,176 [INFO] PluginManager:220 - loadIPPluginJar : add freertos
2024-01-08 09:57:28,255 [INFO] IPUIPlugin:80 - create IPUIPlugin
2024-01-08 09:57:28,255 [INFO] PluginManager:220 - loadIPPluginJar : add genericplugin
2024-01-08 09:57:28,628 [INFO] IPUIPlugin:80 - create IPUIPlugin
2024-01-08 09:57:28,628 [INFO] PluginManager:220 - loadIPPluginJar : add gfxmmu
2024-01-08 09:57:29,213 [INFO] IPUIPlugin:80 - create IPUIPlugin
2024-01-08 09:57:29,217 [INFO] PluginManager:220 - loadIPPluginJar : add gic
2024-01-08 09:57:29,256 [INFO] IPUIPlugin:80 - create IPUIPlugin
2024-01-08 09:57:29,257 [INFO] PluginManager:220 - loadIPPluginJar : add gpio
2024-01-08 09:57:29,599 [INFO] IPUIPlugin:80 - create IPUIPlugin
2024-01-08 09:57:29,599 [INFO] PluginManager:220 - loadIPPluginJar : add gtzc
2024-01-08 09:57:29,705 [INFO] IPUIPlugin:80 - create IPUIPlugin
2024-01-08 09:57:29,705 [INFO] PluginManager:220 - loadIPPluginJar : add hash
2024-01-08 09:57:29,888 [INFO] IPUIPlugin:80 - create IPUIPlugin
2024-01-08 09:57:29,888 [INFO] PluginManager:220 - loadIPPluginJar : add i2c
2024-01-08 09:57:30,026 [INFO] IPUIPlugin:80 - create IPUIPlugin
2024-01-08 09:57:30,026 [INFO] PluginManager:220 - loadIPPluginJar : add i2s
2024-01-08 09:57:30,172 [INFO] IPUIPlugin:80 - create IPUIPlugin
2024-01-08 09:57:30,173 [INFO] PluginManager:220 - loadIPPluginJar : add i3c
2024-01-08 09:57:30,571 [INFO] IPUIPlugin:80 - create IPUIPlugin
2024-01-08 09:57:30,572 [INFO] PluginManager:220 - loadIPPluginJar : add ipddr
2024-01-08 09:57:30,895 [INFO] IPUIPlugin:80 - create IPUIPlugin
2024-01-08 09:57:30,896 [INFO] PluginManager:220 - loadIPPluginJar : add linkedlist
2024-01-08 09:57:30,986 [INFO] ThirdPartyUpdaterWithRetryManager:70 - Updater plugin not ready yet. [3/15]
2024-01-08 09:57:31,016 [INFO] IPUIPlugin:80 - create IPUIPlugin
2024-01-08 09:57:31,016 [INFO] PluginManager:220 - loadIPPluginJar : add lorawan
2024-01-08 09:57:31,156 [INFO] IPUIPlugin:80 - create IPUIPlugin
2024-01-08 09:57:31,156 [INFO] PluginManager:220 - loadIPPluginJar : add ltdc
2024-01-08 09:57:31,213 [INFO] IPUIPlugin:80 - create IPUIPlugin
2024-01-08 09:57:31,214 [INFO] PluginManager:220 - loadIPPluginJar : add mdma
2024-01-08 09:57:31,260 [INFO] IPUIPlugin:80 - create IPUIPlugin
2024-01-08 09:57:31,261 [INFO] PluginManager:220 - loadIPPluginJar : add nvic
2024-01-08 09:57:31,590 [INFO] IPUIPlugin:80 - create IPUIPlugin
2024-01-08 09:57:31,591 [INFO] PluginManager:220 - loadIPPluginJar : add opamp
2024-01-08 09:57:31,818 [INFO] IPUIPlugin:80 - create IPUIPlugin
2024-01-08 09:57:31,819 [INFO] PluginManager:220 - loadIPPluginJar : add openamp
2024-01-08 09:57:31,973 [INFO] IPUIPlugin:80 - create IPUIPlugin
2024-01-08 09:57:31,973 [INFO] PluginManager:220 - loadIPPluginJar : add pdm2pcm
2024-01-08 09:57:32,030 [INFO] IPUIPlugin:80 - create IPUIPlugin
2024-01-08 09:57:32,038 [INFO] PluginManager:220 - loadIPPluginJar : add plateformsettings
2024-01-08 09:57:32,118 [INFO] IPUIPlugin:80 - create IPUIPlugin
2024-01-08 09:57:32,119 [INFO] PluginManager:220 - loadIPPluginJar : add quadspi
2024-01-08 09:57:32,158 [INFO] IPUIPlugin:80 - create IPUIPlugin
2024-01-08 09:57:32,158 [INFO] PluginManager:220 - loadIPPluginJar : add resmgrutility
2024-01-08 09:57:32,316 [INFO] IPUIPlugin:80 - create IPUIPlugin
2024-01-08 09:57:32,316 [INFO] PluginManager:220 - loadIPPluginJar : add sai
2024-01-08 09:57:32,450 [INFO] IPUIPlugin:80 - create IPUIPlugin
2024-01-08 09:57:32,450 [INFO] PluginManager:220 - loadIPPluginJar : add spi
2024-01-08 09:57:32,652 [INFO] IPUIPlugin:80 - create IPUIPlugin
2024-01-08 09:57:32,652 [INFO] PluginManager:220 - loadIPPluginJar : add stm32_wpan
2024-01-08 09:57:32,740 [INFO] IPUIPlugin:80 - create IPUIPlugin
2024-01-08 09:57:32,740 [INFO] PluginManager:220 - loadIPPluginJar : add tim
2024-01-08 09:57:32,937 [INFO] IPUIPlugin:80 - create IPUIPlugin
2024-01-08 09:57:32,938 [INFO] PluginManager:220 - loadIPPluginJar : add touchsensing
2024-01-08 09:57:33,022 [INFO] IPUIPlugin:80 - create IPUIPlugin
2024-01-08 09:57:33,022 [INFO] PluginManager:220 - loadIPPluginJar : add tracer_emb
2024-01-08 09:57:33,103 [INFO] IPUIPlugin:80 - create IPUIPlugin
2024-01-08 09:57:33,103 [INFO] PluginManager:220 - loadIPPluginJar : add ts
2024-01-08 09:57:33,173 [INFO] IPUIPlugin:80 - create IPUIPlugin
2024-01-08 09:57:33,174 [INFO] PluginManager:220 - loadIPPluginJar : add tsc
2024-01-08 09:57:33,258 [INFO] IPUIPlugin:80 - create IPUIPlugin
2024-01-08 09:57:33,259 [INFO] PluginManager:220 - loadIPPluginJar : add ucpd
2024-01-08 09:57:33,423 [INFO] IPUIPlugin:80 - create IPUIPlugin
2024-01-08 09:57:33,423 [INFO] PluginManager:220 - loadIPPluginJar : add usart
2024-01-08 09:57:33,576 [INFO] IPUIPlugin:80 - create IPUIPlugin
2024-01-08 09:57:33,577 [INFO] PluginManager:220 - loadIPPluginJar : add usbx
2024-01-08 09:57:33,842 [INFO] CADModel:165 - CPN selected for project level
2024-01-08 09:57:33,843 [INFO] CADModel:114 - Register for checkConnection events
2024-01-08 09:57:33,843 [FATAL] Updater:308 - Updater called before beeing initialized
2024-01-08 09:57:33,844 [ERROR] CADModel:125 - Updater not yet initialized, retry later 
2024-01-08 09:57:33,988 [INFO] ThirdPartyUpdaterWithRetryManager:70 - Updater plugin not ready yet. [4/15]
2024-01-08 09:57:34,387 [INFO] CADModel:165 - CPN selected for project level
2024-01-08 09:57:34,387 [INFO] CADModel:114 - Register for checkConnection events
2024-01-08 09:57:34,387 [FATAL] Updater:308 - Updater called before beeing initialized
2024-01-08 09:57:34,387 [ERROR] CADModel:125 - Updater not yet initialized, retry later 
2024-01-08 09:57:34,401 [FATAL] Updater:308 - Updater called before beeing initialized
2024-01-08 09:57:34,910 [FATAL] Updater:308 - Updater called before beeing initialized
2024-01-08 09:57:34,932 [INFO] DbMcusAds:53 - JSON generation date=Wed Nov 29 19:52:27 JST 2023 (1701255147349)
2024-01-08 09:57:34,932 [FATAL] Updater:308 - Updater called before beeing initialized
2024-01-08 09:57:35,233 [WARN] DetailPanel:346 - Failed to get advertising image, set to default
2024-01-08 09:57:35,607 [FATAL] Updater:308 - Updater called before beeing initialized
2024-01-08 09:57:35,612 [FATAL] Updater:308 - Updater called before beeing initialized
2024-01-08 09:57:35,613 [FATAL] Updater:308 - Updater called before beeing initialized
2024-01-08 09:57:35,613 [WARN] DetailPanel:346 - Failed to get advertising image, set to default
2024-01-08 09:57:35,615 [FATAL] Updater:308 - Updater called before beeing initialized
2024-01-08 09:57:35,833 [ERROR] Updater:1120 - MainUpdater not yet initialized. External WinMGr cannot be set.
2024-01-08 09:57:35,872 [INFO] Updater:1056 - Updater Version found : 6.9.1
2024-01-08 09:57:35,941 [INFO] ApplicationProperties:184 - Using Application install path: C:\ST\STM32CubeIDE_1.4.0\STM32CubeIDE\plugins\com.st.stm32cube.common.mx_6.9.1.202307191849
2024-01-08 09:57:36,452 [INFO] MainUpdater:2868 - connection check result : 10
2024-01-08 09:57:36,460 [INFO] MainUpdater:285 - Updater Check For Update Now.
2024-01-08 09:57:36,461 [INFO] MicroXplorer:498 - Change Database Version : DB.6.0.91
2024-01-08 09:57:36,527 [INFO] McuFinderGlobals:63 - Set McuFinder mode to 2 (CubeIDE integrated)
2024-01-08 09:57:36,530 [INFO] UserAuth:179 - activating auth plugin
2024-01-08 09:57:36,556 [INFO] UserAuth:393 - Internet connection configuration mode: 1
2024-01-08 09:57:36,672 [INFO] JxBrowserEngine:151 - Initiate JxBrowser Engine with user profile folder
2024-01-08 09:57:36,895 [INFO] CheckServerUpdateThread:120 - End of CheckServer Thread
2024-01-08 09:57:37,807 [WARN] PackLoader:240 - Cannot read IP mode file for STMicroelectronics.X-CUBE-SMBUS.2.1.0
2024-01-08 09:57:37,836 [WARN] PackLoader:240 - Cannot read IP mode file for STMicroelectronics.X-CUBE-TOUCHGFX.4.23.0
2024-01-08 09:57:37,983 [WARN] PackLoader:240 - Cannot read IP mode file for STMicroelectronics.X-CUBE-AZRTOS-F7.1.1.0
2024-01-08 09:57:38,014 [ERROR] RealEvaluatedCondition:428 - Found unsupported composite condition: GROUP='STM32_MetaDataManager' CLASS='Data Exchange'
2024-01-08 09:57:38,014 [ERROR] RealEvaluatedCondition:428 - Found unsupported composite condition: CLASS='Data Exchange' GROUP='STM32_MetaDataManager'
2024-01-08 09:57:38,020 [WARN] PackLoader:240 - Cannot read IP mode file for STMicroelectronics.FP-SNS-MOTENV1.4.3.0
2024-01-08 09:57:38,050 [WARN] PackLoader:240 - Cannot read IP mode file for STMicroelectronics.FP-SNS-MOTENV1.4.3.2
2024-01-08 09:57:38,069 [WARN] PackLoader:240 - Cannot read IP mode file for STMicroelectronics.FP-SNS-FLIGHT1.5.0.0
2024-01-08 09:57:38,082 [ERROR] RealEvaluatedCondition:428 - Found unsupported composite condition: CLASS='Data Exchange' GROUP='STM32_MetaDataManager'
2024-01-08 09:57:38,082 [ERROR] RealEvaluatedCondition:428 - Found unsupported composite condition: CLASS='Data Exchange' GROUP='STM32_MetaDataManager'
2024-01-08 09:57:38,087 [WARN] PackLoader:240 - Cannot read IP mode file for STMicroelectronics.FP-SNS-MOTENV1.4.3.1
2024-01-08 09:57:38,109 [WARN] PackLoader:240 - Cannot read IP mode file for STMicroelectronics.FP-SNS-FLIGHT1.5.0.1
2024-01-08 09:57:38,137 [WARN] PackLoader:240 - Cannot read IP mode file for STMicroelectronics.X-CUBE-BLE1.6.2.4
2024-01-08 09:57:38,175 [WARN] PackLoader:240 - Cannot read IP mode file for STMicroelectronics.FP-SNS-FLIGHT1.5.0.2
2024-01-08 09:57:38,218 [WARN] PackLoader:240 - Cannot read IP mode file for STMicroelectronics.X-CUBE-DISPLAY.3.0.0
2024-01-08 09:57:38,257 [WARN] PackLoader:240 - Cannot read IP mode file for STMicroelectronics.X-CUBE-BLE1.7.0.0
2024-01-08 09:57:38,304 [WARN] PackLoader:240 - Cannot read IP mode file for STMicroelectronics.X-CUBE-TOUCHGFX.4.22.0
2024-01-08 09:57:38,323 [WARN] PackLoader:240 - Cannot read IP mode file for STMicroelectronics.X-CUBE-TOUCHGFX.4.22.1
2024-01-08 09:57:38,345 [WARN] PackLoader:240 - Cannot read IP mode file for STMicroelectronics.FP-SNS-SMARTAG2.1.2.0
2024-01-08 09:57:38,393 [INFO] LogOutputStream:77 - [STDOUT_REDIRECT] 1 : Invalid condition id : UX_CORESTACK_Condition cause : null
2024-01-08 09:57:38,395 [INFO] LogOutputStream:77 - [STDOUT_REDIRECT] 1 : Invalid condition id : UX_CORESTACK_Condition cause : null
2024-01-08 09:57:38,404 [INFO] LogOutputStream:77 - [STDOUT_REDIRECT] 1 : Invalid condition id : UX_CORESTACK_Condition cause : null
2024-01-08 09:57:38,416 [INFO] LogOutputStream:77 - [STDOUT_REDIRECT] 1 : Invalid condition id : UX_CORESTACK_Condition cause : null
2024-01-08 09:57:38,427 [INFO] LogOutputStream:77 - [STDOUT_REDIRECT] 1 : Invalid condition id : UX_CORESTACK_Condition cause : null
2024-01-08 09:57:38,444 [WARN] PackLoader:240 - Cannot read IP mode file for STMicroelectronics.X-CUBE-AZRTOS-WL.2.0.0
2024-01-08 09:57:38,539 [WARN] PackLoader:240 - Cannot read IP mode file for WES.I-CUBE-Cesium.1.3.0
2024-01-08 09:57:38,556 [WARN] PackLoader:240 - Cannot read IP mode file for STMicroelectronics.X-CUBE-BLE2.3.3.0
2024-01-08 09:57:38,648 [WARN] PackLoader:240 - Cannot read IP mode file for STMicroelectronics.X-CUBE-TOF1.3.2.0
2024-01-08 09:57:38,704 [WARN] PackLoader:240 - Cannot read IP mode file for STMicroelectronics.X-CUBE-TOUCHGFX.4.21.1
2024-01-08 09:57:38,728 [WARN] PackLoader:240 - Cannot read IP mode file for STMicroelectronics.X-CUBE-TOUCHGFX.4.21.3
2024-01-08 09:57:38,740 [WARN] PackLoader:240 - Cannot read IP mode file for STMicroelectronics.X-CUBE-TOUCHGFX.4.21.4
2024-01-08 09:57:38,793 [WARN] PackLoader:240 - Cannot read IP mode file for STMicroelectronics.X-CUBE-ALGOBUILD.1.3.0
2024-01-08 09:57:38,870 [WARN] PackLoader:240 - Cannot read IP mode file for STMicroelectronics.X-CUBE-AZRTOS-G0.1.1.0
2024-01-08 09:57:38,950 [WARN] PackLoader:240 - Cannot read IP mode file for STMicroelectronics.X-CUBE-NFC4.3.0.0
2024-01-08 09:57:38,990 [WARN] PackLoader:240 - Cannot read IP mode file for STMicroelectronics.X-CUBE-BLEMGR.3.0.0
2024-01-08 09:57:39,012 [WARN] PackLoader:240 - Cannot read IP mode file for STMicroelectronics.FP-ATR-SIGFOX1.3.2.0
2024-01-08 09:57:39,392 [WARN] PackLoader:240 - Cannot read IP mode file for STMicroelectronics.X-CUBE-MEMS1.9.5.0
2024-01-08 09:57:40,226 [WARN] PackLoader:240 - Cannot read IP mode file for SEGGER.I-CUBE-embOS.1.3.1
2024-01-08 09:57:40,397 [WARN] PackLoader:240 - Cannot read IP mode file for STMicroelectronics.X-CUBE-GNSS1.6.0.0
2024-01-08 09:57:40,455 [WARN] PackLoader:240 - Cannot read IP mode file for STMicroelectronics.X-CUBE-AZRTOS-F4.1.1.0
2024-01-08 09:57:40,538 [WARN] PackLoader:240 - Cannot read IP mode file for STMicroelectronics.X-CUBE-AZRTOS-L5.2.0.0
2024-01-08 09:57:40,711 [WARN] PackLoader:240 - Cannot read IP mode file for STMicroelectronics.X-CUBE-MEMS1.9.6.0
2024-01-08 09:57:41,362 [WARN] PackLoader:240 - Cannot read IP mode file for STMicroelectronics.X-CUBE-EEPRMA1.4.2.0
2024-01-08 09:57:41,396 [WARN] PackLoader:240 - Cannot read IP mode file for ITTIA_DB.I-CUBE-ITTIADB.8.8.0
2024-01-08 09:57:41,421 [WARN] PackLoader:240 - Cannot read IP mode file for emotas.I-CUBE-CANOPEN.1.1.3
2024-01-08 09:57:41,445 [WARN] PackLoader:240 - Cannot read IP mode file for STMicroelectronics.X-CUBE-BLEMGR.2.0.0
2024-01-08 09:57:41,571 [WARN] ConditionMgr:438 - getConditionDescription Invalid condition id : UX DEVICE CLASS RTOS Condition cause : null
2024-01-08 09:57:41,572 [WARN] ConditionMgr:438 - getConditionDescription Invalid condition id : UX DEVICE CLASS RTOS Condition cause : null
2024-01-08 09:57:41,584 [WARN] PackLoader:240 - Cannot read IP mode file for STMicroelectronics.X-CUBE-AZRTOS-H7.3.1.0
2024-01-08 09:57:41,587 [WARN] ConditionMgr:1039 - genDependencies : Invalid condition id : UX DEVICE CLASS RTOS Condition cause : null
2024-01-08 09:57:41,588 [WARN] ConditionMgr:1039 - genDependencies : Invalid condition id : UX DEVICE CLASS RTOS Condition cause : null
2024-01-08 09:57:41,590 [WARN] ConditionMgr:1039 - genDependencies : Invalid condition id : UX DEVICE CLASS RTOS Condition cause : null
2024-01-08 09:57:41,591 [WARN] ConditionMgr:1039 - genDependencies : Invalid condition id : UX DEVICE CLASS RTOS Condition cause : null
2024-01-08 09:57:41,592 [WARN] ConditionMgr:1039 - genDependencies : Invalid condition id : UX DEVICE CLASS RTOS Condition cause : null
2024-01-08 09:57:41,666 [WARN] PackLoader:240 - Cannot read IP mode file for wolfSSL.I-CUBE-wolfSSL.5.5.4
2024-01-08 09:57:41,681 [WARN] PackLoader:240 - Cannot read IP mode file for STMicroelectronics.X-CUBE-NFC7.1.0.1
2024-01-08 09:57:41,696 [WARN] PackLoader:240 - Cannot read IP mode file for STMicroelectronics.X-CUBE-NFC7.1.0.0
2024-01-08 09:57:41,721 [WARN] PackLoader:240 - Cannot read IP mode file for STMicroelectronics.X-CUBE-NFC6.3.0.0
2024-01-08 09:57:41,789 [WARN] PackLoader:240 - Cannot read IP mode file for STMicroelectronics.X-CUBE-EEPRMA1.4.1.0
2024-01-08 09:57:41,804 [WARN] PackLoader:240 - Cannot read IP mode file for STMicroelectronics.X-CUBE-AI.8.1.0
2024-01-08 09:57:41,870 [WARN] ConditionMgr:438 - getConditionDescription Invalid condition id : LAN8742 Phy interface Condition cause : null
2024-01-08 09:57:41,873 [WARN] PackLoader:240 - Cannot read IP mode file for STMicroelectronics.X-CUBE-AZRTOS-L4.2.0.0
2024-01-08 09:57:41,876 [WARN] ConditionMgr:1039 - genDependencies : Invalid condition id : LAN8742 Phy interface Condition cause : null
2024-01-08 09:57:41,877 [WARN] ConditionMgr:1039 - genDependencies : Invalid condition id : LAN8742 Phy interface Condition cause : null
2024-01-08 09:57:41,880 [WARN] ConditionMgr:1039 - genDependencies : Invalid condition id : LAN8742 Phy interface Condition cause : null
2024-01-08 09:57:41,955 [WARN] PackLoader:240 - Cannot read IP mode file for STMicroelectronics.X-CUBE-SFXS2LP1.4.0.0
2024-01-08 09:57:42,024 [WARN] PackLoader:240 - Cannot read IP mode file for STMicroelectronics.X-CUBE-AZRTOS-H7.3.0.0
2024-01-08 09:57:42,082 [WARN] PackLoader:240 - Cannot read IP mode file for STMicroelectronics.X-CUBE-ISPU.1.1.0
2024-01-08 09:57:42,103 [WARN] PackLoader:240 - Cannot read IP mode file for RoweBots.I-CUBE-UNISONRTOS.5.5.0-4
2024-01-08 09:57:42,112 [WARN] PackLoader:240 - Cannot read IP mode file for STMicroelectronics.X-CUBE-AI.8.0.0
2024-01-08 09:57:42,165 [WARN] ConditionMgr:438 - getConditionDescription Invalid condition id : UX DEVICE CLASS RTOS Condition cause : null
2024-01-08 09:57:42,165 [WARN] ConditionMgr:438 - getConditionDescription Invalid condition id : UX DEVICE CLASS RTOS Condition cause : null
2024-01-08 09:57:42,176 [WARN] PackLoader:240 - Cannot read IP mode file for STMicroelectronics.X-CUBE-AZRTOS-WB.2.0.0
2024-01-08 09:57:42,179 [WARN] ConditionMgr:1039 - genDependencies : Invalid condition id : UX DEVICE CLASS RTOS Condition cause : null
2024-01-08 09:57:42,180 [WARN] ConditionMgr:1039 - genDependencies : Invalid condition id : UX DEVICE CLASS RTOS Condition cause : null
2024-01-08 09:57:42,182 [WARN] ConditionMgr:1039 - genDependencies : Invalid condition id : UX DEVICE CLASS RTOS Condition cause : null
2024-01-08 09:57:42,185 [WARN] ConditionMgr:1039 - genDependencies : Invalid condition id : UX DEVICE CLASS RTOS Condition cause : null
2024-01-08 09:57:42,185 [WARN] ConditionMgr:1039 - genDependencies : Invalid condition id : UX DEVICE CLASS RTOS Condition cause : null
2024-01-08 09:57:42,305 [WARN] PackLoader:240 - Cannot read IP mode file for STMicroelectronics.X-CUBE-FREERTOS.1.0.0
2024-01-08 09:57:42,315 [WARN] PackLoader:240 - Cannot read IP mode file for STMicroelectronics.X-CUBE-FREERTOS.1.0.1
2024-01-08 09:57:42,358 [WARN] PackLoader:240 - Cannot read IP mode file for STMicroelectronics.X-CUBE-AZRTOS-L5.1.1.0
2024-01-08 09:57:42,372 [WARN] PackLoader:240 - Cannot read IP mode file for STMicroelectronics.X-CUBE-AI.8.0.1
2024-01-08 09:57:42,397 [WARN] PackLoader:240 - Cannot read IP mode file for STMicroelectronics.X-CUBE-SUBG2.5.0.0
2024-01-08 09:57:42,437 [WARN] PackLoader:240 - Cannot read IP mode file for STMicroelectronics.X-CUBE-TOF1.3.3.1
2024-01-08 09:57:42,511 [WARN] PackLoader:240 - Cannot read IP mode file for STMicroelectronics.X-CUBE-AZRTOS-G4.2.0.0
2024-01-08 09:57:42,721 [WARN] PackLoader:240 - Cannot read IP mode file for STMicroelectronics.X-CUBE-TOF1.3.3.0
2024-01-08 09:57:42,811 [WARN] PackLoader:240 - Cannot read IP mode file for STMicroelectronics.FP-ATR-ASTRA1.1.1.1
2024-01-08 09:57:42,876 [WARN] PackLoader:240 - Cannot read IP mode file for Infineon.AIROC-Wi-Fi-Bluetooth-STM32.1.5.1
2024-01-08 09:57:42,907 [WARN] PackLoader:240 - Cannot read IP mode file for STMicroelectronics.FP-SNS-MOTENVWB1.1.3.0
2024-01-08 09:57:42,937 [WARN] PackLoader:240 - Cannot read IP mode file for STMicroelectronics.FP-SNS-MOTENVWB1.1.3.1
2024-01-08 09:57:42,974 [WARN] PackLoader:240 - Cannot read IP mode file for STMicroelectronics.X-CUBE-AZRTOS-G4.1.0.0
2024-01-08 09:57:43,042 [WARN] PackLoader:240 - Cannot read IP mode file for STMicroelectronics.X-CUBE-AZRTOS-L4.1.0.0
2024-01-08 09:57:43,062 [WARN] PackLoader:240 - Cannot read IP mode file for STMicroelectronics.X-CUBE-ISPU.2.0.0
2024-01-08 09:57:43,203 [WARN] PackLoader:240 - Cannot read IP mode file for STMicroelectronics.X-CUBE-MEMS1.10.0.0
2024-01-08 09:57:43,700 [WARN] PackLoader:240 - Cannot read IP mode file for STMicroelectronics.X-CUBE-FREERTOS.1.1.0
2024-01-08 09:57:43,746 [WARN] PackLoader:240 - Cannot read IP mode file for STMicroelectronics.X-CUBE-AZRTOS-WL.1.0.0
2024-01-08 09:57:43,770 [WARN] PackLoader:240 - Cannot read IP mode file for portGmbH.I-Cube-SoM-uGOAL.1.1.0
2024-01-08 09:57:43,782 [WARN] PackLoader:240 - Cannot read IP mode file for STMicroelectronics.X-CUBE-ALS.1.0.1
2024-01-08 09:57:43,833 [WARN] PackLoader:240 - Cannot read IP mode file for STMicroelectronics.X-CUBE-AZRTOS-WB.1.1.0
2024-01-08 09:57:43,864 [WARN] PackLoader:240 - Cannot read IP mode file for STMicroelectronics.FP-ATR-ASTRA1.2.0.0
2024-01-08 09:57:43,897 [WARN] PackLoader:240 - Cannot read IP mode file for STMicroelectronics.X-CUBE-TOF1.3.4.0
2024-01-08 09:57:44,117 [WARN] PackLoader:240 - Cannot read IP mode file for STMicroelectronics.X-CUBE-AZRTOS-H7.3.2.0
2024-01-08 09:57:44,127 [INFO] ThirdParty:978 - Integrity check success = true
2024-01-08 09:57:44,128 [INFO] IntegrityCheckThread:100 - exiting critical section [integrity check]
2024-01-08 09:57:44,128 [INFO] IntegrityCheckThread:103 - End integrity checks thread
2024-01-08 09:57:45,109 [INFO] WebApp:157 - Instantiating new browser for Auth
2024-01-08 09:57:47,577 [INFO] WebApp:753 - Register for checkConnection events
2024-01-08 09:57:47,578 [INFO] WebApp:390 - Apply proxy settings
2024-01-08 09:57:47,578 [INFO] WebApp:475 - Chromium requires no authentication
2024-01-08 09:57:47,601 [INFO] WebApp:418 - Direct internet connection detected
2024-01-08 09:57:48,182 [INFO] WebApp:188 - Starting web application
2024-01-08 09:57:48,182 [INFO] WebApp:520 - Web application path used C:\ST\STM32CubeIDE_1.4.0\STM32CubeIDE\plugins\com.st.stm32cube.common.mx_6.9.1.202307191849\db\plugins\mcufinder\reactClient1\index.html
2024-01-08 10:03:31,080 [ERROR] LogOutputStream:75 - [STDERR_REDIRECT] SLF4J: Failed to load class "org.slf4j.impl.StaticLoggerBinder".
2024-01-08 10:03:31,082 [ERROR] LogOutputStream:75 - [STDERR_REDIRECT] SLF4J: Defaulting to no-operation (NOP) logger implementation
2024-01-08 10:03:31,097 [ERROR] LogOutputStream:75 - [STDERR_REDIRECT] SLF4J: See http://www.slf4j.org/codes.html#StaticLoggerBinder for further details.
2024-01-08 23:16:49,066 [ERROR] LogOutputStream:75 - [STDERR_REDIRECT] 
