2023-11-28 09:13:39,307 [INFO] Activator:176 - 


2023-11-28 09:13:39,322 [INFO] Activator:177 - !SESSION log4j initialized
2023-11-28 09:13:56,548 [INFO] LogOutputStream:77 - [STDOUT_REDIRECT] 
2023-11-28 09:14:06,382 [INFO] ApplicationProperties:184 - Using Application install path: C:\ST\STM32CubeIDE_1.4.0\STM32CubeIDE\plugins\com.st.stm32cube.common.mx_6.9.1.202307191849
2023-11-28 09:14:06,439 [INFO] DbMcusXml:78 - Set database path to: C:\ST\STM32CubeIDE_1.4.0\STM32CubeIDE\plugins\com.st.stm32cube.common.mx_6.9.1.202307191849\\db\/mcu/
2023-11-28 09:14:06,442 [INFO] ApiDb:274 - Set plugin database path to: C:\ST\STM32CubeIDE_1.4.0\STM32CubeIDE\plugins\com.st.stm32cube.common.mx_6.9.1.202307191849\\db\/plugins/boardmanager/
2023-11-28 09:14:06,445 [WARN] ApiDb:259 - Overriding images path with different value:  => C:\ST\STM32CubeIDE_1.4.0\STM32CubeIDE\plugins\com.st.stm32cube.common.mx_6.9.1.202307191849\\db\/plugins/mcufinder/images/
2023-11-28 09:14:06,487 [INFO] ApiDb:250 - Set database path to: C:\Users\Minh\.stmcufinder\plugins\mcufinder//mcu/
2023-11-28 09:14:06,490 [INFO] DbMcusAds:125 - Set database path to: C:\Users\Minh\.stmcufinder\plugins\mcufinder//mcu/
2023-11-28 09:14:06,497 [INFO] CrossReferenceDbSqlite:203 - Set database path to: C:\Users\Minh\.stmcufinder\plugins\mcufinder//mcu/cs/
2023-11-28 09:14:06,944 [INFO] RulesReader:64 - Compatibility file has been processed (293 Rules)
2023-11-28 09:14:07,292 [INFO] DbMcusXml:78 - Set database path to: C:\ST\STM32CubeIDE_1.4.0\STM32CubeIDE\plugins\com.st.stm32cube.common.mx_6.9.1.202307191849\\db\/mcu/
2023-11-28 09:14:07,292 [INFO] ApiDb:274 - Set plugin database path to: C:\ST\STM32CubeIDE_1.4.0\STM32CubeIDE\plugins\com.st.stm32cube.common.mx_6.9.1.202307191849\\db\/plugins/boardmanager/
2023-11-28 09:14:07,293 [INFO] ApiDb:261 - Set plugin images path to: C:\ST\STM32CubeIDE_1.4.0\STM32CubeIDE\plugins\com.st.stm32cube.common.mx_6.9.1.202307191849\\db\/plugins/mcufinder/images/
2023-11-28 09:14:07,294 [WARN] DbFile:41 - Overriding database path with different value: C:\Users\Minh\.stmcufinder\plugins\mcufinder/ => C:\Users\Minh\.stmcufinder\plugins\mcufinder
2023-11-28 09:14:07,294 [INFO] ApiDb:250 - Set database path to: C:\Users\Minh\.stmcufinder\plugins\mcufinder//mcu/
2023-11-28 09:14:07,295 [WARN] DbFile:41 - Overriding database path with different value: C:\Users\Minh\.stmcufinder\plugins\mcufinder/ => C:\Users\Minh\.stmcufinder\plugins\mcufinder
2023-11-28 09:14:07,295 [INFO] DbMcusAds:125 - Set database path to: C:\Users\Minh\.stmcufinder\plugins\mcufinder//mcu/
2023-11-28 09:14:07,295 [WARN] DbFile:41 - Overriding database path with different value: C:\Users\Minh\.stmcufinder\plugins\mcufinder/ => C:\Users\Minh\.stmcufinder\plugins\mcufinder
2023-11-28 09:14:07,296 [WARN] DbFile:41 - Overriding database path with different value: C:\Users\Minh\.stmcufinder\plugins\mcufinder/ => C:\Users\Minh\.stmcufinder\plugins\mcufinder
2023-11-28 09:14:07,327 [INFO] CrossReferenceDbSqlite:203 - Set database path to: C:\Users\Minh\.stmcufinder\plugins\mcufinder//mcu/cs/
2023-11-28 09:14:07,703 [INFO] MainPanel:262 - HeapMemory: 268435456
2023-11-28 09:14:08,022 [INFO] DbMcusXml:78 - Set database path to: C:\ST\STM32CubeIDE_1.4.0\STM32CubeIDE\plugins\com.st.stm32cube.common.mx_6.9.1.202307191849\\db\/mcu/
2023-11-28 09:14:08,023 [INFO] ApiDb:274 - Set plugin database path to: C:\ST\STM32CubeIDE_1.4.0\STM32CubeIDE\plugins\com.st.stm32cube.common.mx_6.9.1.202307191849\\db\/plugins/boardmanager/
2023-11-28 09:14:08,023 [INFO] ApiDb:261 - Set plugin images path to: C:\ST\STM32CubeIDE_1.4.0\STM32CubeIDE\plugins\com.st.stm32cube.common.mx_6.9.1.202307191849\\db\/plugins/mcufinder/images/
2023-11-28 09:14:08,024 [WARN] DbFile:41 - Overriding database path with different value: C:\Users\Minh\.stmcufinder\plugins\mcufinder/ => C:\Users\Minh\.stmcufinder\plugins\mcufinder
2023-11-28 09:14:08,025 [INFO] ApiDb:250 - Set database path to: C:\Users\Minh\.stmcufinder\plugins\mcufinder//mcu/
2023-11-28 09:14:08,025 [WARN] DbFile:41 - Overriding database path with different value: C:\Users\Minh\.stmcufinder\plugins\mcufinder/ => C:\Users\Minh\.stmcufinder\plugins\mcufinder
2023-11-28 09:14:08,025 [INFO] DbMcusAds:125 - Set database path to: C:\Users\Minh\.stmcufinder\plugins\mcufinder//mcu/
2023-11-28 09:14:08,026 [WARN] DbFile:41 - Overriding database path with different value: C:\Users\Minh\.stmcufinder\plugins\mcufinder/ => C:\Users\Minh\.stmcufinder\plugins\mcufinder
2023-11-28 09:14:08,026 [WARN] DbFile:41 - Overriding database path with different value: C:\Users\Minh\.stmcufinder\plugins\mcufinder/ => C:\Users\Minh\.stmcufinder\plugins\mcufinder
2023-11-28 09:14:08,026 [INFO] CrossReferenceDbSqlite:203 - Set database path to: C:\Users\Minh\.stmcufinder\plugins\mcufinder//mcu/cs/
2023-11-28 09:14:08,066 [INFO] ApplicationProperties:184 - Using Application install path: C:\ST\STM32CubeIDE_1.4.0\STM32CubeIDE\plugins\com.st.stm32cube.common.mx_6.9.1.202307191849
2023-11-28 09:14:08,069 [INFO] PluginManage:196 - Search for loadable plugins [exclusion list=, ]
2023-11-28 09:14:08,073 [INFO] PluginManage:310 - Check plugin analytics
2023-11-28 09:14:13,207 [INFO] AnalyticsPlugin:253 - Accepted Software Licenses: STM32CubeMX.6.0.0,STM32CubeMX.5.2.0
2023-11-28 09:14:13,208 [INFO] AnalyticsPlugin:255 - Accepted CMSIS Pack Licenses: 
2023-11-28 09:14:13,209 [INFO] AnalyticsPlugin:257 - Accepted Firmware Licenses: 
2023-11-28 09:14:13,270 [INFO] PluginManage:359 - Loaded plugin analytics (category:tool,tabindex:-1)
2023-11-28 09:14:13,271 [INFO] PluginManage:310 - Check plugin cadmodel
2023-11-28 09:14:13,346 [INFO] CADModel:105 - Init CAD model plugin
2023-11-28 09:14:13,346 [INFO] PluginManage:359 - Loaded plugin cadmodel (category:power,tabindex:5)
2023-11-28 09:14:13,347 [INFO] PluginManage:310 - Check plugin clock
2023-11-28 09:14:13,405 [INFO] PluginManage:359 - Loaded plugin clock (category:base,tabindex:2)
2023-11-28 09:14:13,405 [INFO] PluginManage:310 - Check plugin ddr
2023-11-28 09:14:13,412 [INFO] PluginManage:359 - Loaded plugin ddr (category:tool,tabindex:6)
2023-11-28 09:14:13,412 [INFO] PluginManage:310 - Check plugin filemanager
2023-11-28 09:14:13,840 [INFO] PluginManage:359 - Loaded plugin filemanager (category:base,tabindex:10)
2023-11-28 09:14:13,841 [INFO] PluginManage:310 - Check plugin ipmanager
2023-11-28 09:14:13,873 [INFO] PluginManage:359 - Loaded plugin ipmanager (category:base,tabindex:5)
2023-11-28 09:14:13,874 [INFO] PluginManage:310 - Check plugin lpbam
2023-11-28 09:14:13,937 [INFO] PluginManage:359 - Loaded plugin lpbam (category:base,tabindex:0)
2023-11-28 09:14:13,938 [INFO] PluginManage:310 - Check plugin memorymap
2023-11-28 09:14:14,018 [INFO] PluginManage:359 - Loaded plugin memorymap (category:base,tabindex:4)
2023-11-28 09:14:14,018 [INFO] PluginManage:310 - Check plugin pinoutandconfiguration
2023-11-28 09:14:14,077 [INFO] PluginManage:359 - Loaded plugin pinoutandconfiguration (category:base,tabindex:1)
2023-11-28 09:14:14,077 [INFO] PluginManage:310 - Check plugin pinoutconfig
2023-11-28 09:14:14,422 [WARN] SupportedApi:132 - Cannot load RTOS API schema: s4s-elt-must-match.1: The content of 'definitions' must match (annotation?, (simpleType | complexType)?, (unique | key | keyref)*)). A problem was found starting at: attribute.
2023-11-28 09:14:14,884 [INFO] PluginManage:359 - Loaded plugin pinoutconfig (category:base,tabindex:0)
2023-11-28 09:14:14,885 [INFO] PluginManage:310 - Check plugin power
2023-11-28 09:14:14,943 [INFO] PluginManage:359 - Loaded plugin power (category:power,tabindex:4)
2023-11-28 09:14:14,944 [INFO] PluginManage:310 - Check plugin projectmanager
2023-11-28 09:14:14,986 [INFO] PluginManage:359 - Loaded plugin projectmanager (category:projectmanager,tabindex:3)
2023-11-28 09:14:14,987 [INFO] PluginManage:310 - Check plugin thirdparty
2023-11-28 09:14:15,818 [INFO] PluginManage:359 - Loaded plugin thirdparty (category:base,tabindex:-1)
2023-11-28 09:14:15,818 [WARN] IntegrityCheckThread:84 - waiting for thirdparty lock release [integrity check]
2023-11-28 09:14:15,819 [INFO] PluginManage:310 - Check plugin tools
2023-11-28 09:14:15,819 [INFO] IntegrityCheckThread:86 - entering critical section [integrity check]
2023-11-28 09:14:15,820 [INFO] ThirdPartyUpdaterWithRetryManager:70 - Updater plugin not ready yet. [1/15]
2023-11-28 09:14:15,924 [INFO] PluginManage:359 - Loaded plugin tools (category:base,tabindex:7)
2023-11-28 09:14:15,925 [INFO] PluginManage:310 - Check plugin tutovideos
2023-11-28 09:14:16,536 [INFO] PluginManage:359 - Loaded plugin tutovideos (category:base,tabindex:-1)
2023-11-28 09:14:16,537 [INFO] PluginManage:310 - Check plugin updater
2023-11-28 09:14:16,575 [INFO] PluginManage:359 - Loaded plugin updater (category:base,tabindex:12)
2023-11-28 09:14:16,576 [INFO] PluginManage:310 - Check plugin userauth
2023-11-28 09:14:16,589 [INFO] UserAuth:113 - Init User Auth plugin
2023-11-28 09:14:16,589 [INFO] PluginManage:359 - Loaded plugin userauth (category:base,tabindex:14)
2023-11-28 09:14:16,591 [INFO] PluginManage:283 - PluginManage : Loaded plugins [17]
2023-11-28 09:14:17,240 [INFO] PinOutPanel:1499 - setPackage(No Configuration,No Configuration)
2023-11-28 09:14:17,584 [INFO] CADModel:165 - CPN selected for project level
2023-11-28 09:14:17,585 [INFO] CADModel:114 - Register for checkConnection events
2023-11-28 09:14:17,661 [INFO] IPUIPlugin:80 - create IPUIPlugin
2023-11-28 09:14:17,661 [INFO] PluginManager:220 - loadIPPluginJar : add adc
2023-11-28 09:14:17,775 [INFO] IPUIPlugin:80 - create IPUIPlugin
2023-11-28 09:14:17,776 [INFO] PluginManager:220 - loadIPPluginJar : add aes
2023-11-28 09:14:17,909 [INFO] IPUIPlugin:80 - create IPUIPlugin
2023-11-28 09:14:17,909 [INFO] PluginManager:220 - loadIPPluginJar : add can
2023-11-28 09:14:17,982 [INFO] IPUIPlugin:80 - create IPUIPlugin
2023-11-28 09:14:17,982 [INFO] PluginManager:220 - loadIPPluginJar : add comp
2023-11-28 09:14:18,085 [INFO] IPUIPlugin:80 - create IPUIPlugin
2023-11-28 09:14:18,086 [INFO] PluginManager:220 - loadIPPluginJar : add cryp
2023-11-28 09:14:18,178 [INFO] IPUIPlugin:80 - create IPUIPlugin
2023-11-28 09:14:18,178 [INFO] PluginManager:220 - loadIPPluginJar : add dfsdm
2023-11-28 09:14:18,223 [INFO] IPUIPlugin:80 - create IPUIPlugin
2023-11-28 09:14:18,225 [INFO] PluginManager:220 - loadIPPluginJar : add dma
2023-11-28 09:14:18,359 [INFO] IPUIPlugin:80 - create IPUIPlugin
2023-11-28 09:14:18,360 [INFO] PluginManager:220 - loadIPPluginJar : add dma3
2023-11-28 09:14:18,421 [INFO] IPUIPlugin:80 - create IPUIPlugin
2023-11-28 09:14:18,421 [INFO] PluginManager:220 - loadIPPluginJar : add fatfs
2023-11-28 09:14:18,586 [INFO] IPUIPlugin:80 - create IPUIPlugin
2023-11-28 09:14:18,587 [INFO] PluginManager:220 - loadIPPluginJar : add fmc
2023-11-28 09:14:18,658 [INFO] IPUIPlugin:80 - create IPUIPlugin
2023-11-28 09:14:18,659 [INFO] PluginManager:220 - loadIPPluginJar : add freertos
2023-11-28 09:14:18,723 [INFO] IPUIPlugin:80 - create IPUIPlugin
2023-11-28 09:14:18,723 [INFO] PluginManager:220 - loadIPPluginJar : add genericplugin
2023-11-28 09:14:18,822 [INFO] ThirdPartyUpdaterWithRetryManager:70 - Updater plugin not ready yet. [2/15]
2023-11-28 09:14:19,060 [INFO] IPUIPlugin:80 - create IPUIPlugin
2023-11-28 09:14:19,061 [INFO] PluginManager:220 - loadIPPluginJar : add gfxmmu
2023-11-28 09:14:19,536 [INFO] IPUIPlugin:80 - create IPUIPlugin
2023-11-28 09:14:19,536 [INFO] PluginManager:220 - loadIPPluginJar : add gic
2023-11-28 09:14:19,586 [INFO] IPUIPlugin:80 - create IPUIPlugin
2023-11-28 09:14:19,587 [INFO] PluginManager:220 - loadIPPluginJar : add gpio
2023-11-28 09:14:19,940 [INFO] IPUIPlugin:80 - create IPUIPlugin
2023-11-28 09:14:19,941 [INFO] PluginManager:220 - loadIPPluginJar : add gtzc
2023-11-28 09:14:20,084 [INFO] IPUIPlugin:80 - create IPUIPlugin
2023-11-28 09:14:20,085 [INFO] PluginManager:220 - loadIPPluginJar : add hash
2023-11-28 09:14:20,247 [INFO] IPUIPlugin:80 - create IPUIPlugin
2023-11-28 09:14:20,248 [INFO] PluginManager:220 - loadIPPluginJar : add i2c
2023-11-28 09:14:20,380 [INFO] IPUIPlugin:80 - create IPUIPlugin
2023-11-28 09:14:20,380 [INFO] PluginManager:220 - loadIPPluginJar : add i2s
2023-11-28 09:14:20,522 [INFO] IPUIPlugin:80 - create IPUIPlugin
2023-11-28 09:14:20,523 [INFO] PluginManager:220 - loadIPPluginJar : add i3c
2023-11-28 09:14:20,945 [INFO] IPUIPlugin:80 - create IPUIPlugin
2023-11-28 09:14:20,946 [INFO] PluginManager:220 - loadIPPluginJar : add ipddr
2023-11-28 09:14:21,264 [INFO] IPUIPlugin:80 - create IPUIPlugin
2023-11-28 09:14:21,264 [INFO] PluginManager:220 - loadIPPluginJar : add linkedlist
2023-11-28 09:14:21,387 [INFO] IPUIPlugin:80 - create IPUIPlugin
2023-11-28 09:14:21,389 [INFO] PluginManager:220 - loadIPPluginJar : add lorawan
2023-11-28 09:14:21,526 [INFO] IPUIPlugin:80 - create IPUIPlugin
2023-11-28 09:14:21,526 [INFO] PluginManager:220 - loadIPPluginJar : add ltdc
2023-11-28 09:14:21,575 [INFO] IPUIPlugin:80 - create IPUIPlugin
2023-11-28 09:14:21,576 [INFO] PluginManager:220 - loadIPPluginJar : add mdma
2023-11-28 09:14:21,615 [INFO] IPUIPlugin:80 - create IPUIPlugin
2023-11-28 09:14:21,616 [INFO] PluginManager:220 - loadIPPluginJar : add nvic
2023-11-28 09:14:21,781 [INFO] IPUIPlugin:80 - create IPUIPlugin
2023-11-28 09:14:21,782 [INFO] PluginManager:220 - loadIPPluginJar : add opamp
2023-11-28 09:14:21,823 [INFO] ThirdPartyUpdaterWithRetryManager:70 - Updater plugin not ready yet. [3/15]
2023-11-28 09:14:21,982 [INFO] IPUIPlugin:80 - create IPUIPlugin
2023-11-28 09:14:21,982 [INFO] PluginManager:220 - loadIPPluginJar : add openamp
2023-11-28 09:14:22,170 [INFO] IPUIPlugin:80 - create IPUIPlugin
2023-11-28 09:14:22,170 [INFO] PluginManager:220 - loadIPPluginJar : add pdm2pcm
2023-11-28 09:14:22,215 [INFO] IPUIPlugin:80 - create IPUIPlugin
2023-11-28 09:14:22,222 [INFO] PluginManager:220 - loadIPPluginJar : add plateformsettings
2023-11-28 09:14:22,291 [INFO] IPUIPlugin:80 - create IPUIPlugin
2023-11-28 09:14:22,292 [INFO] PluginManager:220 - loadIPPluginJar : add quadspi
2023-11-28 09:14:22,329 [INFO] IPUIPlugin:80 - create IPUIPlugin
2023-11-28 09:14:22,330 [INFO] PluginManager:220 - loadIPPluginJar : add resmgrutility
2023-11-28 09:14:22,492 [INFO] IPUIPlugin:80 - create IPUIPlugin
2023-11-28 09:14:22,492 [INFO] PluginManager:220 - loadIPPluginJar : add sai
2023-11-28 09:14:22,607 [INFO] IPUIPlugin:80 - create IPUIPlugin
2023-11-28 09:14:22,608 [INFO] PluginManager:220 - loadIPPluginJar : add spi
2023-11-28 09:14:22,803 [INFO] IPUIPlugin:80 - create IPUIPlugin
2023-11-28 09:14:22,804 [INFO] PluginManager:220 - loadIPPluginJar : add stm32_wpan
2023-11-28 09:14:22,871 [INFO] IPUIPlugin:80 - create IPUIPlugin
2023-11-28 09:14:22,872 [INFO] PluginManager:220 - loadIPPluginJar : add tim
2023-11-28 09:14:23,022 [INFO] IPUIPlugin:80 - create IPUIPlugin
2023-11-28 09:14:23,023 [INFO] PluginManager:220 - loadIPPluginJar : add touchsensing
2023-11-28 09:14:23,082 [INFO] IPUIPlugin:80 - create IPUIPlugin
2023-11-28 09:14:23,082 [INFO] PluginManager:220 - loadIPPluginJar : add tracer_emb
2023-11-28 09:14:23,148 [INFO] IPUIPlugin:80 - create IPUIPlugin
2023-11-28 09:14:23,149 [INFO] PluginManager:220 - loadIPPluginJar : add ts
2023-11-28 09:14:23,216 [INFO] IPUIPlugin:80 - create IPUIPlugin
2023-11-28 09:14:23,216 [INFO] PluginManager:220 - loadIPPluginJar : add tsc
2023-11-28 09:14:23,273 [INFO] IPUIPlugin:80 - create IPUIPlugin
2023-11-28 09:14:23,273 [INFO] PluginManager:220 - loadIPPluginJar : add ucpd
2023-11-28 09:14:23,395 [INFO] IPUIPlugin:80 - create IPUIPlugin
2023-11-28 09:14:23,395 [INFO] PluginManager:220 - loadIPPluginJar : add usart
2023-11-28 09:14:23,522 [INFO] IPUIPlugin:80 - create IPUIPlugin
2023-11-28 09:14:23,522 [INFO] PluginManager:220 - loadIPPluginJar : add usbx
2023-11-28 09:14:23,763 [INFO] CADModel:165 - CPN selected for project level
2023-11-28 09:14:23,764 [INFO] CADModel:114 - Register for checkConnection events
2023-11-28 09:14:23,764 [FATAL] Updater:308 - Updater called before beeing initialized
2023-11-28 09:14:23,765 [ERROR] CADModel:125 - Updater not yet initialized, retry later 
2023-11-28 09:14:24,112 [INFO] CADModel:165 - CPN selected for project level
2023-11-28 09:14:24,113 [INFO] CADModel:114 - Register for checkConnection events
2023-11-28 09:14:24,113 [FATAL] Updater:308 - Updater called before beeing initialized
2023-11-28 09:14:24,113 [ERROR] CADModel:125 - Updater not yet initialized, retry later 
2023-11-28 09:14:24,120 [FATAL] Updater:308 - Updater called before beeing initialized
2023-11-28 09:14:24,458 [FATAL] Updater:308 - Updater called before beeing initialized
2023-11-28 09:14:24,478 [INFO] DbMcusAds:53 - JSON generation date=Tue Mar 07 17:50:55 JST 2023 (1678179055114)
2023-11-28 09:14:24,479 [FATAL] Updater:308 - Updater called before beeing initialized
2023-11-28 09:14:24,730 [WARN] DetailPanel:346 - Failed to get advertising image, set to default
2023-11-28 09:14:24,824 [INFO] ThirdPartyUpdaterWithRetryManager:70 - Updater plugin not ready yet. [4/15]
2023-11-28 09:14:25,010 [FATAL] Updater:308 - Updater called before beeing initialized
2023-11-28 09:14:25,016 [FATAL] Updater:308 - Updater called before beeing initialized
2023-11-28 09:14:25,016 [FATAL] Updater:308 - Updater called before beeing initialized
2023-11-28 09:14:25,017 [WARN] DetailPanel:346 - Failed to get advertising image, set to default
2023-11-28 09:14:25,019 [FATAL] Updater:308 - Updater called before beeing initialized
2023-11-28 09:14:25,182 [ERROR] Updater:1120 - MainUpdater not yet initialized. External WinMGr cannot be set.
2023-11-28 09:14:25,209 [INFO] Updater:1056 - Updater Version found : 6.9.1
2023-11-28 09:14:25,255 [INFO] ApplicationProperties:184 - Using Application install path: C:\ST\STM32CubeIDE_1.4.0\STM32CubeIDE\plugins\com.st.stm32cube.common.mx_6.9.1.202307191849
2023-11-28 09:14:25,642 [INFO] MainUpdater:2868 - connection check result : 10
2023-11-28 09:14:25,649 [INFO] MainUpdater:285 - Updater Check For Update Now.
2023-11-28 09:14:25,650 [INFO] MicroXplorer:498 - Change Database Version : DB.6.0.91
2023-11-28 09:14:25,702 [INFO] McuFinderGlobals:63 - Set McuFinder mode to 2 (CubeIDE integrated)
2023-11-28 09:14:25,704 [INFO] UserAuth:179 - activating auth plugin
2023-11-28 09:14:25,765 [INFO] UserAuth:393 - Internet connection configuration mode: 1
2023-11-28 09:14:25,869 [INFO] JxBrowserEngine:151 - Initiate JxBrowser Engine with user profile folder
2023-11-28 09:14:25,995 [INFO] CheckServerUpdateThread:120 - End of CheckServer Thread
2023-11-28 09:14:28,247 [INFO] WebApp:157 - Instantiating new browser for Auth
2023-11-28 09:14:28,656 [WARN] PackLoader:240 - Cannot read IP mode file for STMicroelectronics.X-CUBE-SMBUS.2.1.0
2023-11-28 09:14:28,866 [WARN] PackLoader:240 - Cannot read IP mode file for STMicroelectronics.X-CUBE-AZRTOS-F7.1.1.0
2023-11-28 09:14:28,923 [ERROR] RealEvaluatedCondition:428 - Found unsupported composite condition: CLASS='Data Exchange' GROUP='STM32_MetaDataManager'
2023-11-28 09:14:28,924 [ERROR] RealEvaluatedCondition:428 - Found unsupported composite condition: CLASS='Data Exchange' GROUP='STM32_MetaDataManager'
2023-11-28 09:14:28,928 [WARN] PackLoader:240 - Cannot read IP mode file for STMicroelectronics.FP-SNS-MOTENV1.4.3.0
2023-11-28 09:14:28,956 [WARN] PackLoader:240 - Cannot read IP mode file for STMicroelectronics.FP-SNS-MOTENV1.4.3.2
2023-11-28 09:14:28,974 [WARN] PackLoader:240 - Cannot read IP mode file for STMicroelectronics.FP-SNS-FLIGHT1.5.0.0
2023-11-28 09:14:28,991 [ERROR] RealEvaluatedCondition:428 - Found unsupported composite condition: GROUP='STM32_MetaDataManager' CLASS='Data Exchange'
2023-11-28 09:14:28,992 [ERROR] RealEvaluatedCondition:428 - Found unsupported composite condition: GROUP='STM32_MetaDataManager' CLASS='Data Exchange'
2023-11-28 09:14:28,997 [WARN] PackLoader:240 - Cannot read IP mode file for STMicroelectronics.FP-SNS-MOTENV1.4.3.1
2023-11-28 09:14:29,023 [WARN] PackLoader:240 - Cannot read IP mode file for STMicroelectronics.FP-SNS-FLIGHT1.5.0.1
2023-11-28 09:14:29,058 [WARN] PackLoader:240 - Cannot read IP mode file for STMicroelectronics.X-CUBE-BLE1.6.2.4
2023-11-28 09:14:29,075 [WARN] PackLoader:240 - Cannot read IP mode file for STMicroelectronics.FP-SNS-FLIGHT1.5.0.2
2023-11-28 09:14:29,125 [WARN] PackLoader:240 - Cannot read IP mode file for STMicroelectronics.X-CUBE-DISPLAY.3.0.0
2023-11-28 09:14:29,155 [WARN] PackLoader:240 - Cannot read IP mode file for STMicroelectronics.X-CUBE-BLE1.7.0.0
2023-11-28 09:14:29,171 [WARN] PackLoader:240 - Cannot read IP mode file for STMicroelectronics.X-CUBE-TOUCHGFX.4.22.0
2023-11-28 09:14:29,178 [WARN] PackLoader:240 - Cannot read IP mode file for STMicroelectronics.X-CUBE-TOUCHGFX.4.22.1
2023-11-28 09:14:29,192 [WARN] PackLoader:240 - Cannot read IP mode file for STMicroelectronics.FP-SNS-SMARTAG2.1.2.0
2023-11-28 09:14:29,233 [INFO] LogOutputStream:77 - [STDOUT_REDIRECT] 1 : Invalid condition id : UX_CORESTACK_Condition cause : null
2023-11-28 09:14:29,234 [INFO] LogOutputStream:77 - [STDOUT_REDIRECT] 1 : Invalid condition id : UX_CORESTACK_Condition cause : null
2023-11-28 09:14:29,242 [INFO] LogOutputStream:77 - [STDOUT_REDIRECT] 1 : Invalid condition id : UX_CORESTACK_Condition cause : null
2023-11-28 09:14:29,248 [INFO] LogOutputStream:77 - [STDOUT_REDIRECT] 1 : Invalid condition id : UX_CORESTACK_Condition cause : null
2023-11-28 09:14:29,253 [INFO] LogOutputStream:77 - [STDOUT_REDIRECT] 1 : Invalid condition id : UX_CORESTACK_Condition cause : null
2023-11-28 09:14:29,301 [WARN] PackLoader:240 - Cannot read IP mode file for STMicroelectronics.X-CUBE-AZRTOS-WL.2.0.0
2023-11-28 09:14:29,335 [WARN] PackLoader:240 - Cannot read IP mode file for WES.I-CUBE-Cesium.1.3.0
2023-11-28 09:14:29,355 [WARN] PackLoader:240 - Cannot read IP mode file for STMicroelectronics.X-CUBE-BLE2.3.3.0
2023-11-28 09:14:29,390 [WARN] PackLoader:240 - Cannot read IP mode file for STMicroelectronics.X-CUBE-TOF1.3.2.0
2023-11-28 09:14:29,440 [WARN] PackLoader:240 - Cannot read IP mode file for STMicroelectronics.X-CUBE-TOUCHGFX.4.21.1
2023-11-28 09:14:29,471 [WARN] PackLoader:240 - Cannot read IP mode file for STMicroelectronics.X-CUBE-TOUCHGFX.4.21.3
2023-11-28 09:14:29,479 [WARN] PackLoader:240 - Cannot read IP mode file for STMicroelectronics.X-CUBE-TOUCHGFX.4.21.4
2023-11-28 09:14:29,505 [WARN] PackLoader:240 - Cannot read IP mode file for STMicroelectronics.X-CUBE-ALGOBUILD.1.3.0
2023-11-28 09:14:29,558 [WARN] PackLoader:240 - Cannot read IP mode file for STMicroelectronics.X-CUBE-AZRTOS-G0.1.1.0
2023-11-28 09:14:29,591 [WARN] PackLoader:240 - Cannot read IP mode file for STMicroelectronics.X-CUBE-NFC4.3.0.0
2023-11-28 09:14:29,656 [WARN] PackLoader:240 - Cannot read IP mode file for STMicroelectronics.X-CUBE-BLEMGR.3.0.0
2023-11-28 09:14:29,722 [WARN] PackLoader:240 - Cannot read IP mode file for STMicroelectronics.FP-ATR-SIGFOX1.3.2.0
2023-11-28 09:14:30,010 [WARN] PackLoader:240 - Cannot read IP mode file for STMicroelectronics.X-CUBE-MEMS1.9.5.0
2023-11-28 09:14:31,032 [WARN] PackLoader:240 - Cannot read IP mode file for SEGGER.I-CUBE-embOS.1.3.1
2023-11-28 09:14:31,205 [WARN] PackLoader:240 - Cannot read IP mode file for STMicroelectronics.X-CUBE-GNSS1.6.0.0
2023-11-28 09:14:31,279 [WARN] PackLoader:240 - Cannot read IP mode file for STMicroelectronics.X-CUBE-AZRTOS-F4.1.1.0
2023-11-28 09:14:31,328 [INFO] WebApp:753 - Register for checkConnection events
2023-11-28 09:14:31,329 [WARN] PackLoader:240 - Cannot read IP mode file for STMicroelectronics.X-CUBE-AZRTOS-L5.2.0.0
2023-11-28 09:14:31,329 [INFO] WebApp:390 - Apply proxy settings
2023-11-28 09:14:31,331 [INFO] WebApp:475 - Chromium requires no authentication
2023-11-28 09:14:31,364 [INFO] WebApp:418 - Direct internet connection detected
2023-11-28 09:14:31,517 [WARN] PackLoader:240 - Cannot read IP mode file for STMicroelectronics.X-CUBE-MEMS1.9.6.0
2023-11-28 09:14:32,064 [WARN] PackLoader:240 - Cannot read IP mode file for STMicroelectronics.X-CUBE-EEPRMA1.4.2.0
2023-11-28 09:14:32,081 [WARN] PackLoader:240 - Cannot read IP mode file for ITTIA_DB.I-CUBE-ITTIADB.8.8.0
2023-11-28 09:14:32,100 [WARN] PackLoader:240 - Cannot read IP mode file for emotas.I-CUBE-CANOPEN.1.1.3
2023-11-28 09:14:32,105 [INFO] WebApp:188 - Starting web application
2023-11-28 09:14:32,106 [INFO] WebApp:520 - Web application path used C:\ST\STM32CubeIDE_1.4.0\STM32CubeIDE\plugins\com.st.stm32cube.common.mx_6.9.1.202307191849\db\plugins\mcufinder\reactClient1\index.html
2023-11-28 09:14:32,119 [WARN] PackLoader:240 - Cannot read IP mode file for STMicroelectronics.X-CUBE-BLEMGR.2.0.0
2023-11-28 09:14:32,192 [WARN] ConditionMgr:438 - getConditionDescription Invalid condition id : UX DEVICE CLASS RTOS Condition cause : null
2023-11-28 09:14:32,193 [WARN] ConditionMgr:438 - getConditionDescription Invalid condition id : UX DEVICE CLASS RTOS Condition cause : null
2023-11-28 09:14:32,225 [WARN] PackLoader:240 - Cannot read IP mode file for STMicroelectronics.X-CUBE-AZRTOS-H7.3.1.0
2023-11-28 09:14:32,228 [WARN] ConditionMgr:1039 - genDependencies : Invalid condition id : UX DEVICE CLASS RTOS Condition cause : null
2023-11-28 09:14:32,229 [WARN] ConditionMgr:1039 - genDependencies : Invalid condition id : UX DEVICE CLASS RTOS Condition cause : null
2023-11-28 09:14:32,230 [WARN] ConditionMgr:1039 - genDependencies : Invalid condition id : UX DEVICE CLASS RTOS Condition cause : null
2023-11-28 09:14:32,231 [WARN] ConditionMgr:1039 - genDependencies : Invalid condition id : UX DEVICE CLASS RTOS Condition cause : null
2023-11-28 09:14:32,231 [WARN] ConditionMgr:1039 - genDependencies : Invalid condition id : UX DEVICE CLASS RTOS Condition cause : null
2023-11-28 09:14:32,254 [WARN] PackLoader:240 - Cannot read IP mode file for wolfSSL.I-CUBE-wolfSSL.5.5.4
2023-11-28 09:14:32,274 [WARN] PackLoader:240 - Cannot read IP mode file for STMicroelectronics.X-CUBE-NFC7.1.0.1
2023-11-28 09:14:32,288 [WARN] PackLoader:240 - Cannot read IP mode file for STMicroelectronics.X-CUBE-NFC7.1.0.0
2023-11-28 09:14:32,328 [WARN] PackLoader:240 - Cannot read IP mode file for STMicroelectronics.X-CUBE-NFC6.3.0.0
2023-11-28 09:14:32,382 [WARN] PackLoader:240 - Cannot read IP mode file for STMicroelectronics.X-CUBE-EEPRMA1.4.1.0
2023-11-28 09:14:32,400 [WARN] PackLoader:240 - Cannot read IP mode file for STMicroelectronics.X-CUBE-AI.8.1.0
2023-11-28 09:14:32,513 [WARN] ConditionMgr:438 - getConditionDescription Invalid condition id : LAN8742 Phy interface Condition cause : null
2023-11-28 09:14:32,515 [WARN] PackLoader:240 - Cannot read IP mode file for STMicroelectronics.X-CUBE-AZRTOS-L4.2.0.0
2023-11-28 09:14:32,517 [WARN] ConditionMgr:1039 - genDependencies : Invalid condition id : LAN8742 Phy interface Condition cause : null
2023-11-28 09:14:32,518 [WARN] ConditionMgr:1039 - genDependencies : Invalid condition id : LAN8742 Phy interface Condition cause : null
2023-11-28 09:14:32,519 [WARN] ConditionMgr:1039 - genDependencies : Invalid condition id : LAN8742 Phy interface Condition cause : null
2023-11-28 09:14:32,582 [WARN] PackLoader:240 - Cannot read IP mode file for STMicroelectronics.X-CUBE-SFXS2LP1.4.0.0
2023-11-28 09:14:32,716 [WARN] PackLoader:240 - Cannot read IP mode file for STMicroelectronics.X-CUBE-AZRTOS-H7.3.0.0
2023-11-28 09:14:32,761 [WARN] PackLoader:240 - Cannot read IP mode file for STMicroelectronics.X-CUBE-ISPU.1.1.0
2023-11-28 09:14:32,794 [WARN] PackLoader:240 - Cannot read IP mode file for RoweBots.I-CUBE-UNISONRTOS.5.5.0-4
2023-11-28 09:14:32,811 [WARN] PackLoader:240 - Cannot read IP mode file for STMicroelectronics.X-CUBE-AI.8.0.0
2023-11-28 09:14:33,003 [WARN] ConditionMgr:438 - getConditionDescription Invalid condition id : UX DEVICE CLASS RTOS Condition cause : null
2023-11-28 09:14:33,003 [WARN] ConditionMgr:438 - getConditionDescription Invalid condition id : UX DEVICE CLASS RTOS Condition cause : null
2023-11-28 09:14:33,016 [WARN] PackLoader:240 - Cannot read IP mode file for STMicroelectronics.X-CUBE-AZRTOS-WB.2.0.0
2023-11-28 09:14:33,018 [WARN] ConditionMgr:1039 - genDependencies : Invalid condition id : UX DEVICE CLASS RTOS Condition cause : null
2023-11-28 09:14:33,018 [WARN] ConditionMgr:1039 - genDependencies : Invalid condition id : UX DEVICE CLASS RTOS Condition cause : null
2023-11-28 09:14:33,019 [WARN] ConditionMgr:1039 - genDependencies : Invalid condition id : UX DEVICE CLASS RTOS Condition cause : null
2023-11-28 09:14:33,021 [WARN] ConditionMgr:1039 - genDependencies : Invalid condition id : UX DEVICE CLASS RTOS Condition cause : null
2023-11-28 09:14:33,021 [WARN] ConditionMgr:1039 - genDependencies : Invalid condition id : UX DEVICE CLASS RTOS Condition cause : null
2023-11-28 09:14:33,072 [WARN] PackLoader:240 - Cannot read IP mode file for STMicroelectronics.X-CUBE-FREERTOS.1.0.0
2023-11-28 09:14:33,084 [WARN] PackLoader:240 - Cannot read IP mode file for STMicroelectronics.X-CUBE-FREERTOS.1.0.1
2023-11-28 09:14:33,156 [WARN] PackLoader:240 - Cannot read IP mode file for STMicroelectronics.X-CUBE-AZRTOS-L5.1.1.0
2023-11-28 09:14:33,214 [WARN] PackLoader:240 - Cannot read IP mode file for STMicroelectronics.X-CUBE-AI.8.0.1
2023-11-28 09:14:33,298 [WARN] PackLoader:240 - Cannot read IP mode file for STMicroelectronics.X-CUBE-SUBG2.5.0.0
2023-11-28 09:14:33,346 [WARN] PackLoader:240 - Cannot read IP mode file for STMicroelectronics.X-CUBE-TOF1.3.3.1
2023-11-28 09:14:33,411 [WARN] PackLoader:240 - Cannot read IP mode file for STMicroelectronics.X-CUBE-AZRTOS-G4.2.0.0
2023-11-28 09:14:33,437 [WARN] PackLoader:240 - Cannot read IP mode file for STMicroelectronics.X-CUBE-TOF1.3.3.0
2023-11-28 09:14:33,498 [WARN] PackLoader:240 - Cannot read IP mode file for STMicroelectronics.FP-ATR-ASTRA1.1.1.1
2023-11-28 09:14:33,539 [WARN] PackLoader:240 - Cannot read IP mode file for Infineon.AIROC-Wi-Fi-Bluetooth-STM32.1.5.1
2023-11-28 09:14:33,593 [WARN] PackLoader:240 - Cannot read IP mode file for STMicroelectronics.FP-SNS-MOTENVWB1.1.3.0
2023-11-28 09:14:33,685 [WARN] PackLoader:240 - Cannot read IP mode file for STMicroelectronics.X-CUBE-AZRTOS-G4.1.0.0
2023-11-28 09:14:33,745 [WARN] PackLoader:240 - Cannot read IP mode file for STMicroelectronics.X-CUBE-AZRTOS-L4.1.0.0
2023-11-28 09:14:33,906 [WARN] PackLoader:240 - Cannot read IP mode file for STMicroelectronics.X-CUBE-MEMS1.10.0.0
2023-11-28 09:14:34,354 [WARN] PackLoader:240 - Cannot read IP mode file for STMicroelectronics.X-CUBE-FREERTOS.1.1.0
2023-11-28 09:14:34,404 [WARN] PackLoader:240 - Cannot read IP mode file for STMicroelectronics.X-CUBE-AZRTOS-WL.1.0.0
2023-11-28 09:14:34,421 [WARN] PackLoader:240 - Cannot read IP mode file for portGmbH.I-Cube-SoM-uGOAL.1.1.0
2023-11-28 09:14:34,437 [WARN] PackLoader:240 - Cannot read IP mode file for STMicroelectronics.X-CUBE-ALS.1.0.1
2023-11-28 09:14:34,467 [WARN] PackLoader:240 - Cannot read IP mode file for STMicroelectronics.X-CUBE-AZRTOS-WB.1.1.0
2023-11-28 09:14:34,480 [WARN] PackLoader:240 - Cannot read IP mode file for STMicroelectronics.FP-ATR-ASTRA1.2.0.0
2023-11-28 09:14:34,501 [WARN] PackLoader:240 - Cannot read IP mode file for STMicroelectronics.X-CUBE-TOF1.3.4.0
2023-11-28 09:14:34,529 [INFO] ThirdParty:978 - Integrity check success = true
2023-11-28 09:14:34,530 [INFO] IntegrityCheckThread:100 - exiting critical section [integrity check]
2023-11-28 09:14:34,530 [INFO] IntegrityCheckThread:103 - End integrity checks thread
2023-11-28 09:39:33,570 [ERROR] LogOutputStream:75 - [STDERR_REDIRECT] SLF4J: Failed to load class "org.slf4j.impl.StaticLoggerBinder".
2023-11-28 09:39:33,571 [ERROR] LogOutputStream:75 - [STDERR_REDIRECT] SLF4J: Defaulting to no-operation (NOP) logger implementation
2023-11-28 09:39:33,575 [ERROR] LogOutputStream:75 - [STDERR_REDIRECT] SLF4J: See http://www.slf4j.org/codes.html#StaticLoggerBinder for further details.
2023-11-28 18:01:18,989 [ERROR] LogOutputStream:75 - [STDERR_REDIRECT] 
2023-11-28 20:39:20,864 [INFO] Activator:176 - 


2023-11-28 20:39:20,871 [INFO] Activator:177 - !SESSION log4j initialized
2023-11-28 20:39:37,261 [INFO] LogOutputStream:77 - [STDOUT_REDIRECT] 
2023-11-28 20:39:45,931 [INFO] ApplicationProperties:184 - Using Application install path: C:\ST\STM32CubeIDE_1.4.0\STM32CubeIDE\plugins\com.st.stm32cube.common.mx_6.9.1.202307191849
2023-11-28 20:39:45,969 [INFO] DbMcusXml:78 - Set database path to: C:\ST\STM32CubeIDE_1.4.0\STM32CubeIDE\plugins\com.st.stm32cube.common.mx_6.9.1.202307191849\\db\/mcu/
2023-11-28 20:39:45,970 [INFO] ApiDb:274 - Set plugin database path to: C:\ST\STM32CubeIDE_1.4.0\STM32CubeIDE\plugins\com.st.stm32cube.common.mx_6.9.1.202307191849\\db\/plugins/boardmanager/
2023-11-28 20:39:45,971 [WARN] ApiDb:259 - Overriding images path with different value:  => C:\ST\STM32CubeIDE_1.4.0\STM32CubeIDE\plugins\com.st.stm32cube.common.mx_6.9.1.202307191849\\db\/plugins/mcufinder/images/
2023-11-28 20:39:45,999 [INFO] ApiDb:250 - Set database path to: C:\Users\Minh\.stmcufinder\plugins\mcufinder//mcu/
2023-11-28 20:39:46,003 [INFO] DbMcusAds:125 - Set database path to: C:\Users\Minh\.stmcufinder\plugins\mcufinder//mcu/
2023-11-28 20:39:46,008 [INFO] CrossReferenceDbSqlite:203 - Set database path to: C:\Users\Minh\.stmcufinder\plugins\mcufinder//mcu/cs/
2023-11-28 20:39:46,355 [INFO] RulesReader:64 - Compatibility file has been processed (293 Rules)
2023-11-28 20:39:46,604 [INFO] DbMcusXml:78 - Set database path to: C:\ST\STM32CubeIDE_1.4.0\STM32CubeIDE\plugins\com.st.stm32cube.common.mx_6.9.1.202307191849\\db\/mcu/
2023-11-28 20:39:46,605 [INFO] ApiDb:274 - Set plugin database path to: C:\ST\STM32CubeIDE_1.4.0\STM32CubeIDE\plugins\com.st.stm32cube.common.mx_6.9.1.202307191849\\db\/plugins/boardmanager/
2023-11-28 20:39:46,605 [INFO] ApiDb:261 - Set plugin images path to: C:\ST\STM32CubeIDE_1.4.0\STM32CubeIDE\plugins\com.st.stm32cube.common.mx_6.9.1.202307191849\\db\/plugins/mcufinder/images/
2023-11-28 20:39:46,606 [WARN] DbFile:41 - Overriding database path with different value: C:\Users\Minh\.stmcufinder\plugins\mcufinder/ => C:\Users\Minh\.stmcufinder\plugins\mcufinder
2023-11-28 20:39:46,606 [INFO] ApiDb:250 - Set database path to: C:\Users\Minh\.stmcufinder\plugins\mcufinder//mcu/
2023-11-28 20:39:46,606 [WARN] DbFile:41 - Overriding database path with different value: C:\Users\Minh\.stmcufinder\plugins\mcufinder/ => C:\Users\Minh\.stmcufinder\plugins\mcufinder
2023-11-28 20:39:46,606 [INFO] DbMcusAds:125 - Set database path to: C:\Users\Minh\.stmcufinder\plugins\mcufinder//mcu/
2023-11-28 20:39:46,607 [WARN] DbFile:41 - Overriding database path with different value: C:\Users\Minh\.stmcufinder\plugins\mcufinder/ => C:\Users\Minh\.stmcufinder\plugins\mcufinder
2023-11-28 20:39:46,607 [WARN] DbFile:41 - Overriding database path with different value: C:\Users\Minh\.stmcufinder\plugins\mcufinder/ => C:\Users\Minh\.stmcufinder\plugins\mcufinder
2023-11-28 20:39:46,607 [INFO] CrossReferenceDbSqlite:203 - Set database path to: C:\Users\Minh\.stmcufinder\plugins\mcufinder//mcu/cs/
2023-11-28 20:39:46,863 [INFO] MainPanel:262 - HeapMemory: 268435456
2023-11-28 20:39:47,071 [INFO] DbMcusXml:78 - Set database path to: C:\ST\STM32CubeIDE_1.4.0\STM32CubeIDE\plugins\com.st.stm32cube.common.mx_6.9.1.202307191849\\db\/mcu/
2023-11-28 20:39:47,071 [INFO] ApiDb:274 - Set plugin database path to: C:\ST\STM32CubeIDE_1.4.0\STM32CubeIDE\plugins\com.st.stm32cube.common.mx_6.9.1.202307191849\\db\/plugins/boardmanager/
2023-11-28 20:39:47,071 [INFO] ApiDb:261 - Set plugin images path to: C:\ST\STM32CubeIDE_1.4.0\STM32CubeIDE\plugins\com.st.stm32cube.common.mx_6.9.1.202307191849\\db\/plugins/mcufinder/images/
2023-11-28 20:39:47,072 [WARN] DbFile:41 - Overriding database path with different value: C:\Users\Minh\.stmcufinder\plugins\mcufinder/ => C:\Users\Minh\.stmcufinder\plugins\mcufinder
2023-11-28 20:39:47,072 [INFO] ApiDb:250 - Set database path to: C:\Users\Minh\.stmcufinder\plugins\mcufinder//mcu/
2023-11-28 20:39:47,072 [WARN] DbFile:41 - Overriding database path with different value: C:\Users\Minh\.stmcufinder\plugins\mcufinder/ => C:\Users\Minh\.stmcufinder\plugins\mcufinder
2023-11-28 20:39:47,073 [INFO] DbMcusAds:125 - Set database path to: C:\Users\Minh\.stmcufinder\plugins\mcufinder//mcu/
2023-11-28 20:39:47,073 [WARN] DbFile:41 - Overriding database path with different value: C:\Users\Minh\.stmcufinder\plugins\mcufinder/ => C:\Users\Minh\.stmcufinder\plugins\mcufinder
2023-11-28 20:39:47,073 [WARN] DbFile:41 - Overriding database path with different value: C:\Users\Minh\.stmcufinder\plugins\mcufinder/ => C:\Users\Minh\.stmcufinder\plugins\mcufinder
2023-11-28 20:39:47,073 [INFO] CrossReferenceDbSqlite:203 - Set database path to: C:\Users\Minh\.stmcufinder\plugins\mcufinder//mcu/cs/
2023-11-28 20:39:47,111 [INFO] ApplicationProperties:184 - Using Application install path: C:\ST\STM32CubeIDE_1.4.0\STM32CubeIDE\plugins\com.st.stm32cube.common.mx_6.9.1.202307191849
2023-11-28 20:39:47,114 [INFO] PluginManage:196 - Search for loadable plugins [exclusion list=, ]
2023-11-28 20:39:47,118 [INFO] PluginManage:310 - Check plugin analytics
2023-11-28 20:39:52,000 [INFO] AnalyticsPlugin:253 - Accepted Software Licenses: STM32CubeMX.6.0.0,STM32CubeMX.5.2.0
2023-11-28 20:39:52,001 [INFO] AnalyticsPlugin:255 - Accepted CMSIS Pack Licenses: 
2023-11-28 20:39:52,001 [INFO] AnalyticsPlugin:257 - Accepted Firmware Licenses: 
2023-11-28 20:39:52,004 [INFO] PluginManage:359 - Loaded plugin analytics (category:tool,tabindex:-1)
2023-11-28 20:39:52,005 [INFO] PluginManage:310 - Check plugin cadmodel
2023-11-28 20:39:52,024 [INFO] CADModel:105 - Init CAD model plugin
2023-11-28 20:39:52,025 [INFO] PluginManage:359 - Loaded plugin cadmodel (category:power,tabindex:5)
2023-11-28 20:39:52,025 [INFO] PluginManage:310 - Check plugin clock
2023-11-28 20:39:52,051 [INFO] PluginManage:359 - Loaded plugin clock (category:base,tabindex:2)
2023-11-28 20:39:52,051 [INFO] PluginManage:310 - Check plugin ddr
2023-11-28 20:39:52,054 [INFO] PluginManage:359 - Loaded plugin ddr (category:tool,tabindex:6)
2023-11-28 20:39:52,055 [INFO] PluginManage:310 - Check plugin filemanager
2023-11-28 20:39:52,244 [INFO] PluginManage:359 - Loaded plugin filemanager (category:base,tabindex:10)
2023-11-28 20:39:52,245 [INFO] PluginManage:310 - Check plugin ipmanager
2023-11-28 20:39:52,254 [INFO] PluginManage:359 - Loaded plugin ipmanager (category:base,tabindex:5)
2023-11-28 20:39:52,255 [INFO] PluginManage:310 - Check plugin lpbam
2023-11-28 20:39:52,282 [INFO] PluginManage:359 - Loaded plugin lpbam (category:base,tabindex:0)
2023-11-28 20:39:52,282 [INFO] PluginManage:310 - Check plugin memorymap
2023-11-28 20:39:52,310 [INFO] PluginManage:359 - Loaded plugin memorymap (category:base,tabindex:4)
2023-11-28 20:39:52,310 [INFO] PluginManage:310 - Check plugin pinoutandconfiguration
2023-11-28 20:39:52,335 [INFO] PluginManage:359 - Loaded plugin pinoutandconfiguration (category:base,tabindex:1)
2023-11-28 20:39:52,335 [INFO] PluginManage:310 - Check plugin pinoutconfig
2023-11-28 20:39:52,488 [WARN] SupportedApi:132 - Cannot load RTOS API schema: s4s-elt-must-match.1: The content of 'definitions' must match (annotation?, (simpleType | complexType)?, (unique | key | keyref)*)). A problem was found starting at: attribute.
2023-11-28 20:39:52,693 [INFO] PluginManage:359 - Loaded plugin pinoutconfig (category:base,tabindex:0)
2023-11-28 20:39:52,693 [INFO] PluginManage:310 - Check plugin power
2023-11-28 20:39:52,728 [INFO] PluginManage:359 - Loaded plugin power (category:power,tabindex:4)
2023-11-28 20:39:52,729 [INFO] PluginManage:310 - Check plugin projectmanager
2023-11-28 20:39:52,749 [INFO] PluginManage:359 - Loaded plugin projectmanager (category:projectmanager,tabindex:3)
2023-11-28 20:39:52,750 [INFO] PluginManage:310 - Check plugin thirdparty
2023-11-28 20:39:53,140 [INFO] PluginManage:359 - Loaded plugin thirdparty (category:base,tabindex:-1)
2023-11-28 20:39:53,140 [WARN] IntegrityCheckThread:84 - waiting for thirdparty lock release [integrity check]
2023-11-28 20:39:53,140 [INFO] PluginManage:310 - Check plugin tools
2023-11-28 20:39:53,140 [INFO] IntegrityCheckThread:86 - entering critical section [integrity check]
2023-11-28 20:39:53,141 [INFO] ThirdPartyUpdaterWithRetryManager:70 - Updater plugin not ready yet. [1/15]
2023-11-28 20:39:53,190 [INFO] PluginManage:359 - Loaded plugin tools (category:base,tabindex:7)
2023-11-28 20:39:53,190 [INFO] PluginManage:310 - Check plugin tutovideos
2023-11-28 20:39:53,528 [INFO] PluginManage:359 - Loaded plugin tutovideos (category:base,tabindex:-1)
2023-11-28 20:39:53,529 [INFO] PluginManage:310 - Check plugin updater
2023-11-28 20:39:53,549 [INFO] PluginManage:359 - Loaded plugin updater (category:base,tabindex:12)
2023-11-28 20:39:53,549 [INFO] PluginManage:310 - Check plugin userauth
2023-11-28 20:39:53,560 [INFO] UserAuth:113 - Init User Auth plugin
2023-11-28 20:39:53,560 [INFO] PluginManage:359 - Loaded plugin userauth (category:base,tabindex:14)
2023-11-28 20:39:53,561 [INFO] PluginManage:283 - PluginManage : Loaded plugins [17]
2023-11-28 20:39:54,061 [INFO] PinOutPanel:1499 - setPackage(No Configuration,No Configuration)
2023-11-28 20:39:54,307 [INFO] CADModel:165 - CPN selected for project level
2023-11-28 20:39:54,308 [INFO] CADModel:114 - Register for checkConnection events
2023-11-28 20:39:54,365 [INFO] IPUIPlugin:80 - create IPUIPlugin
2023-11-28 20:39:54,365 [INFO] PluginManager:220 - loadIPPluginJar : add adc
2023-11-28 20:39:54,456 [INFO] IPUIPlugin:80 - create IPUIPlugin
2023-11-28 20:39:54,456 [INFO] PluginManager:220 - loadIPPluginJar : add aes
2023-11-28 20:39:54,549 [INFO] IPUIPlugin:80 - create IPUIPlugin
2023-11-28 20:39:54,549 [INFO] PluginManager:220 - loadIPPluginJar : add can
2023-11-28 20:39:54,604 [INFO] IPUIPlugin:80 - create IPUIPlugin
2023-11-28 20:39:54,604 [INFO] PluginManager:220 - loadIPPluginJar : add comp
2023-11-28 20:39:54,686 [INFO] IPUIPlugin:80 - create IPUIPlugin
2023-11-28 20:39:54,687 [INFO] PluginManager:220 - loadIPPluginJar : add cryp
2023-11-28 20:39:54,766 [INFO] IPUIPlugin:80 - create IPUIPlugin
2023-11-28 20:39:54,766 [INFO] PluginManager:220 - loadIPPluginJar : add dfsdm
2023-11-28 20:39:54,800 [INFO] IPUIPlugin:80 - create IPUIPlugin
2023-11-28 20:39:54,802 [INFO] PluginManager:220 - loadIPPluginJar : add dma
2023-11-28 20:39:54,912 [INFO] IPUIPlugin:80 - create IPUIPlugin
2023-11-28 20:39:54,912 [INFO] PluginManager:220 - loadIPPluginJar : add dma3
2023-11-28 20:39:54,953 [INFO] IPUIPlugin:80 - create IPUIPlugin
2023-11-28 20:39:54,953 [INFO] PluginManager:220 - loadIPPluginJar : add fatfs
2023-11-28 20:39:55,061 [INFO] IPUIPlugin:80 - create IPUIPlugin
2023-11-28 20:39:55,061 [INFO] PluginManager:220 - loadIPPluginJar : add fmc
2023-11-28 20:39:55,093 [INFO] IPUIPlugin:80 - create IPUIPlugin
2023-11-28 20:39:55,094 [INFO] PluginManager:220 - loadIPPluginJar : add freertos
2023-11-28 20:39:55,142 [INFO] IPUIPlugin:80 - create IPUIPlugin
2023-11-28 20:39:55,142 [INFO] PluginManager:220 - loadIPPluginJar : add genericplugin
2023-11-28 20:39:55,373 [INFO] IPUIPlugin:80 - create IPUIPlugin
2023-11-28 20:39:55,373 [INFO] PluginManager:220 - loadIPPluginJar : add gfxmmu
2023-11-28 20:39:55,678 [INFO] IPUIPlugin:80 - create IPUIPlugin
2023-11-28 20:39:55,679 [INFO] PluginManager:220 - loadIPPluginJar : add gic
2023-11-28 20:39:55,708 [INFO] IPUIPlugin:80 - create IPUIPlugin
2023-11-28 20:39:55,709 [INFO] PluginManager:220 - loadIPPluginJar : add gpio
2023-11-28 20:39:55,928 [INFO] IPUIPlugin:80 - create IPUIPlugin
2023-11-28 20:39:55,928 [INFO] PluginManager:220 - loadIPPluginJar : add gtzc
2023-11-28 20:39:56,009 [INFO] IPUIPlugin:80 - create IPUIPlugin
2023-11-28 20:39:56,009 [INFO] PluginManager:220 - loadIPPluginJar : add hash
2023-11-28 20:39:56,123 [INFO] IPUIPlugin:80 - create IPUIPlugin
2023-11-28 20:39:56,123 [INFO] PluginManager:220 - loadIPPluginJar : add i2c
2023-11-28 20:39:56,142 [INFO] ThirdPartyUpdaterWithRetryManager:70 - Updater plugin not ready yet. [2/15]
2023-11-28 20:39:56,213 [INFO] IPUIPlugin:80 - create IPUIPlugin
2023-11-28 20:39:56,214 [INFO] PluginManager:220 - loadIPPluginJar : add i2s
2023-11-28 20:39:56,304 [INFO] IPUIPlugin:80 - create IPUIPlugin
2023-11-28 20:39:56,304 [INFO] PluginManager:220 - loadIPPluginJar : add i3c
2023-11-28 20:39:56,573 [INFO] IPUIPlugin:80 - create IPUIPlugin
2023-11-28 20:39:56,573 [INFO] PluginManager:220 - loadIPPluginJar : add ipddr
2023-11-28 20:39:56,784 [INFO] IPUIPlugin:80 - create IPUIPlugin
2023-11-28 20:39:56,784 [INFO] PluginManager:220 - loadIPPluginJar : add linkedlist
2023-11-28 20:39:56,874 [INFO] IPUIPlugin:80 - create IPUIPlugin
2023-11-28 20:39:56,874 [INFO] PluginManager:220 - loadIPPluginJar : add lorawan
2023-11-28 20:39:56,955 [INFO] IPUIPlugin:80 - create IPUIPlugin
2023-11-28 20:39:56,956 [INFO] PluginManager:220 - loadIPPluginJar : add ltdc
2023-11-28 20:39:56,983 [INFO] IPUIPlugin:80 - create IPUIPlugin
2023-11-28 20:39:56,983 [INFO] PluginManager:220 - loadIPPluginJar : add mdma
2023-11-28 20:39:57,007 [INFO] IPUIPlugin:80 - create IPUIPlugin
2023-11-28 20:39:57,008 [INFO] PluginManager:220 - loadIPPluginJar : add nvic
2023-11-28 20:39:57,091 [INFO] IPUIPlugin:80 - create IPUIPlugin
2023-11-28 20:39:57,092 [INFO] PluginManager:220 - loadIPPluginJar : add opamp
2023-11-28 20:39:57,245 [INFO] IPUIPlugin:80 - create IPUIPlugin
2023-11-28 20:39:57,246 [INFO] PluginManager:220 - loadIPPluginJar : add openamp
2023-11-28 20:39:57,339 [INFO] IPUIPlugin:80 - create IPUIPlugin
2023-11-28 20:39:57,340 [INFO] PluginManager:220 - loadIPPluginJar : add pdm2pcm
2023-11-28 20:39:57,372 [INFO] IPUIPlugin:80 - create IPUIPlugin
2023-11-28 20:39:57,377 [INFO] PluginManager:220 - loadIPPluginJar : add plateformsettings
2023-11-28 20:39:57,428 [INFO] IPUIPlugin:80 - create IPUIPlugin
2023-11-28 20:39:57,429 [INFO] PluginManager:220 - loadIPPluginJar : add quadspi
2023-11-28 20:39:57,462 [INFO] IPUIPlugin:80 - create IPUIPlugin
2023-11-28 20:39:57,462 [INFO] PluginManager:220 - loadIPPluginJar : add resmgrutility
2023-11-28 20:39:57,580 [INFO] IPUIPlugin:80 - create IPUIPlugin
2023-11-28 20:39:57,580 [INFO] PluginManager:220 - loadIPPluginJar : add sai
2023-11-28 20:39:57,658 [INFO] IPUIPlugin:80 - create IPUIPlugin
2023-11-28 20:39:57,658 [INFO] PluginManager:220 - loadIPPluginJar : add spi
2023-11-28 20:39:57,793 [INFO] IPUIPlugin:80 - create IPUIPlugin
2023-11-28 20:39:57,793 [INFO] PluginManager:220 - loadIPPluginJar : add stm32_wpan
2023-11-28 20:39:57,855 [INFO] IPUIPlugin:80 - create IPUIPlugin
2023-11-28 20:39:57,856 [INFO] PluginManager:220 - loadIPPluginJar : add tim
2023-11-28 20:39:57,977 [INFO] IPUIPlugin:80 - create IPUIPlugin
2023-11-28 20:39:57,977 [INFO] PluginManager:220 - loadIPPluginJar : add touchsensing
2023-11-28 20:39:58,033 [INFO] IPUIPlugin:80 - create IPUIPlugin
2023-11-28 20:39:58,034 [INFO] PluginManager:220 - loadIPPluginJar : add tracer_emb
2023-11-28 20:39:58,093 [INFO] IPUIPlugin:80 - create IPUIPlugin
2023-11-28 20:39:58,093 [INFO] PluginManager:220 - loadIPPluginJar : add ts
2023-11-28 20:39:58,143 [INFO] IPUIPlugin:80 - create IPUIPlugin
2023-11-28 20:39:58,144 [INFO] PluginManager:220 - loadIPPluginJar : add tsc
2023-11-28 20:39:58,195 [INFO] IPUIPlugin:80 - create IPUIPlugin
2023-11-28 20:39:58,195 [INFO] PluginManager:220 - loadIPPluginJar : add ucpd
2023-11-28 20:39:58,301 [INFO] IPUIPlugin:80 - create IPUIPlugin
2023-11-28 20:39:58,302 [INFO] PluginManager:220 - loadIPPluginJar : add usart
2023-11-28 20:39:58,415 [INFO] IPUIPlugin:80 - create IPUIPlugin
2023-11-28 20:39:58,415 [INFO] PluginManager:220 - loadIPPluginJar : add usbx
2023-11-28 20:39:58,623 [INFO] CADModel:165 - CPN selected for project level
2023-11-28 20:39:58,623 [INFO] CADModel:114 - Register for checkConnection events
2023-11-28 20:39:58,624 [FATAL] Updater:308 - Updater called before beeing initialized
2023-11-28 20:39:58,624 [ERROR] CADModel:125 - Updater not yet initialized, retry later 
2023-11-28 20:39:58,964 [INFO] CADModel:165 - CPN selected for project level
2023-11-28 20:39:58,964 [INFO] CADModel:114 - Register for checkConnection events
2023-11-28 20:39:58,965 [FATAL] Updater:308 - Updater called before beeing initialized
2023-11-28 20:39:58,965 [ERROR] CADModel:125 - Updater not yet initialized, retry later 
2023-11-28 20:39:58,974 [FATAL] Updater:308 - Updater called before beeing initialized
2023-11-28 20:39:59,144 [INFO] ThirdPartyUpdaterWithRetryManager:70 - Updater plugin not ready yet. [3/15]
2023-11-28 20:39:59,219 [FATAL] Updater:308 - Updater called before beeing initialized
2023-11-28 20:39:59,237 [INFO] DbMcusAds:53 - JSON generation date=Tue Mar 07 17:50:55 JST 2023 (1678179055114)
2023-11-28 20:39:59,238 [FATAL] Updater:308 - Updater called before beeing initialized
2023-11-28 20:39:59,426 [WARN] DetailPanel:346 - Failed to get advertising image, set to default
2023-11-28 20:39:59,686 [FATAL] Updater:308 - Updater called before beeing initialized
2023-11-28 20:39:59,690 [FATAL] Updater:308 - Updater called before beeing initialized
2023-11-28 20:39:59,690 [FATAL] Updater:308 - Updater called before beeing initialized
2023-11-28 20:39:59,690 [WARN] DetailPanel:346 - Failed to get advertising image, set to default
2023-11-28 20:39:59,692 [FATAL] Updater:308 - Updater called before beeing initialized
2023-11-28 20:39:59,839 [ERROR] Updater:1120 - MainUpdater not yet initialized. External WinMGr cannot be set.
2023-11-28 20:39:59,860 [INFO] Updater:1056 - Updater Version found : 6.9.1
2023-11-28 20:39:59,900 [INFO] ApplicationProperties:184 - Using Application install path: C:\ST\STM32CubeIDE_1.4.0\STM32CubeIDE\plugins\com.st.stm32cube.common.mx_6.9.1.202307191849
2023-11-28 20:40:00,278 [INFO] MainUpdater:2868 - connection check result : 10
2023-11-28 20:40:00,279 [INFO] MainUpdater:285 - Updater Check For Update Now.
2023-11-28 20:40:00,280 [INFO] MicroXplorer:498 - Change Database Version : DB.6.0.91
2023-11-28 20:40:00,315 [INFO] McuFinderGlobals:63 - Set McuFinder mode to 2 (CubeIDE integrated)
2023-11-28 20:40:00,316 [INFO] UserAuth:179 - activating auth plugin
2023-11-28 20:40:00,322 [INFO] UserAuth:393 - Internet connection configuration mode: 1
2023-11-28 20:40:00,365 [INFO] JxBrowserEngine:151 - Initiate JxBrowser Engine with user profile folder
2023-11-28 20:40:00,620 [INFO] CheckServerUpdateThread:120 - End of CheckServer Thread
2023-11-28 20:40:02,408 [INFO] WebApp:157 - Instantiating new browser for Auth
2023-11-28 20:40:02,742 [WARN] PackLoader:240 - Cannot read IP mode file for STMicroelectronics.X-CUBE-SMBUS.2.1.0
2023-11-28 20:40:02,899 [WARN] PackLoader:240 - Cannot read IP mode file for STMicroelectronics.X-CUBE-AZRTOS-F7.1.1.0
2023-11-28 20:40:02,972 [ERROR] RealEvaluatedCondition:428 - Found unsupported composite condition: CLASS='Data Exchange' GROUP='STM32_MetaDataManager'
2023-11-28 20:40:02,973 [ERROR] RealEvaluatedCondition:428 - Found unsupported composite condition: GROUP='STM32_MetaDataManager' CLASS='Data Exchange'
2023-11-28 20:40:02,978 [WARN] PackLoader:240 - Cannot read IP mode file for STMicroelectronics.FP-SNS-MOTENV1.4.3.0
2023-11-28 20:40:03,005 [WARN] PackLoader:240 - Cannot read IP mode file for STMicroelectronics.FP-SNS-MOTENV1.4.3.2
2023-11-28 20:40:03,022 [WARN] PackLoader:240 - Cannot read IP mode file for STMicroelectronics.FP-SNS-FLIGHT1.5.0.0
2023-11-28 20:40:03,035 [ERROR] RealEvaluatedCondition:428 - Found unsupported composite condition: GROUP='STM32_MetaDataManager' CLASS='Data Exchange'
2023-11-28 20:40:03,035 [ERROR] RealEvaluatedCondition:428 - Found unsupported composite condition: CLASS='Data Exchange' GROUP='STM32_MetaDataManager'
2023-11-28 20:40:03,039 [WARN] PackLoader:240 - Cannot read IP mode file for STMicroelectronics.FP-SNS-MOTENV1.4.3.1
2023-11-28 20:40:03,054 [WARN] PackLoader:240 - Cannot read IP mode file for STMicroelectronics.FP-SNS-FLIGHT1.5.0.1
2023-11-28 20:40:03,078 [WARN] PackLoader:240 - Cannot read IP mode file for STMicroelectronics.X-CUBE-BLE1.6.2.4
2023-11-28 20:40:03,097 [WARN] PackLoader:240 - Cannot read IP mode file for STMicroelectronics.FP-SNS-FLIGHT1.5.0.2
2023-11-28 20:40:03,119 [WARN] PackLoader:240 - Cannot read IP mode file for STMicroelectronics.X-CUBE-DISPLAY.3.0.0
2023-11-28 20:40:03,148 [WARN] PackLoader:240 - Cannot read IP mode file for STMicroelectronics.X-CUBE-BLE1.7.0.0
2023-11-28 20:40:03,177 [WARN] PackLoader:240 - Cannot read IP mode file for STMicroelectronics.X-CUBE-TOUCHGFX.4.22.0
2023-11-28 20:40:03,189 [WARN] PackLoader:240 - Cannot read IP mode file for STMicroelectronics.X-CUBE-TOUCHGFX.4.22.1
2023-11-28 20:40:03,269 [WARN] PackLoader:240 - Cannot read IP mode file for STMicroelectronics.FP-SNS-SMARTAG2.1.2.0
2023-11-28 20:40:03,302 [INFO] LogOutputStream:77 - [STDOUT_REDIRECT] 1 : Invalid condition id : UX_CORESTACK_Condition cause : null
2023-11-28 20:40:03,304 [INFO] LogOutputStream:77 - [STDOUT_REDIRECT] 1 : Invalid condition id : UX_CORESTACK_Condition cause : null
2023-11-28 20:40:03,310 [INFO] LogOutputStream:77 - [STDOUT_REDIRECT] 1 : Invalid condition id : UX_CORESTACK_Condition cause : null
2023-11-28 20:40:03,317 [INFO] LogOutputStream:77 - [STDOUT_REDIRECT] 1 : Invalid condition id : UX_CORESTACK_Condition cause : null
2023-11-28 20:40:03,321 [INFO] LogOutputStream:77 - [STDOUT_REDIRECT] 1 : Invalid condition id : UX_CORESTACK_Condition cause : null
2023-11-28 20:40:03,334 [WARN] PackLoader:240 - Cannot read IP mode file for STMicroelectronics.X-CUBE-AZRTOS-WL.2.0.0
2023-11-28 20:40:03,378 [WARN] PackLoader:240 - Cannot read IP mode file for WES.I-CUBE-Cesium.1.3.0
2023-11-28 20:40:03,398 [WARN] PackLoader:240 - Cannot read IP mode file for STMicroelectronics.X-CUBE-BLE2.3.3.0
2023-11-28 20:40:03,427 [WARN] PackLoader:240 - Cannot read IP mode file for STMicroelectronics.X-CUBE-TOF1.3.2.0
2023-11-28 20:40:03,475 [WARN] PackLoader:240 - Cannot read IP mode file for STMicroelectronics.X-CUBE-TOUCHGFX.4.21.1
2023-11-28 20:40:03,486 [WARN] PackLoader:240 - Cannot read IP mode file for STMicroelectronics.X-CUBE-TOUCHGFX.4.21.3
2023-11-28 20:40:03,495 [WARN] PackLoader:240 - Cannot read IP mode file for STMicroelectronics.X-CUBE-TOUCHGFX.4.21.4
2023-11-28 20:40:03,516 [WARN] PackLoader:240 - Cannot read IP mode file for STMicroelectronics.X-CUBE-ALGOBUILD.1.3.0
2023-11-28 20:40:03,563 [WARN] PackLoader:240 - Cannot read IP mode file for STMicroelectronics.X-CUBE-AZRTOS-G0.1.1.0
2023-11-28 20:40:03,589 [WARN] PackLoader:240 - Cannot read IP mode file for STMicroelectronics.X-CUBE-NFC4.3.0.0
2023-11-28 20:40:03,629 [WARN] PackLoader:240 - Cannot read IP mode file for STMicroelectronics.X-CUBE-BLEMGR.3.0.0
2023-11-28 20:40:03,647 [WARN] PackLoader:240 - Cannot read IP mode file for STMicroelectronics.FP-ATR-SIGFOX1.3.2.0
2023-11-28 20:40:03,890 [WARN] PackLoader:240 - Cannot read IP mode file for STMicroelectronics.X-CUBE-MEMS1.9.5.0
2023-11-28 20:40:04,519 [WARN] PackLoader:240 - Cannot read IP mode file for SEGGER.I-CUBE-embOS.1.3.1
2023-11-28 20:40:04,682 [WARN] PackLoader:240 - Cannot read IP mode file for STMicroelectronics.X-CUBE-GNSS1.6.0.0
2023-11-28 20:40:04,748 [WARN] PackLoader:240 - Cannot read IP mode file for STMicroelectronics.X-CUBE-AZRTOS-F4.1.1.0
2023-11-28 20:40:04,802 [WARN] PackLoader:240 - Cannot read IP mode file for STMicroelectronics.X-CUBE-AZRTOS-L5.2.0.0
2023-11-28 20:40:04,936 [WARN] PackLoader:240 - Cannot read IP mode file for STMicroelectronics.X-CUBE-MEMS1.9.6.0
2023-11-28 20:40:05,295 [INFO] WebApp:753 - Register for checkConnection events
2023-11-28 20:40:05,296 [INFO] WebApp:390 - Apply proxy settings
2023-11-28 20:40:05,296 [INFO] WebApp:475 - Chromium requires no authentication
2023-11-28 20:40:05,314 [WARN] PackLoader:240 - Cannot read IP mode file for STMicroelectronics.X-CUBE-EEPRMA1.4.2.0
2023-11-28 20:40:05,318 [INFO] WebApp:418 - Direct internet connection detected
2023-11-28 20:40:05,330 [WARN] PackLoader:240 - Cannot read IP mode file for ITTIA_DB.I-CUBE-ITTIADB.8.8.0
2023-11-28 20:40:05,349 [WARN] PackLoader:240 - Cannot read IP mode file for emotas.I-CUBE-CANOPEN.1.1.3
2023-11-28 20:40:05,371 [WARN] PackLoader:240 - Cannot read IP mode file for STMicroelectronics.X-CUBE-BLEMGR.2.0.0
2023-11-28 20:40:05,419 [WARN] ConditionMgr:438 - getConditionDescription Invalid condition id : UX DEVICE CLASS RTOS Condition cause : null
2023-11-28 20:40:05,420 [WARN] ConditionMgr:438 - getConditionDescription Invalid condition id : UX DEVICE CLASS RTOS Condition cause : null
2023-11-28 20:40:05,431 [WARN] PackLoader:240 - Cannot read IP mode file for STMicroelectronics.X-CUBE-AZRTOS-H7.3.1.0
2023-11-28 20:40:05,433 [WARN] ConditionMgr:1039 - genDependencies : Invalid condition id : UX DEVICE CLASS RTOS Condition cause : null
2023-11-28 20:40:05,434 [WARN] ConditionMgr:1039 - genDependencies : Invalid condition id : UX DEVICE CLASS RTOS Condition cause : null
2023-11-28 20:40:05,436 [WARN] ConditionMgr:1039 - genDependencies : Invalid condition id : UX DEVICE CLASS RTOS Condition cause : null
2023-11-28 20:40:05,437 [WARN] ConditionMgr:1039 - genDependencies : Invalid condition id : UX DEVICE CLASS RTOS Condition cause : null
2023-11-28 20:40:05,437 [WARN] ConditionMgr:1039 - genDependencies : Invalid condition id : UX DEVICE CLASS RTOS Condition cause : null
2023-11-28 20:40:05,451 [WARN] PackLoader:240 - Cannot read IP mode file for wolfSSL.I-CUBE-wolfSSL.5.5.4
2023-11-28 20:40:05,465 [WARN] PackLoader:240 - Cannot read IP mode file for STMicroelectronics.X-CUBE-NFC7.1.0.1
2023-11-28 20:40:05,477 [WARN] PackLoader:240 - Cannot read IP mode file for STMicroelectronics.X-CUBE-NFC7.1.0.0
2023-11-28 20:40:05,498 [WARN] PackLoader:240 - Cannot read IP mode file for STMicroelectronics.X-CUBE-NFC6.3.0.0
2023-11-28 20:40:05,514 [WARN] PackLoader:240 - Cannot read IP mode file for STMicroelectronics.X-CUBE-EEPRMA1.4.1.0
2023-11-28 20:40:05,525 [WARN] PackLoader:240 - Cannot read IP mode file for STMicroelectronics.X-CUBE-AI.8.1.0
2023-11-28 20:40:05,570 [WARN] ConditionMgr:438 - getConditionDescription Invalid condition id : LAN8742 Phy interface Condition cause : null
2023-11-28 20:40:05,571 [WARN] PackLoader:240 - Cannot read IP mode file for STMicroelectronics.X-CUBE-AZRTOS-L4.2.0.0
2023-11-28 20:40:05,574 [WARN] ConditionMgr:1039 - genDependencies : Invalid condition id : LAN8742 Phy interface Condition cause : null
2023-11-28 20:40:05,575 [WARN] ConditionMgr:1039 - genDependencies : Invalid condition id : LAN8742 Phy interface Condition cause : null
2023-11-28 20:40:05,577 [WARN] ConditionMgr:1039 - genDependencies : Invalid condition id : LAN8742 Phy interface Condition cause : null
2023-11-28 20:40:05,596 [WARN] PackLoader:240 - Cannot read IP mode file for STMicroelectronics.X-CUBE-SFXS2LP1.4.0.0
2023-11-28 20:40:05,645 [WARN] PackLoader:240 - Cannot read IP mode file for STMicroelectronics.X-CUBE-AZRTOS-H7.3.0.0
2023-11-28 20:40:05,663 [WARN] PackLoader:240 - Cannot read IP mode file for STMicroelectronics.X-CUBE-ISPU.1.1.0
2023-11-28 20:40:05,680 [WARN] PackLoader:240 - Cannot read IP mode file for RoweBots.I-CUBE-UNISONRTOS.5.5.0-4
2023-11-28 20:40:05,688 [WARN] PackLoader:240 - Cannot read IP mode file for STMicroelectronics.X-CUBE-AI.8.0.0
2023-11-28 20:40:06,072 [WARN] ConditionMgr:438 - getConditionDescription Invalid condition id : UX DEVICE CLASS RTOS Condition cause : null
2023-11-28 20:40:06,073 [WARN] ConditionMgr:438 - getConditionDescription Invalid condition id : UX DEVICE CLASS RTOS Condition cause : null
2023-11-28 20:40:06,079 [WARN] PackLoader:240 - Cannot read IP mode file for STMicroelectronics.X-CUBE-AZRTOS-WB.2.0.0
2023-11-28 20:40:06,081 [WARN] ConditionMgr:1039 - genDependencies : Invalid condition id : UX DEVICE CLASS RTOS Condition cause : null
2023-11-28 20:40:06,081 [WARN] ConditionMgr:1039 - genDependencies : Invalid condition id : UX DEVICE CLASS RTOS Condition cause : null
2023-11-28 20:40:06,082 [WARN] ConditionMgr:1039 - genDependencies : Invalid condition id : UX DEVICE CLASS RTOS Condition cause : null
2023-11-28 20:40:06,083 [WARN] ConditionMgr:1039 - genDependencies : Invalid condition id : UX DEVICE CLASS RTOS Condition cause : null
2023-11-28 20:40:06,083 [WARN] ConditionMgr:1039 - genDependencies : Invalid condition id : UX DEVICE CLASS RTOS Condition cause : null
2023-11-28 20:40:06,104 [WARN] PackLoader:240 - Cannot read IP mode file for STMicroelectronics.X-CUBE-FREERTOS.1.0.0
2023-11-28 20:40:06,117 [WARN] PackLoader:240 - Cannot read IP mode file for STMicroelectronics.X-CUBE-FREERTOS.1.0.1
2023-11-28 20:40:06,150 [WARN] PackLoader:240 - Cannot read IP mode file for STMicroelectronics.X-CUBE-AZRTOS-L5.1.1.0
2023-11-28 20:40:06,170 [WARN] PackLoader:240 - Cannot read IP mode file for STMicroelectronics.X-CUBE-AI.8.0.1
2023-11-28 20:40:06,200 [WARN] PackLoader:240 - Cannot read IP mode file for STMicroelectronics.X-CUBE-SUBG2.5.0.0
2023-11-28 20:40:06,245 [WARN] PackLoader:240 - Cannot read IP mode file for STMicroelectronics.X-CUBE-TOF1.3.3.1
2023-11-28 20:40:06,293 [INFO] WebApp:188 - Starting web application
2023-11-28 20:40:06,294 [INFO] WebApp:520 - Web application path used C:\ST\STM32CubeIDE_1.4.0\STM32CubeIDE\plugins\com.st.stm32cube.common.mx_6.9.1.202307191849\db\plugins\mcufinder\reactClient1\index.html
2023-11-28 20:40:06,317 [WARN] PackLoader:240 - Cannot read IP mode file for STMicroelectronics.X-CUBE-AZRTOS-G4.2.0.0
2023-11-28 20:40:06,350 [WARN] PackLoader:240 - Cannot read IP mode file for STMicroelectronics.X-CUBE-TOF1.3.3.0
2023-11-28 20:40:06,443 [WARN] PackLoader:240 - Cannot read IP mode file for STMicroelectronics.FP-ATR-ASTRA1.1.1.1
2023-11-28 20:40:06,507 [WARN] PackLoader:240 - Cannot read IP mode file for Infineon.AIROC-Wi-Fi-Bluetooth-STM32.1.5.1
2023-11-28 20:40:06,549 [WARN] PackLoader:240 - Cannot read IP mode file for STMicroelectronics.FP-SNS-MOTENVWB1.1.3.0
2023-11-28 20:40:06,588 [WARN] PackLoader:240 - Cannot read IP mode file for STMicroelectronics.X-CUBE-AZRTOS-G4.1.0.0
2023-11-28 20:40:06,714 [WARN] PackLoader:240 - Cannot read IP mode file for STMicroelectronics.X-CUBE-AZRTOS-L4.1.0.0
2023-11-28 20:40:06,846 [WARN] PackLoader:240 - Cannot read IP mode file for STMicroelectronics.X-CUBE-MEMS1.10.0.0
2023-11-28 20:40:07,301 [WARN] PackLoader:240 - Cannot read IP mode file for STMicroelectronics.X-CUBE-FREERTOS.1.1.0
2023-11-28 20:40:07,334 [WARN] PackLoader:240 - Cannot read IP mode file for STMicroelectronics.X-CUBE-AZRTOS-WL.1.0.0
2023-11-28 20:40:07,348 [WARN] PackLoader:240 - Cannot read IP mode file for portGmbH.I-Cube-SoM-uGOAL.1.1.0
2023-11-28 20:40:07,362 [WARN] PackLoader:240 - Cannot read IP mode file for STMicroelectronics.X-CUBE-ALS.1.0.1
2023-11-28 20:40:07,398 [WARN] PackLoader:240 - Cannot read IP mode file for STMicroelectronics.X-CUBE-AZRTOS-WB.1.1.0
2023-11-28 20:40:07,410 [WARN] PackLoader:240 - Cannot read IP mode file for STMicroelectronics.FP-ATR-ASTRA1.2.0.0
2023-11-28 20:40:07,433 [WARN] PackLoader:240 - Cannot read IP mode file for STMicroelectronics.X-CUBE-TOF1.3.4.0
2023-11-28 20:40:07,469 [INFO] ThirdParty:978 - Integrity check success = true
2023-11-28 20:40:07,469 [INFO] IntegrityCheckThread:100 - exiting critical section [integrity check]
2023-11-28 20:40:07,469 [INFO] IntegrityCheckThread:103 - End integrity checks thread
2023-11-28 20:52:01,984 [ERROR] LogOutputStream:75 - [STDERR_REDIRECT] SLF4J: Failed to load class "org.slf4j.impl.StaticLoggerBinder".
2023-11-28 20:52:01,985 [ERROR] LogOutputStream:75 - [STDERR_REDIRECT] SLF4J: Defaulting to no-operation (NOP) logger implementation
2023-11-28 20:52:01,989 [ERROR] LogOutputStream:75 - [STDERR_REDIRECT] SLF4J: See http://www.slf4j.org/codes.html#StaticLoggerBinder for further details.
2023-11-28 22:29:19,951 [ERROR] LogOutputStream:75 - [STDERR_REDIRECT] 
