2024-01-23 10:05:08,447 [INFO] Activator:176 - 


2024-01-23 10:05:08,467 [INFO] Activator:177 - !SESSION log4j initialized
2024-01-23 10:05:29,653 [INFO] LogOutputStream:77 - [STDOUT_REDIRECT] 
2024-01-23 10:05:40,646 [INFO] ApplicationProperties:184 - Using Application install path: C:\ST\STM32CubeIDE_1.4.0\STM32CubeIDE\plugins\com.st.stm32cube.common.mx_6.9.1.202307191849
2024-01-23 10:05:40,702 [INFO] DbMcusXml:78 - Set database path to: C:\ST\STM32CubeIDE_1.4.0\STM32CubeIDE\plugins\com.st.stm32cube.common.mx_6.9.1.202307191849\\db\/mcu/
2024-01-23 10:05:40,703 [INFO] ApiDb:274 - Set plugin database path to: C:\ST\STM32CubeIDE_1.4.0\STM32CubeIDE\plugins\com.st.stm32cube.common.mx_6.9.1.202307191849\\db\/plugins/boardmanager/
2024-01-23 10:05:40,704 [WARN] ApiDb:259 - Overriding images path with different value:  => C:\ST\STM32CubeIDE_1.4.0\STM32CubeIDE\plugins\com.st.stm32cube.common.mx_6.9.1.202307191849\\db\/plugins/mcufinder/images/
2024-01-23 10:05:40,741 [INFO] ApiDb:250 - Set database path to: C:\Users\Minh\.stmcufinder\plugins\mcufinder//mcu/
2024-01-23 10:05:40,745 [INFO] DbMcusAds:125 - Set database path to: C:\Users\Minh\.stmcufinder\plugins\mcufinder//mcu/
2024-01-23 10:05:40,775 [INFO] CrossReferenceDbSqlite:203 - Set database path to: C:\Users\Minh\.stmcufinder\plugins\mcufinder//mcu/cs/
2024-01-23 10:05:41,306 [INFO] RulesReader:64 - Compatibility file has been processed (293 Rules)
2024-01-23 10:05:41,608 [INFO] DbMcusXml:78 - Set database path to: C:\ST\STM32CubeIDE_1.4.0\STM32CubeIDE\plugins\com.st.stm32cube.common.mx_6.9.1.202307191849\\db\/mcu/
2024-01-23 10:05:41,609 [INFO] ApiDb:274 - Set plugin database path to: C:\ST\STM32CubeIDE_1.4.0\STM32CubeIDE\plugins\com.st.stm32cube.common.mx_6.9.1.202307191849\\db\/plugins/boardmanager/
2024-01-23 10:05:41,609 [INFO] ApiDb:261 - Set plugin images path to: C:\ST\STM32CubeIDE_1.4.0\STM32CubeIDE\plugins\com.st.stm32cube.common.mx_6.9.1.202307191849\\db\/plugins/mcufinder/images/
2024-01-23 10:05:41,610 [WARN] DbFile:41 - Overriding database path with different value: C:\Users\Minh\.stmcufinder\plugins\mcufinder/ => C:\Users\Minh\.stmcufinder\plugins\mcufinder
2024-01-23 10:05:41,610 [INFO] ApiDb:250 - Set database path to: C:\Users\Minh\.stmcufinder\plugins\mcufinder//mcu/
2024-01-23 10:05:41,611 [WARN] DbFile:41 - Overriding database path with different value: C:\Users\Minh\.stmcufinder\plugins\mcufinder/ => C:\Users\Minh\.stmcufinder\plugins\mcufinder
2024-01-23 10:05:41,611 [INFO] DbMcusAds:125 - Set database path to: C:\Users\Minh\.stmcufinder\plugins\mcufinder//mcu/
2024-01-23 10:05:41,611 [WARN] DbFile:41 - Overriding database path with different value: C:\Users\Minh\.stmcufinder\plugins\mcufinder/ => C:\Users\Minh\.stmcufinder\plugins\mcufinder
2024-01-23 10:05:41,611 [WARN] DbFile:41 - Overriding database path with different value: C:\Users\Minh\.stmcufinder\plugins\mcufinder/ => C:\Users\Minh\.stmcufinder\plugins\mcufinder
2024-01-23 10:05:41,612 [INFO] CrossReferenceDbSqlite:203 - Set database path to: C:\Users\Minh\.stmcufinder\plugins\mcufinder//mcu/cs/
2024-01-23 10:05:41,876 [INFO] MainPanel:262 - HeapMemory: 268435456
2024-01-23 10:05:42,179 [INFO] DbMcusXml:78 - Set database path to: C:\ST\STM32CubeIDE_1.4.0\STM32CubeIDE\plugins\com.st.stm32cube.common.mx_6.9.1.202307191849\\db\/mcu/
2024-01-23 10:05:42,180 [INFO] ApiDb:274 - Set plugin database path to: C:\ST\STM32CubeIDE_1.4.0\STM32CubeIDE\plugins\com.st.stm32cube.common.mx_6.9.1.202307191849\\db\/plugins/boardmanager/
2024-01-23 10:05:42,181 [INFO] ApiDb:261 - Set plugin images path to: C:\ST\STM32CubeIDE_1.4.0\STM32CubeIDE\plugins\com.st.stm32cube.common.mx_6.9.1.202307191849\\db\/plugins/mcufinder/images/
2024-01-23 10:05:42,184 [WARN] DbFile:41 - Overriding database path with different value: C:\Users\Minh\.stmcufinder\plugins\mcufinder/ => C:\Users\Minh\.stmcufinder\plugins\mcufinder
2024-01-23 10:05:42,184 [INFO] ApiDb:250 - Set database path to: C:\Users\Minh\.stmcufinder\plugins\mcufinder//mcu/
2024-01-23 10:05:42,185 [WARN] DbFile:41 - Overriding database path with different value: C:\Users\Minh\.stmcufinder\plugins\mcufinder/ => C:\Users\Minh\.stmcufinder\plugins\mcufinder
2024-01-23 10:05:42,185 [INFO] DbMcusAds:125 - Set database path to: C:\Users\Minh\.stmcufinder\plugins\mcufinder//mcu/
2024-01-23 10:05:42,185 [WARN] DbFile:41 - Overriding database path with different value: C:\Users\Minh\.stmcufinder\plugins\mcufinder/ => C:\Users\Minh\.stmcufinder\plugins\mcufinder
2024-01-23 10:05:42,186 [WARN] DbFile:41 - Overriding database path with different value: C:\Users\Minh\.stmcufinder\plugins\mcufinder/ => C:\Users\Minh\.stmcufinder\plugins\mcufinder
2024-01-23 10:05:42,186 [INFO] CrossReferenceDbSqlite:203 - Set database path to: C:\Users\Minh\.stmcufinder\plugins\mcufinder//mcu/cs/
2024-01-23 10:05:42,246 [INFO] ApplicationProperties:184 - Using Application install path: C:\ST\STM32CubeIDE_1.4.0\STM32CubeIDE\plugins\com.st.stm32cube.common.mx_6.9.1.202307191849
2024-01-23 10:05:42,250 [INFO] PluginManage:196 - Search for loadable plugins [exclusion list=, ]
2024-01-23 10:05:42,254 [INFO] PluginManage:310 - Check plugin analytics
2024-01-23 10:05:47,284 [INFO] AnalyticsPlugin:253 - Accepted Software Licenses: STM32CubeMX.6.0.0,STM32CubeMX.5.2.0
2024-01-23 10:05:47,285 [INFO] AnalyticsPlugin:255 - Accepted CMSIS Pack Licenses: 
2024-01-23 10:05:47,286 [INFO] AnalyticsPlugin:257 - Accepted Firmware Licenses: 
2024-01-23 10:05:47,292 [INFO] PluginManage:359 - Loaded plugin analytics (category:tool,tabindex:-1)
2024-01-23 10:05:47,293 [INFO] PluginManage:310 - Check plugin cadmodel
2024-01-23 10:05:47,340 [INFO] CADModel:105 - Init CAD model plugin
2024-01-23 10:05:47,341 [INFO] PluginManage:359 - Loaded plugin cadmodel (category:power,tabindex:5)
2024-01-23 10:05:47,342 [INFO] PluginManage:310 - Check plugin clock
2024-01-23 10:05:47,464 [INFO] PluginManage:359 - Loaded plugin clock (category:base,tabindex:2)
2024-01-23 10:05:47,465 [INFO] PluginManage:310 - Check plugin ddr
2024-01-23 10:05:47,472 [INFO] PluginManage:359 - Loaded plugin ddr (category:tool,tabindex:6)
2024-01-23 10:05:47,472 [INFO] PluginManage:310 - Check plugin filemanager
2024-01-23 10:05:47,833 [INFO] PluginManage:359 - Loaded plugin filemanager (category:base,tabindex:10)
2024-01-23 10:05:47,834 [INFO] PluginManage:310 - Check plugin ipmanager
2024-01-23 10:05:47,848 [INFO] PluginManage:359 - Loaded plugin ipmanager (category:base,tabindex:5)
2024-01-23 10:05:47,848 [INFO] PluginManage:310 - Check plugin lpbam
2024-01-23 10:05:47,887 [INFO] PluginManage:359 - Loaded plugin lpbam (category:base,tabindex:0)
2024-01-23 10:05:47,888 [INFO] PluginManage:310 - Check plugin memorymap
2024-01-23 10:05:47,934 [INFO] PluginManage:359 - Loaded plugin memorymap (category:base,tabindex:4)
2024-01-23 10:05:47,935 [INFO] PluginManage:310 - Check plugin pinoutandconfiguration
2024-01-23 10:05:47,976 [INFO] PluginManage:359 - Loaded plugin pinoutandconfiguration (category:base,tabindex:1)
2024-01-23 10:05:47,976 [INFO] PluginManage:310 - Check plugin pinoutconfig
2024-01-23 10:05:48,193 [WARN] SupportedApi:132 - Cannot load RTOS API schema: s4s-elt-must-match.1: The content of 'definitions' must match (annotation?, (simpleType | complexType)?, (unique | key | keyref)*)). A problem was found starting at: attribute.
2024-01-23 10:05:48,519 [INFO] PluginManage:359 - Loaded plugin pinoutconfig (category:base,tabindex:0)
2024-01-23 10:05:48,519 [INFO] PluginManage:310 - Check plugin power
2024-01-23 10:05:48,584 [INFO] PluginManage:359 - Loaded plugin power (category:power,tabindex:4)
2024-01-23 10:05:48,584 [INFO] PluginManage:310 - Check plugin projectmanager
2024-01-23 10:05:48,635 [INFO] PluginManage:359 - Loaded plugin projectmanager (category:projectmanager,tabindex:3)
2024-01-23 10:05:48,635 [INFO] PluginManage:310 - Check plugin thirdparty
2024-01-23 10:05:49,454 [WARN] IntegrityCheckThread:84 - waiting for thirdparty lock release [integrity check]
2024-01-23 10:05:49,454 [INFO] PluginManage:359 - Loaded plugin thirdparty (category:base,tabindex:-1)
2024-01-23 10:05:49,455 [INFO] IntegrityCheckThread:86 - entering critical section [integrity check]
2024-01-23 10:05:49,455 [INFO] PluginManage:310 - Check plugin tools
2024-01-23 10:05:49,456 [INFO] ThirdPartyUpdaterWithRetryManager:70 - Updater plugin not ready yet. [1/15]
2024-01-23 10:05:49,566 [INFO] PluginManage:359 - Loaded plugin tools (category:base,tabindex:7)
2024-01-23 10:05:49,566 [INFO] PluginManage:310 - Check plugin tutovideos
2024-01-23 10:05:50,169 [INFO] PluginManage:359 - Loaded plugin tutovideos (category:base,tabindex:-1)
2024-01-23 10:05:50,171 [INFO] PluginManage:310 - Check plugin updater
2024-01-23 10:05:50,212 [INFO] PluginManage:359 - Loaded plugin updater (category:base,tabindex:12)
2024-01-23 10:05:50,212 [INFO] PluginManage:310 - Check plugin userauth
2024-01-23 10:05:50,229 [INFO] UserAuth:113 - Init User Auth plugin
2024-01-23 10:05:50,229 [INFO] PluginManage:359 - Loaded plugin userauth (category:base,tabindex:14)
2024-01-23 10:05:50,230 [INFO] PluginManage:283 - PluginManage : Loaded plugins [17]
2024-01-23 10:05:50,805 [INFO] PinOutPanel:1499 - setPackage(No Configuration,No Configuration)
2024-01-23 10:05:51,062 [INFO] CADModel:165 - CPN selected for project level
2024-01-23 10:05:51,062 [INFO] CADModel:114 - Register for checkConnection events
2024-01-23 10:05:51,147 [INFO] IPUIPlugin:80 - create IPUIPlugin
2024-01-23 10:05:51,147 [INFO] PluginManager:220 - loadIPPluginJar : add adc
2024-01-23 10:05:51,262 [INFO] IPUIPlugin:80 - create IPUIPlugin
2024-01-23 10:05:51,262 [INFO] PluginManager:220 - loadIPPluginJar : add aes
2024-01-23 10:05:51,375 [INFO] IPUIPlugin:80 - create IPUIPlugin
2024-01-23 10:05:51,375 [INFO] PluginManager:220 - loadIPPluginJar : add can
2024-01-23 10:05:51,448 [INFO] IPUIPlugin:80 - create IPUIPlugin
2024-01-23 10:05:51,449 [INFO] PluginManager:220 - loadIPPluginJar : add comp
2024-01-23 10:05:51,558 [INFO] IPUIPlugin:80 - create IPUIPlugin
2024-01-23 10:05:51,558 [INFO] PluginManager:220 - loadIPPluginJar : add cryp
2024-01-23 10:05:51,628 [INFO] IPUIPlugin:80 - create IPUIPlugin
2024-01-23 10:05:51,628 [INFO] PluginManager:220 - loadIPPluginJar : add dfsdm
2024-01-23 10:05:51,661 [INFO] IPUIPlugin:80 - create IPUIPlugin
2024-01-23 10:05:51,663 [INFO] PluginManager:220 - loadIPPluginJar : add dma
2024-01-23 10:05:51,757 [INFO] IPUIPlugin:80 - create IPUIPlugin
2024-01-23 10:05:51,758 [INFO] PluginManager:220 - loadIPPluginJar : add dma3
2024-01-23 10:05:51,798 [INFO] IPUIPlugin:80 - create IPUIPlugin
2024-01-23 10:05:51,798 [INFO] PluginManager:220 - loadIPPluginJar : add fatfs
2024-01-23 10:05:51,906 [INFO] IPUIPlugin:80 - create IPUIPlugin
2024-01-23 10:05:51,907 [INFO] PluginManager:220 - loadIPPluginJar : add fmc
2024-01-23 10:05:51,944 [INFO] IPUIPlugin:80 - create IPUIPlugin
2024-01-23 10:05:51,945 [INFO] PluginManager:220 - loadIPPluginJar : add freertos
2024-01-23 10:05:51,994 [INFO] IPUIPlugin:80 - create IPUIPlugin
2024-01-23 10:05:51,994 [INFO] PluginManager:220 - loadIPPluginJar : add genericplugin
2024-01-23 10:05:52,310 [INFO] IPUIPlugin:80 - create IPUIPlugin
2024-01-23 10:05:52,310 [INFO] PluginManager:220 - loadIPPluginJar : add gfxmmu
2024-01-23 10:05:52,461 [INFO] ThirdPartyUpdaterWithRetryManager:70 - Updater plugin not ready yet. [2/15]
2024-01-23 10:05:52,785 [INFO] IPUIPlugin:80 - create IPUIPlugin
2024-01-23 10:05:52,785 [INFO] PluginManager:220 - loadIPPluginJar : add gic
2024-01-23 10:05:52,813 [INFO] IPUIPlugin:80 - create IPUIPlugin
2024-01-23 10:05:52,814 [INFO] PluginManager:220 - loadIPPluginJar : add gpio
2024-01-23 10:05:53,096 [INFO] IPUIPlugin:80 - create IPUIPlugin
2024-01-23 10:05:53,096 [INFO] PluginManager:220 - loadIPPluginJar : add gtzc
2024-01-23 10:05:53,185 [INFO] IPUIPlugin:80 - create IPUIPlugin
2024-01-23 10:05:53,185 [INFO] PluginManager:220 - loadIPPluginJar : add hash
2024-01-23 10:05:53,310 [INFO] IPUIPlugin:80 - create IPUIPlugin
2024-01-23 10:05:53,310 [INFO] PluginManager:220 - loadIPPluginJar : add i2c
2024-01-23 10:05:53,417 [INFO] IPUIPlugin:80 - create IPUIPlugin
2024-01-23 10:05:53,418 [INFO] PluginManager:220 - loadIPPluginJar : add i2s
2024-01-23 10:05:53,525 [INFO] IPUIPlugin:80 - create IPUIPlugin
2024-01-23 10:05:53,525 [INFO] PluginManager:220 - loadIPPluginJar : add i3c
2024-01-23 10:05:53,794 [INFO] IPUIPlugin:80 - create IPUIPlugin
2024-01-23 10:05:53,794 [INFO] PluginManager:220 - loadIPPluginJar : add ipddr
2024-01-23 10:05:54,016 [INFO] IPUIPlugin:80 - create IPUIPlugin
2024-01-23 10:05:54,016 [INFO] PluginManager:220 - loadIPPluginJar : add linkedlist
2024-01-23 10:05:54,107 [INFO] IPUIPlugin:80 - create IPUIPlugin
2024-01-23 10:05:54,108 [INFO] PluginManager:220 - loadIPPluginJar : add lorawan
2024-01-23 10:05:54,204 [INFO] IPUIPlugin:80 - create IPUIPlugin
2024-01-23 10:05:54,205 [INFO] PluginManager:220 - loadIPPluginJar : add ltdc
2024-01-23 10:05:54,245 [INFO] IPUIPlugin:80 - create IPUIPlugin
2024-01-23 10:05:54,246 [INFO] PluginManager:220 - loadIPPluginJar : add mdma
2024-01-23 10:05:54,285 [INFO] IPUIPlugin:80 - create IPUIPlugin
2024-01-23 10:05:54,285 [INFO] PluginManager:220 - loadIPPluginJar : add nvic
2024-01-23 10:05:54,396 [INFO] IPUIPlugin:80 - create IPUIPlugin
2024-01-23 10:05:54,396 [INFO] PluginManager:220 - loadIPPluginJar : add opamp
2024-01-23 10:05:54,545 [INFO] IPUIPlugin:80 - create IPUIPlugin
2024-01-23 10:05:54,545 [INFO] PluginManager:220 - loadIPPluginJar : add openamp
2024-01-23 10:05:54,655 [INFO] IPUIPlugin:80 - create IPUIPlugin
2024-01-23 10:05:54,656 [INFO] PluginManager:220 - loadIPPluginJar : add pdm2pcm
2024-01-23 10:05:54,688 [INFO] IPUIPlugin:80 - create IPUIPlugin
2024-01-23 10:05:54,692 [INFO] PluginManager:220 - loadIPPluginJar : add plateformsettings
2024-01-23 10:05:54,743 [INFO] IPUIPlugin:80 - create IPUIPlugin
2024-01-23 10:05:54,743 [INFO] PluginManager:220 - loadIPPluginJar : add quadspi
2024-01-23 10:05:54,775 [INFO] IPUIPlugin:80 - create IPUIPlugin
2024-01-23 10:05:54,775 [INFO] PluginManager:220 - loadIPPluginJar : add resmgrutility
2024-01-23 10:05:54,916 [INFO] IPUIPlugin:80 - create IPUIPlugin
2024-01-23 10:05:54,916 [INFO] PluginManager:220 - loadIPPluginJar : add sai
2024-01-23 10:05:55,011 [INFO] IPUIPlugin:80 - create IPUIPlugin
2024-01-23 10:05:55,012 [INFO] PluginManager:220 - loadIPPluginJar : add spi
2024-01-23 10:05:55,168 [INFO] IPUIPlugin:80 - create IPUIPlugin
2024-01-23 10:05:55,168 [INFO] PluginManager:220 - loadIPPluginJar : add stm32_wpan
2024-01-23 10:05:55,249 [INFO] IPUIPlugin:80 - create IPUIPlugin
2024-01-23 10:05:55,250 [INFO] PluginManager:220 - loadIPPluginJar : add tim
2024-01-23 10:05:55,433 [INFO] IPUIPlugin:80 - create IPUIPlugin
2024-01-23 10:05:55,433 [INFO] PluginManager:220 - loadIPPluginJar : add touchsensing
2024-01-23 10:05:55,462 [INFO] ThirdPartyUpdaterWithRetryManager:70 - Updater plugin not ready yet. [3/15]
2024-01-23 10:05:55,495 [INFO] IPUIPlugin:80 - create IPUIPlugin
2024-01-23 10:05:55,496 [INFO] PluginManager:220 - loadIPPluginJar : add tracer_emb
2024-01-23 10:05:55,545 [INFO] IPUIPlugin:80 - create IPUIPlugin
2024-01-23 10:05:55,545 [INFO] PluginManager:220 - loadIPPluginJar : add ts
2024-01-23 10:05:55,600 [INFO] IPUIPlugin:80 - create IPUIPlugin
2024-01-23 10:05:55,600 [INFO] PluginManager:220 - loadIPPluginJar : add tsc
2024-01-23 10:05:55,645 [INFO] IPUIPlugin:80 - create IPUIPlugin
2024-01-23 10:05:55,646 [INFO] PluginManager:220 - loadIPPluginJar : add ucpd
2024-01-23 10:05:55,768 [INFO] IPUIPlugin:80 - create IPUIPlugin
2024-01-23 10:05:55,768 [INFO] PluginManager:220 - loadIPPluginJar : add usart
2024-01-23 10:05:55,874 [INFO] IPUIPlugin:80 - create IPUIPlugin
2024-01-23 10:05:55,874 [INFO] PluginManager:220 - loadIPPluginJar : add usbx
2024-01-23 10:05:56,085 [INFO] CADModel:165 - CPN selected for project level
2024-01-23 10:05:56,085 [INFO] CADModel:114 - Register for checkConnection events
2024-01-23 10:05:56,086 [FATAL] Updater:308 - Updater called before beeing initialized
2024-01-23 10:05:56,086 [ERROR] CADModel:125 - Updater not yet initialized, retry later 
2024-01-23 10:05:56,406 [INFO] CADModel:165 - CPN selected for project level
2024-01-23 10:05:56,406 [INFO] CADModel:114 - Register for checkConnection events
2024-01-23 10:05:56,407 [FATAL] Updater:308 - Updater called before beeing initialized
2024-01-23 10:05:56,407 [ERROR] CADModel:125 - Updater not yet initialized, retry later 
2024-01-23 10:05:56,415 [FATAL] Updater:308 - Updater called before beeing initialized
2024-01-23 10:05:56,678 [FATAL] Updater:308 - Updater called before beeing initialized
2024-01-23 10:05:56,694 [INFO] DbMcusAds:53 - JSON generation date=Wed Nov 29 19:52:27 JST 2023 (1701255147349)
2024-01-23 10:05:56,695 [FATAL] Updater:308 - Updater called before beeing initialized
2024-01-23 10:05:56,921 [WARN] DetailPanel:346 - Failed to get advertising image, set to default
2024-01-23 10:05:57,181 [FATAL] Updater:308 - Updater called before beeing initialized
2024-01-23 10:05:57,185 [FATAL] Updater:308 - Updater called before beeing initialized
2024-01-23 10:05:57,186 [FATAL] Updater:308 - Updater called before beeing initialized
2024-01-23 10:05:57,186 [WARN] DetailPanel:346 - Failed to get advertising image, set to default
2024-01-23 10:05:57,188 [FATAL] Updater:308 - Updater called before beeing initialized
2024-01-23 10:05:57,345 [ERROR] Updater:1120 - MainUpdater not yet initialized. External WinMGr cannot be set.
2024-01-23 10:05:57,379 [INFO] Updater:1056 - Updater Version found : 6.9.1
2024-01-23 10:05:57,429 [INFO] ApplicationProperties:184 - Using Application install path: C:\ST\STM32CubeIDE_1.4.0\STM32CubeIDE\plugins\com.st.stm32cube.common.mx_6.9.1.202307191849
2024-01-23 10:05:57,777 [INFO] MainUpdater:2868 - connection check result : 10
2024-01-23 10:05:57,778 [INFO] MainUpdater:3562 - Updater definition file requires update
2024-01-23 10:05:57,780 [INFO] MainUpdater:285 - Updater Check For Update Now.
2024-01-23 10:05:57,781 [INFO] MicroXplorer:498 - Change Database Version : DB.6.0.91
2024-01-23 10:05:57,811 [INFO] ServerAccessManage:473 - Download File updaters.zip
2024-01-23 10:05:57,827 [INFO] McuFinderGlobals:63 - Set McuFinder mode to 2 (CubeIDE integrated)
2024-01-23 10:05:57,827 [INFO] UserAuth:179 - activating auth plugin
2024-01-23 10:05:57,865 [INFO] UserAuth:393 - Internet connection configuration mode: 1
2024-01-23 10:05:57,916 [INFO] JxBrowserEngine:151 - Initiate JxBrowser Engine with user profile folder
2024-01-23 10:05:58,009 [INFO] FileExtend:240 - Unzip File : updaters.zip
2024-01-23 10:05:58,009 [INFO] FileExtend:255 - Standard Zip Deflate
2024-01-23 10:05:58,463 [WARN] MainUpdater:1189 - Updater busy. Cannot search thirdparties
2024-01-23 10:05:58,464 [INFO] ThirdPartyUpdaterWithRetryManager:96 - Updater plugin is busy. [1/15]
2024-01-23 10:05:58,788 [INFO] ServerAccessManage:473 - Download File PacksControlFlags.xml
2024-01-23 10:05:58,924 [INFO] ServerAccessManage:473 - Download File cubemx.pidx
2024-01-23 10:05:59,204 [INFO] LoadServerUpdatesThread:373 - End of LoadServerUpdate Thread
2024-01-23 10:05:59,522 [INFO] CheckServerUpdateThread:120 - End of CheckServer Thread
2024-01-23 10:06:00,739 [INFO] WebApp:157 - Instantiating new browser for Auth
2024-01-23 10:06:02,092 [WARN] PackLoader:240 - Cannot read IP mode file for STMicroelectronics.X-CUBE-SMBUS.2.1.0
2024-01-23 10:06:02,112 [WARN] PackLoader:240 - Cannot read IP mode file for STMicroelectronics.X-CUBE-TOUCHGFX.4.23.0
2024-01-23 10:06:02,220 [WARN] PackLoader:240 - Cannot read IP mode file for STMicroelectronics.X-CUBE-AZRTOS-F7.1.1.0
2024-01-23 10:06:02,254 [ERROR] RealEvaluatedCondition:428 - Found unsupported composite condition: GROUP='STM32_MetaDataManager' CLASS='Data Exchange'
2024-01-23 10:06:02,255 [ERROR] RealEvaluatedCondition:428 - Found unsupported composite condition: CLASS='Data Exchange' GROUP='STM32_MetaDataManager'
2024-01-23 10:06:02,260 [WARN] PackLoader:240 - Cannot read IP mode file for STMicroelectronics.FP-SNS-MOTENV1.4.3.0
2024-01-23 10:06:02,287 [WARN] PackLoader:240 - Cannot read IP mode file for STMicroelectronics.FP-SNS-MOTENV1.4.3.2
2024-01-23 10:06:02,308 [WARN] PackLoader:240 - Cannot read IP mode file for STMicroelectronics.FP-SNS-FLIGHT1.5.0.0
2024-01-23 10:06:02,326 [ERROR] RealEvaluatedCondition:428 - Found unsupported composite condition: CLASS='Data Exchange' GROUP='STM32_MetaDataManager'
2024-01-23 10:06:02,326 [ERROR] RealEvaluatedCondition:428 - Found unsupported composite condition: CLASS='Data Exchange' GROUP='STM32_MetaDataManager'
2024-01-23 10:06:02,331 [WARN] PackLoader:240 - Cannot read IP mode file for STMicroelectronics.FP-SNS-MOTENV1.4.3.1
2024-01-23 10:06:02,350 [WARN] PackLoader:240 - Cannot read IP mode file for STMicroelectronics.FP-SNS-FLIGHT1.5.0.1
2024-01-23 10:06:02,375 [WARN] PackLoader:240 - Cannot read IP mode file for STMicroelectronics.X-CUBE-BLE1.6.2.4
2024-01-23 10:06:02,388 [WARN] PackLoader:240 - Cannot read IP mode file for STMicroelectronics.FP-SNS-FLIGHT1.5.0.2
2024-01-23 10:06:02,417 [WARN] PackLoader:240 - Cannot read IP mode file for STMicroelectronics.X-CUBE-DISPLAY.3.0.0
2024-01-23 10:06:02,450 [WARN] PackLoader:240 - Cannot read IP mode file for STMicroelectronics.X-CUBE-BLE1.7.0.0
2024-01-23 10:06:02,460 [WARN] PackLoader:240 - Cannot read IP mode file for STMicroelectronics.X-CUBE-TOUCHGFX.4.22.0
2024-01-23 10:06:02,468 [WARN] PackLoader:240 - Cannot read IP mode file for STMicroelectronics.X-CUBE-TOUCHGFX.4.22.1
2024-01-23 10:06:02,483 [WARN] PackLoader:240 - Cannot read IP mode file for STMicroelectronics.FP-SNS-SMARTAG2.1.2.0
2024-01-23 10:06:02,517 [INFO] LogOutputStream:77 - [STDOUT_REDIRECT] 1 : Invalid condition id : UX_CORESTACK_Condition cause : null
2024-01-23 10:06:02,518 [INFO] LogOutputStream:77 - [STDOUT_REDIRECT] 1 : Invalid condition id : UX_CORESTACK_Condition cause : null
2024-01-23 10:06:02,524 [INFO] LogOutputStream:77 - [STDOUT_REDIRECT] 1 : Invalid condition id : UX_CORESTACK_Condition cause : null
2024-01-23 10:06:02,530 [INFO] LogOutputStream:77 - [STDOUT_REDIRECT] 1 : Invalid condition id : UX_CORESTACK_Condition cause : null
2024-01-23 10:06:02,534 [INFO] LogOutputStream:77 - [STDOUT_REDIRECT] 1 : Invalid condition id : UX_CORESTACK_Condition cause : null
2024-01-23 10:06:02,552 [WARN] PackLoader:240 - Cannot read IP mode file for STMicroelectronics.X-CUBE-AZRTOS-WL.2.0.0
2024-01-23 10:06:02,582 [WARN] PackLoader:240 - Cannot read IP mode file for WES.I-CUBE-Cesium.1.3.0
2024-01-23 10:06:02,596 [WARN] PackLoader:240 - Cannot read IP mode file for STMicroelectronics.X-CUBE-BLE2.3.3.0
2024-01-23 10:06:02,637 [WARN] PackLoader:240 - Cannot read IP mode file for STMicroelectronics.X-CUBE-TOF1.3.2.0
2024-01-23 10:06:02,672 [WARN] PackLoader:240 - Cannot read IP mode file for STMicroelectronics.X-CUBE-TOUCHGFX.4.21.1
2024-01-23 10:06:02,680 [WARN] PackLoader:240 - Cannot read IP mode file for STMicroelectronics.X-CUBE-TOUCHGFX.4.21.3
2024-01-23 10:06:02,687 [WARN] PackLoader:240 - Cannot read IP mode file for STMicroelectronics.X-CUBE-TOUCHGFX.4.21.4
2024-01-23 10:06:02,708 [WARN] PackLoader:240 - Cannot read IP mode file for STMicroelectronics.X-CUBE-ALGOBUILD.1.3.0
2024-01-23 10:06:02,772 [WARN] PackLoader:240 - Cannot read IP mode file for STMicroelectronics.X-CUBE-AZRTOS-G0.1.1.0
2024-01-23 10:06:02,800 [WARN] PackLoader:240 - Cannot read IP mode file for STMicroelectronics.X-CUBE-NFC4.3.0.0
2024-01-23 10:06:02,841 [WARN] PackLoader:240 - Cannot read IP mode file for STMicroelectronics.X-CUBE-BLEMGR.3.0.0
2024-01-23 10:06:02,860 [WARN] PackLoader:240 - Cannot read IP mode file for STMicroelectronics.FP-ATR-SIGFOX1.3.2.0
2024-01-23 10:06:03,019 [WARN] PackLoader:240 - Cannot read IP mode file for STMicroelectronics.X-CUBE-MEMS1.9.5.0
2024-01-23 10:06:03,342 [INFO] WebApp:753 - Register for checkConnection events
2024-01-23 10:06:03,342 [INFO] WebApp:390 - Apply proxy settings
2024-01-23 10:06:03,343 [INFO] WebApp:475 - Chromium requires no authentication
2024-01-23 10:06:03,368 [INFO] WebApp:418 - Direct internet connection detected
2024-01-23 10:06:03,636 [WARN] PackLoader:240 - Cannot read IP mode file for SEGGER.I-CUBE-embOS.1.3.1
2024-01-23 10:06:03,770 [WARN] PackLoader:240 - Cannot read IP mode file for STMicroelectronics.X-CUBE-GNSS1.6.0.0
2024-01-23 10:06:03,841 [WARN] PackLoader:240 - Cannot read IP mode file for STMicroelectronics.X-CUBE-AZRTOS-F4.1.1.0
2024-01-23 10:06:03,906 [WARN] PackLoader:240 - Cannot read IP mode file for STMicroelectronics.X-CUBE-AZRTOS-L5.2.0.0
2024-01-23 10:06:04,191 [WARN] PackLoader:240 - Cannot read IP mode file for STMicroelectronics.X-CUBE-MEMS1.9.6.0
2024-01-23 10:06:04,265 [INFO] WebApp:188 - Starting web application
2024-01-23 10:06:04,267 [INFO] WebApp:520 - Web application path used C:\ST\STM32CubeIDE_1.4.0\STM32CubeIDE\plugins\com.st.stm32cube.common.mx_6.9.1.202307191849\db\plugins\mcufinder\reactClient1\index.html
2024-01-23 10:06:04,619 [WARN] PackLoader:240 - Cannot read IP mode file for STMicroelectronics.X-CUBE-EEPRMA1.4.2.0
2024-01-23 10:06:04,633 [WARN] PackLoader:240 - Cannot read IP mode file for ITTIA_DB.I-CUBE-ITTIADB.8.8.0
2024-01-23 10:06:04,649 [WARN] PackLoader:240 - Cannot read IP mode file for emotas.I-CUBE-CANOPEN.1.1.3
2024-01-23 10:06:04,668 [WARN] PackLoader:240 - Cannot read IP mode file for STMicroelectronics.X-CUBE-BLEMGR.2.0.0
2024-01-23 10:06:04,752 [WARN] ConditionMgr:438 - getConditionDescription Invalid condition id : UX DEVICE CLASS RTOS Condition cause : null
2024-01-23 10:06:04,752 [WARN] ConditionMgr:438 - getConditionDescription Invalid condition id : UX DEVICE CLASS RTOS Condition cause : null
2024-01-23 10:06:04,762 [WARN] PackLoader:240 - Cannot read IP mode file for STMicroelectronics.X-CUBE-AZRTOS-H7.3.1.0
2024-01-23 10:06:04,765 [WARN] ConditionMgr:1039 - genDependencies : Invalid condition id : UX DEVICE CLASS RTOS Condition cause : null
2024-01-23 10:06:04,765 [WARN] ConditionMgr:1039 - genDependencies : Invalid condition id : UX DEVICE CLASS RTOS Condition cause : null
2024-01-23 10:06:04,767 [WARN] ConditionMgr:1039 - genDependencies : Invalid condition id : UX DEVICE CLASS RTOS Condition cause : null
2024-01-23 10:06:04,768 [WARN] ConditionMgr:1039 - genDependencies : Invalid condition id : UX DEVICE CLASS RTOS Condition cause : null
2024-01-23 10:06:04,769 [WARN] ConditionMgr:1039 - genDependencies : Invalid condition id : UX DEVICE CLASS RTOS Condition cause : null
2024-01-23 10:06:04,882 [WARN] PackLoader:240 - Cannot read IP mode file for wolfSSL.I-CUBE-wolfSSL.5.5.4
2024-01-23 10:06:04,894 [WARN] PackLoader:240 - Cannot read IP mode file for STMicroelectronics.X-CUBE-NFC7.1.0.1
2024-01-23 10:06:04,934 [WARN] PackLoader:240 - Cannot read IP mode file for STMicroelectronics.X-CUBE-NFC7.1.0.0
2024-01-23 10:06:04,959 [WARN] PackLoader:240 - Cannot read IP mode file for STMicroelectronics.X-CUBE-NFC6.3.0.0
2024-01-23 10:06:04,978 [WARN] PackLoader:240 - Cannot read IP mode file for STMicroelectronics.X-CUBE-EEPRMA1.4.1.0
2024-01-23 10:06:04,991 [WARN] PackLoader:240 - Cannot read IP mode file for STMicroelectronics.X-CUBE-AI.8.1.0
2024-01-23 10:06:05,047 [WARN] ConditionMgr:438 - getConditionDescription Invalid condition id : LAN8742 Phy interface Condition cause : null
2024-01-23 10:06:05,049 [WARN] PackLoader:240 - Cannot read IP mode file for STMicroelectronics.X-CUBE-AZRTOS-L4.2.0.0
2024-01-23 10:06:05,053 [WARN] ConditionMgr:1039 - genDependencies : Invalid condition id : LAN8742 Phy interface Condition cause : null
2024-01-23 10:06:05,053 [WARN] ConditionMgr:1039 - genDependencies : Invalid condition id : LAN8742 Phy interface Condition cause : null
2024-01-23 10:06:05,055 [WARN] ConditionMgr:1039 - genDependencies : Invalid condition id : LAN8742 Phy interface Condition cause : null
2024-01-23 10:06:05,078 [WARN] PackLoader:240 - Cannot read IP mode file for STMicroelectronics.X-CUBE-SFXS2LP1.4.0.0
2024-01-23 10:06:05,145 [WARN] PackLoader:240 - Cannot read IP mode file for STMicroelectronics.X-CUBE-AZRTOS-H7.3.0.0
2024-01-23 10:06:05,165 [WARN] PackLoader:240 - Cannot read IP mode file for STMicroelectronics.X-CUBE-ISPU.1.1.0
2024-01-23 10:06:05,184 [WARN] PackLoader:240 - Cannot read IP mode file for RoweBots.I-CUBE-UNISONRTOS.5.5.0-4
2024-01-23 10:06:05,195 [WARN] PackLoader:240 - Cannot read IP mode file for STMicroelectronics.X-CUBE-AI.8.0.0
2024-01-23 10:06:05,228 [WARN] ConditionMgr:438 - getConditionDescription Invalid condition id : UX DEVICE CLASS RTOS Condition cause : null
2024-01-23 10:06:05,229 [WARN] ConditionMgr:438 - getConditionDescription Invalid condition id : UX DEVICE CLASS RTOS Condition cause : null
2024-01-23 10:06:05,236 [WARN] PackLoader:240 - Cannot read IP mode file for STMicroelectronics.X-CUBE-AZRTOS-WB.2.0.0
2024-01-23 10:06:05,238 [WARN] ConditionMgr:1039 - genDependencies : Invalid condition id : UX DEVICE CLASS RTOS Condition cause : null
2024-01-23 10:06:05,240 [WARN] ConditionMgr:1039 - genDependencies : Invalid condition id : UX DEVICE CLASS RTOS Condition cause : null
2024-01-23 10:06:05,243 [WARN] ConditionMgr:1039 - genDependencies : Invalid condition id : UX DEVICE CLASS RTOS Condition cause : null
2024-01-23 10:06:05,246 [WARN] ConditionMgr:1039 - genDependencies : Invalid condition id : UX DEVICE CLASS RTOS Condition cause : null
2024-01-23 10:06:05,246 [WARN] ConditionMgr:1039 - genDependencies : Invalid condition id : UX DEVICE CLASS RTOS Condition cause : null
2024-01-23 10:06:05,265 [WARN] PackLoader:240 - Cannot read IP mode file for STMicroelectronics.X-CUBE-FREERTOS.1.0.0
2024-01-23 10:06:05,282 [WARN] PackLoader:240 - Cannot read IP mode file for STMicroelectronics.X-CUBE-FREERTOS.1.0.1
2024-01-23 10:06:05,330 [WARN] PackLoader:240 - Cannot read IP mode file for STMicroelectronics.X-CUBE-AZRTOS-L5.1.1.0
2024-01-23 10:06:05,349 [WARN] PackLoader:240 - Cannot read IP mode file for STMicroelectronics.X-CUBE-AI.8.0.1
2024-01-23 10:06:05,382 [WARN] PackLoader:240 - Cannot read IP mode file for STMicroelectronics.X-CUBE-SUBG2.5.0.0
2024-01-23 10:06:05,421 [WARN] PackLoader:240 - Cannot read IP mode file for STMicroelectronics.X-CUBE-TOF1.3.3.1
2024-01-23 10:06:05,483 [WARN] PackLoader:240 - Cannot read IP mode file for STMicroelectronics.X-CUBE-AZRTOS-G4.2.0.0
2024-01-23 10:06:05,515 [WARN] PackLoader:240 - Cannot read IP mode file for STMicroelectronics.X-CUBE-TOF1.3.3.0
2024-01-23 10:06:05,556 [WARN] PackLoader:240 - Cannot read IP mode file for STMicroelectronics.FP-ATR-ASTRA1.1.1.1
2024-01-23 10:06:05,594 [WARN] PackLoader:240 - Cannot read IP mode file for Infineon.AIROC-Wi-Fi-Bluetooth-STM32.1.5.1
2024-01-23 10:06:05,616 [WARN] PackLoader:240 - Cannot read IP mode file for STMicroelectronics.FP-SNS-MOTENVWB1.1.3.0
2024-01-23 10:06:05,629 [WARN] PackLoader:240 - Cannot read IP mode file for STMicroelectronics.FP-SNS-MOTENVWB1.1.3.1
2024-01-23 10:06:05,676 [WARN] PackLoader:240 - Cannot read IP mode file for STMicroelectronics.X-CUBE-AZRTOS-G4.1.0.0
2024-01-23 10:06:05,744 [WARN] PackLoader:240 - Cannot read IP mode file for STMicroelectronics.X-CUBE-AZRTOS-L4.1.0.0
2024-01-23 10:06:05,761 [WARN] PackLoader:240 - Cannot read IP mode file for STMicroelectronics.X-CUBE-ISPU.2.0.0
2024-01-23 10:06:05,936 [WARN] PackLoader:240 - Cannot read IP mode file for STMicroelectronics.X-CUBE-MEMS1.10.0.0
2024-01-23 10:06:06,381 [WARN] PackLoader:240 - Cannot read IP mode file for STMicroelectronics.X-CUBE-FREERTOS.1.1.0
2024-01-23 10:06:06,410 [WARN] PackLoader:240 - Cannot read IP mode file for STMicroelectronics.X-CUBE-AZRTOS-WL.1.0.0
2024-01-23 10:06:06,428 [WARN] PackLoader:240 - Cannot read IP mode file for portGmbH.I-Cube-SoM-uGOAL.1.1.0
2024-01-23 10:06:06,440 [WARN] PackLoader:240 - Cannot read IP mode file for STMicroelectronics.X-CUBE-ALS.1.0.1
2024-01-23 10:06:06,485 [WARN] PackLoader:240 - Cannot read IP mode file for STMicroelectronics.X-CUBE-AZRTOS-WB.1.1.0
2024-01-23 10:06:06,499 [WARN] PackLoader:240 - Cannot read IP mode file for STMicroelectronics.FP-ATR-ASTRA1.2.0.0
2024-01-23 10:06:06,526 [WARN] PackLoader:240 - Cannot read IP mode file for STMicroelectronics.X-CUBE-TOF1.3.4.0
2024-01-23 10:06:06,611 [WARN] PackLoader:240 - Cannot read IP mode file for STMicroelectronics.X-CUBE-AZRTOS-H7.3.2.0
2024-01-23 10:06:06,620 [INFO] ThirdParty:978 - Integrity check success = true
2024-01-23 10:06:06,620 [INFO] IntegrityCheckThread:100 - exiting critical section [integrity check]
2024-01-23 10:06:06,620 [INFO] IntegrityCheckThread:103 - End integrity checks thread
2024-01-23 10:28:53,552 [ERROR] LogOutputStream:75 - [STDERR_REDIRECT] SLF4J: Failed to load class "org.slf4j.impl.StaticLoggerBinder".
2024-01-23 10:28:53,554 [ERROR] LogOutputStream:75 - [STDERR_REDIRECT] SLF4J: Defaulting to no-operation (NOP) logger implementation
2024-01-23 10:28:53,560 [ERROR] LogOutputStream:75 - [STDERR_REDIRECT] SLF4J: See http://www.slf4j.org/codes.html#StaticLoggerBinder for further details.
2024-01-23 14:42:47,790 [INFO] McuFinderGlobals:63 - Set McuFinder mode to 2 (CubeIDE integrated)
2024-01-23 14:42:47,876 [INFO] MainUpdater:2868 - connection check result : 10
2024-01-23 14:42:47,938 [INFO] McuFinderGlobals:76 - Set McuFinderConnectedMode to true
2024-01-23 14:42:48,559 [INFO] ServerAccessManage:473 - Download File mcusAds.json._tmp_
2024-01-23 14:42:48,676 [INFO] LoadUrlFilesThread:156 - End of LoadUrlFiles Thread
2024-01-23 14:42:48,991 [INFO] ServerAccessManage:473 - Download File cube-finder-db.zip
2024-01-23 14:42:52,640 [INFO] FileExtend:240 - Unzip File : cube-finder-db.zip
2024-01-23 14:42:52,641 [INFO] FileExtend:255 - Standard Zip Deflate
2024-01-23 14:42:56,260 [INFO] LoadUrlFilesThread:156 - End of LoadUrlFiles Thread
2024-01-23 14:42:57,447 [INFO] ServerAccessManage:473 - Download File crdb.zip
2024-01-23 14:42:59,049 [INFO] FileExtend:240 - Unzip File : crdb.zip
2024-01-23 14:42:59,049 [INFO] FileExtend:255 - Standard Zip Deflate
2024-01-23 14:42:59,204 [INFO] LoadUrlFilesThread:156 - End of LoadUrlFiles Thread
2024-01-23 14:42:59,549 [INFO] ServerAccessManage:473 - Download File tutoVideoDB.zip
2024-01-23 14:42:59,571 [INFO] FileExtend:240 - Unzip File : tutoVideoDB.zip
2024-01-23 14:42:59,572 [INFO] FileExtend:255 - Standard Zip Deflate
2024-01-23 14:42:59,687 [INFO] LoadUrlFilesThread:156 - End of LoadUrlFiles Thread
2024-01-23 14:42:59,693 [WARN] DbFile:41 - Overriding database path with different value: C:\Users\Minh\.stmcufinder\plugins\mcufinder/ => C:\Users\Minh\.stmcufinder\plugins\mcufinder
2024-01-23 14:42:59,814 [INFO] ServerAccessManage:473 - Download File api_config.json
2024-01-23 14:42:59,925 [INFO] LoadUrlFilesThread:156 - End of LoadUrlFiles Thread
2024-01-23 14:42:59,930 [INFO] DbMcusAds:53 - JSON generation date=Wed Nov 29 19:52:27 JST 2023 (1701255147200)
2024-01-23 14:43:00,035 [INFO] LoadUrlFilesThread:185 - End of LoadServerUrlFiles without Thread
2024-01-23 14:43:00,040 [INFO] TargetSelectorAdapter:259 - Refresh data is successful
2024-01-23 14:43:00,614 [INFO] ApiDb:581 - Connected to CubeFinder SQLite database (C:\Users\Minh\.stmcufinder\plugins\mcufinder\mcu\cube-finder-db.db)
2024-01-23 14:43:00,854 [INFO] ApiDb:668 - CubeFinder database Data Model version=2.1
2024-01-23 14:43:00,855 [INFO] ApiDb:669 - CubeFinder database Configuration version=3.0.39
2024-01-23 14:43:00,862 [INFO] ApiDb:670 - CubeFinder database generation date=2023-12-08 (1702028721)
2024-01-23 14:43:00,862 [INFO] ApiDb:671 - CubeFinder database FW Pack versions=[FP-ATR-ASTRA1_V2.0.0, FP-SNS-FLIGHT1_V5.0.1, FP-SNS-FLIGHT1_V5.0.2, FP-SNS-MOTENV1_V4.3.1, FP-SNS-MOTENV1_V4.3.2, FP-SNS-MOTENVWB1_V1.3.1, FP-SNS-SMARTAG2_V1.2.0, STM32Cube_FW_C0_V1.1.0, STM32Cube_FW_F4_V1.28.0, STM32Cube_FW_F7_V1.17.0, STM32Cube_FW_G0_V1.6.1, STM32Cube_FW_G4_V1.5.1, STM32Cube_FW_H5_V0.5.1, STM32Cube_FW_H5_V1.1.1, STM32Cube_FW_H5_V1.2.0RC2, STM32Cube_FW_H7_V1.11.0, STM32Cube_FW_L0_V1.12.2, STM32Cube_FW_L5_V1.5.0, STM32Cube_FW_U5_V1.3.0RC4, STM32Cube_FW_U5_V1.4.0, STM32Cube_FW_WBA_V1.0.0RC1, STM32Cube_FW_WBA_V1.1.0RC1, STM32Cube_FW_WBA_V1.2.0, STM32Cube_FW_WBA_V1.2.0RC2, STM32Cube_FW_WB_V1.15.0RC1, STM32Cube_FW_WB_V1.16.0, STM32Cube_FW_WB_V1.16.0RC2, STM32Cube_FW_WB_V1.18.0, STM32Cube_FW_WL_V1.3.0, X-CUBE-ALGOBUILD_V1.3.0, X-CUBE-ALS_V1.0.1, X-CUBE-AZRTOS-F4_V1.1.0, X-CUBE-AZRTOS-F7_V1.1.0, X-CUBE-AZRTOS-G0_V1.1.0, X-CUBE-AZRTOS-G4_V2.0.0, X-CUBE-AZRTOS-H7_V3.1.0, X-CUBE-AZRTOS-L4_V1.0.0, X-CUBE-AZRTOS-L4_V2.0.0, X-CUBE-AZRTOS-L5_V1.1.0, X-CUBE-AZRTOS-WB_V2.0.0, X-CUBE-AZRTOS-WL_V2.0.0, X-CUBE-BLE1_V7.0.0, X-CUBE-BLE2_V3.3.0, X-CUBE-BLEMGR_V3.0.0, X-CUBE-EEPRMA1_V4.1.0, X-CUBE-EEPRMA1_V4.2.0, X-CUBE-FREERTOS_V1.1.0, X-CUBE-GNSS1_V6.0.0, X-CUBE-MEMS1_V10.0.0, X-CUBE-MEMS1_V9.1.0, X-CUBE-MEMS1_V9.4.0, X-CUBE-MEMS1_V9.6.0, X-CUBE-NFC4_V3.0.0, X-CUBE-NFC7_V1.0.1, X-CUBE-SFXS2LP1_V4.0.0, X-CUBE-SUBG2_V5.0.0, X-CUBE-TOF1_V3.4.0]
2024-01-23 14:43:06,589 [INFO] ApiDb:240 - Found 323 in-development CPN: [B-G473E-ZEST1S, B-WB1M-WPAN1, B-WL5M-SUBG1, NUCLEO-C031C6, NUCLEO-H503RB, NUCLEO-H563ZI, NUCLEO-U545RE-Q, NUCLEO-U5A5ZJ-Q, NUCLEO-WBA52CG, STEVAL-PROTEUS1, STEVAL-SMARTAG2, STEVAL-STWINBX1, STM320518-EVAL, STM32C0116-DK, STM32C011D6Y3TR, STM32C011D6Y6TR, STM32C011F4P3, STM32C011F4P6, STM32C011F4U3, STM32C011F4U6TR, STM32C011F6P3, STM32C011F6P6, STM32C011F6U3, STM32C011F6U6TR, STM32C011J4M3, STM32C011J4M6, STM32C011J6M3, STM32C011J6M6, STM32C0316-DK, STM32C031C4T3, STM32C031C4T6, STM32C031C4U3, STM32C031C4U6, STM32C031C6T3, STM32C031C6T6, STM32C031C6U3, STM32C031C6U6, STM32C031F4P3, STM32C031F4P6, STM32C031F6P3, STM32C031F6P6, STM32C031G4U3, STM32C031G4U6, STM32C031G6U3, STM32C031G6U6, STM32C031K4T3, STM32C031K4T6, STM32C031K4U3, STM32C031K4U6, STM32C031K6T3, STM32C031K6T6, STM32C031K6U3, STM32C031K6U6, STM32G071K8TXN, STM32G071K8UXN, STM32G081GBU6N, STM32G081KBT6N, STM32G081KBUXN, STM32G0B1CCT6N, STM32G0B1KCT6, STM32G0B1NEY6TR, STM32G0B1RCT6N, STM32G0C1CCT6, STM32G0C1CCT6N, STM32G0C1CCU6N, STM32G0C1CET6N, STM32G0C1CEU6N, STM32G0C1KCT6, STM32G0C1NEY6TR, STM32G0C1RCI6N, STM32G0C1RCT6N, STM32G0C1REI6N, STM32G0C1RET6N, STM32G0C1VCI6, STM32G0C1VEI6, STM32G471CCT6, STM32G471CCU6, STM32G471CET3, STM32G471CET6, STM32G471CEU3, STM32G471CEU6, STM32G471MCT6, STM32G471MET3, STM32G471MET6, STM32G471MEY6TR, STM32G471QCT6, STM32G471QET3, STM32G471RCT6, STM32G471RET3, STM32G471RET6, STM32G471VCH6, STM32G471VCI6, STM32G471VCT6, STM32G471VEH3, STM32G471VEH6, STM32G471VEI3, STM32G471VEI6, STM32G471VET3, STM32G471VET6, STM32G474CCT6, STM32H503CBT6, STM32H503CBU6, STM32H503EBY6TR, STM32H503KBU6, STM32H503RBT6, STM32H562AGI6, STM32H562AII6, STM32H562IGK6, STM32H562IGT6, STM32H562IIK6, STM32H562IIT6, STM32H562RGT6, STM32H562RGV6, STM32H562RIT6, STM32H562RIV6, STM32H562VGT6, STM32H562VIT6, STM32H562ZGT6, STM32H562ZIT6, STM32H563AGI6, STM32H563AII3Q, STM32H563AII6, STM32H563IGK6, STM32H563IGT6, STM32H563IIK3Q, STM32H563IIK6, STM32H563IIT3Q, STM32H563IIT6, STM32H563MIY3QTR, STM32H563RGT6, STM32H563RGV6, STM32H563RIT6, STM32H563RIV6, STM32H563VGT6, STM32H563VIT3Q, STM32H563VIT6, STM32H563ZGT6, STM32H563ZIT3Q, STM32H563ZIT6, STM32H573AII3Q, STM32H573AII6, STM32H573I-DK, STM32H573IIK3Q, STM32H573IIK6, STM32H573IIT3Q, STM32H573IIT6, STM32H573MIY3QTR, STM32H573RIT6, STM32H573RIV6, STM32H573VIT3Q, STM32H573VIT6, STM32H573ZIT3Q, STM32H573ZIT6, STM32L4R5QGI6STR, STM32MP131AAE3, STM32MP131AAF3, STM32MP131AAG3, STM32MP131CAE3, STM32MP131CAF3, STM32MP131CAG3, STM32MP131DAE7, STM32MP131DAF7, STM32MP131DAG7, STM32MP131FAE7, STM32MP131FAF7, STM32MP131FAG7, STM32MP133AAE3, STM32MP133AAF3, STM32MP133AAG3, STM32MP133CAE3, STM32MP133CAF3, STM32MP133CAG3, STM32MP133DAE7, STM32MP133DAF7, STM32MP133DAG7, STM32MP133FAE7, STM32MP133FAF7, STM32MP133FAG7, STM32MP135AAE3, STM32MP135AAF3, STM32MP135AAG3, STM32MP135CAE3, STM32MP135CAF3, STM32MP135CAG3, STM32MP135DAE7, STM32MP135DAF7, STM32MP135DAG7, STM32MP135F-DK, STM32MP135FAE7, STM32MP135FAF7, STM32MP135FAF7T, STM32MP135FAF7U, STM32MP135FAG7, STM32U535CBT6, STM32U535CBT6Q, STM32U535CBU6, STM32U535CBU6Q, STM32U535CCT6, STM32U535CCT6Q, STM32U535CCU6, STM32U535CCU6Q, STM32U535CET6, STM32U535CET6Q, STM32U535CEU6, STM32U535CEU6Q, STM32U535JEY6QTR, STM32U535NCY6QTR, STM32U535NEY6QTR, STM32U535RBI6, STM32U535RBI6Q, STM32U535RBT6, STM32U535RBT6Q, STM32U535RCI6, STM32U535RCI6Q, STM32U535RCT6, STM32U535RCT6Q, STM32U535REI6, STM32U535REI6Q, STM32U535RET6, STM32U535RET6Q, STM32U535VCI6, STM32U535VCI6Q, STM32U535VCT6, STM32U535VCT6Q, STM32U535VEI6, STM32U535VEI6Q, STM32U535VET6, STM32U535VET6Q, STM32U545CET6, STM32U545CET6Q, STM32U545CEU6, STM32U545CEU6Q, STM32U545JEY6QTR, STM32U545NEY6QTR, STM32U545REI6, STM32U545REI6Q, STM32U545RET6, STM32U545RET6Q, STM32U545VEI6, STM32U545VEI6Q, STM32U545VET6, STM32U545VET6Q, STM32U595AIH6, STM32U595AIH6Q, STM32U595AJH6, STM32U595AJH6Q, STM32U595QII6, STM32U595QII6Q, STM32U595QJI6, STM32U595QJI6Q, STM32U595RIT6, STM32U595RIT6Q, STM32U595RJT6, STM32U595RJT6Q, STM32U595VIT6, STM32U595VIT6Q, STM32U595VJT6, STM32U595VJT6Q, STM32U595ZIT6, STM32U595ZIT6Q, STM32U595ZIY6QTR, STM32U595ZJT6, STM32U595ZJT6Q, STM32U595ZJY6QTR, STM32U599BJY6QTR, STM32U599NIH6Q, STM32U599NJH6Q, STM32U599VIT6Q, STM32U599VJT6, STM32U599VJT6Q, STM32U599ZIT6Q, STM32U599ZIY6QTR, STM32U599ZJT6Q, STM32U599ZJY6QTR, STM32U5A5AJH6, STM32U5A5AJH6Q, STM32U5A5QJI6, STM32U5A5QJI6Q, STM32U5A5RJT6, STM32U5A5RJT6Q, STM32U5A5VJT6, STM32U5A5VJT6Q, STM32U5A5ZJT6, STM32U5A5ZJT6Q, STM32U5A5ZJY6QTR, STM32U5A9BJY6QTR, STM32U5A9J-DK, STM32U5A9NJH6Q, STM32U5A9VJT6Q, STM32U5A9ZJT6Q, STM32U5A9ZJY6QTR, STM32U5F7VIT6, STM32U5F7VIT6Q, STM32U5F7VJT6, STM32U5F7VJT6Q, STM32U5F9BJY6QTR, STM32U5F9NJH6Q, STM32U5F9VIT6Q, STM32U5F9VJT6Q, STM32U5F9ZIJ6QTR, STM32U5F9ZIT6Q, STM32U5F9ZJJ6QTR, STM32U5F9ZJT6Q, STM32U5G7VJT6, STM32U5G7VJT6Q, STM32U5G9BJY6QTR, STM32U5G9J-DK1, STM32U5G9J-DK2, STM32U5G9NJH6Q, STM32U5G9VJT6Q, STM32U5G9ZJJ6QTR, STM32U5G9ZJT6Q, STM32WB1MMCH6, STM32WBA52CEU6, STM32WBA52CEU6T, STM32WBA52CGU6, STM32WBA52CGU6T, STM32WBA52KEU6, STM32WBA52KEU6T, STM32WBA52KGU6, STM32WBA52KGU6T, STM32WL5MOCH6, STM32WL5MOCH6TR]
2024-01-23 14:43:06,607 [INFO] DbMcus:217 - Found 3882 MCUs, 3882 are supported
2024-01-23 14:43:06,612 [INFO] ApiDb:423 - Load user favorites file C:\Users\Minh/.stm32cubeide/favorites.mcus.txt: 0 item(s)
2024-01-23 14:43:06,613 [INFO] ApiDb:427 - User favorites MCUs=[]
2024-01-23 14:43:06,613 [INFO] DbMcus:223 - Set 0 / 0 favorites MCUs
2024-01-23 14:43:07,661 [INFO] ApiDb:668 - CubeFinder database Data Model version=2.1
2024-01-23 14:43:07,661 [INFO] ApiDb:669 - CubeFinder database Configuration version=3.0.39
2024-01-23 14:43:07,661 [INFO] ApiDb:670 - CubeFinder database generation date=2023-12-08 (1702028721)
2024-01-23 14:43:07,662 [INFO] ApiDb:671 - CubeFinder database FW Pack versions=[FP-ATR-ASTRA1_V2.0.0, FP-SNS-FLIGHT1_V5.0.1, FP-SNS-FLIGHT1_V5.0.2, FP-SNS-MOTENV1_V4.3.1, FP-SNS-MOTENV1_V4.3.2, FP-SNS-MOTENVWB1_V1.3.1, FP-SNS-SMARTAG2_V1.2.0, STM32Cube_FW_C0_V1.1.0, STM32Cube_FW_F4_V1.28.0, STM32Cube_FW_F7_V1.17.0, STM32Cube_FW_G0_V1.6.1, STM32Cube_FW_G4_V1.5.1, STM32Cube_FW_H5_V0.5.1, STM32Cube_FW_H5_V1.1.1, STM32Cube_FW_H5_V1.2.0RC2, STM32Cube_FW_H7_V1.11.0, STM32Cube_FW_L0_V1.12.2, STM32Cube_FW_L5_V1.5.0, STM32Cube_FW_U5_V1.3.0RC4, STM32Cube_FW_U5_V1.4.0, STM32Cube_FW_WBA_V1.0.0RC1, STM32Cube_FW_WBA_V1.1.0RC1, STM32Cube_FW_WBA_V1.2.0, STM32Cube_FW_WBA_V1.2.0RC2, STM32Cube_FW_WB_V1.15.0RC1, STM32Cube_FW_WB_V1.16.0, STM32Cube_FW_WB_V1.16.0RC2, STM32Cube_FW_WB_V1.18.0, STM32Cube_FW_WL_V1.3.0, X-CUBE-ALGOBUILD_V1.3.0, X-CUBE-ALS_V1.0.1, X-CUBE-AZRTOS-F4_V1.1.0, X-CUBE-AZRTOS-F7_V1.1.0, X-CUBE-AZRTOS-G0_V1.1.0, X-CUBE-AZRTOS-G4_V2.0.0, X-CUBE-AZRTOS-H7_V3.1.0, X-CUBE-AZRTOS-L4_V1.0.0, X-CUBE-AZRTOS-L4_V2.0.0, X-CUBE-AZRTOS-L5_V1.1.0, X-CUBE-AZRTOS-WB_V2.0.0, X-CUBE-AZRTOS-WL_V2.0.0, X-CUBE-BLE1_V7.0.0, X-CUBE-BLE2_V3.3.0, X-CUBE-BLEMGR_V3.0.0, X-CUBE-EEPRMA1_V4.1.0, X-CUBE-EEPRMA1_V4.2.0, X-CUBE-FREERTOS_V1.1.0, X-CUBE-GNSS1_V6.0.0, X-CUBE-MEMS1_V10.0.0, X-CUBE-MEMS1_V9.1.0, X-CUBE-MEMS1_V9.4.0, X-CUBE-MEMS1_V9.6.0, X-CUBE-NFC4_V3.0.0, X-CUBE-NFC7_V1.0.1, X-CUBE-SFXS2LP1_V4.0.0, X-CUBE-SUBG2_V5.0.0, X-CUBE-TOF1_V3.4.0]
2024-01-23 14:43:07,800 [INFO] DbBoardsSqlite:226 - include board P-NUCLEO-WB55-NUCLEO as a kit item of type 'Nucleo-64'
2024-01-23 14:43:07,801 [INFO] DbBoardsSqlite:226 - include board P-NUCLEO-WB55-USBDONGLE as a kit item of type 'Nucleo USB Dongle'
2024-01-23 14:43:07,802 [INFO] DbBoardsSqlite:226 - include board STEVAL-IDP005V1 as a kit item of type 'Evaluation Board'
2024-01-23 14:43:07,802 [INFO] DbBoardsSqlite:226 - include board STEVAL-IDP005V2 as a kit item of type 'Evaluation Board'
2024-01-23 14:43:07,940 [INFO] ApiDb:240 - Found 323 in-development CPN: [B-G473E-ZEST1S, B-WB1M-WPAN1, B-WL5M-SUBG1, NUCLEO-C031C6, NUCLEO-H503RB, NUCLEO-H563ZI, NUCLEO-U545RE-Q, NUCLEO-U5A5ZJ-Q, NUCLEO-WBA52CG, STEVAL-PROTEUS1, STEVAL-SMARTAG2, STEVAL-STWINBX1, STM320518-EVAL, STM32C0116-DK, STM32C011D6Y3TR, STM32C011D6Y6TR, STM32C011F4P3, STM32C011F4P6, STM32C011F4U3, STM32C011F4U6TR, STM32C011F6P3, STM32C011F6P6, STM32C011F6U3, STM32C011F6U6TR, STM32C011J4M3, STM32C011J4M6, STM32C011J6M3, STM32C011J6M6, STM32C0316-DK, STM32C031C4T3, STM32C031C4T6, STM32C031C4U3, STM32C031C4U6, STM32C031C6T3, STM32C031C6T6, STM32C031C6U3, STM32C031C6U6, STM32C031F4P3, STM32C031F4P6, STM32C031F6P3, STM32C031F6P6, STM32C031G4U3, STM32C031G4U6, STM32C031G6U3, STM32C031G6U6, STM32C031K4T3, STM32C031K4T6, STM32C031K4U3, STM32C031K4U6, STM32C031K6T3, STM32C031K6T6, STM32C031K6U3, STM32C031K6U6, STM32G071K8TXN, STM32G071K8UXN, STM32G081GBU6N, STM32G081KBT6N, STM32G081KBUXN, STM32G0B1CCT6N, STM32G0B1KCT6, STM32G0B1NEY6TR, STM32G0B1RCT6N, STM32G0C1CCT6, STM32G0C1CCT6N, STM32G0C1CCU6N, STM32G0C1CET6N, STM32G0C1CEU6N, STM32G0C1KCT6, STM32G0C1NEY6TR, STM32G0C1RCI6N, STM32G0C1RCT6N, STM32G0C1REI6N, STM32G0C1RET6N, STM32G0C1VCI6, STM32G0C1VEI6, STM32G471CCT6, STM32G471CCU6, STM32G471CET3, STM32G471CET6, STM32G471CEU3, STM32G471CEU6, STM32G471MCT6, STM32G471MET3, STM32G471MET6, STM32G471MEY6TR, STM32G471QCT6, STM32G471QET3, STM32G471RCT6, STM32G471RET3, STM32G471RET6, STM32G471VCH6, STM32G471VCI6, STM32G471VCT6, STM32G471VEH3, STM32G471VEH6, STM32G471VEI3, STM32G471VEI6, STM32G471VET3, STM32G471VET6, STM32G474CCT6, STM32H503CBT6, STM32H503CBU6, STM32H503EBY6TR, STM32H503KBU6, STM32H503RBT6, STM32H562AGI6, STM32H562AII6, STM32H562IGK6, STM32H562IGT6, STM32H562IIK6, STM32H562IIT6, STM32H562RGT6, STM32H562RGV6, STM32H562RIT6, STM32H562RIV6, STM32H562VGT6, STM32H562VIT6, STM32H562ZGT6, STM32H562ZIT6, STM32H563AGI6, STM32H563AII3Q, STM32H563AII6, STM32H563IGK6, STM32H563IGT6, STM32H563IIK3Q, STM32H563IIK6, STM32H563IIT3Q, STM32H563IIT6, STM32H563MIY3QTR, STM32H563RGT6, STM32H563RGV6, STM32H563RIT6, STM32H563RIV6, STM32H563VGT6, STM32H563VIT3Q, STM32H563VIT6, STM32H563ZGT6, STM32H563ZIT3Q, STM32H563ZIT6, STM32H573AII3Q, STM32H573AII6, STM32H573I-DK, STM32H573IIK3Q, STM32H573IIK6, STM32H573IIT3Q, STM32H573IIT6, STM32H573MIY3QTR, STM32H573RIT6, STM32H573RIV6, STM32H573VIT3Q, STM32H573VIT6, STM32H573ZIT3Q, STM32H573ZIT6, STM32L4R5QGI6STR, STM32MP131AAE3, STM32MP131AAF3, STM32MP131AAG3, STM32MP131CAE3, STM32MP131CAF3, STM32MP131CAG3, STM32MP131DAE7, STM32MP131DAF7, STM32MP131DAG7, STM32MP131FAE7, STM32MP131FAF7, STM32MP131FAG7, STM32MP133AAE3, STM32MP133AAF3, STM32MP133AAG3, STM32MP133CAE3, STM32MP133CAF3, STM32MP133CAG3, STM32MP133DAE7, STM32MP133DAF7, STM32MP133DAG7, STM32MP133FAE7, STM32MP133FAF7, STM32MP133FAG7, STM32MP135AAE3, STM32MP135AAF3, STM32MP135AAG3, STM32MP135CAE3, STM32MP135CAF3, STM32MP135CAG3, STM32MP135DAE7, STM32MP135DAF7, STM32MP135DAG7, STM32MP135F-DK, STM32MP135FAE7, STM32MP135FAF7, STM32MP135FAF7T, STM32MP135FAF7U, STM32MP135FAG7, STM32U535CBT6, STM32U535CBT6Q, STM32U535CBU6, STM32U535CBU6Q, STM32U535CCT6, STM32U535CCT6Q, STM32U535CCU6, STM32U535CCU6Q, STM32U535CET6, STM32U535CET6Q, STM32U535CEU6, STM32U535CEU6Q, STM32U535JEY6QTR, STM32U535NCY6QTR, STM32U535NEY6QTR, STM32U535RBI6, STM32U535RBI6Q, STM32U535RBT6, STM32U535RBT6Q, STM32U535RCI6, STM32U535RCI6Q, STM32U535RCT6, STM32U535RCT6Q, STM32U535REI6, STM32U535REI6Q, STM32U535RET6, STM32U535RET6Q, STM32U535VCI6, STM32U535VCI6Q, STM32U535VCT6, STM32U535VCT6Q, STM32U535VEI6, STM32U535VEI6Q, STM32U535VET6, STM32U535VET6Q, STM32U545CET6, STM32U545CET6Q, STM32U545CEU6, STM32U545CEU6Q, STM32U545JEY6QTR, STM32U545NEY6QTR, STM32U545REI6, STM32U545REI6Q, STM32U545RET6, STM32U545RET6Q, STM32U545VEI6, STM32U545VEI6Q, STM32U545VET6, STM32U545VET6Q, STM32U595AIH6, STM32U595AIH6Q, STM32U595AJH6, STM32U595AJH6Q, STM32U595QII6, STM32U595QII6Q, STM32U595QJI6, STM32U595QJI6Q, STM32U595RIT6, STM32U595RIT6Q, STM32U595RJT6, STM32U595RJT6Q, STM32U595VIT6, STM32U595VIT6Q, STM32U595VJT6, STM32U595VJT6Q, STM32U595ZIT6, STM32U595ZIT6Q, STM32U595ZIY6QTR, STM32U595ZJT6, STM32U595ZJT6Q, STM32U595ZJY6QTR, STM32U599BJY6QTR, STM32U599NIH6Q, STM32U599NJH6Q, STM32U599VIT6Q, STM32U599VJT6, STM32U599VJT6Q, STM32U599ZIT6Q, STM32U599ZIY6QTR, STM32U599ZJT6Q, STM32U599ZJY6QTR, STM32U5A5AJH6, STM32U5A5AJH6Q, STM32U5A5QJI6, STM32U5A5QJI6Q, STM32U5A5RJT6, STM32U5A5RJT6Q, STM32U5A5VJT6, STM32U5A5VJT6Q, STM32U5A5ZJT6, STM32U5A5ZJT6Q, STM32U5A5ZJY6QTR, STM32U5A9BJY6QTR, STM32U5A9J-DK, STM32U5A9NJH6Q, STM32U5A9VJT6Q, STM32U5A9ZJT6Q, STM32U5A9ZJY6QTR, STM32U5F7VIT6, STM32U5F7VIT6Q, STM32U5F7VJT6, STM32U5F7VJT6Q, STM32U5F9BJY6QTR, STM32U5F9NJH6Q, STM32U5F9VIT6Q, STM32U5F9VJT6Q, STM32U5F9ZIJ6QTR, STM32U5F9ZIT6Q, STM32U5F9ZJJ6QTR, STM32U5F9ZJT6Q, STM32U5G7VJT6, STM32U5G7VJT6Q, STM32U5G9BJY6QTR, STM32U5G9J-DK1, STM32U5G9J-DK2, STM32U5G9NJH6Q, STM32U5G9VJT6Q, STM32U5G9ZJJ6QTR, STM32U5G9ZJT6Q, STM32WB1MMCH6, STM32WBA52CEU6, STM32WBA52CEU6T, STM32WBA52CGU6, STM32WBA52CGU6T, STM32WBA52KEU6, STM32WBA52KEU6T, STM32WBA52KGU6, STM32WBA52KGU6T, STM32WL5MOCH6, STM32WL5MOCH6TR]
2024-01-23 14:43:08,411 [INFO] BoardInfo:880 - No configuration file found for board P-NUCLEO-WB55
2024-01-23 14:43:08,411 [INFO] DbBoards:157 - Kit is not supported: P-NUCLEO-WB55
2024-01-23 14:43:08,430 [INFO] BoardInfo:880 - No configuration file found for board STEVAL-BFA001V1B
2024-01-23 14:43:08,430 [INFO] DbBoards:157 - Kit is not supported: STEVAL-BFA001V1B
2024-01-23 14:43:08,436 [INFO] BoardInfo:880 - No configuration file found for board STEVAL-BFA001V2B
2024-01-23 14:43:08,436 [INFO] DbBoards:157 - Kit is not supported: STEVAL-BFA001V2B
2024-01-23 14:43:08,456 [INFO] BoardInfo:880 - No configuration file found for board STEVAL-MKBOXPRO
2024-01-23 14:43:08,456 [INFO] DbBoards:157 - Board is not supported: STEVAL-MKBOXPRO
2024-01-23 14:43:08,800 [INFO] DbBoards:161 - Found 191 boards, 187 are supported
2024-01-23 14:43:08,807 [INFO] ApiDb:423 - Load user favorites file C:\Users\Minh/.stm32cubeide/favorites.boards.txt: 1 item(s)
2024-01-23 14:43:08,807 [INFO] ApiDb:427 - User favorites Boards=[STM32F407G-DISC1]
2024-01-23 14:43:08,808 [INFO] DbBoards:190 - Set 1 / 1 favorites Boards
2024-01-23 14:43:08,815 [INFO] ApiDb:668 - CubeFinder database Data Model version=2.1
2024-01-23 14:43:08,815 [INFO] ApiDb:669 - CubeFinder database Configuration version=3.0.39
2024-01-23 14:43:08,816 [INFO] ApiDb:670 - CubeFinder database generation date=2023-12-08 (1702028721)
2024-01-23 14:43:08,816 [INFO] ApiDb:671 - CubeFinder database FW Pack versions=[FP-ATR-ASTRA1_V2.0.0, FP-SNS-FLIGHT1_V5.0.1, FP-SNS-FLIGHT1_V5.0.2, FP-SNS-MOTENV1_V4.3.1, FP-SNS-MOTENV1_V4.3.2, FP-SNS-MOTENVWB1_V1.3.1, FP-SNS-SMARTAG2_V1.2.0, STM32Cube_FW_C0_V1.1.0, STM32Cube_FW_F4_V1.28.0, STM32Cube_FW_F7_V1.17.0, STM32Cube_FW_G0_V1.6.1, STM32Cube_FW_G4_V1.5.1, STM32Cube_FW_H5_V0.5.1, STM32Cube_FW_H5_V1.1.1, STM32Cube_FW_H5_V1.2.0RC2, STM32Cube_FW_H7_V1.11.0, STM32Cube_FW_L0_V1.12.2, STM32Cube_FW_L5_V1.5.0, STM32Cube_FW_U5_V1.3.0RC4, STM32Cube_FW_U5_V1.4.0, STM32Cube_FW_WBA_V1.0.0RC1, STM32Cube_FW_WBA_V1.1.0RC1, STM32Cube_FW_WBA_V1.2.0, STM32Cube_FW_WBA_V1.2.0RC2, STM32Cube_FW_WB_V1.15.0RC1, STM32Cube_FW_WB_V1.16.0, STM32Cube_FW_WB_V1.16.0RC2, STM32Cube_FW_WB_V1.18.0, STM32Cube_FW_WL_V1.3.0, X-CUBE-ALGOBUILD_V1.3.0, X-CUBE-ALS_V1.0.1, X-CUBE-AZRTOS-F4_V1.1.0, X-CUBE-AZRTOS-F7_V1.1.0, X-CUBE-AZRTOS-G0_V1.1.0, X-CUBE-AZRTOS-G4_V2.0.0, X-CUBE-AZRTOS-H7_V3.1.0, X-CUBE-AZRTOS-L4_V1.0.0, X-CUBE-AZRTOS-L4_V2.0.0, X-CUBE-AZRTOS-L5_V1.1.0, X-CUBE-AZRTOS-WB_V2.0.0, X-CUBE-AZRTOS-WL_V2.0.0, X-CUBE-BLE1_V7.0.0, X-CUBE-BLE2_V3.3.0, X-CUBE-BLEMGR_V3.0.0, X-CUBE-EEPRMA1_V4.1.0, X-CUBE-EEPRMA1_V4.2.0, X-CUBE-FREERTOS_V1.1.0, X-CUBE-GNSS1_V6.0.0, X-CUBE-MEMS1_V10.0.0, X-CUBE-MEMS1_V9.1.0, X-CUBE-MEMS1_V9.4.0, X-CUBE-MEMS1_V9.6.0, X-CUBE-NFC4_V3.0.0, X-CUBE-NFC7_V1.0.1, X-CUBE-SFXS2LP1_V4.0.0, X-CUBE-SUBG2_V5.0.0, X-CUBE-TOF1_V3.4.0]
2024-01-23 14:43:11,256 [ERROR] DbExamplesSqlite:437 - Missing JSON key: board_cpn
2024-01-23 14:43:11,257 [ERROR] DbExamplesSqlite:437 - Missing JSON key: board_cpn
2024-01-23 14:43:11,257 [ERROR] DbExamplesSqlite:437 - Missing JSON key: board_cpn
2024-01-23 14:43:11,258 [ERROR] DbExamplesSqlite:437 - Missing JSON key: board_cpn
2024-01-23 14:43:11,432 [INFO] DbExamplesSqlite:395 - Ignored 55 examples not supported by CubeIDE
2024-01-23 14:43:11,433 [INFO] DbExamplesSqlite:396 - Found 7560 examples active
2024-01-23 14:43:11,433 [INFO] DbExamplesSqlite:397 - Found 844 examples obsolete
2024-01-23 14:43:11,434 [INFO] DbExamplesSqlite:398 - Found 0 examples under development
2024-01-23 14:43:11,434 [INFO] DbExamplesSqlite:399 - Found 8 examples not building
2024-01-23 14:43:11,439 [INFO] DbExamples:125 - Found 7513 examples
2024-01-23 14:43:11,964 [ERROR] DbExamples:208 - Found 247 examples with invalid data (board or MCU)
2024-01-23 14:43:11,965 [INFO] DbExamples:222 - Found 93 boards with related examples
2024-01-23 14:43:11,968 [INFO] DbExamples:235 - Found 79 MCUs with related examples
2024-01-23 14:43:12,031 [INFO] ApiDb:423 - Load user favorites file C:\Users\Minh/.stm32cubeide/favorites.examples.txt: 0 item(s)
2024-01-23 14:43:12,035 [INFO] ApiDb:427 - User favorites Examples=[]
2024-01-23 14:43:12,042 [INFO] DbExamples:250 - Set 0 / 0 favorites Examples
2024-01-23 14:43:14,050 [INFO] McuFinderGlobals:76 - Set McuFinderConnectedMode to true
2024-01-23 14:43:14,075 [INFO] MultiScanPanel:200 - Auto-refresh data requested => check proxy status ongoing
2024-01-23 14:43:14,086 [INFO] FinderPluginLoader:95 - Searching for filters in installed packs
2024-01-23 14:43:18,027 [INFO] LoadUrlFilesThread:185 - End of LoadServerUrlFiles without Thread
2024-01-23 14:43:18,141 [INFO] DetailPanel:341 - Set advertising image to C:/Users/Minh/STM32Cube/Repository/\en.prom-stm32wl3-mcu-finder.jpg
2024-01-23 14:43:25,322 [INFO] MultiScanPanel:200 - Auto-refresh data requested => check proxy status ongoing
2024-01-23 14:43:25,637 [INFO] LoadUrlFilesThread:185 - End of LoadServerUrlFiles without Thread
2024-01-23 14:43:25,637 [INFO] DetailPanel:341 - Set advertising image to C:/Users/Minh/STM32Cube/Repository/\en.prom-stm32wl3-mcu-finder.jpg
2024-01-23 14:43:25,671 [INFO] DbBoards:634 - Loading board mini-images...
2024-01-23 14:43:31,470 [INFO] DbBoards:657 - Loaded 191 board mini-images
2024-01-23 14:45:50,963 [INFO] McuFinderGlobals:76 - Set McuFinderConnectedMode to true
2024-01-23 14:45:50,977 [INFO] ApiDb:448 - Save user favorites file C:\Users\Minh/.stm32cubeide/favorites.mcus.txt: 0 item(s)
2024-01-23 14:45:50,978 [INFO] ApiDb:452 - User favorites MCUs=[]
2024-01-23 14:45:50,983 [INFO] ApiDb:448 - Save user favorites file C:\Users\Minh/.stm32cubeide/favorites.boards.txt: 1 item(s)
2024-01-23 14:45:50,987 [INFO] ApiDb:452 - User favorites Boards=[STM32F407G-DISC1]
2024-01-23 18:02:50,204 [ERROR] LogOutputStream:75 - [STDERR_REDIRECT] 
