2024-12-21 14:44:13,439 [INFO] Activator:176 - 


2024-12-21 14:44:13,454 [INFO] Activator:177 - !SESSION log4j initialized
2024-12-21 14:44:31,037 [INFO] LogOutputStream:77 - [STDOUT_REDIRECT] 
2024-12-21 14:44:36,208 [INFO] ApplicationProperties:184 - Using Application install path: C:\ST\STM32CubeIDE_1.4.0\STM32CubeIDE\plugins\com.st.stm32cube.common.mx_6.9.1.202307191849
2024-12-21 14:44:36,261 [INFO] DbMcusXml:78 - Set database path to: C:\ST\STM32CubeIDE_1.4.0\STM32CubeIDE\plugins\com.st.stm32cube.common.mx_6.9.1.202307191849\\db\/mcu/
2024-12-21 14:44:36,263 [INFO] ApiDb:274 - Set plugin database path to: C:\ST\STM32CubeIDE_1.4.0\STM32CubeIDE\plugins\com.st.stm32cube.common.mx_6.9.1.202307191849\\db\/plugins/boardmanager/
2024-12-21 14:44:36,264 [WARN] ApiDb:259 - Overriding images path with different value:  => C:\ST\STM32CubeIDE_1.4.0\STM32CubeIDE\plugins\com.st.stm32cube.common.mx_6.9.1.202307191849\\db\/plugins/mcufinder/images/
2024-12-21 14:44:36,315 [INFO] ApiDb:250 - Set database path to: C:\Users\Minh\.stmcufinder\plugins\mcufinder//mcu/
2024-12-21 14:44:36,317 [INFO] DbMcusAds:125 - Set database path to: C:\Users\Minh\.stmcufinder\plugins\mcufinder//mcu/
2024-12-21 14:44:36,321 [INFO] CrossReferenceDbSqlite:203 - Set database path to: C:\Users\Minh\.stmcufinder\plugins\mcufinder//mcu/cs/
2024-12-21 14:44:36,650 [INFO] RulesReader:64 - Compatibility file has been processed (293 Rules)
2024-12-21 14:44:36,895 [INFO] DbMcusXml:78 - Set database path to: C:\ST\STM32CubeIDE_1.4.0\STM32CubeIDE\plugins\com.st.stm32cube.common.mx_6.9.1.202307191849\\db\/mcu/
2024-12-21 14:44:36,895 [INFO] ApiDb:274 - Set plugin database path to: C:\ST\STM32CubeIDE_1.4.0\STM32CubeIDE\plugins\com.st.stm32cube.common.mx_6.9.1.202307191849\\db\/plugins/boardmanager/
2024-12-21 14:44:36,896 [INFO] ApiDb:261 - Set plugin images path to: C:\ST\STM32CubeIDE_1.4.0\STM32CubeIDE\plugins\com.st.stm32cube.common.mx_6.9.1.202307191849\\db\/plugins/mcufinder/images/
2024-12-21 14:44:36,896 [WARN] DbFile:41 - Overriding database path with different value: C:\Users\Minh\.stmcufinder\plugins\mcufinder/ => C:\Users\Minh\.stmcufinder\plugins\mcufinder
2024-12-21 14:44:36,896 [INFO] ApiDb:250 - Set database path to: C:\Users\Minh\.stmcufinder\plugins\mcufinder//mcu/
2024-12-21 14:44:36,897 [WARN] DbFile:41 - Overriding database path with different value: C:\Users\Minh\.stmcufinder\plugins\mcufinder/ => C:\Users\Minh\.stmcufinder\plugins\mcufinder
2024-12-21 14:44:36,897 [INFO] DbMcusAds:125 - Set database path to: C:\Users\Minh\.stmcufinder\plugins\mcufinder//mcu/
2024-12-21 14:44:36,897 [WARN] DbFile:41 - Overriding database path with different value: C:\Users\Minh\.stmcufinder\plugins\mcufinder/ => C:\Users\Minh\.stmcufinder\plugins\mcufinder
2024-12-21 14:44:36,897 [WARN] DbFile:41 - Overriding database path with different value: C:\Users\Minh\.stmcufinder\plugins\mcufinder/ => C:\Users\Minh\.stmcufinder\plugins\mcufinder
2024-12-21 14:44:36,898 [INFO] CrossReferenceDbSqlite:203 - Set database path to: C:\Users\Minh\.stmcufinder\plugins\mcufinder//mcu/cs/
2024-12-21 14:44:37,169 [INFO] MainPanel:262 - HeapMemory: 268435456
2024-12-21 14:44:37,464 [INFO] DbMcusXml:78 - Set database path to: C:\ST\STM32CubeIDE_1.4.0\STM32CubeIDE\plugins\com.st.stm32cube.common.mx_6.9.1.202307191849\\db\/mcu/
2024-12-21 14:44:37,465 [INFO] ApiDb:274 - Set plugin database path to: C:\ST\STM32CubeIDE_1.4.0\STM32CubeIDE\plugins\com.st.stm32cube.common.mx_6.9.1.202307191849\\db\/plugins/boardmanager/
2024-12-21 14:44:37,465 [INFO] ApiDb:261 - Set plugin images path to: C:\ST\STM32CubeIDE_1.4.0\STM32CubeIDE\plugins\com.st.stm32cube.common.mx_6.9.1.202307191849\\db\/plugins/mcufinder/images/
2024-12-21 14:44:37,467 [WARN] DbFile:41 - Overriding database path with different value: C:\Users\Minh\.stmcufinder\plugins\mcufinder/ => C:\Users\Minh\.stmcufinder\plugins\mcufinder
2024-12-21 14:44:37,467 [INFO] ApiDb:250 - Set database path to: C:\Users\Minh\.stmcufinder\plugins\mcufinder//mcu/
2024-12-21 14:44:37,467 [WARN] DbFile:41 - Overriding database path with different value: C:\Users\Minh\.stmcufinder\plugins\mcufinder/ => C:\Users\Minh\.stmcufinder\plugins\mcufinder
2024-12-21 14:44:37,467 [INFO] DbMcusAds:125 - Set database path to: C:\Users\Minh\.stmcufinder\plugins\mcufinder//mcu/
2024-12-21 14:44:37,468 [WARN] DbFile:41 - Overriding database path with different value: C:\Users\Minh\.stmcufinder\plugins\mcufinder/ => C:\Users\Minh\.stmcufinder\plugins\mcufinder
2024-12-21 14:44:37,468 [WARN] DbFile:41 - Overriding database path with different value: C:\Users\Minh\.stmcufinder\plugins\mcufinder/ => C:\Users\Minh\.stmcufinder\plugins\mcufinder
2024-12-21 14:44:37,468 [INFO] CrossReferenceDbSqlite:203 - Set database path to: C:\Users\Minh\.stmcufinder\plugins\mcufinder//mcu/cs/
2024-12-21 14:44:37,529 [INFO] ApplicationProperties:184 - Using Application install path: C:\ST\STM32CubeIDE_1.4.0\STM32CubeIDE\plugins\com.st.stm32cube.common.mx_6.9.1.202307191849
2024-12-21 14:44:37,533 [INFO] PluginManage:196 - Search for loadable plugins [exclusion list=, ]
2024-12-21 14:44:37,537 [INFO] PluginManage:310 - Check plugin analytics
2024-12-21 14:44:37,979 [INFO] AnalyticsPlugin:253 - Accepted Software Licenses: STM32CubeMX.6.0.0,STM32CubeMX.5.2.0
2024-12-21 14:44:37,979 [INFO] AnalyticsPlugin:255 - Accepted CMSIS Pack Licenses: 
2024-12-21 14:44:37,980 [INFO] AnalyticsPlugin:257 - Accepted Firmware Licenses: 
2024-12-21 14:44:37,986 [INFO] PluginManage:359 - Loaded plugin analytics (category:tool,tabindex:-1)
2024-12-21 14:44:37,987 [INFO] PluginManage:310 - Check plugin cadmodel
2024-12-21 14:44:38,039 [INFO] CADModel:105 - Init CAD model plugin
2024-12-21 14:44:38,039 [INFO] PluginManage:359 - Loaded plugin cadmodel (category:power,tabindex:5)
2024-12-21 14:44:38,040 [INFO] PluginManage:310 - Check plugin clock
2024-12-21 14:44:38,096 [INFO] PluginManage:359 - Loaded plugin clock (category:base,tabindex:2)
2024-12-21 14:44:38,097 [INFO] PluginManage:310 - Check plugin ddr
2024-12-21 14:44:38,102 [INFO] PluginManage:359 - Loaded plugin ddr (category:tool,tabindex:6)
2024-12-21 14:44:38,103 [INFO] PluginManage:310 - Check plugin filemanager
2024-12-21 14:44:38,435 [INFO] PluginManage:359 - Loaded plugin filemanager (category:base,tabindex:10)
2024-12-21 14:44:38,435 [INFO] PluginManage:310 - Check plugin ipmanager
2024-12-21 14:44:38,452 [INFO] PluginManage:359 - Loaded plugin ipmanager (category:base,tabindex:5)
2024-12-21 14:44:38,452 [INFO] PluginManage:310 - Check plugin lpbam
2024-12-21 14:44:38,499 [INFO] PluginManage:359 - Loaded plugin lpbam (category:base,tabindex:0)
2024-12-21 14:44:38,499 [INFO] PluginManage:310 - Check plugin memorymap
2024-12-21 14:44:38,557 [INFO] PluginManage:359 - Loaded plugin memorymap (category:base,tabindex:4)
2024-12-21 14:44:38,557 [INFO] PluginManage:310 - Check plugin pinoutandconfiguration
2024-12-21 14:44:38,613 [INFO] PluginManage:359 - Loaded plugin pinoutandconfiguration (category:base,tabindex:1)
2024-12-21 14:44:38,614 [INFO] PluginManage:310 - Check plugin pinoutconfig
2024-12-21 14:44:38,900 [WARN] SupportedApi:132 - Cannot load RTOS API schema: s4s-elt-must-match.1: The content of 'definitions' must match (annotation?, (simpleType | complexType)?, (unique | key | keyref)*)). A problem was found starting at: attribute.
2024-12-21 14:44:39,384 [INFO] PluginManage:359 - Loaded plugin pinoutconfig (category:base,tabindex:0)
2024-12-21 14:44:39,385 [INFO] PluginManage:310 - Check plugin power
2024-12-21 14:44:39,464 [INFO] PluginManage:359 - Loaded plugin power (category:power,tabindex:4)
2024-12-21 14:44:39,464 [INFO] PluginManage:310 - Check plugin projectmanager
2024-12-21 14:44:39,653 [INFO] PluginManage:359 - Loaded plugin projectmanager (category:projectmanager,tabindex:3)
2024-12-21 14:44:39,654 [INFO] PluginManage:310 - Check plugin thirdparty
2024-12-21 14:44:40,723 [WARN] IntegrityCheckThread:84 - waiting for thirdparty lock release [integrity check]
2024-12-21 14:44:40,723 [INFO] IntegrityCheckThread:86 - entering critical section [integrity check]
2024-12-21 14:44:40,724 [INFO] ThirdPartyUpdaterWithRetryManager:70 - Updater plugin not ready yet. [1/15]
2024-12-21 14:44:40,726 [INFO] PluginManage:359 - Loaded plugin thirdparty (category:base,tabindex:-1)
2024-12-21 14:44:40,727 [INFO] PluginManage:310 - Check plugin tools
2024-12-21 14:44:40,882 [INFO] PluginManage:359 - Loaded plugin tools (category:base,tabindex:7)
2024-12-21 14:44:40,882 [INFO] PluginManage:310 - Check plugin tutovideos
2024-12-21 14:44:41,629 [INFO] PluginManage:359 - Loaded plugin tutovideos (category:base,tabindex:-1)
2024-12-21 14:44:41,629 [INFO] PluginManage:310 - Check plugin updater
2024-12-21 14:44:41,670 [INFO] PluginManage:359 - Loaded plugin updater (category:base,tabindex:12)
2024-12-21 14:44:41,670 [INFO] PluginManage:310 - Check plugin userauth
2024-12-21 14:44:41,687 [INFO] UserAuth:113 - Init User Auth plugin
2024-12-21 14:44:41,687 [INFO] PluginManage:359 - Loaded plugin userauth (category:base,tabindex:14)
2024-12-21 14:44:41,689 [INFO] PluginManage:283 - PluginManage : Loaded plugins [17]
2024-12-21 14:44:42,235 [INFO] PinOutPanel:1499 - setPackage(No Configuration,No Configuration)
2024-12-21 14:44:42,535 [INFO] CADModel:165 - CPN selected for project level
2024-12-21 14:44:42,535 [INFO] CADModel:114 - Register for checkConnection events
2024-12-21 14:44:42,599 [INFO] IPUIPlugin:80 - create IPUIPlugin
2024-12-21 14:44:42,600 [INFO] PluginManager:220 - loadIPPluginJar : add adc
2024-12-21 14:44:42,690 [INFO] IPUIPlugin:80 - create IPUIPlugin
2024-12-21 14:44:42,690 [INFO] PluginManager:220 - loadIPPluginJar : add aes
2024-12-21 14:44:42,788 [INFO] IPUIPlugin:80 - create IPUIPlugin
2024-12-21 14:44:42,788 [INFO] PluginManager:220 - loadIPPluginJar : add can
2024-12-21 14:44:42,839 [INFO] IPUIPlugin:80 - create IPUIPlugin
2024-12-21 14:44:42,839 [INFO] PluginManager:220 - loadIPPluginJar : add comp
2024-12-21 14:44:42,924 [INFO] IPUIPlugin:80 - create IPUIPlugin
2024-12-21 14:44:42,925 [INFO] PluginManager:220 - loadIPPluginJar : add cryp
2024-12-21 14:44:43,001 [INFO] IPUIPlugin:80 - create IPUIPlugin
2024-12-21 14:44:43,002 [INFO] PluginManager:220 - loadIPPluginJar : add dfsdm
2024-12-21 14:44:43,031 [INFO] IPUIPlugin:80 - create IPUIPlugin
2024-12-21 14:44:43,031 [INFO] PluginManager:220 - loadIPPluginJar : add dma
2024-12-21 14:44:43,129 [INFO] IPUIPlugin:80 - create IPUIPlugin
2024-12-21 14:44:43,129 [INFO] PluginManager:220 - loadIPPluginJar : add dma3
2024-12-21 14:44:43,188 [INFO] IPUIPlugin:80 - create IPUIPlugin
2024-12-21 14:44:43,189 [INFO] PluginManager:220 - loadIPPluginJar : add fatfs
2024-12-21 14:44:43,328 [INFO] IPUIPlugin:80 - create IPUIPlugin
2024-12-21 14:44:43,328 [INFO] PluginManager:220 - loadIPPluginJar : add fmc
2024-12-21 14:44:43,368 [INFO] IPUIPlugin:80 - create IPUIPlugin
2024-12-21 14:44:43,369 [INFO] PluginManager:220 - loadIPPluginJar : add freertos
2024-12-21 14:44:43,425 [INFO] IPUIPlugin:80 - create IPUIPlugin
2024-12-21 14:44:43,425 [INFO] PluginManager:220 - loadIPPluginJar : add genericplugin
2024-12-21 14:44:43,661 [INFO] IPUIPlugin:80 - create IPUIPlugin
2024-12-21 14:44:43,661 [INFO] PluginManager:220 - loadIPPluginJar : add gfxmmu
2024-12-21 14:44:43,727 [INFO] ThirdPartyUpdaterWithRetryManager:70 - Updater plugin not ready yet. [2/15]
2024-12-21 14:44:43,988 [INFO] IPUIPlugin:80 - create IPUIPlugin
2024-12-21 14:44:43,988 [INFO] PluginManager:220 - loadIPPluginJar : add gic
2024-12-21 14:44:44,014 [INFO] IPUIPlugin:80 - create IPUIPlugin
2024-12-21 14:44:44,014 [INFO] PluginManager:220 - loadIPPluginJar : add gpio
2024-12-21 14:44:44,216 [INFO] IPUIPlugin:80 - create IPUIPlugin
2024-12-21 14:44:44,217 [INFO] PluginManager:220 - loadIPPluginJar : add gtzc
2024-12-21 14:44:44,293 [INFO] IPUIPlugin:80 - create IPUIPlugin
2024-12-21 14:44:44,293 [INFO] PluginManager:220 - loadIPPluginJar : add hash
2024-12-21 14:44:44,408 [INFO] IPUIPlugin:80 - create IPUIPlugin
2024-12-21 14:44:44,408 [INFO] PluginManager:220 - loadIPPluginJar : add i2c
2024-12-21 14:44:44,492 [INFO] IPUIPlugin:80 - create IPUIPlugin
2024-12-21 14:44:44,493 [INFO] PluginManager:220 - loadIPPluginJar : add i2s
2024-12-21 14:44:44,578 [INFO] IPUIPlugin:80 - create IPUIPlugin
2024-12-21 14:44:44,578 [INFO] PluginManager:220 - loadIPPluginJar : add i3c
2024-12-21 14:44:44,800 [INFO] IPUIPlugin:80 - create IPUIPlugin
2024-12-21 14:44:44,800 [INFO] PluginManager:220 - loadIPPluginJar : add ipddr
2024-12-21 14:44:45,018 [INFO] IPUIPlugin:80 - create IPUIPlugin
2024-12-21 14:44:45,018 [INFO] PluginManager:220 - loadIPPluginJar : add linkedlist
2024-12-21 14:44:45,096 [INFO] IPUIPlugin:80 - create IPUIPlugin
2024-12-21 14:44:45,096 [INFO] PluginManager:220 - loadIPPluginJar : add lorawan
2024-12-21 14:44:45,177 [INFO] IPUIPlugin:80 - create IPUIPlugin
2024-12-21 14:44:45,177 [INFO] PluginManager:220 - loadIPPluginJar : add ltdc
2024-12-21 14:44:45,206 [INFO] IPUIPlugin:80 - create IPUIPlugin
2024-12-21 14:44:45,207 [INFO] PluginManager:220 - loadIPPluginJar : add mdma
2024-12-21 14:44:45,232 [INFO] IPUIPlugin:80 - create IPUIPlugin
2024-12-21 14:44:45,232 [INFO] PluginManager:220 - loadIPPluginJar : add nvic
2024-12-21 14:44:45,311 [INFO] IPUIPlugin:80 - create IPUIPlugin
2024-12-21 14:44:45,311 [INFO] PluginManager:220 - loadIPPluginJar : add opamp
2024-12-21 14:44:45,455 [INFO] IPUIPlugin:80 - create IPUIPlugin
2024-12-21 14:44:45,455 [INFO] PluginManager:220 - loadIPPluginJar : add openamp
2024-12-21 14:44:45,547 [INFO] IPUIPlugin:80 - create IPUIPlugin
2024-12-21 14:44:45,547 [INFO] PluginManager:220 - loadIPPluginJar : add pdm2pcm
2024-12-21 14:44:45,572 [INFO] IPUIPlugin:80 - create IPUIPlugin
2024-12-21 14:44:45,575 [INFO] PluginManager:220 - loadIPPluginJar : add plateformsettings
2024-12-21 14:44:45,623 [INFO] IPUIPlugin:80 - create IPUIPlugin
2024-12-21 14:44:45,623 [INFO] PluginManager:220 - loadIPPluginJar : add quadspi
2024-12-21 14:44:45,650 [INFO] IPUIPlugin:80 - create IPUIPlugin
2024-12-21 14:44:45,650 [INFO] PluginManager:220 - loadIPPluginJar : add resmgrutility
2024-12-21 14:44:45,771 [INFO] IPUIPlugin:80 - create IPUIPlugin
2024-12-21 14:44:45,771 [INFO] PluginManager:220 - loadIPPluginJar : add sai
2024-12-21 14:44:45,856 [INFO] IPUIPlugin:80 - create IPUIPlugin
2024-12-21 14:44:45,856 [INFO] PluginManager:220 - loadIPPluginJar : add spi
2024-12-21 14:44:45,982 [INFO] IPUIPlugin:80 - create IPUIPlugin
2024-12-21 14:44:45,982 [INFO] PluginManager:220 - loadIPPluginJar : add stm32_wpan
2024-12-21 14:44:46,039 [INFO] IPUIPlugin:80 - create IPUIPlugin
2024-12-21 14:44:46,039 [INFO] PluginManager:220 - loadIPPluginJar : add tim
2024-12-21 14:44:46,165 [INFO] IPUIPlugin:80 - create IPUIPlugin
2024-12-21 14:44:46,165 [INFO] PluginManager:220 - loadIPPluginJar : add touchsensing
2024-12-21 14:44:46,219 [INFO] IPUIPlugin:80 - create IPUIPlugin
2024-12-21 14:44:46,219 [INFO] PluginManager:220 - loadIPPluginJar : add tracer_emb
2024-12-21 14:44:46,271 [INFO] IPUIPlugin:80 - create IPUIPlugin
2024-12-21 14:44:46,272 [INFO] PluginManager:220 - loadIPPluginJar : add ts
2024-12-21 14:44:46,324 [INFO] IPUIPlugin:80 - create IPUIPlugin
2024-12-21 14:44:46,324 [INFO] PluginManager:220 - loadIPPluginJar : add tsc
2024-12-21 14:44:46,380 [INFO] IPUIPlugin:80 - create IPUIPlugin
2024-12-21 14:44:46,380 [INFO] PluginManager:220 - loadIPPluginJar : add ucpd
2024-12-21 14:44:46,498 [INFO] IPUIPlugin:80 - create IPUIPlugin
2024-12-21 14:44:46,498 [INFO] PluginManager:220 - loadIPPluginJar : add usart
2024-12-21 14:44:46,599 [INFO] IPUIPlugin:80 - create IPUIPlugin
2024-12-21 14:44:46,600 [INFO] PluginManager:220 - loadIPPluginJar : add usbx
2024-12-21 14:44:46,728 [INFO] ThirdPartyUpdaterWithRetryManager:70 - Updater plugin not ready yet. [3/15]
2024-12-21 14:44:46,775 [INFO] CADModel:165 - CPN selected for project level
2024-12-21 14:44:46,776 [INFO] CADModel:114 - Register for checkConnection events
2024-12-21 14:44:46,776 [FATAL] Updater:308 - Updater called before beeing initialized
2024-12-21 14:44:46,776 [ERROR] CADModel:125 - Updater not yet initialized, retry later 
2024-12-21 14:44:47,050 [INFO] CADModel:165 - CPN selected for project level
2024-12-21 14:44:47,050 [INFO] CADModel:114 - Register for checkConnection events
2024-12-21 14:44:47,050 [FATAL] Updater:308 - Updater called before beeing initialized
2024-12-21 14:44:47,051 [ERROR] CADModel:125 - Updater not yet initialized, retry later 
2024-12-21 14:44:47,057 [FATAL] Updater:308 - Updater called before beeing initialized
2024-12-21 14:44:47,283 [FATAL] Updater:308 - Updater called before beeing initialized
2024-12-21 14:44:47,297 [INFO] DbMcusAds:53 - JSON generation date=Fri Sep 20 22:04:23 JST 2024 (1726837463113)
2024-12-21 14:44:47,297 [FATAL] Updater:308 - Updater called before beeing initialized
2024-12-21 14:44:47,503 [WARN] DetailPanel:346 - Failed to get advertising image, set to default
2024-12-21 14:44:47,732 [FATAL] Updater:308 - Updater called before beeing initialized
2024-12-21 14:44:47,736 [FATAL] Updater:308 - Updater called before beeing initialized
2024-12-21 14:44:47,736 [FATAL] Updater:308 - Updater called before beeing initialized
2024-12-21 14:44:47,736 [WARN] DetailPanel:346 - Failed to get advertising image, set to default
2024-12-21 14:44:47,738 [FATAL] Updater:308 - Updater called before beeing initialized
2024-12-21 14:44:47,861 [ERROR] Updater:1120 - MainUpdater not yet initialized. External WinMGr cannot be set.
2024-12-21 14:44:47,885 [INFO] Updater:1056 - Updater Version found : 6.9.1
2024-12-21 14:44:47,918 [INFO] ApplicationProperties:184 - Using Application install path: C:\ST\STM32CubeIDE_1.4.0\STM32CubeIDE\plugins\com.st.stm32cube.common.mx_6.9.1.202307191849
2024-12-21 14:44:48,234 [INFO] MainUpdater:2868 - connection check result : 10
2024-12-21 14:44:48,236 [INFO] MainUpdater:285 - Updater Check For Update Now.
2024-12-21 14:44:48,236 [INFO] MicroXplorer:498 - Change Database Version : DB.6.0.91
2024-12-21 14:44:48,278 [INFO] McuFinderGlobals:63 - Set McuFinder mode to 2 (CubeIDE integrated)
2024-12-21 14:44:48,279 [INFO] UserAuth:179 - activating auth plugin
2024-12-21 14:44:48,330 [INFO] UserAuth:393 - Internet connection configuration mode: 1
2024-12-21 14:44:48,397 [INFO] JxBrowserEngine:151 - Initiate JxBrowser Engine with user profile folder
2024-12-21 14:44:48,603 [INFO] CheckServerUpdateThread:120 - End of CheckServer Thread
2024-12-21 14:44:50,247 [INFO] WebApp:157 - Instantiating new browser for Auth
2024-12-21 14:44:50,710 [WARN] PackLoader:240 - Cannot read IP mode file for STMicroelectronics.FP-SNS-MOTENVWB1.1.4.0
2024-12-21 14:44:50,733 [WARN] PackLoader:240 - Cannot read IP mode file for STMicroelectronics.FP-ATR-ASTRA1.2.0.1
2024-12-21 14:44:50,758 [WARN] PackLoader:240 - Cannot read IP mode file for STMicroelectronics.X-CUBE-SMBUS.2.1.0
2024-12-21 14:44:50,810 [WARN] PackLoader:240 - Cannot read IP mode file for STMicroelectronics.X-CUBE-WB05N.1.1.0
2024-12-21 14:44:50,826 [WARN] PackLoader:240 - Cannot read IP mode file for STMicroelectronics.X-CUBE-TOUCHGFX.4.23.0
2024-12-21 14:44:50,834 [WARN] PackLoader:240 - Cannot read IP mode file for STMicroelectronics.X-CUBE-TOUCHGFX.4.23.2
2024-12-21 14:44:51,057 [WARN] PackLoader:240 - Cannot read IP mode file for STMicroelectronics.X-CUBE-AZRTOS-F7.1.1.0
2024-12-21 14:44:51,084 [ERROR] RealEvaluatedCondition:428 - Found unsupported composite condition: GROUP='STM32_MetaDataManager' CLASS='Data Exchange'
2024-12-21 14:44:51,085 [ERROR] RealEvaluatedCondition:428 - Found unsupported composite condition: GROUP='STM32_MetaDataManager' CLASS='Data Exchange'
2024-12-21 14:44:51,088 [WARN] PackLoader:240 - Cannot read IP mode file for STMicroelectronics.FP-SNS-MOTENV1.4.3.0
2024-12-21 14:44:51,108 [WARN] PackLoader:240 - Cannot read IP mode file for STMicroelectronics.FP-SNS-MOTENV1.4.3.2
2024-12-21 14:44:51,125 [WARN] PackLoader:240 - Cannot read IP mode file for STMicroelectronics.FP-SNS-FLIGHT1.5.0.0
2024-12-21 14:44:51,153 [ERROR] RealEvaluatedCondition:428 - Found unsupported composite condition: GROUP='STM32_MetaDataManager' CLASS='Data Exchange'
2024-12-21 14:44:51,153 [ERROR] RealEvaluatedCondition:428 - Found unsupported composite condition: GROUP='STM32_MetaDataManager' CLASS='Data Exchange'
2024-12-21 14:44:51,157 [WARN] PackLoader:240 - Cannot read IP mode file for STMicroelectronics.FP-SNS-MOTENV1.4.3.1
2024-12-21 14:44:51,188 [WARN] PackLoader:240 - Cannot read IP mode file for STMicroelectronics.FP-SNS-FLIGHT1.5.0.1
2024-12-21 14:44:51,464 [WARN] PackLoader:240 - Cannot read IP mode file for STMicroelectronics.X-CUBE-MEMS1.11.0.0
2024-12-21 14:44:53,328 [WARN] PackLoader:240 - Cannot read IP mode file for STMicroelectronics.X-CUBE-BLE1.6.2.4
2024-12-21 14:44:53,358 [WARN] PackLoader:240 - Cannot read IP mode file for STMicroelectronics.FP-SNS-FLIGHT1.5.0.2
2024-12-21 14:44:53,450 [WARN] PackLoader:240 - Cannot read IP mode file for STMicroelectronics.X-CUBE-DISPLAY.3.0.0
2024-12-21 14:44:53,555 [WARN] PackLoader:240 - Cannot read IP mode file for STMicroelectronics.X-CUBE-BLE1.7.0.0
2024-12-21 14:44:53,583 [WARN] PackLoader:240 - Cannot read IP mode file for STMicroelectronics.X-CUBE-NFC10.1.0.0
2024-12-21 14:44:53,664 [ERROR] Engine:466 - C:\Users\Minh\.stm32cubemx\thirdparties\pdsc\STMicroelectronics.X-CUBE-BLEMGR.4.0.0.pdsc: PDSC version is not supported
2024-12-21 14:44:53,672 [WARN] PackLoader:240 - Cannot read IP mode file for STMicroelectronics.X-CUBE-TOUCHGFX.4.22.0
2024-12-21 14:44:53,678 [WARN] PackLoader:240 - Cannot read IP mode file for STMicroelectronics.X-CUBE-TOUCHGFX.4.22.1
2024-12-21 14:44:53,716 [WARN] PackLoader:240 - Cannot read IP mode file for STMicroelectronics.X-CUBE-BLEMGR.3.1.0
2024-12-21 14:44:53,757 [WARN] PackLoader:240 - Cannot read IP mode file for STMicroelectronics.FP-SNS-SMARTAG2.1.2.0
2024-12-21 14:44:54,019 [WARN] PackLoader:240 - Cannot read IP mode file for STMicroelectronics.X-CUBE-MEMS1.11.1.0
2024-12-21 14:44:54,286 [INFO] WebApp:753 - Register for checkConnection events
2024-12-21 14:44:54,286 [INFO] WebApp:390 - Apply proxy settings
2024-12-21 14:44:54,287 [INFO] WebApp:475 - Chromium requires no authentication
2024-12-21 14:44:54,325 [INFO] WebApp:418 - Direct internet connection detected
2024-12-21 14:44:55,129 [INFO] LogOutputStream:77 - [STDOUT_REDIRECT] 1 : Invalid condition id : UX_CORESTACK_Condition cause : null
2024-12-21 14:44:55,130 [INFO] LogOutputStream:77 - [STDOUT_REDIRECT] 1 : Invalid condition id : UX_CORESTACK_Condition cause : null
2024-12-21 14:44:55,137 [INFO] LogOutputStream:77 - [STDOUT_REDIRECT] 1 : Invalid condition id : UX_CORESTACK_Condition cause : null
2024-12-21 14:44:55,142 [INFO] LogOutputStream:77 - [STDOUT_REDIRECT] 1 : Invalid condition id : UX_CORESTACK_Condition cause : null
2024-12-21 14:44:55,146 [INFO] LogOutputStream:77 - [STDOUT_REDIRECT] 1 : Invalid condition id : UX_CORESTACK_Condition cause : null
2024-12-21 14:44:55,155 [WARN] PackLoader:240 - Cannot read IP mode file for STMicroelectronics.X-CUBE-AZRTOS-WL.2.0.0
2024-12-21 14:44:55,172 [WARN] PackLoader:240 - Cannot read IP mode file for STMicroelectronics.FP-SNS-MOTENV1.5.0.0
2024-12-21 14:44:55,203 [WARN] PackLoader:240 - Cannot read IP mode file for wolfSSL.I-CUBE-wolfMQTT.1.19.0
2024-12-21 14:44:55,232 [WARN] PackLoader:240 - Cannot read IP mode file for WES.I-CUBE-Cesium.1.3.0
2024-12-21 14:44:55,260 [WARN] PackLoader:240 - Cannot read IP mode file for STMicroelectronics.X-CUBE-BLE2.3.3.0
2024-12-21 14:44:55,521 [WARN] PackLoader:240 - Cannot read IP mode file for STMicroelectronics.X-CUBE-TOF1.3.2.0
2024-12-21 14:44:55,681 [WARN] PackLoader:240 - Cannot read IP mode file for STMicroelectronics.X-CUBE-NFC9.1.0.0
2024-12-21 14:44:55,802 [WARN] PackLoader:240 - Cannot read IP mode file for STMicroelectronics.X-CUBE-TCPP.4.1.0
2024-12-21 14:44:55,813 [WARN] PackLoader:240 - Cannot read IP mode file for STMicroelectronics.X-CUBE-TOUCHGFX.4.21.1
2024-12-21 14:44:55,821 [WARN] PackLoader:240 - Cannot read IP mode file for STMicroelectronics.X-CUBE-TOUCHGFX.4.21.3
2024-12-21 14:44:55,846 [WARN] PackLoader:240 - Cannot read IP mode file for STMicroelectronics.X-CUBE-TOUCHGFX.4.21.4
2024-12-21 14:44:55,865 [WARN] PackLoader:240 - Cannot read IP mode file for STMicroelectronics.X-CUBE-ALGOBUILD.1.3.0
2024-12-21 14:44:55,907 [WARN] PackLoader:240 - Cannot read IP mode file for STMicroelectronics.X-CUBE-AZRTOS-G0.1.1.0
2024-12-21 14:44:55,939 [WARN] PackLoader:240 - Cannot read IP mode file for STMicroelectronics.X-CUBE-SAFEA1.1.2.2
2024-12-21 14:44:55,958 [WARN] PackLoader:240 - Cannot read IP mode file for STMicroelectronics.X-CUBE-NFC4.3.0.0
2024-12-21 14:44:55,969 [ERROR] Engine:466 - C:\Users\Minh\.stm32cubemx\thirdparties\pdsc\EmbeddedOffice.I-CUBE-FS-RTOS.1.0.1.pdsc: PDSC version is not supported
2024-12-21 14:44:55,988 [INFO] WebApp:188 - Starting web application
2024-12-21 14:44:55,988 [INFO] WebApp:520 - Web application path used C:\ST\STM32CubeIDE_1.4.0\STM32CubeIDE\plugins\com.st.stm32cube.common.mx_6.9.1.202307191849\db\plugins\mcufinder\reactClient1\index.html
2024-12-21 14:44:55,989 [WARN] PackLoader:240 - Cannot read IP mode file for STMicroelectronics.X-CUBE-BLEMGR.3.0.0
2024-12-21 14:44:56,005 [ERROR] Engine:466 - C:\Users\Minh\.stm32cubemx\thirdparties\pdsc\STMicroelectronics.X-CUBE-TCPP.4.2.0.pdsc: PDSC version is not supported
2024-12-21 14:44:56,010 [ERROR] Engine:466 - C:\Users\Minh\.stm32cubemx\thirdparties\pdsc\RealThread.X-CUBE-RT-Thread_Nano.4.1.1.pdsc: PDSC version is not supported
2024-12-21 14:44:56,051 [WARN] PackLoader:240 - Cannot read IP mode file for STMicroelectronics.FP-ATR-SIGFOX1.3.2.0
2024-12-21 14:44:56,063 [ERROR] Engine:466 - C:\Users\Minh\.stm32cubemx\thirdparties\pdsc\quantropi.X-CUBE-qispace-sdk-base.1.9.3.pdsc: PDSC version is not supported
2024-12-21 14:44:56,085 [WARN] PackLoader:240 - Cannot read IP mode file for STMicroelectronics.X-CUBE-EEPRMA1.5.1.0
2024-12-21 14:44:56,277 [WARN] PackLoader:240 - Cannot read IP mode file for STMicroelectronics.X-CUBE-MEMS1.9.5.0
2024-12-21 14:44:56,875 [WARN] PackLoader:240 - Cannot read IP mode file for SEGGER.I-CUBE-embOS.1.3.1
2024-12-21 14:44:57,102 [WARN] PackLoader:240 - Cannot read IP mode file for STMicroelectronics.X-CUBE-ALGOBUILD.1.4.0
2024-12-21 14:44:57,115 [WARN] PackLoader:240 - Cannot read IP mode file for STMicroelectronics.X-CUBE-AI.9.1.0
2024-12-21 14:44:57,132 [WARN] PackLoader:240 - Cannot read IP mode file for STMicroelectronics.X-CUBE-GNSS1.6.0.0
2024-12-21 14:44:57,263 [WARN] PackLoader:240 - Cannot read IP mode file for STMicroelectronics.X-CUBE-AZRTOS-F4.1.1.0
2024-12-21 14:44:57,287 [WARN] PackLoader:240 - Cannot read IP mode file for STMicroelectronics.X-CUBE-ISPU.2.1.0
2024-12-21 14:44:57,319 [WARN] PackLoader:240 - Cannot read IP mode file for STMicroelectronics.X-CUBE-FREERTOS.1.2.0
2024-12-21 14:44:57,395 [WARN] PackLoader:240 - Cannot read IP mode file for STMicroelectronics.X-CUBE-AZRTOS-L5.2.0.0
2024-12-21 14:44:57,542 [WARN] PackLoader:240 - Cannot read IP mode file for STMicroelectronics.X-CUBE-MEMS1.9.6.0
2024-12-21 14:44:57,985 [WARN] PackLoader:240 - Cannot read IP mode file for STMicroelectronics.X-CUBE-EEPRMA1.4.2.0
2024-12-21 14:44:58,008 [WARN] PackLoader:240 - Cannot read IP mode file for STMicroelectronics.X-CUBE-NFC6.3.1.0
2024-12-21 14:44:58,028 [WARN] PackLoader:240 - Cannot read IP mode file for ITTIA_DB.I-CUBE-ITTIADB.8.8.0
2024-12-21 14:44:58,043 [WARN] PackLoader:240 - Cannot read IP mode file for emotas.I-CUBE-CANOPEN.1.1.3
2024-12-21 14:44:58,064 [WARN] PackLoader:240 - Cannot read IP mode file for STMicroelectronics.X-CUBE-BLEMGR.2.0.0
2024-12-21 14:44:58,074 [ERROR] Engine:466 - C:\Users\Minh\.stm32cubemx\thirdparties\pdsc\STMicroelectronics.X-CUBE-DPower.1.2.0.pdsc: PDSC version is not supported
2024-12-21 14:44:58,082 [WARN] PackLoader:240 - Cannot read IP mode file for STMicroelectronics.X-CUBE-AI.9.0.0
2024-12-21 14:44:58,122 [WARN] ConditionMgr:438 - getConditionDescription Invalid condition id : UX DEVICE CLASS RTOS Condition cause : null
2024-12-21 14:44:58,123 [WARN] ConditionMgr:438 - getConditionDescription Invalid condition id : UX DEVICE CLASS RTOS Condition cause : null
2024-12-21 14:44:58,132 [WARN] PackLoader:240 - Cannot read IP mode file for STMicroelectronics.X-CUBE-AZRTOS-H7.3.1.0
2024-12-21 14:44:58,134 [WARN] ConditionMgr:1039 - genDependencies : Invalid condition id : UX DEVICE CLASS RTOS Condition cause : null
2024-12-21 14:44:58,135 [WARN] ConditionMgr:1039 - genDependencies : Invalid condition id : UX DEVICE CLASS RTOS Condition cause : null
2024-12-21 14:44:58,137 [WARN] ConditionMgr:1039 - genDependencies : Invalid condition id : UX DEVICE CLASS RTOS Condition cause : null
2024-12-21 14:44:58,138 [WARN] ConditionMgr:1039 - genDependencies : Invalid condition id : UX DEVICE CLASS RTOS Condition cause : null
2024-12-21 14:44:58,138 [WARN] ConditionMgr:1039 - genDependencies : Invalid condition id : UX DEVICE CLASS RTOS Condition cause : null
2024-12-21 14:44:58,152 [WARN] PackLoader:240 - Cannot read IP mode file for wolfSSL.I-CUBE-wolfSSL.5.5.4
2024-12-21 14:44:58,162 [WARN] PackLoader:240 - Cannot read IP mode file for STMicroelectronics.X-CUBE-FREERTOS.1.3.0
2024-12-21 14:44:58,175 [WARN] PackLoader:240 - Cannot read IP mode file for STMicroelectronics.X-CUBE-NFC7.1.0.1
2024-12-21 14:44:58,188 [WARN] PackLoader:240 - Cannot read IP mode file for STMicroelectronics.X-CUBE-NFC7.1.0.0
2024-12-21 14:44:58,200 [WARN] PackLoader:240 - Cannot read IP mode file for wolfSSL.I-CUBE-wolfTPM.3.2.0
2024-12-21 14:44:58,215 [WARN] PackLoader:240 - Cannot read IP mode file for STMicroelectronics.X-CUBE-NFC6.3.0.0
2024-12-21 14:44:58,232 [WARN] PackLoader:240 - Cannot read IP mode file for STMicroelectronics.X-CUBE-EEPRMA1.4.1.0
2024-12-21 14:44:58,242 [WARN] PackLoader:240 - Cannot read IP mode file for STMicroelectronics.X-CUBE-AI.8.1.0
2024-12-21 14:44:58,288 [WARN] ConditionMgr:438 - getConditionDescription Invalid condition id : LAN8742 Phy interface Condition cause : null
2024-12-21 14:44:58,290 [WARN] PackLoader:240 - Cannot read IP mode file for STMicroelectronics.X-CUBE-AZRTOS-L4.2.0.0
2024-12-21 14:44:58,293 [WARN] ConditionMgr:1039 - genDependencies : Invalid condition id : LAN8742 Phy interface Condition cause : null
2024-12-21 14:44:58,293 [WARN] ConditionMgr:1039 - genDependencies : Invalid condition id : LAN8742 Phy interface Condition cause : null
2024-12-21 14:44:58,295 [WARN] ConditionMgr:1039 - genDependencies : Invalid condition id : LAN8742 Phy interface Condition cause : null
2024-12-21 14:44:58,312 [WARN] PackLoader:240 - Cannot read IP mode file for STMicroelectronics.X-CUBE-SFXS2LP1.4.0.0
2024-12-21 14:44:58,360 [WARN] PackLoader:240 - Cannot read IP mode file for STMicroelectronics.X-CUBE-AZRTOS-H7.3.0.0
2024-12-21 14:44:58,374 [WARN] PackLoader:240 - Cannot read IP mode file for STMicroelectronics.X-CUBE-ISPU.1.1.0
2024-12-21 14:44:58,452 [WARN] PackLoader:240 - Cannot read IP mode file for STMicroelectronics.X-CUBE-AZRTOS-H7.3.3.0
2024-12-21 14:44:58,477 [WARN] PackLoader:240 - Cannot read IP mode file for RoweBots.I-CUBE-UNISONRTOS.5.5.0-4
2024-12-21 14:44:58,497 [WARN] PackLoader:240 - Cannot read IP mode file for STMicroelectronics.X-CUBE-AI.8.0.0
2024-12-21 14:44:58,507 [ERROR] Engine:466 - C:\Users\Minh\.stm32cubemx\thirdparties\pdsc\STMicroelectronics.X-CUBE-IPS.3.0.0.pdsc: PDSC version is not supported
2024-12-21 14:44:58,570 [WARN] ConditionMgr:438 - getConditionDescription Invalid condition id : UX DEVICE CLASS RTOS Condition cause : null
2024-12-21 14:44:58,571 [WARN] ConditionMgr:438 - getConditionDescription Invalid condition id : UX DEVICE CLASS RTOS Condition cause : null
2024-12-21 14:44:58,578 [WARN] PackLoader:240 - Cannot read IP mode file for STMicroelectronics.X-CUBE-AZRTOS-WB.2.0.0
2024-12-21 14:44:58,581 [WARN] ConditionMgr:1039 - genDependencies : Invalid condition id : UX DEVICE CLASS RTOS Condition cause : null
2024-12-21 14:44:58,581 [WARN] ConditionMgr:1039 - genDependencies : Invalid condition id : UX DEVICE CLASS RTOS Condition cause : null
2024-12-21 14:44:58,583 [WARN] ConditionMgr:1039 - genDependencies : Invalid condition id : UX DEVICE CLASS RTOS Condition cause : null
2024-12-21 14:44:58,583 [WARN] ConditionMgr:1039 - genDependencies : Invalid condition id : UX DEVICE CLASS RTOS Condition cause : null
2024-12-21 14:44:58,584 [WARN] ConditionMgr:1039 - genDependencies : Invalid condition id : UX DEVICE CLASS RTOS Condition cause : null
2024-12-21 14:44:58,595 [WARN] PackLoader:240 - Cannot read IP mode file for STMicroelectronics.X-CUBE-FREERTOS.1.0.0
2024-12-21 14:44:58,604 [WARN] PackLoader:240 - Cannot read IP mode file for STMicroelectronics.X-CUBE-FREERTOS.1.0.1
2024-12-21 14:44:58,616 [WARN] PackLoader:240 - Cannot read IP mode file for STMicroelectronics.X-CUBE-GNSS1.7.0.0
2024-12-21 14:44:58,631 [WARN] PackLoader:240 - Cannot read IP mode file for STMicroelectronics.X-CUBE-GNSS1.7.0.1
2024-12-21 14:44:58,656 [ERROR] Engine:466 - C:\Users\Minh\.stm32cubemx\thirdparties\pdsc\STMicroelectronics.FP-SNS-STBOX1.2.0.0.pdsc: PDSC version is not supported
2024-12-21 14:44:58,772 [WARN] PackLoader:240 - Cannot read IP mode file for STMicroelectronics.X-CUBE-AZRTOS-L5.1.1.0
2024-12-21 14:44:58,786 [WARN] PackLoader:240 - Cannot read IP mode file for STMicroelectronics.X-CUBE-AI.8.0.1
2024-12-21 14:44:58,814 [WARN] PackLoader:240 - Cannot read IP mode file for STMicroelectronics.X-CUBE-SUBG2.5.0.0
2024-12-21 14:44:58,838 [WARN] PackLoader:240 - Cannot read IP mode file for Cesanta.I-CUBE-Mongoose.7.13.0
2024-12-21 14:44:58,865 [WARN] PackLoader:240 - Cannot read IP mode file for STMicroelectronics.X-CUBE-TOF1.3.3.1
2024-12-21 14:44:58,935 [WARN] PackLoader:240 - Cannot read IP mode file for STMicroelectronics.X-CUBE-AZRTOS-G4.2.0.0
2024-12-21 14:44:58,965 [WARN] PackLoader:240 - Cannot read IP mode file for STMicroelectronics.X-CUBE-TOF1.3.3.0
2024-12-21 14:44:58,998 [WARN] PackLoader:240 - Cannot read IP mode file for STMicroelectronics.FP-ATR-ASTRA1.1.1.1
2024-12-21 14:44:59,034 [WARN] PackLoader:240 - Cannot read IP mode file for Infineon.AIROC-Wi-Fi-Bluetooth-STM32.1.5.1
2024-12-21 14:44:59,053 [WARN] PackLoader:240 - Cannot read IP mode file for STMicroelectronics.FP-SNS-MOTENVWB1.1.3.0
2024-12-21 14:44:59,065 [WARN] PackLoader:240 - Cannot read IP mode file for STMicroelectronics.FP-SNS-MOTENVWB1.1.3.1
2024-12-21 14:44:59,097 [WARN] PackLoader:240 - Cannot read IP mode file for STMicroelectronics.X-CUBE-AZRTOS-G4.1.0.0
2024-12-21 14:44:59,145 [WARN] PackLoader:240 - Cannot read IP mode file for STMicroelectronics.X-CUBE-AZRTOS-L4.1.0.0
2024-12-21 14:44:59,160 [WARN] PackLoader:240 - Cannot read IP mode file for STMicroelectronics.X-CUBE-ISPU.2.0.0
2024-12-21 14:44:59,172 [WARN] PackLoader:240 - Cannot read IP mode file for STMicroelectronics.X-CUBE-ALS.1.0.2
2024-12-21 14:44:59,271 [WARN] PackLoader:240 - Cannot read IP mode file for STMicroelectronics.X-CUBE-MEMS1.10.0.0
2024-12-21 14:44:59,572 [WARN] PackLoader:240 - Cannot read IP mode file for STMicroelectronics.X-CUBE-FREERTOS.1.1.0
2024-12-21 14:44:59,579 [WARN] PackLoader:240 - Cannot read IP mode file for STMicroelectronics.X-CUBE-TOUCHGFX.4.24.0
2024-12-21 14:44:59,604 [WARN] PackLoader:240 - Cannot read IP mode file for STMicroelectronics.X-CUBE-AZRTOS-WL.1.0.0
2024-12-21 14:44:59,614 [WARN] PackLoader:240 - Cannot read IP mode file for STMicroelectronics.X-CUBE-TOUCHGFX.4.24.1
2024-12-21 14:44:59,627 [WARN] PackLoader:240 - Cannot read IP mode file for portGmbH.I-Cube-SoM-uGOAL.1.1.0
2024-12-21 14:44:59,637 [WARN] PackLoader:240 - Cannot read IP mode file for STMicroelectronics.X-CUBE-ALS.1.0.1
2024-12-21 14:44:59,669 [WARN] PackLoader:240 - Cannot read IP mode file for STMicroelectronics.X-CUBE-AZRTOS-WB.1.1.0
2024-12-21 14:44:59,719 [WARN] PackLoader:240 - Cannot read IP mode file for STMicroelectronics.X-CUBE-AZRTOS-H7RS.1.0.0
2024-12-21 14:44:59,732 [WARN] PackLoader:240 - Cannot read IP mode file for STMicroelectronics.FP-ATR-ASTRA1.2.0.0
2024-12-21 14:44:59,744 [ERROR] Engine:466 - C:\Users\Minh\.stm32cubemx\thirdparties\pdsc\STMicroelectronics.X-CUBE-TOF1.3.4.2.pdsc: PDSC version is not supported
2024-12-21 14:44:59,767 [WARN] PackLoader:240 - Cannot read IP mode file for STMicroelectronics.X-CUBE-TOF1.3.4.0
2024-12-21 14:44:59,816 [WARN] PackLoader:240 - Cannot read IP mode file for STMicroelectronics.X-CUBE-TOF1.3.4.1
2024-12-21 14:44:59,891 [WARN] PackLoader:240 - Cannot read IP mode file for STMicroelectronics.X-CUBE-AZRTOS-H7.3.2.0
2024-12-21 14:44:59,908 [WARN] PackLoader:240 - Cannot read IP mode file for wolfSSL.I-CUBE-wolfSSH.1.4.17
2024-12-21 14:44:59,910 [INFO] ThirdParty:978 - Integrity check success = true
2024-12-21 14:44:59,910 [INFO] IntegrityCheckThread:100 - exiting critical section [integrity check]
2024-12-21 14:44:59,910 [INFO] IntegrityCheckThread:103 - End integrity checks thread
2024-12-21 14:46:34,258 [ERROR] LogOutputStream:75 - [STDERR_REDIRECT] SLF4J: Failed to load class "org.slf4j.impl.StaticLoggerBinder".
2024-12-21 14:46:34,259 [ERROR] LogOutputStream:75 - [STDERR_REDIRECT] SLF4J: Defaulting to no-operation (NOP) logger implementation
2024-12-21 14:46:34,263 [ERROR] LogOutputStream:75 - [STDERR_REDIRECT] SLF4J: See http://www.slf4j.org/codes.html#StaticLoggerBinder for further details.
2024-12-21 15:16:50,731 [INFO] McuFinderGlobals:63 - Set McuFinder mode to 2 (CubeIDE integrated)
2024-12-21 15:16:50,783 [INFO] MainUpdater:2868 - connection check result : 10
2024-12-21 15:16:50,830 [INFO] McuFinderGlobals:76 - Set McuFinderConnectedMode to true
2024-12-21 15:16:51,440 [INFO] ServerAccessManage:473 - Download File mcusAds.json._tmp_
2024-12-21 15:16:51,558 [INFO] LoadUrlFilesThread:156 - End of LoadUrlFiles Thread
2024-12-21 15:16:51,733 [INFO] ServerAccessManage:473 - Download File cube-finder-db.zip
2024-12-21 15:16:58,396 [INFO] FileExtend:240 - Unzip File : cube-finder-db.zip
2024-12-21 15:16:58,396 [INFO] FileExtend:255 - Standard Zip Deflate
2024-12-21 15:16:59,925 [INFO] LoadUrlFilesThread:156 - End of LoadUrlFiles Thread
2024-12-21 15:17:01,199 [INFO] ServerAccessManage:473 - Download File crdb.zip
2024-12-21 15:17:03,935 [INFO] FileExtend:240 - Unzip File : crdb.zip
2024-12-21 15:17:03,936 [INFO] FileExtend:255 - Standard Zip Deflate
2024-12-21 15:17:04,076 [INFO] LoadUrlFilesThread:156 - End of LoadUrlFiles Thread
2024-12-21 15:17:04,221 [INFO] ServerAccessManage:473 - Download File tutoVideoDB.zip
2024-12-21 15:17:04,261 [INFO] FileExtend:240 - Unzip File : tutoVideoDB.zip
2024-12-21 15:17:04,262 [INFO] FileExtend:255 - Standard Zip Deflate
2024-12-21 15:17:04,378 [INFO] LoadUrlFilesThread:156 - End of LoadUrlFiles Thread
2024-12-21 15:17:04,382 [WARN] DbFile:41 - Overriding database path with different value: C:\Users\Minh\.stmcufinder\plugins\mcufinder/ => C:\Users\Minh\.stmcufinder\plugins\mcufinder
2024-12-21 15:17:04,502 [INFO] ServerAccessManage:473 - Download File api_config.json
2024-12-21 15:17:04,616 [INFO] LoadUrlFilesThread:156 - End of LoadUrlFiles Thread
2024-12-21 15:17:04,623 [INFO] DbMcusAds:53 - JSON generation date=Wed Dec 18 01:01:15 JST 2024 (1734451275196)
2024-12-21 15:17:06,455 [INFO] ServerAccessManage:473 - Download File 
2024-12-21 15:17:06,465 [INFO] LoadUrlFilesThread:185 - End of LoadServerUrlFiles without Thread
2024-12-21 15:17:06,466 [INFO] TargetSelectorAdapter:259 - Refresh data is successful
2024-12-21 15:17:06,775 [INFO] ApiDb:581 - Connected to CubeFinder SQLite database (C:\Users\Minh\.stmcufinder\plugins\mcufinder\mcu\cube-finder-db.db)
2024-12-21 15:17:06,967 [INFO] ApiDb:668 - CubeFinder database Data Model version=2.1
2024-12-21 15:17:06,967 [INFO] ApiDb:669 - CubeFinder database Configuration version=3.0.39
2024-12-21 15:17:06,971 [INFO] ApiDb:670 - CubeFinder database generation date=2024-11-21 (1732182206)
2024-12-21 15:17:06,971 [INFO] ApiDb:671 - CubeFinder database FW Pack versions=[FP-ATR-ASTRA1_V2.0.0, FP-SNS-FLIGHT1_V5.0.2, FP-SNS-MOTENV1_V5.0.0, FP-SNS-MOTENVWB1_V1.4.0, FP-SNS-SMARTAG2_V1.2.0, FP-SNS-STBOX1_V2.0.0, STM32Cube_FW_C0_V1.3.0, STM32Cube_FW_F4_V1.28.1, STM32Cube_FW_F7_V1.17.2, STM32Cube_FW_G0_V1.6.2, STM32Cube_FW_G4_V1.6.1, STM32Cube_FW_H5_V1.4.0, STM32Cube_FW_H7RS_V1.1.0, STM32Cube_FW_H7_V1.12.0, STM32Cube_FW_L0_V1.12.2, STM32Cube_FW_L4_V1.18.1, STM32Cube_FW_L5_V1.5.1, STM32Cube_FW_N6_V1.0.0, STM32Cube_FW_U0_V1.2.0, STM32Cube_FW_U3_V1.0.0, STM32Cube_FW_U5_V1.7.0, STM32Cube_FW_WB0_V1.1.0, STM32Cube_FW_WBA_V1.5.0, STM32Cube_FW_WB_V1.21.0, STM32Cube_FW_WL3_V1.0.0, STM32Cube_FW_WL_V1.3.0, X-CUBE-ALGOBUILD_V1.4.0, X-CUBE-ALS_V1.0.2, X-CUBE-AZRTOS-F4_V1.1.0, X-CUBE-AZRTOS-F7_V1.1.0, X-CUBE-AZRTOS-G0_V1.1.0, X-CUBE-AZRTOS-G4_V2.0.0, X-CUBE-AZRTOS-H7RS_V1.0.0, X-CUBE-AZRTOS-H7_V3.3.0, X-CUBE-AZRTOS-L4_V2.0.0, X-CUBE-AZRTOS-L5_V2.0.0, X-CUBE-AZRTOS-WB_V2.0.0, X-CUBE-AZRTOS-WL_V2.0.0, X-CUBE-BLE1_V7.0.0, X-CUBE-BLE2_V3.3.0, X-CUBE-BLEMGR_V3.1.0, X-CUBE-EEPRMA1_V5.1.0, X-CUBE-FREERTOS_V1.2.0, X-CUBE-GNSS1_V6.0.0, X-CUBE-MEMS1_V11.0.0, X-CUBE-NFC4_V3.0.0, X-CUBE-NFC7_V1.0.1, X-CUBE-SFXS2LP1_V4.0.0, X-CUBE-SUBG2_V5.0.0, X-CUBE-TOF1_V3.4.2]
2024-12-21 15:17:11,508 [INFO] ApiDb:240 - Found 323 in-development CPN: [B-G473E-ZEST1S, B-WB1M-WPAN1, B-WL5M-SUBG1, NUCLEO-C031C6, NUCLEO-H503RB, NUCLEO-H563ZI, NUCLEO-U545RE-Q, NUCLEO-U5A5ZJ-Q, NUCLEO-WBA52CG, STEVAL-PROTEUS1, STEVAL-SMARTAG2, STEVAL-STWINBX1, STM320518-EVAL, STM32C0116-DK, STM32C011D6Y3TR, STM32C011D6Y6TR, STM32C011F4P3, STM32C011F4P6, STM32C011F4U3, STM32C011F4U6TR, STM32C011F6P3, STM32C011F6P6, STM32C011F6U3, STM32C011F6U6TR, STM32C011J4M3, STM32C011J4M6, STM32C011J6M3, STM32C011J6M6, STM32C0316-DK, STM32C031C4T3, STM32C031C4T6, STM32C031C4U3, STM32C031C4U6, STM32C031C6T3, STM32C031C6T6, STM32C031C6U3, STM32C031C6U6, STM32C031F4P3, STM32C031F4P6, STM32C031F6P3, STM32C031F6P6, STM32C031G4U3, STM32C031G4U6, STM32C031G6U3, STM32C031G6U6, STM32C031K4T3, STM32C031K4T6, STM32C031K4U3, STM32C031K4U6, STM32C031K6T3, STM32C031K6T6, STM32C031K6U3, STM32C031K6U6, STM32G071K8TXN, STM32G071K8UXN, STM32G081GBU6N, STM32G081KBT6N, STM32G081KBUXN, STM32G0B1CCT6N, STM32G0B1KCT6, STM32G0B1NEY6TR, STM32G0B1RCT6N, STM32G0C1CCT6, STM32G0C1CCT6N, STM32G0C1CCU6N, STM32G0C1CET6N, STM32G0C1CEU6N, STM32G0C1KCT6, STM32G0C1NEY6TR, STM32G0C1RCI6N, STM32G0C1RCT6N, STM32G0C1REI6N, STM32G0C1RET6N, STM32G0C1VCI6, STM32G0C1VEI6, STM32G471CCT6, STM32G471CCU6, STM32G471CET3, STM32G471CET6, STM32G471CEU3, STM32G471CEU6, STM32G471MCT6, STM32G471MET3, STM32G471MET6, STM32G471MEY6TR, STM32G471QCT6, STM32G471QET3, STM32G471RCT6, STM32G471RET3, STM32G471RET6, STM32G471VCH6, STM32G471VCI6, STM32G471VCT6, STM32G471VEH3, STM32G471VEH6, STM32G471VEI3, STM32G471VEI6, STM32G471VET3, STM32G471VET6, STM32G474CCT6, STM32H503CBT6, STM32H503CBU6, STM32H503EBY6TR, STM32H503KBU6, STM32H503RBT6, STM32H562AGI6, STM32H562AII6, STM32H562IGK6, STM32H562IGT6, STM32H562IIK6, STM32H562IIT6, STM32H562RGT6, STM32H562RGV6, STM32H562RIT6, STM32H562RIV6, STM32H562VGT6, STM32H562VIT6, STM32H562ZGT6, STM32H562ZIT6, STM32H563AGI6, STM32H563AII3Q, STM32H563AII6, STM32H563IGK6, STM32H563IGT6, STM32H563IIK3Q, STM32H563IIK6, STM32H563IIT3Q, STM32H563IIT6, STM32H563MIY3QTR, STM32H563RGT6, STM32H563RGV6, STM32H563RIT6, STM32H563RIV6, STM32H563VGT6, STM32H563VIT3Q, STM32H563VIT6, STM32H563ZGT6, STM32H563ZIT3Q, STM32H563ZIT6, STM32H573AII3Q, STM32H573AII6, STM32H573I-DK, STM32H573IIK3Q, STM32H573IIK6, STM32H573IIT3Q, STM32H573IIT6, STM32H573MIY3QTR, STM32H573RIT6, STM32H573RIV6, STM32H573VIT3Q, STM32H573VIT6, STM32H573ZIT3Q, STM32H573ZIT6, STM32L4R5QGI6STR, STM32MP131AAE3, STM32MP131AAF3, STM32MP131AAG3, STM32MP131CAE3, STM32MP131CAF3, STM32MP131CAG3, STM32MP131DAE7, STM32MP131DAF7, STM32MP131DAG7, STM32MP131FAE7, STM32MP131FAF7, STM32MP131FAG7, STM32MP133AAE3, STM32MP133AAF3, STM32MP133AAG3, STM32MP133CAE3, STM32MP133CAF3, STM32MP133CAG3, STM32MP133DAE7, STM32MP133DAF7, STM32MP133DAG7, STM32MP133FAE7, STM32MP133FAF7, STM32MP133FAG7, STM32MP135AAE3, STM32MP135AAF3, STM32MP135AAG3, STM32MP135CAE3, STM32MP135CAF3, STM32MP135CAG3, STM32MP135DAE7, STM32MP135DAF7, STM32MP135DAG7, STM32MP135F-DK, STM32MP135FAE7, STM32MP135FAF7, STM32MP135FAF7T, STM32MP135FAF7U, STM32MP135FAG7, STM32U535CBT6, STM32U535CBT6Q, STM32U535CBU6, STM32U535CBU6Q, STM32U535CCT6, STM32U535CCT6Q, STM32U535CCU6, STM32U535CCU6Q, STM32U535CET6, STM32U535CET6Q, STM32U535CEU6, STM32U535CEU6Q, STM32U535JEY6QTR, STM32U535NCY6QTR, STM32U535NEY6QTR, STM32U535RBI6, STM32U535RBI6Q, STM32U535RBT6, STM32U535RBT6Q, STM32U535RCI6, STM32U535RCI6Q, STM32U535RCT6, STM32U535RCT6Q, STM32U535REI6, STM32U535REI6Q, STM32U535RET6, STM32U535RET6Q, STM32U535VCI6, STM32U535VCI6Q, STM32U535VCT6, STM32U535VCT6Q, STM32U535VEI6, STM32U535VEI6Q, STM32U535VET6, STM32U535VET6Q, STM32U545CET6, STM32U545CET6Q, STM32U545CEU6, STM32U545CEU6Q, STM32U545JEY6QTR, STM32U545NEY6QTR, STM32U545REI6, STM32U545REI6Q, STM32U545RET6, STM32U545RET6Q, STM32U545VEI6, STM32U545VEI6Q, STM32U545VET6, STM32U545VET6Q, STM32U595AIH6, STM32U595AIH6Q, STM32U595AJH6, STM32U595AJH6Q, STM32U595QII6, STM32U595QII6Q, STM32U595QJI6, STM32U595QJI6Q, STM32U595RIT6, STM32U595RIT6Q, STM32U595RJT6, STM32U595RJT6Q, STM32U595VIT6, STM32U595VIT6Q, STM32U595VJT6, STM32U595VJT6Q, STM32U595ZIT6, STM32U595ZIT6Q, STM32U595ZIY6QTR, STM32U595ZJT6, STM32U595ZJT6Q, STM32U595ZJY6QTR, STM32U599BJY6QTR, STM32U599NIH6Q, STM32U599NJH6Q, STM32U599VIT6Q, STM32U599VJT6, STM32U599VJT6Q, STM32U599ZIT6Q, STM32U599ZIY6QTR, STM32U599ZJT6Q, STM32U599ZJY6QTR, STM32U5A5AJH6, STM32U5A5AJH6Q, STM32U5A5QJI6, STM32U5A5QJI6Q, STM32U5A5RJT6, STM32U5A5RJT6Q, STM32U5A5VJT6, STM32U5A5VJT6Q, STM32U5A5ZJT6, STM32U5A5ZJT6Q, STM32U5A5ZJY6QTR, STM32U5A9BJY6QTR, STM32U5A9J-DK, STM32U5A9NJH6Q, STM32U5A9VJT6Q, STM32U5A9ZJT6Q, STM32U5A9ZJY6QTR, STM32U5F7VIT6, STM32U5F7VIT6Q, STM32U5F7VJT6, STM32U5F7VJT6Q, STM32U5F9BJY6QTR, STM32U5F9NJH6Q, STM32U5F9VIT6Q, STM32U5F9VJT6Q, STM32U5F9ZIJ6QTR, STM32U5F9ZIT6Q, STM32U5F9ZJJ6QTR, STM32U5F9ZJT6Q, STM32U5G7VJT6, STM32U5G7VJT6Q, STM32U5G9BJY6QTR, STM32U5G9J-DK1, STM32U5G9J-DK2, STM32U5G9NJH6Q, STM32U5G9VJT6Q, STM32U5G9ZJJ6QTR, STM32U5G9ZJT6Q, STM32WB1MMCH6, STM32WBA52CEU6, STM32WBA52CEU6T, STM32WBA52CGU6, STM32WBA52CGU6T, STM32WBA52KEU6, STM32WBA52KEU6T, STM32WBA52KGU6, STM32WBA52KGU6T, STM32WL5MOCH6, STM32WL5MOCH6TR]
2024-12-21 15:17:11,522 [INFO] DbMcus:217 - Found 4373 MCUs, 4373 are supported
2024-12-21 15:17:11,525 [INFO] ApiDb:423 - Load user favorites file C:\Users\Minh/.stm32cubeide/favorites.mcus.txt: 0 item(s)
2024-12-21 15:17:11,526 [INFO] ApiDb:427 - User favorites MCUs=[]
2024-12-21 15:17:11,526 [INFO] DbMcus:223 - Set 0 / 0 favorites MCUs
2024-12-21 15:17:12,457 [INFO] ApiDb:668 - CubeFinder database Data Model version=2.1
2024-12-21 15:17:12,457 [INFO] ApiDb:669 - CubeFinder database Configuration version=3.0.39
2024-12-21 15:17:12,457 [INFO] ApiDb:670 - CubeFinder database generation date=2024-11-21 (1732182206)
2024-12-21 15:17:12,457 [INFO] ApiDb:671 - CubeFinder database FW Pack versions=[FP-ATR-ASTRA1_V2.0.0, FP-SNS-FLIGHT1_V5.0.2, FP-SNS-MOTENV1_V5.0.0, FP-SNS-MOTENVWB1_V1.4.0, FP-SNS-SMARTAG2_V1.2.0, FP-SNS-STBOX1_V2.0.0, STM32Cube_FW_C0_V1.3.0, STM32Cube_FW_F4_V1.28.1, STM32Cube_FW_F7_V1.17.2, STM32Cube_FW_G0_V1.6.2, STM32Cube_FW_G4_V1.6.1, STM32Cube_FW_H5_V1.4.0, STM32Cube_FW_H7RS_V1.1.0, STM32Cube_FW_H7_V1.12.0, STM32Cube_FW_L0_V1.12.2, STM32Cube_FW_L4_V1.18.1, STM32Cube_FW_L5_V1.5.1, STM32Cube_FW_N6_V1.0.0, STM32Cube_FW_U0_V1.2.0, STM32Cube_FW_U3_V1.0.0, STM32Cube_FW_U5_V1.7.0, STM32Cube_FW_WB0_V1.1.0, STM32Cube_FW_WBA_V1.5.0, STM32Cube_FW_WB_V1.21.0, STM32Cube_FW_WL3_V1.0.0, STM32Cube_FW_WL_V1.3.0, X-CUBE-ALGOBUILD_V1.4.0, X-CUBE-ALS_V1.0.2, X-CUBE-AZRTOS-F4_V1.1.0, X-CUBE-AZRTOS-F7_V1.1.0, X-CUBE-AZRTOS-G0_V1.1.0, X-CUBE-AZRTOS-G4_V2.0.0, X-CUBE-AZRTOS-H7RS_V1.0.0, X-CUBE-AZRTOS-H7_V3.3.0, X-CUBE-AZRTOS-L4_V2.0.0, X-CUBE-AZRTOS-L5_V2.0.0, X-CUBE-AZRTOS-WB_V2.0.0, X-CUBE-AZRTOS-WL_V2.0.0, X-CUBE-BLE1_V7.0.0, X-CUBE-BLE2_V3.3.0, X-CUBE-BLEMGR_V3.1.0, X-CUBE-EEPRMA1_V5.1.0, X-CUBE-FREERTOS_V1.2.0, X-CUBE-GNSS1_V6.0.0, X-CUBE-MEMS1_V11.0.0, X-CUBE-NFC4_V3.0.0, X-CUBE-NFC7_V1.0.1, X-CUBE-SFXS2LP1_V4.0.0, X-CUBE-SUBG2_V5.0.0, X-CUBE-TOF1_V3.4.2]
2024-12-21 15:17:12,584 [INFO] DbBoardsSqlite:226 - include board P-NUCLEO-WB55-NUCLEO as a kit item of type 'Nucleo-64'
2024-12-21 15:17:12,585 [INFO] DbBoardsSqlite:226 - include board P-NUCLEO-WB55-USBDONGLE as a kit item of type 'Nucleo USB Dongle'
2024-12-21 15:17:12,585 [INFO] DbBoardsSqlite:226 - include board STEVAL-IDP005V1 as a kit item of type 'Evaluation Board'
2024-12-21 15:17:12,586 [INFO] DbBoardsSqlite:226 - include board STEVAL-IDP005V2 as a kit item of type 'Evaluation Board'
2024-12-21 15:17:12,731 [INFO] ApiDb:240 - Found 323 in-development CPN: [B-G473E-ZEST1S, B-WB1M-WPAN1, B-WL5M-SUBG1, NUCLEO-C031C6, NUCLEO-H503RB, NUCLEO-H563ZI, NUCLEO-U545RE-Q, NUCLEO-U5A5ZJ-Q, NUCLEO-WBA52CG, STEVAL-PROTEUS1, STEVAL-SMARTAG2, STEVAL-STWINBX1, STM320518-EVAL, STM32C0116-DK, STM32C011D6Y3TR, STM32C011D6Y6TR, STM32C011F4P3, STM32C011F4P6, STM32C011F4U3, STM32C011F4U6TR, STM32C011F6P3, STM32C011F6P6, STM32C011F6U3, STM32C011F6U6TR, STM32C011J4M3, STM32C011J4M6, STM32C011J6M3, STM32C011J6M6, STM32C0316-DK, STM32C031C4T3, STM32C031C4T6, STM32C031C4U3, STM32C031C4U6, STM32C031C6T3, STM32C031C6T6, STM32C031C6U3, STM32C031C6U6, STM32C031F4P3, STM32C031F4P6, STM32C031F6P3, STM32C031F6P6, STM32C031G4U3, STM32C031G4U6, STM32C031G6U3, STM32C031G6U6, STM32C031K4T3, STM32C031K4T6, STM32C031K4U3, STM32C031K4U6, STM32C031K6T3, STM32C031K6T6, STM32C031K6U3, STM32C031K6U6, STM32G071K8TXN, STM32G071K8UXN, STM32G081GBU6N, STM32G081KBT6N, STM32G081KBUXN, STM32G0B1CCT6N, STM32G0B1KCT6, STM32G0B1NEY6TR, STM32G0B1RCT6N, STM32G0C1CCT6, STM32G0C1CCT6N, STM32G0C1CCU6N, STM32G0C1CET6N, STM32G0C1CEU6N, STM32G0C1KCT6, STM32G0C1NEY6TR, STM32G0C1RCI6N, STM32G0C1RCT6N, STM32G0C1REI6N, STM32G0C1RET6N, STM32G0C1VCI6, STM32G0C1VEI6, STM32G471CCT6, STM32G471CCU6, STM32G471CET3, STM32G471CET6, STM32G471CEU3, STM32G471CEU6, STM32G471MCT6, STM32G471MET3, STM32G471MET6, STM32G471MEY6TR, STM32G471QCT6, STM32G471QET3, STM32G471RCT6, STM32G471RET3, STM32G471RET6, STM32G471VCH6, STM32G471VCI6, STM32G471VCT6, STM32G471VEH3, STM32G471VEH6, STM32G471VEI3, STM32G471VEI6, STM32G471VET3, STM32G471VET6, STM32G474CCT6, STM32H503CBT6, STM32H503CBU6, STM32H503EBY6TR, STM32H503KBU6, STM32H503RBT6, STM32H562AGI6, STM32H562AII6, STM32H562IGK6, STM32H562IGT6, STM32H562IIK6, STM32H562IIT6, STM32H562RGT6, STM32H562RGV6, STM32H562RIT6, STM32H562RIV6, STM32H562VGT6, STM32H562VIT6, STM32H562ZGT6, STM32H562ZIT6, STM32H563AGI6, STM32H563AII3Q, STM32H563AII6, STM32H563IGK6, STM32H563IGT6, STM32H563IIK3Q, STM32H563IIK6, STM32H563IIT3Q, STM32H563IIT6, STM32H563MIY3QTR, STM32H563RGT6, STM32H563RGV6, STM32H563RIT6, STM32H563RIV6, STM32H563VGT6, STM32H563VIT3Q, STM32H563VIT6, STM32H563ZGT6, STM32H563ZIT3Q, STM32H563ZIT6, STM32H573AII3Q, STM32H573AII6, STM32H573I-DK, STM32H573IIK3Q, STM32H573IIK6, STM32H573IIT3Q, STM32H573IIT6, STM32H573MIY3QTR, STM32H573RIT6, STM32H573RIV6, STM32H573VIT3Q, STM32H573VIT6, STM32H573ZIT3Q, STM32H573ZIT6, STM32L4R5QGI6STR, STM32MP131AAE3, STM32MP131AAF3, STM32MP131AAG3, STM32MP131CAE3, STM32MP131CAF3, STM32MP131CAG3, STM32MP131DAE7, STM32MP131DAF7, STM32MP131DAG7, STM32MP131FAE7, STM32MP131FAF7, STM32MP131FAG7, STM32MP133AAE3, STM32MP133AAF3, STM32MP133AAG3, STM32MP133CAE3, STM32MP133CAF3, STM32MP133CAG3, STM32MP133DAE7, STM32MP133DAF7, STM32MP133DAG7, STM32MP133FAE7, STM32MP133FAF7, STM32MP133FAG7, STM32MP135AAE3, STM32MP135AAF3, STM32MP135AAG3, STM32MP135CAE3, STM32MP135CAF3, STM32MP135CAG3, STM32MP135DAE7, STM32MP135DAF7, STM32MP135DAG7, STM32MP135F-DK, STM32MP135FAE7, STM32MP135FAF7, STM32MP135FAF7T, STM32MP135FAF7U, STM32MP135FAG7, STM32U535CBT6, STM32U535CBT6Q, STM32U535CBU6, STM32U535CBU6Q, STM32U535CCT6, STM32U535CCT6Q, STM32U535CCU6, STM32U535CCU6Q, STM32U535CET6, STM32U535CET6Q, STM32U535CEU6, STM32U535CEU6Q, STM32U535JEY6QTR, STM32U535NCY6QTR, STM32U535NEY6QTR, STM32U535RBI6, STM32U535RBI6Q, STM32U535RBT6, STM32U535RBT6Q, STM32U535RCI6, STM32U535RCI6Q, STM32U535RCT6, STM32U535RCT6Q, STM32U535REI6, STM32U535REI6Q, STM32U535RET6, STM32U535RET6Q, STM32U535VCI6, STM32U535VCI6Q, STM32U535VCT6, STM32U535VCT6Q, STM32U535VEI6, STM32U535VEI6Q, STM32U535VET6, STM32U535VET6Q, STM32U545CET6, STM32U545CET6Q, STM32U545CEU6, STM32U545CEU6Q, STM32U545JEY6QTR, STM32U545NEY6QTR, STM32U545REI6, STM32U545REI6Q, STM32U545RET6, STM32U545RET6Q, STM32U545VEI6, STM32U545VEI6Q, STM32U545VET6, STM32U545VET6Q, STM32U595AIH6, STM32U595AIH6Q, STM32U595AJH6, STM32U595AJH6Q, STM32U595QII6, STM32U595QII6Q, STM32U595QJI6, STM32U595QJI6Q, STM32U595RIT6, STM32U595RIT6Q, STM32U595RJT6, STM32U595RJT6Q, STM32U595VIT6, STM32U595VIT6Q, STM32U595VJT6, STM32U595VJT6Q, STM32U595ZIT6, STM32U595ZIT6Q, STM32U595ZIY6QTR, STM32U595ZJT6, STM32U595ZJT6Q, STM32U595ZJY6QTR, STM32U599BJY6QTR, STM32U599NIH6Q, STM32U599NJH6Q, STM32U599VIT6Q, STM32U599VJT6, STM32U599VJT6Q, STM32U599ZIT6Q, STM32U599ZIY6QTR, STM32U599ZJT6Q, STM32U599ZJY6QTR, STM32U5A5AJH6, STM32U5A5AJH6Q, STM32U5A5QJI6, STM32U5A5QJI6Q, STM32U5A5RJT6, STM32U5A5RJT6Q, STM32U5A5VJT6, STM32U5A5VJT6Q, STM32U5A5ZJT6, STM32U5A5ZJT6Q, STM32U5A5ZJY6QTR, STM32U5A9BJY6QTR, STM32U5A9J-DK, STM32U5A9NJH6Q, STM32U5A9VJT6Q, STM32U5A9ZJT6Q, STM32U5A9ZJY6QTR, STM32U5F7VIT6, STM32U5F7VIT6Q, STM32U5F7VJT6, STM32U5F7VJT6Q, STM32U5F9BJY6QTR, STM32U5F9NJH6Q, STM32U5F9VIT6Q, STM32U5F9VJT6Q, STM32U5F9ZIJ6QTR, STM32U5F9ZIT6Q, STM32U5F9ZJJ6QTR, STM32U5F9ZJT6Q, STM32U5G7VJT6, STM32U5G7VJT6Q, STM32U5G9BJY6QTR, STM32U5G9J-DK1, STM32U5G9J-DK2, STM32U5G9NJH6Q, STM32U5G9VJT6Q, STM32U5G9ZJJ6QTR, STM32U5G9ZJT6Q, STM32WB1MMCH6, STM32WBA52CEU6, STM32WBA52CEU6T, STM32WBA52CGU6, STM32WBA52CGU6T, STM32WBA52KEU6, STM32WBA52KEU6T, STM32WBA52KGU6, STM32WBA52KGU6T, STM32WL5MOCH6, STM32WL5MOCH6TR]
2024-12-21 15:17:12,814 [INFO] BoardInfo:880 - No configuration file found for board NUCLEO-C071RB
2024-12-21 15:17:12,814 [INFO] DbBoards:157 - Board is not supported: NUCLEO-C071RB
2024-12-21 15:17:12,947 [INFO] BoardInfo:880 - No configuration file found for board NUCLEO-H533RE
2024-12-21 15:17:12,947 [INFO] DbBoards:157 - Board is not supported: NUCLEO-H533RE
2024-12-21 15:17:12,976 [INFO] BoardInfo:880 - No configuration file found for board NUCLEO-H7S3L8
2024-12-21 15:17:12,976 [INFO] DbBoards:157 - Board is not supported: NUCLEO-H7S3L8
2024-12-21 15:17:13,045 [INFO] BoardInfo:880 - No configuration file found for board NUCLEO-U031R8
2024-12-21 15:17:13,045 [INFO] DbBoards:157 - Board is not supported: NUCLEO-U031R8
2024-12-21 15:17:13,049 [INFO] BoardInfo:880 - No configuration file found for board NUCLEO-U083RC
2024-12-21 15:17:13,049 [INFO] DbBoards:157 - Board is not supported: NUCLEO-U083RC
2024-12-21 15:17:13,062 [INFO] BoardInfo:880 - No configuration file found for board NUCLEO-WB05KZ
2024-12-21 15:17:13,063 [INFO] DbBoards:157 - Board is not supported: NUCLEO-WB05KZ
2024-12-21 15:17:13,066 [INFO] BoardInfo:880 - No configuration file found for board NUCLEO-WB07CC
2024-12-21 15:17:13,067 [INFO] DbBoards:157 - Board is not supported: NUCLEO-WB07CC
2024-12-21 15:17:13,070 [INFO] BoardInfo:880 - No configuration file found for board NUCLEO-WB09KE
2024-12-21 15:17:13,070 [INFO] DbBoards:157 - Board is not supported: NUCLEO-WB09KE
2024-12-21 15:17:13,084 [INFO] BoardInfo:880 - No configuration file found for board NUCLEO-WBA55CG
2024-12-21 15:17:13,084 [INFO] DbBoards:157 - Board is not supported: NUCLEO-WBA55CG
2024-12-21 15:17:13,100 [INFO] BoardInfo:880 - No configuration file found for board P-NUCLEO-WB55
2024-12-21 15:17:13,100 [INFO] DbBoards:157 - Kit is not supported: P-NUCLEO-WB55
2024-12-21 15:17:13,114 [INFO] BoardInfo:880 - No configuration file found for board STEVAL-BFA001V1B
2024-12-21 15:17:13,114 [INFO] DbBoards:157 - Kit is not supported: STEVAL-BFA001V1B
2024-12-21 15:17:13,118 [INFO] BoardInfo:880 - No configuration file found for board STEVAL-BFA001V2B
2024-12-21 15:17:13,119 [INFO] DbBoards:157 - Kit is not supported: STEVAL-BFA001V2B
2024-12-21 15:17:13,129 [INFO] BoardInfo:880 - No configuration file found for board STEVAL-MKBOXPRO
2024-12-21 15:17:13,129 [INFO] DbBoards:157 - Board is not supported: STEVAL-MKBOXPRO
2024-12-21 15:17:13,388 [INFO] BoardInfo:880 - No configuration file found for board STM32H7S78-DK
2024-12-21 15:17:13,388 [INFO] DbBoards:157 - Board is not supported: STM32H7S78-DK
2024-12-21 15:17:13,447 [INFO] BoardInfo:880 - No configuration file found for board STM32MP257F-DK
2024-12-21 15:17:13,448 [INFO] DbBoards:157 - Board is not supported: STM32MP257F-DK
2024-12-21 15:17:13,452 [INFO] BoardInfo:880 - No configuration file found for board STM32MP257F-EV1
2024-12-21 15:17:13,452 [INFO] DbBoards:157 - Board is not supported: STM32MP257F-EV1
2024-12-21 15:17:13,456 [INFO] BoardInfo:880 - No configuration file found for board STM32U083C-DK
2024-12-21 15:17:13,456 [INFO] DbBoards:157 - Board is not supported: STM32U083C-DK
2024-12-21 15:17:13,474 [INFO] BoardInfo:880 - No configuration file found for board STM32WBA55G-DK1
2024-12-21 15:17:13,475 [INFO] DbBoards:157 - Board is not supported: STM32WBA55G-DK1
2024-12-21 15:17:13,475 [INFO] DbBoards:161 - Found 201 boards, 183 are supported
2024-12-21 15:17:13,481 [INFO] ApiDb:423 - Load user favorites file C:\Users\Minh/.stm32cubeide/favorites.boards.txt: 1 item(s)
2024-12-21 15:17:13,481 [INFO] ApiDb:427 - User favorites Boards=[STM32F407G-DISC1]
2024-12-21 15:17:13,482 [INFO] DbBoards:190 - Set 1 / 1 favorites Boards
2024-12-21 15:17:13,488 [INFO] ApiDb:668 - CubeFinder database Data Model version=2.1
2024-12-21 15:17:13,488 [INFO] ApiDb:669 - CubeFinder database Configuration version=3.0.39
2024-12-21 15:17:13,488 [INFO] ApiDb:670 - CubeFinder database generation date=2024-11-21 (1732182206)
2024-12-21 15:17:13,489 [INFO] ApiDb:671 - CubeFinder database FW Pack versions=[FP-ATR-ASTRA1_V2.0.0, FP-SNS-FLIGHT1_V5.0.2, FP-SNS-MOTENV1_V5.0.0, FP-SNS-MOTENVWB1_V1.4.0, FP-SNS-SMARTAG2_V1.2.0, FP-SNS-STBOX1_V2.0.0, STM32Cube_FW_C0_V1.3.0, STM32Cube_FW_F4_V1.28.1, STM32Cube_FW_F7_V1.17.2, STM32Cube_FW_G0_V1.6.2, STM32Cube_FW_G4_V1.6.1, STM32Cube_FW_H5_V1.4.0, STM32Cube_FW_H7RS_V1.1.0, STM32Cube_FW_H7_V1.12.0, STM32Cube_FW_L0_V1.12.2, STM32Cube_FW_L4_V1.18.1, STM32Cube_FW_L5_V1.5.1, STM32Cube_FW_N6_V1.0.0, STM32Cube_FW_U0_V1.2.0, STM32Cube_FW_U3_V1.0.0, STM32Cube_FW_U5_V1.7.0, STM32Cube_FW_WB0_V1.1.0, STM32Cube_FW_WBA_V1.5.0, STM32Cube_FW_WB_V1.21.0, STM32Cube_FW_WL3_V1.0.0, STM32Cube_FW_WL_V1.3.0, X-CUBE-ALGOBUILD_V1.4.0, X-CUBE-ALS_V1.0.2, X-CUBE-AZRTOS-F4_V1.1.0, X-CUBE-AZRTOS-F7_V1.1.0, X-CUBE-AZRTOS-G0_V1.1.0, X-CUBE-AZRTOS-G4_V2.0.0, X-CUBE-AZRTOS-H7RS_V1.0.0, X-CUBE-AZRTOS-H7_V3.3.0, X-CUBE-AZRTOS-L4_V2.0.0, X-CUBE-AZRTOS-L5_V2.0.0, X-CUBE-AZRTOS-WB_V2.0.0, X-CUBE-AZRTOS-WL_V2.0.0, X-CUBE-BLE1_V7.0.0, X-CUBE-BLE2_V3.3.0, X-CUBE-BLEMGR_V3.1.0, X-CUBE-EEPRMA1_V5.1.0, X-CUBE-FREERTOS_V1.2.0, X-CUBE-GNSS1_V6.0.0, X-CUBE-MEMS1_V11.0.0, X-CUBE-NFC4_V3.0.0, X-CUBE-NFC7_V1.0.1, X-CUBE-SFXS2LP1_V4.0.0, X-CUBE-SUBG2_V5.0.0, X-CUBE-TOF1_V3.4.2]
2024-12-21 15:17:15,577 [ERROR] DbExamplesSqlite:437 - Missing JSON key: board_cpn
2024-12-21 15:17:15,578 [ERROR] DbExamplesSqlite:437 - Missing JSON key: board_cpn
2024-12-21 15:17:15,579 [ERROR] DbExamplesSqlite:437 - Missing JSON key: board_cpn
2024-12-21 15:17:15,579 [ERROR] DbExamplesSqlite:437 - Missing JSON key: board_cpn
2024-12-21 15:17:15,952 [ERROR] DbExamplesSqlite:437 - Missing JSON key: board_cpn
2024-12-21 15:17:15,952 [ERROR] DbExamplesSqlite:437 - Missing JSON key: board_cpn
2024-12-21 15:17:15,953 [ERROR] DbExamplesSqlite:437 - Missing JSON key: board_cpn
2024-12-21 15:17:15,954 [ERROR] DbExamplesSqlite:437 - Missing JSON key: board_cpn
2024-12-21 15:17:15,954 [ERROR] DbExamplesSqlite:437 - Missing JSON key: board_cpn
2024-12-21 15:17:15,955 [ERROR] DbExamplesSqlite:437 - Missing JSON key: board_cpn
2024-12-21 15:17:15,955 [ERROR] DbExamplesSqlite:437 - Missing JSON key: board_cpn
2024-12-21 15:17:15,956 [ERROR] DbExamplesSqlite:437 - Missing JSON key: board_cpn
2024-12-21 15:17:15,956 [ERROR] DbExamplesSqlite:437 - Missing JSON key: board_cpn
2024-12-21 15:17:16,400 [INFO] DbExamplesSqlite:395 - Ignored 77 examples not supported by CubeIDE
2024-12-21 15:17:16,400 [INFO] DbExamplesSqlite:396 - Found 10474 examples active
2024-12-21 15:17:16,401 [INFO] DbExamplesSqlite:397 - Found 0 examples obsolete
2024-12-21 15:17:16,401 [INFO] DbExamplesSqlite:398 - Found 0 examples under development
2024-12-21 15:17:16,401 [INFO] DbExamplesSqlite:399 - Found 43 examples not building
2024-12-21 15:17:16,405 [INFO] DbExamples:125 - Found 10440 examples
2024-12-21 15:17:17,140 [ERROR] DbExamples:208 - Found 682 examples with invalid data (board or MCU)
2024-12-21 15:17:17,140 [INFO] DbExamples:222 - Found 124 boards with related examples
2024-12-21 15:17:17,143 [INFO] DbExamples:235 - Found 105 MCUs with related examples
2024-12-21 15:17:17,194 [INFO] ApiDb:423 - Load user favorites file C:\Users\Minh/.stm32cubeide/favorites.examples.txt: 0 item(s)
2024-12-21 15:17:17,195 [INFO] ApiDb:427 - User favorites Examples=[]
2024-12-21 15:17:17,195 [INFO] DbExamples:250 - Set 0 / 0 favorites Examples
2024-12-21 15:17:17,873 [INFO] McuFinderGlobals:76 - Set McuFinderConnectedMode to true
2024-12-21 15:17:17,891 [INFO] MultiScanPanel:200 - Auto-refresh data requested => check proxy status ongoing
2024-12-21 15:17:17,898 [INFO] FinderPluginLoader:95 - Searching for filters in installed packs
2024-12-21 15:17:21,513 [INFO] LoadUrlFilesThread:185 - End of LoadServerUrlFiles without Thread
2024-12-21 15:17:21,544 [INFO] DetailPanel:341 - Set advertising image to C:/Users/Minh/STM32Cube/Repository/\en.prom-stm32n6-mcu-finder.png
2024-12-21 15:17:27,337 [INFO] MultiScanPanel:200 - Auto-refresh data requested => check proxy status ongoing
2024-12-21 15:17:27,635 [INFO] LoadUrlFilesThread:185 - End of LoadServerUrlFiles without Thread
2024-12-21 15:17:27,636 [INFO] DetailPanel:341 - Set advertising image to C:/Users/Minh/STM32Cube/Repository/\en.prom-stm32n6-mcu-finder.png
2024-12-21 15:17:27,662 [INFO] DbBoards:634 - Loading board mini-images...
2024-12-21 15:17:31,219 [ERROR] DbBoards:651 - Image file not found for board NUCLEO-WB05KZ: C:\Users\Minh\.stmcufinder\plugins\mcufinder//mcu//boards_images/NUCLEO-WB05KZ.jpg
2024-12-21 15:17:34,379 [INFO] DbBoards:657 - Loaded 200 board mini-images
2024-12-21 15:18:37,082 [INFO] McuFinderGlobals:76 - Set McuFinderConnectedMode to true
2024-12-21 15:18:37,091 [INFO] ApiDb:448 - Save user favorites file C:\Users\Minh/.stm32cubeide/favorites.mcus.txt: 0 item(s)
2024-12-21 15:18:37,092 [INFO] ApiDb:452 - User favorites MCUs=[]
2024-12-21 15:18:37,095 [INFO] ApiDb:448 - Save user favorites file C:\Users\Minh/.stm32cubeide/favorites.boards.txt: 1 item(s)
2024-12-21 15:18:37,096 [INFO] ApiDb:452 - User favorites Boards=[STM32F407G-DISC1]
