2023-10-29 19:30:17,085 [INFO] Activator:176 - 


2023-10-29 19:30:17,100 [INFO] Activator:177 - !SESSION log4j initialized
2023-10-29 19:30:32,723 [INFO] LogOutputStream:77 - [STDOUT_REDIRECT] 
2023-10-29 19:30:40,793 [INFO] ApplicationProperties:184 - Using Application install path: C:\ST\STM32CubeIDE_1.4.0\STM32CubeIDE\plugins\com.st.stm32cube.common.mx_6.9.1.202307191849
2023-10-29 19:30:40,833 [INFO] DbMcusXml:78 - Set database path to: C:\ST\STM32CubeIDE_1.4.0\STM32CubeIDE\plugins\com.st.stm32cube.common.mx_6.9.1.202307191849\\db\/mcu/
2023-10-29 19:30:40,833 [INFO] ApiDb:274 - Set plugin database path to: C:\ST\STM32CubeIDE_1.4.0\STM32CubeIDE\plugins\com.st.stm32cube.common.mx_6.9.1.202307191849\\db\/plugins/boardmanager/
2023-10-29 19:30:40,834 [WARN] ApiDb:259 - Overriding images path with different value:  => C:\ST\STM32CubeIDE_1.4.0\STM32CubeIDE\plugins\com.st.stm32cube.common.mx_6.9.1.202307191849\\db\/plugins/mcufinder/images/
2023-10-29 19:30:40,859 [INFO] ApiDb:250 - Set database path to: C:\Users\Minh\.stmcufinder\plugins\mcufinder//mcu/
2023-10-29 19:30:40,864 [INFO] DbMcusAds:125 - Set database path to: C:\Users\Minh\.stmcufinder\plugins\mcufinder//mcu/
2023-10-29 19:30:40,869 [INFO] CrossReferenceDbSqlite:203 - Set database path to: C:\Users\Minh\.stmcufinder\plugins\mcufinder//mcu/cs/
2023-10-29 19:30:41,154 [INFO] RulesReader:64 - Compatibility file has been processed (293 Rules)
2023-10-29 19:30:41,356 [INFO] DbMcusXml:78 - Set database path to: C:\ST\STM32CubeIDE_1.4.0\STM32CubeIDE\plugins\com.st.stm32cube.common.mx_6.9.1.202307191849\\db\/mcu/
2023-10-29 19:30:41,357 [INFO] ApiDb:274 - Set plugin database path to: C:\ST\STM32CubeIDE_1.4.0\STM32CubeIDE\plugins\com.st.stm32cube.common.mx_6.9.1.202307191849\\db\/plugins/boardmanager/
2023-10-29 19:30:41,357 [INFO] ApiDb:261 - Set plugin images path to: C:\ST\STM32CubeIDE_1.4.0\STM32CubeIDE\plugins\com.st.stm32cube.common.mx_6.9.1.202307191849\\db\/plugins/mcufinder/images/
2023-10-29 19:30:41,358 [WARN] DbFile:41 - Overriding database path with different value: C:\Users\Minh\.stmcufinder\plugins\mcufinder/ => C:\Users\Minh\.stmcufinder\plugins\mcufinder
2023-10-29 19:30:41,358 [INFO] ApiDb:250 - Set database path to: C:\Users\Minh\.stmcufinder\plugins\mcufinder//mcu/
2023-10-29 19:30:41,358 [WARN] DbFile:41 - Overriding database path with different value: C:\Users\Minh\.stmcufinder\plugins\mcufinder/ => C:\Users\Minh\.stmcufinder\plugins\mcufinder
2023-10-29 19:30:41,358 [INFO] DbMcusAds:125 - Set database path to: C:\Users\Minh\.stmcufinder\plugins\mcufinder//mcu/
2023-10-29 19:30:41,359 [WARN] DbFile:41 - Overriding database path with different value: C:\Users\Minh\.stmcufinder\plugins\mcufinder/ => C:\Users\Minh\.stmcufinder\plugins\mcufinder
2023-10-29 19:30:41,359 [WARN] DbFile:41 - Overriding database path with different value: C:\Users\Minh\.stmcufinder\plugins\mcufinder/ => C:\Users\Minh\.stmcufinder\plugins\mcufinder
2023-10-29 19:30:41,359 [INFO] CrossReferenceDbSqlite:203 - Set database path to: C:\Users\Minh\.stmcufinder\plugins\mcufinder//mcu/cs/
2023-10-29 19:30:41,548 [INFO] MainPanel:262 - HeapMemory: 268435456
2023-10-29 19:30:41,758 [INFO] DbMcusXml:78 - Set database path to: C:\ST\STM32CubeIDE_1.4.0\STM32CubeIDE\plugins\com.st.stm32cube.common.mx_6.9.1.202307191849\\db\/mcu/
2023-10-29 19:30:41,759 [INFO] ApiDb:274 - Set plugin database path to: C:\ST\STM32CubeIDE_1.4.0\STM32CubeIDE\plugins\com.st.stm32cube.common.mx_6.9.1.202307191849\\db\/plugins/boardmanager/
2023-10-29 19:30:41,759 [INFO] ApiDb:261 - Set plugin images path to: C:\ST\STM32CubeIDE_1.4.0\STM32CubeIDE\plugins\com.st.stm32cube.common.mx_6.9.1.202307191849\\db\/plugins/mcufinder/images/
2023-10-29 19:30:41,760 [WARN] DbFile:41 - Overriding database path with different value: C:\Users\Minh\.stmcufinder\plugins\mcufinder/ => C:\Users\Minh\.stmcufinder\plugins\mcufinder
2023-10-29 19:30:41,761 [INFO] ApiDb:250 - Set database path to: C:\Users\Minh\.stmcufinder\plugins\mcufinder//mcu/
2023-10-29 19:30:41,761 [WARN] DbFile:41 - Overriding database path with different value: C:\Users\Minh\.stmcufinder\plugins\mcufinder/ => C:\Users\Minh\.stmcufinder\plugins\mcufinder
2023-10-29 19:30:41,761 [INFO] DbMcusAds:125 - Set database path to: C:\Users\Minh\.stmcufinder\plugins\mcufinder//mcu/
2023-10-29 19:30:41,761 [WARN] DbFile:41 - Overriding database path with different value: C:\Users\Minh\.stmcufinder\plugins\mcufinder/ => C:\Users\Minh\.stmcufinder\plugins\mcufinder
2023-10-29 19:30:41,762 [WARN] DbFile:41 - Overriding database path with different value: C:\Users\Minh\.stmcufinder\plugins\mcufinder/ => C:\Users\Minh\.stmcufinder\plugins\mcufinder
2023-10-29 19:30:41,762 [INFO] CrossReferenceDbSqlite:203 - Set database path to: C:\Users\Minh\.stmcufinder\plugins\mcufinder//mcu/cs/
2023-10-29 19:30:41,805 [INFO] ApplicationProperties:184 - Using Application install path: C:\ST\STM32CubeIDE_1.4.0\STM32CubeIDE\plugins\com.st.stm32cube.common.mx_6.9.1.202307191849
2023-10-29 19:30:41,808 [INFO] PluginManage:196 - Search for loadable plugins [exclusion list=, ]
2023-10-29 19:30:41,812 [INFO] PluginManage:310 - Check plugin analytics
2023-10-29 19:30:46,728 [INFO] AnalyticsPlugin:253 - Accepted Software Licenses: STM32CubeMX.6.0.0,STM32CubeMX.5.2.0
2023-10-29 19:30:46,729 [INFO] AnalyticsPlugin:255 - Accepted CMSIS Pack Licenses: 
2023-10-29 19:30:46,730 [INFO] AnalyticsPlugin:257 - Accepted Firmware Licenses: 
2023-10-29 19:30:46,734 [INFO] PluginManage:359 - Loaded plugin analytics (category:tool,tabindex:-1)
2023-10-29 19:30:46,735 [INFO] PluginManage:310 - Check plugin cadmodel
2023-10-29 19:30:46,772 [INFO] CADModel:105 - Init CAD model plugin
2023-10-29 19:30:46,773 [INFO] PluginManage:359 - Loaded plugin cadmodel (category:power,tabindex:5)
2023-10-29 19:30:46,773 [INFO] PluginManage:310 - Check plugin clock
2023-10-29 19:30:46,810 [INFO] PluginManage:359 - Loaded plugin clock (category:base,tabindex:2)
2023-10-29 19:30:46,811 [INFO] PluginManage:310 - Check plugin ddr
2023-10-29 19:30:46,815 [INFO] PluginManage:359 - Loaded plugin ddr (category:tool,tabindex:6)
2023-10-29 19:30:46,816 [INFO] PluginManage:310 - Check plugin filemanager
2023-10-29 19:30:47,108 [INFO] PluginManage:359 - Loaded plugin filemanager (category:base,tabindex:10)
2023-10-29 19:30:47,108 [INFO] PluginManage:310 - Check plugin ipmanager
2023-10-29 19:30:47,130 [INFO] PluginManage:359 - Loaded plugin ipmanager (category:base,tabindex:5)
2023-10-29 19:30:47,130 [INFO] PluginManage:310 - Check plugin lpbam
2023-10-29 19:30:47,177 [INFO] PluginManage:359 - Loaded plugin lpbam (category:base,tabindex:0)
2023-10-29 19:30:47,178 [INFO] PluginManage:310 - Check plugin memorymap
2023-10-29 19:30:47,239 [INFO] PluginManage:359 - Loaded plugin memorymap (category:base,tabindex:4)
2023-10-29 19:30:47,240 [INFO] PluginManage:310 - Check plugin pinoutandconfiguration
2023-10-29 19:30:47,278 [INFO] PluginManage:359 - Loaded plugin pinoutandconfiguration (category:base,tabindex:1)
2023-10-29 19:30:47,279 [INFO] PluginManage:310 - Check plugin pinoutconfig
2023-10-29 19:30:47,500 [WARN] SupportedApi:132 - Cannot load RTOS API schema: s4s-elt-must-match.1: The content of 'definitions' must match (annotation?, (simpleType | complexType)?, (unique | key | keyref)*)). A problem was found starting at: attribute.
2023-10-29 19:30:47,794 [INFO] PluginManage:359 - Loaded plugin pinoutconfig (category:base,tabindex:0)
2023-10-29 19:30:47,795 [INFO] PluginManage:310 - Check plugin power
2023-10-29 19:30:47,837 [INFO] PluginManage:359 - Loaded plugin power (category:power,tabindex:4)
2023-10-29 19:30:47,837 [INFO] PluginManage:310 - Check plugin projectmanager
2023-10-29 19:30:47,865 [INFO] PluginManage:359 - Loaded plugin projectmanager (category:projectmanager,tabindex:3)
2023-10-29 19:30:47,865 [INFO] PluginManage:310 - Check plugin thirdparty
2023-10-29 19:30:48,471 [INFO] PluginManage:359 - Loaded plugin thirdparty (category:base,tabindex:-1)
2023-10-29 19:30:48,471 [WARN] IntegrityCheckThread:84 - waiting for thirdparty lock release [integrity check]
2023-10-29 19:30:48,472 [INFO] PluginManage:310 - Check plugin tools
2023-10-29 19:30:48,472 [INFO] IntegrityCheckThread:86 - entering critical section [integrity check]
2023-10-29 19:30:48,473 [INFO] ThirdPartyUpdaterWithRetryManager:70 - Updater plugin not ready yet. [1/15]
2023-10-29 19:30:48,544 [INFO] PluginManage:359 - Loaded plugin tools (category:base,tabindex:7)
2023-10-29 19:30:48,545 [INFO] PluginManage:310 - Check plugin tutovideos
2023-10-29 19:30:48,959 [INFO] PluginManage:359 - Loaded plugin tutovideos (category:base,tabindex:-1)
2023-10-29 19:30:48,960 [INFO] PluginManage:310 - Check plugin updater
2023-10-29 19:30:48,984 [INFO] PluginManage:359 - Loaded plugin updater (category:base,tabindex:12)
2023-10-29 19:30:48,985 [INFO] PluginManage:310 - Check plugin userauth
2023-10-29 19:30:48,997 [INFO] UserAuth:113 - Init User Auth plugin
2023-10-29 19:30:48,997 [INFO] PluginManage:359 - Loaded plugin userauth (category:base,tabindex:14)
2023-10-29 19:30:48,998 [INFO] PluginManage:283 - PluginManage : Loaded plugins [17]
2023-10-29 19:30:49,495 [INFO] PinOutPanel:1499 - setPackage(No Configuration,No Configuration)
2023-10-29 19:30:49,736 [INFO] CADModel:165 - CPN selected for project level
2023-10-29 19:30:49,736 [INFO] CADModel:114 - Register for checkConnection events
2023-10-29 19:30:49,803 [INFO] IPUIPlugin:80 - create IPUIPlugin
2023-10-29 19:30:49,804 [INFO] PluginManager:220 - loadIPPluginJar : add adc
2023-10-29 19:30:49,894 [INFO] IPUIPlugin:80 - create IPUIPlugin
2023-10-29 19:30:49,894 [INFO] PluginManager:220 - loadIPPluginJar : add aes
2023-10-29 19:30:49,989 [INFO] IPUIPlugin:80 - create IPUIPlugin
2023-10-29 19:30:49,989 [INFO] PluginManager:220 - loadIPPluginJar : add can
2023-10-29 19:30:50,040 [INFO] IPUIPlugin:80 - create IPUIPlugin
2023-10-29 19:30:50,040 [INFO] PluginManager:220 - loadIPPluginJar : add comp
2023-10-29 19:30:50,124 [INFO] IPUIPlugin:80 - create IPUIPlugin
2023-10-29 19:30:50,124 [INFO] PluginManager:220 - loadIPPluginJar : add cryp
2023-10-29 19:30:50,198 [INFO] IPUIPlugin:80 - create IPUIPlugin
2023-10-29 19:30:50,199 [INFO] PluginManager:220 - loadIPPluginJar : add dfsdm
2023-10-29 19:30:50,231 [INFO] IPUIPlugin:80 - create IPUIPlugin
2023-10-29 19:30:50,234 [INFO] PluginManager:220 - loadIPPluginJar : add dma
2023-10-29 19:30:50,333 [INFO] IPUIPlugin:80 - create IPUIPlugin
2023-10-29 19:30:50,334 [INFO] PluginManager:220 - loadIPPluginJar : add dma3
2023-10-29 19:30:50,383 [INFO] IPUIPlugin:80 - create IPUIPlugin
2023-10-29 19:30:50,383 [INFO] PluginManager:220 - loadIPPluginJar : add fatfs
2023-10-29 19:30:50,480 [INFO] IPUIPlugin:80 - create IPUIPlugin
2023-10-29 19:30:50,480 [INFO] PluginManager:220 - loadIPPluginJar : add fmc
2023-10-29 19:30:50,507 [INFO] IPUIPlugin:80 - create IPUIPlugin
2023-10-29 19:30:50,507 [INFO] PluginManager:220 - loadIPPluginJar : add freertos
2023-10-29 19:30:50,550 [INFO] IPUIPlugin:80 - create IPUIPlugin
2023-10-29 19:30:50,550 [INFO] PluginManager:220 - loadIPPluginJar : add genericplugin
2023-10-29 19:30:50,746 [INFO] IPUIPlugin:80 - create IPUIPlugin
2023-10-29 19:30:50,747 [INFO] PluginManager:220 - loadIPPluginJar : add gfxmmu
2023-10-29 19:30:51,033 [INFO] IPUIPlugin:80 - create IPUIPlugin
2023-10-29 19:30:51,033 [INFO] PluginManager:220 - loadIPPluginJar : add gic
2023-10-29 19:30:51,059 [INFO] IPUIPlugin:80 - create IPUIPlugin
2023-10-29 19:30:51,059 [INFO] PluginManager:220 - loadIPPluginJar : add gpio
2023-10-29 19:30:51,262 [INFO] IPUIPlugin:80 - create IPUIPlugin
2023-10-29 19:30:51,263 [INFO] PluginManager:220 - loadIPPluginJar : add gtzc
2023-10-29 19:30:51,331 [INFO] IPUIPlugin:80 - create IPUIPlugin
2023-10-29 19:30:51,332 [INFO] PluginManager:220 - loadIPPluginJar : add hash
2023-10-29 19:30:51,441 [INFO] IPUIPlugin:80 - create IPUIPlugin
2023-10-29 19:30:51,442 [INFO] PluginManager:220 - loadIPPluginJar : add i2c
2023-10-29 19:30:51,475 [INFO] ThirdPartyUpdaterWithRetryManager:70 - Updater plugin not ready yet. [2/15]
2023-10-29 19:30:51,523 [INFO] IPUIPlugin:80 - create IPUIPlugin
2023-10-29 19:30:51,523 [INFO] PluginManager:220 - loadIPPluginJar : add i2s
2023-10-29 19:30:51,611 [INFO] IPUIPlugin:80 - create IPUIPlugin
2023-10-29 19:30:51,612 [INFO] PluginManager:220 - loadIPPluginJar : add i3c
2023-10-29 19:30:51,859 [INFO] IPUIPlugin:80 - create IPUIPlugin
2023-10-29 19:30:51,859 [INFO] PluginManager:220 - loadIPPluginJar : add ipddr
2023-10-29 19:30:52,078 [INFO] IPUIPlugin:80 - create IPUIPlugin
2023-10-29 19:30:52,079 [INFO] PluginManager:220 - loadIPPluginJar : add linkedlist
2023-10-29 19:30:52,162 [INFO] IPUIPlugin:80 - create IPUIPlugin
2023-10-29 19:30:52,163 [INFO] PluginManager:220 - loadIPPluginJar : add lorawan
2023-10-29 19:30:52,245 [INFO] IPUIPlugin:80 - create IPUIPlugin
2023-10-29 19:30:52,245 [INFO] PluginManager:220 - loadIPPluginJar : add ltdc
2023-10-29 19:30:52,279 [INFO] IPUIPlugin:80 - create IPUIPlugin
2023-10-29 19:30:52,279 [INFO] PluginManager:220 - loadIPPluginJar : add mdma
2023-10-29 19:30:52,311 [INFO] IPUIPlugin:80 - create IPUIPlugin
2023-10-29 19:30:52,311 [INFO] PluginManager:220 - loadIPPluginJar : add nvic
2023-10-29 19:30:52,401 [INFO] IPUIPlugin:80 - create IPUIPlugin
2023-10-29 19:30:52,402 [INFO] PluginManager:220 - loadIPPluginJar : add opamp
2023-10-29 19:30:52,537 [INFO] IPUIPlugin:80 - create IPUIPlugin
2023-10-29 19:30:52,538 [INFO] PluginManager:220 - loadIPPluginJar : add openamp
2023-10-29 19:30:52,625 [INFO] IPUIPlugin:80 - create IPUIPlugin
2023-10-29 19:30:52,626 [INFO] PluginManager:220 - loadIPPluginJar : add pdm2pcm
2023-10-29 19:30:52,665 [INFO] IPUIPlugin:80 - create IPUIPlugin
2023-10-29 19:30:52,670 [INFO] PluginManager:220 - loadIPPluginJar : add plateformsettings
2023-10-29 19:30:52,717 [INFO] IPUIPlugin:80 - create IPUIPlugin
2023-10-29 19:30:52,717 [INFO] PluginManager:220 - loadIPPluginJar : add quadspi
2023-10-29 19:30:52,743 [INFO] IPUIPlugin:80 - create IPUIPlugin
2023-10-29 19:30:52,743 [INFO] PluginManager:220 - loadIPPluginJar : add resmgrutility
2023-10-29 19:30:52,852 [INFO] IPUIPlugin:80 - create IPUIPlugin
2023-10-29 19:30:52,852 [INFO] PluginManager:220 - loadIPPluginJar : add sai
2023-10-29 19:30:52,940 [INFO] IPUIPlugin:80 - create IPUIPlugin
2023-10-29 19:30:52,941 [INFO] PluginManager:220 - loadIPPluginJar : add spi
2023-10-29 19:30:53,055 [INFO] IPUIPlugin:80 - create IPUIPlugin
2023-10-29 19:30:53,055 [INFO] PluginManager:220 - loadIPPluginJar : add stm32_wpan
2023-10-29 19:30:53,104 [INFO] IPUIPlugin:80 - create IPUIPlugin
2023-10-29 19:30:53,105 [INFO] PluginManager:220 - loadIPPluginJar : add tim
2023-10-29 19:30:53,221 [INFO] IPUIPlugin:80 - create IPUIPlugin
2023-10-29 19:30:53,222 [INFO] PluginManager:220 - loadIPPluginJar : add touchsensing
2023-10-29 19:30:53,263 [INFO] IPUIPlugin:80 - create IPUIPlugin
2023-10-29 19:30:53,264 [INFO] PluginManager:220 - loadIPPluginJar : add tracer_emb
2023-10-29 19:30:53,306 [INFO] IPUIPlugin:80 - create IPUIPlugin
2023-10-29 19:30:53,306 [INFO] PluginManager:220 - loadIPPluginJar : add ts
2023-10-29 19:30:53,349 [INFO] IPUIPlugin:80 - create IPUIPlugin
2023-10-29 19:30:53,349 [INFO] PluginManager:220 - loadIPPluginJar : add tsc
2023-10-29 19:30:53,393 [INFO] IPUIPlugin:80 - create IPUIPlugin
2023-10-29 19:30:53,393 [INFO] PluginManager:220 - loadIPPluginJar : add ucpd
2023-10-29 19:30:53,489 [INFO] IPUIPlugin:80 - create IPUIPlugin
2023-10-29 19:30:53,489 [INFO] PluginManager:220 - loadIPPluginJar : add usart
2023-10-29 19:30:53,585 [INFO] IPUIPlugin:80 - create IPUIPlugin
2023-10-29 19:30:53,586 [INFO] PluginManager:220 - loadIPPluginJar : add usbx
2023-10-29 19:30:53,784 [INFO] CADModel:165 - CPN selected for project level
2023-10-29 19:30:53,784 [INFO] CADModel:114 - Register for checkConnection events
2023-10-29 19:30:53,784 [FATAL] Updater:308 - Updater called before beeing initialized
2023-10-29 19:30:53,784 [ERROR] CADModel:125 - Updater not yet initialized, retry later 
2023-10-29 19:30:54,121 [INFO] CADModel:165 - CPN selected for project level
2023-10-29 19:30:54,121 [INFO] CADModel:114 - Register for checkConnection events
2023-10-29 19:30:54,121 [FATAL] Updater:308 - Updater called before beeing initialized
2023-10-29 19:30:54,121 [ERROR] CADModel:125 - Updater not yet initialized, retry later 
2023-10-29 19:30:54,130 [FATAL] Updater:308 - Updater called before beeing initialized
2023-10-29 19:30:54,368 [FATAL] Updater:308 - Updater called before beeing initialized
2023-10-29 19:30:54,383 [INFO] DbMcusAds:53 - JSON generation date=Tue Mar 07 17:50:55 JST 2023 (1678179055114)
2023-10-29 19:30:54,383 [FATAL] Updater:308 - Updater called before beeing initialized
2023-10-29 19:30:54,477 [INFO] ThirdPartyUpdaterWithRetryManager:70 - Updater plugin not ready yet. [3/15]
2023-10-29 19:30:54,570 [WARN] DetailPanel:346 - Failed to get advertising image, set to default
2023-10-29 19:30:54,795 [FATAL] Updater:308 - Updater called before beeing initialized
2023-10-29 19:30:54,799 [FATAL] Updater:308 - Updater called before beeing initialized
2023-10-29 19:30:54,799 [FATAL] Updater:308 - Updater called before beeing initialized
2023-10-29 19:30:54,799 [WARN] DetailPanel:346 - Failed to get advertising image, set to default
2023-10-29 19:30:54,800 [FATAL] Updater:308 - Updater called before beeing initialized
2023-10-29 19:30:54,932 [ERROR] Updater:1120 - MainUpdater not yet initialized. External WinMGr cannot be set.
2023-10-29 19:30:54,952 [INFO] Updater:1056 - Updater Version found : 6.9.1
2023-10-29 19:30:55,013 [INFO] ApplicationProperties:184 - Using Application install path: C:\ST\STM32CubeIDE_1.4.0\STM32CubeIDE\plugins\com.st.stm32cube.common.mx_6.9.1.202307191849
2023-10-29 19:30:55,319 [INFO] MainUpdater:2868 - connection check result : 10
2023-10-29 19:30:55,321 [INFO] MainUpdater:285 - Updater Check For Update Now.
2023-10-29 19:30:55,322 [INFO] MicroXplorer:498 - Change Database Version : DB.6.0.91
2023-10-29 19:30:55,358 [INFO] McuFinderGlobals:63 - Set McuFinder mode to 2 (CubeIDE integrated)
2023-10-29 19:30:55,359 [INFO] UserAuth:179 - activating auth plugin
2023-10-29 19:30:55,372 [INFO] UserAuth:393 - Internet connection configuration mode: 1
2023-10-29 19:30:55,417 [INFO] JxBrowserEngine:151 - Initiate JxBrowser Engine with user profile folder
2023-10-29 19:30:55,613 [INFO] CheckServerUpdateThread:120 - End of CheckServer Thread
2023-10-29 19:30:57,393 [INFO] WebApp:157 - Instantiating new browser for Auth
2023-10-29 19:30:57,986 [WARN] PackLoader:240 - Cannot read IP mode file for STMicroelectronics.X-CUBE-SMBUS.2.1.0
2023-10-29 19:30:58,081 [WARN] PackLoader:240 - Cannot read IP mode file for STMicroelectronics.X-CUBE-AZRTOS-F7.1.1.0
2023-10-29 19:30:58,109 [ERROR] RealEvaluatedCondition:428 - Found unsupported composite condition: CLASS='Data Exchange' GROUP='STM32_MetaDataManager'
2023-10-29 19:30:58,110 [ERROR] RealEvaluatedCondition:428 - Found unsupported composite condition: CLASS='Data Exchange' GROUP='STM32_MetaDataManager'
2023-10-29 19:30:58,114 [WARN] PackLoader:240 - Cannot read IP mode file for STMicroelectronics.FP-SNS-MOTENV1.4.3.0
2023-10-29 19:30:58,135 [WARN] PackLoader:240 - Cannot read IP mode file for STMicroelectronics.FP-SNS-MOTENV1.4.3.2
2023-10-29 19:30:58,150 [WARN] PackLoader:240 - Cannot read IP mode file for STMicroelectronics.FP-SNS-FLIGHT1.5.0.0
2023-10-29 19:30:58,160 [ERROR] RealEvaluatedCondition:428 - Found unsupported composite condition: GROUP='STM32_MetaDataManager' CLASS='Data Exchange'
2023-10-29 19:30:58,161 [ERROR] RealEvaluatedCondition:428 - Found unsupported composite condition: CLASS='Data Exchange' GROUP='STM32_MetaDataManager'
2023-10-29 19:30:58,164 [WARN] PackLoader:240 - Cannot read IP mode file for STMicroelectronics.FP-SNS-MOTENV1.4.3.1
2023-10-29 19:30:58,182 [WARN] PackLoader:240 - Cannot read IP mode file for STMicroelectronics.FP-SNS-FLIGHT1.5.0.1
2023-10-29 19:30:58,204 [WARN] PackLoader:240 - Cannot read IP mode file for STMicroelectronics.X-CUBE-BLE1.6.2.4
2023-10-29 19:30:58,216 [WARN] PackLoader:240 - Cannot read IP mode file for STMicroelectronics.FP-SNS-FLIGHT1.5.0.2
2023-10-29 19:30:58,242 [WARN] PackLoader:240 - Cannot read IP mode file for STMicroelectronics.X-CUBE-DISPLAY.3.0.0
2023-10-29 19:30:58,267 [WARN] PackLoader:240 - Cannot read IP mode file for STMicroelectronics.X-CUBE-BLE1.7.0.0
2023-10-29 19:30:58,281 [WARN] PackLoader:240 - Cannot read IP mode file for STMicroelectronics.X-CUBE-TOUCHGFX.4.22.0
2023-10-29 19:30:58,288 [WARN] PackLoader:240 - Cannot read IP mode file for STMicroelectronics.X-CUBE-TOUCHGFX.4.22.1
2023-10-29 19:30:58,301 [WARN] PackLoader:240 - Cannot read IP mode file for STMicroelectronics.FP-SNS-SMARTAG2.1.2.0
2023-10-29 19:30:58,332 [INFO] LogOutputStream:77 - [STDOUT_REDIRECT] 1 : Invalid condition id : UX_CORESTACK_Condition cause : null
2023-10-29 19:30:58,333 [INFO] LogOutputStream:77 - [STDOUT_REDIRECT] 1 : Invalid condition id : UX_CORESTACK_Condition cause : null
2023-10-29 19:30:58,337 [INFO] LogOutputStream:77 - [STDOUT_REDIRECT] 1 : Invalid condition id : UX_CORESTACK_Condition cause : null
2023-10-29 19:30:58,344 [INFO] LogOutputStream:77 - [STDOUT_REDIRECT] 1 : Invalid condition id : UX_CORESTACK_Condition cause : null
2023-10-29 19:30:58,348 [INFO] LogOutputStream:77 - [STDOUT_REDIRECT] 1 : Invalid condition id : UX_CORESTACK_Condition cause : null
2023-10-29 19:30:58,358 [WARN] PackLoader:240 - Cannot read IP mode file for STMicroelectronics.X-CUBE-AZRTOS-WL.2.0.0
2023-10-29 19:30:58,379 [WARN] PackLoader:240 - Cannot read IP mode file for WES.I-CUBE-Cesium.1.3.0
2023-10-29 19:30:58,393 [WARN] PackLoader:240 - Cannot read IP mode file for STMicroelectronics.X-CUBE-BLE2.3.3.0
2023-10-29 19:30:58,418 [WARN] PackLoader:240 - Cannot read IP mode file for STMicroelectronics.X-CUBE-TOF1.3.2.0
2023-10-29 19:30:58,447 [WARN] PackLoader:240 - Cannot read IP mode file for STMicroelectronics.X-CUBE-TOUCHGFX.4.21.1
2023-10-29 19:30:58,455 [WARN] PackLoader:240 - Cannot read IP mode file for STMicroelectronics.X-CUBE-TOUCHGFX.4.21.3
2023-10-29 19:30:58,463 [WARN] PackLoader:240 - Cannot read IP mode file for STMicroelectronics.X-CUBE-TOUCHGFX.4.21.4
2023-10-29 19:30:58,478 [WARN] PackLoader:240 - Cannot read IP mode file for STMicroelectronics.X-CUBE-ALGOBUILD.1.3.0
2023-10-29 19:30:58,517 [WARN] PackLoader:240 - Cannot read IP mode file for STMicroelectronics.X-CUBE-AZRTOS-G0.1.1.0
2023-10-29 19:30:58,538 [WARN] PackLoader:240 - Cannot read IP mode file for STMicroelectronics.X-CUBE-NFC4.3.0.0
2023-10-29 19:30:58,550 [WARN] PackLoader:240 - Cannot read IP mode file for STMicroelectronics.FP-ATR-SIGFOX1.3.2.0
2023-10-29 19:30:58,741 [WARN] PackLoader:240 - Cannot read IP mode file for STMicroelectronics.X-CUBE-MEMS1.9.5.0
2023-10-29 19:30:59,309 [WARN] PackLoader:240 - Cannot read IP mode file for SEGGER.I-CUBE-embOS.1.3.1
2023-10-29 19:30:59,436 [WARN] PackLoader:240 - Cannot read IP mode file for STMicroelectronics.X-CUBE-GNSS1.6.0.0
2023-10-29 19:30:59,476 [WARN] PackLoader:240 - Cannot read IP mode file for STMicroelectronics.X-CUBE-AZRTOS-F4.1.1.0
2023-10-29 19:30:59,516 [WARN] PackLoader:240 - Cannot read IP mode file for STMicroelectronics.X-CUBE-AZRTOS-L5.2.0.0
2023-10-29 19:30:59,614 [WARN] PackLoader:240 - Cannot read IP mode file for STMicroelectronics.X-CUBE-MEMS1.9.6.0
2023-10-29 19:31:00,032 [WARN] PackLoader:240 - Cannot read IP mode file for STMicroelectronics.X-CUBE-EEPRMA1.4.2.0
2023-10-29 19:31:00,046 [WARN] PackLoader:240 - Cannot read IP mode file for ITTIA_DB.I-CUBE-ITTIADB.8.8.0
2023-10-29 19:31:00,061 [WARN] PackLoader:240 - Cannot read IP mode file for emotas.I-CUBE-CANOPEN.1.1.3
2023-10-29 19:31:00,078 [WARN] PackLoader:240 - Cannot read IP mode file for STMicroelectronics.X-CUBE-BLEMGR.2.0.0
2023-10-29 19:31:00,126 [WARN] ConditionMgr:438 - getConditionDescription Invalid condition id : UX DEVICE CLASS RTOS Condition cause : null
2023-10-29 19:31:00,126 [WARN] ConditionMgr:438 - getConditionDescription Invalid condition id : UX DEVICE CLASS RTOS Condition cause : null
2023-10-29 19:31:00,134 [WARN] PackLoader:240 - Cannot read IP mode file for STMicroelectronics.X-CUBE-AZRTOS-H7.3.1.0
2023-10-29 19:31:00,138 [WARN] ConditionMgr:1039 - genDependencies : Invalid condition id : UX DEVICE CLASS RTOS Condition cause : null
2023-10-29 19:31:00,139 [WARN] ConditionMgr:1039 - genDependencies : Invalid condition id : UX DEVICE CLASS RTOS Condition cause : null
2023-10-29 19:31:00,140 [WARN] ConditionMgr:1039 - genDependencies : Invalid condition id : UX DEVICE CLASS RTOS Condition cause : null
2023-10-29 19:31:00,141 [WARN] ConditionMgr:1039 - genDependencies : Invalid condition id : UX DEVICE CLASS RTOS Condition cause : null
2023-10-29 19:31:00,142 [WARN] ConditionMgr:1039 - genDependencies : Invalid condition id : UX DEVICE CLASS RTOS Condition cause : null
2023-10-29 19:31:00,156 [WARN] PackLoader:240 - Cannot read IP mode file for wolfSSL.I-CUBE-wolfSSL.5.5.4
2023-10-29 19:31:00,168 [WARN] PackLoader:240 - Cannot read IP mode file for STMicroelectronics.X-CUBE-NFC7.1.0.1
2023-10-29 19:31:00,180 [WARN] PackLoader:240 - Cannot read IP mode file for STMicroelectronics.X-CUBE-NFC7.1.0.0
2023-10-29 19:31:00,197 [WARN] PackLoader:240 - Cannot read IP mode file for STMicroelectronics.X-CUBE-NFC6.3.0.0
2023-10-29 19:31:00,215 [WARN] PackLoader:240 - Cannot read IP mode file for STMicroelectronics.X-CUBE-EEPRMA1.4.1.0
2023-10-29 19:31:00,230 [WARN] PackLoader:240 - Cannot read IP mode file for STMicroelectronics.X-CUBE-AI.8.1.0
2023-10-29 19:31:00,270 [WARN] ConditionMgr:438 - getConditionDescription Invalid condition id : LAN8742 Phy interface Condition cause : null
2023-10-29 19:31:00,272 [WARN] PackLoader:240 - Cannot read IP mode file for STMicroelectronics.X-CUBE-AZRTOS-L4.2.0.0
2023-10-29 19:31:00,275 [WARN] ConditionMgr:1039 - genDependencies : Invalid condition id : LAN8742 Phy interface Condition cause : null
2023-10-29 19:31:00,275 [WARN] ConditionMgr:1039 - genDependencies : Invalid condition id : LAN8742 Phy interface Condition cause : null
2023-10-29 19:31:00,277 [WARN] ConditionMgr:1039 - genDependencies : Invalid condition id : LAN8742 Phy interface Condition cause : null
2023-10-29 19:31:00,295 [WARN] PackLoader:240 - Cannot read IP mode file for STMicroelectronics.X-CUBE-SFXS2LP1.4.0.0
2023-10-29 19:31:00,345 [WARN] PackLoader:240 - Cannot read IP mode file for STMicroelectronics.X-CUBE-AZRTOS-H7.3.0.0
2023-10-29 19:31:00,362 [WARN] PackLoader:240 - Cannot read IP mode file for STMicroelectronics.X-CUBE-ISPU.1.1.0
2023-10-29 19:31:00,379 [WARN] PackLoader:240 - Cannot read IP mode file for RoweBots.I-CUBE-UNISONRTOS.5.5.0-4
2023-10-29 19:31:00,389 [WARN] PackLoader:240 - Cannot read IP mode file for STMicroelectronics.X-CUBE-AI.8.0.0
2023-10-29 19:31:00,416 [WARN] ConditionMgr:438 - getConditionDescription Invalid condition id : UX DEVICE CLASS RTOS Condition cause : null
2023-10-29 19:31:00,417 [WARN] ConditionMgr:438 - getConditionDescription Invalid condition id : UX DEVICE CLASS RTOS Condition cause : null
2023-10-29 19:31:00,423 [WARN] PackLoader:240 - Cannot read IP mode file for STMicroelectronics.X-CUBE-AZRTOS-WB.2.0.0
2023-10-29 19:31:00,424 [WARN] ConditionMgr:1039 - genDependencies : Invalid condition id : UX DEVICE CLASS RTOS Condition cause : null
2023-10-29 19:31:00,425 [WARN] ConditionMgr:1039 - genDependencies : Invalid condition id : UX DEVICE CLASS RTOS Condition cause : null
2023-10-29 19:31:00,426 [WARN] ConditionMgr:1039 - genDependencies : Invalid condition id : UX DEVICE CLASS RTOS Condition cause : null
2023-10-29 19:31:00,427 [WARN] ConditionMgr:1039 - genDependencies : Invalid condition id : UX DEVICE CLASS RTOS Condition cause : null
2023-10-29 19:31:00,427 [WARN] ConditionMgr:1039 - genDependencies : Invalid condition id : UX DEVICE CLASS RTOS Condition cause : null
2023-10-29 19:31:00,440 [WARN] PackLoader:240 - Cannot read IP mode file for STMicroelectronics.X-CUBE-FREERTOS.1.0.0
2023-10-29 19:31:00,449 [WARN] PackLoader:240 - Cannot read IP mode file for STMicroelectronics.X-CUBE-FREERTOS.1.0.1
2023-10-29 19:31:00,481 [WARN] PackLoader:240 - Cannot read IP mode file for STMicroelectronics.X-CUBE-AZRTOS-L5.1.1.0
2023-10-29 19:31:00,494 [WARN] PackLoader:240 - Cannot read IP mode file for STMicroelectronics.X-CUBE-AI.8.0.1
2023-10-29 19:31:00,523 [WARN] PackLoader:240 - Cannot read IP mode file for STMicroelectronics.X-CUBE-SUBG2.5.0.0
2023-10-29 19:31:00,528 [INFO] WebApp:753 - Register for checkConnection events
2023-10-29 19:31:00,528 [INFO] WebApp:390 - Apply proxy settings
2023-10-29 19:31:00,528 [INFO] WebApp:475 - Chromium requires no authentication
2023-10-29 19:31:00,556 [WARN] PackLoader:240 - Cannot read IP mode file for STMicroelectronics.X-CUBE-TOF1.3.3.1
2023-10-29 19:31:00,560 [INFO] WebApp:418 - Direct internet connection detected
2023-10-29 19:31:00,607 [WARN] PackLoader:240 - Cannot read IP mode file for STMicroelectronics.X-CUBE-AZRTOS-G4.2.0.0
2023-10-29 19:31:00,631 [WARN] PackLoader:240 - Cannot read IP mode file for STMicroelectronics.X-CUBE-TOF1.3.3.0
2023-10-29 19:31:00,660 [WARN] PackLoader:240 - Cannot read IP mode file for STMicroelectronics.FP-ATR-ASTRA1.1.1.1
2023-10-29 19:31:00,686 [WARN] PackLoader:240 - Cannot read IP mode file for Infineon.AIROC-Wi-Fi-Bluetooth-STM32.1.5.1
2023-10-29 19:31:00,717 [WARN] PackLoader:240 - Cannot read IP mode file for STMicroelectronics.X-CUBE-AZRTOS-G4.1.0.0
2023-10-29 19:31:00,757 [WARN] PackLoader:240 - Cannot read IP mode file for STMicroelectronics.X-CUBE-AZRTOS-L4.1.0.0
2023-10-29 19:31:00,867 [WARN] PackLoader:240 - Cannot read IP mode file for STMicroelectronics.X-CUBE-MEMS1.10.0.0
2023-10-29 19:31:01,236 [INFO] WebApp:188 - Starting web application
2023-10-29 19:31:01,236 [INFO] WebApp:520 - Web application path used C:\ST\STM32CubeIDE_1.4.0\STM32CubeIDE\plugins\com.st.stm32cube.common.mx_6.9.1.202307191849\db\plugins\mcufinder\reactClient1\index.html
2023-10-29 19:31:01,283 [WARN] PackLoader:240 - Cannot read IP mode file for STMicroelectronics.X-CUBE-FREERTOS.1.1.0
2023-10-29 19:31:01,307 [WARN] PackLoader:240 - Cannot read IP mode file for STMicroelectronics.X-CUBE-AZRTOS-WL.1.0.0
2023-10-29 19:31:01,323 [WARN] PackLoader:240 - Cannot read IP mode file for portGmbH.I-Cube-SoM-uGOAL.1.1.0
2023-10-29 19:31:01,333 [WARN] PackLoader:240 - Cannot read IP mode file for STMicroelectronics.X-CUBE-ALS.1.0.1
2023-10-29 19:31:01,364 [WARN] PackLoader:240 - Cannot read IP mode file for STMicroelectronics.X-CUBE-AZRTOS-WB.1.1.0
2023-10-29 19:31:01,378 [WARN] PackLoader:240 - Cannot read IP mode file for STMicroelectronics.FP-ATR-ASTRA1.2.0.0
2023-10-29 19:31:01,380 [INFO] ThirdParty:978 - Integrity check success = true
2023-10-29 19:31:01,380 [INFO] IntegrityCheckThread:100 - exiting critical section [integrity check]
2023-10-29 19:31:01,380 [INFO] IntegrityCheckThread:103 - End integrity checks thread
2023-10-29 19:39:40,509 [ERROR] LogOutputStream:75 - [STDERR_REDIRECT] SLF4J: Failed to load class "org.slf4j.impl.StaticLoggerBinder".
2023-10-29 19:39:40,510 [ERROR] LogOutputStream:75 - [STDERR_REDIRECT] SLF4J: Defaulting to no-operation (NOP) logger implementation
2023-10-29 19:39:40,515 [ERROR] LogOutputStream:75 - [STDERR_REDIRECT] SLF4J: See http://www.slf4j.org/codes.html#StaticLoggerBinder for further details.
2023-10-29 22:49:30,416 [ERROR] LogOutputStream:75 - [STDERR_REDIRECT] 
