2024-04-06 12:47:40,700 [INFO] Activator:176 - 


2024-04-06 12:47:40,713 [INFO] Activator:177 - !SESSION log4j initialized
2024-04-06 12:47:51,222 [INFO] LogOutputStream:77 - [STDOUT_REDIRECT] 
2024-04-06 12:47:51,779 [ERROR] ConfigurationRetriever:142 - IOException on connection: sw-center.st.com
2024-04-06 12:47:51,780 [ERROR] ConfigurationRetriever:142 - IOException on connection: sw-center.st.com
2024-04-06 12:47:51,782 [ERROR] ConfigurationRetriever:142 - IOException on connection: sw-center.st.com
2024-04-06 12:47:55,863 [INFO] ApplicationProperties:184 - Using Application install path: C:\ST\STM32CubeIDE_1.4.0\STM32CubeIDE\plugins\com.st.stm32cube.common.mx_6.9.1.202307191849
2024-04-06 12:47:55,927 [INFO] DbMcusXml:78 - Set database path to: C:\ST\STM32CubeIDE_1.4.0\STM32CubeIDE\plugins\com.st.stm32cube.common.mx_6.9.1.202307191849\\db\/mcu/
2024-04-06 12:47:55,938 [INFO] ApiDb:274 - Set plugin database path to: C:\ST\STM32CubeIDE_1.4.0\STM32CubeIDE\plugins\com.st.stm32cube.common.mx_6.9.1.202307191849\\db\/plugins/boardmanager/
2024-04-06 12:47:55,939 [WARN] ApiDb:259 - Overriding images path with different value:  => C:\ST\STM32CubeIDE_1.4.0\STM32CubeIDE\plugins\com.st.stm32cube.common.mx_6.9.1.202307191849\\db\/plugins/mcufinder/images/
2024-04-06 12:47:55,980 [INFO] ApiDb:250 - Set database path to: C:\Users\Minh\.stmcufinder\plugins\mcufinder//mcu/
2024-04-06 12:47:55,980 [INFO] DbMcusAds:125 - Set database path to: C:\Users\Minh\.stmcufinder\plugins\mcufinder//mcu/
2024-04-06 12:47:55,989 [INFO] CrossReferenceDbSqlite:203 - Set database path to: C:\Users\Minh\.stmcufinder\plugins\mcufinder//mcu/cs/
2024-04-06 12:47:56,399 [INFO] RulesReader:64 - Compatibility file has been processed (293 Rules)
2024-04-06 12:47:56,555 [INFO] DbMcusXml:78 - Set database path to: C:\ST\STM32CubeIDE_1.4.0\STM32CubeIDE\plugins\com.st.stm32cube.common.mx_6.9.1.202307191849\\db\/mcu/
2024-04-06 12:47:56,555 [INFO] ApiDb:274 - Set plugin database path to: C:\ST\STM32CubeIDE_1.4.0\STM32CubeIDE\plugins\com.st.stm32cube.common.mx_6.9.1.202307191849\\db\/plugins/boardmanager/
2024-04-06 12:47:56,556 [INFO] ApiDb:261 - Set plugin images path to: C:\ST\STM32CubeIDE_1.4.0\STM32CubeIDE\plugins\com.st.stm32cube.common.mx_6.9.1.202307191849\\db\/plugins/mcufinder/images/
2024-04-06 12:47:56,557 [WARN] DbFile:41 - Overriding database path with different value: C:\Users\Minh\.stmcufinder\plugins\mcufinder/ => C:\Users\Minh\.stmcufinder\plugins\mcufinder
2024-04-06 12:47:56,557 [INFO] ApiDb:250 - Set database path to: C:\Users\Minh\.stmcufinder\plugins\mcufinder//mcu/
2024-04-06 12:47:56,557 [WARN] DbFile:41 - Overriding database path with different value: C:\Users\Minh\.stmcufinder\plugins\mcufinder/ => C:\Users\Minh\.stmcufinder\plugins\mcufinder
2024-04-06 12:47:56,557 [INFO] DbMcusAds:125 - Set database path to: C:\Users\Minh\.stmcufinder\plugins\mcufinder//mcu/
2024-04-06 12:47:56,557 [WARN] DbFile:41 - Overriding database path with different value: C:\Users\Minh\.stmcufinder\plugins\mcufinder/ => C:\Users\Minh\.stmcufinder\plugins\mcufinder
2024-04-06 12:47:56,557 [WARN] DbFile:41 - Overriding database path with different value: C:\Users\Minh\.stmcufinder\plugins\mcufinder/ => C:\Users\Minh\.stmcufinder\plugins\mcufinder
2024-04-06 12:47:56,557 [INFO] CrossReferenceDbSqlite:203 - Set database path to: C:\Users\Minh\.stmcufinder\plugins\mcufinder//mcu/cs/
2024-04-06 12:47:56,807 [INFO] MainPanel:262 - HeapMemory: 268435456
2024-04-06 12:47:56,983 [INFO] DbMcusXml:78 - Set database path to: C:\ST\STM32CubeIDE_1.4.0\STM32CubeIDE\plugins\com.st.stm32cube.common.mx_6.9.1.202307191849\\db\/mcu/
2024-04-06 12:47:56,983 [INFO] ApiDb:274 - Set plugin database path to: C:\ST\STM32CubeIDE_1.4.0\STM32CubeIDE\plugins\com.st.stm32cube.common.mx_6.9.1.202307191849\\db\/plugins/boardmanager/
2024-04-06 12:47:56,984 [INFO] ApiDb:261 - Set plugin images path to: C:\ST\STM32CubeIDE_1.4.0\STM32CubeIDE\plugins\com.st.stm32cube.common.mx_6.9.1.202307191849\\db\/plugins/mcufinder/images/
2024-04-06 12:47:56,984 [WARN] DbFile:41 - Overriding database path with different value: C:\Users\Minh\.stmcufinder\plugins\mcufinder/ => C:\Users\Minh\.stmcufinder\plugins\mcufinder
2024-04-06 12:47:56,985 [INFO] ApiDb:250 - Set database path to: C:\Users\Minh\.stmcufinder\plugins\mcufinder//mcu/
2024-04-06 12:47:56,985 [WARN] DbFile:41 - Overriding database path with different value: C:\Users\Minh\.stmcufinder\plugins\mcufinder/ => C:\Users\Minh\.stmcufinder\plugins\mcufinder
2024-04-06 12:47:56,985 [INFO] DbMcusAds:125 - Set database path to: C:\Users\Minh\.stmcufinder\plugins\mcufinder//mcu/
2024-04-06 12:47:56,985 [WARN] DbFile:41 - Overriding database path with different value: C:\Users\Minh\.stmcufinder\plugins\mcufinder/ => C:\Users\Minh\.stmcufinder\plugins\mcufinder
2024-04-06 12:47:56,985 [WARN] DbFile:41 - Overriding database path with different value: C:\Users\Minh\.stmcufinder\plugins\mcufinder/ => C:\Users\Minh\.stmcufinder\plugins\mcufinder
2024-04-06 12:47:56,985 [INFO] CrossReferenceDbSqlite:203 - Set database path to: C:\Users\Minh\.stmcufinder\plugins\mcufinder//mcu/cs/
2024-04-06 12:47:57,020 [INFO] ApplicationProperties:184 - Using Application install path: C:\ST\STM32CubeIDE_1.4.0\STM32CubeIDE\plugins\com.st.stm32cube.common.mx_6.9.1.202307191849
2024-04-06 12:47:57,025 [INFO] PluginManage:196 - Search for loadable plugins [exclusion list=, ]
2024-04-06 12:47:57,028 [INFO] PluginManage:310 - Check plugin analytics
2024-04-06 12:47:57,491 [INFO] AnalyticsPlugin:253 - Accepted Software Licenses: STM32CubeMX.6.0.0,STM32CubeMX.5.2.0
2024-04-06 12:47:57,492 [INFO] AnalyticsPlugin:255 - Accepted CMSIS Pack Licenses: 
2024-04-06 12:47:57,492 [INFO] AnalyticsPlugin:257 - Accepted Firmware Licenses: 
2024-04-06 12:47:57,495 [ERROR] ConfigurationRetriever:142 - IOException on connection: sw-center.st.com
2024-04-06 12:47:57,496 [ERROR] ConfigurationRetriever:142 - IOException on connection: sw-center.st.com
2024-04-06 12:47:57,497 [INFO] PluginManage:359 - Loaded plugin analytics (category:tool,tabindex:-1)
2024-04-06 12:47:57,497 [ERROR] ConfigurationRetriever:142 - IOException on connection: sw-center.st.com
2024-04-06 12:47:57,498 [INFO] PluginManage:310 - Check plugin cadmodel
2024-04-06 12:47:57,523 [INFO] CADModel:105 - Init CAD model plugin
2024-04-06 12:47:57,523 [INFO] PluginManage:359 - Loaded plugin cadmodel (category:power,tabindex:5)
2024-04-06 12:47:57,523 [INFO] PluginManage:310 - Check plugin clock
2024-04-06 12:47:57,558 [INFO] PluginManage:359 - Loaded plugin clock (category:base,tabindex:2)
2024-04-06 12:47:57,558 [INFO] PluginManage:310 - Check plugin ddr
2024-04-06 12:47:57,561 [INFO] PluginManage:359 - Loaded plugin ddr (category:tool,tabindex:6)
2024-04-06 12:47:57,562 [INFO] PluginManage:310 - Check plugin filemanager
2024-04-06 12:47:57,885 [INFO] PluginManage:359 - Loaded plugin filemanager (category:base,tabindex:10)
2024-04-06 12:47:57,886 [INFO] PluginManage:310 - Check plugin ipmanager
2024-04-06 12:47:57,907 [INFO] PluginManage:359 - Loaded plugin ipmanager (category:base,tabindex:5)
2024-04-06 12:47:57,908 [INFO] PluginManage:310 - Check plugin lpbam
2024-04-06 12:47:57,958 [INFO] PluginManage:359 - Loaded plugin lpbam (category:base,tabindex:0)
2024-04-06 12:47:57,959 [INFO] PluginManage:310 - Check plugin memorymap
2024-04-06 12:47:58,028 [INFO] PluginManage:359 - Loaded plugin memorymap (category:base,tabindex:4)
2024-04-06 12:47:58,028 [INFO] PluginManage:310 - Check plugin pinoutandconfiguration
2024-04-06 12:47:58,086 [INFO] PluginManage:359 - Loaded plugin pinoutandconfiguration (category:base,tabindex:1)
2024-04-06 12:47:58,086 [INFO] PluginManage:310 - Check plugin pinoutconfig
2024-04-06 12:47:58,405 [WARN] SupportedApi:132 - Cannot load RTOS API schema: s4s-elt-must-match.1: The content of 'definitions' must match (annotation?, (simpleType | complexType)?, (unique | key | keyref)*)). A problem was found starting at: attribute.
2024-04-06 12:47:58,700 [INFO] PluginManage:359 - Loaded plugin pinoutconfig (category:base,tabindex:0)
2024-04-06 12:47:58,701 [INFO] PluginManage:310 - Check plugin power
2024-04-06 12:47:58,749 [INFO] PluginManage:359 - Loaded plugin power (category:power,tabindex:4)
2024-04-06 12:47:58,749 [INFO] PluginManage:310 - Check plugin projectmanager
2024-04-06 12:47:58,778 [INFO] PluginManage:359 - Loaded plugin projectmanager (category:projectmanager,tabindex:3)
2024-04-06 12:47:58,779 [INFO] PluginManage:310 - Check plugin thirdparty
2024-04-06 12:47:59,391 [WARN] IntegrityCheckThread:84 - waiting for thirdparty lock release [integrity check]
2024-04-06 12:47:59,391 [INFO] PluginManage:359 - Loaded plugin thirdparty (category:base,tabindex:-1)
2024-04-06 12:47:59,392 [INFO] IntegrityCheckThread:86 - entering critical section [integrity check]
2024-04-06 12:47:59,392 [INFO] PluginManage:310 - Check plugin tools
2024-04-06 12:47:59,392 [INFO] ThirdPartyUpdaterWithRetryManager:70 - Updater plugin not ready yet. [1/15]
2024-04-06 12:47:59,499 [INFO] PluginManage:359 - Loaded plugin tools (category:base,tabindex:7)
2024-04-06 12:47:59,499 [INFO] PluginManage:310 - Check plugin tutovideos
2024-04-06 12:47:59,913 [INFO] PluginManage:359 - Loaded plugin tutovideos (category:base,tabindex:-1)
2024-04-06 12:47:59,914 [INFO] PluginManage:310 - Check plugin updater
2024-04-06 12:47:59,947 [INFO] PluginManage:359 - Loaded plugin updater (category:base,tabindex:12)
2024-04-06 12:47:59,948 [INFO] PluginManage:310 - Check plugin userauth
2024-04-06 12:47:59,957 [INFO] UserAuth:113 - Init User Auth plugin
2024-04-06 12:47:59,957 [INFO] PluginManage:359 - Loaded plugin userauth (category:base,tabindex:14)
2024-04-06 12:47:59,958 [INFO] PluginManage:283 - PluginManage : Loaded plugins [17]
2024-04-06 12:48:00,521 [INFO] PinOutPanel:1499 - setPackage(No Configuration,No Configuration)
2024-04-06 12:48:00,781 [INFO] CADModel:165 - CPN selected for project level
2024-04-06 12:48:00,782 [INFO] CADModel:114 - Register for checkConnection events
2024-04-06 12:48:00,846 [INFO] IPUIPlugin:80 - create IPUIPlugin
2024-04-06 12:48:00,847 [INFO] PluginManager:220 - loadIPPluginJar : add adc
2024-04-06 12:48:00,939 [INFO] IPUIPlugin:80 - create IPUIPlugin
2024-04-06 12:48:00,939 [INFO] PluginManager:220 - loadIPPluginJar : add aes
2024-04-06 12:48:01,009 [INFO] IPUIPlugin:80 - create IPUIPlugin
2024-04-06 12:48:01,009 [INFO] PluginManager:220 - loadIPPluginJar : add can
2024-04-06 12:48:01,057 [INFO] IPUIPlugin:80 - create IPUIPlugin
2024-04-06 12:48:01,058 [INFO] PluginManager:220 - loadIPPluginJar : add comp
2024-04-06 12:48:01,127 [INFO] IPUIPlugin:80 - create IPUIPlugin
2024-04-06 12:48:01,127 [INFO] PluginManager:220 - loadIPPluginJar : add cryp
2024-04-06 12:48:01,181 [INFO] IPUIPlugin:80 - create IPUIPlugin
2024-04-06 12:48:01,181 [INFO] PluginManager:220 - loadIPPluginJar : add dfsdm
2024-04-06 12:48:01,213 [INFO] IPUIPlugin:80 - create IPUIPlugin
2024-04-06 12:48:01,217 [INFO] PluginManager:220 - loadIPPluginJar : add dma
2024-04-06 12:48:01,299 [INFO] IPUIPlugin:80 - create IPUIPlugin
2024-04-06 12:48:01,314 [INFO] PluginManager:220 - loadIPPluginJar : add dma3
2024-04-06 12:48:01,354 [INFO] IPUIPlugin:80 - create IPUIPlugin
2024-04-06 12:48:01,354 [INFO] PluginManager:220 - loadIPPluginJar : add fatfs
2024-04-06 12:48:01,455 [INFO] IPUIPlugin:80 - create IPUIPlugin
2024-04-06 12:48:01,455 [INFO] PluginManager:220 - loadIPPluginJar : add fmc
2024-04-06 12:48:01,487 [INFO] IPUIPlugin:80 - create IPUIPlugin
2024-04-06 12:48:01,487 [INFO] PluginManager:220 - loadIPPluginJar : add freertos
2024-04-06 12:48:01,527 [INFO] IPUIPlugin:80 - create IPUIPlugin
2024-04-06 12:48:01,527 [INFO] PluginManager:220 - loadIPPluginJar : add genericplugin
2024-04-06 12:48:01,721 [INFO] IPUIPlugin:80 - create IPUIPlugin
2024-04-06 12:48:01,721 [INFO] PluginManager:220 - loadIPPluginJar : add gfxmmu
2024-04-06 12:48:01,957 [INFO] IPUIPlugin:80 - create IPUIPlugin
2024-04-06 12:48:01,957 [INFO] PluginManager:220 - loadIPPluginJar : add gic
2024-04-06 12:48:01,990 [INFO] IPUIPlugin:80 - create IPUIPlugin
2024-04-06 12:48:01,990 [INFO] PluginManager:220 - loadIPPluginJar : add gpio
2024-04-06 12:48:02,160 [INFO] IPUIPlugin:80 - create IPUIPlugin
2024-04-06 12:48:02,160 [INFO] PluginManager:220 - loadIPPluginJar : add gtzc
2024-04-06 12:48:02,242 [INFO] IPUIPlugin:80 - create IPUIPlugin
2024-04-06 12:48:02,242 [INFO] PluginManager:220 - loadIPPluginJar : add hash
2024-04-06 12:48:02,336 [INFO] IPUIPlugin:80 - create IPUIPlugin
2024-04-06 12:48:02,337 [INFO] PluginManager:220 - loadIPPluginJar : add i2c
2024-04-06 12:48:02,398 [INFO] ThirdPartyUpdaterWithRetryManager:70 - Updater plugin not ready yet. [2/15]
2024-04-06 12:48:02,416 [INFO] IPUIPlugin:80 - create IPUIPlugin
2024-04-06 12:48:02,416 [INFO] PluginManager:220 - loadIPPluginJar : add i2s
2024-04-06 12:48:02,503 [INFO] IPUIPlugin:80 - create IPUIPlugin
2024-04-06 12:48:02,503 [INFO] PluginManager:220 - loadIPPluginJar : add i3c
2024-04-06 12:48:02,731 [INFO] IPUIPlugin:80 - create IPUIPlugin
2024-04-06 12:48:02,731 [INFO] PluginManager:220 - loadIPPluginJar : add ipddr
2024-04-06 12:48:02,922 [INFO] IPUIPlugin:80 - create IPUIPlugin
2024-04-06 12:48:02,922 [INFO] PluginManager:220 - loadIPPluginJar : add linkedlist
2024-04-06 12:48:03,004 [INFO] IPUIPlugin:80 - create IPUIPlugin
2024-04-06 12:48:03,004 [INFO] PluginManager:220 - loadIPPluginJar : add lorawan
2024-04-06 12:48:03,105 [INFO] IPUIPlugin:80 - create IPUIPlugin
2024-04-06 12:48:03,105 [INFO] PluginManager:220 - loadIPPluginJar : add ltdc
2024-04-06 12:48:03,142 [INFO] IPUIPlugin:80 - create IPUIPlugin
2024-04-06 12:48:03,151 [INFO] PluginManager:220 - loadIPPluginJar : add mdma
2024-04-06 12:48:03,185 [INFO] IPUIPlugin:80 - create IPUIPlugin
2024-04-06 12:48:03,185 [INFO] PluginManager:220 - loadIPPluginJar : add nvic
2024-04-06 12:48:03,273 [INFO] IPUIPlugin:80 - create IPUIPlugin
2024-04-06 12:48:03,273 [INFO] PluginManager:220 - loadIPPluginJar : add opamp
2024-04-06 12:48:03,387 [INFO] IPUIPlugin:80 - create IPUIPlugin
2024-04-06 12:48:03,387 [INFO] PluginManager:220 - loadIPPluginJar : add openamp
2024-04-06 12:48:03,519 [INFO] IPUIPlugin:80 - create IPUIPlugin
2024-04-06 12:48:03,519 [INFO] PluginManager:220 - loadIPPluginJar : add pdm2pcm
2024-04-06 12:48:03,551 [INFO] IPUIPlugin:80 - create IPUIPlugin
2024-04-06 12:48:03,551 [INFO] PluginManager:220 - loadIPPluginJar : add plateformsettings
2024-04-06 12:48:03,619 [INFO] IPUIPlugin:80 - create IPUIPlugin
2024-04-06 12:48:03,619 [INFO] PluginManager:220 - loadIPPluginJar : add quadspi
2024-04-06 12:48:03,653 [INFO] IPUIPlugin:80 - create IPUIPlugin
2024-04-06 12:48:03,653 [INFO] PluginManager:220 - loadIPPluginJar : add resmgrutility
2024-04-06 12:48:03,764 [INFO] IPUIPlugin:80 - create IPUIPlugin
2024-04-06 12:48:03,764 [INFO] PluginManager:220 - loadIPPluginJar : add sai
2024-04-06 12:48:03,870 [INFO] IPUIPlugin:80 - create IPUIPlugin
2024-04-06 12:48:03,870 [INFO] PluginManager:220 - loadIPPluginJar : add spi
2024-04-06 12:48:03,984 [INFO] IPUIPlugin:80 - create IPUIPlugin
2024-04-06 12:48:03,984 [INFO] PluginManager:220 - loadIPPluginJar : add stm32_wpan
2024-04-06 12:48:04,029 [INFO] IPUIPlugin:80 - create IPUIPlugin
2024-04-06 12:48:04,029 [INFO] PluginManager:220 - loadIPPluginJar : add tim
2024-04-06 12:48:04,123 [INFO] IPUIPlugin:80 - create IPUIPlugin
2024-04-06 12:48:04,123 [INFO] PluginManager:220 - loadIPPluginJar : add touchsensing
2024-04-06 12:48:04,161 [INFO] IPUIPlugin:80 - create IPUIPlugin
2024-04-06 12:48:04,161 [INFO] PluginManager:220 - loadIPPluginJar : add tracer_emb
2024-04-06 12:48:04,197 [INFO] IPUIPlugin:80 - create IPUIPlugin
2024-04-06 12:48:04,197 [INFO] PluginManager:220 - loadIPPluginJar : add ts
2024-04-06 12:48:04,239 [INFO] IPUIPlugin:80 - create IPUIPlugin
2024-04-06 12:48:04,239 [INFO] PluginManager:220 - loadIPPluginJar : add tsc
2024-04-06 12:48:04,276 [INFO] IPUIPlugin:80 - create IPUIPlugin
2024-04-06 12:48:04,276 [INFO] PluginManager:220 - loadIPPluginJar : add ucpd
2024-04-06 12:48:04,343 [INFO] IPUIPlugin:80 - create IPUIPlugin
2024-04-06 12:48:04,343 [INFO] PluginManager:220 - loadIPPluginJar : add usart
2024-04-06 12:48:04,395 [INFO] IPUIPlugin:80 - create IPUIPlugin
2024-04-06 12:48:04,410 [INFO] PluginManager:220 - loadIPPluginJar : add usbx
2024-04-06 12:48:04,599 [INFO] CADModel:165 - CPN selected for project level
2024-04-06 12:48:04,599 [INFO] CADModel:114 - Register for checkConnection events
2024-04-06 12:48:04,600 [FATAL] Updater:308 - Updater called before beeing initialized
2024-04-06 12:48:04,600 [ERROR] CADModel:125 - Updater not yet initialized, retry later 
2024-04-06 12:48:04,909 [INFO] CADModel:165 - CPN selected for project level
2024-04-06 12:48:04,910 [INFO] CADModel:114 - Register for checkConnection events
2024-04-06 12:48:04,910 [FATAL] Updater:308 - Updater called before beeing initialized
2024-04-06 12:48:04,910 [ERROR] CADModel:125 - Updater not yet initialized, retry later 
2024-04-06 12:48:04,914 [FATAL] Updater:308 - Updater called before beeing initialized
2024-04-06 12:48:05,118 [FATAL] Updater:308 - Updater called before beeing initialized
2024-04-06 12:48:05,130 [INFO] DbMcusAds:53 - JSON generation date=Wed Nov 29 19:52:27 JST 2023 (1701255147200)
2024-04-06 12:48:05,131 [FATAL] Updater:308 - Updater called before beeing initialized
2024-04-06 12:48:05,314 [WARN] DetailPanel:346 - Failed to get advertising image, set to default
2024-04-06 12:48:05,420 [INFO] ThirdPartyUpdaterWithRetryManager:70 - Updater plugin not ready yet. [3/15]
2024-04-06 12:48:05,516 [FATAL] Updater:308 - Updater called before beeing initialized
2024-04-06 12:48:05,520 [FATAL] Updater:308 - Updater called before beeing initialized
2024-04-06 12:48:05,521 [FATAL] Updater:308 - Updater called before beeing initialized
2024-04-06 12:48:05,521 [WARN] DetailPanel:346 - Failed to get advertising image, set to default
2024-04-06 12:48:05,521 [FATAL] Updater:308 - Updater called before beeing initialized
2024-04-06 12:48:05,623 [ERROR] Updater:1120 - MainUpdater not yet initialized. External WinMGr cannot be set.
2024-04-06 12:48:05,644 [INFO] Updater:1056 - Updater Version found : 6.9.1
2024-04-06 12:48:05,677 [INFO] ApplicationProperties:184 - Using Application install path: C:\ST\STM32CubeIDE_1.4.0\STM32CubeIDE\plugins\com.st.stm32cube.common.mx_6.9.1.202307191849
2024-04-06 12:48:05,891 [ERROR] ServerAccessManage:1146 - Warning during Server Connection :  Unknown host sw-center.st.com
2024-04-06 12:48:05,896 [INFO] MainUpdater:2868 - connection check result : 22
2024-04-06 12:48:05,898 [INFO] MainUpdater:285 - Updater Check For Update Now.
2024-04-06 12:48:05,898 [INFO] MicroXplorer:498 - Change Database Version : DB.6.0.91
2024-04-06 12:48:05,929 [INFO] McuFinderGlobals:63 - Set McuFinder mode to 2 (CubeIDE integrated)
2024-04-06 12:48:05,930 [INFO] UserAuth:179 - activating auth plugin
2024-04-06 12:48:05,934 [INFO] UserAuth:393 - Internet connection configuration mode: 2
2024-04-06 12:48:06,151 [INFO] CheckServerUpdateThread:120 - End of CheckServer Thread
2024-04-06 12:48:08,845 [WARN] PackLoader:240 - Cannot read IP mode file for STMicroelectronics.X-CUBE-SMBUS.2.1.0
2024-04-06 12:48:08,866 [WARN] PackLoader:240 - Cannot read IP mode file for STMicroelectronics.X-CUBE-TOUCHGFX.4.23.0
2024-04-06 12:48:08,922 [WARN] PackLoader:240 - Cannot read IP mode file for STMicroelectronics.X-CUBE-AZRTOS-F7.1.1.0
2024-04-06 12:48:08,937 [ERROR] RealEvaluatedCondition:428 - Found unsupported composite condition: GROUP='STM32_MetaDataManager' CLASS='Data Exchange'
2024-04-06 12:48:08,937 [ERROR] RealEvaluatedCondition:428 - Found unsupported composite condition: CLASS='Data Exchange' GROUP='STM32_MetaDataManager'
2024-04-06 12:48:08,939 [WARN] PackLoader:240 - Cannot read IP mode file for STMicroelectronics.FP-SNS-MOTENV1.4.3.0
2024-04-06 12:48:08,951 [WARN] PackLoader:240 - Cannot read IP mode file for STMicroelectronics.FP-SNS-MOTENV1.4.3.2
2024-04-06 12:48:08,962 [WARN] PackLoader:240 - Cannot read IP mode file for STMicroelectronics.FP-SNS-FLIGHT1.5.0.0
2024-04-06 12:48:08,970 [ERROR] RealEvaluatedCondition:428 - Found unsupported composite condition: GROUP='STM32_MetaDataManager' CLASS='Data Exchange'
2024-04-06 12:48:08,971 [ERROR] RealEvaluatedCondition:428 - Found unsupported composite condition: GROUP='STM32_MetaDataManager' CLASS='Data Exchange'
2024-04-06 12:48:08,973 [WARN] PackLoader:240 - Cannot read IP mode file for STMicroelectronics.FP-SNS-MOTENV1.4.3.1
2024-04-06 12:48:08,982 [WARN] PackLoader:240 - Cannot read IP mode file for STMicroelectronics.FP-SNS-FLIGHT1.5.0.1
2024-04-06 12:48:08,997 [WARN] PackLoader:240 - Cannot read IP mode file for STMicroelectronics.X-CUBE-BLE1.6.2.4
2024-04-06 12:48:09,004 [WARN] PackLoader:240 - Cannot read IP mode file for STMicroelectronics.FP-SNS-FLIGHT1.5.0.2
2024-04-06 12:48:09,021 [WARN] PackLoader:240 - Cannot read IP mode file for STMicroelectronics.X-CUBE-DISPLAY.3.0.0
2024-04-06 12:48:09,038 [WARN] PackLoader:240 - Cannot read IP mode file for STMicroelectronics.X-CUBE-BLE1.7.0.0
2024-04-06 12:48:09,049 [WARN] PackLoader:240 - Cannot read IP mode file for STMicroelectronics.X-CUBE-TOUCHGFX.4.22.0
2024-04-06 12:48:09,055 [WARN] PackLoader:240 - Cannot read IP mode file for STMicroelectronics.X-CUBE-TOUCHGFX.4.22.1
2024-04-06 12:48:09,063 [WARN] PackLoader:240 - Cannot read IP mode file for STMicroelectronics.FP-SNS-SMARTAG2.1.2.0
2024-04-06 12:48:09,087 [INFO] LogOutputStream:77 - [STDOUT_REDIRECT] 1 : Invalid condition id : UX_CORESTACK_Condition cause : null
2024-04-06 12:48:09,088 [INFO] LogOutputStream:77 - [STDOUT_REDIRECT] 1 : Invalid condition id : UX_CORESTACK_Condition cause : null
2024-04-06 12:48:09,091 [INFO] LogOutputStream:77 - [STDOUT_REDIRECT] 1 : Invalid condition id : UX_CORESTACK_Condition cause : null
2024-04-06 12:48:09,094 [INFO] LogOutputStream:77 - [STDOUT_REDIRECT] 1 : Invalid condition id : UX_CORESTACK_Condition cause : null
2024-04-06 12:48:09,097 [INFO] LogOutputStream:77 - [STDOUT_REDIRECT] 1 : Invalid condition id : UX_CORESTACK_Condition cause : null
2024-04-06 12:48:09,102 [WARN] PackLoader:240 - Cannot read IP mode file for STMicroelectronics.X-CUBE-AZRTOS-WL.2.0.0
2024-04-06 12:48:09,120 [WARN] PackLoader:240 - Cannot read IP mode file for WES.I-CUBE-Cesium.1.3.0
2024-04-06 12:48:09,127 [WARN] PackLoader:240 - Cannot read IP mode file for STMicroelectronics.X-CUBE-BLE2.3.3.0
2024-04-06 12:48:09,148 [WARN] PackLoader:240 - Cannot read IP mode file for STMicroelectronics.X-CUBE-TOF1.3.2.0
2024-04-06 12:48:09,162 [WARN] PackLoader:240 - Cannot read IP mode file for STMicroelectronics.X-CUBE-TOUCHGFX.4.21.1
2024-04-06 12:48:09,167 [WARN] PackLoader:240 - Cannot read IP mode file for STMicroelectronics.X-CUBE-TOUCHGFX.4.21.3
2024-04-06 12:48:09,171 [WARN] PackLoader:240 - Cannot read IP mode file for STMicroelectronics.X-CUBE-TOUCHGFX.4.21.4
2024-04-06 12:48:09,179 [WARN] PackLoader:240 - Cannot read IP mode file for STMicroelectronics.X-CUBE-ALGOBUILD.1.3.0
2024-04-06 12:48:09,202 [WARN] PackLoader:240 - Cannot read IP mode file for STMicroelectronics.X-CUBE-AZRTOS-G0.1.1.0
2024-04-06 12:48:09,213 [WARN] PackLoader:240 - Cannot read IP mode file for STMicroelectronics.X-CUBE-NFC4.3.0.0
2024-04-06 12:48:09,228 [WARN] PackLoader:240 - Cannot read IP mode file for STMicroelectronics.X-CUBE-BLEMGR.3.0.0
2024-04-06 12:48:09,238 [WARN] PackLoader:240 - Cannot read IP mode file for STMicroelectronics.FP-ATR-SIGFOX1.3.2.0
2024-04-06 12:48:09,249 [WARN] PackLoader:240 - Cannot read IP mode file for STMicroelectronics.X-CUBE-EEPRMA1.5.1.0
2024-04-06 12:48:09,318 [WARN] PackLoader:240 - Cannot read IP mode file for STMicroelectronics.X-CUBE-MEMS1.9.5.0
2024-04-06 12:48:09,563 [WARN] PackLoader:240 - Cannot read IP mode file for SEGGER.I-CUBE-embOS.1.3.1
2024-04-06 12:48:09,637 [WARN] PackLoader:240 - Cannot read IP mode file for STMicroelectronics.X-CUBE-GNSS1.6.0.0
2024-04-06 12:48:09,665 [WARN] PackLoader:240 - Cannot read IP mode file for STMicroelectronics.X-CUBE-AZRTOS-F4.1.1.0
2024-04-06 12:48:09,698 [WARN] PackLoader:240 - Cannot read IP mode file for STMicroelectronics.X-CUBE-AZRTOS-L5.2.0.0
2024-04-06 12:48:09,770 [WARN] PackLoader:240 - Cannot read IP mode file for STMicroelectronics.X-CUBE-MEMS1.9.6.0
2024-04-06 12:48:10,039 [WARN] PackLoader:240 - Cannot read IP mode file for STMicroelectronics.X-CUBE-EEPRMA1.4.2.0
2024-04-06 12:48:10,050 [WARN] PackLoader:240 - Cannot read IP mode file for ITTIA_DB.I-CUBE-ITTIADB.8.8.0
2024-04-06 12:48:10,063 [WARN] PackLoader:240 - Cannot read IP mode file for emotas.I-CUBE-CANOPEN.1.1.3
2024-04-06 12:48:10,076 [WARN] PackLoader:240 - Cannot read IP mode file for STMicroelectronics.X-CUBE-BLEMGR.2.0.0
2024-04-06 12:48:10,100 [WARN] ConditionMgr:438 - getConditionDescription Invalid condition id : UX DEVICE CLASS RTOS Condition cause : null
2024-04-06 12:48:10,101 [WARN] ConditionMgr:438 - getConditionDescription Invalid condition id : UX DEVICE CLASS RTOS Condition cause : null
2024-04-06 12:48:10,105 [WARN] PackLoader:240 - Cannot read IP mode file for STMicroelectronics.X-CUBE-AZRTOS-H7.3.1.0
2024-04-06 12:48:10,106 [WARN] ConditionMgr:1039 - genDependencies : Invalid condition id : UX DEVICE CLASS RTOS Condition cause : null
2024-04-06 12:48:10,106 [WARN] ConditionMgr:1039 - genDependencies : Invalid condition id : UX DEVICE CLASS RTOS Condition cause : null
2024-04-06 12:48:10,108 [WARN] ConditionMgr:1039 - genDependencies : Invalid condition id : UX DEVICE CLASS RTOS Condition cause : null
2024-04-06 12:48:10,108 [WARN] ConditionMgr:1039 - genDependencies : Invalid condition id : UX DEVICE CLASS RTOS Condition cause : null
2024-04-06 12:48:10,108 [WARN] ConditionMgr:1039 - genDependencies : Invalid condition id : UX DEVICE CLASS RTOS Condition cause : null
2024-04-06 12:48:10,117 [WARN] PackLoader:240 - Cannot read IP mode file for wolfSSL.I-CUBE-wolfSSL.5.5.4
2024-04-06 12:48:10,124 [WARN] PackLoader:240 - Cannot read IP mode file for STMicroelectronics.X-CUBE-NFC7.1.0.1
2024-04-06 12:48:10,131 [WARN] PackLoader:240 - Cannot read IP mode file for STMicroelectronics.X-CUBE-NFC7.1.0.0
2024-04-06 12:48:10,143 [WARN] PackLoader:240 - Cannot read IP mode file for STMicroelectronics.X-CUBE-NFC6.3.0.0
2024-04-06 12:48:10,151 [WARN] PackLoader:240 - Cannot read IP mode file for STMicroelectronics.X-CUBE-EEPRMA1.4.1.0
2024-04-06 12:48:10,161 [WARN] PackLoader:240 - Cannot read IP mode file for STMicroelectronics.X-CUBE-AI.8.1.0
2024-04-06 12:48:10,195 [WARN] ConditionMgr:438 - getConditionDescription Invalid condition id : LAN8742 Phy interface Condition cause : null
2024-04-06 12:48:10,196 [WARN] PackLoader:240 - Cannot read IP mode file for STMicroelectronics.X-CUBE-AZRTOS-L4.2.0.0
2024-04-06 12:48:10,199 [WARN] ConditionMgr:1039 - genDependencies : Invalid condition id : LAN8742 Phy interface Condition cause : null
2024-04-06 12:48:10,199 [WARN] ConditionMgr:1039 - genDependencies : Invalid condition id : LAN8742 Phy interface Condition cause : null
2024-04-06 12:48:10,200 [WARN] ConditionMgr:1039 - genDependencies : Invalid condition id : LAN8742 Phy interface Condition cause : null
2024-04-06 12:48:10,214 [WARN] PackLoader:240 - Cannot read IP mode file for STMicroelectronics.X-CUBE-SFXS2LP1.4.0.0
2024-04-06 12:48:10,249 [WARN] PackLoader:240 - Cannot read IP mode file for STMicroelectronics.X-CUBE-AZRTOS-H7.3.0.0
2024-04-06 12:48:10,260 [WARN] PackLoader:240 - Cannot read IP mode file for STMicroelectronics.X-CUBE-ISPU.1.1.0
2024-04-06 12:48:10,274 [WARN] PackLoader:240 - Cannot read IP mode file for RoweBots.I-CUBE-UNISONRTOS.5.5.0-4
2024-04-06 12:48:10,280 [WARN] PackLoader:240 - Cannot read IP mode file for STMicroelectronics.X-CUBE-AI.8.0.0
2024-04-06 12:48:10,308 [WARN] ConditionMgr:438 - getConditionDescription Invalid condition id : UX DEVICE CLASS RTOS Condition cause : null
2024-04-06 12:48:10,308 [WARN] ConditionMgr:438 - getConditionDescription Invalid condition id : UX DEVICE CLASS RTOS Condition cause : null
2024-04-06 12:48:10,313 [WARN] PackLoader:240 - Cannot read IP mode file for STMicroelectronics.X-CUBE-AZRTOS-WB.2.0.0
2024-04-06 12:48:10,313 [WARN] ConditionMgr:1039 - genDependencies : Invalid condition id : UX DEVICE CLASS RTOS Condition cause : null
2024-04-06 12:48:10,313 [WARN] ConditionMgr:1039 - genDependencies : Invalid condition id : UX DEVICE CLASS RTOS Condition cause : null
2024-04-06 12:48:10,314 [WARN] ConditionMgr:1039 - genDependencies : Invalid condition id : UX DEVICE CLASS RTOS Condition cause : null
2024-04-06 12:48:10,314 [WARN] ConditionMgr:1039 - genDependencies : Invalid condition id : UX DEVICE CLASS RTOS Condition cause : null
2024-04-06 12:48:10,314 [WARN] ConditionMgr:1039 - genDependencies : Invalid condition id : UX DEVICE CLASS RTOS Condition cause : null
2024-04-06 12:48:10,322 [WARN] PackLoader:240 - Cannot read IP mode file for STMicroelectronics.X-CUBE-FREERTOS.1.0.0
2024-04-06 12:48:10,328 [WARN] PackLoader:240 - Cannot read IP mode file for STMicroelectronics.X-CUBE-FREERTOS.1.0.1
2024-04-06 12:48:10,347 [WARN] PackLoader:240 - Cannot read IP mode file for STMicroelectronics.X-CUBE-AZRTOS-L5.1.1.0
2024-04-06 12:48:10,354 [WARN] PackLoader:240 - Cannot read IP mode file for STMicroelectronics.X-CUBE-AI.8.0.1
2024-04-06 12:48:10,370 [WARN] PackLoader:240 - Cannot read IP mode file for STMicroelectronics.X-CUBE-SUBG2.5.0.0
2024-04-06 12:48:10,390 [WARN] PackLoader:240 - Cannot read IP mode file for STMicroelectronics.X-CUBE-TOF1.3.3.1
2024-04-06 12:48:10,417 [WARN] PackLoader:240 - Cannot read IP mode file for STMicroelectronics.X-CUBE-AZRTOS-G4.2.0.0
2024-04-06 12:48:10,433 [WARN] PackLoader:240 - Cannot read IP mode file for STMicroelectronics.X-CUBE-TOF1.3.3.0
2024-04-06 12:48:10,447 [WARN] PackLoader:240 - Cannot read IP mode file for STMicroelectronics.FP-ATR-ASTRA1.1.1.1
2024-04-06 12:48:10,468 [WARN] PackLoader:240 - Cannot read IP mode file for Infineon.AIROC-Wi-Fi-Bluetooth-STM32.1.5.1
2024-04-06 12:48:10,477 [WARN] PackLoader:240 - Cannot read IP mode file for STMicroelectronics.FP-SNS-MOTENVWB1.1.3.0
2024-04-06 12:48:10,483 [WARN] PackLoader:240 - Cannot read IP mode file for STMicroelectronics.FP-SNS-MOTENVWB1.1.3.1
2024-04-06 12:48:10,502 [WARN] PackLoader:240 - Cannot read IP mode file for STMicroelectronics.X-CUBE-AZRTOS-G4.1.0.0
2024-04-06 12:48:10,522 [WARN] PackLoader:240 - Cannot read IP mode file for STMicroelectronics.X-CUBE-AZRTOS-L4.1.0.0
2024-04-06 12:48:10,530 [WARN] PackLoader:240 - Cannot read IP mode file for STMicroelectronics.X-CUBE-ISPU.2.0.0
2024-04-06 12:48:10,575 [WARN] PackLoader:240 - Cannot read IP mode file for STMicroelectronics.X-CUBE-MEMS1.10.0.0
2024-04-06 12:48:10,850 [WARN] PackLoader:240 - Cannot read IP mode file for STMicroelectronics.X-CUBE-FREERTOS.1.1.0
2024-04-06 12:48:10,868 [WARN] PackLoader:240 - Cannot read IP mode file for STMicroelectronics.X-CUBE-AZRTOS-WL.1.0.0
2024-04-06 12:48:10,881 [WARN] PackLoader:240 - Cannot read IP mode file for portGmbH.I-Cube-SoM-uGOAL.1.1.0
2024-04-06 12:48:10,888 [WARN] PackLoader:240 - Cannot read IP mode file for STMicroelectronics.X-CUBE-ALS.1.0.1
2024-04-06 12:48:10,910 [WARN] PackLoader:240 - Cannot read IP mode file for STMicroelectronics.X-CUBE-AZRTOS-WB.1.1.0
2024-04-06 12:48:10,918 [WARN] PackLoader:240 - Cannot read IP mode file for STMicroelectronics.FP-ATR-ASTRA1.2.0.0
2024-04-06 12:48:10,936 [WARN] PackLoader:240 - Cannot read IP mode file for STMicroelectronics.X-CUBE-TOF1.3.4.0
2024-04-06 12:48:10,988 [WARN] PackLoader:240 - Cannot read IP mode file for STMicroelectronics.X-CUBE-AZRTOS-H7.3.2.0
2024-04-06 12:48:10,992 [INFO] ThirdParty:978 - Integrity check success = true
2024-04-06 12:48:10,992 [INFO] IntegrityCheckThread:100 - exiting critical section [integrity check]
2024-04-06 12:48:10,993 [INFO] IntegrityCheckThread:103 - End integrity checks thread
2024-04-06 13:29:56,817 [ERROR] ConfigurationRetriever:142 - IOException on connection: sw-center.st.com
2024-04-06 13:29:56,818 [ERROR] ConfigurationRetriever:142 - IOException on connection: sw-center.st.com
2024-04-06 13:29:56,819 [ERROR] ConfigurationRetriever:142 - IOException on connection: sw-center.st.com
