2024-12-23 16:21:15,862 [INFO] Activator:176 - 


2024-12-23 16:21:15,880 [INFO] Activator:177 - !SESSION log4j initialized
2024-12-23 16:21:34,488 [INFO] LogOutputStream:77 - [STDOUT_REDIRECT] 
2024-12-23 16:21:45,166 [INFO] ApplicationProperties:184 - Using Application install path: C:\ST\STM32CubeIDE_1.4.0\STM32CubeIDE\plugins\com.st.stm32cube.common.mx_6.9.1.202307191849
2024-12-23 16:21:45,207 [INFO] DbMcusXml:78 - Set database path to: C:\ST\STM32CubeIDE_1.4.0\STM32CubeIDE\plugins\com.st.stm32cube.common.mx_6.9.1.202307191849\\db\/mcu/
2024-12-23 16:21:45,208 [INFO] ApiDb:274 - Set plugin database path to: C:\ST\STM32CubeIDE_1.4.0\STM32CubeIDE\plugins\com.st.stm32cube.common.mx_6.9.1.202307191849\\db\/plugins/boardmanager/
2024-12-23 16:21:45,209 [WARN] ApiDb:259 - Overriding images path with different value:  => C:\ST\STM32CubeIDE_1.4.0\STM32CubeIDE\plugins\com.st.stm32cube.common.mx_6.9.1.202307191849\\db\/plugins/mcufinder/images/
2024-12-23 16:21:45,240 [INFO] ApiDb:250 - Set database path to: C:\Users\Minh\.stmcufinder\plugins\mcufinder//mcu/
2024-12-23 16:21:45,244 [INFO] DbMcusAds:125 - Set database path to: C:\Users\Minh\.stmcufinder\plugins\mcufinder//mcu/
2024-12-23 16:21:45,251 [INFO] CrossReferenceDbSqlite:203 - Set database path to: C:\Users\Minh\.stmcufinder\plugins\mcufinder//mcu/cs/
2024-12-23 16:21:45,587 [INFO] RulesReader:64 - Compatibility file has been processed (293 Rules)
2024-12-23 16:21:45,943 [INFO] DbMcusXml:78 - Set database path to: C:\ST\STM32CubeIDE_1.4.0\STM32CubeIDE\plugins\com.st.stm32cube.common.mx_6.9.1.202307191849\\db\/mcu/
2024-12-23 16:21:45,943 [INFO] ApiDb:274 - Set plugin database path to: C:\ST\STM32CubeIDE_1.4.0\STM32CubeIDE\plugins\com.st.stm32cube.common.mx_6.9.1.202307191849\\db\/plugins/boardmanager/
2024-12-23 16:21:45,944 [INFO] ApiDb:261 - Set plugin images path to: C:\ST\STM32CubeIDE_1.4.0\STM32CubeIDE\plugins\com.st.stm32cube.common.mx_6.9.1.202307191849\\db\/plugins/mcufinder/images/
2024-12-23 16:21:45,944 [WARN] DbFile:41 - Overriding database path with different value: C:\Users\Minh\.stmcufinder\plugins\mcufinder/ => C:\Users\Minh\.stmcufinder\plugins\mcufinder
2024-12-23 16:21:45,945 [INFO] ApiDb:250 - Set database path to: C:\Users\Minh\.stmcufinder\plugins\mcufinder//mcu/
2024-12-23 16:21:45,945 [WARN] DbFile:41 - Overriding database path with different value: C:\Users\Minh\.stmcufinder\plugins\mcufinder/ => C:\Users\Minh\.stmcufinder\plugins\mcufinder
2024-12-23 16:21:45,945 [INFO] DbMcusAds:125 - Set database path to: C:\Users\Minh\.stmcufinder\plugins\mcufinder//mcu/
2024-12-23 16:21:45,946 [WARN] DbFile:41 - Overriding database path with different value: C:\Users\Minh\.stmcufinder\plugins\mcufinder/ => C:\Users\Minh\.stmcufinder\plugins\mcufinder
2024-12-23 16:21:45,946 [WARN] DbFile:41 - Overriding database path with different value: C:\Users\Minh\.stmcufinder\plugins\mcufinder/ => C:\Users\Minh\.stmcufinder\plugins\mcufinder
2024-12-23 16:21:45,964 [INFO] CrossReferenceDbSqlite:203 - Set database path to: C:\Users\Minh\.stmcufinder\plugins\mcufinder//mcu/cs/
2024-12-23 16:21:46,182 [INFO] MainPanel:262 - HeapMemory: 268435456
2024-12-23 16:21:46,381 [INFO] DbMcusXml:78 - Set database path to: C:\ST\STM32CubeIDE_1.4.0\STM32CubeIDE\plugins\com.st.stm32cube.common.mx_6.9.1.202307191849\\db\/mcu/
2024-12-23 16:21:46,381 [INFO] ApiDb:274 - Set plugin database path to: C:\ST\STM32CubeIDE_1.4.0\STM32CubeIDE\plugins\com.st.stm32cube.common.mx_6.9.1.202307191849\\db\/plugins/boardmanager/
2024-12-23 16:21:46,381 [INFO] ApiDb:261 - Set plugin images path to: C:\ST\STM32CubeIDE_1.4.0\STM32CubeIDE\plugins\com.st.stm32cube.common.mx_6.9.1.202307191849\\db\/plugins/mcufinder/images/
2024-12-23 16:21:46,382 [WARN] DbFile:41 - Overriding database path with different value: C:\Users\Minh\.stmcufinder\plugins\mcufinder/ => C:\Users\Minh\.stmcufinder\plugins\mcufinder
2024-12-23 16:21:46,382 [INFO] ApiDb:250 - Set database path to: C:\Users\Minh\.stmcufinder\plugins\mcufinder//mcu/
2024-12-23 16:21:46,382 [WARN] DbFile:41 - Overriding database path with different value: C:\Users\Minh\.stmcufinder\plugins\mcufinder/ => C:\Users\Minh\.stmcufinder\plugins\mcufinder
2024-12-23 16:21:46,383 [INFO] DbMcusAds:125 - Set database path to: C:\Users\Minh\.stmcufinder\plugins\mcufinder//mcu/
2024-12-23 16:21:46,383 [WARN] DbFile:41 - Overriding database path with different value: C:\Users\Minh\.stmcufinder\plugins\mcufinder/ => C:\Users\Minh\.stmcufinder\plugins\mcufinder
2024-12-23 16:21:46,383 [WARN] DbFile:41 - Overriding database path with different value: C:\Users\Minh\.stmcufinder\plugins\mcufinder/ => C:\Users\Minh\.stmcufinder\plugins\mcufinder
2024-12-23 16:21:46,384 [INFO] CrossReferenceDbSqlite:203 - Set database path to: C:\Users\Minh\.stmcufinder\plugins\mcufinder//mcu/cs/
2024-12-23 16:21:46,424 [INFO] ApplicationProperties:184 - Using Application install path: C:\ST\STM32CubeIDE_1.4.0\STM32CubeIDE\plugins\com.st.stm32cube.common.mx_6.9.1.202307191849
2024-12-23 16:21:46,426 [INFO] PluginManage:196 - Search for loadable plugins [exclusion list=, ]
2024-12-23 16:21:46,430 [INFO] PluginManage:310 - Check plugin analytics
2024-12-23 16:21:51,363 [INFO] AnalyticsPlugin:253 - Accepted Software Licenses: STM32CubeMX.6.0.0,STM32CubeMX.5.2.0
2024-12-23 16:21:51,364 [INFO] AnalyticsPlugin:255 - Accepted CMSIS Pack Licenses: 
2024-12-23 16:21:51,364 [INFO] AnalyticsPlugin:257 - Accepted Firmware Licenses: 
2024-12-23 16:21:51,369 [INFO] PluginManage:359 - Loaded plugin analytics (category:tool,tabindex:-1)
2024-12-23 16:21:51,371 [INFO] PluginManage:310 - Check plugin cadmodel
2024-12-23 16:21:51,408 [INFO] CADModel:105 - Init CAD model plugin
2024-12-23 16:21:51,409 [INFO] PluginManage:359 - Loaded plugin cadmodel (category:power,tabindex:5)
2024-12-23 16:21:51,409 [INFO] PluginManage:310 - Check plugin clock
2024-12-23 16:21:51,454 [INFO] PluginManage:359 - Loaded plugin clock (category:base,tabindex:2)
2024-12-23 16:21:51,454 [INFO] PluginManage:310 - Check plugin ddr
2024-12-23 16:21:51,458 [INFO] PluginManage:359 - Loaded plugin ddr (category:tool,tabindex:6)
2024-12-23 16:21:51,459 [INFO] PluginManage:310 - Check plugin filemanager
2024-12-23 16:21:51,743 [INFO] PluginManage:359 - Loaded plugin filemanager (category:base,tabindex:10)
2024-12-23 16:21:51,743 [INFO] PluginManage:310 - Check plugin ipmanager
2024-12-23 16:21:51,756 [INFO] PluginManage:359 - Loaded plugin ipmanager (category:base,tabindex:5)
2024-12-23 16:21:51,757 [INFO] PluginManage:310 - Check plugin lpbam
2024-12-23 16:21:51,791 [INFO] PluginManage:359 - Loaded plugin lpbam (category:base,tabindex:0)
2024-12-23 16:21:51,792 [INFO] PluginManage:310 - Check plugin memorymap
2024-12-23 16:21:51,839 [INFO] PluginManage:359 - Loaded plugin memorymap (category:base,tabindex:4)
2024-12-23 16:21:51,839 [INFO] PluginManage:310 - Check plugin pinoutandconfiguration
2024-12-23 16:21:51,877 [INFO] PluginManage:359 - Loaded plugin pinoutandconfiguration (category:base,tabindex:1)
2024-12-23 16:21:51,878 [INFO] PluginManage:310 - Check plugin pinoutconfig
2024-12-23 16:21:52,094 [WARN] SupportedApi:132 - Cannot load RTOS API schema: s4s-elt-must-match.1: The content of 'definitions' must match (annotation?, (simpleType | complexType)?, (unique | key | keyref)*)). A problem was found starting at: attribute.
2024-12-23 16:21:52,442 [INFO] PluginManage:359 - Loaded plugin pinoutconfig (category:base,tabindex:0)
2024-12-23 16:21:52,442 [INFO] PluginManage:310 - Check plugin power
2024-12-23 16:21:52,492 [INFO] PluginManage:359 - Loaded plugin power (category:power,tabindex:4)
2024-12-23 16:21:52,493 [INFO] PluginManage:310 - Check plugin projectmanager
2024-12-23 16:21:52,529 [INFO] PluginManage:359 - Loaded plugin projectmanager (category:projectmanager,tabindex:3)
2024-12-23 16:21:52,529 [INFO] PluginManage:310 - Check plugin thirdparty
2024-12-23 16:21:53,187 [INFO] PluginManage:359 - Loaded plugin thirdparty (category:base,tabindex:-1)
2024-12-23 16:21:53,188 [INFO] PluginManage:310 - Check plugin tools
2024-12-23 16:21:53,187 [WARN] IntegrityCheckThread:84 - waiting for thirdparty lock release [integrity check]
2024-12-23 16:21:53,188 [INFO] IntegrityCheckThread:86 - entering critical section [integrity check]
2024-12-23 16:21:53,189 [INFO] ThirdPartyUpdaterWithRetryManager:70 - Updater plugin not ready yet. [1/15]
2024-12-23 16:21:53,276 [INFO] PluginManage:359 - Loaded plugin tools (category:base,tabindex:7)
2024-12-23 16:21:53,277 [INFO] PluginManage:310 - Check plugin tutovideos
2024-12-23 16:21:53,749 [INFO] PluginManage:359 - Loaded plugin tutovideos (category:base,tabindex:-1)
2024-12-23 16:21:53,749 [INFO] PluginManage:310 - Check plugin updater
2024-12-23 16:21:53,775 [INFO] PluginManage:359 - Loaded plugin updater (category:base,tabindex:12)
2024-12-23 16:21:53,776 [INFO] PluginManage:310 - Check plugin userauth
2024-12-23 16:21:53,790 [INFO] UserAuth:113 - Init User Auth plugin
2024-12-23 16:21:53,790 [INFO] PluginManage:359 - Loaded plugin userauth (category:base,tabindex:14)
2024-12-23 16:21:53,792 [INFO] PluginManage:283 - PluginManage : Loaded plugins [17]
2024-12-23 16:21:54,326 [INFO] PinOutPanel:1499 - setPackage(No Configuration,No Configuration)
2024-12-23 16:21:54,573 [INFO] CADModel:165 - CPN selected for project level
2024-12-23 16:21:54,574 [INFO] CADModel:114 - Register for checkConnection events
2024-12-23 16:21:54,629 [INFO] IPUIPlugin:80 - create IPUIPlugin
2024-12-23 16:21:54,630 [INFO] PluginManager:220 - loadIPPluginJar : add adc
2024-12-23 16:21:54,716 [INFO] IPUIPlugin:80 - create IPUIPlugin
2024-12-23 16:21:54,717 [INFO] PluginManager:220 - loadIPPluginJar : add aes
2024-12-23 16:21:54,813 [INFO] IPUIPlugin:80 - create IPUIPlugin
2024-12-23 16:21:54,813 [INFO] PluginManager:220 - loadIPPluginJar : add can
2024-12-23 16:21:54,867 [INFO] IPUIPlugin:80 - create IPUIPlugin
2024-12-23 16:21:54,868 [INFO] PluginManager:220 - loadIPPluginJar : add comp
2024-12-23 16:21:54,948 [INFO] IPUIPlugin:80 - create IPUIPlugin
2024-12-23 16:21:54,948 [INFO] PluginManager:220 - loadIPPluginJar : add cryp
2024-12-23 16:21:55,020 [INFO] IPUIPlugin:80 - create IPUIPlugin
2024-12-23 16:21:55,020 [INFO] PluginManager:220 - loadIPPluginJar : add dfsdm
2024-12-23 16:21:55,048 [INFO] IPUIPlugin:80 - create IPUIPlugin
2024-12-23 16:21:55,049 [INFO] PluginManager:220 - loadIPPluginJar : add dma
2024-12-23 16:21:55,154 [INFO] IPUIPlugin:80 - create IPUIPlugin
2024-12-23 16:21:55,154 [INFO] PluginManager:220 - loadIPPluginJar : add dma3
2024-12-23 16:21:55,200 [INFO] IPUIPlugin:80 - create IPUIPlugin
2024-12-23 16:21:55,201 [INFO] PluginManager:220 - loadIPPluginJar : add fatfs
2024-12-23 16:21:55,305 [INFO] IPUIPlugin:80 - create IPUIPlugin
2024-12-23 16:21:55,305 [INFO] PluginManager:220 - loadIPPluginJar : add fmc
2024-12-23 16:21:55,336 [INFO] IPUIPlugin:80 - create IPUIPlugin
2024-12-23 16:21:55,336 [INFO] PluginManager:220 - loadIPPluginJar : add freertos
2024-12-23 16:21:55,382 [INFO] IPUIPlugin:80 - create IPUIPlugin
2024-12-23 16:21:55,382 [INFO] PluginManager:220 - loadIPPluginJar : add genericplugin
2024-12-23 16:21:55,621 [INFO] IPUIPlugin:80 - create IPUIPlugin
2024-12-23 16:21:55,621 [INFO] PluginManager:220 - loadIPPluginJar : add gfxmmu
2024-12-23 16:21:55,941 [INFO] IPUIPlugin:80 - create IPUIPlugin
2024-12-23 16:21:55,942 [INFO] PluginManager:220 - loadIPPluginJar : add gic
2024-12-23 16:21:55,974 [INFO] IPUIPlugin:80 - create IPUIPlugin
2024-12-23 16:21:55,974 [INFO] PluginManager:220 - loadIPPluginJar : add gpio
2024-12-23 16:21:56,180 [INFO] IPUIPlugin:80 - create IPUIPlugin
2024-12-23 16:21:56,180 [INFO] PluginManager:220 - loadIPPluginJar : add gtzc
2024-12-23 16:21:56,190 [INFO] ThirdPartyUpdaterWithRetryManager:70 - Updater plugin not ready yet. [2/15]
2024-12-23 16:21:56,255 [INFO] IPUIPlugin:80 - create IPUIPlugin
2024-12-23 16:21:56,255 [INFO] PluginManager:220 - loadIPPluginJar : add hash
2024-12-23 16:21:56,381 [INFO] IPUIPlugin:80 - create IPUIPlugin
2024-12-23 16:21:56,381 [INFO] PluginManager:220 - loadIPPluginJar : add i2c
2024-12-23 16:21:56,468 [INFO] IPUIPlugin:80 - create IPUIPlugin
2024-12-23 16:21:56,468 [INFO] PluginManager:220 - loadIPPluginJar : add i2s
2024-12-23 16:21:56,560 [INFO] IPUIPlugin:80 - create IPUIPlugin
2024-12-23 16:21:56,560 [INFO] PluginManager:220 - loadIPPluginJar : add i3c
2024-12-23 16:21:56,799 [INFO] IPUIPlugin:80 - create IPUIPlugin
2024-12-23 16:21:56,800 [INFO] PluginManager:220 - loadIPPluginJar : add ipddr
2024-12-23 16:21:57,020 [INFO] IPUIPlugin:80 - create IPUIPlugin
2024-12-23 16:21:57,021 [INFO] PluginManager:220 - loadIPPluginJar : add linkedlist
2024-12-23 16:21:57,109 [INFO] IPUIPlugin:80 - create IPUIPlugin
2024-12-23 16:21:57,109 [INFO] PluginManager:220 - loadIPPluginJar : add lorawan
2024-12-23 16:21:57,190 [INFO] IPUIPlugin:80 - create IPUIPlugin
2024-12-23 16:21:57,190 [INFO] PluginManager:220 - loadIPPluginJar : add ltdc
2024-12-23 16:21:57,220 [INFO] IPUIPlugin:80 - create IPUIPlugin
2024-12-23 16:21:57,220 [INFO] PluginManager:220 - loadIPPluginJar : add mdma
2024-12-23 16:21:57,245 [INFO] IPUIPlugin:80 - create IPUIPlugin
2024-12-23 16:21:57,245 [INFO] PluginManager:220 - loadIPPluginJar : add nvic
2024-12-23 16:21:57,339 [INFO] IPUIPlugin:80 - create IPUIPlugin
2024-12-23 16:21:57,339 [INFO] PluginManager:220 - loadIPPluginJar : add opamp
2024-12-23 16:21:57,485 [INFO] IPUIPlugin:80 - create IPUIPlugin
2024-12-23 16:21:57,485 [INFO] PluginManager:220 - loadIPPluginJar : add openamp
2024-12-23 16:21:57,584 [INFO] IPUIPlugin:80 - create IPUIPlugin
2024-12-23 16:21:57,584 [INFO] PluginManager:220 - loadIPPluginJar : add pdm2pcm
2024-12-23 16:21:57,614 [INFO] IPUIPlugin:80 - create IPUIPlugin
2024-12-23 16:21:57,619 [INFO] PluginManager:220 - loadIPPluginJar : add plateformsettings
2024-12-23 16:21:57,671 [INFO] IPUIPlugin:80 - create IPUIPlugin
2024-12-23 16:21:57,671 [INFO] PluginManager:220 - loadIPPluginJar : add quadspi
2024-12-23 16:21:57,697 [INFO] IPUIPlugin:80 - create IPUIPlugin
2024-12-23 16:21:57,698 [INFO] PluginManager:220 - loadIPPluginJar : add resmgrutility
2024-12-23 16:21:57,803 [INFO] IPUIPlugin:80 - create IPUIPlugin
2024-12-23 16:21:57,804 [INFO] PluginManager:220 - loadIPPluginJar : add sai
2024-12-23 16:21:57,884 [INFO] IPUIPlugin:80 - create IPUIPlugin
2024-12-23 16:21:57,884 [INFO] PluginManager:220 - loadIPPluginJar : add spi
2024-12-23 16:21:58,017 [INFO] IPUIPlugin:80 - create IPUIPlugin
2024-12-23 16:21:58,017 [INFO] PluginManager:220 - loadIPPluginJar : add stm32_wpan
2024-12-23 16:21:58,073 [INFO] IPUIPlugin:80 - create IPUIPlugin
2024-12-23 16:21:58,073 [INFO] PluginManager:220 - loadIPPluginJar : add tim
2024-12-23 16:21:58,206 [INFO] IPUIPlugin:80 - create IPUIPlugin
2024-12-23 16:21:58,206 [INFO] PluginManager:220 - loadIPPluginJar : add touchsensing
2024-12-23 16:21:58,275 [INFO] IPUIPlugin:80 - create IPUIPlugin
2024-12-23 16:21:58,275 [INFO] PluginManager:220 - loadIPPluginJar : add tracer_emb
2024-12-23 16:21:58,338 [INFO] IPUIPlugin:80 - create IPUIPlugin
2024-12-23 16:21:58,339 [INFO] PluginManager:220 - loadIPPluginJar : add ts
2024-12-23 16:21:58,395 [INFO] IPUIPlugin:80 - create IPUIPlugin
2024-12-23 16:21:58,395 [INFO] PluginManager:220 - loadIPPluginJar : add tsc
2024-12-23 16:21:58,454 [INFO] IPUIPlugin:80 - create IPUIPlugin
2024-12-23 16:21:58,454 [INFO] PluginManager:220 - loadIPPluginJar : add ucpd
2024-12-23 16:21:58,551 [INFO] IPUIPlugin:80 - create IPUIPlugin
2024-12-23 16:21:58,551 [INFO] PluginManager:220 - loadIPPluginJar : add usart
2024-12-23 16:21:58,660 [INFO] IPUIPlugin:80 - create IPUIPlugin
2024-12-23 16:21:58,661 [INFO] PluginManager:220 - loadIPPluginJar : add usbx
2024-12-23 16:21:58,835 [INFO] CADModel:165 - CPN selected for project level
2024-12-23 16:21:58,835 [INFO] CADModel:114 - Register for checkConnection events
2024-12-23 16:21:58,836 [FATAL] Updater:308 - Updater called before beeing initialized
2024-12-23 16:21:58,836 [ERROR] CADModel:125 - Updater not yet initialized, retry later 
2024-12-23 16:21:59,160 [INFO] CADModel:165 - CPN selected for project level
2024-12-23 16:21:59,161 [INFO] CADModel:114 - Register for checkConnection events
2024-12-23 16:21:59,161 [FATAL] Updater:308 - Updater called before beeing initialized
2024-12-23 16:21:59,161 [ERROR] CADModel:125 - Updater not yet initialized, retry later 
2024-12-23 16:21:59,170 [FATAL] Updater:308 - Updater called before beeing initialized
2024-12-23 16:21:59,191 [INFO] ThirdPartyUpdaterWithRetryManager:70 - Updater plugin not ready yet. [3/15]
2024-12-23 16:21:59,462 [FATAL] Updater:308 - Updater called before beeing initialized
2024-12-23 16:21:59,481 [INFO] DbMcusAds:53 - JSON generation date=Wed Dec 18 01:01:15 JST 2024 (1734451275196)
2024-12-23 16:21:59,481 [FATAL] Updater:308 - Updater called before beeing initialized
2024-12-23 16:21:59,782 [WARN] DetailPanel:346 - Failed to get advertising image, set to default
2024-12-23 16:21:59,999 [FATAL] Updater:308 - Updater called before beeing initialized
2024-12-23 16:22:00,003 [FATAL] Updater:308 - Updater called before beeing initialized
2024-12-23 16:22:00,003 [FATAL] Updater:308 - Updater called before beeing initialized
2024-12-23 16:22:00,003 [WARN] DetailPanel:346 - Failed to get advertising image, set to default
2024-12-23 16:22:00,005 [FATAL] Updater:308 - Updater called before beeing initialized
2024-12-23 16:22:00,207 [ERROR] Updater:1120 - MainUpdater not yet initialized. External WinMGr cannot be set.
2024-12-23 16:22:00,244 [INFO] Updater:1056 - Updater Version found : 6.9.1
2024-12-23 16:22:00,290 [INFO] ApplicationProperties:184 - Using Application install path: C:\ST\STM32CubeIDE_1.4.0\STM32CubeIDE\plugins\com.st.stm32cube.common.mx_6.9.1.202307191849
2024-12-23 16:22:00,642 [INFO] MainUpdater:2868 - connection check result : 10
2024-12-23 16:22:00,644 [INFO] MainUpdater:3562 - Updater definition file requires update
2024-12-23 16:22:00,651 [INFO] MainUpdater:285 - Updater Check For Update Now.
2024-12-23 16:22:00,652 [INFO] MicroXplorer:498 - Change Database Version : DB.6.0.91
2024-12-23 16:22:00,677 [INFO] ServerAccessManage:473 - Download File updaters.zip
2024-12-23 16:22:00,701 [INFO] McuFinderGlobals:63 - Set McuFinder mode to 2 (CubeIDE integrated)
2024-12-23 16:22:00,702 [INFO] UserAuth:179 - activating auth plugin
2024-12-23 16:22:00,709 [INFO] UserAuth:393 - Internet connection configuration mode: 1
2024-12-23 16:22:00,751 [INFO] JxBrowserEngine:151 - Initiate JxBrowser Engine with user profile folder
2024-12-23 16:22:00,858 [INFO] FileExtend:240 - Unzip File : updaters.zip
2024-12-23 16:22:00,858 [INFO] FileExtend:255 - Standard Zip Deflate
2024-12-23 16:22:01,694 [INFO] ServerAccessManage:473 - Download File PacksControlFlags.xml
2024-12-23 16:22:01,852 [INFO] ServerAccessManage:473 - Download File cubemx.pidx
2024-12-23 16:22:02,160 [INFO] LoadServerUpdatesThread:373 - End of LoadServerUpdate Thread
2024-12-23 16:22:02,192 [WARN] MainUpdater:1189 - Updater busy. Cannot search thirdparties
2024-12-23 16:22:02,193 [INFO] ThirdPartyUpdaterWithRetryManager:96 - Updater plugin is busy. [1/15]
2024-12-23 16:22:02,517 [INFO] CheckServerUpdateThread:120 - End of CheckServer Thread
2024-12-23 16:22:03,192 [INFO] WebApp:157 - Instantiating new browser for Auth
2024-12-23 16:22:05,261 [INFO] WebApp:753 - Register for checkConnection events
2024-12-23 16:22:05,261 [INFO] WebApp:390 - Apply proxy settings
2024-12-23 16:22:05,262 [INFO] WebApp:475 - Chromium requires no authentication
2024-12-23 16:22:05,285 [INFO] WebApp:418 - Direct internet connection detected
2024-12-23 16:22:05,918 [INFO] WebApp:188 - Starting web application
2024-12-23 16:22:05,918 [INFO] WebApp:520 - Web application path used C:\ST\STM32CubeIDE_1.4.0\STM32CubeIDE\plugins\com.st.stm32cube.common.mx_6.9.1.202307191849\db\plugins\mcufinder\reactClient1\index.html
2024-12-23 16:22:06,131 [WARN] PackLoader:240 - Cannot read IP mode file for STMicroelectronics.FP-SNS-MOTENVWB1.1.4.0
2024-12-23 16:22:06,153 [WARN] PackLoader:240 - Cannot read IP mode file for STMicroelectronics.FP-ATR-ASTRA1.2.0.1
2024-12-23 16:22:06,172 [WARN] PackLoader:240 - Cannot read IP mode file for STMicroelectronics.X-CUBE-SMBUS.2.1.0
2024-12-23 16:22:06,196 [WARN] PackLoader:240 - Cannot read IP mode file for STMicroelectronics.X-CUBE-WB05N.1.1.0
2024-12-23 16:22:06,212 [WARN] PackLoader:240 - Cannot read IP mode file for STMicroelectronics.X-CUBE-TOUCHGFX.4.23.0
2024-12-23 16:22:06,219 [WARN] PackLoader:240 - Cannot read IP mode file for STMicroelectronics.X-CUBE-TOUCHGFX.4.23.2
2024-12-23 16:22:06,314 [WARN] PackLoader:240 - Cannot read IP mode file for STMicroelectronics.X-CUBE-AZRTOS-F7.1.1.0
2024-12-23 16:22:06,348 [ERROR] RealEvaluatedCondition:428 - Found unsupported composite condition: CLASS='Data Exchange' GROUP='STM32_MetaDataManager'
2024-12-23 16:22:06,349 [ERROR] RealEvaluatedCondition:428 - Found unsupported composite condition: CLASS='Data Exchange' GROUP='STM32_MetaDataManager'
2024-12-23 16:22:06,354 [WARN] PackLoader:240 - Cannot read IP mode file for STMicroelectronics.FP-SNS-MOTENV1.4.3.0
2024-12-23 16:22:06,381 [WARN] PackLoader:240 - Cannot read IP mode file for STMicroelectronics.FP-SNS-MOTENV1.4.3.2
2024-12-23 16:22:06,400 [WARN] PackLoader:240 - Cannot read IP mode file for STMicroelectronics.FP-SNS-FLIGHT1.5.0.0
2024-12-23 16:22:06,411 [ERROR] RealEvaluatedCondition:428 - Found unsupported composite condition: GROUP='STM32_MetaDataManager' CLASS='Data Exchange'
2024-12-23 16:22:06,412 [ERROR] RealEvaluatedCondition:428 - Found unsupported composite condition: GROUP='STM32_MetaDataManager' CLASS='Data Exchange'
2024-12-23 16:22:06,416 [WARN] PackLoader:240 - Cannot read IP mode file for STMicroelectronics.FP-SNS-MOTENV1.4.3.1
2024-12-23 16:22:06,438 [WARN] PackLoader:240 - Cannot read IP mode file for STMicroelectronics.FP-SNS-FLIGHT1.5.0.1
2024-12-23 16:22:06,742 [WARN] PackLoader:240 - Cannot read IP mode file for STMicroelectronics.X-CUBE-MEMS1.11.0.0
2024-12-23 16:22:07,360 [WARN] PackLoader:240 - Cannot read IP mode file for STMicroelectronics.X-CUBE-BLE1.6.2.4
2024-12-23 16:22:07,371 [WARN] PackLoader:240 - Cannot read IP mode file for STMicroelectronics.FP-SNS-FLIGHT1.5.0.2
2024-12-23 16:22:07,391 [WARN] PackLoader:240 - Cannot read IP mode file for STMicroelectronics.X-CUBE-DISPLAY.3.0.0
2024-12-23 16:22:07,419 [WARN] PackLoader:240 - Cannot read IP mode file for STMicroelectronics.X-CUBE-BLE1.7.0.0
2024-12-23 16:22:07,439 [WARN] PackLoader:240 - Cannot read IP mode file for STMicroelectronics.X-CUBE-NFC10.1.0.0
2024-12-23 16:22:07,458 [ERROR] Engine:466 - C:\Users\Minh\.stm32cubemx\thirdparties\pdsc\STMicroelectronics.X-CUBE-BLEMGR.4.0.0.pdsc: PDSC version is not supported
2024-12-23 16:22:07,465 [WARN] PackLoader:240 - Cannot read IP mode file for STMicroelectronics.X-CUBE-TOUCHGFX.4.22.0
2024-12-23 16:22:07,472 [WARN] PackLoader:240 - Cannot read IP mode file for STMicroelectronics.X-CUBE-TOUCHGFX.4.22.1
2024-12-23 16:22:07,501 [WARN] PackLoader:240 - Cannot read IP mode file for STMicroelectronics.X-CUBE-BLEMGR.3.1.0
2024-12-23 16:22:07,520 [WARN] PackLoader:240 - Cannot read IP mode file for STMicroelectronics.FP-SNS-SMARTAG2.1.2.0
2024-12-23 16:22:07,699 [WARN] PackLoader:240 - Cannot read IP mode file for STMicroelectronics.X-CUBE-MEMS1.11.1.0
2024-12-23 16:22:08,130 [INFO] LogOutputStream:77 - [STDOUT_REDIRECT] 1 : Invalid condition id : UX_CORESTACK_Condition cause : null
2024-12-23 16:22:08,132 [INFO] LogOutputStream:77 - [STDOUT_REDIRECT] 1 : Invalid condition id : UX_CORESTACK_Condition cause : null
2024-12-23 16:22:08,137 [INFO] LogOutputStream:77 - [STDOUT_REDIRECT] 1 : Invalid condition id : UX_CORESTACK_Condition cause : null
2024-12-23 16:22:08,141 [INFO] LogOutputStream:77 - [STDOUT_REDIRECT] 1 : Invalid condition id : UX_CORESTACK_Condition cause : null
2024-12-23 16:22:08,145 [INFO] LogOutputStream:77 - [STDOUT_REDIRECT] 1 : Invalid condition id : UX_CORESTACK_Condition cause : null
2024-12-23 16:22:08,154 [WARN] PackLoader:240 - Cannot read IP mode file for STMicroelectronics.X-CUBE-AZRTOS-WL.2.0.0
2024-12-23 16:22:08,166 [WARN] PackLoader:240 - Cannot read IP mode file for STMicroelectronics.FP-SNS-MOTENV1.5.0.0
2024-12-23 16:22:08,180 [WARN] PackLoader:240 - Cannot read IP mode file for wolfSSL.I-CUBE-wolfMQTT.1.19.0
2024-12-23 16:22:08,197 [WARN] PackLoader:240 - Cannot read IP mode file for WES.I-CUBE-Cesium.1.3.0
2024-12-23 16:22:08,209 [WARN] PackLoader:240 - Cannot read IP mode file for STMicroelectronics.X-CUBE-BLE2.3.3.0
2024-12-23 16:22:08,237 [WARN] PackLoader:240 - Cannot read IP mode file for STMicroelectronics.X-CUBE-TOF1.3.2.0
2024-12-23 16:22:08,266 [WARN] PackLoader:240 - Cannot read IP mode file for STMicroelectronics.X-CUBE-NFC9.1.0.0
2024-12-23 16:22:08,284 [WARN] PackLoader:240 - Cannot read IP mode file for STMicroelectronics.X-CUBE-TCPP.4.1.0
2024-12-23 16:22:08,294 [WARN] PackLoader:240 - Cannot read IP mode file for STMicroelectronics.X-CUBE-TOUCHGFX.4.21.1
2024-12-23 16:22:08,301 [WARN] PackLoader:240 - Cannot read IP mode file for STMicroelectronics.X-CUBE-TOUCHGFX.4.21.3
2024-12-23 16:22:08,307 [WARN] PackLoader:240 - Cannot read IP mode file for STMicroelectronics.X-CUBE-TOUCHGFX.4.21.4
2024-12-23 16:22:08,321 [WARN] PackLoader:240 - Cannot read IP mode file for STMicroelectronics.X-CUBE-ALGOBUILD.1.3.0
2024-12-23 16:22:08,363 [WARN] PackLoader:240 - Cannot read IP mode file for STMicroelectronics.X-CUBE-AZRTOS-G0.1.1.0
2024-12-23 16:22:08,383 [WARN] PackLoader:240 - Cannot read IP mode file for STMicroelectronics.X-CUBE-SAFEA1.1.2.2
2024-12-23 16:22:08,399 [WARN] PackLoader:240 - Cannot read IP mode file for STMicroelectronics.X-CUBE-NFC4.3.0.0
2024-12-23 16:22:08,408 [ERROR] Engine:466 - C:\Users\Minh\.stm32cubemx\thirdparties\pdsc\EmbeddedOffice.I-CUBE-FS-RTOS.1.0.1.pdsc: PDSC version is not supported
2024-12-23 16:22:08,433 [WARN] PackLoader:240 - Cannot read IP mode file for STMicroelectronics.X-CUBE-BLEMGR.3.0.0
2024-12-23 16:22:08,447 [ERROR] Engine:466 - C:\Users\Minh\.stm32cubemx\thirdparties\pdsc\STMicroelectronics.X-CUBE-TCPP.4.2.0.pdsc: PDSC version is not supported
2024-12-23 16:22:08,452 [ERROR] Engine:466 - C:\Users\Minh\.stm32cubemx\thirdparties\pdsc\RealThread.X-CUBE-RT-Thread_Nano.4.1.1.pdsc: PDSC version is not supported
2024-12-23 16:22:08,463 [WARN] PackLoader:240 - Cannot read IP mode file for STMicroelectronics.FP-ATR-SIGFOX1.3.2.0
2024-12-23 16:22:08,468 [ERROR] Engine:466 - C:\Users\Minh\.stm32cubemx\thirdparties\pdsc\quantropi.X-CUBE-qispace-sdk-base.1.9.3.pdsc: PDSC version is not supported
2024-12-23 16:22:08,484 [WARN] PackLoader:240 - Cannot read IP mode file for STMicroelectronics.X-CUBE-EEPRMA1.5.1.0
2024-12-23 16:22:08,645 [WARN] PackLoader:240 - Cannot read IP mode file for STMicroelectronics.X-CUBE-MEMS1.9.5.0
2024-12-23 16:22:09,088 [WARN] PackLoader:240 - Cannot read IP mode file for SEGGER.I-CUBE-embOS.1.3.1
2024-12-23 16:22:09,190 [WARN] PackLoader:240 - Cannot read IP mode file for STMicroelectronics.X-CUBE-ALGOBUILD.1.4.0
2024-12-23 16:22:09,201 [WARN] PackLoader:240 - Cannot read IP mode file for STMicroelectronics.X-CUBE-AI.9.1.0
2024-12-23 16:22:09,214 [WARN] PackLoader:240 - Cannot read IP mode file for STMicroelectronics.X-CUBE-GNSS1.6.0.0
2024-12-23 16:22:09,248 [WARN] PackLoader:240 - Cannot read IP mode file for STMicroelectronics.X-CUBE-AZRTOS-F4.1.1.0
2024-12-23 16:22:09,265 [WARN] PackLoader:240 - Cannot read IP mode file for STMicroelectronics.X-CUBE-ISPU.2.1.0
2024-12-23 16:22:09,278 [WARN] PackLoader:240 - Cannot read IP mode file for STMicroelectronics.X-CUBE-FREERTOS.1.2.0
2024-12-23 16:22:09,324 [WARN] PackLoader:240 - Cannot read IP mode file for STMicroelectronics.X-CUBE-AZRTOS-L5.2.0.0
2024-12-23 16:22:09,437 [WARN] PackLoader:240 - Cannot read IP mode file for STMicroelectronics.X-CUBE-MEMS1.9.6.0
2024-12-23 16:22:09,825 [WARN] PackLoader:240 - Cannot read IP mode file for STMicroelectronics.X-CUBE-EEPRMA1.4.2.0
2024-12-23 16:22:09,845 [WARN] PackLoader:240 - Cannot read IP mode file for STMicroelectronics.X-CUBE-NFC6.3.1.0
2024-12-23 16:22:09,862 [WARN] PackLoader:240 - Cannot read IP mode file for ITTIA_DB.I-CUBE-ITTIADB.8.8.0
2024-12-23 16:22:09,877 [WARN] PackLoader:240 - Cannot read IP mode file for emotas.I-CUBE-CANOPEN.1.1.3
2024-12-23 16:22:09,895 [WARN] PackLoader:240 - Cannot read IP mode file for STMicroelectronics.X-CUBE-BLEMGR.2.0.0
2024-12-23 16:22:09,905 [ERROR] Engine:466 - C:\Users\Minh\.stm32cubemx\thirdparties\pdsc\STMicroelectronics.X-CUBE-DPower.1.2.0.pdsc: PDSC version is not supported
2024-12-23 16:22:09,912 [WARN] PackLoader:240 - Cannot read IP mode file for STMicroelectronics.X-CUBE-AI.9.0.0
2024-12-23 16:22:09,957 [WARN] ConditionMgr:438 - getConditionDescription Invalid condition id : UX DEVICE CLASS RTOS Condition cause : null
2024-12-23 16:22:09,958 [WARN] ConditionMgr:438 - getConditionDescription Invalid condition id : UX DEVICE CLASS RTOS Condition cause : null
2024-12-23 16:22:09,966 [WARN] PackLoader:240 - Cannot read IP mode file for STMicroelectronics.X-CUBE-AZRTOS-H7.3.1.0
2024-12-23 16:22:09,969 [WARN] ConditionMgr:1039 - genDependencies : Invalid condition id : UX DEVICE CLASS RTOS Condition cause : null
2024-12-23 16:22:09,970 [WARN] ConditionMgr:1039 - genDependencies : Invalid condition id : UX DEVICE CLASS RTOS Condition cause : null
2024-12-23 16:22:09,972 [WARN] ConditionMgr:1039 - genDependencies : Invalid condition id : UX DEVICE CLASS RTOS Condition cause : null
2024-12-23 16:22:09,973 [WARN] ConditionMgr:1039 - genDependencies : Invalid condition id : UX DEVICE CLASS RTOS Condition cause : null
2024-12-23 16:22:09,974 [WARN] ConditionMgr:1039 - genDependencies : Invalid condition id : UX DEVICE CLASS RTOS Condition cause : null
2024-12-23 16:22:09,986 [WARN] PackLoader:240 - Cannot read IP mode file for wolfSSL.I-CUBE-wolfSSL.5.5.4
2024-12-23 16:22:09,996 [WARN] PackLoader:240 - Cannot read IP mode file for STMicroelectronics.X-CUBE-FREERTOS.1.3.0
2024-12-23 16:22:10,009 [WARN] PackLoader:240 - Cannot read IP mode file for STMicroelectronics.X-CUBE-NFC7.1.0.1
2024-12-23 16:22:10,021 [WARN] PackLoader:240 - Cannot read IP mode file for STMicroelectronics.X-CUBE-NFC7.1.0.0
2024-12-23 16:22:10,032 [WARN] PackLoader:240 - Cannot read IP mode file for wolfSSL.I-CUBE-wolfTPM.3.2.0
2024-12-23 16:22:10,049 [WARN] PackLoader:240 - Cannot read IP mode file for STMicroelectronics.X-CUBE-NFC6.3.0.0
2024-12-23 16:22:10,065 [WARN] PackLoader:240 - Cannot read IP mode file for STMicroelectronics.X-CUBE-EEPRMA1.4.1.0
2024-12-23 16:22:10,075 [WARN] PackLoader:240 - Cannot read IP mode file for STMicroelectronics.X-CUBE-AI.8.1.0
2024-12-23 16:22:10,123 [WARN] ConditionMgr:438 - getConditionDescription Invalid condition id : LAN8742 Phy interface Condition cause : null
2024-12-23 16:22:10,125 [WARN] PackLoader:240 - Cannot read IP mode file for STMicroelectronics.X-CUBE-AZRTOS-L4.2.0.0
2024-12-23 16:22:10,128 [WARN] ConditionMgr:1039 - genDependencies : Invalid condition id : LAN8742 Phy interface Condition cause : null
2024-12-23 16:22:10,129 [WARN] ConditionMgr:1039 - genDependencies : Invalid condition id : LAN8742 Phy interface Condition cause : null
2024-12-23 16:22:10,130 [WARN] ConditionMgr:1039 - genDependencies : Invalid condition id : LAN8742 Phy interface Condition cause : null
2024-12-23 16:22:10,149 [WARN] PackLoader:240 - Cannot read IP mode file for STMicroelectronics.X-CUBE-SFXS2LP1.4.0.0
2024-12-23 16:22:10,200 [WARN] PackLoader:240 - Cannot read IP mode file for STMicroelectronics.X-CUBE-AZRTOS-H7.3.0.0
2024-12-23 16:22:10,216 [WARN] PackLoader:240 - Cannot read IP mode file for STMicroelectronics.X-CUBE-ISPU.1.1.0
2024-12-23 16:22:10,270 [WARN] PackLoader:240 - Cannot read IP mode file for STMicroelectronics.X-CUBE-AZRTOS-H7.3.3.0
2024-12-23 16:22:10,292 [WARN] PackLoader:240 - Cannot read IP mode file for RoweBots.I-CUBE-UNISONRTOS.5.5.0-4
2024-12-23 16:22:10,302 [WARN] PackLoader:240 - Cannot read IP mode file for STMicroelectronics.X-CUBE-AI.8.0.0
2024-12-23 16:22:10,313 [ERROR] Engine:466 - C:\Users\Minh\.stm32cubemx\thirdparties\pdsc\STMicroelectronics.X-CUBE-IPS.3.0.0.pdsc: PDSC version is not supported
2024-12-23 16:22:10,343 [WARN] ConditionMgr:438 - getConditionDescription Invalid condition id : UX DEVICE CLASS RTOS Condition cause : null
2024-12-23 16:22:10,343 [WARN] ConditionMgr:438 - getConditionDescription Invalid condition id : UX DEVICE CLASS RTOS Condition cause : null
2024-12-23 16:22:10,350 [WARN] PackLoader:240 - Cannot read IP mode file for STMicroelectronics.X-CUBE-AZRTOS-WB.2.0.0
2024-12-23 16:22:10,352 [WARN] ConditionMgr:1039 - genDependencies : Invalid condition id : UX DEVICE CLASS RTOS Condition cause : null
2024-12-23 16:22:10,352 [WARN] ConditionMgr:1039 - genDependencies : Invalid condition id : UX DEVICE CLASS RTOS Condition cause : null
2024-12-23 16:22:10,354 [WARN] ConditionMgr:1039 - genDependencies : Invalid condition id : UX DEVICE CLASS RTOS Condition cause : null
2024-12-23 16:22:10,354 [WARN] ConditionMgr:1039 - genDependencies : Invalid condition id : UX DEVICE CLASS RTOS Condition cause : null
2024-12-23 16:22:10,354 [WARN] ConditionMgr:1039 - genDependencies : Invalid condition id : UX DEVICE CLASS RTOS Condition cause : null
2024-12-23 16:22:10,364 [WARN] PackLoader:240 - Cannot read IP mode file for STMicroelectronics.X-CUBE-FREERTOS.1.0.0
2024-12-23 16:22:10,372 [WARN] PackLoader:240 - Cannot read IP mode file for STMicroelectronics.X-CUBE-FREERTOS.1.0.1
2024-12-23 16:22:10,384 [WARN] PackLoader:240 - Cannot read IP mode file for STMicroelectronics.X-CUBE-GNSS1.7.0.0
2024-12-23 16:22:10,396 [WARN] PackLoader:240 - Cannot read IP mode file for STMicroelectronics.X-CUBE-GNSS1.7.0.1
2024-12-23 16:22:10,406 [ERROR] Engine:466 - C:\Users\Minh\.stm32cubemx\thirdparties\pdsc\STMicroelectronics.FP-SNS-STBOX1.2.0.0.pdsc: PDSC version is not supported
2024-12-23 16:22:10,447 [WARN] PackLoader:240 - Cannot read IP mode file for STMicroelectronics.X-CUBE-AZRTOS-L5.1.1.0
2024-12-23 16:22:10,461 [WARN] PackLoader:240 - Cannot read IP mode file for STMicroelectronics.X-CUBE-AI.8.0.1
2024-12-23 16:22:10,481 [WARN] PackLoader:240 - Cannot read IP mode file for STMicroelectronics.X-CUBE-SUBG2.5.0.0
2024-12-23 16:22:10,504 [WARN] PackLoader:240 - Cannot read IP mode file for Cesanta.I-CUBE-Mongoose.7.13.0
2024-12-23 16:22:10,544 [WARN] PackLoader:240 - Cannot read IP mode file for STMicroelectronics.X-CUBE-TOF1.3.3.1
2024-12-23 16:22:10,601 [WARN] PackLoader:240 - Cannot read IP mode file for STMicroelectronics.X-CUBE-AZRTOS-G4.2.0.0
2024-12-23 16:22:10,633 [WARN] PackLoader:240 - Cannot read IP mode file for STMicroelectronics.X-CUBE-TOF1.3.3.0
2024-12-23 16:22:10,667 [WARN] PackLoader:240 - Cannot read IP mode file for STMicroelectronics.FP-ATR-ASTRA1.1.1.1
2024-12-23 16:22:10,707 [WARN] PackLoader:240 - Cannot read IP mode file for Infineon.AIROC-Wi-Fi-Bluetooth-STM32.1.5.1
2024-12-23 16:22:10,725 [WARN] PackLoader:240 - Cannot read IP mode file for STMicroelectronics.FP-SNS-MOTENVWB1.1.3.0
2024-12-23 16:22:10,735 [WARN] PackLoader:240 - Cannot read IP mode file for STMicroelectronics.FP-SNS-MOTENVWB1.1.3.1
2024-12-23 16:22:10,769 [WARN] PackLoader:240 - Cannot read IP mode file for STMicroelectronics.X-CUBE-AZRTOS-G4.1.0.0
2024-12-23 16:22:10,814 [WARN] PackLoader:240 - Cannot read IP mode file for STMicroelectronics.X-CUBE-AZRTOS-L4.1.0.0
2024-12-23 16:22:10,832 [WARN] PackLoader:240 - Cannot read IP mode file for STMicroelectronics.X-CUBE-ISPU.2.0.0
2024-12-23 16:22:10,844 [WARN] PackLoader:240 - Cannot read IP mode file for STMicroelectronics.X-CUBE-ALS.1.0.2
2024-12-23 16:22:10,948 [WARN] PackLoader:240 - Cannot read IP mode file for STMicroelectronics.X-CUBE-MEMS1.10.0.0
2024-12-23 16:22:11,253 [WARN] PackLoader:240 - Cannot read IP mode file for STMicroelectronics.X-CUBE-FREERTOS.1.1.0
2024-12-23 16:22:11,261 [WARN] PackLoader:240 - Cannot read IP mode file for STMicroelectronics.X-CUBE-TOUCHGFX.4.24.0
2024-12-23 16:22:11,287 [WARN] PackLoader:240 - Cannot read IP mode file for STMicroelectronics.X-CUBE-AZRTOS-WL.1.0.0
2024-12-23 16:22:11,296 [WARN] PackLoader:240 - Cannot read IP mode file for STMicroelectronics.X-CUBE-TOUCHGFX.4.24.1
2024-12-23 16:22:11,309 [WARN] PackLoader:240 - Cannot read IP mode file for portGmbH.I-Cube-SoM-uGOAL.1.1.0
2024-12-23 16:22:11,317 [WARN] PackLoader:240 - Cannot read IP mode file for STMicroelectronics.X-CUBE-ALS.1.0.1
2024-12-23 16:22:11,347 [WARN] PackLoader:240 - Cannot read IP mode file for STMicroelectronics.X-CUBE-AZRTOS-WB.1.1.0
2024-12-23 16:22:11,391 [WARN] PackLoader:240 - Cannot read IP mode file for STMicroelectronics.X-CUBE-AZRTOS-H7RS.1.0.0
2024-12-23 16:22:11,405 [WARN] PackLoader:240 - Cannot read IP mode file for STMicroelectronics.FP-ATR-ASTRA1.2.0.0
2024-12-23 16:22:11,418 [ERROR] Engine:466 - C:\Users\Minh\.stm32cubemx\thirdparties\pdsc\STMicroelectronics.X-CUBE-TOF1.3.4.2.pdsc: PDSC version is not supported
2024-12-23 16:22:11,440 [WARN] PackLoader:240 - Cannot read IP mode file for STMicroelectronics.X-CUBE-TOF1.3.4.0
2024-12-23 16:22:11,491 [WARN] PackLoader:240 - Cannot read IP mode file for STMicroelectronics.X-CUBE-TOF1.3.4.1
2024-12-23 16:22:11,565 [WARN] PackLoader:240 - Cannot read IP mode file for STMicroelectronics.X-CUBE-AZRTOS-H7.3.2.0
2024-12-23 16:22:11,582 [WARN] PackLoader:240 - Cannot read IP mode file for wolfSSL.I-CUBE-wolfSSH.1.4.17
2024-12-23 16:22:11,583 [INFO] ThirdParty:978 - Integrity check success = true
2024-12-23 16:22:11,583 [INFO] IntegrityCheckThread:100 - exiting critical section [integrity check]
2024-12-23 16:22:11,584 [INFO] IntegrityCheckThread:103 - End integrity checks thread
2024-12-23 17:00:28,185 [ERROR] LogOutputStream:75 - [STDERR_REDIRECT] SLF4J: Failed to load class "org.slf4j.impl.StaticLoggerBinder".
2024-12-23 17:00:28,187 [ERROR] LogOutputStream:75 - [STDERR_REDIRECT] SLF4J: Defaulting to no-operation (NOP) logger implementation
2024-12-23 17:00:28,191 [ERROR] LogOutputStream:75 - [STDERR_REDIRECT] SLF4J: See http://www.slf4j.org/codes.html#StaticLoggerBinder for further details.
2024-12-23 18:01:24,428 [ERROR] LogOutputStream:75 - [STDERR_REDIRECT] 
