2024-01-03 09:33:03,825 [INFO] Activator:176 - 


2024-01-03 09:33:03,840 [INFO] Activator:177 - !SESSION log4j initialized
2024-01-03 09:33:19,290 [INFO] LogOutputStream:77 - [STDOUT_REDIRECT] 
2024-01-03 09:33:27,876 [INFO] ApplicationProperties:184 - Using Application install path: C:\ST\STM32CubeIDE_1.4.0\STM32CubeIDE\plugins\com.st.stm32cube.common.mx_6.9.1.202307191849
2024-01-03 09:33:27,910 [INFO] DbMcusXml:78 - Set database path to: C:\ST\STM32CubeIDE_1.4.0\STM32CubeIDE\plugins\com.st.stm32cube.common.mx_6.9.1.202307191849\\db\/mcu/
2024-01-03 09:33:27,911 [INFO] ApiDb:274 - Set plugin database path to: C:\ST\STM32CubeIDE_1.4.0\STM32CubeIDE\plugins\com.st.stm32cube.common.mx_6.9.1.202307191849\\db\/plugins/boardmanager/
2024-01-03 09:33:27,912 [WARN] ApiDb:259 - Overriding images path with different value:  => C:\ST\STM32CubeIDE_1.4.0\STM32CubeIDE\plugins\com.st.stm32cube.common.mx_6.9.1.202307191849\\db\/plugins/mcufinder/images/
2024-01-03 09:33:27,930 [INFO] ApiDb:250 - Set database path to: C:\Users\Minh\.stmcufinder\plugins\mcufinder//mcu/
2024-01-03 09:33:27,932 [INFO] DbMcusAds:125 - Set database path to: C:\Users\Minh\.stmcufinder\plugins\mcufinder//mcu/
2024-01-03 09:33:27,936 [INFO] CrossReferenceDbSqlite:203 - Set database path to: C:\Users\Minh\.stmcufinder\plugins\mcufinder//mcu/cs/
2024-01-03 09:33:28,207 [INFO] RulesReader:64 - Compatibility file has been processed (293 Rules)
2024-01-03 09:33:28,388 [INFO] DbMcusXml:78 - Set database path to: C:\ST\STM32CubeIDE_1.4.0\STM32CubeIDE\plugins\com.st.stm32cube.common.mx_6.9.1.202307191849\\db\/mcu/
2024-01-03 09:33:28,389 [INFO] ApiDb:274 - Set plugin database path to: C:\ST\STM32CubeIDE_1.4.0\STM32CubeIDE\plugins\com.st.stm32cube.common.mx_6.9.1.202307191849\\db\/plugins/boardmanager/
2024-01-03 09:33:28,389 [INFO] ApiDb:261 - Set plugin images path to: C:\ST\STM32CubeIDE_1.4.0\STM32CubeIDE\plugins\com.st.stm32cube.common.mx_6.9.1.202307191849\\db\/plugins/mcufinder/images/
2024-01-03 09:33:28,390 [WARN] DbFile:41 - Overriding database path with different value: C:\Users\Minh\.stmcufinder\plugins\mcufinder/ => C:\Users\Minh\.stmcufinder\plugins\mcufinder
2024-01-03 09:33:28,390 [INFO] ApiDb:250 - Set database path to: C:\Users\Minh\.stmcufinder\plugins\mcufinder//mcu/
2024-01-03 09:33:28,390 [WARN] DbFile:41 - Overriding database path with different value: C:\Users\Minh\.stmcufinder\plugins\mcufinder/ => C:\Users\Minh\.stmcufinder\plugins\mcufinder
2024-01-03 09:33:28,390 [INFO] DbMcusAds:125 - Set database path to: C:\Users\Minh\.stmcufinder\plugins\mcufinder//mcu/
2024-01-03 09:33:28,390 [WARN] DbFile:41 - Overriding database path with different value: C:\Users\Minh\.stmcufinder\plugins\mcufinder/ => C:\Users\Minh\.stmcufinder\plugins\mcufinder
2024-01-03 09:33:28,391 [WARN] DbFile:41 - Overriding database path with different value: C:\Users\Minh\.stmcufinder\plugins\mcufinder/ => C:\Users\Minh\.stmcufinder\plugins\mcufinder
2024-01-03 09:33:28,391 [INFO] CrossReferenceDbSqlite:203 - Set database path to: C:\Users\Minh\.stmcufinder\plugins\mcufinder//mcu/cs/
2024-01-03 09:33:28,568 [INFO] MainPanel:262 - HeapMemory: 268435456
2024-01-03 09:33:28,757 [INFO] DbMcusXml:78 - Set database path to: C:\ST\STM32CubeIDE_1.4.0\STM32CubeIDE\plugins\com.st.stm32cube.common.mx_6.9.1.202307191849\\db\/mcu/
2024-01-03 09:33:28,758 [INFO] ApiDb:274 - Set plugin database path to: C:\ST\STM32CubeIDE_1.4.0\STM32CubeIDE\plugins\com.st.stm32cube.common.mx_6.9.1.202307191849\\db\/plugins/boardmanager/
2024-01-03 09:33:28,758 [INFO] ApiDb:261 - Set plugin images path to: C:\ST\STM32CubeIDE_1.4.0\STM32CubeIDE\plugins\com.st.stm32cube.common.mx_6.9.1.202307191849\\db\/plugins/mcufinder/images/
2024-01-03 09:33:28,759 [WARN] DbFile:41 - Overriding database path with different value: C:\Users\Minh\.stmcufinder\plugins\mcufinder/ => C:\Users\Minh\.stmcufinder\plugins\mcufinder
2024-01-03 09:33:28,759 [INFO] ApiDb:250 - Set database path to: C:\Users\Minh\.stmcufinder\plugins\mcufinder//mcu/
2024-01-03 09:33:28,759 [WARN] DbFile:41 - Overriding database path with different value: C:\Users\Minh\.stmcufinder\plugins\mcufinder/ => C:\Users\Minh\.stmcufinder\plugins\mcufinder
2024-01-03 09:33:28,759 [INFO] DbMcusAds:125 - Set database path to: C:\Users\Minh\.stmcufinder\plugins\mcufinder//mcu/
2024-01-03 09:33:28,759 [WARN] DbFile:41 - Overriding database path with different value: C:\Users\Minh\.stmcufinder\plugins\mcufinder/ => C:\Users\Minh\.stmcufinder\plugins\mcufinder
2024-01-03 09:33:28,760 [WARN] DbFile:41 - Overriding database path with different value: C:\Users\Minh\.stmcufinder\plugins\mcufinder/ => C:\Users\Minh\.stmcufinder\plugins\mcufinder
2024-01-03 09:33:28,760 [INFO] CrossReferenceDbSqlite:203 - Set database path to: C:\Users\Minh\.stmcufinder\plugins\mcufinder//mcu/cs/
2024-01-03 09:33:28,802 [INFO] ApplicationProperties:184 - Using Application install path: C:\ST\STM32CubeIDE_1.4.0\STM32CubeIDE\plugins\com.st.stm32cube.common.mx_6.9.1.202307191849
2024-01-03 09:33:28,805 [INFO] PluginManage:196 - Search for loadable plugins [exclusion list=, ]
2024-01-03 09:33:28,808 [INFO] PluginManage:310 - Check plugin analytics
2024-01-03 09:33:33,688 [INFO] AnalyticsPlugin:253 - Accepted Software Licenses: STM32CubeMX.6.0.0,STM32CubeMX.5.2.0
2024-01-03 09:33:33,689 [INFO] AnalyticsPlugin:255 - Accepted CMSIS Pack Licenses: 
2024-01-03 09:33:33,689 [INFO] AnalyticsPlugin:257 - Accepted Firmware Licenses: 
2024-01-03 09:33:33,695 [INFO] PluginManage:359 - Loaded plugin analytics (category:tool,tabindex:-1)
2024-01-03 09:33:33,695 [INFO] PluginManage:310 - Check plugin cadmodel
2024-01-03 09:33:33,728 [INFO] CADModel:105 - Init CAD model plugin
2024-01-03 09:33:33,728 [INFO] PluginManage:359 - Loaded plugin cadmodel (category:power,tabindex:5)
2024-01-03 09:33:33,729 [INFO] PluginManage:310 - Check plugin clock
2024-01-03 09:33:33,766 [INFO] PluginManage:359 - Loaded plugin clock (category:base,tabindex:2)
2024-01-03 09:33:33,766 [INFO] PluginManage:310 - Check plugin ddr
2024-01-03 09:33:33,770 [INFO] PluginManage:359 - Loaded plugin ddr (category:tool,tabindex:6)
2024-01-03 09:33:33,771 [INFO] PluginManage:310 - Check plugin filemanager
2024-01-03 09:33:34,011 [INFO] PluginManage:359 - Loaded plugin filemanager (category:base,tabindex:10)
2024-01-03 09:33:34,011 [INFO] PluginManage:310 - Check plugin ipmanager
2024-01-03 09:33:34,024 [INFO] PluginManage:359 - Loaded plugin ipmanager (category:base,tabindex:5)
2024-01-03 09:33:34,024 [INFO] PluginManage:310 - Check plugin lpbam
2024-01-03 09:33:34,058 [INFO] PluginManage:359 - Loaded plugin lpbam (category:base,tabindex:0)
2024-01-03 09:33:34,059 [INFO] PluginManage:310 - Check plugin memorymap
2024-01-03 09:33:34,098 [INFO] PluginManage:359 - Loaded plugin memorymap (category:base,tabindex:4)
2024-01-03 09:33:34,098 [INFO] PluginManage:310 - Check plugin pinoutandconfiguration
2024-01-03 09:33:34,135 [INFO] PluginManage:359 - Loaded plugin pinoutandconfiguration (category:base,tabindex:1)
2024-01-03 09:33:34,136 [INFO] PluginManage:310 - Check plugin pinoutconfig
2024-01-03 09:33:34,336 [WARN] SupportedApi:132 - Cannot load RTOS API schema: s4s-elt-must-match.1: The content of 'definitions' must match (annotation?, (simpleType | complexType)?, (unique | key | keyref)*)). A problem was found starting at: attribute.
2024-01-03 09:33:34,625 [INFO] PluginManage:359 - Loaded plugin pinoutconfig (category:base,tabindex:0)
2024-01-03 09:33:34,625 [INFO] PluginManage:310 - Check plugin power
2024-01-03 09:33:34,667 [INFO] PluginManage:359 - Loaded plugin power (category:power,tabindex:4)
2024-01-03 09:33:34,668 [INFO] PluginManage:310 - Check plugin projectmanager
2024-01-03 09:33:34,707 [INFO] PluginManage:359 - Loaded plugin projectmanager (category:projectmanager,tabindex:3)
2024-01-03 09:33:34,707 [INFO] PluginManage:310 - Check plugin thirdparty
2024-01-03 09:33:35,306 [INFO] PluginManage:359 - Loaded plugin thirdparty (category:base,tabindex:-1)
2024-01-03 09:33:35,306 [WARN] IntegrityCheckThread:84 - waiting for thirdparty lock release [integrity check]
2024-01-03 09:33:35,306 [INFO] PluginManage:310 - Check plugin tools
2024-01-03 09:33:35,306 [INFO] IntegrityCheckThread:86 - entering critical section [integrity check]
2024-01-03 09:33:35,307 [INFO] ThirdPartyUpdaterWithRetryManager:70 - Updater plugin not ready yet. [1/15]
2024-01-03 09:33:35,391 [INFO] PluginManage:359 - Loaded plugin tools (category:base,tabindex:7)
2024-01-03 09:33:35,391 [INFO] PluginManage:310 - Check plugin tutovideos
2024-01-03 09:33:35,759 [INFO] PluginManage:359 - Loaded plugin tutovideos (category:base,tabindex:-1)
2024-01-03 09:33:35,759 [INFO] PluginManage:310 - Check plugin updater
2024-01-03 09:33:35,781 [INFO] PluginManage:359 - Loaded plugin updater (category:base,tabindex:12)
2024-01-03 09:33:35,781 [INFO] PluginManage:310 - Check plugin userauth
2024-01-03 09:33:35,792 [INFO] UserAuth:113 - Init User Auth plugin
2024-01-03 09:33:35,792 [INFO] PluginManage:359 - Loaded plugin userauth (category:base,tabindex:14)
2024-01-03 09:33:35,793 [INFO] PluginManage:283 - PluginManage : Loaded plugins [17]
2024-01-03 09:33:36,219 [INFO] PinOutPanel:1499 - setPackage(No Configuration,No Configuration)
2024-01-03 09:33:36,413 [INFO] CADModel:165 - CPN selected for project level
2024-01-03 09:33:36,413 [INFO] CADModel:114 - Register for checkConnection events
2024-01-03 09:33:36,456 [INFO] IPUIPlugin:80 - create IPUIPlugin
2024-01-03 09:33:36,457 [INFO] PluginManager:220 - loadIPPluginJar : add adc
2024-01-03 09:33:36,517 [INFO] IPUIPlugin:80 - create IPUIPlugin
2024-01-03 09:33:36,518 [INFO] PluginManager:220 - loadIPPluginJar : add aes
2024-01-03 09:33:36,605 [INFO] IPUIPlugin:80 - create IPUIPlugin
2024-01-03 09:33:36,605 [INFO] PluginManager:220 - loadIPPluginJar : add can
2024-01-03 09:33:36,645 [INFO] IPUIPlugin:80 - create IPUIPlugin
2024-01-03 09:33:36,645 [INFO] PluginManager:220 - loadIPPluginJar : add comp
2024-01-03 09:33:36,714 [INFO] IPUIPlugin:80 - create IPUIPlugin
2024-01-03 09:33:36,715 [INFO] PluginManager:220 - loadIPPluginJar : add cryp
2024-01-03 09:33:36,781 [INFO] IPUIPlugin:80 - create IPUIPlugin
2024-01-03 09:33:36,781 [INFO] PluginManager:220 - loadIPPluginJar : add dfsdm
2024-01-03 09:33:36,810 [INFO] IPUIPlugin:80 - create IPUIPlugin
2024-01-03 09:33:36,811 [INFO] PluginManager:220 - loadIPPluginJar : add dma
2024-01-03 09:33:36,907 [INFO] IPUIPlugin:80 - create IPUIPlugin
2024-01-03 09:33:36,908 [INFO] PluginManager:220 - loadIPPluginJar : add dma3
2024-01-03 09:33:36,944 [INFO] IPUIPlugin:80 - create IPUIPlugin
2024-01-03 09:33:36,944 [INFO] PluginManager:220 - loadIPPluginJar : add fatfs
2024-01-03 09:33:37,029 [INFO] IPUIPlugin:80 - create IPUIPlugin
2024-01-03 09:33:37,030 [INFO] PluginManager:220 - loadIPPluginJar : add fmc
2024-01-03 09:33:37,058 [INFO] IPUIPlugin:80 - create IPUIPlugin
2024-01-03 09:33:37,059 [INFO] PluginManager:220 - loadIPPluginJar : add freertos
2024-01-03 09:33:37,098 [INFO] IPUIPlugin:80 - create IPUIPlugin
2024-01-03 09:33:37,098 [INFO] PluginManager:220 - loadIPPluginJar : add genericplugin
2024-01-03 09:33:37,262 [INFO] IPUIPlugin:80 - create IPUIPlugin
2024-01-03 09:33:37,262 [INFO] PluginManager:220 - loadIPPluginJar : add gfxmmu
2024-01-03 09:33:37,503 [INFO] IPUIPlugin:80 - create IPUIPlugin
2024-01-03 09:33:37,503 [INFO] PluginManager:220 - loadIPPluginJar : add gic
2024-01-03 09:33:37,529 [INFO] IPUIPlugin:80 - create IPUIPlugin
2024-01-03 09:33:37,530 [INFO] PluginManager:220 - loadIPPluginJar : add gpio
2024-01-03 09:33:37,709 [INFO] IPUIPlugin:80 - create IPUIPlugin
2024-01-03 09:33:37,709 [INFO] PluginManager:220 - loadIPPluginJar : add gtzc
2024-01-03 09:33:37,773 [INFO] IPUIPlugin:80 - create IPUIPlugin
2024-01-03 09:33:37,773 [INFO] PluginManager:220 - loadIPPluginJar : add hash
2024-01-03 09:33:37,884 [INFO] IPUIPlugin:80 - create IPUIPlugin
2024-01-03 09:33:37,884 [INFO] PluginManager:220 - loadIPPluginJar : add i2c
2024-01-03 09:33:37,960 [INFO] IPUIPlugin:80 - create IPUIPlugin
2024-01-03 09:33:37,960 [INFO] PluginManager:220 - loadIPPluginJar : add i2s
2024-01-03 09:33:38,034 [INFO] IPUIPlugin:80 - create IPUIPlugin
2024-01-03 09:33:38,034 [INFO] PluginManager:220 - loadIPPluginJar : add i3c
2024-01-03 09:33:38,234 [INFO] IPUIPlugin:80 - create IPUIPlugin
2024-01-03 09:33:38,235 [INFO] PluginManager:220 - loadIPPluginJar : add ipddr
2024-01-03 09:33:38,307 [INFO] ThirdPartyUpdaterWithRetryManager:70 - Updater plugin not ready yet. [2/15]
2024-01-03 09:33:38,408 [INFO] IPUIPlugin:80 - create IPUIPlugin
2024-01-03 09:33:38,408 [INFO] PluginManager:220 - loadIPPluginJar : add linkedlist
2024-01-03 09:33:38,471 [INFO] IPUIPlugin:80 - create IPUIPlugin
2024-01-03 09:33:38,471 [INFO] PluginManager:220 - loadIPPluginJar : add lorawan
2024-01-03 09:33:38,549 [INFO] IPUIPlugin:80 - create IPUIPlugin
2024-01-03 09:33:38,549 [INFO] PluginManager:220 - loadIPPluginJar : add ltdc
2024-01-03 09:33:38,583 [INFO] IPUIPlugin:80 - create IPUIPlugin
2024-01-03 09:33:38,584 [INFO] PluginManager:220 - loadIPPluginJar : add mdma
2024-01-03 09:33:38,606 [INFO] IPUIPlugin:80 - create IPUIPlugin
2024-01-03 09:33:38,607 [INFO] PluginManager:220 - loadIPPluginJar : add nvic
2024-01-03 09:33:38,694 [INFO] IPUIPlugin:80 - create IPUIPlugin
2024-01-03 09:33:38,694 [INFO] PluginManager:220 - loadIPPluginJar : add opamp
2024-01-03 09:33:38,802 [INFO] IPUIPlugin:80 - create IPUIPlugin
2024-01-03 09:33:38,803 [INFO] PluginManager:220 - loadIPPluginJar : add openamp
2024-01-03 09:33:38,882 [INFO] IPUIPlugin:80 - create IPUIPlugin
2024-01-03 09:33:38,883 [INFO] PluginManager:220 - loadIPPluginJar : add pdm2pcm
2024-01-03 09:33:38,911 [INFO] IPUIPlugin:80 - create IPUIPlugin
2024-01-03 09:33:38,915 [INFO] PluginManager:220 - loadIPPluginJar : add plateformsettings
2024-01-03 09:33:38,957 [INFO] IPUIPlugin:80 - create IPUIPlugin
2024-01-03 09:33:38,957 [INFO] PluginManager:220 - loadIPPluginJar : add quadspi
2024-01-03 09:33:38,978 [INFO] IPUIPlugin:80 - create IPUIPlugin
2024-01-03 09:33:38,978 [INFO] PluginManager:220 - loadIPPluginJar : add resmgrutility
2024-01-03 09:33:39,074 [INFO] IPUIPlugin:80 - create IPUIPlugin
2024-01-03 09:33:39,074 [INFO] PluginManager:220 - loadIPPluginJar : add sai
2024-01-03 09:33:39,144 [INFO] IPUIPlugin:80 - create IPUIPlugin
2024-01-03 09:33:39,145 [INFO] PluginManager:220 - loadIPPluginJar : add spi
2024-01-03 09:33:39,271 [INFO] IPUIPlugin:80 - create IPUIPlugin
2024-01-03 09:33:39,271 [INFO] PluginManager:220 - loadIPPluginJar : add stm32_wpan
2024-01-03 09:33:39,321 [INFO] IPUIPlugin:80 - create IPUIPlugin
2024-01-03 09:33:39,322 [INFO] PluginManager:220 - loadIPPluginJar : add tim
2024-01-03 09:33:39,429 [INFO] IPUIPlugin:80 - create IPUIPlugin
2024-01-03 09:33:39,430 [INFO] PluginManager:220 - loadIPPluginJar : add touchsensing
2024-01-03 09:33:39,482 [INFO] IPUIPlugin:80 - create IPUIPlugin
2024-01-03 09:33:39,482 [INFO] PluginManager:220 - loadIPPluginJar : add tracer_emb
2024-01-03 09:33:39,527 [INFO] IPUIPlugin:80 - create IPUIPlugin
2024-01-03 09:33:39,527 [INFO] PluginManager:220 - loadIPPluginJar : add ts
2024-01-03 09:33:39,568 [INFO] IPUIPlugin:80 - create IPUIPlugin
2024-01-03 09:33:39,569 [INFO] PluginManager:220 - loadIPPluginJar : add tsc
2024-01-03 09:33:39,605 [INFO] IPUIPlugin:80 - create IPUIPlugin
2024-01-03 09:33:39,605 [INFO] PluginManager:220 - loadIPPluginJar : add ucpd
2024-01-03 09:33:39,686 [INFO] IPUIPlugin:80 - create IPUIPlugin
2024-01-03 09:33:39,686 [INFO] PluginManager:220 - loadIPPluginJar : add usart
2024-01-03 09:33:39,760 [INFO] IPUIPlugin:80 - create IPUIPlugin
2024-01-03 09:33:39,760 [INFO] PluginManager:220 - loadIPPluginJar : add usbx
2024-01-03 09:33:39,929 [INFO] CADModel:165 - CPN selected for project level
2024-01-03 09:33:39,929 [INFO] CADModel:114 - Register for checkConnection events
2024-01-03 09:33:39,929 [FATAL] Updater:308 - Updater called before beeing initialized
2024-01-03 09:33:39,930 [ERROR] CADModel:125 - Updater not yet initialized, retry later 
2024-01-03 09:33:40,206 [INFO] CADModel:165 - CPN selected for project level
2024-01-03 09:33:40,206 [INFO] CADModel:114 - Register for checkConnection events
2024-01-03 09:33:40,206 [FATAL] Updater:308 - Updater called before beeing initialized
2024-01-03 09:33:40,206 [ERROR] CADModel:125 - Updater not yet initialized, retry later 
2024-01-03 09:33:40,214 [FATAL] Updater:308 - Updater called before beeing initialized
2024-01-03 09:33:40,430 [FATAL] Updater:308 - Updater called before beeing initialized
2024-01-03 09:33:40,441 [INFO] DbMcusAds:53 - JSON generation date=Wed Nov 29 19:52:27 JST 2023 (1701255147349)
2024-01-03 09:33:40,442 [FATAL] Updater:308 - Updater called before beeing initialized
2024-01-03 09:33:40,595 [WARN] DetailPanel:346 - Failed to get advertising image, set to default
2024-01-03 09:33:40,780 [FATAL] Updater:308 - Updater called before beeing initialized
2024-01-03 09:33:40,783 [FATAL] Updater:308 - Updater called before beeing initialized
2024-01-03 09:33:40,783 [FATAL] Updater:308 - Updater called before beeing initialized
2024-01-03 09:33:40,784 [WARN] DetailPanel:346 - Failed to get advertising image, set to default
2024-01-03 09:33:40,785 [FATAL] Updater:308 - Updater called before beeing initialized
2024-01-03 09:33:40,887 [ERROR] Updater:1120 - MainUpdater not yet initialized. External WinMGr cannot be set.
2024-01-03 09:33:40,911 [INFO] Updater:1056 - Updater Version found : 6.9.1
2024-01-03 09:33:40,949 [INFO] ApplicationProperties:184 - Using Application install path: C:\ST\STM32CubeIDE_1.4.0\STM32CubeIDE\plugins\com.st.stm32cube.common.mx_6.9.1.202307191849
2024-01-03 09:33:41,276 [INFO] MainUpdater:2868 - connection check result : 10
2024-01-03 09:33:41,277 [INFO] MainUpdater:285 - Updater Check For Update Now.
2024-01-03 09:33:41,278 [INFO] MicroXplorer:498 - Change Database Version : DB.6.0.91
2024-01-03 09:33:41,308 [WARN] MainUpdater:1189 - Updater busy. Cannot search thirdparties
2024-01-03 09:33:41,309 [INFO] ThirdPartyUpdaterWithRetryManager:96 - Updater plugin is busy. [1/15]
2024-01-03 09:33:41,310 [INFO] McuFinderGlobals:63 - Set McuFinder mode to 2 (CubeIDE integrated)
2024-01-03 09:33:41,311 [INFO] UserAuth:179 - activating auth plugin
2024-01-03 09:33:41,316 [INFO] UserAuth:393 - Internet connection configuration mode: 1
2024-01-03 09:33:41,353 [INFO] JxBrowserEngine:151 - Initiate JxBrowser Engine with user profile folder
2024-01-03 09:33:41,571 [INFO] CheckServerUpdateThread:120 - End of CheckServer Thread
2024-01-03 09:33:42,956 [INFO] WebApp:157 - Instantiating new browser for Auth
2024-01-03 09:33:44,674 [INFO] WebApp:753 - Register for checkConnection events
2024-01-03 09:33:44,674 [INFO] WebApp:390 - Apply proxy settings
2024-01-03 09:33:44,675 [INFO] WebApp:475 - Chromium requires no authentication
2024-01-03 09:33:44,698 [INFO] WebApp:418 - Direct internet connection detected
2024-01-03 09:33:44,796 [WARN] PackLoader:240 - Cannot read IP mode file for STMicroelectronics.X-CUBE-SMBUS.2.1.0
2024-01-03 09:33:44,815 [WARN] PackLoader:240 - Cannot read IP mode file for STMicroelectronics.X-CUBE-TOUCHGFX.4.23.0
2024-01-03 09:33:44,905 [WARN] PackLoader:240 - Cannot read IP mode file for STMicroelectronics.X-CUBE-AZRTOS-F7.1.1.0
2024-01-03 09:33:44,930 [ERROR] RealEvaluatedCondition:428 - Found unsupported composite condition: GROUP='STM32_MetaDataManager' CLASS='Data Exchange'
2024-01-03 09:33:44,931 [ERROR] RealEvaluatedCondition:428 - Found unsupported composite condition: CLASS='Data Exchange' GROUP='STM32_MetaDataManager'
2024-01-03 09:33:44,936 [WARN] PackLoader:240 - Cannot read IP mode file for STMicroelectronics.FP-SNS-MOTENV1.4.3.0
2024-01-03 09:33:44,959 [WARN] PackLoader:240 - Cannot read IP mode file for STMicroelectronics.FP-SNS-MOTENV1.4.3.2
2024-01-03 09:33:44,978 [WARN] PackLoader:240 - Cannot read IP mode file for STMicroelectronics.FP-SNS-FLIGHT1.5.0.0
2024-01-03 09:33:44,989 [ERROR] RealEvaluatedCondition:428 - Found unsupported composite condition: GROUP='STM32_MetaDataManager' CLASS='Data Exchange'
2024-01-03 09:33:44,989 [ERROR] RealEvaluatedCondition:428 - Found unsupported composite condition: CLASS='Data Exchange' GROUP='STM32_MetaDataManager'
2024-01-03 09:33:44,994 [WARN] PackLoader:240 - Cannot read IP mode file for STMicroelectronics.FP-SNS-MOTENV1.4.3.1
2024-01-03 09:33:45,011 [WARN] PackLoader:240 - Cannot read IP mode file for STMicroelectronics.FP-SNS-FLIGHT1.5.0.1
2024-01-03 09:33:45,033 [WARN] PackLoader:240 - Cannot read IP mode file for STMicroelectronics.X-CUBE-BLE1.6.2.4
2024-01-03 09:33:45,047 [WARN] PackLoader:240 - Cannot read IP mode file for STMicroelectronics.FP-SNS-FLIGHT1.5.0.2
2024-01-03 09:33:45,069 [WARN] PackLoader:240 - Cannot read IP mode file for STMicroelectronics.X-CUBE-DISPLAY.3.0.0
2024-01-03 09:33:45,093 [WARN] PackLoader:240 - Cannot read IP mode file for STMicroelectronics.X-CUBE-BLE1.7.0.0
2024-01-03 09:33:45,101 [WARN] PackLoader:240 - Cannot read IP mode file for STMicroelectronics.X-CUBE-TOUCHGFX.4.22.0
2024-01-03 09:33:45,108 [WARN] PackLoader:240 - Cannot read IP mode file for STMicroelectronics.X-CUBE-TOUCHGFX.4.22.1
2024-01-03 09:33:45,137 [WARN] PackLoader:240 - Cannot read IP mode file for STMicroelectronics.FP-SNS-SMARTAG2.1.2.0
2024-01-03 09:33:45,165 [INFO] LogOutputStream:77 - [STDOUT_REDIRECT] 1 : Invalid condition id : UX_CORESTACK_Condition cause : null
2024-01-03 09:33:45,166 [INFO] LogOutputStream:77 - [STDOUT_REDIRECT] 1 : Invalid condition id : UX_CORESTACK_Condition cause : null
2024-01-03 09:33:45,170 [INFO] LogOutputStream:77 - [STDOUT_REDIRECT] 1 : Invalid condition id : UX_CORESTACK_Condition cause : null
2024-01-03 09:33:45,176 [INFO] LogOutputStream:77 - [STDOUT_REDIRECT] 1 : Invalid condition id : UX_CORESTACK_Condition cause : null
2024-01-03 09:33:45,179 [INFO] LogOutputStream:77 - [STDOUT_REDIRECT] 1 : Invalid condition id : UX_CORESTACK_Condition cause : null
2024-01-03 09:33:45,188 [WARN] PackLoader:240 - Cannot read IP mode file for STMicroelectronics.X-CUBE-AZRTOS-WL.2.0.0
2024-01-03 09:33:45,217 [WARN] PackLoader:240 - Cannot read IP mode file for WES.I-CUBE-Cesium.1.3.0
2024-01-03 09:33:45,230 [WARN] PackLoader:240 - Cannot read IP mode file for STMicroelectronics.X-CUBE-BLE2.3.3.0
2024-01-03 09:33:45,284 [WARN] PackLoader:240 - Cannot read IP mode file for STMicroelectronics.X-CUBE-TOF1.3.2.0
2024-01-03 09:33:45,351 [WARN] PackLoader:240 - Cannot read IP mode file for STMicroelectronics.X-CUBE-TOUCHGFX.4.21.1
2024-01-03 09:33:45,356 [WARN] PackLoader:240 - Cannot read IP mode file for STMicroelectronics.X-CUBE-TOUCHGFX.4.21.3
2024-01-03 09:33:45,362 [WARN] PackLoader:240 - Cannot read IP mode file for STMicroelectronics.X-CUBE-TOUCHGFX.4.21.4
2024-01-03 09:33:45,394 [WARN] PackLoader:240 - Cannot read IP mode file for STMicroelectronics.X-CUBE-ALGOBUILD.1.3.0
2024-01-03 09:33:45,410 [INFO] WebApp:188 - Starting web application
2024-01-03 09:33:45,410 [INFO] WebApp:520 - Web application path used C:\ST\STM32CubeIDE_1.4.0\STM32CubeIDE\plugins\com.st.stm32cube.common.mx_6.9.1.202307191849\db\plugins\mcufinder\reactClient1\index.html
2024-01-03 09:33:45,480 [WARN] PackLoader:240 - Cannot read IP mode file for STMicroelectronics.X-CUBE-AZRTOS-G0.1.1.0
2024-01-03 09:33:45,513 [WARN] PackLoader:240 - Cannot read IP mode file for STMicroelectronics.X-CUBE-NFC4.3.0.0
2024-01-03 09:33:45,548 [WARN] PackLoader:240 - Cannot read IP mode file for STMicroelectronics.X-CUBE-BLEMGR.3.0.0
2024-01-03 09:33:45,577 [WARN] PackLoader:240 - Cannot read IP mode file for STMicroelectronics.FP-ATR-SIGFOX1.3.2.0
2024-01-03 09:33:45,706 [WARN] PackLoader:240 - Cannot read IP mode file for STMicroelectronics.X-CUBE-MEMS1.9.5.0
2024-01-03 09:33:46,361 [WARN] PackLoader:240 - Cannot read IP mode file for SEGGER.I-CUBE-embOS.1.3.1
2024-01-03 09:33:46,537 [WARN] PackLoader:240 - Cannot read IP mode file for STMicroelectronics.X-CUBE-GNSS1.6.0.0
2024-01-03 09:33:46,592 [WARN] PackLoader:240 - Cannot read IP mode file for STMicroelectronics.X-CUBE-AZRTOS-F4.1.1.0
2024-01-03 09:33:46,656 [WARN] PackLoader:240 - Cannot read IP mode file for STMicroelectronics.X-CUBE-AZRTOS-L5.2.0.0
2024-01-03 09:33:46,816 [WARN] PackLoader:240 - Cannot read IP mode file for STMicroelectronics.X-CUBE-MEMS1.9.6.0
2024-01-03 09:33:47,363 [WARN] PackLoader:240 - Cannot read IP mode file for STMicroelectronics.X-CUBE-EEPRMA1.4.2.0
2024-01-03 09:33:47,376 [WARN] PackLoader:240 - Cannot read IP mode file for ITTIA_DB.I-CUBE-ITTIADB.8.8.0
2024-01-03 09:33:47,392 [WARN] PackLoader:240 - Cannot read IP mode file for emotas.I-CUBE-CANOPEN.1.1.3
2024-01-03 09:33:47,408 [WARN] PackLoader:240 - Cannot read IP mode file for STMicroelectronics.X-CUBE-BLEMGR.2.0.0
2024-01-03 09:33:47,460 [WARN] ConditionMgr:438 - getConditionDescription Invalid condition id : UX DEVICE CLASS RTOS Condition cause : null
2024-01-03 09:33:47,461 [WARN] ConditionMgr:438 - getConditionDescription Invalid condition id : UX DEVICE CLASS RTOS Condition cause : null
2024-01-03 09:33:47,469 [WARN] PackLoader:240 - Cannot read IP mode file for STMicroelectronics.X-CUBE-AZRTOS-H7.3.1.0
2024-01-03 09:33:47,472 [WARN] ConditionMgr:1039 - genDependencies : Invalid condition id : UX DEVICE CLASS RTOS Condition cause : null
2024-01-03 09:33:47,473 [WARN] ConditionMgr:1039 - genDependencies : Invalid condition id : UX DEVICE CLASS RTOS Condition cause : null
2024-01-03 09:33:47,475 [WARN] ConditionMgr:1039 - genDependencies : Invalid condition id : UX DEVICE CLASS RTOS Condition cause : null
2024-01-03 09:33:47,476 [WARN] ConditionMgr:1039 - genDependencies : Invalid condition id : UX DEVICE CLASS RTOS Condition cause : null
2024-01-03 09:33:47,477 [WARN] ConditionMgr:1039 - genDependencies : Invalid condition id : UX DEVICE CLASS RTOS Condition cause : null
2024-01-03 09:33:47,490 [WARN] PackLoader:240 - Cannot read IP mode file for wolfSSL.I-CUBE-wolfSSL.5.5.4
2024-01-03 09:33:47,500 [WARN] PackLoader:240 - Cannot read IP mode file for STMicroelectronics.X-CUBE-NFC7.1.0.1
2024-01-03 09:33:47,510 [WARN] PackLoader:240 - Cannot read IP mode file for STMicroelectronics.X-CUBE-NFC7.1.0.0
2024-01-03 09:33:47,527 [WARN] PackLoader:240 - Cannot read IP mode file for STMicroelectronics.X-CUBE-NFC6.3.0.0
2024-01-03 09:33:47,539 [WARN] PackLoader:240 - Cannot read IP mode file for STMicroelectronics.X-CUBE-EEPRMA1.4.1.0
2024-01-03 09:33:47,550 [WARN] PackLoader:240 - Cannot read IP mode file for STMicroelectronics.X-CUBE-AI.8.1.0
2024-01-03 09:33:47,584 [WARN] ConditionMgr:438 - getConditionDescription Invalid condition id : LAN8742 Phy interface Condition cause : null
2024-01-03 09:33:47,586 [WARN] PackLoader:240 - Cannot read IP mode file for STMicroelectronics.X-CUBE-AZRTOS-L4.2.0.0
2024-01-03 09:33:47,588 [WARN] ConditionMgr:1039 - genDependencies : Invalid condition id : LAN8742 Phy interface Condition cause : null
2024-01-03 09:33:47,589 [WARN] ConditionMgr:1039 - genDependencies : Invalid condition id : LAN8742 Phy interface Condition cause : null
2024-01-03 09:33:47,591 [WARN] ConditionMgr:1039 - genDependencies : Invalid condition id : LAN8742 Phy interface Condition cause : null
2024-01-03 09:33:47,606 [WARN] PackLoader:240 - Cannot read IP mode file for STMicroelectronics.X-CUBE-SFXS2LP1.4.0.0
2024-01-03 09:33:47,643 [WARN] PackLoader:240 - Cannot read IP mode file for STMicroelectronics.X-CUBE-AZRTOS-H7.3.0.0
2024-01-03 09:33:47,659 [WARN] PackLoader:240 - Cannot read IP mode file for STMicroelectronics.X-CUBE-ISPU.1.1.0
2024-01-03 09:33:47,688 [WARN] PackLoader:240 - Cannot read IP mode file for RoweBots.I-CUBE-UNISONRTOS.5.5.0-4
2024-01-03 09:33:47,696 [WARN] PackLoader:240 - Cannot read IP mode file for STMicroelectronics.X-CUBE-AI.8.0.0
2024-01-03 09:33:47,727 [WARN] ConditionMgr:438 - getConditionDescription Invalid condition id : UX DEVICE CLASS RTOS Condition cause : null
2024-01-03 09:33:47,728 [WARN] ConditionMgr:438 - getConditionDescription Invalid condition id : UX DEVICE CLASS RTOS Condition cause : null
2024-01-03 09:33:47,735 [WARN] PackLoader:240 - Cannot read IP mode file for STMicroelectronics.X-CUBE-AZRTOS-WB.2.0.0
2024-01-03 09:33:47,737 [WARN] ConditionMgr:1039 - genDependencies : Invalid condition id : UX DEVICE CLASS RTOS Condition cause : null
2024-01-03 09:33:47,738 [WARN] ConditionMgr:1039 - genDependencies : Invalid condition id : UX DEVICE CLASS RTOS Condition cause : null
2024-01-03 09:33:47,739 [WARN] ConditionMgr:1039 - genDependencies : Invalid condition id : UX DEVICE CLASS RTOS Condition cause : null
2024-01-03 09:33:47,740 [WARN] ConditionMgr:1039 - genDependencies : Invalid condition id : UX DEVICE CLASS RTOS Condition cause : null
2024-01-03 09:33:47,740 [WARN] ConditionMgr:1039 - genDependencies : Invalid condition id : UX DEVICE CLASS RTOS Condition cause : null
2024-01-03 09:33:47,755 [WARN] PackLoader:240 - Cannot read IP mode file for STMicroelectronics.X-CUBE-FREERTOS.1.0.0
2024-01-03 09:33:47,765 [WARN] PackLoader:240 - Cannot read IP mode file for STMicroelectronics.X-CUBE-FREERTOS.1.0.1
2024-01-03 09:33:47,798 [WARN] PackLoader:240 - Cannot read IP mode file for STMicroelectronics.X-CUBE-AZRTOS-L5.1.1.0
2024-01-03 09:33:47,809 [WARN] PackLoader:240 - Cannot read IP mode file for STMicroelectronics.X-CUBE-AI.8.0.1
2024-01-03 09:33:47,830 [WARN] PackLoader:240 - Cannot read IP mode file for STMicroelectronics.X-CUBE-SUBG2.5.0.0
2024-01-03 09:33:47,853 [WARN] PackLoader:240 - Cannot read IP mode file for STMicroelectronics.X-CUBE-TOF1.3.3.1
2024-01-03 09:33:47,897 [WARN] PackLoader:240 - Cannot read IP mode file for STMicroelectronics.X-CUBE-AZRTOS-G4.2.0.0
2024-01-03 09:33:47,921 [WARN] PackLoader:240 - Cannot read IP mode file for STMicroelectronics.X-CUBE-TOF1.3.3.0
2024-01-03 09:33:47,945 [WARN] PackLoader:240 - Cannot read IP mode file for STMicroelectronics.FP-ATR-ASTRA1.1.1.1
2024-01-03 09:33:47,975 [WARN] PackLoader:240 - Cannot read IP mode file for Infineon.AIROC-Wi-Fi-Bluetooth-STM32.1.5.1
2024-01-03 09:33:47,990 [WARN] PackLoader:240 - Cannot read IP mode file for STMicroelectronics.FP-SNS-MOTENVWB1.1.3.0
2024-01-03 09:33:47,999 [WARN] PackLoader:240 - Cannot read IP mode file for STMicroelectronics.FP-SNS-MOTENVWB1.1.3.1
2024-01-03 09:33:48,029 [WARN] PackLoader:240 - Cannot read IP mode file for STMicroelectronics.X-CUBE-AZRTOS-G4.1.0.0
2024-01-03 09:33:48,073 [WARN] PackLoader:240 - Cannot read IP mode file for STMicroelectronics.X-CUBE-AZRTOS-L4.1.0.0
2024-01-03 09:33:48,085 [WARN] PackLoader:240 - Cannot read IP mode file for STMicroelectronics.X-CUBE-ISPU.2.0.0
2024-01-03 09:33:48,224 [WARN] PackLoader:240 - Cannot read IP mode file for STMicroelectronics.X-CUBE-MEMS1.10.0.0
2024-01-03 09:33:48,521 [WARN] PackLoader:240 - Cannot read IP mode file for STMicroelectronics.X-CUBE-FREERTOS.1.1.0
2024-01-03 09:33:48,551 [WARN] PackLoader:240 - Cannot read IP mode file for STMicroelectronics.X-CUBE-AZRTOS-WL.1.0.0
2024-01-03 09:33:48,567 [WARN] PackLoader:240 - Cannot read IP mode file for portGmbH.I-Cube-SoM-uGOAL.1.1.0
2024-01-03 09:33:48,576 [WARN] PackLoader:240 - Cannot read IP mode file for STMicroelectronics.X-CUBE-ALS.1.0.1
2024-01-03 09:33:48,606 [WARN] PackLoader:240 - Cannot read IP mode file for STMicroelectronics.X-CUBE-AZRTOS-WB.1.1.0
2024-01-03 09:33:48,617 [WARN] PackLoader:240 - Cannot read IP mode file for STMicroelectronics.FP-ATR-ASTRA1.2.0.0
2024-01-03 09:33:48,638 [WARN] PackLoader:240 - Cannot read IP mode file for STMicroelectronics.X-CUBE-TOF1.3.4.0
2024-01-03 09:33:48,698 [WARN] PackLoader:240 - Cannot read IP mode file for STMicroelectronics.X-CUBE-AZRTOS-H7.3.2.0
2024-01-03 09:33:48,706 [INFO] ThirdParty:978 - Integrity check success = true
2024-01-03 09:33:48,706 [INFO] IntegrityCheckThread:100 - exiting critical section [integrity check]
2024-01-03 09:33:48,706 [INFO] IntegrityCheckThread:103 - End integrity checks thread
2024-01-03 10:01:36,254 [ERROR] LogOutputStream:75 - [STDERR_REDIRECT] SLF4J: Failed to load class "org.slf4j.impl.StaticLoggerBinder".
2024-01-03 10:01:36,256 [ERROR] LogOutputStream:75 - [STDERR_REDIRECT] SLF4J: Defaulting to no-operation (NOP) logger implementation
2024-01-03 10:01:36,259 [ERROR] LogOutputStream:75 - [STDERR_REDIRECT] SLF4J: See http://www.slf4j.org/codes.html#StaticLoggerBinder for further details.
2024-01-03 23:06:47,613 [ERROR] LogOutputStream:75 - [STDERR_REDIRECT] 
