2023-10-27 14:56:26,898 [INFO] Activator:176 - 


2023-10-27 14:56:26,911 [INFO] Activator:177 - !SESSION log4j initialized
2023-10-27 14:56:40,104 [INFO] LogOutputStream:77 - [STDOUT_REDIRECT] 
2023-10-27 14:56:47,790 [INFO] ApplicationProperties:184 - Using Application install path: C:\ST\STM32CubeIDE_1.4.0\STM32CubeIDE\plugins\com.st.stm32cube.common.mx_6.9.1.202307191849
2023-10-27 14:56:47,827 [INFO] DbMcusXml:78 - Set database path to: C:\ST\STM32CubeIDE_1.4.0\STM32CubeIDE\plugins\com.st.stm32cube.common.mx_6.9.1.202307191849\\db\/mcu/
2023-10-27 14:56:47,828 [INFO] ApiDb:274 - Set plugin database path to: C:\ST\STM32CubeIDE_1.4.0\STM32CubeIDE\plugins\com.st.stm32cube.common.mx_6.9.1.202307191849\\db\/plugins/boardmanager/
2023-10-27 14:56:47,829 [WARN] ApiDb:259 - Overriding images path with different value:  => C:\ST\STM32CubeIDE_1.4.0\STM32CubeIDE\plugins\com.st.stm32cube.common.mx_6.9.1.202307191849\\db\/plugins/mcufinder/images/
2023-10-27 14:56:47,854 [INFO] ApiDb:250 - Set database path to: C:\Users\Minh\.stmcufinder\plugins\mcufinder//mcu/
2023-10-27 14:56:47,857 [INFO] DbMcusAds:125 - Set database path to: C:\Users\Minh\.stmcufinder\plugins\mcufinder//mcu/
2023-10-27 14:56:47,862 [INFO] CrossReferenceDbSqlite:203 - Set database path to: C:\Users\Minh\.stmcufinder\plugins\mcufinder//mcu/cs/
2023-10-27 14:56:48,197 [INFO] RulesReader:64 - Compatibility file has been processed (293 Rules)
2023-10-27 14:56:48,414 [INFO] DbMcusXml:78 - Set database path to: C:\ST\STM32CubeIDE_1.4.0\STM32CubeIDE\plugins\com.st.stm32cube.common.mx_6.9.1.202307191849\\db\/mcu/
2023-10-27 14:56:48,414 [INFO] ApiDb:274 - Set plugin database path to: C:\ST\STM32CubeIDE_1.4.0\STM32CubeIDE\plugins\com.st.stm32cube.common.mx_6.9.1.202307191849\\db\/plugins/boardmanager/
2023-10-27 14:56:48,415 [INFO] ApiDb:261 - Set plugin images path to: C:\ST\STM32CubeIDE_1.4.0\STM32CubeIDE\plugins\com.st.stm32cube.common.mx_6.9.1.202307191849\\db\/plugins/mcufinder/images/
2023-10-27 14:56:48,415 [WARN] DbFile:41 - Overriding database path with different value: C:\Users\Minh\.stmcufinder\plugins\mcufinder/ => C:\Users\Minh\.stmcufinder\plugins\mcufinder
2023-10-27 14:56:48,415 [INFO] ApiDb:250 - Set database path to: C:\Users\Minh\.stmcufinder\plugins\mcufinder//mcu/
2023-10-27 14:56:48,416 [WARN] DbFile:41 - Overriding database path with different value: C:\Users\Minh\.stmcufinder\plugins\mcufinder/ => C:\Users\Minh\.stmcufinder\plugins\mcufinder
2023-10-27 14:56:48,416 [INFO] DbMcusAds:125 - Set database path to: C:\Users\Minh\.stmcufinder\plugins\mcufinder//mcu/
2023-10-27 14:56:48,416 [WARN] DbFile:41 - Overriding database path with different value: C:\Users\Minh\.stmcufinder\plugins\mcufinder/ => C:\Users\Minh\.stmcufinder\plugins\mcufinder
2023-10-27 14:56:48,416 [WARN] DbFile:41 - Overriding database path with different value: C:\Users\Minh\.stmcufinder\plugins\mcufinder/ => C:\Users\Minh\.stmcufinder\plugins\mcufinder
2023-10-27 14:56:48,416 [INFO] CrossReferenceDbSqlite:203 - Set database path to: C:\Users\Minh\.stmcufinder\plugins\mcufinder//mcu/cs/
2023-10-27 14:56:48,574 [INFO] MainPanel:262 - HeapMemory: 268435456
2023-10-27 14:56:48,766 [INFO] DbMcusXml:78 - Set database path to: C:\ST\STM32CubeIDE_1.4.0\STM32CubeIDE\plugins\com.st.stm32cube.common.mx_6.9.1.202307191849\\db\/mcu/
2023-10-27 14:56:48,766 [INFO] ApiDb:274 - Set plugin database path to: C:\ST\STM32CubeIDE_1.4.0\STM32CubeIDE\plugins\com.st.stm32cube.common.mx_6.9.1.202307191849\\db\/plugins/boardmanager/
2023-10-27 14:56:48,766 [INFO] ApiDb:261 - Set plugin images path to: C:\ST\STM32CubeIDE_1.4.0\STM32CubeIDE\plugins\com.st.stm32cube.common.mx_6.9.1.202307191849\\db\/plugins/mcufinder/images/
2023-10-27 14:56:48,767 [WARN] DbFile:41 - Overriding database path with different value: C:\Users\Minh\.stmcufinder\plugins\mcufinder/ => C:\Users\Minh\.stmcufinder\plugins\mcufinder
2023-10-27 14:56:48,768 [INFO] ApiDb:250 - Set database path to: C:\Users\Minh\.stmcufinder\plugins\mcufinder//mcu/
2023-10-27 14:56:48,768 [WARN] DbFile:41 - Overriding database path with different value: C:\Users\Minh\.stmcufinder\plugins\mcufinder/ => C:\Users\Minh\.stmcufinder\plugins\mcufinder
2023-10-27 14:56:48,768 [INFO] DbMcusAds:125 - Set database path to: C:\Users\Minh\.stmcufinder\plugins\mcufinder//mcu/
2023-10-27 14:56:48,768 [WARN] DbFile:41 - Overriding database path with different value: C:\Users\Minh\.stmcufinder\plugins\mcufinder/ => C:\Users\Minh\.stmcufinder\plugins\mcufinder
2023-10-27 14:56:48,769 [WARN] DbFile:41 - Overriding database path with different value: C:\Users\Minh\.stmcufinder\plugins\mcufinder/ => C:\Users\Minh\.stmcufinder\plugins\mcufinder
2023-10-27 14:56:48,769 [INFO] CrossReferenceDbSqlite:203 - Set database path to: C:\Users\Minh\.stmcufinder\plugins\mcufinder//mcu/cs/
2023-10-27 14:56:48,805 [INFO] ApplicationProperties:184 - Using Application install path: C:\ST\STM32CubeIDE_1.4.0\STM32CubeIDE\plugins\com.st.stm32cube.common.mx_6.9.1.202307191849
2023-10-27 14:56:48,807 [INFO] PluginManage:196 - Search for loadable plugins [exclusion list=, ]
2023-10-27 14:56:48,811 [INFO] PluginManage:310 - Check plugin analytics
2023-10-27 14:56:53,718 [INFO] AnalyticsPlugin:253 - Accepted Software Licenses: STM32CubeMX.6.0.0,STM32CubeMX.5.2.0
2023-10-27 14:56:53,719 [INFO] AnalyticsPlugin:255 - Accepted CMSIS Pack Licenses: 
2023-10-27 14:56:53,719 [INFO] AnalyticsPlugin:257 - Accepted Firmware Licenses: 
2023-10-27 14:56:53,725 [INFO] PluginManage:359 - Loaded plugin analytics (category:tool,tabindex:-1)
2023-10-27 14:56:53,727 [INFO] PluginManage:310 - Check plugin cadmodel
2023-10-27 14:56:53,760 [INFO] CADModel:105 - Init CAD model plugin
2023-10-27 14:56:53,760 [INFO] PluginManage:359 - Loaded plugin cadmodel (category:power,tabindex:5)
2023-10-27 14:56:53,760 [INFO] PluginManage:310 - Check plugin clock
2023-10-27 14:56:53,800 [INFO] PluginManage:359 - Loaded plugin clock (category:base,tabindex:2)
2023-10-27 14:56:53,800 [INFO] PluginManage:310 - Check plugin ddr
2023-10-27 14:56:53,805 [INFO] PluginManage:359 - Loaded plugin ddr (category:tool,tabindex:6)
2023-10-27 14:56:53,806 [INFO] PluginManage:310 - Check plugin filemanager
2023-10-27 14:56:54,080 [INFO] PluginManage:359 - Loaded plugin filemanager (category:base,tabindex:10)
2023-10-27 14:56:54,080 [INFO] PluginManage:310 - Check plugin ipmanager
2023-10-27 14:56:54,095 [INFO] PluginManage:359 - Loaded plugin ipmanager (category:base,tabindex:5)
2023-10-27 14:56:54,095 [INFO] PluginManage:310 - Check plugin lpbam
2023-10-27 14:56:54,131 [INFO] PluginManage:359 - Loaded plugin lpbam (category:base,tabindex:0)
2023-10-27 14:56:54,132 [INFO] PluginManage:310 - Check plugin memorymap
2023-10-27 14:56:54,174 [INFO] PluginManage:359 - Loaded plugin memorymap (category:base,tabindex:4)
2023-10-27 14:56:54,175 [INFO] PluginManage:310 - Check plugin pinoutandconfiguration
2023-10-27 14:56:54,210 [INFO] PluginManage:359 - Loaded plugin pinoutandconfiguration (category:base,tabindex:1)
2023-10-27 14:56:54,210 [INFO] PluginManage:310 - Check plugin pinoutconfig
2023-10-27 14:56:54,415 [WARN] SupportedApi:132 - Cannot load RTOS API schema: s4s-elt-must-match.1: The content of 'definitions' must match (annotation?, (simpleType | complexType)?, (unique | key | keyref)*)). A problem was found starting at: attribute.
2023-10-27 14:56:54,668 [INFO] PluginManage:359 - Loaded plugin pinoutconfig (category:base,tabindex:0)
2023-10-27 14:56:54,669 [INFO] PluginManage:310 - Check plugin power
2023-10-27 14:56:54,709 [INFO] PluginManage:359 - Loaded plugin power (category:power,tabindex:4)
2023-10-27 14:56:54,709 [INFO] PluginManage:310 - Check plugin projectmanager
2023-10-27 14:56:54,741 [INFO] PluginManage:359 - Loaded plugin projectmanager (category:projectmanager,tabindex:3)
2023-10-27 14:56:54,741 [INFO] PluginManage:310 - Check plugin thirdparty
2023-10-27 14:56:55,289 [INFO] PluginManage:359 - Loaded plugin thirdparty (category:base,tabindex:-1)
2023-10-27 14:56:55,289 [WARN] IntegrityCheckThread:84 - waiting for thirdparty lock release [integrity check]
2023-10-27 14:56:55,289 [INFO] PluginManage:310 - Check plugin tools
2023-10-27 14:56:55,289 [INFO] IntegrityCheckThread:86 - entering critical section [integrity check]
2023-10-27 14:56:55,290 [INFO] ThirdPartyUpdaterWithRetryManager:70 - Updater plugin not ready yet. [1/15]
2023-10-27 14:56:55,360 [INFO] PluginManage:359 - Loaded plugin tools (category:base,tabindex:7)
2023-10-27 14:56:55,360 [INFO] PluginManage:310 - Check plugin tutovideos
2023-10-27 14:56:55,735 [INFO] PluginManage:359 - Loaded plugin tutovideos (category:base,tabindex:-1)
2023-10-27 14:56:55,736 [INFO] PluginManage:310 - Check plugin updater
2023-10-27 14:56:55,757 [INFO] PluginManage:359 - Loaded plugin updater (category:base,tabindex:12)
2023-10-27 14:56:55,757 [INFO] PluginManage:310 - Check plugin userauth
2023-10-27 14:56:55,768 [INFO] UserAuth:113 - Init User Auth plugin
2023-10-27 14:56:55,769 [INFO] PluginManage:359 - Loaded plugin userauth (category:base,tabindex:14)
2023-10-27 14:56:55,770 [INFO] PluginManage:283 - PluginManage : Loaded plugins [17]
2023-10-27 14:56:56,194 [INFO] PinOutPanel:1499 - setPackage(No Configuration,No Configuration)
2023-10-27 14:56:56,398 [INFO] CADModel:165 - CPN selected for project level
2023-10-27 14:56:56,398 [INFO] CADModel:114 - Register for checkConnection events
2023-10-27 14:56:56,450 [INFO] IPUIPlugin:80 - create IPUIPlugin
2023-10-27 14:56:56,451 [INFO] PluginManager:220 - loadIPPluginJar : add adc
2023-10-27 14:56:56,523 [INFO] IPUIPlugin:80 - create IPUIPlugin
2023-10-27 14:56:56,523 [INFO] PluginManager:220 - loadIPPluginJar : add aes
2023-10-27 14:56:56,593 [INFO] IPUIPlugin:80 - create IPUIPlugin
2023-10-27 14:56:56,593 [INFO] PluginManager:220 - loadIPPluginJar : add can
2023-10-27 14:56:56,635 [INFO] IPUIPlugin:80 - create IPUIPlugin
2023-10-27 14:56:56,635 [INFO] PluginManager:220 - loadIPPluginJar : add comp
2023-10-27 14:56:56,704 [INFO] IPUIPlugin:80 - create IPUIPlugin
2023-10-27 14:56:56,704 [INFO] PluginManager:220 - loadIPPluginJar : add cryp
2023-10-27 14:56:56,768 [INFO] IPUIPlugin:80 - create IPUIPlugin
2023-10-27 14:56:56,768 [INFO] PluginManager:220 - loadIPPluginJar : add dfsdm
2023-10-27 14:56:56,792 [INFO] IPUIPlugin:80 - create IPUIPlugin
2023-10-27 14:56:56,793 [INFO] PluginManager:220 - loadIPPluginJar : add dma
2023-10-27 14:56:56,879 [INFO] IPUIPlugin:80 - create IPUIPlugin
2023-10-27 14:56:56,879 [INFO] PluginManager:220 - loadIPPluginJar : add dma3
2023-10-27 14:56:56,922 [INFO] IPUIPlugin:80 - create IPUIPlugin
2023-10-27 14:56:56,923 [INFO] PluginManager:220 - loadIPPluginJar : add fatfs
2023-10-27 14:56:57,001 [INFO] IPUIPlugin:80 - create IPUIPlugin
2023-10-27 14:56:57,001 [INFO] PluginManager:220 - loadIPPluginJar : add fmc
2023-10-27 14:56:57,028 [INFO] IPUIPlugin:80 - create IPUIPlugin
2023-10-27 14:56:57,028 [INFO] PluginManager:220 - loadIPPluginJar : add freertos
2023-10-27 14:56:57,069 [INFO] IPUIPlugin:80 - create IPUIPlugin
2023-10-27 14:56:57,070 [INFO] PluginManager:220 - loadIPPluginJar : add genericplugin
2023-10-27 14:56:57,240 [INFO] IPUIPlugin:80 - create IPUIPlugin
2023-10-27 14:56:57,241 [INFO] PluginManager:220 - loadIPPluginJar : add gfxmmu
2023-10-27 14:56:57,471 [INFO] IPUIPlugin:80 - create IPUIPlugin
2023-10-27 14:56:57,472 [INFO] PluginManager:220 - loadIPPluginJar : add gic
2023-10-27 14:56:57,498 [INFO] IPUIPlugin:80 - create IPUIPlugin
2023-10-27 14:56:57,499 [INFO] PluginManager:220 - loadIPPluginJar : add gpio
2023-10-27 14:56:57,654 [INFO] IPUIPlugin:80 - create IPUIPlugin
2023-10-27 14:56:57,655 [INFO] PluginManager:220 - loadIPPluginJar : add gtzc
2023-10-27 14:56:57,719 [INFO] IPUIPlugin:80 - create IPUIPlugin
2023-10-27 14:56:57,719 [INFO] PluginManager:220 - loadIPPluginJar : add hash
2023-10-27 14:56:57,825 [INFO] IPUIPlugin:80 - create IPUIPlugin
2023-10-27 14:56:57,825 [INFO] PluginManager:220 - loadIPPluginJar : add i2c
2023-10-27 14:56:57,896 [INFO] IPUIPlugin:80 - create IPUIPlugin
2023-10-27 14:56:57,896 [INFO] PluginManager:220 - loadIPPluginJar : add i2s
2023-10-27 14:56:57,985 [INFO] IPUIPlugin:80 - create IPUIPlugin
2023-10-27 14:56:57,986 [INFO] PluginManager:220 - loadIPPluginJar : add i3c
2023-10-27 14:56:58,207 [INFO] IPUIPlugin:80 - create IPUIPlugin
2023-10-27 14:56:58,207 [INFO] PluginManager:220 - loadIPPluginJar : add ipddr
2023-10-27 14:56:58,300 [INFO] ThirdPartyUpdaterWithRetryManager:70 - Updater plugin not ready yet. [2/15]
2023-10-27 14:56:58,408 [INFO] IPUIPlugin:80 - create IPUIPlugin
2023-10-27 14:56:58,408 [INFO] PluginManager:220 - loadIPPluginJar : add linkedlist
2023-10-27 14:56:58,474 [INFO] IPUIPlugin:80 - create IPUIPlugin
2023-10-27 14:56:58,474 [INFO] PluginManager:220 - loadIPPluginJar : add lorawan
2023-10-27 14:56:58,542 [INFO] IPUIPlugin:80 - create IPUIPlugin
2023-10-27 14:56:58,542 [INFO] PluginManager:220 - loadIPPluginJar : add ltdc
2023-10-27 14:56:58,566 [INFO] IPUIPlugin:80 - create IPUIPlugin
2023-10-27 14:56:58,567 [INFO] PluginManager:220 - loadIPPluginJar : add mdma
2023-10-27 14:56:58,588 [INFO] IPUIPlugin:80 - create IPUIPlugin
2023-10-27 14:56:58,589 [INFO] PluginManager:220 - loadIPPluginJar : add nvic
2023-10-27 14:56:58,649 [INFO] IPUIPlugin:80 - create IPUIPlugin
2023-10-27 14:56:58,649 [INFO] PluginManager:220 - loadIPPluginJar : add opamp
2023-10-27 14:56:58,749 [INFO] IPUIPlugin:80 - create IPUIPlugin
2023-10-27 14:56:58,749 [INFO] PluginManager:220 - loadIPPluginJar : add openamp
2023-10-27 14:56:58,829 [INFO] IPUIPlugin:80 - create IPUIPlugin
2023-10-27 14:56:58,829 [INFO] PluginManager:220 - loadIPPluginJar : add pdm2pcm
2023-10-27 14:56:58,854 [INFO] IPUIPlugin:80 - create IPUIPlugin
2023-10-27 14:56:58,859 [INFO] PluginManager:220 - loadIPPluginJar : add plateformsettings
2023-10-27 14:56:58,901 [INFO] IPUIPlugin:80 - create IPUIPlugin
2023-10-27 14:56:58,902 [INFO] PluginManager:220 - loadIPPluginJar : add quadspi
2023-10-27 14:56:58,924 [INFO] IPUIPlugin:80 - create IPUIPlugin
2023-10-27 14:56:58,924 [INFO] PluginManager:220 - loadIPPluginJar : add resmgrutility
2023-10-27 14:56:59,012 [INFO] IPUIPlugin:80 - create IPUIPlugin
2023-10-27 14:56:59,013 [INFO] PluginManager:220 - loadIPPluginJar : add sai
2023-10-27 14:56:59,076 [INFO] IPUIPlugin:80 - create IPUIPlugin
2023-10-27 14:56:59,077 [INFO] PluginManager:220 - loadIPPluginJar : add spi
2023-10-27 14:56:59,186 [INFO] IPUIPlugin:80 - create IPUIPlugin
2023-10-27 14:56:59,186 [INFO] PluginManager:220 - loadIPPluginJar : add stm32_wpan
2023-10-27 14:56:59,224 [INFO] IPUIPlugin:80 - create IPUIPlugin
2023-10-27 14:56:59,224 [INFO] PluginManager:220 - loadIPPluginJar : add tim
2023-10-27 14:56:59,323 [INFO] IPUIPlugin:80 - create IPUIPlugin
2023-10-27 14:56:59,323 [INFO] PluginManager:220 - loadIPPluginJar : add touchsensing
2023-10-27 14:56:59,364 [INFO] IPUIPlugin:80 - create IPUIPlugin
2023-10-27 14:56:59,364 [INFO] PluginManager:220 - loadIPPluginJar : add tracer_emb
2023-10-27 14:56:59,411 [INFO] IPUIPlugin:80 - create IPUIPlugin
2023-10-27 14:56:59,411 [INFO] PluginManager:220 - loadIPPluginJar : add ts
2023-10-27 14:56:59,454 [INFO] IPUIPlugin:80 - create IPUIPlugin
2023-10-27 14:56:59,454 [INFO] PluginManager:220 - loadIPPluginJar : add tsc
2023-10-27 14:56:59,496 [INFO] IPUIPlugin:80 - create IPUIPlugin
2023-10-27 14:56:59,496 [INFO] PluginManager:220 - loadIPPluginJar : add ucpd
2023-10-27 14:56:59,584 [INFO] IPUIPlugin:80 - create IPUIPlugin
2023-10-27 14:56:59,585 [INFO] PluginManager:220 - loadIPPluginJar : add usart
2023-10-27 14:56:59,657 [INFO] IPUIPlugin:80 - create IPUIPlugin
2023-10-27 14:56:59,658 [INFO] PluginManager:220 - loadIPPluginJar : add usbx
2023-10-27 14:56:59,837 [INFO] CADModel:165 - CPN selected for project level
2023-10-27 14:56:59,837 [INFO] CADModel:114 - Register for checkConnection events
2023-10-27 14:56:59,838 [FATAL] Updater:308 - Updater called before beeing initialized
2023-10-27 14:56:59,838 [ERROR] CADModel:125 - Updater not yet initialized, retry later 
2023-10-27 14:57:00,103 [INFO] CADModel:165 - CPN selected for project level
2023-10-27 14:57:00,103 [INFO] CADModel:114 - Register for checkConnection events
2023-10-27 14:57:00,104 [FATAL] Updater:308 - Updater called before beeing initialized
2023-10-27 14:57:00,104 [ERROR] CADModel:125 - Updater not yet initialized, retry later 
2023-10-27 14:57:00,110 [FATAL] Updater:308 - Updater called before beeing initialized
2023-10-27 14:57:00,323 [FATAL] Updater:308 - Updater called before beeing initialized
2023-10-27 14:57:00,336 [INFO] DbMcusAds:53 - JSON generation date=Tue Mar 07 17:50:55 JST 2023 (1678179055114)
2023-10-27 14:57:00,336 [FATAL] Updater:308 - Updater called before beeing initialized
2023-10-27 14:57:00,492 [WARN] DetailPanel:346 - Failed to get advertising image, set to default
2023-10-27 14:57:00,732 [FATAL] Updater:308 - Updater called before beeing initialized
2023-10-27 14:57:00,736 [FATAL] Updater:308 - Updater called before beeing initialized
2023-10-27 14:57:00,736 [FATAL] Updater:308 - Updater called before beeing initialized
2023-10-27 14:57:00,736 [WARN] DetailPanel:346 - Failed to get advertising image, set to default
2023-10-27 14:57:00,738 [FATAL] Updater:308 - Updater called before beeing initialized
2023-10-27 14:57:00,868 [ERROR] Updater:1120 - MainUpdater not yet initialized. External WinMGr cannot be set.
2023-10-27 14:57:00,888 [INFO] Updater:1056 - Updater Version found : 6.9.1
2023-10-27 14:57:00,928 [INFO] ApplicationProperties:184 - Using Application install path: C:\ST\STM32CubeIDE_1.4.0\STM32CubeIDE\plugins\com.st.stm32cube.common.mx_6.9.1.202307191849
2023-10-27 14:57:01,204 [INFO] MainUpdater:2868 - connection check result : 10
2023-10-27 14:57:01,204 [INFO] MainUpdater:3562 - Updater definition file requires update
2023-10-27 14:57:01,207 [INFO] MainUpdater:285 - Updater Check For Update Now.
2023-10-27 14:57:01,207 [INFO] MicroXplorer:498 - Change Database Version : DB.6.0.91
2023-10-27 14:57:01,238 [INFO] McuFinderGlobals:63 - Set McuFinder mode to 2 (CubeIDE integrated)
2023-10-27 14:57:01,239 [INFO] UserAuth:179 - activating auth plugin
2023-10-27 14:57:01,246 [INFO] ServerAccessManage:473 - Download File updaters.zip
2023-10-27 14:57:01,246 [INFO] UserAuth:393 - Internet connection configuration mode: 1
2023-10-27 14:57:01,293 [INFO] JxBrowserEngine:151 - Initiate JxBrowser Engine with user profile folder
2023-10-27 14:57:01,314 [WARN] MainUpdater:1189 - Updater busy. Cannot search thirdparties
2023-10-27 14:57:01,315 [INFO] ThirdPartyUpdaterWithRetryManager:96 - Updater plugin is busy. [1/15]
2023-10-27 14:57:01,391 [INFO] FileExtend:240 - Unzip File : updaters.zip
2023-10-27 14:57:01,391 [INFO] FileExtend:255 - Standard Zip Deflate
2023-10-27 14:57:01,976 [INFO] ServerAccessManage:473 - Download File PacksControlFlags.xml
2023-10-27 14:57:02,165 [INFO] ServerAccessManage:473 - Download File cubemx.pidx
2023-10-27 14:57:03,136 [INFO] ServerAccessManage:473 - Download File STMicroelectronics.X-CUBE-EEPRMA1.pdsc
2023-10-27 14:57:03,824 [INFO] WebApp:157 - Instantiating new browser for Auth
2023-10-27 14:57:04,168 [ERROR] ServerAccessManage:1089 - Problem, file not found on Server
2023-10-27 14:57:04,322 [WARN] MainUpdater:1189 - Updater busy. Cannot search thirdparties
2023-10-27 14:57:04,323 [INFO] ThirdPartyUpdaterWithRetryManager:96 - Updater plugin is busy. [2/15]
2023-10-27 14:57:05,881 [WARN] PackLoader:240 - Cannot read IP mode file for STMicroelectronics.X-CUBE-EEPRMA1.4.2.0
2023-10-27 14:57:05,890 [INFO] PopulateThirdPartyThread:66 - Ending populate Thread
2023-10-27 14:57:05,893 [INFO] ThirdParty:1030 - CMSIS Pack Vendor :STMicroelectronics X-CUBE-EEPRMA1 4.2.0
2023-10-27 14:57:05,893 [INFO] LoadServerUpdatesThread:373 - End of LoadServerUpdate Thread
2023-10-27 14:57:05,991 [INFO] WebApp:753 - Register for checkConnection events
2023-10-27 14:57:05,991 [INFO] WebApp:390 - Apply proxy settings
2023-10-27 14:57:05,992 [INFO] WebApp:475 - Chromium requires no authentication
2023-10-27 14:57:06,015 [INFO] WebApp:418 - Direct internet connection detected
2023-10-27 14:57:06,070 [INFO] CheckServerUpdateThread:120 - End of CheckServer Thread
2023-10-27 14:57:06,467 [INFO] WebApp:188 - Starting web application
2023-10-27 14:57:06,467 [INFO] WebApp:520 - Web application path used C:\ST\STM32CubeIDE_1.4.0\STM32CubeIDE\plugins\com.st.stm32cube.common.mx_6.9.1.202307191849\db\plugins\mcufinder\reactClient1\index.html
2023-10-27 14:57:07,862 [WARN] PackLoader:240 - Cannot read IP mode file for STMicroelectronics.X-CUBE-SMBUS.2.1.0
2023-10-27 14:57:07,948 [WARN] PackLoader:240 - Cannot read IP mode file for STMicroelectronics.X-CUBE-AZRTOS-F7.1.1.0
2023-10-27 14:57:08,092 [ERROR] RealEvaluatedCondition:428 - Found unsupported composite condition: GROUP='STM32_MetaDataManager' CLASS='Data Exchange'
2023-10-27 14:57:08,092 [ERROR] RealEvaluatedCondition:428 - Found unsupported composite condition: GROUP='STM32_MetaDataManager' CLASS='Data Exchange'
2023-10-27 14:57:08,108 [WARN] PackLoader:240 - Cannot read IP mode file for STMicroelectronics.FP-SNS-MOTENV1.4.3.0
2023-10-27 14:57:08,149 [WARN] PackLoader:240 - Cannot read IP mode file for STMicroelectronics.FP-SNS-MOTENV1.4.3.2
2023-10-27 14:57:08,167 [WARN] PackLoader:240 - Cannot read IP mode file for STMicroelectronics.FP-SNS-FLIGHT1.5.0.0
2023-10-27 14:57:08,183 [ERROR] RealEvaluatedCondition:428 - Found unsupported composite condition: GROUP='STM32_MetaDataManager' CLASS='Data Exchange'
2023-10-27 14:57:08,183 [ERROR] RealEvaluatedCondition:428 - Found unsupported composite condition: GROUP='STM32_MetaDataManager' CLASS='Data Exchange'
2023-10-27 14:57:08,186 [WARN] PackLoader:240 - Cannot read IP mode file for STMicroelectronics.FP-SNS-MOTENV1.4.3.1
2023-10-27 14:57:08,198 [WARN] PackLoader:240 - Cannot read IP mode file for STMicroelectronics.FP-SNS-FLIGHT1.5.0.1
2023-10-27 14:57:08,218 [WARN] PackLoader:240 - Cannot read IP mode file for STMicroelectronics.X-CUBE-BLE1.6.2.4
2023-10-27 14:57:08,238 [WARN] PackLoader:240 - Cannot read IP mode file for STMicroelectronics.FP-SNS-FLIGHT1.5.0.2
2023-10-27 14:57:08,258 [WARN] PackLoader:240 - Cannot read IP mode file for STMicroelectronics.X-CUBE-DISPLAY.3.0.0
2023-10-27 14:57:08,298 [WARN] PackLoader:240 - Cannot read IP mode file for STMicroelectronics.X-CUBE-BLE1.7.0.0
2023-10-27 14:57:08,308 [WARN] PackLoader:240 - Cannot read IP mode file for STMicroelectronics.X-CUBE-TOUCHGFX.4.22.0
2023-10-27 14:57:08,313 [WARN] PackLoader:240 - Cannot read IP mode file for STMicroelectronics.X-CUBE-TOUCHGFX.4.22.1
2023-10-27 14:57:08,344 [WARN] PackLoader:240 - Cannot read IP mode file for STMicroelectronics.FP-SNS-SMARTAG2.1.2.0
2023-10-27 14:57:08,396 [INFO] LogOutputStream:77 - [STDOUT_REDIRECT] 1 : Invalid condition id : UX_CORESTACK_Condition cause : null
2023-10-27 14:57:08,398 [INFO] LogOutputStream:77 - [STDOUT_REDIRECT] 1 : Invalid condition id : UX_CORESTACK_Condition cause : null
2023-10-27 14:57:08,404 [INFO] LogOutputStream:77 - [STDOUT_REDIRECT] 1 : Invalid condition id : UX_CORESTACK_Condition cause : null
2023-10-27 14:57:08,409 [INFO] LogOutputStream:77 - [STDOUT_REDIRECT] 1 : Invalid condition id : UX_CORESTACK_Condition cause : null
2023-10-27 14:57:08,412 [INFO] LogOutputStream:77 - [STDOUT_REDIRECT] 1 : Invalid condition id : UX_CORESTACK_Condition cause : null
2023-10-27 14:57:08,421 [WARN] PackLoader:240 - Cannot read IP mode file for STMicroelectronics.X-CUBE-AZRTOS-WL.2.0.0
2023-10-27 14:57:08,440 [WARN] PackLoader:240 - Cannot read IP mode file for WES.I-CUBE-Cesium.1.3.0
2023-10-27 14:57:08,451 [WARN] PackLoader:240 - Cannot read IP mode file for STMicroelectronics.X-CUBE-BLE2.3.3.0
2023-10-27 14:57:08,479 [WARN] PackLoader:240 - Cannot read IP mode file for STMicroelectronics.X-CUBE-TOF1.3.2.0
2023-10-27 14:57:08,515 [WARN] PackLoader:240 - Cannot read IP mode file for STMicroelectronics.X-CUBE-TOUCHGFX.4.21.1
2023-10-27 14:57:08,522 [WARN] PackLoader:240 - Cannot read IP mode file for STMicroelectronics.X-CUBE-TOUCHGFX.4.21.3
2023-10-27 14:57:08,533 [WARN] PackLoader:240 - Cannot read IP mode file for STMicroelectronics.X-CUBE-TOUCHGFX.4.21.4
2023-10-27 14:57:08,549 [WARN] PackLoader:240 - Cannot read IP mode file for STMicroelectronics.X-CUBE-ALGOBUILD.1.3.0
2023-10-27 14:57:08,598 [WARN] PackLoader:240 - Cannot read IP mode file for STMicroelectronics.X-CUBE-AZRTOS-G0.1.1.0
2023-10-27 14:57:08,633 [WARN] PackLoader:240 - Cannot read IP mode file for STMicroelectronics.X-CUBE-NFC4.3.0.0
2023-10-27 14:57:08,646 [WARN] PackLoader:240 - Cannot read IP mode file for STMicroelectronics.FP-ATR-SIGFOX1.3.2.0
2023-10-27 14:57:08,773 [WARN] PackLoader:240 - Cannot read IP mode file for STMicroelectronics.X-CUBE-MEMS1.9.5.0
2023-10-27 14:57:09,223 [WARN] PackLoader:240 - Cannot read IP mode file for SEGGER.I-CUBE-embOS.1.3.1
2023-10-27 14:57:09,324 [WARN] PackLoader:240 - Cannot read IP mode file for STMicroelectronics.X-CUBE-GNSS1.6.0.0
2023-10-27 14:57:09,369 [WARN] PackLoader:240 - Cannot read IP mode file for STMicroelectronics.X-CUBE-AZRTOS-F4.1.1.0
2023-10-27 14:57:09,425 [WARN] PackLoader:240 - Cannot read IP mode file for STMicroelectronics.X-CUBE-AZRTOS-L5.2.0.0
2023-10-27 14:57:09,530 [WARN] PackLoader:240 - Cannot read IP mode file for STMicroelectronics.X-CUBE-MEMS1.9.6.0
2023-10-27 14:57:09,881 [WARN] PackLoader:240 - Cannot read IP mode file for STMicroelectronics.X-CUBE-EEPRMA1.4.2.0
2023-10-27 14:57:09,904 [WARN] PackLoader:240 - Cannot read IP mode file for ITTIA_DB.I-CUBE-ITTIADB.8.8.0
2023-10-27 14:57:10,065 [WARN] PackLoader:240 - Cannot read IP mode file for emotas.I-CUBE-CANOPEN.1.1.3
2023-10-27 14:57:10,086 [WARN] PackLoader:240 - Cannot read IP mode file for STMicroelectronics.X-CUBE-BLEMGR.2.0.0
2023-10-27 14:57:10,124 [WARN] ConditionMgr:438 - getConditionDescription Invalid condition id : UX DEVICE CLASS RTOS Condition cause : null
2023-10-27 14:57:10,124 [WARN] ConditionMgr:438 - getConditionDescription Invalid condition id : UX DEVICE CLASS RTOS Condition cause : null
2023-10-27 14:57:10,131 [WARN] PackLoader:240 - Cannot read IP mode file for STMicroelectronics.X-CUBE-AZRTOS-H7.3.1.0
2023-10-27 14:57:10,134 [WARN] ConditionMgr:1039 - genDependencies : Invalid condition id : UX DEVICE CLASS RTOS Condition cause : null
2023-10-27 14:57:10,134 [WARN] ConditionMgr:1039 - genDependencies : Invalid condition id : UX DEVICE CLASS RTOS Condition cause : null
2023-10-27 14:57:10,136 [WARN] ConditionMgr:1039 - genDependencies : Invalid condition id : UX DEVICE CLASS RTOS Condition cause : null
2023-10-27 14:57:10,137 [WARN] ConditionMgr:1039 - genDependencies : Invalid condition id : UX DEVICE CLASS RTOS Condition cause : null
2023-10-27 14:57:10,137 [WARN] ConditionMgr:1039 - genDependencies : Invalid condition id : UX DEVICE CLASS RTOS Condition cause : null
2023-10-27 14:57:10,148 [WARN] PackLoader:240 - Cannot read IP mode file for wolfSSL.I-CUBE-wolfSSL.5.5.4
2023-10-27 14:57:10,159 [WARN] PackLoader:240 - Cannot read IP mode file for STMicroelectronics.X-CUBE-NFC7.1.0.1
2023-10-27 14:57:10,174 [WARN] PackLoader:240 - Cannot read IP mode file for STMicroelectronics.X-CUBE-NFC7.1.0.0
2023-10-27 14:57:10,189 [WARN] PackLoader:240 - Cannot read IP mode file for STMicroelectronics.X-CUBE-NFC6.3.0.0
2023-10-27 14:57:10,202 [WARN] PackLoader:240 - Cannot read IP mode file for STMicroelectronics.X-CUBE-EEPRMA1.4.1.0
2023-10-27 14:57:10,211 [WARN] PackLoader:240 - Cannot read IP mode file for STMicroelectronics.X-CUBE-AI.8.1.0
2023-10-27 14:57:10,249 [WARN] ConditionMgr:438 - getConditionDescription Invalid condition id : LAN8742 Phy interface Condition cause : null
2023-10-27 14:57:10,250 [WARN] PackLoader:240 - Cannot read IP mode file for STMicroelectronics.X-CUBE-AZRTOS-L4.2.0.0
2023-10-27 14:57:10,253 [WARN] ConditionMgr:1039 - genDependencies : Invalid condition id : LAN8742 Phy interface Condition cause : null
2023-10-27 14:57:10,253 [WARN] ConditionMgr:1039 - genDependencies : Invalid condition id : LAN8742 Phy interface Condition cause : null
2023-10-27 14:57:10,255 [WARN] ConditionMgr:1039 - genDependencies : Invalid condition id : LAN8742 Phy interface Condition cause : null
2023-10-27 14:57:10,272 [WARN] PackLoader:240 - Cannot read IP mode file for STMicroelectronics.X-CUBE-SFXS2LP1.4.0.0
2023-10-27 14:57:10,328 [WARN] PackLoader:240 - Cannot read IP mode file for STMicroelectronics.X-CUBE-AZRTOS-H7.3.0.0
2023-10-27 14:57:10,344 [WARN] PackLoader:240 - Cannot read IP mode file for STMicroelectronics.X-CUBE-ISPU.1.1.0
2023-10-27 14:57:10,360 [WARN] PackLoader:240 - Cannot read IP mode file for RoweBots.I-CUBE-UNISONRTOS.5.5.0-4
2023-10-27 14:57:10,370 [WARN] PackLoader:240 - Cannot read IP mode file for STMicroelectronics.X-CUBE-AI.8.0.0
2023-10-27 14:57:10,396 [WARN] ConditionMgr:438 - getConditionDescription Invalid condition id : UX DEVICE CLASS RTOS Condition cause : null
2023-10-27 14:57:10,397 [WARN] ConditionMgr:438 - getConditionDescription Invalid condition id : UX DEVICE CLASS RTOS Condition cause : null
2023-10-27 14:57:10,403 [WARN] PackLoader:240 - Cannot read IP mode file for STMicroelectronics.X-CUBE-AZRTOS-WB.2.0.0
2023-10-27 14:57:10,404 [WARN] ConditionMgr:1039 - genDependencies : Invalid condition id : UX DEVICE CLASS RTOS Condition cause : null
2023-10-27 14:57:10,404 [WARN] ConditionMgr:1039 - genDependencies : Invalid condition id : UX DEVICE CLASS RTOS Condition cause : null
2023-10-27 14:57:10,405 [WARN] ConditionMgr:1039 - genDependencies : Invalid condition id : UX DEVICE CLASS RTOS Condition cause : null
2023-10-27 14:57:10,405 [WARN] ConditionMgr:1039 - genDependencies : Invalid condition id : UX DEVICE CLASS RTOS Condition cause : null
2023-10-27 14:57:10,405 [WARN] ConditionMgr:1039 - genDependencies : Invalid condition id : UX DEVICE CLASS RTOS Condition cause : null
2023-10-27 14:57:10,416 [WARN] PackLoader:240 - Cannot read IP mode file for STMicroelectronics.X-CUBE-FREERTOS.1.0.0
2023-10-27 14:57:10,428 [WARN] PackLoader:240 - Cannot read IP mode file for STMicroelectronics.X-CUBE-FREERTOS.1.0.1
2023-10-27 14:57:10,461 [WARN] PackLoader:240 - Cannot read IP mode file for STMicroelectronics.X-CUBE-AZRTOS-L5.1.1.0
2023-10-27 14:57:10,474 [WARN] PackLoader:240 - Cannot read IP mode file for STMicroelectronics.X-CUBE-AI.8.0.1
2023-10-27 14:57:10,498 [WARN] PackLoader:240 - Cannot read IP mode file for STMicroelectronics.X-CUBE-SUBG2.5.0.0
2023-10-27 14:57:10,538 [WARN] PackLoader:240 - Cannot read IP mode file for STMicroelectronics.X-CUBE-TOF1.3.3.1
2023-10-27 14:57:10,610 [WARN] PackLoader:240 - Cannot read IP mode file for STMicroelectronics.X-CUBE-AZRTOS-G4.2.0.0
2023-10-27 14:57:10,653 [WARN] PackLoader:240 - Cannot read IP mode file for STMicroelectronics.X-CUBE-TOF1.3.3.0
2023-10-27 14:57:10,680 [WARN] PackLoader:240 - Cannot read IP mode file for STMicroelectronics.FP-ATR-ASTRA1.1.1.1
2023-10-27 14:57:10,707 [WARN] PackLoader:240 - Cannot read IP mode file for Infineon.AIROC-Wi-Fi-Bluetooth-STM32.1.5.1
2023-10-27 14:57:10,752 [WARN] PackLoader:240 - Cannot read IP mode file for STMicroelectronics.X-CUBE-AZRTOS-G4.1.0.0
2023-10-27 14:57:10,805 [WARN] PackLoader:240 - Cannot read IP mode file for STMicroelectronics.X-CUBE-AZRTOS-L4.1.0.0
2023-10-27 14:57:10,914 [WARN] PackLoader:240 - Cannot read IP mode file for STMicroelectronics.X-CUBE-MEMS1.10.0.0
2023-10-27 14:57:11,147 [WARN] PackLoader:240 - Cannot read IP mode file for STMicroelectronics.X-CUBE-FREERTOS.1.1.0
2023-10-27 14:57:11,173 [WARN] PackLoader:240 - Cannot read IP mode file for STMicroelectronics.X-CUBE-AZRTOS-WL.1.0.0
2023-10-27 14:57:11,188 [WARN] PackLoader:240 - Cannot read IP mode file for portGmbH.I-Cube-SoM-uGOAL.1.1.0
2023-10-27 14:57:11,196 [WARN] PackLoader:240 - Cannot read IP mode file for STMicroelectronics.X-CUBE-ALS.1.0.1
2023-10-27 14:57:11,222 [WARN] PackLoader:240 - Cannot read IP mode file for STMicroelectronics.X-CUBE-AZRTOS-WB.1.1.0
2023-10-27 14:57:11,232 [WARN] PackLoader:240 - Cannot read IP mode file for STMicroelectronics.FP-ATR-ASTRA1.2.0.0
2023-10-27 14:57:11,234 [INFO] ThirdParty:978 - Integrity check success = true
2023-10-27 14:57:11,234 [INFO] IntegrityCheckThread:100 - exiting critical section [integrity check]
2023-10-27 14:57:11,234 [INFO] IntegrityCheckThread:103 - End integrity checks thread
2023-10-27 15:12:44,383 [ERROR] LogOutputStream:75 - [STDERR_REDIRECT] SLF4J: Failed to load class "org.slf4j.impl.StaticLoggerBinder".
2023-10-27 15:12:44,385 [ERROR] LogOutputStream:75 - [STDERR_REDIRECT] SLF4J: Defaulting to no-operation (NOP) logger implementation
2023-10-27 15:12:44,390 [ERROR] LogOutputStream:75 - [STDERR_REDIRECT] SLF4J: See http://www.slf4j.org/codes.html#StaticLoggerBinder for further details.
2023-10-27 23:52:41,254 [ERROR] LogOutputStream:75 - [STDERR_REDIRECT] 
