2023-11-23 10:20:05,169 [INFO] Activator:176 - 


2023-11-23 10:20:05,176 [INFO] Activator:177 - !SESSION log4j initialized
2023-11-23 10:20:14,647 [INFO] LogOutputStream:77 - [STDOUT_REDIRECT] 
2023-11-23 10:20:21,951 [INFO] ApplicationProperties:184 - Using Application install path: C:\ST\STM32CubeIDE_1.4.0\STM32CubeIDE\plugins\com.st.stm32cube.common.mx_6.9.1.202307191849
2023-11-23 10:20:21,980 [INFO] DbMcusXml:78 - Set database path to: C:\ST\STM32CubeIDE_1.4.0\STM32CubeIDE\plugins\com.st.stm32cube.common.mx_6.9.1.202307191849\\db\/mcu/
2023-11-23 10:20:21,981 [INFO] ApiDb:274 - Set plugin database path to: C:\ST\STM32CubeIDE_1.4.0\STM32CubeIDE\plugins\com.st.stm32cube.common.mx_6.9.1.202307191849\\db\/plugins/boardmanager/
2023-11-23 10:20:21,981 [WARN] ApiDb:259 - Overriding images path with different value:  => C:\ST\STM32CubeIDE_1.4.0\STM32CubeIDE\plugins\com.st.stm32cube.common.mx_6.9.1.202307191849\\db\/plugins/mcufinder/images/
2023-11-23 10:20:22,000 [INFO] ApiDb:250 - Set database path to: C:\Users\Minh\.stmcufinder\plugins\mcufinder//mcu/
2023-11-23 10:20:22,002 [INFO] DbMcusAds:125 - Set database path to: C:\Users\Minh\.stmcufinder\plugins\mcufinder//mcu/
2023-11-23 10:20:22,004 [INFO] CrossReferenceDbSqlite:203 - Set database path to: C:\Users\Minh\.stmcufinder\plugins\mcufinder//mcu/cs/
2023-11-23 10:20:22,202 [INFO] RulesReader:64 - Compatibility file has been processed (293 Rules)
2023-11-23 10:20:22,364 [INFO] DbMcusXml:78 - Set database path to: C:\ST\STM32CubeIDE_1.4.0\STM32CubeIDE\plugins\com.st.stm32cube.common.mx_6.9.1.202307191849\\db\/mcu/
2023-11-23 10:20:22,364 [INFO] ApiDb:274 - Set plugin database path to: C:\ST\STM32CubeIDE_1.4.0\STM32CubeIDE\plugins\com.st.stm32cube.common.mx_6.9.1.202307191849\\db\/plugins/boardmanager/
2023-11-23 10:20:22,365 [INFO] ApiDb:261 - Set plugin images path to: C:\ST\STM32CubeIDE_1.4.0\STM32CubeIDE\plugins\com.st.stm32cube.common.mx_6.9.1.202307191849\\db\/plugins/mcufinder/images/
2023-11-23 10:20:22,365 [WARN] DbFile:41 - Overriding database path with different value: C:\Users\Minh\.stmcufinder\plugins\mcufinder/ => C:\Users\Minh\.stmcufinder\plugins\mcufinder
2023-11-23 10:20:22,365 [INFO] ApiDb:250 - Set database path to: C:\Users\Minh\.stmcufinder\plugins\mcufinder//mcu/
2023-11-23 10:20:22,365 [WARN] DbFile:41 - Overriding database path with different value: C:\Users\Minh\.stmcufinder\plugins\mcufinder/ => C:\Users\Minh\.stmcufinder\plugins\mcufinder
2023-11-23 10:20:22,365 [INFO] DbMcusAds:125 - Set database path to: C:\Users\Minh\.stmcufinder\plugins\mcufinder//mcu/
2023-11-23 10:20:22,365 [WARN] DbFile:41 - Overriding database path with different value: C:\Users\Minh\.stmcufinder\plugins\mcufinder/ => C:\Users\Minh\.stmcufinder\plugins\mcufinder
2023-11-23 10:20:22,366 [WARN] DbFile:41 - Overriding database path with different value: C:\Users\Minh\.stmcufinder\plugins\mcufinder/ => C:\Users\Minh\.stmcufinder\plugins\mcufinder
2023-11-23 10:20:22,366 [INFO] CrossReferenceDbSqlite:203 - Set database path to: C:\Users\Minh\.stmcufinder\plugins\mcufinder//mcu/cs/
2023-11-23 10:20:22,497 [INFO] MainPanel:262 - HeapMemory: 268435456
2023-11-23 10:20:22,654 [INFO] DbMcusXml:78 - Set database path to: C:\ST\STM32CubeIDE_1.4.0\STM32CubeIDE\plugins\com.st.stm32cube.common.mx_6.9.1.202307191849\\db\/mcu/
2023-11-23 10:20:22,654 [INFO] ApiDb:274 - Set plugin database path to: C:\ST\STM32CubeIDE_1.4.0\STM32CubeIDE\plugins\com.st.stm32cube.common.mx_6.9.1.202307191849\\db\/plugins/boardmanager/
2023-11-23 10:20:22,655 [INFO] ApiDb:261 - Set plugin images path to: C:\ST\STM32CubeIDE_1.4.0\STM32CubeIDE\plugins\com.st.stm32cube.common.mx_6.9.1.202307191849\\db\/plugins/mcufinder/images/
2023-11-23 10:20:22,655 [WARN] DbFile:41 - Overriding database path with different value: C:\Users\Minh\.stmcufinder\plugins\mcufinder/ => C:\Users\Minh\.stmcufinder\plugins\mcufinder
2023-11-23 10:20:22,655 [INFO] ApiDb:250 - Set database path to: C:\Users\Minh\.stmcufinder\plugins\mcufinder//mcu/
2023-11-23 10:20:22,655 [WARN] DbFile:41 - Overriding database path with different value: C:\Users\Minh\.stmcufinder\plugins\mcufinder/ => C:\Users\Minh\.stmcufinder\plugins\mcufinder
2023-11-23 10:20:22,656 [INFO] DbMcusAds:125 - Set database path to: C:\Users\Minh\.stmcufinder\plugins\mcufinder//mcu/
2023-11-23 10:20:22,656 [WARN] DbFile:41 - Overriding database path with different value: C:\Users\Minh\.stmcufinder\plugins\mcufinder/ => C:\Users\Minh\.stmcufinder\plugins\mcufinder
2023-11-23 10:20:22,656 [WARN] DbFile:41 - Overriding database path with different value: C:\Users\Minh\.stmcufinder\plugins\mcufinder/ => C:\Users\Minh\.stmcufinder\plugins\mcufinder
2023-11-23 10:20:22,656 [INFO] CrossReferenceDbSqlite:203 - Set database path to: C:\Users\Minh\.stmcufinder\plugins\mcufinder//mcu/cs/
2023-11-23 10:20:22,683 [INFO] ApplicationProperties:184 - Using Application install path: C:\ST\STM32CubeIDE_1.4.0\STM32CubeIDE\plugins\com.st.stm32cube.common.mx_6.9.1.202307191849
2023-11-23 10:20:22,685 [INFO] PluginManage:196 - Search for loadable plugins [exclusion list=, ]
2023-11-23 10:20:22,688 [INFO] PluginManage:310 - Check plugin analytics
2023-11-23 10:20:27,528 [INFO] AnalyticsPlugin:253 - Accepted Software Licenses: STM32CubeMX.6.0.0,STM32CubeMX.5.2.0
2023-11-23 10:20:27,528 [INFO] AnalyticsPlugin:255 - Accepted CMSIS Pack Licenses: 
2023-11-23 10:20:27,529 [INFO] AnalyticsPlugin:257 - Accepted Firmware Licenses: 
2023-11-23 10:20:27,531 [INFO] PluginManage:359 - Loaded plugin analytics (category:tool,tabindex:-1)
2023-11-23 10:20:27,532 [INFO] PluginManage:310 - Check plugin cadmodel
2023-11-23 10:20:27,552 [INFO] CADModel:105 - Init CAD model plugin
2023-11-23 10:20:27,552 [INFO] PluginManage:359 - Loaded plugin cadmodel (category:power,tabindex:5)
2023-11-23 10:20:27,553 [INFO] PluginManage:310 - Check plugin clock
2023-11-23 10:20:27,582 [INFO] PluginManage:359 - Loaded plugin clock (category:base,tabindex:2)
2023-11-23 10:20:27,582 [INFO] PluginManage:310 - Check plugin ddr
2023-11-23 10:20:27,585 [INFO] PluginManage:359 - Loaded plugin ddr (category:tool,tabindex:6)
2023-11-23 10:20:27,586 [INFO] PluginManage:310 - Check plugin filemanager
2023-11-23 10:20:27,773 [INFO] PluginManage:359 - Loaded plugin filemanager (category:base,tabindex:10)
2023-11-23 10:20:27,773 [INFO] PluginManage:310 - Check plugin ipmanager
2023-11-23 10:20:27,783 [INFO] PluginManage:359 - Loaded plugin ipmanager (category:base,tabindex:5)
2023-11-23 10:20:27,783 [INFO] PluginManage:310 - Check plugin lpbam
2023-11-23 10:20:27,807 [INFO] PluginManage:359 - Loaded plugin lpbam (category:base,tabindex:0)
2023-11-23 10:20:27,807 [INFO] PluginManage:310 - Check plugin memorymap
2023-11-23 10:20:27,834 [INFO] PluginManage:359 - Loaded plugin memorymap (category:base,tabindex:4)
2023-11-23 10:20:27,835 [INFO] PluginManage:310 - Check plugin pinoutandconfiguration
2023-11-23 10:20:27,856 [INFO] PluginManage:359 - Loaded plugin pinoutandconfiguration (category:base,tabindex:1)
2023-11-23 10:20:27,857 [INFO] PluginManage:310 - Check plugin pinoutconfig
2023-11-23 10:20:27,989 [WARN] SupportedApi:132 - Cannot load RTOS API schema: s4s-elt-must-match.1: The content of 'definitions' must match (annotation?, (simpleType | complexType)?, (unique | key | keyref)*)). A problem was found starting at: attribute.
2023-11-23 10:20:28,182 [INFO] PluginManage:359 - Loaded plugin pinoutconfig (category:base,tabindex:0)
2023-11-23 10:20:28,182 [INFO] PluginManage:310 - Check plugin power
2023-11-23 10:20:28,213 [INFO] PluginManage:359 - Loaded plugin power (category:power,tabindex:4)
2023-11-23 10:20:28,213 [INFO] PluginManage:310 - Check plugin projectmanager
2023-11-23 10:20:28,232 [INFO] PluginManage:359 - Loaded plugin projectmanager (category:projectmanager,tabindex:3)
2023-11-23 10:20:28,233 [INFO] PluginManage:310 - Check plugin thirdparty
2023-11-23 10:20:28,597 [INFO] PluginManage:359 - Loaded plugin thirdparty (category:base,tabindex:-1)
2023-11-23 10:20:28,597 [WARN] IntegrityCheckThread:84 - waiting for thirdparty lock release [integrity check]
2023-11-23 10:20:28,597 [INFO] PluginManage:310 - Check plugin tools
2023-11-23 10:20:28,598 [INFO] IntegrityCheckThread:86 - entering critical section [integrity check]
2023-11-23 10:20:28,598 [INFO] ThirdPartyUpdaterWithRetryManager:70 - Updater plugin not ready yet. [1/15]
2023-11-23 10:20:28,641 [INFO] PluginManage:359 - Loaded plugin tools (category:base,tabindex:7)
2023-11-23 10:20:28,641 [INFO] PluginManage:310 - Check plugin tutovideos
2023-11-23 10:20:28,915 [INFO] PluginManage:359 - Loaded plugin tutovideos (category:base,tabindex:-1)
2023-11-23 10:20:28,916 [INFO] PluginManage:310 - Check plugin updater
2023-11-23 10:20:28,932 [INFO] PluginManage:359 - Loaded plugin updater (category:base,tabindex:12)
2023-11-23 10:20:28,932 [INFO] PluginManage:310 - Check plugin userauth
2023-11-23 10:20:28,940 [INFO] UserAuth:113 - Init User Auth plugin
2023-11-23 10:20:28,940 [INFO] PluginManage:359 - Loaded plugin userauth (category:base,tabindex:14)
2023-11-23 10:20:28,941 [INFO] PluginManage:283 - PluginManage : Loaded plugins [17]
2023-11-23 10:20:29,252 [INFO] PinOutPanel:1499 - setPackage(No Configuration,No Configuration)
2023-11-23 10:20:29,409 [INFO] CADModel:165 - CPN selected for project level
2023-11-23 10:20:29,410 [INFO] CADModel:114 - Register for checkConnection events
2023-11-23 10:20:29,449 [INFO] IPUIPlugin:80 - create IPUIPlugin
2023-11-23 10:20:29,449 [INFO] PluginManager:220 - loadIPPluginJar : add adc
2023-11-23 10:20:29,499 [INFO] IPUIPlugin:80 - create IPUIPlugin
2023-11-23 10:20:29,500 [INFO] PluginManager:220 - loadIPPluginJar : add aes
2023-11-23 10:20:29,558 [INFO] IPUIPlugin:80 - create IPUIPlugin
2023-11-23 10:20:29,558 [INFO] PluginManager:220 - loadIPPluginJar : add can
2023-11-23 10:20:29,592 [INFO] IPUIPlugin:80 - create IPUIPlugin
2023-11-23 10:20:29,592 [INFO] PluginManager:220 - loadIPPluginJar : add comp
2023-11-23 10:20:29,635 [INFO] IPUIPlugin:80 - create IPUIPlugin
2023-11-23 10:20:29,635 [INFO] PluginManager:220 - loadIPPluginJar : add cryp
2023-11-23 10:20:29,672 [INFO] IPUIPlugin:80 - create IPUIPlugin
2023-11-23 10:20:29,672 [INFO] PluginManager:220 - loadIPPluginJar : add dfsdm
2023-11-23 10:20:29,691 [INFO] IPUIPlugin:80 - create IPUIPlugin
2023-11-23 10:20:29,692 [INFO] PluginManager:220 - loadIPPluginJar : add dma
2023-11-23 10:20:29,749 [INFO] IPUIPlugin:80 - create IPUIPlugin
2023-11-23 10:20:29,749 [INFO] PluginManager:220 - loadIPPluginJar : add dma3
2023-11-23 10:20:29,789 [INFO] IPUIPlugin:80 - create IPUIPlugin
2023-11-23 10:20:29,789 [INFO] PluginManager:220 - loadIPPluginJar : add fatfs
2023-11-23 10:20:29,852 [INFO] IPUIPlugin:80 - create IPUIPlugin
2023-11-23 10:20:29,852 [INFO] PluginManager:220 - loadIPPluginJar : add fmc
2023-11-23 10:20:29,871 [INFO] IPUIPlugin:80 - create IPUIPlugin
2023-11-23 10:20:29,872 [INFO] PluginManager:220 - loadIPPluginJar : add freertos
2023-11-23 10:20:29,897 [INFO] IPUIPlugin:80 - create IPUIPlugin
2023-11-23 10:20:29,898 [INFO] PluginManager:220 - loadIPPluginJar : add genericplugin
2023-11-23 10:20:30,014 [INFO] IPUIPlugin:80 - create IPUIPlugin
2023-11-23 10:20:30,014 [INFO] PluginManager:220 - loadIPPluginJar : add gfxmmu
2023-11-23 10:20:30,173 [INFO] IPUIPlugin:80 - create IPUIPlugin
2023-11-23 10:20:30,173 [INFO] PluginManager:220 - loadIPPluginJar : add gic
2023-11-23 10:20:30,190 [INFO] IPUIPlugin:80 - create IPUIPlugin
2023-11-23 10:20:30,190 [INFO] PluginManager:220 - loadIPPluginJar : add gpio
2023-11-23 10:20:30,294 [INFO] IPUIPlugin:80 - create IPUIPlugin
2023-11-23 10:20:30,295 [INFO] PluginManager:220 - loadIPPluginJar : add gtzc
2023-11-23 10:20:30,332 [INFO] IPUIPlugin:80 - create IPUIPlugin
2023-11-23 10:20:30,332 [INFO] PluginManager:220 - loadIPPluginJar : add hash
2023-11-23 10:20:30,395 [INFO] IPUIPlugin:80 - create IPUIPlugin
2023-11-23 10:20:30,395 [INFO] PluginManager:220 - loadIPPluginJar : add i2c
2023-11-23 10:20:30,440 [INFO] IPUIPlugin:80 - create IPUIPlugin
2023-11-23 10:20:30,440 [INFO] PluginManager:220 - loadIPPluginJar : add i2s
2023-11-23 10:20:30,489 [INFO] IPUIPlugin:80 - create IPUIPlugin
2023-11-23 10:20:30,489 [INFO] PluginManager:220 - loadIPPluginJar : add i3c
2023-11-23 10:20:30,620 [INFO] IPUIPlugin:80 - create IPUIPlugin
2023-11-23 10:20:30,621 [INFO] PluginManager:220 - loadIPPluginJar : add ipddr
2023-11-23 10:20:30,724 [INFO] IPUIPlugin:80 - create IPUIPlugin
2023-11-23 10:20:30,724 [INFO] PluginManager:220 - loadIPPluginJar : add linkedlist
2023-11-23 10:20:30,764 [INFO] IPUIPlugin:80 - create IPUIPlugin
2023-11-23 10:20:30,764 [INFO] PluginManager:220 - loadIPPluginJar : add lorawan
2023-11-23 10:20:30,817 [INFO] IPUIPlugin:80 - create IPUIPlugin
2023-11-23 10:20:30,818 [INFO] PluginManager:220 - loadIPPluginJar : add ltdc
2023-11-23 10:20:30,834 [INFO] IPUIPlugin:80 - create IPUIPlugin
2023-11-23 10:20:30,834 [INFO] PluginManager:220 - loadIPPluginJar : add mdma
2023-11-23 10:20:30,850 [INFO] IPUIPlugin:80 - create IPUIPlugin
2023-11-23 10:20:30,850 [INFO] PluginManager:220 - loadIPPluginJar : add nvic
2023-11-23 10:20:30,896 [INFO] IPUIPlugin:80 - create IPUIPlugin
2023-11-23 10:20:30,896 [INFO] PluginManager:220 - loadIPPluginJar : add opamp
2023-11-23 10:20:30,962 [INFO] IPUIPlugin:80 - create IPUIPlugin
2023-11-23 10:20:30,962 [INFO] PluginManager:220 - loadIPPluginJar : add openamp
2023-11-23 10:20:31,017 [INFO] IPUIPlugin:80 - create IPUIPlugin
2023-11-23 10:20:31,017 [INFO] PluginManager:220 - loadIPPluginJar : add pdm2pcm
2023-11-23 10:20:31,037 [INFO] IPUIPlugin:80 - create IPUIPlugin
2023-11-23 10:20:31,040 [INFO] PluginManager:220 - loadIPPluginJar : add plateformsettings
2023-11-23 10:20:31,064 [INFO] IPUIPlugin:80 - create IPUIPlugin
2023-11-23 10:20:31,065 [INFO] PluginManager:220 - loadIPPluginJar : add quadspi
2023-11-23 10:20:31,081 [INFO] IPUIPlugin:80 - create IPUIPlugin
2023-11-23 10:20:31,082 [INFO] PluginManager:220 - loadIPPluginJar : add resmgrutility
2023-11-23 10:20:31,138 [INFO] IPUIPlugin:80 - create IPUIPlugin
2023-11-23 10:20:31,139 [INFO] PluginManager:220 - loadIPPluginJar : add sai
2023-11-23 10:20:31,184 [INFO] IPUIPlugin:80 - create IPUIPlugin
2023-11-23 10:20:31,184 [INFO] PluginManager:220 - loadIPPluginJar : add spi
2023-11-23 10:20:31,257 [INFO] IPUIPlugin:80 - create IPUIPlugin
2023-11-23 10:20:31,257 [INFO] PluginManager:220 - loadIPPluginJar : add stm32_wpan
2023-11-23 10:20:31,288 [INFO] IPUIPlugin:80 - create IPUIPlugin
2023-11-23 10:20:31,288 [INFO] PluginManager:220 - loadIPPluginJar : add tim
2023-11-23 10:20:31,358 [INFO] IPUIPlugin:80 - create IPUIPlugin
2023-11-23 10:20:31,358 [INFO] PluginManager:220 - loadIPPluginJar : add touchsensing
2023-11-23 10:20:31,389 [INFO] IPUIPlugin:80 - create IPUIPlugin
2023-11-23 10:20:31,389 [INFO] PluginManager:220 - loadIPPluginJar : add tracer_emb
2023-11-23 10:20:31,420 [INFO] IPUIPlugin:80 - create IPUIPlugin
2023-11-23 10:20:31,420 [INFO] PluginManager:220 - loadIPPluginJar : add ts
2023-11-23 10:20:31,448 [INFO] IPUIPlugin:80 - create IPUIPlugin
2023-11-23 10:20:31,449 [INFO] PluginManager:220 - loadIPPluginJar : add tsc
2023-11-23 10:20:31,479 [INFO] IPUIPlugin:80 - create IPUIPlugin
2023-11-23 10:20:31,479 [INFO] PluginManager:220 - loadIPPluginJar : add ucpd
2023-11-23 10:20:31,534 [INFO] IPUIPlugin:80 - create IPUIPlugin
2023-11-23 10:20:31,534 [INFO] PluginManager:220 - loadIPPluginJar : add usart
2023-11-23 10:20:31,585 [INFO] IPUIPlugin:80 - create IPUIPlugin
2023-11-23 10:20:31,586 [INFO] PluginManager:220 - loadIPPluginJar : add usbx
2023-11-23 10:20:31,600 [INFO] ThirdPartyUpdaterWithRetryManager:70 - Updater plugin not ready yet. [2/15]
2023-11-23 10:20:31,738 [INFO] CADModel:165 - CPN selected for project level
2023-11-23 10:20:31,738 [INFO] CADModel:114 - Register for checkConnection events
2023-11-23 10:20:31,738 [FATAL] Updater:308 - Updater called before beeing initialized
2023-11-23 10:20:31,738 [ERROR] CADModel:125 - Updater not yet initialized, retry later 
2023-11-23 10:20:31,952 [INFO] CADModel:165 - CPN selected for project level
2023-11-23 10:20:31,952 [INFO] CADModel:114 - Register for checkConnection events
2023-11-23 10:20:31,952 [FATAL] Updater:308 - Updater called before beeing initialized
2023-11-23 10:20:31,952 [ERROR] CADModel:125 - Updater not yet initialized, retry later 
2023-11-23 10:20:31,956 [FATAL] Updater:308 - Updater called before beeing initialized
2023-11-23 10:20:32,146 [FATAL] Updater:308 - Updater called before beeing initialized
2023-11-23 10:20:32,168 [INFO] DbMcusAds:53 - JSON generation date=Tue Mar 07 17:50:55 JST 2023 (1678179055335)
2023-11-23 10:20:32,168 [FATAL] Updater:308 - Updater called before beeing initialized
2023-11-23 10:20:32,280 [WARN] DetailPanel:346 - Failed to get advertising image, set to default
2023-11-23 10:20:32,420 [FATAL] Updater:308 - Updater called before beeing initialized
2023-11-23 10:20:32,423 [FATAL] Updater:308 - Updater called before beeing initialized
2023-11-23 10:20:32,423 [FATAL] Updater:308 - Updater called before beeing initialized
2023-11-23 10:20:32,423 [WARN] DetailPanel:346 - Failed to get advertising image, set to default
2023-11-23 10:20:32,424 [FATAL] Updater:308 - Updater called before beeing initialized
2023-11-23 10:20:32,523 [ERROR] Updater:1120 - MainUpdater not yet initialized. External WinMGr cannot be set.
2023-11-23 10:20:32,540 [INFO] Updater:1056 - Updater Version found : 6.9.1
2023-11-23 10:20:32,575 [INFO] ApplicationProperties:184 - Using Application install path: C:\ST\STM32CubeIDE_1.4.0\STM32CubeIDE\plugins\com.st.stm32cube.common.mx_6.9.1.202307191849
2023-11-23 10:20:32,841 [INFO] MainUpdater:2868 - connection check result : 10
2023-11-23 10:20:32,843 [INFO] MainUpdater:285 - Updater Check For Update Now.
2023-11-23 10:20:32,843 [INFO] MicroXplorer:498 - Change Database Version : DB.6.0.91
2023-11-23 10:20:32,888 [INFO] McuFinderGlobals:63 - Set McuFinder mode to 2 (CubeIDE integrated)
2023-11-23 10:20:32,889 [INFO] UserAuth:179 - activating auth plugin
2023-11-23 10:20:32,906 [INFO] UserAuth:393 - Internet connection configuration mode: 1
2023-11-23 10:20:32,975 [INFO] JxBrowserEngine:151 - Initiate JxBrowser Engine with user profile folder
2023-11-23 10:20:33,140 [INFO] CheckServerUpdateThread:120 - End of CheckServer Thread
2023-11-23 10:20:34,081 [INFO] WebApp:157 - Instantiating new browser for Auth
2023-11-23 10:20:34,931 [WARN] PackLoader:240 - Cannot read IP mode file for STMicroelectronics.X-CUBE-SMBUS.2.1.0
2023-11-23 10:20:35,030 [WARN] PackLoader:240 - Cannot read IP mode file for STMicroelectronics.X-CUBE-AZRTOS-F7.1.1.0
2023-11-23 10:20:35,052 [ERROR] RealEvaluatedCondition:428 - Found unsupported composite condition: CLASS='Data Exchange' GROUP='STM32_MetaDataManager'
2023-11-23 10:20:35,052 [ERROR] RealEvaluatedCondition:428 - Found unsupported composite condition: GROUP='STM32_MetaDataManager' CLASS='Data Exchange'
2023-11-23 10:20:35,055 [WARN] PackLoader:240 - Cannot read IP mode file for STMicroelectronics.FP-SNS-MOTENV1.4.3.0
2023-11-23 10:20:35,076 [WARN] PackLoader:240 - Cannot read IP mode file for STMicroelectronics.FP-SNS-MOTENV1.4.3.2
2023-11-23 10:20:35,097 [WARN] PackLoader:240 - Cannot read IP mode file for STMicroelectronics.FP-SNS-FLIGHT1.5.0.0
2023-11-23 10:20:35,107 [ERROR] RealEvaluatedCondition:428 - Found unsupported composite condition: CLASS='Data Exchange' GROUP='STM32_MetaDataManager'
2023-11-23 10:20:35,107 [ERROR] RealEvaluatedCondition:428 - Found unsupported composite condition: CLASS='Data Exchange' GROUP='STM32_MetaDataManager'
2023-11-23 10:20:35,112 [WARN] PackLoader:240 - Cannot read IP mode file for STMicroelectronics.FP-SNS-MOTENV1.4.3.1
2023-11-23 10:20:35,129 [WARN] PackLoader:240 - Cannot read IP mode file for STMicroelectronics.FP-SNS-FLIGHT1.5.0.1
2023-11-23 10:20:35,146 [WARN] PackLoader:240 - Cannot read IP mode file for STMicroelectronics.X-CUBE-BLE1.6.2.4
2023-11-23 10:20:35,154 [WARN] PackLoader:240 - Cannot read IP mode file for STMicroelectronics.FP-SNS-FLIGHT1.5.0.2
2023-11-23 10:20:35,171 [WARN] PackLoader:240 - Cannot read IP mode file for STMicroelectronics.X-CUBE-DISPLAY.3.0.0
2023-11-23 10:20:35,191 [WARN] PackLoader:240 - Cannot read IP mode file for STMicroelectronics.X-CUBE-BLE1.7.0.0
2023-11-23 10:20:35,203 [WARN] PackLoader:240 - Cannot read IP mode file for STMicroelectronics.X-CUBE-TOUCHGFX.4.22.0
2023-11-23 10:20:35,209 [WARN] PackLoader:240 - Cannot read IP mode file for STMicroelectronics.X-CUBE-TOUCHGFX.4.22.1
2023-11-23 10:20:35,218 [WARN] PackLoader:240 - Cannot read IP mode file for STMicroelectronics.FP-SNS-SMARTAG2.1.2.0
2023-11-23 10:20:35,236 [INFO] LogOutputStream:77 - [STDOUT_REDIRECT] 1 : Invalid condition id : UX_CORESTACK_Condition cause : null
2023-11-23 10:20:35,237 [INFO] LogOutputStream:77 - [STDOUT_REDIRECT] 1 : Invalid condition id : UX_CORESTACK_Condition cause : null
2023-11-23 10:20:35,239 [INFO] LogOutputStream:77 - [STDOUT_REDIRECT] 1 : Invalid condition id : UX_CORESTACK_Condition cause : null
2023-11-23 10:20:35,243 [INFO] LogOutputStream:77 - [STDOUT_REDIRECT] 1 : Invalid condition id : UX_CORESTACK_Condition cause : null
2023-11-23 10:20:35,246 [INFO] LogOutputStream:77 - [STDOUT_REDIRECT] 1 : Invalid condition id : UX_CORESTACK_Condition cause : null
2023-11-23 10:20:35,252 [WARN] PackLoader:240 - Cannot read IP mode file for STMicroelectronics.X-CUBE-AZRTOS-WL.2.0.0
2023-11-23 10:20:35,267 [WARN] PackLoader:240 - Cannot read IP mode file for WES.I-CUBE-Cesium.1.3.0
2023-11-23 10:20:35,274 [WARN] PackLoader:240 - Cannot read IP mode file for STMicroelectronics.X-CUBE-BLE2.3.3.0
2023-11-23 10:20:35,294 [WARN] PackLoader:240 - Cannot read IP mode file for STMicroelectronics.X-CUBE-TOF1.3.2.0
2023-11-23 10:20:35,318 [WARN] PackLoader:240 - Cannot read IP mode file for STMicroelectronics.X-CUBE-TOUCHGFX.4.21.1
2023-11-23 10:20:35,324 [WARN] PackLoader:240 - Cannot read IP mode file for STMicroelectronics.X-CUBE-TOUCHGFX.4.21.3
2023-11-23 10:20:35,331 [WARN] PackLoader:240 - Cannot read IP mode file for STMicroelectronics.X-CUBE-TOUCHGFX.4.21.4
2023-11-23 10:20:35,338 [WARN] PackLoader:240 - Cannot read IP mode file for STMicroelectronics.X-CUBE-ALGOBUILD.1.3.0
2023-11-23 10:20:35,366 [WARN] PackLoader:240 - Cannot read IP mode file for STMicroelectronics.X-CUBE-AZRTOS-G0.1.1.0
2023-11-23 10:20:35,378 [WARN] PackLoader:240 - Cannot read IP mode file for STMicroelectronics.X-CUBE-NFC4.3.0.0
2023-11-23 10:20:35,401 [WARN] PackLoader:240 - Cannot read IP mode file for STMicroelectronics.X-CUBE-BLEMGR.3.0.0
2023-11-23 10:20:35,416 [WARN] PackLoader:240 - Cannot read IP mode file for STMicroelectronics.FP-ATR-SIGFOX1.3.2.0
2023-11-23 10:20:35,487 [WARN] PackLoader:240 - Cannot read IP mode file for STMicroelectronics.X-CUBE-MEMS1.9.5.0
2023-11-23 10:20:35,498 [INFO] WebApp:753 - Register for checkConnection events
2023-11-23 10:20:35,499 [INFO] WebApp:390 - Apply proxy settings
2023-11-23 10:20:35,500 [INFO] WebApp:475 - Chromium requires no authentication
2023-11-23 10:20:35,523 [INFO] WebApp:418 - Direct internet connection detected
2023-11-23 10:20:35,778 [WARN] PackLoader:240 - Cannot read IP mode file for SEGGER.I-CUBE-embOS.1.3.1
2023-11-23 10:20:35,836 [WARN] PackLoader:240 - Cannot read IP mode file for STMicroelectronics.X-CUBE-GNSS1.6.0.0
2023-11-23 10:20:35,858 [WARN] PackLoader:240 - Cannot read IP mode file for STMicroelectronics.X-CUBE-AZRTOS-F4.1.1.0
2023-11-23 10:20:35,888 [WARN] PackLoader:240 - Cannot read IP mode file for STMicroelectronics.X-CUBE-AZRTOS-L5.2.0.0
2023-11-23 10:20:35,951 [INFO] WebApp:188 - Starting web application
2023-11-23 10:20:35,951 [INFO] WebApp:520 - Web application path used C:\ST\STM32CubeIDE_1.4.0\STM32CubeIDE\plugins\com.st.stm32cube.common.mx_6.9.1.202307191849\db\plugins\mcufinder\reactClient1\index.html
2023-11-23 10:20:35,966 [WARN] PackLoader:240 - Cannot read IP mode file for STMicroelectronics.X-CUBE-MEMS1.9.6.0
2023-11-23 10:20:36,184 [WARN] PackLoader:240 - Cannot read IP mode file for STMicroelectronics.X-CUBE-EEPRMA1.4.2.0
2023-11-23 10:20:36,194 [WARN] PackLoader:240 - Cannot read IP mode file for ITTIA_DB.I-CUBE-ITTIADB.8.8.0
2023-11-23 10:20:36,203 [WARN] PackLoader:240 - Cannot read IP mode file for emotas.I-CUBE-CANOPEN.1.1.3
2023-11-23 10:20:36,214 [WARN] PackLoader:240 - Cannot read IP mode file for STMicroelectronics.X-CUBE-BLEMGR.2.0.0
2023-11-23 10:20:36,238 [WARN] ConditionMgr:438 - getConditionDescription Invalid condition id : UX DEVICE CLASS RTOS Condition cause : null
2023-11-23 10:20:36,239 [WARN] ConditionMgr:438 - getConditionDescription Invalid condition id : UX DEVICE CLASS RTOS Condition cause : null
2023-11-23 10:20:36,249 [WARN] PackLoader:240 - Cannot read IP mode file for STMicroelectronics.X-CUBE-AZRTOS-H7.3.1.0
2023-11-23 10:20:36,251 [WARN] ConditionMgr:1039 - genDependencies : Invalid condition id : UX DEVICE CLASS RTOS Condition cause : null
2023-11-23 10:20:36,252 [WARN] ConditionMgr:1039 - genDependencies : Invalid condition id : UX DEVICE CLASS RTOS Condition cause : null
2023-11-23 10:20:36,253 [WARN] ConditionMgr:1039 - genDependencies : Invalid condition id : UX DEVICE CLASS RTOS Condition cause : null
2023-11-23 10:20:36,254 [WARN] ConditionMgr:1039 - genDependencies : Invalid condition id : UX DEVICE CLASS RTOS Condition cause : null
2023-11-23 10:20:36,254 [WARN] ConditionMgr:1039 - genDependencies : Invalid condition id : UX DEVICE CLASS RTOS Condition cause : null
2023-11-23 10:20:36,269 [WARN] PackLoader:240 - Cannot read IP mode file for wolfSSL.I-CUBE-wolfSSL.5.5.4
2023-11-23 10:20:36,281 [WARN] PackLoader:240 - Cannot read IP mode file for STMicroelectronics.X-CUBE-NFC7.1.0.1
2023-11-23 10:20:36,291 [WARN] PackLoader:240 - Cannot read IP mode file for STMicroelectronics.X-CUBE-NFC7.1.0.0
2023-11-23 10:20:36,313 [WARN] PackLoader:240 - Cannot read IP mode file for STMicroelectronics.X-CUBE-NFC6.3.0.0
2023-11-23 10:20:36,327 [WARN] PackLoader:240 - Cannot read IP mode file for STMicroelectronics.X-CUBE-EEPRMA1.4.1.0
2023-11-23 10:20:36,345 [WARN] PackLoader:240 - Cannot read IP mode file for STMicroelectronics.X-CUBE-AI.8.1.0
2023-11-23 10:20:36,436 [WARN] ConditionMgr:438 - getConditionDescription Invalid condition id : LAN8742 Phy interface Condition cause : null
2023-11-23 10:20:36,439 [WARN] PackLoader:240 - Cannot read IP mode file for STMicroelectronics.X-CUBE-AZRTOS-L4.2.0.0
2023-11-23 10:20:36,444 [WARN] ConditionMgr:1039 - genDependencies : Invalid condition id : LAN8742 Phy interface Condition cause : null
2023-11-23 10:20:36,445 [WARN] ConditionMgr:1039 - genDependencies : Invalid condition id : LAN8742 Phy interface Condition cause : null
2023-11-23 10:20:36,447 [WARN] ConditionMgr:1039 - genDependencies : Invalid condition id : LAN8742 Phy interface Condition cause : null
2023-11-23 10:20:36,473 [WARN] PackLoader:240 - Cannot read IP mode file for STMicroelectronics.X-CUBE-SFXS2LP1.4.0.0
2023-11-23 10:20:36,529 [WARN] PackLoader:240 - Cannot read IP mode file for STMicroelectronics.X-CUBE-AZRTOS-H7.3.0.0
2023-11-23 10:20:36,539 [WARN] PackLoader:240 - Cannot read IP mode file for STMicroelectronics.X-CUBE-ISPU.1.1.0
2023-11-23 10:20:36,551 [WARN] PackLoader:240 - Cannot read IP mode file for RoweBots.I-CUBE-UNISONRTOS.5.5.0-4
2023-11-23 10:20:36,557 [WARN] PackLoader:240 - Cannot read IP mode file for STMicroelectronics.X-CUBE-AI.8.0.0
2023-11-23 10:20:36,581 [WARN] ConditionMgr:438 - getConditionDescription Invalid condition id : UX DEVICE CLASS RTOS Condition cause : null
2023-11-23 10:20:36,581 [WARN] ConditionMgr:438 - getConditionDescription Invalid condition id : UX DEVICE CLASS RTOS Condition cause : null
2023-11-23 10:20:36,585 [WARN] PackLoader:240 - Cannot read IP mode file for STMicroelectronics.X-CUBE-AZRTOS-WB.2.0.0
2023-11-23 10:20:36,586 [WARN] ConditionMgr:1039 - genDependencies : Invalid condition id : UX DEVICE CLASS RTOS Condition cause : null
2023-11-23 10:20:36,586 [WARN] ConditionMgr:1039 - genDependencies : Invalid condition id : UX DEVICE CLASS RTOS Condition cause : null
2023-11-23 10:20:36,587 [WARN] ConditionMgr:1039 - genDependencies : Invalid condition id : UX DEVICE CLASS RTOS Condition cause : null
2023-11-23 10:20:36,587 [WARN] ConditionMgr:1039 - genDependencies : Invalid condition id : UX DEVICE CLASS RTOS Condition cause : null
2023-11-23 10:20:36,588 [WARN] ConditionMgr:1039 - genDependencies : Invalid condition id : UX DEVICE CLASS RTOS Condition cause : null
2023-11-23 10:20:36,601 [WARN] PackLoader:240 - Cannot read IP mode file for STMicroelectronics.X-CUBE-FREERTOS.1.0.0
2023-11-23 10:20:36,613 [WARN] PackLoader:240 - Cannot read IP mode file for STMicroelectronics.X-CUBE-FREERTOS.1.0.1
2023-11-23 10:20:36,637 [WARN] PackLoader:240 - Cannot read IP mode file for STMicroelectronics.X-CUBE-AZRTOS-L5.1.1.0
2023-11-23 10:20:36,648 [WARN] PackLoader:240 - Cannot read IP mode file for STMicroelectronics.X-CUBE-AI.8.0.1
2023-11-23 10:20:36,663 [WARN] PackLoader:240 - Cannot read IP mode file for STMicroelectronics.X-CUBE-SUBG2.5.0.0
2023-11-23 10:20:36,690 [WARN] PackLoader:240 - Cannot read IP mode file for STMicroelectronics.X-CUBE-TOF1.3.3.1
2023-11-23 10:20:36,733 [WARN] PackLoader:240 - Cannot read IP mode file for STMicroelectronics.X-CUBE-AZRTOS-G4.2.0.0
2023-11-23 10:20:36,754 [WARN] PackLoader:240 - Cannot read IP mode file for STMicroelectronics.X-CUBE-TOF1.3.3.0
2023-11-23 10:20:36,780 [WARN] PackLoader:240 - Cannot read IP mode file for STMicroelectronics.FP-ATR-ASTRA1.1.1.1
2023-11-23 10:20:36,816 [WARN] PackLoader:240 - Cannot read IP mode file for Infineon.AIROC-Wi-Fi-Bluetooth-STM32.1.5.1
2023-11-23 10:20:36,836 [WARN] PackLoader:240 - Cannot read IP mode file for STMicroelectronics.FP-SNS-MOTENVWB1.1.3.0
2023-11-23 10:20:36,862 [WARN] PackLoader:240 - Cannot read IP mode file for STMicroelectronics.X-CUBE-AZRTOS-G4.1.0.0
2023-11-23 10:20:36,896 [WARN] PackLoader:240 - Cannot read IP mode file for STMicroelectronics.X-CUBE-AZRTOS-L4.1.0.0
2023-11-23 10:20:36,988 [WARN] PackLoader:240 - Cannot read IP mode file for STMicroelectronics.X-CUBE-MEMS1.10.0.0
2023-11-23 10:20:37,168 [WARN] PackLoader:240 - Cannot read IP mode file for STMicroelectronics.X-CUBE-FREERTOS.1.1.0
2023-11-23 10:20:37,192 [WARN] PackLoader:240 - Cannot read IP mode file for STMicroelectronics.X-CUBE-AZRTOS-WL.1.0.0
2023-11-23 10:20:37,205 [WARN] PackLoader:240 - Cannot read IP mode file for portGmbH.I-Cube-SoM-uGOAL.1.1.0
2023-11-23 10:20:37,214 [WARN] PackLoader:240 - Cannot read IP mode file for STMicroelectronics.X-CUBE-ALS.1.0.1
2023-11-23 10:20:37,245 [WARN] PackLoader:240 - Cannot read IP mode file for STMicroelectronics.X-CUBE-AZRTOS-WB.1.1.0
2023-11-23 10:20:37,257 [WARN] PackLoader:240 - Cannot read IP mode file for STMicroelectronics.FP-ATR-ASTRA1.2.0.0
2023-11-23 10:20:37,259 [INFO] ThirdParty:978 - Integrity check success = true
2023-11-23 10:20:37,259 [INFO] IntegrityCheckThread:100 - exiting critical section [integrity check]
2023-11-23 10:20:37,259 [INFO] IntegrityCheckThread:103 - End integrity checks thread
2023-11-23 11:14:23,373 [ERROR] LogOutputStream:75 - [STDERR_REDIRECT] SLF4J: Failed to load class "org.slf4j.impl.StaticLoggerBinder".
2023-11-23 11:14:23,374 [ERROR] LogOutputStream:75 - [STDERR_REDIRECT] SLF4J: Defaulting to no-operation (NOP) logger implementation
2023-11-23 11:14:23,375 [ERROR] LogOutputStream:75 - [STDERR_REDIRECT] SLF4J: See http://www.slf4j.org/codes.html#StaticLoggerBinder for further details.
2023-11-23 21:24:29,045 [ERROR] LogOutputStream:75 - [STDERR_REDIRECT] 
