2024-01-29 20:35:30,082 [INFO] Activator:176 - 


2024-01-29 20:35:30,096 [INFO] Activator:177 - !SESSION log4j initialized
2024-01-29 20:35:45,681 [INFO] LogOutputStream:77 - [STDOUT_REDIRECT] 
2024-01-29 20:35:55,071 [INFO] ApplicationProperties:184 - Using Application install path: C:\ST\STM32CubeIDE_1.4.0\STM32CubeIDE\plugins\com.st.stm32cube.common.mx_6.9.1.202307191849
2024-01-29 20:35:55,105 [INFO] DbMcusXml:78 - Set database path to: C:\ST\STM32CubeIDE_1.4.0\STM32CubeIDE\plugins\com.st.stm32cube.common.mx_6.9.1.202307191849\\db\/mcu/
2024-01-29 20:35:55,106 [INFO] ApiDb:274 - Set plugin database path to: C:\ST\STM32CubeIDE_1.4.0\STM32CubeIDE\plugins\com.st.stm32cube.common.mx_6.9.1.202307191849\\db\/plugins/boardmanager/
2024-01-29 20:35:55,107 [WARN] ApiDb:259 - Overriding images path with different value:  => C:\ST\STM32CubeIDE_1.4.0\STM32CubeIDE\plugins\com.st.stm32cube.common.mx_6.9.1.202307191849\\db\/plugins/mcufinder/images/
2024-01-29 20:35:55,130 [INFO] ApiDb:250 - Set database path to: C:\Users\Minh\.stmcufinder\plugins\mcufinder//mcu/
2024-01-29 20:35:55,133 [INFO] DbMcusAds:125 - Set database path to: C:\Users\Minh\.stmcufinder\plugins\mcufinder//mcu/
2024-01-29 20:35:55,136 [INFO] CrossReferenceDbSqlite:203 - Set database path to: C:\Users\Minh\.stmcufinder\plugins\mcufinder//mcu/cs/
2024-01-29 20:35:55,384 [INFO] RulesReader:64 - Compatibility file has been processed (293 Rules)
2024-01-29 20:35:55,552 [INFO] DbMcusXml:78 - Set database path to: C:\ST\STM32CubeIDE_1.4.0\STM32CubeIDE\plugins\com.st.stm32cube.common.mx_6.9.1.202307191849\\db\/mcu/
2024-01-29 20:35:55,553 [INFO] ApiDb:274 - Set plugin database path to: C:\ST\STM32CubeIDE_1.4.0\STM32CubeIDE\plugins\com.st.stm32cube.common.mx_6.9.1.202307191849\\db\/plugins/boardmanager/
2024-01-29 20:35:55,553 [INFO] ApiDb:261 - Set plugin images path to: C:\ST\STM32CubeIDE_1.4.0\STM32CubeIDE\plugins\com.st.stm32cube.common.mx_6.9.1.202307191849\\db\/plugins/mcufinder/images/
2024-01-29 20:35:55,554 [WARN] DbFile:41 - Overriding database path with different value: C:\Users\Minh\.stmcufinder\plugins\mcufinder/ => C:\Users\Minh\.stmcufinder\plugins\mcufinder
2024-01-29 20:35:55,554 [INFO] ApiDb:250 - Set database path to: C:\Users\Minh\.stmcufinder\plugins\mcufinder//mcu/
2024-01-29 20:35:55,554 [WARN] DbFile:41 - Overriding database path with different value: C:\Users\Minh\.stmcufinder\plugins\mcufinder/ => C:\Users\Minh\.stmcufinder\plugins\mcufinder
2024-01-29 20:35:55,554 [INFO] DbMcusAds:125 - Set database path to: C:\Users\Minh\.stmcufinder\plugins\mcufinder//mcu/
2024-01-29 20:35:55,554 [WARN] DbFile:41 - Overriding database path with different value: C:\Users\Minh\.stmcufinder\plugins\mcufinder/ => C:\Users\Minh\.stmcufinder\plugins\mcufinder
2024-01-29 20:35:55,554 [WARN] DbFile:41 - Overriding database path with different value: C:\Users\Minh\.stmcufinder\plugins\mcufinder/ => C:\Users\Minh\.stmcufinder\plugins\mcufinder
2024-01-29 20:35:55,555 [INFO] CrossReferenceDbSqlite:203 - Set database path to: C:\Users\Minh\.stmcufinder\plugins\mcufinder//mcu/cs/
2024-01-29 20:35:55,701 [INFO] MainPanel:262 - HeapMemory: 268435456
2024-01-29 20:35:55,879 [INFO] DbMcusXml:78 - Set database path to: C:\ST\STM32CubeIDE_1.4.0\STM32CubeIDE\plugins\com.st.stm32cube.common.mx_6.9.1.202307191849\\db\/mcu/
2024-01-29 20:35:55,879 [INFO] ApiDb:274 - Set plugin database path to: C:\ST\STM32CubeIDE_1.4.0\STM32CubeIDE\plugins\com.st.stm32cube.common.mx_6.9.1.202307191849\\db\/plugins/boardmanager/
2024-01-29 20:35:55,879 [INFO] ApiDb:261 - Set plugin images path to: C:\ST\STM32CubeIDE_1.4.0\STM32CubeIDE\plugins\com.st.stm32cube.common.mx_6.9.1.202307191849\\db\/plugins/mcufinder/images/
2024-01-29 20:35:55,880 [WARN] DbFile:41 - Overriding database path with different value: C:\Users\Minh\.stmcufinder\plugins\mcufinder/ => C:\Users\Minh\.stmcufinder\plugins\mcufinder
2024-01-29 20:35:55,880 [INFO] ApiDb:250 - Set database path to: C:\Users\Minh\.stmcufinder\plugins\mcufinder//mcu/
2024-01-29 20:35:55,881 [WARN] DbFile:41 - Overriding database path with different value: C:\Users\Minh\.stmcufinder\plugins\mcufinder/ => C:\Users\Minh\.stmcufinder\plugins\mcufinder
2024-01-29 20:35:55,881 [INFO] DbMcusAds:125 - Set database path to: C:\Users\Minh\.stmcufinder\plugins\mcufinder//mcu/
2024-01-29 20:35:55,881 [WARN] DbFile:41 - Overriding database path with different value: C:\Users\Minh\.stmcufinder\plugins\mcufinder/ => C:\Users\Minh\.stmcufinder\plugins\mcufinder
2024-01-29 20:35:55,881 [WARN] DbFile:41 - Overriding database path with different value: C:\Users\Minh\.stmcufinder\plugins\mcufinder/ => C:\Users\Minh\.stmcufinder\plugins\mcufinder
2024-01-29 20:35:55,882 [INFO] CrossReferenceDbSqlite:203 - Set database path to: C:\Users\Minh\.stmcufinder\plugins\mcufinder//mcu/cs/
2024-01-29 20:35:55,916 [INFO] ApplicationProperties:184 - Using Application install path: C:\ST\STM32CubeIDE_1.4.0\STM32CubeIDE\plugins\com.st.stm32cube.common.mx_6.9.1.202307191849
2024-01-29 20:35:55,919 [INFO] PluginManage:196 - Search for loadable plugins [exclusion list=, ]
2024-01-29 20:35:55,923 [INFO] PluginManage:310 - Check plugin analytics
2024-01-29 20:36:01,185 [INFO] AnalyticsPlugin:253 - Accepted Software Licenses: STM32CubeMX.6.0.0,STM32CubeMX.5.2.0
2024-01-29 20:36:01,186 [INFO] AnalyticsPlugin:255 - Accepted CMSIS Pack Licenses: 
2024-01-29 20:36:01,186 [INFO] AnalyticsPlugin:257 - Accepted Firmware Licenses: 
2024-01-29 20:36:01,192 [INFO] PluginManage:359 - Loaded plugin analytics (category:tool,tabindex:-1)
2024-01-29 20:36:01,193 [INFO] PluginManage:310 - Check plugin cadmodel
2024-01-29 20:36:01,223 [INFO] CADModel:105 - Init CAD model plugin
2024-01-29 20:36:01,223 [INFO] PluginManage:359 - Loaded plugin cadmodel (category:power,tabindex:5)
2024-01-29 20:36:01,223 [INFO] PluginManage:310 - Check plugin clock
2024-01-29 20:36:01,264 [INFO] PluginManage:359 - Loaded plugin clock (category:base,tabindex:2)
2024-01-29 20:36:01,265 [INFO] PluginManage:310 - Check plugin ddr
2024-01-29 20:36:01,269 [INFO] PluginManage:359 - Loaded plugin ddr (category:tool,tabindex:6)
2024-01-29 20:36:01,269 [INFO] PluginManage:310 - Check plugin filemanager
2024-01-29 20:36:01,548 [INFO] PluginManage:359 - Loaded plugin filemanager (category:base,tabindex:10)
2024-01-29 20:36:01,549 [INFO] PluginManage:310 - Check plugin ipmanager
2024-01-29 20:36:01,565 [INFO] PluginManage:359 - Loaded plugin ipmanager (category:base,tabindex:5)
2024-01-29 20:36:01,566 [INFO] PluginManage:310 - Check plugin lpbam
2024-01-29 20:36:01,606 [INFO] PluginManage:359 - Loaded plugin lpbam (category:base,tabindex:0)
2024-01-29 20:36:01,606 [INFO] PluginManage:310 - Check plugin memorymap
2024-01-29 20:36:01,656 [INFO] PluginManage:359 - Loaded plugin memorymap (category:base,tabindex:4)
2024-01-29 20:36:01,657 [INFO] PluginManage:310 - Check plugin pinoutandconfiguration
2024-01-29 20:36:01,694 [INFO] PluginManage:359 - Loaded plugin pinoutandconfiguration (category:base,tabindex:1)
2024-01-29 20:36:01,694 [INFO] PluginManage:310 - Check plugin pinoutconfig
2024-01-29 20:36:01,892 [WARN] SupportedApi:132 - Cannot load RTOS API schema: s4s-elt-must-match.1: The content of 'definitions' must match (annotation?, (simpleType | complexType)?, (unique | key | keyref)*)). A problem was found starting at: attribute.
2024-01-29 20:36:02,151 [INFO] PluginManage:359 - Loaded plugin pinoutconfig (category:base,tabindex:0)
2024-01-29 20:36:02,152 [INFO] PluginManage:310 - Check plugin power
2024-01-29 20:36:02,196 [INFO] PluginManage:359 - Loaded plugin power (category:power,tabindex:4)
2024-01-29 20:36:02,196 [INFO] PluginManage:310 - Check plugin projectmanager
2024-01-29 20:36:02,228 [INFO] PluginManage:359 - Loaded plugin projectmanager (category:projectmanager,tabindex:3)
2024-01-29 20:36:02,228 [INFO] PluginManage:310 - Check plugin thirdparty
2024-01-29 20:36:02,765 [INFO] PluginManage:359 - Loaded plugin thirdparty (category:base,tabindex:-1)
2024-01-29 20:36:02,765 [WARN] IntegrityCheckThread:84 - waiting for thirdparty lock release [integrity check]
2024-01-29 20:36:02,765 [INFO] PluginManage:310 - Check plugin tools
2024-01-29 20:36:02,765 [INFO] IntegrityCheckThread:86 - entering critical section [integrity check]
2024-01-29 20:36:02,766 [INFO] ThirdPartyUpdaterWithRetryManager:70 - Updater plugin not ready yet. [1/15]
2024-01-29 20:36:02,844 [INFO] PluginManage:359 - Loaded plugin tools (category:base,tabindex:7)
2024-01-29 20:36:02,844 [INFO] PluginManage:310 - Check plugin tutovideos
2024-01-29 20:36:03,263 [INFO] PluginManage:359 - Loaded plugin tutovideos (category:base,tabindex:-1)
2024-01-29 20:36:03,263 [INFO] PluginManage:310 - Check plugin updater
2024-01-29 20:36:03,284 [INFO] PluginManage:359 - Loaded plugin updater (category:base,tabindex:12)
2024-01-29 20:36:03,284 [INFO] PluginManage:310 - Check plugin userauth
2024-01-29 20:36:03,295 [INFO] UserAuth:113 - Init User Auth plugin
2024-01-29 20:36:03,295 [INFO] PluginManage:359 - Loaded plugin userauth (category:base,tabindex:14)
2024-01-29 20:36:03,296 [INFO] PluginManage:283 - PluginManage : Loaded plugins [17]
2024-01-29 20:36:03,714 [INFO] PinOutPanel:1499 - setPackage(No Configuration,No Configuration)
2024-01-29 20:36:03,923 [INFO] CADModel:165 - CPN selected for project level
2024-01-29 20:36:03,923 [INFO] CADModel:114 - Register for checkConnection events
2024-01-29 20:36:03,972 [INFO] IPUIPlugin:80 - create IPUIPlugin
2024-01-29 20:36:03,972 [INFO] PluginManager:220 - loadIPPluginJar : add adc
2024-01-29 20:36:04,037 [INFO] IPUIPlugin:80 - create IPUIPlugin
2024-01-29 20:36:04,038 [INFO] PluginManager:220 - loadIPPluginJar : add aes
2024-01-29 20:36:04,117 [INFO] IPUIPlugin:80 - create IPUIPlugin
2024-01-29 20:36:04,118 [INFO] PluginManager:220 - loadIPPluginJar : add can
2024-01-29 20:36:04,161 [INFO] IPUIPlugin:80 - create IPUIPlugin
2024-01-29 20:36:04,161 [INFO] PluginManager:220 - loadIPPluginJar : add comp
2024-01-29 20:36:04,228 [INFO] IPUIPlugin:80 - create IPUIPlugin
2024-01-29 20:36:04,229 [INFO] PluginManager:220 - loadIPPluginJar : add cryp
2024-01-29 20:36:04,282 [INFO] IPUIPlugin:80 - create IPUIPlugin
2024-01-29 20:36:04,283 [INFO] PluginManager:220 - loadIPPluginJar : add dfsdm
2024-01-29 20:36:04,312 [INFO] IPUIPlugin:80 - create IPUIPlugin
2024-01-29 20:36:04,313 [INFO] PluginManager:220 - loadIPPluginJar : add dma
2024-01-29 20:36:04,403 [INFO] IPUIPlugin:80 - create IPUIPlugin
2024-01-29 20:36:04,403 [INFO] PluginManager:220 - loadIPPluginJar : add dma3
2024-01-29 20:36:04,440 [INFO] IPUIPlugin:80 - create IPUIPlugin
2024-01-29 20:36:04,441 [INFO] PluginManager:220 - loadIPPluginJar : add fatfs
2024-01-29 20:36:04,528 [INFO] IPUIPlugin:80 - create IPUIPlugin
2024-01-29 20:36:04,528 [INFO] PluginManager:220 - loadIPPluginJar : add fmc
2024-01-29 20:36:04,559 [INFO] IPUIPlugin:80 - create IPUIPlugin
2024-01-29 20:36:04,560 [INFO] PluginManager:220 - loadIPPluginJar : add freertos
2024-01-29 20:36:04,595 [INFO] IPUIPlugin:80 - create IPUIPlugin
2024-01-29 20:36:04,595 [INFO] PluginManager:220 - loadIPPluginJar : add genericplugin
2024-01-29 20:36:04,776 [INFO] IPUIPlugin:80 - create IPUIPlugin
2024-01-29 20:36:04,777 [INFO] PluginManager:220 - loadIPPluginJar : add gfxmmu
2024-01-29 20:36:05,037 [INFO] IPUIPlugin:80 - create IPUIPlugin
2024-01-29 20:36:05,037 [INFO] PluginManager:220 - loadIPPluginJar : add gic
2024-01-29 20:36:05,061 [INFO] IPUIPlugin:80 - create IPUIPlugin
2024-01-29 20:36:05,062 [INFO] PluginManager:220 - loadIPPluginJar : add gpio
2024-01-29 20:36:05,234 [INFO] IPUIPlugin:80 - create IPUIPlugin
2024-01-29 20:36:05,234 [INFO] PluginManager:220 - loadIPPluginJar : add gtzc
2024-01-29 20:36:05,300 [INFO] IPUIPlugin:80 - create IPUIPlugin
2024-01-29 20:36:05,300 [INFO] PluginManager:220 - loadIPPluginJar : add hash
2024-01-29 20:36:05,412 [INFO] IPUIPlugin:80 - create IPUIPlugin
2024-01-29 20:36:05,412 [INFO] PluginManager:220 - loadIPPluginJar : add i2c
2024-01-29 20:36:05,481 [INFO] IPUIPlugin:80 - create IPUIPlugin
2024-01-29 20:36:05,481 [INFO] PluginManager:220 - loadIPPluginJar : add i2s
2024-01-29 20:36:05,554 [INFO] IPUIPlugin:80 - create IPUIPlugin
2024-01-29 20:36:05,554 [INFO] PluginManager:220 - loadIPPluginJar : add i3c
2024-01-29 20:36:05,744 [INFO] IPUIPlugin:80 - create IPUIPlugin
2024-01-29 20:36:05,745 [INFO] PluginManager:220 - loadIPPluginJar : add ipddr
2024-01-29 20:36:05,768 [INFO] ThirdPartyUpdaterWithRetryManager:70 - Updater plugin not ready yet. [2/15]
2024-01-29 20:36:05,944 [INFO] IPUIPlugin:80 - create IPUIPlugin
2024-01-29 20:36:05,944 [INFO] PluginManager:220 - loadIPPluginJar : add linkedlist
2024-01-29 20:36:06,013 [INFO] IPUIPlugin:80 - create IPUIPlugin
2024-01-29 20:36:06,013 [INFO] PluginManager:220 - loadIPPluginJar : add lorawan
2024-01-29 20:36:06,089 [INFO] IPUIPlugin:80 - create IPUIPlugin
2024-01-29 20:36:06,090 [INFO] PluginManager:220 - loadIPPluginJar : add ltdc
2024-01-29 20:36:06,115 [INFO] IPUIPlugin:80 - create IPUIPlugin
2024-01-29 20:36:06,115 [INFO] PluginManager:220 - loadIPPluginJar : add mdma
2024-01-29 20:36:06,137 [INFO] IPUIPlugin:80 - create IPUIPlugin
2024-01-29 20:36:06,137 [INFO] PluginManager:220 - loadIPPluginJar : add nvic
2024-01-29 20:36:06,208 [INFO] IPUIPlugin:80 - create IPUIPlugin
2024-01-29 20:36:06,208 [INFO] PluginManager:220 - loadIPPluginJar : add opamp
2024-01-29 20:36:06,324 [INFO] IPUIPlugin:80 - create IPUIPlugin
2024-01-29 20:36:06,324 [INFO] PluginManager:220 - loadIPPluginJar : add openamp
2024-01-29 20:36:06,430 [INFO] IPUIPlugin:80 - create IPUIPlugin
2024-01-29 20:36:06,430 [INFO] PluginManager:220 - loadIPPluginJar : add pdm2pcm
2024-01-29 20:36:06,460 [INFO] IPUIPlugin:80 - create IPUIPlugin
2024-01-29 20:36:06,465 [INFO] PluginManager:220 - loadIPPluginJar : add plateformsettings
2024-01-29 20:36:06,509 [INFO] IPUIPlugin:80 - create IPUIPlugin
2024-01-29 20:36:06,509 [INFO] PluginManager:220 - loadIPPluginJar : add quadspi
2024-01-29 20:36:06,529 [INFO] IPUIPlugin:80 - create IPUIPlugin
2024-01-29 20:36:06,530 [INFO] PluginManager:220 - loadIPPluginJar : add resmgrutility
2024-01-29 20:36:06,626 [INFO] IPUIPlugin:80 - create IPUIPlugin
2024-01-29 20:36:06,626 [INFO] PluginManager:220 - loadIPPluginJar : add sai
2024-01-29 20:36:06,712 [INFO] IPUIPlugin:80 - create IPUIPlugin
2024-01-29 20:36:06,713 [INFO] PluginManager:220 - loadIPPluginJar : add spi
2024-01-29 20:36:06,832 [INFO] IPUIPlugin:80 - create IPUIPlugin
2024-01-29 20:36:06,832 [INFO] PluginManager:220 - loadIPPluginJar : add stm32_wpan
2024-01-29 20:36:06,876 [INFO] IPUIPlugin:80 - create IPUIPlugin
2024-01-29 20:36:06,876 [INFO] PluginManager:220 - loadIPPluginJar : add tim
2024-01-29 20:36:06,986 [INFO] IPUIPlugin:80 - create IPUIPlugin
2024-01-29 20:36:06,986 [INFO] PluginManager:220 - loadIPPluginJar : add touchsensing
2024-01-29 20:36:07,027 [INFO] IPUIPlugin:80 - create IPUIPlugin
2024-01-29 20:36:07,027 [INFO] PluginManager:220 - loadIPPluginJar : add tracer_emb
2024-01-29 20:36:07,066 [INFO] IPUIPlugin:80 - create IPUIPlugin
2024-01-29 20:36:07,066 [INFO] PluginManager:220 - loadIPPluginJar : add ts
2024-01-29 20:36:07,116 [INFO] IPUIPlugin:80 - create IPUIPlugin
2024-01-29 20:36:07,117 [INFO] PluginManager:220 - loadIPPluginJar : add tsc
2024-01-29 20:36:07,156 [INFO] IPUIPlugin:80 - create IPUIPlugin
2024-01-29 20:36:07,156 [INFO] PluginManager:220 - loadIPPluginJar : add ucpd
2024-01-29 20:36:07,238 [INFO] IPUIPlugin:80 - create IPUIPlugin
2024-01-29 20:36:07,238 [INFO] PluginManager:220 - loadIPPluginJar : add usart
2024-01-29 20:36:07,323 [INFO] IPUIPlugin:80 - create IPUIPlugin
2024-01-29 20:36:07,324 [INFO] PluginManager:220 - loadIPPluginJar : add usbx
2024-01-29 20:36:07,495 [INFO] CADModel:165 - CPN selected for project level
2024-01-29 20:36:07,495 [INFO] CADModel:114 - Register for checkConnection events
2024-01-29 20:36:07,495 [FATAL] Updater:308 - Updater called before beeing initialized
2024-01-29 20:36:07,495 [ERROR] CADModel:125 - Updater not yet initialized, retry later 
2024-01-29 20:36:07,760 [INFO] CADModel:165 - CPN selected for project level
2024-01-29 20:36:07,760 [INFO] CADModel:114 - Register for checkConnection events
2024-01-29 20:36:07,761 [FATAL] Updater:308 - Updater called before beeing initialized
2024-01-29 20:36:07,761 [ERROR] CADModel:125 - Updater not yet initialized, retry later 
2024-01-29 20:36:07,768 [FATAL] Updater:308 - Updater called before beeing initialized
2024-01-29 20:36:07,963 [FATAL] Updater:308 - Updater called before beeing initialized
2024-01-29 20:36:07,976 [INFO] DbMcusAds:53 - JSON generation date=Wed Nov 29 19:52:27 JST 2023 (1701255147349)
2024-01-29 20:36:07,976 [FATAL] Updater:308 - Updater called before beeing initialized
2024-01-29 20:36:08,130 [WARN] DetailPanel:346 - Failed to get advertising image, set to default
2024-01-29 20:36:08,302 [FATAL] Updater:308 - Updater called before beeing initialized
2024-01-29 20:36:08,305 [FATAL] Updater:308 - Updater called before beeing initialized
2024-01-29 20:36:08,306 [FATAL] Updater:308 - Updater called before beeing initialized
2024-01-29 20:36:08,306 [WARN] DetailPanel:346 - Failed to get advertising image, set to default
2024-01-29 20:36:08,307 [FATAL] Updater:308 - Updater called before beeing initialized
2024-01-29 20:36:08,434 [ERROR] Updater:1120 - MainUpdater not yet initialized. External WinMGr cannot be set.
2024-01-29 20:36:08,457 [INFO] Updater:1056 - Updater Version found : 6.9.1
2024-01-29 20:36:08,491 [INFO] ApplicationProperties:184 - Using Application install path: C:\ST\STM32CubeIDE_1.4.0\STM32CubeIDE\plugins\com.st.stm32cube.common.mx_6.9.1.202307191849
2024-01-29 20:36:08,757 [INFO] MainUpdater:2868 - connection check result : 10
2024-01-29 20:36:08,759 [INFO] MainUpdater:285 - Updater Check For Update Now.
2024-01-29 20:36:08,759 [INFO] MicroXplorer:498 - Change Database Version : DB.6.0.91
2024-01-29 20:36:08,779 [WARN] MainUpdater:1189 - Updater busy. Cannot search thirdparties
2024-01-29 20:36:08,780 [INFO] ThirdPartyUpdaterWithRetryManager:96 - Updater plugin is busy. [1/15]
2024-01-29 20:36:08,800 [INFO] McuFinderGlobals:63 - Set McuFinder mode to 2 (CubeIDE integrated)
2024-01-29 20:36:08,800 [INFO] UserAuth:179 - activating auth plugin
2024-01-29 20:36:08,809 [INFO] UserAuth:393 - Internet connection configuration mode: 1
2024-01-29 20:36:08,925 [INFO] JxBrowserEngine:151 - Initiate JxBrowser Engine with user profile folder
2024-01-29 20:36:09,076 [INFO] CheckServerUpdateThread:120 - End of CheckServer Thread
2024-01-29 20:36:11,018 [INFO] WebApp:157 - Instantiating new browser for Auth
2024-01-29 20:36:12,320 [WARN] PackLoader:240 - Cannot read IP mode file for STMicroelectronics.X-CUBE-SMBUS.2.1.0
2024-01-29 20:36:12,338 [WARN] PackLoader:240 - Cannot read IP mode file for STMicroelectronics.X-CUBE-TOUCHGFX.4.23.0
2024-01-29 20:36:12,423 [WARN] PackLoader:240 - Cannot read IP mode file for STMicroelectronics.X-CUBE-AZRTOS-F7.1.1.0
2024-01-29 20:36:12,447 [ERROR] RealEvaluatedCondition:428 - Found unsupported composite condition: GROUP='STM32_MetaDataManager' CLASS='Data Exchange'
2024-01-29 20:36:12,447 [ERROR] RealEvaluatedCondition:428 - Found unsupported composite condition: GROUP='STM32_MetaDataManager' CLASS='Data Exchange'
2024-01-29 20:36:12,453 [WARN] PackLoader:240 - Cannot read IP mode file for STMicroelectronics.FP-SNS-MOTENV1.4.3.0
2024-01-29 20:36:12,511 [WARN] PackLoader:240 - Cannot read IP mode file for STMicroelectronics.FP-SNS-MOTENV1.4.3.2
2024-01-29 20:36:12,533 [WARN] PackLoader:240 - Cannot read IP mode file for STMicroelectronics.FP-SNS-FLIGHT1.5.0.0
2024-01-29 20:36:12,543 [ERROR] RealEvaluatedCondition:428 - Found unsupported composite condition: GROUP='STM32_MetaDataManager' CLASS='Data Exchange'
2024-01-29 20:36:12,544 [ERROR] RealEvaluatedCondition:428 - Found unsupported composite condition: CLASS='Data Exchange' GROUP='STM32_MetaDataManager'
2024-01-29 20:36:12,547 [WARN] PackLoader:240 - Cannot read IP mode file for STMicroelectronics.FP-SNS-MOTENV1.4.3.1
2024-01-29 20:36:12,562 [WARN] PackLoader:240 - Cannot read IP mode file for STMicroelectronics.FP-SNS-FLIGHT1.5.0.1
2024-01-29 20:36:12,580 [WARN] PackLoader:240 - Cannot read IP mode file for STMicroelectronics.X-CUBE-BLE1.6.2.4
2024-01-29 20:36:12,591 [WARN] PackLoader:240 - Cannot read IP mode file for STMicroelectronics.FP-SNS-FLIGHT1.5.0.2
2024-01-29 20:36:12,615 [WARN] PackLoader:240 - Cannot read IP mode file for STMicroelectronics.X-CUBE-DISPLAY.3.0.0
2024-01-29 20:36:12,650 [WARN] PackLoader:240 - Cannot read IP mode file for STMicroelectronics.X-CUBE-BLE1.7.0.0
2024-01-29 20:36:12,665 [WARN] PackLoader:240 - Cannot read IP mode file for STMicroelectronics.X-CUBE-TOUCHGFX.4.22.0
2024-01-29 20:36:12,672 [WARN] PackLoader:240 - Cannot read IP mode file for STMicroelectronics.X-CUBE-TOUCHGFX.4.22.1
2024-01-29 20:36:12,684 [WARN] PackLoader:240 - Cannot read IP mode file for STMicroelectronics.FP-SNS-SMARTAG2.1.2.0
2024-01-29 20:36:12,717 [INFO] LogOutputStream:77 - [STDOUT_REDIRECT] 1 : Invalid condition id : UX_CORESTACK_Condition cause : null
2024-01-29 20:36:12,720 [INFO] LogOutputStream:77 - [STDOUT_REDIRECT] 1 : Invalid condition id : UX_CORESTACK_Condition cause : null
2024-01-29 20:36:12,724 [INFO] LogOutputStream:77 - [STDOUT_REDIRECT] 1 : Invalid condition id : UX_CORESTACK_Condition cause : null
2024-01-29 20:36:12,729 [INFO] LogOutputStream:77 - [STDOUT_REDIRECT] 1 : Invalid condition id : UX_CORESTACK_Condition cause : null
2024-01-29 20:36:12,733 [INFO] LogOutputStream:77 - [STDOUT_REDIRECT] 1 : Invalid condition id : UX_CORESTACK_Condition cause : null
2024-01-29 20:36:12,742 [WARN] PackLoader:240 - Cannot read IP mode file for STMicroelectronics.X-CUBE-AZRTOS-WL.2.0.0
2024-01-29 20:36:12,789 [WARN] PackLoader:240 - Cannot read IP mode file for WES.I-CUBE-Cesium.1.3.0
2024-01-29 20:36:12,806 [WARN] PackLoader:240 - Cannot read IP mode file for STMicroelectronics.X-CUBE-BLE2.3.3.0
2024-01-29 20:36:12,837 [WARN] PackLoader:240 - Cannot read IP mode file for STMicroelectronics.X-CUBE-TOF1.3.2.0
2024-01-29 20:36:12,861 [WARN] PackLoader:240 - Cannot read IP mode file for STMicroelectronics.X-CUBE-TOUCHGFX.4.21.1
2024-01-29 20:36:12,868 [WARN] PackLoader:240 - Cannot read IP mode file for STMicroelectronics.X-CUBE-TOUCHGFX.4.21.3
2024-01-29 20:36:12,874 [WARN] PackLoader:240 - Cannot read IP mode file for STMicroelectronics.X-CUBE-TOUCHGFX.4.21.4
2024-01-29 20:36:12,881 [INFO] WebApp:753 - Register for checkConnection events
2024-01-29 20:36:12,881 [INFO] WebApp:390 - Apply proxy settings
2024-01-29 20:36:12,882 [INFO] WebApp:475 - Chromium requires no authentication
2024-01-29 20:36:12,888 [WARN] PackLoader:240 - Cannot read IP mode file for STMicroelectronics.X-CUBE-ALGOBUILD.1.3.0
2024-01-29 20:36:12,910 [INFO] WebApp:418 - Direct internet connection detected
2024-01-29 20:36:12,928 [WARN] PackLoader:240 - Cannot read IP mode file for STMicroelectronics.X-CUBE-AZRTOS-G0.1.1.0
2024-01-29 20:36:12,947 [WARN] PackLoader:240 - Cannot read IP mode file for STMicroelectronics.X-CUBE-NFC4.3.0.0
2024-01-29 20:36:12,974 [WARN] PackLoader:240 - Cannot read IP mode file for STMicroelectronics.X-CUBE-BLEMGR.3.0.0
2024-01-29 20:36:12,990 [WARN] PackLoader:240 - Cannot read IP mode file for STMicroelectronics.FP-ATR-SIGFOX1.3.2.0
2024-01-29 20:36:13,009 [WARN] PackLoader:240 - Cannot read IP mode file for STMicroelectronics.X-CUBE-EEPRMA1.5.1.0
2024-01-29 20:36:13,128 [WARN] PackLoader:240 - Cannot read IP mode file for STMicroelectronics.X-CUBE-MEMS1.9.5.0
2024-01-29 20:36:13,645 [WARN] PackLoader:240 - Cannot read IP mode file for SEGGER.I-CUBE-embOS.1.3.1
2024-01-29 20:36:13,766 [WARN] PackLoader:240 - Cannot read IP mode file for STMicroelectronics.X-CUBE-GNSS1.6.0.0
2024-01-29 20:36:13,768 [INFO] WebApp:188 - Starting web application
2024-01-29 20:36:13,769 [INFO] WebApp:520 - Web application path used C:\ST\STM32CubeIDE_1.4.0\STM32CubeIDE\plugins\com.st.stm32cube.common.mx_6.9.1.202307191849\db\plugins\mcufinder\reactClient1\index.html
2024-01-29 20:36:13,833 [WARN] PackLoader:240 - Cannot read IP mode file for STMicroelectronics.X-CUBE-AZRTOS-F4.1.1.0
2024-01-29 20:36:13,885 [WARN] PackLoader:240 - Cannot read IP mode file for STMicroelectronics.X-CUBE-AZRTOS-L5.2.0.0
2024-01-29 20:36:14,004 [WARN] PackLoader:240 - Cannot read IP mode file for STMicroelectronics.X-CUBE-MEMS1.9.6.0
2024-01-29 20:36:14,437 [WARN] PackLoader:240 - Cannot read IP mode file for STMicroelectronics.X-CUBE-EEPRMA1.4.2.0
2024-01-29 20:36:14,461 [WARN] PackLoader:240 - Cannot read IP mode file for ITTIA_DB.I-CUBE-ITTIADB.8.8.0
2024-01-29 20:36:14,485 [WARN] PackLoader:240 - Cannot read IP mode file for emotas.I-CUBE-CANOPEN.1.1.3
2024-01-29 20:36:14,505 [WARN] PackLoader:240 - Cannot read IP mode file for STMicroelectronics.X-CUBE-BLEMGR.2.0.0
2024-01-29 20:36:14,561 [WARN] ConditionMgr:438 - getConditionDescription Invalid condition id : UX DEVICE CLASS RTOS Condition cause : null
2024-01-29 20:36:14,562 [WARN] ConditionMgr:438 - getConditionDescription Invalid condition id : UX DEVICE CLASS RTOS Condition cause : null
2024-01-29 20:36:14,570 [WARN] PackLoader:240 - Cannot read IP mode file for STMicroelectronics.X-CUBE-AZRTOS-H7.3.1.0
2024-01-29 20:36:14,572 [WARN] ConditionMgr:1039 - genDependencies : Invalid condition id : UX DEVICE CLASS RTOS Condition cause : null
2024-01-29 20:36:14,573 [WARN] ConditionMgr:1039 - genDependencies : Invalid condition id : UX DEVICE CLASS RTOS Condition cause : null
2024-01-29 20:36:14,574 [WARN] ConditionMgr:1039 - genDependencies : Invalid condition id : UX DEVICE CLASS RTOS Condition cause : null
2024-01-29 20:36:14,575 [WARN] ConditionMgr:1039 - genDependencies : Invalid condition id : UX DEVICE CLASS RTOS Condition cause : null
2024-01-29 20:36:14,576 [WARN] ConditionMgr:1039 - genDependencies : Invalid condition id : UX DEVICE CLASS RTOS Condition cause : null
2024-01-29 20:36:14,613 [WARN] PackLoader:240 - Cannot read IP mode file for wolfSSL.I-CUBE-wolfSSL.5.5.4
2024-01-29 20:36:14,634 [WARN] PackLoader:240 - Cannot read IP mode file for STMicroelectronics.X-CUBE-NFC7.1.0.1
2024-01-29 20:36:14,663 [WARN] PackLoader:240 - Cannot read IP mode file for STMicroelectronics.X-CUBE-NFC7.1.0.0
2024-01-29 20:36:14,850 [WARN] PackLoader:240 - Cannot read IP mode file for STMicroelectronics.X-CUBE-NFC6.3.0.0
2024-01-29 20:36:14,883 [WARN] PackLoader:240 - Cannot read IP mode file for STMicroelectronics.X-CUBE-EEPRMA1.4.1.0
2024-01-29 20:36:14,920 [WARN] PackLoader:240 - Cannot read IP mode file for STMicroelectronics.X-CUBE-AI.8.1.0
2024-01-29 20:36:14,964 [WARN] ConditionMgr:438 - getConditionDescription Invalid condition id : LAN8742 Phy interface Condition cause : null
2024-01-29 20:36:14,966 [WARN] PackLoader:240 - Cannot read IP mode file for STMicroelectronics.X-CUBE-AZRTOS-L4.2.0.0
2024-01-29 20:36:14,969 [WARN] ConditionMgr:1039 - genDependencies : Invalid condition id : LAN8742 Phy interface Condition cause : null
2024-01-29 20:36:14,970 [WARN] ConditionMgr:1039 - genDependencies : Invalid condition id : LAN8742 Phy interface Condition cause : null
2024-01-29 20:36:14,971 [WARN] ConditionMgr:1039 - genDependencies : Invalid condition id : LAN8742 Phy interface Condition cause : null
2024-01-29 20:36:14,998 [WARN] PackLoader:240 - Cannot read IP mode file for STMicroelectronics.X-CUBE-SFXS2LP1.4.0.0
2024-01-29 20:36:15,038 [WARN] PackLoader:240 - Cannot read IP mode file for STMicroelectronics.X-CUBE-AZRTOS-H7.3.0.0
2024-01-29 20:36:15,056 [WARN] PackLoader:240 - Cannot read IP mode file for STMicroelectronics.X-CUBE-ISPU.1.1.0
2024-01-29 20:36:15,071 [WARN] PackLoader:240 - Cannot read IP mode file for RoweBots.I-CUBE-UNISONRTOS.5.5.0-4
2024-01-29 20:36:15,082 [WARN] PackLoader:240 - Cannot read IP mode file for STMicroelectronics.X-CUBE-AI.8.0.0
2024-01-29 20:36:15,111 [WARN] ConditionMgr:438 - getConditionDescription Invalid condition id : UX DEVICE CLASS RTOS Condition cause : null
2024-01-29 20:36:15,111 [WARN] ConditionMgr:438 - getConditionDescription Invalid condition id : UX DEVICE CLASS RTOS Condition cause : null
2024-01-29 20:36:15,116 [WARN] PackLoader:240 - Cannot read IP mode file for STMicroelectronics.X-CUBE-AZRTOS-WB.2.0.0
2024-01-29 20:36:15,118 [WARN] ConditionMgr:1039 - genDependencies : Invalid condition id : UX DEVICE CLASS RTOS Condition cause : null
2024-01-29 20:36:15,118 [WARN] ConditionMgr:1039 - genDependencies : Invalid condition id : UX DEVICE CLASS RTOS Condition cause : null
2024-01-29 20:36:15,119 [WARN] ConditionMgr:1039 - genDependencies : Invalid condition id : UX DEVICE CLASS RTOS Condition cause : null
2024-01-29 20:36:15,120 [WARN] ConditionMgr:1039 - genDependencies : Invalid condition id : UX DEVICE CLASS RTOS Condition cause : null
2024-01-29 20:36:15,120 [WARN] ConditionMgr:1039 - genDependencies : Invalid condition id : UX DEVICE CLASS RTOS Condition cause : null
2024-01-29 20:36:15,133 [WARN] PackLoader:240 - Cannot read IP mode file for STMicroelectronics.X-CUBE-FREERTOS.1.0.0
2024-01-29 20:36:15,142 [WARN] PackLoader:240 - Cannot read IP mode file for STMicroelectronics.X-CUBE-FREERTOS.1.0.1
2024-01-29 20:36:15,200 [WARN] PackLoader:240 - Cannot read IP mode file for STMicroelectronics.X-CUBE-AZRTOS-L5.1.1.0
2024-01-29 20:36:15,233 [WARN] PackLoader:240 - Cannot read IP mode file for STMicroelectronics.X-CUBE-AI.8.0.1
2024-01-29 20:36:15,296 [WARN] PackLoader:240 - Cannot read IP mode file for STMicroelectronics.X-CUBE-SUBG2.5.0.0
2024-01-29 20:36:15,338 [WARN] PackLoader:240 - Cannot read IP mode file for STMicroelectronics.X-CUBE-TOF1.3.3.1
2024-01-29 20:36:15,408 [WARN] PackLoader:240 - Cannot read IP mode file for STMicroelectronics.X-CUBE-AZRTOS-G4.2.0.0
2024-01-29 20:36:15,447 [WARN] PackLoader:240 - Cannot read IP mode file for STMicroelectronics.X-CUBE-TOF1.3.3.0
2024-01-29 20:36:15,501 [WARN] PackLoader:240 - Cannot read IP mode file for STMicroelectronics.FP-ATR-ASTRA1.1.1.1
2024-01-29 20:36:15,561 [WARN] PackLoader:240 - Cannot read IP mode file for Infineon.AIROC-Wi-Fi-Bluetooth-STM32.1.5.1
2024-01-29 20:36:15,581 [WARN] PackLoader:240 - Cannot read IP mode file for STMicroelectronics.FP-SNS-MOTENVWB1.1.3.0
2024-01-29 20:36:15,594 [WARN] PackLoader:240 - Cannot read IP mode file for STMicroelectronics.FP-SNS-MOTENVWB1.1.3.1
2024-01-29 20:36:15,625 [WARN] PackLoader:240 - Cannot read IP mode file for STMicroelectronics.X-CUBE-AZRTOS-G4.1.0.0
2024-01-29 20:36:15,665 [WARN] PackLoader:240 - Cannot read IP mode file for STMicroelectronics.X-CUBE-AZRTOS-L4.1.0.0
2024-01-29 20:36:15,692 [WARN] PackLoader:240 - Cannot read IP mode file for STMicroelectronics.X-CUBE-ISPU.2.0.0
2024-01-29 20:36:15,802 [WARN] PackLoader:240 - Cannot read IP mode file for STMicroelectronics.X-CUBE-MEMS1.10.0.0
2024-01-29 20:36:16,196 [WARN] PackLoader:240 - Cannot read IP mode file for STMicroelectronics.X-CUBE-FREERTOS.1.1.0
2024-01-29 20:36:16,232 [WARN] PackLoader:240 - Cannot read IP mode file for STMicroelectronics.X-CUBE-AZRTOS-WL.1.0.0
2024-01-29 20:36:16,275 [WARN] PackLoader:240 - Cannot read IP mode file for portGmbH.I-Cube-SoM-uGOAL.1.1.0
2024-01-29 20:36:16,284 [WARN] PackLoader:240 - Cannot read IP mode file for STMicroelectronics.X-CUBE-ALS.1.0.1
2024-01-29 20:36:16,375 [WARN] PackLoader:240 - Cannot read IP mode file for STMicroelectronics.X-CUBE-AZRTOS-WB.1.1.0
2024-01-29 20:36:16,393 [WARN] PackLoader:240 - Cannot read IP mode file for STMicroelectronics.FP-ATR-ASTRA1.2.0.0
2024-01-29 20:36:16,413 [WARN] PackLoader:240 - Cannot read IP mode file for STMicroelectronics.X-CUBE-TOF1.3.4.0
2024-01-29 20:36:16,475 [WARN] PackLoader:240 - Cannot read IP mode file for STMicroelectronics.X-CUBE-AZRTOS-H7.3.2.0
2024-01-29 20:36:16,482 [INFO] ThirdParty:978 - Integrity check success = true
2024-01-29 20:36:16,482 [INFO] IntegrityCheckThread:100 - exiting critical section [integrity check]
2024-01-29 20:36:16,482 [INFO] IntegrityCheckThread:103 - End integrity checks thread
2024-01-29 21:34:24,409 [ERROR] LogOutputStream:75 - [STDERR_REDIRECT] SLF4J: Failed to load class "org.slf4j.impl.StaticLoggerBinder".
2024-01-29 21:34:24,416 [ERROR] LogOutputStream:75 - [STDERR_REDIRECT] SLF4J: Defaulting to no-operation (NOP) logger implementation
2024-01-29 21:34:24,419 [ERROR] LogOutputStream:75 - [STDERR_REDIRECT] SLF4J: See http://www.slf4j.org/codes.html#StaticLoggerBinder for further details.
2024-01-29 23:44:37,419 [ERROR] LogOutputStream:75 - [STDERR_REDIRECT] 
