2024-12-25 21:49:06,355 [INFO] Activator:176 - 


2024-12-25 21:49:06,368 [INFO] Activator:177 - !SESSION log4j initialized
2024-12-25 21:49:18,555 [INFO] LogOutputStream:77 - [STDOUT_REDIRECT] 
2024-12-25 21:49:27,090 [INFO] ApplicationProperties:184 - Using Application install path: C:\ST\STM32CubeIDE_1.4.0\STM32CubeIDE\plugins\com.st.stm32cube.common.mx_6.9.1.202307191849
2024-12-25 21:49:27,118 [INFO] DbMcusXml:78 - Set database path to: C:\ST\STM32CubeIDE_1.4.0\STM32CubeIDE\plugins\com.st.stm32cube.common.mx_6.9.1.202307191849\\db\/mcu/
2024-12-25 21:49:27,118 [INFO] ApiDb:274 - Set plugin database path to: C:\ST\STM32CubeIDE_1.4.0\STM32CubeIDE\plugins\com.st.stm32cube.common.mx_6.9.1.202307191849\\db\/plugins/boardmanager/
2024-12-25 21:49:27,119 [WARN] ApiDb:259 - Overriding images path with different value:  => C:\ST\STM32CubeIDE_1.4.0\STM32CubeIDE\plugins\com.st.stm32cube.common.mx_6.9.1.202307191849\\db\/plugins/mcufinder/images/
2024-12-25 21:49:27,137 [INFO] ApiDb:250 - Set database path to: C:\Users\Minh\.stmcufinder\plugins\mcufinder//mcu/
2024-12-25 21:49:27,139 [INFO] DbMcusAds:125 - Set database path to: C:\Users\Minh\.stmcufinder\plugins\mcufinder//mcu/
2024-12-25 21:49:27,143 [INFO] CrossReferenceDbSqlite:203 - Set database path to: C:\Users\Minh\.stmcufinder\plugins\mcufinder//mcu/cs/
2024-12-25 21:49:27,346 [INFO] RulesReader:64 - Compatibility file has been processed (293 Rules)
2024-12-25 21:49:27,507 [INFO] DbMcusXml:78 - Set database path to: C:\ST\STM32CubeIDE_1.4.0\STM32CubeIDE\plugins\com.st.stm32cube.common.mx_6.9.1.202307191849\\db\/mcu/
2024-12-25 21:49:27,508 [INFO] ApiDb:274 - Set plugin database path to: C:\ST\STM32CubeIDE_1.4.0\STM32CubeIDE\plugins\com.st.stm32cube.common.mx_6.9.1.202307191849\\db\/plugins/boardmanager/
2024-12-25 21:49:27,508 [INFO] ApiDb:261 - Set plugin images path to: C:\ST\STM32CubeIDE_1.4.0\STM32CubeIDE\plugins\com.st.stm32cube.common.mx_6.9.1.202307191849\\db\/plugins/mcufinder/images/
2024-12-25 21:49:27,508 [WARN] DbFile:41 - Overriding database path with different value: C:\Users\Minh\.stmcufinder\plugins\mcufinder/ => C:\Users\Minh\.stmcufinder\plugins\mcufinder
2024-12-25 21:49:27,509 [INFO] ApiDb:250 - Set database path to: C:\Users\Minh\.stmcufinder\plugins\mcufinder//mcu/
2024-12-25 21:49:27,509 [WARN] DbFile:41 - Overriding database path with different value: C:\Users\Minh\.stmcufinder\plugins\mcufinder/ => C:\Users\Minh\.stmcufinder\plugins\mcufinder
2024-12-25 21:49:27,509 [INFO] DbMcusAds:125 - Set database path to: C:\Users\Minh\.stmcufinder\plugins\mcufinder//mcu/
2024-12-25 21:49:27,509 [WARN] DbFile:41 - Overriding database path with different value: C:\Users\Minh\.stmcufinder\plugins\mcufinder/ => C:\Users\Minh\.stmcufinder\plugins\mcufinder
2024-12-25 21:49:27,509 [WARN] DbFile:41 - Overriding database path with different value: C:\Users\Minh\.stmcufinder\plugins\mcufinder/ => C:\Users\Minh\.stmcufinder\plugins\mcufinder
2024-12-25 21:49:27,509 [INFO] CrossReferenceDbSqlite:203 - Set database path to: C:\Users\Minh\.stmcufinder\plugins\mcufinder//mcu/cs/
2024-12-25 21:49:27,649 [INFO] MainPanel:262 - HeapMemory: 268435456
2024-12-25 21:49:27,794 [INFO] DbMcusXml:78 - Set database path to: C:\ST\STM32CubeIDE_1.4.0\STM32CubeIDE\plugins\com.st.stm32cube.common.mx_6.9.1.202307191849\\db\/mcu/
2024-12-25 21:49:27,795 [INFO] ApiDb:274 - Set plugin database path to: C:\ST\STM32CubeIDE_1.4.0\STM32CubeIDE\plugins\com.st.stm32cube.common.mx_6.9.1.202307191849\\db\/plugins/boardmanager/
2024-12-25 21:49:27,795 [INFO] ApiDb:261 - Set plugin images path to: C:\ST\STM32CubeIDE_1.4.0\STM32CubeIDE\plugins\com.st.stm32cube.common.mx_6.9.1.202307191849\\db\/plugins/mcufinder/images/
2024-12-25 21:49:27,796 [WARN] DbFile:41 - Overriding database path with different value: C:\Users\Minh\.stmcufinder\plugins\mcufinder/ => C:\Users\Minh\.stmcufinder\plugins\mcufinder
2024-12-25 21:49:27,796 [INFO] ApiDb:250 - Set database path to: C:\Users\Minh\.stmcufinder\plugins\mcufinder//mcu/
2024-12-25 21:49:27,796 [WARN] DbFile:41 - Overriding database path with different value: C:\Users\Minh\.stmcufinder\plugins\mcufinder/ => C:\Users\Minh\.stmcufinder\plugins\mcufinder
2024-12-25 21:49:27,796 [INFO] DbMcusAds:125 - Set database path to: C:\Users\Minh\.stmcufinder\plugins\mcufinder//mcu/
2024-12-25 21:49:27,796 [WARN] DbFile:41 - Overriding database path with different value: C:\Users\Minh\.stmcufinder\plugins\mcufinder/ => C:\Users\Minh\.stmcufinder\plugins\mcufinder
2024-12-25 21:49:27,796 [WARN] DbFile:41 - Overriding database path with different value: C:\Users\Minh\.stmcufinder\plugins\mcufinder/ => C:\Users\Minh\.stmcufinder\plugins\mcufinder
2024-12-25 21:49:27,796 [INFO] CrossReferenceDbSqlite:203 - Set database path to: C:\Users\Minh\.stmcufinder\plugins\mcufinder//mcu/cs/
2024-12-25 21:49:27,824 [INFO] ApplicationProperties:184 - Using Application install path: C:\ST\STM32CubeIDE_1.4.0\STM32CubeIDE\plugins\com.st.stm32cube.common.mx_6.9.1.202307191849
2024-12-25 21:49:27,827 [INFO] PluginManage:196 - Search for loadable plugins [exclusion list=, ]
2024-12-25 21:49:27,830 [INFO] PluginManage:310 - Check plugin analytics
2024-12-25 21:49:32,660 [INFO] AnalyticsPlugin:253 - Accepted Software Licenses: STM32CubeMX.6.0.0,STM32CubeMX.5.2.0
2024-12-25 21:49:32,660 [INFO] AnalyticsPlugin:255 - Accepted CMSIS Pack Licenses: 
2024-12-25 21:49:32,661 [INFO] AnalyticsPlugin:257 - Accepted Firmware Licenses: 
2024-12-25 21:49:32,665 [INFO] PluginManage:359 - Loaded plugin analytics (category:tool,tabindex:-1)
2024-12-25 21:49:32,666 [INFO] PluginManage:310 - Check plugin cadmodel
2024-12-25 21:49:32,699 [INFO] CADModel:105 - Init CAD model plugin
2024-12-25 21:49:32,699 [INFO] PluginManage:359 - Loaded plugin cadmodel (category:power,tabindex:5)
2024-12-25 21:49:32,700 [INFO] PluginManage:310 - Check plugin clock
2024-12-25 21:49:32,735 [INFO] PluginManage:359 - Loaded plugin clock (category:base,tabindex:2)
2024-12-25 21:49:32,735 [INFO] PluginManage:310 - Check plugin ddr
2024-12-25 21:49:32,739 [INFO] PluginManage:359 - Loaded plugin ddr (category:tool,tabindex:6)
2024-12-25 21:49:32,739 [INFO] PluginManage:310 - Check plugin filemanager
2024-12-25 21:49:32,953 [INFO] PluginManage:359 - Loaded plugin filemanager (category:base,tabindex:10)
2024-12-25 21:49:32,953 [INFO] PluginManage:310 - Check plugin ipmanager
2024-12-25 21:49:32,967 [INFO] PluginManage:359 - Loaded plugin ipmanager (category:base,tabindex:5)
2024-12-25 21:49:32,967 [INFO] PluginManage:310 - Check plugin lpbam
2024-12-25 21:49:33,000 [INFO] PluginManage:359 - Loaded plugin lpbam (category:base,tabindex:0)
2024-12-25 21:49:33,001 [INFO] PluginManage:310 - Check plugin memorymap
2024-12-25 21:49:33,041 [INFO] PluginManage:359 - Loaded plugin memorymap (category:base,tabindex:4)
2024-12-25 21:49:33,042 [INFO] PluginManage:310 - Check plugin pinoutandconfiguration
2024-12-25 21:49:33,075 [INFO] PluginManage:359 - Loaded plugin pinoutandconfiguration (category:base,tabindex:1)
2024-12-25 21:49:33,076 [INFO] PluginManage:310 - Check plugin pinoutconfig
2024-12-25 21:49:33,239 [WARN] SupportedApi:132 - Cannot load RTOS API schema: s4s-elt-must-match.1: The content of 'definitions' must match (annotation?, (simpleType | complexType)?, (unique | key | keyref)*)). A problem was found starting at: attribute.
2024-12-25 21:49:33,472 [INFO] PluginManage:359 - Loaded plugin pinoutconfig (category:base,tabindex:0)
2024-12-25 21:49:33,472 [INFO] PluginManage:310 - Check plugin power
2024-12-25 21:49:33,507 [INFO] PluginManage:359 - Loaded plugin power (category:power,tabindex:4)
2024-12-25 21:49:33,508 [INFO] PluginManage:310 - Check plugin projectmanager
2024-12-25 21:49:33,532 [INFO] PluginManage:359 - Loaded plugin projectmanager (category:projectmanager,tabindex:3)
2024-12-25 21:49:33,533 [INFO] PluginManage:310 - Check plugin thirdparty
2024-12-25 21:49:34,015 [INFO] PluginManage:359 - Loaded plugin thirdparty (category:base,tabindex:-1)
2024-12-25 21:49:34,014 [WARN] IntegrityCheckThread:84 - waiting for thirdparty lock release [integrity check]
2024-12-25 21:49:34,015 [INFO] IntegrityCheckThread:86 - entering critical section [integrity check]
2024-12-25 21:49:34,015 [INFO] PluginManage:310 - Check plugin tools
2024-12-25 21:49:34,016 [INFO] ThirdPartyUpdaterWithRetryManager:70 - Updater plugin not ready yet. [1/15]
2024-12-25 21:49:34,087 [INFO] PluginManage:359 - Loaded plugin tools (category:base,tabindex:7)
2024-12-25 21:49:34,087 [INFO] PluginManage:310 - Check plugin tutovideos
2024-12-25 21:49:34,393 [INFO] PluginManage:359 - Loaded plugin tutovideos (category:base,tabindex:-1)
2024-12-25 21:49:34,393 [INFO] PluginManage:310 - Check plugin updater
2024-12-25 21:49:34,410 [INFO] PluginManage:359 - Loaded plugin updater (category:base,tabindex:12)
2024-12-25 21:49:34,410 [INFO] PluginManage:310 - Check plugin userauth
2024-12-25 21:49:34,418 [INFO] UserAuth:113 - Init User Auth plugin
2024-12-25 21:49:34,418 [INFO] PluginManage:359 - Loaded plugin userauth (category:base,tabindex:14)
2024-12-25 21:49:34,419 [INFO] PluginManage:283 - PluginManage : Loaded plugins [17]
2024-12-25 21:49:34,789 [INFO] PinOutPanel:1499 - setPackage(No Configuration,No Configuration)
2024-12-25 21:49:34,967 [INFO] CADModel:165 - CPN selected for project level
2024-12-25 21:49:34,967 [INFO] CADModel:114 - Register for checkConnection events
2024-12-25 21:49:35,020 [INFO] IPUIPlugin:80 - create IPUIPlugin
2024-12-25 21:49:35,020 [INFO] PluginManager:220 - loadIPPluginJar : add adc
2024-12-25 21:49:35,084 [INFO] IPUIPlugin:80 - create IPUIPlugin
2024-12-25 21:49:35,084 [INFO] PluginManager:220 - loadIPPluginJar : add aes
2024-12-25 21:49:35,161 [INFO] IPUIPlugin:80 - create IPUIPlugin
2024-12-25 21:49:35,161 [INFO] PluginManager:220 - loadIPPluginJar : add can
2024-12-25 21:49:35,205 [INFO] IPUIPlugin:80 - create IPUIPlugin
2024-12-25 21:49:35,206 [INFO] PluginManager:220 - loadIPPluginJar : add comp
2024-12-25 21:49:35,269 [INFO] IPUIPlugin:80 - create IPUIPlugin
2024-12-25 21:49:35,270 [INFO] PluginManager:220 - loadIPPluginJar : add cryp
2024-12-25 21:49:35,331 [INFO] IPUIPlugin:80 - create IPUIPlugin
2024-12-25 21:49:35,331 [INFO] PluginManager:220 - loadIPPluginJar : add dfsdm
2024-12-25 21:49:35,352 [INFO] IPUIPlugin:80 - create IPUIPlugin
2024-12-25 21:49:35,352 [INFO] PluginManager:220 - loadIPPluginJar : add dma
2024-12-25 21:49:35,428 [INFO] IPUIPlugin:80 - create IPUIPlugin
2024-12-25 21:49:35,428 [INFO] PluginManager:220 - loadIPPluginJar : add dma3
2024-12-25 21:49:35,464 [INFO] IPUIPlugin:80 - create IPUIPlugin
2024-12-25 21:49:35,464 [INFO] PluginManager:220 - loadIPPluginJar : add fatfs
2024-12-25 21:49:35,544 [INFO] IPUIPlugin:80 - create IPUIPlugin
2024-12-25 21:49:35,544 [INFO] PluginManager:220 - loadIPPluginJar : add fmc
2024-12-25 21:49:35,570 [INFO] IPUIPlugin:80 - create IPUIPlugin
2024-12-25 21:49:35,570 [INFO] PluginManager:220 - loadIPPluginJar : add freertos
2024-12-25 21:49:35,610 [INFO] IPUIPlugin:80 - create IPUIPlugin
2024-12-25 21:49:35,610 [INFO] PluginManager:220 - loadIPPluginJar : add genericplugin
2024-12-25 21:49:35,778 [INFO] IPUIPlugin:80 - create IPUIPlugin
2024-12-25 21:49:35,778 [INFO] PluginManager:220 - loadIPPluginJar : add gfxmmu
2024-12-25 21:49:36,025 [INFO] IPUIPlugin:80 - create IPUIPlugin
2024-12-25 21:49:36,025 [INFO] PluginManager:220 - loadIPPluginJar : add gic
2024-12-25 21:49:36,047 [INFO] IPUIPlugin:80 - create IPUIPlugin
2024-12-25 21:49:36,047 [INFO] PluginManager:220 - loadIPPluginJar : add gpio
2024-12-25 21:49:36,215 [INFO] IPUIPlugin:80 - create IPUIPlugin
2024-12-25 21:49:36,215 [INFO] PluginManager:220 - loadIPPluginJar : add gtzc
2024-12-25 21:49:36,275 [INFO] IPUIPlugin:80 - create IPUIPlugin
2024-12-25 21:49:36,276 [INFO] PluginManager:220 - loadIPPluginJar : add hash
2024-12-25 21:49:36,366 [INFO] IPUIPlugin:80 - create IPUIPlugin
2024-12-25 21:49:36,366 [INFO] PluginManager:220 - loadIPPluginJar : add i2c
2024-12-25 21:49:36,434 [INFO] IPUIPlugin:80 - create IPUIPlugin
2024-12-25 21:49:36,434 [INFO] PluginManager:220 - loadIPPluginJar : add i2s
2024-12-25 21:49:36,508 [INFO] IPUIPlugin:80 - create IPUIPlugin
2024-12-25 21:49:36,509 [INFO] PluginManager:220 - loadIPPluginJar : add i3c
2024-12-25 21:49:36,678 [INFO] IPUIPlugin:80 - create IPUIPlugin
2024-12-25 21:49:36,678 [INFO] PluginManager:220 - loadIPPluginJar : add ipddr
2024-12-25 21:49:36,859 [INFO] IPUIPlugin:80 - create IPUIPlugin
2024-12-25 21:49:36,859 [INFO] PluginManager:220 - loadIPPluginJar : add linkedlist
2024-12-25 21:49:36,926 [INFO] IPUIPlugin:80 - create IPUIPlugin
2024-12-25 21:49:36,927 [INFO] PluginManager:220 - loadIPPluginJar : add lorawan
2024-12-25 21:49:36,992 [INFO] IPUIPlugin:80 - create IPUIPlugin
2024-12-25 21:49:36,993 [INFO] PluginManager:220 - loadIPPluginJar : add ltdc
2024-12-25 21:49:37,017 [INFO] ThirdPartyUpdaterWithRetryManager:70 - Updater plugin not ready yet. [2/15]
2024-12-25 21:49:37,018 [INFO] IPUIPlugin:80 - create IPUIPlugin
2024-12-25 21:49:37,018 [INFO] PluginManager:220 - loadIPPluginJar : add mdma
2024-12-25 21:49:37,038 [INFO] IPUIPlugin:80 - create IPUIPlugin
2024-12-25 21:49:37,039 [INFO] PluginManager:220 - loadIPPluginJar : add nvic
2024-12-25 21:49:37,114 [INFO] IPUIPlugin:80 - create IPUIPlugin
2024-12-25 21:49:37,114 [INFO] PluginManager:220 - loadIPPluginJar : add opamp
2024-12-25 21:49:37,219 [INFO] IPUIPlugin:80 - create IPUIPlugin
2024-12-25 21:49:37,220 [INFO] PluginManager:220 - loadIPPluginJar : add openamp
2024-12-25 21:49:37,298 [INFO] IPUIPlugin:80 - create IPUIPlugin
2024-12-25 21:49:37,299 [INFO] PluginManager:220 - loadIPPluginJar : add pdm2pcm
2024-12-25 21:49:37,322 [INFO] IPUIPlugin:80 - create IPUIPlugin
2024-12-25 21:49:37,326 [INFO] PluginManager:220 - loadIPPluginJar : add plateformsettings
2024-12-25 21:49:37,374 [INFO] IPUIPlugin:80 - create IPUIPlugin
2024-12-25 21:49:37,374 [INFO] PluginManager:220 - loadIPPluginJar : add quadspi
2024-12-25 21:49:37,397 [INFO] IPUIPlugin:80 - create IPUIPlugin
2024-12-25 21:49:37,398 [INFO] PluginManager:220 - loadIPPluginJar : add resmgrutility
2024-12-25 21:49:37,486 [INFO] IPUIPlugin:80 - create IPUIPlugin
2024-12-25 21:49:37,487 [INFO] PluginManager:220 - loadIPPluginJar : add sai
2024-12-25 21:49:37,569 [INFO] IPUIPlugin:80 - create IPUIPlugin
2024-12-25 21:49:37,570 [INFO] PluginManager:220 - loadIPPluginJar : add spi
2024-12-25 21:49:37,688 [INFO] IPUIPlugin:80 - create IPUIPlugin
2024-12-25 21:49:37,688 [INFO] PluginManager:220 - loadIPPluginJar : add stm32_wpan
2024-12-25 21:49:37,733 [INFO] IPUIPlugin:80 - create IPUIPlugin
2024-12-25 21:49:37,733 [INFO] PluginManager:220 - loadIPPluginJar : add tim
2024-12-25 21:49:37,831 [INFO] IPUIPlugin:80 - create IPUIPlugin
2024-12-25 21:49:37,831 [INFO] PluginManager:220 - loadIPPluginJar : add touchsensing
2024-12-25 21:49:37,872 [INFO] IPUIPlugin:80 - create IPUIPlugin
2024-12-25 21:49:37,872 [INFO] PluginManager:220 - loadIPPluginJar : add tracer_emb
2024-12-25 21:49:37,913 [INFO] IPUIPlugin:80 - create IPUIPlugin
2024-12-25 21:49:37,914 [INFO] PluginManager:220 - loadIPPluginJar : add ts
2024-12-25 21:49:37,953 [INFO] IPUIPlugin:80 - create IPUIPlugin
2024-12-25 21:49:37,953 [INFO] PluginManager:220 - loadIPPluginJar : add tsc
2024-12-25 21:49:37,994 [INFO] IPUIPlugin:80 - create IPUIPlugin
2024-12-25 21:49:37,994 [INFO] PluginManager:220 - loadIPPluginJar : add ucpd
2024-12-25 21:49:38,075 [INFO] IPUIPlugin:80 - create IPUIPlugin
2024-12-25 21:49:38,075 [INFO] PluginManager:220 - loadIPPluginJar : add usart
2024-12-25 21:49:38,163 [INFO] IPUIPlugin:80 - create IPUIPlugin
2024-12-25 21:49:38,163 [INFO] PluginManager:220 - loadIPPluginJar : add usbx
2024-12-25 21:49:38,322 [INFO] CADModel:165 - CPN selected for project level
2024-12-25 21:49:38,322 [INFO] CADModel:114 - Register for checkConnection events
2024-12-25 21:49:38,322 [FATAL] Updater:308 - Updater called before beeing initialized
2024-12-25 21:49:38,323 [ERROR] CADModel:125 - Updater not yet initialized, retry later 
2024-12-25 21:49:38,543 [INFO] CADModel:165 - CPN selected for project level
2024-12-25 21:49:38,543 [INFO] CADModel:114 - Register for checkConnection events
2024-12-25 21:49:38,543 [FATAL] Updater:308 - Updater called before beeing initialized
2024-12-25 21:49:38,543 [ERROR] CADModel:125 - Updater not yet initialized, retry later 
2024-12-25 21:49:38,549 [FATAL] Updater:308 - Updater called before beeing initialized
2024-12-25 21:49:38,725 [FATAL] Updater:308 - Updater called before beeing initialized
2024-12-25 21:49:38,734 [INFO] DbMcusAds:53 - JSON generation date=Wed Dec 18 01:01:15 JST 2024 (1734451275196)
2024-12-25 21:49:38,734 [FATAL] Updater:308 - Updater called before beeing initialized
2024-12-25 21:49:38,876 [WARN] DetailPanel:346 - Failed to get advertising image, set to default
2024-12-25 21:49:39,019 [FATAL] Updater:308 - Updater called before beeing initialized
2024-12-25 21:49:39,022 [FATAL] Updater:308 - Updater called before beeing initialized
2024-12-25 21:49:39,023 [FATAL] Updater:308 - Updater called before beeing initialized
2024-12-25 21:49:39,023 [WARN] DetailPanel:346 - Failed to get advertising image, set to default
2024-12-25 21:49:39,024 [FATAL] Updater:308 - Updater called before beeing initialized
2024-12-25 21:49:39,132 [ERROR] Updater:1120 - MainUpdater not yet initialized. External WinMGr cannot be set.
2024-12-25 21:49:39,153 [INFO] Updater:1056 - Updater Version found : 6.9.1
2024-12-25 21:49:39,180 [INFO] ApplicationProperties:184 - Using Application install path: C:\ST\STM32CubeIDE_1.4.0\STM32CubeIDE\plugins\com.st.stm32cube.common.mx_6.9.1.202307191849
2024-12-25 21:49:40,018 [INFO] ThirdPartyUpdaterWithRetryManager:70 - Updater plugin not ready yet. [3/15]
2024-12-25 21:49:40,192 [INFO] MainUpdater:2868 - connection check result : 10
2024-12-25 21:49:40,193 [INFO] MainUpdater:285 - Updater Check For Update Now.
2024-12-25 21:49:40,194 [INFO] MicroXplorer:498 - Change Database Version : DB.6.0.91
2024-12-25 21:49:40,220 [INFO] McuFinderGlobals:63 - Set McuFinder mode to 2 (CubeIDE integrated)
2024-12-25 21:49:40,221 [INFO] UserAuth:179 - activating auth plugin
2024-12-25 21:49:40,225 [INFO] UserAuth:393 - Internet connection configuration mode: 1
2024-12-25 21:49:40,257 [INFO] JxBrowserEngine:151 - Initiate JxBrowser Engine with user profile folder
2024-12-25 21:49:40,468 [INFO] CheckServerUpdateThread:120 - End of CheckServer Thread
2024-12-25 21:49:41,616 [INFO] WebApp:157 - Instantiating new browser for Auth
2024-12-25 21:49:42,628 [INFO] WebApp:753 - Register for checkConnection events
2024-12-25 21:49:42,628 [INFO] WebApp:390 - Apply proxy settings
2024-12-25 21:49:42,629 [INFO] WebApp:475 - Chromium requires no authentication
2024-12-25 21:49:42,641 [INFO] WebApp:418 - Direct internet connection detected
2024-12-25 21:49:42,944 [INFO] WebApp:188 - Starting web application
2024-12-25 21:49:42,944 [INFO] WebApp:520 - Web application path used C:\ST\STM32CubeIDE_1.4.0\STM32CubeIDE\plugins\com.st.stm32cube.common.mx_6.9.1.202307191849\db\plugins\mcufinder\reactClient1\index.html
2024-12-25 21:49:43,674 [WARN] PackLoader:240 - Cannot read IP mode file for STMicroelectronics.FP-SNS-MOTENVWB1.1.4.0
2024-12-25 21:49:43,691 [WARN] PackLoader:240 - Cannot read IP mode file for STMicroelectronics.FP-ATR-ASTRA1.2.0.1
2024-12-25 21:49:43,709 [WARN] PackLoader:240 - Cannot read IP mode file for STMicroelectronics.X-CUBE-SMBUS.2.1.0
2024-12-25 21:49:43,729 [WARN] PackLoader:240 - Cannot read IP mode file for STMicroelectronics.X-CUBE-WB05N.1.1.0
2024-12-25 21:49:43,743 [WARN] PackLoader:240 - Cannot read IP mode file for STMicroelectronics.X-CUBE-TOUCHGFX.4.23.0
2024-12-25 21:49:43,748 [WARN] PackLoader:240 - Cannot read IP mode file for STMicroelectronics.X-CUBE-TOUCHGFX.4.23.2
2024-12-25 21:49:43,806 [WARN] PackLoader:240 - Cannot read IP mode file for STMicroelectronics.X-CUBE-AZRTOS-F7.1.1.0
2024-12-25 21:49:43,821 [ERROR] RealEvaluatedCondition:428 - Found unsupported composite condition: CLASS='Data Exchange' GROUP='STM32_MetaDataManager'
2024-12-25 21:49:43,822 [ERROR] RealEvaluatedCondition:428 - Found unsupported composite condition: CLASS='Data Exchange' GROUP='STM32_MetaDataManager'
2024-12-25 21:49:43,825 [WARN] PackLoader:240 - Cannot read IP mode file for STMicroelectronics.FP-SNS-MOTENV1.4.3.0
2024-12-25 21:49:43,840 [WARN] PackLoader:240 - Cannot read IP mode file for STMicroelectronics.FP-SNS-MOTENV1.4.3.2
2024-12-25 21:49:43,852 [WARN] PackLoader:240 - Cannot read IP mode file for STMicroelectronics.FP-SNS-FLIGHT1.5.0.0
2024-12-25 21:49:43,860 [ERROR] RealEvaluatedCondition:428 - Found unsupported composite condition: GROUP='STM32_MetaDataManager' CLASS='Data Exchange'
2024-12-25 21:49:43,860 [ERROR] RealEvaluatedCondition:428 - Found unsupported composite condition: GROUP='STM32_MetaDataManager' CLASS='Data Exchange'
2024-12-25 21:49:43,863 [WARN] PackLoader:240 - Cannot read IP mode file for STMicroelectronics.FP-SNS-MOTENV1.4.3.1
2024-12-25 21:49:43,875 [WARN] PackLoader:240 - Cannot read IP mode file for STMicroelectronics.FP-SNS-FLIGHT1.5.0.1
2024-12-25 21:49:43,996 [WARN] PackLoader:240 - Cannot read IP mode file for STMicroelectronics.X-CUBE-MEMS1.11.0.0
2024-12-25 21:49:44,338 [WARN] PackLoader:240 - Cannot read IP mode file for STMicroelectronics.X-CUBE-BLE1.6.2.4
2024-12-25 21:49:44,347 [WARN] PackLoader:240 - Cannot read IP mode file for STMicroelectronics.FP-SNS-FLIGHT1.5.0.2
2024-12-25 21:49:44,362 [WARN] PackLoader:240 - Cannot read IP mode file for STMicroelectronics.X-CUBE-DISPLAY.3.0.0
2024-12-25 21:49:44,376 [WARN] PackLoader:240 - Cannot read IP mode file for STMicroelectronics.X-CUBE-BLE1.7.0.0
2024-12-25 21:49:44,388 [WARN] PackLoader:240 - Cannot read IP mode file for STMicroelectronics.X-CUBE-NFC10.1.0.0
2024-12-25 21:49:44,398 [ERROR] Engine:466 - C:\Users\Minh\.stm32cubemx\thirdparties\pdsc\STMicroelectronics.X-CUBE-BLEMGR.4.0.0.pdsc: PDSC version is not supported
2024-12-25 21:49:44,403 [WARN] PackLoader:240 - Cannot read IP mode file for STMicroelectronics.X-CUBE-TOUCHGFX.4.22.0
2024-12-25 21:49:44,409 [WARN] PackLoader:240 - Cannot read IP mode file for STMicroelectronics.X-CUBE-TOUCHGFX.4.22.1
2024-12-25 21:49:44,427 [WARN] PackLoader:240 - Cannot read IP mode file for STMicroelectronics.X-CUBE-BLEMGR.3.1.0
2024-12-25 21:49:44,439 [WARN] PackLoader:240 - Cannot read IP mode file for STMicroelectronics.FP-SNS-SMARTAG2.1.2.0
2024-12-25 21:49:44,533 [WARN] PackLoader:240 - Cannot read IP mode file for STMicroelectronics.X-CUBE-MEMS1.11.1.0
2024-12-25 21:49:44,865 [INFO] LogOutputStream:77 - [STDOUT_REDIRECT] 1 : Invalid condition id : UX_CORESTACK_Condition cause : null
2024-12-25 21:49:44,866 [INFO] LogOutputStream:77 - [STDOUT_REDIRECT] 1 : Invalid condition id : UX_CORESTACK_Condition cause : null
2024-12-25 21:49:44,870 [INFO] LogOutputStream:77 - [STDOUT_REDIRECT] 1 : Invalid condition id : UX_CORESTACK_Condition cause : null
2024-12-25 21:49:44,877 [INFO] LogOutputStream:77 - [STDOUT_REDIRECT] 1 : Invalid condition id : UX_CORESTACK_Condition cause : null
2024-12-25 21:49:44,879 [INFO] LogOutputStream:77 - [STDOUT_REDIRECT] 1 : Invalid condition id : UX_CORESTACK_Condition cause : null
2024-12-25 21:49:44,887 [WARN] PackLoader:240 - Cannot read IP mode file for STMicroelectronics.X-CUBE-AZRTOS-WL.2.0.0
2024-12-25 21:49:44,897 [WARN] PackLoader:240 - Cannot read IP mode file for STMicroelectronics.FP-SNS-MOTENV1.5.0.0
2024-12-25 21:49:44,907 [WARN] PackLoader:240 - Cannot read IP mode file for wolfSSL.I-CUBE-wolfMQTT.1.19.0
2024-12-25 21:49:44,919 [WARN] PackLoader:240 - Cannot read IP mode file for WES.I-CUBE-Cesium.1.3.0
2024-12-25 21:49:44,929 [WARN] PackLoader:240 - Cannot read IP mode file for STMicroelectronics.X-CUBE-BLE2.3.3.0
2024-12-25 21:49:44,950 [WARN] PackLoader:240 - Cannot read IP mode file for STMicroelectronics.X-CUBE-TOF1.3.2.0
2024-12-25 21:49:44,979 [WARN] PackLoader:240 - Cannot read IP mode file for STMicroelectronics.X-CUBE-NFC9.1.0.0
2024-12-25 21:49:44,991 [WARN] PackLoader:240 - Cannot read IP mode file for STMicroelectronics.X-CUBE-TCPP.4.1.0
2024-12-25 21:49:44,999 [WARN] PackLoader:240 - Cannot read IP mode file for STMicroelectronics.X-CUBE-TOUCHGFX.4.21.1
2024-12-25 21:49:45,004 [WARN] PackLoader:240 - Cannot read IP mode file for STMicroelectronics.X-CUBE-TOUCHGFX.4.21.3
2024-12-25 21:49:45,009 [WARN] PackLoader:240 - Cannot read IP mode file for STMicroelectronics.X-CUBE-TOUCHGFX.4.21.4
2024-12-25 21:49:45,016 [WARN] PackLoader:240 - Cannot read IP mode file for STMicroelectronics.X-CUBE-ALGOBUILD.1.3.0
2024-12-25 21:49:45,038 [WARN] PackLoader:240 - Cannot read IP mode file for STMicroelectronics.X-CUBE-AZRTOS-G0.1.1.0
2024-12-25 21:49:45,056 [WARN] PackLoader:240 - Cannot read IP mode file for STMicroelectronics.X-CUBE-SAFEA1.1.2.2
2024-12-25 21:49:45,067 [WARN] PackLoader:240 - Cannot read IP mode file for STMicroelectronics.X-CUBE-NFC4.3.0.0
2024-12-25 21:49:45,073 [ERROR] Engine:466 - C:\Users\Minh\.stm32cubemx\thirdparties\pdsc\EmbeddedOffice.I-CUBE-FS-RTOS.1.0.1.pdsc: PDSC version is not supported
2024-12-25 21:49:45,086 [WARN] PackLoader:240 - Cannot read IP mode file for STMicroelectronics.X-CUBE-BLEMGR.3.0.0
2024-12-25 21:49:45,095 [ERROR] Engine:466 - C:\Users\Minh\.stm32cubemx\thirdparties\pdsc\STMicroelectronics.X-CUBE-TCPP.4.2.0.pdsc: PDSC version is not supported
2024-12-25 21:49:45,099 [ERROR] Engine:466 - C:\Users\Minh\.stm32cubemx\thirdparties\pdsc\RealThread.X-CUBE-RT-Thread_Nano.4.1.1.pdsc: PDSC version is not supported
2024-12-25 21:49:45,106 [WARN] PackLoader:240 - Cannot read IP mode file for STMicroelectronics.FP-ATR-SIGFOX1.3.2.0
2024-12-25 21:49:45,110 [ERROR] Engine:466 - C:\Users\Minh\.stm32cubemx\thirdparties\pdsc\quantropi.X-CUBE-qispace-sdk-base.1.9.3.pdsc: PDSC version is not supported
2024-12-25 21:49:45,119 [WARN] PackLoader:240 - Cannot read IP mode file for STMicroelectronics.X-CUBE-EEPRMA1.5.1.0
2024-12-25 21:49:45,190 [WARN] PackLoader:240 - Cannot read IP mode file for STMicroelectronics.X-CUBE-MEMS1.9.5.0
2024-12-25 21:49:45,471 [WARN] PackLoader:240 - Cannot read IP mode file for SEGGER.I-CUBE-embOS.1.3.1
2024-12-25 21:49:45,572 [WARN] PackLoader:240 - Cannot read IP mode file for STMicroelectronics.X-CUBE-ALGOBUILD.1.4.0
2024-12-25 21:49:45,580 [WARN] PackLoader:240 - Cannot read IP mode file for STMicroelectronics.X-CUBE-AI.9.1.0
2024-12-25 21:49:45,589 [WARN] PackLoader:240 - Cannot read IP mode file for STMicroelectronics.X-CUBE-GNSS1.6.0.0
2024-12-25 21:49:45,633 [WARN] PackLoader:240 - Cannot read IP mode file for STMicroelectronics.X-CUBE-AZRTOS-F4.1.1.0
2024-12-25 21:49:45,644 [WARN] PackLoader:240 - Cannot read IP mode file for STMicroelectronics.X-CUBE-ISPU.2.1.0
2024-12-25 21:49:45,655 [WARN] PackLoader:240 - Cannot read IP mode file for STMicroelectronics.X-CUBE-FREERTOS.1.2.0
2024-12-25 21:49:45,707 [WARN] PackLoader:240 - Cannot read IP mode file for STMicroelectronics.X-CUBE-AZRTOS-L5.2.0.0
2024-12-25 21:49:45,781 [WARN] PackLoader:240 - Cannot read IP mode file for STMicroelectronics.X-CUBE-MEMS1.9.6.0
2024-12-25 21:49:46,070 [WARN] PackLoader:240 - Cannot read IP mode file for STMicroelectronics.X-CUBE-EEPRMA1.4.2.0
2024-12-25 21:49:46,085 [WARN] PackLoader:240 - Cannot read IP mode file for STMicroelectronics.X-CUBE-NFC6.3.1.0
2024-12-25 21:49:46,098 [WARN] PackLoader:240 - Cannot read IP mode file for ITTIA_DB.I-CUBE-ITTIADB.8.8.0
2024-12-25 21:49:46,110 [WARN] PackLoader:240 - Cannot read IP mode file for emotas.I-CUBE-CANOPEN.1.1.3
2024-12-25 21:49:46,123 [WARN] PackLoader:240 - Cannot read IP mode file for STMicroelectronics.X-CUBE-BLEMGR.2.0.0
2024-12-25 21:49:46,132 [ERROR] Engine:466 - C:\Users\Minh\.stm32cubemx\thirdparties\pdsc\STMicroelectronics.X-CUBE-DPower.1.2.0.pdsc: PDSC version is not supported
2024-12-25 21:49:46,137 [WARN] PackLoader:240 - Cannot read IP mode file for STMicroelectronics.X-CUBE-AI.9.0.0
2024-12-25 21:49:46,168 [WARN] ConditionMgr:438 - getConditionDescription Invalid condition id : UX DEVICE CLASS RTOS Condition cause : null
2024-12-25 21:49:46,168 [WARN] ConditionMgr:438 - getConditionDescription Invalid condition id : UX DEVICE CLASS RTOS Condition cause : null
2024-12-25 21:49:46,176 [WARN] PackLoader:240 - Cannot read IP mode file for STMicroelectronics.X-CUBE-AZRTOS-H7.3.1.0
2024-12-25 21:49:46,179 [WARN] ConditionMgr:1039 - genDependencies : Invalid condition id : UX DEVICE CLASS RTOS Condition cause : null
2024-12-25 21:49:46,179 [WARN] ConditionMgr:1039 - genDependencies : Invalid condition id : UX DEVICE CLASS RTOS Condition cause : null
2024-12-25 21:49:46,180 [WARN] ConditionMgr:1039 - genDependencies : Invalid condition id : UX DEVICE CLASS RTOS Condition cause : null
2024-12-25 21:49:46,181 [WARN] ConditionMgr:1039 - genDependencies : Invalid condition id : UX DEVICE CLASS RTOS Condition cause : null
2024-12-25 21:49:46,182 [WARN] ConditionMgr:1039 - genDependencies : Invalid condition id : UX DEVICE CLASS RTOS Condition cause : null
2024-12-25 21:49:46,192 [WARN] PackLoader:240 - Cannot read IP mode file for wolfSSL.I-CUBE-wolfSSL.5.5.4
2024-12-25 21:49:46,200 [WARN] PackLoader:240 - Cannot read IP mode file for STMicroelectronics.X-CUBE-FREERTOS.1.3.0
2024-12-25 21:49:46,208 [WARN] PackLoader:240 - Cannot read IP mode file for STMicroelectronics.X-CUBE-NFC7.1.0.1
2024-12-25 21:49:46,218 [WARN] PackLoader:240 - Cannot read IP mode file for STMicroelectronics.X-CUBE-NFC7.1.0.0
2024-12-25 21:49:46,226 [WARN] PackLoader:240 - Cannot read IP mode file for wolfSSL.I-CUBE-wolfTPM.3.2.0
2024-12-25 21:49:46,238 [WARN] PackLoader:240 - Cannot read IP mode file for STMicroelectronics.X-CUBE-NFC6.3.0.0
2024-12-25 21:49:46,251 [WARN] PackLoader:240 - Cannot read IP mode file for STMicroelectronics.X-CUBE-EEPRMA1.4.1.0
2024-12-25 21:49:46,259 [WARN] PackLoader:240 - Cannot read IP mode file for STMicroelectronics.X-CUBE-AI.8.1.0
2024-12-25 21:49:46,295 [WARN] ConditionMgr:438 - getConditionDescription Invalid condition id : LAN8742 Phy interface Condition cause : null
2024-12-25 21:49:46,296 [WARN] PackLoader:240 - Cannot read IP mode file for STMicroelectronics.X-CUBE-AZRTOS-L4.2.0.0
2024-12-25 21:49:46,299 [WARN] ConditionMgr:1039 - genDependencies : Invalid condition id : LAN8742 Phy interface Condition cause : null
2024-12-25 21:49:46,300 [WARN] ConditionMgr:1039 - genDependencies : Invalid condition id : LAN8742 Phy interface Condition cause : null
2024-12-25 21:49:46,301 [WARN] ConditionMgr:1039 - genDependencies : Invalid condition id : LAN8742 Phy interface Condition cause : null
2024-12-25 21:49:46,316 [WARN] PackLoader:240 - Cannot read IP mode file for STMicroelectronics.X-CUBE-SFXS2LP1.4.0.0
2024-12-25 21:49:46,360 [WARN] PackLoader:240 - Cannot read IP mode file for STMicroelectronics.X-CUBE-AZRTOS-H7.3.0.0
2024-12-25 21:49:46,373 [WARN] PackLoader:240 - Cannot read IP mode file for STMicroelectronics.X-CUBE-ISPU.1.1.0
2024-12-25 21:49:46,419 [WARN] PackLoader:240 - Cannot read IP mode file for STMicroelectronics.X-CUBE-AZRTOS-H7.3.3.0
2024-12-25 21:49:46,439 [WARN] PackLoader:240 - Cannot read IP mode file for RoweBots.I-CUBE-UNISONRTOS.5.5.0-4
2024-12-25 21:49:46,447 [WARN] PackLoader:240 - Cannot read IP mode file for STMicroelectronics.X-CUBE-AI.8.0.0
2024-12-25 21:49:46,456 [ERROR] Engine:466 - C:\Users\Minh\.stm32cubemx\thirdparties\pdsc\STMicroelectronics.X-CUBE-IPS.3.0.0.pdsc: PDSC version is not supported
2024-12-25 21:49:46,482 [WARN] ConditionMgr:438 - getConditionDescription Invalid condition id : UX DEVICE CLASS RTOS Condition cause : null
2024-12-25 21:49:46,482 [WARN] ConditionMgr:438 - getConditionDescription Invalid condition id : UX DEVICE CLASS RTOS Condition cause : null
2024-12-25 21:49:46,488 [WARN] PackLoader:240 - Cannot read IP mode file for STMicroelectronics.X-CUBE-AZRTOS-WB.2.0.0
2024-12-25 21:49:46,489 [WARN] ConditionMgr:1039 - genDependencies : Invalid condition id : UX DEVICE CLASS RTOS Condition cause : null
2024-12-25 21:49:46,490 [WARN] ConditionMgr:1039 - genDependencies : Invalid condition id : UX DEVICE CLASS RTOS Condition cause : null
2024-12-25 21:49:46,491 [WARN] ConditionMgr:1039 - genDependencies : Invalid condition id : UX DEVICE CLASS RTOS Condition cause : null
2024-12-25 21:49:46,492 [WARN] ConditionMgr:1039 - genDependencies : Invalid condition id : UX DEVICE CLASS RTOS Condition cause : null
2024-12-25 21:49:46,492 [WARN] ConditionMgr:1039 - genDependencies : Invalid condition id : UX DEVICE CLASS RTOS Condition cause : null
2024-12-25 21:49:46,501 [WARN] PackLoader:240 - Cannot read IP mode file for STMicroelectronics.X-CUBE-FREERTOS.1.0.0
2024-12-25 21:49:46,509 [WARN] PackLoader:240 - Cannot read IP mode file for STMicroelectronics.X-CUBE-FREERTOS.1.0.1
2024-12-25 21:49:46,517 [WARN] PackLoader:240 - Cannot read IP mode file for STMicroelectronics.X-CUBE-GNSS1.7.0.0
2024-12-25 21:49:46,528 [WARN] PackLoader:240 - Cannot read IP mode file for STMicroelectronics.X-CUBE-GNSS1.7.0.1
2024-12-25 21:49:46,535 [ERROR] Engine:466 - C:\Users\Minh\.stm32cubemx\thirdparties\pdsc\STMicroelectronics.FP-SNS-STBOX1.2.0.0.pdsc: PDSC version is not supported
2024-12-25 21:49:46,563 [WARN] PackLoader:240 - Cannot read IP mode file for STMicroelectronics.X-CUBE-AZRTOS-L5.1.1.0
2024-12-25 21:49:46,573 [WARN] PackLoader:240 - Cannot read IP mode file for STMicroelectronics.X-CUBE-AI.8.0.1
2024-12-25 21:49:46,593 [WARN] PackLoader:240 - Cannot read IP mode file for STMicroelectronics.X-CUBE-SUBG2.5.0.0
2024-12-25 21:49:46,606 [WARN] PackLoader:240 - Cannot read IP mode file for Cesanta.I-CUBE-Mongoose.7.13.0
2024-12-25 21:49:46,623 [WARN] PackLoader:240 - Cannot read IP mode file for STMicroelectronics.X-CUBE-TOF1.3.3.1
2024-12-25 21:49:46,673 [WARN] PackLoader:240 - Cannot read IP mode file for STMicroelectronics.X-CUBE-AZRTOS-G4.2.0.0
2024-12-25 21:49:46,696 [WARN] PackLoader:240 - Cannot read IP mode file for STMicroelectronics.X-CUBE-TOF1.3.3.0
2024-12-25 21:49:46,721 [WARN] PackLoader:240 - Cannot read IP mode file for STMicroelectronics.FP-ATR-ASTRA1.1.1.1
2024-12-25 21:49:46,745 [WARN] PackLoader:240 - Cannot read IP mode file for Infineon.AIROC-Wi-Fi-Bluetooth-STM32.1.5.1
2024-12-25 21:49:46,759 [WARN] PackLoader:240 - Cannot read IP mode file for STMicroelectronics.FP-SNS-MOTENVWB1.1.3.0
2024-12-25 21:49:46,766 [WARN] PackLoader:240 - Cannot read IP mode file for STMicroelectronics.FP-SNS-MOTENVWB1.1.3.1
2024-12-25 21:49:46,791 [WARN] PackLoader:240 - Cannot read IP mode file for STMicroelectronics.X-CUBE-AZRTOS-G4.1.0.0
2024-12-25 21:49:46,820 [WARN] PackLoader:240 - Cannot read IP mode file for STMicroelectronics.X-CUBE-AZRTOS-L4.1.0.0
2024-12-25 21:49:46,829 [WARN] PackLoader:240 - Cannot read IP mode file for STMicroelectronics.X-CUBE-ISPU.2.0.0
2024-12-25 21:49:46,837 [WARN] PackLoader:240 - Cannot read IP mode file for STMicroelectronics.X-CUBE-ALS.1.0.2
2024-12-25 21:49:46,922 [WARN] PackLoader:240 - Cannot read IP mode file for STMicroelectronics.X-CUBE-MEMS1.10.0.0
2024-12-25 21:49:47,152 [WARN] PackLoader:240 - Cannot read IP mode file for STMicroelectronics.X-CUBE-FREERTOS.1.1.0
2024-12-25 21:49:47,158 [WARN] PackLoader:240 - Cannot read IP mode file for STMicroelectronics.X-CUBE-TOUCHGFX.4.24.0
2024-12-25 21:49:47,174 [WARN] PackLoader:240 - Cannot read IP mode file for STMicroelectronics.X-CUBE-AZRTOS-WL.1.0.0
2024-12-25 21:49:47,180 [WARN] PackLoader:240 - Cannot read IP mode file for STMicroelectronics.X-CUBE-TOUCHGFX.4.24.1
2024-12-25 21:49:47,190 [WARN] PackLoader:240 - Cannot read IP mode file for portGmbH.I-Cube-SoM-uGOAL.1.1.0
2024-12-25 21:49:47,196 [WARN] PackLoader:240 - Cannot read IP mode file for STMicroelectronics.X-CUBE-ALS.1.0.1
2024-12-25 21:49:47,216 [WARN] PackLoader:240 - Cannot read IP mode file for STMicroelectronics.X-CUBE-AZRTOS-WB.1.1.0
2024-12-25 21:49:47,246 [WARN] PackLoader:240 - Cannot read IP mode file for STMicroelectronics.X-CUBE-AZRTOS-H7RS.1.0.0
2024-12-25 21:49:47,263 [WARN] PackLoader:240 - Cannot read IP mode file for STMicroelectronics.FP-ATR-ASTRA1.2.0.0
2024-12-25 21:49:47,273 [ERROR] Engine:466 - C:\Users\Minh\.stm32cubemx\thirdparties\pdsc\STMicroelectronics.X-CUBE-TOF1.3.4.2.pdsc: PDSC version is not supported
2024-12-25 21:49:47,288 [WARN] PackLoader:240 - Cannot read IP mode file for STMicroelectronics.X-CUBE-TOF1.3.4.0
2024-12-25 21:49:47,319 [WARN] PackLoader:240 - Cannot read IP mode file for STMicroelectronics.X-CUBE-TOF1.3.4.1
2024-12-25 21:49:47,362 [WARN] PackLoader:240 - Cannot read IP mode file for STMicroelectronics.X-CUBE-AZRTOS-H7.3.2.0
2024-12-25 21:49:47,372 [WARN] PackLoader:240 - Cannot read IP mode file for wolfSSL.I-CUBE-wolfSSH.1.4.17
2024-12-25 21:49:47,373 [INFO] ThirdParty:978 - Integrity check success = true
2024-12-25 21:49:47,374 [INFO] IntegrityCheckThread:100 - exiting critical section [integrity check]
2024-12-25 21:49:47,374 [INFO] IntegrityCheckThread:103 - End integrity checks thread
2024-12-25 22:29:43,297 [ERROR] LogOutputStream:75 - [STDERR_REDIRECT] SLF4J: Failed to load class "org.slf4j.impl.StaticLoggerBinder".
2024-12-25 22:29:43,298 [ERROR] LogOutputStream:75 - [STDERR_REDIRECT] SLF4J: Defaulting to no-operation (NOP) logger implementation
2024-12-25 22:29:43,301 [ERROR] LogOutputStream:75 - [STDERR_REDIRECT] SLF4J: See http://www.slf4j.org/codes.html#StaticLoggerBinder for further details.
2024-12-25 22:40:44,031 [ERROR] LogOutputStream:75 - [STDERR_REDIRECT] 
