2023-12-26 13:31:06,228 [INFO] Activator:176 - 


2023-12-26 13:31:06,244 [INFO] Activator:177 - !SESSION log4j initialized
2023-12-26 13:31:25,901 [INFO] LogOutputStream:77 - [STDOUT_REDIRECT] 
2023-12-26 13:31:34,734 [INFO] ApplicationProperties:184 - Using Application install path: C:\ST\STM32CubeIDE_1.4.0\STM32CubeIDE\plugins\com.st.stm32cube.common.mx_6.9.1.202307191849
2023-12-26 13:31:34,770 [INFO] DbMcusXml:78 - Set database path to: C:\ST\STM32CubeIDE_1.4.0\STM32CubeIDE\plugins\com.st.stm32cube.common.mx_6.9.1.202307191849\\db\/mcu/
2023-12-26 13:31:34,771 [INFO] ApiDb:274 - Set plugin database path to: C:\ST\STM32CubeIDE_1.4.0\STM32CubeIDE\plugins\com.st.stm32cube.common.mx_6.9.1.202307191849\\db\/plugins/boardmanager/
2023-12-26 13:31:34,772 [WARN] ApiDb:259 - Overriding images path with different value:  => C:\ST\STM32CubeIDE_1.4.0\STM32CubeIDE\plugins\com.st.stm32cube.common.mx_6.9.1.202307191849\\db\/plugins/mcufinder/images/
2023-12-26 13:31:34,796 [INFO] ApiDb:250 - Set database path to: C:\Users\Minh\.stmcufinder\plugins\mcufinder//mcu/
2023-12-26 13:31:34,798 [INFO] DbMcusAds:125 - Set database path to: C:\Users\Minh\.stmcufinder\plugins\mcufinder//mcu/
2023-12-26 13:31:34,803 [INFO] CrossReferenceDbSqlite:203 - Set database path to: C:\Users\Minh\.stmcufinder\plugins\mcufinder//mcu/cs/
2023-12-26 13:31:35,051 [INFO] RulesReader:64 - Compatibility file has been processed (293 Rules)
2023-12-26 13:31:35,212 [INFO] DbMcusXml:78 - Set database path to: C:\ST\STM32CubeIDE_1.4.0\STM32CubeIDE\plugins\com.st.stm32cube.common.mx_6.9.1.202307191849\\db\/mcu/
2023-12-26 13:31:35,212 [INFO] ApiDb:274 - Set plugin database path to: C:\ST\STM32CubeIDE_1.4.0\STM32CubeIDE\plugins\com.st.stm32cube.common.mx_6.9.1.202307191849\\db\/plugins/boardmanager/
2023-12-26 13:31:35,213 [INFO] ApiDb:261 - Set plugin images path to: C:\ST\STM32CubeIDE_1.4.0\STM32CubeIDE\plugins\com.st.stm32cube.common.mx_6.9.1.202307191849\\db\/plugins/mcufinder/images/
2023-12-26 13:31:35,213 [WARN] DbFile:41 - Overriding database path with different value: C:\Users\Minh\.stmcufinder\plugins\mcufinder/ => C:\Users\Minh\.stmcufinder\plugins\mcufinder
2023-12-26 13:31:35,214 [INFO] ApiDb:250 - Set database path to: C:\Users\Minh\.stmcufinder\plugins\mcufinder//mcu/
2023-12-26 13:31:35,214 [WARN] DbFile:41 - Overriding database path with different value: C:\Users\Minh\.stmcufinder\plugins\mcufinder/ => C:\Users\Minh\.stmcufinder\plugins\mcufinder
2023-12-26 13:31:35,214 [INFO] DbMcusAds:125 - Set database path to: C:\Users\Minh\.stmcufinder\plugins\mcufinder//mcu/
2023-12-26 13:31:35,214 [WARN] DbFile:41 - Overriding database path with different value: C:\Users\Minh\.stmcufinder\plugins\mcufinder/ => C:\Users\Minh\.stmcufinder\plugins\mcufinder
2023-12-26 13:31:35,215 [WARN] DbFile:41 - Overriding database path with different value: C:\Users\Minh\.stmcufinder\plugins\mcufinder/ => C:\Users\Minh\.stmcufinder\plugins\mcufinder
2023-12-26 13:31:35,215 [INFO] CrossReferenceDbSqlite:203 - Set database path to: C:\Users\Minh\.stmcufinder\plugins\mcufinder//mcu/cs/
2023-12-26 13:31:35,359 [INFO] MainPanel:262 - HeapMemory: 268435456
2023-12-26 13:31:35,538 [INFO] DbMcusXml:78 - Set database path to: C:\ST\STM32CubeIDE_1.4.0\STM32CubeIDE\plugins\com.st.stm32cube.common.mx_6.9.1.202307191849\\db\/mcu/
2023-12-26 13:31:35,538 [INFO] ApiDb:274 - Set plugin database path to: C:\ST\STM32CubeIDE_1.4.0\STM32CubeIDE\plugins\com.st.stm32cube.common.mx_6.9.1.202307191849\\db\/plugins/boardmanager/
2023-12-26 13:31:35,538 [INFO] ApiDb:261 - Set plugin images path to: C:\ST\STM32CubeIDE_1.4.0\STM32CubeIDE\plugins\com.st.stm32cube.common.mx_6.9.1.202307191849\\db\/plugins/mcufinder/images/
2023-12-26 13:31:35,539 [WARN] DbFile:41 - Overriding database path with different value: C:\Users\Minh\.stmcufinder\plugins\mcufinder/ => C:\Users\Minh\.stmcufinder\plugins\mcufinder
2023-12-26 13:31:35,540 [INFO] ApiDb:250 - Set database path to: C:\Users\Minh\.stmcufinder\plugins\mcufinder//mcu/
2023-12-26 13:31:35,540 [WARN] DbFile:41 - Overriding database path with different value: C:\Users\Minh\.stmcufinder\plugins\mcufinder/ => C:\Users\Minh\.stmcufinder\plugins\mcufinder
2023-12-26 13:31:35,540 [INFO] DbMcusAds:125 - Set database path to: C:\Users\Minh\.stmcufinder\plugins\mcufinder//mcu/
2023-12-26 13:31:35,540 [WARN] DbFile:41 - Overriding database path with different value: C:\Users\Minh\.stmcufinder\plugins\mcufinder/ => C:\Users\Minh\.stmcufinder\plugins\mcufinder
2023-12-26 13:31:35,540 [WARN] DbFile:41 - Overriding database path with different value: C:\Users\Minh\.stmcufinder\plugins\mcufinder/ => C:\Users\Minh\.stmcufinder\plugins\mcufinder
2023-12-26 13:31:35,540 [INFO] CrossReferenceDbSqlite:203 - Set database path to: C:\Users\Minh\.stmcufinder\plugins\mcufinder//mcu/cs/
2023-12-26 13:31:35,579 [INFO] ApplicationProperties:184 - Using Application install path: C:\ST\STM32CubeIDE_1.4.0\STM32CubeIDE\plugins\com.st.stm32cube.common.mx_6.9.1.202307191849
2023-12-26 13:31:35,582 [INFO] PluginManage:196 - Search for loadable plugins [exclusion list=, ]
2023-12-26 13:31:35,585 [INFO] PluginManage:310 - Check plugin analytics
2023-12-26 13:31:40,546 [INFO] AnalyticsPlugin:253 - Accepted Software Licenses: STM32CubeMX.6.0.0,STM32CubeMX.5.2.0
2023-12-26 13:31:40,549 [INFO] AnalyticsPlugin:255 - Accepted CMSIS Pack Licenses: 
2023-12-26 13:31:40,549 [INFO] AnalyticsPlugin:257 - Accepted Firmware Licenses: 
2023-12-26 13:31:40,574 [INFO] PluginManage:359 - Loaded plugin analytics (category:tool,tabindex:-1)
2023-12-26 13:31:40,577 [INFO] PluginManage:310 - Check plugin cadmodel
2023-12-26 13:31:40,616 [INFO] CADModel:105 - Init CAD model plugin
2023-12-26 13:31:40,616 [INFO] PluginManage:359 - Loaded plugin cadmodel (category:power,tabindex:5)
2023-12-26 13:31:40,617 [INFO] PluginManage:310 - Check plugin clock
2023-12-26 13:31:40,668 [INFO] PluginManage:359 - Loaded plugin clock (category:base,tabindex:2)
2023-12-26 13:31:40,669 [INFO] PluginManage:310 - Check plugin ddr
2023-12-26 13:31:40,676 [INFO] PluginManage:359 - Loaded plugin ddr (category:tool,tabindex:6)
2023-12-26 13:31:40,677 [INFO] PluginManage:310 - Check plugin filemanager
2023-12-26 13:31:40,989 [INFO] PluginManage:359 - Loaded plugin filemanager (category:base,tabindex:10)
2023-12-26 13:31:40,990 [INFO] PluginManage:310 - Check plugin ipmanager
2023-12-26 13:31:41,004 [INFO] PluginManage:359 - Loaded plugin ipmanager (category:base,tabindex:5)
2023-12-26 13:31:41,005 [INFO] PluginManage:310 - Check plugin lpbam
2023-12-26 13:31:41,045 [INFO] PluginManage:359 - Loaded plugin lpbam (category:base,tabindex:0)
2023-12-26 13:31:41,045 [INFO] PluginManage:310 - Check plugin memorymap
2023-12-26 13:31:41,097 [INFO] PluginManage:359 - Loaded plugin memorymap (category:base,tabindex:4)
2023-12-26 13:31:41,097 [INFO] PluginManage:310 - Check plugin pinoutandconfiguration
2023-12-26 13:31:41,143 [INFO] PluginManage:359 - Loaded plugin pinoutandconfiguration (category:base,tabindex:1)
2023-12-26 13:31:41,144 [INFO] PluginManage:310 - Check plugin pinoutconfig
2023-12-26 13:31:41,353 [WARN] SupportedApi:132 - Cannot load RTOS API schema: s4s-elt-must-match.1: The content of 'definitions' must match (annotation?, (simpleType | complexType)?, (unique | key | keyref)*)). A problem was found starting at: attribute.
2023-12-26 13:31:41,623 [INFO] PluginManage:359 - Loaded plugin pinoutconfig (category:base,tabindex:0)
2023-12-26 13:31:41,624 [INFO] PluginManage:310 - Check plugin power
2023-12-26 13:31:41,666 [INFO] PluginManage:359 - Loaded plugin power (category:power,tabindex:4)
2023-12-26 13:31:41,666 [INFO] PluginManage:310 - Check plugin projectmanager
2023-12-26 13:31:41,698 [INFO] PluginManage:359 - Loaded plugin projectmanager (category:projectmanager,tabindex:3)
2023-12-26 13:31:41,698 [INFO] PluginManage:310 - Check plugin thirdparty
2023-12-26 13:31:42,340 [INFO] PluginManage:359 - Loaded plugin thirdparty (category:base,tabindex:-1)
2023-12-26 13:31:42,340 [WARN] IntegrityCheckThread:84 - waiting for thirdparty lock release [integrity check]
2023-12-26 13:31:42,340 [INFO] PluginManage:310 - Check plugin tools
2023-12-26 13:31:42,341 [INFO] IntegrityCheckThread:86 - entering critical section [integrity check]
2023-12-26 13:31:42,341 [INFO] ThirdPartyUpdaterWithRetryManager:70 - Updater plugin not ready yet. [1/15]
2023-12-26 13:31:42,429 [INFO] PluginManage:359 - Loaded plugin tools (category:base,tabindex:7)
2023-12-26 13:31:42,429 [INFO] PluginManage:310 - Check plugin tutovideos
2023-12-26 13:31:42,990 [INFO] PluginManage:359 - Loaded plugin tutovideos (category:base,tabindex:-1)
2023-12-26 13:31:42,991 [INFO] PluginManage:310 - Check plugin updater
2023-12-26 13:31:43,018 [INFO] PluginManage:359 - Loaded plugin updater (category:base,tabindex:12)
2023-12-26 13:31:43,019 [INFO] PluginManage:310 - Check plugin userauth
2023-12-26 13:31:43,033 [INFO] UserAuth:113 - Init User Auth plugin
2023-12-26 13:31:43,033 [INFO] PluginManage:359 - Loaded plugin userauth (category:base,tabindex:14)
2023-12-26 13:31:43,035 [INFO] PluginManage:283 - PluginManage : Loaded plugins [17]
2023-12-26 13:31:43,673 [INFO] PinOutPanel:1499 - setPackage(No Configuration,No Configuration)
2023-12-26 13:31:43,982 [INFO] CADModel:165 - CPN selected for project level
2023-12-26 13:31:43,983 [INFO] CADModel:114 - Register for checkConnection events
2023-12-26 13:31:44,040 [INFO] IPUIPlugin:80 - create IPUIPlugin
2023-12-26 13:31:44,040 [INFO] PluginManager:220 - loadIPPluginJar : add adc
2023-12-26 13:31:44,129 [INFO] IPUIPlugin:80 - create IPUIPlugin
2023-12-26 13:31:44,129 [INFO] PluginManager:220 - loadIPPluginJar : add aes
2023-12-26 13:31:44,224 [INFO] IPUIPlugin:80 - create IPUIPlugin
2023-12-26 13:31:44,224 [INFO] PluginManager:220 - loadIPPluginJar : add can
2023-12-26 13:31:44,275 [INFO] IPUIPlugin:80 - create IPUIPlugin
2023-12-26 13:31:44,275 [INFO] PluginManager:220 - loadIPPluginJar : add comp
2023-12-26 13:31:44,353 [INFO] IPUIPlugin:80 - create IPUIPlugin
2023-12-26 13:31:44,353 [INFO] PluginManager:220 - loadIPPluginJar : add cryp
2023-12-26 13:31:44,419 [INFO] IPUIPlugin:80 - create IPUIPlugin
2023-12-26 13:31:44,420 [INFO] PluginManager:220 - loadIPPluginJar : add dfsdm
2023-12-26 13:31:44,454 [INFO] IPUIPlugin:80 - create IPUIPlugin
2023-12-26 13:31:44,455 [INFO] PluginManager:220 - loadIPPluginJar : add dma
2023-12-26 13:31:44,547 [INFO] IPUIPlugin:80 - create IPUIPlugin
2023-12-26 13:31:44,547 [INFO] PluginManager:220 - loadIPPluginJar : add dma3
2023-12-26 13:31:44,604 [INFO] IPUIPlugin:80 - create IPUIPlugin
2023-12-26 13:31:44,605 [INFO] PluginManager:220 - loadIPPluginJar : add fatfs
2023-12-26 13:31:44,724 [INFO] IPUIPlugin:80 - create IPUIPlugin
2023-12-26 13:31:44,724 [INFO] PluginManager:220 - loadIPPluginJar : add fmc
2023-12-26 13:31:44,757 [INFO] IPUIPlugin:80 - create IPUIPlugin
2023-12-26 13:31:44,757 [INFO] PluginManager:220 - loadIPPluginJar : add freertos
2023-12-26 13:31:44,808 [INFO] IPUIPlugin:80 - create IPUIPlugin
2023-12-26 13:31:44,808 [INFO] PluginManager:220 - loadIPPluginJar : add genericplugin
2023-12-26 13:31:45,005 [INFO] IPUIPlugin:80 - create IPUIPlugin
2023-12-26 13:31:45,005 [INFO] PluginManager:220 - loadIPPluginJar : add gfxmmu
2023-12-26 13:31:45,281 [INFO] IPUIPlugin:80 - create IPUIPlugin
2023-12-26 13:31:45,282 [INFO] PluginManager:220 - loadIPPluginJar : add gic
2023-12-26 13:31:45,305 [INFO] IPUIPlugin:80 - create IPUIPlugin
2023-12-26 13:31:45,306 [INFO] PluginManager:220 - loadIPPluginJar : add gpio
2023-12-26 13:31:45,343 [INFO] ThirdPartyUpdaterWithRetryManager:70 - Updater plugin not ready yet. [2/15]
2023-12-26 13:31:45,491 [INFO] IPUIPlugin:80 - create IPUIPlugin
2023-12-26 13:31:45,492 [INFO] PluginManager:220 - loadIPPluginJar : add gtzc
2023-12-26 13:31:45,569 [INFO] IPUIPlugin:80 - create IPUIPlugin
2023-12-26 13:31:45,569 [INFO] PluginManager:220 - loadIPPluginJar : add hash
2023-12-26 13:31:45,705 [INFO] IPUIPlugin:80 - create IPUIPlugin
2023-12-26 13:31:45,706 [INFO] PluginManager:220 - loadIPPluginJar : add i2c
2023-12-26 13:31:45,805 [INFO] IPUIPlugin:80 - create IPUIPlugin
2023-12-26 13:31:45,805 [INFO] PluginManager:220 - loadIPPluginJar : add i2s
2023-12-26 13:31:45,895 [INFO] IPUIPlugin:80 - create IPUIPlugin
2023-12-26 13:31:45,895 [INFO] PluginManager:220 - loadIPPluginJar : add i3c
2023-12-26 13:31:46,132 [INFO] IPUIPlugin:80 - create IPUIPlugin
2023-12-26 13:31:46,132 [INFO] PluginManager:220 - loadIPPluginJar : add ipddr
2023-12-26 13:31:46,318 [INFO] IPUIPlugin:80 - create IPUIPlugin
2023-12-26 13:31:46,318 [INFO] PluginManager:220 - loadIPPluginJar : add linkedlist
2023-12-26 13:31:46,397 [INFO] IPUIPlugin:80 - create IPUIPlugin
2023-12-26 13:31:46,397 [INFO] PluginManager:220 - loadIPPluginJar : add lorawan
2023-12-26 13:31:46,491 [INFO] IPUIPlugin:80 - create IPUIPlugin
2023-12-26 13:31:46,492 [INFO] PluginManager:220 - loadIPPluginJar : add ltdc
2023-12-26 13:31:46,519 [INFO] IPUIPlugin:80 - create IPUIPlugin
2023-12-26 13:31:46,519 [INFO] PluginManager:220 - loadIPPluginJar : add mdma
2023-12-26 13:31:46,541 [INFO] IPUIPlugin:80 - create IPUIPlugin
2023-12-26 13:31:46,541 [INFO] PluginManager:220 - loadIPPluginJar : add nvic
2023-12-26 13:31:46,616 [INFO] IPUIPlugin:80 - create IPUIPlugin
2023-12-26 13:31:46,616 [INFO] PluginManager:220 - loadIPPluginJar : add opamp
2023-12-26 13:31:46,730 [INFO] IPUIPlugin:80 - create IPUIPlugin
2023-12-26 13:31:46,730 [INFO] PluginManager:220 - loadIPPluginJar : add openamp
2023-12-26 13:31:46,818 [INFO] IPUIPlugin:80 - create IPUIPlugin
2023-12-26 13:31:46,818 [INFO] PluginManager:220 - loadIPPluginJar : add pdm2pcm
2023-12-26 13:31:46,850 [INFO] IPUIPlugin:80 - create IPUIPlugin
2023-12-26 13:31:46,856 [INFO] PluginManager:220 - loadIPPluginJar : add plateformsettings
2023-12-26 13:31:46,911 [INFO] IPUIPlugin:80 - create IPUIPlugin
2023-12-26 13:31:46,912 [INFO] PluginManager:220 - loadIPPluginJar : add quadspi
2023-12-26 13:31:46,944 [INFO] IPUIPlugin:80 - create IPUIPlugin
2023-12-26 13:31:46,944 [INFO] PluginManager:220 - loadIPPluginJar : add resmgrutility
2023-12-26 13:31:47,077 [INFO] IPUIPlugin:80 - create IPUIPlugin
2023-12-26 13:31:47,077 [INFO] PluginManager:220 - loadIPPluginJar : add sai
2023-12-26 13:31:47,192 [INFO] IPUIPlugin:80 - create IPUIPlugin
2023-12-26 13:31:47,192 [INFO] PluginManager:220 - loadIPPluginJar : add spi
2023-12-26 13:31:47,369 [INFO] IPUIPlugin:80 - create IPUIPlugin
2023-12-26 13:31:47,369 [INFO] PluginManager:220 - loadIPPluginJar : add stm32_wpan
2023-12-26 13:31:47,431 [INFO] IPUIPlugin:80 - create IPUIPlugin
2023-12-26 13:31:47,432 [INFO] PluginManager:220 - loadIPPluginJar : add tim
2023-12-26 13:31:47,601 [INFO] IPUIPlugin:80 - create IPUIPlugin
2023-12-26 13:31:47,602 [INFO] PluginManager:220 - loadIPPluginJar : add touchsensing
2023-12-26 13:31:47,672 [INFO] IPUIPlugin:80 - create IPUIPlugin
2023-12-26 13:31:47,672 [INFO] PluginManager:220 - loadIPPluginJar : add tracer_emb
2023-12-26 13:31:47,735 [INFO] IPUIPlugin:80 - create IPUIPlugin
2023-12-26 13:31:47,735 [INFO] PluginManager:220 - loadIPPluginJar : add ts
2023-12-26 13:31:47,793 [INFO] IPUIPlugin:80 - create IPUIPlugin
2023-12-26 13:31:47,793 [INFO] PluginManager:220 - loadIPPluginJar : add tsc
2023-12-26 13:31:47,861 [INFO] IPUIPlugin:80 - create IPUIPlugin
2023-12-26 13:31:47,861 [INFO] PluginManager:220 - loadIPPluginJar : add ucpd
2023-12-26 13:31:47,995 [INFO] IPUIPlugin:80 - create IPUIPlugin
2023-12-26 13:31:47,995 [INFO] PluginManager:220 - loadIPPluginJar : add usart
2023-12-26 13:31:48,125 [INFO] IPUIPlugin:80 - create IPUIPlugin
2023-12-26 13:31:48,125 [INFO] PluginManager:220 - loadIPPluginJar : add usbx
2023-12-26 13:31:48,329 [INFO] CADModel:165 - CPN selected for project level
2023-12-26 13:31:48,330 [INFO] CADModel:114 - Register for checkConnection events
2023-12-26 13:31:48,331 [FATAL] Updater:308 - Updater called before beeing initialized
2023-12-26 13:31:48,331 [ERROR] CADModel:125 - Updater not yet initialized, retry later 
2023-12-26 13:31:48,343 [INFO] ThirdPartyUpdaterWithRetryManager:70 - Updater plugin not ready yet. [3/15]
2023-12-26 13:31:48,665 [INFO] CADModel:165 - CPN selected for project level
2023-12-26 13:31:48,666 [INFO] CADModel:114 - Register for checkConnection events
2023-12-26 13:31:48,666 [FATAL] Updater:308 - Updater called before beeing initialized
2023-12-26 13:31:48,666 [ERROR] CADModel:125 - Updater not yet initialized, retry later 
2023-12-26 13:31:48,673 [FATAL] Updater:308 - Updater called before beeing initialized
2023-12-26 13:31:48,938 [FATAL] Updater:308 - Updater called before beeing initialized
2023-12-26 13:31:48,950 [INFO] DbMcusAds:53 - JSON generation date=Wed Nov 29 19:52:38 JST 2023 (1701255158764)
2023-12-26 13:31:48,951 [FATAL] Updater:308 - Updater called before beeing initialized
2023-12-26 13:31:49,225 [WARN] DetailPanel:346 - Failed to get advertising image, set to default
2023-12-26 13:31:49,630 [FATAL] Updater:308 - Updater called before beeing initialized
2023-12-26 13:31:49,635 [FATAL] Updater:308 - Updater called before beeing initialized
2023-12-26 13:31:49,636 [FATAL] Updater:308 - Updater called before beeing initialized
2023-12-26 13:31:49,636 [WARN] DetailPanel:346 - Failed to get advertising image, set to default
2023-12-26 13:31:49,638 [FATAL] Updater:308 - Updater called before beeing initialized
2023-12-26 13:31:49,815 [ERROR] Updater:1120 - MainUpdater not yet initialized. External WinMGr cannot be set.
2023-12-26 13:31:49,844 [INFO] Updater:1056 - Updater Version found : 6.9.1
2023-12-26 13:31:49,895 [INFO] ApplicationProperties:184 - Using Application install path: C:\ST\STM32CubeIDE_1.4.0\STM32CubeIDE\plugins\com.st.stm32cube.common.mx_6.9.1.202307191849
2023-12-26 13:31:50,218 [INFO] MainUpdater:2868 - connection check result : 10
2023-12-26 13:31:50,219 [INFO] MainUpdater:3562 - Updater definition file requires update
2023-12-26 13:31:50,221 [INFO] MainUpdater:285 - Updater Check For Update Now.
2023-12-26 13:31:50,222 [INFO] MicroXplorer:498 - Change Database Version : DB.6.0.91
2023-12-26 13:31:50,264 [INFO] McuFinderGlobals:63 - Set McuFinder mode to 2 (CubeIDE integrated)
2023-12-26 13:31:50,265 [INFO] UserAuth:179 - activating auth plugin
2023-12-26 13:31:50,269 [INFO] ServerAccessManage:473 - Download File updaters.zip
2023-12-26 13:31:50,272 [INFO] UserAuth:393 - Internet connection configuration mode: 1
2023-12-26 13:31:50,321 [INFO] JxBrowserEngine:151 - Initiate JxBrowser Engine with user profile folder
2023-12-26 13:31:50,469 [INFO] FileExtend:240 - Unzip File : updaters.zip
2023-12-26 13:31:50,469 [INFO] FileExtend:255 - Standard Zip Deflate
2023-12-26 13:31:51,360 [WARN] MainUpdater:1189 - Updater busy. Cannot search thirdparties
2023-12-26 13:31:51,361 [INFO] ThirdPartyUpdaterWithRetryManager:96 - Updater plugin is busy. [1/15]
2023-12-26 13:31:51,422 [INFO] ServerAccessManage:473 - Download File PacksControlFlags.xml
2023-12-26 13:31:51,811 [INFO] ServerAccessManage:473 - Download File cubemx.pidx
2023-12-26 13:31:52,270 [INFO] LoadServerUpdatesThread:373 - End of LoadServerUpdate Thread
2023-12-26 13:31:52,812 [INFO] CheckServerUpdateThread:120 - End of CheckServer Thread
2023-12-26 13:31:53,643 [INFO] WebApp:157 - Instantiating new browser for Auth
2023-12-26 13:31:55,578 [WARN] PackLoader:240 - Cannot read IP mode file for STMicroelectronics.X-CUBE-SMBUS.2.1.0
2023-12-26 13:31:55,601 [WARN] PackLoader:240 - Cannot read IP mode file for STMicroelectronics.X-CUBE-TOUCHGFX.4.23.0
2023-12-26 13:31:55,739 [WARN] PackLoader:240 - Cannot read IP mode file for STMicroelectronics.X-CUBE-AZRTOS-F7.1.1.0
2023-12-26 13:31:55,783 [ERROR] RealEvaluatedCondition:428 - Found unsupported composite condition: GROUP='STM32_MetaDataManager' CLASS='Data Exchange'
2023-12-26 13:31:55,784 [ERROR] RealEvaluatedCondition:428 - Found unsupported composite condition: GROUP='STM32_MetaDataManager' CLASS='Data Exchange'
2023-12-26 13:31:55,791 [WARN] PackLoader:240 - Cannot read IP mode file for STMicroelectronics.FP-SNS-MOTENV1.4.3.0
2023-12-26 13:31:55,822 [WARN] PackLoader:240 - Cannot read IP mode file for STMicroelectronics.FP-SNS-MOTENV1.4.3.2
2023-12-26 13:31:55,847 [WARN] PackLoader:240 - Cannot read IP mode file for STMicroelectronics.FP-SNS-FLIGHT1.5.0.0
2023-12-26 13:31:55,861 [ERROR] RealEvaluatedCondition:428 - Found unsupported composite condition: GROUP='STM32_MetaDataManager' CLASS='Data Exchange'
2023-12-26 13:31:55,862 [ERROR] RealEvaluatedCondition:428 - Found unsupported composite condition: CLASS='Data Exchange' GROUP='STM32_MetaDataManager'
2023-12-26 13:31:55,867 [WARN] PackLoader:240 - Cannot read IP mode file for STMicroelectronics.FP-SNS-MOTENV1.4.3.1
2023-12-26 13:31:55,886 [WARN] PackLoader:240 - Cannot read IP mode file for STMicroelectronics.FP-SNS-FLIGHT1.5.0.1
2023-12-26 13:31:55,914 [WARN] PackLoader:240 - Cannot read IP mode file for STMicroelectronics.X-CUBE-BLE1.6.2.4
2023-12-26 13:31:55,935 [WARN] PackLoader:240 - Cannot read IP mode file for STMicroelectronics.FP-SNS-FLIGHT1.5.0.2
2023-12-26 13:31:55,968 [WARN] PackLoader:240 - Cannot read IP mode file for STMicroelectronics.X-CUBE-DISPLAY.3.0.0
2023-12-26 13:31:56,012 [WARN] PackLoader:240 - Cannot read IP mode file for STMicroelectronics.X-CUBE-BLE1.7.0.0
2023-12-26 13:31:56,023 [WARN] PackLoader:240 - Cannot read IP mode file for STMicroelectronics.X-CUBE-TOUCHGFX.4.22.0
2023-12-26 13:31:56,033 [WARN] PackLoader:240 - Cannot read IP mode file for STMicroelectronics.X-CUBE-TOUCHGFX.4.22.1
2023-12-26 13:31:56,050 [WARN] PackLoader:240 - Cannot read IP mode file for STMicroelectronics.FP-SNS-SMARTAG2.1.2.0
2023-12-26 13:31:56,095 [INFO] LogOutputStream:77 - [STDOUT_REDIRECT] 1 : Invalid condition id : UX_CORESTACK_Condition cause : null
2023-12-26 13:31:56,097 [INFO] LogOutputStream:77 - [STDOUT_REDIRECT] 1 : Invalid condition id : UX_CORESTACK_Condition cause : null
2023-12-26 13:31:56,106 [INFO] LogOutputStream:77 - [STDOUT_REDIRECT] 1 : Invalid condition id : UX_CORESTACK_Condition cause : null
2023-12-26 13:31:56,112 [INFO] LogOutputStream:77 - [STDOUT_REDIRECT] 1 : Invalid condition id : UX_CORESTACK_Condition cause : null
2023-12-26 13:31:56,116 [INFO] LogOutputStream:77 - [STDOUT_REDIRECT] 1 : Invalid condition id : UX_CORESTACK_Condition cause : null
2023-12-26 13:31:56,133 [WARN] PackLoader:240 - Cannot read IP mode file for STMicroelectronics.X-CUBE-AZRTOS-WL.2.0.0
2023-12-26 13:31:56,178 [WARN] PackLoader:240 - Cannot read IP mode file for WES.I-CUBE-Cesium.1.3.0
2023-12-26 13:31:56,221 [WARN] PackLoader:240 - Cannot read IP mode file for STMicroelectronics.X-CUBE-BLE2.3.3.0
2023-12-26 13:31:56,278 [WARN] PackLoader:240 - Cannot read IP mode file for STMicroelectronics.X-CUBE-TOF1.3.2.0
2023-12-26 13:31:56,337 [WARN] PackLoader:240 - Cannot read IP mode file for STMicroelectronics.X-CUBE-TOUCHGFX.4.21.1
2023-12-26 13:31:56,349 [WARN] PackLoader:240 - Cannot read IP mode file for STMicroelectronics.X-CUBE-TOUCHGFX.4.21.3
2023-12-26 13:31:56,365 [WARN] PackLoader:240 - Cannot read IP mode file for STMicroelectronics.X-CUBE-TOUCHGFX.4.21.4
2023-12-26 13:31:56,388 [WARN] PackLoader:240 - Cannot read IP mode file for STMicroelectronics.X-CUBE-ALGOBUILD.1.3.0
2023-12-26 13:31:56,454 [WARN] PackLoader:240 - Cannot read IP mode file for STMicroelectronics.X-CUBE-AZRTOS-G0.1.1.0
2023-12-26 13:31:56,514 [WARN] PackLoader:240 - Cannot read IP mode file for STMicroelectronics.X-CUBE-NFC4.3.0.0
2023-12-26 13:31:56,573 [WARN] PackLoader:240 - Cannot read IP mode file for STMicroelectronics.X-CUBE-BLEMGR.3.0.0
2023-12-26 13:31:56,620 [WARN] PackLoader:240 - Cannot read IP mode file for STMicroelectronics.FP-ATR-SIGFOX1.3.2.0
2023-12-26 13:31:56,867 [WARN] PackLoader:240 - Cannot read IP mode file for STMicroelectronics.X-CUBE-MEMS1.9.5.0
2023-12-26 13:31:57,076 [INFO] WebApp:753 - Register for checkConnection events
2023-12-26 13:31:57,080 [INFO] WebApp:390 - Apply proxy settings
2023-12-26 13:31:57,082 [INFO] WebApp:475 - Chromium requires no authentication
2023-12-26 13:31:57,170 [INFO] WebApp:418 - Direct internet connection detected
2023-12-26 13:31:57,972 [WARN] PackLoader:240 - Cannot read IP mode file for SEGGER.I-CUBE-embOS.1.3.1
2023-12-26 13:31:58,160 [INFO] WebApp:188 - Starting web application
2023-12-26 13:31:58,161 [INFO] WebApp:520 - Web application path used C:\ST\STM32CubeIDE_1.4.0\STM32CubeIDE\plugins\com.st.stm32cube.common.mx_6.9.1.202307191849\db\plugins\mcufinder\reactClient1\index.html
2023-12-26 13:31:58,335 [WARN] PackLoader:240 - Cannot read IP mode file for STMicroelectronics.X-CUBE-GNSS1.6.0.0
2023-12-26 13:31:58,581 [WARN] PackLoader:240 - Cannot read IP mode file for STMicroelectronics.X-CUBE-AZRTOS-F4.1.1.0
2023-12-26 13:31:58,952 [WARN] PackLoader:240 - Cannot read IP mode file for STMicroelectronics.X-CUBE-AZRTOS-L5.2.0.0
2023-12-26 13:31:59,155 [WARN] PackLoader:240 - Cannot read IP mode file for STMicroelectronics.X-CUBE-MEMS1.9.6.0
2023-12-26 13:32:01,159 [WARN] PackLoader:240 - Cannot read IP mode file for STMicroelectronics.X-CUBE-EEPRMA1.4.2.0
2023-12-26 13:32:01,184 [WARN] PackLoader:240 - Cannot read IP mode file for ITTIA_DB.I-CUBE-ITTIADB.8.8.0
2023-12-26 13:32:01,259 [WARN] PackLoader:240 - Cannot read IP mode file for emotas.I-CUBE-CANOPEN.1.1.3
2023-12-26 13:32:01,300 [WARN] PackLoader:240 - Cannot read IP mode file for STMicroelectronics.X-CUBE-BLEMGR.2.0.0
2023-12-26 13:32:01,375 [WARN] ConditionMgr:438 - getConditionDescription Invalid condition id : UX DEVICE CLASS RTOS Condition cause : null
2023-12-26 13:32:01,376 [WARN] ConditionMgr:438 - getConditionDescription Invalid condition id : UX DEVICE CLASS RTOS Condition cause : null
2023-12-26 13:32:01,387 [WARN] PackLoader:240 - Cannot read IP mode file for STMicroelectronics.X-CUBE-AZRTOS-H7.3.1.0
2023-12-26 13:32:01,392 [WARN] ConditionMgr:1039 - genDependencies : Invalid condition id : UX DEVICE CLASS RTOS Condition cause : null
2023-12-26 13:32:01,393 [WARN] ConditionMgr:1039 - genDependencies : Invalid condition id : UX DEVICE CLASS RTOS Condition cause : null
2023-12-26 13:32:01,395 [WARN] ConditionMgr:1039 - genDependencies : Invalid condition id : UX DEVICE CLASS RTOS Condition cause : null
2023-12-26 13:32:01,398 [WARN] ConditionMgr:1039 - genDependencies : Invalid condition id : UX DEVICE CLASS RTOS Condition cause : null
2023-12-26 13:32:01,399 [WARN] ConditionMgr:1039 - genDependencies : Invalid condition id : UX DEVICE CLASS RTOS Condition cause : null
2023-12-26 13:32:01,422 [WARN] PackLoader:240 - Cannot read IP mode file for wolfSSL.I-CUBE-wolfSSL.5.5.4
2023-12-26 13:32:01,444 [WARN] PackLoader:240 - Cannot read IP mode file for STMicroelectronics.X-CUBE-NFC7.1.0.1
2023-12-26 13:32:01,461 [WARN] PackLoader:240 - Cannot read IP mode file for STMicroelectronics.X-CUBE-NFC7.1.0.0
2023-12-26 13:32:01,488 [WARN] PackLoader:240 - Cannot read IP mode file for STMicroelectronics.X-CUBE-NFC6.3.0.0
2023-12-26 13:32:01,507 [WARN] PackLoader:240 - Cannot read IP mode file for STMicroelectronics.X-CUBE-EEPRMA1.4.1.0
2023-12-26 13:32:01,521 [WARN] PackLoader:240 - Cannot read IP mode file for STMicroelectronics.X-CUBE-AI.8.1.0
2023-12-26 13:32:01,593 [WARN] ConditionMgr:438 - getConditionDescription Invalid condition id : LAN8742 Phy interface Condition cause : null
2023-12-26 13:32:01,600 [WARN] PackLoader:240 - Cannot read IP mode file for STMicroelectronics.X-CUBE-AZRTOS-L4.2.0.0
2023-12-26 13:32:01,604 [WARN] ConditionMgr:1039 - genDependencies : Invalid condition id : LAN8742 Phy interface Condition cause : null
2023-12-26 13:32:01,605 [WARN] ConditionMgr:1039 - genDependencies : Invalid condition id : LAN8742 Phy interface Condition cause : null
2023-12-26 13:32:01,607 [WARN] ConditionMgr:1039 - genDependencies : Invalid condition id : LAN8742 Phy interface Condition cause : null
2023-12-26 13:32:01,632 [WARN] PackLoader:240 - Cannot read IP mode file for STMicroelectronics.X-CUBE-SFXS2LP1.4.0.0
2023-12-26 13:32:01,803 [WARN] PackLoader:240 - Cannot read IP mode file for STMicroelectronics.X-CUBE-AZRTOS-H7.3.0.0
2023-12-26 13:32:01,840 [WARN] PackLoader:240 - Cannot read IP mode file for STMicroelectronics.X-CUBE-ISPU.1.1.0
2023-12-26 13:32:01,872 [WARN] PackLoader:240 - Cannot read IP mode file for RoweBots.I-CUBE-UNISONRTOS.5.5.0-4
2023-12-26 13:32:01,887 [WARN] PackLoader:240 - Cannot read IP mode file for STMicroelectronics.X-CUBE-AI.8.0.0
2023-12-26 13:32:01,956 [WARN] ConditionMgr:438 - getConditionDescription Invalid condition id : UX DEVICE CLASS RTOS Condition cause : null
2023-12-26 13:32:01,958 [WARN] ConditionMgr:438 - getConditionDescription Invalid condition id : UX DEVICE CLASS RTOS Condition cause : null
2023-12-26 13:32:01,971 [WARN] PackLoader:240 - Cannot read IP mode file for STMicroelectronics.X-CUBE-AZRTOS-WB.2.0.0
2023-12-26 13:32:01,973 [WARN] ConditionMgr:1039 - genDependencies : Invalid condition id : UX DEVICE CLASS RTOS Condition cause : null
2023-12-26 13:32:01,973 [WARN] ConditionMgr:1039 - genDependencies : Invalid condition id : UX DEVICE CLASS RTOS Condition cause : null
2023-12-26 13:32:01,975 [WARN] ConditionMgr:1039 - genDependencies : Invalid condition id : UX DEVICE CLASS RTOS Condition cause : null
2023-12-26 13:32:01,976 [WARN] ConditionMgr:1039 - genDependencies : Invalid condition id : UX DEVICE CLASS RTOS Condition cause : null
2023-12-26 13:32:01,976 [WARN] ConditionMgr:1039 - genDependencies : Invalid condition id : UX DEVICE CLASS RTOS Condition cause : null
2023-12-26 13:32:02,002 [WARN] PackLoader:240 - Cannot read IP mode file for STMicroelectronics.X-CUBE-FREERTOS.1.0.0
2023-12-26 13:32:02,022 [WARN] PackLoader:240 - Cannot read IP mode file for STMicroelectronics.X-CUBE-FREERTOS.1.0.1
2023-12-26 13:32:02,064 [WARN] PackLoader:240 - Cannot read IP mode file for STMicroelectronics.X-CUBE-AZRTOS-L5.1.1.0
2023-12-26 13:32:02,080 [WARN] PackLoader:240 - Cannot read IP mode file for STMicroelectronics.X-CUBE-AI.8.0.1
2023-12-26 13:32:02,118 [WARN] PackLoader:240 - Cannot read IP mode file for STMicroelectronics.X-CUBE-SUBG2.5.0.0
2023-12-26 13:32:02,197 [WARN] PackLoader:240 - Cannot read IP mode file for STMicroelectronics.X-CUBE-TOF1.3.3.1
2023-12-26 13:32:02,275 [WARN] PackLoader:240 - Cannot read IP mode file for STMicroelectronics.X-CUBE-AZRTOS-G4.2.0.0
2023-12-26 13:32:02,333 [WARN] PackLoader:240 - Cannot read IP mode file for STMicroelectronics.X-CUBE-TOF1.3.3.0
2023-12-26 13:32:02,415 [WARN] PackLoader:240 - Cannot read IP mode file for STMicroelectronics.FP-ATR-ASTRA1.1.1.1
2023-12-26 13:32:02,502 [WARN] PackLoader:240 - Cannot read IP mode file for Infineon.AIROC-Wi-Fi-Bluetooth-STM32.1.5.1
2023-12-26 13:32:02,522 [WARN] PackLoader:240 - Cannot read IP mode file for STMicroelectronics.FP-SNS-MOTENVWB1.1.3.0
2023-12-26 13:32:02,532 [WARN] PackLoader:240 - Cannot read IP mode file for STMicroelectronics.FP-SNS-MOTENVWB1.1.3.1
2023-12-26 13:32:02,569 [WARN] PackLoader:240 - Cannot read IP mode file for STMicroelectronics.X-CUBE-AZRTOS-G4.1.0.0
2023-12-26 13:32:02,667 [WARN] PackLoader:240 - Cannot read IP mode file for STMicroelectronics.X-CUBE-AZRTOS-L4.1.0.0
2023-12-26 13:32:02,700 [WARN] PackLoader:240 - Cannot read IP mode file for STMicroelectronics.X-CUBE-ISPU.2.0.0
2023-12-26 13:32:02,825 [WARN] PackLoader:240 - Cannot read IP mode file for STMicroelectronics.X-CUBE-MEMS1.10.0.0
2023-12-26 13:32:03,165 [WARN] PackLoader:240 - Cannot read IP mode file for STMicroelectronics.X-CUBE-FREERTOS.1.1.0
2023-12-26 13:32:03,194 [WARN] PackLoader:240 - Cannot read IP mode file for STMicroelectronics.X-CUBE-AZRTOS-WL.1.0.0
2023-12-26 13:32:03,213 [WARN] PackLoader:240 - Cannot read IP mode file for portGmbH.I-Cube-SoM-uGOAL.1.1.0
2023-12-26 13:32:03,226 [WARN] PackLoader:240 - Cannot read IP mode file for STMicroelectronics.X-CUBE-ALS.1.0.1
2023-12-26 13:32:03,262 [WARN] PackLoader:240 - Cannot read IP mode file for STMicroelectronics.X-CUBE-AZRTOS-WB.1.1.0
2023-12-26 13:32:03,278 [WARN] PackLoader:240 - Cannot read IP mode file for STMicroelectronics.FP-ATR-ASTRA1.2.0.0
2023-12-26 13:32:03,301 [WARN] PackLoader:240 - Cannot read IP mode file for STMicroelectronics.X-CUBE-TOF1.3.4.0
2023-12-26 13:32:03,373 [WARN] PackLoader:240 - Cannot read IP mode file for STMicroelectronics.X-CUBE-AZRTOS-H7.3.2.0
2023-12-26 13:32:03,384 [INFO] ThirdParty:978 - Integrity check success = true
2023-12-26 13:32:03,384 [INFO] IntegrityCheckThread:100 - exiting critical section [integrity check]
2023-12-26 13:32:03,385 [INFO] IntegrityCheckThread:103 - End integrity checks thread
2023-12-26 13:55:54,471 [ERROR] LogOutputStream:75 - [STDERR_REDIRECT] SLF4J: Failed to load class "org.slf4j.impl.StaticLoggerBinder".
2023-12-26 13:55:54,474 [ERROR] LogOutputStream:75 - [STDERR_REDIRECT] SLF4J: Defaulting to no-operation (NOP) logger implementation
2023-12-26 13:55:54,476 [ERROR] LogOutputStream:75 - [STDERR_REDIRECT] SLF4J: See http://www.slf4j.org/codes.html#StaticLoggerBinder for further details.
