2023-12-28 09:43:39,367 [INFO] Activator:176 - 


2023-12-28 09:43:39,384 [INFO] Activator:177 - !SESSION log4j initialized
2023-12-28 09:43:56,674 [INFO] LogOutputStream:77 - [STDOUT_REDIRECT] 
2023-12-28 09:44:04,934 [INFO] ApplicationProperties:184 - Using Application install path: C:\ST\STM32CubeIDE_1.4.0\STM32CubeIDE\plugins\com.st.stm32cube.common.mx_6.9.1.202307191849
2023-12-28 09:44:04,972 [INFO] DbMcusXml:78 - Set database path to: C:\ST\STM32CubeIDE_1.4.0\STM32CubeIDE\plugins\com.st.stm32cube.common.mx_6.9.1.202307191849\\db\/mcu/
2023-12-28 09:44:04,973 [INFO] ApiDb:274 - Set plugin database path to: C:\ST\STM32CubeIDE_1.4.0\STM32CubeIDE\plugins\com.st.stm32cube.common.mx_6.9.1.202307191849\\db\/plugins/boardmanager/
2023-12-28 09:44:04,974 [WARN] ApiDb:259 - Overriding images path with different value:  => C:\ST\STM32CubeIDE_1.4.0\STM32CubeIDE\plugins\com.st.stm32cube.common.mx_6.9.1.202307191849\\db\/plugins/mcufinder/images/
2023-12-28 09:44:04,997 [INFO] ApiDb:250 - Set database path to: C:\Users\Minh\.stmcufinder\plugins\mcufinder//mcu/
2023-12-28 09:44:04,999 [INFO] DbMcusAds:125 - Set database path to: C:\Users\Minh\.stmcufinder\plugins\mcufinder//mcu/
2023-12-28 09:44:05,003 [INFO] CrossReferenceDbSqlite:203 - Set database path to: C:\Users\Minh\.stmcufinder\plugins\mcufinder//mcu/cs/
2023-12-28 09:44:05,275 [INFO] RulesReader:64 - Compatibility file has been processed (293 Rules)
2023-12-28 09:44:05,483 [INFO] DbMcusXml:78 - Set database path to: C:\ST\STM32CubeIDE_1.4.0\STM32CubeIDE\plugins\com.st.stm32cube.common.mx_6.9.1.202307191849\\db\/mcu/
2023-12-28 09:44:05,484 [INFO] ApiDb:274 - Set plugin database path to: C:\ST\STM32CubeIDE_1.4.0\STM32CubeIDE\plugins\com.st.stm32cube.common.mx_6.9.1.202307191849\\db\/plugins/boardmanager/
2023-12-28 09:44:05,484 [INFO] ApiDb:261 - Set plugin images path to: C:\ST\STM32CubeIDE_1.4.0\STM32CubeIDE\plugins\com.st.stm32cube.common.mx_6.9.1.202307191849\\db\/plugins/mcufinder/images/
2023-12-28 09:44:05,484 [WARN] DbFile:41 - Overriding database path with different value: C:\Users\Minh\.stmcufinder\plugins\mcufinder/ => C:\Users\Minh\.stmcufinder\plugins\mcufinder
2023-12-28 09:44:05,485 [INFO] ApiDb:250 - Set database path to: C:\Users\Minh\.stmcufinder\plugins\mcufinder//mcu/
2023-12-28 09:44:05,485 [WARN] DbFile:41 - Overriding database path with different value: C:\Users\Minh\.stmcufinder\plugins\mcufinder/ => C:\Users\Minh\.stmcufinder\plugins\mcufinder
2023-12-28 09:44:05,485 [INFO] DbMcusAds:125 - Set database path to: C:\Users\Minh\.stmcufinder\plugins\mcufinder//mcu/
2023-12-28 09:44:05,485 [WARN] DbFile:41 - Overriding database path with different value: C:\Users\Minh\.stmcufinder\plugins\mcufinder/ => C:\Users\Minh\.stmcufinder\plugins\mcufinder
2023-12-28 09:44:05,485 [WARN] DbFile:41 - Overriding database path with different value: C:\Users\Minh\.stmcufinder\plugins\mcufinder/ => C:\Users\Minh\.stmcufinder\plugins\mcufinder
2023-12-28 09:44:05,486 [INFO] CrossReferenceDbSqlite:203 - Set database path to: C:\Users\Minh\.stmcufinder\plugins\mcufinder//mcu/cs/
2023-12-28 09:44:05,649 [INFO] MainPanel:262 - HeapMemory: 268435456
2023-12-28 09:44:05,838 [INFO] DbMcusXml:78 - Set database path to: C:\ST\STM32CubeIDE_1.4.0\STM32CubeIDE\plugins\com.st.stm32cube.common.mx_6.9.1.202307191849\\db\/mcu/
2023-12-28 09:44:05,839 [INFO] ApiDb:274 - Set plugin database path to: C:\ST\STM32CubeIDE_1.4.0\STM32CubeIDE\plugins\com.st.stm32cube.common.mx_6.9.1.202307191849\\db\/plugins/boardmanager/
2023-12-28 09:44:05,839 [INFO] ApiDb:261 - Set plugin images path to: C:\ST\STM32CubeIDE_1.4.0\STM32CubeIDE\plugins\com.st.stm32cube.common.mx_6.9.1.202307191849\\db\/plugins/mcufinder/images/
2023-12-28 09:44:05,840 [WARN] DbFile:41 - Overriding database path with different value: C:\Users\Minh\.stmcufinder\plugins\mcufinder/ => C:\Users\Minh\.stmcufinder\plugins\mcufinder
2023-12-28 09:44:05,841 [INFO] ApiDb:250 - Set database path to: C:\Users\Minh\.stmcufinder\plugins\mcufinder//mcu/
2023-12-28 09:44:05,841 [WARN] DbFile:41 - Overriding database path with different value: C:\Users\Minh\.stmcufinder\plugins\mcufinder/ => C:\Users\Minh\.stmcufinder\plugins\mcufinder
2023-12-28 09:44:05,841 [INFO] DbMcusAds:125 - Set database path to: C:\Users\Minh\.stmcufinder\plugins\mcufinder//mcu/
2023-12-28 09:44:05,841 [WARN] DbFile:41 - Overriding database path with different value: C:\Users\Minh\.stmcufinder\plugins\mcufinder/ => C:\Users\Minh\.stmcufinder\plugins\mcufinder
2023-12-28 09:44:05,842 [WARN] DbFile:41 - Overriding database path with different value: C:\Users\Minh\.stmcufinder\plugins\mcufinder/ => C:\Users\Minh\.stmcufinder\plugins\mcufinder
2023-12-28 09:44:05,842 [INFO] CrossReferenceDbSqlite:203 - Set database path to: C:\Users\Minh\.stmcufinder\plugins\mcufinder//mcu/cs/
2023-12-28 09:44:05,878 [INFO] ApplicationProperties:184 - Using Application install path: C:\ST\STM32CubeIDE_1.4.0\STM32CubeIDE\plugins\com.st.stm32cube.common.mx_6.9.1.202307191849
2023-12-28 09:44:05,880 [INFO] PluginManage:196 - Search for loadable plugins [exclusion list=, ]
2023-12-28 09:44:05,883 [INFO] PluginManage:310 - Check plugin analytics
2023-12-28 09:44:10,769 [INFO] AnalyticsPlugin:253 - Accepted Software Licenses: STM32CubeMX.6.0.0,STM32CubeMX.5.2.0
2023-12-28 09:44:10,769 [INFO] AnalyticsPlugin:255 - Accepted CMSIS Pack Licenses: 
2023-12-28 09:44:10,770 [INFO] AnalyticsPlugin:257 - Accepted Firmware Licenses: 
2023-12-28 09:44:10,775 [INFO] PluginManage:359 - Loaded plugin analytics (category:tool,tabindex:-1)
2023-12-28 09:44:10,776 [INFO] PluginManage:310 - Check plugin cadmodel
2023-12-28 09:44:10,826 [INFO] CADModel:105 - Init CAD model plugin
2023-12-28 09:44:10,826 [INFO] PluginManage:359 - Loaded plugin cadmodel (category:power,tabindex:5)
2023-12-28 09:44:10,827 [INFO] PluginManage:310 - Check plugin clock
2023-12-28 09:44:10,875 [INFO] PluginManage:359 - Loaded plugin clock (category:base,tabindex:2)
2023-12-28 09:44:10,876 [INFO] PluginManage:310 - Check plugin ddr
2023-12-28 09:44:10,881 [INFO] PluginManage:359 - Loaded plugin ddr (category:tool,tabindex:6)
2023-12-28 09:44:10,882 [INFO] PluginManage:310 - Check plugin filemanager
2023-12-28 09:44:11,198 [INFO] PluginManage:359 - Loaded plugin filemanager (category:base,tabindex:10)
2023-12-28 09:44:11,199 [INFO] PluginManage:310 - Check plugin ipmanager
2023-12-28 09:44:11,212 [INFO] PluginManage:359 - Loaded plugin ipmanager (category:base,tabindex:5)
2023-12-28 09:44:11,213 [INFO] PluginManage:310 - Check plugin lpbam
2023-12-28 09:44:11,249 [INFO] PluginManage:359 - Loaded plugin lpbam (category:base,tabindex:0)
2023-12-28 09:44:11,250 [INFO] PluginManage:310 - Check plugin memorymap
2023-12-28 09:44:11,298 [INFO] PluginManage:359 - Loaded plugin memorymap (category:base,tabindex:4)
2023-12-28 09:44:11,298 [INFO] PluginManage:310 - Check plugin pinoutandconfiguration
2023-12-28 09:44:11,330 [INFO] PluginManage:359 - Loaded plugin pinoutandconfiguration (category:base,tabindex:1)
2023-12-28 09:44:11,331 [INFO] PluginManage:310 - Check plugin pinoutconfig
2023-12-28 09:44:11,616 [WARN] SupportedApi:132 - Cannot load RTOS API schema: s4s-elt-must-match.1: The content of 'definitions' must match (annotation?, (simpleType | complexType)?, (unique | key | keyref)*)). A problem was found starting at: attribute.
2023-12-28 09:44:12,209 [INFO] PluginManage:359 - Loaded plugin pinoutconfig (category:base,tabindex:0)
2023-12-28 09:44:12,209 [INFO] PluginManage:310 - Check plugin power
2023-12-28 09:44:12,266 [INFO] PluginManage:359 - Loaded plugin power (category:power,tabindex:4)
2023-12-28 09:44:12,266 [INFO] PluginManage:310 - Check plugin projectmanager
2023-12-28 09:44:12,309 [INFO] PluginManage:359 - Loaded plugin projectmanager (category:projectmanager,tabindex:3)
2023-12-28 09:44:12,309 [INFO] PluginManage:310 - Check plugin thirdparty
2023-12-28 09:44:12,938 [INFO] PluginManage:359 - Loaded plugin thirdparty (category:base,tabindex:-1)
2023-12-28 09:44:12,938 [WARN] IntegrityCheckThread:84 - waiting for thirdparty lock release [integrity check]
2023-12-28 09:44:12,938 [INFO] IntegrityCheckThread:86 - entering critical section [integrity check]
2023-12-28 09:44:12,938 [INFO] PluginManage:310 - Check plugin tools
2023-12-28 09:44:12,940 [INFO] ThirdPartyUpdaterWithRetryManager:70 - Updater plugin not ready yet. [1/15]
2023-12-28 09:44:13,009 [INFO] PluginManage:359 - Loaded plugin tools (category:base,tabindex:7)
2023-12-28 09:44:13,010 [INFO] PluginManage:310 - Check plugin tutovideos
2023-12-28 09:44:13,453 [INFO] PluginManage:359 - Loaded plugin tutovideos (category:base,tabindex:-1)
2023-12-28 09:44:13,454 [INFO] PluginManage:310 - Check plugin updater
2023-12-28 09:44:13,477 [INFO] PluginManage:359 - Loaded plugin updater (category:base,tabindex:12)
2023-12-28 09:44:13,477 [INFO] PluginManage:310 - Check plugin userauth
2023-12-28 09:44:13,487 [INFO] UserAuth:113 - Init User Auth plugin
2023-12-28 09:44:13,487 [INFO] PluginManage:359 - Loaded plugin userauth (category:base,tabindex:14)
2023-12-28 09:44:13,488 [INFO] PluginManage:283 - PluginManage : Loaded plugins [17]
2023-12-28 09:44:13,940 [INFO] PinOutPanel:1499 - setPackage(No Configuration,No Configuration)
2023-12-28 09:44:14,141 [INFO] CADModel:165 - CPN selected for project level
2023-12-28 09:44:14,142 [INFO] CADModel:114 - Register for checkConnection events
2023-12-28 09:44:14,197 [INFO] IPUIPlugin:80 - create IPUIPlugin
2023-12-28 09:44:14,197 [INFO] PluginManager:220 - loadIPPluginJar : add adc
2023-12-28 09:44:14,258 [INFO] IPUIPlugin:80 - create IPUIPlugin
2023-12-28 09:44:14,258 [INFO] PluginManager:220 - loadIPPluginJar : add aes
2023-12-28 09:44:14,332 [INFO] IPUIPlugin:80 - create IPUIPlugin
2023-12-28 09:44:14,332 [INFO] PluginManager:220 - loadIPPluginJar : add can
2023-12-28 09:44:14,369 [INFO] IPUIPlugin:80 - create IPUIPlugin
2023-12-28 09:44:14,369 [INFO] PluginManager:220 - loadIPPluginJar : add comp
2023-12-28 09:44:14,422 [INFO] IPUIPlugin:80 - create IPUIPlugin
2023-12-28 09:44:14,423 [INFO] PluginManager:220 - loadIPPluginJar : add cryp
2023-12-28 09:44:14,470 [INFO] IPUIPlugin:80 - create IPUIPlugin
2023-12-28 09:44:14,471 [INFO] PluginManager:220 - loadIPPluginJar : add dfsdm
2023-12-28 09:44:14,498 [INFO] IPUIPlugin:80 - create IPUIPlugin
2023-12-28 09:44:14,500 [INFO] PluginManager:220 - loadIPPluginJar : add dma
2023-12-28 09:44:14,568 [INFO] IPUIPlugin:80 - create IPUIPlugin
2023-12-28 09:44:14,568 [INFO] PluginManager:220 - loadIPPluginJar : add dma3
2023-12-28 09:44:14,607 [INFO] IPUIPlugin:80 - create IPUIPlugin
2023-12-28 09:44:14,607 [INFO] PluginManager:220 - loadIPPluginJar : add fatfs
2023-12-28 09:44:14,680 [INFO] IPUIPlugin:80 - create IPUIPlugin
2023-12-28 09:44:14,680 [INFO] PluginManager:220 - loadIPPluginJar : add fmc
2023-12-28 09:44:14,705 [INFO] IPUIPlugin:80 - create IPUIPlugin
2023-12-28 09:44:14,705 [INFO] PluginManager:220 - loadIPPluginJar : add freertos
2023-12-28 09:44:14,741 [INFO] IPUIPlugin:80 - create IPUIPlugin
2023-12-28 09:44:14,742 [INFO] PluginManager:220 - loadIPPluginJar : add genericplugin
2023-12-28 09:44:14,885 [INFO] IPUIPlugin:80 - create IPUIPlugin
2023-12-28 09:44:14,885 [INFO] PluginManager:220 - loadIPPluginJar : add gfxmmu
2023-12-28 09:44:15,096 [INFO] IPUIPlugin:80 - create IPUIPlugin
2023-12-28 09:44:15,096 [INFO] PluginManager:220 - loadIPPluginJar : add gic
2023-12-28 09:44:15,120 [INFO] IPUIPlugin:80 - create IPUIPlugin
2023-12-28 09:44:15,120 [INFO] PluginManager:220 - loadIPPluginJar : add gpio
2023-12-28 09:44:15,275 [INFO] IPUIPlugin:80 - create IPUIPlugin
2023-12-28 09:44:15,276 [INFO] PluginManager:220 - loadIPPluginJar : add gtzc
2023-12-28 09:44:15,328 [INFO] IPUIPlugin:80 - create IPUIPlugin
2023-12-28 09:44:15,328 [INFO] PluginManager:220 - loadIPPluginJar : add hash
2023-12-28 09:44:15,427 [INFO] IPUIPlugin:80 - create IPUIPlugin
2023-12-28 09:44:15,427 [INFO] PluginManager:220 - loadIPPluginJar : add i2c
2023-12-28 09:44:15,489 [INFO] IPUIPlugin:80 - create IPUIPlugin
2023-12-28 09:44:15,489 [INFO] PluginManager:220 - loadIPPluginJar : add i2s
2023-12-28 09:44:15,554 [INFO] IPUIPlugin:80 - create IPUIPlugin
2023-12-28 09:44:15,554 [INFO] PluginManager:220 - loadIPPluginJar : add i3c
2023-12-28 09:44:15,728 [INFO] IPUIPlugin:80 - create IPUIPlugin
2023-12-28 09:44:15,728 [INFO] PluginManager:220 - loadIPPluginJar : add ipddr
2023-12-28 09:44:15,880 [INFO] IPUIPlugin:80 - create IPUIPlugin
2023-12-28 09:44:15,880 [INFO] PluginManager:220 - loadIPPluginJar : add linkedlist
2023-12-28 09:44:15,936 [INFO] IPUIPlugin:80 - create IPUIPlugin
2023-12-28 09:44:15,937 [INFO] PluginManager:220 - loadIPPluginJar : add lorawan
2023-12-28 09:44:15,942 [INFO] ThirdPartyUpdaterWithRetryManager:70 - Updater plugin not ready yet. [2/15]
2023-12-28 09:44:15,993 [INFO] IPUIPlugin:80 - create IPUIPlugin
2023-12-28 09:44:15,993 [INFO] PluginManager:220 - loadIPPluginJar : add ltdc
2023-12-28 09:44:16,015 [INFO] IPUIPlugin:80 - create IPUIPlugin
2023-12-28 09:44:16,015 [INFO] PluginManager:220 - loadIPPluginJar : add mdma
2023-12-28 09:44:16,035 [INFO] IPUIPlugin:80 - create IPUIPlugin
2023-12-28 09:44:16,036 [INFO] PluginManager:220 - loadIPPluginJar : add nvic
2023-12-28 09:44:16,091 [INFO] IPUIPlugin:80 - create IPUIPlugin
2023-12-28 09:44:16,091 [INFO] PluginManager:220 - loadIPPluginJar : add opamp
2023-12-28 09:44:16,186 [INFO] IPUIPlugin:80 - create IPUIPlugin
2023-12-28 09:44:16,186 [INFO] PluginManager:220 - loadIPPluginJar : add openamp
2023-12-28 09:44:16,268 [INFO] IPUIPlugin:80 - create IPUIPlugin
2023-12-28 09:44:16,268 [INFO] PluginManager:220 - loadIPPluginJar : add pdm2pcm
2023-12-28 09:44:16,290 [INFO] IPUIPlugin:80 - create IPUIPlugin
2023-12-28 09:44:16,294 [INFO] PluginManager:220 - loadIPPluginJar : add plateformsettings
2023-12-28 09:44:16,327 [INFO] IPUIPlugin:80 - create IPUIPlugin
2023-12-28 09:44:16,327 [INFO] PluginManager:220 - loadIPPluginJar : add quadspi
2023-12-28 09:44:16,347 [INFO] IPUIPlugin:80 - create IPUIPlugin
2023-12-28 09:44:16,347 [INFO] PluginManager:220 - loadIPPluginJar : add resmgrutility
2023-12-28 09:44:16,430 [INFO] IPUIPlugin:80 - create IPUIPlugin
2023-12-28 09:44:16,430 [INFO] PluginManager:220 - loadIPPluginJar : add sai
2023-12-28 09:44:16,487 [INFO] IPUIPlugin:80 - create IPUIPlugin
2023-12-28 09:44:16,488 [INFO] PluginManager:220 - loadIPPluginJar : add spi
2023-12-28 09:44:16,578 [INFO] IPUIPlugin:80 - create IPUIPlugin
2023-12-28 09:44:16,578 [INFO] PluginManager:220 - loadIPPluginJar : add stm32_wpan
2023-12-28 09:44:16,614 [INFO] IPUIPlugin:80 - create IPUIPlugin
2023-12-28 09:44:16,615 [INFO] PluginManager:220 - loadIPPluginJar : add tim
2023-12-28 09:44:16,707 [INFO] IPUIPlugin:80 - create IPUIPlugin
2023-12-28 09:44:16,707 [INFO] PluginManager:220 - loadIPPluginJar : add touchsensing
2023-12-28 09:44:16,750 [INFO] IPUIPlugin:80 - create IPUIPlugin
2023-12-28 09:44:16,751 [INFO] PluginManager:220 - loadIPPluginJar : add tracer_emb
2023-12-28 09:44:16,793 [INFO] IPUIPlugin:80 - create IPUIPlugin
2023-12-28 09:44:16,793 [INFO] PluginManager:220 - loadIPPluginJar : add ts
2023-12-28 09:44:16,831 [INFO] IPUIPlugin:80 - create IPUIPlugin
2023-12-28 09:44:16,831 [INFO] PluginManager:220 - loadIPPluginJar : add tsc
2023-12-28 09:44:16,864 [INFO] IPUIPlugin:80 - create IPUIPlugin
2023-12-28 09:44:16,864 [INFO] PluginManager:220 - loadIPPluginJar : add ucpd
2023-12-28 09:44:16,942 [INFO] IPUIPlugin:80 - create IPUIPlugin
2023-12-28 09:44:16,942 [INFO] PluginManager:220 - loadIPPluginJar : add usart
2023-12-28 09:44:17,008 [INFO] IPUIPlugin:80 - create IPUIPlugin
2023-12-28 09:44:17,009 [INFO] PluginManager:220 - loadIPPluginJar : add usbx
2023-12-28 09:44:17,175 [INFO] CADModel:165 - CPN selected for project level
2023-12-28 09:44:17,175 [INFO] CADModel:114 - Register for checkConnection events
2023-12-28 09:44:17,175 [FATAL] Updater:308 - Updater called before beeing initialized
2023-12-28 09:44:17,176 [ERROR] CADModel:125 - Updater not yet initialized, retry later 
2023-12-28 09:44:17,442 [INFO] CADModel:165 - CPN selected for project level
2023-12-28 09:44:17,442 [INFO] CADModel:114 - Register for checkConnection events
2023-12-28 09:44:17,442 [FATAL] Updater:308 - Updater called before beeing initialized
2023-12-28 09:44:17,442 [ERROR] CADModel:125 - Updater not yet initialized, retry later 
2023-12-28 09:44:17,449 [FATAL] Updater:308 - Updater called before beeing initialized
2023-12-28 09:44:17,690 [FATAL] Updater:308 - Updater called before beeing initialized
2023-12-28 09:44:17,700 [INFO] DbMcusAds:53 - JSON generation date=Wed Nov 29 19:52:27 JST 2023 (1701255147349)
2023-12-28 09:44:17,701 [FATAL] Updater:308 - Updater called before beeing initialized
2023-12-28 09:44:17,843 [WARN] DetailPanel:346 - Failed to get advertising image, set to default
2023-12-28 09:44:18,040 [FATAL] Updater:308 - Updater called before beeing initialized
2023-12-28 09:44:18,043 [FATAL] Updater:308 - Updater called before beeing initialized
2023-12-28 09:44:18,043 [FATAL] Updater:308 - Updater called before beeing initialized
2023-12-28 09:44:18,043 [WARN] DetailPanel:346 - Failed to get advertising image, set to default
2023-12-28 09:44:18,045 [FATAL] Updater:308 - Updater called before beeing initialized
2023-12-28 09:44:18,165 [ERROR] Updater:1120 - MainUpdater not yet initialized. External WinMGr cannot be set.
2023-12-28 09:44:18,188 [INFO] Updater:1056 - Updater Version found : 6.9.1
2023-12-28 09:44:18,226 [INFO] ApplicationProperties:184 - Using Application install path: C:\ST\STM32CubeIDE_1.4.0\STM32CubeIDE\plugins\com.st.stm32cube.common.mx_6.9.1.202307191849
2023-12-28 09:44:18,501 [INFO] MainUpdater:2868 - connection check result : 10
2023-12-28 09:44:18,503 [INFO] MainUpdater:285 - Updater Check For Update Now.
2023-12-28 09:44:18,503 [INFO] MicroXplorer:498 - Change Database Version : DB.6.0.91
2023-12-28 09:44:18,540 [INFO] McuFinderGlobals:63 - Set McuFinder mode to 2 (CubeIDE integrated)
2023-12-28 09:44:18,541 [INFO] UserAuth:179 - activating auth plugin
2023-12-28 09:44:18,546 [INFO] UserAuth:393 - Internet connection configuration mode: 1
2023-12-28 09:44:18,663 [INFO] JxBrowserEngine:151 - Initiate JxBrowser Engine with user profile folder
2023-12-28 09:44:18,861 [INFO] CheckServerUpdateThread:120 - End of CheckServer Thread
2023-12-28 09:44:19,476 [WARN] PackLoader:240 - Cannot read IP mode file for STMicroelectronics.X-CUBE-SMBUS.2.1.0
2023-12-28 09:44:19,493 [WARN] PackLoader:240 - Cannot read IP mode file for STMicroelectronics.X-CUBE-TOUCHGFX.4.23.0
2023-12-28 09:44:19,586 [WARN] PackLoader:240 - Cannot read IP mode file for STMicroelectronics.X-CUBE-AZRTOS-F7.1.1.0
2023-12-28 09:44:19,608 [ERROR] RealEvaluatedCondition:428 - Found unsupported composite condition: GROUP='STM32_MetaDataManager' CLASS='Data Exchange'
2023-12-28 09:44:19,609 [ERROR] RealEvaluatedCondition:428 - Found unsupported composite condition: CLASS='Data Exchange' GROUP='STM32_MetaDataManager'
2023-12-28 09:44:19,613 [WARN] PackLoader:240 - Cannot read IP mode file for STMicroelectronics.FP-SNS-MOTENV1.4.3.0
2023-12-28 09:44:19,634 [WARN] PackLoader:240 - Cannot read IP mode file for STMicroelectronics.FP-SNS-MOTENV1.4.3.2
2023-12-28 09:44:19,651 [WARN] PackLoader:240 - Cannot read IP mode file for STMicroelectronics.FP-SNS-FLIGHT1.5.0.0
2023-12-28 09:44:19,661 [ERROR] RealEvaluatedCondition:428 - Found unsupported composite condition: GROUP='STM32_MetaDataManager' CLASS='Data Exchange'
2023-12-28 09:44:19,662 [ERROR] RealEvaluatedCondition:428 - Found unsupported composite condition: GROUP='STM32_MetaDataManager' CLASS='Data Exchange'
2023-12-28 09:44:19,666 [WARN] PackLoader:240 - Cannot read IP mode file for STMicroelectronics.FP-SNS-MOTENV1.4.3.1
2023-12-28 09:44:19,681 [WARN] PackLoader:240 - Cannot read IP mode file for STMicroelectronics.FP-SNS-FLIGHT1.5.0.1
2023-12-28 09:44:19,698 [WARN] PackLoader:240 - Cannot read IP mode file for STMicroelectronics.X-CUBE-BLE1.6.2.4
2023-12-28 09:44:19,709 [WARN] PackLoader:240 - Cannot read IP mode file for STMicroelectronics.FP-SNS-FLIGHT1.5.0.2
2023-12-28 09:44:19,730 [WARN] PackLoader:240 - Cannot read IP mode file for STMicroelectronics.X-CUBE-DISPLAY.3.0.0
2023-12-28 09:44:19,760 [WARN] PackLoader:240 - Cannot read IP mode file for STMicroelectronics.X-CUBE-BLE1.7.0.0
2023-12-28 09:44:19,788 [WARN] PackLoader:240 - Cannot read IP mode file for STMicroelectronics.X-CUBE-TOUCHGFX.4.22.0
2023-12-28 09:44:19,795 [WARN] PackLoader:240 - Cannot read IP mode file for STMicroelectronics.X-CUBE-TOUCHGFX.4.22.1
2023-12-28 09:44:19,806 [WARN] PackLoader:240 - Cannot read IP mode file for STMicroelectronics.FP-SNS-SMARTAG2.1.2.0
2023-12-28 09:44:19,836 [INFO] LogOutputStream:77 - [STDOUT_REDIRECT] 1 : Invalid condition id : UX_CORESTACK_Condition cause : null
2023-12-28 09:44:19,838 [INFO] LogOutputStream:77 - [STDOUT_REDIRECT] 1 : Invalid condition id : UX_CORESTACK_Condition cause : null
2023-12-28 09:44:19,842 [INFO] LogOutputStream:77 - [STDOUT_REDIRECT] 1 : Invalid condition id : UX_CORESTACK_Condition cause : null
2023-12-28 09:44:19,846 [INFO] LogOutputStream:77 - [STDOUT_REDIRECT] 1 : Invalid condition id : UX_CORESTACK_Condition cause : null
2023-12-28 09:44:19,850 [INFO] LogOutputStream:77 - [STDOUT_REDIRECT] 1 : Invalid condition id : UX_CORESTACK_Condition cause : null
2023-12-28 09:44:19,860 [WARN] PackLoader:240 - Cannot read IP mode file for STMicroelectronics.X-CUBE-AZRTOS-WL.2.0.0
2023-12-28 09:44:19,895 [WARN] PackLoader:240 - Cannot read IP mode file for WES.I-CUBE-Cesium.1.3.0
2023-12-28 09:44:19,915 [WARN] PackLoader:240 - Cannot read IP mode file for STMicroelectronics.X-CUBE-BLE2.3.3.0
2023-12-28 09:44:19,945 [WARN] PackLoader:240 - Cannot read IP mode file for STMicroelectronics.X-CUBE-TOF1.3.2.0
2023-12-28 09:44:19,973 [WARN] PackLoader:240 - Cannot read IP mode file for STMicroelectronics.X-CUBE-TOUCHGFX.4.21.1
2023-12-28 09:44:19,980 [WARN] PackLoader:240 - Cannot read IP mode file for STMicroelectronics.X-CUBE-TOUCHGFX.4.21.3
2023-12-28 09:44:19,986 [WARN] PackLoader:240 - Cannot read IP mode file for STMicroelectronics.X-CUBE-TOUCHGFX.4.21.4
2023-12-28 09:44:20,000 [WARN] PackLoader:240 - Cannot read IP mode file for STMicroelectronics.X-CUBE-ALGOBUILD.1.3.0
2023-12-28 09:44:20,042 [WARN] PackLoader:240 - Cannot read IP mode file for STMicroelectronics.X-CUBE-AZRTOS-G0.1.1.0
2023-12-28 09:44:20,061 [WARN] PackLoader:240 - Cannot read IP mode file for STMicroelectronics.X-CUBE-NFC4.3.0.0
2023-12-28 09:44:20,087 [WARN] PackLoader:240 - Cannot read IP mode file for STMicroelectronics.X-CUBE-BLEMGR.3.0.0
2023-12-28 09:44:20,110 [WARN] PackLoader:240 - Cannot read IP mode file for STMicroelectronics.FP-ATR-SIGFOX1.3.2.0
2023-12-28 09:44:20,232 [WARN] PackLoader:240 - Cannot read IP mode file for STMicroelectronics.X-CUBE-MEMS1.9.5.0
2023-12-28 09:44:20,716 [WARN] PackLoader:240 - Cannot read IP mode file for SEGGER.I-CUBE-embOS.1.3.1
2023-12-28 09:44:20,887 [WARN] PackLoader:240 - Cannot read IP mode file for STMicroelectronics.X-CUBE-GNSS1.6.0.0
2023-12-28 09:44:20,975 [WARN] PackLoader:240 - Cannot read IP mode file for STMicroelectronics.X-CUBE-AZRTOS-F4.1.1.0
2023-12-28 09:44:21,030 [WARN] PackLoader:240 - Cannot read IP mode file for STMicroelectronics.X-CUBE-AZRTOS-L5.2.0.0
2023-12-28 09:44:21,199 [WARN] PackLoader:240 - Cannot read IP mode file for STMicroelectronics.X-CUBE-MEMS1.9.6.0
2023-12-28 09:44:21,580 [WARN] PackLoader:240 - Cannot read IP mode file for STMicroelectronics.X-CUBE-EEPRMA1.4.2.0
2023-12-28 09:44:21,597 [WARN] PackLoader:240 - Cannot read IP mode file for ITTIA_DB.I-CUBE-ITTIADB.8.8.0
2023-12-28 09:44:21,612 [WARN] PackLoader:240 - Cannot read IP mode file for emotas.I-CUBE-CANOPEN.1.1.3
2023-12-28 09:44:21,635 [WARN] PackLoader:240 - Cannot read IP mode file for STMicroelectronics.X-CUBE-BLEMGR.2.0.0
2023-12-28 09:44:21,685 [WARN] ConditionMgr:438 - getConditionDescription Invalid condition id : UX DEVICE CLASS RTOS Condition cause : null
2023-12-28 09:44:21,686 [WARN] ConditionMgr:438 - getConditionDescription Invalid condition id : UX DEVICE CLASS RTOS Condition cause : null
2023-12-28 09:44:21,693 [WARN] PackLoader:240 - Cannot read IP mode file for STMicroelectronics.X-CUBE-AZRTOS-H7.3.1.0
2023-12-28 09:44:21,695 [WARN] ConditionMgr:1039 - genDependencies : Invalid condition id : UX DEVICE CLASS RTOS Condition cause : null
2023-12-28 09:44:21,696 [WARN] ConditionMgr:1039 - genDependencies : Invalid condition id : UX DEVICE CLASS RTOS Condition cause : null
2023-12-28 09:44:21,697 [WARN] ConditionMgr:1039 - genDependencies : Invalid condition id : UX DEVICE CLASS RTOS Condition cause : null
2023-12-28 09:44:21,698 [WARN] ConditionMgr:1039 - genDependencies : Invalid condition id : UX DEVICE CLASS RTOS Condition cause : null
2023-12-28 09:44:21,699 [WARN] ConditionMgr:1039 - genDependencies : Invalid condition id : UX DEVICE CLASS RTOS Condition cause : null
2023-12-28 09:44:21,762 [WARN] PackLoader:240 - Cannot read IP mode file for wolfSSL.I-CUBE-wolfSSL.5.5.4
2023-12-28 09:44:21,773 [WARN] PackLoader:240 - Cannot read IP mode file for STMicroelectronics.X-CUBE-NFC7.1.0.1
2023-12-28 09:44:21,783 [WARN] PackLoader:240 - Cannot read IP mode file for STMicroelectronics.X-CUBE-NFC7.1.0.0
2023-12-28 09:44:21,798 [WARN] PackLoader:240 - Cannot read IP mode file for STMicroelectronics.X-CUBE-NFC6.3.0.0
2023-12-28 09:44:21,836 [WARN] PackLoader:240 - Cannot read IP mode file for STMicroelectronics.X-CUBE-EEPRMA1.4.1.0
2023-12-28 09:44:21,846 [WARN] PackLoader:240 - Cannot read IP mode file for STMicroelectronics.X-CUBE-AI.8.1.0
2023-12-28 09:44:21,884 [WARN] ConditionMgr:438 - getConditionDescription Invalid condition id : LAN8742 Phy interface Condition cause : null
2023-12-28 09:44:21,886 [WARN] PackLoader:240 - Cannot read IP mode file for STMicroelectronics.X-CUBE-AZRTOS-L4.2.0.0
2023-12-28 09:44:21,888 [WARN] ConditionMgr:1039 - genDependencies : Invalid condition id : LAN8742 Phy interface Condition cause : null
2023-12-28 09:44:21,889 [WARN] ConditionMgr:1039 - genDependencies : Invalid condition id : LAN8742 Phy interface Condition cause : null
2023-12-28 09:44:21,890 [WARN] ConditionMgr:1039 - genDependencies : Invalid condition id : LAN8742 Phy interface Condition cause : null
2023-12-28 09:44:21,905 [WARN] PackLoader:240 - Cannot read IP mode file for STMicroelectronics.X-CUBE-SFXS2LP1.4.0.0
2023-12-28 09:44:21,948 [WARN] PackLoader:240 - Cannot read IP mode file for STMicroelectronics.X-CUBE-AZRTOS-H7.3.0.0
2023-12-28 09:44:21,963 [WARN] PackLoader:240 - Cannot read IP mode file for STMicroelectronics.X-CUBE-ISPU.1.1.0
2023-12-28 09:44:21,978 [WARN] PackLoader:240 - Cannot read IP mode file for RoweBots.I-CUBE-UNISONRTOS.5.5.0-4
2023-12-28 09:44:21,996 [WARN] PackLoader:240 - Cannot read IP mode file for STMicroelectronics.X-CUBE-AI.8.0.0
2023-12-28 09:44:22,025 [WARN] ConditionMgr:438 - getConditionDescription Invalid condition id : UX DEVICE CLASS RTOS Condition cause : null
2023-12-28 09:44:22,025 [WARN] ConditionMgr:438 - getConditionDescription Invalid condition id : UX DEVICE CLASS RTOS Condition cause : null
2023-12-28 09:44:22,030 [WARN] PackLoader:240 - Cannot read IP mode file for STMicroelectronics.X-CUBE-AZRTOS-WB.2.0.0
2023-12-28 09:44:22,031 [WARN] ConditionMgr:1039 - genDependencies : Invalid condition id : UX DEVICE CLASS RTOS Condition cause : null
2023-12-28 09:44:22,032 [WARN] ConditionMgr:1039 - genDependencies : Invalid condition id : UX DEVICE CLASS RTOS Condition cause : null
2023-12-28 09:44:22,033 [WARN] ConditionMgr:1039 - genDependencies : Invalid condition id : UX DEVICE CLASS RTOS Condition cause : null
2023-12-28 09:44:22,033 [WARN] ConditionMgr:1039 - genDependencies : Invalid condition id : UX DEVICE CLASS RTOS Condition cause : null
2023-12-28 09:44:22,033 [WARN] ConditionMgr:1039 - genDependencies : Invalid condition id : UX DEVICE CLASS RTOS Condition cause : null
2023-12-28 09:44:22,049 [WARN] PackLoader:240 - Cannot read IP mode file for STMicroelectronics.X-CUBE-FREERTOS.1.0.0
2023-12-28 09:44:22,059 [INFO] WebApp:157 - Instantiating new browser for Auth
2023-12-28 09:44:22,064 [WARN] PackLoader:240 - Cannot read IP mode file for STMicroelectronics.X-CUBE-FREERTOS.1.0.1
2023-12-28 09:44:22,101 [WARN] PackLoader:240 - Cannot read IP mode file for STMicroelectronics.X-CUBE-AZRTOS-L5.1.1.0
2023-12-28 09:44:22,198 [WARN] PackLoader:240 - Cannot read IP mode file for STMicroelectronics.X-CUBE-AI.8.0.1
2023-12-28 09:44:22,223 [WARN] PackLoader:240 - Cannot read IP mode file for STMicroelectronics.X-CUBE-SUBG2.5.0.0
2023-12-28 09:44:22,252 [WARN] PackLoader:240 - Cannot read IP mode file for STMicroelectronics.X-CUBE-TOF1.3.3.1
2023-12-28 09:44:22,304 [WARN] PackLoader:240 - Cannot read IP mode file for STMicroelectronics.X-CUBE-AZRTOS-G4.2.0.0
2023-12-28 09:44:22,328 [WARN] PackLoader:240 - Cannot read IP mode file for STMicroelectronics.X-CUBE-TOF1.3.3.0
2023-12-28 09:44:22,355 [WARN] PackLoader:240 - Cannot read IP mode file for STMicroelectronics.FP-ATR-ASTRA1.1.1.1
2023-12-28 09:44:22,380 [WARN] PackLoader:240 - Cannot read IP mode file for Infineon.AIROC-Wi-Fi-Bluetooth-STM32.1.5.1
2023-12-28 09:44:22,396 [WARN] PackLoader:240 - Cannot read IP mode file for STMicroelectronics.FP-SNS-MOTENVWB1.1.3.0
2023-12-28 09:44:22,406 [WARN] PackLoader:240 - Cannot read IP mode file for STMicroelectronics.FP-SNS-MOTENVWB1.1.3.1
2023-12-28 09:44:22,439 [WARN] PackLoader:240 - Cannot read IP mode file for STMicroelectronics.X-CUBE-AZRTOS-G4.1.0.0
2023-12-28 09:44:22,474 [WARN] PackLoader:240 - Cannot read IP mode file for STMicroelectronics.X-CUBE-AZRTOS-L4.1.0.0
2023-12-28 09:44:22,490 [WARN] PackLoader:240 - Cannot read IP mode file for STMicroelectronics.X-CUBE-ISPU.2.0.0
2023-12-28 09:44:22,590 [WARN] PackLoader:240 - Cannot read IP mode file for STMicroelectronics.X-CUBE-MEMS1.10.0.0
2023-12-28 09:44:22,891 [WARN] PackLoader:240 - Cannot read IP mode file for STMicroelectronics.X-CUBE-FREERTOS.1.1.0
2023-12-28 09:44:22,913 [WARN] PackLoader:240 - Cannot read IP mode file for STMicroelectronics.X-CUBE-AZRTOS-WL.1.0.0
2023-12-28 09:44:22,928 [WARN] PackLoader:240 - Cannot read IP mode file for portGmbH.I-Cube-SoM-uGOAL.1.1.0
2023-12-28 09:44:22,940 [WARN] PackLoader:240 - Cannot read IP mode file for STMicroelectronics.X-CUBE-ALS.1.0.1
2023-12-28 09:44:22,999 [WARN] PackLoader:240 - Cannot read IP mode file for STMicroelectronics.X-CUBE-AZRTOS-WB.1.1.0
2023-12-28 09:44:23,022 [WARN] PackLoader:240 - Cannot read IP mode file for STMicroelectronics.FP-ATR-ASTRA1.2.0.0
2023-12-28 09:44:23,042 [WARN] PackLoader:240 - Cannot read IP mode file for STMicroelectronics.X-CUBE-TOF1.3.4.0
2023-12-28 09:44:23,104 [WARN] PackLoader:240 - Cannot read IP mode file for STMicroelectronics.X-CUBE-AZRTOS-H7.3.2.0
2023-12-28 09:44:23,111 [INFO] ThirdParty:978 - Integrity check success = true
2023-12-28 09:44:23,112 [INFO] IntegrityCheckThread:100 - exiting critical section [integrity check]
2023-12-28 09:44:23,112 [INFO] IntegrityCheckThread:103 - End integrity checks thread
2023-12-28 09:44:24,603 [INFO] WebApp:753 - Register for checkConnection events
2023-12-28 09:44:24,603 [INFO] WebApp:390 - Apply proxy settings
2023-12-28 09:44:24,603 [INFO] WebApp:475 - Chromium requires no authentication
2023-12-28 09:44:24,617 [INFO] WebApp:418 - Direct internet connection detected
2023-12-28 09:44:24,979 [INFO] WebApp:188 - Starting web application
2023-12-28 09:44:24,980 [INFO] WebApp:520 - Web application path used C:\ST\STM32CubeIDE_1.4.0\STM32CubeIDE\plugins\com.st.stm32cube.common.mx_6.9.1.202307191849\db\plugins\mcufinder\reactClient1\index.html
2023-12-28 09:50:31,004 [ERROR] LogOutputStream:75 - [STDERR_REDIRECT] SLF4J: Failed to load class "org.slf4j.impl.StaticLoggerBinder".
2023-12-28 09:50:31,005 [ERROR] LogOutputStream:75 - [STDERR_REDIRECT] SLF4J: Defaulting to no-operation (NOP) logger implementation
2023-12-28 09:50:31,007 [ERROR] LogOutputStream:75 - [STDERR_REDIRECT] SLF4J: See http://www.slf4j.org/codes.html#StaticLoggerBinder for further details.
2023-12-28 11:25:56,786 [ERROR] LogOutputStream:75 - [STDERR_REDIRECT] 
