2023-10-09 14:57:17,364 [INFO] Activator:176 - 


2023-10-09 14:57:17,377 [INFO] Activator:177 - !SESSION log4j initialized
2023-10-09 14:57:29,212 [INFO] LogOutputStream:77 - [STDOUT_REDIRECT] 
2023-10-09 14:57:36,204 [INFO] ApplicationProperties:184 - Using Application install path: C:\ST\STM32CubeIDE_1.4.0\STM32CubeIDE\plugins\com.st.stm32cube.common.mx_6.9.1.202307191849
2023-10-09 14:57:36,234 [INFO] DbMcusXml:78 - Set database path to: C:\ST\STM32CubeIDE_1.4.0\STM32CubeIDE\plugins\com.st.stm32cube.common.mx_6.9.1.202307191849\\db\/mcu/
2023-10-09 14:57:36,235 [INFO] ApiDb:274 - Set plugin database path to: C:\ST\STM32CubeIDE_1.4.0\STM32CubeIDE\plugins\com.st.stm32cube.common.mx_6.9.1.202307191849\\db\/plugins/boardmanager/
2023-10-09 14:57:36,236 [WARN] ApiDb:259 - Overriding images path with different value:  => C:\ST\STM32CubeIDE_1.4.0\STM32CubeIDE\plugins\com.st.stm32cube.common.mx_6.9.1.202307191849\\db\/plugins/mcufinder/images/
2023-10-09 14:57:36,253 [INFO] ApiDb:250 - Set database path to: C:\Users\Minh\.stmcufinder\plugins\mcufinder//mcu/
2023-10-09 14:57:36,255 [INFO] DbMcusAds:125 - Set database path to: C:\Users\Minh\.stmcufinder\plugins\mcufinder//mcu/
2023-10-09 14:57:36,259 [INFO] CrossReferenceDbSqlite:203 - Set database path to: C:\Users\Minh\.stmcufinder\plugins\mcufinder//mcu/cs/
2023-10-09 14:57:36,515 [INFO] RulesReader:64 - Compatibility file has been processed (293 Rules)
2023-10-09 14:57:36,678 [INFO] DbMcusXml:78 - Set database path to: C:\ST\STM32CubeIDE_1.4.0\STM32CubeIDE\plugins\com.st.stm32cube.common.mx_6.9.1.202307191849\\db\/mcu/
2023-10-09 14:57:36,678 [INFO] ApiDb:274 - Set plugin database path to: C:\ST\STM32CubeIDE_1.4.0\STM32CubeIDE\plugins\com.st.stm32cube.common.mx_6.9.1.202307191849\\db\/plugins/boardmanager/
2023-10-09 14:57:36,679 [INFO] ApiDb:261 - Set plugin images path to: C:\ST\STM32CubeIDE_1.4.0\STM32CubeIDE\plugins\com.st.stm32cube.common.mx_6.9.1.202307191849\\db\/plugins/mcufinder/images/
2023-10-09 14:57:36,679 [WARN] DbFile:41 - Overriding database path with different value: C:\Users\Minh\.stmcufinder\plugins\mcufinder/ => C:\Users\Minh\.stmcufinder\plugins\mcufinder
2023-10-09 14:57:36,679 [INFO] ApiDb:250 - Set database path to: C:\Users\Minh\.stmcufinder\plugins\mcufinder//mcu/
2023-10-09 14:57:36,680 [WARN] DbFile:41 - Overriding database path with different value: C:\Users\Minh\.stmcufinder\plugins\mcufinder/ => C:\Users\Minh\.stmcufinder\plugins\mcufinder
2023-10-09 14:57:36,680 [INFO] DbMcusAds:125 - Set database path to: C:\Users\Minh\.stmcufinder\plugins\mcufinder//mcu/
2023-10-09 14:57:36,680 [WARN] DbFile:41 - Overriding database path with different value: C:\Users\Minh\.stmcufinder\plugins\mcufinder/ => C:\Users\Minh\.stmcufinder\plugins\mcufinder
2023-10-09 14:57:36,680 [WARN] DbFile:41 - Overriding database path with different value: C:\Users\Minh\.stmcufinder\plugins\mcufinder/ => C:\Users\Minh\.stmcufinder\plugins\mcufinder
2023-10-09 14:57:36,680 [INFO] CrossReferenceDbSqlite:203 - Set database path to: C:\Users\Minh\.stmcufinder\plugins\mcufinder//mcu/cs/
2023-10-09 14:57:36,835 [INFO] MainPanel:262 - HeapMemory: 268435456
2023-10-09 14:57:37,009 [INFO] DbMcusXml:78 - Set database path to: C:\ST\STM32CubeIDE_1.4.0\STM32CubeIDE\plugins\com.st.stm32cube.common.mx_6.9.1.202307191849\\db\/mcu/
2023-10-09 14:57:37,009 [INFO] ApiDb:274 - Set plugin database path to: C:\ST\STM32CubeIDE_1.4.0\STM32CubeIDE\plugins\com.st.stm32cube.common.mx_6.9.1.202307191849\\db\/plugins/boardmanager/
2023-10-09 14:57:37,009 [INFO] ApiDb:261 - Set plugin images path to: C:\ST\STM32CubeIDE_1.4.0\STM32CubeIDE\plugins\com.st.stm32cube.common.mx_6.9.1.202307191849\\db\/plugins/mcufinder/images/
2023-10-09 14:57:37,010 [WARN] DbFile:41 - Overriding database path with different value: C:\Users\Minh\.stmcufinder\plugins\mcufinder/ => C:\Users\Minh\.stmcufinder\plugins\mcufinder
2023-10-09 14:57:37,011 [INFO] ApiDb:250 - Set database path to: C:\Users\Minh\.stmcufinder\plugins\mcufinder//mcu/
2023-10-09 14:57:37,011 [WARN] DbFile:41 - Overriding database path with different value: C:\Users\Minh\.stmcufinder\plugins\mcufinder/ => C:\Users\Minh\.stmcufinder\plugins\mcufinder
2023-10-09 14:57:37,011 [INFO] DbMcusAds:125 - Set database path to: C:\Users\Minh\.stmcufinder\plugins\mcufinder//mcu/
2023-10-09 14:57:37,011 [WARN] DbFile:41 - Overriding database path with different value: C:\Users\Minh\.stmcufinder\plugins\mcufinder/ => C:\Users\Minh\.stmcufinder\plugins\mcufinder
2023-10-09 14:57:37,012 [WARN] DbFile:41 - Overriding database path with different value: C:\Users\Minh\.stmcufinder\plugins\mcufinder/ => C:\Users\Minh\.stmcufinder\plugins\mcufinder
2023-10-09 14:57:37,012 [INFO] CrossReferenceDbSqlite:203 - Set database path to: C:\Users\Minh\.stmcufinder\plugins\mcufinder//mcu/cs/
2023-10-09 14:57:37,044 [INFO] ApplicationProperties:184 - Using Application install path: C:\ST\STM32CubeIDE_1.4.0\STM32CubeIDE\plugins\com.st.stm32cube.common.mx_6.9.1.202307191849
2023-10-09 14:57:37,046 [INFO] PluginManage:196 - Search for loadable plugins [exclusion list=, ]
2023-10-09 14:57:37,049 [INFO] PluginManage:310 - Check plugin analytics
2023-10-09 14:57:41,970 [INFO] AnalyticsPlugin:253 - Accepted Software Licenses: STM32CubeMX.6.0.0,STM32CubeMX.5.2.0
2023-10-09 14:57:41,971 [INFO] AnalyticsPlugin:255 - Accepted CMSIS Pack Licenses: 
2023-10-09 14:57:41,971 [INFO] AnalyticsPlugin:257 - Accepted Firmware Licenses: 
2023-10-09 14:57:41,976 [INFO] PluginManage:359 - Loaded plugin analytics (category:tool,tabindex:-1)
2023-10-09 14:57:41,977 [INFO] PluginManage:310 - Check plugin cadmodel
2023-10-09 14:57:42,005 [INFO] CADModel:105 - Init CAD model plugin
2023-10-09 14:57:42,006 [INFO] PluginManage:359 - Loaded plugin cadmodel (category:power,tabindex:5)
2023-10-09 14:57:42,006 [INFO] PluginManage:310 - Check plugin clock
2023-10-09 14:57:42,036 [INFO] PluginManage:359 - Loaded plugin clock (category:base,tabindex:2)
2023-10-09 14:57:42,037 [INFO] PluginManage:310 - Check plugin ddr
2023-10-09 14:57:42,040 [INFO] PluginManage:359 - Loaded plugin ddr (category:tool,tabindex:6)
2023-10-09 14:57:42,041 [INFO] PluginManage:310 - Check plugin filemanager
2023-10-09 14:57:42,256 [INFO] PluginManage:359 - Loaded plugin filemanager (category:base,tabindex:10)
2023-10-09 14:57:42,256 [INFO] PluginManage:310 - Check plugin ipmanager
2023-10-09 14:57:42,270 [INFO] PluginManage:359 - Loaded plugin ipmanager (category:base,tabindex:5)
2023-10-09 14:57:42,270 [INFO] PluginManage:310 - Check plugin lpbam
2023-10-09 14:57:42,297 [INFO] PluginManage:359 - Loaded plugin lpbam (category:base,tabindex:0)
2023-10-09 14:57:42,297 [INFO] PluginManage:310 - Check plugin memorymap
2023-10-09 14:57:42,337 [INFO] PluginManage:359 - Loaded plugin memorymap (category:base,tabindex:4)
2023-10-09 14:57:42,337 [INFO] PluginManage:310 - Check plugin pinoutandconfiguration
2023-10-09 14:57:42,366 [INFO] PluginManage:359 - Loaded plugin pinoutandconfiguration (category:base,tabindex:1)
2023-10-09 14:57:42,366 [INFO] PluginManage:310 - Check plugin pinoutconfig
2023-10-09 14:57:42,552 [WARN] SupportedApi:132 - Cannot load RTOS API schema: s4s-elt-must-match.1: The content of 'definitions' must match (annotation?, (simpleType | complexType)?, (unique | key | keyref)*)). A problem was found starting at: attribute.
2023-10-09 14:57:42,831 [INFO] PluginManage:359 - Loaded plugin pinoutconfig (category:base,tabindex:0)
2023-10-09 14:57:42,831 [INFO] PluginManage:310 - Check plugin power
2023-10-09 14:57:42,873 [INFO] PluginManage:359 - Loaded plugin power (category:power,tabindex:4)
2023-10-09 14:57:42,873 [INFO] PluginManage:310 - Check plugin projectmanager
2023-10-09 14:57:42,908 [INFO] PluginManage:359 - Loaded plugin projectmanager (category:projectmanager,tabindex:3)
2023-10-09 14:57:42,908 [INFO] PluginManage:310 - Check plugin thirdparty
2023-10-09 14:57:43,362 [WARN] IntegrityCheckThread:84 - waiting for thirdparty lock release [integrity check]
2023-10-09 14:57:43,363 [INFO] PluginManage:359 - Loaded plugin thirdparty (category:base,tabindex:-1)
2023-10-09 14:57:43,363 [INFO] IntegrityCheckThread:86 - entering critical section [integrity check]
2023-10-09 14:57:43,363 [INFO] PluginManage:310 - Check plugin tools
2023-10-09 14:57:43,364 [INFO] ThirdPartyUpdaterWithRetryManager:70 - Updater plugin not ready yet. [1/15]
2023-10-09 14:57:43,422 [INFO] PluginManage:359 - Loaded plugin tools (category:base,tabindex:7)
2023-10-09 14:57:43,422 [INFO] PluginManage:310 - Check plugin tutovideos
2023-10-09 14:57:43,807 [INFO] PluginManage:359 - Loaded plugin tutovideos (category:base,tabindex:-1)
2023-10-09 14:57:43,807 [INFO] PluginManage:310 - Check plugin updater
2023-10-09 14:57:43,831 [INFO] PluginManage:359 - Loaded plugin updater (category:base,tabindex:12)
2023-10-09 14:57:43,831 [INFO] PluginManage:310 - Check plugin userauth
2023-10-09 14:57:43,841 [INFO] UserAuth:113 - Init User Auth plugin
2023-10-09 14:57:43,842 [INFO] PluginManage:359 - Loaded plugin userauth (category:base,tabindex:14)
2023-10-09 14:57:43,843 [INFO] PluginManage:283 - PluginManage : Loaded plugins [17]
2023-10-09 14:57:44,232 [INFO] PinOutPanel:1499 - setPackage(No Configuration,No Configuration)
2023-10-09 14:57:44,410 [INFO] CADModel:165 - CPN selected for project level
2023-10-09 14:57:44,411 [INFO] CADModel:114 - Register for checkConnection events
2023-10-09 14:57:44,451 [INFO] IPUIPlugin:80 - create IPUIPlugin
2023-10-09 14:57:44,451 [INFO] PluginManager:220 - loadIPPluginJar : add adc
2023-10-09 14:57:44,503 [INFO] IPUIPlugin:80 - create IPUIPlugin
2023-10-09 14:57:44,503 [INFO] PluginManager:220 - loadIPPluginJar : add aes
2023-10-09 14:57:44,571 [INFO] IPUIPlugin:80 - create IPUIPlugin
2023-10-09 14:57:44,572 [INFO] PluginManager:220 - loadIPPluginJar : add can
2023-10-09 14:57:44,612 [INFO] IPUIPlugin:80 - create IPUIPlugin
2023-10-09 14:57:44,613 [INFO] PluginManager:220 - loadIPPluginJar : add comp
2023-10-09 14:57:44,663 [INFO] IPUIPlugin:80 - create IPUIPlugin
2023-10-09 14:57:44,663 [INFO] PluginManager:220 - loadIPPluginJar : add cryp
2023-10-09 14:57:44,709 [INFO] IPUIPlugin:80 - create IPUIPlugin
2023-10-09 14:57:44,709 [INFO] PluginManager:220 - loadIPPluginJar : add dfsdm
2023-10-09 14:57:44,730 [INFO] IPUIPlugin:80 - create IPUIPlugin
2023-10-09 14:57:44,731 [INFO] PluginManager:220 - loadIPPluginJar : add dma
2023-10-09 14:57:44,812 [INFO] IPUIPlugin:80 - create IPUIPlugin
2023-10-09 14:57:44,812 [INFO] PluginManager:220 - loadIPPluginJar : add dma3
2023-10-09 14:57:44,844 [INFO] IPUIPlugin:80 - create IPUIPlugin
2023-10-09 14:57:44,844 [INFO] PluginManager:220 - loadIPPluginJar : add fatfs
2023-10-09 14:57:44,921 [INFO] IPUIPlugin:80 - create IPUIPlugin
2023-10-09 14:57:44,921 [INFO] PluginManager:220 - loadIPPluginJar : add fmc
2023-10-09 14:57:44,947 [INFO] IPUIPlugin:80 - create IPUIPlugin
2023-10-09 14:57:44,948 [INFO] PluginManager:220 - loadIPPluginJar : add freertos
2023-10-09 14:57:44,987 [INFO] IPUIPlugin:80 - create IPUIPlugin
2023-10-09 14:57:44,987 [INFO] PluginManager:220 - loadIPPluginJar : add genericplugin
2023-10-09 14:57:45,162 [INFO] IPUIPlugin:80 - create IPUIPlugin
2023-10-09 14:57:45,162 [INFO] PluginManager:220 - loadIPPluginJar : add gfxmmu
2023-10-09 14:57:45,391 [INFO] IPUIPlugin:80 - create IPUIPlugin
2023-10-09 14:57:45,391 [INFO] PluginManager:220 - loadIPPluginJar : add gic
2023-10-09 14:57:45,419 [INFO] IPUIPlugin:80 - create IPUIPlugin
2023-10-09 14:57:45,420 [INFO] PluginManager:220 - loadIPPluginJar : add gpio
2023-10-09 14:57:45,582 [INFO] IPUIPlugin:80 - create IPUIPlugin
2023-10-09 14:57:45,582 [INFO] PluginManager:220 - loadIPPluginJar : add gtzc
2023-10-09 14:57:45,664 [INFO] IPUIPlugin:80 - create IPUIPlugin
2023-10-09 14:57:45,665 [INFO] PluginManager:220 - loadIPPluginJar : add hash
2023-10-09 14:57:45,770 [INFO] IPUIPlugin:80 - create IPUIPlugin
2023-10-09 14:57:45,771 [INFO] PluginManager:220 - loadIPPluginJar : add i2c
2023-10-09 14:57:45,829 [INFO] IPUIPlugin:80 - create IPUIPlugin
2023-10-09 14:57:45,829 [INFO] PluginManager:220 - loadIPPluginJar : add i2s
2023-10-09 14:57:45,895 [INFO] IPUIPlugin:80 - create IPUIPlugin
2023-10-09 14:57:45,895 [INFO] PluginManager:220 - loadIPPluginJar : add i3c
2023-10-09 14:57:46,093 [INFO] IPUIPlugin:80 - create IPUIPlugin
2023-10-09 14:57:46,093 [INFO] PluginManager:220 - loadIPPluginJar : add ipddr
2023-10-09 14:57:46,237 [INFO] IPUIPlugin:80 - create IPUIPlugin
2023-10-09 14:57:46,237 [INFO] PluginManager:220 - loadIPPluginJar : add linkedlist
2023-10-09 14:57:46,301 [INFO] IPUIPlugin:80 - create IPUIPlugin
2023-10-09 14:57:46,302 [INFO] PluginManager:220 - loadIPPluginJar : add lorawan
2023-10-09 14:57:46,365 [INFO] ThirdPartyUpdaterWithRetryManager:70 - Updater plugin not ready yet. [2/15]
2023-10-09 14:57:46,367 [INFO] IPUIPlugin:80 - create IPUIPlugin
2023-10-09 14:57:46,367 [INFO] PluginManager:220 - loadIPPluginJar : add ltdc
2023-10-09 14:57:46,397 [INFO] IPUIPlugin:80 - create IPUIPlugin
2023-10-09 14:57:46,397 [INFO] PluginManager:220 - loadIPPluginJar : add mdma
2023-10-09 14:57:46,429 [INFO] IPUIPlugin:80 - create IPUIPlugin
2023-10-09 14:57:46,429 [INFO] PluginManager:220 - loadIPPluginJar : add nvic
2023-10-09 14:57:46,486 [INFO] IPUIPlugin:80 - create IPUIPlugin
2023-10-09 14:57:46,486 [INFO] PluginManager:220 - loadIPPluginJar : add opamp
2023-10-09 14:57:46,588 [INFO] IPUIPlugin:80 - create IPUIPlugin
2023-10-09 14:57:46,588 [INFO] PluginManager:220 - loadIPPluginJar : add openamp
2023-10-09 14:57:46,668 [INFO] IPUIPlugin:80 - create IPUIPlugin
2023-10-09 14:57:46,668 [INFO] PluginManager:220 - loadIPPluginJar : add pdm2pcm
2023-10-09 14:57:46,696 [INFO] IPUIPlugin:80 - create IPUIPlugin
2023-10-09 14:57:46,701 [INFO] PluginManager:220 - loadIPPluginJar : add plateformsettings
2023-10-09 14:57:46,744 [INFO] IPUIPlugin:80 - create IPUIPlugin
2023-10-09 14:57:46,744 [INFO] PluginManager:220 - loadIPPluginJar : add quadspi
2023-10-09 14:57:46,775 [INFO] IPUIPlugin:80 - create IPUIPlugin
2023-10-09 14:57:46,776 [INFO] PluginManager:220 - loadIPPluginJar : add resmgrutility
2023-10-09 14:57:46,871 [INFO] IPUIPlugin:80 - create IPUIPlugin
2023-10-09 14:57:46,872 [INFO] PluginManager:220 - loadIPPluginJar : add sai
2023-10-09 14:57:46,940 [INFO] IPUIPlugin:80 - create IPUIPlugin
2023-10-09 14:57:46,940 [INFO] PluginManager:220 - loadIPPluginJar : add spi
2023-10-09 14:57:47,035 [INFO] IPUIPlugin:80 - create IPUIPlugin
2023-10-09 14:57:47,035 [INFO] PluginManager:220 - loadIPPluginJar : add stm32_wpan
2023-10-09 14:57:47,075 [INFO] IPUIPlugin:80 - create IPUIPlugin
2023-10-09 14:57:47,075 [INFO] PluginManager:220 - loadIPPluginJar : add tim
2023-10-09 14:57:47,185 [INFO] IPUIPlugin:80 - create IPUIPlugin
2023-10-09 14:57:47,185 [INFO] PluginManager:220 - loadIPPluginJar : add touchsensing
2023-10-09 14:57:47,228 [INFO] IPUIPlugin:80 - create IPUIPlugin
2023-10-09 14:57:47,228 [INFO] PluginManager:220 - loadIPPluginJar : add tracer_emb
2023-10-09 14:57:47,274 [INFO] IPUIPlugin:80 - create IPUIPlugin
2023-10-09 14:57:47,274 [INFO] PluginManager:220 - loadIPPluginJar : add ts
2023-10-09 14:57:47,318 [INFO] IPUIPlugin:80 - create IPUIPlugin
2023-10-09 14:57:47,318 [INFO] PluginManager:220 - loadIPPluginJar : add tsc
2023-10-09 14:57:47,357 [INFO] IPUIPlugin:80 - create IPUIPlugin
2023-10-09 14:57:47,357 [INFO] PluginManager:220 - loadIPPluginJar : add ucpd
2023-10-09 14:57:47,439 [INFO] IPUIPlugin:80 - create IPUIPlugin
2023-10-09 14:57:47,439 [INFO] PluginManager:220 - loadIPPluginJar : add usart
2023-10-09 14:57:47,521 [INFO] IPUIPlugin:80 - create IPUIPlugin
2023-10-09 14:57:47,521 [INFO] PluginManager:220 - loadIPPluginJar : add usbx
2023-10-09 14:57:47,700 [INFO] CADModel:165 - CPN selected for project level
2023-10-09 14:57:47,700 [INFO] CADModel:114 - Register for checkConnection events
2023-10-09 14:57:47,701 [FATAL] Updater:308 - Updater called before beeing initialized
2023-10-09 14:57:47,701 [ERROR] CADModel:125 - Updater not yet initialized, retry later 
2023-10-09 14:57:47,967 [INFO] CADModel:165 - CPN selected for project level
2023-10-09 14:57:47,967 [INFO] CADModel:114 - Register for checkConnection events
2023-10-09 14:57:47,968 [FATAL] Updater:308 - Updater called before beeing initialized
2023-10-09 14:57:47,968 [ERROR] CADModel:125 - Updater not yet initialized, retry later 
2023-10-09 14:57:47,974 [FATAL] Updater:308 - Updater called before beeing initialized
2023-10-09 14:57:48,187 [FATAL] Updater:308 - Updater called before beeing initialized
2023-10-09 14:57:48,200 [INFO] DbMcusAds:53 - JSON generation date=Tue Mar 07 17:50:55 JST 2023 (1678179055114)
2023-10-09 14:57:48,200 [FATAL] Updater:308 - Updater called before beeing initialized
2023-10-09 14:57:48,354 [WARN] DetailPanel:346 - Failed to get advertising image, set to default
2023-10-09 14:57:48,593 [FATAL] Updater:308 - Updater called before beeing initialized
2023-10-09 14:57:48,598 [FATAL] Updater:308 - Updater called before beeing initialized
2023-10-09 14:57:48,598 [FATAL] Updater:308 - Updater called before beeing initialized
2023-10-09 14:57:48,599 [WARN] DetailPanel:346 - Failed to get advertising image, set to default
2023-10-09 14:57:48,601 [FATAL] Updater:308 - Updater called before beeing initialized
2023-10-09 14:57:48,762 [ERROR] Updater:1120 - MainUpdater not yet initialized. External WinMGr cannot be set.
2023-10-09 14:57:48,788 [INFO] Updater:1056 - Updater Version found : 6.9.1
2023-10-09 14:57:48,827 [INFO] ApplicationProperties:184 - Using Application install path: C:\ST\STM32CubeIDE_1.4.0\STM32CubeIDE\plugins\com.st.stm32cube.common.mx_6.9.1.202307191849
2023-10-09 14:57:49,092 [INFO] MainUpdater:2868 - connection check result : 10
2023-10-09 14:57:49,094 [INFO] MainUpdater:285 - Updater Check For Update Now.
2023-10-09 14:57:49,095 [INFO] MicroXplorer:498 - Change Database Version : DB.6.0.91
2023-10-09 14:57:49,127 [INFO] McuFinderGlobals:63 - Set McuFinder mode to 2 (CubeIDE integrated)
2023-10-09 14:57:49,127 [INFO] UserAuth:179 - activating auth plugin
2023-10-09 14:57:49,133 [INFO] UserAuth:393 - Internet connection configuration mode: 1
2023-10-09 14:57:49,167 [INFO] JxBrowserEngine:151 - Initiate JxBrowser Engine with user profile folder
2023-10-09 14:57:49,366 [WARN] MainUpdater:1189 - Updater busy. Cannot search thirdparties
2023-10-09 14:57:49,367 [INFO] ThirdPartyUpdaterWithRetryManager:96 - Updater plugin is busy. [1/15]
2023-10-09 14:57:49,385 [INFO] CheckServerUpdateThread:120 - End of CheckServer Thread
2023-10-09 14:57:51,078 [INFO] WebApp:157 - Instantiating new browser for Auth
2023-10-09 14:57:52,481 [INFO] WebApp:753 - Register for checkConnection events
2023-10-09 14:57:52,482 [INFO] WebApp:390 - Apply proxy settings
2023-10-09 14:57:52,482 [INFO] WebApp:475 - Chromium requires no authentication
2023-10-09 14:57:52,504 [INFO] WebApp:418 - Direct internet connection detected
2023-10-09 14:57:52,924 [WARN] PackLoader:240 - Cannot read IP mode file for STMicroelectronics.X-CUBE-SMBUS.2.1.0
2023-10-09 14:57:53,012 [WARN] PackLoader:240 - Cannot read IP mode file for STMicroelectronics.X-CUBE-AZRTOS-F7.1.1.0
2023-10-09 14:57:53,036 [ERROR] RealEvaluatedCondition:428 - Found unsupported composite condition: CLASS='Data Exchange' GROUP='STM32_MetaDataManager'
2023-10-09 14:57:53,037 [ERROR] RealEvaluatedCondition:428 - Found unsupported composite condition: GROUP='STM32_MetaDataManager' CLASS='Data Exchange'
2023-10-09 14:57:53,042 [WARN] PackLoader:240 - Cannot read IP mode file for STMicroelectronics.FP-SNS-MOTENV1.4.3.0
2023-10-09 14:57:53,061 [WARN] PackLoader:240 - Cannot read IP mode file for STMicroelectronics.FP-SNS-MOTENV1.4.3.2
2023-10-09 14:57:53,069 [INFO] WebApp:188 - Starting web application
2023-10-09 14:57:53,070 [INFO] WebApp:520 - Web application path used C:\ST\STM32CubeIDE_1.4.0\STM32CubeIDE\plugins\com.st.stm32cube.common.mx_6.9.1.202307191849\db\plugins\mcufinder\reactClient1\index.html
2023-10-09 14:57:53,075 [WARN] PackLoader:240 - Cannot read IP mode file for STMicroelectronics.FP-SNS-FLIGHT1.5.0.0
2023-10-09 14:57:53,087 [ERROR] RealEvaluatedCondition:428 - Found unsupported composite condition: CLASS='Data Exchange' GROUP='STM32_MetaDataManager'
2023-10-09 14:57:53,087 [ERROR] RealEvaluatedCondition:428 - Found unsupported composite condition: GROUP='STM32_MetaDataManager' CLASS='Data Exchange'
2023-10-09 14:57:53,092 [WARN] PackLoader:240 - Cannot read IP mode file for STMicroelectronics.FP-SNS-MOTENV1.4.3.1
2023-10-09 14:57:53,107 [WARN] PackLoader:240 - Cannot read IP mode file for STMicroelectronics.FP-SNS-FLIGHT1.5.0.1
2023-10-09 14:57:53,126 [WARN] PackLoader:240 - Cannot read IP mode file for STMicroelectronics.X-CUBE-BLE1.6.2.4
2023-10-09 14:57:53,144 [WARN] PackLoader:240 - Cannot read IP mode file for STMicroelectronics.FP-SNS-FLIGHT1.5.0.2
2023-10-09 14:57:53,173 [WARN] PackLoader:240 - Cannot read IP mode file for STMicroelectronics.X-CUBE-DISPLAY.3.0.0
2023-10-09 14:57:53,197 [WARN] PackLoader:240 - Cannot read IP mode file for STMicroelectronics.X-CUBE-BLE1.7.0.0
2023-10-09 14:57:53,214 [WARN] PackLoader:240 - Cannot read IP mode file for STMicroelectronics.X-CUBE-TOUCHGFX.4.22.0
2023-10-09 14:57:53,221 [WARN] PackLoader:240 - Cannot read IP mode file for STMicroelectronics.X-CUBE-TOUCHGFX.4.22.1
2023-10-09 14:57:53,234 [WARN] PackLoader:240 - Cannot read IP mode file for STMicroelectronics.FP-SNS-SMARTAG2.1.2.0
2023-10-09 14:57:53,265 [INFO] LogOutputStream:77 - [STDOUT_REDIRECT] 1 : Invalid condition id : UX_CORESTACK_Condition cause : null
2023-10-09 14:57:53,266 [INFO] LogOutputStream:77 - [STDOUT_REDIRECT] 1 : Invalid condition id : UX_CORESTACK_Condition cause : null
2023-10-09 14:57:53,272 [INFO] LogOutputStream:77 - [STDOUT_REDIRECT] 1 : Invalid condition id : UX_CORESTACK_Condition cause : null
2023-10-09 14:57:53,279 [INFO] LogOutputStream:77 - [STDOUT_REDIRECT] 1 : Invalid condition id : UX_CORESTACK_Condition cause : null
2023-10-09 14:57:53,282 [INFO] LogOutputStream:77 - [STDOUT_REDIRECT] 1 : Invalid condition id : UX_CORESTACK_Condition cause : null
2023-10-09 14:57:53,296 [WARN] PackLoader:240 - Cannot read IP mode file for STMicroelectronics.X-CUBE-AZRTOS-WL.2.0.0
2023-10-09 14:57:53,320 [WARN] PackLoader:240 - Cannot read IP mode file for WES.I-CUBE-Cesium.1.3.0
2023-10-09 14:57:53,342 [WARN] PackLoader:240 - Cannot read IP mode file for STMicroelectronics.X-CUBE-BLE2.3.3.0
2023-10-09 14:57:53,377 [WARN] PackLoader:240 - Cannot read IP mode file for STMicroelectronics.X-CUBE-TOF1.3.2.0
2023-10-09 14:57:53,413 [WARN] PackLoader:240 - Cannot read IP mode file for STMicroelectronics.X-CUBE-TOUCHGFX.4.21.1
2023-10-09 14:57:53,421 [WARN] PackLoader:240 - Cannot read IP mode file for STMicroelectronics.X-CUBE-TOUCHGFX.4.21.3
2023-10-09 14:57:53,429 [WARN] PackLoader:240 - Cannot read IP mode file for STMicroelectronics.X-CUBE-TOUCHGFX.4.21.4
2023-10-09 14:57:53,446 [WARN] PackLoader:240 - Cannot read IP mode file for STMicroelectronics.X-CUBE-ALGOBUILD.1.3.0
2023-10-09 14:57:53,502 [WARN] PackLoader:240 - Cannot read IP mode file for STMicroelectronics.X-CUBE-AZRTOS-G0.1.1.0
2023-10-09 14:57:53,520 [WARN] PackLoader:240 - Cannot read IP mode file for STMicroelectronics.X-CUBE-NFC4.3.0.0
2023-10-09 14:57:53,535 [WARN] PackLoader:240 - Cannot read IP mode file for STMicroelectronics.FP-ATR-SIGFOX1.3.2.0
2023-10-09 14:57:53,736 [WARN] PackLoader:240 - Cannot read IP mode file for STMicroelectronics.X-CUBE-MEMS1.9.5.0
2023-10-09 14:57:54,240 [WARN] PackLoader:240 - Cannot read IP mode file for SEGGER.I-CUBE-embOS.1.3.1
2023-10-09 14:57:54,342 [WARN] PackLoader:240 - Cannot read IP mode file for STMicroelectronics.X-CUBE-GNSS1.6.0.0
2023-10-09 14:57:54,385 [WARN] PackLoader:240 - Cannot read IP mode file for STMicroelectronics.X-CUBE-AZRTOS-F4.1.1.0
2023-10-09 14:57:54,427 [WARN] PackLoader:240 - Cannot read IP mode file for STMicroelectronics.X-CUBE-AZRTOS-L5.2.0.0
2023-10-09 14:57:54,533 [WARN] PackLoader:240 - Cannot read IP mode file for STMicroelectronics.X-CUBE-MEMS1.9.6.0
2023-10-09 14:57:54,853 [WARN] PackLoader:240 - Cannot read IP mode file for ITTIA_DB.I-CUBE-ITTIADB.8.8.0
2023-10-09 14:57:54,868 [WARN] PackLoader:240 - Cannot read IP mode file for emotas.I-CUBE-CANOPEN.1.1.3
2023-10-09 14:57:54,887 [WARN] PackLoader:240 - Cannot read IP mode file for STMicroelectronics.X-CUBE-BLEMGR.2.0.0
2023-10-09 14:57:54,924 [WARN] ConditionMgr:438 - getConditionDescription Invalid condition id : UX DEVICE CLASS RTOS Condition cause : null
2023-10-09 14:57:54,924 [WARN] ConditionMgr:438 - getConditionDescription Invalid condition id : UX DEVICE CLASS RTOS Condition cause : null
2023-10-09 14:57:54,931 [WARN] PackLoader:240 - Cannot read IP mode file for STMicroelectronics.X-CUBE-AZRTOS-H7.3.1.0
2023-10-09 14:57:54,933 [WARN] ConditionMgr:1039 - genDependencies : Invalid condition id : UX DEVICE CLASS RTOS Condition cause : null
2023-10-09 14:57:54,933 [WARN] ConditionMgr:1039 - genDependencies : Invalid condition id : UX DEVICE CLASS RTOS Condition cause : null
2023-10-09 14:57:54,934 [WARN] ConditionMgr:1039 - genDependencies : Invalid condition id : UX DEVICE CLASS RTOS Condition cause : null
2023-10-09 14:57:54,935 [WARN] ConditionMgr:1039 - genDependencies : Invalid condition id : UX DEVICE CLASS RTOS Condition cause : null
2023-10-09 14:57:54,936 [WARN] ConditionMgr:1039 - genDependencies : Invalid condition id : UX DEVICE CLASS RTOS Condition cause : null
2023-10-09 14:57:54,947 [WARN] PackLoader:240 - Cannot read IP mode file for wolfSSL.I-CUBE-wolfSSL.5.5.4
2023-10-09 14:57:54,957 [WARN] PackLoader:240 - Cannot read IP mode file for STMicroelectronics.X-CUBE-NFC7.1.0.1
2023-10-09 14:57:54,967 [WARN] PackLoader:240 - Cannot read IP mode file for STMicroelectronics.X-CUBE-NFC7.1.0.0
2023-10-09 14:57:54,983 [WARN] PackLoader:240 - Cannot read IP mode file for STMicroelectronics.X-CUBE-NFC6.3.0.0
2023-10-09 14:57:54,998 [WARN] PackLoader:240 - Cannot read IP mode file for STMicroelectronics.X-CUBE-EEPRMA1.4.1.0
2023-10-09 14:57:55,009 [WARN] PackLoader:240 - Cannot read IP mode file for STMicroelectronics.X-CUBE-AI.8.1.0
2023-10-09 14:57:55,061 [WARN] ConditionMgr:438 - getConditionDescription Invalid condition id : LAN8742 Phy interface Condition cause : null
2023-10-09 14:57:55,077 [WARN] PackLoader:240 - Cannot read IP mode file for STMicroelectronics.X-CUBE-AZRTOS-L4.2.0.0
2023-10-09 14:57:55,083 [WARN] ConditionMgr:1039 - genDependencies : Invalid condition id : LAN8742 Phy interface Condition cause : null
2023-10-09 14:57:55,083 [WARN] ConditionMgr:1039 - genDependencies : Invalid condition id : LAN8742 Phy interface Condition cause : null
2023-10-09 14:57:55,084 [WARN] ConditionMgr:1039 - genDependencies : Invalid condition id : LAN8742 Phy interface Condition cause : null
2023-10-09 14:57:55,100 [WARN] PackLoader:240 - Cannot read IP mode file for STMicroelectronics.X-CUBE-SFXS2LP1.4.0.0
2023-10-09 14:57:55,143 [WARN] PackLoader:240 - Cannot read IP mode file for STMicroelectronics.X-CUBE-AZRTOS-H7.3.0.0
2023-10-09 14:57:55,159 [WARN] PackLoader:240 - Cannot read IP mode file for STMicroelectronics.X-CUBE-ISPU.1.1.0
2023-10-09 14:57:55,175 [WARN] PackLoader:240 - Cannot read IP mode file for RoweBots.I-CUBE-UNISONRTOS.5.5.0-4
2023-10-09 14:57:55,182 [WARN] PackLoader:240 - Cannot read IP mode file for STMicroelectronics.X-CUBE-AI.8.0.0
2023-10-09 14:57:55,209 [WARN] ConditionMgr:438 - getConditionDescription Invalid condition id : UX DEVICE CLASS RTOS Condition cause : null
2023-10-09 14:57:55,209 [WARN] ConditionMgr:438 - getConditionDescription Invalid condition id : UX DEVICE CLASS RTOS Condition cause : null
2023-10-09 14:57:55,213 [WARN] PackLoader:240 - Cannot read IP mode file for STMicroelectronics.X-CUBE-AZRTOS-WB.2.0.0
2023-10-09 14:57:55,214 [WARN] ConditionMgr:1039 - genDependencies : Invalid condition id : UX DEVICE CLASS RTOS Condition cause : null
2023-10-09 14:57:55,214 [WARN] ConditionMgr:1039 - genDependencies : Invalid condition id : UX DEVICE CLASS RTOS Condition cause : null
2023-10-09 14:57:55,215 [WARN] ConditionMgr:1039 - genDependencies : Invalid condition id : UX DEVICE CLASS RTOS Condition cause : null
2023-10-09 14:57:55,216 [WARN] ConditionMgr:1039 - genDependencies : Invalid condition id : UX DEVICE CLASS RTOS Condition cause : null
2023-10-09 14:57:55,216 [WARN] ConditionMgr:1039 - genDependencies : Invalid condition id : UX DEVICE CLASS RTOS Condition cause : null
2023-10-09 14:57:55,227 [WARN] PackLoader:240 - Cannot read IP mode file for STMicroelectronics.X-CUBE-FREERTOS.1.0.0
2023-10-09 14:57:55,235 [WARN] PackLoader:240 - Cannot read IP mode file for STMicroelectronics.X-CUBE-FREERTOS.1.0.1
2023-10-09 14:57:55,265 [WARN] PackLoader:240 - Cannot read IP mode file for STMicroelectronics.X-CUBE-AZRTOS-L5.1.1.0
2023-10-09 14:57:55,276 [WARN] PackLoader:240 - Cannot read IP mode file for STMicroelectronics.X-CUBE-AI.8.0.1
2023-10-09 14:57:55,302 [WARN] PackLoader:240 - Cannot read IP mode file for STMicroelectronics.X-CUBE-SUBG2.5.0.0
2023-10-09 14:57:55,331 [WARN] PackLoader:240 - Cannot read IP mode file for STMicroelectronics.X-CUBE-TOF1.3.3.1
2023-10-09 14:57:55,376 [WARN] PackLoader:240 - Cannot read IP mode file for STMicroelectronics.X-CUBE-AZRTOS-G4.2.0.0
2023-10-09 14:57:55,397 [WARN] PackLoader:240 - Cannot read IP mode file for STMicroelectronics.X-CUBE-TOF1.3.3.0
2023-10-09 14:57:55,423 [WARN] PackLoader:240 - Cannot read IP mode file for STMicroelectronics.FP-ATR-ASTRA1.1.1.1
2023-10-09 14:57:55,441 [WARN] PackLoader:240 - Cannot read IP mode file for STMicroelectronics.X-CUBE-AZRTOS-G4.1.0.0
2023-10-09 14:57:55,468 [WARN] PackLoader:240 - Cannot read IP mode file for STMicroelectronics.X-CUBE-AZRTOS-L4.1.0.0
2023-10-09 14:57:55,479 [WARN] PackLoader:240 - Cannot read IP mode file for STMicroelectronics.X-CUBE-FREERTOS.1.1.0
2023-10-09 14:57:55,499 [WARN] PackLoader:240 - Cannot read IP mode file for STMicroelectronics.X-CUBE-AZRTOS-WL.1.0.0
2023-10-09 14:57:55,510 [WARN] PackLoader:240 - Cannot read IP mode file for portGmbH.I-Cube-SoM-uGOAL.1.1.0
2023-10-09 14:57:55,518 [WARN] PackLoader:240 - Cannot read IP mode file for STMicroelectronics.X-CUBE-ALS.1.0.1
2023-10-09 14:57:55,542 [WARN] PackLoader:240 - Cannot read IP mode file for STMicroelectronics.X-CUBE-AZRTOS-WB.1.1.0
2023-10-09 14:57:55,551 [WARN] PackLoader:240 - Cannot read IP mode file for STMicroelectronics.FP-ATR-ASTRA1.2.0.0
2023-10-09 14:57:55,552 [INFO] ThirdParty:978 - Integrity check success = true
2023-10-09 14:57:55,553 [INFO] IntegrityCheckThread:100 - exiting critical section [integrity check]
2023-10-09 14:57:55,553 [INFO] IntegrityCheckThread:103 - End integrity checks thread
2023-10-09 15:24:21,314 [ERROR] LogOutputStream:75 - [STDERR_REDIRECT] SLF4J: Failed to load class "org.slf4j.impl.StaticLoggerBinder".
2023-10-09 15:24:21,315 [ERROR] LogOutputStream:75 - [STDERR_REDIRECT] SLF4J: Defaulting to no-operation (NOP) logger implementation
2023-10-09 15:24:21,320 [ERROR] LogOutputStream:75 - [STDERR_REDIRECT] SLF4J: See http://www.slf4j.org/codes.html#StaticLoggerBinder for further details.
2023-10-09 21:08:00,099 [ERROR] LogOutputStream:75 - [STDERR_REDIRECT] 
