2024-01-02 10:51:00,995 [INFO] Activator:176 - 


2024-01-02 10:51:01,007 [INFO] Activator:177 - !SESSION log4j initialized
2024-01-02 10:51:18,457 [INFO] LogOutputStream:77 - [STDOUT_REDIRECT] 
2024-01-02 10:51:27,139 [INFO] ApplicationProperties:184 - Using Application install path: C:\ST\STM32CubeIDE_1.4.0\STM32CubeIDE\plugins\com.st.stm32cube.common.mx_6.9.1.202307191849
2024-01-02 10:51:27,183 [INFO] DbMcusXml:78 - Set database path to: C:\ST\STM32CubeIDE_1.4.0\STM32CubeIDE\plugins\com.st.stm32cube.common.mx_6.9.1.202307191849\\db\/mcu/
2024-01-02 10:51:27,184 [INFO] ApiDb:274 - Set plugin database path to: C:\ST\STM32CubeIDE_1.4.0\STM32CubeIDE\plugins\com.st.stm32cube.common.mx_6.9.1.202307191849\\db\/plugins/boardmanager/
2024-01-02 10:51:27,185 [WARN] ApiDb:259 - Overriding images path with different value:  => C:\ST\STM32CubeIDE_1.4.0\STM32CubeIDE\plugins\com.st.stm32cube.common.mx_6.9.1.202307191849\\db\/plugins/mcufinder/images/
2024-01-02 10:51:27,214 [INFO] ApiDb:250 - Set database path to: C:\Users\Minh\.stmcufinder\plugins\mcufinder//mcu/
2024-01-02 10:51:27,217 [INFO] DbMcusAds:125 - Set database path to: C:\Users\Minh\.stmcufinder\plugins\mcufinder//mcu/
2024-01-02 10:51:27,222 [INFO] CrossReferenceDbSqlite:203 - Set database path to: C:\Users\Minh\.stmcufinder\plugins\mcufinder//mcu/cs/
2024-01-02 10:51:27,571 [INFO] RulesReader:64 - Compatibility file has been processed (293 Rules)
2024-01-02 10:51:27,788 [INFO] DbMcusXml:78 - Set database path to: C:\ST\STM32CubeIDE_1.4.0\STM32CubeIDE\plugins\com.st.stm32cube.common.mx_6.9.1.202307191849\\db\/mcu/
2024-01-02 10:51:27,788 [INFO] ApiDb:274 - Set plugin database path to: C:\ST\STM32CubeIDE_1.4.0\STM32CubeIDE\plugins\com.st.stm32cube.common.mx_6.9.1.202307191849\\db\/plugins/boardmanager/
2024-01-02 10:51:27,789 [INFO] ApiDb:261 - Set plugin images path to: C:\ST\STM32CubeIDE_1.4.0\STM32CubeIDE\plugins\com.st.stm32cube.common.mx_6.9.1.202307191849\\db\/plugins/mcufinder/images/
2024-01-02 10:51:27,789 [WARN] DbFile:41 - Overriding database path with different value: C:\Users\Minh\.stmcufinder\plugins\mcufinder/ => C:\Users\Minh\.stmcufinder\plugins\mcufinder
2024-01-02 10:51:27,789 [INFO] ApiDb:250 - Set database path to: C:\Users\Minh\.stmcufinder\plugins\mcufinder//mcu/
2024-01-02 10:51:27,790 [WARN] DbFile:41 - Overriding database path with different value: C:\Users\Minh\.stmcufinder\plugins\mcufinder/ => C:\Users\Minh\.stmcufinder\plugins\mcufinder
2024-01-02 10:51:27,790 [INFO] DbMcusAds:125 - Set database path to: C:\Users\Minh\.stmcufinder\plugins\mcufinder//mcu/
2024-01-02 10:51:27,790 [WARN] DbFile:41 - Overriding database path with different value: C:\Users\Minh\.stmcufinder\plugins\mcufinder/ => C:\Users\Minh\.stmcufinder\plugins\mcufinder
2024-01-02 10:51:27,790 [WARN] DbFile:41 - Overriding database path with different value: C:\Users\Minh\.stmcufinder\plugins\mcufinder/ => C:\Users\Minh\.stmcufinder\plugins\mcufinder
2024-01-02 10:51:27,791 [INFO] CrossReferenceDbSqlite:203 - Set database path to: C:\Users\Minh\.stmcufinder\plugins\mcufinder//mcu/cs/
2024-01-02 10:51:27,981 [INFO] MainPanel:262 - HeapMemory: 268435456
2024-01-02 10:51:28,176 [INFO] DbMcusXml:78 - Set database path to: C:\ST\STM32CubeIDE_1.4.0\STM32CubeIDE\plugins\com.st.stm32cube.common.mx_6.9.1.202307191849\\db\/mcu/
2024-01-02 10:51:28,176 [INFO] ApiDb:274 - Set plugin database path to: C:\ST\STM32CubeIDE_1.4.0\STM32CubeIDE\plugins\com.st.stm32cube.common.mx_6.9.1.202307191849\\db\/plugins/boardmanager/
2024-01-02 10:51:28,176 [INFO] ApiDb:261 - Set plugin images path to: C:\ST\STM32CubeIDE_1.4.0\STM32CubeIDE\plugins\com.st.stm32cube.common.mx_6.9.1.202307191849\\db\/plugins/mcufinder/images/
2024-01-02 10:51:28,177 [WARN] DbFile:41 - Overriding database path with different value: C:\Users\Minh\.stmcufinder\plugins\mcufinder/ => C:\Users\Minh\.stmcufinder\plugins\mcufinder
2024-01-02 10:51:28,177 [INFO] ApiDb:250 - Set database path to: C:\Users\Minh\.stmcufinder\plugins\mcufinder//mcu/
2024-01-02 10:51:28,177 [WARN] DbFile:41 - Overriding database path with different value: C:\Users\Minh\.stmcufinder\plugins\mcufinder/ => C:\Users\Minh\.stmcufinder\plugins\mcufinder
2024-01-02 10:51:28,178 [INFO] DbMcusAds:125 - Set database path to: C:\Users\Minh\.stmcufinder\plugins\mcufinder//mcu/
2024-01-02 10:51:28,178 [WARN] DbFile:41 - Overriding database path with different value: C:\Users\Minh\.stmcufinder\plugins\mcufinder/ => C:\Users\Minh\.stmcufinder\plugins\mcufinder
2024-01-02 10:51:28,178 [WARN] DbFile:41 - Overriding database path with different value: C:\Users\Minh\.stmcufinder\plugins\mcufinder/ => C:\Users\Minh\.stmcufinder\plugins\mcufinder
2024-01-02 10:51:28,178 [INFO] CrossReferenceDbSqlite:203 - Set database path to: C:\Users\Minh\.stmcufinder\plugins\mcufinder//mcu/cs/
2024-01-02 10:51:28,214 [INFO] ApplicationProperties:184 - Using Application install path: C:\ST\STM32CubeIDE_1.4.0\STM32CubeIDE\plugins\com.st.stm32cube.common.mx_6.9.1.202307191849
2024-01-02 10:51:28,216 [INFO] PluginManage:196 - Search for loadable plugins [exclusion list=, ]
2024-01-02 10:51:28,219 [INFO] PluginManage:310 - Check plugin analytics
2024-01-02 10:51:33,137 [INFO] AnalyticsPlugin:253 - Accepted Software Licenses: STM32CubeMX.6.0.0,STM32CubeMX.5.2.0
2024-01-02 10:51:33,138 [INFO] AnalyticsPlugin:255 - Accepted CMSIS Pack Licenses: 
2024-01-02 10:51:33,139 [INFO] AnalyticsPlugin:257 - Accepted Firmware Licenses: 
2024-01-02 10:51:33,145 [INFO] PluginManage:359 - Loaded plugin analytics (category:tool,tabindex:-1)
2024-01-02 10:51:33,146 [INFO] PluginManage:310 - Check plugin cadmodel
2024-01-02 10:51:33,179 [INFO] CADModel:105 - Init CAD model plugin
2024-01-02 10:51:33,180 [INFO] PluginManage:359 - Loaded plugin cadmodel (category:power,tabindex:5)
2024-01-02 10:51:33,180 [INFO] PluginManage:310 - Check plugin clock
2024-01-02 10:51:33,222 [INFO] PluginManage:359 - Loaded plugin clock (category:base,tabindex:2)
2024-01-02 10:51:33,222 [INFO] PluginManage:310 - Check plugin ddr
2024-01-02 10:51:33,228 [INFO] PluginManage:359 - Loaded plugin ddr (category:tool,tabindex:6)
2024-01-02 10:51:33,228 [INFO] PluginManage:310 - Check plugin filemanager
2024-01-02 10:51:33,527 [INFO] PluginManage:359 - Loaded plugin filemanager (category:base,tabindex:10)
2024-01-02 10:51:33,528 [INFO] PluginManage:310 - Check plugin ipmanager
2024-01-02 10:51:33,545 [INFO] PluginManage:359 - Loaded plugin ipmanager (category:base,tabindex:5)
2024-01-02 10:51:33,545 [INFO] PluginManage:310 - Check plugin lpbam
2024-01-02 10:51:33,580 [INFO] PluginManage:359 - Loaded plugin lpbam (category:base,tabindex:0)
2024-01-02 10:51:33,581 [INFO] PluginManage:310 - Check plugin memorymap
2024-01-02 10:51:33,625 [INFO] PluginManage:359 - Loaded plugin memorymap (category:base,tabindex:4)
2024-01-02 10:51:33,625 [INFO] PluginManage:310 - Check plugin pinoutandconfiguration
2024-01-02 10:51:33,657 [INFO] PluginManage:359 - Loaded plugin pinoutandconfiguration (category:base,tabindex:1)
2024-01-02 10:51:33,657 [INFO] PluginManage:310 - Check plugin pinoutconfig
2024-01-02 10:51:33,845 [WARN] SupportedApi:132 - Cannot load RTOS API schema: s4s-elt-must-match.1: The content of 'definitions' must match (annotation?, (simpleType | complexType)?, (unique | key | keyref)*)). A problem was found starting at: attribute.
2024-01-02 10:51:34,132 [INFO] PluginManage:359 - Loaded plugin pinoutconfig (category:base,tabindex:0)
2024-01-02 10:51:34,132 [INFO] PluginManage:310 - Check plugin power
2024-01-02 10:51:34,178 [INFO] PluginManage:359 - Loaded plugin power (category:power,tabindex:4)
2024-01-02 10:51:34,179 [INFO] PluginManage:310 - Check plugin projectmanager
2024-01-02 10:51:34,214 [INFO] PluginManage:359 - Loaded plugin projectmanager (category:projectmanager,tabindex:3)
2024-01-02 10:51:34,214 [INFO] PluginManage:310 - Check plugin thirdparty
2024-01-02 10:51:34,795 [INFO] PluginManage:359 - Loaded plugin thirdparty (category:base,tabindex:-1)
2024-01-02 10:51:34,795 [INFO] PluginManage:310 - Check plugin tools
2024-01-02 10:51:34,795 [WARN] IntegrityCheckThread:84 - waiting for thirdparty lock release [integrity check]
2024-01-02 10:51:34,795 [INFO] IntegrityCheckThread:86 - entering critical section [integrity check]
2024-01-02 10:51:34,796 [INFO] ThirdPartyUpdaterWithRetryManager:70 - Updater plugin not ready yet. [1/15]
2024-01-02 10:51:34,877 [INFO] PluginManage:359 - Loaded plugin tools (category:base,tabindex:7)
2024-01-02 10:51:34,877 [INFO] PluginManage:310 - Check plugin tutovideos
2024-01-02 10:51:35,278 [INFO] PluginManage:359 - Loaded plugin tutovideos (category:base,tabindex:-1)
2024-01-02 10:51:35,278 [INFO] PluginManage:310 - Check plugin updater
2024-01-02 10:51:35,300 [INFO] PluginManage:359 - Loaded plugin updater (category:base,tabindex:12)
2024-01-02 10:51:35,301 [INFO] PluginManage:310 - Check plugin userauth
2024-01-02 10:51:35,314 [INFO] UserAuth:113 - Init User Auth plugin
2024-01-02 10:51:35,314 [INFO] PluginManage:359 - Loaded plugin userauth (category:base,tabindex:14)
2024-01-02 10:51:35,315 [INFO] PluginManage:283 - PluginManage : Loaded plugins [17]
2024-01-02 10:51:35,773 [INFO] PinOutPanel:1499 - setPackage(No Configuration,No Configuration)
2024-01-02 10:51:36,005 [INFO] CADModel:165 - CPN selected for project level
2024-01-02 10:51:36,005 [INFO] CADModel:114 - Register for checkConnection events
2024-01-02 10:51:36,059 [INFO] IPUIPlugin:80 - create IPUIPlugin
2024-01-02 10:51:36,059 [INFO] PluginManager:220 - loadIPPluginJar : add adc
2024-01-02 10:51:36,151 [INFO] IPUIPlugin:80 - create IPUIPlugin
2024-01-02 10:51:36,151 [INFO] PluginManager:220 - loadIPPluginJar : add aes
2024-01-02 10:51:36,240 [INFO] IPUIPlugin:80 - create IPUIPlugin
2024-01-02 10:51:36,241 [INFO] PluginManager:220 - loadIPPluginJar : add can
2024-01-02 10:51:36,289 [INFO] IPUIPlugin:80 - create IPUIPlugin
2024-01-02 10:51:36,290 [INFO] PluginManager:220 - loadIPPluginJar : add comp
2024-01-02 10:51:36,361 [INFO] IPUIPlugin:80 - create IPUIPlugin
2024-01-02 10:51:36,361 [INFO] PluginManager:220 - loadIPPluginJar : add cryp
2024-01-02 10:51:36,431 [INFO] IPUIPlugin:80 - create IPUIPlugin
2024-01-02 10:51:36,431 [INFO] PluginManager:220 - loadIPPluginJar : add dfsdm
2024-01-02 10:51:36,462 [INFO] IPUIPlugin:80 - create IPUIPlugin
2024-01-02 10:51:36,463 [INFO] PluginManager:220 - loadIPPluginJar : add dma
2024-01-02 10:51:36,564 [INFO] IPUIPlugin:80 - create IPUIPlugin
2024-01-02 10:51:36,565 [INFO] PluginManager:220 - loadIPPluginJar : add dma3
2024-01-02 10:51:36,617 [INFO] IPUIPlugin:80 - create IPUIPlugin
2024-01-02 10:51:36,617 [INFO] PluginManager:220 - loadIPPluginJar : add fatfs
2024-01-02 10:51:36,724 [INFO] IPUIPlugin:80 - create IPUIPlugin
2024-01-02 10:51:36,724 [INFO] PluginManager:220 - loadIPPluginJar : add fmc
2024-01-02 10:51:36,752 [INFO] IPUIPlugin:80 - create IPUIPlugin
2024-01-02 10:51:36,752 [INFO] PluginManager:220 - loadIPPluginJar : add freertos
2024-01-02 10:51:36,799 [INFO] IPUIPlugin:80 - create IPUIPlugin
2024-01-02 10:51:36,800 [INFO] PluginManager:220 - loadIPPluginJar : add genericplugin
2024-01-02 10:51:37,004 [INFO] IPUIPlugin:80 - create IPUIPlugin
2024-01-02 10:51:37,004 [INFO] PluginManager:220 - loadIPPluginJar : add gfxmmu
2024-01-02 10:51:37,289 [INFO] IPUIPlugin:80 - create IPUIPlugin
2024-01-02 10:51:37,289 [INFO] PluginManager:220 - loadIPPluginJar : add gic
2024-01-02 10:51:37,313 [INFO] IPUIPlugin:80 - create IPUIPlugin
2024-01-02 10:51:37,314 [INFO] PluginManager:220 - loadIPPluginJar : add gpio
2024-01-02 10:51:37,517 [INFO] IPUIPlugin:80 - create IPUIPlugin
2024-01-02 10:51:37,518 [INFO] PluginManager:220 - loadIPPluginJar : add gtzc
2024-01-02 10:51:37,583 [INFO] IPUIPlugin:80 - create IPUIPlugin
2024-01-02 10:51:37,583 [INFO] PluginManager:220 - loadIPPluginJar : add hash
2024-01-02 10:51:37,705 [INFO] IPUIPlugin:80 - create IPUIPlugin
2024-01-02 10:51:37,706 [INFO] PluginManager:220 - loadIPPluginJar : add i2c
2024-01-02 10:51:37,797 [INFO] ThirdPartyUpdaterWithRetryManager:70 - Updater plugin not ready yet. [2/15]
2024-01-02 10:51:37,825 [INFO] IPUIPlugin:80 - create IPUIPlugin
2024-01-02 10:51:37,825 [INFO] PluginManager:220 - loadIPPluginJar : add i2s
2024-01-02 10:51:37,915 [INFO] IPUIPlugin:80 - create IPUIPlugin
2024-01-02 10:51:37,916 [INFO] PluginManager:220 - loadIPPluginJar : add i3c
2024-01-02 10:51:38,148 [INFO] IPUIPlugin:80 - create IPUIPlugin
2024-01-02 10:51:38,148 [INFO] PluginManager:220 - loadIPPluginJar : add ipddr
2024-01-02 10:51:38,352 [INFO] IPUIPlugin:80 - create IPUIPlugin
2024-01-02 10:51:38,352 [INFO] PluginManager:220 - loadIPPluginJar : add linkedlist
2024-01-02 10:51:38,419 [INFO] IPUIPlugin:80 - create IPUIPlugin
2024-01-02 10:51:38,419 [INFO] PluginManager:220 - loadIPPluginJar : add lorawan
2024-01-02 10:51:38,489 [INFO] IPUIPlugin:80 - create IPUIPlugin
2024-01-02 10:51:38,490 [INFO] PluginManager:220 - loadIPPluginJar : add ltdc
2024-01-02 10:51:38,518 [INFO] IPUIPlugin:80 - create IPUIPlugin
2024-01-02 10:51:38,519 [INFO] PluginManager:220 - loadIPPluginJar : add mdma
2024-01-02 10:51:38,542 [INFO] IPUIPlugin:80 - create IPUIPlugin
2024-01-02 10:51:38,542 [INFO] PluginManager:220 - loadIPPluginJar : add nvic
2024-01-02 10:51:38,611 [INFO] IPUIPlugin:80 - create IPUIPlugin
2024-01-02 10:51:38,611 [INFO] PluginManager:220 - loadIPPluginJar : add opamp
2024-01-02 10:51:38,735 [INFO] IPUIPlugin:80 - create IPUIPlugin
2024-01-02 10:51:38,735 [INFO] PluginManager:220 - loadIPPluginJar : add openamp
2024-01-02 10:51:38,832 [INFO] IPUIPlugin:80 - create IPUIPlugin
2024-01-02 10:51:38,832 [INFO] PluginManager:220 - loadIPPluginJar : add pdm2pcm
2024-01-02 10:51:38,864 [INFO] IPUIPlugin:80 - create IPUIPlugin
2024-01-02 10:51:38,869 [INFO] PluginManager:220 - loadIPPluginJar : add plateformsettings
2024-01-02 10:51:38,910 [INFO] IPUIPlugin:80 - create IPUIPlugin
2024-01-02 10:51:38,910 [INFO] PluginManager:220 - loadIPPluginJar : add quadspi
2024-01-02 10:51:38,934 [INFO] IPUIPlugin:80 - create IPUIPlugin
2024-01-02 10:51:38,934 [INFO] PluginManager:220 - loadIPPluginJar : add resmgrutility
2024-01-02 10:51:39,034 [INFO] IPUIPlugin:80 - create IPUIPlugin
2024-01-02 10:51:39,034 [INFO] PluginManager:220 - loadIPPluginJar : add sai
2024-01-02 10:51:39,113 [INFO] IPUIPlugin:80 - create IPUIPlugin
2024-01-02 10:51:39,113 [INFO] PluginManager:220 - loadIPPluginJar : add spi
2024-01-02 10:51:39,241 [INFO] IPUIPlugin:80 - create IPUIPlugin
2024-01-02 10:51:39,241 [INFO] PluginManager:220 - loadIPPluginJar : add stm32_wpan
2024-01-02 10:51:39,297 [INFO] IPUIPlugin:80 - create IPUIPlugin
2024-01-02 10:51:39,297 [INFO] PluginManager:220 - loadIPPluginJar : add tim
2024-01-02 10:51:39,424 [INFO] IPUIPlugin:80 - create IPUIPlugin
2024-01-02 10:51:39,424 [INFO] PluginManager:220 - loadIPPluginJar : add touchsensing
2024-01-02 10:51:39,469 [INFO] IPUIPlugin:80 - create IPUIPlugin
2024-01-02 10:51:39,470 [INFO] PluginManager:220 - loadIPPluginJar : add tracer_emb
2024-01-02 10:51:39,516 [INFO] IPUIPlugin:80 - create IPUIPlugin
2024-01-02 10:51:39,516 [INFO] PluginManager:220 - loadIPPluginJar : add ts
2024-01-02 10:51:39,561 [INFO] IPUIPlugin:80 - create IPUIPlugin
2024-01-02 10:51:39,562 [INFO] PluginManager:220 - loadIPPluginJar : add tsc
2024-01-02 10:51:39,605 [INFO] IPUIPlugin:80 - create IPUIPlugin
2024-01-02 10:51:39,605 [INFO] PluginManager:220 - loadIPPluginJar : add ucpd
2024-01-02 10:51:39,688 [INFO] IPUIPlugin:80 - create IPUIPlugin
2024-01-02 10:51:39,688 [INFO] PluginManager:220 - loadIPPluginJar : add usart
2024-01-02 10:51:39,774 [INFO] IPUIPlugin:80 - create IPUIPlugin
2024-01-02 10:51:39,774 [INFO] PluginManager:220 - loadIPPluginJar : add usbx
2024-01-02 10:51:40,001 [INFO] CADModel:165 - CPN selected for project level
2024-01-02 10:51:40,001 [INFO] CADModel:114 - Register for checkConnection events
2024-01-02 10:51:40,002 [FATAL] Updater:308 - Updater called before beeing initialized
2024-01-02 10:51:40,002 [ERROR] CADModel:125 - Updater not yet initialized, retry later 
2024-01-02 10:51:40,302 [INFO] CADModel:165 - CPN selected for project level
2024-01-02 10:51:40,302 [INFO] CADModel:114 - Register for checkConnection events
2024-01-02 10:51:40,302 [FATAL] Updater:308 - Updater called before beeing initialized
2024-01-02 10:51:40,302 [ERROR] CADModel:125 - Updater not yet initialized, retry later 
2024-01-02 10:51:40,308 [FATAL] Updater:308 - Updater called before beeing initialized
2024-01-02 10:51:40,545 [FATAL] Updater:308 - Updater called before beeing initialized
2024-01-02 10:51:40,557 [INFO] DbMcusAds:53 - JSON generation date=Wed Nov 29 19:52:27 JST 2023 (1701255147349)
2024-01-02 10:51:40,557 [FATAL] Updater:308 - Updater called before beeing initialized
2024-01-02 10:51:40,730 [WARN] DetailPanel:346 - Failed to get advertising image, set to default
2024-01-02 10:51:40,799 [INFO] ThirdPartyUpdaterWithRetryManager:70 - Updater plugin not ready yet. [3/15]
2024-01-02 10:51:40,933 [FATAL] Updater:308 - Updater called before beeing initialized
2024-01-02 10:51:40,936 [FATAL] Updater:308 - Updater called before beeing initialized
2024-01-02 10:51:40,937 [FATAL] Updater:308 - Updater called before beeing initialized
2024-01-02 10:51:40,937 [WARN] DetailPanel:346 - Failed to get advertising image, set to default
2024-01-02 10:51:40,938 [FATAL] Updater:308 - Updater called before beeing initialized
2024-01-02 10:51:41,097 [ERROR] Updater:1120 - MainUpdater not yet initialized. External WinMGr cannot be set.
2024-01-02 10:51:41,123 [INFO] Updater:1056 - Updater Version found : 6.9.1
2024-01-02 10:51:41,165 [INFO] ApplicationProperties:184 - Using Application install path: C:\ST\STM32CubeIDE_1.4.0\STM32CubeIDE\plugins\com.st.stm32cube.common.mx_6.9.1.202307191849
2024-01-02 10:51:41,465 [INFO] MainUpdater:2868 - connection check result : 10
2024-01-02 10:51:41,466 [INFO] MainUpdater:285 - Updater Check For Update Now.
2024-01-02 10:51:41,467 [INFO] MicroXplorer:498 - Change Database Version : DB.6.0.91
2024-01-02 10:51:41,504 [INFO] McuFinderGlobals:63 - Set McuFinder mode to 2 (CubeIDE integrated)
2024-01-02 10:51:41,505 [INFO] UserAuth:179 - activating auth plugin
2024-01-02 10:51:41,513 [INFO] UserAuth:393 - Internet connection configuration mode: 1
2024-01-02 10:51:41,557 [INFO] JxBrowserEngine:151 - Initiate JxBrowser Engine with user profile folder
2024-01-02 10:51:41,769 [INFO] CheckServerUpdateThread:120 - End of CheckServer Thread
2024-01-02 10:51:43,403 [INFO] WebApp:157 - Instantiating new browser for Auth
2024-01-02 10:51:44,342 [WARN] PackLoader:240 - Cannot read IP mode file for STMicroelectronics.X-CUBE-SMBUS.2.1.0
2024-01-02 10:51:44,363 [WARN] PackLoader:240 - Cannot read IP mode file for STMicroelectronics.X-CUBE-TOUCHGFX.4.23.0
2024-01-02 10:51:44,453 [WARN] PackLoader:240 - Cannot read IP mode file for STMicroelectronics.X-CUBE-AZRTOS-F7.1.1.0
2024-01-02 10:51:44,479 [ERROR] RealEvaluatedCondition:428 - Found unsupported composite condition: CLASS='Data Exchange' GROUP='STM32_MetaDataManager'
2024-01-02 10:51:44,480 [ERROR] RealEvaluatedCondition:428 - Found unsupported composite condition: CLASS='Data Exchange' GROUP='STM32_MetaDataManager'
2024-01-02 10:51:44,484 [WARN] PackLoader:240 - Cannot read IP mode file for STMicroelectronics.FP-SNS-MOTENV1.4.3.0
2024-01-02 10:51:44,506 [WARN] PackLoader:240 - Cannot read IP mode file for STMicroelectronics.FP-SNS-MOTENV1.4.3.2
2024-01-02 10:51:44,526 [WARN] PackLoader:240 - Cannot read IP mode file for STMicroelectronics.FP-SNS-FLIGHT1.5.0.0
2024-01-02 10:51:44,537 [ERROR] RealEvaluatedCondition:428 - Found unsupported composite condition: CLASS='Data Exchange' GROUP='STM32_MetaDataManager'
2024-01-02 10:51:44,538 [ERROR] RealEvaluatedCondition:428 - Found unsupported composite condition: CLASS='Data Exchange' GROUP='STM32_MetaDataManager'
2024-01-02 10:51:44,543 [WARN] PackLoader:240 - Cannot read IP mode file for STMicroelectronics.FP-SNS-MOTENV1.4.3.1
2024-01-02 10:51:44,560 [WARN] PackLoader:240 - Cannot read IP mode file for STMicroelectronics.FP-SNS-FLIGHT1.5.0.1
2024-01-02 10:51:44,578 [WARN] PackLoader:240 - Cannot read IP mode file for STMicroelectronics.X-CUBE-BLE1.6.2.4
2024-01-02 10:51:44,594 [WARN] PackLoader:240 - Cannot read IP mode file for STMicroelectronics.FP-SNS-FLIGHT1.5.0.2
2024-01-02 10:51:44,623 [WARN] PackLoader:240 - Cannot read IP mode file for STMicroelectronics.X-CUBE-DISPLAY.3.0.0
2024-01-02 10:51:44,646 [WARN] PackLoader:240 - Cannot read IP mode file for STMicroelectronics.X-CUBE-BLE1.7.0.0
2024-01-02 10:51:44,653 [WARN] PackLoader:240 - Cannot read IP mode file for STMicroelectronics.X-CUBE-TOUCHGFX.4.22.0
2024-01-02 10:51:44,666 [WARN] PackLoader:240 - Cannot read IP mode file for STMicroelectronics.X-CUBE-TOUCHGFX.4.22.1
2024-01-02 10:51:44,680 [WARN] PackLoader:240 - Cannot read IP mode file for STMicroelectronics.FP-SNS-SMARTAG2.1.2.0
2024-01-02 10:51:44,715 [INFO] LogOutputStream:77 - [STDOUT_REDIRECT] 1 : Invalid condition id : UX_CORESTACK_Condition cause : null
2024-01-02 10:51:44,716 [INFO] LogOutputStream:77 - [STDOUT_REDIRECT] 1 : Invalid condition id : UX_CORESTACK_Condition cause : null
2024-01-02 10:51:44,720 [INFO] LogOutputStream:77 - [STDOUT_REDIRECT] 1 : Invalid condition id : UX_CORESTACK_Condition cause : null
2024-01-02 10:51:44,725 [INFO] LogOutputStream:77 - [STDOUT_REDIRECT] 1 : Invalid condition id : UX_CORESTACK_Condition cause : null
2024-01-02 10:51:44,729 [INFO] LogOutputStream:77 - [STDOUT_REDIRECT] 1 : Invalid condition id : UX_CORESTACK_Condition cause : null
2024-01-02 10:51:44,741 [WARN] PackLoader:240 - Cannot read IP mode file for STMicroelectronics.X-CUBE-AZRTOS-WL.2.0.0
2024-01-02 10:51:44,766 [WARN] PackLoader:240 - Cannot read IP mode file for WES.I-CUBE-Cesium.1.3.0
2024-01-02 10:51:44,779 [WARN] PackLoader:240 - Cannot read IP mode file for STMicroelectronics.X-CUBE-BLE2.3.3.0
2024-01-02 10:51:44,834 [WARN] PackLoader:240 - Cannot read IP mode file for STMicroelectronics.X-CUBE-TOF1.3.2.0
2024-01-02 10:51:44,859 [WARN] PackLoader:240 - Cannot read IP mode file for STMicroelectronics.X-CUBE-TOUCHGFX.4.21.1
2024-01-02 10:51:44,866 [WARN] PackLoader:240 - Cannot read IP mode file for STMicroelectronics.X-CUBE-TOUCHGFX.4.21.3
2024-01-02 10:51:44,875 [WARN] PackLoader:240 - Cannot read IP mode file for STMicroelectronics.X-CUBE-TOUCHGFX.4.21.4
2024-01-02 10:51:44,891 [WARN] PackLoader:240 - Cannot read IP mode file for STMicroelectronics.X-CUBE-ALGOBUILD.1.3.0
2024-01-02 10:51:44,940 [WARN] PackLoader:240 - Cannot read IP mode file for STMicroelectronics.X-CUBE-AZRTOS-G0.1.1.0
2024-01-02 10:51:44,959 [WARN] PackLoader:240 - Cannot read IP mode file for STMicroelectronics.X-CUBE-NFC4.3.0.0
2024-01-02 10:51:44,983 [WARN] PackLoader:240 - Cannot read IP mode file for STMicroelectronics.X-CUBE-BLEMGR.3.0.0
2024-01-02 10:51:45,000 [WARN] PackLoader:240 - Cannot read IP mode file for STMicroelectronics.FP-ATR-SIGFOX1.3.2.0
2024-01-02 10:51:45,116 [WARN] PackLoader:240 - Cannot read IP mode file for STMicroelectronics.X-CUBE-MEMS1.9.5.0
2024-01-02 10:51:45,363 [INFO] WebApp:753 - Register for checkConnection events
2024-01-02 10:51:45,363 [INFO] WebApp:390 - Apply proxy settings
2024-01-02 10:51:45,363 [INFO] WebApp:475 - Chromium requires no authentication
2024-01-02 10:51:45,388 [INFO] WebApp:418 - Direct internet connection detected
2024-01-02 10:51:45,698 [WARN] PackLoader:240 - Cannot read IP mode file for SEGGER.I-CUBE-embOS.1.3.1
2024-01-02 10:51:45,822 [WARN] PackLoader:240 - Cannot read IP mode file for STMicroelectronics.X-CUBE-GNSS1.6.0.0
2024-01-02 10:51:45,864 [WARN] PackLoader:240 - Cannot read IP mode file for STMicroelectronics.X-CUBE-AZRTOS-F4.1.1.0
2024-01-02 10:51:45,917 [WARN] PackLoader:240 - Cannot read IP mode file for STMicroelectronics.X-CUBE-AZRTOS-L5.2.0.0
2024-01-02 10:51:46,027 [INFO] WebApp:188 - Starting web application
2024-01-02 10:51:46,028 [INFO] WebApp:520 - Web application path used C:\ST\STM32CubeIDE_1.4.0\STM32CubeIDE\plugins\com.st.stm32cube.common.mx_6.9.1.202307191849\db\plugins\mcufinder\reactClient1\index.html
2024-01-02 10:51:46,033 [WARN] PackLoader:240 - Cannot read IP mode file for STMicroelectronics.X-CUBE-MEMS1.9.6.0
2024-01-02 10:51:46,542 [WARN] PackLoader:240 - Cannot read IP mode file for STMicroelectronics.X-CUBE-EEPRMA1.4.2.0
2024-01-02 10:51:46,561 [WARN] PackLoader:240 - Cannot read IP mode file for ITTIA_DB.I-CUBE-ITTIADB.8.8.0
2024-01-02 10:51:46,578 [WARN] PackLoader:240 - Cannot read IP mode file for emotas.I-CUBE-CANOPEN.1.1.3
2024-01-02 10:51:46,596 [WARN] PackLoader:240 - Cannot read IP mode file for STMicroelectronics.X-CUBE-BLEMGR.2.0.0
2024-01-02 10:51:46,663 [WARN] ConditionMgr:438 - getConditionDescription Invalid condition id : UX DEVICE CLASS RTOS Condition cause : null
2024-01-02 10:51:46,663 [WARN] ConditionMgr:438 - getConditionDescription Invalid condition id : UX DEVICE CLASS RTOS Condition cause : null
2024-01-02 10:51:46,672 [WARN] PackLoader:240 - Cannot read IP mode file for STMicroelectronics.X-CUBE-AZRTOS-H7.3.1.0
2024-01-02 10:51:46,675 [WARN] ConditionMgr:1039 - genDependencies : Invalid condition id : UX DEVICE CLASS RTOS Condition cause : null
2024-01-02 10:51:46,676 [WARN] ConditionMgr:1039 - genDependencies : Invalid condition id : UX DEVICE CLASS RTOS Condition cause : null
2024-01-02 10:51:46,677 [WARN] ConditionMgr:1039 - genDependencies : Invalid condition id : UX DEVICE CLASS RTOS Condition cause : null
2024-01-02 10:51:46,679 [WARN] ConditionMgr:1039 - genDependencies : Invalid condition id : UX DEVICE CLASS RTOS Condition cause : null
2024-01-02 10:51:46,679 [WARN] ConditionMgr:1039 - genDependencies : Invalid condition id : UX DEVICE CLASS RTOS Condition cause : null
2024-01-02 10:51:46,694 [WARN] PackLoader:240 - Cannot read IP mode file for wolfSSL.I-CUBE-wolfSSL.5.5.4
2024-01-02 10:51:46,706 [WARN] PackLoader:240 - Cannot read IP mode file for STMicroelectronics.X-CUBE-NFC7.1.0.1
2024-01-02 10:51:46,717 [WARN] PackLoader:240 - Cannot read IP mode file for STMicroelectronics.X-CUBE-NFC7.1.0.0
2024-01-02 10:51:46,760 [WARN] PackLoader:240 - Cannot read IP mode file for STMicroelectronics.X-CUBE-NFC6.3.0.0
2024-01-02 10:51:46,787 [WARN] PackLoader:240 - Cannot read IP mode file for STMicroelectronics.X-CUBE-EEPRMA1.4.1.0
2024-01-02 10:51:46,799 [WARN] PackLoader:240 - Cannot read IP mode file for STMicroelectronics.X-CUBE-AI.8.1.0
2024-01-02 10:51:46,843 [WARN] ConditionMgr:438 - getConditionDescription Invalid condition id : LAN8742 Phy interface Condition cause : null
2024-01-02 10:51:46,845 [WARN] PackLoader:240 - Cannot read IP mode file for STMicroelectronics.X-CUBE-AZRTOS-L4.2.0.0
2024-01-02 10:51:46,848 [WARN] ConditionMgr:1039 - genDependencies : Invalid condition id : LAN8742 Phy interface Condition cause : null
2024-01-02 10:51:46,849 [WARN] ConditionMgr:1039 - genDependencies : Invalid condition id : LAN8742 Phy interface Condition cause : null
2024-01-02 10:51:46,850 [WARN] ConditionMgr:1039 - genDependencies : Invalid condition id : LAN8742 Phy interface Condition cause : null
2024-01-02 10:51:46,906 [WARN] PackLoader:240 - Cannot read IP mode file for STMicroelectronics.X-CUBE-SFXS2LP1.4.0.0
2024-01-02 10:51:46,956 [WARN] PackLoader:240 - Cannot read IP mode file for STMicroelectronics.X-CUBE-AZRTOS-H7.3.0.0
2024-01-02 10:51:46,975 [WARN] PackLoader:240 - Cannot read IP mode file for STMicroelectronics.X-CUBE-ISPU.1.1.0
2024-01-02 10:51:46,999 [WARN] PackLoader:240 - Cannot read IP mode file for RoweBots.I-CUBE-UNISONRTOS.5.5.0-4
2024-01-02 10:51:47,023 [WARN] PackLoader:240 - Cannot read IP mode file for STMicroelectronics.X-CUBE-AI.8.0.0
2024-01-02 10:51:47,067 [WARN] ConditionMgr:438 - getConditionDescription Invalid condition id : UX DEVICE CLASS RTOS Condition cause : null
2024-01-02 10:51:47,068 [WARN] ConditionMgr:438 - getConditionDescription Invalid condition id : UX DEVICE CLASS RTOS Condition cause : null
2024-01-02 10:51:47,073 [WARN] PackLoader:240 - Cannot read IP mode file for STMicroelectronics.X-CUBE-AZRTOS-WB.2.0.0
2024-01-02 10:51:47,075 [WARN] ConditionMgr:1039 - genDependencies : Invalid condition id : UX DEVICE CLASS RTOS Condition cause : null
2024-01-02 10:51:47,075 [WARN] ConditionMgr:1039 - genDependencies : Invalid condition id : UX DEVICE CLASS RTOS Condition cause : null
2024-01-02 10:51:47,076 [WARN] ConditionMgr:1039 - genDependencies : Invalid condition id : UX DEVICE CLASS RTOS Condition cause : null
2024-01-02 10:51:47,077 [WARN] ConditionMgr:1039 - genDependencies : Invalid condition id : UX DEVICE CLASS RTOS Condition cause : null
2024-01-02 10:51:47,078 [WARN] ConditionMgr:1039 - genDependencies : Invalid condition id : UX DEVICE CLASS RTOS Condition cause : null
2024-01-02 10:51:47,091 [WARN] PackLoader:240 - Cannot read IP mode file for STMicroelectronics.X-CUBE-FREERTOS.1.0.0
2024-01-02 10:51:47,099 [WARN] PackLoader:240 - Cannot read IP mode file for STMicroelectronics.X-CUBE-FREERTOS.1.0.1
2024-01-02 10:51:47,133 [WARN] PackLoader:240 - Cannot read IP mode file for STMicroelectronics.X-CUBE-AZRTOS-L5.1.1.0
2024-01-02 10:51:47,153 [WARN] PackLoader:240 - Cannot read IP mode file for STMicroelectronics.X-CUBE-AI.8.0.1
2024-01-02 10:51:47,175 [WARN] PackLoader:240 - Cannot read IP mode file for STMicroelectronics.X-CUBE-SUBG2.5.0.0
2024-01-02 10:51:47,207 [WARN] PackLoader:240 - Cannot read IP mode file for STMicroelectronics.X-CUBE-TOF1.3.3.1
2024-01-02 10:51:47,264 [WARN] PackLoader:240 - Cannot read IP mode file for STMicroelectronics.X-CUBE-AZRTOS-G4.2.0.0
2024-01-02 10:51:47,289 [WARN] PackLoader:240 - Cannot read IP mode file for STMicroelectronics.X-CUBE-TOF1.3.3.0
2024-01-02 10:51:47,329 [WARN] PackLoader:240 - Cannot read IP mode file for STMicroelectronics.FP-ATR-ASTRA1.1.1.1
2024-01-02 10:51:47,370 [WARN] PackLoader:240 - Cannot read IP mode file for Infineon.AIROC-Wi-Fi-Bluetooth-STM32.1.5.1
2024-01-02 10:51:47,388 [WARN] PackLoader:240 - Cannot read IP mode file for STMicroelectronics.FP-SNS-MOTENVWB1.1.3.0
2024-01-02 10:51:47,396 [WARN] PackLoader:240 - Cannot read IP mode file for STMicroelectronics.FP-SNS-MOTENVWB1.1.3.1
2024-01-02 10:51:47,426 [WARN] PackLoader:240 - Cannot read IP mode file for STMicroelectronics.X-CUBE-AZRTOS-G4.1.0.0
2024-01-02 10:51:47,471 [WARN] PackLoader:240 - Cannot read IP mode file for STMicroelectronics.X-CUBE-AZRTOS-L4.1.0.0
2024-01-02 10:51:47,486 [WARN] PackLoader:240 - Cannot read IP mode file for STMicroelectronics.X-CUBE-ISPU.2.0.0
2024-01-02 10:51:47,583 [WARN] PackLoader:240 - Cannot read IP mode file for STMicroelectronics.X-CUBE-MEMS1.10.0.0
2024-01-02 10:51:47,898 [WARN] PackLoader:240 - Cannot read IP mode file for STMicroelectronics.X-CUBE-FREERTOS.1.1.0
2024-01-02 10:51:47,931 [WARN] PackLoader:240 - Cannot read IP mode file for STMicroelectronics.X-CUBE-AZRTOS-WL.1.0.0
2024-01-02 10:51:47,949 [WARN] PackLoader:240 - Cannot read IP mode file for portGmbH.I-Cube-SoM-uGOAL.1.1.0
2024-01-02 10:51:47,960 [WARN] PackLoader:240 - Cannot read IP mode file for STMicroelectronics.X-CUBE-ALS.1.0.1
2024-01-02 10:51:48,000 [WARN] PackLoader:240 - Cannot read IP mode file for STMicroelectronics.X-CUBE-AZRTOS-WB.1.1.0
2024-01-02 10:51:48,012 [WARN] PackLoader:240 - Cannot read IP mode file for STMicroelectronics.FP-ATR-ASTRA1.2.0.0
2024-01-02 10:51:48,039 [WARN] PackLoader:240 - Cannot read IP mode file for STMicroelectronics.X-CUBE-TOF1.3.4.0
2024-01-02 10:51:48,113 [WARN] PackLoader:240 - Cannot read IP mode file for STMicroelectronics.X-CUBE-AZRTOS-H7.3.2.0
2024-01-02 10:51:48,121 [INFO] ThirdParty:978 - Integrity check success = true
2024-01-02 10:51:48,122 [INFO] IntegrityCheckThread:100 - exiting critical section [integrity check]
2024-01-02 10:51:48,122 [INFO] IntegrityCheckThread:103 - End integrity checks thread
2024-01-02 11:43:39,007 [ERROR] LogOutputStream:75 - [STDERR_REDIRECT] SLF4J: Failed to load class "org.slf4j.impl.StaticLoggerBinder".
2024-01-02 11:43:39,009 [ERROR] LogOutputStream:75 - [STDERR_REDIRECT] SLF4J: Defaulting to no-operation (NOP) logger implementation
2024-01-02 11:43:39,012 [ERROR] LogOutputStream:75 - [STDERR_REDIRECT] SLF4J: See http://www.slf4j.org/codes.html#StaticLoggerBinder for further details.
2024-01-02 22:55:33,665 [ERROR] LogOutputStream:75 - [STDERR_REDIRECT] 
