2023-11-09 22:57:27,570 [INFO] Activator:176 - 


2023-11-09 22:57:27,581 [INFO] Activator:177 - !SESSION log4j initialized
2023-11-09 22:57:40,352 [INFO] LogOutputStream:77 - [STDOUT_REDIRECT] 
2023-11-09 22:57:47,669 [INFO] ApplicationProperties:184 - Using Application install path: C:\ST\STM32CubeIDE_1.4.0\STM32CubeIDE\plugins\com.st.stm32cube.common.mx_6.9.1.202307191849
2023-11-09 22:57:47,699 [INFO] DbMcusXml:78 - Set database path to: C:\ST\STM32CubeIDE_1.4.0\STM32CubeIDE\plugins\com.st.stm32cube.common.mx_6.9.1.202307191849\\db\/mcu/
2023-11-09 22:57:47,699 [INFO] ApiDb:274 - Set plugin database path to: C:\ST\STM32CubeIDE_1.4.0\STM32CubeIDE\plugins\com.st.stm32cube.common.mx_6.9.1.202307191849\\db\/plugins/boardmanager/
2023-11-09 22:57:47,700 [WARN] ApiDb:259 - Overriding images path with different value:  => C:\ST\STM32CubeIDE_1.4.0\STM32CubeIDE\plugins\com.st.stm32cube.common.mx_6.9.1.202307191849\\db\/plugins/mcufinder/images/
2023-11-09 22:57:47,718 [INFO] ApiDb:250 - Set database path to: C:\Users\Minh\.stmcufinder\plugins\mcufinder//mcu/
2023-11-09 22:57:47,720 [INFO] DbMcusAds:125 - Set database path to: C:\Users\Minh\.stmcufinder\plugins\mcufinder//mcu/
2023-11-09 22:57:47,723 [INFO] CrossReferenceDbSqlite:203 - Set database path to: C:\Users\Minh\.stmcufinder\plugins\mcufinder//mcu/cs/
2023-11-09 22:57:47,923 [INFO] RulesReader:64 - Compatibility file has been processed (293 Rules)
2023-11-09 22:57:48,067 [INFO] DbMcusXml:78 - Set database path to: C:\ST\STM32CubeIDE_1.4.0\STM32CubeIDE\plugins\com.st.stm32cube.common.mx_6.9.1.202307191849\\db\/mcu/
2023-11-09 22:57:48,067 [INFO] ApiDb:274 - Set plugin database path to: C:\ST\STM32CubeIDE_1.4.0\STM32CubeIDE\plugins\com.st.stm32cube.common.mx_6.9.1.202307191849\\db\/plugins/boardmanager/
2023-11-09 22:57:48,067 [INFO] ApiDb:261 - Set plugin images path to: C:\ST\STM32CubeIDE_1.4.0\STM32CubeIDE\plugins\com.st.stm32cube.common.mx_6.9.1.202307191849\\db\/plugins/mcufinder/images/
2023-11-09 22:57:48,068 [WARN] DbFile:41 - Overriding database path with different value: C:\Users\Minh\.stmcufinder\plugins\mcufinder/ => C:\Users\Minh\.stmcufinder\plugins\mcufinder
2023-11-09 22:57:48,068 [INFO] ApiDb:250 - Set database path to: C:\Users\Minh\.stmcufinder\plugins\mcufinder//mcu/
2023-11-09 22:57:48,068 [WARN] DbFile:41 - Overriding database path with different value: C:\Users\Minh\.stmcufinder\plugins\mcufinder/ => C:\Users\Minh\.stmcufinder\plugins\mcufinder
2023-11-09 22:57:48,068 [INFO] DbMcusAds:125 - Set database path to: C:\Users\Minh\.stmcufinder\plugins\mcufinder//mcu/
2023-11-09 22:57:48,068 [WARN] DbFile:41 - Overriding database path with different value: C:\Users\Minh\.stmcufinder\plugins\mcufinder/ => C:\Users\Minh\.stmcufinder\plugins\mcufinder
2023-11-09 22:57:48,069 [WARN] DbFile:41 - Overriding database path with different value: C:\Users\Minh\.stmcufinder\plugins\mcufinder/ => C:\Users\Minh\.stmcufinder\plugins\mcufinder
2023-11-09 22:57:48,069 [INFO] CrossReferenceDbSqlite:203 - Set database path to: C:\Users\Minh\.stmcufinder\plugins\mcufinder//mcu/cs/
2023-11-09 22:57:48,204 [INFO] MainPanel:262 - HeapMemory: 268435456
2023-11-09 22:57:48,379 [INFO] DbMcusXml:78 - Set database path to: C:\ST\STM32CubeIDE_1.4.0\STM32CubeIDE\plugins\com.st.stm32cube.common.mx_6.9.1.202307191849\\db\/mcu/
2023-11-09 22:57:48,379 [INFO] ApiDb:274 - Set plugin database path to: C:\ST\STM32CubeIDE_1.4.0\STM32CubeIDE\plugins\com.st.stm32cube.common.mx_6.9.1.202307191849\\db\/plugins/boardmanager/
2023-11-09 22:57:48,379 [INFO] ApiDb:261 - Set plugin images path to: C:\ST\STM32CubeIDE_1.4.0\STM32CubeIDE\plugins\com.st.stm32cube.common.mx_6.9.1.202307191849\\db\/plugins/mcufinder/images/
2023-11-09 22:57:48,380 [WARN] DbFile:41 - Overriding database path with different value: C:\Users\Minh\.stmcufinder\plugins\mcufinder/ => C:\Users\Minh\.stmcufinder\plugins\mcufinder
2023-11-09 22:57:48,380 [INFO] ApiDb:250 - Set database path to: C:\Users\Minh\.stmcufinder\plugins\mcufinder//mcu/
2023-11-09 22:57:48,380 [WARN] DbFile:41 - Overriding database path with different value: C:\Users\Minh\.stmcufinder\plugins\mcufinder/ => C:\Users\Minh\.stmcufinder\plugins\mcufinder
2023-11-09 22:57:48,381 [INFO] DbMcusAds:125 - Set database path to: C:\Users\Minh\.stmcufinder\plugins\mcufinder//mcu/
2023-11-09 22:57:48,381 [WARN] DbFile:41 - Overriding database path with different value: C:\Users\Minh\.stmcufinder\plugins\mcufinder/ => C:\Users\Minh\.stmcufinder\plugins\mcufinder
2023-11-09 22:57:48,381 [WARN] DbFile:41 - Overriding database path with different value: C:\Users\Minh\.stmcufinder\plugins\mcufinder/ => C:\Users\Minh\.stmcufinder\plugins\mcufinder
2023-11-09 22:57:48,381 [INFO] CrossReferenceDbSqlite:203 - Set database path to: C:\Users\Minh\.stmcufinder\plugins\mcufinder//mcu/cs/
2023-11-09 22:57:48,412 [INFO] ApplicationProperties:184 - Using Application install path: C:\ST\STM32CubeIDE_1.4.0\STM32CubeIDE\plugins\com.st.stm32cube.common.mx_6.9.1.202307191849
2023-11-09 22:57:48,414 [INFO] PluginManage:196 - Search for loadable plugins [exclusion list=, ]
2023-11-09 22:57:48,416 [INFO] PluginManage:310 - Check plugin analytics
2023-11-09 22:57:53,236 [INFO] AnalyticsPlugin:253 - Accepted Software Licenses: STM32CubeMX.6.0.0,STM32CubeMX.5.2.0
2023-11-09 22:57:53,236 [INFO] AnalyticsPlugin:255 - Accepted CMSIS Pack Licenses: 
2023-11-09 22:57:53,236 [INFO] AnalyticsPlugin:257 - Accepted Firmware Licenses: 
2023-11-09 22:57:53,240 [INFO] PluginManage:359 - Loaded plugin analytics (category:tool,tabindex:-1)
2023-11-09 22:57:53,241 [INFO] PluginManage:310 - Check plugin cadmodel
2023-11-09 22:57:53,270 [INFO] CADModel:105 - Init CAD model plugin
2023-11-09 22:57:53,270 [INFO] PluginManage:359 - Loaded plugin cadmodel (category:power,tabindex:5)
2023-11-09 22:57:53,271 [INFO] PluginManage:310 - Check plugin clock
2023-11-09 22:57:53,303 [INFO] PluginManage:359 - Loaded plugin clock (category:base,tabindex:2)
2023-11-09 22:57:53,303 [INFO] PluginManage:310 - Check plugin ddr
2023-11-09 22:57:53,308 [INFO] PluginManage:359 - Loaded plugin ddr (category:tool,tabindex:6)
2023-11-09 22:57:53,308 [INFO] PluginManage:310 - Check plugin filemanager
2023-11-09 22:57:53,545 [INFO] PluginManage:359 - Loaded plugin filemanager (category:base,tabindex:10)
2023-11-09 22:57:53,545 [INFO] PluginManage:310 - Check plugin ipmanager
2023-11-09 22:57:53,559 [INFO] PluginManage:359 - Loaded plugin ipmanager (category:base,tabindex:5)
2023-11-09 22:57:53,559 [INFO] PluginManage:310 - Check plugin lpbam
2023-11-09 22:57:53,586 [INFO] PluginManage:359 - Loaded plugin lpbam (category:base,tabindex:0)
2023-11-09 22:57:53,587 [INFO] PluginManage:310 - Check plugin memorymap
2023-11-09 22:57:53,626 [INFO] PluginManage:359 - Loaded plugin memorymap (category:base,tabindex:4)
2023-11-09 22:57:53,626 [INFO] PluginManage:310 - Check plugin pinoutandconfiguration
2023-11-09 22:57:53,657 [INFO] PluginManage:359 - Loaded plugin pinoutandconfiguration (category:base,tabindex:1)
2023-11-09 22:57:53,658 [INFO] PluginManage:310 - Check plugin pinoutconfig
2023-11-09 22:57:53,855 [WARN] SupportedApi:132 - Cannot load RTOS API schema: s4s-elt-must-match.1: The content of 'definitions' must match (annotation?, (simpleType | complexType)?, (unique | key | keyref)*)). A problem was found starting at: attribute.
2023-11-09 22:57:54,105 [INFO] PluginManage:359 - Loaded plugin pinoutconfig (category:base,tabindex:0)
2023-11-09 22:57:54,105 [INFO] PluginManage:310 - Check plugin power
2023-11-09 22:57:54,147 [INFO] PluginManage:359 - Loaded plugin power (category:power,tabindex:4)
2023-11-09 22:57:54,148 [INFO] PluginManage:310 - Check plugin projectmanager
2023-11-09 22:57:54,174 [INFO] PluginManage:359 - Loaded plugin projectmanager (category:projectmanager,tabindex:3)
2023-11-09 22:57:54,175 [INFO] PluginManage:310 - Check plugin thirdparty
2023-11-09 22:57:54,652 [INFO] PluginManage:359 - Loaded plugin thirdparty (category:base,tabindex:-1)
2023-11-09 22:57:54,651 [WARN] IntegrityCheckThread:84 - waiting for thirdparty lock release [integrity check]
2023-11-09 22:57:54,652 [INFO] IntegrityCheckThread:86 - entering critical section [integrity check]
2023-11-09 22:57:54,652 [INFO] PluginManage:310 - Check plugin tools
2023-11-09 22:57:54,653 [INFO] ThirdPartyUpdaterWithRetryManager:70 - Updater plugin not ready yet. [1/15]
2023-11-09 22:57:54,709 [INFO] PluginManage:359 - Loaded plugin tools (category:base,tabindex:7)
2023-11-09 22:57:54,709 [INFO] PluginManage:310 - Check plugin tutovideos
2023-11-09 22:57:55,039 [INFO] PluginManage:359 - Loaded plugin tutovideos (category:base,tabindex:-1)
2023-11-09 22:57:55,040 [INFO] PluginManage:310 - Check plugin updater
2023-11-09 22:57:55,058 [INFO] PluginManage:359 - Loaded plugin updater (category:base,tabindex:12)
2023-11-09 22:57:55,058 [INFO] PluginManage:310 - Check plugin userauth
2023-11-09 22:57:55,067 [INFO] UserAuth:113 - Init User Auth plugin
2023-11-09 22:57:55,067 [INFO] PluginManage:359 - Loaded plugin userauth (category:base,tabindex:14)
2023-11-09 22:57:55,068 [INFO] PluginManage:283 - PluginManage : Loaded plugins [17]
2023-11-09 22:57:55,445 [INFO] PinOutPanel:1499 - setPackage(No Configuration,No Configuration)
2023-11-09 22:57:55,654 [INFO] CADModel:165 - CPN selected for project level
2023-11-09 22:57:55,654 [INFO] CADModel:114 - Register for checkConnection events
2023-11-09 22:57:55,704 [INFO] IPUIPlugin:80 - create IPUIPlugin
2023-11-09 22:57:55,704 [INFO] PluginManager:220 - loadIPPluginJar : add adc
2023-11-09 22:57:55,766 [INFO] IPUIPlugin:80 - create IPUIPlugin
2023-11-09 22:57:55,767 [INFO] PluginManager:220 - loadIPPluginJar : add aes
2023-11-09 22:57:55,830 [INFO] IPUIPlugin:80 - create IPUIPlugin
2023-11-09 22:57:55,830 [INFO] PluginManager:220 - loadIPPluginJar : add can
2023-11-09 22:57:55,864 [INFO] IPUIPlugin:80 - create IPUIPlugin
2023-11-09 22:57:55,865 [INFO] PluginManager:220 - loadIPPluginJar : add comp
2023-11-09 22:57:55,919 [INFO] IPUIPlugin:80 - create IPUIPlugin
2023-11-09 22:57:55,919 [INFO] PluginManager:220 - loadIPPluginJar : add cryp
2023-11-09 22:57:55,978 [INFO] IPUIPlugin:80 - create IPUIPlugin
2023-11-09 22:57:55,979 [INFO] PluginManager:220 - loadIPPluginJar : add dfsdm
2023-11-09 22:57:56,003 [INFO] IPUIPlugin:80 - create IPUIPlugin
2023-11-09 22:57:56,004 [INFO] PluginManager:220 - loadIPPluginJar : add dma
2023-11-09 22:57:56,081 [INFO] IPUIPlugin:80 - create IPUIPlugin
2023-11-09 22:57:56,081 [INFO] PluginManager:220 - loadIPPluginJar : add dma3
2023-11-09 22:57:56,113 [INFO] IPUIPlugin:80 - create IPUIPlugin
2023-11-09 22:57:56,113 [INFO] PluginManager:220 - loadIPPluginJar : add fatfs
2023-11-09 22:57:56,185 [INFO] IPUIPlugin:80 - create IPUIPlugin
2023-11-09 22:57:56,185 [INFO] PluginManager:220 - loadIPPluginJar : add fmc
2023-11-09 22:57:56,212 [INFO] IPUIPlugin:80 - create IPUIPlugin
2023-11-09 22:57:56,212 [INFO] PluginManager:220 - loadIPPluginJar : add freertos
2023-11-09 22:57:56,249 [INFO] IPUIPlugin:80 - create IPUIPlugin
2023-11-09 22:57:56,249 [INFO] PluginManager:220 - loadIPPluginJar : add genericplugin
2023-11-09 22:57:56,415 [INFO] IPUIPlugin:80 - create IPUIPlugin
2023-11-09 22:57:56,416 [INFO] PluginManager:220 - loadIPPluginJar : add gfxmmu
2023-11-09 22:57:56,616 [INFO] IPUIPlugin:80 - create IPUIPlugin
2023-11-09 22:57:56,616 [INFO] PluginManager:220 - loadIPPluginJar : add gic
2023-11-09 22:57:56,635 [INFO] IPUIPlugin:80 - create IPUIPlugin
2023-11-09 22:57:56,635 [INFO] PluginManager:220 - loadIPPluginJar : add gpio
2023-11-09 22:57:56,787 [INFO] IPUIPlugin:80 - create IPUIPlugin
2023-11-09 22:57:56,787 [INFO] PluginManager:220 - loadIPPluginJar : add gtzc
2023-11-09 22:57:56,838 [INFO] IPUIPlugin:80 - create IPUIPlugin
2023-11-09 22:57:56,838 [INFO] PluginManager:220 - loadIPPluginJar : add hash
2023-11-09 22:57:56,921 [INFO] IPUIPlugin:80 - create IPUIPlugin
2023-11-09 22:57:56,921 [INFO] PluginManager:220 - loadIPPluginJar : add i2c
2023-11-09 22:57:56,989 [INFO] IPUIPlugin:80 - create IPUIPlugin
2023-11-09 22:57:56,989 [INFO] PluginManager:220 - loadIPPluginJar : add i2s
2023-11-09 22:57:57,057 [INFO] IPUIPlugin:80 - create IPUIPlugin
2023-11-09 22:57:57,057 [INFO] PluginManager:220 - loadIPPluginJar : add i3c
2023-11-09 22:57:57,244 [INFO] IPUIPlugin:80 - create IPUIPlugin
2023-11-09 22:57:57,244 [INFO] PluginManager:220 - loadIPPluginJar : add ipddr
2023-11-09 22:57:57,387 [INFO] IPUIPlugin:80 - create IPUIPlugin
2023-11-09 22:57:57,387 [INFO] PluginManager:220 - loadIPPluginJar : add linkedlist
2023-11-09 22:57:57,449 [INFO] IPUIPlugin:80 - create IPUIPlugin
2023-11-09 22:57:57,449 [INFO] PluginManager:220 - loadIPPluginJar : add lorawan
2023-11-09 22:57:57,507 [INFO] IPUIPlugin:80 - create IPUIPlugin
2023-11-09 22:57:57,507 [INFO] PluginManager:220 - loadIPPluginJar : add ltdc
2023-11-09 22:57:57,529 [INFO] IPUIPlugin:80 - create IPUIPlugin
2023-11-09 22:57:57,530 [INFO] PluginManager:220 - loadIPPluginJar : add mdma
2023-11-09 22:57:57,549 [INFO] IPUIPlugin:80 - create IPUIPlugin
2023-11-09 22:57:57,549 [INFO] PluginManager:220 - loadIPPluginJar : add nvic
2023-11-09 22:57:57,602 [INFO] IPUIPlugin:80 - create IPUIPlugin
2023-11-09 22:57:57,603 [INFO] PluginManager:220 - loadIPPluginJar : add opamp
2023-11-09 22:57:57,654 [INFO] ThirdPartyUpdaterWithRetryManager:70 - Updater plugin not ready yet. [2/15]
2023-11-09 22:57:57,706 [INFO] IPUIPlugin:80 - create IPUIPlugin
2023-11-09 22:57:57,707 [INFO] PluginManager:220 - loadIPPluginJar : add openamp
2023-11-09 22:57:57,777 [INFO] IPUIPlugin:80 - create IPUIPlugin
2023-11-09 22:57:57,777 [INFO] PluginManager:220 - loadIPPluginJar : add pdm2pcm
2023-11-09 22:57:57,801 [INFO] IPUIPlugin:80 - create IPUIPlugin
2023-11-09 22:57:57,805 [INFO] PluginManager:220 - loadIPPluginJar : add plateformsettings
2023-11-09 22:57:57,843 [INFO] IPUIPlugin:80 - create IPUIPlugin
2023-11-09 22:57:57,844 [INFO] PluginManager:220 - loadIPPluginJar : add quadspi
2023-11-09 22:57:57,862 [INFO] IPUIPlugin:80 - create IPUIPlugin
2023-11-09 22:57:57,862 [INFO] PluginManager:220 - loadIPPluginJar : add resmgrutility
2023-11-09 22:57:57,947 [INFO] IPUIPlugin:80 - create IPUIPlugin
2023-11-09 22:57:57,947 [INFO] PluginManager:220 - loadIPPluginJar : add sai
2023-11-09 22:57:58,013 [INFO] IPUIPlugin:80 - create IPUIPlugin
2023-11-09 22:57:58,013 [INFO] PluginManager:220 - loadIPPluginJar : add spi
2023-11-09 22:57:58,122 [INFO] IPUIPlugin:80 - create IPUIPlugin
2023-11-09 22:57:58,122 [INFO] PluginManager:220 - loadIPPluginJar : add stm32_wpan
2023-11-09 22:57:58,162 [INFO] IPUIPlugin:80 - create IPUIPlugin
2023-11-09 22:57:58,162 [INFO] PluginManager:220 - loadIPPluginJar : add tim
2023-11-09 22:57:58,250 [INFO] IPUIPlugin:80 - create IPUIPlugin
2023-11-09 22:57:58,250 [INFO] PluginManager:220 - loadIPPluginJar : add touchsensing
2023-11-09 22:57:58,297 [INFO] IPUIPlugin:80 - create IPUIPlugin
2023-11-09 22:57:58,298 [INFO] PluginManager:220 - loadIPPluginJar : add tracer_emb
2023-11-09 22:57:58,333 [INFO] IPUIPlugin:80 - create IPUIPlugin
2023-11-09 22:57:58,334 [INFO] PluginManager:220 - loadIPPluginJar : add ts
2023-11-09 22:57:58,372 [INFO] IPUIPlugin:80 - create IPUIPlugin
2023-11-09 22:57:58,373 [INFO] PluginManager:220 - loadIPPluginJar : add tsc
2023-11-09 22:57:58,408 [INFO] IPUIPlugin:80 - create IPUIPlugin
2023-11-09 22:57:58,409 [INFO] PluginManager:220 - loadIPPluginJar : add ucpd
2023-11-09 22:57:58,475 [INFO] IPUIPlugin:80 - create IPUIPlugin
2023-11-09 22:57:58,475 [INFO] PluginManager:220 - loadIPPluginJar : add usart
2023-11-09 22:57:58,547 [INFO] IPUIPlugin:80 - create IPUIPlugin
2023-11-09 22:57:58,547 [INFO] PluginManager:220 - loadIPPluginJar : add usbx
2023-11-09 22:57:58,706 [INFO] CADModel:165 - CPN selected for project level
2023-11-09 22:57:58,707 [INFO] CADModel:114 - Register for checkConnection events
2023-11-09 22:57:58,707 [FATAL] Updater:308 - Updater called before beeing initialized
2023-11-09 22:57:58,707 [ERROR] CADModel:125 - Updater not yet initialized, retry later 
2023-11-09 22:57:58,979 [INFO] CADModel:165 - CPN selected for project level
2023-11-09 22:57:58,979 [INFO] CADModel:114 - Register for checkConnection events
2023-11-09 22:57:58,979 [FATAL] Updater:308 - Updater called before beeing initialized
2023-11-09 22:57:58,979 [ERROR] CADModel:125 - Updater not yet initialized, retry later 
2023-11-09 22:57:58,987 [FATAL] Updater:308 - Updater called before beeing initialized
2023-11-09 22:57:59,189 [FATAL] Updater:308 - Updater called before beeing initialized
2023-11-09 22:57:59,202 [INFO] DbMcusAds:53 - JSON generation date=Tue Mar 07 17:50:55 JST 2023 (1678179055114)
2023-11-09 22:57:59,202 [FATAL] Updater:308 - Updater called before beeing initialized
2023-11-09 22:57:59,355 [WARN] DetailPanel:346 - Failed to get advertising image, set to default
2023-11-09 22:57:59,544 [FATAL] Updater:308 - Updater called before beeing initialized
2023-11-09 22:57:59,548 [FATAL] Updater:308 - Updater called before beeing initialized
2023-11-09 22:57:59,548 [FATAL] Updater:308 - Updater called before beeing initialized
2023-11-09 22:57:59,548 [WARN] DetailPanel:346 - Failed to get advertising image, set to default
2023-11-09 22:57:59,550 [FATAL] Updater:308 - Updater called before beeing initialized
2023-11-09 22:57:59,650 [ERROR] Updater:1120 - MainUpdater not yet initialized. External WinMGr cannot be set.
2023-11-09 22:57:59,667 [INFO] Updater:1056 - Updater Version found : 6.9.1
2023-11-09 22:57:59,704 [INFO] ApplicationProperties:184 - Using Application install path: C:\ST\STM32CubeIDE_1.4.0\STM32CubeIDE\plugins\com.st.stm32cube.common.mx_6.9.1.202307191849
2023-11-09 22:57:59,986 [INFO] MainUpdater:2868 - connection check result : 10
2023-11-09 22:57:59,988 [INFO] MainUpdater:285 - Updater Check For Update Now.
2023-11-09 22:57:59,988 [INFO] MicroXplorer:498 - Change Database Version : DB.6.0.91
2023-11-09 22:58:00,027 [INFO] McuFinderGlobals:63 - Set McuFinder mode to 2 (CubeIDE integrated)
2023-11-09 22:58:00,027 [INFO] UserAuth:179 - activating auth plugin
2023-11-09 22:58:00,036 [INFO] UserAuth:393 - Internet connection configuration mode: 1
2023-11-09 22:58:00,072 [INFO] JxBrowserEngine:151 - Initiate JxBrowser Engine with user profile folder
2023-11-09 22:58:00,292 [INFO] CheckServerUpdateThread:120 - End of CheckServer Thread
2023-11-09 22:58:01,113 [WARN] PackLoader:240 - Cannot read IP mode file for STMicroelectronics.X-CUBE-SMBUS.2.1.0
2023-11-09 22:58:01,215 [WARN] PackLoader:240 - Cannot read IP mode file for STMicroelectronics.X-CUBE-AZRTOS-F7.1.1.0
2023-11-09 22:58:01,241 [ERROR] RealEvaluatedCondition:428 - Found unsupported composite condition: GROUP='STM32_MetaDataManager' CLASS='Data Exchange'
2023-11-09 22:58:01,242 [ERROR] RealEvaluatedCondition:428 - Found unsupported composite condition: GROUP='STM32_MetaDataManager' CLASS='Data Exchange'
2023-11-09 22:58:01,246 [WARN] PackLoader:240 - Cannot read IP mode file for STMicroelectronics.FP-SNS-MOTENV1.4.3.0
2023-11-09 22:58:01,274 [WARN] PackLoader:240 - Cannot read IP mode file for STMicroelectronics.FP-SNS-MOTENV1.4.3.2
2023-11-09 22:58:01,293 [WARN] PackLoader:240 - Cannot read IP mode file for STMicroelectronics.FP-SNS-FLIGHT1.5.0.0
2023-11-09 22:58:01,305 [ERROR] RealEvaluatedCondition:428 - Found unsupported composite condition: CLASS='Data Exchange' GROUP='STM32_MetaDataManager'
2023-11-09 22:58:01,305 [ERROR] RealEvaluatedCondition:428 - Found unsupported composite condition: CLASS='Data Exchange' GROUP='STM32_MetaDataManager'
2023-11-09 22:58:01,308 [WARN] PackLoader:240 - Cannot read IP mode file for STMicroelectronics.FP-SNS-MOTENV1.4.3.1
2023-11-09 22:58:01,323 [WARN] PackLoader:240 - Cannot read IP mode file for STMicroelectronics.FP-SNS-FLIGHT1.5.0.1
2023-11-09 22:58:01,343 [WARN] PackLoader:240 - Cannot read IP mode file for STMicroelectronics.X-CUBE-BLE1.6.2.4
2023-11-09 22:58:01,354 [WARN] PackLoader:240 - Cannot read IP mode file for STMicroelectronics.FP-SNS-FLIGHT1.5.0.2
2023-11-09 22:58:01,373 [WARN] PackLoader:240 - Cannot read IP mode file for STMicroelectronics.X-CUBE-DISPLAY.3.0.0
2023-11-09 22:58:01,400 [WARN] PackLoader:240 - Cannot read IP mode file for STMicroelectronics.X-CUBE-BLE1.7.0.0
2023-11-09 22:58:01,412 [WARN] PackLoader:240 - Cannot read IP mode file for STMicroelectronics.X-CUBE-TOUCHGFX.4.22.0
2023-11-09 22:58:01,418 [WARN] PackLoader:240 - Cannot read IP mode file for STMicroelectronics.X-CUBE-TOUCHGFX.4.22.1
2023-11-09 22:58:01,428 [WARN] PackLoader:240 - Cannot read IP mode file for STMicroelectronics.FP-SNS-SMARTAG2.1.2.0
2023-11-09 22:58:01,460 [INFO] LogOutputStream:77 - [STDOUT_REDIRECT] 1 : Invalid condition id : UX_CORESTACK_Condition cause : null
2023-11-09 22:58:01,461 [INFO] LogOutputStream:77 - [STDOUT_REDIRECT] 1 : Invalid condition id : UX_CORESTACK_Condition cause : null
2023-11-09 22:58:01,465 [INFO] LogOutputStream:77 - [STDOUT_REDIRECT] 1 : Invalid condition id : UX_CORESTACK_Condition cause : null
2023-11-09 22:58:01,469 [INFO] LogOutputStream:77 - [STDOUT_REDIRECT] 1 : Invalid condition id : UX_CORESTACK_Condition cause : null
2023-11-09 22:58:01,472 [INFO] LogOutputStream:77 - [STDOUT_REDIRECT] 1 : Invalid condition id : UX_CORESTACK_Condition cause : null
2023-11-09 22:58:01,480 [WARN] PackLoader:240 - Cannot read IP mode file for STMicroelectronics.X-CUBE-AZRTOS-WL.2.0.0
2023-11-09 22:58:01,506 [WARN] PackLoader:240 - Cannot read IP mode file for WES.I-CUBE-Cesium.1.3.0
2023-11-09 22:58:01,520 [WARN] PackLoader:240 - Cannot read IP mode file for STMicroelectronics.X-CUBE-BLE2.3.3.0
2023-11-09 22:58:01,548 [WARN] PackLoader:240 - Cannot read IP mode file for STMicroelectronics.X-CUBE-TOF1.3.2.0
2023-11-09 22:58:01,577 [WARN] PackLoader:240 - Cannot read IP mode file for STMicroelectronics.X-CUBE-TOUCHGFX.4.21.1
2023-11-09 22:58:01,590 [WARN] PackLoader:240 - Cannot read IP mode file for STMicroelectronics.X-CUBE-TOUCHGFX.4.21.3
2023-11-09 22:58:01,600 [WARN] PackLoader:240 - Cannot read IP mode file for STMicroelectronics.X-CUBE-TOUCHGFX.4.21.4
2023-11-09 22:58:01,616 [WARN] PackLoader:240 - Cannot read IP mode file for STMicroelectronics.X-CUBE-ALGOBUILD.1.3.0
2023-11-09 22:58:01,658 [WARN] PackLoader:240 - Cannot read IP mode file for STMicroelectronics.X-CUBE-AZRTOS-G0.1.1.0
2023-11-09 22:58:01,676 [WARN] PackLoader:240 - Cannot read IP mode file for STMicroelectronics.X-CUBE-NFC4.3.0.0
2023-11-09 22:58:01,699 [WARN] PackLoader:240 - Cannot read IP mode file for STMicroelectronics.X-CUBE-BLEMGR.3.0.0
2023-11-09 22:58:01,712 [WARN] PackLoader:240 - Cannot read IP mode file for STMicroelectronics.FP-ATR-SIGFOX1.3.2.0
2023-11-09 22:58:01,823 [WARN] PackLoader:240 - Cannot read IP mode file for STMicroelectronics.X-CUBE-MEMS1.9.5.0
2023-11-09 22:58:02,289 [WARN] PackLoader:240 - Cannot read IP mode file for SEGGER.I-CUBE-embOS.1.3.1
2023-11-09 22:58:02,392 [WARN] PackLoader:240 - Cannot read IP mode file for STMicroelectronics.X-CUBE-GNSS1.6.0.0
2023-11-09 22:58:02,437 [WARN] PackLoader:240 - Cannot read IP mode file for STMicroelectronics.X-CUBE-AZRTOS-F4.1.1.0
2023-11-09 22:58:02,480 [WARN] PackLoader:240 - Cannot read IP mode file for STMicroelectronics.X-CUBE-AZRTOS-L5.2.0.0
2023-11-09 22:58:02,574 [WARN] PackLoader:240 - Cannot read IP mode file for STMicroelectronics.X-CUBE-MEMS1.9.6.0
2023-11-09 22:58:02,949 [WARN] PackLoader:240 - Cannot read IP mode file for STMicroelectronics.X-CUBE-EEPRMA1.4.2.0
2023-11-09 22:58:02,964 [WARN] PackLoader:240 - Cannot read IP mode file for ITTIA_DB.I-CUBE-ITTIADB.8.8.0
2023-11-09 22:58:02,990 [WARN] PackLoader:240 - Cannot read IP mode file for emotas.I-CUBE-CANOPEN.1.1.3
2023-11-09 22:58:03,006 [WARN] PackLoader:240 - Cannot read IP mode file for STMicroelectronics.X-CUBE-BLEMGR.2.0.0
2023-11-09 22:58:03,030 [INFO] WebApp:157 - Instantiating new browser for Auth
2023-11-09 22:58:03,046 [WARN] ConditionMgr:438 - getConditionDescription Invalid condition id : UX DEVICE CLASS RTOS Condition cause : null
2023-11-09 22:58:03,046 [WARN] ConditionMgr:438 - getConditionDescription Invalid condition id : UX DEVICE CLASS RTOS Condition cause : null
2023-11-09 22:58:03,053 [WARN] PackLoader:240 - Cannot read IP mode file for STMicroelectronics.X-CUBE-AZRTOS-H7.3.1.0
2023-11-09 22:58:03,056 [WARN] ConditionMgr:1039 - genDependencies : Invalid condition id : UX DEVICE CLASS RTOS Condition cause : null
2023-11-09 22:58:03,056 [WARN] ConditionMgr:1039 - genDependencies : Invalid condition id : UX DEVICE CLASS RTOS Condition cause : null
2023-11-09 22:58:03,058 [WARN] ConditionMgr:1039 - genDependencies : Invalid condition id : UX DEVICE CLASS RTOS Condition cause : null
2023-11-09 22:58:03,059 [WARN] ConditionMgr:1039 - genDependencies : Invalid condition id : UX DEVICE CLASS RTOS Condition cause : null
2023-11-09 22:58:03,060 [WARN] ConditionMgr:1039 - genDependencies : Invalid condition id : UX DEVICE CLASS RTOS Condition cause : null
2023-11-09 22:58:03,084 [WARN] PackLoader:240 - Cannot read IP mode file for wolfSSL.I-CUBE-wolfSSL.5.5.4
2023-11-09 22:58:03,095 [WARN] PackLoader:240 - Cannot read IP mode file for STMicroelectronics.X-CUBE-NFC7.1.0.1
2023-11-09 22:58:03,106 [WARN] PackLoader:240 - Cannot read IP mode file for STMicroelectronics.X-CUBE-NFC7.1.0.0
2023-11-09 22:58:03,124 [WARN] PackLoader:240 - Cannot read IP mode file for STMicroelectronics.X-CUBE-NFC6.3.0.0
2023-11-09 22:58:03,144 [WARN] PackLoader:240 - Cannot read IP mode file for STMicroelectronics.X-CUBE-EEPRMA1.4.1.0
2023-11-09 22:58:03,156 [WARN] PackLoader:240 - Cannot read IP mode file for STMicroelectronics.X-CUBE-AI.8.1.0
2023-11-09 22:58:03,200 [WARN] ConditionMgr:438 - getConditionDescription Invalid condition id : LAN8742 Phy interface Condition cause : null
2023-11-09 22:58:03,202 [WARN] PackLoader:240 - Cannot read IP mode file for STMicroelectronics.X-CUBE-AZRTOS-L4.2.0.0
2023-11-09 22:58:03,205 [WARN] ConditionMgr:1039 - genDependencies : Invalid condition id : LAN8742 Phy interface Condition cause : null
2023-11-09 22:58:03,206 [WARN] ConditionMgr:1039 - genDependencies : Invalid condition id : LAN8742 Phy interface Condition cause : null
2023-11-09 22:58:03,207 [WARN] ConditionMgr:1039 - genDependencies : Invalid condition id : LAN8742 Phy interface Condition cause : null
2023-11-09 22:58:03,223 [WARN] PackLoader:240 - Cannot read IP mode file for STMicroelectronics.X-CUBE-SFXS2LP1.4.0.0
2023-11-09 22:58:03,267 [WARN] PackLoader:240 - Cannot read IP mode file for STMicroelectronics.X-CUBE-AZRTOS-H7.3.0.0
2023-11-09 22:58:03,282 [WARN] PackLoader:240 - Cannot read IP mode file for STMicroelectronics.X-CUBE-ISPU.1.1.0
2023-11-09 22:58:03,297 [WARN] PackLoader:240 - Cannot read IP mode file for RoweBots.I-CUBE-UNISONRTOS.5.5.0-4
2023-11-09 22:58:03,305 [WARN] PackLoader:240 - Cannot read IP mode file for STMicroelectronics.X-CUBE-AI.8.0.0
2023-11-09 22:58:03,330 [WARN] ConditionMgr:438 - getConditionDescription Invalid condition id : UX DEVICE CLASS RTOS Condition cause : null
2023-11-09 22:58:03,331 [WARN] ConditionMgr:438 - getConditionDescription Invalid condition id : UX DEVICE CLASS RTOS Condition cause : null
2023-11-09 22:58:03,335 [WARN] PackLoader:240 - Cannot read IP mode file for STMicroelectronics.X-CUBE-AZRTOS-WB.2.0.0
2023-11-09 22:58:03,336 [WARN] ConditionMgr:1039 - genDependencies : Invalid condition id : UX DEVICE CLASS RTOS Condition cause : null
2023-11-09 22:58:03,337 [WARN] ConditionMgr:1039 - genDependencies : Invalid condition id : UX DEVICE CLASS RTOS Condition cause : null
2023-11-09 22:58:03,338 [WARN] ConditionMgr:1039 - genDependencies : Invalid condition id : UX DEVICE CLASS RTOS Condition cause : null
2023-11-09 22:58:03,338 [WARN] ConditionMgr:1039 - genDependencies : Invalid condition id : UX DEVICE CLASS RTOS Condition cause : null
2023-11-09 22:58:03,338 [WARN] ConditionMgr:1039 - genDependencies : Invalid condition id : UX DEVICE CLASS RTOS Condition cause : null
2023-11-09 22:58:03,350 [WARN] PackLoader:240 - Cannot read IP mode file for STMicroelectronics.X-CUBE-FREERTOS.1.0.0
2023-11-09 22:58:03,359 [WARN] PackLoader:240 - Cannot read IP mode file for STMicroelectronics.X-CUBE-FREERTOS.1.0.1
2023-11-09 22:58:03,390 [WARN] PackLoader:240 - Cannot read IP mode file for STMicroelectronics.X-CUBE-AZRTOS-L5.1.1.0
2023-11-09 22:58:03,403 [WARN] PackLoader:240 - Cannot read IP mode file for STMicroelectronics.X-CUBE-AI.8.0.1
2023-11-09 22:58:03,422 [WARN] PackLoader:240 - Cannot read IP mode file for STMicroelectronics.X-CUBE-SUBG2.5.0.0
2023-11-09 22:58:03,452 [WARN] PackLoader:240 - Cannot read IP mode file for STMicroelectronics.X-CUBE-TOF1.3.3.1
2023-11-09 22:58:03,508 [WARN] PackLoader:240 - Cannot read IP mode file for STMicroelectronics.X-CUBE-AZRTOS-G4.2.0.0
2023-11-09 22:58:03,535 [WARN] PackLoader:240 - Cannot read IP mode file for STMicroelectronics.X-CUBE-TOF1.3.3.0
2023-11-09 22:58:03,561 [WARN] PackLoader:240 - Cannot read IP mode file for STMicroelectronics.FP-ATR-ASTRA1.1.1.1
2023-11-09 22:58:03,609 [WARN] PackLoader:240 - Cannot read IP mode file for Infineon.AIROC-Wi-Fi-Bluetooth-STM32.1.5.1
2023-11-09 22:58:03,642 [WARN] PackLoader:240 - Cannot read IP mode file for STMicroelectronics.X-CUBE-AZRTOS-G4.1.0.0
2023-11-09 22:58:03,679 [WARN] PackLoader:240 - Cannot read IP mode file for STMicroelectronics.X-CUBE-AZRTOS-L4.1.0.0
2023-11-09 22:58:03,792 [WARN] PackLoader:240 - Cannot read IP mode file for STMicroelectronics.X-CUBE-MEMS1.10.0.0
2023-11-09 22:58:04,058 [WARN] PackLoader:240 - Cannot read IP mode file for STMicroelectronics.X-CUBE-FREERTOS.1.1.0
2023-11-09 22:58:04,082 [WARN] PackLoader:240 - Cannot read IP mode file for STMicroelectronics.X-CUBE-AZRTOS-WL.1.0.0
2023-11-09 22:58:04,103 [WARN] PackLoader:240 - Cannot read IP mode file for portGmbH.I-Cube-SoM-uGOAL.1.1.0
2023-11-09 22:58:04,115 [WARN] PackLoader:240 - Cannot read IP mode file for STMicroelectronics.X-CUBE-ALS.1.0.1
2023-11-09 22:58:04,140 [WARN] PackLoader:240 - Cannot read IP mode file for STMicroelectronics.X-CUBE-AZRTOS-WB.1.1.0
2023-11-09 22:58:04,151 [WARN] PackLoader:240 - Cannot read IP mode file for STMicroelectronics.FP-ATR-ASTRA1.2.0.0
2023-11-09 22:58:04,152 [INFO] ThirdParty:978 - Integrity check success = true
2023-11-09 22:58:04,152 [INFO] IntegrityCheckThread:100 - exiting critical section [integrity check]
2023-11-09 22:58:04,152 [INFO] IntegrityCheckThread:103 - End integrity checks thread
2023-11-09 22:58:05,177 [INFO] WebApp:753 - Register for checkConnection events
2023-11-09 22:58:05,177 [INFO] WebApp:390 - Apply proxy settings
2023-11-09 22:58:05,177 [INFO] WebApp:475 - Chromium requires no authentication
2023-11-09 22:58:05,190 [INFO] WebApp:418 - Direct internet connection detected
2023-11-09 22:58:05,508 [INFO] WebApp:188 - Starting web application
2023-11-09 22:58:05,508 [INFO] WebApp:520 - Web application path used C:\ST\STM32CubeIDE_1.4.0\STM32CubeIDE\plugins\com.st.stm32cube.common.mx_6.9.1.202307191849\db\plugins\mcufinder\reactClient1\index.html
2023-11-09 23:13:09,481 [ERROR] LogOutputStream:75 - [STDERR_REDIRECT] SLF4J: Failed to load class "org.slf4j.impl.StaticLoggerBinder".
2023-11-09 23:13:09,482 [ERROR] LogOutputStream:75 - [STDERR_REDIRECT] SLF4J: Defaulting to no-operation (NOP) logger implementation
2023-11-09 23:13:09,485 [ERROR] LogOutputStream:75 - [STDERR_REDIRECT] SLF4J: See http://www.slf4j.org/codes.html#StaticLoggerBinder for further details.
2023-11-09 23:30:02,490 [ERROR] LogOutputStream:75 - [STDERR_REDIRECT] 
