2024-01-09 10:05:04,135 [INFO] Activator:176 - 


2024-01-09 10:05:04,152 [INFO] Activator:177 - !SESSION log4j initialized
2024-01-09 10:05:22,732 [INFO] LogOutputStream:77 - [STDOUT_REDIRECT] 
2024-01-09 10:05:28,550 [INFO] ApplicationProperties:184 - Using Application install path: C:\ST\STM32CubeIDE_1.4.0\STM32CubeIDE\plugins\com.st.stm32cube.common.mx_6.9.1.202307191849
2024-01-09 10:05:28,591 [INFO] DbMcusXml:78 - Set database path to: C:\ST\STM32CubeIDE_1.4.0\STM32CubeIDE\plugins\com.st.stm32cube.common.mx_6.9.1.202307191849\\db\/mcu/
2024-01-09 10:05:28,592 [INFO] ApiDb:274 - Set plugin database path to: C:\ST\STM32CubeIDE_1.4.0\STM32CubeIDE\plugins\com.st.stm32cube.common.mx_6.9.1.202307191849\\db\/plugins/boardmanager/
2024-01-09 10:05:28,593 [WARN] ApiDb:259 - Overriding images path with different value:  => C:\ST\STM32CubeIDE_1.4.0\STM32CubeIDE\plugins\com.st.stm32cube.common.mx_6.9.1.202307191849\\db\/plugins/mcufinder/images/
2024-01-09 10:05:28,622 [INFO] ApiDb:250 - Set database path to: C:\Users\Minh\.stmcufinder\plugins\mcufinder//mcu/
2024-01-09 10:05:28,625 [INFO] DbMcusAds:125 - Set database path to: C:\Users\Minh\.stmcufinder\plugins\mcufinder//mcu/
2024-01-09 10:05:28,630 [INFO] CrossReferenceDbSqlite:203 - Set database path to: C:\Users\Minh\.stmcufinder\plugins\mcufinder//mcu/cs/
2024-01-09 10:05:28,982 [INFO] RulesReader:64 - Compatibility file has been processed (293 Rules)
2024-01-09 10:05:29,221 [INFO] DbMcusXml:78 - Set database path to: C:\ST\STM32CubeIDE_1.4.0\STM32CubeIDE\plugins\com.st.stm32cube.common.mx_6.9.1.202307191849\\db\/mcu/
2024-01-09 10:05:29,222 [INFO] ApiDb:274 - Set plugin database path to: C:\ST\STM32CubeIDE_1.4.0\STM32CubeIDE\plugins\com.st.stm32cube.common.mx_6.9.1.202307191849\\db\/plugins/boardmanager/
2024-01-09 10:05:29,222 [INFO] ApiDb:261 - Set plugin images path to: C:\ST\STM32CubeIDE_1.4.0\STM32CubeIDE\plugins\com.st.stm32cube.common.mx_6.9.1.202307191849\\db\/plugins/mcufinder/images/
2024-01-09 10:05:29,222 [WARN] DbFile:41 - Overriding database path with different value: C:\Users\Minh\.stmcufinder\plugins\mcufinder/ => C:\Users\Minh\.stmcufinder\plugins\mcufinder
2024-01-09 10:05:29,223 [INFO] ApiDb:250 - Set database path to: C:\Users\Minh\.stmcufinder\plugins\mcufinder//mcu/
2024-01-09 10:05:29,223 [WARN] DbFile:41 - Overriding database path with different value: C:\Users\Minh\.stmcufinder\plugins\mcufinder/ => C:\Users\Minh\.stmcufinder\plugins\mcufinder
2024-01-09 10:05:29,223 [INFO] DbMcusAds:125 - Set database path to: C:\Users\Minh\.stmcufinder\plugins\mcufinder//mcu/
2024-01-09 10:05:29,223 [WARN] DbFile:41 - Overriding database path with different value: C:\Users\Minh\.stmcufinder\plugins\mcufinder/ => C:\Users\Minh\.stmcufinder\plugins\mcufinder
2024-01-09 10:05:29,223 [WARN] DbFile:41 - Overriding database path with different value: C:\Users\Minh\.stmcufinder\plugins\mcufinder/ => C:\Users\Minh\.stmcufinder\plugins\mcufinder
2024-01-09 10:05:29,224 [INFO] CrossReferenceDbSqlite:203 - Set database path to: C:\Users\Minh\.stmcufinder\plugins\mcufinder//mcu/cs/
2024-01-09 10:05:29,447 [INFO] MainPanel:262 - HeapMemory: 268435456
2024-01-09 10:05:29,685 [INFO] DbMcusXml:78 - Set database path to: C:\ST\STM32CubeIDE_1.4.0\STM32CubeIDE\plugins\com.st.stm32cube.common.mx_6.9.1.202307191849\\db\/mcu/
2024-01-09 10:05:29,685 [INFO] ApiDb:274 - Set plugin database path to: C:\ST\STM32CubeIDE_1.4.0\STM32CubeIDE\plugins\com.st.stm32cube.common.mx_6.9.1.202307191849\\db\/plugins/boardmanager/
2024-01-09 10:05:29,685 [INFO] ApiDb:261 - Set plugin images path to: C:\ST\STM32CubeIDE_1.4.0\STM32CubeIDE\plugins\com.st.stm32cube.common.mx_6.9.1.202307191849\\db\/plugins/mcufinder/images/
2024-01-09 10:05:29,686 [WARN] DbFile:41 - Overriding database path with different value: C:\Users\Minh\.stmcufinder\plugins\mcufinder/ => C:\Users\Minh\.stmcufinder\plugins\mcufinder
2024-01-09 10:05:29,686 [INFO] ApiDb:250 - Set database path to: C:\Users\Minh\.stmcufinder\plugins\mcufinder//mcu/
2024-01-09 10:05:29,687 [WARN] DbFile:41 - Overriding database path with different value: C:\Users\Minh\.stmcufinder\plugins\mcufinder/ => C:\Users\Minh\.stmcufinder\plugins\mcufinder
2024-01-09 10:05:29,687 [INFO] DbMcusAds:125 - Set database path to: C:\Users\Minh\.stmcufinder\plugins\mcufinder//mcu/
2024-01-09 10:05:29,687 [WARN] DbFile:41 - Overriding database path with different value: C:\Users\Minh\.stmcufinder\plugins\mcufinder/ => C:\Users\Minh\.stmcufinder\plugins\mcufinder
2024-01-09 10:05:29,687 [WARN] DbFile:41 - Overriding database path with different value: C:\Users\Minh\.stmcufinder\plugins\mcufinder/ => C:\Users\Minh\.stmcufinder\plugins\mcufinder
2024-01-09 10:05:29,688 [INFO] CrossReferenceDbSqlite:203 - Set database path to: C:\Users\Minh\.stmcufinder\plugins\mcufinder//mcu/cs/
2024-01-09 10:05:29,734 [INFO] ApplicationProperties:184 - Using Application install path: C:\ST\STM32CubeIDE_1.4.0\STM32CubeIDE\plugins\com.st.stm32cube.common.mx_6.9.1.202307191849
2024-01-09 10:05:29,738 [INFO] PluginManage:196 - Search for loadable plugins [exclusion list=, ]
2024-01-09 10:05:29,742 [INFO] PluginManage:310 - Check plugin analytics
2024-01-09 10:05:30,318 [INFO] AnalyticsPlugin:253 - Accepted Software Licenses: STM32CubeMX.6.0.0,STM32CubeMX.5.2.0
2024-01-09 10:05:30,319 [INFO] AnalyticsPlugin:255 - Accepted CMSIS Pack Licenses: 
2024-01-09 10:05:30,320 [INFO] AnalyticsPlugin:257 - Accepted Firmware Licenses: 
2024-01-09 10:05:30,328 [INFO] PluginManage:359 - Loaded plugin analytics (category:tool,tabindex:-1)
2024-01-09 10:05:30,330 [INFO] PluginManage:310 - Check plugin cadmodel
2024-01-09 10:05:30,378 [INFO] CADModel:105 - Init CAD model plugin
2024-01-09 10:05:30,378 [INFO] PluginManage:359 - Loaded plugin cadmodel (category:power,tabindex:5)
2024-01-09 10:05:30,379 [INFO] PluginManage:310 - Check plugin clock
2024-01-09 10:05:30,435 [INFO] PluginManage:359 - Loaded plugin clock (category:base,tabindex:2)
2024-01-09 10:05:30,436 [INFO] PluginManage:310 - Check plugin ddr
2024-01-09 10:05:30,442 [INFO] PluginManage:359 - Loaded plugin ddr (category:tool,tabindex:6)
2024-01-09 10:05:30,443 [INFO] PluginManage:310 - Check plugin filemanager
2024-01-09 10:05:30,852 [INFO] PluginManage:359 - Loaded plugin filemanager (category:base,tabindex:10)
2024-01-09 10:05:30,852 [INFO] PluginManage:310 - Check plugin ipmanager
2024-01-09 10:05:30,873 [INFO] PluginManage:359 - Loaded plugin ipmanager (category:base,tabindex:5)
2024-01-09 10:05:30,874 [INFO] PluginManage:310 - Check plugin lpbam
2024-01-09 10:05:30,930 [INFO] PluginManage:359 - Loaded plugin lpbam (category:base,tabindex:0)
2024-01-09 10:05:30,930 [INFO] PluginManage:310 - Check plugin memorymap
2024-01-09 10:05:30,995 [INFO] PluginManage:359 - Loaded plugin memorymap (category:base,tabindex:4)
2024-01-09 10:05:30,996 [INFO] PluginManage:310 - Check plugin pinoutandconfiguration
2024-01-09 10:05:31,048 [INFO] PluginManage:359 - Loaded plugin pinoutandconfiguration (category:base,tabindex:1)
2024-01-09 10:05:31,048 [INFO] PluginManage:310 - Check plugin pinoutconfig
2024-01-09 10:05:31,336 [WARN] SupportedApi:132 - Cannot load RTOS API schema: s4s-elt-must-match.1: The content of 'definitions' must match (annotation?, (simpleType | complexType)?, (unique | key | keyref)*)). A problem was found starting at: attribute.
2024-01-09 10:05:31,706 [INFO] PluginManage:359 - Loaded plugin pinoutconfig (category:base,tabindex:0)
2024-01-09 10:05:31,706 [INFO] PluginManage:310 - Check plugin power
2024-01-09 10:05:31,770 [INFO] PluginManage:359 - Loaded plugin power (category:power,tabindex:4)
2024-01-09 10:05:31,770 [INFO] PluginManage:310 - Check plugin projectmanager
2024-01-09 10:05:31,810 [INFO] PluginManage:359 - Loaded plugin projectmanager (category:projectmanager,tabindex:3)
2024-01-09 10:05:31,811 [INFO] PluginManage:310 - Check plugin thirdparty
2024-01-09 10:05:32,586 [INFO] PluginManage:359 - Loaded plugin thirdparty (category:base,tabindex:-1)
2024-01-09 10:05:32,586 [WARN] IntegrityCheckThread:84 - waiting for thirdparty lock release [integrity check]
2024-01-09 10:05:32,587 [INFO] PluginManage:310 - Check plugin tools
2024-01-09 10:05:32,587 [INFO] IntegrityCheckThread:86 - entering critical section [integrity check]
2024-01-09 10:05:32,588 [INFO] ThirdPartyUpdaterWithRetryManager:70 - Updater plugin not ready yet. [1/15]
2024-01-09 10:05:32,678 [INFO] PluginManage:359 - Loaded plugin tools (category:base,tabindex:7)
2024-01-09 10:05:32,678 [INFO] PluginManage:310 - Check plugin tutovideos
2024-01-09 10:05:33,232 [INFO] PluginManage:359 - Loaded plugin tutovideos (category:base,tabindex:-1)
2024-01-09 10:05:33,232 [INFO] PluginManage:310 - Check plugin updater
2024-01-09 10:05:33,259 [INFO] PluginManage:359 - Loaded plugin updater (category:base,tabindex:12)
2024-01-09 10:05:33,259 [INFO] PluginManage:310 - Check plugin userauth
2024-01-09 10:05:33,272 [INFO] UserAuth:113 - Init User Auth plugin
2024-01-09 10:05:33,272 [INFO] PluginManage:359 - Loaded plugin userauth (category:base,tabindex:14)
2024-01-09 10:05:33,274 [INFO] PluginManage:283 - PluginManage : Loaded plugins [17]
2024-01-09 10:05:33,819 [INFO] PinOutPanel:1499 - setPackage(No Configuration,No Configuration)
2024-01-09 10:05:34,075 [INFO] CADModel:165 - CPN selected for project level
2024-01-09 10:05:34,075 [INFO] CADModel:114 - Register for checkConnection events
2024-01-09 10:05:34,134 [INFO] IPUIPlugin:80 - create IPUIPlugin
2024-01-09 10:05:34,135 [INFO] PluginManager:220 - loadIPPluginJar : add adc
2024-01-09 10:05:34,231 [INFO] IPUIPlugin:80 - create IPUIPlugin
2024-01-09 10:05:34,232 [INFO] PluginManager:220 - loadIPPluginJar : add aes
2024-01-09 10:05:34,337 [INFO] IPUIPlugin:80 - create IPUIPlugin
2024-01-09 10:05:34,337 [INFO] PluginManager:220 - loadIPPluginJar : add can
2024-01-09 10:05:34,401 [INFO] IPUIPlugin:80 - create IPUIPlugin
2024-01-09 10:05:34,401 [INFO] PluginManager:220 - loadIPPluginJar : add comp
2024-01-09 10:05:34,478 [INFO] IPUIPlugin:80 - create IPUIPlugin
2024-01-09 10:05:34,479 [INFO] PluginManager:220 - loadIPPluginJar : add cryp
2024-01-09 10:05:34,548 [INFO] IPUIPlugin:80 - create IPUIPlugin
2024-01-09 10:05:34,548 [INFO] PluginManager:220 - loadIPPluginJar : add dfsdm
2024-01-09 10:05:34,581 [INFO] IPUIPlugin:80 - create IPUIPlugin
2024-01-09 10:05:34,583 [INFO] PluginManager:220 - loadIPPluginJar : add dma
2024-01-09 10:05:34,696 [INFO] IPUIPlugin:80 - create IPUIPlugin
2024-01-09 10:05:34,696 [INFO] PluginManager:220 - loadIPPluginJar : add dma3
2024-01-09 10:05:34,738 [INFO] IPUIPlugin:80 - create IPUIPlugin
2024-01-09 10:05:34,738 [INFO] PluginManager:220 - loadIPPluginJar : add fatfs
2024-01-09 10:05:34,847 [INFO] IPUIPlugin:80 - create IPUIPlugin
2024-01-09 10:05:34,847 [INFO] PluginManager:220 - loadIPPluginJar : add fmc
2024-01-09 10:05:34,877 [INFO] IPUIPlugin:80 - create IPUIPlugin
2024-01-09 10:05:34,877 [INFO] PluginManager:220 - loadIPPluginJar : add freertos
2024-01-09 10:05:34,932 [INFO] IPUIPlugin:80 - create IPUIPlugin
2024-01-09 10:05:34,932 [INFO] PluginManager:220 - loadIPPluginJar : add genericplugin
2024-01-09 10:05:35,163 [INFO] IPUIPlugin:80 - create IPUIPlugin
2024-01-09 10:05:35,164 [INFO] PluginManager:220 - loadIPPluginJar : add gfxmmu
2024-01-09 10:05:35,491 [INFO] IPUIPlugin:80 - create IPUIPlugin
2024-01-09 10:05:35,491 [INFO] PluginManager:220 - loadIPPluginJar : add gic
2024-01-09 10:05:35,519 [INFO] IPUIPlugin:80 - create IPUIPlugin
2024-01-09 10:05:35,520 [INFO] PluginManager:220 - loadIPPluginJar : add gpio
2024-01-09 10:05:35,589 [INFO] ThirdPartyUpdaterWithRetryManager:70 - Updater plugin not ready yet. [2/15]
2024-01-09 10:05:35,738 [INFO] IPUIPlugin:80 - create IPUIPlugin
2024-01-09 10:05:35,738 [INFO] PluginManager:220 - loadIPPluginJar : add gtzc
2024-01-09 10:05:35,821 [INFO] IPUIPlugin:80 - create IPUIPlugin
2024-01-09 10:05:35,821 [INFO] PluginManager:220 - loadIPPluginJar : add hash
2024-01-09 10:05:35,940 [INFO] IPUIPlugin:80 - create IPUIPlugin
2024-01-09 10:05:35,940 [INFO] PluginManager:220 - loadIPPluginJar : add i2c
2024-01-09 10:05:36,024 [INFO] IPUIPlugin:80 - create IPUIPlugin
2024-01-09 10:05:36,025 [INFO] PluginManager:220 - loadIPPluginJar : add i2s
2024-01-09 10:05:36,109 [INFO] IPUIPlugin:80 - create IPUIPlugin
2024-01-09 10:05:36,109 [INFO] PluginManager:220 - loadIPPluginJar : add i3c
2024-01-09 10:05:36,363 [INFO] IPUIPlugin:80 - create IPUIPlugin
2024-01-09 10:05:36,363 [INFO] PluginManager:220 - loadIPPluginJar : add ipddr
2024-01-09 10:05:36,595 [INFO] IPUIPlugin:80 - create IPUIPlugin
2024-01-09 10:05:36,595 [INFO] PluginManager:220 - loadIPPluginJar : add linkedlist
2024-01-09 10:05:36,680 [INFO] IPUIPlugin:80 - create IPUIPlugin
2024-01-09 10:05:36,680 [INFO] PluginManager:220 - loadIPPluginJar : add lorawan
2024-01-09 10:05:36,769 [INFO] IPUIPlugin:80 - create IPUIPlugin
2024-01-09 10:05:36,770 [INFO] PluginManager:220 - loadIPPluginJar : add ltdc
2024-01-09 10:05:36,805 [INFO] IPUIPlugin:80 - create IPUIPlugin
2024-01-09 10:05:36,806 [INFO] PluginManager:220 - loadIPPluginJar : add mdma
2024-01-09 10:05:36,830 [INFO] IPUIPlugin:80 - create IPUIPlugin
2024-01-09 10:05:36,830 [INFO] PluginManager:220 - loadIPPluginJar : add nvic
2024-01-09 10:05:36,913 [INFO] IPUIPlugin:80 - create IPUIPlugin
2024-01-09 10:05:36,914 [INFO] PluginManager:220 - loadIPPluginJar : add opamp
2024-01-09 10:05:37,038 [INFO] IPUIPlugin:80 - create IPUIPlugin
2024-01-09 10:05:37,038 [INFO] PluginManager:220 - loadIPPluginJar : add openamp
2024-01-09 10:05:37,135 [INFO] IPUIPlugin:80 - create IPUIPlugin
2024-01-09 10:05:37,135 [INFO] PluginManager:220 - loadIPPluginJar : add pdm2pcm
2024-01-09 10:05:37,165 [INFO] IPUIPlugin:80 - create IPUIPlugin
2024-01-09 10:05:37,171 [INFO] PluginManager:220 - loadIPPluginJar : add plateformsettings
2024-01-09 10:05:37,226 [INFO] IPUIPlugin:80 - create IPUIPlugin
2024-01-09 10:05:37,226 [INFO] PluginManager:220 - loadIPPluginJar : add quadspi
2024-01-09 10:05:37,260 [INFO] IPUIPlugin:80 - create IPUIPlugin
2024-01-09 10:05:37,260 [INFO] PluginManager:220 - loadIPPluginJar : add resmgrutility
2024-01-09 10:05:37,375 [INFO] IPUIPlugin:80 - create IPUIPlugin
2024-01-09 10:05:37,375 [INFO] PluginManager:220 - loadIPPluginJar : add sai
2024-01-09 10:05:37,450 [INFO] IPUIPlugin:80 - create IPUIPlugin
2024-01-09 10:05:37,450 [INFO] PluginManager:220 - loadIPPluginJar : add spi
2024-01-09 10:05:37,594 [INFO] IPUIPlugin:80 - create IPUIPlugin
2024-01-09 10:05:37,594 [INFO] PluginManager:220 - loadIPPluginJar : add stm32_wpan
2024-01-09 10:05:37,652 [INFO] IPUIPlugin:80 - create IPUIPlugin
2024-01-09 10:05:37,652 [INFO] PluginManager:220 - loadIPPluginJar : add tim
2024-01-09 10:05:37,786 [INFO] IPUIPlugin:80 - create IPUIPlugin
2024-01-09 10:05:37,786 [INFO] PluginManager:220 - loadIPPluginJar : add touchsensing
2024-01-09 10:05:37,834 [INFO] IPUIPlugin:80 - create IPUIPlugin
2024-01-09 10:05:37,834 [INFO] PluginManager:220 - loadIPPluginJar : add tracer_emb
2024-01-09 10:05:37,889 [INFO] IPUIPlugin:80 - create IPUIPlugin
2024-01-09 10:05:37,890 [INFO] PluginManager:220 - loadIPPluginJar : add ts
2024-01-09 10:05:37,940 [INFO] IPUIPlugin:80 - create IPUIPlugin
2024-01-09 10:05:37,940 [INFO] PluginManager:220 - loadIPPluginJar : add tsc
2024-01-09 10:05:37,987 [INFO] IPUIPlugin:80 - create IPUIPlugin
2024-01-09 10:05:37,988 [INFO] PluginManager:220 - loadIPPluginJar : add ucpd
2024-01-09 10:05:38,106 [INFO] IPUIPlugin:80 - create IPUIPlugin
2024-01-09 10:05:38,106 [INFO] PluginManager:220 - loadIPPluginJar : add usart
2024-01-09 10:05:38,204 [INFO] IPUIPlugin:80 - create IPUIPlugin
2024-01-09 10:05:38,204 [INFO] PluginManager:220 - loadIPPluginJar : add usbx
2024-01-09 10:05:38,399 [INFO] CADModel:165 - CPN selected for project level
2024-01-09 10:05:38,400 [INFO] CADModel:114 - Register for checkConnection events
2024-01-09 10:05:38,400 [FATAL] Updater:308 - Updater called before beeing initialized
2024-01-09 10:05:38,401 [ERROR] CADModel:125 - Updater not yet initialized, retry later 
2024-01-09 10:05:38,592 [INFO] ThirdPartyUpdaterWithRetryManager:70 - Updater plugin not ready yet. [3/15]
2024-01-09 10:05:38,709 [INFO] CADModel:165 - CPN selected for project level
2024-01-09 10:05:38,709 [INFO] CADModel:114 - Register for checkConnection events
2024-01-09 10:05:38,710 [FATAL] Updater:308 - Updater called before beeing initialized
2024-01-09 10:05:38,710 [ERROR] CADModel:125 - Updater not yet initialized, retry later 
2024-01-09 10:05:38,718 [FATAL] Updater:308 - Updater called before beeing initialized
2024-01-09 10:05:38,978 [FATAL] Updater:308 - Updater called before beeing initialized
2024-01-09 10:05:38,993 [INFO] DbMcusAds:53 - JSON generation date=Wed Nov 29 19:52:27 JST 2023 (1701255147349)
2024-01-09 10:05:38,993 [FATAL] Updater:308 - Updater called before beeing initialized
2024-01-09 10:05:39,162 [WARN] DetailPanel:346 - Failed to get advertising image, set to default
2024-01-09 10:05:39,382 [FATAL] Updater:308 - Updater called before beeing initialized
2024-01-09 10:05:39,385 [FATAL] Updater:308 - Updater called before beeing initialized
2024-01-09 10:05:39,386 [FATAL] Updater:308 - Updater called before beeing initialized
2024-01-09 10:05:39,386 [WARN] DetailPanel:346 - Failed to get advertising image, set to default
2024-01-09 10:05:39,387 [FATAL] Updater:308 - Updater called before beeing initialized
2024-01-09 10:05:39,529 [ERROR] Updater:1120 - MainUpdater not yet initialized. External WinMGr cannot be set.
2024-01-09 10:05:39,557 [INFO] Updater:1056 - Updater Version found : 6.9.1
2024-01-09 10:05:39,595 [INFO] ApplicationProperties:184 - Using Application install path: C:\ST\STM32CubeIDE_1.4.0\STM32CubeIDE\plugins\com.st.stm32cube.common.mx_6.9.1.202307191849
2024-01-09 10:05:39,909 [INFO] MainUpdater:2868 - connection check result : 10
2024-01-09 10:05:39,911 [INFO] MainUpdater:285 - Updater Check For Update Now.
2024-01-09 10:05:39,912 [INFO] MicroXplorer:498 - Change Database Version : DB.6.0.91
2024-01-09 10:05:39,948 [INFO] McuFinderGlobals:63 - Set McuFinder mode to 2 (CubeIDE integrated)
2024-01-09 10:05:39,949 [INFO] UserAuth:179 - activating auth plugin
2024-01-09 10:05:39,955 [INFO] UserAuth:393 - Internet connection configuration mode: 1
2024-01-09 10:05:40,004 [INFO] JxBrowserEngine:151 - Initiate JxBrowser Engine with user profile folder
2024-01-09 10:05:40,241 [INFO] CheckServerUpdateThread:120 - End of CheckServer Thread
2024-01-09 10:05:42,007 [INFO] WebApp:157 - Instantiating new browser for Auth
2024-01-09 10:05:42,153 [WARN] PackLoader:240 - Cannot read IP mode file for STMicroelectronics.X-CUBE-SMBUS.2.1.0
2024-01-09 10:05:42,171 [WARN] PackLoader:240 - Cannot read IP mode file for STMicroelectronics.X-CUBE-TOUCHGFX.4.23.0
2024-01-09 10:05:42,262 [WARN] PackLoader:240 - Cannot read IP mode file for STMicroelectronics.X-CUBE-AZRTOS-F7.1.1.0
2024-01-09 10:05:42,294 [ERROR] RealEvaluatedCondition:428 - Found unsupported composite condition: GROUP='STM32_MetaDataManager' CLASS='Data Exchange'
2024-01-09 10:05:42,295 [ERROR] RealEvaluatedCondition:428 - Found unsupported composite condition: GROUP='STM32_MetaDataManager' CLASS='Data Exchange'
2024-01-09 10:05:42,299 [WARN] PackLoader:240 - Cannot read IP mode file for STMicroelectronics.FP-SNS-MOTENV1.4.3.0
2024-01-09 10:05:42,319 [WARN] PackLoader:240 - Cannot read IP mode file for STMicroelectronics.FP-SNS-MOTENV1.4.3.2
2024-01-09 10:05:42,335 [WARN] PackLoader:240 - Cannot read IP mode file for STMicroelectronics.FP-SNS-FLIGHT1.5.0.0
2024-01-09 10:05:42,346 [ERROR] RealEvaluatedCondition:428 - Found unsupported composite condition: GROUP='STM32_MetaDataManager' CLASS='Data Exchange'
2024-01-09 10:05:42,346 [ERROR] RealEvaluatedCondition:428 - Found unsupported composite condition: CLASS='Data Exchange' GROUP='STM32_MetaDataManager'
2024-01-09 10:05:42,350 [WARN] PackLoader:240 - Cannot read IP mode file for STMicroelectronics.FP-SNS-MOTENV1.4.3.1
2024-01-09 10:05:42,369 [WARN] PackLoader:240 - Cannot read IP mode file for STMicroelectronics.FP-SNS-FLIGHT1.5.0.1
2024-01-09 10:05:42,389 [WARN] PackLoader:240 - Cannot read IP mode file for STMicroelectronics.X-CUBE-BLE1.6.2.4
2024-01-09 10:05:42,408 [WARN] PackLoader:240 - Cannot read IP mode file for STMicroelectronics.FP-SNS-FLIGHT1.5.0.2
2024-01-09 10:05:42,428 [WARN] PackLoader:240 - Cannot read IP mode file for STMicroelectronics.X-CUBE-DISPLAY.3.0.0
2024-01-09 10:05:42,451 [WARN] PackLoader:240 - Cannot read IP mode file for STMicroelectronics.X-CUBE-BLE1.7.0.0
2024-01-09 10:05:42,460 [WARN] PackLoader:240 - Cannot read IP mode file for STMicroelectronics.X-CUBE-TOUCHGFX.4.22.0
2024-01-09 10:05:42,468 [WARN] PackLoader:240 - Cannot read IP mode file for STMicroelectronics.X-CUBE-TOUCHGFX.4.22.1
2024-01-09 10:05:42,479 [WARN] PackLoader:240 - Cannot read IP mode file for STMicroelectronics.FP-SNS-SMARTAG2.1.2.0
2024-01-09 10:05:42,526 [INFO] LogOutputStream:77 - [STDOUT_REDIRECT] 1 : Invalid condition id : UX_CORESTACK_Condition cause : null
2024-01-09 10:05:42,527 [INFO] LogOutputStream:77 - [STDOUT_REDIRECT] 1 : Invalid condition id : UX_CORESTACK_Condition cause : null
2024-01-09 10:05:42,534 [INFO] LogOutputStream:77 - [STDOUT_REDIRECT] 1 : Invalid condition id : UX_CORESTACK_Condition cause : null
2024-01-09 10:05:42,538 [INFO] LogOutputStream:77 - [STDOUT_REDIRECT] 1 : Invalid condition id : UX_CORESTACK_Condition cause : null
2024-01-09 10:05:42,543 [INFO] LogOutputStream:77 - [STDOUT_REDIRECT] 1 : Invalid condition id : UX_CORESTACK_Condition cause : null
2024-01-09 10:05:42,554 [WARN] PackLoader:240 - Cannot read IP mode file for STMicroelectronics.X-CUBE-AZRTOS-WL.2.0.0
2024-01-09 10:05:42,578 [WARN] PackLoader:240 - Cannot read IP mode file for WES.I-CUBE-Cesium.1.3.0
2024-01-09 10:05:42,592 [WARN] PackLoader:240 - Cannot read IP mode file for STMicroelectronics.X-CUBE-BLE2.3.3.0
2024-01-09 10:05:42,625 [WARN] PackLoader:240 - Cannot read IP mode file for STMicroelectronics.X-CUBE-TOF1.3.2.0
2024-01-09 10:05:42,661 [WARN] PackLoader:240 - Cannot read IP mode file for STMicroelectronics.X-CUBE-TOUCHGFX.4.21.1
2024-01-09 10:05:42,674 [WARN] PackLoader:240 - Cannot read IP mode file for STMicroelectronics.X-CUBE-TOUCHGFX.4.21.3
2024-01-09 10:05:42,683 [WARN] PackLoader:240 - Cannot read IP mode file for STMicroelectronics.X-CUBE-TOUCHGFX.4.21.4
2024-01-09 10:05:42,704 [WARN] PackLoader:240 - Cannot read IP mode file for STMicroelectronics.X-CUBE-ALGOBUILD.1.3.0
2024-01-09 10:05:42,779 [WARN] PackLoader:240 - Cannot read IP mode file for STMicroelectronics.X-CUBE-AZRTOS-G0.1.1.0
2024-01-09 10:05:42,808 [WARN] PackLoader:240 - Cannot read IP mode file for STMicroelectronics.X-CUBE-NFC4.3.0.0
2024-01-09 10:05:42,834 [WARN] PackLoader:240 - Cannot read IP mode file for STMicroelectronics.X-CUBE-BLEMGR.3.0.0
2024-01-09 10:05:42,856 [WARN] PackLoader:240 - Cannot read IP mode file for STMicroelectronics.FP-ATR-SIGFOX1.3.2.0
2024-01-09 10:05:42,972 [WARN] PackLoader:240 - Cannot read IP mode file for STMicroelectronics.X-CUBE-MEMS1.9.5.0
2024-01-09 10:05:43,503 [WARN] PackLoader:240 - Cannot read IP mode file for SEGGER.I-CUBE-embOS.1.3.1
2024-01-09 10:05:43,607 [WARN] PackLoader:240 - Cannot read IP mode file for STMicroelectronics.X-CUBE-GNSS1.6.0.0
2024-01-09 10:05:43,648 [WARN] PackLoader:240 - Cannot read IP mode file for STMicroelectronics.X-CUBE-AZRTOS-F4.1.1.0
2024-01-09 10:05:43,815 [WARN] PackLoader:240 - Cannot read IP mode file for STMicroelectronics.X-CUBE-AZRTOS-L5.2.0.0
2024-01-09 10:05:44,068 [WARN] PackLoader:240 - Cannot read IP mode file for STMicroelectronics.X-CUBE-MEMS1.9.6.0
2024-01-09 10:05:44,439 [WARN] PackLoader:240 - Cannot read IP mode file for STMicroelectronics.X-CUBE-EEPRMA1.4.2.0
2024-01-09 10:05:44,464 [WARN] PackLoader:240 - Cannot read IP mode file for ITTIA_DB.I-CUBE-ITTIADB.8.8.0
2024-01-09 10:05:44,481 [WARN] PackLoader:240 - Cannot read IP mode file for emotas.I-CUBE-CANOPEN.1.1.3
2024-01-09 10:05:44,498 [WARN] PackLoader:240 - Cannot read IP mode file for STMicroelectronics.X-CUBE-BLEMGR.2.0.0
2024-01-09 10:05:44,549 [WARN] ConditionMgr:438 - getConditionDescription Invalid condition id : UX DEVICE CLASS RTOS Condition cause : null
2024-01-09 10:05:44,550 [WARN] ConditionMgr:438 - getConditionDescription Invalid condition id : UX DEVICE CLASS RTOS Condition cause : null
2024-01-09 10:05:44,558 [WARN] PackLoader:240 - Cannot read IP mode file for STMicroelectronics.X-CUBE-AZRTOS-H7.3.1.0
2024-01-09 10:05:44,560 [WARN] ConditionMgr:1039 - genDependencies : Invalid condition id : UX DEVICE CLASS RTOS Condition cause : null
2024-01-09 10:05:44,561 [WARN] ConditionMgr:1039 - genDependencies : Invalid condition id : UX DEVICE CLASS RTOS Condition cause : null
2024-01-09 10:05:44,563 [WARN] ConditionMgr:1039 - genDependencies : Invalid condition id : UX DEVICE CLASS RTOS Condition cause : null
2024-01-09 10:05:44,564 [WARN] ConditionMgr:1039 - genDependencies : Invalid condition id : UX DEVICE CLASS RTOS Condition cause : null
2024-01-09 10:05:44,564 [WARN] ConditionMgr:1039 - genDependencies : Invalid condition id : UX DEVICE CLASS RTOS Condition cause : null
2024-01-09 10:05:44,578 [WARN] PackLoader:240 - Cannot read IP mode file for wolfSSL.I-CUBE-wolfSSL.5.5.4
2024-01-09 10:05:44,589 [WARN] PackLoader:240 - Cannot read IP mode file for STMicroelectronics.X-CUBE-NFC7.1.0.1
2024-01-09 10:05:44,609 [WARN] PackLoader:240 - Cannot read IP mode file for STMicroelectronics.X-CUBE-NFC7.1.0.0
2024-01-09 10:05:44,632 [WARN] PackLoader:240 - Cannot read IP mode file for STMicroelectronics.X-CUBE-NFC6.3.0.0
2024-01-09 10:05:44,650 [WARN] PackLoader:240 - Cannot read IP mode file for STMicroelectronics.X-CUBE-EEPRMA1.4.1.0
2024-01-09 10:05:44,663 [WARN] PackLoader:240 - Cannot read IP mode file for STMicroelectronics.X-CUBE-AI.8.1.0
2024-01-09 10:05:44,707 [WARN] ConditionMgr:438 - getConditionDescription Invalid condition id : LAN8742 Phy interface Condition cause : null
2024-01-09 10:05:44,709 [WARN] PackLoader:240 - Cannot read IP mode file for STMicroelectronics.X-CUBE-AZRTOS-L4.2.0.0
2024-01-09 10:05:44,711 [WARN] ConditionMgr:1039 - genDependencies : Invalid condition id : LAN8742 Phy interface Condition cause : null
2024-01-09 10:05:44,712 [WARN] ConditionMgr:1039 - genDependencies : Invalid condition id : LAN8742 Phy interface Condition cause : null
2024-01-09 10:05:44,714 [WARN] ConditionMgr:1039 - genDependencies : Invalid condition id : LAN8742 Phy interface Condition cause : null
2024-01-09 10:05:44,720 [INFO] WebApp:753 - Register for checkConnection events
2024-01-09 10:05:44,721 [INFO] WebApp:390 - Apply proxy settings
2024-01-09 10:05:44,721 [INFO] WebApp:475 - Chromium requires no authentication
2024-01-09 10:05:44,731 [WARN] PackLoader:240 - Cannot read IP mode file for STMicroelectronics.X-CUBE-SFXS2LP1.4.0.0
2024-01-09 10:05:44,747 [INFO] WebApp:418 - Direct internet connection detected
2024-01-09 10:05:44,778 [WARN] PackLoader:240 - Cannot read IP mode file for STMicroelectronics.X-CUBE-AZRTOS-H7.3.0.0
2024-01-09 10:05:44,795 [WARN] PackLoader:240 - Cannot read IP mode file for STMicroelectronics.X-CUBE-ISPU.1.1.0
2024-01-09 10:05:44,812 [WARN] PackLoader:240 - Cannot read IP mode file for RoweBots.I-CUBE-UNISONRTOS.5.5.0-4
2024-01-09 10:05:44,820 [WARN] PackLoader:240 - Cannot read IP mode file for STMicroelectronics.X-CUBE-AI.8.0.0
2024-01-09 10:05:44,847 [WARN] ConditionMgr:438 - getConditionDescription Invalid condition id : UX DEVICE CLASS RTOS Condition cause : null
2024-01-09 10:05:44,847 [WARN] ConditionMgr:438 - getConditionDescription Invalid condition id : UX DEVICE CLASS RTOS Condition cause : null
2024-01-09 10:05:44,852 [WARN] PackLoader:240 - Cannot read IP mode file for STMicroelectronics.X-CUBE-AZRTOS-WB.2.0.0
2024-01-09 10:05:44,854 [WARN] ConditionMgr:1039 - genDependencies : Invalid condition id : UX DEVICE CLASS RTOS Condition cause : null
2024-01-09 10:05:44,854 [WARN] ConditionMgr:1039 - genDependencies : Invalid condition id : UX DEVICE CLASS RTOS Condition cause : null
2024-01-09 10:05:44,855 [WARN] ConditionMgr:1039 - genDependencies : Invalid condition id : UX DEVICE CLASS RTOS Condition cause : null
2024-01-09 10:05:44,856 [WARN] ConditionMgr:1039 - genDependencies : Invalid condition id : UX DEVICE CLASS RTOS Condition cause : null
2024-01-09 10:05:44,857 [WARN] ConditionMgr:1039 - genDependencies : Invalid condition id : UX DEVICE CLASS RTOS Condition cause : null
2024-01-09 10:05:44,877 [WARN] PackLoader:240 - Cannot read IP mode file for STMicroelectronics.X-CUBE-FREERTOS.1.0.0
2024-01-09 10:05:44,888 [WARN] PackLoader:240 - Cannot read IP mode file for STMicroelectronics.X-CUBE-FREERTOS.1.0.1
2024-01-09 10:05:44,920 [WARN] PackLoader:240 - Cannot read IP mode file for STMicroelectronics.X-CUBE-AZRTOS-L5.1.1.0
2024-01-09 10:05:44,934 [WARN] PackLoader:240 - Cannot read IP mode file for STMicroelectronics.X-CUBE-AI.8.0.1
2024-01-09 10:05:44,956 [WARN] PackLoader:240 - Cannot read IP mode file for STMicroelectronics.X-CUBE-SUBG2.5.0.0
2024-01-09 10:05:44,987 [WARN] PackLoader:240 - Cannot read IP mode file for STMicroelectronics.X-CUBE-TOF1.3.3.1
2024-01-09 10:05:45,041 [WARN] PackLoader:240 - Cannot read IP mode file for STMicroelectronics.X-CUBE-AZRTOS-G4.2.0.0
2024-01-09 10:05:45,103 [WARN] PackLoader:240 - Cannot read IP mode file for STMicroelectronics.X-CUBE-TOF1.3.3.0
2024-01-09 10:05:45,137 [WARN] PackLoader:240 - Cannot read IP mode file for STMicroelectronics.FP-ATR-ASTRA1.1.1.1
2024-01-09 10:05:45,175 [WARN] PackLoader:240 - Cannot read IP mode file for Infineon.AIROC-Wi-Fi-Bluetooth-STM32.1.5.1
2024-01-09 10:05:45,194 [WARN] PackLoader:240 - Cannot read IP mode file for STMicroelectronics.FP-SNS-MOTENVWB1.1.3.0
2024-01-09 10:05:45,204 [WARN] PackLoader:240 - Cannot read IP mode file for STMicroelectronics.FP-SNS-MOTENVWB1.1.3.1
2024-01-09 10:05:45,244 [WARN] PackLoader:240 - Cannot read IP mode file for STMicroelectronics.X-CUBE-AZRTOS-G4.1.0.0
2024-01-09 10:05:45,302 [WARN] PackLoader:240 - Cannot read IP mode file for STMicroelectronics.X-CUBE-AZRTOS-L4.1.0.0
2024-01-09 10:05:45,418 [WARN] PackLoader:240 - Cannot read IP mode file for STMicroelectronics.X-CUBE-ISPU.2.0.0
2024-01-09 10:05:45,486 [INFO] WebApp:188 - Starting web application
2024-01-09 10:05:45,486 [INFO] WebApp:520 - Web application path used C:\ST\STM32CubeIDE_1.4.0\STM32CubeIDE\plugins\com.st.stm32cube.common.mx_6.9.1.202307191849\db\plugins\mcufinder\reactClient1\index.html
2024-01-09 10:05:45,515 [WARN] PackLoader:240 - Cannot read IP mode file for STMicroelectronics.X-CUBE-MEMS1.10.0.0
2024-01-09 10:05:45,887 [WARN] PackLoader:240 - Cannot read IP mode file for STMicroelectronics.X-CUBE-FREERTOS.1.1.0
2024-01-09 10:05:45,937 [WARN] PackLoader:240 - Cannot read IP mode file for STMicroelectronics.X-CUBE-AZRTOS-WL.1.0.0
2024-01-09 10:05:45,953 [WARN] PackLoader:240 - Cannot read IP mode file for portGmbH.I-Cube-SoM-uGOAL.1.1.0
2024-01-09 10:05:45,994 [WARN] PackLoader:240 - Cannot read IP mode file for STMicroelectronics.X-CUBE-ALS.1.0.1
2024-01-09 10:05:46,023 [WARN] PackLoader:240 - Cannot read IP mode file for STMicroelectronics.X-CUBE-AZRTOS-WB.1.1.0
2024-01-09 10:05:46,037 [WARN] PackLoader:240 - Cannot read IP mode file for STMicroelectronics.FP-ATR-ASTRA1.2.0.0
2024-01-09 10:05:46,062 [WARN] PackLoader:240 - Cannot read IP mode file for STMicroelectronics.X-CUBE-TOF1.3.4.0
2024-01-09 10:05:46,136 [WARN] PackLoader:240 - Cannot read IP mode file for STMicroelectronics.X-CUBE-AZRTOS-H7.3.2.0
2024-01-09 10:05:46,145 [INFO] ThirdParty:978 - Integrity check success = true
2024-01-09 10:05:46,145 [INFO] IntegrityCheckThread:100 - exiting critical section [integrity check]
2024-01-09 10:05:46,146 [INFO] IntegrityCheckThread:103 - End integrity checks thread
2024-01-09 10:38:06,757 [ERROR] LogOutputStream:75 - [STDERR_REDIRECT] SLF4J: Failed to load class "org.slf4j.impl.StaticLoggerBinder".
2024-01-09 10:38:06,759 [ERROR] LogOutputStream:75 - [STDERR_REDIRECT] SLF4J: Defaulting to no-operation (NOP) logger implementation
2024-01-09 10:38:06,764 [ERROR] LogOutputStream:75 - [STDERR_REDIRECT] SLF4J: See http://www.slf4j.org/codes.html#StaticLoggerBinder for further details.
2024-01-09 13:58:15,466 [ERROR] LogOutputStream:75 - [STDERR_REDIRECT] 
