2023-05-22 20:04:38,345 [INFO] Activator:176 - 


2023-05-22 20:04:38,357 [INFO] Activator:177 - !SESSION log4j initialized
2023-05-22 20:04:52,765 [INFO] LogOutputStream:77 - [STDOUT_REDIRECT] 
2023-05-22 20:11:50,700 [ERROR] LogOutputStream:75 - [STDERR_REDIRECT] SLF4J: Failed to load class "org.slf4j.impl.StaticLoggerBinder".
2023-05-22 20:11:50,701 [ERROR] LogOutputStream:75 - [STDERR_REDIRECT] SLF4J: Defaulting to no-operation (NOP) logger implementation
2023-05-22 20:11:50,706 [ERROR] LogOutputStream:75 - [STDERR_REDIRECT] SLF4J: See http://www.slf4j.org/codes.html#StaticLoggerBinder for further details.
2023-05-22 20:32:56,947 [INFO] ApplicationProperties:184 - Using Application install path: C:\ST\STM32CubeIDE_1.4.0\STM32CubeIDE\plugins\com.st.stm32cube.common.mx_6.8.1.202304191431
2023-05-22 20:32:56,990 [INFO] DbMcusXml:78 - Set database path to: C:\ST\STM32CubeIDE_1.4.0\STM32CubeIDE\plugins\com.st.stm32cube.common.mx_6.8.1.202304191431\\db\/mcu/
2023-05-22 20:32:56,991 [INFO] ApiDb:274 - Set plugin database path to: C:\ST\STM32CubeIDE_1.4.0\STM32CubeIDE\plugins\com.st.stm32cube.common.mx_6.8.1.202304191431\\db\/plugins/boardmanager/
2023-05-22 20:32:56,995 [WARN] ApiDb:259 - Overriding images path with different value:  => C:\ST\STM32CubeIDE_1.4.0\STM32CubeIDE\plugins\com.st.stm32cube.common.mx_6.8.1.202304191431\\db\/plugins/mcufinder/images/
2023-05-22 20:32:57,029 [INFO] ApiDb:250 - Set database path to: C:\Users\Minh\.stmcufinder\plugins\mcufinder//mcu/
2023-05-22 20:32:57,033 [INFO] DbMcusAds:125 - Set database path to: C:\Users\Minh\.stmcufinder\plugins\mcufinder//mcu/
2023-05-22 20:32:57,839 [INFO] CrossReferenceDbSqlite:203 - Set database path to: C:\Users\Minh\.stmcufinder\plugins\mcufinder//mcu/cs/
2023-05-22 20:32:58,273 [INFO] RulesReader:64 - Compatibility file has been processed (293 Rules)
2023-05-22 20:32:58,622 [INFO] DbMcusXml:78 - Set database path to: C:\ST\STM32CubeIDE_1.4.0\STM32CubeIDE\plugins\com.st.stm32cube.common.mx_6.8.1.202304191431\\db\/mcu/
2023-05-22 20:32:58,623 [INFO] ApiDb:274 - Set plugin database path to: C:\ST\STM32CubeIDE_1.4.0\STM32CubeIDE\plugins\com.st.stm32cube.common.mx_6.8.1.202304191431\\db\/plugins/boardmanager/
2023-05-22 20:32:58,623 [INFO] ApiDb:261 - Set plugin images path to: C:\ST\STM32CubeIDE_1.4.0\STM32CubeIDE\plugins\com.st.stm32cube.common.mx_6.8.1.202304191431\\db\/plugins/mcufinder/images/
2023-05-22 20:32:58,624 [WARN] DbFile:41 - Overriding database path with different value: C:\Users\Minh\.stmcufinder\plugins\mcufinder/ => C:\Users\Minh\.stmcufinder\plugins\mcufinder
2023-05-22 20:32:58,625 [INFO] ApiDb:250 - Set database path to: C:\Users\Minh\.stmcufinder\plugins\mcufinder//mcu/
2023-05-22 20:32:58,625 [WARN] DbFile:41 - Overriding database path with different value: C:\Users\Minh\.stmcufinder\plugins\mcufinder/ => C:\Users\Minh\.stmcufinder\plugins\mcufinder
2023-05-22 20:32:58,625 [INFO] DbMcusAds:125 - Set database path to: C:\Users\Minh\.stmcufinder\plugins\mcufinder//mcu/
2023-05-22 20:32:58,625 [WARN] DbFile:41 - Overriding database path with different value: C:\Users\Minh\.stmcufinder\plugins\mcufinder/ => C:\Users\Minh\.stmcufinder\plugins\mcufinder
2023-05-22 20:32:58,626 [WARN] DbFile:41 - Overriding database path with different value: C:\Users\Minh\.stmcufinder\plugins\mcufinder/ => C:\Users\Minh\.stmcufinder\plugins\mcufinder
2023-05-22 20:32:58,626 [INFO] CrossReferenceDbSqlite:203 - Set database path to: C:\Users\Minh\.stmcufinder\plugins\mcufinder//mcu/cs/
2023-05-22 20:32:58,820 [INFO] MainPanel:253 - HeapMemory: 592445440
2023-05-22 20:32:59,064 [INFO] DbMcusXml:78 - Set database path to: C:\ST\STM32CubeIDE_1.4.0\STM32CubeIDE\plugins\com.st.stm32cube.common.mx_6.8.1.202304191431\\db\/mcu/
2023-05-22 20:32:59,064 [INFO] ApiDb:274 - Set plugin database path to: C:\ST\STM32CubeIDE_1.4.0\STM32CubeIDE\plugins\com.st.stm32cube.common.mx_6.8.1.202304191431\\db\/plugins/boardmanager/
2023-05-22 20:32:59,064 [INFO] ApiDb:261 - Set plugin images path to: C:\ST\STM32CubeIDE_1.4.0\STM32CubeIDE\plugins\com.st.stm32cube.common.mx_6.8.1.202304191431\\db\/plugins/mcufinder/images/
2023-05-22 20:32:59,066 [WARN] DbFile:41 - Overriding database path with different value: C:\Users\Minh\.stmcufinder\plugins\mcufinder/ => C:\Users\Minh\.stmcufinder\plugins\mcufinder
2023-05-22 20:32:59,066 [INFO] ApiDb:250 - Set database path to: C:\Users\Minh\.stmcufinder\plugins\mcufinder//mcu/
2023-05-22 20:32:59,067 [WARN] DbFile:41 - Overriding database path with different value: C:\Users\Minh\.stmcufinder\plugins\mcufinder/ => C:\Users\Minh\.stmcufinder\plugins\mcufinder
2023-05-22 20:32:59,067 [INFO] DbMcusAds:125 - Set database path to: C:\Users\Minh\.stmcufinder\plugins\mcufinder//mcu/
2023-05-22 20:32:59,067 [WARN] DbFile:41 - Overriding database path with different value: C:\Users\Minh\.stmcufinder\plugins\mcufinder/ => C:\Users\Minh\.stmcufinder\plugins\mcufinder
2023-05-22 20:32:59,068 [WARN] DbFile:41 - Overriding database path with different value: C:\Users\Minh\.stmcufinder\plugins\mcufinder/ => C:\Users\Minh\.stmcufinder\plugins\mcufinder
2023-05-22 20:32:59,068 [INFO] CrossReferenceDbSqlite:203 - Set database path to: C:\Users\Minh\.stmcufinder\plugins\mcufinder//mcu/cs/
2023-05-22 20:32:59,150 [INFO] ApplicationProperties:184 - Using Application install path: C:\ST\STM32CubeIDE_1.4.0\STM32CubeIDE\plugins\com.st.stm32cube.common.mx_6.8.1.202304191431
2023-05-22 20:32:59,156 [INFO] PluginManage:196 - Search for loadable plugins [exclusion list=, ]
2023-05-22 20:32:59,163 [INFO] PluginManage:310 - Check plugin analytics
2023-05-22 20:33:04,256 [INFO] AnalyticsPlugin:253 - Accepted Software Licenses: STM32CubeMX.6.0.0,STM32CubeMX.5.2.0
2023-05-22 20:33:04,257 [INFO] AnalyticsPlugin:255 - Accepted CMSIS Pack Licenses: 
2023-05-22 20:33:04,257 [INFO] AnalyticsPlugin:257 - Accepted Firmware Licenses: 
2023-05-22 20:33:04,273 [INFO] PluginManage:359 - Loaded plugin analytics (category:tool,tabindex:-1)
2023-05-22 20:33:04,273 [INFO] PluginManage:310 - Check plugin cadmodel
2023-05-22 20:33:04,304 [INFO] CADModel:105 - Init CAD model plugin
2023-05-22 20:33:04,305 [INFO] PluginManage:359 - Loaded plugin cadmodel (category:power,tabindex:5)
2023-05-22 20:33:04,305 [INFO] PluginManage:310 - Check plugin clock
2023-05-22 20:33:04,353 [INFO] PluginManage:359 - Loaded plugin clock (category:base,tabindex:2)
2023-05-22 20:33:04,353 [INFO] PluginManage:310 - Check plugin ddr
2023-05-22 20:33:04,359 [INFO] PluginManage:359 - Loaded plugin ddr (category:tool,tabindex:6)
2023-05-22 20:33:04,360 [INFO] PluginManage:310 - Check plugin filemanager
2023-05-22 20:33:04,644 [INFO] PluginManage:359 - Loaded plugin filemanager (category:base,tabindex:10)
2023-05-22 20:33:04,645 [INFO] PluginManage:310 - Check plugin ipmanager
2023-05-22 20:33:04,662 [INFO] PluginManage:359 - Loaded plugin ipmanager (category:base,tabindex:5)
2023-05-22 20:33:04,662 [INFO] PluginManage:310 - Check plugin lpbam
2023-05-22 20:33:04,700 [INFO] PluginManage:359 - Loaded plugin lpbam (category:base,tabindex:0)
2023-05-22 20:33:04,701 [INFO] PluginManage:310 - Check plugin pinoutandconfiguration
2023-05-22 20:33:04,737 [INFO] PluginManage:359 - Loaded plugin pinoutandconfiguration (category:base,tabindex:1)
2023-05-22 20:33:04,738 [INFO] PluginManage:310 - Check plugin pinoutconfig
2023-05-22 20:33:04,927 [WARN] SupportedApi:132 - Cannot load RTOS API schema: s4s-elt-must-match.1: The content of 'definitions' must match (annotation?, (simpleType | complexType)?, (unique | key | keyref)*)). A problem was found starting at: attribute.
2023-05-22 20:33:05,206 [INFO] PluginManage:359 - Loaded plugin pinoutconfig (category:base,tabindex:0)
2023-05-22 20:33:05,206 [INFO] PluginManage:310 - Check plugin power
2023-05-22 20:33:05,275 [INFO] PluginManage:359 - Loaded plugin power (category:power,tabindex:4)
2023-05-22 20:33:05,275 [INFO] PluginManage:310 - Check plugin projectmanager
2023-05-22 20:33:05,308 [INFO] PluginManage:359 - Loaded plugin projectmanager (category:projectmanager,tabindex:3)
2023-05-22 20:33:05,308 [INFO] PluginManage:310 - Check plugin thirdparty
2023-05-22 20:33:05,787 [INFO] PluginManage:359 - Loaded plugin thirdparty (category:base,tabindex:-1)
2023-05-22 20:33:05,787 [WARN] IntegrityCheckThread:84 - waiting for thirdparty lock release [integrity check]
2023-05-22 20:33:05,788 [INFO] PluginManage:310 - Check plugin tools
2023-05-22 20:33:05,788 [INFO] IntegrityCheckThread:86 - entering critical section [integrity check]
2023-05-22 20:33:05,793 [INFO] ThirdPartyUpdaterWithRetryManager:70 - Updater plugin not ready yet. [1/15]
2023-05-22 20:33:05,866 [INFO] PluginManage:359 - Loaded plugin tools (category:base,tabindex:7)
2023-05-22 20:33:05,866 [INFO] PluginManage:310 - Check plugin tutovideos
2023-05-22 20:33:06,304 [INFO] PluginManage:359 - Loaded plugin tutovideos (category:base,tabindex:-1)
2023-05-22 20:33:06,304 [INFO] PluginManage:310 - Check plugin updater
2023-05-22 20:33:06,334 [INFO] PluginManage:359 - Loaded plugin updater (category:base,tabindex:12)
2023-05-22 20:33:06,335 [INFO] PluginManage:283 - PluginManage : Loaded plugins [15]
2023-05-22 20:33:06,873 [INFO] PinOutPanel:1499 - setPackage(No Configuration,No Configuration)
2023-05-22 20:33:07,022 [INFO] CADModel:165 - CPN selected for project level
2023-05-22 20:33:07,022 [INFO] CADModel:114 - Register for checkConnection events
2023-05-22 20:33:07,088 [INFO] IPUIPlugin:80 - create IPUIPlugin
2023-05-22 20:33:07,088 [INFO] PluginManager:220 - loadIPPluginJar : add adc
2023-05-22 20:33:07,187 [INFO] IPUIPlugin:80 - create IPUIPlugin
2023-05-22 20:33:07,187 [INFO] PluginManager:220 - loadIPPluginJar : add aes
2023-05-22 20:33:07,290 [INFO] IPUIPlugin:80 - create IPUIPlugin
2023-05-22 20:33:07,290 [INFO] PluginManager:220 - loadIPPluginJar : add can
2023-05-22 20:33:07,346 [INFO] IPUIPlugin:80 - create IPUIPlugin
2023-05-22 20:33:07,347 [INFO] PluginManager:220 - loadIPPluginJar : add comp
2023-05-22 20:33:07,435 [INFO] IPUIPlugin:80 - create IPUIPlugin
2023-05-22 20:33:07,435 [INFO] PluginManager:220 - loadIPPluginJar : add cryp
2023-05-22 20:33:07,507 [INFO] IPUIPlugin:80 - create IPUIPlugin
2023-05-22 20:33:07,507 [INFO] PluginManager:220 - loadIPPluginJar : add dfsdm
2023-05-22 20:33:07,540 [INFO] IPUIPlugin:80 - create IPUIPlugin
2023-05-22 20:33:07,542 [INFO] PluginManager:220 - loadIPPluginJar : add dma
2023-05-22 20:33:07,655 [INFO] IPUIPlugin:80 - create IPUIPlugin
2023-05-22 20:33:07,656 [INFO] PluginManager:220 - loadIPPluginJar : add dma3
2023-05-22 20:33:07,696 [INFO] IPUIPlugin:80 - create IPUIPlugin
2023-05-22 20:33:07,696 [INFO] PluginManager:220 - loadIPPluginJar : add fatfs
2023-05-22 20:33:07,796 [INFO] IPUIPlugin:80 - create IPUIPlugin
2023-05-22 20:33:07,797 [INFO] PluginManager:220 - loadIPPluginJar : add fmc
2023-05-22 20:33:07,828 [INFO] IPUIPlugin:80 - create IPUIPlugin
2023-05-22 20:33:07,828 [INFO] PluginManager:220 - loadIPPluginJar : add freertos
2023-05-22 20:33:07,876 [INFO] IPUIPlugin:80 - create IPUIPlugin
2023-05-22 20:33:07,876 [INFO] PluginManager:220 - loadIPPluginJar : add genericplugin
2023-05-22 20:33:08,052 [INFO] IPUIPlugin:80 - create IPUIPlugin
2023-05-22 20:33:08,052 [INFO] PluginManager:220 - loadIPPluginJar : add gfxmmu
2023-05-22 20:33:08,292 [INFO] IPUIPlugin:80 - create IPUIPlugin
2023-05-22 20:33:08,292 [INFO] PluginManager:220 - loadIPPluginJar : add gic
2023-05-22 20:33:08,315 [INFO] IPUIPlugin:80 - create IPUIPlugin
2023-05-22 20:33:08,316 [INFO] PluginManager:220 - loadIPPluginJar : add gpio
2023-05-22 20:33:08,481 [INFO] IPUIPlugin:80 - create IPUIPlugin
2023-05-22 20:33:08,482 [INFO] PluginManager:220 - loadIPPluginJar : add gtzc
2023-05-22 20:33:08,554 [INFO] IPUIPlugin:80 - create IPUIPlugin
2023-05-22 20:33:08,554 [INFO] PluginManager:220 - loadIPPluginJar : add hash
2023-05-22 20:33:08,660 [INFO] IPUIPlugin:80 - create IPUIPlugin
2023-05-22 20:33:08,660 [INFO] PluginManager:220 - loadIPPluginJar : add i2c
2023-05-22 20:33:08,742 [INFO] IPUIPlugin:80 - create IPUIPlugin
2023-05-22 20:33:08,743 [INFO] PluginManager:220 - loadIPPluginJar : add i2s
2023-05-22 20:33:08,807 [INFO] ThirdPartyUpdaterWithRetryManager:70 - Updater plugin not ready yet. [2/15]
2023-05-22 20:33:08,815 [INFO] IPUIPlugin:80 - create IPUIPlugin
2023-05-22 20:33:08,816 [INFO] PluginManager:220 - loadIPPluginJar : add i3c
2023-05-22 20:33:09,019 [INFO] IPUIPlugin:80 - create IPUIPlugin
2023-05-22 20:33:09,019 [INFO] PluginManager:220 - loadIPPluginJar : add ipddr
2023-05-22 20:33:09,208 [INFO] IPUIPlugin:80 - create IPUIPlugin
2023-05-22 20:33:09,208 [INFO] PluginManager:220 - loadIPPluginJar : add linkedlist
2023-05-22 20:33:09,274 [INFO] IPUIPlugin:80 - create IPUIPlugin
2023-05-22 20:33:09,274 [INFO] PluginManager:220 - loadIPPluginJar : add lorawan
2023-05-22 20:33:09,335 [INFO] IPUIPlugin:80 - create IPUIPlugin
2023-05-22 20:33:09,335 [INFO] PluginManager:220 - loadIPPluginJar : add ltdc
2023-05-22 20:33:09,361 [INFO] IPUIPlugin:80 - create IPUIPlugin
2023-05-22 20:33:09,361 [INFO] PluginManager:220 - loadIPPluginJar : add mdma
2023-05-22 20:33:09,383 [INFO] IPUIPlugin:80 - create IPUIPlugin
2023-05-22 20:33:09,383 [INFO] PluginManager:220 - loadIPPluginJar : add nvic
2023-05-22 20:33:09,450 [INFO] IPUIPlugin:80 - create IPUIPlugin
2023-05-22 20:33:09,450 [INFO] PluginManager:220 - loadIPPluginJar : add opamp
2023-05-22 20:33:09,564 [INFO] IPUIPlugin:80 - create IPUIPlugin
2023-05-22 20:33:09,565 [INFO] PluginManager:220 - loadIPPluginJar : add openamp
2023-05-22 20:33:09,640 [INFO] IPUIPlugin:80 - create IPUIPlugin
2023-05-22 20:33:09,640 [INFO] PluginManager:220 - loadIPPluginJar : add pdm2pcm
2023-05-22 20:33:09,671 [INFO] IPUIPlugin:80 - create IPUIPlugin
2023-05-22 20:33:09,675 [INFO] PluginManager:220 - loadIPPluginJar : add plateformsettings
2023-05-22 20:33:09,715 [INFO] IPUIPlugin:80 - create IPUIPlugin
2023-05-22 20:33:09,715 [INFO] PluginManager:220 - loadIPPluginJar : add quadspi
2023-05-22 20:33:09,738 [INFO] IPUIPlugin:80 - create IPUIPlugin
2023-05-22 20:33:09,739 [INFO] PluginManager:220 - loadIPPluginJar : add resmgrutility
2023-05-22 20:33:09,833 [INFO] IPUIPlugin:80 - create IPUIPlugin
2023-05-22 20:33:09,834 [INFO] PluginManager:220 - loadIPPluginJar : add sai
2023-05-22 20:33:09,929 [INFO] IPUIPlugin:80 - create IPUIPlugin
2023-05-22 20:33:09,929 [INFO] PluginManager:220 - loadIPPluginJar : add spi
2023-05-22 20:33:10,050 [INFO] IPUIPlugin:80 - create IPUIPlugin
2023-05-22 20:33:10,051 [INFO] PluginManager:220 - loadIPPluginJar : add stm32_wpan
2023-05-22 20:33:10,110 [INFO] IPUIPlugin:80 - create IPUIPlugin
2023-05-22 20:33:10,110 [INFO] PluginManager:220 - loadIPPluginJar : add tim
2023-05-22 20:33:10,237 [INFO] IPUIPlugin:80 - create IPUIPlugin
2023-05-22 20:33:10,237 [INFO] PluginManager:220 - loadIPPluginJar : add touchsensing
2023-05-22 20:33:10,283 [INFO] IPUIPlugin:80 - create IPUIPlugin
2023-05-22 20:33:10,284 [INFO] PluginManager:220 - loadIPPluginJar : add tracer_emb
2023-05-22 20:33:10,342 [INFO] IPUIPlugin:80 - create IPUIPlugin
2023-05-22 20:33:10,342 [INFO] PluginManager:220 - loadIPPluginJar : add ts
2023-05-22 20:33:10,395 [INFO] IPUIPlugin:80 - create IPUIPlugin
2023-05-22 20:33:10,395 [INFO] PluginManager:220 - loadIPPluginJar : add tsc
2023-05-22 20:33:10,446 [INFO] IPUIPlugin:80 - create IPUIPlugin
2023-05-22 20:33:10,447 [INFO] PluginManager:220 - loadIPPluginJar : add ucpd
2023-05-22 20:33:10,531 [INFO] IPUIPlugin:80 - create IPUIPlugin
2023-05-22 20:33:10,531 [INFO] PluginManager:220 - loadIPPluginJar : add usart
2023-05-22 20:33:10,607 [INFO] IPUIPlugin:80 - create IPUIPlugin
2023-05-22 20:33:10,607 [INFO] PluginManager:220 - loadIPPluginJar : add usbx
2023-05-22 20:33:10,810 [INFO] CADModel:165 - CPN selected for project level
2023-05-22 20:33:10,811 [INFO] CADModel:114 - Register for checkConnection events
2023-05-22 20:33:10,811 [FATAL] Updater:308 - Updater called before beeing initialized
2023-05-22 20:33:10,811 [ERROR] CADModel:125 - Updater not yet initialized, retry later 
2023-05-22 20:33:11,163 [INFO] CADModel:165 - CPN selected for project level
2023-05-22 20:33:11,164 [INFO] CADModel:114 - Register for checkConnection events
2023-05-22 20:33:11,164 [FATAL] Updater:308 - Updater called before beeing initialized
2023-05-22 20:33:11,164 [ERROR] CADModel:125 - Updater not yet initialized, retry later 
2023-05-22 20:33:11,171 [FATAL] Updater:308 - Updater called before beeing initialized
2023-05-22 20:33:11,416 [FATAL] Updater:308 - Updater called before beeing initialized
2023-05-22 20:33:11,431 [INFO] DbMcusAds:53 - JSON generation date=Tue Mar 07 17:50:54 JST 2023 (1678179054945)
2023-05-22 20:33:11,431 [FATAL] Updater:308 - Updater called before beeing initialized
2023-05-22 20:33:11,598 [WARN] DetailPanel:346 - Failed to get advertising image, set to default
2023-05-22 20:33:11,817 [INFO] ThirdPartyUpdaterWithRetryManager:70 - Updater plugin not ready yet. [3/15]
2023-05-22 20:33:11,831 [FATAL] Updater:308 - Updater called before beeing initialized
2023-05-22 20:33:11,837 [FATAL] Updater:308 - Updater called before beeing initialized
2023-05-22 20:33:11,837 [FATAL] Updater:308 - Updater called before beeing initialized
2023-05-22 20:33:11,837 [WARN] DetailPanel:346 - Failed to get advertising image, set to default
2023-05-22 20:33:11,839 [FATAL] Updater:308 - Updater called before beeing initialized
2023-05-22 20:33:11,978 [ERROR] Updater:1120 - MainUpdater not yet initialized. External WinMGr cannot be set.
2023-05-22 20:33:11,996 [INFO] Updater:1056 - Updater Version found : 6.8.1
2023-05-22 20:33:12,035 [INFO] ApplicationProperties:184 - Using Application install path: C:\ST\STM32CubeIDE_1.4.0\STM32CubeIDE\plugins\com.st.stm32cube.common.mx_6.8.1.202304191431
2023-05-22 20:33:13,640 [INFO] MainUpdater:2854 - connection check result : 10
2023-05-22 20:33:13,642 [INFO] MainUpdater:283 - Updater Check For Update Now.
2023-05-22 20:33:13,642 [INFO] MicroXplorer:498 - Change Database Version : DB.6.0.81
2023-05-22 20:33:13,879 [INFO] CheckServerUpdateThread:120 - End of CheckServer Thread
2023-05-22 20:33:13,917 [INFO] MainUpdater:2854 - connection check result : 10
2023-05-22 20:33:15,159 [INFO] ApiDb:581 - Connected to CubeFinder SQLite database (C:\Users\Minh\.stmcufinder\plugins\mcufinder\mcu\cube-finder-db.db)
2023-05-22 20:33:15,297 [WARN] PackLoader:240 - Cannot read IP mode file for STMicroelectronics.X-CUBE-GNSS1.6.0.0
2023-05-22 20:33:15,375 [WARN] PackLoader:240 - Cannot read IP mode file for STMicroelectronics.X-CUBE-AZRTOS-F4.1.1.0
2023-05-22 20:33:15,376 [INFO] ApiDb:668 - CubeFinder database Data Model version=2.1
2023-05-22 20:33:15,376 [INFO] ApiDb:669 - CubeFinder database Configuration version=3.0.35
2023-05-22 20:33:15,377 [INFO] ApiDb:670 - CubeFinder database generation date=2023-05-12 (1683877179)
2023-05-22 20:33:15,377 [INFO] ApiDb:671 - CubeFinder database FW Pack versions=[FP-ATR-ASTRA1_V2.0.0, FP-SNS-FLIGHT1_V5.0.0, FP-SNS-MOTENV1_V4.3.0, STM32Cube_FW_C0_V1.0.1, STM32Cube_FW_F0_V1.11.4, STM32Cube_FW_F3_V1.11.4, STM32Cube_FW_F4_V1.27.1, STM32Cube_FW_F7_V1.17.0, STM32Cube_FW_G0_V1.6.1, STM32Cube_FW_G4_V1.5.1, STM32Cube_FW_H5_V0.5.1, STM32Cube_FW_H5_V1.0.0, STM32Cube_FW_H7_V1.11.0, STM32Cube_FW_L0_V1.12.2, STM32Cube_FW_L5_V1.5.0, STM32Cube_FW_U5_V1.2.0, STM32Cube_FW_WBA_V1.0.0, STM32Cube_FW_WBA_V1.0.0RC1, STM32Cube_FW_WBA_V1.0.0RC3, STM32Cube_FW_WB_V1.15.0RC1, STM32Cube_FW_WB_V1.16.0, STM32Cube_FW_WB_V1.16.0RC2, STM32Cube_FW_WL_V1.3.0, X-CUBE-ALGOBUILD_V1.3.0, X-CUBE-ALS_V1.0.1, X-CUBE-AZRTOS-F4_V1.1.0, X-CUBE-AZRTOS-F7_V1.1.0, X-CUBE-AZRTOS-G0_V1.1.0, X-CUBE-AZRTOS-G4_V2.0.0, X-CUBE-AZRTOS-H7_V3.1.0, X-CUBE-AZRTOS-L4_V1.0.0, X-CUBE-AZRTOS-L5_V1.1.0, X-CUBE-AZRTOS-WB_V1.1.0, X-CUBE-AZRTOS-WL_V1.0.0, X-CUBE-BLE1_V6.2.4, X-CUBE-BLE2_V3.3.0, X-CUBE-BLEMGR_V2.0.0, X-CUBE-EEPRMA1_V4.1.0, X-CUBE-FREERTOS_V1.0.1, X-CUBE-GNSS1_V6.0.0, X-CUBE-MEMS1_V9.1.0, X-CUBE-MEMS1_V9.4.0, X-CUBE-MEMS1_V9.6.0, X-CUBE-NFC4_V3.0.0, X-CUBE-NFC7_V1.0.0, X-CUBE-SFXS2LP1_V4.0.0, X-CUBE-SUBG2_V5.0.0]
2023-05-22 20:33:15,406 [WARN] PackLoader:240 - Cannot read IP mode file for STMicroelectronics.X-CUBE-SMBUS.2.1.0
2023-05-22 20:33:15,452 [WARN] PackLoader:240 - Cannot read IP mode file for STMicroelectronics.X-CUBE-AZRTOS-F7.1.1.0
2023-05-22 20:33:15,649 [WARN] PackLoader:240 - Cannot read IP mode file for STMicroelectronics.X-CUBE-MEMS1.9.6.0
2023-05-22 20:33:15,721 [INFO] DbBoardsSqlite:226 - include board P-NUCLEO-WB55-NUCLEO as a kit item of type 'Nucleo-64'
2023-05-22 20:33:15,722 [INFO] DbBoardsSqlite:226 - include board P-NUCLEO-WB55-USBDONGLE as a kit item of type 'Nucleo USB Dongle'
2023-05-22 20:33:15,724 [INFO] DbBoardsSqlite:226 - include board STEVAL-IDP005V1 as a kit item of type 'Evaluation Board'
2023-05-22 20:33:15,725 [INFO] DbBoardsSqlite:226 - include board STEVAL-IDP005V2 as a kit item of type 'Evaluation Board'
2023-05-22 20:33:16,183 [ERROR] RealEvaluatedCondition:428 - Found unsupported composite condition: GROUP='STM32_MetaDataManager' CLASS='Data Exchange'
2023-05-22 20:33:16,183 [ERROR] RealEvaluatedCondition:428 - Found unsupported composite condition: GROUP='STM32_MetaDataManager' CLASS='Data Exchange'
2023-05-22 20:33:16,188 [WARN] PackLoader:240 - Cannot read IP mode file for STMicroelectronics.FP-SNS-MOTENV1.4.3.0
2023-05-22 20:33:16,200 [WARN] PackLoader:240 - Cannot read IP mode file for STMicroelectronics.FP-SNS-FLIGHT1.5.0.0
2023-05-22 20:33:16,213 [WARN] PackLoader:240 - Cannot read IP mode file for STMicroelectronics.X-CUBE-BLE1.6.2.4
2023-05-22 20:33:16,231 [WARN] PackLoader:240 - Cannot read IP mode file for emotas.I-CUBE-CANOPEN.1.1.3
2023-05-22 20:33:16,251 [WARN] PackLoader:240 - Cannot read IP mode file for STMicroelectronics.X-CUBE-BLEMGR.2.0.0
2023-05-22 20:33:16,299 [WARN] ConditionMgr:438 - getConditionDescription Invalid condition id : UX DEVICE CLASS RTOS Condition cause : null
2023-05-22 20:33:16,300 [WARN] ConditionMgr:438 - getConditionDescription Invalid condition id : UX DEVICE CLASS RTOS Condition cause : null
2023-05-22 20:33:16,309 [WARN] PackLoader:240 - Cannot read IP mode file for STMicroelectronics.X-CUBE-AZRTOS-H7.3.1.0
2023-05-22 20:33:16,312 [WARN] ConditionMgr:1039 - genDependencies : Invalid condition id : UX DEVICE CLASS RTOS Condition cause : null
2023-05-22 20:33:16,312 [WARN] ConditionMgr:1039 - genDependencies : Invalid condition id : UX DEVICE CLASS RTOS Condition cause : null
2023-05-22 20:33:16,314 [WARN] ConditionMgr:1039 - genDependencies : Invalid condition id : UX DEVICE CLASS RTOS Condition cause : null
2023-05-22 20:33:16,315 [WARN] ConditionMgr:1039 - genDependencies : Invalid condition id : UX DEVICE CLASS RTOS Condition cause : null
2023-05-22 20:33:16,316 [WARN] ConditionMgr:1039 - genDependencies : Invalid condition id : UX DEVICE CLASS RTOS Condition cause : null
2023-05-22 20:33:16,334 [WARN] PackLoader:240 - Cannot read IP mode file for STMicroelectronics.X-CUBE-DISPLAY.3.0.0
2023-05-22 20:33:16,353 [WARN] PackLoader:240 - Cannot read IP mode file for wolfSSL.I-CUBE-wolfSSL.5.5.4
2023-05-22 20:33:16,364 [WARN] PackLoader:240 - Cannot read IP mode file for STMicroelectronics.X-CUBE-NFC7.1.0.0
2023-05-22 20:33:16,378 [WARN] PackLoader:240 - Cannot read IP mode file for STMicroelectronics.X-CUBE-EEPRMA1.4.1.0
2023-05-22 20:33:16,402 [WARN] PackLoader:240 - Cannot read IP mode file for WES.I-CUBE-Cesium.1.3.0
2023-05-22 20:33:16,421 [WARN] PackLoader:240 - Cannot read IP mode file for STMicroelectronics.X-CUBE-SFXS2LP1.4.0.0
2023-05-22 20:33:16,434 [WARN] PackLoader:240 - Cannot read IP mode file for STMicroelectronics.X-CUBE-BLE2.3.3.0
2023-05-22 20:33:16,458 [WARN] PackLoader:240 - Cannot read IP mode file for STMicroelectronics.X-CUBE-TOF1.3.2.0
2023-05-22 20:33:16,532 [INFO] ApiDb:240 - Found 297 in-development CPN: [B-G473E-ZEST1S, B-WB1M-WPAN1, B-WL5M-SUBG1, NUCLEO-C031C6, NUCLEO-H503RB, NUCLEO-H563ZI, NUCLEO-U545RE-Q, NUCLEO-U5A5ZJ-Q, NUCLEO-WBA52CG, STEVAL-PROTEUS1, STEVAL-STWINBX1, STM320518-EVAL, STM32C0116-DK, STM32C011D6Y3TR, STM32C011D6Y6TR, STM32C011F4P3, STM32C011F4P6, STM32C011F4U3, STM32C011F4U6TR, STM32C011F6P3, STM32C011F6P6, STM32C011F6U3, STM32C011F6U6TR, STM32C011J4M3, STM32C011J4M6, STM32C011J6M3, STM32C011J6M6, STM32C0316-DK, STM32C031C4T3, STM32C031C4T6, STM32C031C4U3, STM32C031C4U6, STM32C031C6T3, STM32C031C6T6, STM32C031C6U3, STM32C031C6U6, STM32C031F4P3, STM32C031F4P6, STM32C031F6P3, STM32C031F6P6, STM32C031G4U3, STM32C031G4U6, STM32C031G6U3, STM32C031G6U6, STM32C031K4T3, STM32C031K4T6, STM32C031K4U3, STM32C031K4U6, STM32C031K6T3, STM32C031K6T6, STM32C031K6U3, STM32C031K6U6, STM32G071K8TXN, STM32G071K8UXN, STM32G081GBU6N, STM32G081KBT6N, STM32G081KBUXN, STM32G0B1CCT6N, STM32G0B1KCT6, STM32G0B1NEY6TR, STM32G0B1RCT6N, STM32G0C1CCT6, STM32G0C1CCT6N, STM32G0C1CCU6N, STM32G0C1CET6N, STM32G0C1CEU6N, STM32G0C1KCT6, STM32G0C1NEY6TR, STM32G0C1RCI6N, STM32G0C1RCT6N, STM32G0C1REI6N, STM32G0C1RET6N, STM32G0C1VCI6, STM32G0C1VEI6, STM32G471CCT6, STM32G471CCU6, STM32G471CET3, STM32G471CET6, STM32G471CEU3, STM32G471CEU6, STM32G471MCT6, STM32G471MET3, STM32G471MET6, STM32G471MEY6TR, STM32G471QCT6, STM32G471QET3, STM32G471RCT6, STM32G471RET3, STM32G471RET6, STM32G471VCH6, STM32G471VCI6, STM32G471VCT6, STM32G471VEH3, STM32G471VEH6, STM32G471VEI3, STM32G471VEI6, STM32G471VET3, STM32G471VET6, STM32G474CCT6, STM32H503CBT6, STM32H503CBU6, STM32H503EBY6TR, STM32H503KBU6, STM32H503RBT6, STM32H562AGI6, STM32H562AII6, STM32H562IGK6, STM32H562IGT6, STM32H562IIK6, STM32H562IIT6, STM32H562RGT6, STM32H562RGV6, STM32H562RIT6, STM32H562RIV6, STM32H562VGT6, STM32H562VIT6, STM32H562ZGT6, STM32H562ZIT6, STM32H563AGI6, STM32H563AII3Q, STM32H563AII6, STM32H563IGK6, STM32H563IGT6, STM32H563IIK3Q, STM32H563IIK6, STM32H563IIT3Q, STM32H563IIT6, STM32H563MIY3QTR, STM32H563RGT6, STM32H563RGV6, STM32H563RIT6, STM32H563RIV6, STM32H563VGT6, STM32H563VIT3Q, STM32H563VIT6, STM32H563ZGT6, STM32H563ZIT3Q, STM32H563ZIT6, STM32H573AII3Q, STM32H573AII6, STM32H573I-DK, STM32H573IIK3Q, STM32H573IIK6, STM32H573IIT3Q, STM32H573IIT6, STM32H573MIY3QTR, STM32H573RIT6, STM32H573RIV6, STM32H573VIT3Q, STM32H573VIT6, STM32H573ZIT3Q, STM32H573ZIT6, STM32L4R5QGI6STR, STM32MP131AAE3, STM32MP131AAF3, STM32MP131AAG3, STM32MP131CAE3, STM32MP131CAF3, STM32MP131CAG3, STM32MP131DAE7, STM32MP131DAF7, STM32MP131DAG7, STM32MP131FAE7, STM32MP131FAF7, STM32MP131FAG7, STM32MP133AAE3, STM32MP133AAF3, STM32MP133AAG3, STM32MP133CAE3, STM32MP133CAF3, STM32MP133CAG3, STM32MP133DAE7, STM32MP133DAF7, STM32MP133DAG7, STM32MP133FAE7, STM32MP133FAF7, STM32MP133FAG7, STM32MP135AAE3, STM32MP135AAF3, STM32MP135AAG3, STM32MP135CAE3, STM32MP135CAF3, STM32MP135CAG3, STM32MP135DAE7, STM32MP135DAF7, STM32MP135DAG7, STM32MP135F-DK, STM32MP135FAE7, STM32MP135FAF7, STM32MP135FAF7T, STM32MP135FAF7U, STM32MP135FAG7, STM32U535CBT6, STM32U535CBT6Q, STM32U535CBU6, STM32U535CBU6Q, STM32U535CCT6, STM32U535CCT6Q, STM32U535CCU6, STM32U535CCU6Q, STM32U535CET6, STM32U535CET6Q, STM32U535CEU6, STM32U535CEU6Q, STM32U535JEY6QTR, STM32U535NCY6QTR, STM32U535NEY6QTR, STM32U535RBI6, STM32U535RBI6Q, STM32U535RBT6, STM32U535RBT6Q, STM32U535RCI6, STM32U535RCI6Q, STM32U535RCT6, STM32U535RCT6Q, STM32U535REI6, STM32U535REI6Q, STM32U535RET6, STM32U535RET6Q, STM32U535VCI6, STM32U535VCI6Q, STM32U535VCT6, STM32U535VCT6Q, STM32U535VEI6, STM32U535VEI6Q, STM32U535VET6, STM32U535VET6Q, STM32U545CET6, STM32U545CET6Q, STM32U545CEU6, STM32U545CEU6Q, STM32U545JEY6QTR, STM32U545NEY6QTR, STM32U545REI6, STM32U545REI6Q, STM32U545RET6, STM32U545RET6Q, STM32U545VEI6, STM32U545VEI6Q, STM32U545VET6, STM32U545VET6Q, STM32U595AIH6, STM32U595AIH6Q, STM32U595AJH6, STM32U595AJH6Q, STM32U595QII6, STM32U595QII6Q, STM32U595QJI6, STM32U595QJI6Q, STM32U595RIT6, STM32U595RIT6Q, STM32U595RJT6, STM32U595RJT6Q, STM32U595VIT6, STM32U595VIT6Q, STM32U595VJT6, STM32U595VJT6Q, STM32U595ZIT6, STM32U595ZIT6Q, STM32U595ZIY6QTR, STM32U595ZJT6, STM32U595ZJT6Q, STM32U595ZJY6QTR, STM32U599BJY6QTR, STM32U599NIH6Q, STM32U599NJH6Q, STM32U599VIT6Q, STM32U599VJT6, STM32U599VJT6Q, STM32U599ZIT6Q, STM32U599ZIY6QTR, STM32U599ZJT6Q, STM32U599ZJY6QTR, STM32U5A5AJH6, STM32U5A5AJH6Q, STM32U5A5QJI6, STM32U5A5QJI6Q, STM32U5A5RJT6, STM32U5A5RJT6Q, STM32U5A5VJT6, STM32U5A5VJT6Q, STM32U5A5ZJT6, STM32U5A5ZJT6Q, STM32U5A5ZJY6QTR, STM32U5A9BJY6QTR, STM32U5A9J-DK, STM32U5A9NJH6Q, STM32U5A9VJT6Q, STM32U5A9ZJT6Q, STM32U5A9ZJY6QTR, STM32WB1MMCH6, STM32WBA52CEU6, STM32WBA52CEU6T, STM32WBA52CGU6, STM32WBA52CGU6T, STM32WL5MOCH6, STM32WL5MOCH6TR]
2023-05-22 20:33:16,544 [WARN] PackLoader:240 - Cannot read IP mode file for STMicroelectronics.X-CUBE-AZRTOS-H7.3.0.0
2023-05-22 20:33:16,562 [WARN] PackLoader:240 - Cannot read IP mode file for STMicroelectronics.X-CUBE-ISPU.1.1.0
2023-05-22 20:33:16,580 [WARN] PackLoader:240 - Cannot read IP mode file for RoweBots.I-CUBE-UNISONRTOS.5.5.0-4
2023-05-22 20:33:16,590 [WARN] PackLoader:240 - Cannot read IP mode file for STMicroelectronics.X-CUBE-AI.8.0.0
2023-05-22 20:33:16,602 [WARN] PackLoader:240 - Cannot read IP mode file for STMicroelectronics.X-CUBE-FREERTOS.1.0.0
2023-05-22 20:33:16,611 [WARN] PackLoader:240 - Cannot read IP mode file for STMicroelectronics.X-CUBE-FREERTOS.1.0.1
2023-05-22 20:33:16,620 [WARN] PackLoader:240 - Cannot read IP mode file for STMicroelectronics.X-CUBE-TOUCHGFX.4.21.1
2023-05-22 20:33:16,625 [WARN] PackLoader:240 - Cannot read IP mode file for STMicroelectronics.X-CUBE-TOUCHGFX.4.21.3
2023-05-22 20:33:16,632 [WARN] PackLoader:240 - Cannot read IP mode file for STMicroelectronics.X-CUBE-TOUCHGFX.4.21.4
2023-05-22 20:33:16,644 [WARN] PackLoader:240 - Cannot read IP mode file for STMicroelectronics.X-CUBE-ALGOBUILD.1.3.0
2023-05-22 20:33:16,680 [WARN] PackLoader:240 - Cannot read IP mode file for STMicroelectronics.X-CUBE-AZRTOS-L5.1.1.0
2023-05-22 20:33:16,725 [WARN] PackLoader:240 - Cannot read IP mode file for STMicroelectronics.X-CUBE-AZRTOS-G0.1.1.0
2023-05-22 20:33:16,739 [WARN] PackLoader:240 - Cannot read IP mode file for STMicroelectronics.X-CUBE-AI.8.0.1
2023-05-22 20:33:16,761 [WARN] PackLoader:240 - Cannot read IP mode file for STMicroelectronics.X-CUBE-SUBG2.5.0.0
2023-05-22 20:33:16,787 [WARN] PackLoader:240 - Cannot read IP mode file for STMicroelectronics.X-CUBE-NFC4.3.0.0
2023-05-22 20:33:16,824 [WARN] PackLoader:240 - Cannot read IP mode file for STMicroelectronics.X-CUBE-AZRTOS-G4.2.0.0
2023-05-22 20:33:16,849 [WARN] PackLoader:240 - Cannot read IP mode file for STMicroelectronics.X-CUBE-TOF1.3.3.0
2023-05-22 20:33:16,881 [WARN] PackLoader:240 - Cannot read IP mode file for STMicroelectronics.FP-ATR-ASTRA1.1.1.1
2023-05-22 20:33:16,889 [INFO] BoardInfo:880 - No configuration file found for board P-NUCLEO-WB55
2023-05-22 20:33:16,890 [INFO] DbBoards:157 - Kit is not supported: P-NUCLEO-WB55
2023-05-22 20:33:16,906 [INFO] BoardInfo:880 - No configuration file found for board STEVAL-BFA001V1B
2023-05-22 20:33:16,906 [INFO] DbBoards:157 - Kit is not supported: STEVAL-BFA001V1B
2023-05-22 20:33:16,908 [WARN] PackLoader:240 - Cannot read IP mode file for STMicroelectronics.X-CUBE-AZRTOS-G4.1.0.0
2023-05-22 20:33:16,912 [INFO] BoardInfo:880 - No configuration file found for board STEVAL-BFA001V2B
2023-05-22 20:33:16,914 [INFO] DbBoards:157 - Kit is not supported: STEVAL-BFA001V2B
2023-05-22 20:33:16,921 [WARN] PackLoader:240 - Cannot read IP mode file for STMicroelectronics.FP-ATR-SIGFOX1.3.2.0
2023-05-22 20:33:16,958 [WARN] PackLoader:240 - Cannot read IP mode file for STMicroelectronics.X-CUBE-AZRTOS-L4.1.0.0
2023-05-22 20:33:16,988 [WARN] PackLoader:240 - Cannot read IP mode file for STMicroelectronics.X-CUBE-AZRTOS-WL.1.0.0
2023-05-22 20:33:17,001 [WARN] PackLoader:240 - Cannot read IP mode file for portGmbH.I-Cube-SoM-uGOAL.1.1.0
2023-05-22 20:33:17,010 [WARN] PackLoader:240 - Cannot read IP mode file for STMicroelectronics.X-CUBE-ALS.1.0.1
2023-05-22 20:33:17,156 [WARN] PackLoader:240 - Cannot read IP mode file for STMicroelectronics.X-CUBE-MEMS1.9.5.0
2023-05-22 20:33:17,311 [INFO] DbBoards:161 - Found 187 boards, 184 are supported
2023-05-22 20:33:17,324 [INFO] ApiDb:668 - CubeFinder database Data Model version=2.1
2023-05-22 20:33:17,324 [INFO] ApiDb:669 - CubeFinder database Configuration version=3.0.35
2023-05-22 20:33:17,324 [INFO] ApiDb:670 - CubeFinder database generation date=2023-05-12 (1683877179)
2023-05-22 20:33:17,324 [INFO] ApiDb:671 - CubeFinder database FW Pack versions=[FP-ATR-ASTRA1_V2.0.0, FP-SNS-FLIGHT1_V5.0.0, FP-SNS-MOTENV1_V4.3.0, STM32Cube_FW_C0_V1.0.1, STM32Cube_FW_F0_V1.11.4, STM32Cube_FW_F3_V1.11.4, STM32Cube_FW_F4_V1.27.1, STM32Cube_FW_F7_V1.17.0, STM32Cube_FW_G0_V1.6.1, STM32Cube_FW_G4_V1.5.1, STM32Cube_FW_H5_V0.5.1, STM32Cube_FW_H5_V1.0.0, STM32Cube_FW_H7_V1.11.0, STM32Cube_FW_L0_V1.12.2, STM32Cube_FW_L5_V1.5.0, STM32Cube_FW_U5_V1.2.0, STM32Cube_FW_WBA_V1.0.0, STM32Cube_FW_WBA_V1.0.0RC1, STM32Cube_FW_WBA_V1.0.0RC3, STM32Cube_FW_WB_V1.15.0RC1, STM32Cube_FW_WB_V1.16.0, STM32Cube_FW_WB_V1.16.0RC2, STM32Cube_FW_WL_V1.3.0, X-CUBE-ALGOBUILD_V1.3.0, X-CUBE-ALS_V1.0.1, X-CUBE-AZRTOS-F4_V1.1.0, X-CUBE-AZRTOS-F7_V1.1.0, X-CUBE-AZRTOS-G0_V1.1.0, X-CUBE-AZRTOS-G4_V2.0.0, X-CUBE-AZRTOS-H7_V3.1.0, X-CUBE-AZRTOS-L4_V1.0.0, X-CUBE-AZRTOS-L5_V1.1.0, X-CUBE-AZRTOS-WB_V1.1.0, X-CUBE-AZRTOS-WL_V1.0.0, X-CUBE-BLE1_V6.2.4, X-CUBE-BLE2_V3.3.0, X-CUBE-BLEMGR_V2.0.0, X-CUBE-EEPRMA1_V4.1.0, X-CUBE-FREERTOS_V1.0.1, X-CUBE-GNSS1_V6.0.0, X-CUBE-MEMS1_V9.1.0, X-CUBE-MEMS1_V9.4.0, X-CUBE-MEMS1_V9.6.0, X-CUBE-NFC4_V3.0.0, X-CUBE-NFC7_V1.0.0, X-CUBE-SFXS2LP1_V4.0.0, X-CUBE-SUBG2_V5.0.0]
2023-05-22 20:33:17,636 [WARN] PackLoader:240 - Cannot read IP mode file for STMicroelectronics.X-CUBE-AZRTOS-WB.1.1.0
2023-05-22 20:33:17,717 [WARN] PackLoader:240 - Cannot read IP mode file for SEGGER.I-CUBE-embOS.1.3.1
2023-05-22 20:33:17,822 [WARN] PackLoader:240 - Cannot read IP mode file for STMicroelectronics.FP-ATR-ASTRA1.2.0.0
2023-05-22 20:33:17,824 [INFO] ThirdParty:978 - Integrity check success = true
2023-05-22 20:33:17,824 [INFO] IntegrityCheckThread:100 - exiting critical section [integrity check]
2023-05-22 20:33:17,824 [INFO] IntegrityCheckThread:103 - End integrity checks thread
2023-05-22 20:33:21,110 [INFO] ApiDb:240 - Found 297 in-development CPN: [B-G473E-ZEST1S, B-WB1M-WPAN1, B-WL5M-SUBG1, NUCLEO-C031C6, NUCLEO-H503RB, NUCLEO-H563ZI, NUCLEO-U545RE-Q, NUCLEO-U5A5ZJ-Q, NUCLEO-WBA52CG, STEVAL-PROTEUS1, STEVAL-STWINBX1, STM320518-EVAL, STM32C0116-DK, STM32C011D6Y3TR, STM32C011D6Y6TR, STM32C011F4P3, STM32C011F4P6, STM32C011F4U3, STM32C011F4U6TR, STM32C011F6P3, STM32C011F6P6, STM32C011F6U3, STM32C011F6U6TR, STM32C011J4M3, STM32C011J4M6, STM32C011J6M3, STM32C011J6M6, STM32C0316-DK, STM32C031C4T3, STM32C031C4T6, STM32C031C4U3, STM32C031C4U6, STM32C031C6T3, STM32C031C6T6, STM32C031C6U3, STM32C031C6U6, STM32C031F4P3, STM32C031F4P6, STM32C031F6P3, STM32C031F6P6, STM32C031G4U3, STM32C031G4U6, STM32C031G6U3, STM32C031G6U6, STM32C031K4T3, STM32C031K4T6, STM32C031K4U3, STM32C031K4U6, STM32C031K6T3, STM32C031K6T6, STM32C031K6U3, STM32C031K6U6, STM32G071K8TXN, STM32G071K8UXN, STM32G081GBU6N, STM32G081KBT6N, STM32G081KBUXN, STM32G0B1CCT6N, STM32G0B1KCT6, STM32G0B1NEY6TR, STM32G0B1RCT6N, STM32G0C1CCT6, STM32G0C1CCT6N, STM32G0C1CCU6N, STM32G0C1CET6N, STM32G0C1CEU6N, STM32G0C1KCT6, STM32G0C1NEY6TR, STM32G0C1RCI6N, STM32G0C1RCT6N, STM32G0C1REI6N, STM32G0C1RET6N, STM32G0C1VCI6, STM32G0C1VEI6, STM32G471CCT6, STM32G471CCU6, STM32G471CET3, STM32G471CET6, STM32G471CEU3, STM32G471CEU6, STM32G471MCT6, STM32G471MET3, STM32G471MET6, STM32G471MEY6TR, STM32G471QCT6, STM32G471QET3, STM32G471RCT6, STM32G471RET3, STM32G471RET6, STM32G471VCH6, STM32G471VCI6, STM32G471VCT6, STM32G471VEH3, STM32G471VEH6, STM32G471VEI3, STM32G471VEI6, STM32G471VET3, STM32G471VET6, STM32G474CCT6, STM32H503CBT6, STM32H503CBU6, STM32H503EBY6TR, STM32H503KBU6, STM32H503RBT6, STM32H562AGI6, STM32H562AII6, STM32H562IGK6, STM32H562IGT6, STM32H562IIK6, STM32H562IIT6, STM32H562RGT6, STM32H562RGV6, STM32H562RIT6, STM32H562RIV6, STM32H562VGT6, STM32H562VIT6, STM32H562ZGT6, STM32H562ZIT6, STM32H563AGI6, STM32H563AII3Q, STM32H563AII6, STM32H563IGK6, STM32H563IGT6, STM32H563IIK3Q, STM32H563IIK6, STM32H563IIT3Q, STM32H563IIT6, STM32H563MIY3QTR, STM32H563RGT6, STM32H563RGV6, STM32H563RIT6, STM32H563RIV6, STM32H563VGT6, STM32H563VIT3Q, STM32H563VIT6, STM32H563ZGT6, STM32H563ZIT3Q, STM32H563ZIT6, STM32H573AII3Q, STM32H573AII6, STM32H573I-DK, STM32H573IIK3Q, STM32H573IIK6, STM32H573IIT3Q, STM32H573IIT6, STM32H573MIY3QTR, STM32H573RIT6, STM32H573RIV6, STM32H573VIT3Q, STM32H573VIT6, STM32H573ZIT3Q, STM32H573ZIT6, STM32L4R5QGI6STR, STM32MP131AAE3, STM32MP131AAF3, STM32MP131AAG3, STM32MP131CAE3, STM32MP131CAF3, STM32MP131CAG3, STM32MP131DAE7, STM32MP131DAF7, STM32MP131DAG7, STM32MP131FAE7, STM32MP131FAF7, STM32MP131FAG7, STM32MP133AAE3, STM32MP133AAF3, STM32MP133AAG3, STM32MP133CAE3, STM32MP133CAF3, STM32MP133CAG3, STM32MP133DAE7, STM32MP133DAF7, STM32MP133DAG7, STM32MP133FAE7, STM32MP133FAF7, STM32MP133FAG7, STM32MP135AAE3, STM32MP135AAF3, STM32MP135AAG3, STM32MP135CAE3, STM32MP135CAF3, STM32MP135CAG3, STM32MP135DAE7, STM32MP135DAF7, STM32MP135DAG7, STM32MP135F-DK, STM32MP135FAE7, STM32MP135FAF7, STM32MP135FAF7T, STM32MP135FAF7U, STM32MP135FAG7, STM32U535CBT6, STM32U535CBT6Q, STM32U535CBU6, STM32U535CBU6Q, STM32U535CCT6, STM32U535CCT6Q, STM32U535CCU6, STM32U535CCU6Q, STM32U535CET6, STM32U535CET6Q, STM32U535CEU6, STM32U535CEU6Q, STM32U535JEY6QTR, STM32U535NCY6QTR, STM32U535NEY6QTR, STM32U535RBI6, STM32U535RBI6Q, STM32U535RBT6, STM32U535RBT6Q, STM32U535RCI6, STM32U535RCI6Q, STM32U535RCT6, STM32U535RCT6Q, STM32U535REI6, STM32U535REI6Q, STM32U535RET6, STM32U535RET6Q, STM32U535VCI6, STM32U535VCI6Q, STM32U535VCT6, STM32U535VCT6Q, STM32U535VEI6, STM32U535VEI6Q, STM32U535VET6, STM32U535VET6Q, STM32U545CET6, STM32U545CET6Q, STM32U545CEU6, STM32U545CEU6Q, STM32U545JEY6QTR, STM32U545NEY6QTR, STM32U545REI6, STM32U545REI6Q, STM32U545RET6, STM32U545RET6Q, STM32U545VEI6, STM32U545VEI6Q, STM32U545VET6, STM32U545VET6Q, STM32U595AIH6, STM32U595AIH6Q, STM32U595AJH6, STM32U595AJH6Q, STM32U595QII6, STM32U595QII6Q, STM32U595QJI6, STM32U595QJI6Q, STM32U595RIT6, STM32U595RIT6Q, STM32U595RJT6, STM32U595RJT6Q, STM32U595VIT6, STM32U595VIT6Q, STM32U595VJT6, STM32U595VJT6Q, STM32U595ZIT6, STM32U595ZIT6Q, STM32U595ZIY6QTR, STM32U595ZJT6, STM32U595ZJT6Q, STM32U595ZJY6QTR, STM32U599BJY6QTR, STM32U599NIH6Q, STM32U599NJH6Q, STM32U599VIT6Q, STM32U599VJT6, STM32U599VJT6Q, STM32U599ZIT6Q, STM32U599ZIY6QTR, STM32U599ZJT6Q, STM32U599ZJY6QTR, STM32U5A5AJH6, STM32U5A5AJH6Q, STM32U5A5QJI6, STM32U5A5QJI6Q, STM32U5A5RJT6, STM32U5A5RJT6Q, STM32U5A5VJT6, STM32U5A5VJT6Q, STM32U5A5ZJT6, STM32U5A5ZJT6Q, STM32U5A5ZJY6QTR, STM32U5A9BJY6QTR, STM32U5A9J-DK, STM32U5A9NJH6Q, STM32U5A9VJT6Q, STM32U5A9ZJT6Q, STM32U5A9ZJY6QTR, STM32WB1MMCH6, STM32WBA52CEU6, STM32WBA52CEU6T, STM32WBA52CGU6, STM32WBA52CGU6T, STM32WL5MOCH6, STM32WL5MOCH6TR]
2023-05-22 20:33:21,117 [INFO] DbMcus:216 - Found 3775 MCUs, 3775 are supported
2023-05-22 20:33:21,123 [INFO] ApiDb:423 - Load user favorites file C:\Users\Minh/.stm32cubeide/favorites.mcus.txt: 0 item(s)
2023-05-22 20:33:21,123 [INFO] ApiDb:427 - User favorites MCUs=[]
2023-05-22 20:33:21,124 [INFO] DbMcus:222 - Set 0 / 0 favorites MCUs
2023-05-22 20:33:21,710 [INFO] ApiDb:423 - Load user favorites file C:\Users\Minh/.stm32cubeide/favorites.boards.txt: 1 item(s)
2023-05-22 20:33:21,710 [INFO] ApiDb:427 - User favorites Boards=[STM32F407G-DISC1]
2023-05-22 20:33:21,710 [INFO] DbBoards:190 - Set 1 / 1 favorites Boards
2023-05-22 20:33:21,711 [INFO] McuFinderGlobals:66 - Set McuFinderConnectedMode to true
2023-05-22 20:33:21,726 [INFO] MultiScanPanel:200 - Auto-refresh data requested => check proxy status ongoing
2023-05-22 20:33:21,732 [INFO] FinderPluginLoader:95 - Searching for filters in installed packs
2023-05-22 20:33:24,248 [INFO] LoadUrlFilesThread:185 - End of LoadServerUrlFiles without Thread
2023-05-22 20:33:24,262 [INFO] DetailPanel:341 - Set advertising image to C:/Users/Minh/STM32Cube/Repository/\en.prom-stm32h5-mcu-finder.jpg
2023-05-22 20:33:25,737 [INFO] ToolPreferences:110 - Table McuList, key=mcufinder_cubeide.mculist: column name not found=IO
2023-05-22 20:33:25,737 [INFO] ToolPreferences:110 - Table McuList, key=mcufinder_cubeide.mculist: column name not found=Freq.
2023-05-22 20:33:29,341 [INFO] MultiScanPanel:200 - Auto-refresh data requested => check proxy status ongoing
2023-05-22 20:33:29,583 [INFO] LoadUrlFilesThread:185 - End of LoadServerUrlFiles without Thread
2023-05-22 20:33:29,583 [INFO] DetailPanel:341 - Set advertising image to C:/Users/Minh/STM32Cube/Repository/\en.prom-stm32h5-mcu-finder.jpg
2023-05-22 20:33:29,606 [INFO] DbBoards:634 - Loading board mini-images...
2023-05-22 20:33:34,076 [INFO] DbBoards:657 - Loaded 187 board mini-images
2023-05-22 20:34:25,965 [INFO] McuFinderGlobals:66 - Set McuFinderConnectedMode to true
2023-05-22 20:34:25,969 [INFO] ApiDb:448 - Save user favorites file C:\Users\Minh/.stm32cubeide/favorites.mcus.txt: 0 item(s)
2023-05-22 20:34:25,970 [INFO] ApiDb:452 - User favorites MCUs=[]
2023-05-22 20:34:25,973 [INFO] ApiDb:448 - Save user favorites file C:\Users\Minh/.stm32cubeide/favorites.boards.txt: 1 item(s)
2023-05-22 20:34:25,974 [INFO] ApiDb:452 - User favorites Boards=[STM32F407G-DISC1]
2023-05-22 20:34:59,110 [ERROR] LogOutputStream:75 - [STDERR_REDIRECT] Warning: NLS missing message: ExternalToolsPreferencePage_External_tool_project_builders_migration_2 in: org.eclipse.ui.externaltools.internal.ui.ExternalToolsUIMessages
2023-05-22 20:34:59,117 [ERROR] LogOutputStream:75 - [STDERR_REDIRECT] Warning: NLS missing message: ExternalToolsPreferencePage_Prompt_before_migrating_3 in: org.eclipse.ui.externaltools.internal.ui.ExternalToolsUIMessages
2023-05-22 20:34:59,125 [ERROR] LogOutputStream:75 - [STDERR_REDIRECT] Warning: NLS missing message: ExternalToolsPreferencePage_1 in: org.eclipse.ui.externaltools.internal.ui.ExternalToolsUIMessages
