2023-06-25 10:47:13,336 [INFO] Activator:176 - 


2023-06-25 10:47:13,349 [INFO] Activator:177 - !SESSION log4j initialized
2023-06-25 10:47:26,052 [INFO] LogOutputStream:77 - [STDOUT_REDIRECT] 
2023-06-25 10:59:03,853 [ERROR] LogOutputStream:75 - [STDERR_REDIRECT] SLF4J: Failed to load class "org.slf4j.impl.StaticLoggerBinder".
2023-06-25 10:59:03,854 [ERROR] LogOutputStream:75 - [STDERR_REDIRECT] SLF4J: Defaulting to no-operation (NOP) logger implementation
2023-06-25 10:59:03,859 [ERROR] LogOutputStream:75 - [STDERR_REDIRECT] SLF4J: See http://www.slf4j.org/codes.html#StaticLoggerBinder for further details.
2023-06-25 16:16:45,438 [INFO] ApplicationProperties:184 - Using Application install path: C:\ST\STM32CubeIDE_1.4.0\STM32CubeIDE\plugins\com.st.stm32cube.common.mx_6.8.1.202304191431
2023-06-25 16:16:45,499 [INFO] DbMcusXml:78 - Set database path to: C:\ST\STM32CubeIDE_1.4.0\STM32CubeIDE\plugins\com.st.stm32cube.common.mx_6.8.1.202304191431\\db\/mcu/
2023-06-25 16:16:45,501 [INFO] ApiDb:274 - Set plugin database path to: C:\ST\STM32CubeIDE_1.4.0\STM32CubeIDE\plugins\com.st.stm32cube.common.mx_6.8.1.202304191431\\db\/plugins/boardmanager/
2023-06-25 16:16:45,509 [WARN] ApiDb:259 - Overriding images path with different value:  => C:\ST\STM32CubeIDE_1.4.0\STM32CubeIDE\plugins\com.st.stm32cube.common.mx_6.8.1.202304191431\\db\/plugins/mcufinder/images/
2023-06-25 16:16:45,560 [INFO] ApiDb:250 - Set database path to: C:\Users\Minh\.stmcufinder\plugins\mcufinder//mcu/
2023-06-25 16:16:45,564 [INFO] DbMcusAds:125 - Set database path to: C:\Users\Minh\.stmcufinder\plugins\mcufinder//mcu/
2023-06-25 16:16:45,593 [INFO] CrossReferenceDbSqlite:203 - Set database path to: C:\Users\Minh\.stmcufinder\plugins\mcufinder//mcu/cs/
2023-06-25 16:16:45,955 [INFO] RulesReader:64 - Compatibility file has been processed (293 Rules)
2023-06-25 16:16:46,347 [INFO] DbMcusXml:78 - Set database path to: C:\ST\STM32CubeIDE_1.4.0\STM32CubeIDE\plugins\com.st.stm32cube.common.mx_6.8.1.202304191431\\db\/mcu/
2023-06-25 16:16:46,348 [INFO] ApiDb:274 - Set plugin database path to: C:\ST\STM32CubeIDE_1.4.0\STM32CubeIDE\plugins\com.st.stm32cube.common.mx_6.8.1.202304191431\\db\/plugins/boardmanager/
2023-06-25 16:16:46,349 [INFO] ApiDb:261 - Set plugin images path to: C:\ST\STM32CubeIDE_1.4.0\STM32CubeIDE\plugins\com.st.stm32cube.common.mx_6.8.1.202304191431\\db\/plugins/mcufinder/images/
2023-06-25 16:16:46,349 [WARN] DbFile:41 - Overriding database path with different value: C:\Users\Minh\.stmcufinder\plugins\mcufinder/ => C:\Users\Minh\.stmcufinder\plugins\mcufinder
2023-06-25 16:16:46,350 [INFO] ApiDb:250 - Set database path to: C:\Users\Minh\.stmcufinder\plugins\mcufinder//mcu/
2023-06-25 16:16:46,350 [WARN] DbFile:41 - Overriding database path with different value: C:\Users\Minh\.stmcufinder\plugins\mcufinder/ => C:\Users\Minh\.stmcufinder\plugins\mcufinder
2023-06-25 16:16:46,350 [INFO] DbMcusAds:125 - Set database path to: C:\Users\Minh\.stmcufinder\plugins\mcufinder//mcu/
2023-06-25 16:16:46,351 [WARN] DbFile:41 - Overriding database path with different value: C:\Users\Minh\.stmcufinder\plugins\mcufinder/ => C:\Users\Minh\.stmcufinder\plugins\mcufinder
2023-06-25 16:16:46,351 [WARN] DbFile:41 - Overriding database path with different value: C:\Users\Minh\.stmcufinder\plugins\mcufinder/ => C:\Users\Minh\.stmcufinder\plugins\mcufinder
2023-06-25 16:16:46,352 [INFO] CrossReferenceDbSqlite:203 - Set database path to: C:\Users\Minh\.stmcufinder\plugins\mcufinder//mcu/cs/
2023-06-25 16:16:46,597 [INFO] MainPanel:253 - HeapMemory: 268435456
2023-06-25 16:16:46,889 [INFO] DbMcusXml:78 - Set database path to: C:\ST\STM32CubeIDE_1.4.0\STM32CubeIDE\plugins\com.st.stm32cube.common.mx_6.8.1.202304191431\\db\/mcu/
2023-06-25 16:16:46,890 [INFO] ApiDb:274 - Set plugin database path to: C:\ST\STM32CubeIDE_1.4.0\STM32CubeIDE\plugins\com.st.stm32cube.common.mx_6.8.1.202304191431\\db\/plugins/boardmanager/
2023-06-25 16:16:46,890 [INFO] ApiDb:261 - Set plugin images path to: C:\ST\STM32CubeIDE_1.4.0\STM32CubeIDE\plugins\com.st.stm32cube.common.mx_6.8.1.202304191431\\db\/plugins/mcufinder/images/
2023-06-25 16:16:46,892 [WARN] DbFile:41 - Overriding database path with different value: C:\Users\Minh\.stmcufinder\plugins\mcufinder/ => C:\Users\Minh\.stmcufinder\plugins\mcufinder
2023-06-25 16:16:46,892 [INFO] ApiDb:250 - Set database path to: C:\Users\Minh\.stmcufinder\plugins\mcufinder//mcu/
2023-06-25 16:16:46,893 [WARN] DbFile:41 - Overriding database path with different value: C:\Users\Minh\.stmcufinder\plugins\mcufinder/ => C:\Users\Minh\.stmcufinder\plugins\mcufinder
2023-06-25 16:16:46,893 [INFO] DbMcusAds:125 - Set database path to: C:\Users\Minh\.stmcufinder\plugins\mcufinder//mcu/
2023-06-25 16:16:46,894 [WARN] DbFile:41 - Overriding database path with different value: C:\Users\Minh\.stmcufinder\plugins\mcufinder/ => C:\Users\Minh\.stmcufinder\plugins\mcufinder
2023-06-25 16:16:46,894 [WARN] DbFile:41 - Overriding database path with different value: C:\Users\Minh\.stmcufinder\plugins\mcufinder/ => C:\Users\Minh\.stmcufinder\plugins\mcufinder
2023-06-25 16:16:46,895 [INFO] CrossReferenceDbSqlite:203 - Set database path to: C:\Users\Minh\.stmcufinder\plugins\mcufinder//mcu/cs/
2023-06-25 16:16:46,957 [INFO] ApplicationProperties:184 - Using Application install path: C:\ST\STM32CubeIDE_1.4.0\STM32CubeIDE\plugins\com.st.stm32cube.common.mx_6.8.1.202304191431
2023-06-25 16:16:46,962 [INFO] PluginManage:196 - Search for loadable plugins [exclusion list=, ]
2023-06-25 16:16:46,966 [INFO] PluginManage:310 - Check plugin analytics
2023-06-25 16:16:52,054 [INFO] AnalyticsPlugin:253 - Accepted Software Licenses: STM32CubeMX.6.0.0,STM32CubeMX.5.2.0
2023-06-25 16:16:52,056 [INFO] AnalyticsPlugin:255 - Accepted CMSIS Pack Licenses: 
2023-06-25 16:16:52,057 [INFO] AnalyticsPlugin:257 - Accepted Firmware Licenses: 
2023-06-25 16:16:52,077 [INFO] PluginManage:359 - Loaded plugin analytics (category:tool,tabindex:-1)
2023-06-25 16:16:52,078 [INFO] PluginManage:310 - Check plugin cadmodel
2023-06-25 16:16:52,125 [INFO] CADModel:105 - Init CAD model plugin
2023-06-25 16:16:52,126 [INFO] PluginManage:359 - Loaded plugin cadmodel (category:power,tabindex:5)
2023-06-25 16:16:52,126 [INFO] PluginManage:310 - Check plugin clock
2023-06-25 16:16:52,180 [INFO] PluginManage:359 - Loaded plugin clock (category:base,tabindex:2)
2023-06-25 16:16:52,181 [INFO] PluginManage:310 - Check plugin ddr
2023-06-25 16:16:52,188 [INFO] PluginManage:359 - Loaded plugin ddr (category:tool,tabindex:6)
2023-06-25 16:16:52,189 [INFO] PluginManage:310 - Check plugin filemanager
2023-06-25 16:16:52,525 [INFO] PluginManage:359 - Loaded plugin filemanager (category:base,tabindex:10)
2023-06-25 16:16:52,525 [INFO] PluginManage:310 - Check plugin ipmanager
2023-06-25 16:16:52,543 [INFO] PluginManage:359 - Loaded plugin ipmanager (category:base,tabindex:5)
2023-06-25 16:16:52,544 [INFO] PluginManage:310 - Check plugin lpbam
2023-06-25 16:16:52,593 [INFO] PluginManage:359 - Loaded plugin lpbam (category:base,tabindex:0)
2023-06-25 16:16:52,593 [INFO] PluginManage:310 - Check plugin pinoutandconfiguration
2023-06-25 16:16:52,634 [INFO] PluginManage:359 - Loaded plugin pinoutandconfiguration (category:base,tabindex:1)
2023-06-25 16:16:52,634 [INFO] PluginManage:310 - Check plugin pinoutconfig
2023-06-25 16:16:52,842 [WARN] SupportedApi:132 - Cannot load RTOS API schema: s4s-elt-must-match.1: The content of 'definitions' must match (annotation?, (simpleType | complexType)?, (unique | key | keyref)*)). A problem was found starting at: attribute.
2023-06-25 16:16:53,280 [INFO] PluginManage:359 - Loaded plugin pinoutconfig (category:base,tabindex:0)
2023-06-25 16:16:53,281 [INFO] PluginManage:310 - Check plugin power
2023-06-25 16:16:53,329 [INFO] PluginManage:359 - Loaded plugin power (category:power,tabindex:4)
2023-06-25 16:16:53,329 [INFO] PluginManage:310 - Check plugin projectmanager
2023-06-25 16:16:53,362 [INFO] PluginManage:359 - Loaded plugin projectmanager (category:projectmanager,tabindex:3)
2023-06-25 16:16:53,362 [INFO] PluginManage:310 - Check plugin thirdparty
2023-06-25 16:16:53,897 [INFO] PluginManage:359 - Loaded plugin thirdparty (category:base,tabindex:-1)
2023-06-25 16:16:53,898 [INFO] PluginManage:310 - Check plugin tools
2023-06-25 16:16:53,898 [WARN] IntegrityCheckThread:84 - waiting for thirdparty lock release [integrity check]
2023-06-25 16:16:53,899 [INFO] IntegrityCheckThread:86 - entering critical section [integrity check]
2023-06-25 16:16:53,906 [INFO] ThirdPartyUpdaterWithRetryManager:70 - Updater plugin not ready yet. [1/15]
2023-06-25 16:16:53,967 [INFO] PluginManage:359 - Loaded plugin tools (category:base,tabindex:7)
2023-06-25 16:16:53,967 [INFO] PluginManage:310 - Check plugin tutovideos
2023-06-25 16:16:54,526 [INFO] PluginManage:359 - Loaded plugin tutovideos (category:base,tabindex:-1)
2023-06-25 16:16:54,527 [INFO] PluginManage:310 - Check plugin updater
2023-06-25 16:16:54,571 [INFO] PluginManage:359 - Loaded plugin updater (category:base,tabindex:12)
2023-06-25 16:16:54,575 [INFO] PluginManage:283 - PluginManage : Loaded plugins [15]
2023-06-25 16:16:55,088 [INFO] PinOutPanel:1499 - setPackage(No Configuration,No Configuration)
2023-06-25 16:16:55,227 [INFO] CADModel:165 - CPN selected for project level
2023-06-25 16:16:55,228 [INFO] CADModel:114 - Register for checkConnection events
2023-06-25 16:16:55,279 [INFO] IPUIPlugin:80 - create IPUIPlugin
2023-06-25 16:16:55,279 [INFO] PluginManager:220 - loadIPPluginJar : add adc
2023-06-25 16:16:55,347 [INFO] IPUIPlugin:80 - create IPUIPlugin
2023-06-25 16:16:55,347 [INFO] PluginManager:220 - loadIPPluginJar : add aes
2023-06-25 16:16:55,436 [INFO] IPUIPlugin:80 - create IPUIPlugin
2023-06-25 16:16:55,437 [INFO] PluginManager:220 - loadIPPluginJar : add can
2023-06-25 16:16:55,505 [INFO] IPUIPlugin:80 - create IPUIPlugin
2023-06-25 16:16:55,506 [INFO] PluginManager:220 - loadIPPluginJar : add comp
2023-06-25 16:16:55,608 [INFO] IPUIPlugin:80 - create IPUIPlugin
2023-06-25 16:16:55,608 [INFO] PluginManager:220 - loadIPPluginJar : add cryp
2023-06-25 16:16:55,683 [INFO] IPUIPlugin:80 - create IPUIPlugin
2023-06-25 16:16:55,684 [INFO] PluginManager:220 - loadIPPluginJar : add dfsdm
2023-06-25 16:16:55,719 [INFO] IPUIPlugin:80 - create IPUIPlugin
2023-06-25 16:16:55,720 [INFO] PluginManager:220 - loadIPPluginJar : add dma
2023-06-25 16:16:55,811 [INFO] IPUIPlugin:80 - create IPUIPlugin
2023-06-25 16:16:55,811 [INFO] PluginManager:220 - loadIPPluginJar : add dma3
2023-06-25 16:16:55,854 [INFO] IPUIPlugin:80 - create IPUIPlugin
2023-06-25 16:16:55,854 [INFO] PluginManager:220 - loadIPPluginJar : add fatfs
2023-06-25 16:16:55,939 [INFO] IPUIPlugin:80 - create IPUIPlugin
2023-06-25 16:16:55,940 [INFO] PluginManager:220 - loadIPPluginJar : add fmc
2023-06-25 16:16:55,967 [INFO] IPUIPlugin:80 - create IPUIPlugin
2023-06-25 16:16:55,968 [INFO] PluginManager:220 - loadIPPluginJar : add freertos
2023-06-25 16:16:56,005 [INFO] IPUIPlugin:80 - create IPUIPlugin
2023-06-25 16:16:56,005 [INFO] PluginManager:220 - loadIPPluginJar : add genericplugin
2023-06-25 16:16:56,206 [INFO] IPUIPlugin:80 - create IPUIPlugin
2023-06-25 16:16:56,206 [INFO] PluginManager:220 - loadIPPluginJar : add gfxmmu
2023-06-25 16:16:56,479 [INFO] IPUIPlugin:80 - create IPUIPlugin
2023-06-25 16:16:56,480 [INFO] PluginManager:220 - loadIPPluginJar : add gic
2023-06-25 16:16:56,507 [INFO] IPUIPlugin:80 - create IPUIPlugin
2023-06-25 16:16:56,507 [INFO] PluginManager:220 - loadIPPluginJar : add gpio
2023-06-25 16:16:56,679 [INFO] IPUIPlugin:80 - create IPUIPlugin
2023-06-25 16:16:56,679 [INFO] PluginManager:220 - loadIPPluginJar : add gtzc
2023-06-25 16:16:56,746 [INFO] IPUIPlugin:80 - create IPUIPlugin
2023-06-25 16:16:56,746 [INFO] PluginManager:220 - loadIPPluginJar : add hash
2023-06-25 16:16:56,854 [INFO] IPUIPlugin:80 - create IPUIPlugin
2023-06-25 16:16:56,854 [INFO] PluginManager:220 - loadIPPluginJar : add i2c
2023-06-25 16:16:56,914 [INFO] ThirdPartyUpdaterWithRetryManager:70 - Updater plugin not ready yet. [2/15]
2023-06-25 16:16:56,923 [INFO] IPUIPlugin:80 - create IPUIPlugin
2023-06-25 16:16:56,923 [INFO] PluginManager:220 - loadIPPluginJar : add i2s
2023-06-25 16:16:56,994 [INFO] IPUIPlugin:80 - create IPUIPlugin
2023-06-25 16:16:56,994 [INFO] PluginManager:220 - loadIPPluginJar : add i3c
2023-06-25 16:16:57,208 [INFO] IPUIPlugin:80 - create IPUIPlugin
2023-06-25 16:16:57,208 [INFO] PluginManager:220 - loadIPPluginJar : add ipddr
2023-06-25 16:16:57,372 [INFO] IPUIPlugin:80 - create IPUIPlugin
2023-06-25 16:16:57,373 [INFO] PluginManager:220 - loadIPPluginJar : add linkedlist
2023-06-25 16:16:57,434 [INFO] IPUIPlugin:80 - create IPUIPlugin
2023-06-25 16:16:57,435 [INFO] PluginManager:220 - loadIPPluginJar : add lorawan
2023-06-25 16:16:57,510 [INFO] IPUIPlugin:80 - create IPUIPlugin
2023-06-25 16:16:57,511 [INFO] PluginManager:220 - loadIPPluginJar : add ltdc
2023-06-25 16:16:57,540 [INFO] IPUIPlugin:80 - create IPUIPlugin
2023-06-25 16:16:57,540 [INFO] PluginManager:220 - loadIPPluginJar : add mdma
2023-06-25 16:16:57,563 [INFO] IPUIPlugin:80 - create IPUIPlugin
2023-06-25 16:16:57,564 [INFO] PluginManager:220 - loadIPPluginJar : add nvic
2023-06-25 16:16:57,643 [INFO] IPUIPlugin:80 - create IPUIPlugin
2023-06-25 16:16:57,644 [INFO] PluginManager:220 - loadIPPluginJar : add opamp
2023-06-25 16:16:57,762 [INFO] IPUIPlugin:80 - create IPUIPlugin
2023-06-25 16:16:57,763 [INFO] PluginManager:220 - loadIPPluginJar : add openamp
2023-06-25 16:16:57,847 [INFO] IPUIPlugin:80 - create IPUIPlugin
2023-06-25 16:16:57,847 [INFO] PluginManager:220 - loadIPPluginJar : add pdm2pcm
2023-06-25 16:16:57,884 [INFO] IPUIPlugin:80 - create IPUIPlugin
2023-06-25 16:16:57,891 [INFO] PluginManager:220 - loadIPPluginJar : add plateformsettings
2023-06-25 16:16:57,930 [INFO] IPUIPlugin:80 - create IPUIPlugin
2023-06-25 16:16:57,930 [INFO] PluginManager:220 - loadIPPluginJar : add quadspi
2023-06-25 16:16:57,952 [INFO] IPUIPlugin:80 - create IPUIPlugin
2023-06-25 16:16:57,952 [INFO] PluginManager:220 - loadIPPluginJar : add resmgrutility
2023-06-25 16:16:58,048 [INFO] IPUIPlugin:80 - create IPUIPlugin
2023-06-25 16:16:58,048 [INFO] PluginManager:220 - loadIPPluginJar : add sai
2023-06-25 16:16:58,114 [INFO] IPUIPlugin:80 - create IPUIPlugin
2023-06-25 16:16:58,114 [INFO] PluginManager:220 - loadIPPluginJar : add spi
2023-06-25 16:16:58,226 [INFO] IPUIPlugin:80 - create IPUIPlugin
2023-06-25 16:16:58,226 [INFO] PluginManager:220 - loadIPPluginJar : add stm32_wpan
2023-06-25 16:16:58,284 [INFO] IPUIPlugin:80 - create IPUIPlugin
2023-06-25 16:16:58,285 [INFO] PluginManager:220 - loadIPPluginJar : add tim
2023-06-25 16:16:58,436 [INFO] IPUIPlugin:80 - create IPUIPlugin
2023-06-25 16:16:58,436 [INFO] PluginManager:220 - loadIPPluginJar : add touchsensing
2023-06-25 16:16:58,486 [INFO] IPUIPlugin:80 - create IPUIPlugin
2023-06-25 16:16:58,487 [INFO] PluginManager:220 - loadIPPluginJar : add tracer_emb
2023-06-25 16:16:58,551 [INFO] IPUIPlugin:80 - create IPUIPlugin
2023-06-25 16:16:58,551 [INFO] PluginManager:220 - loadIPPluginJar : add ts
2023-06-25 16:16:58,615 [INFO] IPUIPlugin:80 - create IPUIPlugin
2023-06-25 16:16:58,615 [INFO] PluginManager:220 - loadIPPluginJar : add tsc
2023-06-25 16:16:58,683 [INFO] IPUIPlugin:80 - create IPUIPlugin
2023-06-25 16:16:58,683 [INFO] PluginManager:220 - loadIPPluginJar : add ucpd
2023-06-25 16:16:58,768 [INFO] IPUIPlugin:80 - create IPUIPlugin
2023-06-25 16:16:58,768 [INFO] PluginManager:220 - loadIPPluginJar : add usart
2023-06-25 16:16:58,851 [INFO] IPUIPlugin:80 - create IPUIPlugin
2023-06-25 16:16:58,852 [INFO] PluginManager:220 - loadIPPluginJar : add usbx
2023-06-25 16:16:59,107 [INFO] CADModel:165 - CPN selected for project level
2023-06-25 16:16:59,107 [INFO] CADModel:114 - Register for checkConnection events
2023-06-25 16:16:59,107 [FATAL] Updater:308 - Updater called before beeing initialized
2023-06-25 16:16:59,108 [ERROR] CADModel:125 - Updater not yet initialized, retry later 
2023-06-25 16:16:59,655 [INFO] CADModel:165 - CPN selected for project level
2023-06-25 16:16:59,655 [INFO] CADModel:114 - Register for checkConnection events
2023-06-25 16:16:59,656 [FATAL] Updater:308 - Updater called before beeing initialized
2023-06-25 16:16:59,656 [ERROR] CADModel:125 - Updater not yet initialized, retry later 
2023-06-25 16:16:59,671 [FATAL] Updater:308 - Updater called before beeing initialized
2023-06-25 16:16:59,919 [INFO] ThirdPartyUpdaterWithRetryManager:70 - Updater plugin not ready yet. [3/15]
2023-06-25 16:17:00,016 [FATAL] Updater:308 - Updater called before beeing initialized
2023-06-25 16:17:00,042 [INFO] DbMcusAds:53 - JSON generation date=Tue Mar 07 17:50:54 JST 2023 (1678179054945)
2023-06-25 16:17:00,043 [FATAL] Updater:308 - Updater called before beeing initialized
2023-06-25 16:17:00,318 [WARN] DetailPanel:346 - Failed to get advertising image, set to default
2023-06-25 16:17:00,842 [FATAL] Updater:308 - Updater called before beeing initialized
2023-06-25 16:17:00,848 [FATAL] Updater:308 - Updater called before beeing initialized
2023-06-25 16:17:00,848 [FATAL] Updater:308 - Updater called before beeing initialized
2023-06-25 16:17:00,849 [WARN] DetailPanel:346 - Failed to get advertising image, set to default
2023-06-25 16:17:00,851 [FATAL] Updater:308 - Updater called before beeing initialized
2023-06-25 16:17:01,025 [ERROR] Updater:1120 - MainUpdater not yet initialized. External WinMGr cannot be set.
2023-06-25 16:17:01,048 [INFO] Updater:1056 - Updater Version found : 6.8.1
2023-06-25 16:17:01,087 [INFO] ApplicationProperties:184 - Using Application install path: C:\ST\STM32CubeIDE_1.4.0\STM32CubeIDE\plugins\com.st.stm32cube.common.mx_6.8.1.202304191431
2023-06-25 16:17:01,383 [INFO] MainUpdater:2854 - connection check result : 10
2023-06-25 16:17:01,384 [INFO] MainUpdater:3548 - Updater definition file requires update
2023-06-25 16:17:01,386 [INFO] MainUpdater:283 - Updater Check For Update Now.
2023-06-25 16:17:01,388 [INFO] MicroXplorer:498 - Change Database Version : DB.6.0.81
2023-06-25 16:17:01,430 [INFO] ServerAccessManage:473 - Download File updaters.zip
2023-06-25 16:17:01,535 [INFO] FileExtend:240 - Unzip File : updaters.zip
2023-06-25 16:17:01,535 [INFO] FileExtend:255 - Standard Zip Deflate
2023-06-25 16:17:02,348 [INFO] ServerAccessManage:473 - Download File PacksControlFlags.xml
2023-06-25 16:17:02,423 [INFO] ServerAccessManage:473 - Download File cubemx.pidx
2023-06-25 16:17:02,930 [WARN] MainUpdater:1187 - Updater busy. Cannot search thirdparties
2023-06-25 16:17:02,931 [INFO] ThirdPartyUpdaterWithRetryManager:96 - Updater plugin is busy. [1/15]
2023-06-25 16:17:03,719 [INFO] ServerAccessManage:473 - Download File STMicroelectronics.X-CUBE-NFC7.pdsc
2023-06-25 16:17:04,595 [INFO] ServerAccessManage:473 - Download File STMicroelectronics.X-CUBE-AZRTOS-WL.pdsc
2023-06-25 16:17:05,111 [WARN] PackLoader:240 - Cannot read IP mode file for STMicroelectronics.X-CUBE-NFC7.1.0.1
2023-06-25 16:17:05,157 [INFO] LogOutputStream:77 - [STDOUT_REDIRECT] 1 : Invalid condition id : UX_CORESTACK_Condition cause : null
2023-06-25 16:17:05,162 [INFO] LogOutputStream:77 - [STDOUT_REDIRECT] 1 : Invalid condition id : UX_CORESTACK_Condition cause : null
2023-06-25 16:17:05,167 [INFO] LogOutputStream:77 - [STDOUT_REDIRECT] 1 : Invalid condition id : UX_CORESTACK_Condition cause : null
2023-06-25 16:17:05,172 [INFO] LogOutputStream:77 - [STDOUT_REDIRECT] 1 : Invalid condition id : UX_CORESTACK_Condition cause : null
2023-06-25 16:17:05,176 [INFO] LogOutputStream:77 - [STDOUT_REDIRECT] 1 : Invalid condition id : UX_CORESTACK_Condition cause : null
2023-06-25 16:17:05,191 [WARN] PackLoader:240 - Cannot read IP mode file for STMicroelectronics.X-CUBE-AZRTOS-WL.2.0.0
2023-06-25 16:17:05,197 [INFO] PopulateThirdPartyThread:66 - Ending populate Thread
2023-06-25 16:17:05,207 [INFO] ThirdParty:1030 - CMSIS Pack Vendor :STMicroelectronics X-CUBE-NFC7 1.0.1
2023-06-25 16:17:05,207 [INFO] ThirdParty:1030 - CMSIS Pack Vendor :STMicroelectronics X-CUBE-AZRTOS-WL 2.0.0
2023-06-25 16:17:05,207 [INFO] LoadServerUpdatesThread:373 - End of LoadServerUpdate Thread
2023-06-25 16:17:05,246 [INFO] CheckServerUpdateThread:120 - End of CheckServer Thread
2023-06-25 16:17:05,380 [INFO] MainUpdater:2854 - connection check result : 10
2023-06-25 16:17:05,443 [INFO] McuFinderGlobals:66 - Set McuFinderConnectedMode to true
2023-06-25 16:17:05,769 [INFO] ServerAccessManage:473 - Download File mcusAds.json._tmp_
2023-06-25 16:17:05,883 [INFO] LoadUrlFilesThread:156 - End of LoadUrlFiles Thread
2023-06-25 16:17:05,940 [WARN] MainUpdater:1187 - Updater busy. Cannot search thirdparties
2023-06-25 16:17:05,940 [INFO] ThirdPartyUpdaterWithRetryManager:96 - Updater plugin is busy. [2/15]
2023-06-25 16:17:06,030 [INFO] ServerAccessManage:473 - Download File cube-finder-db.zip
2023-06-25 16:17:08,946 [WARN] MainUpdater:1187 - Updater busy. Cannot search thirdparties
2023-06-25 16:17:08,946 [INFO] ThirdPartyUpdaterWithRetryManager:96 - Updater plugin is busy. [3/15]
2023-06-25 16:17:09,228 [INFO] FileExtend:240 - Unzip File : cube-finder-db.zip
2023-06-25 16:17:09,229 [INFO] FileExtend:255 - Standard Zip Deflate
2023-06-25 16:17:10,843 [INFO] LoadUrlFilesThread:156 - End of LoadUrlFiles Thread
2023-06-25 16:17:11,961 [WARN] MainUpdater:1187 - Updater busy. Cannot search thirdparties
2023-06-25 16:17:11,961 [INFO] ThirdPartyUpdaterWithRetryManager:96 - Updater plugin is busy. [4/15]
2023-06-25 16:17:12,183 [INFO] ServerAccessManage:473 - Download File crdb.zip
2023-06-25 16:17:14,966 [WARN] MainUpdater:1187 - Updater busy. Cannot search thirdparties
2023-06-25 16:17:14,966 [INFO] ThirdPartyUpdaterWithRetryManager:96 - Updater plugin is busy. [5/15]
2023-06-25 16:17:16,337 [INFO] FileExtend:240 - Unzip File : crdb.zip
2023-06-25 16:17:16,338 [INFO] FileExtend:255 - Standard Zip Deflate
2023-06-25 16:17:16,511 [INFO] LoadUrlFilesThread:156 - End of LoadUrlFiles Thread
2023-06-25 16:17:16,747 [INFO] ServerAccessManage:473 - Download File tutoVideoDB.zip
2023-06-25 16:17:16,763 [INFO] FileExtend:240 - Unzip File : tutoVideoDB.zip
2023-06-25 16:17:16,763 [INFO] FileExtend:255 - Standard Zip Deflate
2023-06-25 16:17:16,889 [INFO] LoadUrlFilesThread:156 - End of LoadUrlFiles Thread
2023-06-25 16:17:16,899 [WARN] DbFile:41 - Overriding database path with different value: C:\Users\Minh\.stmcufinder\plugins\mcufinder/ => C:\Users\Minh\.stmcufinder\plugins\mcufinder
2023-06-25 16:17:17,079 [INFO] ServerAccessManage:473 - Download File api_config.json
2023-06-25 16:17:17,187 [INFO] LoadUrlFilesThread:156 - End of LoadUrlFiles Thread
2023-06-25 16:17:17,189 [INFO] DbMcusAds:53 - JSON generation date=Tue Mar 07 17:50:55 JST 2023 (1678179055335)
2023-06-25 16:17:17,234 [INFO] LoadUrlFilesThread:185 - End of LoadServerUrlFiles without Thread
2023-06-25 16:17:17,234 [INFO] TargetSelectorAdapter:259 - Refresh data is successful
2023-06-25 16:17:17,538 [INFO] ApiDb:581 - Connected to CubeFinder SQLite database (C:\Users\Minh\.stmcufinder\plugins\mcufinder\mcu\cube-finder-db.db)
2023-06-25 16:17:17,673 [INFO] ApiDb:668 - CubeFinder database Data Model version=2.1
2023-06-25 16:17:17,673 [INFO] ApiDb:669 - CubeFinder database Configuration version=3.0.35
2023-06-25 16:17:17,674 [INFO] ApiDb:670 - CubeFinder database generation date=2023-05-12 (1683877179)
2023-06-25 16:17:17,674 [INFO] ApiDb:671 - CubeFinder database FW Pack versions=[FP-ATR-ASTRA1_V2.0.0, FP-SNS-FLIGHT1_V5.0.0, FP-SNS-MOTENV1_V4.3.0, STM32Cube_FW_C0_V1.0.1, STM32Cube_FW_F0_V1.11.4, STM32Cube_FW_F3_V1.11.4, STM32Cube_FW_F4_V1.27.1, STM32Cube_FW_F7_V1.17.0, STM32Cube_FW_G0_V1.6.1, STM32Cube_FW_G4_V1.5.1, STM32Cube_FW_H5_V0.5.1, STM32Cube_FW_H5_V1.0.0, STM32Cube_FW_H7_V1.11.0, STM32Cube_FW_L0_V1.12.2, STM32Cube_FW_L5_V1.5.0, STM32Cube_FW_U5_V1.2.0, STM32Cube_FW_WBA_V1.0.0, STM32Cube_FW_WBA_V1.0.0RC1, STM32Cube_FW_WBA_V1.0.0RC3, STM32Cube_FW_WB_V1.15.0RC1, STM32Cube_FW_WB_V1.16.0, STM32Cube_FW_WB_V1.16.0RC2, STM32Cube_FW_WL_V1.3.0, X-CUBE-ALGOBUILD_V1.3.0, X-CUBE-ALS_V1.0.1, X-CUBE-AZRTOS-F4_V1.1.0, X-CUBE-AZRTOS-F7_V1.1.0, X-CUBE-AZRTOS-G0_V1.1.0, X-CUBE-AZRTOS-G4_V2.0.0, X-CUBE-AZRTOS-H7_V3.1.0, X-CUBE-AZRTOS-L4_V1.0.0, X-CUBE-AZRTOS-L5_V1.1.0, X-CUBE-AZRTOS-WB_V1.1.0, X-CUBE-AZRTOS-WL_V1.0.0, X-CUBE-BLE1_V6.2.4, X-CUBE-BLE2_V3.3.0, X-CUBE-BLEMGR_V2.0.0, X-CUBE-EEPRMA1_V4.1.0, X-CUBE-FREERTOS_V1.0.1, X-CUBE-GNSS1_V6.0.0, X-CUBE-MEMS1_V9.1.0, X-CUBE-MEMS1_V9.4.0, X-CUBE-MEMS1_V9.6.0, X-CUBE-NFC4_V3.0.0, X-CUBE-NFC7_V1.0.0, X-CUBE-SFXS2LP1_V4.0.0, X-CUBE-SUBG2_V5.0.0]
2023-06-25 16:17:18,435 [WARN] PackLoader:240 - Cannot read IP mode file for STMicroelectronics.X-CUBE-SMBUS.2.1.0
2023-06-25 16:17:18,486 [WARN] PackLoader:240 - Cannot read IP mode file for STMicroelectronics.X-CUBE-AZRTOS-F7.1.1.0
2023-06-25 16:17:18,506 [ERROR] RealEvaluatedCondition:428 - Found unsupported composite condition: CLASS='Data Exchange' GROUP='STM32_MetaDataManager'
2023-06-25 16:17:18,506 [ERROR] RealEvaluatedCondition:428 - Found unsupported composite condition: GROUP='STM32_MetaDataManager' CLASS='Data Exchange'
2023-06-25 16:17:18,512 [WARN] PackLoader:240 - Cannot read IP mode file for STMicroelectronics.FP-SNS-MOTENV1.4.3.0
2023-06-25 16:17:18,528 [WARN] PackLoader:240 - Cannot read IP mode file for STMicroelectronics.FP-SNS-FLIGHT1.5.0.0
2023-06-25 16:17:18,537 [ERROR] RealEvaluatedCondition:428 - Found unsupported composite condition: CLASS='Data Exchange' GROUP='STM32_MetaDataManager'
2023-06-25 16:17:18,537 [ERROR] RealEvaluatedCondition:428 - Found unsupported composite condition: CLASS='Data Exchange' GROUP='STM32_MetaDataManager'
2023-06-25 16:17:18,542 [WARN] PackLoader:240 - Cannot read IP mode file for STMicroelectronics.FP-SNS-MOTENV1.4.3.1
2023-06-25 16:17:18,556 [WARN] PackLoader:240 - Cannot read IP mode file for STMicroelectronics.FP-SNS-FLIGHT1.5.0.1
2023-06-25 16:17:18,571 [WARN] PackLoader:240 - Cannot read IP mode file for STMicroelectronics.X-CUBE-BLE1.6.2.4
2023-06-25 16:17:18,590 [WARN] PackLoader:240 - Cannot read IP mode file for STMicroelectronics.X-CUBE-DISPLAY.3.0.0
2023-06-25 16:17:18,634 [INFO] LogOutputStream:77 - [STDOUT_REDIRECT] 1 : Invalid condition id : UX_CORESTACK_Condition cause : null
2023-06-25 16:17:18,638 [INFO] LogOutputStream:77 - [STDOUT_REDIRECT] 1 : Invalid condition id : UX_CORESTACK_Condition cause : null
2023-06-25 16:17:18,641 [INFO] LogOutputStream:77 - [STDOUT_REDIRECT] 1 : Invalid condition id : UX_CORESTACK_Condition cause : null
2023-06-25 16:17:18,645 [INFO] LogOutputStream:77 - [STDOUT_REDIRECT] 1 : Invalid condition id : UX_CORESTACK_Condition cause : null
2023-06-25 16:17:18,649 [INFO] LogOutputStream:77 - [STDOUT_REDIRECT] 1 : Invalid condition id : UX_CORESTACK_Condition cause : null
2023-06-25 16:17:18,659 [WARN] PackLoader:240 - Cannot read IP mode file for STMicroelectronics.X-CUBE-AZRTOS-WL.2.0.0
2023-06-25 16:17:18,680 [WARN] PackLoader:240 - Cannot read IP mode file for WES.I-CUBE-Cesium.1.3.0
2023-06-25 16:17:18,697 [WARN] PackLoader:240 - Cannot read IP mode file for STMicroelectronics.X-CUBE-BLE2.3.3.0
2023-06-25 16:17:18,734 [WARN] PackLoader:240 - Cannot read IP mode file for STMicroelectronics.X-CUBE-TOF1.3.2.0
2023-06-25 16:17:18,766 [WARN] PackLoader:240 - Cannot read IP mode file for STMicroelectronics.X-CUBE-TOUCHGFX.4.21.1
2023-06-25 16:17:18,772 [WARN] PackLoader:240 - Cannot read IP mode file for STMicroelectronics.X-CUBE-TOUCHGFX.4.21.3
2023-06-25 16:17:18,778 [WARN] PackLoader:240 - Cannot read IP mode file for STMicroelectronics.X-CUBE-TOUCHGFX.4.21.4
2023-06-25 16:17:18,793 [WARN] PackLoader:240 - Cannot read IP mode file for STMicroelectronics.X-CUBE-ALGOBUILD.1.3.0
2023-06-25 16:17:18,841 [WARN] PackLoader:240 - Cannot read IP mode file for STMicroelectronics.X-CUBE-AZRTOS-G0.1.1.0
2023-06-25 16:17:18,861 [WARN] PackLoader:240 - Cannot read IP mode file for STMicroelectronics.X-CUBE-NFC4.3.0.0
2023-06-25 16:17:18,876 [WARN] PackLoader:240 - Cannot read IP mode file for STMicroelectronics.FP-ATR-SIGFOX1.3.2.0
2023-06-25 16:17:19,024 [WARN] PackLoader:240 - Cannot read IP mode file for STMicroelectronics.X-CUBE-MEMS1.9.5.0
2023-06-25 16:17:19,849 [WARN] PackLoader:240 - Cannot read IP mode file for SEGGER.I-CUBE-embOS.1.3.1
2023-06-25 16:17:20,110 [WARN] PackLoader:240 - Cannot read IP mode file for STMicroelectronics.X-CUBE-GNSS1.6.0.0
2023-06-25 16:17:20,158 [WARN] PackLoader:240 - Cannot read IP mode file for STMicroelectronics.X-CUBE-AZRTOS-F4.1.1.0
2023-06-25 16:17:20,277 [WARN] PackLoader:240 - Cannot read IP mode file for STMicroelectronics.X-CUBE-MEMS1.9.6.0
2023-06-25 16:17:20,758 [WARN] PackLoader:240 - Cannot read IP mode file for emotas.I-CUBE-CANOPEN.1.1.3
2023-06-25 16:17:20,776 [WARN] PackLoader:240 - Cannot read IP mode file for STMicroelectronics.X-CUBE-BLEMGR.2.0.0
2023-06-25 16:17:20,826 [WARN] ConditionMgr:438 - getConditionDescription Invalid condition id : UX DEVICE CLASS RTOS Condition cause : null
2023-06-25 16:17:20,826 [WARN] ConditionMgr:438 - getConditionDescription Invalid condition id : UX DEVICE CLASS RTOS Condition cause : null
2023-06-25 16:17:20,837 [WARN] PackLoader:240 - Cannot read IP mode file for STMicroelectronics.X-CUBE-AZRTOS-H7.3.1.0
2023-06-25 16:17:20,840 [WARN] ConditionMgr:1039 - genDependencies : Invalid condition id : UX DEVICE CLASS RTOS Condition cause : null
2023-06-25 16:17:20,840 [WARN] ConditionMgr:1039 - genDependencies : Invalid condition id : UX DEVICE CLASS RTOS Condition cause : null
2023-06-25 16:17:20,842 [WARN] ConditionMgr:1039 - genDependencies : Invalid condition id : UX DEVICE CLASS RTOS Condition cause : null
2023-06-25 16:17:20,844 [WARN] ConditionMgr:1039 - genDependencies : Invalid condition id : UX DEVICE CLASS RTOS Condition cause : null
2023-06-25 16:17:20,844 [WARN] ConditionMgr:1039 - genDependencies : Invalid condition id : UX DEVICE CLASS RTOS Condition cause : null
2023-06-25 16:17:20,858 [WARN] PackLoader:240 - Cannot read IP mode file for wolfSSL.I-CUBE-wolfSSL.5.5.4
2023-06-25 16:17:20,869 [WARN] PackLoader:240 - Cannot read IP mode file for STMicroelectronics.X-CUBE-NFC7.1.0.1
2023-06-25 16:17:20,881 [WARN] PackLoader:240 - Cannot read IP mode file for STMicroelectronics.X-CUBE-NFC7.1.0.0
2023-06-25 16:17:20,898 [WARN] PackLoader:240 - Cannot read IP mode file for STMicroelectronics.X-CUBE-EEPRMA1.4.1.0
2023-06-25 16:17:20,947 [WARN] ConditionMgr:438 - getConditionDescription Invalid condition id : LAN8742 Phy interface Condition cause : null
2023-06-25 16:17:20,949 [WARN] PackLoader:240 - Cannot read IP mode file for STMicroelectronics.X-CUBE-AZRTOS-L4.2.0.0
2023-06-25 16:17:20,952 [WARN] ConditionMgr:1039 - genDependencies : Invalid condition id : LAN8742 Phy interface Condition cause : null
2023-06-25 16:17:20,953 [WARN] ConditionMgr:1039 - genDependencies : Invalid condition id : LAN8742 Phy interface Condition cause : null
2023-06-25 16:17:20,955 [WARN] ConditionMgr:1039 - genDependencies : Invalid condition id : LAN8742 Phy interface Condition cause : null
2023-06-25 16:17:20,995 [WARN] PackLoader:240 - Cannot read IP mode file for STMicroelectronics.X-CUBE-SFXS2LP1.4.0.0
2023-06-25 16:17:21,074 [WARN] PackLoader:240 - Cannot read IP mode file for STMicroelectronics.X-CUBE-AZRTOS-H7.3.0.0
2023-06-25 16:17:21,096 [WARN] PackLoader:240 - Cannot read IP mode file for STMicroelectronics.X-CUBE-ISPU.1.1.0
2023-06-25 16:17:21,121 [WARN] PackLoader:240 - Cannot read IP mode file for RoweBots.I-CUBE-UNISONRTOS.5.5.0-4
2023-06-25 16:17:21,132 [WARN] PackLoader:240 - Cannot read IP mode file for STMicroelectronics.X-CUBE-AI.8.0.0
2023-06-25 16:17:21,144 [WARN] PackLoader:240 - Cannot read IP mode file for STMicroelectronics.X-CUBE-FREERTOS.1.0.0
2023-06-25 16:17:21,155 [WARN] PackLoader:240 - Cannot read IP mode file for STMicroelectronics.X-CUBE-FREERTOS.1.0.1
2023-06-25 16:17:21,194 [WARN] PackLoader:240 - Cannot read IP mode file for STMicroelectronics.X-CUBE-AZRTOS-L5.1.1.0
2023-06-25 16:17:21,276 [WARN] PackLoader:240 - Cannot read IP mode file for STMicroelectronics.X-CUBE-AI.8.0.1
2023-06-25 16:17:21,299 [WARN] PackLoader:240 - Cannot read IP mode file for STMicroelectronics.X-CUBE-SUBG2.5.0.0
2023-06-25 16:17:21,382 [WARN] PackLoader:240 - Cannot read IP mode file for STMicroelectronics.X-CUBE-AZRTOS-G4.2.0.0
2023-06-25 16:17:21,409 [WARN] PackLoader:240 - Cannot read IP mode file for STMicroelectronics.X-CUBE-TOF1.3.3.0
2023-06-25 16:17:21,439 [WARN] PackLoader:240 - Cannot read IP mode file for STMicroelectronics.FP-ATR-ASTRA1.1.1.1
2023-06-25 16:17:21,472 [WARN] PackLoader:240 - Cannot read IP mode file for STMicroelectronics.X-CUBE-AZRTOS-G4.1.0.0
2023-06-25 16:17:21,521 [WARN] PackLoader:240 - Cannot read IP mode file for STMicroelectronics.X-CUBE-AZRTOS-L4.1.0.0
2023-06-25 16:17:21,559 [WARN] PackLoader:240 - Cannot read IP mode file for STMicroelectronics.X-CUBE-AZRTOS-WL.1.0.0
2023-06-25 16:17:21,576 [WARN] PackLoader:240 - Cannot read IP mode file for portGmbH.I-Cube-SoM-uGOAL.1.1.0
2023-06-25 16:17:21,587 [WARN] PackLoader:240 - Cannot read IP mode file for STMicroelectronics.X-CUBE-ALS.1.0.1
2023-06-25 16:17:21,622 [WARN] PackLoader:240 - Cannot read IP mode file for STMicroelectronics.X-CUBE-AZRTOS-WB.1.1.0
2023-06-25 16:17:21,633 [WARN] PackLoader:240 - Cannot read IP mode file for STMicroelectronics.FP-ATR-ASTRA1.2.0.0
2023-06-25 16:17:21,635 [INFO] ThirdParty:978 - Integrity check success = true
2023-06-25 16:17:21,635 [INFO] IntegrityCheckThread:100 - exiting critical section [integrity check]
2023-06-25 16:17:21,636 [INFO] IntegrityCheckThread:103 - End integrity checks thread
2023-06-25 16:17:23,448 [INFO] ApiDb:240 - Found 297 in-development CPN: [B-G473E-ZEST1S, B-WB1M-WPAN1, B-WL5M-SUBG1, NUCLEO-C031C6, NUCLEO-H503RB, NUCLEO-H563ZI, NUCLEO-U545RE-Q, NUCLEO-U5A5ZJ-Q, NUCLEO-WBA52CG, STEVAL-PROTEUS1, STEVAL-STWINBX1, STM320518-EVAL, STM32C0116-DK, STM32C011D6Y3TR, STM32C011D6Y6TR, STM32C011F4P3, STM32C011F4P6, STM32C011F4U3, STM32C011F4U6TR, STM32C011F6P3, STM32C011F6P6, STM32C011F6U3, STM32C011F6U6TR, STM32C011J4M3, STM32C011J4M6, STM32C011J6M3, STM32C011J6M6, STM32C0316-DK, STM32C031C4T3, STM32C031C4T6, STM32C031C4U3, STM32C031C4U6, STM32C031C6T3, STM32C031C6T6, STM32C031C6U3, STM32C031C6U6, STM32C031F4P3, STM32C031F4P6, STM32C031F6P3, STM32C031F6P6, STM32C031G4U3, STM32C031G4U6, STM32C031G6U3, STM32C031G6U6, STM32C031K4T3, STM32C031K4T6, STM32C031K4U3, STM32C031K4U6, STM32C031K6T3, STM32C031K6T6, STM32C031K6U3, STM32C031K6U6, STM32G071K8TXN, STM32G071K8UXN, STM32G081GBU6N, STM32G081KBT6N, STM32G081KBUXN, STM32G0B1CCT6N, STM32G0B1KCT6, STM32G0B1NEY6TR, STM32G0B1RCT6N, STM32G0C1CCT6, STM32G0C1CCT6N, STM32G0C1CCU6N, STM32G0C1CET6N, STM32G0C1CEU6N, STM32G0C1KCT6, STM32G0C1NEY6TR, STM32G0C1RCI6N, STM32G0C1RCT6N, STM32G0C1REI6N, STM32G0C1RET6N, STM32G0C1VCI6, STM32G0C1VEI6, STM32G471CCT6, STM32G471CCU6, STM32G471CET3, STM32G471CET6, STM32G471CEU3, STM32G471CEU6, STM32G471MCT6, STM32G471MET3, STM32G471MET6, STM32G471MEY6TR, STM32G471QCT6, STM32G471QET3, STM32G471RCT6, STM32G471RET3, STM32G471RET6, STM32G471VCH6, STM32G471VCI6, STM32G471VCT6, STM32G471VEH3, STM32G471VEH6, STM32G471VEI3, STM32G471VEI6, STM32G471VET3, STM32G471VET6, STM32G474CCT6, STM32H503CBT6, STM32H503CBU6, STM32H503EBY6TR, STM32H503KBU6, STM32H503RBT6, STM32H562AGI6, STM32H562AII6, STM32H562IGK6, STM32H562IGT6, STM32H562IIK6, STM32H562IIT6, STM32H562RGT6, STM32H562RGV6, STM32H562RIT6, STM32H562RIV6, STM32H562VGT6, STM32H562VIT6, STM32H562ZGT6, STM32H562ZIT6, STM32H563AGI6, STM32H563AII3Q, STM32H563AII6, STM32H563IGK6, STM32H563IGT6, STM32H563IIK3Q, STM32H563IIK6, STM32H563IIT3Q, STM32H563IIT6, STM32H563MIY3QTR, STM32H563RGT6, STM32H563RGV6, STM32H563RIT6, STM32H563RIV6, STM32H563VGT6, STM32H563VIT3Q, STM32H563VIT6, STM32H563ZGT6, STM32H563ZIT3Q, STM32H563ZIT6, STM32H573AII3Q, STM32H573AII6, STM32H573I-DK, STM32H573IIK3Q, STM32H573IIK6, STM32H573IIT3Q, STM32H573IIT6, STM32H573MIY3QTR, STM32H573RIT6, STM32H573RIV6, STM32H573VIT3Q, STM32H573VIT6, STM32H573ZIT3Q, STM32H573ZIT6, STM32L4R5QGI6STR, STM32MP131AAE3, STM32MP131AAF3, STM32MP131AAG3, STM32MP131CAE3, STM32MP131CAF3, STM32MP131CAG3, STM32MP131DAE7, STM32MP131DAF7, STM32MP131DAG7, STM32MP131FAE7, STM32MP131FAF7, STM32MP131FAG7, STM32MP133AAE3, STM32MP133AAF3, STM32MP133AAG3, STM32MP133CAE3, STM32MP133CAF3, STM32MP133CAG3, STM32MP133DAE7, STM32MP133DAF7, STM32MP133DAG7, STM32MP133FAE7, STM32MP133FAF7, STM32MP133FAG7, STM32MP135AAE3, STM32MP135AAF3, STM32MP135AAG3, STM32MP135CAE3, STM32MP135CAF3, STM32MP135CAG3, STM32MP135DAE7, STM32MP135DAF7, STM32MP135DAG7, STM32MP135F-DK, STM32MP135FAE7, STM32MP135FAF7, STM32MP135FAF7T, STM32MP135FAF7U, STM32MP135FAG7, STM32U535CBT6, STM32U535CBT6Q, STM32U535CBU6, STM32U535CBU6Q, STM32U535CCT6, STM32U535CCT6Q, STM32U535CCU6, STM32U535CCU6Q, STM32U535CET6, STM32U535CET6Q, STM32U535CEU6, STM32U535CEU6Q, STM32U535JEY6QTR, STM32U535NCY6QTR, STM32U535NEY6QTR, STM32U535RBI6, STM32U535RBI6Q, STM32U535RBT6, STM32U535RBT6Q, STM32U535RCI6, STM32U535RCI6Q, STM32U535RCT6, STM32U535RCT6Q, STM32U535REI6, STM32U535REI6Q, STM32U535RET6, STM32U535RET6Q, STM32U535VCI6, STM32U535VCI6Q, STM32U535VCT6, STM32U535VCT6Q, STM32U535VEI6, STM32U535VEI6Q, STM32U535VET6, STM32U535VET6Q, STM32U545CET6, STM32U545CET6Q, STM32U545CEU6, STM32U545CEU6Q, STM32U545JEY6QTR, STM32U545NEY6QTR, STM32U545REI6, STM32U545REI6Q, STM32U545RET6, STM32U545RET6Q, STM32U545VEI6, STM32U545VEI6Q, STM32U545VET6, STM32U545VET6Q, STM32U595AIH6, STM32U595AIH6Q, STM32U595AJH6, STM32U595AJH6Q, STM32U595QII6, STM32U595QII6Q, STM32U595QJI6, STM32U595QJI6Q, STM32U595RIT6, STM32U595RIT6Q, STM32U595RJT6, STM32U595RJT6Q, STM32U595VIT6, STM32U595VIT6Q, STM32U595VJT6, STM32U595VJT6Q, STM32U595ZIT6, STM32U595ZIT6Q, STM32U595ZIY6QTR, STM32U595ZJT6, STM32U595ZJT6Q, STM32U595ZJY6QTR, STM32U599BJY6QTR, STM32U599NIH6Q, STM32U599NJH6Q, STM32U599VIT6Q, STM32U599VJT6, STM32U599VJT6Q, STM32U599ZIT6Q, STM32U599ZIY6QTR, STM32U599ZJT6Q, STM32U599ZJY6QTR, STM32U5A5AJH6, STM32U5A5AJH6Q, STM32U5A5QJI6, STM32U5A5QJI6Q, STM32U5A5RJT6, STM32U5A5RJT6Q, STM32U5A5VJT6, STM32U5A5VJT6Q, STM32U5A5ZJT6, STM32U5A5ZJT6Q, STM32U5A5ZJY6QTR, STM32U5A9BJY6QTR, STM32U5A9J-DK, STM32U5A9NJH6Q, STM32U5A9VJT6Q, STM32U5A9ZJT6Q, STM32U5A9ZJY6QTR, STM32WB1MMCH6, STM32WBA52CEU6, STM32WBA52CEU6T, STM32WBA52CGU6, STM32WBA52CGU6T, STM32WL5MOCH6, STM32WL5MOCH6TR]
2023-06-25 16:17:23,456 [INFO] DbMcus:216 - Found 3775 MCUs, 3775 are supported
2023-06-25 16:17:23,465 [INFO] ApiDb:423 - Load user favorites file C:\Users\Minh/.stm32cubeide/favorites.mcus.txt: 0 item(s)
2023-06-25 16:17:23,465 [INFO] ApiDb:427 - User favorites MCUs=[]
2023-06-25 16:17:23,465 [INFO] DbMcus:222 - Set 0 / 0 favorites MCUs
2023-06-25 16:17:23,962 [INFO] ApiDb:668 - CubeFinder database Data Model version=2.1
2023-06-25 16:17:23,962 [INFO] ApiDb:669 - CubeFinder database Configuration version=3.0.35
2023-06-25 16:17:23,963 [INFO] ApiDb:670 - CubeFinder database generation date=2023-05-12 (1683877179)
2023-06-25 16:17:23,963 [INFO] ApiDb:671 - CubeFinder database FW Pack versions=[FP-ATR-ASTRA1_V2.0.0, FP-SNS-FLIGHT1_V5.0.0, FP-SNS-MOTENV1_V4.3.0, STM32Cube_FW_C0_V1.0.1, STM32Cube_FW_F0_V1.11.4, STM32Cube_FW_F3_V1.11.4, STM32Cube_FW_F4_V1.27.1, STM32Cube_FW_F7_V1.17.0, STM32Cube_FW_G0_V1.6.1, STM32Cube_FW_G4_V1.5.1, STM32Cube_FW_H5_V0.5.1, STM32Cube_FW_H5_V1.0.0, STM32Cube_FW_H7_V1.11.0, STM32Cube_FW_L0_V1.12.2, STM32Cube_FW_L5_V1.5.0, STM32Cube_FW_U5_V1.2.0, STM32Cube_FW_WBA_V1.0.0, STM32Cube_FW_WBA_V1.0.0RC1, STM32Cube_FW_WBA_V1.0.0RC3, STM32Cube_FW_WB_V1.15.0RC1, STM32Cube_FW_WB_V1.16.0, STM32Cube_FW_WB_V1.16.0RC2, STM32Cube_FW_WL_V1.3.0, X-CUBE-ALGOBUILD_V1.3.0, X-CUBE-ALS_V1.0.1, X-CUBE-AZRTOS-F4_V1.1.0, X-CUBE-AZRTOS-F7_V1.1.0, X-CUBE-AZRTOS-G0_V1.1.0, X-CUBE-AZRTOS-G4_V2.0.0, X-CUBE-AZRTOS-H7_V3.1.0, X-CUBE-AZRTOS-L4_V1.0.0, X-CUBE-AZRTOS-L5_V1.1.0, X-CUBE-AZRTOS-WB_V1.1.0, X-CUBE-AZRTOS-WL_V1.0.0, X-CUBE-BLE1_V6.2.4, X-CUBE-BLE2_V3.3.0, X-CUBE-BLEMGR_V2.0.0, X-CUBE-EEPRMA1_V4.1.0, X-CUBE-FREERTOS_V1.0.1, X-CUBE-GNSS1_V6.0.0, X-CUBE-MEMS1_V9.1.0, X-CUBE-MEMS1_V9.4.0, X-CUBE-MEMS1_V9.6.0, X-CUBE-NFC4_V3.0.0, X-CUBE-NFC7_V1.0.0, X-CUBE-SFXS2LP1_V4.0.0, X-CUBE-SUBG2_V5.0.0]
2023-06-25 16:17:24,095 [INFO] DbBoardsSqlite:226 - include board P-NUCLEO-WB55-NUCLEO as a kit item of type 'Nucleo-64'
2023-06-25 16:17:24,095 [INFO] DbBoardsSqlite:226 - include board P-NUCLEO-WB55-USBDONGLE as a kit item of type 'Nucleo USB Dongle'
2023-06-25 16:17:24,096 [INFO] DbBoardsSqlite:226 - include board STEVAL-IDP005V1 as a kit item of type 'Evaluation Board'
2023-06-25 16:17:24,096 [INFO] DbBoardsSqlite:226 - include board STEVAL-IDP005V2 as a kit item of type 'Evaluation Board'
2023-06-25 16:17:24,225 [INFO] ApiDb:240 - Found 297 in-development CPN: [B-G473E-ZEST1S, B-WB1M-WPAN1, B-WL5M-SUBG1, NUCLEO-C031C6, NUCLEO-H503RB, NUCLEO-H563ZI, NUCLEO-U545RE-Q, NUCLEO-U5A5ZJ-Q, NUCLEO-WBA52CG, STEVAL-PROTEUS1, STEVAL-STWINBX1, STM320518-EVAL, STM32C0116-DK, STM32C011D6Y3TR, STM32C011D6Y6TR, STM32C011F4P3, STM32C011F4P6, STM32C011F4U3, STM32C011F4U6TR, STM32C011F6P3, STM32C011F6P6, STM32C011F6U3, STM32C011F6U6TR, STM32C011J4M3, STM32C011J4M6, STM32C011J6M3, STM32C011J6M6, STM32C0316-DK, STM32C031C4T3, STM32C031C4T6, STM32C031C4U3, STM32C031C4U6, STM32C031C6T3, STM32C031C6T6, STM32C031C6U3, STM32C031C6U6, STM32C031F4P3, STM32C031F4P6, STM32C031F6P3, STM32C031F6P6, STM32C031G4U3, STM32C031G4U6, STM32C031G6U3, STM32C031G6U6, STM32C031K4T3, STM32C031K4T6, STM32C031K4U3, STM32C031K4U6, STM32C031K6T3, STM32C031K6T6, STM32C031K6U3, STM32C031K6U6, STM32G071K8TXN, STM32G071K8UXN, STM32G081GBU6N, STM32G081KBT6N, STM32G081KBUXN, STM32G0B1CCT6N, STM32G0B1KCT6, STM32G0B1NEY6TR, STM32G0B1RCT6N, STM32G0C1CCT6, STM32G0C1CCT6N, STM32G0C1CCU6N, STM32G0C1CET6N, STM32G0C1CEU6N, STM32G0C1KCT6, STM32G0C1NEY6TR, STM32G0C1RCI6N, STM32G0C1RCT6N, STM32G0C1REI6N, STM32G0C1RET6N, STM32G0C1VCI6, STM32G0C1VEI6, STM32G471CCT6, STM32G471CCU6, STM32G471CET3, STM32G471CET6, STM32G471CEU3, STM32G471CEU6, STM32G471MCT6, STM32G471MET3, STM32G471MET6, STM32G471MEY6TR, STM32G471QCT6, STM32G471QET3, STM32G471RCT6, STM32G471RET3, STM32G471RET6, STM32G471VCH6, STM32G471VCI6, STM32G471VCT6, STM32G471VEH3, STM32G471VEH6, STM32G471VEI3, STM32G471VEI6, STM32G471VET3, STM32G471VET6, STM32G474CCT6, STM32H503CBT6, STM32H503CBU6, STM32H503EBY6TR, STM32H503KBU6, STM32H503RBT6, STM32H562AGI6, STM32H562AII6, STM32H562IGK6, STM32H562IGT6, STM32H562IIK6, STM32H562IIT6, STM32H562RGT6, STM32H562RGV6, STM32H562RIT6, STM32H562RIV6, STM32H562VGT6, STM32H562VIT6, STM32H562ZGT6, STM32H562ZIT6, STM32H563AGI6, STM32H563AII3Q, STM32H563AII6, STM32H563IGK6, STM32H563IGT6, STM32H563IIK3Q, STM32H563IIK6, STM32H563IIT3Q, STM32H563IIT6, STM32H563MIY3QTR, STM32H563RGT6, STM32H563RGV6, STM32H563RIT6, STM32H563RIV6, STM32H563VGT6, STM32H563VIT3Q, STM32H563VIT6, STM32H563ZGT6, STM32H563ZIT3Q, STM32H563ZIT6, STM32H573AII3Q, STM32H573AII6, STM32H573I-DK, STM32H573IIK3Q, STM32H573IIK6, STM32H573IIT3Q, STM32H573IIT6, STM32H573MIY3QTR, STM32H573RIT6, STM32H573RIV6, STM32H573VIT3Q, STM32H573VIT6, STM32H573ZIT3Q, STM32H573ZIT6, STM32L4R5QGI6STR, STM32MP131AAE3, STM32MP131AAF3, STM32MP131AAG3, STM32MP131CAE3, STM32MP131CAF3, STM32MP131CAG3, STM32MP131DAE7, STM32MP131DAF7, STM32MP131DAG7, STM32MP131FAE7, STM32MP131FAF7, STM32MP131FAG7, STM32MP133AAE3, STM32MP133AAF3, STM32MP133AAG3, STM32MP133CAE3, STM32MP133CAF3, STM32MP133CAG3, STM32MP133DAE7, STM32MP133DAF7, STM32MP133DAG7, STM32MP133FAE7, STM32MP133FAF7, STM32MP133FAG7, STM32MP135AAE3, STM32MP135AAF3, STM32MP135AAG3, STM32MP135CAE3, STM32MP135CAF3, STM32MP135CAG3, STM32MP135DAE7, STM32MP135DAF7, STM32MP135DAG7, STM32MP135F-DK, STM32MP135FAE7, STM32MP135FAF7, STM32MP135FAF7T, STM32MP135FAF7U, STM32MP135FAG7, STM32U535CBT6, STM32U535CBT6Q, STM32U535CBU6, STM32U535CBU6Q, STM32U535CCT6, STM32U535CCT6Q, STM32U535CCU6, STM32U535CCU6Q, STM32U535CET6, STM32U535CET6Q, STM32U535CEU6, STM32U535CEU6Q, STM32U535JEY6QTR, STM32U535NCY6QTR, STM32U535NEY6QTR, STM32U535RBI6, STM32U535RBI6Q, STM32U535RBT6, STM32U535RBT6Q, STM32U535RCI6, STM32U535RCI6Q, STM32U535RCT6, STM32U535RCT6Q, STM32U535REI6, STM32U535REI6Q, STM32U535RET6, STM32U535RET6Q, STM32U535VCI6, STM32U535VCI6Q, STM32U535VCT6, STM32U535VCT6Q, STM32U535VEI6, STM32U535VEI6Q, STM32U535VET6, STM32U535VET6Q, STM32U545CET6, STM32U545CET6Q, STM32U545CEU6, STM32U545CEU6Q, STM32U545JEY6QTR, STM32U545NEY6QTR, STM32U545REI6, STM32U545REI6Q, STM32U545RET6, STM32U545RET6Q, STM32U545VEI6, STM32U545VEI6Q, STM32U545VET6, STM32U545VET6Q, STM32U595AIH6, STM32U595AIH6Q, STM32U595AJH6, STM32U595AJH6Q, STM32U595QII6, STM32U595QII6Q, STM32U595QJI6, STM32U595QJI6Q, STM32U595RIT6, STM32U595RIT6Q, STM32U595RJT6, STM32U595RJT6Q, STM32U595VIT6, STM32U595VIT6Q, STM32U595VJT6, STM32U595VJT6Q, STM32U595ZIT6, STM32U595ZIT6Q, STM32U595ZIY6QTR, STM32U595ZJT6, STM32U595ZJT6Q, STM32U595ZJY6QTR, STM32U599BJY6QTR, STM32U599NIH6Q, STM32U599NJH6Q, STM32U599VIT6Q, STM32U599VJT6, STM32U599VJT6Q, STM32U599ZIT6Q, STM32U599ZIY6QTR, STM32U599ZJT6Q, STM32U599ZJY6QTR, STM32U5A5AJH6, STM32U5A5AJH6Q, STM32U5A5QJI6, STM32U5A5QJI6Q, STM32U5A5RJT6, STM32U5A5RJT6Q, STM32U5A5VJT6, STM32U5A5VJT6Q, STM32U5A5ZJT6, STM32U5A5ZJT6Q, STM32U5A5ZJY6QTR, STM32U5A9BJY6QTR, STM32U5A9J-DK, STM32U5A9NJH6Q, STM32U5A9VJT6Q, STM32U5A9ZJT6Q, STM32U5A9ZJY6QTR, STM32WB1MMCH6, STM32WBA52CEU6, STM32WBA52CEU6T, STM32WBA52CGU6, STM32WBA52CGU6T, STM32WL5MOCH6, STM32WL5MOCH6TR]
2023-06-25 16:17:24,576 [INFO] BoardInfo:880 - No configuration file found for board P-NUCLEO-WB55
2023-06-25 16:17:24,577 [INFO] DbBoards:157 - Kit is not supported: P-NUCLEO-WB55
2023-06-25 16:17:24,592 [INFO] BoardInfo:880 - No configuration file found for board STEVAL-BFA001V1B
2023-06-25 16:17:24,592 [INFO] DbBoards:157 - Kit is not supported: STEVAL-BFA001V1B
2023-06-25 16:17:24,597 [INFO] BoardInfo:880 - No configuration file found for board STEVAL-BFA001V2B
2023-06-25 16:17:24,597 [INFO] DbBoards:157 - Kit is not supported: STEVAL-BFA001V2B
2023-06-25 16:17:25,021 [INFO] DbBoards:161 - Found 187 boards, 184 are supported
2023-06-25 16:17:25,029 [INFO] ApiDb:423 - Load user favorites file C:\Users\Minh/.stm32cubeide/favorites.boards.txt: 1 item(s)
2023-06-25 16:17:25,030 [INFO] ApiDb:427 - User favorites Boards=[STM32F407G-DISC1]
2023-06-25 16:17:25,031 [INFO] DbBoards:190 - Set 1 / 1 favorites Boards
2023-06-25 16:17:25,040 [INFO] ApiDb:668 - CubeFinder database Data Model version=2.1
2023-06-25 16:17:25,040 [INFO] ApiDb:669 - CubeFinder database Configuration version=3.0.35
2023-06-25 16:17:25,040 [INFO] ApiDb:670 - CubeFinder database generation date=2023-05-12 (1683877179)
2023-06-25 16:17:25,041 [INFO] ApiDb:671 - CubeFinder database FW Pack versions=[FP-ATR-ASTRA1_V2.0.0, FP-SNS-FLIGHT1_V5.0.0, FP-SNS-MOTENV1_V4.3.0, STM32Cube_FW_C0_V1.0.1, STM32Cube_FW_F0_V1.11.4, STM32Cube_FW_F3_V1.11.4, STM32Cube_FW_F4_V1.27.1, STM32Cube_FW_F7_V1.17.0, STM32Cube_FW_G0_V1.6.1, STM32Cube_FW_G4_V1.5.1, STM32Cube_FW_H5_V0.5.1, STM32Cube_FW_H5_V1.0.0, STM32Cube_FW_H7_V1.11.0, STM32Cube_FW_L0_V1.12.2, STM32Cube_FW_L5_V1.5.0, STM32Cube_FW_U5_V1.2.0, STM32Cube_FW_WBA_V1.0.0, STM32Cube_FW_WBA_V1.0.0RC1, STM32Cube_FW_WBA_V1.0.0RC3, STM32Cube_FW_WB_V1.15.0RC1, STM32Cube_FW_WB_V1.16.0, STM32Cube_FW_WB_V1.16.0RC2, STM32Cube_FW_WL_V1.3.0, X-CUBE-ALGOBUILD_V1.3.0, X-CUBE-ALS_V1.0.1, X-CUBE-AZRTOS-F4_V1.1.0, X-CUBE-AZRTOS-F7_V1.1.0, X-CUBE-AZRTOS-G0_V1.1.0, X-CUBE-AZRTOS-G4_V2.0.0, X-CUBE-AZRTOS-H7_V3.1.0, X-CUBE-AZRTOS-L4_V1.0.0, X-CUBE-AZRTOS-L5_V1.1.0, X-CUBE-AZRTOS-WB_V1.1.0, X-CUBE-AZRTOS-WL_V1.0.0, X-CUBE-BLE1_V6.2.4, X-CUBE-BLE2_V3.3.0, X-CUBE-BLEMGR_V2.0.0, X-CUBE-EEPRMA1_V4.1.0, X-CUBE-FREERTOS_V1.0.1, X-CUBE-GNSS1_V6.0.0, X-CUBE-MEMS1_V9.1.0, X-CUBE-MEMS1_V9.4.0, X-CUBE-MEMS1_V9.6.0, X-CUBE-NFC4_V3.0.0, X-CUBE-NFC7_V1.0.0, X-CUBE-SFXS2LP1_V4.0.0, X-CUBE-SUBG2_V5.0.0]
2023-06-25 16:17:27,140 [INFO] DbExamplesSqlite:376 - Ignored 45 examples not supported by CubeIDE
2023-06-25 16:17:27,141 [INFO] DbExamplesSqlite:377 - Found 7342 examples active
2023-06-25 16:17:27,141 [INFO] DbExamplesSqlite:378 - Found 1107 examples obsolete
2023-06-25 16:17:27,142 [INFO] DbExamplesSqlite:379 - Found 0 examples under development
2023-06-25 16:17:27,142 [INFO] DbExamplesSqlite:380 - Found 77 examples not building
2023-06-25 16:17:27,146 [INFO] DbExamples:125 - Found 7374 examples
2023-06-25 16:17:27,168 [INFO] DbExamples:222 - Found 92 boards with related examples
2023-06-25 16:17:27,170 [INFO] DbExamples:235 - Found 78 MCUs with related examples
2023-06-25 16:17:27,224 [INFO] ApiDb:423 - Load user favorites file C:\Users\Minh/.stm32cubeide/favorites.examples.txt: 0 item(s)
2023-06-25 16:17:27,224 [INFO] ApiDb:427 - User favorites Examples=[]
2023-06-25 16:17:27,225 [INFO] DbExamples:250 - Set 0 / 0 favorites Examples
2023-06-25 16:17:27,941 [INFO] McuFinderGlobals:66 - Set McuFinderConnectedMode to true
2023-06-25 16:17:27,962 [INFO] MultiScanPanel:200 - Auto-refresh data requested => check proxy status ongoing
2023-06-25 16:17:27,970 [INFO] FinderPluginLoader:95 - Searching for filters in installed packs
2023-06-25 16:17:32,088 [INFO] LoadUrlFilesThread:185 - End of LoadServerUrlFiles without Thread
2023-06-25 16:17:32,121 [INFO] DetailPanel:341 - Set advertising image to C:/Users/Minh/STM32Cube/Repository/\en.prom-stm32h5-mcu-finder.jpg
2023-06-25 16:17:34,829 [INFO] ToolPreferences:110 - Table McuList, key=mcufinder_cubeide.mculist: column name not found=IO
2023-06-25 16:17:34,830 [INFO] ToolPreferences:110 - Table McuList, key=mcufinder_cubeide.mculist: column name not found=Freq.
2023-06-25 16:17:40,737 [INFO] MultiScanPanel:200 - Auto-refresh data requested => check proxy status ongoing
2023-06-25 16:17:41,000 [INFO] LoadUrlFilesThread:185 - End of LoadServerUrlFiles without Thread
2023-06-25 16:17:41,001 [INFO] DetailPanel:341 - Set advertising image to C:/Users/Minh/STM32Cube/Repository/\en.prom-stm32h5-mcu-finder.jpg
2023-06-25 16:17:41,033 [INFO] DbBoards:634 - Loading board mini-images...
2023-06-25 16:17:45,956 [INFO] DbBoards:657 - Loaded 187 board mini-images
2023-06-25 16:18:45,401 [INFO] McuFinderGlobals:66 - Set McuFinderConnectedMode to true
2023-06-25 16:18:45,405 [INFO] ApiDb:448 - Save user favorites file C:\Users\Minh/.stm32cubeide/favorites.mcus.txt: 0 item(s)
2023-06-25 16:18:45,406 [INFO] ApiDb:452 - User favorites MCUs=[]
2023-06-25 16:18:45,408 [INFO] ApiDb:448 - Save user favorites file C:\Users\Minh/.stm32cubeide/favorites.boards.txt: 1 item(s)
2023-06-25 16:18:45,409 [INFO] ApiDb:452 - User favorites Boards=[STM32F407G-DISC1]
