2023-05-14 08:49:32,305 [INFO] Activator:176 - 


2023-05-14 08:49:32,319 [INFO] Activator:177 - !SESSION log4j initialized
2023-05-14 08:49:44,269 [INFO] LogOutputStream:77 - [STDOUT_REDIRECT] 
2023-05-14 09:30:05,095 [ERROR] LogOutputStream:75 - [STDERR_REDIRECT] SLF4J: Failed to load class "org.slf4j.impl.StaticLoggerBinder".
2023-05-14 09:30:05,096 [ERROR] LogOutputStream:75 - [STDERR_REDIRECT] SLF4J: Defaulting to no-operation (NOP) logger implementation
2023-05-14 09:30:05,099 [ERROR] LogOutputStream:75 - [STDERR_REDIRECT] SLF4J: See http://www.slf4j.org/codes.html#StaticLoggerBinder for further details.
2023-05-14 10:00:58,245 [INFO] ApplicationProperties:184 - Using Application install path: C:\ST\STM32CubeIDE_1.4.0\STM32CubeIDE\plugins\com.st.stm32cube.common.mx_6.8.1.202304191431
2023-05-14 10:00:58,289 [INFO] DbMcusXml:78 - Set database path to: C:\ST\STM32CubeIDE_1.4.0\STM32CubeIDE\plugins\com.st.stm32cube.common.mx_6.8.1.202304191431\\db\/mcu/
2023-05-14 10:00:58,290 [INFO] ApiDb:274 - Set plugin database path to: C:\ST\STM32CubeIDE_1.4.0\STM32CubeIDE\plugins\com.st.stm32cube.common.mx_6.8.1.202304191431\\db\/plugins/boardmanager/
2023-05-14 10:00:58,294 [WARN] ApiDb:259 - Overriding images path with different value:  => C:\ST\STM32CubeIDE_1.4.0\STM32CubeIDE\plugins\com.st.stm32cube.common.mx_6.8.1.202304191431\\db\/plugins/mcufinder/images/
2023-05-14 10:00:58,323 [INFO] ApiDb:250 - Set database path to: C:\Users\Minh\.stmcufinder\plugins\mcufinder//mcu/
2023-05-14 10:00:58,326 [INFO] DbMcusAds:125 - Set database path to: C:\Users\Minh\.stmcufinder\plugins\mcufinder//mcu/
2023-05-14 10:00:59,004 [INFO] CrossReferenceDbSqlite:203 - Set database path to: C:\Users\Minh\.stmcufinder\plugins\mcufinder//mcu/cs/
2023-05-14 10:00:59,205 [INFO] RulesReader:64 - Compatibility file has been processed (293 Rules)
2023-05-14 10:00:59,349 [INFO] DbMcusXml:78 - Set database path to: C:\ST\STM32CubeIDE_1.4.0\STM32CubeIDE\plugins\com.st.stm32cube.common.mx_6.8.1.202304191431\\db\/mcu/
2023-05-14 10:00:59,349 [INFO] ApiDb:274 - Set plugin database path to: C:\ST\STM32CubeIDE_1.4.0\STM32CubeIDE\plugins\com.st.stm32cube.common.mx_6.8.1.202304191431\\db\/plugins/boardmanager/
2023-05-14 10:00:59,350 [INFO] ApiDb:261 - Set plugin images path to: C:\ST\STM32CubeIDE_1.4.0\STM32CubeIDE\plugins\com.st.stm32cube.common.mx_6.8.1.202304191431\\db\/plugins/mcufinder/images/
2023-05-14 10:00:59,351 [WARN] DbFile:41 - Overriding database path with different value: C:\Users\Minh\.stmcufinder\plugins\mcufinder/ => C:\Users\Minh\.stmcufinder\plugins\mcufinder
2023-05-14 10:00:59,351 [INFO] ApiDb:250 - Set database path to: C:\Users\Minh\.stmcufinder\plugins\mcufinder//mcu/
2023-05-14 10:00:59,351 [WARN] DbFile:41 - Overriding database path with different value: C:\Users\Minh\.stmcufinder\plugins\mcufinder/ => C:\Users\Minh\.stmcufinder\plugins\mcufinder
2023-05-14 10:00:59,351 [INFO] DbMcusAds:125 - Set database path to: C:\Users\Minh\.stmcufinder\plugins\mcufinder//mcu/
2023-05-14 10:00:59,351 [WARN] DbFile:41 - Overriding database path with different value: C:\Users\Minh\.stmcufinder\plugins\mcufinder/ => C:\Users\Minh\.stmcufinder\plugins\mcufinder
2023-05-14 10:00:59,352 [WARN] DbFile:41 - Overriding database path with different value: C:\Users\Minh\.stmcufinder\plugins\mcufinder/ => C:\Users\Minh\.stmcufinder\plugins\mcufinder
2023-05-14 10:00:59,352 [INFO] CrossReferenceDbSqlite:203 - Set database path to: C:\Users\Minh\.stmcufinder\plugins\mcufinder//mcu/cs/
2023-05-14 10:00:59,496 [INFO] MainPanel:253 - HeapMemory: 581959680
2023-05-14 10:00:59,674 [INFO] DbMcusXml:78 - Set database path to: C:\ST\STM32CubeIDE_1.4.0\STM32CubeIDE\plugins\com.st.stm32cube.common.mx_6.8.1.202304191431\\db\/mcu/
2023-05-14 10:00:59,674 [INFO] ApiDb:274 - Set plugin database path to: C:\ST\STM32CubeIDE_1.4.0\STM32CubeIDE\plugins\com.st.stm32cube.common.mx_6.8.1.202304191431\\db\/plugins/boardmanager/
2023-05-14 10:00:59,675 [INFO] ApiDb:261 - Set plugin images path to: C:\ST\STM32CubeIDE_1.4.0\STM32CubeIDE\plugins\com.st.stm32cube.common.mx_6.8.1.202304191431\\db\/plugins/mcufinder/images/
2023-05-14 10:00:59,676 [WARN] DbFile:41 - Overriding database path with different value: C:\Users\Minh\.stmcufinder\plugins\mcufinder/ => C:\Users\Minh\.stmcufinder\plugins\mcufinder
2023-05-14 10:00:59,677 [INFO] ApiDb:250 - Set database path to: C:\Users\Minh\.stmcufinder\plugins\mcufinder//mcu/
2023-05-14 10:00:59,677 [WARN] DbFile:41 - Overriding database path with different value: C:\Users\Minh\.stmcufinder\plugins\mcufinder/ => C:\Users\Minh\.stmcufinder\plugins\mcufinder
2023-05-14 10:00:59,677 [INFO] DbMcusAds:125 - Set database path to: C:\Users\Minh\.stmcufinder\plugins\mcufinder//mcu/
2023-05-14 10:00:59,677 [WARN] DbFile:41 - Overriding database path with different value: C:\Users\Minh\.stmcufinder\plugins\mcufinder/ => C:\Users\Minh\.stmcufinder\plugins\mcufinder
2023-05-14 10:00:59,677 [WARN] DbFile:41 - Overriding database path with different value: C:\Users\Minh\.stmcufinder\plugins\mcufinder/ => C:\Users\Minh\.stmcufinder\plugins\mcufinder
2023-05-14 10:00:59,677 [INFO] CrossReferenceDbSqlite:203 - Set database path to: C:\Users\Minh\.stmcufinder\plugins\mcufinder//mcu/cs/
2023-05-14 10:00:59,718 [INFO] ApplicationProperties:184 - Using Application install path: C:\ST\STM32CubeIDE_1.4.0\STM32CubeIDE\plugins\com.st.stm32cube.common.mx_6.8.1.202304191431
2023-05-14 10:00:59,722 [INFO] PluginManage:196 - Search for loadable plugins [exclusion list=, ]
2023-05-14 10:00:59,725 [INFO] PluginManage:310 - Check plugin analytics
2023-05-14 10:01:04,687 [INFO] AnalyticsPlugin:253 - Accepted Software Licenses: STM32CubeMX.6.0.0,STM32CubeMX.5.2.0
2023-05-14 10:01:04,688 [INFO] AnalyticsPlugin:255 - Accepted CMSIS Pack Licenses: 
2023-05-14 10:01:04,688 [INFO] AnalyticsPlugin:257 - Accepted Firmware Licenses: 
2023-05-14 10:01:04,703 [INFO] PluginManage:359 - Loaded plugin analytics (category:tool,tabindex:-1)
2023-05-14 10:01:04,703 [INFO] PluginManage:310 - Check plugin cadmodel
2023-05-14 10:01:04,736 [INFO] CADModel:105 - Init CAD model plugin
2023-05-14 10:01:04,736 [INFO] PluginManage:359 - Loaded plugin cadmodel (category:power,tabindex:5)
2023-05-14 10:01:04,737 [INFO] PluginManage:310 - Check plugin clock
2023-05-14 10:01:04,783 [INFO] PluginManage:359 - Loaded plugin clock (category:base,tabindex:2)
2023-05-14 10:01:04,783 [INFO] PluginManage:310 - Check plugin ddr
2023-05-14 10:01:04,788 [INFO] PluginManage:359 - Loaded plugin ddr (category:tool,tabindex:6)
2023-05-14 10:01:04,789 [INFO] PluginManage:310 - Check plugin filemanager
2023-05-14 10:01:05,053 [INFO] PluginManage:359 - Loaded plugin filemanager (category:base,tabindex:10)
2023-05-14 10:01:05,053 [INFO] PluginManage:310 - Check plugin ipmanager
2023-05-14 10:01:05,068 [INFO] PluginManage:359 - Loaded plugin ipmanager (category:base,tabindex:5)
2023-05-14 10:01:05,068 [INFO] PluginManage:310 - Check plugin lpbam
2023-05-14 10:01:05,104 [INFO] PluginManage:359 - Loaded plugin lpbam (category:base,tabindex:0)
2023-05-14 10:01:05,104 [INFO] PluginManage:310 - Check plugin pinoutandconfiguration
2023-05-14 10:01:05,138 [INFO] PluginManage:359 - Loaded plugin pinoutandconfiguration (category:base,tabindex:1)
2023-05-14 10:01:05,138 [INFO] PluginManage:310 - Check plugin pinoutconfig
2023-05-14 10:01:05,300 [WARN] SupportedApi:132 - Cannot load RTOS API schema: s4s-elt-must-match.1: The content of 'definitions' must match (annotation?, (simpleType | complexType)?, (unique | key | keyref)*)). A problem was found starting at: attribute.
2023-05-14 10:01:05,578 [INFO] PluginManage:359 - Loaded plugin pinoutconfig (category:base,tabindex:0)
2023-05-14 10:01:05,579 [INFO] PluginManage:310 - Check plugin power
2023-05-14 10:01:05,623 [INFO] PluginManage:359 - Loaded plugin power (category:power,tabindex:4)
2023-05-14 10:01:05,623 [INFO] PluginManage:310 - Check plugin projectmanager
2023-05-14 10:01:05,654 [INFO] PluginManage:359 - Loaded plugin projectmanager (category:projectmanager,tabindex:3)
2023-05-14 10:01:05,655 [INFO] PluginManage:310 - Check plugin thirdparty
2023-05-14 10:01:06,116 [INFO] PluginManage:359 - Loaded plugin thirdparty (category:base,tabindex:-1)
2023-05-14 10:01:06,116 [WARN] IntegrityCheckThread:84 - waiting for thirdparty lock release [integrity check]
2023-05-14 10:01:06,117 [INFO] PluginManage:310 - Check plugin tools
2023-05-14 10:01:06,117 [INFO] IntegrityCheckThread:86 - entering critical section [integrity check]
2023-05-14 10:01:06,121 [INFO] ThirdPartyUpdaterWithRetryManager:70 - Updater plugin not ready yet. [1/15]
2023-05-14 10:01:06,178 [INFO] PluginManage:359 - Loaded plugin tools (category:base,tabindex:7)
2023-05-14 10:01:06,178 [INFO] PluginManage:310 - Check plugin tutovideos
2023-05-14 10:01:06,640 [INFO] PluginManage:359 - Loaded plugin tutovideos (category:base,tabindex:-1)
2023-05-14 10:01:06,641 [INFO] PluginManage:310 - Check plugin updater
2023-05-14 10:01:06,671 [INFO] PluginManage:359 - Loaded plugin updater (category:base,tabindex:12)
2023-05-14 10:01:06,672 [INFO] PluginManage:283 - PluginManage : Loaded plugins [15]
2023-05-14 10:01:07,178 [INFO] PinOutPanel:1499 - setPackage(No Configuration,No Configuration)
2023-05-14 10:01:07,307 [INFO] CADModel:165 - CPN selected for project level
2023-05-14 10:01:07,308 [INFO] CADModel:114 - Register for checkConnection events
2023-05-14 10:01:07,374 [INFO] IPUIPlugin:80 - create IPUIPlugin
2023-05-14 10:01:07,375 [INFO] PluginManager:220 - loadIPPluginJar : add adc
2023-05-14 10:01:07,461 [INFO] IPUIPlugin:80 - create IPUIPlugin
2023-05-14 10:01:07,462 [INFO] PluginManager:220 - loadIPPluginJar : add aes
2023-05-14 10:01:07,545 [INFO] IPUIPlugin:80 - create IPUIPlugin
2023-05-14 10:01:07,546 [INFO] PluginManager:220 - loadIPPluginJar : add can
2023-05-14 10:01:07,599 [INFO] IPUIPlugin:80 - create IPUIPlugin
2023-05-14 10:01:07,599 [INFO] PluginManager:220 - loadIPPluginJar : add comp
2023-05-14 10:01:07,679 [INFO] IPUIPlugin:80 - create IPUIPlugin
2023-05-14 10:01:07,679 [INFO] PluginManager:220 - loadIPPluginJar : add cryp
2023-05-14 10:01:07,749 [INFO] IPUIPlugin:80 - create IPUIPlugin
2023-05-14 10:01:07,749 [INFO] PluginManager:220 - loadIPPluginJar : add dfsdm
2023-05-14 10:01:07,783 [INFO] IPUIPlugin:80 - create IPUIPlugin
2023-05-14 10:01:07,785 [INFO] PluginManager:220 - loadIPPluginJar : add dma
2023-05-14 10:01:07,894 [INFO] IPUIPlugin:80 - create IPUIPlugin
2023-05-14 10:01:07,894 [INFO] PluginManager:220 - loadIPPluginJar : add dma3
2023-05-14 10:01:07,938 [INFO] IPUIPlugin:80 - create IPUIPlugin
2023-05-14 10:01:07,938 [INFO] PluginManager:220 - loadIPPluginJar : add fatfs
2023-05-14 10:01:08,030 [INFO] IPUIPlugin:80 - create IPUIPlugin
2023-05-14 10:01:08,030 [INFO] PluginManager:220 - loadIPPluginJar : add fmc
2023-05-14 10:01:08,068 [INFO] IPUIPlugin:80 - create IPUIPlugin
2023-05-14 10:01:08,068 [INFO] PluginManager:220 - loadIPPluginJar : add freertos
2023-05-14 10:01:08,113 [INFO] IPUIPlugin:80 - create IPUIPlugin
2023-05-14 10:01:08,113 [INFO] PluginManager:220 - loadIPPluginJar : add genericplugin
2023-05-14 10:01:08,311 [INFO] IPUIPlugin:80 - create IPUIPlugin
2023-05-14 10:01:08,311 [INFO] PluginManager:220 - loadIPPluginJar : add gfxmmu
2023-05-14 10:01:08,615 [INFO] IPUIPlugin:80 - create IPUIPlugin
2023-05-14 10:01:08,615 [INFO] PluginManager:220 - loadIPPluginJar : add gic
2023-05-14 10:01:08,641 [INFO] IPUIPlugin:80 - create IPUIPlugin
2023-05-14 10:01:08,642 [INFO] PluginManager:220 - loadIPPluginJar : add gpio
2023-05-14 10:01:08,817 [INFO] IPUIPlugin:80 - create IPUIPlugin
2023-05-14 10:01:08,817 [INFO] PluginManager:220 - loadIPPluginJar : add gtzc
2023-05-14 10:01:08,879 [INFO] IPUIPlugin:80 - create IPUIPlugin
2023-05-14 10:01:08,879 [INFO] PluginManager:220 - loadIPPluginJar : add hash
2023-05-14 10:01:08,979 [INFO] IPUIPlugin:80 - create IPUIPlugin
2023-05-14 10:01:08,979 [INFO] PluginManager:220 - loadIPPluginJar : add i2c
2023-05-14 10:01:09,057 [INFO] IPUIPlugin:80 - create IPUIPlugin
2023-05-14 10:01:09,058 [INFO] PluginManager:220 - loadIPPluginJar : add i2s
2023-05-14 10:01:09,134 [INFO] ThirdPartyUpdaterWithRetryManager:70 - Updater plugin not ready yet. [2/15]
2023-05-14 10:01:09,139 [INFO] IPUIPlugin:80 - create IPUIPlugin
2023-05-14 10:01:09,139 [INFO] PluginManager:220 - loadIPPluginJar : add i3c
2023-05-14 10:01:09,319 [INFO] IPUIPlugin:80 - create IPUIPlugin
2023-05-14 10:01:09,319 [INFO] PluginManager:220 - loadIPPluginJar : add ipddr
2023-05-14 10:01:09,494 [INFO] IPUIPlugin:80 - create IPUIPlugin
2023-05-14 10:01:09,494 [INFO] PluginManager:220 - loadIPPluginJar : add linkedlist
2023-05-14 10:01:09,563 [INFO] IPUIPlugin:80 - create IPUIPlugin
2023-05-14 10:01:09,564 [INFO] PluginManager:220 - loadIPPluginJar : add lorawan
2023-05-14 10:01:09,624 [INFO] IPUIPlugin:80 - create IPUIPlugin
2023-05-14 10:01:09,624 [INFO] PluginManager:220 - loadIPPluginJar : add ltdc
2023-05-14 10:01:09,648 [INFO] IPUIPlugin:80 - create IPUIPlugin
2023-05-14 10:01:09,648 [INFO] PluginManager:220 - loadIPPluginJar : add mdma
2023-05-14 10:01:09,669 [INFO] IPUIPlugin:80 - create IPUIPlugin
2023-05-14 10:01:09,670 [INFO] PluginManager:220 - loadIPPluginJar : add nvic
2023-05-14 10:01:09,744 [INFO] IPUIPlugin:80 - create IPUIPlugin
2023-05-14 10:01:09,744 [INFO] PluginManager:220 - loadIPPluginJar : add opamp
2023-05-14 10:01:09,859 [INFO] IPUIPlugin:80 - create IPUIPlugin
2023-05-14 10:01:09,860 [INFO] PluginManager:220 - loadIPPluginJar : add openamp
2023-05-14 10:01:09,946 [INFO] IPUIPlugin:80 - create IPUIPlugin
2023-05-14 10:01:09,946 [INFO] PluginManager:220 - loadIPPluginJar : add pdm2pcm
2023-05-14 10:01:09,978 [INFO] IPUIPlugin:80 - create IPUIPlugin
2023-05-14 10:01:09,984 [INFO] PluginManager:220 - loadIPPluginJar : add plateformsettings
2023-05-14 10:01:10,032 [INFO] IPUIPlugin:80 - create IPUIPlugin
2023-05-14 10:01:10,032 [INFO] PluginManager:220 - loadIPPluginJar : add quadspi
2023-05-14 10:01:10,056 [INFO] IPUIPlugin:80 - create IPUIPlugin
2023-05-14 10:01:10,056 [INFO] PluginManager:220 - loadIPPluginJar : add resmgrutility
2023-05-14 10:01:10,142 [INFO] IPUIPlugin:80 - create IPUIPlugin
2023-05-14 10:01:10,142 [INFO] PluginManager:220 - loadIPPluginJar : add sai
2023-05-14 10:01:10,209 [INFO] IPUIPlugin:80 - create IPUIPlugin
2023-05-14 10:01:10,209 [INFO] PluginManager:220 - loadIPPluginJar : add spi
2023-05-14 10:01:10,324 [INFO] IPUIPlugin:80 - create IPUIPlugin
2023-05-14 10:01:10,324 [INFO] PluginManager:220 - loadIPPluginJar : add stm32_wpan
2023-05-14 10:01:10,363 [INFO] IPUIPlugin:80 - create IPUIPlugin
2023-05-14 10:01:10,364 [INFO] PluginManager:220 - loadIPPluginJar : add tim
2023-05-14 10:01:10,460 [INFO] IPUIPlugin:80 - create IPUIPlugin
2023-05-14 10:01:10,460 [INFO] PluginManager:220 - loadIPPluginJar : add touchsensing
2023-05-14 10:01:10,501 [INFO] IPUIPlugin:80 - create IPUIPlugin
2023-05-14 10:01:10,502 [INFO] PluginManager:220 - loadIPPluginJar : add tracer_emb
2023-05-14 10:01:10,547 [INFO] IPUIPlugin:80 - create IPUIPlugin
2023-05-14 10:01:10,547 [INFO] PluginManager:220 - loadIPPluginJar : add ts
2023-05-14 10:01:10,590 [INFO] IPUIPlugin:80 - create IPUIPlugin
2023-05-14 10:01:10,590 [INFO] PluginManager:220 - loadIPPluginJar : add tsc
2023-05-14 10:01:10,628 [INFO] IPUIPlugin:80 - create IPUIPlugin
2023-05-14 10:01:10,629 [INFO] PluginManager:220 - loadIPPluginJar : add ucpd
2023-05-14 10:01:10,715 [INFO] IPUIPlugin:80 - create IPUIPlugin
2023-05-14 10:01:10,715 [INFO] PluginManager:220 - loadIPPluginJar : add usart
2023-05-14 10:01:10,799 [INFO] IPUIPlugin:80 - create IPUIPlugin
2023-05-14 10:01:10,799 [INFO] PluginManager:220 - loadIPPluginJar : add usbx
2023-05-14 10:01:10,974 [INFO] CADModel:165 - CPN selected for project level
2023-05-14 10:01:10,975 [INFO] CADModel:114 - Register for checkConnection events
2023-05-14 10:01:10,975 [FATAL] Updater:308 - Updater called before beeing initialized
2023-05-14 10:01:10,975 [ERROR] CADModel:125 - Updater not yet initialized, retry later 
2023-05-14 10:01:11,260 [INFO] CADModel:165 - CPN selected for project level
2023-05-14 10:01:11,261 [INFO] CADModel:114 - Register for checkConnection events
2023-05-14 10:01:11,261 [FATAL] Updater:308 - Updater called before beeing initialized
2023-05-14 10:01:11,261 [ERROR] CADModel:125 - Updater not yet initialized, retry later 
2023-05-14 10:01:11,268 [FATAL] Updater:308 - Updater called before beeing initialized
2023-05-14 10:01:11,476 [FATAL] Updater:308 - Updater called before beeing initialized
2023-05-14 10:01:11,494 [INFO] DbMcusAds:53 - JSON generation date=Tue Mar 07 17:50:55 JST 2023 (1678179055335)
2023-05-14 10:01:11,494 [FATAL] Updater:308 - Updater called before beeing initialized
2023-05-14 10:01:11,642 [WARN] DetailPanel:346 - Failed to get advertising image, set to default
2023-05-14 10:01:11,847 [FATAL] Updater:308 - Updater called before beeing initialized
2023-05-14 10:01:11,852 [FATAL] Updater:308 - Updater called before beeing initialized
2023-05-14 10:01:11,853 [FATAL] Updater:308 - Updater called before beeing initialized
2023-05-14 10:01:11,853 [WARN] DetailPanel:346 - Failed to get advertising image, set to default
2023-05-14 10:01:11,855 [FATAL] Updater:308 - Updater called before beeing initialized
2023-05-14 10:01:11,966 [ERROR] Updater:1120 - MainUpdater not yet initialized. External WinMGr cannot be set.
2023-05-14 10:01:11,986 [INFO] Updater:1056 - Updater Version found : 6.8.1
2023-05-14 10:01:12,024 [INFO] ApplicationProperties:184 - Using Application install path: C:\ST\STM32CubeIDE_1.4.0\STM32CubeIDE\plugins\com.st.stm32cube.common.mx_6.8.1.202304191431
2023-05-14 10:01:12,110 [INFO] MainUpdater:519 - Copy updater definitions from MX database
2023-05-14 10:01:12,141 [INFO] ThirdPartyUpdaterWithRetryManager:70 - Updater plugin not ready yet. [3/15]
2023-05-14 10:01:14,180 [INFO] MainUpdater:2854 - connection check result : 10
2023-05-14 10:01:14,182 [INFO] MainUpdater:3548 - Updater definition file requires update
2023-05-14 10:01:14,184 [INFO] MainUpdater:283 - Updater Check For Update Now.
2023-05-14 10:01:14,185 [INFO] MicroXplorer:498 - Change Database Version : DB.6.0.81
2023-05-14 10:01:14,311 [INFO] ServerAccessManage:473 - Download File updaters.zip
2023-05-14 10:01:14,438 [INFO] FileExtend:240 - Unzip File : updaters.zip
2023-05-14 10:01:14,439 [INFO] FileExtend:255 - Standard Zip Deflate
2023-05-14 10:01:14,962 [INFO] ServerAccessManage:473 - Download File PacksControlFlags.xml
2023-05-14 10:01:15,090 [INFO] ServerAccessManage:473 - Download File cubemx.pidx
2023-05-14 10:01:15,151 [WARN] MainUpdater:1187 - Updater busy. Cannot search thirdparties
2023-05-14 10:01:15,152 [INFO] ThirdPartyUpdaterWithRetryManager:96 - Updater plugin is busy. [1/15]
2023-05-14 10:01:15,644 [INFO] ServerAccessManage:473 - Download File STMicroelectronics.X-CUBE-AI.pdsc
2023-05-14 10:01:18,152 [WARN] MainUpdater:1187 - Updater busy. Cannot search thirdparties
2023-05-14 10:01:18,152 [INFO] ThirdPartyUpdaterWithRetryManager:96 - Updater plugin is busy. [2/15]
2023-05-14 10:01:21,154 [WARN] MainUpdater:1187 - Updater busy. Cannot search thirdparties
2023-05-14 10:01:21,154 [INFO] ThirdPartyUpdaterWithRetryManager:96 - Updater plugin is busy. [3/15]
2023-05-14 10:01:22,757 [INFO] ServerAccessManage:473 - Download File STMicroelectronics.X-CUBE-TOUCHGFX.pdsc
2023-05-14 10:01:24,169 [WARN] MainUpdater:1187 - Updater busy. Cannot search thirdparties
2023-05-14 10:01:24,170 [INFO] ThirdPartyUpdaterWithRetryManager:96 - Updater plugin is busy. [4/15]
2023-05-14 10:01:27,180 [WARN] MainUpdater:1187 - Updater busy. Cannot search thirdparties
2023-05-14 10:01:27,180 [INFO] ThirdPartyUpdaterWithRetryManager:96 - Updater plugin is busy. [5/15]
2023-05-14 10:01:30,195 [WARN] MainUpdater:1187 - Updater busy. Cannot search thirdparties
2023-05-14 10:01:30,195 [INFO] ThirdPartyUpdaterWithRetryManager:96 - Updater plugin is busy. [6/15]
2023-05-14 10:01:30,825 [WARN] PackLoader:240 - Cannot read IP mode file for STMicroelectronics.X-CUBE-AI.8.0.1
2023-05-14 10:01:30,834 [WARN] PackLoader:240 - Cannot read IP mode file for STMicroelectronics.X-CUBE-TOUCHGFX.4.21.4
2023-05-14 10:01:30,835 [INFO] PopulateThirdPartyThread:66 - Ending populate Thread
2023-05-14 10:01:30,842 [INFO] ThirdParty:1030 - CMSIS Pack Vendor :STMicroelectronics X-CUBE-TOUCHGFX 4.21.4
2023-05-14 10:01:30,842 [INFO] ThirdParty:1030 - CMSIS Pack Vendor :STMicroelectronics X-CUBE-AI 8.0.1
2023-05-14 10:01:30,842 [INFO] LoadServerUpdatesThread:373 - End of LoadServerUpdate Thread
2023-05-14 10:01:30,965 [INFO] CheckServerUpdateThread:120 - End of CheckServer Thread
2023-05-14 10:01:31,008 [INFO] MainUpdater:2854 - connection check result : 10
2023-05-14 10:01:31,050 [INFO] McuFinderGlobals:66 - Set McuFinderConnectedMode to true
2023-05-14 10:01:32,596 [INFO] ServerAccessManage:473 - Download File mcusAds.json._tmp_
2023-05-14 10:01:32,722 [INFO] LoadUrlFilesThread:156 - End of LoadUrlFiles Thread
2023-05-14 10:01:33,200 [WARN] MainUpdater:1187 - Updater busy. Cannot search thirdparties
2023-05-14 10:01:33,200 [INFO] ThirdPartyUpdaterWithRetryManager:96 - Updater plugin is busy. [7/15]
2023-05-14 10:01:33,211 [INFO] ServerAccessManage:473 - Download File cube-finder-db.zip
2023-05-14 10:01:36,203 [WARN] MainUpdater:1187 - Updater busy. Cannot search thirdparties
2023-05-14 10:01:36,203 [INFO] ThirdPartyUpdaterWithRetryManager:96 - Updater plugin is busy. [8/15]
2023-05-14 10:01:39,212 [WARN] MainUpdater:1187 - Updater busy. Cannot search thirdparties
2023-05-14 10:01:39,212 [INFO] ThirdPartyUpdaterWithRetryManager:96 - Updater plugin is busy. [9/15]
2023-05-14 10:01:40,422 [INFO] FileExtend:240 - Unzip File : cube-finder-db.zip
2023-05-14 10:01:40,422 [INFO] FileExtend:255 - Standard Zip Deflate
2023-05-14 10:01:41,388 [INFO] LoadUrlFilesThread:156 - End of LoadUrlFiles Thread
2023-05-14 10:01:42,225 [WARN] MainUpdater:1187 - Updater busy. Cannot search thirdparties
2023-05-14 10:01:42,225 [INFO] ThirdPartyUpdaterWithRetryManager:96 - Updater plugin is busy. [10/15]
2023-05-14 10:01:43,446 [INFO] ServerAccessManage:473 - Download File crdb.zip
2023-05-14 10:01:45,237 [WARN] MainUpdater:1187 - Updater busy. Cannot search thirdparties
2023-05-14 10:01:45,237 [INFO] ThirdPartyUpdaterWithRetryManager:96 - Updater plugin is busy. [11/15]
2023-05-14 10:01:45,261 [INFO] FileExtend:240 - Unzip File : crdb.zip
2023-05-14 10:01:45,262 [INFO] FileExtend:255 - Standard Zip Deflate
2023-05-14 10:01:45,398 [INFO] LoadUrlFilesThread:156 - End of LoadUrlFiles Thread
2023-05-14 10:01:46,414 [INFO] ServerAccessManage:473 - Download File tutoVideoDB.zip
2023-05-14 10:01:46,473 [INFO] FileExtend:240 - Unzip File : tutoVideoDB.zip
2023-05-14 10:01:46,473 [INFO] FileExtend:255 - Standard Zip Deflate
2023-05-14 10:01:46,598 [INFO] LoadUrlFilesThread:156 - End of LoadUrlFiles Thread
2023-05-14 10:01:46,605 [WARN] DbFile:41 - Overriding database path with different value: C:\Users\Minh\.stmcufinder\plugins\mcufinder/ => C:\Users\Minh\.stmcufinder\plugins\mcufinder
2023-05-14 10:01:46,842 [INFO] ServerAccessManage:473 - Download File api_config.json
2023-05-14 10:01:46,960 [INFO] LoadUrlFilesThread:156 - End of LoadUrlFiles Thread
2023-05-14 10:01:46,961 [INFO] DbMcusAds:53 - JSON generation date=Tue Mar 07 17:50:54 JST 2023 (1678179054945)
2023-05-14 10:01:47,006 [INFO] LoadUrlFilesThread:185 - End of LoadServerUrlFiles without Thread
2023-05-14 10:01:47,007 [INFO] TargetSelectorAdapter:259 - Refresh data is successful
2023-05-14 10:01:47,237 [INFO] ApiDb:581 - Connected to CubeFinder SQLite database (C:\Users\Minh\.stmcufinder\plugins\mcufinder\mcu\cube-finder-db.db)
2023-05-14 10:01:47,331 [INFO] ApiDb:668 - CubeFinder database Data Model version=2.1
2023-05-14 10:01:47,331 [INFO] ApiDb:669 - CubeFinder database Configuration version=3.0.35
2023-05-14 10:01:47,331 [INFO] ApiDb:670 - CubeFinder database generation date=2023-04-03 (1680511692)
2023-05-14 10:01:47,332 [INFO] ApiDb:671 - CubeFinder database FW Pack versions=[FP-ATR-ASTRA1_V2.0.0, STM32Cube_FW_C0_V1.0.1, STM32Cube_FW_F0_V1.11.4, STM32Cube_FW_F3_V1.11.4, STM32Cube_FW_F4_V1.27.1, STM32Cube_FW_F7_V1.17.0, STM32Cube_FW_G0_V1.6.1, STM32Cube_FW_G4_V1.5.1, STM32Cube_FW_H5_V0.5.1, STM32Cube_FW_H5_V1.0.0, STM32Cube_FW_H7_V1.11.0, STM32Cube_FW_L0_V1.12.2, STM32Cube_FW_L5_V1.5.0, STM32Cube_FW_U5_V1.2.0, STM32Cube_FW_WBA_V1.0.0, STM32Cube_FW_WBA_V1.0.0RC1, STM32Cube_FW_WBA_V1.0.0RC3, STM32Cube_FW_WB_V1.15.0RC1, STM32Cube_FW_WB_V1.16.0, STM32Cube_FW_WB_V1.16.0RC2, STM32Cube_FW_WL_V1.3.0, X-CUBE-ALGOBUILD_V1.3.0, X-CUBE-ALS_V1.0.1, X-CUBE-AZRTOS-F4_V1.1.0, X-CUBE-AZRTOS-F7_V1.1.0, X-CUBE-AZRTOS-G0_V1.1.0, X-CUBE-AZRTOS-G4_V1.0.0, X-CUBE-AZRTOS-H7_V3.0.0, X-CUBE-AZRTOS-L4_V1.0.0, X-CUBE-AZRTOS-L5_V1.1.0, X-CUBE-AZRTOS-WB_V1.1.0, X-CUBE-AZRTOS-WL_V1.0.0, X-CUBE-BLE1_V6.2.4, X-CUBE-BLE2_V3.3.0, X-CUBE-BLEMGR_V1.3.0, X-CUBE-EEPRMA1_V4.1.0, X-CUBE-FREERTOS_V1.0.1, X-CUBE-GNSS1_V6.0.0, X-CUBE-MEMS1_V9.1.0, X-CUBE-MEMS1_V9.4.0, X-CUBE-MEMS1_V9.5.0, X-CUBE-NFC4_V3.0.0, X-CUBE-NFC7_V1.0.0, X-CUBE-SFXS2LP1_V4.0.0, X-CUBE-SUBG2_V5.0.0]
2023-05-14 10:01:48,517 [WARN] PackLoader:240 - Cannot read IP mode file for STMicroelectronics.X-CUBE-GNSS1.6.0.0
2023-05-14 10:01:48,576 [WARN] PackLoader:240 - Cannot read IP mode file for STMicroelectronics.X-CUBE-AZRTOS-F4.1.1.0
2023-05-14 10:01:48,600 [WARN] PackLoader:240 - Cannot read IP mode file for STMicroelectronics.X-CUBE-SMBUS.2.1.0
2023-05-14 10:01:48,640 [WARN] PackLoader:240 - Cannot read IP mode file for STMicroelectronics.X-CUBE-AZRTOS-F7.1.1.0
2023-05-14 10:01:48,758 [WARN] PackLoader:240 - Cannot read IP mode file for STMicroelectronics.X-CUBE-MEMS1.9.6.0
2023-05-14 10:01:49,208 [ERROR] RealEvaluatedCondition:428 - Found unsupported composite condition: CLASS='Data Exchange' GROUP='STM32_MetaDataManager'
2023-05-14 10:01:49,208 [ERROR] RealEvaluatedCondition:428 - Found unsupported composite condition: CLASS='Data Exchange' GROUP='STM32_MetaDataManager'
2023-05-14 10:01:49,211 [WARN] PackLoader:240 - Cannot read IP mode file for STMicroelectronics.FP-SNS-MOTENV1.4.3.0
2023-05-14 10:01:49,222 [WARN] PackLoader:240 - Cannot read IP mode file for STMicroelectronics.FP-SNS-FLIGHT1.5.0.0
2023-05-14 10:01:49,232 [WARN] PackLoader:240 - Cannot read IP mode file for STMicroelectronics.X-CUBE-BLE1.6.2.4
2023-05-14 10:01:49,246 [WARN] PackLoader:240 - Cannot read IP mode file for emotas.I-CUBE-CANOPEN.1.1.3
2023-05-14 10:01:49,262 [WARN] PackLoader:240 - Cannot read IP mode file for STMicroelectronics.X-CUBE-BLEMGR.2.0.0
2023-05-14 10:01:49,324 [WARN] ConditionMgr:438 - getConditionDescription Invalid condition id : UX DEVICE CLASS RTOS Condition cause : null
2023-05-14 10:01:49,325 [WARN] ConditionMgr:438 - getConditionDescription Invalid condition id : UX DEVICE CLASS RTOS Condition cause : null
2023-05-14 10:01:49,332 [WARN] PackLoader:240 - Cannot read IP mode file for STMicroelectronics.X-CUBE-AZRTOS-H7.3.1.0
2023-05-14 10:01:49,334 [WARN] ConditionMgr:1039 - genDependencies : Invalid condition id : UX DEVICE CLASS RTOS Condition cause : null
2023-05-14 10:01:49,334 [WARN] ConditionMgr:1039 - genDependencies : Invalid condition id : UX DEVICE CLASS RTOS Condition cause : null
2023-05-14 10:01:49,336 [WARN] ConditionMgr:1039 - genDependencies : Invalid condition id : UX DEVICE CLASS RTOS Condition cause : null
2023-05-14 10:01:49,336 [WARN] ConditionMgr:1039 - genDependencies : Invalid condition id : UX DEVICE CLASS RTOS Condition cause : null
2023-05-14 10:01:49,337 [WARN] ConditionMgr:1039 - genDependencies : Invalid condition id : UX DEVICE CLASS RTOS Condition cause : null
2023-05-14 10:01:49,353 [WARN] PackLoader:240 - Cannot read IP mode file for STMicroelectronics.X-CUBE-DISPLAY.3.0.0
2023-05-14 10:01:49,367 [WARN] PackLoader:240 - Cannot read IP mode file for wolfSSL.I-CUBE-wolfSSL.5.5.4
2023-05-14 10:01:49,377 [WARN] PackLoader:240 - Cannot read IP mode file for STMicroelectronics.X-CUBE-NFC7.1.0.0
2023-05-14 10:01:49,389 [WARN] PackLoader:240 - Cannot read IP mode file for STMicroelectronics.X-CUBE-EEPRMA1.4.1.0
2023-05-14 10:01:49,403 [WARN] PackLoader:240 - Cannot read IP mode file for WES.I-CUBE-Cesium.1.3.0
2023-05-14 10:01:49,414 [WARN] PackLoader:240 - Cannot read IP mode file for STMicroelectronics.X-CUBE-SFXS2LP1.4.0.0
2023-05-14 10:01:49,424 [WARN] PackLoader:240 - Cannot read IP mode file for STMicroelectronics.X-CUBE-BLE2.3.3.0
2023-05-14 10:01:49,444 [WARN] PackLoader:240 - Cannot read IP mode file for STMicroelectronics.X-CUBE-TOF1.3.2.0
2023-05-14 10:01:49,493 [WARN] PackLoader:240 - Cannot read IP mode file for STMicroelectronics.X-CUBE-AZRTOS-H7.3.0.0
2023-05-14 10:01:49,507 [WARN] PackLoader:240 - Cannot read IP mode file for STMicroelectronics.X-CUBE-ISPU.1.1.0
2023-05-14 10:01:49,522 [WARN] PackLoader:240 - Cannot read IP mode file for RoweBots.I-CUBE-UNISONRTOS.5.5.0-4
2023-05-14 10:01:49,530 [WARN] PackLoader:240 - Cannot read IP mode file for STMicroelectronics.X-CUBE-AI.8.0.0
2023-05-14 10:01:49,540 [WARN] PackLoader:240 - Cannot read IP mode file for STMicroelectronics.X-CUBE-FREERTOS.1.0.0
2023-05-14 10:01:49,547 [WARN] PackLoader:240 - Cannot read IP mode file for STMicroelectronics.X-CUBE-FREERTOS.1.0.1
2023-05-14 10:01:49,555 [WARN] PackLoader:240 - Cannot read IP mode file for STMicroelectronics.X-CUBE-TOUCHGFX.4.21.1
2023-05-14 10:01:49,559 [WARN] PackLoader:240 - Cannot read IP mode file for STMicroelectronics.X-CUBE-TOUCHGFX.4.21.3
2023-05-14 10:01:49,562 [WARN] PackLoader:240 - Cannot read IP mode file for STMicroelectronics.X-CUBE-TOUCHGFX.4.21.4
2023-05-14 10:01:49,573 [WARN] PackLoader:240 - Cannot read IP mode file for STMicroelectronics.X-CUBE-ALGOBUILD.1.3.0
2023-05-14 10:01:49,600 [WARN] PackLoader:240 - Cannot read IP mode file for STMicroelectronics.X-CUBE-AZRTOS-L5.1.1.0
2023-05-14 10:01:49,634 [WARN] PackLoader:240 - Cannot read IP mode file for STMicroelectronics.X-CUBE-AZRTOS-G0.1.1.0
2023-05-14 10:01:49,643 [WARN] PackLoader:240 - Cannot read IP mode file for STMicroelectronics.X-CUBE-AI.8.0.1
2023-05-14 10:01:49,661 [WARN] PackLoader:240 - Cannot read IP mode file for STMicroelectronics.X-CUBE-SUBG2.5.0.0
2023-05-14 10:01:49,679 [WARN] PackLoader:240 - Cannot read IP mode file for STMicroelectronics.X-CUBE-NFC4.3.0.0
2023-05-14 10:01:49,708 [WARN] PackLoader:240 - Cannot read IP mode file for STMicroelectronics.X-CUBE-AZRTOS-G4.2.0.0
2023-05-14 10:01:49,730 [WARN] PackLoader:240 - Cannot read IP mode file for STMicroelectronics.X-CUBE-TOF1.3.3.0
2023-05-14 10:01:49,757 [WARN] PackLoader:240 - Cannot read IP mode file for STMicroelectronics.FP-ATR-ASTRA1.1.1.1
2023-05-14 10:01:49,780 [WARN] PackLoader:240 - Cannot read IP mode file for STMicroelectronics.X-CUBE-AZRTOS-G4.1.0.0
2023-05-14 10:01:49,790 [WARN] PackLoader:240 - Cannot read IP mode file for STMicroelectronics.FP-ATR-SIGFOX1.3.2.0
2023-05-14 10:01:49,822 [WARN] PackLoader:240 - Cannot read IP mode file for STMicroelectronics.X-CUBE-AZRTOS-L4.1.0.0
2023-05-14 10:01:49,846 [WARN] PackLoader:240 - Cannot read IP mode file for STMicroelectronics.X-CUBE-AZRTOS-WL.1.0.0
2023-05-14 10:01:49,857 [WARN] PackLoader:240 - Cannot read IP mode file for portGmbH.I-Cube-SoM-uGOAL.1.1.0
2023-05-14 10:01:49,865 [WARN] PackLoader:240 - Cannot read IP mode file for STMicroelectronics.X-CUBE-ALS.1.0.1
2023-05-14 10:01:49,947 [WARN] PackLoader:240 - Cannot read IP mode file for STMicroelectronics.X-CUBE-MEMS1.9.5.0
2023-05-14 10:01:50,308 [WARN] PackLoader:240 - Cannot read IP mode file for STMicroelectronics.X-CUBE-AZRTOS-WB.1.1.0
2023-05-14 10:01:50,375 [WARN] PackLoader:240 - Cannot read IP mode file for SEGGER.I-CUBE-embOS.1.3.1
2023-05-14 10:01:50,449 [WARN] PackLoader:240 - Cannot read IP mode file for STMicroelectronics.FP-ATR-ASTRA1.2.0.0
2023-05-14 10:01:50,451 [INFO] ThirdParty:978 - Integrity check success = true
2023-05-14 10:01:50,451 [INFO] IntegrityCheckThread:100 - exiting critical section [integrity check]
2023-05-14 10:01:50,451 [INFO] IntegrityCheckThread:103 - End integrity checks thread
2023-05-14 10:01:51,016 [INFO] ApiDb:240 - Found 297 in-development CPN: [B-G473E-ZEST1S, B-WB1M-WPAN1, B-WL5M-SUBG1, NUCLEO-C031C6, NUCLEO-H503RB, NUCLEO-H563ZI, NUCLEO-U545RE-Q, NUCLEO-U5A5ZJ-Q, NUCLEO-WBA52CG, STEVAL-PROTEUS1, STEVAL-STWINBX1, STM320518-EVAL, STM32C0116-DK, STM32C011D6Y3TR, STM32C011D6Y6TR, STM32C011F4P3, STM32C011F4P6, STM32C011F4U3, STM32C011F4U6TR, STM32C011F6P3, STM32C011F6P6, STM32C011F6U3, STM32C011F6U6TR, STM32C011J4M3, STM32C011J4M6, STM32C011J6M3, STM32C011J6M6, STM32C0316-DK, STM32C031C4T3, STM32C031C4T6, STM32C031C4U3, STM32C031C4U6, STM32C031C6T3, STM32C031C6T6, STM32C031C6U3, STM32C031C6U6, STM32C031F4P3, STM32C031F4P6, STM32C031F6P3, STM32C031F6P6, STM32C031G4U3, STM32C031G4U6, STM32C031G6U3, STM32C031G6U6, STM32C031K4T3, STM32C031K4T6, STM32C031K4U3, STM32C031K4U6, STM32C031K6T3, STM32C031K6T6, STM32C031K6U3, STM32C031K6U6, STM32G071K8TXN, STM32G071K8UXN, STM32G081GBU6N, STM32G081KBT6N, STM32G081KBUXN, STM32G0B1CCT6N, STM32G0B1KCT6, STM32G0B1NEY6TR, STM32G0B1RCT6N, STM32G0C1CCT6, STM32G0C1CCT6N, STM32G0C1CCU6N, STM32G0C1CET6N, STM32G0C1CEU6N, STM32G0C1KCT6, STM32G0C1NEY6TR, STM32G0C1RCI6N, STM32G0C1RCT6N, STM32G0C1REI6N, STM32G0C1RET6N, STM32G0C1VCI6, STM32G0C1VEI6, STM32G471CCT6, STM32G471CCU6, STM32G471CET3, STM32G471CET6, STM32G471CEU3, STM32G471CEU6, STM32G471MCT6, STM32G471MET3, STM32G471MET6, STM32G471MEY6TR, STM32G471QCT6, STM32G471QET3, STM32G471RCT6, STM32G471RET3, STM32G471RET6, STM32G471VCH6, STM32G471VCI6, STM32G471VCT6, STM32G471VEH3, STM32G471VEH6, STM32G471VEI3, STM32G471VEI6, STM32G471VET3, STM32G471VET6, STM32G474CCT6, STM32H503CBT6, STM32H503CBU6, STM32H503EBY6TR, STM32H503KBU6, STM32H503RBT6, STM32H562AGI6, STM32H562AII6, STM32H562IGK6, STM32H562IGT6, STM32H562IIK6, STM32H562IIT6, STM32H562RGT6, STM32H562RGV6, STM32H562RIT6, STM32H562RIV6, STM32H562VGT6, STM32H562VIT6, STM32H562ZGT6, STM32H562ZIT6, STM32H563AGI6, STM32H563AII3Q, STM32H563AII6, STM32H563IGK6, STM32H563IGT6, STM32H563IIK3Q, STM32H563IIK6, STM32H563IIT3Q, STM32H563IIT6, STM32H563MIY3QTR, STM32H563RGT6, STM32H563RGV6, STM32H563RIT6, STM32H563RIV6, STM32H563VGT6, STM32H563VIT3Q, STM32H563VIT6, STM32H563ZGT6, STM32H563ZIT3Q, STM32H563ZIT6, STM32H573AII3Q, STM32H573AII6, STM32H573I-DK, STM32H573IIK3Q, STM32H573IIK6, STM32H573IIT3Q, STM32H573IIT6, STM32H573MIY3QTR, STM32H573RIT6, STM32H573RIV6, STM32H573VIT3Q, STM32H573VIT6, STM32H573ZIT3Q, STM32H573ZIT6, STM32L4R5QGI6STR, STM32MP131AAE3, STM32MP131AAF3, STM32MP131AAG3, STM32MP131CAE3, STM32MP131CAF3, STM32MP131CAG3, STM32MP131DAE7, STM32MP131DAF7, STM32MP131DAG7, STM32MP131FAE7, STM32MP131FAF7, STM32MP131FAG7, STM32MP133AAE3, STM32MP133AAF3, STM32MP133AAG3, STM32MP133CAE3, STM32MP133CAF3, STM32MP133CAG3, STM32MP133DAE7, STM32MP133DAF7, STM32MP133DAG7, STM32MP133FAE7, STM32MP133FAF7, STM32MP133FAG7, STM32MP135AAE3, STM32MP135AAF3, STM32MP135AAG3, STM32MP135CAE3, STM32MP135CAF3, STM32MP135CAG3, STM32MP135DAE7, STM32MP135DAF7, STM32MP135DAG7, STM32MP135F-DK, STM32MP135FAE7, STM32MP135FAF7, STM32MP135FAF7T, STM32MP135FAF7U, STM32MP135FAG7, STM32U535CBT6, STM32U535CBT6Q, STM32U535CBU6, STM32U535CBU6Q, STM32U535CCT6, STM32U535CCT6Q, STM32U535CCU6, STM32U535CCU6Q, STM32U535CET6, STM32U535CET6Q, STM32U535CEU6, STM32U535CEU6Q, STM32U535JEY6QTR, STM32U535NCY6QTR, STM32U535NEY6QTR, STM32U535RBI6, STM32U535RBI6Q, STM32U535RBT6, STM32U535RBT6Q, STM32U535RCI6, STM32U535RCI6Q, STM32U535RCT6, STM32U535RCT6Q, STM32U535REI6, STM32U535REI6Q, STM32U535RET6, STM32U535RET6Q, STM32U535VCI6, STM32U535VCI6Q, STM32U535VCT6, STM32U535VCT6Q, STM32U535VEI6, STM32U535VEI6Q, STM32U535VET6, STM32U535VET6Q, STM32U545CET6, STM32U545CET6Q, STM32U545CEU6, STM32U545CEU6Q, STM32U545JEY6QTR, STM32U545NEY6QTR, STM32U545REI6, STM32U545REI6Q, STM32U545RET6, STM32U545RET6Q, STM32U545VEI6, STM32U545VEI6Q, STM32U545VET6, STM32U545VET6Q, STM32U595AIH6, STM32U595AIH6Q, STM32U595AJH6, STM32U595AJH6Q, STM32U595QII6, STM32U595QII6Q, STM32U595QJI6, STM32U595QJI6Q, STM32U595RIT6, STM32U595RIT6Q, STM32U595RJT6, STM32U595RJT6Q, STM32U595VIT6, STM32U595VIT6Q, STM32U595VJT6, STM32U595VJT6Q, STM32U595ZIT6, STM32U595ZIT6Q, STM32U595ZIY6QTR, STM32U595ZJT6, STM32U595ZJT6Q, STM32U595ZJY6QTR, STM32U599BJY6QTR, STM32U599NIH6Q, STM32U599NJH6Q, STM32U599VIT6Q, STM32U599VJT6, STM32U599VJT6Q, STM32U599ZIT6Q, STM32U599ZIY6QTR, STM32U599ZJT6Q, STM32U599ZJY6QTR, STM32U5A5AJH6, STM32U5A5AJH6Q, STM32U5A5QJI6, STM32U5A5QJI6Q, STM32U5A5RJT6, STM32U5A5RJT6Q, STM32U5A5VJT6, STM32U5A5VJT6Q, STM32U5A5ZJT6, STM32U5A5ZJT6Q, STM32U5A5ZJY6QTR, STM32U5A9BJY6QTR, STM32U5A9J-DK, STM32U5A9NJH6Q, STM32U5A9VJT6Q, STM32U5A9ZJT6Q, STM32U5A9ZJY6QTR, STM32WB1MMCH6, STM32WBA52CEU6, STM32WBA52CEU6T, STM32WBA52CGU6, STM32WBA52CGU6T, STM32WL5MOCH6, STM32WL5MOCH6TR]
2023-05-14 10:01:51,022 [INFO] DbMcus:216 - Found 3775 MCUs, 3775 are supported
2023-05-14 10:01:51,029 [INFO] ApiDb:423 - Load user favorites file C:\Users\Minh/.stm32cubeide/favorites.mcus.txt: 0 item(s)
2023-05-14 10:01:51,030 [INFO] ApiDb:427 - User favorites MCUs=[]
2023-05-14 10:01:51,030 [INFO] DbMcus:222 - Set 0 / 0 favorites MCUs
2023-05-14 10:01:51,412 [INFO] ApiDb:668 - CubeFinder database Data Model version=2.1
2023-05-14 10:01:51,413 [INFO] ApiDb:669 - CubeFinder database Configuration version=3.0.35
2023-05-14 10:01:51,413 [INFO] ApiDb:670 - CubeFinder database generation date=2023-04-03 (1680511692)
2023-05-14 10:01:51,413 [INFO] ApiDb:671 - CubeFinder database FW Pack versions=[FP-ATR-ASTRA1_V2.0.0, STM32Cube_FW_C0_V1.0.1, STM32Cube_FW_F0_V1.11.4, STM32Cube_FW_F3_V1.11.4, STM32Cube_FW_F4_V1.27.1, STM32Cube_FW_F7_V1.17.0, STM32Cube_FW_G0_V1.6.1, STM32Cube_FW_G4_V1.5.1, STM32Cube_FW_H5_V0.5.1, STM32Cube_FW_H5_V1.0.0, STM32Cube_FW_H7_V1.11.0, STM32Cube_FW_L0_V1.12.2, STM32Cube_FW_L5_V1.5.0, STM32Cube_FW_U5_V1.2.0, STM32Cube_FW_WBA_V1.0.0, STM32Cube_FW_WBA_V1.0.0RC1, STM32Cube_FW_WBA_V1.0.0RC3, STM32Cube_FW_WB_V1.15.0RC1, STM32Cube_FW_WB_V1.16.0, STM32Cube_FW_WB_V1.16.0RC2, STM32Cube_FW_WL_V1.3.0, X-CUBE-ALGOBUILD_V1.3.0, X-CUBE-ALS_V1.0.1, X-CUBE-AZRTOS-F4_V1.1.0, X-CUBE-AZRTOS-F7_V1.1.0, X-CUBE-AZRTOS-G0_V1.1.0, X-CUBE-AZRTOS-G4_V1.0.0, X-CUBE-AZRTOS-H7_V3.0.0, X-CUBE-AZRTOS-L4_V1.0.0, X-CUBE-AZRTOS-L5_V1.1.0, X-CUBE-AZRTOS-WB_V1.1.0, X-CUBE-AZRTOS-WL_V1.0.0, X-CUBE-BLE1_V6.2.4, X-CUBE-BLE2_V3.3.0, X-CUBE-BLEMGR_V1.3.0, X-CUBE-EEPRMA1_V4.1.0, X-CUBE-FREERTOS_V1.0.1, X-CUBE-GNSS1_V6.0.0, X-CUBE-MEMS1_V9.1.0, X-CUBE-MEMS1_V9.4.0, X-CUBE-MEMS1_V9.5.0, X-CUBE-NFC4_V3.0.0, X-CUBE-NFC7_V1.0.0, X-CUBE-SFXS2LP1_V4.0.0, X-CUBE-SUBG2_V5.0.0]
2023-05-14 10:01:51,501 [INFO] DbBoardsSqlite:226 - include board P-NUCLEO-WB55-NUCLEO as a kit item of type 'Nucleo-64'
2023-05-14 10:01:51,501 [INFO] DbBoardsSqlite:226 - include board P-NUCLEO-WB55-USBDONGLE as a kit item of type 'Nucleo USB Dongle'
2023-05-14 10:01:51,502 [INFO] DbBoardsSqlite:226 - include board STEVAL-IDP005V1 as a kit item of type 'Evaluation Board'
2023-05-14 10:01:51,502 [INFO] DbBoardsSqlite:226 - include board STEVAL-IDP005V2 as a kit item of type 'Evaluation Board'
2023-05-14 10:01:51,581 [INFO] ApiDb:240 - Found 297 in-development CPN: [B-G473E-ZEST1S, B-WB1M-WPAN1, B-WL5M-SUBG1, NUCLEO-C031C6, NUCLEO-H503RB, NUCLEO-H563ZI, NUCLEO-U545RE-Q, NUCLEO-U5A5ZJ-Q, NUCLEO-WBA52CG, STEVAL-PROTEUS1, STEVAL-STWINBX1, STM320518-EVAL, STM32C0116-DK, STM32C011D6Y3TR, STM32C011D6Y6TR, STM32C011F4P3, STM32C011F4P6, STM32C011F4U3, STM32C011F4U6TR, STM32C011F6P3, STM32C011F6P6, STM32C011F6U3, STM32C011F6U6TR, STM32C011J4M3, STM32C011J4M6, STM32C011J6M3, STM32C011J6M6, STM32C0316-DK, STM32C031C4T3, STM32C031C4T6, STM32C031C4U3, STM32C031C4U6, STM32C031C6T3, STM32C031C6T6, STM32C031C6U3, STM32C031C6U6, STM32C031F4P3, STM32C031F4P6, STM32C031F6P3, STM32C031F6P6, STM32C031G4U3, STM32C031G4U6, STM32C031G6U3, STM32C031G6U6, STM32C031K4T3, STM32C031K4T6, STM32C031K4U3, STM32C031K4U6, STM32C031K6T3, STM32C031K6T6, STM32C031K6U3, STM32C031K6U6, STM32G071K8TXN, STM32G071K8UXN, STM32G081GBU6N, STM32G081KBT6N, STM32G081KBUXN, STM32G0B1CCT6N, STM32G0B1KCT6, STM32G0B1NEY6TR, STM32G0B1RCT6N, STM32G0C1CCT6, STM32G0C1CCT6N, STM32G0C1CCU6N, STM32G0C1CET6N, STM32G0C1CEU6N, STM32G0C1KCT6, STM32G0C1NEY6TR, STM32G0C1RCI6N, STM32G0C1RCT6N, STM32G0C1REI6N, STM32G0C1RET6N, STM32G0C1VCI6, STM32G0C1VEI6, STM32G471CCT6, STM32G471CCU6, STM32G471CET3, STM32G471CET6, STM32G471CEU3, STM32G471CEU6, STM32G471MCT6, STM32G471MET3, STM32G471MET6, STM32G471MEY6TR, STM32G471QCT6, STM32G471QET3, STM32G471RCT6, STM32G471RET3, STM32G471RET6, STM32G471VCH6, STM32G471VCI6, STM32G471VCT6, STM32G471VEH3, STM32G471VEH6, STM32G471VEI3, STM32G471VEI6, STM32G471VET3, STM32G471VET6, STM32G474CCT6, STM32H503CBT6, STM32H503CBU6, STM32H503EBY6TR, STM32H503KBU6, STM32H503RBT6, STM32H562AGI6, STM32H562AII6, STM32H562IGK6, STM32H562IGT6, STM32H562IIK6, STM32H562IIT6, STM32H562RGT6, STM32H562RGV6, STM32H562RIT6, STM32H562RIV6, STM32H562VGT6, STM32H562VIT6, STM32H562ZGT6, STM32H562ZIT6, STM32H563AGI6, STM32H563AII3Q, STM32H563AII6, STM32H563IGK6, STM32H563IGT6, STM32H563IIK3Q, STM32H563IIK6, STM32H563IIT3Q, STM32H563IIT6, STM32H563MIY3QTR, STM32H563RGT6, STM32H563RGV6, STM32H563RIT6, STM32H563RIV6, STM32H563VGT6, STM32H563VIT3Q, STM32H563VIT6, STM32H563ZGT6, STM32H563ZIT3Q, STM32H563ZIT6, STM32H573AII3Q, STM32H573AII6, STM32H573I-DK, STM32H573IIK3Q, STM32H573IIK6, STM32H573IIT3Q, STM32H573IIT6, STM32H573MIY3QTR, STM32H573RIT6, STM32H573RIV6, STM32H573VIT3Q, STM32H573VIT6, STM32H573ZIT3Q, STM32H573ZIT6, STM32L4R5QGI6STR, STM32MP131AAE3, STM32MP131AAF3, STM32MP131AAG3, STM32MP131CAE3, STM32MP131CAF3, STM32MP131CAG3, STM32MP131DAE7, STM32MP131DAF7, STM32MP131DAG7, STM32MP131FAE7, STM32MP131FAF7, STM32MP131FAG7, STM32MP133AAE3, STM32MP133AAF3, STM32MP133AAG3, STM32MP133CAE3, STM32MP133CAF3, STM32MP133CAG3, STM32MP133DAE7, STM32MP133DAF7, STM32MP133DAG7, STM32MP133FAE7, STM32MP133FAF7, STM32MP133FAG7, STM32MP135AAE3, STM32MP135AAF3, STM32MP135AAG3, STM32MP135CAE3, STM32MP135CAF3, STM32MP135CAG3, STM32MP135DAE7, STM32MP135DAF7, STM32MP135DAG7, STM32MP135F-DK, STM32MP135FAE7, STM32MP135FAF7, STM32MP135FAF7T, STM32MP135FAF7U, STM32MP135FAG7, STM32U535CBT6, STM32U535CBT6Q, STM32U535CBU6, STM32U535CBU6Q, STM32U535CCT6, STM32U535CCT6Q, STM32U535CCU6, STM32U535CCU6Q, STM32U535CET6, STM32U535CET6Q, STM32U535CEU6, STM32U535CEU6Q, STM32U535JEY6QTR, STM32U535NCY6QTR, STM32U535NEY6QTR, STM32U535RBI6, STM32U535RBI6Q, STM32U535RBT6, STM32U535RBT6Q, STM32U535RCI6, STM32U535RCI6Q, STM32U535RCT6, STM32U535RCT6Q, STM32U535REI6, STM32U535REI6Q, STM32U535RET6, STM32U535RET6Q, STM32U535VCI6, STM32U535VCI6Q, STM32U535VCT6, STM32U535VCT6Q, STM32U535VEI6, STM32U535VEI6Q, STM32U535VET6, STM32U535VET6Q, STM32U545CET6, STM32U545CET6Q, STM32U545CEU6, STM32U545CEU6Q, STM32U545JEY6QTR, STM32U545NEY6QTR, STM32U545REI6, STM32U545REI6Q, STM32U545RET6, STM32U545RET6Q, STM32U545VEI6, STM32U545VEI6Q, STM32U545VET6, STM32U545VET6Q, STM32U595AIH6, STM32U595AIH6Q, STM32U595AJH6, STM32U595AJH6Q, STM32U595QII6, STM32U595QII6Q, STM32U595QJI6, STM32U595QJI6Q, STM32U595RIT6, STM32U595RIT6Q, STM32U595RJT6, STM32U595RJT6Q, STM32U595VIT6, STM32U595VIT6Q, STM32U595VJT6, STM32U595VJT6Q, STM32U595ZIT6, STM32U595ZIT6Q, STM32U595ZIY6QTR, STM32U595ZJT6, STM32U595ZJT6Q, STM32U595ZJY6QTR, STM32U599BJY6QTR, STM32U599NIH6Q, STM32U599NJH6Q, STM32U599VIT6Q, STM32U599VJT6, STM32U599VJT6Q, STM32U599ZIT6Q, STM32U599ZIY6QTR, STM32U599ZJT6Q, STM32U599ZJY6QTR, STM32U5A5AJH6, STM32U5A5AJH6Q, STM32U5A5QJI6, STM32U5A5QJI6Q, STM32U5A5RJT6, STM32U5A5RJT6Q, STM32U5A5VJT6, STM32U5A5VJT6Q, STM32U5A5ZJT6, STM32U5A5ZJT6Q, STM32U5A5ZJY6QTR, STM32U5A9BJY6QTR, STM32U5A9J-DK, STM32U5A9NJH6Q, STM32U5A9VJT6Q, STM32U5A9ZJT6Q, STM32U5A9ZJY6QTR, STM32WB1MMCH6, STM32WBA52CEU6, STM32WBA52CEU6T, STM32WBA52CGU6, STM32WBA52CGU6T, STM32WL5MOCH6, STM32WL5MOCH6TR]
2023-05-14 10:01:51,760 [INFO] BoardInfo:880 - No configuration file found for board P-NUCLEO-WB55
2023-05-14 10:01:51,760 [INFO] DbBoards:157 - Kit is not supported: P-NUCLEO-WB55
2023-05-14 10:01:51,767 [INFO] BoardInfo:880 - No configuration file found for board STEVAL-BFA001V1B
2023-05-14 10:01:51,767 [INFO] DbBoards:157 - Kit is not supported: STEVAL-BFA001V1B
2023-05-14 10:01:51,769 [INFO] BoardInfo:880 - No configuration file found for board STEVAL-BFA001V2B
2023-05-14 10:01:51,769 [INFO] DbBoards:157 - Kit is not supported: STEVAL-BFA001V2B
2023-05-14 10:01:51,965 [INFO] DbBoards:161 - Found 187 boards, 184 are supported
2023-05-14 10:01:51,972 [INFO] ApiDb:423 - Load user favorites file C:\Users\Minh/.stm32cubeide/favorites.boards.txt: 0 item(s)
2023-05-14 10:01:51,972 [INFO] ApiDb:427 - User favorites Boards=[]
2023-05-14 10:01:51,972 [INFO] DbBoards:190 - Set 0 / 0 favorites Boards
2023-05-14 10:01:51,977 [INFO] ApiDb:668 - CubeFinder database Data Model version=2.1
2023-05-14 10:01:51,977 [INFO] ApiDb:669 - CubeFinder database Configuration version=3.0.35
2023-05-14 10:01:51,977 [INFO] ApiDb:670 - CubeFinder database generation date=2023-04-03 (1680511692)
2023-05-14 10:01:51,977 [INFO] ApiDb:671 - CubeFinder database FW Pack versions=[FP-ATR-ASTRA1_V2.0.0, STM32Cube_FW_C0_V1.0.1, STM32Cube_FW_F0_V1.11.4, STM32Cube_FW_F3_V1.11.4, STM32Cube_FW_F4_V1.27.1, STM32Cube_FW_F7_V1.17.0, STM32Cube_FW_G0_V1.6.1, STM32Cube_FW_G4_V1.5.1, STM32Cube_FW_H5_V0.5.1, STM32Cube_FW_H5_V1.0.0, STM32Cube_FW_H7_V1.11.0, STM32Cube_FW_L0_V1.12.2, STM32Cube_FW_L5_V1.5.0, STM32Cube_FW_U5_V1.2.0, STM32Cube_FW_WBA_V1.0.0, STM32Cube_FW_WBA_V1.0.0RC1, STM32Cube_FW_WBA_V1.0.0RC3, STM32Cube_FW_WB_V1.15.0RC1, STM32Cube_FW_WB_V1.16.0, STM32Cube_FW_WB_V1.16.0RC2, STM32Cube_FW_WL_V1.3.0, X-CUBE-ALGOBUILD_V1.3.0, X-CUBE-ALS_V1.0.1, X-CUBE-AZRTOS-F4_V1.1.0, X-CUBE-AZRTOS-F7_V1.1.0, X-CUBE-AZRTOS-G0_V1.1.0, X-CUBE-AZRTOS-G4_V1.0.0, X-CUBE-AZRTOS-H7_V3.0.0, X-CUBE-AZRTOS-L4_V1.0.0, X-CUBE-AZRTOS-L5_V1.1.0, X-CUBE-AZRTOS-WB_V1.1.0, X-CUBE-AZRTOS-WL_V1.0.0, X-CUBE-BLE1_V6.2.4, X-CUBE-BLE2_V3.3.0, X-CUBE-BLEMGR_V1.3.0, X-CUBE-EEPRMA1_V4.1.0, X-CUBE-FREERTOS_V1.0.1, X-CUBE-GNSS1_V6.0.0, X-CUBE-MEMS1_V9.1.0, X-CUBE-MEMS1_V9.4.0, X-CUBE-MEMS1_V9.5.0, X-CUBE-NFC4_V3.0.0, X-CUBE-NFC7_V1.0.0, X-CUBE-SFXS2LP1_V4.0.0, X-CUBE-SUBG2_V5.0.0]
2023-05-14 10:01:53,403 [INFO] DbExamplesSqlite:376 - Ignored 46 examples not supported by CubeIDE
2023-05-14 10:01:53,404 [INFO] DbExamplesSqlite:377 - Found 7336 examples active
2023-05-14 10:01:53,404 [INFO] DbExamplesSqlite:378 - Found 1095 examples obsolete
2023-05-14 10:01:53,405 [INFO] DbExamplesSqlite:379 - Found 0 examples under development
2023-05-14 10:01:53,405 [INFO] DbExamplesSqlite:380 - Found 77 examples not building
2023-05-14 10:01:53,408 [INFO] DbExamples:125 - Found 7367 examples
2023-05-14 10:01:53,436 [INFO] DbExamples:222 - Found 92 boards with related examples
2023-05-14 10:01:53,438 [INFO] DbExamples:235 - Found 78 MCUs with related examples
2023-05-14 10:01:53,486 [INFO] ApiDb:423 - Load user favorites file C:\Users\Minh/.stm32cubeide/favorites.examples.txt: 0 item(s)
2023-05-14 10:01:53,486 [INFO] ApiDb:427 - User favorites Examples=[]
2023-05-14 10:01:53,487 [INFO] DbExamples:250 - Set 0 / 0 favorites Examples
2023-05-14 10:01:54,004 [INFO] McuFinderGlobals:66 - Set McuFinderConnectedMode to true
2023-05-14 10:01:54,022 [INFO] MultiScanPanel:200 - Auto-refresh data requested => check proxy status ongoing
2023-05-14 10:01:54,029 [INFO] FinderPluginLoader:95 - Searching for filters in installed packs
2023-05-14 10:01:56,672 [INFO] LoadUrlFilesThread:185 - End of LoadServerUrlFiles without Thread
2023-05-14 10:01:56,689 [INFO] DetailPanel:341 - Set advertising image to C:/Users/Minh/STM32Cube/Repository/\en.prom-stm32h5-mcu-finder.jpg
2023-05-14 10:01:58,018 [INFO] ToolPreferences:110 - Table McuList, key=mcufinder_cubeide.mculist: column name not found=IO
2023-05-14 10:01:58,018 [INFO] ToolPreferences:110 - Table McuList, key=mcufinder_cubeide.mculist: column name not found=Freq.
2023-05-14 10:02:05,195 [INFO] McuFinderGlobals:66 - Set McuFinderConnectedMode to true
2023-05-14 10:02:05,201 [INFO] ApiDb:448 - Save user favorites file C:\Users\Minh/.stm32cubeide/favorites.mcus.txt: 0 item(s)
2023-05-14 10:02:05,201 [INFO] ApiDb:452 - User favorites MCUs=[]
2023-05-14 10:06:27,192 [INFO] MainUpdater:2854 - connection check result : 10
2023-05-14 10:06:27,294 [INFO] McuFinderGlobals:66 - Set McuFinderConnectedMode to true
2023-05-14 10:06:27,295 [INFO] MultiScanPanel:200 - Auto-refresh data requested => check proxy status ongoing
2023-05-14 10:06:27,296 [INFO] FinderPluginLoader:95 - Searching for filters in installed packs
2023-05-14 10:06:28,733 [INFO] LoadUrlFilesThread:185 - End of LoadServerUrlFiles without Thread
2023-05-14 10:06:28,734 [INFO] DetailPanel:341 - Set advertising image to C:/Users/Minh/STM32Cube/Repository/\en.prom-stm32h5-mcu-finder.jpg
2023-05-14 10:06:29,676 [INFO] ToolPreferences:110 - Table McuList, key=mcufinder_cubeide.mculist: column name not found=IO
2023-05-14 10:06:29,676 [INFO] ToolPreferences:110 - Table McuList, key=mcufinder_cubeide.mculist: column name not found=Freq.
2023-05-14 10:06:34,315 [INFO] MultiScanPanel:200 - Auto-refresh data requested => check proxy status ongoing
2023-05-14 10:06:34,512 [INFO] LoadUrlFilesThread:185 - End of LoadServerUrlFiles without Thread
2023-05-14 10:06:34,513 [INFO] DetailPanel:341 - Set advertising image to C:/Users/Minh/STM32Cube/Repository/\en.prom-stm32h5-mcu-finder.jpg
2023-05-14 10:06:34,530 [INFO] DbBoards:634 - Loading board mini-images...
2023-05-14 10:06:39,799 [INFO] DbBoards:657 - Loaded 187 board mini-images
2023-05-14 10:06:52,030 [INFO] ApiDb:581 - Connected to CubeFinder SQLite database (C:\Users\Minh\.stmcufinder\plugins\mcufinder\mcu\cube-finder-db.db)
2023-05-14 10:08:23,623 [INFO] McuFinderGlobals:66 - Set McuFinderConnectedMode to true
2023-05-14 10:08:23,626 [INFO] ApiDb:448 - Save user favorites file C:\Users\Minh/.stm32cubeide/favorites.mcus.txt: 0 item(s)
2023-05-14 10:08:23,626 [INFO] ApiDb:452 - User favorites MCUs=[]
2023-05-14 10:08:23,628 [INFO] ApiDb:448 - Save user favorites file C:\Users\Minh/.stm32cubeide/favorites.boards.txt: 0 item(s)
2023-05-14 10:08:23,628 [INFO] ApiDb:452 - User favorites Boards=[]
2023-05-14 21:48:41,532 [INFO] MainUpdater:2854 - connection check result : 10
2023-05-14 21:48:41,728 [INFO] McuFinderGlobals:66 - Set McuFinderConnectedMode to true
2023-05-14 21:48:41,754 [INFO] MultiScanPanel:200 - Auto-refresh data requested => check proxy status ongoing
2023-05-14 21:48:41,757 [INFO] FinderPluginLoader:95 - Searching for filters in installed packs
2023-05-14 21:48:43,590 [INFO] LoadUrlFilesThread:185 - End of LoadServerUrlFiles without Thread
2023-05-14 21:48:43,592 [INFO] DetailPanel:341 - Set advertising image to C:/Users/Minh/STM32Cube/Repository/\en.prom-stm32h5-mcu-finder.jpg
2023-05-14 21:48:45,154 [INFO] ToolPreferences:110 - Table McuList, key=mcufinder_cubeide.mculist: column name not found=IO
2023-05-14 21:48:45,155 [INFO] ToolPreferences:110 - Table McuList, key=mcufinder_cubeide.mculist: column name not found=Freq.
2023-05-14 21:48:52,375 [INFO] MultiScanPanel:200 - Auto-refresh data requested => check proxy status ongoing
2023-05-14 21:48:52,512 [INFO] LoadUrlFilesThread:185 - End of LoadServerUrlFiles without Thread
2023-05-14 21:48:52,513 [INFO] DetailPanel:341 - Set advertising image to C:/Users/Minh/STM32Cube/Repository/\en.prom-stm32h5-mcu-finder.jpg
2023-05-14 21:49:06,675 [INFO] BoardResultTable:719 - Mark Board STM32F407G-DISC1 as favorite
2023-05-14 21:50:08,332 [INFO] McuFinderGlobals:66 - Set McuFinderConnectedMode to true
2023-05-14 21:50:08,337 [INFO] ApiDb:448 - Save user favorites file C:\Users\Minh/.stm32cubeide/favorites.mcus.txt: 0 item(s)
2023-05-14 21:50:08,338 [INFO] ApiDb:452 - User favorites MCUs=[]
2023-05-14 21:50:08,339 [INFO] ApiDb:448 - Save user favorites file C:\Users\Minh/.stm32cubeide/favorites.boards.txt: 1 item(s)
2023-05-14 21:50:08,340 [INFO] ApiDb:452 - User favorites Boards=[STM32F407G-DISC1]
