2023-05-21 14:20:10,023 [INFO] Activator:176 - 


2023-05-21 14:20:10,037 [INFO] Activator:177 - !SESSION log4j initialized
2023-05-21 14:20:20,662 [INFO] LogOutputStream:77 - [STDOUT_REDIRECT] 
2023-05-21 15:02:01,097 [ERROR] LogOutputStream:75 - [STDERR_REDIRECT] SLF4J: Failed to load class "org.slf4j.impl.StaticLoggerBinder".
2023-05-21 15:02:01,098 [ERROR] LogOutputStream:75 - [STDERR_REDIRECT] SLF4J: Defaulting to no-operation (NOP) logger implementation
2023-05-21 15:02:01,103 [ERROR] LogOutputStream:75 - [STDERR_REDIRECT] SLF4J: See http://www.slf4j.org/codes.html#StaticLoggerBinder for further details.
2023-05-21 15:34:56,810 [INFO] ApplicationProperties:184 - Using Application install path: C:\ST\STM32CubeIDE_1.4.0\STM32CubeIDE\plugins\com.st.stm32cube.common.mx_6.8.1.202304191431
2023-05-21 15:34:56,858 [INFO] DbMcusXml:78 - Set database path to: C:\ST\STM32CubeIDE_1.4.0\STM32CubeIDE\plugins\com.st.stm32cube.common.mx_6.8.1.202304191431\\db\/mcu/
2023-05-21 15:34:56,860 [INFO] ApiDb:274 - Set plugin database path to: C:\ST\STM32CubeIDE_1.4.0\STM32CubeIDE\plugins\com.st.stm32cube.common.mx_6.8.1.202304191431\\db\/plugins/boardmanager/
2023-05-21 15:34:56,864 [WARN] ApiDb:259 - Overriding images path with different value:  => C:\ST\STM32CubeIDE_1.4.0\STM32CubeIDE\plugins\com.st.stm32cube.common.mx_6.8.1.202304191431\\db\/plugins/mcufinder/images/
2023-05-21 15:34:56,900 [INFO] ApiDb:250 - Set database path to: C:\Users\Minh\.stmcufinder\plugins\mcufinder//mcu/
2023-05-21 15:34:56,904 [INFO] DbMcusAds:125 - Set database path to: C:\Users\Minh\.stmcufinder\plugins\mcufinder//mcu/
2023-05-21 15:34:57,316 [INFO] CrossReferenceDbSqlite:203 - Set database path to: C:\Users\Minh\.stmcufinder\plugins\mcufinder//mcu/cs/
2023-05-21 15:34:57,534 [INFO] RulesReader:64 - Compatibility file has been processed (293 Rules)
2023-05-21 15:34:57,716 [INFO] DbMcusXml:78 - Set database path to: C:\ST\STM32CubeIDE_1.4.0\STM32CubeIDE\plugins\com.st.stm32cube.common.mx_6.8.1.202304191431\\db\/mcu/
2023-05-21 15:34:57,716 [INFO] ApiDb:274 - Set plugin database path to: C:\ST\STM32CubeIDE_1.4.0\STM32CubeIDE\plugins\com.st.stm32cube.common.mx_6.8.1.202304191431\\db\/plugins/boardmanager/
2023-05-21 15:34:57,716 [INFO] ApiDb:261 - Set plugin images path to: C:\ST\STM32CubeIDE_1.4.0\STM32CubeIDE\plugins\com.st.stm32cube.common.mx_6.8.1.202304191431\\db\/plugins/mcufinder/images/
2023-05-21 15:34:57,717 [WARN] DbFile:41 - Overriding database path with different value: C:\Users\Minh\.stmcufinder\plugins\mcufinder/ => C:\Users\Minh\.stmcufinder\plugins\mcufinder
2023-05-21 15:34:57,717 [INFO] ApiDb:250 - Set database path to: C:\Users\Minh\.stmcufinder\plugins\mcufinder//mcu/
2023-05-21 15:34:57,717 [WARN] DbFile:41 - Overriding database path with different value: C:\Users\Minh\.stmcufinder\plugins\mcufinder/ => C:\Users\Minh\.stmcufinder\plugins\mcufinder
2023-05-21 15:34:57,718 [INFO] DbMcusAds:125 - Set database path to: C:\Users\Minh\.stmcufinder\plugins\mcufinder//mcu/
2023-05-21 15:34:57,718 [WARN] DbFile:41 - Overriding database path with different value: C:\Users\Minh\.stmcufinder\plugins\mcufinder/ => C:\Users\Minh\.stmcufinder\plugins\mcufinder
2023-05-21 15:34:57,718 [WARN] DbFile:41 - Overriding database path with different value: C:\Users\Minh\.stmcufinder\plugins\mcufinder/ => C:\Users\Minh\.stmcufinder\plugins\mcufinder
2023-05-21 15:34:57,718 [INFO] CrossReferenceDbSqlite:203 - Set database path to: C:\Users\Minh\.stmcufinder\plugins\mcufinder//mcu/cs/
2023-05-21 15:34:57,867 [INFO] MainPanel:253 - HeapMemory: 584056832
2023-05-21 15:34:58,071 [INFO] DbMcusXml:78 - Set database path to: C:\ST\STM32CubeIDE_1.4.0\STM32CubeIDE\plugins\com.st.stm32cube.common.mx_6.8.1.202304191431\\db\/mcu/
2023-05-21 15:34:58,071 [INFO] ApiDb:274 - Set plugin database path to: C:\ST\STM32CubeIDE_1.4.0\STM32CubeIDE\plugins\com.st.stm32cube.common.mx_6.8.1.202304191431\\db\/plugins/boardmanager/
2023-05-21 15:34:58,072 [INFO] ApiDb:261 - Set plugin images path to: C:\ST\STM32CubeIDE_1.4.0\STM32CubeIDE\plugins\com.st.stm32cube.common.mx_6.8.1.202304191431\\db\/plugins/mcufinder/images/
2023-05-21 15:34:58,073 [WARN] DbFile:41 - Overriding database path with different value: C:\Users\Minh\.stmcufinder\plugins\mcufinder/ => C:\Users\Minh\.stmcufinder\plugins\mcufinder
2023-05-21 15:34:58,073 [INFO] ApiDb:250 - Set database path to: C:\Users\Minh\.stmcufinder\plugins\mcufinder//mcu/
2023-05-21 15:34:58,073 [WARN] DbFile:41 - Overriding database path with different value: C:\Users\Minh\.stmcufinder\plugins\mcufinder/ => C:\Users\Minh\.stmcufinder\plugins\mcufinder
2023-05-21 15:34:58,074 [INFO] DbMcusAds:125 - Set database path to: C:\Users\Minh\.stmcufinder\plugins\mcufinder//mcu/
2023-05-21 15:34:58,074 [WARN] DbFile:41 - Overriding database path with different value: C:\Users\Minh\.stmcufinder\plugins\mcufinder/ => C:\Users\Minh\.stmcufinder\plugins\mcufinder
2023-05-21 15:34:58,074 [WARN] DbFile:41 - Overriding database path with different value: C:\Users\Minh\.stmcufinder\plugins\mcufinder/ => C:\Users\Minh\.stmcufinder\plugins\mcufinder
2023-05-21 15:34:58,074 [INFO] CrossReferenceDbSqlite:203 - Set database path to: C:\Users\Minh\.stmcufinder\plugins\mcufinder//mcu/cs/
2023-05-21 15:34:58,114 [INFO] ApplicationProperties:184 - Using Application install path: C:\ST\STM32CubeIDE_1.4.0\STM32CubeIDE\plugins\com.st.stm32cube.common.mx_6.8.1.202304191431
2023-05-21 15:34:58,118 [INFO] PluginManage:196 - Search for loadable plugins [exclusion list=, ]
2023-05-21 15:34:58,122 [INFO] PluginManage:310 - Check plugin analytics
2023-05-21 15:35:03,113 [INFO] AnalyticsPlugin:253 - Accepted Software Licenses: STM32CubeMX.6.0.0,STM32CubeMX.5.2.0
2023-05-21 15:35:03,114 [INFO] AnalyticsPlugin:255 - Accepted CMSIS Pack Licenses: 
2023-05-21 15:35:03,115 [INFO] AnalyticsPlugin:257 - Accepted Firmware Licenses: 
2023-05-21 15:35:03,129 [INFO] PluginManage:359 - Loaded plugin analytics (category:tool,tabindex:-1)
2023-05-21 15:35:03,129 [INFO] PluginManage:310 - Check plugin cadmodel
2023-05-21 15:35:03,159 [INFO] CADModel:105 - Init CAD model plugin
2023-05-21 15:35:03,160 [INFO] PluginManage:359 - Loaded plugin cadmodel (category:power,tabindex:5)
2023-05-21 15:35:03,160 [INFO] PluginManage:310 - Check plugin clock
2023-05-21 15:35:03,212 [INFO] PluginManage:359 - Loaded plugin clock (category:base,tabindex:2)
2023-05-21 15:35:03,212 [INFO] PluginManage:310 - Check plugin ddr
2023-05-21 15:35:03,217 [INFO] PluginManage:359 - Loaded plugin ddr (category:tool,tabindex:6)
2023-05-21 15:35:03,217 [INFO] PluginManage:310 - Check plugin filemanager
2023-05-21 15:35:03,485 [INFO] PluginManage:359 - Loaded plugin filemanager (category:base,tabindex:10)
2023-05-21 15:35:03,485 [INFO] PluginManage:310 - Check plugin ipmanager
2023-05-21 15:35:03,504 [INFO] PluginManage:359 - Loaded plugin ipmanager (category:base,tabindex:5)
2023-05-21 15:35:03,504 [INFO] PluginManage:310 - Check plugin lpbam
2023-05-21 15:35:03,543 [INFO] PluginManage:359 - Loaded plugin lpbam (category:base,tabindex:0)
2023-05-21 15:35:03,543 [INFO] PluginManage:310 - Check plugin pinoutandconfiguration
2023-05-21 15:35:03,577 [INFO] PluginManage:359 - Loaded plugin pinoutandconfiguration (category:base,tabindex:1)
2023-05-21 15:35:03,577 [INFO] PluginManage:310 - Check plugin pinoutconfig
2023-05-21 15:35:03,757 [WARN] SupportedApi:132 - Cannot load RTOS API schema: s4s-elt-must-match.1: The content of 'definitions' must match (annotation?, (simpleType | complexType)?, (unique | key | keyref)*)). A problem was found starting at: attribute.
2023-05-21 15:35:04,043 [INFO] PluginManage:359 - Loaded plugin pinoutconfig (category:base,tabindex:0)
2023-05-21 15:35:04,043 [INFO] PluginManage:310 - Check plugin power
2023-05-21 15:35:04,088 [INFO] PluginManage:359 - Loaded plugin power (category:power,tabindex:4)
2023-05-21 15:35:04,088 [INFO] PluginManage:310 - Check plugin projectmanager
2023-05-21 15:35:04,117 [INFO] PluginManage:359 - Loaded plugin projectmanager (category:projectmanager,tabindex:3)
2023-05-21 15:35:04,117 [INFO] PluginManage:310 - Check plugin thirdparty
2023-05-21 15:35:04,556 [INFO] PluginManage:359 - Loaded plugin thirdparty (category:base,tabindex:-1)
2023-05-21 15:35:04,556 [WARN] IntegrityCheckThread:84 - waiting for thirdparty lock release [integrity check]
2023-05-21 15:35:04,556 [INFO] PluginManage:310 - Check plugin tools
2023-05-21 15:35:04,556 [INFO] IntegrityCheckThread:86 - entering critical section [integrity check]
2023-05-21 15:35:04,561 [INFO] ThirdPartyUpdaterWithRetryManager:70 - Updater plugin not ready yet. [1/15]
2023-05-21 15:35:04,618 [INFO] PluginManage:359 - Loaded plugin tools (category:base,tabindex:7)
2023-05-21 15:35:04,618 [INFO] PluginManage:310 - Check plugin tutovideos
2023-05-21 15:35:05,053 [INFO] PluginManage:359 - Loaded plugin tutovideos (category:base,tabindex:-1)
2023-05-21 15:35:05,053 [INFO] PluginManage:310 - Check plugin updater
2023-05-21 15:35:05,082 [INFO] PluginManage:359 - Loaded plugin updater (category:base,tabindex:12)
2023-05-21 15:35:05,084 [INFO] PluginManage:283 - PluginManage : Loaded plugins [15]
2023-05-21 15:35:05,715 [INFO] PinOutPanel:1499 - setPackage(No Configuration,No Configuration)
2023-05-21 15:35:05,865 [INFO] CADModel:165 - CPN selected for project level
2023-05-21 15:35:05,865 [INFO] CADModel:114 - Register for checkConnection events
2023-05-21 15:35:05,938 [INFO] IPUIPlugin:80 - create IPUIPlugin
2023-05-21 15:35:05,939 [INFO] PluginManager:220 - loadIPPluginJar : add adc
2023-05-21 15:35:06,023 [INFO] IPUIPlugin:80 - create IPUIPlugin
2023-05-21 15:35:06,024 [INFO] PluginManager:220 - loadIPPluginJar : add aes
2023-05-21 15:35:06,099 [INFO] IPUIPlugin:80 - create IPUIPlugin
2023-05-21 15:35:06,100 [INFO] PluginManager:220 - loadIPPluginJar : add can
2023-05-21 15:35:06,143 [INFO] IPUIPlugin:80 - create IPUIPlugin
2023-05-21 15:35:06,143 [INFO] PluginManager:220 - loadIPPluginJar : add comp
2023-05-21 15:35:06,211 [INFO] IPUIPlugin:80 - create IPUIPlugin
2023-05-21 15:35:06,212 [INFO] PluginManager:220 - loadIPPluginJar : add cryp
2023-05-21 15:35:06,270 [INFO] IPUIPlugin:80 - create IPUIPlugin
2023-05-21 15:35:06,270 [INFO] PluginManager:220 - loadIPPluginJar : add dfsdm
2023-05-21 15:35:06,298 [INFO] IPUIPlugin:80 - create IPUIPlugin
2023-05-21 15:35:06,300 [INFO] PluginManager:220 - loadIPPluginJar : add dma
2023-05-21 15:35:06,396 [INFO] IPUIPlugin:80 - create IPUIPlugin
2023-05-21 15:35:06,396 [INFO] PluginManager:220 - loadIPPluginJar : add dma3
2023-05-21 15:35:06,434 [INFO] IPUIPlugin:80 - create IPUIPlugin
2023-05-21 15:35:06,435 [INFO] PluginManager:220 - loadIPPluginJar : add fatfs
2023-05-21 15:35:06,525 [INFO] IPUIPlugin:80 - create IPUIPlugin
2023-05-21 15:35:06,525 [INFO] PluginManager:220 - loadIPPluginJar : add fmc
2023-05-21 15:35:06,557 [INFO] IPUIPlugin:80 - create IPUIPlugin
2023-05-21 15:35:06,558 [INFO] PluginManager:220 - loadIPPluginJar : add freertos
2023-05-21 15:35:06,594 [INFO] IPUIPlugin:80 - create IPUIPlugin
2023-05-21 15:35:06,594 [INFO] PluginManager:220 - loadIPPluginJar : add genericplugin
2023-05-21 15:35:06,779 [INFO] IPUIPlugin:80 - create IPUIPlugin
2023-05-21 15:35:06,779 [INFO] PluginManager:220 - loadIPPluginJar : add gfxmmu
2023-05-21 15:35:07,030 [INFO] IPUIPlugin:80 - create IPUIPlugin
2023-05-21 15:35:07,030 [INFO] PluginManager:220 - loadIPPluginJar : add gic
2023-05-21 15:35:07,061 [INFO] IPUIPlugin:80 - create IPUIPlugin
2023-05-21 15:35:07,061 [INFO] PluginManager:220 - loadIPPluginJar : add gpio
2023-05-21 15:35:07,225 [INFO] IPUIPlugin:80 - create IPUIPlugin
2023-05-21 15:35:07,226 [INFO] PluginManager:220 - loadIPPluginJar : add gtzc
2023-05-21 15:35:07,284 [INFO] IPUIPlugin:80 - create IPUIPlugin
2023-05-21 15:35:07,284 [INFO] PluginManager:220 - loadIPPluginJar : add hash
2023-05-21 15:35:07,376 [INFO] IPUIPlugin:80 - create IPUIPlugin
2023-05-21 15:35:07,377 [INFO] PluginManager:220 - loadIPPluginJar : add i2c
2023-05-21 15:35:07,448 [INFO] IPUIPlugin:80 - create IPUIPlugin
2023-05-21 15:35:07,449 [INFO] PluginManager:220 - loadIPPluginJar : add i2s
2023-05-21 15:35:07,539 [INFO] IPUIPlugin:80 - create IPUIPlugin
2023-05-21 15:35:07,539 [INFO] PluginManager:220 - loadIPPluginJar : add i3c
2023-05-21 15:35:07,566 [INFO] ThirdPartyUpdaterWithRetryManager:70 - Updater plugin not ready yet. [2/15]
2023-05-21 15:35:07,729 [INFO] IPUIPlugin:80 - create IPUIPlugin
2023-05-21 15:35:07,729 [INFO] PluginManager:220 - loadIPPluginJar : add ipddr
2023-05-21 15:35:07,899 [INFO] IPUIPlugin:80 - create IPUIPlugin
2023-05-21 15:35:07,899 [INFO] PluginManager:220 - loadIPPluginJar : add linkedlist
2023-05-21 15:35:07,973 [INFO] IPUIPlugin:80 - create IPUIPlugin
2023-05-21 15:35:07,973 [INFO] PluginManager:220 - loadIPPluginJar : add lorawan
2023-05-21 15:35:08,057 [INFO] IPUIPlugin:80 - create IPUIPlugin
2023-05-21 15:35:08,057 [INFO] PluginManager:220 - loadIPPluginJar : add ltdc
2023-05-21 15:35:08,092 [INFO] IPUIPlugin:80 - create IPUIPlugin
2023-05-21 15:35:08,093 [INFO] PluginManager:220 - loadIPPluginJar : add mdma
2023-05-21 15:35:08,122 [INFO] IPUIPlugin:80 - create IPUIPlugin
2023-05-21 15:35:08,122 [INFO] PluginManager:220 - loadIPPluginJar : add nvic
2023-05-21 15:35:08,211 [INFO] IPUIPlugin:80 - create IPUIPlugin
2023-05-21 15:35:08,211 [INFO] PluginManager:220 - loadIPPluginJar : add opamp
2023-05-21 15:35:08,359 [INFO] IPUIPlugin:80 - create IPUIPlugin
2023-05-21 15:35:08,360 [INFO] PluginManager:220 - loadIPPluginJar : add openamp
2023-05-21 15:35:08,462 [INFO] IPUIPlugin:80 - create IPUIPlugin
2023-05-21 15:35:08,463 [INFO] PluginManager:220 - loadIPPluginJar : add pdm2pcm
2023-05-21 15:35:08,501 [INFO] IPUIPlugin:80 - create IPUIPlugin
2023-05-21 15:35:08,506 [INFO] PluginManager:220 - loadIPPluginJar : add plateformsettings
2023-05-21 15:35:08,558 [INFO] IPUIPlugin:80 - create IPUIPlugin
2023-05-21 15:35:08,558 [INFO] PluginManager:220 - loadIPPluginJar : add quadspi
2023-05-21 15:35:08,587 [INFO] IPUIPlugin:80 - create IPUIPlugin
2023-05-21 15:35:08,587 [INFO] PluginManager:220 - loadIPPluginJar : add resmgrutility
2023-05-21 15:35:08,701 [INFO] IPUIPlugin:80 - create IPUIPlugin
2023-05-21 15:35:08,701 [INFO] PluginManager:220 - loadIPPluginJar : add sai
2023-05-21 15:35:08,788 [INFO] IPUIPlugin:80 - create IPUIPlugin
2023-05-21 15:35:08,789 [INFO] PluginManager:220 - loadIPPluginJar : add spi
2023-05-21 15:35:08,943 [INFO] IPUIPlugin:80 - create IPUIPlugin
2023-05-21 15:35:08,943 [INFO] PluginManager:220 - loadIPPluginJar : add stm32_wpan
2023-05-21 15:35:08,992 [INFO] IPUIPlugin:80 - create IPUIPlugin
2023-05-21 15:35:08,992 [INFO] PluginManager:220 - loadIPPluginJar : add tim
2023-05-21 15:35:09,104 [INFO] IPUIPlugin:80 - create IPUIPlugin
2023-05-21 15:35:09,104 [INFO] PluginManager:220 - loadIPPluginJar : add touchsensing
2023-05-21 15:35:09,154 [INFO] IPUIPlugin:80 - create IPUIPlugin
2023-05-21 15:35:09,154 [INFO] PluginManager:220 - loadIPPluginJar : add tracer_emb
2023-05-21 15:35:09,205 [INFO] IPUIPlugin:80 - create IPUIPlugin
2023-05-21 15:35:09,205 [INFO] PluginManager:220 - loadIPPluginJar : add ts
2023-05-21 15:35:09,251 [INFO] IPUIPlugin:80 - create IPUIPlugin
2023-05-21 15:35:09,251 [INFO] PluginManager:220 - loadIPPluginJar : add tsc
2023-05-21 15:35:09,299 [INFO] IPUIPlugin:80 - create IPUIPlugin
2023-05-21 15:35:09,299 [INFO] PluginManager:220 - loadIPPluginJar : add ucpd
2023-05-21 15:35:09,385 [INFO] IPUIPlugin:80 - create IPUIPlugin
2023-05-21 15:35:09,385 [INFO] PluginManager:220 - loadIPPluginJar : add usart
2023-05-21 15:35:09,469 [INFO] IPUIPlugin:80 - create IPUIPlugin
2023-05-21 15:35:09,469 [INFO] PluginManager:220 - loadIPPluginJar : add usbx
2023-05-21 15:35:09,674 [INFO] CADModel:165 - CPN selected for project level
2023-05-21 15:35:09,675 [INFO] CADModel:114 - Register for checkConnection events
2023-05-21 15:35:09,675 [FATAL] Updater:308 - Updater called before beeing initialized
2023-05-21 15:35:09,675 [ERROR] CADModel:125 - Updater not yet initialized, retry later 
2023-05-21 15:35:10,009 [INFO] CADModel:165 - CPN selected for project level
2023-05-21 15:35:10,010 [INFO] CADModel:114 - Register for checkConnection events
2023-05-21 15:35:10,010 [FATAL] Updater:308 - Updater called before beeing initialized
2023-05-21 15:35:10,010 [ERROR] CADModel:125 - Updater not yet initialized, retry later 
2023-05-21 15:35:10,019 [FATAL] Updater:308 - Updater called before beeing initialized
2023-05-21 15:35:10,262 [FATAL] Updater:308 - Updater called before beeing initialized
2023-05-21 15:35:10,278 [INFO] DbMcusAds:53 - JSON generation date=Tue Mar 07 17:50:54 JST 2023 (1678179054945)
2023-05-21 15:35:10,278 [FATAL] Updater:308 - Updater called before beeing initialized
2023-05-21 15:35:10,442 [WARN] DetailPanel:346 - Failed to get advertising image, set to default
2023-05-21 15:35:10,574 [INFO] ThirdPartyUpdaterWithRetryManager:70 - Updater plugin not ready yet. [3/15]
2023-05-21 15:35:10,715 [FATAL] Updater:308 - Updater called before beeing initialized
2023-05-21 15:35:10,719 [FATAL] Updater:308 - Updater called before beeing initialized
2023-05-21 15:35:10,719 [FATAL] Updater:308 - Updater called before beeing initialized
2023-05-21 15:35:10,719 [WARN] DetailPanel:346 - Failed to get advertising image, set to default
2023-05-21 15:35:10,721 [FATAL] Updater:308 - Updater called before beeing initialized
2023-05-21 15:35:10,838 [ERROR] Updater:1120 - MainUpdater not yet initialized. External WinMGr cannot be set.
2023-05-21 15:35:10,855 [INFO] Updater:1056 - Updater Version found : 6.8.1
2023-05-21 15:35:10,889 [INFO] ApplicationProperties:184 - Using Application install path: C:\ST\STM32CubeIDE_1.4.0\STM32CubeIDE\plugins\com.st.stm32cube.common.mx_6.8.1.202304191431
2023-05-21 15:35:12,145 [INFO] MainUpdater:2854 - connection check result : 10
2023-05-21 15:35:12,146 [INFO] MainUpdater:3548 - Updater definition file requires update
2023-05-21 15:35:12,147 [INFO] MainUpdater:283 - Updater Check For Update Now.
2023-05-21 15:35:12,149 [INFO] MicroXplorer:498 - Change Database Version : DB.6.0.81
2023-05-21 15:35:13,579 [WARN] MainUpdater:1187 - Updater busy. Cannot search thirdparties
2023-05-21 15:35:13,579 [INFO] ThirdPartyUpdaterWithRetryManager:96 - Updater plugin is busy. [1/15]
2023-05-21 15:35:14,027 [INFO] ServerAccessManage:473 - Download File updaters.zip
2023-05-21 15:35:14,267 [INFO] FileExtend:240 - Unzip File : updaters.zip
2023-05-21 15:35:14,267 [INFO] FileExtend:255 - Standard Zip Deflate
2023-05-21 15:35:14,793 [INFO] ServerAccessManage:473 - Download File PacksControlFlags.xml
2023-05-21 15:35:15,857 [INFO] ServerAccessManage:473 - Download File cubemx.pidx
2023-05-21 15:35:16,012 [INFO] LoadServerUpdatesThread:373 - End of LoadServerUpdate Thread
2023-05-21 15:35:16,226 [INFO] CheckServerUpdateThread:120 - End of CheckServer Thread
2023-05-21 15:35:16,315 [INFO] MainUpdater:2854 - connection check result : 10
2023-05-21 15:35:16,368 [INFO] McuFinderGlobals:66 - Set McuFinderConnectedMode to true
2023-05-21 15:35:16,582 [WARN] MainUpdater:1187 - Updater busy. Cannot search thirdparties
2023-05-21 15:35:16,582 [INFO] ThirdPartyUpdaterWithRetryManager:96 - Updater plugin is busy. [2/15]
2023-05-21 15:35:17,393 [INFO] ServerAccessManage:473 - Download File mcusAds.json._tmp_
2023-05-21 15:35:17,506 [INFO] LoadUrlFilesThread:156 - End of LoadUrlFiles Thread
2023-05-21 15:35:17,708 [INFO] ServerAccessManage:473 - Download File cube-finder-db.zip
2023-05-21 15:35:19,588 [WARN] MainUpdater:1187 - Updater busy. Cannot search thirdparties
2023-05-21 15:35:19,588 [INFO] ThirdPartyUpdaterWithRetryManager:96 - Updater plugin is busy. [3/15]
2023-05-21 15:35:22,594 [WARN] MainUpdater:1187 - Updater busy. Cannot search thirdparties
2023-05-21 15:35:22,594 [INFO] ThirdPartyUpdaterWithRetryManager:96 - Updater plugin is busy. [4/15]
2023-05-21 15:35:25,594 [WARN] MainUpdater:1187 - Updater busy. Cannot search thirdparties
2023-05-21 15:35:25,594 [INFO] ThirdPartyUpdaterWithRetryManager:96 - Updater plugin is busy. [5/15]
2023-05-21 15:35:28,600 [WARN] MainUpdater:1187 - Updater busy. Cannot search thirdparties
2023-05-21 15:35:28,600 [INFO] ThirdPartyUpdaterWithRetryManager:96 - Updater plugin is busy. [6/15]
2023-05-21 15:35:31,309 [INFO] FileExtend:240 - Unzip File : cube-finder-db.zip
2023-05-21 15:35:31,309 [INFO] FileExtend:255 - Standard Zip Deflate
2023-05-21 15:35:31,614 [WARN] MainUpdater:1187 - Updater busy. Cannot search thirdparties
2023-05-21 15:35:31,614 [INFO] ThirdPartyUpdaterWithRetryManager:96 - Updater plugin is busy. [7/15]
2023-05-21 15:35:32,574 [INFO] LoadUrlFilesThread:156 - End of LoadUrlFiles Thread
2023-05-21 15:35:34,468 [INFO] ServerAccessManage:473 - Download File crdb.zip
2023-05-21 15:35:34,629 [WARN] MainUpdater:1187 - Updater busy. Cannot search thirdparties
2023-05-21 15:35:34,629 [INFO] ThirdPartyUpdaterWithRetryManager:96 - Updater plugin is busy. [8/15]
2023-05-21 15:35:36,610 [INFO] FileExtend:240 - Unzip File : crdb.zip
2023-05-21 15:35:36,611 [INFO] FileExtend:255 - Standard Zip Deflate
2023-05-21 15:35:36,758 [INFO] LoadUrlFilesThread:156 - End of LoadUrlFiles Thread
2023-05-21 15:35:37,062 [INFO] ServerAccessManage:473 - Download File tutoVideoDB.zip
2023-05-21 15:35:37,189 [INFO] FileExtend:240 - Unzip File : tutoVideoDB.zip
2023-05-21 15:35:37,189 [INFO] FileExtend:255 - Standard Zip Deflate
2023-05-21 15:35:37,309 [INFO] LoadUrlFilesThread:156 - End of LoadUrlFiles Thread
2023-05-21 15:35:37,321 [WARN] DbFile:41 - Overriding database path with different value: C:\Users\Minh\.stmcufinder\plugins\mcufinder/ => C:\Users\Minh\.stmcufinder\plugins\mcufinder
2023-05-21 15:35:37,633 [WARN] MainUpdater:1187 - Updater busy. Cannot search thirdparties
2023-05-21 15:35:37,634 [INFO] ThirdPartyUpdaterWithRetryManager:96 - Updater plugin is busy. [9/15]
2023-05-21 15:35:38,465 [INFO] ServerAccessManage:473 - Download File api_config.json
2023-05-21 15:35:38,576 [INFO] LoadUrlFilesThread:156 - End of LoadUrlFiles Thread
2023-05-21 15:35:38,577 [INFO] DbMcusAds:53 - JSON generation date=Tue Mar 07 17:50:54 JST 2023 (1678179054945)
2023-05-21 15:35:38,621 [INFO] LoadUrlFilesThread:185 - End of LoadServerUrlFiles without Thread
2023-05-21 15:35:38,621 [INFO] TargetSelectorAdapter:259 - Refresh data is successful
2023-05-21 15:35:38,992 [INFO] ApiDb:581 - Connected to CubeFinder SQLite database (C:\Users\Minh\.stmcufinder\plugins\mcufinder\mcu\cube-finder-db.db)
2023-05-21 15:35:39,179 [INFO] ApiDb:668 - CubeFinder database Data Model version=2.1
2023-05-21 15:35:39,180 [INFO] ApiDb:669 - CubeFinder database Configuration version=3.0.35
2023-05-21 15:35:39,180 [INFO] ApiDb:670 - CubeFinder database generation date=2023-05-12 (1683877179)
2023-05-21 15:35:39,181 [INFO] ApiDb:671 - CubeFinder database FW Pack versions=[FP-ATR-ASTRA1_V2.0.0, FP-SNS-FLIGHT1_V5.0.0, FP-SNS-MOTENV1_V4.3.0, STM32Cube_FW_C0_V1.0.1, STM32Cube_FW_F0_V1.11.4, STM32Cube_FW_F3_V1.11.4, STM32Cube_FW_F4_V1.27.1, STM32Cube_FW_F7_V1.17.0, STM32Cube_FW_G0_V1.6.1, STM32Cube_FW_G4_V1.5.1, STM32Cube_FW_H5_V0.5.1, STM32Cube_FW_H5_V1.0.0, STM32Cube_FW_H7_V1.11.0, STM32Cube_FW_L0_V1.12.2, STM32Cube_FW_L5_V1.5.0, STM32Cube_FW_U5_V1.2.0, STM32Cube_FW_WBA_V1.0.0, STM32Cube_FW_WBA_V1.0.0RC1, STM32Cube_FW_WBA_V1.0.0RC3, STM32Cube_FW_WB_V1.15.0RC1, STM32Cube_FW_WB_V1.16.0, STM32Cube_FW_WB_V1.16.0RC2, STM32Cube_FW_WL_V1.3.0, X-CUBE-ALGOBUILD_V1.3.0, X-CUBE-ALS_V1.0.1, X-CUBE-AZRTOS-F4_V1.1.0, X-CUBE-AZRTOS-F7_V1.1.0, X-CUBE-AZRTOS-G0_V1.1.0, X-CUBE-AZRTOS-G4_V2.0.0, X-CUBE-AZRTOS-H7_V3.1.0, X-CUBE-AZRTOS-L4_V1.0.0, X-CUBE-AZRTOS-L5_V1.1.0, X-CUBE-AZRTOS-WB_V1.1.0, X-CUBE-AZRTOS-WL_V1.0.0, X-CUBE-BLE1_V6.2.4, X-CUBE-BLE2_V3.3.0, X-CUBE-BLEMGR_V2.0.0, X-CUBE-EEPRMA1_V4.1.0, X-CUBE-FREERTOS_V1.0.1, X-CUBE-GNSS1_V6.0.0, X-CUBE-MEMS1_V9.1.0, X-CUBE-MEMS1_V9.4.0, X-CUBE-MEMS1_V9.6.0, X-CUBE-NFC4_V3.0.0, X-CUBE-NFC7_V1.0.0, X-CUBE-SFXS2LP1_V4.0.0, X-CUBE-SUBG2_V5.0.0]
2023-05-21 15:35:41,035 [WARN] PackLoader:240 - Cannot read IP mode file for STMicroelectronics.X-CUBE-GNSS1.6.0.0
2023-05-21 15:35:41,111 [WARN] PackLoader:240 - Cannot read IP mode file for STMicroelectronics.X-CUBE-AZRTOS-F4.1.1.0
2023-05-21 15:35:41,145 [WARN] PackLoader:240 - Cannot read IP mode file for STMicroelectronics.X-CUBE-SMBUS.2.1.0
2023-05-21 15:35:41,192 [WARN] PackLoader:240 - Cannot read IP mode file for STMicroelectronics.X-CUBE-AZRTOS-F7.1.1.0
2023-05-21 15:35:41,356 [WARN] PackLoader:240 - Cannot read IP mode file for STMicroelectronics.X-CUBE-MEMS1.9.6.0
2023-05-21 15:35:41,811 [ERROR] RealEvaluatedCondition:428 - Found unsupported composite condition: CLASS='Data Exchange' GROUP='STM32_MetaDataManager'
2023-05-21 15:35:41,812 [ERROR] RealEvaluatedCondition:428 - Found unsupported composite condition: CLASS='Data Exchange' GROUP='STM32_MetaDataManager'
2023-05-21 15:35:41,815 [WARN] PackLoader:240 - Cannot read IP mode file for STMicroelectronics.FP-SNS-MOTENV1.4.3.0
2023-05-21 15:35:41,827 [WARN] PackLoader:240 - Cannot read IP mode file for STMicroelectronics.FP-SNS-FLIGHT1.5.0.0
2023-05-21 15:35:41,839 [WARN] PackLoader:240 - Cannot read IP mode file for STMicroelectronics.X-CUBE-BLE1.6.2.4
2023-05-21 15:35:41,856 [WARN] PackLoader:240 - Cannot read IP mode file for emotas.I-CUBE-CANOPEN.1.1.3
2023-05-21 15:35:41,877 [WARN] PackLoader:240 - Cannot read IP mode file for STMicroelectronics.X-CUBE-BLEMGR.2.0.0
2023-05-21 15:35:41,925 [WARN] ConditionMgr:438 - getConditionDescription Invalid condition id : UX DEVICE CLASS RTOS Condition cause : null
2023-05-21 15:35:41,925 [WARN] ConditionMgr:438 - getConditionDescription Invalid condition id : UX DEVICE CLASS RTOS Condition cause : null
2023-05-21 15:35:41,933 [WARN] PackLoader:240 - Cannot read IP mode file for STMicroelectronics.X-CUBE-AZRTOS-H7.3.1.0
2023-05-21 15:35:41,935 [WARN] ConditionMgr:1039 - genDependencies : Invalid condition id : UX DEVICE CLASS RTOS Condition cause : null
2023-05-21 15:35:41,936 [WARN] ConditionMgr:1039 - genDependencies : Invalid condition id : UX DEVICE CLASS RTOS Condition cause : null
2023-05-21 15:35:41,940 [WARN] ConditionMgr:1039 - genDependencies : Invalid condition id : UX DEVICE CLASS RTOS Condition cause : null
2023-05-21 15:35:41,942 [WARN] ConditionMgr:1039 - genDependencies : Invalid condition id : UX DEVICE CLASS RTOS Condition cause : null
2023-05-21 15:35:41,942 [WARN] ConditionMgr:1039 - genDependencies : Invalid condition id : UX DEVICE CLASS RTOS Condition cause : null
2023-05-21 15:35:41,964 [WARN] PackLoader:240 - Cannot read IP mode file for STMicroelectronics.X-CUBE-DISPLAY.3.0.0
2023-05-21 15:35:41,985 [WARN] PackLoader:240 - Cannot read IP mode file for wolfSSL.I-CUBE-wolfSSL.5.5.4
2023-05-21 15:35:41,997 [WARN] PackLoader:240 - Cannot read IP mode file for STMicroelectronics.X-CUBE-NFC7.1.0.0
2023-05-21 15:35:42,016 [WARN] PackLoader:240 - Cannot read IP mode file for STMicroelectronics.X-CUBE-EEPRMA1.4.1.0
2023-05-21 15:35:42,041 [WARN] PackLoader:240 - Cannot read IP mode file for WES.I-CUBE-Cesium.1.3.0
2023-05-21 15:35:42,055 [WARN] PackLoader:240 - Cannot read IP mode file for STMicroelectronics.X-CUBE-SFXS2LP1.4.0.0
2023-05-21 15:35:42,068 [WARN] PackLoader:240 - Cannot read IP mode file for STMicroelectronics.X-CUBE-BLE2.3.3.0
2023-05-21 15:35:42,093 [WARN] PackLoader:240 - Cannot read IP mode file for STMicroelectronics.X-CUBE-TOF1.3.2.0
2023-05-21 15:35:42,181 [WARN] PackLoader:240 - Cannot read IP mode file for STMicroelectronics.X-CUBE-AZRTOS-H7.3.0.0
2023-05-21 15:35:42,198 [WARN] PackLoader:240 - Cannot read IP mode file for STMicroelectronics.X-CUBE-ISPU.1.1.0
2023-05-21 15:35:42,214 [WARN] PackLoader:240 - Cannot read IP mode file for RoweBots.I-CUBE-UNISONRTOS.5.5.0-4
2023-05-21 15:35:42,225 [WARN] PackLoader:240 - Cannot read IP mode file for STMicroelectronics.X-CUBE-AI.8.0.0
2023-05-21 15:35:42,236 [WARN] PackLoader:240 - Cannot read IP mode file for STMicroelectronics.X-CUBE-FREERTOS.1.0.0
2023-05-21 15:35:42,245 [WARN] PackLoader:240 - Cannot read IP mode file for STMicroelectronics.X-CUBE-FREERTOS.1.0.1
2023-05-21 15:35:42,255 [WARN] PackLoader:240 - Cannot read IP mode file for STMicroelectronics.X-CUBE-TOUCHGFX.4.21.1
2023-05-21 15:35:42,260 [WARN] PackLoader:240 - Cannot read IP mode file for STMicroelectronics.X-CUBE-TOUCHGFX.4.21.3
2023-05-21 15:35:42,265 [WARN] PackLoader:240 - Cannot read IP mode file for STMicroelectronics.X-CUBE-TOUCHGFX.4.21.4
2023-05-21 15:35:42,277 [WARN] PackLoader:240 - Cannot read IP mode file for STMicroelectronics.X-CUBE-ALGOBUILD.1.3.0
2023-05-21 15:35:42,309 [WARN] PackLoader:240 - Cannot read IP mode file for STMicroelectronics.X-CUBE-AZRTOS-L5.1.1.0
2023-05-21 15:35:42,348 [WARN] PackLoader:240 - Cannot read IP mode file for STMicroelectronics.X-CUBE-AZRTOS-G0.1.1.0
2023-05-21 15:35:42,360 [WARN] PackLoader:240 - Cannot read IP mode file for STMicroelectronics.X-CUBE-AI.8.0.1
2023-05-21 15:35:42,381 [WARN] PackLoader:240 - Cannot read IP mode file for STMicroelectronics.X-CUBE-SUBG2.5.0.0
2023-05-21 15:35:42,404 [WARN] PackLoader:240 - Cannot read IP mode file for STMicroelectronics.X-CUBE-NFC4.3.0.0
2023-05-21 15:35:42,439 [WARN] PackLoader:240 - Cannot read IP mode file for STMicroelectronics.X-CUBE-AZRTOS-G4.2.0.0
2023-05-21 15:35:42,463 [WARN] PackLoader:240 - Cannot read IP mode file for STMicroelectronics.X-CUBE-TOF1.3.3.0
2023-05-21 15:35:42,494 [WARN] PackLoader:240 - Cannot read IP mode file for STMicroelectronics.FP-ATR-ASTRA1.1.1.1
2023-05-21 15:35:42,519 [WARN] PackLoader:240 - Cannot read IP mode file for STMicroelectronics.X-CUBE-AZRTOS-G4.1.0.0
2023-05-21 15:35:42,532 [WARN] PackLoader:240 - Cannot read IP mode file for STMicroelectronics.FP-ATR-SIGFOX1.3.2.0
2023-05-21 15:35:42,572 [WARN] PackLoader:240 - Cannot read IP mode file for STMicroelectronics.X-CUBE-AZRTOS-L4.1.0.0
2023-05-21 15:35:42,603 [WARN] PackLoader:240 - Cannot read IP mode file for STMicroelectronics.X-CUBE-AZRTOS-WL.1.0.0
2023-05-21 15:35:42,616 [WARN] PackLoader:240 - Cannot read IP mode file for portGmbH.I-Cube-SoM-uGOAL.1.1.0
2023-05-21 15:35:42,626 [WARN] PackLoader:240 - Cannot read IP mode file for STMicroelectronics.X-CUBE-ALS.1.0.1
2023-05-21 15:35:42,713 [WARN] PackLoader:240 - Cannot read IP mode file for STMicroelectronics.X-CUBE-MEMS1.9.5.0
2023-05-21 15:35:43,110 [WARN] PackLoader:240 - Cannot read IP mode file for STMicroelectronics.X-CUBE-AZRTOS-WB.1.1.0
2023-05-21 15:35:43,179 [WARN] PackLoader:240 - Cannot read IP mode file for SEGGER.I-CUBE-embOS.1.3.1
2023-05-21 15:35:43,272 [WARN] PackLoader:240 - Cannot read IP mode file for STMicroelectronics.FP-ATR-ASTRA1.2.0.0
2023-05-21 15:35:43,274 [INFO] ThirdParty:978 - Integrity check success = true
2023-05-21 15:35:43,274 [INFO] IntegrityCheckThread:100 - exiting critical section [integrity check]
2023-05-21 15:35:43,274 [INFO] IntegrityCheckThread:103 - End integrity checks thread
2023-05-21 15:35:44,123 [INFO] ApiDb:240 - Found 297 in-development CPN: [B-G473E-ZEST1S, B-WB1M-WPAN1, B-WL5M-SUBG1, NUCLEO-C031C6, NUCLEO-H503RB, NUCLEO-H563ZI, NUCLEO-U545RE-Q, NUCLEO-U5A5ZJ-Q, NUCLEO-WBA52CG, STEVAL-PROTEUS1, STEVAL-STWINBX1, STM320518-EVAL, STM32C0116-DK, STM32C011D6Y3TR, STM32C011D6Y6TR, STM32C011F4P3, STM32C011F4P6, STM32C011F4U3, STM32C011F4U6TR, STM32C011F6P3, STM32C011F6P6, STM32C011F6U3, STM32C011F6U6TR, STM32C011J4M3, STM32C011J4M6, STM32C011J6M3, STM32C011J6M6, STM32C0316-DK, STM32C031C4T3, STM32C031C4T6, STM32C031C4U3, STM32C031C4U6, STM32C031C6T3, STM32C031C6T6, STM32C031C6U3, STM32C031C6U6, STM32C031F4P3, STM32C031F4P6, STM32C031F6P3, STM32C031F6P6, STM32C031G4U3, STM32C031G4U6, STM32C031G6U3, STM32C031G6U6, STM32C031K4T3, STM32C031K4T6, STM32C031K4U3, STM32C031K4U6, STM32C031K6T3, STM32C031K6T6, STM32C031K6U3, STM32C031K6U6, STM32G071K8TXN, STM32G071K8UXN, STM32G081GBU6N, STM32G081KBT6N, STM32G081KBUXN, STM32G0B1CCT6N, STM32G0B1KCT6, STM32G0B1NEY6TR, STM32G0B1RCT6N, STM32G0C1CCT6, STM32G0C1CCT6N, STM32G0C1CCU6N, STM32G0C1CET6N, STM32G0C1CEU6N, STM32G0C1KCT6, STM32G0C1NEY6TR, STM32G0C1RCI6N, STM32G0C1RCT6N, STM32G0C1REI6N, STM32G0C1RET6N, STM32G0C1VCI6, STM32G0C1VEI6, STM32G471CCT6, STM32G471CCU6, STM32G471CET3, STM32G471CET6, STM32G471CEU3, STM32G471CEU6, STM32G471MCT6, STM32G471MET3, STM32G471MET6, STM32G471MEY6TR, STM32G471QCT6, STM32G471QET3, STM32G471RCT6, STM32G471RET3, STM32G471RET6, STM32G471VCH6, STM32G471VCI6, STM32G471VCT6, STM32G471VEH3, STM32G471VEH6, STM32G471VEI3, STM32G471VEI6, STM32G471VET3, STM32G471VET6, STM32G474CCT6, STM32H503CBT6, STM32H503CBU6, STM32H503EBY6TR, STM32H503KBU6, STM32H503RBT6, STM32H562AGI6, STM32H562AII6, STM32H562IGK6, STM32H562IGT6, STM32H562IIK6, STM32H562IIT6, STM32H562RGT6, STM32H562RGV6, STM32H562RIT6, STM32H562RIV6, STM32H562VGT6, STM32H562VIT6, STM32H562ZGT6, STM32H562ZIT6, STM32H563AGI6, STM32H563AII3Q, STM32H563AII6, STM32H563IGK6, STM32H563IGT6, STM32H563IIK3Q, STM32H563IIK6, STM32H563IIT3Q, STM32H563IIT6, STM32H563MIY3QTR, STM32H563RGT6, STM32H563RGV6, STM32H563RIT6, STM32H563RIV6, STM32H563VGT6, STM32H563VIT3Q, STM32H563VIT6, STM32H563ZGT6, STM32H563ZIT3Q, STM32H563ZIT6, STM32H573AII3Q, STM32H573AII6, STM32H573I-DK, STM32H573IIK3Q, STM32H573IIK6, STM32H573IIT3Q, STM32H573IIT6, STM32H573MIY3QTR, STM32H573RIT6, STM32H573RIV6, STM32H573VIT3Q, STM32H573VIT6, STM32H573ZIT3Q, STM32H573ZIT6, STM32L4R5QGI6STR, STM32MP131AAE3, STM32MP131AAF3, STM32MP131AAG3, STM32MP131CAE3, STM32MP131CAF3, STM32MP131CAG3, STM32MP131DAE7, STM32MP131DAF7, STM32MP131DAG7, STM32MP131FAE7, STM32MP131FAF7, STM32MP131FAG7, STM32MP133AAE3, STM32MP133AAF3, STM32MP133AAG3, STM32MP133CAE3, STM32MP133CAF3, STM32MP133CAG3, STM32MP133DAE7, STM32MP133DAF7, STM32MP133DAG7, STM32MP133FAE7, STM32MP133FAF7, STM32MP133FAG7, STM32MP135AAE3, STM32MP135AAF3, STM32MP135AAG3, STM32MP135CAE3, STM32MP135CAF3, STM32MP135CAG3, STM32MP135DAE7, STM32MP135DAF7, STM32MP135DAG7, STM32MP135F-DK, STM32MP135FAE7, STM32MP135FAF7, STM32MP135FAF7T, STM32MP135FAF7U, STM32MP135FAG7, STM32U535CBT6, STM32U535CBT6Q, STM32U535CBU6, STM32U535CBU6Q, STM32U535CCT6, STM32U535CCT6Q, STM32U535CCU6, STM32U535CCU6Q, STM32U535CET6, STM32U535CET6Q, STM32U535CEU6, STM32U535CEU6Q, STM32U535JEY6QTR, STM32U535NCY6QTR, STM32U535NEY6QTR, STM32U535RBI6, STM32U535RBI6Q, STM32U535RBT6, STM32U535RBT6Q, STM32U535RCI6, STM32U535RCI6Q, STM32U535RCT6, STM32U535RCT6Q, STM32U535REI6, STM32U535REI6Q, STM32U535RET6, STM32U535RET6Q, STM32U535VCI6, STM32U535VCI6Q, STM32U535VCT6, STM32U535VCT6Q, STM32U535VEI6, STM32U535VEI6Q, STM32U535VET6, STM32U535VET6Q, STM32U545CET6, STM32U545CET6Q, STM32U545CEU6, STM32U545CEU6Q, STM32U545JEY6QTR, STM32U545NEY6QTR, STM32U545REI6, STM32U545REI6Q, STM32U545RET6, STM32U545RET6Q, STM32U545VEI6, STM32U545VEI6Q, STM32U545VET6, STM32U545VET6Q, STM32U595AIH6, STM32U595AIH6Q, STM32U595AJH6, STM32U595AJH6Q, STM32U595QII6, STM32U595QII6Q, STM32U595QJI6, STM32U595QJI6Q, STM32U595RIT6, STM32U595RIT6Q, STM32U595RJT6, STM32U595RJT6Q, STM32U595VIT6, STM32U595VIT6Q, STM32U595VJT6, STM32U595VJT6Q, STM32U595ZIT6, STM32U595ZIT6Q, STM32U595ZIY6QTR, STM32U595ZJT6, STM32U595ZJT6Q, STM32U595ZJY6QTR, STM32U599BJY6QTR, STM32U599NIH6Q, STM32U599NJH6Q, STM32U599VIT6Q, STM32U599VJT6, STM32U599VJT6Q, STM32U599ZIT6Q, STM32U599ZIY6QTR, STM32U599ZJT6Q, STM32U599ZJY6QTR, STM32U5A5AJH6, STM32U5A5AJH6Q, STM32U5A5QJI6, STM32U5A5QJI6Q, STM32U5A5RJT6, STM32U5A5RJT6Q, STM32U5A5VJT6, STM32U5A5VJT6Q, STM32U5A5ZJT6, STM32U5A5ZJT6Q, STM32U5A5ZJY6QTR, STM32U5A9BJY6QTR, STM32U5A9J-DK, STM32U5A9NJH6Q, STM32U5A9VJT6Q, STM32U5A9ZJT6Q, STM32U5A9ZJY6QTR, STM32WB1MMCH6, STM32WBA52CEU6, STM32WBA52CEU6T, STM32WBA52CGU6, STM32WBA52CGU6T, STM32WL5MOCH6, STM32WL5MOCH6TR]
2023-05-21 15:35:44,129 [INFO] DbMcus:216 - Found 3775 MCUs, 3775 are supported
2023-05-21 15:35:44,134 [INFO] ApiDb:423 - Load user favorites file C:\Users\Minh/.stm32cubeide/favorites.mcus.txt: 0 item(s)
2023-05-21 15:35:44,135 [INFO] ApiDb:427 - User favorites MCUs=[]
2023-05-21 15:35:44,136 [INFO] DbMcus:222 - Set 0 / 0 favorites MCUs
2023-05-21 15:35:44,669 [INFO] ApiDb:668 - CubeFinder database Data Model version=2.1
2023-05-21 15:35:44,669 [INFO] ApiDb:669 - CubeFinder database Configuration version=3.0.35
2023-05-21 15:35:44,670 [INFO] ApiDb:670 - CubeFinder database generation date=2023-05-12 (1683877179)
2023-05-21 15:35:44,670 [INFO] ApiDb:671 - CubeFinder database FW Pack versions=[FP-ATR-ASTRA1_V2.0.0, FP-SNS-FLIGHT1_V5.0.0, FP-SNS-MOTENV1_V4.3.0, STM32Cube_FW_C0_V1.0.1, STM32Cube_FW_F0_V1.11.4, STM32Cube_FW_F3_V1.11.4, STM32Cube_FW_F4_V1.27.1, STM32Cube_FW_F7_V1.17.0, STM32Cube_FW_G0_V1.6.1, STM32Cube_FW_G4_V1.5.1, STM32Cube_FW_H5_V0.5.1, STM32Cube_FW_H5_V1.0.0, STM32Cube_FW_H7_V1.11.0, STM32Cube_FW_L0_V1.12.2, STM32Cube_FW_L5_V1.5.0, STM32Cube_FW_U5_V1.2.0, STM32Cube_FW_WBA_V1.0.0, STM32Cube_FW_WBA_V1.0.0RC1, STM32Cube_FW_WBA_V1.0.0RC3, STM32Cube_FW_WB_V1.15.0RC1, STM32Cube_FW_WB_V1.16.0, STM32Cube_FW_WB_V1.16.0RC2, STM32Cube_FW_WL_V1.3.0, X-CUBE-ALGOBUILD_V1.3.0, X-CUBE-ALS_V1.0.1, X-CUBE-AZRTOS-F4_V1.1.0, X-CUBE-AZRTOS-F7_V1.1.0, X-CUBE-AZRTOS-G0_V1.1.0, X-CUBE-AZRTOS-G4_V2.0.0, X-CUBE-AZRTOS-H7_V3.1.0, X-CUBE-AZRTOS-L4_V1.0.0, X-CUBE-AZRTOS-L5_V1.1.0, X-CUBE-AZRTOS-WB_V1.1.0, X-CUBE-AZRTOS-WL_V1.0.0, X-CUBE-BLE1_V6.2.4, X-CUBE-BLE2_V3.3.0, X-CUBE-BLEMGR_V2.0.0, X-CUBE-EEPRMA1_V4.1.0, X-CUBE-FREERTOS_V1.0.1, X-CUBE-GNSS1_V6.0.0, X-CUBE-MEMS1_V9.1.0, X-CUBE-MEMS1_V9.4.0, X-CUBE-MEMS1_V9.6.0, X-CUBE-NFC4_V3.0.0, X-CUBE-NFC7_V1.0.0, X-CUBE-SFXS2LP1_V4.0.0, X-CUBE-SUBG2_V5.0.0]
2023-05-21 15:35:44,776 [INFO] DbBoardsSqlite:226 - include board P-NUCLEO-WB55-NUCLEO as a kit item of type 'Nucleo-64'
2023-05-21 15:35:44,776 [INFO] DbBoardsSqlite:226 - include board P-NUCLEO-WB55-USBDONGLE as a kit item of type 'Nucleo USB Dongle'
2023-05-21 15:35:44,777 [INFO] DbBoardsSqlite:226 - include board STEVAL-IDP005V1 as a kit item of type 'Evaluation Board'
2023-05-21 15:35:44,777 [INFO] DbBoardsSqlite:226 - include board STEVAL-IDP005V2 as a kit item of type 'Evaluation Board'
2023-05-21 15:35:44,871 [INFO] ApiDb:240 - Found 297 in-development CPN: [B-G473E-ZEST1S, B-WB1M-WPAN1, B-WL5M-SUBG1, NUCLEO-C031C6, NUCLEO-H503RB, NUCLEO-H563ZI, NUCLEO-U545RE-Q, NUCLEO-U5A5ZJ-Q, NUCLEO-WBA52CG, STEVAL-PROTEUS1, STEVAL-STWINBX1, STM320518-EVAL, STM32C0116-DK, STM32C011D6Y3TR, STM32C011D6Y6TR, STM32C011F4P3, STM32C011F4P6, STM32C011F4U3, STM32C011F4U6TR, STM32C011F6P3, STM32C011F6P6, STM32C011F6U3, STM32C011F6U6TR, STM32C011J4M3, STM32C011J4M6, STM32C011J6M3, STM32C011J6M6, STM32C0316-DK, STM32C031C4T3, STM32C031C4T6, STM32C031C4U3, STM32C031C4U6, STM32C031C6T3, STM32C031C6T6, STM32C031C6U3, STM32C031C6U6, STM32C031F4P3, STM32C031F4P6, STM32C031F6P3, STM32C031F6P6, STM32C031G4U3, STM32C031G4U6, STM32C031G6U3, STM32C031G6U6, STM32C031K4T3, STM32C031K4T6, STM32C031K4U3, STM32C031K4U6, STM32C031K6T3, STM32C031K6T6, STM32C031K6U3, STM32C031K6U6, STM32G071K8TXN, STM32G071K8UXN, STM32G081GBU6N, STM32G081KBT6N, STM32G081KBUXN, STM32G0B1CCT6N, STM32G0B1KCT6, STM32G0B1NEY6TR, STM32G0B1RCT6N, STM32G0C1CCT6, STM32G0C1CCT6N, STM32G0C1CCU6N, STM32G0C1CET6N, STM32G0C1CEU6N, STM32G0C1KCT6, STM32G0C1NEY6TR, STM32G0C1RCI6N, STM32G0C1RCT6N, STM32G0C1REI6N, STM32G0C1RET6N, STM32G0C1VCI6, STM32G0C1VEI6, STM32G471CCT6, STM32G471CCU6, STM32G471CET3, STM32G471CET6, STM32G471CEU3, STM32G471CEU6, STM32G471MCT6, STM32G471MET3, STM32G471MET6, STM32G471MEY6TR, STM32G471QCT6, STM32G471QET3, STM32G471RCT6, STM32G471RET3, STM32G471RET6, STM32G471VCH6, STM32G471VCI6, STM32G471VCT6, STM32G471VEH3, STM32G471VEH6, STM32G471VEI3, STM32G471VEI6, STM32G471VET3, STM32G471VET6, STM32G474CCT6, STM32H503CBT6, STM32H503CBU6, STM32H503EBY6TR, STM32H503KBU6, STM32H503RBT6, STM32H562AGI6, STM32H562AII6, STM32H562IGK6, STM32H562IGT6, STM32H562IIK6, STM32H562IIT6, STM32H562RGT6, STM32H562RGV6, STM32H562RIT6, STM32H562RIV6, STM32H562VGT6, STM32H562VIT6, STM32H562ZGT6, STM32H562ZIT6, STM32H563AGI6, STM32H563AII3Q, STM32H563AII6, STM32H563IGK6, STM32H563IGT6, STM32H563IIK3Q, STM32H563IIK6, STM32H563IIT3Q, STM32H563IIT6, STM32H563MIY3QTR, STM32H563RGT6, STM32H563RGV6, STM32H563RIT6, STM32H563RIV6, STM32H563VGT6, STM32H563VIT3Q, STM32H563VIT6, STM32H563ZGT6, STM32H563ZIT3Q, STM32H563ZIT6, STM32H573AII3Q, STM32H573AII6, STM32H573I-DK, STM32H573IIK3Q, STM32H573IIK6, STM32H573IIT3Q, STM32H573IIT6, STM32H573MIY3QTR, STM32H573RIT6, STM32H573RIV6, STM32H573VIT3Q, STM32H573VIT6, STM32H573ZIT3Q, STM32H573ZIT6, STM32L4R5QGI6STR, STM32MP131AAE3, STM32MP131AAF3, STM32MP131AAG3, STM32MP131CAE3, STM32MP131CAF3, STM32MP131CAG3, STM32MP131DAE7, STM32MP131DAF7, STM32MP131DAG7, STM32MP131FAE7, STM32MP131FAF7, STM32MP131FAG7, STM32MP133AAE3, STM32MP133AAF3, STM32MP133AAG3, STM32MP133CAE3, STM32MP133CAF3, STM32MP133CAG3, STM32MP133DAE7, STM32MP133DAF7, STM32MP133DAG7, STM32MP133FAE7, STM32MP133FAF7, STM32MP133FAG7, STM32MP135AAE3, STM32MP135AAF3, STM32MP135AAG3, STM32MP135CAE3, STM32MP135CAF3, STM32MP135CAG3, STM32MP135DAE7, STM32MP135DAF7, STM32MP135DAG7, STM32MP135F-DK, STM32MP135FAE7, STM32MP135FAF7, STM32MP135FAF7T, STM32MP135FAF7U, STM32MP135FAG7, STM32U535CBT6, STM32U535CBT6Q, STM32U535CBU6, STM32U535CBU6Q, STM32U535CCT6, STM32U535CCT6Q, STM32U535CCU6, STM32U535CCU6Q, STM32U535CET6, STM32U535CET6Q, STM32U535CEU6, STM32U535CEU6Q, STM32U535JEY6QTR, STM32U535NCY6QTR, STM32U535NEY6QTR, STM32U535RBI6, STM32U535RBI6Q, STM32U535RBT6, STM32U535RBT6Q, STM32U535RCI6, STM32U535RCI6Q, STM32U535RCT6, STM32U535RCT6Q, STM32U535REI6, STM32U535REI6Q, STM32U535RET6, STM32U535RET6Q, STM32U535VCI6, STM32U535VCI6Q, STM32U535VCT6, STM32U535VCT6Q, STM32U535VEI6, STM32U535VEI6Q, STM32U535VET6, STM32U535VET6Q, STM32U545CET6, STM32U545CET6Q, STM32U545CEU6, STM32U545CEU6Q, STM32U545JEY6QTR, STM32U545NEY6QTR, STM32U545REI6, STM32U545REI6Q, STM32U545RET6, STM32U545RET6Q, STM32U545VEI6, STM32U545VEI6Q, STM32U545VET6, STM32U545VET6Q, STM32U595AIH6, STM32U595AIH6Q, STM32U595AJH6, STM32U595AJH6Q, STM32U595QII6, STM32U595QII6Q, STM32U595QJI6, STM32U595QJI6Q, STM32U595RIT6, STM32U595RIT6Q, STM32U595RJT6, STM32U595RJT6Q, STM32U595VIT6, STM32U595VIT6Q, STM32U595VJT6, STM32U595VJT6Q, STM32U595ZIT6, STM32U595ZIT6Q, STM32U595ZIY6QTR, STM32U595ZJT6, STM32U595ZJT6Q, STM32U595ZJY6QTR, STM32U599BJY6QTR, STM32U599NIH6Q, STM32U599NJH6Q, STM32U599VIT6Q, STM32U599VJT6, STM32U599VJT6Q, STM32U599ZIT6Q, STM32U599ZIY6QTR, STM32U599ZJT6Q, STM32U599ZJY6QTR, STM32U5A5AJH6, STM32U5A5AJH6Q, STM32U5A5QJI6, STM32U5A5QJI6Q, STM32U5A5RJT6, STM32U5A5RJT6Q, STM32U5A5VJT6, STM32U5A5VJT6Q, STM32U5A5ZJT6, STM32U5A5ZJT6Q, STM32U5A5ZJY6QTR, STM32U5A9BJY6QTR, STM32U5A9J-DK, STM32U5A9NJH6Q, STM32U5A9VJT6Q, STM32U5A9ZJT6Q, STM32U5A9ZJY6QTR, STM32WB1MMCH6, STM32WBA52CEU6, STM32WBA52CEU6T, STM32WBA52CGU6, STM32WBA52CGU6T, STM32WL5MOCH6, STM32WL5MOCH6TR]
2023-05-21 15:35:45,162 [INFO] BoardInfo:880 - No configuration file found for board P-NUCLEO-WB55
2023-05-21 15:35:45,163 [INFO] DbBoards:157 - Kit is not supported: P-NUCLEO-WB55
2023-05-21 15:35:45,182 [INFO] BoardInfo:880 - No configuration file found for board STEVAL-BFA001V1B
2023-05-21 15:35:45,182 [INFO] DbBoards:157 - Kit is not supported: STEVAL-BFA001V1B
2023-05-21 15:35:45,186 [INFO] BoardInfo:880 - No configuration file found for board STEVAL-BFA001V2B
2023-05-21 15:35:45,187 [INFO] DbBoards:157 - Kit is not supported: STEVAL-BFA001V2B
2023-05-21 15:35:45,526 [INFO] DbBoards:161 - Found 187 boards, 184 are supported
2023-05-21 15:35:45,534 [INFO] ApiDb:423 - Load user favorites file C:\Users\Minh/.stm32cubeide/favorites.boards.txt: 1 item(s)
2023-05-21 15:35:45,535 [INFO] ApiDb:427 - User favorites Boards=[STM32F407G-DISC1]
2023-05-21 15:35:45,535 [INFO] DbBoards:190 - Set 1 / 1 favorites Boards
2023-05-21 15:35:45,542 [INFO] ApiDb:668 - CubeFinder database Data Model version=2.1
2023-05-21 15:35:45,542 [INFO] ApiDb:669 - CubeFinder database Configuration version=3.0.35
2023-05-21 15:35:45,543 [INFO] ApiDb:670 - CubeFinder database generation date=2023-05-12 (1683877179)
2023-05-21 15:35:45,543 [INFO] ApiDb:671 - CubeFinder database FW Pack versions=[FP-ATR-ASTRA1_V2.0.0, FP-SNS-FLIGHT1_V5.0.0, FP-SNS-MOTENV1_V4.3.0, STM32Cube_FW_C0_V1.0.1, STM32Cube_FW_F0_V1.11.4, STM32Cube_FW_F3_V1.11.4, STM32Cube_FW_F4_V1.27.1, STM32Cube_FW_F7_V1.17.0, STM32Cube_FW_G0_V1.6.1, STM32Cube_FW_G4_V1.5.1, STM32Cube_FW_H5_V0.5.1, STM32Cube_FW_H5_V1.0.0, STM32Cube_FW_H7_V1.11.0, STM32Cube_FW_L0_V1.12.2, STM32Cube_FW_L5_V1.5.0, STM32Cube_FW_U5_V1.2.0, STM32Cube_FW_WBA_V1.0.0, STM32Cube_FW_WBA_V1.0.0RC1, STM32Cube_FW_WBA_V1.0.0RC3, STM32Cube_FW_WB_V1.15.0RC1, STM32Cube_FW_WB_V1.16.0, STM32Cube_FW_WB_V1.16.0RC2, STM32Cube_FW_WL_V1.3.0, X-CUBE-ALGOBUILD_V1.3.0, X-CUBE-ALS_V1.0.1, X-CUBE-AZRTOS-F4_V1.1.0, X-CUBE-AZRTOS-F7_V1.1.0, X-CUBE-AZRTOS-G0_V1.1.0, X-CUBE-AZRTOS-G4_V2.0.0, X-CUBE-AZRTOS-H7_V3.1.0, X-CUBE-AZRTOS-L4_V1.0.0, X-CUBE-AZRTOS-L5_V1.1.0, X-CUBE-AZRTOS-WB_V1.1.0, X-CUBE-AZRTOS-WL_V1.0.0, X-CUBE-BLE1_V6.2.4, X-CUBE-BLE2_V3.3.0, X-CUBE-BLEMGR_V2.0.0, X-CUBE-EEPRMA1_V4.1.0, X-CUBE-FREERTOS_V1.0.1, X-CUBE-GNSS1_V6.0.0, X-CUBE-MEMS1_V9.1.0, X-CUBE-MEMS1_V9.4.0, X-CUBE-MEMS1_V9.6.0, X-CUBE-NFC4_V3.0.0, X-CUBE-NFC7_V1.0.0, X-CUBE-SFXS2LP1_V4.0.0, X-CUBE-SUBG2_V5.0.0]
2023-05-21 15:35:47,731 [INFO] DbExamplesSqlite:376 - Ignored 45 examples not supported by CubeIDE
2023-05-21 15:35:47,732 [INFO] DbExamplesSqlite:377 - Found 7342 examples active
2023-05-21 15:35:47,733 [INFO] DbExamplesSqlite:378 - Found 1107 examples obsolete
2023-05-21 15:35:47,733 [INFO] DbExamplesSqlite:379 - Found 0 examples under development
2023-05-21 15:35:47,734 [INFO] DbExamplesSqlite:380 - Found 77 examples not building
2023-05-21 15:35:47,738 [INFO] DbExamples:125 - Found 7374 examples
2023-05-21 15:35:47,769 [INFO] DbExamples:222 - Found 92 boards with related examples
2023-05-21 15:35:47,773 [INFO] DbExamples:235 - Found 78 MCUs with related examples
2023-05-21 15:35:47,817 [INFO] ApiDb:423 - Load user favorites file C:\Users\Minh/.stm32cubeide/favorites.examples.txt: 0 item(s)
2023-05-21 15:35:47,818 [INFO] ApiDb:427 - User favorites Examples=[]
2023-05-21 15:35:47,818 [INFO] DbExamples:250 - Set 0 / 0 favorites Examples
2023-05-21 15:35:48,509 [INFO] McuFinderGlobals:66 - Set McuFinderConnectedMode to true
2023-05-21 15:35:48,527 [INFO] MultiScanPanel:200 - Auto-refresh data requested => check proxy status ongoing
2023-05-21 15:35:48,536 [INFO] FinderPluginLoader:95 - Searching for filters in installed packs
2023-05-21 15:35:52,027 [INFO] LoadUrlFilesThread:185 - End of LoadServerUrlFiles without Thread
2023-05-21 15:35:52,048 [INFO] DetailPanel:341 - Set advertising image to C:/Users/Minh/STM32Cube/Repository/\en.prom-stm32h5-mcu-finder.jpg
2023-05-21 15:35:53,690 [INFO] ToolPreferences:110 - Table McuList, key=mcufinder_cubeide.mculist: column name not found=IO
2023-05-21 15:35:53,691 [INFO] ToolPreferences:110 - Table McuList, key=mcufinder_cubeide.mculist: column name not found=Freq.
2023-05-21 15:38:14,725 [INFO] MultiScanPanel:200 - Auto-refresh data requested => check proxy status ongoing
2023-05-21 15:38:14,958 [INFO] LoadUrlFilesThread:185 - End of LoadServerUrlFiles without Thread
2023-05-21 15:38:14,958 [INFO] DetailPanel:341 - Set advertising image to C:/Users/Minh/STM32Cube/Repository/\en.prom-stm32h5-mcu-finder.jpg
2023-05-21 15:38:14,979 [INFO] DbBoards:634 - Loading board mini-images...
2023-05-21 15:38:18,881 [INFO] DbBoards:657 - Loaded 187 board mini-images
2023-05-21 15:39:55,182 [INFO] McuFinderGlobals:66 - Set McuFinderConnectedMode to true
2023-05-21 15:39:55,193 [INFO] ApiDb:448 - Save user favorites file C:\Users\Minh/.stm32cubeide/favorites.mcus.txt: 0 item(s)
2023-05-21 15:39:55,194 [INFO] ApiDb:452 - User favorites MCUs=[]
2023-05-21 15:39:55,196 [INFO] ApiDb:448 - Save user favorites file C:\Users\Minh/.stm32cubeide/favorites.boards.txt: 1 item(s)
2023-05-21 15:39:55,196 [INFO] ApiDb:452 - User favorites Boards=[STM32F407G-DISC1]
